4	TC	0	3	CGC1	3300007500.a:Ga0104983_100171	6076	7083	3300007500.a:Ga0104983_100171_5	-	DB=gnl|TC-DB|Q9X050|3.A.1.2.19;ID=3300007500.a:Ga0104983_100171_5	DB=gnl|TC-DB|Q9X050|3.A.1.2.19;ID=3300007500.a:Ga0104983_100171_5
5	TC	0	0	CGC1	3300007500.a:Ga0104983_100171	7120	8634	3300007500.a:Ga0104983_100171_6	-	DB=gnl|TC-DB|P0AAG8|3.A.1.2.3;ID=3300007500.a:Ga0104983_100171_6	DB=gnl|TC-DB|P0AAG8|3.A.1.2.3;ID=3300007500.a:Ga0104983_100171_6
6	TC	0	0	CGC1	3300007500.a:Ga0104983_100171	8694	9662	3300007500.a:Ga0104983_100171_7	-	DB=gnl|TC-DB|P0AEE5|3.A.1.2.3;ID=3300007500.a:Ga0104983_100171_7	DB=gnl|TC-DB|P0AEE5|3.A.1.2.3;ID=3300007500.a:Ga0104983_100171_7
7	TF	1	0	CGC1	3300007500.a:Ga0104983_100171	10207	10998	3300007500.a:Ga0104983_100171_8	-	DB=DBD-Pfam|HTH_DeoR,DBD-SUPERFAMILY|0043758;ID=3300007500.a:Ga0104983_100171_8	DB=DBD-Pfam|HTH_DeoR,DBD-SUPERFAMILY|0043758;ID=3300007500.a:Ga0104983_100171_8
8	null	null	null	CGC1	3300007500.a:Ga0104983_100171	11011	11820	3300007500.a:Ga0104983_100171_9	-	;ID=3300007500.a:Ga0104983_100171_9
9	STP	1	1	CGC1	3300007500.a:Ga0104983_100171	11820	12836	3300007500.a:Ga0104983_100171_10	-	DB=STP|PfkB;ID=3300007500.a:Ga0104983_100171_10	DB=STP|PfkB;ID=3300007500.a:Ga0104983_100171_10
10	null	null	null	CGC1	3300007500.a:Ga0104983_100171	12836	13678	3300007500.a:Ga0104983_100171_11	-	;ID=3300007500.a:Ga0104983_100171_11
11	CAZyme	6	1	CGC1	3300007500.a:Ga0104983_100171	13694	14704	3300007500.a:Ga0104983_100171_12	-	DB=GH109;ID=3300007500.a:Ga0104983_100171_12	DB=GH109;ID=3300007500.a:Ga0104983_100171_12
+++++
0	STP	0	null	CGC1	3300007500.a:Ga0104983_102432	3	794	3300007500.a:Ga0104983_102432_1	-	DB=STP|PfkB;ID=3300007500.a:Ga0104983_102432_1	DB=STP|PfkB;ID=3300007500.a:Ga0104983_102432_1
1	CAZyme	0	0	CGC1	3300007500.a:Ga0104983_102432	947	2428	3300007500.a:Ga0104983_102432_2	-	DB=GH32| GH32;ID=3300007500.a:Ga0104983_102432_2	DB=GH32| GH32;ID=3300007500.a:Ga0104983_102432_2
2	TC	0	0	CGC1	3300007500.a:Ga0104983_102432	2558	3562	3300007500.a:Ga0104983_102432_3	-	DB=gnl|TC-DB|A8H4W6|3.A.1.2.15;ID=3300007500.a:Ga0104983_102432_3	DB=gnl|TC-DB|A8H4W6|3.A.1.2.15;ID=3300007500.a:Ga0104983_102432_3
3	TC	0	0	CGC1	3300007500.a:Ga0104983_102432	3565	5058	3300007500.a:Ga0104983_102432_4	-	DB=gnl|TC-DB|G4FGN3|3.A.1.2.20;ID=3300007500.a:Ga0104983_102432_4	DB=gnl|TC-DB|G4FGN3|3.A.1.2.20;ID=3300007500.a:Ga0104983_102432_4
4	STP	0	0	CGC1	3300007500.a:Ga0104983_102432	5129	6076	3300007500.a:Ga0104983_102432_5	-	DB=STP|Peripla_BP_1;ID=3300007500.a:Ga0104983_102432_5	DB=STP|Peripla_BP_1;ID=3300007500.a:Ga0104983_102432_5
5	TF	null	0	CGC1	3300007500.a:Ga0104983_102432	6379	8403	3300007500.a:Ga0104983_102432_6	+	DB=DBD-Pfam|LacI,DBD-SUPERFAMILY|0036955;ID=3300007500.a:Ga0104983_102432_6	DB=DBD-Pfam|LacI,DBD-SUPERFAMILY|0036955;ID=3300007500.a:Ga0104983_102432_6
+++++
18	CAZyme	2	7	CGC1	3300007500.a:Ga0104983_100389	16559	18193	3300007500.a:Ga0104983_100389_19	+	DB=GT5| GT5;ID=3300007500.a:Ga0104983_100389_19	DB=GT5| GT5;ID=3300007500.a:Ga0104983_100389_19
19	null	null	null	CGC1	3300007500.a:Ga0104983_100389	18266	18622	3300007500.a:Ga0104983_100389_20	+	;ID=3300007500.a:Ga0104983_100389_20
20	null	null	null	CGC1	3300007500.a:Ga0104983_100389	18695	19624	3300007500.a:Ga0104983_100389_21	+	;ID=3300007500.a:Ga0104983_100389_21
21	TC	0	2	CGC1	3300007500.a:Ga0104983_100389	19989	21500	3300007500.a:Ga0104983_100389_22	-	DB=gnl|TC-DB|Q8XME6|2.A.114.1.4;ID=3300007500.a:Ga0104983_100389_22	DB=gnl|TC-DB|Q8XME6|2.A.114.1.4;ID=3300007500.a:Ga0104983_100389_22
22	TF	0	0	CGC1	3300007500.a:Ga0104983_100389	21700	23619	3300007500.a:Ga0104983_100389_23	-	DB=DBD-Pfam|LacI,DBD-SUPERFAMILY|0044558;ID=3300007500.a:Ga0104983_100389_23	DB=DBD-Pfam|LacI,DBD-SUPERFAMILY|0044558;ID=3300007500.a:Ga0104983_100389_23
23	STP	1	0	CGC1	3300007500.a:Ga0104983_100389	23606	24514	3300007500.a:Ga0104983_100389_24	-	DB=STP|PfkB;ID=3300007500.a:Ga0104983_100389_24	DB=STP|PfkB;ID=3300007500.a:Ga0104983_100389_24
24	null	null	null	CGC1	3300007500.a:Ga0104983_100389	24534	25469	3300007500.a:Ga0104983_100389_25	-	;ID=3300007500.a:Ga0104983_100389_25
25	TC	0	1	CGC1	3300007500.a:Ga0104983_100389	25481	26404	3300007500.a:Ga0104983_100389_26	-	DB=gnl|TC-DB|Q9WXW0|3.A.1.2.18;ID=3300007500.a:Ga0104983_100389_26	DB=gnl|TC-DB|Q9WXW0|3.A.1.2.18;ID=3300007500.a:Ga0104983_100389_26
26	TC	0	0	CGC1	3300007500.a:Ga0104983_100389	26397	27473	3300007500.a:Ga0104983_100389_27	-	DB=gnl|TC-DB|O83342|3.A.1.2.10;ID=3300007500.a:Ga0104983_100389_27	DB=gnl|TC-DB|O83342|3.A.1.2.10;ID=3300007500.a:Ga0104983_100389_27
27	TC	0	0	CGC1	3300007500.a:Ga0104983_100389	27470	29035	3300007500.a:Ga0104983_100389_28	-	DB=gnl|TC-DB|Q8DU37|3.A.1.2.12;ID=3300007500.a:Ga0104983_100389_28	DB=gnl|TC-DB|Q8DU37|3.A.1.2.12;ID=3300007500.a:Ga0104983_100389_28
28	TC	null	0	CGC1	3300007500.a:Ga0104983_100389	29135	30214	3300007500.a:Ga0104983_100389_29	-	DB=gnl|TC-DB|Q8DU36|3.A.1.2.12;ID=3300007500.a:Ga0104983_100389_29	DB=gnl|TC-DB|Q8DU36|3.A.1.2.12;ID=3300007500.a:Ga0104983_100389_29
+++++
0	TC	0	null	CGC1	3300007500.a:Ga0104983_100137	133	1353	3300007500.a:Ga0104983_100137_1	+	DB=gnl|TC-DB|O51923|3.A.1.1.7;ID=3300007500.a:Ga0104983_100137_1	DB=gnl|TC-DB|O51923|3.A.1.1.7;ID=3300007500.a:Ga0104983_100137_1
1	TC	0	0	CGC1	3300007500.a:Ga0104983_100137	1631	2542	3300007500.a:Ga0104983_100137_2	+	DB=gnl|TC-DB|Q7WWQ9|3.A.1.1.20;ID=3300007500.a:Ga0104983_100137_2	DB=gnl|TC-DB|Q7WWQ9|3.A.1.1.20;ID=3300007500.a:Ga0104983_100137_2
2	TC	0	0	CGC1	3300007500.a:Ga0104983_100137	2520	3341	3300007500.a:Ga0104983_100137_3	+	DB=gnl|TC-DB|Q93J92|3.A.1.1.36;ID=3300007500.a:Ga0104983_100137_3	DB=gnl|TC-DB|Q93J92|3.A.1.1.36;ID=3300007500.a:Ga0104983_100137_3
3	CAZyme	0	0	CGC1	3300007500.a:Ga0104983_100137	3338	5035	3300007500.a:Ga0104983_100137_4	+	DB= GH63|GH63;ID=3300007500.a:Ga0104983_100137_4	DB= GH63|GH63;ID=3300007500.a:Ga0104983_100137_4
4	CAZyme	0	0	CGC1	3300007500.a:Ga0104983_100137	5289	8378	3300007500.a:Ga0104983_100137_5	+	DB= GH2|GH2;ID=3300007500.a:Ga0104983_100137_5	DB= GH2|GH2;ID=3300007500.a:Ga0104983_100137_5
5	TC	0	0	CGC1	3300007500.a:Ga0104983_100137	8375	9250	3300007500.a:Ga0104983_100137_6	+	DB=gnl|TC-DB|P29823|3.A.1.1.4;ID=3300007500.a:Ga0104983_100137_6	DB=gnl|TC-DB|P29823|3.A.1.1.4;ID=3300007500.a:Ga0104983_100137_6
6	TC	0	0	CGC1	3300007500.a:Ga0104983_100137	9247	10074	3300007500.a:Ga0104983_100137_7	+	DB=gnl|TC-DB|P94530|3.A.1.1.34;ID=3300007500.a:Ga0104983_100137_7	DB=gnl|TC-DB|P94530|3.A.1.1.34;ID=3300007500.a:Ga0104983_100137_7
7	STP	0	0	CGC1	3300007500.a:Ga0104983_100137	10116	11405	3300007500.a:Ga0104983_100137_8	+	DB=STP|SBP_bac_1;ID=3300007500.a:Ga0104983_100137_8	DB=STP|SBP_bac_1;ID=3300007500.a:Ga0104983_100137_8
8	TC	0	0	CGC1	3300007500.a:Ga0104983_100137	11476	12357	3300007500.a:Ga0104983_100137_9	+	DB=gnl|TC-DB|K7QW88|2.A.7.3.52;ID=3300007500.a:Ga0104983_100137_9	DB=gnl|TC-DB|K7QW88|2.A.7.3.52;ID=3300007500.a:Ga0104983_100137_9
9	TF	0	0	CGC1	3300007500.a:Ga0104983_100137	12357	12632	3300007500.a:Ga0104983_100137_10	+	DB=DBD-Pfam|LacI,DBD-SUPERFAMILY|0044558;ID=3300007500.a:Ga0104983_100137_10	DB=DBD-Pfam|LacI,DBD-SUPERFAMILY|0044558;ID=3300007500.a:Ga0104983_100137_10
10	STP	1	0	CGC1	3300007500.a:Ga0104983_100137	12646	13359	3300007500.a:Ga0104983_100137_11	+	DB=STP|Peripla_BP_3;ID=3300007500.a:Ga0104983_100137_11	DB=STP|Peripla_BP_3;ID=3300007500.a:Ga0104983_100137_11
11	null	null	null	CGC1	3300007500.a:Ga0104983_100137	13409	15337	3300007500.a:Ga0104983_100137_12	+	;ID=3300007500.a:Ga0104983_100137_12
12	TC	0	1	CGC1	3300007500.a:Ga0104983_100137	15401	17128	3300007500.a:Ga0104983_100137_13	+	DB=gnl|TC-DB|Q89SS6|2.A.1.42.2;ID=3300007500.a:Ga0104983_100137_13	DB=gnl|TC-DB|Q89SS6|2.A.1.42.2;ID=3300007500.a:Ga0104983_100137_13
13	TC	0	0	CGC1	3300007500.a:Ga0104983_100137	17346	18788	3300007500.a:Ga0104983_100137_14	-	DB=gnl|TC-DB|Q6T3V7|2.A.38.1.3;ID=3300007500.a:Ga0104983_100137_14	DB=gnl|TC-DB|Q6T3V7|2.A.38.1.3;ID=3300007500.a:Ga0104983_100137_14
14	TC	3	0	CGC1	3300007500.a:Ga0104983_100137	18785	20188	3300007500.a:Ga0104983_100137_15	-	DB=gnl|TC-DB|P0AGI8|2.A.38.1.1;ID=3300007500.a:Ga0104983_100137_15	DB=gnl|TC-DB|P0AGI8|2.A.38.1.1;ID=3300007500.a:Ga0104983_100137_15
+++++
27	TC	0	8	CGC2	3300007500.a:Ga0104983_100137	40014	41249	3300007500.a:Ga0104983_100137_28	+	DB=gnl|TC-DB|Q73NP1|2.A.23.3.4;ID=3300007500.a:Ga0104983_100137_28	DB=gnl|TC-DB|Q73NP1|2.A.23.3.4;ID=3300007500.a:Ga0104983_100137_28
28	STP	0	0	CGC2	3300007500.a:Ga0104983_100137	41277	42644	3300007500.a:Ga0104983_100137_29	+	DB=STP|HD;ID=3300007500.a:Ga0104983_100137_29	DB=STP|HD;ID=3300007500.a:Ga0104983_100137_29
29	STP	0	0	CGC2	3300007500.a:Ga0104983_100137	42820	43434	3300007500.a:Ga0104983_100137_30	+	DB=STP|TetR_N;ID=3300007500.a:Ga0104983_100137_30	DB=STP|TetR_N;ID=3300007500.a:Ga0104983_100137_30
30	TF	2	0	CGC2	3300007500.a:Ga0104983_100137	43577	43807	3300007500.a:Ga0104983_100137_31	+	DB=DBD-Pfam|SpoVT_AbrB;ID=3300007500.a:Ga0104983_100137_31	DB=DBD-Pfam|SpoVT_AbrB;ID=3300007500.a:Ga0104983_100137_31
31	null	null	null	CGC2	3300007500.a:Ga0104983_100137	43807	44208	3300007500.a:Ga0104983_100137_32	+	;ID=3300007500.a:Ga0104983_100137_32
32	null	null	null	CGC2	3300007500.a:Ga0104983_100137	44280	44726	3300007500.a:Ga0104983_100137_33	+	;ID=3300007500.a:Ga0104983_100137_33
33	TC	0	2	CGC2	3300007500.a:Ga0104983_100137	44834	46612	3300007500.a:Ga0104983_100137_34	+	DB=gnl|TC-DB|Q9R7V3|3.A.1.21.1;ID=3300007500.a:Ga0104983_100137_34	DB=gnl|TC-DB|Q9R7V3|3.A.1.21.1;ID=3300007500.a:Ga0104983_100137_34
34	TC	1	0	CGC2	3300007500.a:Ga0104983_100137	46609	48375	3300007500.a:Ga0104983_100137_35	+	DB=gnl|TC-DB|Q9Z375|3.A.1.21.1;ID=3300007500.a:Ga0104983_100137_35	DB=gnl|TC-DB|Q9Z375|3.A.1.21.1;ID=3300007500.a:Ga0104983_100137_35
35	null	null	null	CGC2	3300007500.a:Ga0104983_100137	48672	49607	3300007500.a:Ga0104983_100137_36	-	;ID=3300007500.a:Ga0104983_100137_36
36	TC	2	1	CGC2	3300007500.a:Ga0104983_100137	49730	51028	3300007500.a:Ga0104983_100137_37	-	DB=gnl|TC-DB|P31466|2.A.40.7.6;ID=3300007500.a:Ga0104983_100137_37	DB=gnl|TC-DB|P31466|2.A.40.7.6;ID=3300007500.a:Ga0104983_100137_37
37	null	null	null	CGC2	3300007500.a:Ga0104983_100137	51420	52376	3300007500.a:Ga0104983_100137_38	+	;ID=3300007500.a:Ga0104983_100137_38
38	null	null	null	CGC2	3300007500.a:Ga0104983_100137	52378	53004	3300007500.a:Ga0104983_100137_39	-	;ID=3300007500.a:Ga0104983_100137_39
39	TC	1	2	CGC2	3300007500.a:Ga0104983_100137	53029	54378	3300007500.a:Ga0104983_100137_40	-	DB=gnl|TC-DB|Q5SMG8|1.A.26.1.2;ID=3300007500.a:Ga0104983_100137_40	DB=gnl|TC-DB|Q5SMG8|1.A.26.1.2;ID=3300007500.a:Ga0104983_100137_40
40	null	null	null	CGC2	3300007500.a:Ga0104983_100137	54911	55753	3300007500.a:Ga0104983_100137_41	-	;ID=3300007500.a:Ga0104983_100137_41
41	CAZyme	0	1	CGC2	3300007500.a:Ga0104983_100137	55865	57130	3300007500.a:Ga0104983_100137_42	+	DB=GH171| GH171;ID=3300007500.a:Ga0104983_100137_42	DB=GH171| GH171;ID=3300007500.a:Ga0104983_100137_42
42	TC	3	0	CGC2	3300007500.a:Ga0104983_100137	57340	58824	3300007500.a:Ga0104983_100137_43	+	DB=gnl|TC-DB|Q73PR3|1.B.48.6.1;ID=3300007500.a:Ga0104983_100137_43	DB=gnl|TC-DB|Q73PR3|1.B.48.6.1;ID=3300007500.a:Ga0104983_100137_43
+++++
122	STP	1	5	CGC1	3300007500.a:Ga0104983_100063	107889	109058	3300007500.a:Ga0104983_100063_123	+	DB=STP|FIST;ID=3300007500.a:Ga0104983_100063_123	DB=STP|FIST;ID=3300007500.a:Ga0104983_100063_123
123	null	null	null	CGC1	3300007500.a:Ga0104983_100063	109080	110516	3300007500.a:Ga0104983_100063_124	+	;ID=3300007500.a:Ga0104983_100063_124
124	TF	2	1	CGC1	3300007500.a:Ga0104983_100063	110593	111357	3300007500.a:Ga0104983_100063_125	-	DB=DBD-Pfam|TrmB,DBD-SUPERFAMILY|0040266;ID=3300007500.a:Ga0104983_100063_125	DB=DBD-Pfam|TrmB,DBD-SUPERFAMILY|0040266;ID=3300007500.a:Ga0104983_100063_125
125	null	null	null	CGC1	3300007500.a:Ga0104983_100063	111399	112139	3300007500.a:Ga0104983_100063_126	-	;ID=3300007500.a:Ga0104983_100063_126
126	null	null	null	CGC1	3300007500.a:Ga0104983_100063	112139	113110	3300007500.a:Ga0104983_100063_127	-	;ID=3300007500.a:Ga0104983_100063_127
127	CAZyme	0	2	CGC1	3300007500.a:Ga0104983_100063	113273	114400	3300007500.a:Ga0104983_100063_128	-	DB=GT4| GT4;ID=3300007500.a:Ga0104983_100063_128	DB=GT4| GT4;ID=3300007500.a:Ga0104983_100063_128
128	TC	null	0	CGC1	3300007500.a:Ga0104983_100063	114479	115672	3300007500.a:Ga0104983_100063_129	+	DB=gnl|TC-DB|P38919|3.A.18.1.1;ID=3300007500.a:Ga0104983_100063_129	DB=gnl|TC-DB|P38919|3.A.18.1.1;ID=3300007500.a:Ga0104983_100063_129
+++++
