HxlR	91	3300014609.a:Ga0121318_100003_10	119	1.4e-36	1	88	16	103	0.9560439560439561
HTH_3	55	3300014609.a:Ga0121318_100003_100	240	9.4e-16	1	54	7	60	0.9636363636363636
CYTH	179	3300014609.a:Ga0121318_100003_102	193	4.4e-30	2	177	5	185	0.9776536312849162
CBS	57	3300014609.a:Ga0121318_100003_106	454	5.5e-10	1	52	138	194	0.8947368421052632
CBS	57	3300014609.a:Ga0121318_100003_106	454	1e-09	2	56	203	257	0.9473684210526315
HTH_3	55	3300014609.a:Ga0121318_100003_119	181	6.1e-18	1	54	7	60	0.9636363636363636
AAA	132	3300014609.a:Ga0121318_100003_120	362	5.5e-05	3	66	36	161	0.4772727272727273
SBP_bac_1	315	3300014609.a:Ga0121318_100003_123	358	6.1e-20	10	314	46	291	0.9650793650793651
Diacid_rec	134	3300014609.a:Ga0121318_100003_127	338	5.9e-43	1	134	4	133	0.9925373134328358
GntR	64	3300014609.a:Ga0121318_100003_132	211	3.2e-13	1	64	12	75	0.984375
TrkA_C	70	3300014609.a:Ga0121318_100003_132	211	1.8e-10	4	69	140	208	0.9285714285714286
HTH_DeoR	57	3300014609.a:Ga0121318_100003_134	217	3.5e-06	13	49	30	64	0.631578947368421
Peptidase_M23	96	3300014609.a:Ga0121318_100003_137	95	7.8e-05	12	64	35	91	0.5416666666666666
Trans_reg_C	77	3300014609.a:Ga0121318_100003_139	240	1.1e-19	1	77	161	237	0.987012987012987
EPSP_synthase	417	3300014609.a:Ga0121318_100003_161	434	4.1e-108	4	417	10	409	0.9904076738609112
PTS_EIIC	324	3300014609.a:Ga0121318_100003_167	627	1.3e-29	2	324	108	386	0.9938271604938271
TetR_N	47	3300014609.a:Ga0121318_100003_170	226	1.8e-12	1	44	17	60	0.9148936170212766
Glyoxalase	128	3300014609.a:Ga0121318_100003_173	282	3.8e-08	3	128	19	132	0.9765625
Pyr_redox_2	292	3300014609.a:Ga0121318_100003_182	1002	2.8e-30	2	292	542	828	0.9931506849315068
PALP	294	3300014609.a:Ga0121318_100003_184	398	5.8e-53	3	291	38	380	0.9795918367346939
HTH_1	60	3300014609.a:Ga0121318_100003_190	120	3.1e-11	5	59	23	82	0.9
Aminotran_1_2	363	3300014609.a:Ga0121318_100003_194	383	6.6e-12	47	357	50	371	0.8539944903581267
Pyr_redox_2	292	3300014609.a:Ga0121318_100003_202	473	2.4e-32	2	291	144	449	0.9897260273972602
Fer4	24	3300014609.a:Ga0121318_100003_203	1178	1.1e-07	2	24	685	707	0.9166666666666666
Fer4	24	3300014609.a:Ga0121318_100003_203	1178	5.5e-08	2	20	739	757	0.75
Pyr_redox_2	292	3300014609.a:Ga0121318_100003_205	506	3.8e-07	1	106	60	246	0.3595890410958904
AAA	132	3300014609.a:Ga0121318_100003_21	317	5.4e-06	38	126	87	163	0.6666666666666666
Pribosyltran	159	3300014609.a:Ga0121318_100003_211	210	9.9e-13	24	131	65	168	0.6729559748427673
HTH_3	55	3300014609.a:Ga0121318_100003_216	184	5.6e-18	1	55	11	65	0.9818181818181818
Mga	87	3300014609.a:Ga0121318_100003_221	479	5.6e-22	4	87	82	164	0.9540229885057471
Pyr_redox_2	292	3300014609.a:Ga0121318_100003_236	380	7.5e-06	2	177	9	45	0.5993150684931506
AAA	132	3300014609.a:Ga0121318_100003_25	221	1.2e-06	3	118	35	201	0.8712121212121212
HD	122	3300014609.a:Ga0121318_100003_253	167	2.5e-08	1	119	38	139	0.9672131147540983
HTH_3	55	3300014609.a:Ga0121318_100003_254	108	7.9e-12	1	55	6	61	0.9818181818181818
SIS	131	3300014609.a:Ga0121318_100003_283	297	2.4e-08	51	128	129	208	0.5877862595419847
PTS_EIIC	324	3300014609.a:Ga0121318_100003_284	485	8.2e-34	1	324	138	419	0.9969135802469136
HTH_6	77	3300014609.a:Ga0121318_100003_285	283	3e-24	2	74	4	76	0.935064935064935
SIS	131	3300014609.a:Ga0121318_100003_285	283	4.5e-23	2	130	127	256	0.9770992366412213
PadR	75	3300014609.a:Ga0121318_100003_291	111	3.3e-21	1	75	15	89	0.9866666666666667
GntR	64	3300014609.a:Ga0121318_100003_293	484	2.5e-19	2	64	13	75	0.96875
Aminotran_1_2	363	3300014609.a:Ga0121318_100003_293	484	1.1e-37	48	362	159	465	0.8650137741046832
HTH_5	47	3300014609.a:Ga0121318_100003_296	96	3.2e-18	1	46	19	64	0.9574468085106383
ACT	67	3300014609.a:Ga0121318_100003_297	431	2.8e-05	1	59	351	409	0.8656716417910447
PALP	294	3300014609.a:Ga0121318_100003_298	352	2.1e-78	1	294	22	315	0.9965986394557823
FUR	120	3300014609.a:Ga0121318_100003_301	145	2.4e-28	2	118	18	133	0.9666666666666667
HD	122	3300014609.a:Ga0121318_100003_305	733	2.1e-20	1	121	510	652	0.9836065573770492
Aminotran_1_2	363	3300014609.a:Ga0121318_100003_323	412	6.7e-11	47	244	69	246	0.5426997245179064
HATPase_c	111	3300014609.a:Ga0121318_100003_333	654	1.9e-09	5	109	554	646	0.9369369369369369
Response_reg	112	3300014609.a:Ga0121318_100003_334	198	1.8e-19	1	110	3	111	0.9732142857142857
GerE	57	3300014609.a:Ga0121318_100003_334	198	1.2e-19	1	55	130	184	0.9473684210526315
Aminotran_1_2	363	3300014609.a:Ga0121318_100003_345	400	2.9e-74	2	362	31	385	0.9917355371900827
Pribosyltran	159	3300014609.a:Ga0121318_100003_352	194	1.7e-11	21	126	44	156	0.660377358490566
AAA	132	3300014609.a:Ga0121318_100003_357	869	7.7e-17	2	128	205	339	0.9545454545454546
AAA	132	3300014609.a:Ga0121318_100003_357	869	6.1e-12	2	111	605	723	0.8257575757575758
LacI	46	3300014609.a:Ga0121318_100003_368	339	4.3e-16	1	45	4	48	0.9565217391304348
PfkB	302	3300014609.a:Ga0121318_100003_369	345	2e-51	4	301	14	322	0.9834437086092715
LacI	46	3300014609.a:Ga0121318_100003_379	354	1.1e-16	1	44	3	48	0.9347826086956522
Peripla_BP_3	164	3300014609.a:Ga0121318_100003_379	354	3.7e-36	2	164	178	347	0.9878048780487805
SBP_bac_1	315	3300014609.a:Ga0121318_100003_383	426	6e-36	5	314	53	336	0.9809523809523809
AAA	132	3300014609.a:Ga0121318_100003_390	578	3e-05	2	98	368	526	0.7272727272727273
MerR	38	3300014609.a:Ga0121318_100003_392	256	4.8e-15	1	38	6	43	0.9736842105263158
HATPase_c	111	3300014609.a:Ga0121318_100003_399	571	3.1e-08	8	107	469	568	0.8918918918918919
AAA	132	3300014609.a:Ga0121318_100003_4	587	1.3e-15	2	127	42	176	0.946969696969697
Response_reg	112	3300014609.a:Ga0121318_100003_400	494	3.5e-25	1	111	4	116	0.9821428571428571
HTH_18	81	3300014609.a:Ga0121318_100003_400	494	4.1e-24	1	80	404	482	0.9753086419753086
Glyoxalase	128	3300014609.a:Ga0121318_100003_404	127	1.1e-13	2	128	6	124	0.984375
PTS_EIIC	324	3300014609.a:Ga0121318_100003_405	489	9e-40	2	322	111	408	0.9876543209876543
HTH_8	42	3300014609.a:Ga0121318_100003_411	284	1.5e-07	10	42	228	260	0.7619047619047619
HTH_3	55	3300014609.a:Ga0121318_100003_417	192	1.9e-10	15	55	32	74	0.7272727272727273
Pyr_redox_2	292	3300014609.a:Ga0121318_100003_43	561	6.5e-45	1	292	6	296	0.9965753424657534
TetR_N	47	3300014609.a:Ga0121318_100003_471	191	1e-08	1	47	12	58	0.9787234042553191
CBS	57	3300014609.a:Ga0121318_100003_49	213	5.4e-09	8	53	12	58	0.7894736842105263
MerR	38	3300014609.a:Ga0121318_100003_511	128	1.1e-16	2	38	15	50	0.9473684210526315
Fer4	24	3300014609.a:Ga0121318_100003_513	1230	1.6e-07	2	24	687	709	0.9166666666666666
Fer4	24	3300014609.a:Ga0121318_100003_513	1230	1e-06	3	20	742	759	0.7083333333333334
SIS	131	3300014609.a:Ga0121318_100003_520	603	7.2e-32	2	129	287	413	0.9694656488549618
SIS	131	3300014609.a:Ga0121318_100003_520	603	2.3e-18	5	129	462	583	0.9465648854961832
HTH_3	55	3300014609.a:Ga0121318_100003_529	126	5.9e-18	1	55	6	60	0.9818181818181818
HTH_3	55	3300014609.a:Ga0121318_100003_530	76	1.2e-18	2	55	6	59	0.9636363636363636
HTH_3	55	3300014609.a:Ga0121318_100003_533	84	8.2e-12	7	55	30	81	0.8727272727272727
HTH_6	77	3300014609.a:Ga0121318_100003_54	241	3.9e-16	12	73	10	71	0.7922077922077922
SIS	131	3300014609.a:Ga0121318_100003_54	241	1.8e-12	23	130	114	218	0.816793893129771
SBP_bac_5	377	3300014609.a:Ga0121318_100003_55	543	2.1e-75	2	376	78	461	0.9920424403183024
ACT	67	3300014609.a:Ga0121318_100003_59	223	1.1e-12	4	66	153	213	0.9253731343283582
Pribosyltran	159	3300014609.a:Ga0121318_100003_595	325	1.1e-17	27	125	167	259	0.6163522012578616
TetR_N	47	3300014609.a:Ga0121318_100003_601	190	4.5e-08	1	43	12	54	0.8936170212765957
HTH_18	81	3300014609.a:Ga0121318_100003_604	288	5.6e-21	1	80	25	102	0.9753086419753086
GyrI-like	155	3300014609.a:Ga0121318_100003_604	288	1.9e-29	1	154	124	283	0.9870967741935484
Pyr_redox_2	292	3300014609.a:Ga0121318_100003_612	404	1.3e-42	1	292	4	323	0.9965753424657534
GntR	64	3300014609.a:Ga0121318_100003_614	234	5.9e-21	1	64	7	70	0.984375
T2SSE	273	3300014609.a:Ga0121318_100003_619	323	2.1e-45	12	270	19	271	0.945054945054945
HTH_3	55	3300014609.a:Ga0121318_100003_626	111	1.4e-09	1	55	7	59	0.9818181818181818
HTH_3	55	3300014609.a:Ga0121318_100003_627	59	1.1e-06	2	50	10	57	0.8727272727272727
AraC_binding	136	3300014609.a:Ga0121318_100003_65	277	6.6e-15	2	126	24	148	0.9117647058823529
HTH_18	81	3300014609.a:Ga0121318_100003_65	277	2.7e-22	1	81	194	273	0.9876543209876543
AAA	132	3300014609.a:Ga0121318_100003_678	426	1.2e-18	1	126	42	144	0.946969696969697
HD	122	3300014609.a:Ga0121318_100003_683	738	7.8e-11	1	122	50	149	0.9918032786885246
ACT	67	3300014609.a:Ga0121318_100003_683	738	1.2e-09	3	66	664	727	0.9402985074626866
PfkB	302	3300014609.a:Ga0121318_100003_687	272	1.1e-16	142	283	79	234	0.46688741721854304
AAA	132	3300014609.a:Ga0121318_100003_697	924	5.3e-08	1	129	133	278	0.9696969696969697
PfkB	302	3300014609.a:Ga0121318_100003_7	273	2.1e-07	125	279	53	223	0.5099337748344371
SIS	131	3300014609.a:Ga0121318_100003_702	359	2.9e-15	5	125	32	151	0.916030534351145
SIS	131	3300014609.a:Ga0121318_100003_702	359	8e-08	6	129	207	327	0.9389312977099237
SIS	131	3300014609.a:Ga0121318_100003_703	335	2.1e-09	8	107	38	137	0.7557251908396947
HhH-GPD	108	3300014609.a:Ga0121318_100003_71	395	2.7e-20	1	98	46	171	0.8981481481481481
cNMP_binding	88	3300014609.a:Ga0121318_100003_710	222	7.5e-17	3	85	33	116	0.9318181818181818
Pyr_redox_2	292	3300014609.a:Ga0121318_100003_717	445	3.2e-48	2	291	2	301	0.9897260273972602
Mga	87	3300014609.a:Ga0121318_100003_718	489	8.3e-28	3	87	79	161	0.9655172413793104
Mga	87	3300014609.a:Ga0121318_100003_724	503	1e-09	8	87	95	177	0.9080459770114943
LacI	46	3300014609.a:Ga0121318_100003_725	638	2.9e-20	1	45	3	48	0.9565217391304348
Peripla_BP_3	164	3300014609.a:Ga0121318_100003_725	638	4.3e-09	2	140	166	293	0.8414634146341463
PfkB	302	3300014609.a:Ga0121318_100003_725	638	1.7e-58	3	299	326	611	0.9801324503311258
AAA	132	3300014609.a:Ga0121318_100003_730	418	4e-18	1	110	115	242	0.8257575757575758
Glyoxalase	128	3300014609.a:Ga0121318_100003_743	125	5e-12	1	126	2	118	0.9765625
NUDIX	131	3300014609.a:Ga0121318_100003_75	274	5.2e-18	10	124	48	164	0.8702290076335878
Peptidase_M23	96	3300014609.a:Ga0121318_100003_755	344	1.9e-14	2	91	62	154	0.9270833333333334
NUDIX	131	3300014609.a:Ga0121318_100003_78	195	5.2e-19	5	118	48	161	0.8625954198473282
PfkB	302	3300014609.a:Ga0121318_100003_9	277	5.8e-17	172	282	119	240	0.36423841059602646
GerE	57	3300014609.a:Ga0121318_100005_107	345	4.9e-05	12	38	254	280	0.45614035087719296
Fer4	24	3300014609.a:Ga0121318_100005_108	73	2.1e-05	4	15	6	17	0.4583333333333333
Pyr_redox_2	292	3300014609.a:Ga0121318_100005_11	436	7.5e-07	1	106	3	135	0.3595890410958904
TetR_N	47	3300014609.a:Ga0121318_100005_119	180	1e-08	1	43	12	54	0.8936170212765957
PTS_EIIC	324	3300014609.a:Ga0121318_100005_120	433	2.4e-58	1	324	30	352	0.9969135802469136
FUR	120	3300014609.a:Ga0121318_100005_124	150	4.6e-37	1	119	16	138	0.9833333333333333
Sigma70_r2	71	3300014609.a:Ga0121318_100005_127	369	1.6e-24	1	70	135	204	0.971830985915493
Sigma70_r3	78	3300014609.a:Ga0121318_100005_127	369	1e-33	1	77	214	290	0.9743589743589743
Sigma70_r4	50	3300014609.a:Ga0121318_100005_127	369	5.4e-22	1	50	303	356	0.98
HTH_11	55	3300014609.a:Ga0121318_100005_136	494	1.8e-10	3	55	9	64	0.9454545454545454
Mga	87	3300014609.a:Ga0121318_100005_136	494	2.3e-08	20	83	92	159	0.7241379310344828
PTS_EIIC	324	3300014609.a:Ga0121318_100005_137	666	9.7e-73	2	324	10	322	0.9938271604938271
SBP_bac_5	377	3300014609.a:Ga0121318_100005_139	551	3.8e-79	2	376	84	472	0.9920424403183024
AAA	132	3300014609.a:Ga0121318_100005_14	468	6.5e-09	1	98	55	146	0.7348484848484849
AAA	132	3300014609.a:Ga0121318_100005_14	468	2e-08	51	130	265	356	0.5984848484848485
CodY	177	3300014609.a:Ga0121318_100005_15	261	3e-74	1	177	3	183	0.9943502824858758
HTH_CodY	61	3300014609.a:Ga0121318_100005_15	261	1.4e-40	1	59	202	260	0.9508196721311475
Sigma70_r2	71	3300014609.a:Ga0121318_100005_151	170	1.3e-12	3	70	26	91	0.9436619718309859
Sigma70_r4_2	54	3300014609.a:Ga0121318_100005_151	170	6.3e-17	6	54	113	161	0.8888888888888888
LacI	46	3300014609.a:Ga0121318_100005_170	333	1.4e-20	2	46	4	48	0.9565217391304348
Peripla_BP_3	164	3300014609.a:Ga0121318_100005_170	333	6e-22	2	164	166	322	0.9878048780487805
HMA	62	3300014609.a:Ga0121318_100005_179	701	1.4e-11	3	55	6	63	0.8387096774193549
Peripla_BP_2	238	3300014609.a:Ga0121318_100005_18	320	1.3e-29	1	236	59	287	0.9873949579831933
SBP_bac_1	315	3300014609.a:Ga0121318_100005_182	267	9.5e-15	2	310	45	250	0.9777777777777777
Fer4	24	3300014609.a:Ga0121318_100005_189	907	2.6e-06	3	18	153	168	0.625
Fer4	24	3300014609.a:Ga0121318_100005_189	907	5.3e-08	3	24	196	217	0.875
AAA	132	3300014609.a:Ga0121318_100005_20	256	1.9e-05	2	74	31	172	0.5454545454545454
Trans_reg_C	77	3300014609.a:Ga0121318_100005_201	228	8.2e-14	3	77	135	210	0.961038961038961
GntR	64	3300014609.a:Ga0121318_100005_207	440	1.1e-07	17	62	14	58	0.703125
CBS	57	3300014609.a:Ga0121318_100005_207	440	5.3e-06	28	54	220	246	0.45614035087719296
CBS	57	3300014609.a:Ga0121318_100005_207	440	2.2e-06	2	55	253	306	0.9298245614035088
AAA	132	3300014609.a:Ga0121318_100005_21	148	8.6e-05	1	53	4	73	0.3939393939393939
HTH_3	55	3300014609.a:Ga0121318_100005_210	117	5.7e-09	1	55	7	59	0.9818181818181818
HTH_18	81	3300014609.a:Ga0121318_100005_222	329	3.9e-23	1	81	245	324	0.9876543209876543
Pyr_redox_2	292	3300014609.a:Ga0121318_100005_223	469	1.5e-73	2	292	11	330	0.9931506849315068
SBP_bac_1	315	3300014609.a:Ga0121318_100005_232	417	7.7e-33	9	315	58	327	0.9714285714285714
MarR	59	3300014609.a:Ga0121318_100005_235	163	2.1e-11	1	59	37	95	0.9830508474576272
Pyr_redox_2	292	3300014609.a:Ga0121318_100005_239	305	2.2e-58	1	292	2	289	0.9965753424657534
Response_reg	112	3300014609.a:Ga0121318_100005_242	235	1.5e-22	1	111	3	113	0.9821428571428571
LytTR	98	3300014609.a:Ga0121318_100005_242	235	9.8e-22	3	92	135	221	0.9081632653061225
Response_reg	112	3300014609.a:Ga0121318_100005_25	194	1.5e-29	1	111	8	118	0.9821428571428571
ANTAR	54	3300014609.a:Ga0121318_100005_25	194	3.5e-20	2	54	137	189	0.9629629629629629
GntR	64	3300014609.a:Ga0121318_100005_250	236	1.3e-24	2	64	8	70	0.96875
TetR_N	47	3300014609.a:Ga0121318_100005_252	203	3e-15	1	47	16	62	0.9787234042553191
HATPase_c	111	3300014609.a:Ga0121318_100005_26	478	6.5e-10	9	107	383	468	0.8828828828828829
HTH_3	55	3300014609.a:Ga0121318_100005_262	276	1.7e-13	1	54	8	60	0.9636363636363636
Aminotran_1_2	363	3300014609.a:Ga0121318_100005_264	406	8.4e-46	34	353	62	387	0.8787878787878788
LexA_DNA_bind	65	3300014609.a:Ga0121318_100005_271	348	1.1e-06	4	59	2	57	0.8461538461538461
HTH_1	60	3300014609.a:Ga0121318_100005_274	292	7.3e-19	1	60	3	62	0.9833333333333333
LysR_substrate	209	3300014609.a:Ga0121318_100005_274	292	1.4e-25	3	205	89	288	0.9665071770334929
HTH_1	60	3300014609.a:Ga0121318_100005_275	296	1.5e-19	3	59	5	61	0.9333333333333333
LysR_substrate	209	3300014609.a:Ga0121318_100005_275	296	6.1e-19	36	208	119	294	0.8229665071770335
PadR	75	3300014609.a:Ga0121318_100005_280	108	1.6e-24	1	74	15	86	0.9733333333333334
AAA	132	3300014609.a:Ga0121318_100005_297	281	2.5e-09	1	95	128	231	0.7121212121212122
HTH_3	55	3300014609.a:Ga0121318_100005_300	161	5.2e-14	1	55	8	62	0.9818181818181818
HisKA	64	3300014609.a:Ga0121318_100005_316	490	3.7e-15	2	63	263	327	0.953125
HATPase_c	111	3300014609.a:Ga0121318_100005_316	490	7.2e-27	2	109	374	483	0.963963963963964
Response_reg	112	3300014609.a:Ga0121318_100005_317	240	5e-26	1	111	3	114	0.9821428571428571
Trans_reg_C	77	3300014609.a:Ga0121318_100005_317	240	2.9e-29	6	77	164	233	0.922077922077922
GntR	64	3300014609.a:Ga0121318_100005_333	238	8.4e-20	2	64	7	69	0.96875
LacI	46	3300014609.a:Ga0121318_100005_335	322	5.8e-22	2	46	4	48	0.9565217391304348
Peripla_BP_3	164	3300014609.a:Ga0121318_100005_335	322	1.6e-22	2	163	162	317	0.9817073170731707
Mga	87	3300014609.a:Ga0121318_100005_347	497	4.7e-09	5	85	84	162	0.9195402298850575
HTH_3	55	3300014609.a:Ga0121318_100005_351	290	2e-12	3	55	8	59	0.9454545454545454
TPR_1	34	3300014609.a:Ga0121318_100005_351	290	1.4e-05	3	27	151	175	0.7058823529411765
SBP_bac_1	315	3300014609.a:Ga0121318_100005_354	355	4.2e-19	9	315	49	295	0.9714285714285714
Pyr_redox_2	292	3300014609.a:Ga0121318_100005_364	448	5.5e-64	2	292	2	306	0.9931506849315068
Response_reg	112	3300014609.a:Ga0121318_100005_365	231	1.6e-22	2	111	4	114	0.9732142857142857
PAS	113	3300014609.a:Ga0121318_100005_366	517	8.2e-07	2	70	212	283	0.6017699115044248
HTH_3	55	3300014609.a:Ga0121318_100005_369	283	1e-08	1	31	8	37	0.5454545454545454
TPR_1	34	3300014609.a:Ga0121318_100005_369	283	8.9e-05	5	31	152	178	0.7647058823529411
PAS	113	3300014609.a:Ga0121318_100005_380	610	1.1e-11	2	113	260	366	0.9823008849557522
HisKA	64	3300014609.a:Ga0121318_100005_380	610	5.4e-21	2	64	376	442	0.96875
HATPase_c	111	3300014609.a:Ga0121318_100005_380	610	3.4e-29	2	110	491	601	0.972972972972973
Response_reg	112	3300014609.a:Ga0121318_100005_381	235	1.2e-33	1	112	4	113	0.9910714285714286
Trans_reg_C	77	3300014609.a:Ga0121318_100005_381	235	4.8e-29	1	77	152	228	0.987012987012987
Nitroreductase	170	3300014609.a:Ga0121318_100005_393	245	5.3e-16	2	169	9	163	0.9823529411764705
EPSP_synthase	417	3300014609.a:Ga0121318_100005_404	431	3.1e-90	2	417	7	407	0.9952038369304557
HD	122	3300014609.a:Ga0121318_100005_408	228	2.3e-07	4	117	37	133	0.9262295081967213
HATPase_c	111	3300014609.a:Ga0121318_100005_41	686	4.4e-23	1	110	34	178	0.9819819819819819
PTS_EIIC	324	3300014609.a:Ga0121318_100005_412	452	8.3e-68	1	324	29	358	0.9969135802469136
GntR	64	3300014609.a:Ga0121318_100005_416	255	1.3e-16	3	64	9	70	0.953125
HhH-GPD	108	3300014609.a:Ga0121318_100005_417	216	1.8e-26	1	107	35	170	0.9814814814814815
TrmB	68	3300014609.a:Ga0121318_100005_418	239	9.8e-06	3	58	25	85	0.8088235294117647
CbiA	128	3300014609.a:Ga0121318_100005_425	537	2.2e-05	8	115	13	181	0.8359375
HD	122	3300014609.a:Ga0121318_100005_429	457	7.1e-16	1	121	63	190	0.9836065573770492
NUDIX	131	3300014609.a:Ga0121318_100005_431	149	4.9e-15	3	119	18	132	0.8854961832061069
Glyoxalase	128	3300014609.a:Ga0121318_100005_432	125	1.1e-19	2	128	3	120	0.984375
CBS	57	3300014609.a:Ga0121318_100005_439	163	4.1e-05	12	55	30	70	0.7543859649122807
CBS	57	3300014609.a:Ga0121318_100005_439	163	3.5e-13	1	56	86	139	0.9649122807017544
HTH_DeoR	57	3300014609.a:Ga0121318_100005_447	255	5.8e-16	1	56	11	66	0.9649122807017544
DeoRC	160	3300014609.a:Ga0121318_100005_447	255	2.5e-41	6	160	80	233	0.9625
SBP_bac_3	225	3300014609.a:Ga0121318_100005_452	276	1e-51	1	223	52	272	0.9866666666666667
HxlR	91	3300014609.a:Ga0121318_100005_457	115	3.1e-28	1	90	21	111	0.978021978021978
Fer4	24	3300014609.a:Ga0121318_100005_462	491	5.2e-05	8	20	313	325	0.5
AAA	132	3300014609.a:Ga0121318_100005_469	185	7.2e-06	3	115	7	173	0.8484848484848485
HTH_3	55	3300014609.a:Ga0121318_100005_474	65	6.2e-06	5	34	10	42	0.5272727272727272
HTH_Mga	60	3300014609.a:Ga0121318_100005_482	474	2.7e-05	17	57	22	62	0.6666666666666666
Mga	87	3300014609.a:Ga0121318_100005_482	474	3.7e-12	7	87	79	162	0.9195402298850575
PTS_EIIC	324	3300014609.a:Ga0121318_100005_49	627	1.3e-33	3	324	107	390	0.9907407407407407
LacI	46	3300014609.a:Ga0121318_100005_497	335	1.8e-17	1	44	6	51	0.9347826086956522
Peripla_BP_3	164	3300014609.a:Ga0121318_100005_497	335	1.4e-39	1	164	163	329	0.9939024390243902
LacI	46	3300014609.a:Ga0121318_100005_52	328	1.8e-23	2	46	6	50	0.9565217391304348
Peripla_BP_3	164	3300014609.a:Ga0121318_100005_52	328	2.7e-29	2	164	167	327	0.9878048780487805
PTS_EIIC	324	3300014609.a:Ga0121318_100005_55	643	4.9e-32	1	322	110	402	0.9907407407407407
Peptidase_M23	96	3300014609.a:Ga0121318_100005_55	643	6.4e-05	10	74	523	594	0.6666666666666666
HTH_3	55	3300014609.a:Ga0121318_100005_56	282	1.4e-07	1	31	8	37	0.5454545454545454
NUDIX	131	3300014609.a:Ga0121318_100005_60	142	2.4e-21	6	129	11	126	0.9389312977099237
AraC_binding	136	3300014609.a:Ga0121318_100005_63	273	8.1e-13	11	136	22	146	0.9191176470588235
HTH_18	81	3300014609.a:Ga0121318_100005_63	273	3.4e-24	1	78	196	272	0.9506172839506173
NUDIX	131	3300014609.a:Ga0121318_100005_65	203	1.1e-11	7	118	70	179	0.8473282442748091
Pyr_redox_2	292	3300014609.a:Ga0121318_100005_66	447	2e-67	1	292	1	306	0.9965753424657534
FUR	120	3300014609.a:Ga0121318_100005_67	148	5.1e-41	2	120	16	133	0.9833333333333333
PALP	294	3300014609.a:Ga0121318_100005_68	311	2.7e-67	2	294	10	295	0.9931972789115646
LexA_DNA_bind	65	3300014609.a:Ga0121318_100005_73	207	6.1e-25	6	65	7	66	0.9076923076923077
HEAT_PBS	27	3300014609.a:Ga0121318_100005_74	390	3.3e-05	2	27	303	328	0.9259259259259259
ACT	67	3300014609.a:Ga0121318_100005_84	283	1.5e-09	3	66	198	262	0.9402985074626866
SKI	158	3300014609.a:Ga0121318_100005_85	169	3.9e-51	1	158	10	167	0.9936708860759493
EPSP_synthase	417	3300014609.a:Ga0121318_100005_86	427	1e-121	4	417	7	421	0.9904076738609112
ACT	67	3300014609.a:Ga0121318_100005_87	365	1.4e-09	2	39	294	331	0.5522388059701493
TPR_2	34	3300014609.a:Ga0121318_100005_99	419	2.3e-05	5	32	175	202	0.7941176470588235
TPR_2	34	3300014609.a:Ga0121318_100005_99	419	3.7e-05	4	33	207	236	0.8529411764705882
Mga	87	3300014609.a:Ga0121318_100010_105	493	3.8e-24	2	87	80	163	0.9770114942528736
CBS	57	3300014609.a:Ga0121318_100010_115	395	1.1e-08	1	47	251	297	0.8070175438596491
CBS	57	3300014609.a:Ga0121318_100010_115	395	9.1e-12	1	53	311	363	0.9122807017543859
Glyoxalase	128	3300014609.a:Ga0121318_100010_116	297	2.3e-08	2	45	5	48	0.3359375
Glyoxalase	128	3300014609.a:Ga0121318_100010_116	297	2.2e-12	3	128	149	255	0.9765625
HTH_3	55	3300014609.a:Ga0121318_100010_118	83	1.2e-15	4	54	16	66	0.9090909090909091
HTH_3	55	3300014609.a:Ga0121318_100010_121	233	2.5e-15	1	55	12	67	0.9818181818181818
HTH_DeoR	57	3300014609.a:Ga0121318_100010_123	475	6.4e-05	4	31	16	43	0.47368421052631576
Mga	87	3300014609.a:Ga0121318_100010_123	475	7.5e-14	18	87	96	164	0.7931034482758621
AAA	132	3300014609.a:Ga0121318_100010_130	311	1.1e-05	1	74	163	237	0.553030303030303
Aminotran_1_2	363	3300014609.a:Ga0121318_100010_139	385	1.7e-65	2	363	30	378	0.9944903581267218
TetR_N	47	3300014609.a:Ga0121318_100010_14	190	3.2e-11	3	45	13	55	0.8936170212765957
SBP_bac_3	225	3300014609.a:Ga0121318_100010_141	488	1.3e-53	1	212	45	255	0.9377777777777778
SBP_bac_5	377	3300014609.a:Ga0121318_100010_153	557	4.6e-79	6	375	92	474	0.9787798408488063
HTH_1	60	3300014609.a:Ga0121318_100010_169	277	2.2e-20	2	60	3	62	0.9666666666666667
LysR_substrate	209	3300014609.a:Ga0121318_100010_169	277	4.7e-22	4	186	88	248	0.8708133971291866
Response_reg	112	3300014609.a:Ga0121318_100010_172	225	6.5e-28	1	112	4	113	0.9910714285714286
Trans_reg_C	77	3300014609.a:Ga0121318_100010_172	225	6.7e-27	1	76	148	222	0.974025974025974
HisKA	64	3300014609.a:Ga0121318_100010_173	342	2.1e-05	6	63	123	178	0.890625
HATPase_c	111	3300014609.a:Ga0121318_100010_173	342	4.6e-24	3	108	225	332	0.9459459459459459
AAA	132	3300014609.a:Ga0121318_100010_183	368	0.0001	1	66	34	97	0.49242424242424243
TOBE	64	3300014609.a:Ga0121318_100010_183	368	6.3e-08	6	63	304	356	0.890625
LacI	46	3300014609.a:Ga0121318_100010_201	337	2.6e-21	1	46	4	49	0.9782608695652174
Peripla_BP_3	164	3300014609.a:Ga0121318_100010_201	337	1.5e-30	1	164	176	332	0.9939024390243902
PTS_EIIC	324	3300014609.a:Ga0121318_100010_205	723	9.5e-55	1	324	14	378	0.9969135802469136
HTH_18	81	3300014609.a:Ga0121318_100010_208	321	1.2e-19	1	80	231	309	0.9753086419753086
MerR	38	3300014609.a:Ga0121318_100010_216	259	8.5e-14	2	38	4	41	0.9473684210526315
Glyoxalase	128	3300014609.a:Ga0121318_100010_216	259	3.3e-07	7	127	124	237	0.9375
HTH_3	55	3300014609.a:Ga0121318_100010_220	402	4.6e-12	1	39	15	53	0.6909090909090909
HTH_3	55	3300014609.a:Ga0121318_100010_228	118	9.2e-15	1	55	17	71	0.9818181818181818
Sigma70_r4_2	54	3300014609.a:Ga0121318_100010_229	141	1.5e-12	3	49	80	126	0.8518518518518519
HTH_6	77	3300014609.a:Ga0121318_100010_24	251	3.8e-15	13	76	9	72	0.8181818181818182
SIS	131	3300014609.a:Ga0121318_100010_24	251	3.1e-13	1	117	109	224	0.8854961832061069
Arg_repressor	70	3300014609.a:Ga0121318_100010_248	150	3.6e-25	1	69	1	69	0.9714285714285714
CHASE3	138	3300014609.a:Ga0121318_100010_267	234	1.3e-05	23	134	11	124	0.8043478260869565
Fe_dep_repress	60	3300014609.a:Ga0121318_100010_270	223	1.9e-17	3	60	2	59	0.95
Fe_dep_repr_C	70	3300014609.a:Ga0121318_100010_270	223	7.2e-31	1	69	62	130	0.9714285714285714
FeoA	74	3300014609.a:Ga0121318_100010_270	223	3.3e-09	2	74	143	214	0.972972972972973
HTH_IclR	52	3300014609.a:Ga0121318_100010_275	902	9.6e-06	7	45	7	45	0.7307692307692307
AAA	132	3300014609.a:Ga0121318_100010_275	902	7.7e-08	2	129	110	253	0.9621212121212122
SBP_bac_5	377	3300014609.a:Ga0121318_100010_32	552	2.1e-75	6	376	86	471	0.9814323607427056
Sigma70_r4_2	54	3300014609.a:Ga0121318_100010_43	155	2.2e-15	2	54	96	148	0.9629629629629629
HTH_Mga	60	3300014609.a:Ga0121318_100010_50	483	1.2e-07	1	59	11	68	0.9666666666666667
Mga	87	3300014609.a:Ga0121318_100010_50	483	6.6e-23	2	86	77	163	0.9655172413793104
STAS	117	3300014609.a:Ga0121318_100010_65	540	1.9e-12	7	100	434	516	0.7948717948717948
MarR	59	3300014609.a:Ga0121318_100010_67	151	1.3e-16	1	58	28	85	0.9661016949152542
Rhodanese	107	3300014609.a:Ga0121318_100010_77	105	2.4e-18	1	105	13	97	0.9719626168224299
Pyr_redox_2	292	3300014609.a:Ga0121318_100010_78	550	1.7e-61	2	292	2	304	0.9931506849315068
Rhodanese	107	3300014609.a:Ga0121318_100010_78	550	6.2e-10	4	103	455	537	0.9252336448598131
Rhodanese	107	3300014609.a:Ga0121318_100010_79	100	1.2e-17	4	105	9	94	0.9439252336448598
Trans_reg_C	77	3300014609.a:Ga0121318_100010_83	222	6.4e-10	3	77	133	208	0.961038961038961
TrmB	68	3300014609.a:Ga0121318_100010_86	938	9.1e-05	22	62	26	66	0.5882352941176471
AAA	132	3300014609.a:Ga0121318_100010_86	938	1.8e-09	1	127	144	285	0.9545454545454546
PfkB	302	3300014609.a:Ga0121318_100010_93	337	2.8e-21	3	200	2	208	0.652317880794702
Response_reg	112	3300014609.a:Ga0121318_100017_1	230	8.4e-32	1	111	3	112	0.9821428571428571
Trans_reg_C	77	3300014609.a:Ga0121318_100017_1	230	4e-26	1	77	150	226	0.987012987012987
CbiA	128	3300014609.a:Ga0121318_100017_10	254	2.7e-30	1	128	5	229	0.9921875
AAA	132	3300014609.a:Ga0121318_100017_101	339	2.4e-20	2	130	59	181	0.9696969696969697
cNMP_binding	88	3300014609.a:Ga0121318_100017_105	218	2.2e-05	5	81	20	100	0.8636363636363636
Crp	32	3300014609.a:Ga0121318_100017_105	218	4.6e-05	2	30	165	194	0.875
Mga	87	3300014609.a:Ga0121318_100017_114	495	2.9e-25	3	87	84	169	0.9655172413793104
Mga	87	3300014609.a:Ga0121318_100017_115	496	1e-12	10	87	88	166	0.8850574712643678
Mga	87	3300014609.a:Ga0121318_100017_118	502	9.8e-14	3	86	85	168	0.9540229885057471
GerE	57	3300014609.a:Ga0121318_100017_123	227	7.4e-05	19	40	199	220	0.3684210526315789
Arg_repressor	70	3300014609.a:Ga0121318_100017_129	160	2.3e-22	1	67	1	67	0.9428571428571428
Arg_repressor	70	3300014609.a:Ga0121318_100017_130	163	1.5e-20	1	62	1	62	0.8714285714285714
cNMP_binding	88	3300014609.a:Ga0121318_100017_134	231	2.8e-17	2	88	32	119	0.9772727272727273
Crp	32	3300014609.a:Ga0121318_100017_134	231	1.9e-05	3	27	180	204	0.75
HTH_5	47	3300014609.a:Ga0121318_100017_137	112	4.8e-12	1	45	23	71	0.9361702127659575
LacI	46	3300014609.a:Ga0121318_100017_149	336	2.1e-19	1	46	4	50	0.9782608695652174
Peripla_BP_3	164	3300014609.a:Ga0121318_100017_149	336	1.4e-39	1	164	172	332	0.9939024390243902
Glycos_trans_3N	63	3300014609.a:Ga0121318_100017_150	434	1.7e-26	1	63	4	66	0.9841269841269841
Peripla_BP_2	238	3300014609.a:Ga0121318_100017_162	313	3.3e-25	12	236	66	287	0.9411764705882353
PfkB	302	3300014609.a:Ga0121318_100017_174	275	4.1e-09	173	292	122	247	0.39403973509933776
HTH_11	55	3300014609.a:Ga0121318_100017_19	621	1.1e-08	1	44	6	51	0.7818181818181819
HTH_11	55	3300014609.a:Ga0121318_100017_19	621	1.6e-13	1	54	90	147	0.9636363636363636
HisKA	64	3300014609.a:Ga0121318_100017_2	394	2.1e-15	1	61	162	226	0.9375
HATPase_c	111	3300014609.a:Ga0121318_100017_2	394	4.9e-24	1	110	275	385	0.9819819819819819
SBP_bac_3	225	3300014609.a:Ga0121318_100017_216	528	1e-39	2	218	34	262	0.96
HTH_11	55	3300014609.a:Ga0121318_100017_220	171	4e-16	1	54	6	58	0.9636363636363636
Pribosyltran	159	3300014609.a:Ga0121318_100017_231	182	1.1e-31	9	158	14	160	0.9371069182389937
AAA	132	3300014609.a:Ga0121318_100017_232	719	3.6e-47	1	131	223	355	0.9848484848484849
GntR	64	3300014609.a:Ga0121318_100017_37	232	5e-14	6	64	25	82	0.90625
Response_reg	112	3300014609.a:Ga0121318_100017_38	241	1.3e-22	1	109	6	114	0.9642857142857143
Trans_reg_C	77	3300014609.a:Ga0121318_100017_38	241	2.4e-25	3	77	158	231	0.961038961038961
CBS	57	3300014609.a:Ga0121318_100017_4	494	1.2e-08	8	52	100	146	0.7719298245614035
CBS	57	3300014609.a:Ga0121318_100017_4	494	9.9e-11	2	51	156	206	0.8596491228070176
AAA	132	3300014609.a:Ga0121318_100017_43	448	4.6e-08	2	127	148	264	0.946969696969697
HATPase_c	111	3300014609.a:Ga0121318_100017_47	650	2.1e-20	4	110	43	183	0.954954954954955
AAA	132	3300014609.a:Ga0121318_100017_54	456	5.5e-05	2	110	207	361	0.8181818181818182
TrmB	68	3300014609.a:Ga0121318_100017_58	962	1.5e-06	17	64	23	70	0.6911764705882353
AAA	132	3300014609.a:Ga0121318_100017_58	962	4.7e-10	2	131	150	296	0.9772727272727273
HTH_6	77	3300014609.a:Ga0121318_100017_66	257	1.9e-19	3	76	6	79	0.948051948051948
SIS	131	3300014609.a:Ga0121318_100017_66	257	1.7e-16	2	102	119	218	0.7633587786259542
PTS_EIIC	324	3300014609.a:Ga0121318_100017_67	523	8.7e-81	1	324	18	356	0.9969135802469136
Aminotran_1_2	363	3300014609.a:Ga0121318_100017_68	402	2.2e-43	6	362	32	380	0.9807162534435262
HTH_11	55	3300014609.a:Ga0121318_100017_75	312	7.3e-12	1	55	6	61	0.9818181818181818
AAA	132	3300014609.a:Ga0121318_100017_79	457	3.8e-06	1	98	93	209	0.7348484848484849
Sigma70_r2	71	3300014609.a:Ga0121318_100017_88	189	1.6e-08	1	66	19	84	0.9154929577464789
Sigma70_r4_2	54	3300014609.a:Ga0121318_100017_88	189	5.6e-07	10	54	138	181	0.8148148148148148
HTH_3	55	3300014609.a:Ga0121318_100017_9	297	1.7e-07	4	36	139	171	0.5818181818181818
Pribosyltran	159	3300014609.a:Ga0121318_100017_94	274	3e-24	6	125	109	237	0.7484276729559748
SBP_bac_5	377	3300014609.a:Ga0121318_100017_97	560	3.8e-85	2	376	88	476	0.9920424403183024
TrkA_C	70	3300014609.a:Ga0121318_100018_105	520	1.3e-09	2	68	442	507	0.9428571428571428
HTH_DeoR	57	3300014609.a:Ga0121318_100018_106	251	5.7e-20	1	54	6	59	0.9298245614035088
DeoRC	160	3300014609.a:Ga0121318_100018_106	251	5.3e-49	2	158	75	228	0.975
PfkB	302	3300014609.a:Ga0121318_100018_107	306	6.8e-53	12	290	11	280	0.9205298013245033
PTS_EIIC	324	3300014609.a:Ga0121318_100018_108	641	9.8e-25	2	324	304	580	0.9938271604938271
PTS-HPr	82	3300014609.a:Ga0121318_100018_115	89	3.6e-31	2	81	3	82	0.9634146341463414
AAA	132	3300014609.a:Ga0121318_100018_117	747	7.6e-15	2	116	146	266	0.8636363636363636
AAA	132	3300014609.a:Ga0121318_100018_117	747	2.5e-09	2	110	475	592	0.8181818181818182
HTH_11	55	3300014609.a:Ga0121318_100018_12	641	1.2e-10	1	53	8	64	0.9454545454545454
Mga	87	3300014609.a:Ga0121318_100018_12	641	6.8e-10	16	83	96	166	0.7701149425287356
CBS	57	3300014609.a:Ga0121318_100018_123	460	9.7e-08	3	54	219	273	0.8947368421052632
CBS	57	3300014609.a:Ga0121318_100018_123	460	7.7e-06	8	56	290	338	0.8421052631578947
PTS_EIIC	324	3300014609.a:Ga0121318_100018_129	473	1.6e-18	2	322	137	403	0.9876543209876543
PfkB	302	3300014609.a:Ga0121318_100018_130	309	1.4e-43	12	296	12	290	0.9403973509933775
HTH_6	77	3300014609.a:Ga0121318_100018_131	249	1.3e-13	11	73	2	64	0.8051948051948052
SIS	131	3300014609.a:Ga0121318_100018_131	249	8.9e-14	2	96	111	204	0.7175572519083969
HD	122	3300014609.a:Ga0121318_100018_139	315	1.4e-10	2	121	160	279	0.9754098360655737
Arg_repressor	70	3300014609.a:Ga0121318_100018_147	152	1e-24	1	66	1	66	0.9285714285714286
Glyoxalase	128	3300014609.a:Ga0121318_100018_161	325	8.8e-14	2	128	5	277	0.984375
HTH_DeoR	57	3300014609.a:Ga0121318_100018_170	254	7e-19	1	56	6	61	0.9649122807017544
DeoRC	160	3300014609.a:Ga0121318_100018_170	254	7.7e-41	2	160	75	231	0.9875
Glyoxalase	128	3300014609.a:Ga0121318_100018_171	282	1.6e-12	1	128	10	123	0.9921875
Glyoxalase	128	3300014609.a:Ga0121318_100018_171	282	6e-06	1	103	168	262	0.796875
Nitroreductase	170	3300014609.a:Ga0121318_100018_172	199	1.4e-17	1	169	8	176	0.9882352941176471
LacI	46	3300014609.a:Ga0121318_100018_173	312	2.1e-20	1	46	3	48	0.9782608695652174
Peripla_BP_1	279	3300014609.a:Ga0121318_100018_173	312	2.7e-20	2	200	60	250	0.7096774193548387
Nitroreductase	170	3300014609.a:Ga0121318_100018_178	206	1.1e-35	1	169	7	183	0.9882352941176471
HxlR	91	3300014609.a:Ga0121318_100018_179	110	1e-30	2	89	16	103	0.9560439560439561
HTH_1	60	3300014609.a:Ga0121318_100018_182	276	2.2e-20	2	59	3	61	0.95
LysR_substrate	209	3300014609.a:Ga0121318_100018_182	276	6.4e-18	10	166	94	234	0.7464114832535885
Glyoxalase	128	3300014609.a:Ga0121318_100018_194	161	1.1e-15	2	128	11	150	0.984375
TrmB	68	3300014609.a:Ga0121318_100018_203	267	1.1e-24	1	67	8	74	0.9705882352941176
TetR_N	47	3300014609.a:Ga0121318_100018_217	215	1.9e-14	7	44	26	63	0.7872340425531915
TetR_N	47	3300014609.a:Ga0121318_100018_218	208	6.3e-12	1	47	13	59	0.9787234042553191
SBP_bac_5	377	3300014609.a:Ga0121318_100018_22	544	3.7e-71	4	375	80	460	0.9840848806366048
SBP_bac_3	225	3300014609.a:Ga0121318_100018_25	277	5.5e-61	1	225	41	267	0.9955555555555555
TetR_N	47	3300014609.a:Ga0121318_100018_37	202	6.1e-18	1	47	18	64	0.9787234042553191
TetR_N	47	3300014609.a:Ga0121318_100018_42	221	1.1e-12	1	46	10	56	0.9574468085106383
TetR_C	145	3300014609.a:Ga0121318_100018_42	221	6.3e-08	6	142	72	212	0.9379310344827586
HTH_IclR	52	3300014609.a:Ga0121318_100018_49	444	8e-05	14	39	321	349	0.4807692307692308
NUDIX	131	3300014609.a:Ga0121318_100018_52	136	5.6e-17	8	111	8	103	0.7862595419847328
PTS_EIIC	324	3300014609.a:Ga0121318_100018_6	438	6.9e-61	1	324	29	352	0.9969135802469136
SBP_bac_3	225	3300014609.a:Ga0121318_100018_68	723	2.3e-65	2	223	34	251	0.9822222222222222
SBP_bac_3	225	3300014609.a:Ga0121318_100018_68	723	1.2e-59	2	223	277	494	0.9822222222222222
Mga	87	3300014609.a:Ga0121318_100018_72	483	1.3e-11	4	87	84	164	0.9540229885057471
Rhodanese	107	3300014609.a:Ga0121318_100018_80	317	2.9e-13	2	105	115	209	0.9626168224299065
Glyoxalase	128	3300014609.a:Ga0121318_100018_83	127	4.7e-06	5	126	8	118	0.9453125
GerE	57	3300014609.a:Ga0121318_100018_95	322	2.2e-18	2	53	253	304	0.8947368421052632
Response_reg	112	3300014609.a:Ga0121318_100025_105	243	1.2e-24	1	111	3	112	0.9821428571428571
LytTR	98	3300014609.a:Ga0121318_100025_105	243	4.9e-33	1	97	143	239	0.9795918367346939
HATPase_c	111	3300014609.a:Ga0121318_100025_106	590	1.4e-09	10	110	477	579	0.9009009009009009
HTH_IclR	52	3300014609.a:Ga0121318_100025_123	840	2.6e-05	8	51	9	52	0.8269230769230769
AAA	132	3300014609.a:Ga0121318_100025_123	840	2.3e-11	1	129	102	246	0.9696969696969697
HTH_3	55	3300014609.a:Ga0121318_100025_128	77	9.9e-08	4	51	17	65	0.8545454545454545
Glyoxalase	128	3300014609.a:Ga0121318_100025_14	133	2.6e-05	5	126	7	125	0.9453125
HTH_11	55	3300014609.a:Ga0121318_100025_140	331	1.6e-18	3	55	5	58	0.9454545454545454
SBP_bac_5	377	3300014609.a:Ga0121318_100025_20	593	1.5e-82	12	374	112	508	0.9602122015915119
Response_reg	112	3300014609.a:Ga0121318_100025_30	240	4e-18	1	111	4	122	0.9821428571428571
LytTR	98	3300014609.a:Ga0121318_100025_30	240	2.1e-22	2	93	151	239	0.9285714285714286
Pkinase	264	3300014609.a:Ga0121318_100025_38	719	5.3e-58	1	257	12	263	0.9696969696969697
SpoIIE	193	3300014609.a:Ga0121318_100025_39	250	1.4e-11	3	192	28	241	0.9792746113989638
SBP_bac_5	377	3300014609.a:Ga0121318_100025_5	548	1.5e-69	3	375	83	464	0.986737400530504
Peripla_BP_2	238	3300014609.a:Ga0121318_100025_6	318	9.3e-35	1	237	60	293	0.9915966386554622
HTH_6	77	3300014609.a:Ga0121318_100025_60	296	1e-17	5	72	8	75	0.8701298701298701
SIS	131	3300014609.a:Ga0121318_100025_60	296	9.1e-21	2	128	135	261	0.9618320610687023
GntR	64	3300014609.a:Ga0121318_100025_70	238	4.7e-21	5	64	7	66	0.921875
Pribosyltran	159	3300014609.a:Ga0121318_100025_75	324	6e-19	26	123	166	255	0.610062893081761
HATPase_c	111	3300014609.a:Ga0121318_100025_78	711	2.7e-09	5	85	23	112	0.7207207207207207
HD	122	3300014609.a:Ga0121318_100025_82	519	1e-21	1	121	334	426	0.9836065573770492
ATPase_2	233	3300014609.a:Ga0121318_100025_83	349	6.1e-06	21	125	59	192	0.44635193133047213
Rrf2	83	3300014609.a:Ga0121318_100025_87	142	1.3e-24	1	83	1	81	0.9879518072289156
Sigma70_r2	71	3300014609.a:Ga0121318_100025_92	166	2.8e-14	5	70	22	85	0.9154929577464789
Sigma70_r4_2	54	3300014609.a:Ga0121318_100025_92	166	3.5e-15	2	53	108	159	0.9444444444444444
Mga	87	3300014609.a:Ga0121318_100025_93	494	9.4e-15	7	81	86	159	0.8505747126436781
AraC_binding	136	3300014609.a:Ga0121318_100027_102	291	1.1e-14	6	136	37	168	0.9558823529411765
HTH_18	81	3300014609.a:Ga0121318_100027_102	291	5.9e-20	1	80	209	287	0.9753086419753086
AraC_binding	136	3300014609.a:Ga0121318_100027_107	307	2.2e-15	16	84	34	102	0.5
HTH_18	81	3300014609.a:Ga0121318_100027_107	307	1.2e-18	5	79	210	282	0.9135802469135802
HD	122	3300014609.a:Ga0121318_100027_11	225	3.6e-14	4	121	37	135	0.9590163934426229
HTH_6	77	3300014609.a:Ga0121318_100027_125	284	1.6e-17	5	72	5	72	0.8701298701298701
SIS	131	3300014609.a:Ga0121318_100027_125	284	3.9e-18	3	129	128	254	0.9618320610687023
SIS	131	3300014609.a:Ga0121318_100027_126	297	2.1e-11	51	128	129	208	0.5877862595419847
FeoA	74	3300014609.a:Ga0121318_100027_140	158	3.6e-10	2	73	3	71	0.9594594594594594
FeoA	74	3300014609.a:Ga0121318_100027_140	158	2.7e-20	1	73	81	152	0.972972972972973
Sigma70_r4_2	54	3300014609.a:Ga0121318_100027_147	125	4.7e-12	2	54	65	117	0.9629629629629629
PTS_EIIC	324	3300014609.a:Ga0121318_100027_2	633	2.1e-32	3	324	107	405	0.9907407407407407
PALP	294	3300014609.a:Ga0121318_100027_21	306	4.9e-68	3	294	8	293	0.9897959183673469
Aminotran_1_2	363	3300014609.a:Ga0121318_100027_22	379	3.1e-08	41	198	48	181	0.4325068870523416
PTS_EIIC	324	3300014609.a:Ga0121318_100027_24	445	5.5e-69	1	324	26	354	0.9969135802469136
HTH_6	77	3300014609.a:Ga0121318_100027_25	254	2.1e-18	11	75	7	71	0.8311688311688312
SIS	131	3300014609.a:Ga0121318_100027_25	254	8.1e-17	1	110	108	214	0.8320610687022901
Penicillinase_R	115	3300014609.a:Ga0121318_100027_29	147	1.1e-39	1	114	9	122	0.9826086956521739
HMA	62	3300014609.a:Ga0121318_100027_30	829	8.4e-19	1	62	5	66	0.9838709677419355
HMA	62	3300014609.a:Ga0121318_100027_30	829	6.3e-18	1	62	75	136	0.9838709677419355
HMA	62	3300014609.a:Ga0121318_100027_31	69	7.4e-14	1	61	4	63	0.967741935483871
GntR	64	3300014609.a:Ga0121318_100027_33	130	5.3e-17	2	64	14	76	0.96875
Glyoxalase	128	3300014609.a:Ga0121318_100027_36	325	6.1e-18	1	123	7	269	0.953125
ACT	67	3300014609.a:Ga0121318_100027_44	451	2.5e-05	7	53	394	437	0.6865671641791045
Response_reg	112	3300014609.a:Ga0121318_100027_48	231	3.7e-30	1	111	5	113	0.9821428571428571
Trans_reg_C	77	3300014609.a:Ga0121318_100027_48	231	1.4e-24	2	77	152	228	0.974025974025974
HisKA	64	3300014609.a:Ga0121318_100027_49	494	4.1e-17	2	62	266	330	0.9375
HATPase_c	111	3300014609.a:Ga0121318_100027_49	494	9.2e-28	2	109	376	488	0.963963963963964
MarR	59	3300014609.a:Ga0121318_100027_76	145	1e-19	1	59	32	90	0.9830508474576272
Nitroreductase	170	3300014609.a:Ga0121318_100027_77	212	1.2e-31	3	170	15	191	0.9823529411764705
PTS_EIIC	324	3300014609.a:Ga0121318_100027_79	581	1.2e-14	2	324	31	290	0.9938271604938271
Ada_Zn_binding	65	3300014609.a:Ga0121318_100027_8	189	2e-32	2	64	11	73	0.9538461538461539
HTH_18	81	3300014609.a:Ga0121318_100027_8	189	2.5e-23	1	80	104	182	0.9753086419753086
HTH_11	55	3300014609.a:Ga0121318_100027_80	678	3.5e-08	1	44	6	53	0.7818181818181819
Mga	87	3300014609.a:Ga0121318_100027_80	678	3.7e-10	16	85	92	162	0.7931034482758621
PTS_EIIC	324	3300014609.a:Ga0121318_100027_82	591	6.8e-18	2	323	25	283	0.9907407407407407
MerR	38	3300014609.a:Ga0121318_100027_92	156	1.3e-11	2	38	19	55	0.9473684210526315
HTH_IclR	52	3300014609.a:Ga0121318_100027_93	251	2.3e-11	2	51	11	59	0.9423076923076923
IclR	129	3300014609.a:Ga0121318_100027_93	251	2.3e-31	2	128	124	248	0.9767441860465116
PfkB	302	3300014609.a:Ga0121318_100027_95	336	5.3e-41	1	297	1	315	0.9801324503311258
DctP	286	3300014609.a:Ga0121318_100027_99	336	1.9e-75	5	283	41	317	0.972027972027972
SIS	131	3300014609.a:Ga0121318_100028_10	391	5e-10	5	122	57	187	0.8931297709923665
SIS	131	3300014609.a:Ga0121318_100028_10	391	1.2e-08	6	80	232	310	0.5648854961832062
Pribosyltran	159	3300014609.a:Ga0121318_100028_100	211	1.9e-21	10	124	48	153	0.7169811320754716
HTH_1	60	3300014609.a:Ga0121318_100028_102	311	4.2e-22	1	59	4	62	0.9666666666666667
LysR_substrate	209	3300014609.a:Ga0121318_100028_102	311	9e-12	23	207	104	296	0.8803827751196173
GntR	64	3300014609.a:Ga0121318_100028_103	349	5.3e-21	1	64	5	68	0.984375
Peripla_BP_3	164	3300014609.a:Ga0121318_100028_103	349	1.1e-38	1	163	186	342	0.9878048780487805
Aminotran_1_2	363	3300014609.a:Ga0121318_100028_106	393	5.3e-66	3	363	32	381	0.9917355371900827
SBP_bac_1	315	3300014609.a:Ga0121318_100028_107	297	6.5e-11	10	315	49	269	0.9682539682539683
PAS	113	3300014609.a:Ga0121318_100028_108	592	1.3e-07	2	79	251	323	0.6814159292035398
HisKA	64	3300014609.a:Ga0121318_100028_108	592	2.1e-19	2	62	366	430	0.9375
HATPase_c	111	3300014609.a:Ga0121318_100028_108	592	6.1e-29	6	111	481	588	0.9459459459459459
Response_reg	112	3300014609.a:Ga0121318_100028_109	237	2.3e-32	1	111	4	113	0.9821428571428571
Trans_reg_C	77	3300014609.a:Ga0121318_100028_109	237	2e-30	2	77	156	231	0.974025974025974
Sigma70_r4	50	3300014609.a:Ga0121318_100028_111	113	8e-07	5	37	20	52	0.64
CbiA	128	3300014609.a:Ga0121318_100028_112	473	6.1e-05	9	89	111	256	0.625
MerR	38	3300014609.a:Ga0121318_100028_113	252	1.9e-16	1	38	5	42	0.9736842105263158
PfkB	302	3300014609.a:Ga0121318_100028_12	314	1.6e-57	19	297	18	293	0.9205298013245033
Pribosyltran	159	3300014609.a:Ga0121318_100028_123	171	2.4e-22	12	138	30	164	0.7924528301886793
GntR	64	3300014609.a:Ga0121318_100028_134	123	8e-12	3	64	13	74	0.953125
Glyoxalase	128	3300014609.a:Ga0121318_100028_141	322	2.1e-13	1	69	10	99	0.53125
Glyoxalase	128	3300014609.a:Ga0121318_100028_141	322	3.3e-10	9	116	169	268	0.8359375
MarR	59	3300014609.a:Ga0121318_100028_142	143	1.1e-18	1	58	34	91	0.9661016949152542
Pyr_redox_2	292	3300014609.a:Ga0121318_100028_149	470	1.6e-66	2	292	6	331	0.9931506849315068
HTH_1	60	3300014609.a:Ga0121318_100028_154	297	4.1e-19	1	59	3	61	0.9666666666666667
LysR_substrate	209	3300014609.a:Ga0121318_100028_154	297	5.5e-25	4	206	90	295	0.9665071770334929
HD	122	3300014609.a:Ga0121318_100028_2	193	3.2e-13	1	119	23	135	0.9672131147540983
SBP_bac_5	377	3300014609.a:Ga0121318_100028_25	547	5.7e-69	2	375	79	466	0.9893899204244032
Pribosyltran	159	3300014609.a:Ga0121318_100028_34	480	9e-13	31	120	287	383	0.559748427672956
HTH_DeoR	57	3300014609.a:Ga0121318_100028_4	251	2.6e-22	1	55	6	60	0.9473684210526315
DeoRC	160	3300014609.a:Ga0121318_100028_4	251	3.8e-44	2	159	76	232	0.98125
SBP_bac_1	315	3300014609.a:Ga0121318_100028_54	285	2e-06	8	314	36	257	0.9714285714285714
MCPsignal	172	3300014609.a:Ga0121318_100028_68	144	8.7e-05	90	167	28	105	0.4476744186046512
LacI	46	3300014609.a:Ga0121318_100028_71	334	2.9e-21	1	46	7	52	0.9782608695652174
Peripla_BP_3	164	3300014609.a:Ga0121318_100028_71	334	1.2e-26	3	164	174	332	0.9817073170731707
CBS	57	3300014609.a:Ga0121318_100028_88	235	1.2e-05	6	53	177	228	0.8245614035087719
GntR	64	3300014609.a:Ga0121318_100028_9	244	3e-20	1	64	10	72	0.984375
Pribosyltran	159	3300014609.a:Ga0121318_100028_91	179	7.8e-25	5	146	6	154	0.8867924528301887
HD	122	3300014609.a:Ga0121318_100072_21	197	6.3e-17	1	120	27	139	0.9754098360655737
Glucokinase	316	3300014609.a:Ga0121318_100072_44	324	3.4e-05	4	267	9	272	0.8322784810126582
Rhodanese	107	3300014609.a:Ga0121318_100072_45	133	5.6e-18	2	105	38	124	0.9626168224299065
Pyr_redox_2	292	3300014609.a:Ga0121318_100072_47	613	1e-05	2	120	2	200	0.4041095890410959
MarR	59	3300014609.a:Ga0121318_100072_5	147	1e-12	1	59	35	93	0.9830508474576272
dCache_1	249	3300014609.a:Ga0121318_100077_1	503	3.4e-05	8	168	39	189	0.642570281124498
HisKA	64	3300014609.a:Ga0121318_100077_1	503	1.6e-16	2	63	271	336	0.953125
HATPase_c	111	3300014609.a:Ga0121318_100077_1	503	7.8e-26	4	108	385	491	0.9369369369369369
Aminotran_1_2	363	3300014609.a:Ga0121318_100077_15	537	1.2e-22	87	357	181	510	0.743801652892562
Response_reg	112	3300014609.a:Ga0121318_100077_2	229	1.2e-27	1	111	4	112	0.9821428571428571
Trans_reg_C	77	3300014609.a:Ga0121318_100077_2	229	1.6e-26	3	77	153	226	0.961038961038961
HTH_11	55	3300014609.a:Ga0121318_100077_26	210	1.4e-11	1	54	6	57	0.9636363636363636
CBS	57	3300014609.a:Ga0121318_100077_26	210	3.4e-12	1	56	77	131	0.9649122807017544
CBS	57	3300014609.a:Ga0121318_100077_26	210	5.3e-11	5	55	144	198	0.8771929824561403
PTS_EIIC	324	3300014609.a:Ga0121318_100077_32	414	6.9e-56	1	324	17	334	0.9969135802469136
HTH_1	60	3300014609.a:Ga0121318_100087_19	291	2e-18	1	60	3	58	0.9833333333333333
LysR_substrate	209	3300014609.a:Ga0121318_100087_19	291	2e-26	5	207	85	285	0.9665071770334929
PfkB	302	3300014609.a:Ga0121318_100087_22	304	4.2e-69	1	300	1	295	0.9900662251655629
LacI	46	3300014609.a:Ga0121318_100087_23	332	7.2e-17	1	46	7	53	0.9782608695652174
Peripla_BP_3	164	3300014609.a:Ga0121318_100087_23	332	1.7e-31	2	164	175	327	0.9878048780487805
Mga	87	3300014609.a:Ga0121318_100087_27	670	4.8e-07	14	82	74	145	0.7816091954022989
HTH_6	77	3300014609.a:Ga0121318_100142_1	283	4.1e-20	1	74	1	73	0.948051948051948
SIS	131	3300014609.a:Ga0121318_100142_1	283	9.5e-16	2	120	129	245	0.9007633587786259
HTH_3	55	3300014609.a:Ga0121318_100142_14	380	1.3e-14	4	51	15	62	0.8545454545454545
Pyr_redox_2	292	3300014609.a:Ga0121318_100142_16	450	2.2e-67	1	292	4	317	0.9965753424657534
PTS_EIIC	324	3300014609.a:Ga0121318_100142_2	436	4.7e-54	1	324	29	355	0.9969135802469136
Aminotran_1_2	363	3300014609.a:Ga0121318_100142_3	396	1.6e-07	46	242	63	228	0.5399449035812672
CtsR	149	3300014609.a:Ga0121318_100142_4	156	1.8e-56	2	149	5	150	0.9865771812080537
AAA	132	3300014609.a:Ga0121318_100142_5	832	1.2e-15	2	126	215	346	0.9393939393939394
AAA	132	3300014609.a:Ga0121318_100142_5	832	1e-11	2	111	552	670	0.8257575757575758
SBP_bac_1	315	3300014609.a:Ga0121318_100150_16	427	5.3e-26	5	314	55	337	0.9809523809523809
Pyr_redox_2	292	3300014609.a:Ga0121318_100150_19	337	9.4e-29	1	286	8	298	0.976027397260274
Aminotran_1_2	363	3300014609.a:Ga0121318_100150_22	389	1.2e-40	47	362	66	382	0.8677685950413223
HATPase_c	111	3300014609.a:Ga0121318_100150_7	368	5.9e-12	3	108	262	352	0.9459459459459459
Response_reg	112	3300014609.a:Ga0121318_100150_8	211	2.3e-27	1	111	4	115	0.9821428571428571
GerE	57	3300014609.a:Ga0121318_100150_8	211	1.5e-23	3	57	149	203	0.9473684210526315
TrkA_C	70	3300014609.a:Ga0121318_100150_9	222	1.8e-17	1	69	149	219	0.9714285714285714
GAF	133	3300014609.a:Ga0121318_100172_11	160	6.3e-06	43	110	73	135	0.5037593984962406
Glyoxalase	128	3300014609.a:Ga0121318_100172_12	141	1.2e-06	10	128	10	134	0.921875
SBP_bac_5	377	3300014609.a:Ga0121318_100172_8	554	1.7e-69	6	374	83	470	0.9761273209549072
LacI	46	3300014609.a:Ga0121318_100216_1	342	1.6e-14	2	43	4	47	0.8913043478260869
Peripla_BP_3	164	3300014609.a:Ga0121318_100216_1	342	6.2e-38	2	163	166	336	0.9817073170731707
SBP_bac_1	315	3300014609.a:Ga0121318_100216_3	334	6.5e-31	51	314	2	246	0.834920634920635
SBP_bac_1	315	3300014609.a:Ga0121318_100216_7	420	1e-42	3	314	44	336	0.9873015873015873
Pyr_redox_2	292	3300014609.a:Ga0121318_100249_6	649	5.5e-45	2	292	5	327	0.9931506849315068
TetR_N	47	3300014609.a:Ga0121318_100752_2	199	6.4e-13	2	47	16	62	0.9574468085106383
PTS_EIIC	324	3300014609.a:Ga0121318_101173_2	488	7.7e-57	1	324	29	410	0.9969135802469136
