PUL0017	2
PUL00615	2
PUL0106	2
PUL01060	2
PUL01080	2
PUL0121	2
PUL0267	2
PUL0333	2
PUL0339	2
PUL04608	2
PUL0008	1
PUL0009	1
PUL00290	1
PUL00360	1
PUL0038	1
PUL00500	1
PUL0058	1
PUL00706	1
PUL01016	1
PUL0103	1
PUL01081	1
PUL0122	1
PUL0176	1
PUL01846	1
PUL0205	1
PUL0217	1
PUL02181	1
PUL0258	1
PUL0291	1
PUL0299	1
PUL03004	1
PUL0316	1
PUL0320	1
PUL0332	1
PUL0335	1
PUL03351	1
PUL0337	1
PUL03390	1
PUL0340	1
PUL03412	1
PUL0365	1
PUL03680	1
PUL0389	1
PUL03901	1
PUL03904	1
PUL0396	1
PUL0399	1
PUL0404	1
PUL0410	1
PUL04135	1
PUL04298	1
PUL04299	1
PUL04599	1
PUL0460	1
PUL05094	1
PUL0519	1
PUL0573	1
PUL0584	1
PUL0598	1
PUL0599	1
