0040517	144	3300014749.a:Ga0169785_100008_101	290	7.3e-05	29	104	3	72	0.5208333333333334
0039939	63	3300014749.a:Ga0169785_100008_130	109	3e-06	15	54	6	45	0.6190476190476191
0037767	80	3300014749.a:Ga0169785_100008_165	229	1.5e-15	7	77	141	210	0.875
0043095	94	3300014749.a:Ga0169785_100008_17	154	3.4e-16	9	87	4	100	0.8297872340425532
0041150	134	3300014749.a:Ga0169785_100008_181	136	4.1e-28	11	133	9	129	0.9104477611940298
0043707	64	3300014749.a:Ga0169785_100008_200	291	1e-15	3	62	3	63	0.921875
0043095	94	3300014749.a:Ga0169785_100008_251	97	2.4e-29	4	90	7	93	0.9148936170212766
0044258	100	3300014749.a:Ga0169785_100008_267	109	2.5e-19	3	94	7	99	0.91
0042546	127	3300014749.a:Ga0169785_100008_283	166	4.6e-32	1	117	3	119	0.9133858267716536
0039384	65	3300014749.a:Ga0169785_100013_105	210	1.2e-11	3	63	1	60	0.9230769230769231
0044258	100	3300014749.a:Ga0169785_100013_139	342	2.1e-09	18	94	22	91	0.76
0040586	141	3300014749.a:Ga0169785_100013_21	129	2.7e-22	39	138	22	122	0.7021276595744681
0041150	134	3300014749.a:Ga0169785_100016_143	163	6.3e-43	1	134	6	142	0.9925373134328358
0043707	64	3300014749.a:Ga0169785_100016_149	151	5.4e-05	3	43	4	44	0.625
0036286	54	3300014749.a:Ga0169785_100016_34	338	1.2e-10	4	53	233	282	0.9074074074074074
0035607	54	3300014749.a:Ga0169785_100016_34	338	2.3e-08	3	53	284	332	0.9259259259259259
0036286	54	3300014749.a:Ga0169785_100016_51	341	1.9e-09	6	53	177	224	0.8703703703703703
0035607	54	3300014749.a:Ga0169785_100016_51	341	1.6e-08	4	54	227	275	0.9259259259259259
0036286	54	3300014749.a:Ga0169785_100016_53	343	2.6e-09	5	53	176	224	0.8888888888888888
0035607	54	3300014749.a:Ga0169785_100016_53	343	7.3e-08	3	54	226	275	0.9444444444444444
0037456	76	3300014749.a:Ga0169785_100026_67	187	7.9e-06	1	53	6	53	0.6842105263157895
0043143	63	3300014749.a:Ga0169785_100026_91	68	6.9e-07	4	60	6	62	0.8888888888888888
0039384	65	3300014749.a:Ga0169785_100034_130	170	5.3e-05	14	53	10	55	0.6
0043758	87	3300014749.a:Ga0169785_100034_22	224	7.1e-13	2	68	8	73	0.7586206896551724
0037456	76	3300014749.a:Ga0169785_100034_30	152	2.7e-22	1	68	2	69	0.881578947368421
0043758	87	3300014749.a:Ga0169785_100034_76	343	1.8e-26	2	82	1	81	0.9195402298850575
0043095	94	3300014749.a:Ga0169785_100049_104	115	2.2e-26	3	91	4	92	0.9361702127659575
0043095	94	3300014749.a:Ga0169785_100049_41	366	2.9e-17	5	82	279	356	0.8191489361702128
0043935	94	3300014749.a:Ga0169785_100049_45	355	5.2e-05	10	65	249	302	0.5851063829787234
0043707	64	3300014749.a:Ga0169785_100049_69	107	1.5e-08	12	61	20	70	0.765625
0040517	144	3300014749.a:Ga0169785_100049_75	173	1.1e-33	1	136	26	161	0.9375
0045032	127	3300014749.a:Ga0169785_100053_100	150	3.4e-28	1	126	5	131	0.984251968503937
0045032	127	3300014749.a:Ga0169785_100053_4	236	1.1e-07	16	101	43	128	0.6692913385826772
0043707	64	3300014749.a:Ga0169785_100053_5	128	5.5e-14	3	61	28	89	0.90625
0042156	125	3300014749.a:Ga0169785_100053_56	130	1.9e-23	13	123	1	113	0.88
0045032	127	3300014749.a:Ga0169785_100053_61	140	2.9e-30	1	126	5	132	0.984251968503937
0043935	94	3300014749.a:Ga0169785_100085_40	110	9.6e-19	2	88	5	95	0.9148936170212766
0043707	64	3300014749.a:Ga0169785_100085_59	124	4.6e-12	4	61	6	65	0.890625
0038966	94	3300014749.a:Ga0169785_100085_60	340	9.4e-05	31	64	27	60	0.35106382978723405
0040266	151	3300014749.a:Ga0169785_100099_24	308	1.3e-05	38	101	13	71	0.41721854304635764
0043707	64	3300014749.a:Ga0169785_100099_48	154	1.4e-13	3	61	3	62	0.90625
0041150	134	3300014749.a:Ga0169785_100099_9	140	2.4e-36	2	134	2	132	0.9850746268656716
0039384	65	3300014749.a:Ga0169785_100103_49	325	6.9e-11	14	63	8	58	0.7538461538461538
0045032	127	3300014749.a:Ga0169785_100103_78	144	1.6e-26	2	125	6	132	0.968503937007874
0039384	65	3300014749.a:Ga0169785_100129_16	231	5.1e-12	6	63	22	79	0.8769230769230769
0038753	71	3300014749.a:Ga0169785_100129_39	242	1.4e-12	3	70	166	229	0.9436619718309859
0044258	100	3300014749.a:Ga0169785_100140_41	119	8.6e-21	3	96	14	107	0.93
0043707	64	3300014749.a:Ga0169785_100140_49	92	4.8e-12	4	54	20	71	0.78125
0038966	94	3300014749.a:Ga0169785_100197_1	93	1e-07	28	62	2	36	0.3617021276595745
0036286	54	3300014749.a:Ga0169785_100197_25	297	1.3e-07	4	53	196	245	0.9074074074074074
0035607	54	3300014749.a:Ga0169785_100197_25	297	6.3e-11	3	52	247	294	0.9074074074074074
0040266	151	3300014749.a:Ga0169785_100239_13	297	9.7e-06	44	118	18	93	0.4900662251655629
0039384	65	3300014749.a:Ga0169785_100239_19	112	1.7e-06	13	45	25	56	0.49230769230769234
0040266	151	3300014749.a:Ga0169785_100357_4	313	1.7e-05	43	115	17	76	0.4768211920529801
