HTH_8	42	3300010287.a:Ga0134094_1000012_148	424	7.2e-18	2	42	378	418	0.9523809523809523
HTH_8	42	3300010287.a:Ga0134094_1000012_151	331	3.9e-13	2	42	280	320	0.9523809523809523
HTH_8	42	3300010287.a:Ga0134094_1000012_159	459	1.8e-16	2	42	409	449	0.9523809523809523
MerR	38	3300010287.a:Ga0134094_1000012_169	113	3.8e-10	2	38	10	44	0.9473684210526315
HTH_3	55	3300010287.a:Ga0134094_1000012_215	420	4.3e-15	1	55	251	305	0.9818181818181818
Crp	32	3300010287.a:Ga0134094_1000012_22	223	2.8e-08	1	32	170	201	0.96875
HTH_8	42	3300010287.a:Ga0134094_1000012_222	508	1.5e-12	2	42	458	498	0.9523809523809523
FUR	120	3300010287.a:Ga0134094_1000012_243	173	6.4e-29	3	118	3	115	0.9583333333333334
HTH_1	60	3300010287.a:Ga0134094_1000052_148	135	9.7e-15	3	60	46	108	0.95
HTH_8	42	3300010287.a:Ga0134094_1000052_28	434	2e-17	2	42	390	430	0.9523809523809523
HTH_5	47	3300010287.a:Ga0134094_1000052_70	122	1.9e-21	1	46	13	58	0.9574468085106383
CSD	66	3300010287.a:Ga0134094_1000052_71	68	2.9e-30	2	65	4	66	0.9545454545454546
HTH_3	55	3300010287.a:Ga0134094_1000052_79	280	7.4e-06	4	31	128	155	0.4909090909090909
Trans_reg_C	77	3300010287.a:Ga0134094_1000052_9	215	1.9e-16	2	77	144	213	0.974025974025974
HTH_1	60	3300010287.a:Ga0134094_1000081_19	116	2.3e-18	6	60	26	85	0.9
HTH_1	60	3300010287.a:Ga0134094_1000081_25	47	1.9e-14	3	43	5	45	0.6666666666666666
HTH_3	55	3300010287.a:Ga0134094_1000081_48	250	1.6e-05	1	33	5	37	0.5818181818181818
MerR	38	3300010287.a:Ga0134094_1000081_5	116	1.4e-09	1	38	16	53	0.9736842105263158
HTH_8	42	3300010287.a:Ga0134094_1000081_63	475	7.7e-12	1	41	430	470	0.9523809523809523
HTH_1	60	3300010287.a:Ga0134094_1000081_76	297	1.8e-18	1	60	3	62	0.9833333333333333
HTH_8	42	3300010287.a:Ga0134094_1000094_120	302	3e-14	3	42	259	298	0.9285714285714286
HTH_1	60	3300010287.a:Ga0134094_1000094_22	303	4.1e-20	3	60	5	62	0.95
Arg_repressor	70	3300010287.a:Ga0134094_1000094_51	472	2e-05	7	50	414	460	0.6142857142857143
GCN5L1	114	3300010287.a:Ga0134094_1000094_63	292	4.9e-05	52	110	169	228	0.5087719298245614
Trans_reg_C	77	3300010287.a:Ga0134094_1000094_67	232	4.1e-30	2	76	152	226	0.961038961038961
Rrf2	83	3300010287.a:Ga0134094_1000159_25	104	1.8e-15	36	82	2	48	0.5542168674698795
Fez1	198	3300010287.a:Ga0134094_1000159_42	256	7.1e-05	32	163	26	174	0.6616161616161617
HTH_8	42	3300010287.a:Ga0134094_1000159_6	462	1.9e-16	4	40	405	441	0.8571428571428571
Trans_reg_C	77	3300010287.a:Ga0134094_1000210_34	226	8.7e-26	2	77	147	223	0.974025974025974
HTH_8	42	3300010287.a:Ga0134094_1000210_71	453	7.6e-07	3	27	404	428	0.5714285714285714
GerE	57	3300010287.a:Ga0134094_1000380_12	214	6.2e-20	2	57	151	206	0.9649122807017544
HTH_8	42	3300010287.a:Ga0134094_1000380_41	451	1.7e-05	23	42	425	444	0.4523809523809524
HTH_8	42	3300010287.a:Ga0134094_1000640_26	431	1.3e-16	3	42	387	426	0.9285714285714286
HTH_8	42	3300010287.a:Ga0134094_1000677_11	458	1.8e-11	2	40	406	444	0.9047619047619048
HTH_11	55	3300010287.a:Ga0134094_1000677_22	327	6.8e-05	3	43	6	51	0.7272727272727273
Trans_reg_C	77	3300010287.a:Ga0134094_1000677_35	225	9.3e-18	2	77	154	223	0.974025974025974
HTH_3	55	3300010287.a:Ga0134094_1000684_1	66	4.9e-15	1	55	8	63	0.9818181818181818
MarR	59	3300010287.a:Ga0134094_1000684_27	198	5.7e-08	5	48	11	54	0.7288135593220338
GntR	64	3300010287.a:Ga0134094_1001179_21	247	2.6e-19	1	64	13	76	0.984375
LytTR	98	3300010287.a:Ga0134094_1002281_19	257	6.9e-29	3	97	155	250	0.9591836734693877
HTH_8	42	3300010287.a:Ga0134094_1002419_8	449	2.6e-13	1	42	403	444	0.9761904761904762
HTH_8	42	3300010287.a:Ga0134094_1002734_12	463	2.3e-15	3	42	408	447	0.9285714285714286
HTH_3	55	3300010287.a:Ga0134094_1003154_4	243	6.1e-15	2	55	12	65	0.9636363636363636
HTH_3	55	3300010287.a:Ga0134094_1003555_3	233	3.3e-11	1	54	7	62	0.9636363636363636
HTH_8	42	3300010287.a:Ga0134094_1012708_1	60	7.1e-05	20	41	4	25	0.5
HTH_3	55	3300010287.a:Ga0134094_1014540_2	259	3.4e-15	1	54	6	60	0.9636363636363636
HTH_3	55	3300010287.a:Ga0134094_1014540_3	84	1.7e-15	1	48	25	73	0.8545454545454545
