HTH_3	55	3300029427.a:Ga0243889_1000001_110	114	3.3e-13	1	55	11	65	0.9818181818181818
HTH_3	55	3300029427.a:Ga0243889_1000001_118	120	1e-15	1	54	17	70	0.9636363636363636
Trans_reg_C	77	3300029427.a:Ga0243889_1000001_119	225	7.5e-21	2	76	148	221	0.961038961038961
FUR	120	3300029427.a:Ga0243889_1000001_133	161	4.4e-13	1	63	34	95	0.5166666666666667
Trans_reg_C	77	3300029427.a:Ga0243889_1000001_135	230	1.8e-26	2	77	151	226	0.974025974025974
HTH_11	55	3300029427.a:Ga0243889_1000001_141	153	1.7e-08	4	52	7	58	0.8727272727272727
HTH_6	77	3300029427.a:Ga0243889_1000001_188	110	1.1e-20	14	74	4	64	0.7792207792207793
HTH_3	55	3300029427.a:Ga0243889_1000001_190	190	6.8e-18	1	54	10	63	0.9636363636363636
Trans_reg_C	77	3300029427.a:Ga0243889_1000001_224	234	6e-23	1	77	153	229	0.987012987012987
MerR	38	3300029427.a:Ga0243889_1000001_230	126	8.8e-18	1	38	2	39	0.9736842105263158
HTH_3	55	3300029427.a:Ga0243889_1000001_231	85	1e-09	3	55	18	71	0.9454545454545454
HTH_3	55	3300029427.a:Ga0243889_1000001_237	112	2e-09	1	55	18	73	0.9818181818181818
HTH_3	55	3300029427.a:Ga0243889_1000001_242	243	4.9e-18	1	55	8	62	0.9818181818181818
HTH_3	55	3300029427.a:Ga0243889_1000001_342	75	1.9e-17	1	55	7	61	0.9818181818181818
LytTR	98	3300029427.a:Ga0243889_1000001_377	248	6.4e-15	4	94	146	234	0.9183673469387755
LytTR	98	3300029427.a:Ga0243889_1000001_386	248	1.6e-17	5	97	143	234	0.9387755102040817
LytTR	98	3300029427.a:Ga0243889_1000001_416	241	1.1e-17	6	95	145	231	0.9081632653061225
GntR	64	3300029427.a:Ga0243889_1000001_427	130	1.4e-15	2	64	14	76	0.96875
HTH_AraC	42	3300029427.a:Ga0243889_1000001_433	536	9.2e-11	8	42	445	479	0.8095238095238095
HTH_AraC	42	3300029427.a:Ga0243889_1000001_433	536	2.1e-11	14	42	500	529	0.6666666666666666
LytTR	98	3300029427.a:Ga0243889_1000001_45	245	8.1e-14	5	89	147	231	0.8571428571428571
TrmB	68	3300029427.a:Ga0243889_1000001_470	323	2.1e-06	10	53	157	200	0.6323529411764706
MerR	38	3300029427.a:Ga0243889_1000001_500	220	5.1e-06	1	38	7	43	0.9736842105263158
Trans_reg_C	77	3300029427.a:Ga0243889_1000001_502	230	3.1e-26	5	77	155	227	0.935064935064935
HTH_AraC	42	3300029427.a:Ga0243889_1000001_513	308	3.9e-13	1	41	197	237	0.9523809523809523
HTH_AraC	42	3300029427.a:Ga0243889_1000001_513	308	2.8e-12	1	42	249	288	0.9761904761904762
CSD	66	3300029427.a:Ga0243889_1000001_532	72	1.1e-29	2	65	3	69	0.9545454545454546
GntR	64	3300029427.a:Ga0243889_1000001_547	224	9e-20	2	64	14	75	0.96875
HTH_11	55	3300029427.a:Ga0243889_1000001_82	253	1.8e-05	9	35	153	179	0.4727272727272727
HTH_AraC	42	3300029427.a:Ga0243889_1000001_82	253	3.3e-06	19	41	220	243	0.5238095238095238
HTH_3	55	3300029427.a:Ga0243889_1000004_102	246	6.4e-08	11	32	211	232	0.38181818181818183
Fe_dep_repress	60	3300029427.a:Ga0243889_1000004_107	125	3e-10	3	55	5	57	0.8666666666666667
LexA_DNA_bind	65	3300029427.a:Ga0243889_1000004_167	207	8.6e-25	3	65	5	67	0.9538461538461539
HTH_3	55	3300029427.a:Ga0243889_1000004_218	67	7.5e-07	1	47	8	54	0.8363636363636363
Trans_reg_C	77	3300029427.a:Ga0243889_1000004_23	226	3.5e-27	1	77	149	222	0.987012987012987
HTH_AraC	42	3300029427.a:Ga0243889_1000004_249	253	4.3e-08	3	34	150	181	0.7380952380952381
HTH_AraC	42	3300029427.a:Ga0243889_1000004_249	253	1.5e-09	12	42	208	239	0.7142857142857143
HTH_3	55	3300029427.a:Ga0243889_1000004_272	134	1.3e-15	1	49	13	61	0.8727272727272727
HTH_3	55	3300029427.a:Ga0243889_1000004_273	148	5.6e-12	1	53	32	84	0.9454545454545454
HTH_3	55	3300029427.a:Ga0243889_1000004_287	261	6.5e-07	9	32	225	248	0.41818181818181815
HTH_3	55	3300029427.a:Ga0243889_1000004_289	167	4.4e-06	11	51	29	69	0.7272727272727273
HTH_3	55	3300029427.a:Ga0243889_1000004_298	119	8.4e-11	1	55	10	64	0.9818181818181818
HTH_1	60	3300029427.a:Ga0243889_1000004_32	158	7.3e-05	15	43	124	152	0.4666666666666667
Pencillinase_R	115	3300029427.a:Ga0243889_1000004_328	128	9.3e-39	1	114	7	120	0.9826086956521739
Trans_reg_C	77	3300029427.a:Ga0243889_1000004_336	221	3.8e-22	2	77	145	219	0.974025974025974
GntR	64	3300029427.a:Ga0243889_1000004_354	469	5.4e-17	1	64	12	75	0.984375
HTH_1	60	3300029427.a:Ga0243889_1000004_413	112	1.1e-12	5	59	24	83	0.9
LytTR	98	3300029427.a:Ga0243889_1000004_418	149	2.8e-23	2	97	51	146	0.9693877551020408
Trans_reg_C	77	3300029427.a:Ga0243889_1000007_120	225	2.9e-26	4	77	153	223	0.948051948051948
GntR	64	3300029427.a:Ga0243889_1000007_137	520	4.2e-18	1	64	14	77	0.984375
LytTR	98	3300029427.a:Ga0243889_1000007_147	233	3.3e-19	9	96	141	223	0.8877551020408163
Trans_reg_C	77	3300029427.a:Ga0243889_1000007_157	229	4.2e-28	2	77	149	225	0.974025974025974
Trans_reg_C	77	3300029427.a:Ga0243889_1000007_166	231	3.3e-17	2	77	147	221	0.974025974025974
HTH_1	60	3300029427.a:Ga0243889_1000007_194	292	2.2e-20	3	60	5	62	0.95
GntR	64	3300029427.a:Ga0243889_1000007_201	119	6.8e-14	2	64	10	72	0.96875
HTH_3	55	3300029427.a:Ga0243889_1000007_217	299	1.6e-12	1	55	10	64	0.9818181818181818
HTH_AraC	42	3300029427.a:Ga0243889_1000007_218	267	1.2e-05	5	39	171	205	0.8095238095238095
HTH_AraC	42	3300029427.a:Ga0243889_1000007_218	267	8.7e-12	6	42	221	258	0.8571428571428571
HTH_AraC	42	3300029427.a:Ga0243889_1000007_221	289	3.5e-07	3	41	193	231	0.9047619047619048
HTH_AraC	42	3300029427.a:Ga0243889_1000007_221	289	3.5e-11	1	42	243	282	0.9761904761904762
HTH_AraC	42	3300029427.a:Ga0243889_1000007_224	299	9.3e-12	1	41	196	236	0.9523809523809523
HTH_AraC	42	3300029427.a:Ga0243889_1000007_224	299	1.8e-09	7	41	251	286	0.8095238095238095
FUR	120	3300029427.a:Ga0243889_1000007_242	134	4.6e-21	5	119	5	119	0.95
HTH_11	55	3300029427.a:Ga0243889_1000007_247	208	4.7e-05	7	37	33	63	0.5454545454545454
HTH_AraC	42	3300029427.a:Ga0243889_1000007_274	254	5.8e-10	3	41	152	190	0.9047619047619048
HTH_AraC	42	3300029427.a:Ga0243889_1000007_274	254	1.2e-07	12	42	210	241	0.7142857142857143
GerE	57	3300029427.a:Ga0243889_1000007_293	210	6e-12	2	56	141	195	0.9473684210526315
MerR	38	3300029427.a:Ga0243889_1000007_300	279	1.1e-13	1	38	8	46	0.9736842105263158
HTH_3	55	3300029427.a:Ga0243889_1000007_302	160	2.1e-07	1	51	22	72	0.9090909090909091
GerE	57	3300029427.a:Ga0243889_1000007_315	334	1.1e-11	3	55	277	329	0.9122807017543859
HTH_3	55	3300029427.a:Ga0243889_1000007_346	70	3.9e-17	1	54	7	60	0.9636363636363636
HTH_3	55	3300029427.a:Ga0243889_1000007_356	96	5.4e-05	10	52	40	82	0.7636363636363637
GntR	64	3300029427.a:Ga0243889_1000007_49	124	6.3e-18	2	64	12	74	0.96875
HTH_5	47	3300029427.a:Ga0243889_1000007_50	122	4.6e-17	1	45	39	83	0.9361702127659575
Trans_reg_C	77	3300029427.a:Ga0243889_1000007_59	223	9.1e-27	1	77	145	220	0.987012987012987
LacI	46	3300029427.a:Ga0243889_1000007_64	336	4.4e-16	1	46	2	47	0.9782608695652174
HTH_3	55	3300029427.a:Ga0243889_1000018_129	207	1e-08	10	31	174	195	0.38181818181818183
Arg_repressor	70	3300029427.a:Ga0243889_1000018_161	150	4.5e-24	3	67	2	66	0.9142857142857143
HTH_1	60	3300029427.a:Ga0243889_1000018_172	355	3.2e-24	2	60	6	64	0.9666666666666667
GerE	57	3300029427.a:Ga0243889_1000018_19	218	1.2e-18	3	56	157	210	0.9298245614035088
CodY	177	3300029427.a:Ga0243889_1000018_194	255	7.7e-39	1	177	4	176	0.9943502824858758
HTH_CodY	61	3300029427.a:Ga0243889_1000018_194	255	3.4e-35	1	59	195	253	0.9508196721311475
Trans_reg_C	77	3300029427.a:Ga0243889_1000018_199	229	5.9e-21	3	77	147	220	0.961038961038961
MarR	59	3300029427.a:Ga0243889_1000018_204	155	2.2e-05	17	48	17	48	0.5254237288135594
HTH_AraC	42	3300029427.a:Ga0243889_1000018_213	265	1e-11	2	42	213	251	0.9523809523809523
Trans_reg_C	77	3300029427.a:Ga0243889_1000018_32	229	2e-31	1	77	150	226	0.987012987012987
CSD	66	3300029427.a:Ga0243889_1000018_43	67	1.7e-32	2	65	3	65	0.9545454545454546
HTH_AraC	42	3300029427.a:Ga0243889_1000018_47	304	3.4e-05	14	42	29	57	0.6666666666666666
HTH_AraC	42	3300029427.a:Ga0243889_1000018_47	304	6.7e-07	2	42	69	107	0.9523809523809523
LytTR	98	3300029427.a:Ga0243889_1000018_55	236	2.7e-13	3	91	139	226	0.8979591836734694
MarR	59	3300029427.a:Ga0243889_1000018_67	150	8.9e-08	2	57	31	90	0.9322033898305084
LytTR	98	3300029427.a:Ga0243889_1000018_8	242	8.8e-19	5	97	145	232	0.9387755102040817
MerR	38	3300029427.a:Ga0243889_1000020_10	268	7.7e-11	2	38	11	48	0.9473684210526315
HTH_AraC	42	3300029427.a:Ga0243889_1000020_104	285	4.1e-06	3	41	191	229	0.9047619047619048
HTH_AraC	42	3300029427.a:Ga0243889_1000020_104	285	2.1e-13	2	42	242	280	0.9523809523809523
HTH_AraC	42	3300029427.a:Ga0243889_1000020_106	114	1.6e-11	9	42	3	36	0.7857142857142857
HTH_AraC	42	3300029427.a:Ga0243889_1000020_106	114	1.7e-14	7	42	50	86	0.8333333333333334
HTH_AraC	42	3300029427.a:Ga0243889_1000020_109	297	1.7e-12	1	42	178	219	0.9761904761904762
HTH_AraC	42	3300029427.a:Ga0243889_1000020_109	297	8.7e-14	7	42	233	269	0.8333333333333334
SpoVT_AbrB	46	3300029427.a:Ga0243889_1000020_130	182	7.3e-11	2	44	9	52	0.9130434782608695
HTH_AraC	42	3300029427.a:Ga0243889_1000020_144	211	1.7e-05	8	32	28	52	0.5714285714285714
HTH_3	55	3300029427.a:Ga0243889_1000020_150	98	3.2e-18	1	55	6	60	0.9818181818181818
HTH_DeoR	57	3300029427.a:Ga0243889_1000020_163	255	4.1e-20	1	56	6	61	0.9649122807017544
HTH_3	55	3300029427.a:Ga0243889_1000020_165	249	3.8e-11	1	54	11	65	0.9636363636363636
Trans_reg_C	77	3300029427.a:Ga0243889_1000020_193	245	2.7e-28	2	77	167	240	0.974025974025974
HTH_3	55	3300029427.a:Ga0243889_1000020_49	100	4e-12	1	55	10	64	0.9818181818181818
LytTR	98	3300029427.a:Ga0243889_1000020_50	229	8.6e-17	4	95	132	220	0.9285714285714286
HTH_3	55	3300029427.a:Ga0243889_1000020_53	195	8.7e-06	23	53	57	87	0.5454545454545454
LacI	46	3300029427.a:Ga0243889_1000020_54	337	7.3e-16	1	46	11	56	0.9782608695652174
HTH_3	55	3300029427.a:Ga0243889_1000020_65	217	6.6e-10	7	55	24	72	0.8727272727272727
Trans_reg_C	77	3300029427.a:Ga0243889_1000020_67	226	5.8e-24	2	76	149	222	0.961038961038961
LytTR	98	3300029427.a:Ga0243889_1000020_72	248	8.5e-16	5	97	144	234	0.9387755102040817
HTH_10	53	3300029427.a:Ga0243889_1000020_74	86	6.8e-05	23	44	20	41	0.39622641509433965
HTH_1	60	3300029427.a:Ga0243889_1000020_96	297	1.5e-18	4	60	8	64	0.9333333333333333
HTH_1	60	3300029427.a:Ga0243889_1000020_97	351	3.8e-18	1	60	3	62	0.9833333333333333
HTH_11	55	3300029427.a:Ga0243889_1000048_101	175	1.9e-12	1	55	6	59	0.9818181818181818
PadR	75	3300029427.a:Ga0243889_1000048_97	112	2.1e-21	1	75	14	83	0.9866666666666667
PSK_trans_fac	82	3300029427.a:Ga0243889_1000072_108	71	2.9e-05	7	46	27	66	0.47560975609756095
HTH_3	55	3300029427.a:Ga0243889_1000072_122	43	5.7e-14	1	34	7	40	0.6
Trans_reg_C	77	3300029427.a:Ga0243889_1000072_126	228	1.4e-23	1	76	146	220	0.974025974025974
Trp_repressor	88	3300029427.a:Ga0243889_1000072_26	110	3.6e-31	2	87	9	93	0.9659090909090909
PadR	75	3300029427.a:Ga0243889_1000072_4	150	1.9e-17	1	73	50	122	0.96
SfsA	199	3300029427.a:Ga0243889_1000072_73	227	4.4e-76	1	198	12	214	0.9899497487437185
HTH_3	55	3300029427.a:Ga0243889_1000072_74	202	9.3e-14	1	55	10	64	0.9818181818181818
HTH_1	60	3300029427.a:Ga0243889_1000072_84	293	1.5e-22	4	60	8	64	0.9333333333333333
Trans_reg_C	77	3300029427.a:Ga0243889_1000072_91	227	6.5e-20	1	77	145	220	0.987012987012987
HTH_AraC	42	3300029427.a:Ga0243889_1000072_94	284	1.2e-09	6	41	193	228	0.8333333333333334
HTH_AraC	42	3300029427.a:Ga0243889_1000072_94	284	1.7e-08	8	41	244	278	0.7857142857142857
HTH_11	55	3300029427.a:Ga0243889_1000072_97	327	2.5e-19	3	55	3	55	0.9454545454545454
HTH_AraC	42	3300029427.a:Ga0243889_1000115_12	293	1.5e-06	1	42	190	231	0.9761904761904762
HTH_AraC	42	3300029427.a:Ga0243889_1000115_12	293	1.6e-09	1	42	242	281	0.9761904761904762
Trans_reg_C	77	3300029427.a:Ga0243889_1000115_18	237	4.2e-25	1	76	158	234	0.974025974025974
Rrf2	83	3300029427.a:Ga0243889_1000115_30	145	2.9e-28	1	82	1	82	0.9759036144578314
FMN_bind_2	168	3300029427.a:Ga0243889_1000115_50	173	1.6e-06	10	167	12	164	0.9345238095238095
HTH_3	55	3300029427.a:Ga0243889_1000115_53	356	1.4e-05	2	54	253	305	0.9454545454545454
HTH_DeoR	57	3300029427.a:Ga0243889_1000115_57	250	1.4e-15	1	55	6	60	0.9473684210526315
HTH_8	42	3300029427.a:Ga0243889_1000115_79	363	6e-05	20	42	305	327	0.5238095238095238
HTH_5	47	3300029427.a:Ga0243889_1000130_20	107	1.6e-16	1	47	31	77	0.9787234042553191
GerE	57	3300029427.a:Ga0243889_1000130_51	497	3.1e-09	2	56	434	489	0.9473684210526315
HTH_3	55	3300029427.a:Ga0243889_1000130_67	256	1.3e-19	1	53	7	59	0.9454545454545454
HTH_3	55	3300029427.a:Ga0243889_1000130_77	98	2.4e-11	14	53	19	58	0.7090909090909091
Trans_reg_C	77	3300029427.a:Ga0243889_1000130_82	228	2e-26	6	77	155	225	0.922077922077922
HTH_3	55	3300029427.a:Ga0243889_1000130_85	214	6.4e-14	1	52	13	64	0.9272727272727272
LacI	46	3300029427.a:Ga0243889_1000186_13	666	2.3e-16	1	44	7	50	0.9347826086956522
Trans_reg_C	77	3300029427.a:Ga0243889_1000186_17	215	4.5e-17	5	77	136	207	0.935064935064935
GerE	57	3300029427.a:Ga0243889_1000186_24	814	3e-14	2	57	752	807	0.9649122807017544
TrmB	68	3300029427.a:Ga0243889_1000186_35	516	5.4e-06	7	56	452	501	0.7205882352941176
HTH_3	55	3300029427.a:Ga0243889_1000186_44	73	2.8e-05	10	54	17	60	0.8
HTH_3	55	3300029427.a:Ga0243889_1000186_49	115	1.4e-11	1	55	10	64	0.9818181818181818
MerR	38	3300029427.a:Ga0243889_1000310_64	276	7.1e-13	1	38	8	45	0.9736842105263158
Trans_reg_C	77	3300029427.a:Ga0243889_1000585_18	240	2.4e-27	3	77	161	235	0.961038961038961
HTH_3	55	3300029427.a:Ga0243889_1000585_24	293	1.4e-12	5	55	10	61	0.9090909090909091
FUR	120	3300029427.a:Ga0243889_1000585_6	142	5.3e-15	23	112	24	118	0.7416666666666667
