251	CAZyme	1	5	CGC1	3300017652.a:Ga0182746_1000022	269095	270489	3300017652.a:Ga0182746_1000022_252	-	DB=CE11| CE11;ID=3300017652.a:Ga0182746_1000022_252	DB=CE11| CE11;ID=3300017652.a:Ga0182746_1000022_252
252	null	null	null	CGC1	3300017652.a:Ga0182746_1000022	270489	271529	3300017652.a:Ga0182746_1000022_253	-	;ID=3300017652.a:Ga0182746_1000022_253
253	STP	0	1	CGC1	3300017652.a:Ga0182746_1000022	271572	272798	3300017652.a:Ga0182746_1000022_254	-	DB=STP|HD;ID=3300017652.a:Ga0182746_1000022_254	DB=STP|HD;ID=3300017652.a:Ga0182746_1000022_254
254	STP	2	0	CGC1	3300017652.a:Ga0182746_1000022	272847	274394	3300017652.a:Ga0182746_1000022_255	+	DB=STP|Response_reg,STP|PglZ;ID=3300017652.a:Ga0182746_1000022_255	DB=STP|Response_reg,STP|PglZ;ID=3300017652.a:Ga0182746_1000022_255
255	null	null	null	CGC1	3300017652.a:Ga0182746_1000022	274409	274945	3300017652.a:Ga0182746_1000022_256	+	;ID=3300017652.a:Ga0182746_1000022_256
256	null	null	null	CGC1	3300017652.a:Ga0182746_1000022	275035	275451	3300017652.a:Ga0182746_1000022_257	+	;ID=3300017652.a:Ga0182746_1000022_257
257	TC	2	2	CGC1	3300017652.a:Ga0182746_1000022	275461	276666	3300017652.a:Ga0182746_1000022_258	+	DB=gnl|TC-DB|P11024|3.D.2.3.1;ID=3300017652.a:Ga0182746_1000022_258	DB=gnl|TC-DB|P11024|3.D.2.3.1;ID=3300017652.a:Ga0182746_1000022_258
258	null	null	null	CGC1	3300017652.a:Ga0182746_1000022	276663	277043	3300017652.a:Ga0182746_1000022_259	+	;ID=3300017652.a:Ga0182746_1000022_259
259	null	null	null	CGC1	3300017652.a:Ga0182746_1000022	277040	277618	3300017652.a:Ga0182746_1000022_260	-	;ID=3300017652.a:Ga0182746_1000022_260
260	STP	1	2	CGC1	3300017652.a:Ga0182746_1000022	277615	278175	3300017652.a:Ga0182746_1000022_261	-	DB=STP|Pribosyltran;ID=3300017652.a:Ga0182746_1000022_261	DB=STP|Pribosyltran;ID=3300017652.a:Ga0182746_1000022_261
261	null	null	null	CGC1	3300017652.a:Ga0182746_1000022	278364	279269	3300017652.a:Ga0182746_1000022_262	+	;ID=3300017652.a:Ga0182746_1000022_262
262	TC	1	1	CGC1	3300017652.a:Ga0182746_1000022	279262	279873	3300017652.a:Ga0182746_1000022_263	-	DB=gnl|TC-DB|E4T8W9|1.B.44.2.2;ID=3300017652.a:Ga0182746_1000022_263	DB=gnl|TC-DB|E4T8W9|1.B.44.2.2;ID=3300017652.a:Ga0182746_1000022_263
263	null	null	null	CGC1	3300017652.a:Ga0182746_1000022	279900	281897	3300017652.a:Ga0182746_1000022_264	-	;ID=3300017652.a:Ga0182746_1000022_264
264	STP	1	1	CGC1	3300017652.a:Ga0182746_1000022	281976	283367	3300017652.a:Ga0182746_1000022_265	-	DB=STP|TPR_1;ID=3300017652.a:Ga0182746_1000022_265	DB=STP|TPR_1;ID=3300017652.a:Ga0182746_1000022_265
265	null	null	null	CGC1	3300017652.a:Ga0182746_1000022	283371	285950	3300017652.a:Ga0182746_1000022_266	-	;ID=3300017652.a:Ga0182746_1000022_266
266	TC	0	1	CGC1	3300017652.a:Ga0182746_1000022	286454	287149	3300017652.a:Ga0182746_1000022_267	+	DB=gnl|TC-DB|P0A9R7|3.A.1.140.1;ID=3300017652.a:Ga0182746_1000022_267	DB=gnl|TC-DB|P0A9R7|3.A.1.140.1;ID=3300017652.a:Ga0182746_1000022_267
267	CAZyme	0	0	CGC1	3300017652.a:Ga0182746_1000022	287149	288030	3300017652.a:Ga0182746_1000022_268	+	DB=GT2;ID=3300017652.a:Ga0182746_1000022_268	DB=GT2;ID=3300017652.a:Ga0182746_1000022_268
268	CAZyme	2	0	CGC1	3300017652.a:Ga0182746_1000022	288003	289130	3300017652.a:Ga0182746_1000022_269	-	DB= GT4|GT4;ID=3300017652.a:Ga0182746_1000022_269	DB= GT4|GT4;ID=3300017652.a:Ga0182746_1000022_269
269	null	null	null	CGC1	3300017652.a:Ga0182746_1000022	289123	289356	3300017652.a:Ga0182746_1000022_270	-	;ID=3300017652.a:Ga0182746_1000022_270
270	null	null	null	CGC1	3300017652.a:Ga0182746_1000022	289424	291094	3300017652.a:Ga0182746_1000022_271	-	;ID=3300017652.a:Ga0182746_1000022_271
271	TC	0	2	CGC1	3300017652.a:Ga0182746_1000022	291150	292055	3300017652.a:Ga0182746_1000022_272	-	DB=gnl|TC-DB|Q7URM2|2.A.7.30.1;ID=3300017652.a:Ga0182746_1000022_272	DB=gnl|TC-DB|Q7URM2|2.A.7.30.1;ID=3300017652.a:Ga0182746_1000022_272
272	CAZyme	0	0	CGC1	3300017652.a:Ga0182746_1000022	292183	293517	3300017652.a:Ga0182746_1000022_273	-	DB=GH5_55;ID=3300017652.a:Ga0182746_1000022_273	DB=GH5_55;ID=3300017652.a:Ga0182746_1000022_273
273	TF	0	0	CGC1	3300017652.a:Ga0182746_1000022	293608	294348	3300017652.a:Ga0182746_1000022_274	-	DB=DBD-Pfam|LytTR;ID=3300017652.a:Ga0182746_1000022_274	DB=DBD-Pfam|LytTR;ID=3300017652.a:Ga0182746_1000022_274
274	TC	2	0	CGC1	3300017652.a:Ga0182746_1000022	294341	297292	3300017652.a:Ga0182746_1000022_275	-	DB=gnl|TC-DB|F4LXP4|8.A.59.2.1;ID=3300017652.a:Ga0182746_1000022_275	DB=gnl|TC-DB|F4LXP4|8.A.59.2.1;ID=3300017652.a:Ga0182746_1000022_275
275	null	null	null	CGC1	3300017652.a:Ga0182746_1000022	297446	298516	3300017652.a:Ga0182746_1000022_276	-	;ID=3300017652.a:Ga0182746_1000022_276
276	null	null	null	CGC1	3300017652.a:Ga0182746_1000022	298613	299302	3300017652.a:Ga0182746_1000022_277	+	;ID=3300017652.a:Ga0182746_1000022_277
277	STP	1	2	CGC1	3300017652.a:Ga0182746_1000022	299299	299724	3300017652.a:Ga0182746_1000022_278	+	DB=STP|NUDIX;ID=3300017652.a:Ga0182746_1000022_278	DB=STP|NUDIX;ID=3300017652.a:Ga0182746_1000022_278
278	null	null	null	CGC1	3300017652.a:Ga0182746_1000022	299742	300098	3300017652.a:Ga0182746_1000022_279	-	;ID=3300017652.a:Ga0182746_1000022_279
279	TC	4	1	CGC1	3300017652.a:Ga0182746_1000022	300204	300530	3300017652.a:Ga0182746_1000022_280	+	DB=gnl|TC-DB|P69937|2.A.7.1.4;ID=3300017652.a:Ga0182746_1000022_280	DB=gnl|TC-DB|P69937|2.A.7.1.4;ID=3300017652.a:Ga0182746_1000022_280
+++++
299	STP	0	4	CGC2	3300017652.a:Ga0182746_1000022	322973	323884	3300017652.a:Ga0182746_1000022_300	+	DB=STP|PALP;ID=3300017652.a:Ga0182746_1000022_300	DB=STP|PALP;ID=3300017652.a:Ga0182746_1000022_300
300	CAZyme	0	0	CGC2	3300017652.a:Ga0182746_1000022	323881	324942	3300017652.a:Ga0182746_1000022_301	+	DB=GH73;ID=3300017652.a:Ga0182746_1000022_301	DB=GH73;ID=3300017652.a:Ga0182746_1000022_301
301	STP	1	0	CGC2	3300017652.a:Ga0182746_1000022	324944	326230	3300017652.a:Ga0182746_1000022_302	+	DB=STP|Aminotran_1_2;ID=3300017652.a:Ga0182746_1000022_302	DB=STP|Aminotran_1_2;ID=3300017652.a:Ga0182746_1000022_302
302	null	null	null	CGC2	3300017652.a:Ga0182746_1000022	326268	328187	3300017652.a:Ga0182746_1000022_303	+	;ID=3300017652.a:Ga0182746_1000022_303
303	TF	0	1	CGC2	3300017652.a:Ga0182746_1000022	328273	328917	3300017652.a:Ga0182746_1000022_304	-	DB=DBD-Pfam|GerE;ID=3300017652.a:Ga0182746_1000022_304	DB=DBD-Pfam|GerE;ID=3300017652.a:Ga0182746_1000022_304
304	STP	2	0	CGC2	3300017652.a:Ga0182746_1000022	328974	331181	3300017652.a:Ga0182746_1000022_305	-	DB=STP|TPR_1,STP|TPR_1,STP|TPR_1,STP|HATPase_c;ID=3300017652.a:Ga0182746_1000022_305	DB=STP|TPR_1,STP|TPR_1,STP|TPR_1,STP|HATPase_c;ID=3300017652.a:Ga0182746_1000022_305
305	null	null	null	CGC2	3300017652.a:Ga0182746_1000022	331303	332418	3300017652.a:Ga0182746_1000022_306	-	;ID=3300017652.a:Ga0182746_1000022_306
306	null	null	null	CGC2	3300017652.a:Ga0182746_1000022	332469	332795	3300017652.a:Ga0182746_1000022_307	+	;ID=3300017652.a:Ga0182746_1000022_307
307	TC	5	2	CGC2	3300017652.a:Ga0182746_1000022	333032	334084	3300017652.a:Ga0182746_1000022_308	-	DB=gnl|TC-DB|Q1DBZ0|2.A.86.2.2;ID=3300017652.a:Ga0182746_1000022_308	DB=gnl|TC-DB|Q1DBZ0|2.A.86.2.2;ID=3300017652.a:Ga0182746_1000022_308
+++++
52	TF	1	7	CGC1	3300017652.a:Ga0182746_1000024	59087	60337	3300017652.a:Ga0182746_1000024_53	+	DB=DBD-Pfam|HTH_8,DBD-SUPERFAMILY|0037176;ID=3300017652.a:Ga0182746_1000024_53	DB=DBD-Pfam|HTH_8,DBD-SUPERFAMILY|0037176;ID=3300017652.a:Ga0182746_1000024_53
53	null	null	null	CGC1	3300017652.a:Ga0182746_1000024	60345	60875	3300017652.a:Ga0182746_1000024_54	+	;ID=3300017652.a:Ga0182746_1000024_54
54	STP	2	1	CGC1	3300017652.a:Ga0182746_1000024	60961	61725	3300017652.a:Ga0182746_1000024_55	+	DB=STP|TPR_1;ID=3300017652.a:Ga0182746_1000024_55	DB=STP|TPR_1;ID=3300017652.a:Ga0182746_1000024_55
55	null	null	null	CGC1	3300017652.a:Ga0182746_1000024	61774	63951	3300017652.a:Ga0182746_1000024_56	+	;ID=3300017652.a:Ga0182746_1000024_56
56	null	null	null	CGC1	3300017652.a:Ga0182746_1000024	64024	64377	3300017652.a:Ga0182746_1000024_57	+	;ID=3300017652.a:Ga0182746_1000024_57
57	TC	1	2	CGC1	3300017652.a:Ga0182746_1000024	64458	65330	3300017652.a:Ga0182746_1000024_58	-	DB=gnl|TC-DB|Q1D027|1.A.1.24.3;ID=3300017652.a:Ga0182746_1000024_58	DB=gnl|TC-DB|Q1D027|1.A.1.24.3;ID=3300017652.a:Ga0182746_1000024_58
58	null	null	null	CGC1	3300017652.a:Ga0182746_1000024	65370	66260	3300017652.a:Ga0182746_1000024_59	+	;ID=3300017652.a:Ga0182746_1000024_59
59	TC	2	1	CGC1	3300017652.a:Ga0182746_1000024	66319	67017	3300017652.a:Ga0182746_1000024_60	-	DB=gnl|TC-DB|P60844|1.A.8.3.1;ID=3300017652.a:Ga0182746_1000024_60	DB=gnl|TC-DB|P60844|1.A.8.3.1;ID=3300017652.a:Ga0182746_1000024_60
60	null	null	null	CGC1	3300017652.a:Ga0182746_1000024	67048	67992	3300017652.a:Ga0182746_1000024_61	-	;ID=3300017652.a:Ga0182746_1000024_61
61	null	null	null	CGC1	3300017652.a:Ga0182746_1000024	68053	68937	3300017652.a:Ga0182746_1000024_62	-	;ID=3300017652.a:Ga0182746_1000024_62
62	CAZyme	10	2	CGC1	3300017652.a:Ga0182746_1000024	68971	70833	3300017652.a:Ga0182746_1000024_63	-	DB=GT9| GT9|GT2| GT2;ID=3300017652.a:Ga0182746_1000024_63	DB=GT9| GT9|GT2| GT2;ID=3300017652.a:Ga0182746_1000024_63
+++++
113	TF	0	8	CGC1	3300017652.a:Ga0182746_1000108	129870	130232	3300017652.a:Ga0182746_1000108_114	+	DB=DBD-Pfam|HTH_3,DBD-SUPERFAMILY|0043707;ID=3300017652.a:Ga0182746_1000108_114	DB=DBD-Pfam|HTH_3,DBD-SUPERFAMILY|0043707;ID=3300017652.a:Ga0182746_1000108_114
114	TF	0	0	CGC1	3300017652.a:Ga0182746_1000108	130233	130913	3300017652.a:Ga0182746_1000108_115	-	DB=DBD-Pfam|Trans_reg_C;ID=3300017652.a:Ga0182746_1000108_115	DB=DBD-Pfam|Trans_reg_C;ID=3300017652.a:Ga0182746_1000108_115
115	TC	1	0	CGC1	3300017652.a:Ga0182746_1000108	130910	132316	3300017652.a:Ga0182746_1000108_116	-	DB=gnl|TC-DB|Q93N33|2.A.21.9.2;ID=3300017652.a:Ga0182746_1000108_116	DB=gnl|TC-DB|Q93N33|2.A.21.9.2;ID=3300017652.a:Ga0182746_1000108_116
116	null	null	null	CGC1	3300017652.a:Ga0182746_1000108	132415	132831	3300017652.a:Ga0182746_1000108_117	+	;ID=3300017652.a:Ga0182746_1000108_117
117	CAZyme	0	1	CGC1	3300017652.a:Ga0182746_1000108	132896	135391	3300017652.a:Ga0182746_1000108_118	+	DB=CBM0|CBM9;ID=3300017652.a:Ga0182746_1000108_118	DB=CBM0|CBM9;ID=3300017652.a:Ga0182746_1000108_118
118	STP	2	0	CGC1	3300017652.a:Ga0182746_1000108	135632	136126	3300017652.a:Ga0182746_1000108_119	+	DB=STP|Glyoxalase;ID=3300017652.a:Ga0182746_1000108_119	DB=STP|Glyoxalase;ID=3300017652.a:Ga0182746_1000108_119
119	null	null	null	CGC1	3300017652.a:Ga0182746_1000108	136178	136675	3300017652.a:Ga0182746_1000108_120	+	;ID=3300017652.a:Ga0182746_1000108_120
120	null	null	null	CGC1	3300017652.a:Ga0182746_1000108	136691	137047	3300017652.a:Ga0182746_1000108_121	+	;ID=3300017652.a:Ga0182746_1000108_121
121	TC	0	2	CGC1	3300017652.a:Ga0182746_1000108	137051	137818	3300017652.a:Ga0182746_1000108_122	-	DB=gnl|TC-DB|B2FPS5|2.A.88.8.5;ID=3300017652.a:Ga0182746_1000108_122	DB=gnl|TC-DB|B2FPS5|2.A.88.8.5;ID=3300017652.a:Ga0182746_1000108_122
122	CAZyme	5	0	CGC1	3300017652.a:Ga0182746_1000108	137895	139541	3300017652.a:Ga0182746_1000108_123	+	DB=GT83;ID=3300017652.a:Ga0182746_1000108_123	DB=GT83;ID=3300017652.a:Ga0182746_1000108_123
+++++
108	CAZyme	1	5	CGC1	3300017652.a:Ga0182746_1000005	112026	112928	3300017652.a:Ga0182746_1000005_109	+	DB=GT2;ID=3300017652.a:Ga0182746_1000005_109	DB=GT2;ID=3300017652.a:Ga0182746_1000005_109
109	null	null	null	CGC1	3300017652.a:Ga0182746_1000005	112933	113934	3300017652.a:Ga0182746_1000005_110	+	;ID=3300017652.a:Ga0182746_1000005_110
110	CAZyme	0	1	CGC1	3300017652.a:Ga0182746_1000005	113937	115088	3300017652.a:Ga0182746_1000005_111	+	DB= GT4|GT4;ID=3300017652.a:Ga0182746_1000005_111	DB= GT4|GT4;ID=3300017652.a:Ga0182746_1000005_111
111	CAZyme	0	0	CGC1	3300017652.a:Ga0182746_1000005	115091	116008	3300017652.a:Ga0182746_1000005_112	+	DB=GT2;ID=3300017652.a:Ga0182746_1000005_112	DB=GT2;ID=3300017652.a:Ga0182746_1000005_112
112	CAZyme	2	0	CGC1	3300017652.a:Ga0182746_1000005	116005	116925	3300017652.a:Ga0182746_1000005_113	+	DB=GT2;ID=3300017652.a:Ga0182746_1000005_113	DB=GT2;ID=3300017652.a:Ga0182746_1000005_113
113	null	null	null	CGC1	3300017652.a:Ga0182746_1000005	116962	117927	3300017652.a:Ga0182746_1000005_114	+	;ID=3300017652.a:Ga0182746_1000005_114
114	null	null	null	CGC1	3300017652.a:Ga0182746_1000005	117924	119045	3300017652.a:Ga0182746_1000005_115	+	;ID=3300017652.a:Ga0182746_1000005_115
115	CAZyme	1	2	CGC1	3300017652.a:Ga0182746_1000005	119048	120211	3300017652.a:Ga0182746_1000005_116	+	DB= GT4|GT4;ID=3300017652.a:Ga0182746_1000005_116	DB= GT4|GT4;ID=3300017652.a:Ga0182746_1000005_116
116	null	null	null	CGC1	3300017652.a:Ga0182746_1000005	120211	120756	3300017652.a:Ga0182746_1000005_117	+	;ID=3300017652.a:Ga0182746_1000005_117
117	CAZyme	0	1	CGC1	3300017652.a:Ga0182746_1000005	120753	121814	3300017652.a:Ga0182746_1000005_118	+	DB= GT4|GT4;ID=3300017652.a:Ga0182746_1000005_118	DB= GT4|GT4;ID=3300017652.a:Ga0182746_1000005_118
118	CAZyme	1	0	CGC1	3300017652.a:Ga0182746_1000005	121811	122797	3300017652.a:Ga0182746_1000005_119	+	DB= GT2|GT2;ID=3300017652.a:Ga0182746_1000005_119	DB= GT2|GT2;ID=3300017652.a:Ga0182746_1000005_119
119	null	null	null	CGC1	3300017652.a:Ga0182746_1000005	122794	123915	3300017652.a:Ga0182746_1000005_120	+	;ID=3300017652.a:Ga0182746_1000005_120
120	CAZyme	0	1	CGC1	3300017652.a:Ga0182746_1000005	123941	124699	3300017652.a:Ga0182746_1000005_121	+	DB=GT2;ID=3300017652.a:Ga0182746_1000005_121	DB=GT2;ID=3300017652.a:Ga0182746_1000005_121
121	TC	1	0	CGC1	3300017652.a:Ga0182746_1000005	124668	125786	3300017652.a:Ga0182746_1000005_122	+	DB=gnl|TC-DB|R6S968|9.B.146.1.4;ID=3300017652.a:Ga0182746_1000005_122	DB=gnl|TC-DB|R6S968|9.B.146.1.4;ID=3300017652.a:Ga0182746_1000005_122
122	null	null	null	CGC1	3300017652.a:Ga0182746_1000005	125825	126604	3300017652.a:Ga0182746_1000005_123	+	;ID=3300017652.a:Ga0182746_1000005_123
123	TC	0	1	CGC1	3300017652.a:Ga0182746_1000005	126623	129124	3300017652.a:Ga0182746_1000005_124	+	DB=gnl|TC-DB|A5FN22|8.A.3.3.4;ID=3300017652.a:Ga0182746_1000005_124	DB=gnl|TC-DB|A5FN22|8.A.3.3.4;ID=3300017652.a:Ga0182746_1000005_124
124	TC	0	0	CGC1	3300017652.a:Ga0182746_1000005	129124	129690	3300017652.a:Ga0182746_1000005_125	+	DB=gnl|TC-DB|H8E4X1|9.B.18.1.2;ID=3300017652.a:Ga0182746_1000005_125	DB=gnl|TC-DB|H8E4X1|9.B.18.1.2;ID=3300017652.a:Ga0182746_1000005_125
125	TF	1	0	CGC1	3300017652.a:Ga0182746_1000005	129793	130227	3300017652.a:Ga0182746_1000005_126	+	DB=DBD-Pfam|Rrf2,DBD-SUPERFAMILY|0045032;ID=3300017652.a:Ga0182746_1000005_126	DB=DBD-Pfam|Rrf2,DBD-SUPERFAMILY|0045032;ID=3300017652.a:Ga0182746_1000005_126
126	null	null	null	CGC1	3300017652.a:Ga0182746_1000005	130275	130670	3300017652.a:Ga0182746_1000005_127	+	;ID=3300017652.a:Ga0182746_1000005_127
127	TC	0	1	CGC1	3300017652.a:Ga0182746_1000005	130667	131101	3300017652.a:Ga0182746_1000005_128	+	DB=gnl|TC-DB|N1WTL5|9.A.55.1.9;ID=3300017652.a:Ga0182746_1000005_128	DB=gnl|TC-DB|N1WTL5|9.A.55.1.9;ID=3300017652.a:Ga0182746_1000005_128
128	STP	1	0	CGC1	3300017652.a:Ga0182746_1000005	131098	131820	3300017652.a:Ga0182746_1000005_129	+	DB=STP|Hemerythrin;ID=3300017652.a:Ga0182746_1000005_129	DB=STP|Hemerythrin;ID=3300017652.a:Ga0182746_1000005_129
129	null	null	null	CGC1	3300017652.a:Ga0182746_1000005	131817	132173	3300017652.a:Ga0182746_1000005_130	+	;ID=3300017652.a:Ga0182746_1000005_130
130	STP	1	1	CGC1	3300017652.a:Ga0182746_1000005	132170	132634	3300017652.a:Ga0182746_1000005_131	+	DB=STP|Hemerythrin,STP|Hemerythrin;ID=3300017652.a:Ga0182746_1000005_131	DB=STP|Hemerythrin,STP|Hemerythrin;ID=3300017652.a:Ga0182746_1000005_131
131	null	null	null	CGC1	3300017652.a:Ga0182746_1000005	132640	133446	3300017652.a:Ga0182746_1000005_132	-	;ID=3300017652.a:Ga0182746_1000005_132
132	TC	1	1	CGC1	3300017652.a:Ga0182746_1000005	133571	135199	3300017652.a:Ga0182746_1000005_133	-	DB=gnl|TC-DB|Q57079|3.B.1.1.2;ID=3300017652.a:Ga0182746_1000005_133	DB=gnl|TC-DB|Q57079|3.B.1.1.2;ID=3300017652.a:Ga0182746_1000005_133
133	null	null	null	CGC1	3300017652.a:Ga0182746_1000005	135257	135838	3300017652.a:Ga0182746_1000005_134	-	;ID=3300017652.a:Ga0182746_1000005_134
134	TF	5	1	CGC1	3300017652.a:Ga0182746_1000005	135878	136318	3300017652.a:Ga0182746_1000005_135	-	DB=DBD-Pfam|HTH_3,DBD-SUPERFAMILY|0043707;ID=3300017652.a:Ga0182746_1000005_135	DB=DBD-Pfam|HTH_3,DBD-SUPERFAMILY|0043707;ID=3300017652.a:Ga0182746_1000005_135
+++++
318	STP	0	9	CGC2	3300017652.a:Ga0182746_1000005	321259	322419	3300017652.a:Ga0182746_1000005_319	-	DB=STP|Glyoxalase,STP|Glyoxalase;ID=3300017652.a:Ga0182746_1000005_319	DB=STP|Glyoxalase,STP|Glyoxalase;ID=3300017652.a:Ga0182746_1000005_319
319	CAZyme	1	0	CGC2	3300017652.a:Ga0182746_1000005	322579	323616	3300017652.a:Ga0182746_1000005_320	-	DB= GT2|GT2;ID=3300017652.a:Ga0182746_1000005_320	DB= GT2|GT2;ID=3300017652.a:Ga0182746_1000005_320
320	null	null	null	CGC2	3300017652.a:Ga0182746_1000005	323621	325372	3300017652.a:Ga0182746_1000005_321	-	;ID=3300017652.a:Ga0182746_1000005_321
321	TC	2	1	CGC2	3300017652.a:Ga0182746_1000005	325629	327320	3300017652.a:Ga0182746_1000005_322	-	DB=gnl|TC-DB|Q8R706|2.A.3.3.22;ID=3300017652.a:Ga0182746_1000005_322	DB=gnl|TC-DB|Q8R706|2.A.3.3.22;ID=3300017652.a:Ga0182746_1000005_322
322	null	null	null	CGC2	3300017652.a:Ga0182746_1000005	327525	328562	3300017652.a:Ga0182746_1000005_323	+	;ID=3300017652.a:Ga0182746_1000005_323
323	null	null	null	CGC2	3300017652.a:Ga0182746_1000005	328564	328788	3300017652.a:Ga0182746_1000005_324	+	;ID=3300017652.a:Ga0182746_1000005_324
324	TC	1	2	CGC2	3300017652.a:Ga0182746_1000005	328778	331399	3300017652.a:Ga0182746_1000005_325	+	DB=gnl|TC-DB|L1NJ33|9.B.144.1.4;ID=3300017652.a:Ga0182746_1000005_325	DB=gnl|TC-DB|L1NJ33|9.B.144.1.4;ID=3300017652.a:Ga0182746_1000005_325
325	null	null	null	CGC2	3300017652.a:Ga0182746_1000005	331365	332309	3300017652.a:Ga0182746_1000005_326	+	;ID=3300017652.a:Ga0182746_1000005_326
326	CAZyme	2	1	CGC2	3300017652.a:Ga0182746_1000005	332314	333612	3300017652.a:Ga0182746_1000005_327	+	DB=GT4;ID=3300017652.a:Ga0182746_1000005_327	DB=GT4;ID=3300017652.a:Ga0182746_1000005_327
327	null	null	null	CGC2	3300017652.a:Ga0182746_1000005	333609	333866	3300017652.a:Ga0182746_1000005_328	-	;ID=3300017652.a:Ga0182746_1000005_328
328	null	null	null	CGC2	3300017652.a:Ga0182746_1000005	333903	334715	3300017652.a:Ga0182746_1000005_329	-	;ID=3300017652.a:Ga0182746_1000005_329
329	TC	1	2	CGC2	3300017652.a:Ga0182746_1000005	334792	336057	3300017652.a:Ga0182746_1000005_330	-	DB=gnl|TC-DB|D5ERW9|9.B.186.1.3;ID=3300017652.a:Ga0182746_1000005_330	DB=gnl|TC-DB|D5ERW9|9.B.186.1.3;ID=3300017652.a:Ga0182746_1000005_330
330	null	null	null	CGC2	3300017652.a:Ga0182746_1000005	336072	337073	3300017652.a:Ga0182746_1000005_331	-	;ID=3300017652.a:Ga0182746_1000005_331
331	TF	0	1	CGC2	3300017652.a:Ga0182746_1000005	337207	337839	3300017652.a:Ga0182746_1000005_332	-	DB=DBD-Pfam|GerE;ID=3300017652.a:Ga0182746_1000005_332	DB=DBD-Pfam|GerE;ID=3300017652.a:Ga0182746_1000005_332
332	STP	1	0	CGC2	3300017652.a:Ga0182746_1000005	337883	340090	3300017652.a:Ga0182746_1000005_333	-	DB=STP|HATPase_c;ID=3300017652.a:Ga0182746_1000005_333	DB=STP|HATPase_c;ID=3300017652.a:Ga0182746_1000005_333
333	null	null	null	CGC2	3300017652.a:Ga0182746_1000005	340148	341608	3300017652.a:Ga0182746_1000005_334	-	;ID=3300017652.a:Ga0182746_1000005_334
334	CAZyme	3	1	CGC2	3300017652.a:Ga0182746_1000005	341721	344000	3300017652.a:Ga0182746_1000005_335	-	DB=AA0;ID=3300017652.a:Ga0182746_1000005_335	DB=AA0;ID=3300017652.a:Ga0182746_1000005_335
+++++
4	TF	0	null	CGC1	3300017652.a:Ga0182746_1000060	4973	6115	3300017652.a:Ga0182746_1000060_5	+	DB=DBD-Pfam|HTH_11,DBD-SUPERFAMILY|0043758;ID=3300017652.a:Ga0182746_1000060_5	DB=DBD-Pfam|HTH_11,DBD-SUPERFAMILY|0043758;ID=3300017652.a:Ga0182746_1000060_5
5	STP	1	0	CGC1	3300017652.a:Ga0182746_1000060	6188	7459	3300017652.a:Ga0182746_1000060_6	-	DB=STP|Aminotran_1_2;ID=3300017652.a:Ga0182746_1000060_6	DB=STP|Aminotran_1_2;ID=3300017652.a:Ga0182746_1000060_6
6	null	null	null	CGC1	3300017652.a:Ga0182746_1000060	7511	8563	3300017652.a:Ga0182746_1000060_7	+	;ID=3300017652.a:Ga0182746_1000060_7
7	TF	1	1	CGC1	3300017652.a:Ga0182746_1000060	8584	9234	3300017652.a:Ga0182746_1000060_8	+	DB=DBD-Pfam|GerE,DBD-SUPERFAMILY|0041905;ID=3300017652.a:Ga0182746_1000060_8	DB=DBD-Pfam|GerE,DBD-SUPERFAMILY|0041905;ID=3300017652.a:Ga0182746_1000060_8
8	null	null	null	CGC1	3300017652.a:Ga0182746_1000060	9327	9857	3300017652.a:Ga0182746_1000060_9	+	;ID=3300017652.a:Ga0182746_1000060_9
9	STP	1	1	CGC1	3300017652.a:Ga0182746_1000060	10045	11910	3300017652.a:Ga0182746_1000060_10	+	DB=STP|TPR_1,STP|TPR_1,STP|HATPase_c;ID=3300017652.a:Ga0182746_1000060_10	DB=STP|TPR_1,STP|TPR_1,STP|HATPase_c;ID=3300017652.a:Ga0182746_1000060_10
10	null	null	null	CGC1	3300017652.a:Ga0182746_1000060	11970	13184	3300017652.a:Ga0182746_1000060_11	+	;ID=3300017652.a:Ga0182746_1000060_11
11	TC	0	1	CGC1	3300017652.a:Ga0182746_1000060	13190	15619	3300017652.a:Ga0182746_1000060_12	-	DB=gnl|TC-DB|A5FN22|8.A.3.3.4;ID=3300017652.a:Ga0182746_1000060_12	DB=gnl|TC-DB|A5FN22|8.A.3.3.4;ID=3300017652.a:Ga0182746_1000060_12
12	TC	0	0	CGC1	3300017652.a:Ga0182746_1000060	15634	16395	3300017652.a:Ga0182746_1000060_13	-	DB=gnl|TC-DB|P0A932|1.B.18.3.8;ID=3300017652.a:Ga0182746_1000060_13	DB=gnl|TC-DB|P0A932|1.B.18.3.8;ID=3300017652.a:Ga0182746_1000060_13
13	TC	1	0	CGC1	3300017652.a:Ga0182746_1000060	16437	18368	3300017652.a:Ga0182746_1000060_14	-	DB=gnl|TC-DB|Q6MMD5|9.B.18.2.1;ID=3300017652.a:Ga0182746_1000060_14	DB=gnl|TC-DB|Q6MMD5|9.B.18.2.1;ID=3300017652.a:Ga0182746_1000060_14
14	null	null	null	CGC1	3300017652.a:Ga0182746_1000060	18373	19479	3300017652.a:Ga0182746_1000060_15	-	;ID=3300017652.a:Ga0182746_1000060_15
15	TC	1	1	CGC1	3300017652.a:Ga0182746_1000060	19656	20270	3300017652.a:Ga0182746_1000060_16	-	DB=gnl|TC-DB|H8E4X1|9.B.18.1.2;ID=3300017652.a:Ga0182746_1000060_16	DB=gnl|TC-DB|H8E4X1|9.B.18.1.2;ID=3300017652.a:Ga0182746_1000060_16
16	null	null	null	CGC1	3300017652.a:Ga0182746_1000060	20275	21486	3300017652.a:Ga0182746_1000060_17	-	;ID=3300017652.a:Ga0182746_1000060_17
17	CAZyme	2	1	CGC1	3300017652.a:Ga0182746_1000060	21489	22625	3300017652.a:Ga0182746_1000060_18	-	DB=GT4;ID=3300017652.a:Ga0182746_1000060_18	DB=GT4;ID=3300017652.a:Ga0182746_1000060_18
18	null	null	null	CGC1	3300017652.a:Ga0182746_1000060	22625	23266	3300017652.a:Ga0182746_1000060_19	-	;ID=3300017652.a:Ga0182746_1000060_19
19	null	null	null	CGC1	3300017652.a:Ga0182746_1000060	23269	24678	3300017652.a:Ga0182746_1000060_20	-	;ID=3300017652.a:Ga0182746_1000060_20
20	CAZyme	0	2	CGC1	3300017652.a:Ga0182746_1000060	24681	25682	3300017652.a:Ga0182746_1000060_21	-	DB=GT4;ID=3300017652.a:Ga0182746_1000060_21	DB=GT4;ID=3300017652.a:Ga0182746_1000060_21
21	CAZyme	14	0	CGC1	3300017652.a:Ga0182746_1000060	25684	26763	3300017652.a:Ga0182746_1000060_22	-	DB=GT4;ID=3300017652.a:Ga0182746_1000060_22	DB=GT4;ID=3300017652.a:Ga0182746_1000060_22
+++++
