3300017419.a:Ga0185332_1006637_3	gnl|TC-DB|Q8N1S5|2.A.5.5.2	42.2	339	119	5	6	268	2	339	1.7e-47	186.0
3300017419.a:Ga0185332_1000137_7	gnl|TC-DB|D4ZZR3|9.B.34.1.3	29.3	181	118	3	118	288	211	391	3.5e-14	75.5
3300017419.a:Ga0185332_1000137_9	gnl|TC-DB|P96797|3.D.7.1.1	25.8	430	244	11	302	705	24	404	7.9e-28	122.1
3300017419.a:Ga0185332_1000137_11	gnl|TC-DB|P96797|3.D.7.1.1	23.5	439	255	12	15	427	20	403	3.7e-28	122.5
3300017419.a:Ga0185332_1000137_13	gnl|TC-DB|Q46839|2.A.14.1.2	52.1	555	245	3	3	536	4	558	7.5e-157	550.4
3300017419.a:Ga0185332_1000137_21	gnl|TC-DB|Q8F3M7|3.A.15.4.1	43.9	560	308	2	8	566	3	557	8.9e-131	463.8
3300017419.a:Ga0185332_1000137_22	gnl|TC-DB|F9VN10|3.D.10.1.4	36.5	562	315	14	7	533	1	555	1.1e-87	320.5
3300017419.a:Ga0185332_1000137_27	gnl|TC-DB|P0AAJ3|5.A.3.2.1	24.2	327	169	11	23	326	21	291	6.9e-19	91.3
3300017419.a:Ga0185332_1000137_31	gnl|TC-DB|P31075|5.A.3.5.2	26.9	707	423	20	5	647	49	725	8.9e-61	231.5
3300017419.a:Ga0185332_1000137_33	gnl|TC-DB|P75958|3.A.1.125.1	23.3	417	264	9	20	413	27	410	2.0e-15	80.1
3300017419.a:Ga0185332_1000137_34	gnl|TC-DB|Q58206|3.A.1.122.14	46.2	225	112	5	4	219	1	225	4.1e-47	184.5
3300017419.a:Ga0185332_1000137_37	gnl|TC-DB|D0WY71|2.A.66.4.5	33.9	510	318	6	5	501	4	507	3.4e-68	255.8
3300017419.a:Ga0185332_1000137_40	gnl|TC-DB|Q9HV74|2.A.21.9.1	30.0	257	152	6	291	529	728	974	6.4e-22	102.1
3300017419.a:Ga0185332_1000137_41	gnl|TC-DB|Q9KN48|3.A.23.1.1	46.9	226	120	0	136	361	193	418	5.9e-53	204.9
3300017419.a:Ga0185332_1000137_49	gnl|TC-DB|B0R8P7|2.A.102.4.7	30.9	275	169	4	81	355	18	271	1.4e-27	120.6
3300017419.a:Ga0185332_1000137_50	gnl|TC-DB|Q9KN48|3.A.23.1.1	37.9	338	180	2	122	430	193	529	2.7e-55	212.6
3300017419.a:Ga0185332_1000137_54	gnl|TC-DB|P16431|3.D.1.9.2	39.5	529	314	3	18	540	30	558	1.4e-117	419.9
3300017419.a:Ga0185332_1000137_56	gnl|TC-DB|P77416|3.D.1.9.1	40.5	477	274	6	2	474	3	473	8.6e-82	300.8
3300017419.a:Ga0185332_1000137_57	gnl|TC-DB|Q8U100|3.D.1.4.1	32.5	422	264	8	75	495	80	481	3.8e-51	199.5
3300017419.a:Ga0185332_1000137_58	gnl|TC-DB|P16430|3.D.1.9.2	32.5	302	191	7	11	302	7	305	7.1e-34	141.0
3300017419.a:Ga0185332_1000137_60	gnl|TC-DB|P77437|3.D.1.9.1	27.8	399	258	7	15	390	14	405	1.3e-29	127.5
3300017419.a:Ga0185332_1000137_61	gnl|TC-DB|Q8U0Z8|3.D.1.4.1	52.6	152	70	1	5	154	12	163	4.6e-45	177.2
3300017419.a:Ga0185332_1000955_10	gnl|TC-DB|Q9KN48|3.A.23.1.1	47.3	226	119	0	142	367	193	418	7.6e-56	214.5
3300017419.a:Ga0185332_1000153_2	gnl|TC-DB|Q5H1F8|1.B.14.2.15	27.7	654	441	13	45	677	84	726	3.0e-69	259.6
3300017419.a:Ga0185332_1000153_11	gnl|TC-DB|Q9FLV9|2.A.16.5.2	26.9	308	211	6	13	309	258	562	1.8e-19	93.2
3300017419.a:Ga0185332_1000153_12	gnl|TC-DB|A8VTI4|2.A.119.1.2	36.5	342	188	5	66	403	20	336	2.7e-49	192.6
3300017419.a:Ga0185332_1000153_17	gnl|TC-DB|C0QCR7|8.A.59.4.1	36.4	140	82	3	162	295	399	537	1.8e-18	89.7
3300017419.a:Ga0185332_1000153_18	gnl|TC-DB|Q8EXN4|9.B.1.1.5	34.9	249	153	5	35	277	49	294	1.1e-25	113.6
3300017419.a:Ga0185332_1000153_20	gnl|TC-DB|M3JA40|1.B.52.2.1	94.6	37	2	0	369	405	302	338	7.7e-12	68.6
3300017419.a:Ga0185332_1000153_21	gnl|TC-DB|P29926|3.D.1.2.1	34.3	426	267	6	1	413	4	429	1.4e-57	220.3
3300017419.a:Ga0185332_1000153_22	gnl|TC-DB|Q746T8|3.D.1.5.1	33.3	406	262	4	64	462	74	477	9.7e-54	207.6
3300017419.a:Ga0185332_1000153_23	gnl|TC-DB|P72316|3.D.1.4.3	30.5	403	234	9	71	436	281	674	2.7e-37	153.3
3300017419.a:Ga0185332_1000153_25	gnl|TC-DB|P72316|3.D.1.4.3	28.4	419	281	10	79	488	278	686	5.3e-39	158.7
3300017419.a:Ga0185332_1000153_28	gnl|TC-DB|P0AFD4|3.D.1.1.1	45.1	326	165	3	1	326	8	319	7.9e-71	263.8
3300017419.a:Ga0185332_1000153_29	gnl|TC-DB|Q74GA6|3.D.1.5.1	47.3	150	76	2	13	159	10	159	9.6e-36	146.4
3300017419.a:Ga0185332_1000153_30	gnl|TC-DB|P29919|3.D.1.2.1	40.7	118	70	0	6	123	3	120	1.9e-20	95.1
3300017419.a:Ga0185332_1000153_31	gnl|TC-DB|Q6V9B1|3.D.1.6.4	42.8	138	78	1	8	145	80	216	1.6e-12	69.3
3300017419.a:Ga0185332_1000153_32	gnl|TC-DB|Q74GA5|3.D.1.5.1	53.2	387	175	3	16	401	9	390	1.6e-121	432.6
3300017419.a:Ga0185332_1000153_33	gnl|TC-DB|Q74GA7|3.D.1.5.1	72.2	151	42	0	21	171	8	158	8.1e-67	249.6
3300017419.a:Ga0185332_1000153_34	gnl|TC-DB|Q93PD1|5.A.3.9.1	41.2	80	47	0	59	138	151	230	1.7e-16	82.4
3300017419.a:Ga0185332_1000153_35	gnl|TC-DB|P37600|5.A.3.5.1	32.8	699	426	11	7	669	46	736	1.3e-110	397.1
3300017419.a:Ga0185332_1000153_41	gnl|TC-DB|H3KBD2|2.A.9.3.7	33.2	407	249	6	126	509	147	553	5.5e-63	238.4
3300017419.a:Ga0185332_1000153_46	gnl|TC-DB|P0ABU9|1.A.30.2.2	37.8	209	118	2	2	198	3	211	1.6e-29	125.9
3300017419.a:Ga0185332_1000153_47	gnl|TC-DB|Q1D0D2|1.A.30.2.7	46.4	125	64	2	9	130	10	134	1.7e-24	108.6
3300017419.a:Ga0185332_1000352_15	gnl|TC-DB|Q8E9J0|1.A.30.1.5	35.4	243	157	0	11	253	1	243	7.9e-42	167.2
3300017419.a:Ga0185332_1000352_16	gnl|TC-DB|P28612|1.A.30.1.3	34.0	250	125	6	1	210	1	250	2.8e-29	125.2
3300017419.a:Ga0185332_1000352_18	gnl|TC-DB|P09348|1.A.30.1.1	41.5	287	165	3	1	286	1	285	5.1e-58	221.1
3300017419.a:Ga0185332_1000352_19	gnl|TC-DB|P0AF06|1.A.30.1.1	36.5	277	144	8	1	251	1	271	8.8e-41	163.7
3300017419.a:Ga0185332_1000352_23	gnl|TC-DB|O67854|2.A.22.4.2	45.3	506	260	5	3	492	4	508	1.1e-116	416.8
3300017419.a:Ga0185332_1000352_31	gnl|TC-DB|Q6UKY4|3.D.1.6.4	54.3	70	32	0	2	71	52	121	3.6e-14	73.6
3300017419.a:Ga0185332_1000352_40	gnl|TC-DB|P50333|3.A.1.102.1	33.1	245	156	2	9	249	19	259	1.0e-30	130.2
3300017419.a:Ga0185332_1000352_41	gnl|TC-DB|P50332|3.A.1.102.1	43.6	236	123	2	9	235	54	288	9.2e-53	203.4
3300017419.a:Ga0185332_1000352_45	gnl|TC-DB|P0AEJ0|2.A.1.3.2	36.6	503	313	5	7	508	15	512	2.8e-91	332.4
3300017419.a:Ga0185332_1000258_6	gnl|TC-DB|Q9FI56|3.A.9.1.2	38.6	808	401	11	3	723	100	899	2.5e-157	552.4
3300017419.a:Ga0185332_1000258_10	gnl|TC-DB|P29709|3.A.2.1.2	34.3	102	67	0	6	107	5	106	2.3e-11	65.1
3300017419.a:Ga0185332_1000258_11	gnl|TC-DB|P00830|3.A.2.1.3	69.0	471	131	4	4	467	44	506	2.1e-181	631.7
3300017419.a:Ga0185332_1000258_12	gnl|TC-DB|A1B8N9|3.A.2.1.7	37.9	293	176	3	1	290	1	290	7.8e-46	180.6
3300017419.a:Ga0185332_1000258_13	gnl|TC-DB|A1B8N8|3.A.2.1.7	61.8	510	185	2	1	500	1	510	3.0e-178	621.3
3300017419.a:Ga0185332_1000258_14	gnl|TC-DB|A1B8N7|3.A.2.1.7	29.2	171	120	1	9	178	14	184	5.7e-15	77.4
3300017419.a:Ga0185332_1000258_20	gnl|TC-DB|P0A9V1|1.B.42.1.2	52.1	242	113	1	4	245	3	241	4.1e-72	267.7
3300017419.a:Ga0185332_1000258_23	gnl|TC-DB|Q8L4R0|3.A.1.27.2	38.0	234	145	0	56	289	113	346	5.2e-34	141.4
3300017419.a:Ga0185332_1000258_24	gnl|TC-DB|Q9AT00|3.A.1.27.2	39.9	248	131	5	6	237	89	334	1.8e-43	172.6
3300017419.a:Ga0185332_1000258_30	gnl|TC-DB|P0ABP6|9.B.27.2.3	50.7	207	100	1	4	208	7	213	9.6e-54	206.5
3300017419.a:Ga0185332_1000258_34	gnl|TC-DB|P0A742|1.A.22.1.1	55.1	118	52	1	1	117	1	118	4.3e-34	140.6
3300017419.a:Ga0185332_1000258_39	gnl|TC-DB|Q9KN48|3.A.23.1.1	47.8	226	116	2	193	416	193	418	7.9e-54	208.0
3300017419.a:Ga0185332_1000258_50	gnl|TC-DB|Q6ADZ6|4.F.1.1.7	41.7	180	92	5	6	175	4	180	1.0e-19	93.2
3300017419.a:Ga0185332_1000258_51	gnl|TC-DB|Q45064|9.B.31.1.2	41.1	192	109	3	1	191	2	190	1.7e-28	122.5
3300017419.a:Ga0185332_1000728_5	gnl|TC-DB|S5ZLG8|9.B.102.1.14	51.9	345	157	2	14	358	7	342	1.2e-91	333.2
3300017419.a:Ga0185332_1000728_17	gnl|TC-DB|P0AAP1|9.B.34.1.2	34.8	115	75	0	238	352	198	312	1.4e-15	80.5
3300017419.a:Ga0185332_1000728_22	gnl|TC-DB|C0QCR7|8.A.59.4.1	40.3	154	85	3	264	410	390	543	2.6e-23	106.3
3300017419.a:Ga0185332_1000728_26	gnl|TC-DB|F8L1Z7|3.A.2.1.6	40.5	148	83	3	41	184	60	206	1.1e-23	106.7
3300017419.a:Ga0185332_1000434_6	gnl|TC-DB|Q7MV19|9.A.8.1.6	38.2	757	382	11	4	715	127	842	5.0e-139	491.5
3300017419.a:Ga0185332_1000434_9	gnl|TC-DB|B5YKN1|1.B.23.1.14	63.7	386	128	4	1	381	1	379	2.1e-144	508.4
3300017419.a:Ga0185332_1000434_11	gnl|TC-DB|P0AE16|2.A.1.25.2	48.0	392	201	3	9	397	15	406	6.4e-99	357.5
3300017419.a:Ga0185332_1000434_12	gnl|TC-DB|Q10SY9|2.A.45.2.4	27.0	455	269	8	6	397	15	469	1.4e-29	127.1
3300017419.a:Ga0185332_1000434_28	gnl|TC-DB|Q9FI56|3.A.9.1.2	53.7	812	363	6	1	800	94	904	3.1e-241	831.2
3300017419.a:Ga0185332_1000615_9	gnl|TC-DB|P0A9U1|3.A.1.105.15	41.0	551	244	8	14	487	4	550	1.4e-112	403.3
3300017419.a:Ga0185332_1000615_10	gnl|TC-DB|Q4VWD0|3.A.1.105.4	32.1	293	172	5	39	304	35	327	2.2e-22	102.8
3300017419.a:Ga0185332_1000615_12	gnl|TC-DB|P0A9V1|1.B.42.1.2	30.1	236	146	6	16	244	4	227	1.3e-25	113.2
3300017419.a:Ga0185332_1000615_29	gnl|TC-DB|M4VAL8|8.A.21.2.4	43.4	226	126	1	27	250	35	260	8.4e-45	177.2
3300017419.a:Ga0185332_1000615_31	gnl|TC-DB|B1W1L9|3.A.1.5.37	46.4	304	151	4	2	293	7	310	5.1e-72	267.7
3300017419.a:Ga0185332_1000286_25	gnl|TC-DB|P18776|5.A.3.3.2	33.1	172	99	3	59	230	5	160	4.4e-26	115.2
3300017419.a:Ga0185332_1000217_2	gnl|TC-DB|C8TJS4|3.A.1.105.16	33.2	373	246	1	2	374	540	909	1.1e-49	193.7
3300017419.a:Ga0185332_1000217_3	gnl|TC-DB|P0AGH1|3.A.1.105.16	30.6	372	246	4	3	371	7	369	3.1e-47	185.7
3300017419.a:Ga0185332_1000217_5	gnl|TC-DB|P76330|9.B.34.1.4	36.3	168	100	4	427	587	384	551	1.5e-16	84.3
3300017419.a:Ga0185332_1000217_6	gnl|TC-DB|Q6V6X7|2.A.6.2.18	48.0	467	236	5	1	463	1	464	2.2e-111	399.1
3300017419.a:Ga0185332_1000217_7	gnl|TC-DB|Q0VQY6|2.A.6.2.46	55.7	1035	451	2	3	1037	1	1028	0.0e+00	1119.4
3300017419.a:Ga0185332_1000217_8	gnl|TC-DB|P0AE06|8.A.1.6.1	53.0	355	163	2	15	366	22	375	5.4e-100	360.9
3300017419.a:Ga0185332_1000217_13	gnl|TC-DB|M3JA40|1.B.52.2.1	43.0	107	56	2	119	221	278	383	2.4e-15	79.3
3300017419.a:Ga0185332_1000217_15	gnl|TC-DB|J8IXD8|1.C.109.1.5	46.5	241	128	1	2	241	5	245	3.9e-59	224.6
3300017419.a:Ga0185332_1000217_23	gnl|TC-DB|P26465|3.A.6.2.1	26.7	258	175	5	145	394	146	397	1.6e-15	80.5
3300017419.a:Ga0185332_1000217_41	gnl|TC-DB|B2GH49|9.B.160.1.10	29.8	171	108	6	110	275	213	376	8.4e-13	71.6
3300017419.a:Ga0185332_1000010_4	gnl|TC-DB|Q8VRL3|3.A.11.1.3	37.9	398	240	3	4	395	38	434	1.8e-72	269.6
3300017419.a:Ga0185332_1000010_7	gnl|TC-DB|X5GWN5|3.D.10.1.6	45.2	199	108	1	35	232	56	254	1.2e-49	193.0
3300017419.a:Ga0185332_1000010_8	gnl|TC-DB|X5H3P0|3.D.10.1.6	49.1	591	284	8	3	577	8	597	1.4e-155	546.2
3300017419.a:Ga0185332_1000010_14	gnl|TC-DB|Q9HV74|2.A.21.9.1	33.5	236	141	7	334	561	750	977	5.9e-26	115.5
3300017419.a:Ga0185332_1000010_23	gnl|TC-DB|P0A607|2.A.45.2.2	41.9	437	236	6	142	576	4	424	6.2e-71	265.0
3300017419.a:Ga0185332_1000010_25	gnl|TC-DB|Q2FMC1|2.A.47.1.1	23.6	466	313	8	63	492	26	484	7.9e-22	101.7
3300017419.a:Ga0185332_1000010_30	gnl|TC-DB|Q9HV74|2.A.21.9.1	28.7	363	246	7	376	733	620	974	5.7e-37	152.5
3300017419.a:Ga0185332_1000010_36	gnl|TC-DB|Q9HR73|5.A.3.3.3	40.0	215	98	3	1	184	1	215	2.1e-44	175.3
3300017419.a:Ga0185332_1000010_37	gnl|TC-DB|P37600|5.A.3.5.1	32.9	768	442	16	1	716	1	747	1.2e-116	417.2
3300017419.a:Ga0185332_1000010_39	gnl|TC-DB|Q57038|3.E.2.2.2	43.7	213	120	0	2	214	10	222	3.1e-52	201.4
3300017419.a:Ga0185332_1000010_41	gnl|TC-DB|F7YYJ6|9.B.102.1.16	36.2	359	189	8	12	362	2	328	1.6e-48	189.9
3300017419.a:Ga0185332_1000010_50	gnl|TC-DB|P0ABJ9|3.D.4.3.2	52.4	309	140	4	1	303	2	309	7.6e-82	300.8
3300017419.a:Ga0185332_1000010_51	gnl|TC-DB|P0ABK2|3.D.4.3.2	31.1	370	217	4	6	340	10	376	1.0e-44	177.2
3300017419.a:Ga0185332_1000010_62	gnl|TC-DB|Q7MV19|9.A.8.1.6	32.8	539	341	11	1	521	127	662	2.4e-76	283.1
3300017419.a:Ga0185332_1000010_70	gnl|TC-DB|Q9HV74|2.A.21.9.1	24.3	395	253	12	228	605	609	974	6.5e-18	89.0
3300017419.a:Ga0185332_1000010_81	gnl|TC-DB|O28731|2.A.1.59.3	46.3	380	190	6	1	377	1	369	1.0e-82	303.5
3300017419.a:Ga0185332_1000010_86	gnl|TC-DB|M2X4H1|2.A.102.4.9	37.7	252	151	1	5	250	68	319	1.6e-34	142.9
3300017419.a:Ga0185332_1000010_89	gnl|TC-DB|Q9HV74|2.A.21.9.1	22.0	382	271	10	300	664	603	974	3.8e-16	83.2
3300017419.a:Ga0185332_1000010_90	gnl|TC-DB|Q9KN48|3.A.23.1.1	39.0	362	188	5	115	444	164	524	1.3e-60	230.3
3300017419.a:Ga0185332_1000010_95	gnl|TC-DB|Q0P9Y2|2.A.114.1.5	51.9	565	250	6	3	545	34	598	1.1e-155	546.6
3300017419.a:Ga0185332_1000010_97	gnl|TC-DB|Q81JL2|9.B.33.1.1	37.9	169	95	3	2	161	407	574	3.5e-25	111.3
3300017419.a:Ga0185332_1000010_98	gnl|TC-DB|Q81JL2|9.B.33.1.1	34.6	78	51	0	1	78	268	345	5.3e-13	69.7
3300017419.a:Ga0185332_1000010_99	gnl|TC-DB|Q81JL2|9.B.33.1.1	29.6	274	170	3	3	257	1	270	8.4e-26	114.0
3300017419.a:Ga0185332_1000010_101	gnl|TC-DB|F8D413|3.A.1.105.12	39.4	254	149	3	9	260	12	262	8.9e-47	183.7
3300017419.a:Ga0185332_1000010_113	gnl|TC-DB|Q6MR29|3.A.5.1.3	55.4	841	347	6	1	834	2	821	2.5e-265	911.4
3300017419.a:Ga0185332_1000010_115	gnl|TC-DB|M3JA40|1.B.52.2.1	89.4	47	5	0	497	543	293	339	2.5e-15	80.5
3300017419.a:Ga0185332_1000010_118	gnl|TC-DB|D4ZZR3|9.B.34.1.3	40.5	158	91	2	87	241	236	393	2.0e-26	115.9
3300017419.a:Ga0185332_1000010_125	gnl|TC-DB|Q9ZKE4|3.A.11.3.1	24.2	652	427	21	3	622	2	618	2.4e-36	150.2
3300017419.a:Ga0185332_1000010_126	gnl|TC-DB|Q939U6|5.A.1.2.7	30.2	225	149	3	6	224	3	225	1.6e-25	112.8
3300017419.a:Ga0185332_1000010_132	gnl|TC-DB|Q6MDD6|3.A.7.16.1	25.5	427	222	20	6	401	322	683	2.9e-11	66.6
3300017419.a:Ga0185332_1000010_135	gnl|TC-DB|Q9HV74|2.A.21.9.1	32.1	271	148	8	525	784	729	974	1.1e-26	118.6
3300017419.a:Ga0185332_1000010_138	gnl|TC-DB|D5C355|3.A.3.2.29	44.3	893	484	8	7	893	13	898	1.3e-197	686.4
3300017419.a:Ga0185332_1000010_142	gnl|TC-DB|O59179|8.A.21.2.1	36.5	433	258	8	1	418	1	431	4.1e-64	241.9
3300017419.a:Ga0185332_1000010_145	gnl|TC-DB|D3DIW3|9.B.142.2.4	34.8	497	289	11	189	676	6	476	4.8e-75	278.9
3300017419.a:Ga0185332_1000010_146	gnl|TC-DB|P77757|4.D.2.1.8	36.5	315	187	6	3	312	10	316	1.3e-51	199.9
3300017419.a:Ga0185332_1000010_149	gnl|TC-DB|D8RWR9|1.C.39.4.5	41.8	141	62	2	79	218	492	613	6.3e-21	99.0
3300017419.a:Ga0185332_1000010_154	gnl|TC-DB|P31552|4.C.1.1.6	27.6	515	348	13	28	529	15	517	8.9e-40	161.4
3300017419.a:Ga0185332_1000010_161	gnl|TC-DB|A3QE50|8.A.59.4.2	41.9	234	108	5	118	338	171	389	1.4e-38	156.8
3300017419.a:Ga0185332_1000010_171	gnl|TC-DB|O59180|8.A.21.2.1	53.4	247	110	1	2	248	7	248	7.3e-64	240.4
3300017419.a:Ga0185332_1000010_186	gnl|TC-DB|Q8L725|2.A.4.7.2	25.8	299	199	3	5	283	71	366	1.1e-23	107.1
3300017419.a:Ga0185332_1000010_191	gnl|TC-DB|Q5G3M3|3.A.7.19.1	33.6	134	82	3	1	128	1	133	4.5e-14	73.9
3300017419.a:Ga0185332_1000010_201	gnl|TC-DB|P55072|3.A.16.1.1	42.6	256	146	1	153	407	473	728	8.7e-60	228.0
3300017419.a:Ga0185332_1000292_5	gnl|TC-DB|Q9FI56|3.A.9.1.2	47.7	875	369	12	3	859	95	898	9.0e-215	743.4
3300017419.a:Ga0185332_1000292_9	gnl|TC-DB|P0ABG7|2.A.103.1.2	37.2	360	214	4	11	369	15	363	2.1e-56	216.1
3300017419.a:Ga0185332_1000292_12	gnl|TC-DB|P16926|9.B.157.1.3	30.1	236	145	5	9	227	15	247	4.9e-20	94.7
3300017419.a:Ga0185332_1000292_13	gnl|TC-DB|Q8F2L2|1.A.33.1.5	57.1	336	144	0	1	336	1	336	1.1e-112	402.9
3300017419.a:Ga0185332_1000292_16	gnl|TC-DB|P10121|3.A.5.1.1	51.2	301	144	3	2	300	194	493	5.1e-77	284.3
3300017419.a:Ga0185332_1000080_5	gnl|TC-DB|Q74FY6|5.B.3.1.1	35.9	284	156	5	36	315	34	295	1.7e-42	169.9
3300017419.a:Ga0185332_1000080_60	gnl|TC-DB|Q8J305|2.A.95.1.4	26.6	207	133	3	1	189	5	210	5.3e-14	74.3
3300017419.a:Ga0185332_1000080_76	gnl|TC-DB|D4ZZR3|9.B.34.1.3	39.8	176	103	2	118	292	220	393	1.5e-28	123.2
3300017419.a:Ga0185332_1000080_79	gnl|TC-DB|Q9HV74|2.A.21.9.1	26.6	384	225	12	142	504	628	975	7.8e-27	118.6
3300017419.a:Ga0185332_1000080_82	gnl|TC-DB|T2K766|3.D.7.2.3	39.1	151	90	2	5	153	8	158	6.1e-24	107.1
3300017419.a:Ga0185332_1000080_83	gnl|TC-DB|O67092|3.D.7.2.1	56.0	555	237	4	1	550	1	553	4.1e-189	657.5
3300017419.a:Ga0185332_1000080_84	gnl|TC-DB|O67095|3.D.7.2.1	55.5	299	133	0	5	303	3	301	9.5e-104	373.2
3300017419.a:Ga0185332_1000080_86	gnl|TC-DB|Q93N33|2.A.21.9.2	24.0	233	171	3	156	383	780	1011	4.0e-13	72.4
3300017419.a:Ga0185332_1000080_93	gnl|TC-DB|B5YHH9|1.A.77.3.43	76.7	120	28	0	1	120	1	120	1.3e-48	188.7
3300017419.a:Ga0185332_1000856_1	gnl|TC-DB|Q8GRB0|3.A.1.14.8	32.2	242	162	1	4	243	1	242	9.7e-37	150.2
3300017419.a:Ga0185332_1000856_2	gnl|TC-DB|Q57130|3.A.1.14.11	32.8	329	213	5	5	326	6	333	1.6e-39	159.8
3300017419.a:Ga0185332_1000856_4	gnl|TC-DB|Q7NL22|1.B.14.10.4	23.5	328	195	11	211	520	598	887	2.3e-11	67.0
3300017419.a:Ga0185332_1000856_7	gnl|TC-DB|Q8F192|1.A.30.2.9	38.3	180	89	4	2	159	66	245	4.5e-20	94.4
3300017419.a:Ga0185332_1000856_20	gnl|TC-DB|Q9KN48|3.A.23.1.1	46.7	225	119	1	185	408	193	417	1.1e-49	194.1
3300017419.a:Ga0185332_1000077_8	gnl|TC-DB|O07084|2.A.4.1.3	37.3	311	184	5	1	300	1	311	6.3e-51	197.6
3300017419.a:Ga0185332_1000077_31	gnl|TC-DB|Q9MUK5|3.A.9.1.1	38.0	150	91	1	70	217	61	210	2.1e-19	93.6
3300017419.a:Ga0185332_1000077_35	gnl|TC-DB|P42061|3.A.1.5.20	40.4	492	269	9	45	521	61	543	8.1e-94	340.9
3300017419.a:Ga0185332_1000077_44	gnl|TC-DB|P22610|3.A.15.2.1	36.1	277	136	5	3	245	15	284	1.2e-36	149.8
3300017419.a:Ga0185332_1000077_55	gnl|TC-DB|P56751|3.D.1.8.1	39.8	118	71	0	6	123	2	119	3.5e-19	90.9
3300017419.a:Ga0185332_1000077_56	gnl|TC-DB|Q74GA7|3.D.1.5.1	68.5	146	46	0	27	172	10	155	5.9e-61	230.3
3300017419.a:Ga0185332_1000077_57	gnl|TC-DB|Q74GA6|3.D.1.5.1	51.4	142	67	1	9	150	10	149	8.6e-40	159.8
3300017419.a:Ga0185332_1000077_58	gnl|TC-DB|Q74GA5|3.D.1.5.1	53.2	387	178	2	9	395	7	390	1.6e-123	439.1
3300017419.a:Ga0185332_1000077_59	gnl|TC-DB|Q746T2|3.D.1.5.1	45.7	326	154	3	14	330	14	325	1.2e-74	276.6
3300017419.a:Ga0185332_1000077_60	gnl|TC-DB|Q12644|3.D.1.6.2	43.4	143	79	2	11	152	69	210	1.7e-15	79.3
3300017419.a:Ga0185332_1000077_62	gnl|TC-DB|P29923|3.D.1.2.1	39.8	98	58	1	2	98	4	101	4.2e-12	67.0
3300017419.a:Ga0185332_1000077_63	gnl|TC-DB|P29924|3.D.1.2.1	47.2	494	240	8	1	481	1	486	7.1e-105	377.9
3300017419.a:Ga0185332_1000077_64	gnl|TC-DB|P29925|3.D.1.2.1	46.9	501	244	5	47	531	4	498	1.7e-123	439.5
3300017419.a:Ga0185332_1000077_65	gnl|TC-DB|P29926|3.D.1.2.1	38.0	426	251	6	8	420	4	429	7.6e-72	267.7
3300017419.a:Ga0185332_1000077_67	gnl|TC-DB|P43838|1.B.9.1.4	29.8	312	169	7	1	277	163	459	4.9e-34	141.4
3300017419.a:Ga0185332_1000077_68	gnl|TC-DB|Q89SS6|2.A.1.42.2	32.1	489	306	8	25	501	650	1124	1.4e-71	266.9
3300017419.a:Ga0185332_1000077_70	gnl|TC-DB|P22731|3.A.1.4.1	51.5	237	110	2	1	237	5	236	4.1e-64	241.1
3300017419.a:Ga0185332_1000077_71	gnl|TC-DB|Q8DQH8|3.A.1.4.10	46.2	251	135	0	4	254	3	253	4.4e-61	231.1
3300017419.a:Ga0185332_1000077_72	gnl|TC-DB|P21628|3.A.1.4.8	32.8	296	174	4	29	300	114	408	5.0e-35	144.8
3300017419.a:Ga0185332_1000077_73	gnl|TC-DB|Q0S718|3.A.1.4.9	27.9	265	188	1	1	265	17	278	8.7e-23	104.0
3300017419.a:Ga0185332_1000077_74	gnl|TC-DB|P21175|3.A.1.4.8	23.1	351	256	6	25	373	24	362	3.3e-20	95.9
3300017419.a:Ga0185332_1000077_75	gnl|TC-DB|Q9HV74|2.A.21.9.1	26.7	285	171	9	433	699	710	974	4.5e-22	103.2
3300017419.a:Ga0185332_1000077_81	gnl|TC-DB|Q735G9|9.A.24.1.13	43.7	126	67	2	41	165	29	151	1.5e-17	85.9
3300017419.a:Ga0185332_1000077_89	gnl|TC-DB|D4ZZR3|9.B.34.1.3	35.8	109	70	0	174	282	236	344	3.6e-12	68.9
3300017419.a:Ga0185332_1000688_12	gnl|TC-DB|Q57604|1.A.1.13.8	38.6	277	163	4	69	341	59	332	1.7e-52	203.0
3300017419.a:Ga0185332_1000688_25	gnl|TC-DB|Q6MJ32|3.A.5.1.3	48.3	439	219	4	4	434	1	439	2.6e-114	408.7
3300017419.a:Ga0185332_1001218_6	gnl|TC-DB|Q8PVB2|9.B.125.2.2	31.4	338	196	8	11	337	12	324	1.5e-32	136.7
3300017419.a:Ga0185332_1001218_10	gnl|TC-DB|D7AE13|3.A.1.23.3	53.2	231	108	0	13	243	17	247	5.1e-67	250.8
3300017419.a:Ga0185332_1001218_11	gnl|TC-DB|D7AE13|3.A.1.23.3	62.8	78	27	1	5	80	258	335	1.8e-22	101.3
3300017419.a:Ga0185332_1001218_12	gnl|TC-DB|D7AE11|3.A.1.23.3	37.9	232	140	1	32	259	17	248	2.2e-36	149.1
3300017419.a:Ga0185332_1001218_13	gnl|TC-DB|D7AE10|3.A.1.23.3	53.7	270	124	1	5	274	2	270	1.2e-80	296.2
3300017419.a:Ga0185332_1000345_12	gnl|TC-DB|P0A6W3|9.B.146.1.6	50.7	349	171	1	13	361	13	360	2.0e-96	349.0
3300017419.a:Ga0185332_1000345_15	gnl|TC-DB|P07373|2.A.103.1.3	42.4	363	200	5	3	361	5	362	1.1e-63	240.4
3300017419.a:Ga0185332_1000345_33	gnl|TC-DB|O05523|2.A.64.3.2	30.7	261	160	3	1	260	4	244	2.4e-30	129.0
3300017419.a:Ga0185332_1000345_36	gnl|TC-DB|M3JA40|1.B.52.2.1	60.3	73	29	0	264	336	303	375	1.0e-14	78.2
3300017419.a:Ga0185332_1000317_14	gnl|TC-DB|P11670|8.B.9.1.5	40.2	127	75	1	55	181	34	159	1.4e-24	109.4
3300017419.a:Ga0185332_1000317_21	gnl|TC-DB|Q9V0A4|3.B.1.1.5	32.4	185	105	5	52	232	34	202	7.8e-14	74.3
3300017419.a:Ga0185332_1000317_23	gnl|TC-DB|B4U7L6|1.B.42.1.6	20.4	685	462	23	10	651	1	645	1.1e-13	75.1
3300017419.a:Ga0185332_1000317_42	gnl|TC-DB|Q9ZFG1|1.B.22.2.4	28.9	470	264	10	259	715	480	892	4.7e-44	176.0
3300017419.a:Ga0185332_1000675_9	gnl|TC-DB|Q9K1H0|1.B.33.1.1	27.7	784	494	19	28	749	25	797	1.6e-79	293.9
3300017419.a:Ga0185332_1000966_9	gnl|TC-DB|Q9X272|3.A.1.5.15	43.4	297	166	2	3	297	13	309	2.0e-68	255.8
3300017419.a:Ga0185332_1001597_3	gnl|TC-DB|B8GFY3|2.A.1.46.4	34.2	117	77	0	2	118	281	397	2.6e-14	74.7
3300017419.a:Ga0185332_1001597_12	gnl|TC-DB|Q58206|3.A.1.122.14	51.1	223	102	3	1	216	1	223	8.6e-58	219.9
3300017419.a:Ga0185332_1001597_13	gnl|TC-DB|Q73MJ0|3.A.1.136.1	22.7	348	232	8	1	325	9	342	8.8e-13	71.2
3300017419.a:Ga0185332_1000015_5	gnl|TC-DB|Q8DQI1|3.A.1.4.10	22.7	343	261	4	20	359	41	382	1.1e-20	97.4
3300017419.a:Ga0185332_1000015_6	gnl|TC-DB|Q9HV74|2.A.21.9.1	33.6	259	147	7	448	697	732	974	6.5e-29	125.9
3300017419.a:Ga0185332_1000015_16	gnl|TC-DB|B7LEG0|1.A.34.1.2	36.9	122	68	3	121	241	263	376	1.6e-15	79.7
3300017419.a:Ga0185332_1000015_34	gnl|TC-DB|P40729|3.A.6.2.1	47.8	638	315	6	51	680	62	689	2.0e-161	565.8
3300017419.a:Ga0185332_1000015_35	gnl|TC-DB|P40727|3.A.6.2.1	38.3	363	202	8	3	353	4	356	4.2e-54	208.4
3300017419.a:Ga0185332_1000015_37	gnl|TC-DB|P0A1L5|3.A.6.2.1	33.0	88	59	0	1	88	1	88	4.2e-11	63.5
3300017419.a:Ga0185332_1000015_38	gnl|TC-DB|P54700|3.A.6.2.1	55.1	245	104	3	94	334	1	243	1.9e-64	242.7
3300017419.a:Ga0185332_1000015_39	gnl|TC-DB|P26419|3.A.6.2.1	63.5	85	31	0	55	139	51	135	9.6e-26	112.8
3300017419.a:Ga0185332_1000015_45	gnl|TC-DB|Q58543|1.A.23.4.1	28.3	353	222	8	11	338	12	358	2.0e-29	126.3
3300017419.a:Ga0185332_1000015_52	gnl|TC-DB|B7L5V2|1.A.34.1.3	42.1	121	69	1	156	275	99	219	1.0e-18	90.5
3300017419.a:Ga0185332_1000015_69	gnl|TC-DB|P0AG90|2.A.6.4.1	35.0	531	291	9	37	540	112	615	2.0e-79	293.1
3300017419.a:Ga0185332_1000015_70	gnl|TC-DB|Q5SKE6|2.A.6.4.3	38.3	287	163	8	11	291	443	721	1.0e-37	153.7
3300017419.a:Ga0185332_1000015_79	gnl|TC-DB|P40290|3.A.6.1.1	50.0	420	205	4	19	434	19	437	2.0e-114	409.1
3300017419.a:Ga0185332_1000015_82	gnl|TC-DB|P15928|3.A.6.2.1	34.3	528	285	11	33	505	36	556	4.0e-74	275.4
3300017419.a:Ga0185332_1000015_86	gnl|TC-DB|Q9KN48|3.A.23.1.1	34.8	336	183	4	123	422	193	528	7.8e-47	184.5
3300017419.a:Ga0185332_1000015_87	gnl|TC-DB|Q9HV74|2.A.21.9.1	27.3	359	221	11	35	360	623	974	2.2e-26	116.3
3300017419.a:Ga0185332_1000015_89	gnl|TC-DB|Q9KN48|3.A.23.1.1	37.8	336	190	4	7	323	193	528	2.7e-55	212.2
3300017419.a:Ga0185332_1000015_111	gnl|TC-DB|F8CVI0|1.B.52.2.2	25.4	346	194	8	4	344	3	289	2.5e-17	86.7
3300017419.a:Ga0185332_1000015_137	gnl|TC-DB|O34734|2.A.20.4.1	28.2	312	215	5	7	312	3	311	9.5e-21	97.4
3300017419.a:Ga0185332_1000015_147	gnl|TC-DB|Q0PBV6|9.A.40.2.2	32.2	416	275	6	10	423	32	442	2.4e-51	199.5
3300017419.a:Ga0185332_1000015_161	gnl|TC-DB|D2RDX9|2.A.20.3.4	53.9	310	141	2	1	309	1	309	1.8e-80	295.8
3300017419.a:Ga0185332_1002149_1	gnl|TC-DB|Q3M5U1|3.A.1.6.4	42.3	248	139	4	24	268	40	286	2.8e-50	195.3
3300017419.a:Ga0185332_1002149_2	gnl|TC-DB|Q3M5U2|3.A.1.6.4	47.1	223	118	0	4	226	22	244	1.8e-48	189.1
3300017419.a:Ga0185332_1002149_3	gnl|TC-DB|Q93KD4|3.A.1.6.2	34.9	212	133	1	3	214	1	207	3.9e-34	141.4
3300017419.a:Ga0185332_1002764_2	gnl|TC-DB|O35002|9.B.174.1.1	37.2	323	195	4	42	359	57	376	4.0e-59	225.3
3300017419.a:Ga0185332_1002764_3	gnl|TC-DB|B7LEG0|1.A.34.1.2	38.9	126	68	3	256	380	259	376	1.3e-16	84.0
3300017419.a:Ga0185332_1002764_5	gnl|TC-DB|P0A9R7|3.A.1.140.1	48.4	215	108	2	1	212	1	215	1.8e-47	185.7
3300017419.a:Ga0185332_1001035_2	gnl|TC-DB|P0AAJ3|5.A.3.2.1	35.5	251	146	6	2	239	28	275	1.0e-43	173.3
3300017419.a:Ga0185332_1001035_3	gnl|TC-DB|P24183|5.A.3.2.1	47.6	824	403	13	1	817	213	1014	1.5e-219	759.2
3300017419.a:Ga0185332_1001035_4	gnl|TC-DB|P24183|5.A.3.2.1	40.5	195	106	3	1	185	1	195	3.2e-37	151.4
3300017419.a:Ga0185332_1001035_5	gnl|TC-DB|Q9KN48|3.A.23.1.1	31.7	360	227	5	127	468	169	527	8.1e-45	177.9
3300017419.a:Ga0185332_1001035_14	gnl|TC-DB|Q0S7K1|3.A.1.27.4	34.3	140	82	4	6	142	9	141	6.3e-12	67.0
3300017419.a:Ga0185332_1001035_15	gnl|TC-DB|P63357|3.A.1.27.5	46.3	242	130	0	2	243	28	269	7.6e-55	210.3
3300017419.a:Ga0185332_1001035_16	gnl|TC-DB|P64606|3.A.1.27.3	41.7	254	143	3	5	255	6	257	6.4e-44	174.1
3300017419.a:Ga0185332_1001035_17	gnl|TC-DB|P76397|8.A.1.6.2	38.5	340	201	4	27	362	55	390	1.0e-58	223.8
3300017419.a:Ga0185332_1001035_18	gnl|TC-DB|Q9I0V6|2.A.6.2.39	44.6	697	380	3	1	695	1	693	7.1e-162	567.4
3300017419.a:Ga0185332_1000938_2	gnl|TC-DB|P0AAH0|3.A.1.7.1	62.7	249	92	1	4	252	10	257	9.9e-90	326.2
3300017419.a:Ga0185332_1000938_3	gnl|TC-DB|P07654|3.A.1.7.1	46.1	271	146	0	5	275	22	292	1.1e-70	263.1
3300017419.a:Ga0185332_1000938_4	gnl|TC-DB|P0AGH8|3.A.1.7.1	46.4	304	161	2	7	309	12	314	3.3e-71	265.0
3300017419.a:Ga0185332_1000938_10	gnl|TC-DB|B5YH84|4.D.1.4.3	68.9	389	121	0	1	389	1	389	1.5e-158	555.4
3300017419.a:Ga0185332_1000938_14	gnl|TC-DB|P0AG82|3.A.1.7.1	50.2	317	154	2	21	335	24	338	2.2e-89	325.5
3300017419.a:Ga0185332_1000938_16	gnl|TC-DB|O51234|3.A.1.7.5	32.3	229	147	5	59	283	62	286	5.0e-24	108.2
3300017419.a:Ga0185332_1000938_17	gnl|TC-DB|Q7WTY6|3.A.1.7.2	30.9	230	151	4	23	248	39	264	4.8e-22	101.7
3300017419.a:Ga0185332_1000938_18	gnl|TC-DB|P0AAH0|3.A.1.7.1	60.6	251	97	1	35	285	9	257	1.8e-87	318.9
3300017419.a:Ga0185332_1003617_1	gnl|TC-DB|P76398|2.A.6.2.12	51.4	333	161	1	2	333	700	1032	8.8e-86	313.5
3300017419.a:Ga0185332_1003617_6	gnl|TC-DB|P42062|3.A.1.5.20	44.5	321	170	3	1	320	1	314	1.3e-70	263.1
3300017419.a:Ga0185332_1003617_7	gnl|TC-DB|P42063|3.A.1.5.20	47.3	277	144	1	1	275	25	301	4.0e-68	254.6
3300017419.a:Ga0185332_1001529_9	gnl|TC-DB|Q9X4X4|2.A.1.30.1	25.5	373	272	3	2	371	23	392	1.2e-28	124.0
3300017419.a:Ga0185332_1001551_10	gnl|TC-DB|M3JA40|1.B.52.2.1	52.0	102	49	0	348	449	272	373	8.7e-19	91.7
3300017419.a:Ga0185332_1001969_11	gnl|TC-DB|A6VIJ1|2.A.119.1.3	50.8	311	152	1	6	316	9	318	7.5e-79	290.4
3300017419.a:Ga0185332_1002331_1	gnl|TC-DB|Q9KN48|3.A.23.1.1	36.4	324	164	3	147	428	198	521	1.3e-52	203.8
3300017419.a:Ga0185332_1002331_2	gnl|TC-DB|Q9HV74|2.A.21.9.1	29.0	245	153	9	146	371	732	974	5.5e-12	68.6
3300017419.a:Ga0185332_1002331_6	gnl|TC-DB|Q9HV74|2.A.21.9.1	33.7	255	150	6	610	855	730	974	1.1e-28	125.2
3300017419.a:Ga0185332_1000458_2	gnl|TC-DB|Q9HY55|4.A.2.1.17	26.2	500	281	14	408	894	504	928	3.9e-27	120.2
3300017419.a:Ga0185332_1000458_7	gnl|TC-DB|Q58AJ7|9.B.105.1.1	36.2	141	85	2	8	143	202	342	6.4e-20	93.6
3300017419.a:Ga0185332_1000458_34	gnl|TC-DB|O58089|9.B.149.1.9	42.2	282	148	5	5	273	90	369	1.4e-52	203.0
3300017419.a:Ga0185332_1000167_5	gnl|TC-DB|Q6MKB2|9.B.22.1.4	20.2	903	659	28	456	1322	417	1293	4.1e-25	114.0
3300017419.a:Ga0185332_1000167_6	gnl|TC-DB|Q9K1H0|1.B.33.1.1	21.6	733	492	19	227	884	73	797	1.2e-30	131.7
3300017419.a:Ga0185332_1000167_15	gnl|TC-DB|Q0ZAH7|2.A.37.1.3	28.6	668	433	10	6	653	7	650	1.2e-73	274.2
3300017419.a:Ga0185332_1000167_19	gnl|TC-DB|P37602|5.A.3.5.1	38.2	199	108	4	5	203	57	240	4.6e-24	107.8
3300017419.a:Ga0185332_1000167_23	gnl|TC-DB|P48269|9.B.14.3.3	35.3	292	101	8	69	350	137	350	2.1e-37	152.9
3300017419.a:Ga0185332_1000167_26	gnl|TC-DB|Q8VRK4|3.A.11.1.3	40.8	277	149	4	79	354	60	322	6.3e-45	177.9
3300017419.a:Ga0185332_1000167_35	gnl|TC-DB|Q9RK11|3.A.1.14.13	33.5	242	157	3	2	240	19	259	1.8e-38	156.0
3300017419.a:Ga0185332_1000167_36	gnl|TC-DB|Q56992|3.A.1.14.5	32.9	340	199	6	31	361	10	329	1.4e-36	150.2
3300017419.a:Ga0185332_1000167_41	gnl|TC-DB|Q8P5Q7|1.B.14.13.1	22.8	338	206	9	212	534	466	763	1.4e-16	84.3
3300017419.a:Ga0185332_1000167_49	gnl|TC-DB|M3JA40|1.B.52.2.1	83.0	47	8	0	370	416	289	335	5.0e-14	75.9
3300017419.a:Ga0185332_1000167_50	gnl|TC-DB|P75957|3.A.1.125.1	47.0	230	113	2	1	230	1	221	4.1e-53	204.5
3300017419.a:Ga0185332_1000167_52	gnl|TC-DB|P75958|3.A.1.125.1	29.8	410	275	6	1	398	3	411	3.5e-41	165.6
3300017419.a:Ga0185332_1004338_5	gnl|TC-DB|P76330|9.B.34.1.4	39.1	156	90	2	159	309	401	556	5.5e-24	108.2
3300017419.a:Ga0185332_1000134_2	gnl|TC-DB|O66515|1.A.11.1.5	62.4	418	153	4	13	429	9	423	7.4e-138	486.9
3300017419.a:Ga0185332_1000134_3	gnl|TC-DB|M1PDZ7|1.B.71.1.6	27.7	242	147	6	34	272	28	244	2.7e-16	82.4
3300017419.a:Ga0185332_1000134_37	gnl|TC-DB|Q8ID54|3.A.25.2.1	37.1	221	131	4	2	214	89	309	3.9e-32	134.8
3300017419.a:Ga0185332_1000134_46	gnl|TC-DB|P24559|3.A.15.2.1	55.4	325	144	1	16	340	15	338	1.1e-97	353.2
3300017419.a:Ga0185332_1000134_47	gnl|TC-DB|P24559|3.A.15.2.1	41.5	328	182	4	21	347	16	334	1.3e-64	243.4
3300017419.a:Ga0185332_1000134_54	gnl|TC-DB|Q8RD07|3.A.1.23.5	40.1	222	126	4	3	217	2	223	5.6e-41	164.1
3300017419.a:Ga0185332_1000134_57	gnl|TC-DB|Q9S411|3.A.1.22.1	42.8	201	112	2	1	198	1	201	5.4e-38	154.1
3300017419.a:Ga0185332_1000134_59	gnl|TC-DB|B5YKN1|1.B.23.1.14	67.6	383	112	4	1	378	4	379	2.1e-152	535.0
3300017419.a:Ga0185332_1000134_70	gnl|TC-DB|O67092|3.D.7.2.1	38.7	106	64	1	9	114	6	110	3.4e-13	72.8
3300017419.a:Ga0185332_1000134_71	gnl|TC-DB|Q9HV74|2.A.21.9.1	31.7	249	155	8	404	642	731	974	1.2e-27	121.3
3300017419.a:Ga0185332_1000134_72	gnl|TC-DB|Q9KN48|3.A.23.1.1	42.2	327	161	2	143	442	193	518	4.2e-62	235.3
3300017419.a:Ga0185332_1000241_11	gnl|TC-DB|P21458|3.A.12.1.1	48.6	527	240	10	204	714	268	779	7.5e-127	451.1
3300017419.a:Ga0185332_1000241_13	gnl|TC-DB|O32220|3.A.3.5.18	41.4	814	429	15	2	785	4	799	4.2e-155	545.0
3300017419.a:Ga0185332_1000241_17	gnl|TC-DB|B8CYZ1|1.B.42.1.13	22.7	366	255	9	9	365	13	359	1.4e-12	70.5
3300017419.a:Ga0185332_1000241_26	gnl|TC-DB|P14285|2.A.51.1.3	26.1	383	271	6	12	383	31	412	2.9e-24	109.4
3300017419.a:Ga0185332_1000241_32	gnl|TC-DB|M4V5E0|1.B.17.1.6	23.1	416	301	9	12	419	9	413	2.5e-16	83.2
3300017419.a:Ga0185332_1000241_33	gnl|TC-DB|Q9RQ30|8.A.1.1.2	50.4	139	66	2	214	350	219	356	2.2e-34	142.9
3300017419.a:Ga0185332_1000241_35	gnl|TC-DB|M4VE83|8.A.1.2.2	30.5	197	124	4	182	378	118	301	2.5e-20	96.3
3300017419.a:Ga0185332_1000241_36	gnl|TC-DB|O31711|3.A.1.122.2	57.3	220	93	1	2	221	1	219	2.8e-67	251.5
3300017419.a:Ga0185332_1000241_37	gnl|TC-DB|O31712|3.A.1.122.2	36.9	404	240	6	8	409	7	397	5.7e-55	211.5
3300017419.a:Ga0185332_1000241_41	gnl|TC-DB|Q8ID54|3.A.25.2.1	32.9	207	130	3	22	219	106	312	1.2e-25	113.2
3300017419.a:Ga0185332_1000241_43	gnl|TC-DB|Q6MLN2|9.B.149.1.11	40.4	208	120	3	1	208	1	204	3.0e-34	141.7
3300017419.a:Ga0185332_1000241_44	gnl|TC-DB|Q6A1F6|3.B.1.1.6	45.2	582	285	5	6	575	8	567	1.8e-142	502.7
3300017419.a:Ga0185332_1001120_10	gnl|TC-DB|P24918|3.D.1.6.2	33.0	215	133	3	3	215	35	240	4.3e-27	119.4
3300017419.a:Ga0185332_1001120_11	gnl|TC-DB|Q74GA3|3.D.1.5.1	33.3	120	78	1	135	254	405	522	1.7e-15	79.7
3300017419.a:Ga0185332_1001120_15	gnl|TC-DB|P0A6Y8|1.A.33.1.2	62.6	639	231	5	1	632	1	638	1.4e-217	752.3
3300017419.a:Ga0185332_1001120_17	gnl|TC-DB|O05703|3.A.1.15.3	31.2	311	184	8	6	294	1	303	3.6e-38	155.2
3300017419.a:Ga0185332_1001120_18	gnl|TC-DB|Q9KLQ5|3.A.1.20.2	33.9	227	139	5	13	231	3	226	1.5e-29	126.3
3300017419.a:Ga0185332_1001120_19	gnl|TC-DB|P39832|3.A.1.15.5	24.9	245	179	2	15	258	14	254	6.7e-12	67.8
3300017419.a:Ga0185332_1000053_4	gnl|TC-DB|P40727|3.A.6.2.1	44.7	85	46	1	1	84	267	351	1.1e-11	65.5
3300017419.a:Ga0185332_1000053_15	gnl|TC-DB|Q9HR73|5.A.3.3.3	44.9	138	75	1	119	255	71	208	6.6e-33	137.5
3300017419.a:Ga0185332_1000053_25	gnl|TC-DB|C6EJJ6|2.C.1.2.1	34.9	175	105	2	3	176	7	173	6.3e-22	100.5
3300017419.a:Ga0185332_1000053_28	gnl|TC-DB|B8F5K7|4.D.1.3.2	39.0	251	146	5	5	250	4	252	5.5e-40	161.0
3300017419.a:Ga0185332_1000053_29	gnl|TC-DB|P60752|3.A.1.106.1	35.2	568	365	2	19	583	13	580	3.7e-95	345.5
3300017419.a:Ga0185332_1000053_32	gnl|TC-DB|Q55190|2.A.37.2.4	33.2	434	236	7	6	398	32	452	9.3e-50	194.1
3300017419.a:Ga0185332_1000053_37	gnl|TC-DB|O05347|3.A.1.16.2	40.9	232	129	3	22	248	43	271	5.3e-43	171.8
3300017419.a:Ga0185332_1000053_38	gnl|TC-DB|R7QS55|3.A.1.17.9	43.3	607	295	9	8	567	127	731	4.3e-125	444.9
3300017419.a:Ga0185332_1000053_41	gnl|TC-DB|P66844|3.A.5.2.2	51.1	440	205	3	1	431	1	439	6.5e-121	430.6
3300017419.a:Ga0185332_1000053_45	gnl|TC-DB|A0L4L0|3.A.1.132.3	39.8	249	144	4	26	274	86	328	3.1e-44	175.3
3300017419.a:Ga0185332_1000053_57	gnl|TC-DB|Q9HV74|2.A.21.9.1	27.8	245	157	8	386	618	738	974	2.1e-16	84.0
3300017419.a:Ga0185332_1000053_71	gnl|TC-DB|Q6T3V7|2.A.38.1.3	41.8	486	275	7	1	482	1	482	1.5e-94	343.2
3300017419.a:Ga0185332_1000053_72	gnl|TC-DB|P0AGI8|2.A.38.1.1	35.1	450	286	4	1	444	1	450	4.6e-74	275.0
3300017419.a:Ga0185332_1000053_73	gnl|TC-DB|P0AEA2|1.B.48.1.1	43.2	271	146	5	9	277	3	267	1.4e-53	206.5
3300017419.a:Ga0185332_1000053_81	gnl|TC-DB|D5APM1|2.A.21.7.5	25.7	538	295	11	61	596	63	497	1.7e-32	137.5
3300017419.a:Ga0185332_1000053_84	gnl|TC-DB|Q9KN48|3.A.23.1.1	51.1	227	111	0	141	367	192	418	6.3e-63	238.0
3300017419.a:Ga0185332_1000053_91	gnl|TC-DB|A6XWX0|3.A.11.2.3	23.6	543	350	18	168	695	209	701	3.2e-19	93.6
3300017419.a:Ga0185332_1000053_94	gnl|TC-DB|B2GH49|9.B.160.1.10	32.5	166	100	5	97	257	217	375	2.6e-14	76.6
3300017419.a:Ga0185332_1000478_9	gnl|TC-DB|P31552|4.C.1.1.6	23.6	550	345	13	98	625	21	517	3.2e-31	133.3
3300017419.a:Ga0185332_1000478_10	gnl|TC-DB|P32705|2.A.21.7.2	60.7	512	186	5	14	513	36	544	2.2e-160	562.0
3300017419.a:Ga0185332_1000478_11	gnl|TC-DB|P0AF54|9.B.136.1.1	43.5	85	46	1	3	85	7	91	2.5e-12	67.8
3300017419.a:Ga0185332_1000478_17	gnl|TC-DB|P75905|4.D.1.1.3	30.1	316	173	9	22	331	33	306	5.8e-27	118.6
3300017419.a:Ga0185332_1000413_3	gnl|TC-DB|Q7UQ81|9.B.146.1.1	24.0	304	203	9	2	285	3	298	2.7e-11	66.2
3300017419.a:Ga0185332_1000413_9	gnl|TC-DB|G3XD19|2.A.66.2.15	24.2	405	277	8	28	421	14	399	4.7e-15	79.0
3300017419.a:Ga0185332_1000413_19	gnl|TC-DB|C0QCR7|8.A.59.4.1	39.5	200	108	3	161	347	351	550	3.0e-36	149.1
3300017419.a:Ga0185332_1000413_20	gnl|TC-DB|Q8F3M7|3.A.15.4.1	44.2	559	308	1	10	568	2	556	4.9e-129	458.0
3300017419.a:Ga0185332_1000413_28	gnl|TC-DB|Q9ZK21|1.C.82.1.1	53.1	224	105	0	3	226	7	230	2.6e-65	245.0
