15	TC	0	6	CGC1	3300029073.a:Ga0169579_10189	16273	17832	3300029073.a:Ga0169579_10189_16	-	DB=gnl|TC-DB|A7ZUZ0|2.A.2.1.1;ID=3300029073.a:Ga0169579_10189_16	DB=gnl|TC-DB|A7ZUZ0|2.A.2.1.1;ID=3300029073.a:Ga0169579_10189_16
16	CAZyme	1	0	CGC1	3300029073.a:Ga0169579_10189	17976	19913	3300029073.a:Ga0169579_10189_17	-	DB=GH2| GH2;ID=3300029073.a:Ga0169579_10189_17	DB=GH2| GH2;ID=3300029073.a:Ga0169579_10189_17
17	null	null	null	CGC1	3300029073.a:Ga0169579_10189	20092	21384	3300029073.a:Ga0169579_10189_18	-	;ID=3300029073.a:Ga0169579_10189_18
18	TF	2	1	CGC1	3300029073.a:Ga0169579_10189	21409	22107	3300029073.a:Ga0169579_10189_19	-	DB=DBD-Pfam|LytTR;ID=3300029073.a:Ga0169579_10189_19	DB=DBD-Pfam|LytTR;ID=3300029073.a:Ga0169579_10189_19
19	null	null	null	CGC1	3300029073.a:Ga0169579_10189	22427	23152	3300029073.a:Ga0169579_10189_20	+	;ID=3300029073.a:Ga0169579_10189_20
20	null	null	null	CGC1	3300029073.a:Ga0169579_10189	23297	23470	3300029073.a:Ga0169579_10189_21	+	;ID=3300029073.a:Ga0169579_10189_21
21	STP	0	2	CGC1	3300029073.a:Ga0169579_10189	23501	24292	3300029073.a:Ga0169579_10189_22	+	DB=STP|HD;ID=3300029073.a:Ga0169579_10189_22	DB=STP|HD;ID=3300029073.a:Ga0169579_10189_22
22	TC	1	0	CGC1	3300029073.a:Ga0169579_10189	24273	24884	3300029073.a:Ga0169579_10189_23	-	DB=gnl|TC-DB|I6ZUE8|9.B.156.3.1;ID=3300029073.a:Ga0169579_10189_23	DB=gnl|TC-DB|I6ZUE8|9.B.156.3.1;ID=3300029073.a:Ga0169579_10189_23
23	null	null	null	CGC1	3300029073.a:Ga0169579_10189	24888	26642	3300029073.a:Ga0169579_10189_24	-	;ID=3300029073.a:Ga0169579_10189_24
24	TC	0	1	CGC1	3300029073.a:Ga0169579_10189	26750	27280	3300029073.a:Ga0169579_10189_25	+	DB=gnl|TC-DB|I6ZUE8|9.B.156.3.1;ID=3300029073.a:Ga0169579_10189_25	DB=gnl|TC-DB|I6ZUE8|9.B.156.3.1;ID=3300029073.a:Ga0169579_10189_25
25	TC	4	0	CGC1	3300029073.a:Ga0169579_10189	27337	27996	3300029073.a:Ga0169579_10189_26	+	DB=gnl|TC-DB|Q72L52|3.A.1.1.24;ID=3300029073.a:Ga0169579_10189_26	DB=gnl|TC-DB|Q72L52|3.A.1.1.24;ID=3300029073.a:Ga0169579_10189_26
+++++
36	TC	0	4	CGC1	3300029073.a:Ga0169579_10160	36062	37393	3300029073.a:Ga0169579_10160_37	+	DB=gnl|TC-DB|P50487|2.A.40.2.1;ID=3300029073.a:Ga0169579_10160_37	DB=gnl|TC-DB|P50487|2.A.40.2.1;ID=3300029073.a:Ga0169579_10160_37
37	CAZyme	0	0	CGC1	3300029073.a:Ga0169579_10160	37469	38875	3300029073.a:Ga0169579_10160_38	-	DB=GH32| GH32;ID=3300029073.a:Ga0169579_10160_38	DB=GH32| GH32;ID=3300029073.a:Ga0169579_10160_38
38	TC	0	0	CGC1	3300029073.a:Ga0169579_10160	38872	40797	3300029073.a:Ga0169579_10160_39	-	DB=gnl|TC-DB|P08470|4.A.1.2.1;ID=3300029073.a:Ga0169579_10160_39	DB=gnl|TC-DB|P08470|4.A.1.2.1;ID=3300029073.a:Ga0169579_10160_39
39	TF	2	0	CGC1	3300029073.a:Ga0169579_10160	40956	41915	3300029073.a:Ga0169579_10160_40	-	DB=DBD-Pfam|LacI,DBD-SUPERFAMILY|0036955;ID=3300029073.a:Ga0169579_10160_40	DB=DBD-Pfam|LacI,DBD-SUPERFAMILY|0036955;ID=3300029073.a:Ga0169579_10160_40
40	null	null	null	CGC1	3300029073.a:Ga0169579_10160	42051	43253	3300029073.a:Ga0169579_10160_41	-	;ID=3300029073.a:Ga0169579_10160_41
41	null	null	null	CGC1	3300029073.a:Ga0169579_10160	43762	43884	3300029073.a:Ga0169579_10160_42	+	;ID=3300029073.a:Ga0169579_10160_42
42	TC	1	2	CGC1	3300029073.a:Ga0169579_10160	43877	44746	3300029073.a:Ga0169579_10160_43	-	DB=gnl|TC-DB|Q9WZ31|1.A.35.3.2;ID=3300029073.a:Ga0169579_10160_43	DB=gnl|TC-DB|Q9WZ31|1.A.35.3.2;ID=3300029073.a:Ga0169579_10160_43
43	null	null	null	CGC1	3300029073.a:Ga0169579_10160	44788	45405	3300029073.a:Ga0169579_10160_44	-	;ID=3300029073.a:Ga0169579_10160_44
44	STP	null	1	CGC1	3300029073.a:Ga0169579_10160	45545	46225	3300029073.a:Ga0169579_10160_45	-	DB=STP|HD;ID=3300029073.a:Ga0169579_10160_45	DB=STP|HD;ID=3300029073.a:Ga0169579_10160_45
+++++
11	TC	1	null	CGC1	3300029073.a:Ga0169579_10141	8662	9468	3300029073.a:Ga0169579_10141_12	+	DB=gnl|TC-DB|J8IXD8|1.C.109.1.5;ID=3300029073.a:Ga0169579_10141_12	DB=gnl|TC-DB|J8IXD8|1.C.109.1.5;ID=3300029073.a:Ga0169579_10141_12
12	null	null	null	CGC1	3300029073.a:Ga0169579_10141	9479	10318	3300029073.a:Ga0169579_10141_13	+	;ID=3300029073.a:Ga0169579_10141_13
13	TF	2	1	CGC1	3300029073.a:Ga0169579_10141	10323	10781	3300029073.a:Ga0169579_10141_14	+	DB=DBD-Pfam|Arg_repressor,DBD-SUPERFAMILY|0037456;ID=3300029073.a:Ga0169579_10141_14	DB=DBD-Pfam|Arg_repressor,DBD-SUPERFAMILY|0037456;ID=3300029073.a:Ga0169579_10141_14
14	null	null	null	CGC1	3300029073.a:Ga0169579_10141	10790	12475	3300029073.a:Ga0169579_10141_15	+	;ID=3300029073.a:Ga0169579_10141_15
15	null	null	null	CGC1	3300029073.a:Ga0169579_10141	12569	13627	3300029073.a:Ga0169579_10141_16	+	;ID=3300029073.a:Ga0169579_10141_16
16	STP	0	2	CGC1	3300029073.a:Ga0169579_10141	13737	14528	3300029073.a:Ga0169579_10141_17	+	DB=STP|Response_reg,STP|Spo0A_C;ID=3300029073.a:Ga0169579_10141_17	DB=STP|Response_reg,STP|Spo0A_C;ID=3300029073.a:Ga0169579_10141_17
17	CAZyme	2	0	CGC1	3300029073.a:Ga0169579_10141	14621	16069	3300029073.a:Ga0169579_10141_18	+	DB= GT5|GT5;ID=3300029073.a:Ga0169579_10141_18	DB= GT5|GT5;ID=3300029073.a:Ga0169579_10141_18
18	null	null	null	CGC1	3300029073.a:Ga0169579_10141	16096	16965	3300029073.a:Ga0169579_10141_19	+	;ID=3300029073.a:Ga0169579_10141_19
19	null	null	null	CGC1	3300029073.a:Ga0169579_10141	16977	17627	3300029073.a:Ga0169579_10141_20	+	;ID=3300029073.a:Ga0169579_10141_20
20	STP	0	2	CGC1	3300029073.a:Ga0169579_10141	17624	20041	3300029073.a:Ga0169579_10141_21	+	DB=STP|B12-binding_2,STP|B12-binding;ID=3300029073.a:Ga0169579_10141_21	DB=STP|B12-binding_2,STP|B12-binding;ID=3300029073.a:Ga0169579_10141_21
21	STP	0	0	CGC1	3300029073.a:Ga0169579_10141	20070	21590	3300029073.a:Ga0169579_10141_22	+	DB=STP|Fer4,STP|Fer4;ID=3300029073.a:Ga0169579_10141_22	DB=STP|Fer4,STP|Fer4;ID=3300029073.a:Ga0169579_10141_22
22	TF	4	0	CGC1	3300029073.a:Ga0169579_10141	21707	24346	3300029073.a:Ga0169579_10141_23	+	DB=DBD-Pfam|bZIP_1;ID=3300029073.a:Ga0169579_10141_23	DB=DBD-Pfam|bZIP_1;ID=3300029073.a:Ga0169579_10141_23
+++++
74	STP	2	3	CGC1	3300029073.a:Ga0169579_10043	77258	77887	3300029073.a:Ga0169579_10043_75	-	DB=STP|Pribosyltran;ID=3300029073.a:Ga0169579_10043_75	DB=STP|Pribosyltran;ID=3300029073.a:Ga0169579_10043_75
75	null	null	null	CGC1	3300029073.a:Ga0169579_10043	77887	79458	3300029073.a:Ga0169579_10043_76	-	;ID=3300029073.a:Ga0169579_10043_76
76	null	null	null	CGC1	3300029073.a:Ga0169579_10043	79445	80167	3300029073.a:Ga0169579_10043_77	-	;ID=3300029073.a:Ga0169579_10043_77
77	STP	0	2	CGC1	3300029073.a:Ga0169579_10043	80243	82168	3300029073.a:Ga0169579_10043_78	-	DB=STP|Pyr_redox_2;ID=3300029073.a:Ga0169579_10043_78	DB=STP|Pyr_redox_2;ID=3300029073.a:Ga0169579_10043_78
78	TF	0	0	CGC1	3300029073.a:Ga0169579_10043	82351	83286	3300029073.a:Ga0169579_10043_79	+	DB=DBD-Pfam|HTH_AraC,DBD-SUPERFAMILY|0036286,DBD-SUPERFAMILY|0035607;ID=3300029073.a:Ga0169579_10043_79	DB=DBD-Pfam|HTH_AraC,DBD-SUPERFAMILY|0036286,DBD-SUPERFAMILY|0035607;ID=3300029073.a:Ga0169579_10043_79
79	TF	0	0	CGC1	3300029073.a:Ga0169579_10043	83267	84115	3300029073.a:Ga0169579_10043_80	-	DB=DBD-Pfam|HTH_AraC,DBD-Pfam|HTH_AraC,DBD-SUPERFAMILY|0036286,DBD-SUPERFAMILY|0035607;ID=3300029073.a:Ga0169579_10043_80	DB=DBD-Pfam|HTH_AraC,DBD-Pfam|HTH_AraC,DBD-SUPERFAMILY|0036286,DBD-SUPERFAMILY|0035607;ID=3300029073.a:Ga0169579_10043_80
80	TC	1	0	CGC1	3300029073.a:Ga0169579_10043	84299	85660	3300029073.a:Ga0169579_10043_81	+	DB=gnl|TC-DB|P75683|2.A.2.3.5;ID=3300029073.a:Ga0169579_10043_81	DB=gnl|TC-DB|P75683|2.A.2.3.5;ID=3300029073.a:Ga0169579_10043_81
81	null	null	null	CGC1	3300029073.a:Ga0169579_10043	85665	86417	3300029073.a:Ga0169579_10043_82	+	;ID=3300029073.a:Ga0169579_10043_82
82	CAZyme	4	1	CGC1	3300029073.a:Ga0169579_10043	86497	88434	3300029073.a:Ga0169579_10043_83	-	DB=GH18| GH18;ID=3300029073.a:Ga0169579_10043_83	DB=GH18| GH18;ID=3300029073.a:Ga0169579_10043_83
+++++
29	CAZyme	0	7	CGC1	3300029073.a:Ga0169579_10037	25396	26829	3300029073.a:Ga0169579_10037_30	-	DB=GH1| GH1;ID=3300029073.a:Ga0169579_10037_30	DB=GH1| GH1;ID=3300029073.a:Ga0169579_10037_30
30	TC	0	0	CGC1	3300029073.a:Ga0169579_10037	26854	28734	3300029073.a:Ga0169579_10037_31	-	DB=gnl|TC-DB|P08722|4.A.1.2.2;ID=3300029073.a:Ga0169579_10037_31	DB=gnl|TC-DB|P08722|4.A.1.2.2;ID=3300029073.a:Ga0169579_10037_31
31	TF	0	0	CGC1	3300029073.a:Ga0169579_10037	28992	29855	3300029073.a:Ga0169579_10037_32	-	DB=DBD-Pfam|HTH_6;ID=3300029073.a:Ga0169579_10037_32	DB=DBD-Pfam|HTH_6;ID=3300029073.a:Ga0169579_10037_32
32	TC	0	0	CGC1	3300029073.a:Ga0169579_10037	30003	31871	3300029073.a:Ga0169579_10037_33	-	DB=gnl|TC-DB|P25694|3.A.16.1.2;ID=3300029073.a:Ga0169579_10037_33	DB=gnl|TC-DB|P25694|3.A.16.1.2;ID=3300029073.a:Ga0169579_10037_33
33	TC	2	0	CGC1	3300029073.a:Ga0169579_10037	32098	33501	3300029073.a:Ga0169579_10037_34	-	DB=gnl|TC-DB|Q45068|2.A.25.1.5;ID=3300029073.a:Ga0169579_10037_34	DB=gnl|TC-DB|Q45068|2.A.25.1.5;ID=3300029073.a:Ga0169579_10037_34
34	null	null	null	CGC1	3300029073.a:Ga0169579_10037	33607	34140	3300029073.a:Ga0169579_10037_35	-	;ID=3300029073.a:Ga0169579_10037_35
35	null	null	null	CGC1	3300029073.a:Ga0169579_10037	34131	34772	3300029073.a:Ga0169579_10037_36	-	;ID=3300029073.a:Ga0169579_10037_36
36	TC	1	2	CGC1	3300029073.a:Ga0169579_10037	34753	35610	3300029073.a:Ga0169579_10037_37	-	DB=gnl|TC-DB|E5VIZ3|1.E.12.1.3;ID=3300029073.a:Ga0169579_10037_37	DB=gnl|TC-DB|E5VIZ3|1.E.12.1.3;ID=3300029073.a:Ga0169579_10037_37
37	null	null	null	CGC1	3300029073.a:Ga0169579_10037	35740	36726	3300029073.a:Ga0169579_10037_38	-	;ID=3300029073.a:Ga0169579_10037_38
38	STP	3	1	CGC1	3300029073.a:Ga0169579_10037	36832	38016	3300029073.a:Ga0169579_10037_39	-	DB=STP|Rhodanese;ID=3300029073.a:Ga0169579_10037_39	DB=STP|Rhodanese;ID=3300029073.a:Ga0169579_10037_39
+++++
16	TC	0	null	CGC1	3300029073.a:Ga0169579_10155	13079	13852	3300029073.a:Ga0169579_10155_17	+	DB=gnl|TC-DB|Q93E03|8.A.3.2.3;ID=3300029073.a:Ga0169579_10155_17	DB=gnl|TC-DB|Q93E03|8.A.3.2.3;ID=3300029073.a:Ga0169579_10155_17
17	TC	1	0	CGC1	3300029073.a:Ga0169579_10155	13871	14557	3300029073.a:Ga0169579_10155_18	+	DB=gnl|TC-DB|Q93E02|8.A.3.2.3;ID=3300029073.a:Ga0169579_10155_18	DB=gnl|TC-DB|Q93E02|8.A.3.2.3;ID=3300029073.a:Ga0169579_10155_18
18	null	null	null	CGC1	3300029073.a:Ga0169579_10155	14573	15226	3300029073.a:Ga0169579_10155_19	+	;ID=3300029073.a:Ga0169579_10155_19
19	STP	0	1	CGC1	3300029073.a:Ga0169579_10155	15242	16678	3300029073.a:Ga0169579_10155_20	+	DB=STP|SBP_bac_3;ID=3300029073.a:Ga0169579_10155_20	DB=STP|SBP_bac_3;ID=3300029073.a:Ga0169579_10155_20
20	CAZyme	2	0	CGC1	3300029073.a:Ga0169579_10155	16826	18751	3300029073.a:Ga0169579_10155_21	+	DB= GH13_9| CBM48|GH13_9|CBM48;ID=3300029073.a:Ga0169579_10155_21	DB= GH13_9| CBM48|GH13_9|CBM48;ID=3300029073.a:Ga0169579_10155_21
21	null	null	null	CGC1	3300029073.a:Ga0169579_10155	18958	20166	3300029073.a:Ga0169579_10155_22	+	;ID=3300029073.a:Ga0169579_10155_22
22	null	null	null	CGC1	3300029073.a:Ga0169579_10155	20163	20627	3300029073.a:Ga0169579_10155_23	+	;ID=3300029073.a:Ga0169579_10155_23
23	CAZyme	0	2	CGC1	3300029073.a:Ga0169579_10155	20965	23382	3300029073.a:Ga0169579_10155_24	+	DB=GH2| GH2;ID=3300029073.a:Ga0169579_10155_24	DB=GH2| GH2;ID=3300029073.a:Ga0169579_10155_24
24	CAZyme	1	0	CGC1	3300029073.a:Ga0169579_10155	23376	25961	3300029073.a:Ga0169579_10155_25	+	DB=CBM67| GH78|GH78;ID=3300029073.a:Ga0169579_10155_25	DB=CBM67| GH78|GH78;ID=3300029073.a:Ga0169579_10155_25
25	null	null	null	CGC1	3300029073.a:Ga0169579_10155	25939	27648	3300029073.a:Ga0169579_10155_26	+	;ID=3300029073.a:Ga0169579_10155_26
26	CAZyme	1	1	CGC1	3300029073.a:Ga0169579_10155	27671	30781	3300029073.a:Ga0169579_10155_27	+	DB= GH3|GH3;ID=3300029073.a:Ga0169579_10155_27	DB= GH3|GH3;ID=3300029073.a:Ga0169579_10155_27
27	null	null	null	CGC1	3300029073.a:Ga0169579_10155	30795	31232	3300029073.a:Ga0169579_10155_28	+	;ID=3300029073.a:Ga0169579_10155_28
28	TF	6	1	CGC1	3300029073.a:Ga0169579_10155	31348	32070	3300029073.a:Ga0169579_10155_29	+	DB=DBD-Pfam|LytTR;ID=3300029073.a:Ga0169579_10155_29	DB=DBD-Pfam|LytTR;ID=3300029073.a:Ga0169579_10155_29
+++++
23	STP	1	5	CGC1	3300029073.a:Ga0169579_10014	27109	29415	3300029073.a:Ga0169579_10014_24	-	DB=STP|HD,STP|ACT;ID=3300029073.a:Ga0169579_10014_24	DB=STP|HD,STP|ACT;ID=3300029073.a:Ga0169579_10014_24
24	null	null	null	CGC1	3300029073.a:Ga0169579_10014	29472	31184	3300029073.a:Ga0169579_10014_25	-	;ID=3300029073.a:Ga0169579_10014_25
25	CAZyme	0	1	CGC1	3300029073.a:Ga0169579_10014	31467	36767	3300029073.a:Ga0169579_10014_26	-	DB= GH29|GH29;ID=3300029073.a:Ga0169579_10014_26	DB= GH29|GH29;ID=3300029073.a:Ga0169579_10014_26
26	TC	2	0	CGC1	3300029073.a:Ga0169579_10014	36976	39249	3300029073.a:Ga0169579_10014_27	-	DB=gnl|TC-DB|O32047|2.A.6.4.2;ID=3300029073.a:Ga0169579_10014_27	DB=gnl|TC-DB|O32047|2.A.6.4.2;ID=3300029073.a:Ga0169579_10014_27
27	null	null	null	CGC1	3300029073.a:Ga0169579_10014	39236	40657	3300029073.a:Ga0169579_10014_28	-	;ID=3300029073.a:Ga0169579_10014_28
28	null	null	null	CGC1	3300029073.a:Ga0169579_10014	40754	40897	3300029073.a:Ga0169579_10014_29	-	;ID=3300029073.a:Ga0169579_10014_29
29	TF	1	2	CGC1	3300029073.a:Ga0169579_10014	40981	41526	3300029073.a:Ga0169579_10014_30	-	DB=DBD-Pfam|SpoVT_AbrB;ID=3300029073.a:Ga0169579_10014_30	DB=DBD-Pfam|SpoVT_AbrB;ID=3300029073.a:Ga0169579_10014_30
30	null	null	null	CGC1	3300029073.a:Ga0169579_10014	41702	42088	3300029073.a:Ga0169579_10014_31	-	;ID=3300029073.a:Ga0169579_10014_31
31	TC	1	1	CGC1	3300029073.a:Ga0169579_10014	42439	44007	3300029073.a:Ga0169579_10014_32	-	DB=gnl|TC-DB|M7AKZ4|2.A.58.2.2;ID=3300029073.a:Ga0169579_10014_32	DB=gnl|TC-DB|M7AKZ4|2.A.58.2.2;ID=3300029073.a:Ga0169579_10014_32
32	null	null	null	CGC1	3300029073.a:Ga0169579_10014	44375	44821	3300029073.a:Ga0169579_10014_33	+	;ID=3300029073.a:Ga0169579_10014_33
33	CAZyme	0	1	CGC1	3300029073.a:Ga0169579_10014	44828	45982	3300029073.a:Ga0169579_10014_34	+	DB=GT28| GT28;ID=3300029073.a:Ga0169579_10014_34	DB=GT28| GT28;ID=3300029073.a:Ga0169579_10014_34
34	TC	0	0	CGC1	3300029073.a:Ga0169579_10014	45979	46581	3300029073.a:Ga0169579_10014_35	+	DB=gnl|TC-DB|Q45064|9.B.31.1.2;ID=3300029073.a:Ga0169579_10014_35	DB=gnl|TC-DB|Q45064|9.B.31.1.2;ID=3300029073.a:Ga0169579_10014_35
35	TC	1	0	CGC1	3300029073.a:Ga0169579_10014	46593	47144	3300029073.a:Ga0169579_10014_36	-	DB=gnl|TC-DB|Q03S56|3.A.1.26.9;ID=3300029073.a:Ga0169579_10014_36	DB=gnl|TC-DB|Q03S56|3.A.1.26.9;ID=3300029073.a:Ga0169579_10014_36
36	null	null	null	CGC1	3300029073.a:Ga0169579_10014	47376	48155	3300029073.a:Ga0169579_10014_37	-	;ID=3300029073.a:Ga0169579_10014_37
37	TF	2	1	CGC1	3300029073.a:Ga0169579_10014	48238	49068	3300029073.a:Ga0169579_10014_38	-	DB=DBD-Pfam|MerR,DBD-SUPERFAMILY|0042546;ID=3300029073.a:Ga0169579_10014_38	DB=DBD-Pfam|MerR,DBD-SUPERFAMILY|0042546;ID=3300029073.a:Ga0169579_10014_38
38	null	null	null	CGC1	3300029073.a:Ga0169579_10014	49247	50098	3300029073.a:Ga0169579_10014_39	-	;ID=3300029073.a:Ga0169579_10014_39
39	null	null	null	CGC1	3300029073.a:Ga0169579_10014	50128	50751	3300029073.a:Ga0169579_10014_40	-	;ID=3300029073.a:Ga0169579_10014_40
40	TC	0	2	CGC1	3300029073.a:Ga0169579_10014	50766	51821	3300029073.a:Ga0169579_10014_41	-	DB=gnl|TC-DB|D9RF44|2.A.20.1.7;ID=3300029073.a:Ga0169579_10014_41	DB=gnl|TC-DB|D9RF44|2.A.20.1.7;ID=3300029073.a:Ga0169579_10014_41
41	TC	0	0	CGC1	3300029073.a:Ga0169579_10014	51840	52502	3300029073.a:Ga0169579_10014_42	-	DB=gnl|TC-DB|P39760|2.A.38.4.4;ID=3300029073.a:Ga0169579_10014_42	DB=gnl|TC-DB|P39760|2.A.38.4.4;ID=3300029073.a:Ga0169579_10014_42
42	TC	0	0	CGC1	3300029073.a:Ga0169579_10014	52525	53829	3300029073.a:Ga0169579_10014_43	-	DB=gnl|TC-DB|O32081|2.A.38.4.3;ID=3300029073.a:Ga0169579_10014_43	DB=gnl|TC-DB|O32081|2.A.38.4.3;ID=3300029073.a:Ga0169579_10014_43
43	TC	1	0	CGC1	3300029073.a:Ga0169579_10014	53826	56012	3300029073.a:Ga0169579_10014_44	-	DB=gnl|TC-DB|O32047|2.A.6.4.2;ID=3300029073.a:Ga0169579_10014_44	DB=gnl|TC-DB|O32047|2.A.6.4.2;ID=3300029073.a:Ga0169579_10014_44
44	null	null	null	CGC1	3300029073.a:Ga0169579_10014	56044	56463	3300029073.a:Ga0169579_10014_45	-	;ID=3300029073.a:Ga0169579_10014_45
45	TC	0	1	CGC1	3300029073.a:Ga0169579_10014	56573	57199	3300029073.a:Ga0169579_10014_46	-	DB=gnl|TC-DB|F4K2G0|3.D.1.8.1;ID=3300029073.a:Ga0169579_10014_46	DB=gnl|TC-DB|F4K2G0|3.D.1.8.1;ID=3300029073.a:Ga0169579_10014_46
46	TC	11	0	CGC1	3300029073.a:Ga0169579_10014	57304	59937	3300029073.a:Ga0169579_10014_47	-	DB=gnl|TC-DB|Q9HY55|4.A.2.1.17;ID=3300029073.a:Ga0169579_10014_47	DB=gnl|TC-DB|Q9HY55|4.A.2.1.17;ID=3300029073.a:Ga0169579_10014_47
+++++
132	TC	0	7	CGC2	3300029073.a:Ga0169579_10014	148933	149487	3300029073.a:Ga0169579_10014_133	+	DB=gnl|TC-DB|P17551|2.A.51.1.1;ID=3300029073.a:Ga0169579_10014_133	DB=gnl|TC-DB|P17551|2.A.51.1.1;ID=3300029073.a:Ga0169579_10014_133
133	CAZyme	0	0	CGC2	3300029073.a:Ga0169579_10014	149540	151006	3300029073.a:Ga0169579_10014_134	-	DB=GH32| GH32;ID=3300029073.a:Ga0169579_10014_134	DB=GH32| GH32;ID=3300029073.a:Ga0169579_10014_134
134	STP	0	0	CGC2	3300029073.a:Ga0169579_10014	151015	152700	3300029073.a:Ga0169579_10014_135	-	DB=STP|SBP_bac_1;ID=3300029073.a:Ga0169579_10014_135	DB=STP|SBP_bac_1;ID=3300029073.a:Ga0169579_10014_135
135	TC	0	0	CGC2	3300029073.a:Ga0169579_10014	152720	153616	3300029073.a:Ga0169579_10014_136	-	DB=gnl|TC-DB|A9QDR8|3.A.1.1.29;ID=3300029073.a:Ga0169579_10014_136	DB=gnl|TC-DB|A9QDR8|3.A.1.1.29;ID=3300029073.a:Ga0169579_10014_136
136	TC	0	0	CGC2	3300029073.a:Ga0169579_10014	153628	154566	3300029073.a:Ga0169579_10014_137	-	DB=gnl|TC-DB|Q9KWT8|3.A.1.1.10;ID=3300029073.a:Ga0169579_10014_137	DB=gnl|TC-DB|Q9KWT8|3.A.1.1.10;ID=3300029073.a:Ga0169579_10014_137
137	TF	0	0	CGC2	3300029073.a:Ga0169579_10014	154816	155844	3300029073.a:Ga0169579_10014_138	+	DB=DBD-Pfam|LacI,DBD-SUPERFAMILY|0036955;ID=3300029073.a:Ga0169579_10014_138	DB=DBD-Pfam|LacI,DBD-SUPERFAMILY|0036955;ID=3300029073.a:Ga0169579_10014_138
138	TF	0	0	CGC2	3300029073.a:Ga0169579_10014	155900	156730	3300029073.a:Ga0169579_10014_139	+	DB=DBD-Pfam|HTH_AraC,DBD-SUPERFAMILY|0036286,DBD-SUPERFAMILY|0035607;ID=3300029073.a:Ga0169579_10014_139	DB=DBD-Pfam|HTH_AraC,DBD-SUPERFAMILY|0036286,DBD-SUPERFAMILY|0035607;ID=3300029073.a:Ga0169579_10014_139
139	CAZyme	0	0	CGC2	3300029073.a:Ga0169579_10014	156826	158988	3300029073.a:Ga0169579_10014_140	-	DB=GH112| GH112;ID=3300029073.a:Ga0169579_10014_140	DB=GH112| GH112;ID=3300029073.a:Ga0169579_10014_140
140	STP	0	0	CGC2	3300029073.a:Ga0169579_10014	159132	160181	3300029073.a:Ga0169579_10014_141	-	DB=STP|HATPase_c;ID=3300029073.a:Ga0169579_10014_141	DB=STP|HATPase_c;ID=3300029073.a:Ga0169579_10014_141
141	TF	0	0	CGC2	3300029073.a:Ga0169579_10014	160178	160849	3300029073.a:Ga0169579_10014_142	-	DB=DBD-Pfam|Trans_reg_C;ID=3300029073.a:Ga0169579_10014_142	DB=DBD-Pfam|Trans_reg_C;ID=3300029073.a:Ga0169579_10014_142
142	TF	2	0	CGC2	3300029073.a:Ga0169579_10014	161058	161378	3300029073.a:Ga0169579_10014_143	+	DB=DBD-Pfam|PadR,DBD-SUPERFAMILY|0043935;ID=3300029073.a:Ga0169579_10014_143	DB=DBD-Pfam|PadR,DBD-SUPERFAMILY|0043935;ID=3300029073.a:Ga0169579_10014_143
143	null	null	null	CGC2	3300029073.a:Ga0169579_10014	161371	161967	3300029073.a:Ga0169579_10014_144	+	;ID=3300029073.a:Ga0169579_10014_144
144	null	null	null	CGC2	3300029073.a:Ga0169579_10014	161954	163267	3300029073.a:Ga0169579_10014_145	+	;ID=3300029073.a:Ga0169579_10014_145
145	TC	1	2	CGC2	3300029073.a:Ga0169579_10014	163319	164098	3300029073.a:Ga0169579_10014_146	-	DB=gnl|TC-DB|P60752|3.A.1.106.1;ID=3300029073.a:Ga0169579_10014_146	DB=gnl|TC-DB|P60752|3.A.1.106.1;ID=3300029073.a:Ga0169579_10014_146
146	null	null	null	CGC2	3300029073.a:Ga0169579_10014	164138	164965	3300029073.a:Ga0169579_10014_147	-	;ID=3300029073.a:Ga0169579_10014_147
147	TC	1	1	CGC2	3300029073.a:Ga0169579_10014	164949	166430	3300029073.a:Ga0169579_10014_148	-	DB=gnl|TC-DB|P39115|3.A.1.121.3;ID=3300029073.a:Ga0169579_10014_148	DB=gnl|TC-DB|P39115|3.A.1.121.3;ID=3300029073.a:Ga0169579_10014_148
148	null	null	null	CGC2	3300029073.a:Ga0169579_10014	166743	167090	3300029073.a:Ga0169579_10014_149	-	;ID=3300029073.a:Ga0169579_10014_149
149	STP	0	1	CGC2	3300029073.a:Ga0169579_10014	167164	168534	3300029073.a:Ga0169579_10014_150	-	DB=STP|HisKA,STP|HATPase_c;ID=3300029073.a:Ga0169579_10014_150	DB=STP|HisKA,STP|HATPase_c;ID=3300029073.a:Ga0169579_10014_150
150	TF	1	0	CGC2	3300029073.a:Ga0169579_10014	168525	169184	3300029073.a:Ga0169579_10014_151	-	DB=DBD-Pfam|Trans_reg_C;ID=3300029073.a:Ga0169579_10014_151	DB=DBD-Pfam|Trans_reg_C;ID=3300029073.a:Ga0169579_10014_151
151	null	null	null	CGC2	3300029073.a:Ga0169579_10014	169203	169976	3300029073.a:Ga0169579_10014_152	-	;ID=3300029073.a:Ga0169579_10014_152
152	TC	0	1	CGC2	3300029073.a:Ga0169579_10014	169964	170743	3300029073.a:Ga0169579_10014_153	-	DB=gnl|TC-DB|Q18BL7|3.A.1.124.6;ID=3300029073.a:Ga0169579_10014_153	DB=gnl|TC-DB|Q18BL7|3.A.1.124.6;ID=3300029073.a:Ga0169579_10014_153
153	TC	null	0	CGC2	3300029073.a:Ga0169579_10014	170750	171442	3300029073.a:Ga0169579_10014_154	-	DB=gnl|TC-DB|Q18BL2|3.A.1.124.6;ID=3300029073.a:Ga0169579_10014_154	DB=gnl|TC-DB|Q18BL2|3.A.1.124.6;ID=3300029073.a:Ga0169579_10014_154
+++++
1	CAZyme	1	null	CGC1	3300029073.a:Ga0169579_10590	2715	4280	3300029073.a:Ga0169579_10590_2	+	DB=GH23;ID=3300029073.a:Ga0169579_10590_2	DB=GH23;ID=3300029073.a:Ga0169579_10590_2
2	null	null	null	CGC1	3300029073.a:Ga0169579_10590	4436	4798	3300029073.a:Ga0169579_10590_3	+	;ID=3300029073.a:Ga0169579_10590_3
3	TC	0	1	CGC1	3300029073.a:Ga0169579_10590	6185	7384	3300029073.a:Ga0169579_10590_4	-	DB=gnl|TC-DB|Q9HV74|2.A.21.9.1;ID=3300029073.a:Ga0169579_10590_4	DB=gnl|TC-DB|Q9HV74|2.A.21.9.1;ID=3300029073.a:Ga0169579_10590_4
4	TF	1	0	CGC1	3300029073.a:Ga0169579_10590	7381	8061	3300029073.a:Ga0169579_10590_5	-	DB=DBD-Pfam|Trans_reg_C;ID=3300029073.a:Ga0169579_10590_5	DB=DBD-Pfam|Trans_reg_C;ID=3300029073.a:Ga0169579_10590_5
5	null	null	null	CGC1	3300029073.a:Ga0169579_10590	8166	8306	3300029073.a:Ga0169579_10590_6	+	;ID=3300029073.a:Ga0169579_10590_6
6	STP	null	1	CGC1	3300029073.a:Ga0169579_10590	8311	9186	3300029073.a:Ga0169579_10590_7	+	DB=STP|Fer4,STP|Fer4;ID=3300029073.a:Ga0169579_10590_7	DB=STP|Fer4,STP|Fer4;ID=3300029073.a:Ga0169579_10590_7
+++++
0	TF	0	null	CGC1	3300029073.a:Ga0169579_10026	637	1821	3300029073.a:Ga0169579_10026_1	+	DB=DBD-Pfam|HTH_AraC,DBD-Pfam|HTH_AraC,DBD-SUPERFAMILY|0036286,DBD-SUPERFAMILY|0035607;ID=3300029073.a:Ga0169579_10026_1	DB=DBD-Pfam|HTH_AraC,DBD-Pfam|HTH_AraC,DBD-SUPERFAMILY|0036286,DBD-SUPERFAMILY|0035607;ID=3300029073.a:Ga0169579_10026_1
1	TC	2	0	CGC1	3300029073.a:Ga0169579_10026	1952	3337	3300029073.a:Ga0169579_10026_2	+	DB=gnl|TC-DB|P96792|2.A.2.3.3;ID=3300029073.a:Ga0169579_10026_2	DB=gnl|TC-DB|P96792|2.A.2.3.3;ID=3300029073.a:Ga0169579_10026_2
2	null	null	null	CGC1	3300029073.a:Ga0169579_10026	3387	4304	3300029073.a:Ga0169579_10026_3	+	;ID=3300029073.a:Ga0169579_10026_3
3	null	null	null	CGC1	3300029073.a:Ga0169579_10026	4321	5256	3300029073.a:Ga0169579_10026_4	+	;ID=3300029073.a:Ga0169579_10026_4
4	CAZyme	2	2	CGC1	3300029073.a:Ga0169579_10026	5256	6671	3300029073.a:Ga0169579_10026_5	+	DB=GH1| GH1;ID=3300029073.a:Ga0169579_10026_5	DB=GH1| GH1;ID=3300029073.a:Ga0169579_10026_5
5	null	null	null	CGC1	3300029073.a:Ga0169579_10026	7002	8078	3300029073.a:Ga0169579_10026_6	+	;ID=3300029073.a:Ga0169579_10026_6
6	null	null	null	CGC1	3300029073.a:Ga0169579_10026	8082	8696	3300029073.a:Ga0169579_10026_7	+	;ID=3300029073.a:Ga0169579_10026_7
7	STP	0	2	CGC1	3300029073.a:Ga0169579_10026	8791	10344	3300029073.a:Ga0169579_10026_8	+	DB=STP|HD;ID=3300029073.a:Ga0169579_10026_8	DB=STP|HD;ID=3300029073.a:Ga0169579_10026_8
8	STP	2	0	CGC1	3300029073.a:Ga0169579_10026	10440	10985	3300029073.a:Ga0169579_10026_9	+	DB=STP|NUDIX;ID=3300029073.a:Ga0169579_10026_9	DB=STP|NUDIX;ID=3300029073.a:Ga0169579_10026_9
9	null	null	null	CGC1	3300029073.a:Ga0169579_10026	11044	11577	3300029073.a:Ga0169579_10026_10	+	;ID=3300029073.a:Ga0169579_10026_10
10	null	null	null	CGC1	3300029073.a:Ga0169579_10026	11574	12893	3300029073.a:Ga0169579_10026_11	-	;ID=3300029073.a:Ga0169579_10026_11
11	TF	7	2	CGC1	3300029073.a:Ga0169579_10026	13038	13508	3300029073.a:Ga0169579_10026_12	+	DB=DBD-Pfam|Rrf2,DBD-SUPERFAMILY|0045032;ID=3300029073.a:Ga0169579_10026_12	DB=DBD-Pfam|Rrf2,DBD-SUPERFAMILY|0045032;ID=3300029073.a:Ga0169579_10026_12
+++++
2	TF	0	null	CGC1	3300029073.a:Ga0169579_10344	1530	1802	3300029073.a:Ga0169579_10344_3	+	DB=DBD-Pfam|GerE;ID=3300029073.a:Ga0169579_10344_3	DB=DBD-Pfam|GerE;ID=3300029073.a:Ga0169579_10344_3
3	TF	0	0	CGC1	3300029073.a:Ga0169579_10344	2410	3264	3300029073.a:Ga0169579_10344_4	-	DB=DBD-Pfam|HTH_AraC,DBD-Pfam|HTH_AraC,DBD-SUPERFAMILY|0036286,DBD-SUPERFAMILY|0035607;ID=3300029073.a:Ga0169579_10344_4	DB=DBD-Pfam|HTH_AraC,DBD-Pfam|HTH_AraC,DBD-SUPERFAMILY|0036286,DBD-SUPERFAMILY|0035607;ID=3300029073.a:Ga0169579_10344_4
4	TC	0	0	CGC1	3300029073.a:Ga0169579_10344	3529	4890	3300029073.a:Ga0169579_10344_5	+	DB=gnl|TC-DB|P75683|2.A.2.3.5;ID=3300029073.a:Ga0169579_10344_5	DB=gnl|TC-DB|P75683|2.A.2.3.5;ID=3300029073.a:Ga0169579_10344_5
5	CAZyme	0	0	CGC1	3300029073.a:Ga0169579_10344	4892	6328	3300029073.a:Ga0169579_10344_6	+	DB= GH29|GH29;ID=3300029073.a:Ga0169579_10344_6	DB= GH29|GH29;ID=3300029073.a:Ga0169579_10344_6
6	CAZyme	1	0	CGC1	3300029073.a:Ga0169579_10344	6404	8305	3300029073.a:Ga0169579_10344_7	+	DB=GH2| GH2;ID=3300029073.a:Ga0169579_10344_7	DB=GH2| GH2;ID=3300029073.a:Ga0169579_10344_7
7	null	null	null	CGC1	3300029073.a:Ga0169579_10344	8289	9236	3300029073.a:Ga0169579_10344_8	+	;ID=3300029073.a:Ga0169579_10344_8
8	TF	0	1	CGC1	3300029073.a:Ga0169579_10344	9489	10289	3300029073.a:Ga0169579_10344_9	+	DB=DBD-Pfam|HTH_AraC,DBD-SUPERFAMILY|0036286,DBD-SUPERFAMILY|0035607;ID=3300029073.a:Ga0169579_10344_9	DB=DBD-Pfam|HTH_AraC,DBD-SUPERFAMILY|0036286,DBD-SUPERFAMILY|0035607;ID=3300029073.a:Ga0169579_10344_9
9	STP	null	0	CGC1	3300029073.a:Ga0169579_10344	10399	11172	3300029073.a:Ga0169579_10344_10	+	DB=STP|Sigma70_r4_2,STP|Nitro_FeMo-Co;ID=3300029073.a:Ga0169579_10344_10	DB=STP|Sigma70_r4_2,STP|Nitro_FeMo-Co;ID=3300029073.a:Ga0169579_10344_10
+++++
24	STP	0	3	CGC1	3300029073.a:Ga0169579_10015	24474	29024	3300029073.a:Ga0169579_10015_25	+	DB=STP|GATase_2;ID=3300029073.a:Ga0169579_10015_25	DB=STP|GATase_2;ID=3300029073.a:Ga0169579_10015_25
25	STP	1	0	CGC1	3300029073.a:Ga0169579_10015	29030	30514	3300029073.a:Ga0169579_10015_26	+	DB=STP|Pyr_redox_2;ID=3300029073.a:Ga0169579_10015_26	DB=STP|Pyr_redox_2;ID=3300029073.a:Ga0169579_10015_26
26	null	null	null	CGC1	3300029073.a:Ga0169579_10015	30561	31886	3300029073.a:Ga0169579_10015_27	+	;ID=3300029073.a:Ga0169579_10015_27
27	STP	0	1	CGC1	3300029073.a:Ga0169579_10015	31909	32460	3300029073.a:Ga0169579_10015_28	+	DB=STP|Response_reg,STP|ANTAR;ID=3300029073.a:Ga0169579_10015_28	DB=STP|Response_reg,STP|ANTAR;ID=3300029073.a:Ga0169579_10015_28
28	STP	1	0	CGC1	3300029073.a:Ga0169579_10015	32485	33690	3300029073.a:Ga0169579_10015_29	+	DB=STP|Aminotran_1_2;ID=3300029073.a:Ga0169579_10015_29	DB=STP|Aminotran_1_2;ID=3300029073.a:Ga0169579_10015_29
29	null	null	null	CGC1	3300029073.a:Ga0169579_10015	33833	34564	3300029073.a:Ga0169579_10015_30	+	;ID=3300029073.a:Ga0169579_10015_30
30	TC	0	1	CGC1	3300029073.a:Ga0169579_10015	35136	35564	3300029073.a:Ga0169579_10015_31	+	DB=gnl|TC-DB|Q04GK1|4.A.6.1.10;ID=3300029073.a:Ga0169579_10015_31	DB=gnl|TC-DB|Q04GK1|4.A.6.1.10;ID=3300029073.a:Ga0169579_10015_31
31	CAZyme	0	0	CGC1	3300029073.a:Ga0169579_10015	35582	36799	3300029073.a:Ga0169579_10015_32	+	DB=GH88| GH88;ID=3300029073.a:Ga0169579_10015_32	DB=GH88| GH88;ID=3300029073.a:Ga0169579_10015_32
32	TC	0	0	CGC1	3300029073.a:Ga0169579_10015	36833	37327	3300029073.a:Ga0169579_10015_33	+	DB=gnl|TC-DB|Q8DR76|4.A.6.1.14;ID=3300029073.a:Ga0169579_10015_33	DB=gnl|TC-DB|Q8DR76|4.A.6.1.14;ID=3300029073.a:Ga0169579_10015_33
33	TC	0	0	CGC1	3300029073.a:Ga0169579_10015	37356	38150	3300029073.a:Ga0169579_10015_34	+	DB=gnl|TC-DB|Q8DR75|4.A.6.1.14;ID=3300029073.a:Ga0169579_10015_34	DB=gnl|TC-DB|Q8DR75|4.A.6.1.14;ID=3300029073.a:Ga0169579_10015_34
34	TC	0	0	CGC1	3300029073.a:Ga0169579_10015	38140	38946	3300029073.a:Ga0169579_10015_35	+	DB=gnl|TC-DB|Q8DR74|4.A.6.1.14;ID=3300029073.a:Ga0169579_10015_35	DB=gnl|TC-DB|Q8DR74|4.A.6.1.14;ID=3300029073.a:Ga0169579_10015_35
35	CAZyme	0	0	CGC1	3300029073.a:Ga0169579_10015	39029	41017	3300029073.a:Ga0169579_10015_36	+	DB=PL12_1| PL12_1;ID=3300029073.a:Ga0169579_10015_36	DB=PL12_1| PL12_1;ID=3300029073.a:Ga0169579_10015_36
36	TF	2	0	CGC1	3300029073.a:Ga0169579_10015	41042	42049	3300029073.a:Ga0169579_10015_37	+	DB=DBD-Pfam|LacI,DBD-SUPERFAMILY|0044558;ID=3300029073.a:Ga0169579_10015_37	DB=DBD-Pfam|LacI,DBD-SUPERFAMILY|0044558;ID=3300029073.a:Ga0169579_10015_37
37	null	null	null	CGC1	3300029073.a:Ga0169579_10015	42067	42849	3300029073.a:Ga0169579_10015_38	+	;ID=3300029073.a:Ga0169579_10015_38
38	null	null	null	CGC1	3300029073.a:Ga0169579_10015	42863	43309	3300029073.a:Ga0169579_10015_39	+	;ID=3300029073.a:Ga0169579_10015_39
39	TF	0	2	CGC1	3300029073.a:Ga0169579_10015	43304	44545	3300029073.a:Ga0169579_10015_40	-	DB=DBD-Pfam|HTH_AraC,DBD-Pfam|HTH_AraC,DBD-SUPERFAMILY|0036286,DBD-SUPERFAMILY|0035607;ID=3300029073.a:Ga0169579_10015_40	DB=DBD-Pfam|HTH_AraC,DBD-Pfam|HTH_AraC,DBD-SUPERFAMILY|0036286,DBD-SUPERFAMILY|0035607;ID=3300029073.a:Ga0169579_10015_40
40	CAZyme	0	0	CGC1	3300029073.a:Ga0169579_10015	44699	46966	3300029073.a:Ga0169579_10015_41	+	DB=GH2| GH2|3.2.1.31;ID=3300029073.a:Ga0169579_10015_41	DB=GH2| GH2|3.2.1.31;ID=3300029073.a:Ga0169579_10015_41
41	TC	0	0	CGC1	3300029073.a:Ga0169579_10015	47010	48404	3300029073.a:Ga0169579_10015_42	+	DB=gnl|TC-DB|P94488|2.A.2.3.2;ID=3300029073.a:Ga0169579_10015_42	DB=gnl|TC-DB|P94488|2.A.2.3.2;ID=3300029073.a:Ga0169579_10015_42
42	TF	0	0	CGC1	3300029073.a:Ga0169579_10015	48580	49287	3300029073.a:Ga0169579_10015_43	+	DB=DBD-Pfam|Trans_reg_C;ID=3300029073.a:Ga0169579_10015_43	DB=DBD-Pfam|Trans_reg_C;ID=3300029073.a:Ga0169579_10015_43
43	STP	0	0	CGC1	3300029073.a:Ga0169579_10015	49259	50539	3300029073.a:Ga0169579_10015_44	+	DB=STP|HisKA,STP|HATPase_c;ID=3300029073.a:Ga0169579_10015_44	DB=STP|HisKA,STP|HATPase_c;ID=3300029073.a:Ga0169579_10015_44
44	TC	0	0	CGC1	3300029073.a:Ga0169579_10015	50686	52980	3300029073.a:Ga0169579_10015_45	+	DB=gnl|TC-DB|O32219|3.A.3.6.10;ID=3300029073.a:Ga0169579_10015_45	DB=gnl|TC-DB|O32219|3.A.3.6.10;ID=3300029073.a:Ga0169579_10015_45
45	TF	0	0	CGC1	3300029073.a:Ga0169579_10015	53163	53522	3300029073.a:Ga0169579_10015_46	+	DB=DBD-Pfam|HTH_5,DBD-SUPERFAMILY|0043669;ID=3300029073.a:Ga0169579_10015_46	DB=DBD-Pfam|HTH_5,DBD-SUPERFAMILY|0043669;ID=3300029073.a:Ga0169579_10015_46
46	TC	0	0	CGC1	3300029073.a:Ga0169579_10015	53525	55384	3300029073.a:Ga0169579_10015_47	+	DB=gnl|TC-DB|O32219|3.A.3.6.10;ID=3300029073.a:Ga0169579_10015_47	DB=gnl|TC-DB|O32219|3.A.3.6.10;ID=3300029073.a:Ga0169579_10015_47
47	STP	1	0	CGC1	3300029073.a:Ga0169579_10015	55397	55945	3300029073.a:Ga0169579_10015_48	+	DB=STP|TPR_1;ID=3300029073.a:Ga0169579_10015_48	DB=STP|TPR_1;ID=3300029073.a:Ga0169579_10015_48
48	null	null	null	CGC1	3300029073.a:Ga0169579_10015	55908	56612	3300029073.a:Ga0169579_10015_49	+	;ID=3300029073.a:Ga0169579_10015_49
49	TC	4	1	CGC1	3300029073.a:Ga0169579_10015	56613	57839	3300029073.a:Ga0169579_10015_50	+	DB=gnl|TC-DB|Q939U6|5.A.1.2.7;ID=3300029073.a:Ga0169579_10015_50	DB=gnl|TC-DB|Q939U6|5.A.1.2.7;ID=3300029073.a:Ga0169579_10015_50
+++++
17	STP	1	3	CGC1	3300029073.a:Ga0169579_10002	16491	18143	3300029073.a:Ga0169579_10002_18	-	DB=STP|CBS,STP|CBS;ID=3300029073.a:Ga0169579_10002_18	DB=STP|CBS,STP|CBS;ID=3300029073.a:Ga0169579_10002_18
18	null	null	null	CGC1	3300029073.a:Ga0169579_10002	18364	19059	3300029073.a:Ga0169579_10002_19	+	;ID=3300029073.a:Ga0169579_10002_19
19	TC	0	1	CGC1	3300029073.a:Ga0169579_10002	19162	20007	3300029073.a:Ga0169579_10002_20	-	DB=gnl|TC-DB|A0L4L0|3.A.1.132.3;ID=3300029073.a:Ga0169579_10002_20	DB=gnl|TC-DB|A0L4L0|3.A.1.132.3;ID=3300029073.a:Ga0169579_10002_20
20	STP	0	0	CGC1	3300029073.a:Ga0169579_10002	20118	21110	3300029073.a:Ga0169579_10002_21	-	DB=STP|Peripla_BP_2;ID=3300029073.a:Ga0169579_10002_21	DB=STP|Peripla_BP_2;ID=3300029073.a:Ga0169579_10002_21
21	TC	1	0	CGC1	3300029073.a:Ga0169579_10002	21149	21901	3300029073.a:Ga0169579_10002_22	-	DB=gnl|TC-DB|Q9X665|3.A.1.14.7;ID=3300029073.a:Ga0169579_10002_22	DB=gnl|TC-DB|Q9X665|3.A.1.14.7;ID=3300029073.a:Ga0169579_10002_22
22	null	null	null	CGC1	3300029073.a:Ga0169579_10002	21906	22883	3300029073.a:Ga0169579_10002_23	-	;ID=3300029073.a:Ga0169579_10002_23
23	TC	0	1	CGC1	3300029073.a:Ga0169579_10002	22864	23841	3300029073.a:Ga0169579_10002_24	-	DB=gnl|TC-DB|P40410|3.A.1.14.15;ID=3300029073.a:Ga0169579_10002_24	DB=gnl|TC-DB|P40410|3.A.1.14.15;ID=3300029073.a:Ga0169579_10002_24
24	TF	1	0	CGC1	3300029073.a:Ga0169579_10002	24001	24345	3300029073.a:Ga0169579_10002_25	-	DB=DBD-Pfam|DUF24,DBD-SUPERFAMILY|0044258;ID=3300029073.a:Ga0169579_10002_25	DB=DBD-Pfam|DUF24,DBD-SUPERFAMILY|0044258;ID=3300029073.a:Ga0169579_10002_25
25	null	null	null	CGC1	3300029073.a:Ga0169579_10002	24447	25829	3300029073.a:Ga0169579_10002_26	-	;ID=3300029073.a:Ga0169579_10002_26
26	CAZyme	1	1	CGC1	3300029073.a:Ga0169579_10002	26660	27862	3300029073.a:Ga0169579_10002_27	+	DB= GH13_11|GH13_11|CBM48;ID=3300029073.a:Ga0169579_10002_27	DB= GH13_11|GH13_11|CBM48;ID=3300029073.a:Ga0169579_10002_27
27	null	null	null	CGC1	3300029073.a:Ga0169579_10002	27965	29164	3300029073.a:Ga0169579_10002_28	-	;ID=3300029073.a:Ga0169579_10002_28
28	TC	1	1	CGC1	3300029073.a:Ga0169579_10002	29289	31154	3300029073.a:Ga0169579_10002_29	-	DB=gnl|TC-DB|G4NXA5|1.A.33.1.4;ID=3300029073.a:Ga0169579_10002_29	DB=gnl|TC-DB|G4NXA5|1.A.33.1.4;ID=3300029073.a:Ga0169579_10002_29
29	null	null	null	CGC1	3300029073.a:Ga0169579_10002	31171	31839	3300029073.a:Ga0169579_10002_30	-	;ID=3300029073.a:Ga0169579_10002_30
30	TF	1	1	CGC1	3300029073.a:Ga0169579_10002	31848	32897	3300029073.a:Ga0169579_10002_31	-	DB=DBD-Pfam|HTH_11,DBD-SUPERFAMILY|0043758;ID=3300029073.a:Ga0169579_10002_31	DB=DBD-Pfam|HTH_11,DBD-SUPERFAMILY|0043758;ID=3300029073.a:Ga0169579_10002_31
31	null	null	null	CGC1	3300029073.a:Ga0169579_10002	33078	33632	3300029073.a:Ga0169579_10002_32	-	;ID=3300029073.a:Ga0169579_10002_32
32	TC	0	1	CGC1	3300029073.a:Ga0169579_10002	33629	34714	3300029073.a:Ga0169579_10002_33	-	DB=gnl|TC-DB|Q9HV74|2.A.21.9.1;ID=3300029073.a:Ga0169579_10002_33	DB=gnl|TC-DB|Q9HV74|2.A.21.9.1;ID=3300029073.a:Ga0169579_10002_33
33	TF	2	0	CGC1	3300029073.a:Ga0169579_10002	34711	35382	3300029073.a:Ga0169579_10002_34	-	DB=DBD-Pfam|Trans_reg_C;ID=3300029073.a:Ga0169579_10002_34	DB=DBD-Pfam|Trans_reg_C;ID=3300029073.a:Ga0169579_10002_34
34	null	null	null	CGC1	3300029073.a:Ga0169579_10002	35546	35725	3300029073.a:Ga0169579_10002_35	-	;ID=3300029073.a:Ga0169579_10002_35
35	null	null	null	CGC1	3300029073.a:Ga0169579_10002	35833	36987	3300029073.a:Ga0169579_10002_36	-	;ID=3300029073.a:Ga0169579_10002_36
36	TF	0	2	CGC1	3300029073.a:Ga0169579_10002	37171	38169	3300029073.a:Ga0169579_10002_37	+	DB=DBD-Pfam|LacI,DBD-SUPERFAMILY|0036955;ID=3300029073.a:Ga0169579_10002_37	DB=DBD-Pfam|LacI,DBD-SUPERFAMILY|0036955;ID=3300029073.a:Ga0169579_10002_37
37	TC	0	0	CGC1	3300029073.a:Ga0169579_10002	38207	39082	3300029073.a:Ga0169579_10002_38	-	DB=gnl|TC-DB|Q8RCC4|3.A.1.3.27;ID=3300029073.a:Ga0169579_10002_38	DB=gnl|TC-DB|Q8RCC4|3.A.1.3.27;ID=3300029073.a:Ga0169579_10002_38
38	TC	0	0	CGC1	3300029073.a:Ga0169579_10002	39119	39871	3300029073.a:Ga0169579_10002_39	-	DB=gnl|TC-DB|P0AAG3|3.A.1.3.4;ID=3300029073.a:Ga0169579_10002_39	DB=gnl|TC-DB|P0AAG3|3.A.1.3.4;ID=3300029073.a:Ga0169579_10002_39
39	TC	0	0	CGC1	3300029073.a:Ga0169579_10002	39875	40552	3300029073.a:Ga0169579_10002_40	-	DB=gnl|TC-DB|A1VZQ3|3.A.1.3.16;ID=3300029073.a:Ga0169579_10002_40	DB=gnl|TC-DB|A1VZQ3|3.A.1.3.16;ID=3300029073.a:Ga0169579_10002_40
40	TC	1	0	CGC1	3300029073.a:Ga0169579_10002	40533	41192	3300029073.a:Ga0169579_10002_41	-	DB=gnl|TC-DB|P0AFT2|3.A.1.3.10;ID=3300029073.a:Ga0169579_10002_41	DB=gnl|TC-DB|P0AFT2|3.A.1.3.10;ID=3300029073.a:Ga0169579_10002_41
41	null	null	null	CGC1	3300029073.a:Ga0169579_10002	41424	41786	3300029073.a:Ga0169579_10002_42	-	;ID=3300029073.a:Ga0169579_10002_42
42	TF	0	1	CGC1	3300029073.a:Ga0169579_10002	41885	43042	3300029073.a:Ga0169579_10002_43	-	DB=DBD-Pfam|GerE,DBD-SUPERFAMILY|0039939;ID=3300029073.a:Ga0169579_10002_43	DB=DBD-Pfam|GerE,DBD-SUPERFAMILY|0039939;ID=3300029073.a:Ga0169579_10002_43
43	TC	5	0	CGC1	3300029073.a:Ga0169579_10002	43295	44707	3300029073.a:Ga0169579_10002_44	-	DB=gnl|TC-DB|P32137|2.A.2.3.9;ID=3300029073.a:Ga0169579_10002_44	DB=gnl|TC-DB|P32137|2.A.2.3.9;ID=3300029073.a:Ga0169579_10002_44
+++++
234	STP	1	6	CGC2	3300029073.a:Ga0169579_10002	264482	266653	3300029073.a:Ga0169579_10002_235	+	DB=STP|ATPase_2;ID=3300029073.a:Ga0169579_10002_235	DB=STP|ATPase_2;ID=3300029073.a:Ga0169579_10002_235
235	null	null	null	CGC2	3300029073.a:Ga0169579_10002	266765	267955	3300029073.a:Ga0169579_10002_236	-	;ID=3300029073.a:Ga0169579_10002_236
236	TF	0	1	CGC2	3300029073.a:Ga0169579_10002	268385	269392	3300029073.a:Ga0169579_10002_237	+	DB=DBD-Pfam|LacI,DBD-SUPERFAMILY|0036955;ID=3300029073.a:Ga0169579_10002_237	DB=DBD-Pfam|LacI,DBD-SUPERFAMILY|0036955;ID=3300029073.a:Ga0169579_10002_237
237	CAZyme	0	0	CGC2	3300029073.a:Ga0169579_10002	269547	271229	3300029073.a:Ga0169579_10002_238	+	DB=GH13_29| GH13_29;ID=3300029073.a:Ga0169579_10002_238	DB=GH13_29| GH13_29;ID=3300029073.a:Ga0169579_10002_238
238	TC	0	0	CGC2	3300029073.a:Ga0169579_10002	271234	273159	3300029073.a:Ga0169579_10002_239	+	DB=gnl|TC-DB|Q8NMD6|4.A.1.2.12;ID=3300029073.a:Ga0169579_10002_239	DB=gnl|TC-DB|Q8NMD6|4.A.1.2.12;ID=3300029073.a:Ga0169579_10002_239
239	CAZyme	0	0	CGC2	3300029073.a:Ga0169579_10002	273168	274616	3300029073.a:Ga0169579_10002_240	+	DB=GH32| GH32;ID=3300029073.a:Ga0169579_10002_240	DB=GH32| GH32;ID=3300029073.a:Ga0169579_10002_240
240	TC	null	0	CGC2	3300029073.a:Ga0169579_10002	274931	275287	3300029073.a:Ga0169579_10002_241	-	DB=gnl|TC-DB|D2BBE3|3.A.1.148.4;ID=3300029073.a:Ga0169579_10002_241	DB=gnl|TC-DB|D2BBE3|3.A.1.148.4;ID=3300029073.a:Ga0169579_10002_241
+++++
6	CAZyme	0	null	CGC1	3300029073.a:Ga0169579_10071	4027	4986	3300029073.a:Ga0169579_10071_7	+	DB=GT2;ID=3300029073.a:Ga0169579_10071_7	DB=GT2;ID=3300029073.a:Ga0169579_10071_7
7	STP	0	0	CGC1	3300029073.a:Ga0169579_10071	5292	6548	3300029073.a:Ga0169579_10071_8	-	DB=STP|SBP_bac_1;ID=3300029073.a:Ga0169579_10071_8	DB=STP|SBP_bac_1;ID=3300029073.a:Ga0169579_10071_8
8	CAZyme	0	0	CGC1	3300029073.a:Ga0169579_10071	6632	7738	3300029073.a:Ga0169579_10071_9	-	DB=GH172| GH172;ID=3300029073.a:Ga0169579_10071_9	DB=GH172| GH172;ID=3300029073.a:Ga0169579_10071_9
9	TC	0	0	CGC1	3300029073.a:Ga0169579_10071	7755	8669	3300029073.a:Ga0169579_10071_10	-	DB=gnl|TC-DB|Q8RJU8|3.A.1.1.18;ID=3300029073.a:Ga0169579_10071_10	DB=gnl|TC-DB|Q8RJU8|3.A.1.1.18;ID=3300029073.a:Ga0169579_10071_10
10	TC	0	0	CGC1	3300029073.a:Ga0169579_10071	8687	9565	3300029073.a:Ga0169579_10071_11	-	DB=gnl|TC-DB|G4FGN7|3.A.1.1.41;ID=3300029073.a:Ga0169579_10071_11	DB=gnl|TC-DB|G4FGN7|3.A.1.1.41;ID=3300029073.a:Ga0169579_10071_11
11	STP	0	0	CGC1	3300029073.a:Ga0169579_10071	9611	10870	3300029073.a:Ga0169579_10071_12	-	DB=STP|SBP_bac_1;ID=3300029073.a:Ga0169579_10071_12	DB=STP|SBP_bac_1;ID=3300029073.a:Ga0169579_10071_12
12	TC	0	0	CGC1	3300029073.a:Ga0169579_10071	11078	12886	3300029073.a:Ga0169579_10071_13	+	DB=gnl|TC-DB|F4LXP4|8.A.59.2.1;ID=3300029073.a:Ga0169579_10071_13	DB=gnl|TC-DB|F4LXP4|8.A.59.2.1;ID=3300029073.a:Ga0169579_10071_13
13	TF	5	0	CGC1	3300029073.a:Ga0169579_10071	12922	14532	3300029073.a:Ga0169579_10071_14	+	DB=DBD-Pfam|HTH_AraC,DBD-Pfam|HTH_AraC,DBD-SUPERFAMILY|0035607,DBD-SUPERFAMILY|0035607;ID=3300029073.a:Ga0169579_10071_14	DB=DBD-Pfam|HTH_AraC,DBD-Pfam|HTH_AraC,DBD-SUPERFAMILY|0035607,DBD-SUPERFAMILY|0035607;ID=3300029073.a:Ga0169579_10071_14
+++++
19	CAZyme	0	5	CGC2	3300029073.a:Ga0169579_10071	19351	20457	3300029073.a:Ga0169579_10071_20	-	DB=GH172| GH172;ID=3300029073.a:Ga0169579_10071_20	DB=GH172| GH172;ID=3300029073.a:Ga0169579_10071_20
20	TC	0	0	CGC2	3300029073.a:Ga0169579_10071	20467	21294	3300029073.a:Ga0169579_10071_21	-	DB=gnl|TC-DB|Q9WYR1|3.A.1.1.39;ID=3300029073.a:Ga0169579_10071_21	DB=gnl|TC-DB|Q9WYR1|3.A.1.1.39;ID=3300029073.a:Ga0169579_10071_21
21	TC	0	0	CGC2	3300029073.a:Ga0169579_10071	21291	22220	3300029073.a:Ga0169579_10071_22	-	DB=gnl|TC-DB|Q55472|3.A.1.1.32;ID=3300029073.a:Ga0169579_10071_22	DB=gnl|TC-DB|Q55472|3.A.1.1.32;ID=3300029073.a:Ga0169579_10071_22
22	STP	0	0	CGC2	3300029073.a:Ga0169579_10071	22282	23577	3300029073.a:Ga0169579_10071_23	-	DB=STP|SBP_bac_1;ID=3300029073.a:Ga0169579_10071_23	DB=STP|SBP_bac_1;ID=3300029073.a:Ga0169579_10071_23
23	CAZyme	0	0	CGC2	3300029073.a:Ga0169579_10071	23590	25038	3300029073.a:Ga0169579_10071_24	-	DB=GH32| GH32;ID=3300029073.a:Ga0169579_10071_24	DB=GH32| GH32;ID=3300029073.a:Ga0169579_10071_24
24	TF	3	0	CGC2	3300029073.a:Ga0169579_10071	25314	26369	3300029073.a:Ga0169579_10071_25	+	DB=DBD-Pfam|LacI,DBD-SUPERFAMILY|0036955;ID=3300029073.a:Ga0169579_10071_25	DB=DBD-Pfam|LacI,DBD-SUPERFAMILY|0036955;ID=3300029073.a:Ga0169579_10071_25
+++++
25	TF	2	5	CGC1	3300029073.a:Ga0169579_10044	29100	30212	3300029073.a:Ga0169579_10044_26	-	DB=DBD-Pfam|LacI,DBD-SUPERFAMILY|0044558;ID=3300029073.a:Ga0169579_10044_26	DB=DBD-Pfam|LacI,DBD-SUPERFAMILY|0044558;ID=3300029073.a:Ga0169579_10044_26
26	null	null	null	CGC1	3300029073.a:Ga0169579_10044	30233	30829	3300029073.a:Ga0169579_10044_27	-	;ID=3300029073.a:Ga0169579_10044_27
27	null	null	null	CGC1	3300029073.a:Ga0169579_10044	30851	31204	3300029073.a:Ga0169579_10044_28	-	;ID=3300029073.a:Ga0169579_10044_28
28	STP	2	2	CGC1	3300029073.a:Ga0169579_10044	31208	32776	3300029073.a:Ga0169579_10044_29	-	DB=STP|AAA;ID=3300029073.a:Ga0169579_10044_29	DB=STP|AAA;ID=3300029073.a:Ga0169579_10044_29
29	null	null	null	CGC1	3300029073.a:Ga0169579_10044	32804	33880	3300029073.a:Ga0169579_10044_30	-	;ID=3300029073.a:Ga0169579_10044_30
30	null	null	null	CGC1	3300029073.a:Ga0169579_10044	34098	34961	3300029073.a:Ga0169579_10044_31	+	;ID=3300029073.a:Ga0169579_10044_31
31	STP	0	2	CGC1	3300029073.a:Ga0169579_10044	35012	35866	3300029073.a:Ga0169579_10044_32	-	DB=STP|PfkB;ID=3300029073.a:Ga0169579_10044_32	DB=STP|PfkB;ID=3300029073.a:Ga0169579_10044_32
32	CAZyme	0	0	CGC1	3300029073.a:Ga0169579_10044	35841	37922	3300029073.a:Ga0169579_10044_33	-	DB=CBM34| CBM34|GH13|GH13_39;ID=3300029073.a:Ga0169579_10044_33	DB=CBM34| CBM34|GH13|GH13_39;ID=3300029073.a:Ga0169579_10044_33
33	TC	0	0	CGC1	3300029073.a:Ga0169579_10044	37994	39814	3300029073.a:Ga0169579_10044_34	-	DB=gnl|TC-DB|P55072|3.A.16.1.1;ID=3300029073.a:Ga0169579_10044_34	DB=gnl|TC-DB|P55072|3.A.16.1.1;ID=3300029073.a:Ga0169579_10044_34
34	STP	1	0	CGC1	3300029073.a:Ga0169579_10044	39830	40357	3300029073.a:Ga0169579_10044_35	-	DB=STP|Pribosyltran;ID=3300029073.a:Ga0169579_10044_35	DB=STP|Pribosyltran;ID=3300029073.a:Ga0169579_10044_35
35	null	null	null	CGC1	3300029073.a:Ga0169579_10044	40341	41798	3300029073.a:Ga0169579_10044_36	-	;ID=3300029073.a:Ga0169579_10044_36
36	STP	7	1	CGC1	3300029073.a:Ga0169579_10044	41759	43189	3300029073.a:Ga0169579_10044_37	-	DB=STP|SpoIIE;ID=3300029073.a:Ga0169579_10044_37	DB=STP|SpoIIE;ID=3300029073.a:Ga0169579_10044_37
+++++
49	STP	0	3	CGC2	3300029073.a:Ga0169579_10044	54522	55226	3300029073.a:Ga0169579_10044_50	-	DB=STP|SIS;ID=3300029073.a:Ga0169579_10044_50	DB=STP|SIS;ID=3300029073.a:Ga0169579_10044_50
50	TC	0	0	CGC2	3300029073.a:Ga0169579_10044	55256	56068	3300029073.a:Ga0169579_10044_51	-	DB=gnl|TC-DB|B3WB11|4.A.6.1.13;ID=3300029073.a:Ga0169579_10044_51	DB=gnl|TC-DB|B3WB11|4.A.6.1.13;ID=3300029073.a:Ga0169579_10044_51
51	TC	0	0	CGC2	3300029073.a:Ga0169579_10044	56049	56852	3300029073.a:Ga0169579_10044_52	-	DB=gnl|TC-DB|B3WB10|4.A.6.1.13;ID=3300029073.a:Ga0169579_10044_52	DB=gnl|TC-DB|B3WB10|4.A.6.1.13;ID=3300029073.a:Ga0169579_10044_52
52	TC	0	0	CGC2	3300029073.a:Ga0169579_10044	56874	57761	3300029073.a:Ga0169579_10044_53	-	DB=gnl|TC-DB|B3WB09|4.A.6.1.13;ID=3300029073.a:Ga0169579_10044_53	DB=gnl|TC-DB|B3WB09|4.A.6.1.13;ID=3300029073.a:Ga0169579_10044_53
53	CAZyme	0	0	CGC2	3300029073.a:Ga0169579_10044	57766	59115	3300029073.a:Ga0169579_10044_54	-	DB= GH29|GH29;ID=3300029073.a:Ga0169579_10044_54	DB= GH29|GH29;ID=3300029073.a:Ga0169579_10044_54
54	TC	0	0	CGC2	3300029073.a:Ga0169579_10044	59417	60175	3300029073.a:Ga0169579_10044_55	+	DB=gnl|TC-DB|Q9NTM9|9.B.158.1.1;ID=3300029073.a:Ga0169579_10044_55	DB=gnl|TC-DB|Q9NTM9|9.B.158.1.1;ID=3300029073.a:Ga0169579_10044_55
55	TF	0	0	CGC2	3300029073.a:Ga0169579_10044	60279	61091	3300029073.a:Ga0169579_10044_56	-	DB=DBD-Pfam|HTH_6;ID=3300029073.a:Ga0169579_10044_56	DB=DBD-Pfam|HTH_6;ID=3300029073.a:Ga0169579_10044_56
56	TC	0	0	CGC2	3300029073.a:Ga0169579_10044	61226	62959	3300029073.a:Ga0169579_10044_57	-	DB=gnl|TC-DB|Q0P855|3.D.1.7.1;ID=3300029073.a:Ga0169579_10044_57	DB=gnl|TC-DB|Q0P855|3.D.1.7.1;ID=3300029073.a:Ga0169579_10044_57
57	TC	0	0	CGC2	3300029073.a:Ga0169579_10044	62972	64873	3300029073.a:Ga0169579_10044_58	-	DB=gnl|TC-DB|Q74GA3|3.D.1.5.1;ID=3300029073.a:Ga0169579_10044_58	DB=gnl|TC-DB|Q74GA3|3.D.1.5.1;ID=3300029073.a:Ga0169579_10044_58
58	TC	0	0	CGC2	3300029073.a:Ga0169579_10044	64879	65352	3300029073.a:Ga0169579_10044_59	-	DB=gnl|TC-DB|Q74GA4|3.D.1.5.1;ID=3300029073.a:Ga0169579_10044_59	DB=gnl|TC-DB|Q74GA4|3.D.1.5.1;ID=3300029073.a:Ga0169579_10044_59
59	STP	1	0	CGC2	3300029073.a:Ga0169579_10044	65767	66381	3300029073.a:Ga0169579_10044_60	+	DB=STP|LysR_substrate;ID=3300029073.a:Ga0169579_10044_60	DB=STP|LysR_substrate;ID=3300029073.a:Ga0169579_10044_60
60	null	null	null	CGC2	3300029073.a:Ga0169579_10044	66515	67738	3300029073.a:Ga0169579_10044_61	-	;ID=3300029073.a:Ga0169579_10044_61
61	TC	0	1	CGC2	3300029073.a:Ga0169579_10044	68114	68857	3300029073.a:Ga0169579_10044_62	-	DB=gnl|TC-DB|Q9NTM9|9.B.158.1.1;ID=3300029073.a:Ga0169579_10044_62	DB=gnl|TC-DB|Q9NTM9|9.B.158.1.1;ID=3300029073.a:Ga0169579_10044_62
62	TC	0	0	CGC2	3300029073.a:Ga0169579_10044	69098	70555	3300029073.a:Ga0169579_10044_63	-	DB=gnl|TC-DB|O34521|4.A.1.1.7;ID=3300029073.a:Ga0169579_10044_63	DB=gnl|TC-DB|O34521|4.A.1.1.7;ID=3300029073.a:Ga0169579_10044_63
63	TC	3	0	CGC2	3300029073.a:Ga0169579_10044	70652	71140	3300029073.a:Ga0169579_10044_64	-	DB=gnl|TC-DB|P40739|4.A.1.2.11;ID=3300029073.a:Ga0169579_10044_64	DB=gnl|TC-DB|P40739|4.A.1.2.11;ID=3300029073.a:Ga0169579_10044_64
+++++
65	STP	0	10	CGC1	3300029073.a:Ga0169579_10055	78327	80498	3300029073.a:Ga0169579_10055_66	-	DB=STP|HisKA,STP|HATPase_c;ID=3300029073.a:Ga0169579_10055_66	DB=STP|HisKA,STP|HATPase_c;ID=3300029073.a:Ga0169579_10055_66
66	TF	1	0	CGC1	3300029073.a:Ga0169579_10055	80470	81168	3300029073.a:Ga0169579_10055_67	-	DB=DBD-Pfam|Trans_reg_C;ID=3300029073.a:Ga0169579_10055_67	DB=DBD-Pfam|Trans_reg_C;ID=3300029073.a:Ga0169579_10055_67
67	null	null	null	CGC1	3300029073.a:Ga0169579_10055	81205	81819	3300029073.a:Ga0169579_10055_68	-	;ID=3300029073.a:Ga0169579_10055_68
68	CAZyme	2	1	CGC1	3300029073.a:Ga0169579_10055	81767	83050	3300029073.a:Ga0169579_10055_69	-	DB=GT4| GT4;ID=3300029073.a:Ga0169579_10055_69	DB=GT4| GT4;ID=3300029073.a:Ga0169579_10055_69
69	null	null	null	CGC1	3300029073.a:Ga0169579_10055	83067	83576	3300029073.a:Ga0169579_10055_70	-	;ID=3300029073.a:Ga0169579_10055_70
70	null	null	null	CGC1	3300029073.a:Ga0169579_10055	83667	84344	3300029073.a:Ga0169579_10055_71	-	;ID=3300029073.a:Ga0169579_10055_71
71	STP	0	2	CGC1	3300029073.a:Ga0169579_10055	84373	84954	3300029073.a:Ga0169579_10055_72	-	DB=STP|Pribosyltran;ID=3300029073.a:Ga0169579_10055_72	DB=STP|Pribosyltran;ID=3300029073.a:Ga0169579_10055_72
72	TC	2	0	CGC1	3300029073.a:Ga0169579_10055	85037	85681	3300029073.a:Ga0169579_10055_73	-	DB=gnl|TC-DB|A9KQL1|9.B.28.1.2;ID=3300029073.a:Ga0169579_10055_73	DB=gnl|TC-DB|A9KQL1|9.B.28.1.2;ID=3300029073.a:Ga0169579_10055_73
73	null	null	null	CGC1	3300029073.a:Ga0169579_10055	86150	86392	3300029073.a:Ga0169579_10055_74	+	;ID=3300029073.a:Ga0169579_10055_74
74	null	null	null	CGC1	3300029073.a:Ga0169579_10055	86499	86780	3300029073.a:Ga0169579_10055_75	+	;ID=3300029073.a:Ga0169579_10055_75
75	STP	null	2	CGC1	3300029073.a:Ga0169579_10055	86925	87479	3300029073.a:Ga0169579_10055_76	+	DB=STP|Sigma70_r2,STP|Sigma70_r4_2;ID=3300029073.a:Ga0169579_10055_76	DB=STP|Sigma70_r2,STP|Sigma70_r4_2;ID=3300029073.a:Ga0169579_10055_76
+++++
