0039384	65	3300029368.a:Ga0243967_100031_120	218	3.4e-09	10	62	17	69	0.8
0040517	144	3300029368.a:Ga0243967_100031_123	149	2.4e-23	6	139	10	144	0.9236111111111112
0043707	64	3300029368.a:Ga0243967_100031_150	81	4e-09	3	61	13	77	0.90625
0036286	54	3300029368.a:Ga0243967_100031_158	284	6.4e-12	2	53	174	225	0.9444444444444444
0035607	54	3300029368.a:Ga0243967_100031_158	284	1.2e-07	3	50	227	272	0.8703703703703703
0043707	64	3300029368.a:Ga0243967_100031_26	246	1.5e-05	5	41	200	236	0.5625
0044258	100	3300029368.a:Ga0243967_100031_53	124	6.8e-14	3	89	13	100	0.86
0041150	134	3300029368.a:Ga0243967_100031_57	138	4.9e-21	15	133	7	130	0.8805970149253731
0037767	80	3300029368.a:Ga0243967_100031_65	124	2.6e-09	17	74	26	78	0.7125
0044258	100	3300029368.a:Ga0243967_100031_66	118	6.8e-18	8	98	22	114	0.9
0040517	144	3300029368.a:Ga0243967_100031_79	302	4e-05	28	106	2	74	0.5416666666666666
0043707	64	3300029368.a:Ga0243967_100031_9	106	5.8e-15	3	61	5	64	0.90625
0035318	53	3300029368.a:Ga0243967_100059_122	113	9.8e-06	6	42	14	50	0.6792452830188679
0043707	64	3300029368.a:Ga0243967_100059_125	66	8.4e-14	7	62	5	61	0.859375
0043707	64	3300029368.a:Ga0243967_100059_126	122	4.1e-15	3	63	3	64	0.9375
0036286	54	3300029368.a:Ga0243967_100059_180	210	8.5e-12	4	52	106	154	0.8888888888888888
0035607	54	3300029368.a:Ga0243967_100059_180	210	3.8e-11	2	54	156	206	0.9629629629629629
0043143	63	3300029368.a:Ga0243967_100059_4	82	2.4e-07	4	60	6	62	0.8888888888888888
0036286	54	3300029368.a:Ga0243967_100063_100	276	2.3e-07	17	52	184	219	0.6481481481481481
0035607	54	3300029368.a:Ga0243967_100063_100	276	3.4e-06	4	53	223	271	0.9074074074074074
0043095	94	3300029368.a:Ga0243967_100063_133	90	2e-26	8	89	3	84	0.8617021276595744
0040266	151	3300029368.a:Ga0243967_100063_3	304	5.7e-05	34	141	9	117	0.7086092715231788
0043669	98	3300029368.a:Ga0243967_100063_57	257	1.8e-05	28	74	188	236	0.46938775510204084
0043758	87	3300029368.a:Ga0243967_100063_59	376	4.2e-05	22	59	333	368	0.42528735632183906
0043707	64	3300029368.a:Ga0243967_100063_66	213	1.4e-06	14	41	172	199	0.421875
0035607	54	3300029368.a:Ga0243967_100069_120	287	3.9e-10	4	53	185	234	0.9074074074074074
0035607	54	3300029368.a:Ga0243967_100069_120	287	6.7e-09	2	52	235	283	0.9259259259259259
0040517	144	3300029368.a:Ga0243967_100069_18	292	1.2e-05	45	120	17	88	0.5208333333333334
0040517	144	3300029368.a:Ga0243967_100069_36	154	7.3e-30	3	138	7	144	0.9375
0037767	80	3300029368.a:Ga0243967_100069_37	134	4.9e-11	3	72	14	78	0.8625
0043758	87	3300029368.a:Ga0243967_100069_47	249	6.7e-15	3	64	4	58	0.7011494252873564
0040266	151	3300029368.a:Ga0243967_100069_48	128	1.3e-10	42	126	24	110	0.5562913907284768
0040266	151	3300029368.a:Ga0243967_100069_54	301	7.5e-05	38	127	13	88	0.5894039735099338
0039384	65	3300029368.a:Ga0243967_100069_75	183	1.6e-11	3	63	1	61	0.9230769230769231
0040517	144	3300029368.a:Ga0243967_100083_11	146	1e-30	7	135	11	142	0.8888888888888888
0041905	120	3300029368.a:Ga0243967_100083_28	118	7.6e-17	7	116	7	112	0.9083333333333333
0036286	54	3300029368.a:Ga0243967_100083_93	276	2.1e-10	2	53	169	220	0.9444444444444444
0035607	54	3300029368.a:Ga0243967_100083_93	276	2.1e-11	2	53	221	270	0.9444444444444444
0039384	65	3300029368.a:Ga0243967_100083_96	223	1.1e-11	5	62	20	77	0.8769230769230769
0043143	63	3300029368.a:Ga0243967_100093_3	68	4.5e-05	5	59	6	60	0.8571428571428571
0042546	127	3300029368.a:Ga0243967_100093_30	222	7.2e-07	13	97	58	136	0.6614173228346457
0045032	127	3300029368.a:Ga0243967_100093_38	227	1.5e-06	5	88	16	106	0.6535433070866141
0040517	144	3300029368.a:Ga0243967_100093_41	143	3.4e-26	8	136	11	139	0.8888888888888888
0043935	94	3300029368.a:Ga0243967_100093_67	172	8.3e-06	5	82	7	85	0.8191489361702128
0040266	151	3300029368.a:Ga0243967_100137_72	155	1.1e-10	25	140	2	116	0.7615894039735099
0043707	64	3300029368.a:Ga0243967_100137_83	130	4.4e-05	6	53	72	120	0.734375
0038966	94	3300029368.a:Ga0243967_100137_98	70	5e-10	29	76	8	56	0.5
0043707	64	3300029368.a:Ga0243967_100140_11	116	2.4e-13	3	62	2	65	0.921875
0042546	127	3300029368.a:Ga0243967_100140_12	295	6.4e-20	4	107	4	101	0.8110236220472441
0039384	65	3300029368.a:Ga0243967_100140_17	372	2.1e-14	11	63	4	57	0.8
0045032	127	3300029368.a:Ga0243967_100140_43	124	3.1e-07	9	65	24	82	0.4409448818897638
0036286	54	3300029368.a:Ga0243967_100140_54	253	6.6e-08	12	51	155	194	0.7222222222222222
0035607	54	3300029368.a:Ga0243967_100140_54	253	1.6e-05	4	51	199	242	0.8703703703703703
0043707	64	3300029368.a:Ga0243967_100140_7	67	5.2e-14	3	61	3	62	0.90625
0040517	144	3300029368.a:Ga0243967_100140_72	147	3.2e-24	13	138	13	139	0.8680555555555556
0043758	87	3300029368.a:Ga0243967_100146_49	367	4.3e-26	2	83	7	88	0.9310344827586207
0045030	74	3300029368.a:Ga0243967_100146_67	212	2.8e-22	3	73	10	80	0.9459459459459459
0035607	54	3300029368.a:Ga0243967_100177_19	407	2.7e-09	3	52	302	351	0.9074074074074074
0035607	54	3300029368.a:Ga0243967_100177_19	407	3.7e-09	3	51	354	400	0.8888888888888888
0045032	127	3300029368.a:Ga0243967_100177_5	122	1.2e-07	12	58	28	74	0.36220472440944884
0036286	54	3300029368.a:Ga0243967_100273_25	512	1.9e-10	2	53	405	456	0.9444444444444444
0035607	54	3300029368.a:Ga0243967_100273_25	512	2.1e-09	2	52	457	505	0.9259259259259259
0039939	63	3300029368.a:Ga0243967_100273_33	56	0.0001	12	54	13	55	0.6666666666666666
0043669	98	3300029368.a:Ga0243967_100273_39	121	1.3e-24	7	93	24	110	0.8775510204081632
0045032	127	3300029368.a:Ga0243967_100275_54	148	9e-30	2	125	6	131	0.968503937007874
0037456	76	3300029368.a:Ga0243967_100275_7	151	1.1e-20	1	66	2	67	0.8552631578947368
0043707	64	3300029368.a:Ga0243967_100278_54	95	1.5e-10	5	57	20	72	0.8125
0043143	63	3300029368.a:Ga0243967_100289_16	139	1.3e-07	3	53	9	62	0.7936507936507936
0043143	63	3300029368.a:Ga0243967_100289_16	139	2.4e-05	6	55	81	130	0.7777777777777778
0043143	63	3300029368.a:Ga0243967_100289_17	122	1.1e-08	3	62	4	64	0.9365079365079365
0037767	80	3300029368.a:Ga0243967_100289_9	260	1.4e-05	25	75	54	104	0.625
0038753	71	3300029368.a:Ga0243967_100294_3	233	6e-09	3	68	165	226	0.9154929577464789
0037767	80	3300029368.a:Ga0243967_100294_30	492	3.1e-06	19	72	26	79	0.6625
0041150	134	3300029368.a:Ga0243967_100294_33	132	7.6e-28	12	133	4	126	0.9029850746268657
0041150	134	3300029368.a:Ga0243967_100313_2	136	2.6e-34	12	133	4	123	0.9029850746268657
0043707	64	3300029368.a:Ga0243967_100313_27	73	2.4e-16	3	61	3	62	0.90625
0036955	59	3300029368.a:Ga0243967_100313_48	335	1.7e-18	4	56	2	54	0.8813559322033898
0038966	94	3300029368.a:Ga0243967_100313_52	308	4.7e-06	30	88	4	61	0.6170212765957447
0040517	144	3300029368.a:Ga0243967_100333_7	144	1.2e-21	10	137	11	139	0.8819444444444444
0042546	127	3300029368.a:Ga0243967_100353_2	254	5.7e-19	1	110	6	112	0.8582677165354331
0041150	134	3300029368.a:Ga0243967_100353_36	154	3.5e-16	3	77	27	99	0.5522388059701493
0042546	127	3300029368.a:Ga0243967_100359_16	415	5.6e-28	1	125	7	127	0.9763779527559056
0042546	127	3300029368.a:Ga0243967_100359_28	136	3.8e-32	1	116	1	116	0.905511811023622
0043935	94	3300029368.a:Ga0243967_100359_29	113	1e-16	6	90	12	105	0.8936170212765957
0035607	54	3300029368.a:Ga0243967_100363_16	279	3.3e-11	3	52	171	220	0.9074074074074074
0035607	54	3300029368.a:Ga0243967_100363_16	279	6.8e-09	2	53	222	271	0.9444444444444444
0038966	94	3300029368.a:Ga0243967_100363_24	118	3.4e-17	28	87	2	61	0.6276595744680851
0043143	63	3300029368.a:Ga0243967_100404_8	256	5.3e-06	6	52	6	54	0.7301587301587301
0040266	151	3300029368.a:Ga0243967_100424_19	386	4.6e-08	30	91	19	82	0.40397350993377484
0045032	127	3300029368.a:Ga0243967_100424_30	144	3.3e-30	1	126	5	132	0.984251968503937
0043707	64	3300029368.a:Ga0243967_100532_15	229	3.1e-10	4	61	10	67	0.890625
0043143	63	3300029368.a:Ga0243967_100532_15	229	7.2e-08	5	57	136	189	0.8253968253968254
0045032	127	3300029368.a:Ga0243967_100532_3	146	3.9e-31	2	126	6	132	0.9763779527559056
0036286	54	3300029368.a:Ga0243967_100532_6	272	1.9e-11	2	53	165	216	0.9444444444444444
0035607	54	3300029368.a:Ga0243967_100532_6	272	6.1e-09	2	51	217	264	0.9074074074074074
0043758	87	3300029368.a:Ga0243967_100536_32	207	2.9e-14	2	68	6	71	0.7586206896551724
0037244	118	3300029368.a:Ga0243967_100543_31	245	8.1e-31	4	101	2	98	0.8220338983050848
0039384	65	3300029368.a:Ga0243967_100705_22	63	8.9e-05	22	55	5	42	0.5076923076923077
0036286	54	3300029368.a:Ga0243967_101419_1	407	5.3e-08	3	53	301	351	0.9259259259259259
0035607	54	3300029368.a:Ga0243967_101419_1	407	9.3e-11	1	52	351	400	0.9444444444444444
0039384	65	3300029368.a:Ga0243967_101419_2	221	7.5e-09	8	62	13	67	0.8307692307692308
