3300029368.a:Ga0243967_102255_4	gnl|TC-DB|Q8KUK6|2.A.66.2.16	28.0	464	327	3	10	471	6	464	1.1e-44	177.6
3300029368.a:Ga0243967_102031_1	gnl|TC-DB|O34697|3.A.1.134.3	43.2	220	120	1	1	215	2	221	5.4e-50	194.1
3300029368.a:Ga0243967_101441_3	gnl|TC-DB|Q8ID54|3.A.25.2.1	36.5	233	139	4	6	232	85	314	1.4e-33	139.8
3300029368.a:Ga0243967_101441_10	gnl|TC-DB|A8GDS7|3.A.1.14.16	36.7	278	170	3	64	335	52	329	9.1e-46	180.6
3300029368.a:Ga0243967_101441_11	gnl|TC-DB|Q8GRB0|3.A.1.14.8	35.8	243	156	0	1	243	1	243	3.0e-46	181.8
3300029368.a:Ga0243967_101368_6	gnl|TC-DB|Q9KAX3|2.A.66.1.32	34.6	456	285	5	40	487	1	451	5.7e-65	245.0
3300029368.a:Ga0243967_101368_9	gnl|TC-DB|P0CE45|2.A.2.3.1	31.2	448	273	12	17	451	11	436	8.5e-47	184.5
3300029368.a:Ga0243967_100705_12	gnl|TC-DB|Q9X103|3.A.1.1.22	60.7	369	142	2	1	369	3	368	2.1e-125	445.3
3300029368.a:Ga0243967_100705_14	gnl|TC-DB|P0A9R7|3.A.1.140.1	48.4	215	111	0	1	215	1	215	3.2e-55	211.5
3300029368.a:Ga0243967_100705_17	gnl|TC-DB|O35002|9.B.174.1.1	29.5	376	247	7	94	455	5	376	2.2e-45	179.9
3300029368.a:Ga0243967_100995_3	gnl|TC-DB|M3JA40|1.B.52.2.1	38.3	133	75	3	80	208	290	419	8.7e-15	77.0
3300029368.a:Ga0243967_100995_6	gnl|TC-DB|Q9FI56|3.A.9.1.2	50.7	814	384	8	1	805	94	899	1.6e-226	782.3
3300029368.a:Ga0243967_100995_7	gnl|TC-DB|Q00758|2.A.66.2.14	21.0	519	386	8	6	522	3	499	1.6e-17	87.4
3300029368.a:Ga0243967_101220_2	gnl|TC-DB|U9SI45|9.B.198.1.4	25.1	275	153	11	1	246	1096	1346	2.9e-12	68.9
3300029368.a:Ga0243967_101220_8	gnl|TC-DB|H8E4X1|9.B.18.1.2	30.4	461	306	9	19	469	62	517	5.1e-47	185.3
3300029368.a:Ga0243967_100852_1	gnl|TC-DB|Q6A1F6|3.B.1.1.6	50.1	461	213	4	4	456	3	454	4.7e-125	444.5
3300029368.a:Ga0243967_100852_2	gnl|TC-DB|Q9ZAA6|3.B.1.1.3	58.8	388	138	4	1	381	1	373	1.4e-111	399.4
3300029368.a:Ga0243967_100852_3	gnl|TC-DB|Q57111|3.B.1.1.2	66.7	108	29	1	1	101	1	108	8.1e-13	69.7
3300029368.a:Ga0243967_100852_5	gnl|TC-DB|Q9V0A4|3.B.1.1.5	39.7	494	269	8	7	481	37	520	3.9e-87	318.5
3300029368.a:Ga0243967_100289_24	gnl|TC-DB|Q07711|3.A.7.7.1	28.2	646	392	16	4	638	3	587	1.5e-65	247.3
3300029368.a:Ga0243967_100289_29	gnl|TC-DB|P0AAP1|9.B.34.1.2	33.3	159	96	4	258	410	212	366	7.6e-16	82.0
3300029368.a:Ga0243967_100289_31	gnl|TC-DB|Q9FI56|3.A.9.1.2	42.3	868	421	8	4	854	96	900	1.5e-193	672.9
3300029368.a:Ga0243967_100289_38	gnl|TC-DB|Q8XME6|2.A.114.1.4	54.1	471	201	6	1	470	1	457	1.1e-137	486.5
3300029368.a:Ga0243967_100289_46	gnl|TC-DB|D3EWM9|2.A.87.1.3	31.7	189	114	4	53	241	6	179	2.0e-18	89.4
3300029368.a:Ga0243967_101792_1	gnl|TC-DB|Q97DD1|2.A.7.21.8	36.4	140	88	1	1	140	1	139	5.9e-18	87.0
3300029368.a:Ga0243967_100353_34	gnl|TC-DB|Q7MV19|9.A.8.1.6	31.1	846	393	17	3	788	127	842	2.5e-105	379.8
3300029368.a:Ga0243967_100353_38	gnl|TC-DB|A6NST6|3.A.3.32.3	54.3	696	318	0	1	696	32	727	6.5e-216	746.9
3300029368.a:Ga0243967_100453_4	gnl|TC-DB|P0AFR2|2.A.53.3.11	34.8	560	313	11	15	548	24	557	3.6e-68	255.8
3300029368.a:Ga0243967_100453_14	gnl|TC-DB|P50002|3.A.2.1.5	74.7	462	114	2	4	463	3	463	2.4e-198	688.0
3300029368.a:Ga0243967_100453_15	gnl|TC-DB|P50005|3.A.2.1.5	40.3	298	163	2	3	285	4	301	2.2e-61	232.3
3300029368.a:Ga0243967_100453_16	gnl|TC-DB|P50000|3.A.2.1.5	67.9	502	157	2	1	501	1	499	1.4e-188	655.6
3300029368.a:Ga0243967_100453_17	gnl|TC-DB|P29708|3.A.2.1.2	25.1	167	123	2	9	175	10	174	1.4e-13	72.8
3300029368.a:Ga0243967_100453_19	gnl|TC-DB|Q59166|3.A.2.1.5	55.6	81	36	0	3	83	1	81	2.5e-16	80.9
3300029368.a:Ga0243967_100453_20	gnl|TC-DB|P21903|3.A.2.1.2	37.4	222	115	4	40	242	67	283	1.2e-31	133.3
3300029368.a:Ga0243967_100453_24	gnl|TC-DB|G2JTB4|3.A.11.1.4	38.6	145	79	5	9	151	4	140	5.5e-17	84.0
3300029368.a:Ga0243967_100137_16	gnl|TC-DB|Q9WZQ6|3.A.1.25.5	38.0	158	96	2	10	167	3	158	2.8e-20	95.1
3300029368.a:Ga0243967_100137_25	gnl|TC-DB|C7N858|2.A.115.2.14	32.4	185	117	2	3	182	222	403	3.5e-26	114.8
3300029368.a:Ga0243967_100137_26	gnl|TC-DB|Q2G140|2.A.66.1.13	25.2	452	315	9	11	456	13	447	9.0e-33	137.9
3300029368.a:Ga0243967_100137_34	gnl|TC-DB|M7AKZ4|2.A.58.2.2	32.7	559	340	10	9	558	6	537	3.8e-65	245.7
3300029368.a:Ga0243967_100137_51	gnl|TC-DB|P39695|3.A.11.1.1	24.3	670	444	12	133	788	133	753	5.4e-41	166.0
3300029368.a:Ga0243967_100137_53	gnl|TC-DB|Q9HV74|2.A.21.9.1	27.5	236	152	8	263	490	750	974	9.7e-12	68.2
3300029368.a:Ga0243967_100137_55	gnl|TC-DB|G2JTB5|3.A.11.1.4	36.5	170	77	3	92	259	70	210	1.0e-20	97.1
3300029368.a:Ga0243967_100137_56	gnl|TC-DB|A4VYG6|9.B.144.1.5	23.9	874	579	22	25	837	9	857	9.5e-42	168.7
3300029368.a:Ga0243967_100137_80	gnl|TC-DB|Q5G3M3|3.A.7.19.1	40.1	152	77	4	1	141	2	150	5.5e-21	97.1
3300029368.a:Ga0243967_100571_4	gnl|TC-DB|O34442|1.A.26.1.3	31.2	333	220	2	132	464	125	448	8.7e-47	184.5
3300029368.a:Ga0243967_100571_9	gnl|TC-DB|Q9MUK5|3.A.9.1.1	42.8	152	85	1	70	219	60	211	2.3e-23	106.7
3300029368.a:Ga0243967_100571_16	gnl|TC-DB|Q7NL26|3.A.1.106.12	30.0	523	358	4	56	570	51	573	4.4e-64	242.3
3300029368.a:Ga0243967_100571_17	gnl|TC-DB|Q7NL25|3.A.1.106.11	32.1	545	363	5	28	567	28	570	2.5e-72	269.6
3300029368.a:Ga0243967_100571_19	gnl|TC-DB|Q8N1S5|2.A.5.5.2	32.2	335	147	7	4	260	10	342	2.2e-31	132.5
3300029368.a:Ga0243967_100424_32	gnl|TC-DB|P37908|9.A.40.2.4	30.1	379	255	5	21	393	22	396	6.6e-46	181.4
3300029368.a:Ga0243967_100063_1	gnl|TC-DB|Q9WYC4|3.A.1.135.5	36.8	630	338	4	26	655	24	593	2.2e-112	402.9
3300029368.a:Ga0243967_100063_2	gnl|TC-DB|Q9WYC3|3.A.1.135.5	36.9	572	356	3	4	574	1	568	2.1e-103	372.9
3300029368.a:Ga0243967_100063_31	gnl|TC-DB|Q5UY25|3.A.5.7.1	25.9	263	171	8	191	440	177	428	1.7e-15	80.5
3300029368.a:Ga0243967_100063_32	gnl|TC-DB|P40729|3.A.6.2.1	39.5	678	384	6	12	677	26	689	6.0e-134	474.6
3300029368.a:Ga0243967_100063_33	gnl|TC-DB|P40727|3.A.6.2.1	31.8	358	214	5	22	367	8	347	3.5e-43	172.2
3300029368.a:Ga0243967_100063_36	gnl|TC-DB|P54700|3.A.6.2.1	45.8	214	114	1	49	262	32	243	7.2e-51	197.2
3300029368.a:Ga0243967_100063_39	gnl|TC-DB|P26419|3.A.6.2.1	52.0	75	36	0	351	425	52	126	1.7e-17	87.0
3300029368.a:Ga0243967_100063_42	gnl|TC-DB|P28612|1.A.30.1.3	29.3	259	170	3	3	261	5	250	2.7e-24	109.0
3300029368.a:Ga0243967_100063_43	gnl|TC-DB|P39063|1.A.30.1.4	41.6	245	143	0	2	246	5	249	2.1e-50	195.7
3300029368.a:Ga0243967_100063_50	gnl|TC-DB|O84676|3.A.6.3.1	54.7	419	184	3	21	434	24	441	3.8e-124	441.4
3300029368.a:Ga0243967_100063_59	gnl|TC-DB|Q8VRK4|3.A.11.1.3	44.4	198	105	2	92	289	70	262	2.9e-37	152.5
3300029368.a:Ga0243967_100063_63	gnl|TC-DB|P24559|3.A.15.2.1	37.0	281	177	0	4	284	3	283	1.4e-52	203.0
3300029368.a:Ga0243967_100063_78	gnl|TC-DB|D7FD61|1.A.23.2.2	31.2	260	172	2	10	268	14	267	1.5e-32	136.3
3300029368.a:Ga0243967_100063_82	gnl|TC-DB|P15690|3.D.1.6.1	28.5	207	144	2	1	206	31	234	9.4e-24	108.2
3300029368.a:Ga0243967_100063_83	gnl|TC-DB|Q74GA3|3.D.1.5.1	27.0	137	84	2	35	155	434	570	9.0e-12	68.6
3300029368.a:Ga0243967_100063_92	gnl|TC-DB|G4NXA5|1.A.33.1.4	57.1	571	229	5	1	563	1	563	1.2e-170	596.3
3300029368.a:Ga0243967_100063_93	gnl|TC-DB|P31845|9.A.11.1.1	33.4	461	303	3	7	465	14	472	7.5e-83	304.3
3300029368.a:Ga0243967_100063_94	gnl|TC-DB|I6L8P4|2.A.66.1.33	32.2	423	287	0	2	424	6	428	1.5e-64	243.4
3300029368.a:Ga0243967_100063_99	gnl|TC-DB|O28528|1.A.11.2.7	43.6	433	217	10	17	435	40	459	1.1e-88	323.9
3300029368.a:Ga0243967_100063_108	gnl|TC-DB|P07373|2.A.103.1.3	35.8	374	217	8	15	382	9	365	6.0e-54	208.0
3300029368.a:Ga0243967_100063_118	gnl|TC-DB|D8HIS0|9.B.106.2.2	31.5	314	170	8	4	280	210	515	2.7e-30	130.2
3300029368.a:Ga0243967_100063_124	gnl|TC-DB|Q9ZKE4|3.A.11.3.1	33.2	485	299	8	228	711	129	589	1.4e-70	264.2
3300029368.a:Ga0243967_100063_127	gnl|TC-DB|P21458|3.A.12.1.1	52.6	487	215	3	448	931	311	784	3.9e-139	492.3
3300029368.a:Ga0243967_100063_128	gnl|TC-DB|Q83XH1|3.A.1.121.4	82.8	536	91	1	1	536	1	535	2.6e-265	910.6
3300029368.a:Ga0243967_100063_131	gnl|TC-DB|D9SZH8|2.A.7.3.49	31.9	213	99	9	37	222	547	740	1.1e-11	67.0
3300029368.a:Ga0243967_100621_13	gnl|TC-DB|Q835V4|3.A.3.23.2	47.6	759	387	3	7	756	31	787	2.0e-181	632.5
3300029368.a:Ga0243967_100621_15	gnl|TC-DB|M3JA40|1.B.52.2.1	54.8	62	28	0	172	233	296	357	7.6e-11	65.1
3300029368.a:Ga0243967_100439_20	gnl|TC-DB|Q9KDT3|2.A.22.5.3	33.4	443	281	7	6	440	9	445	1.5e-56	216.9
3300029368.a:Ga0243967_100439_36	gnl|TC-DB|P07373|2.A.103.1.3	31.2	292	186	7	142	422	70	357	2.0e-24	110.2
3300029368.a:Ga0243967_100439_42	gnl|TC-DB|Q52257|4.D.1.1.1	25.4	456	296	15	3	419	5	455	7.0e-27	118.2
3300029368.a:Ga0243967_100532_8	gnl|TC-DB|P37735|2.A.56.1.1	26.1	295	209	4	23	313	10	299	3.0e-28	122.5
3300029368.a:Ga0243967_100532_10	gnl|TC-DB|Q8ZKS0|2.A.56.1.5	50.4	425	210	1	10	433	11	435	5.2e-107	384.4
3300029368.a:Ga0243967_100532_29	gnl|TC-DB|F4K2G0|3.D.1.8.1	45.8	142	64	6	22	156	109	244	1.3e-19	92.8
3300029368.a:Ga0243967_100532_31	gnl|TC-DB|B0PB52|9.B.28.1.8	27.8	162	110	2	4	162	107	264	8.2e-12	67.4
3300029368.a:Ga0243967_100069_12	gnl|TC-DB|P77757|4.D.2.1.8	24.9	305	219	4	1	300	7	306	2.7e-20	95.9
3300029368.a:Ga0243967_100069_17	gnl|TC-DB|Q9K7V5|9.A.23.1.1	43.3	356	176	4	8	363	4	333	2.6e-67	252.3
3300029368.a:Ga0243967_100069_19	gnl|TC-DB|P0AFU2|2.A.47.4.8	32.2	208	139	2	8	213	9	216	2.2e-25	113.2
3300029368.a:Ga0243967_100069_25	gnl|TC-DB|Q2J9P5|3.A.1.125.3	44.2	215	120	0	6	220	60	274	5.1e-50	194.1
3300029368.a:Ga0243967_100069_31	gnl|TC-DB|Q9WYC3|3.A.1.135.5	36.6	569	359	2	2	569	1	568	1.3e-100	363.6
3300029368.a:Ga0243967_100069_32	gnl|TC-DB|Q9WYC4|3.A.1.135.5	38.6	609	340	1	11	619	19	593	1.2e-120	430.3
3300029368.a:Ga0243967_100069_44	gnl|TC-DB|Q3K0G6|4.A.2.1.20	44.6	673	326	9	1	647	1	652	2.8e-144	508.8
3300029368.a:Ga0243967_100069_46	gnl|TC-DB|P08839|8.A.7.1.1	41.3	538	306	5	12	542	10	544	1.0e-112	403.7
3300029368.a:Ga0243967_100069_51	gnl|TC-DB|Q9HV74|2.A.21.9.1	27.1	306	179	12	103	397	702	974	3.3e-13	73.2
3300029368.a:Ga0243967_100069_52	gnl|TC-DB|P73544|3.A.1.3.12	26.7	491	317	13	39	501	41	516	1.2e-30	131.0
3300029368.a:Ga0243967_100069_53	gnl|TC-DB|Q9F3K7|3.A.1.3.24	53.0	251	117	1	4	253	2	252	4.2e-72	267.7
3300029368.a:Ga0243967_100069_60	gnl|TC-DB|Q2G140|2.A.66.1.13	29.4	405	284	2	1	405	1	403	1.5e-48	190.3
3300029368.a:Ga0243967_100069_65	gnl|TC-DB|Q73LW8|2.A.51.1.6	34.3	178	105	2	3	180	10	175	7.7e-23	103.6
3300029368.a:Ga0243967_100069_70	gnl|TC-DB|O58099|2.A.67.4.2	39.1	624	334	16	5	600	2	607	1.5e-91	333.6
3300029368.a:Ga0243967_100069_73	gnl|TC-DB|F9VN10|3.D.10.1.4	35.7	403	231	9	4	385	7	402	1.3e-52	203.8
3300029368.a:Ga0243967_100069_80	gnl|TC-DB|A4VGV1|1.C.113.1.3	37.4	206	120	3	18	223	8	204	3.6e-30	128.3
3300029368.a:Ga0243967_100069_81	gnl|TC-DB|Q186B7|1.A.16.3.3	34.4	250	161	2	6	252	6	255	1.7e-36	149.4
3300029368.a:Ga0243967_100069_82	gnl|TC-DB|Q2G2M9|3.A.1.106.2	37.0	576	359	1	5	576	2	577	2.7e-98	355.9
3300029368.a:Ga0243967_100069_84	gnl|TC-DB|Q9WYC3|3.A.1.135.5	39.0	572	341	3	1	571	4	568	1.0e-110	397.1
3300029368.a:Ga0243967_100069_85	gnl|TC-DB|Q9WYC4|3.A.1.135.5	42.3	588	333	3	17	600	6	591	1.5e-123	439.9
3300029368.a:Ga0243967_100069_89	gnl|TC-DB|Q58119|2.A.66.1.26	21.3	399	305	7	20	411	21	417	6.5e-12	68.6
3300029368.a:Ga0243967_100069_95	gnl|TC-DB|I6TRN5|2.A.122.1.4	34.4	227	148	1	1	227	1	226	6.3e-35	144.1
3300029368.a:Ga0243967_100069_96	gnl|TC-DB|C7N858|2.A.115.2.14	22.8	180	129	2	2	171	224	403	2.1e-12	68.9
3300029368.a:Ga0243967_100069_97	gnl|TC-DB|Q0ZAH6|2.A.36.6.4	32.5	455	301	4	1	450	4	457	1.2e-47	187.6
3300029368.a:Ga0243967_100069_98	gnl|TC-DB|Q8PUP5|9.B.143.2.3	39.2	199	120	1	18	215	28	226	2.7e-30	128.6
3300029368.a:Ga0243967_100069_100	gnl|TC-DB|C9VRY8|2.A.86.1.5	28.8	243	155	6	150	382	166	400	1.5e-15	80.5
3300029368.a:Ga0243967_100069_105	gnl|TC-DB|P0AG78|3.A.1.6.1	54.0	322	144	4	25	343	6	326	2.7e-90	328.6
3300029368.a:Ga0243967_100069_106	gnl|TC-DB|P16701|3.A.1.6.1	45.6	239	129	1	38	276	8	245	2.1e-54	209.1
3300029368.a:Ga0243967_100069_107	gnl|TC-DB|Q6QJE2|3.A.1.6.7	37.5	264	155	3	15	277	106	360	2.5e-44	175.6
3300029368.a:Ga0243967_100069_108	gnl|TC-DB|P0A4W2|3.A.1.6.3	58.4	231	96	0	10	240	14	244	3.9e-76	281.6
3300029368.a:Ga0243967_100069_118	gnl|TC-DB|Q8FA78|2.A.56.1.8	24.8	254	187	2	71	324	4	253	2.0e-21	99.8
3300029368.a:Ga0243967_100069_119	gnl|TC-DB|F4LXP4|8.A.59.2.1	26.5	457	294	7	49	485	57	491	1.7e-40	163.7
3300029368.a:Ga0243967_100069_121	gnl|TC-DB|P43020|2.A.56.1.5	40.3	315	185	3	19	332	11	323	1.2e-58	223.4
3300029368.a:Ga0243967_100069_122	gnl|TC-DB|Q8ZKR9|2.A.56.1.5	35.6	149	96	0	4	152	1	149	1.1e-22	102.8
3300029368.a:Ga0243967_100069_123	gnl|TC-DB|Q8ZKS0|2.A.56.1.5	50.2	412	205	0	22	433	22	433	1.1e-109	393.3
3300029368.a:Ga0243967_100359_13	gnl|TC-DB|Q1D3I3|3.A.1.103.4	35.0	423	252	4	5	420	6	412	6.6e-70	261.2
3300029368.a:Ga0243967_100359_14	gnl|TC-DB|Q1D3I2|3.A.1.103.4	33.3	258	168	2	4	261	5	258	8.3e-39	157.1
3300029368.a:Ga0243967_100359_22	gnl|TC-DB|F8CVI0|1.B.52.2.2	26.2	275	191	3	94	360	20	290	3.3e-12	69.7
3300029368.a:Ga0243967_100359_39	gnl|TC-DB|P39265|3.A.1.2.6	31.7	142	94	3	135	275	132	271	8.7e-14	74.3
3300029368.a:Ga0243967_100700_11	gnl|TC-DB|C4N8U0|3.D.6.1.2	43.2	438	242	4	5	438	7	441	4.1e-91	331.6
3300029368.a:Ga0243967_100700_12	gnl|TC-DB|C4N8U1|3.D.6.1.2	41.5	328	174	7	1	320	1	318	8.3e-57	217.2
3300029368.a:Ga0243967_100700_13	gnl|TC-DB|C4N8U2|3.D.6.1.2	35.3	207	123	3	2	208	12	207	2.9e-21	98.6
3300029368.a:Ga0243967_100700_14	gnl|TC-DB|C4N8U3|3.D.6.1.2	55.6	198	82	1	5	202	4	195	8.5e-53	203.4
3300029368.a:Ga0243967_100700_15	gnl|TC-DB|C4N8U4|3.D.6.1.2	60.4	192	73	1	1	189	1	192	5.4e-56	213.8
3300029368.a:Ga0243967_100700_16	gnl|TC-DB|C4N8U5|3.D.6.1.2	39.7	242	144	2	1	241	2	242	3.6e-42	168.3
3300029368.a:Ga0243967_100313_3	gnl|TC-DB|C0QCR7|8.A.59.4.1	30.6	242	143	6	173	394	293	529	1.1e-21	100.9
3300029368.a:Ga0243967_100313_8	gnl|TC-DB|Q32AY2|3.A.1.14.18	29.8	325	214	4	16	337	3	316	4.3e-40	161.8
3300029368.a:Ga0243967_100313_9	gnl|TC-DB|A9WCZ7|3.A.1.13.2	35.0	283	174	2	21	298	1	278	4.1e-50	195.3
3300029368.a:Ga0243967_100313_22	gnl|TC-DB|Q8PVB2|9.B.125.2.2	32.6	325	190	8	16	332	18	321	4.3e-32	135.2
3300029368.a:Ga0243967_100313_29	gnl|TC-DB|P80874|8.A.5.1.4	22.9	218	137	6	5	203	4	209	2.2e-13	72.8
3300029368.a:Ga0243967_101246_9	gnl|TC-DB|Q8F285|2.A.111.1.1	45.2	454	215	10	2	445	59	488	1.4e-91	333.2
3300029368.a:Ga0243967_100083_13	gnl|TC-DB|P50487|2.A.40.2.1	33.9	466	275	6	12	476	15	448	9.2e-68	254.2
3300029368.a:Ga0243967_100083_15	gnl|TC-DB|Q9RK11|3.A.1.14.13	29.8	215	150	1	10	223	20	234	4.7e-26	114.8
3300029368.a:Ga0243967_100083_16	gnl|TC-DB|Q9RK10|3.A.1.14.13	33.6	330	200	7	17	330	42	368	3.9e-33	138.7
3300029368.a:Ga0243967_100083_23	gnl|TC-DB|P42332|3.A.1.131.1	44.5	299	164	2	5	301	4	302	1.2e-70	263.1
3300029368.a:Ga0243967_100083_34	gnl|TC-DB|D6TT54|3.A.1.148.3	33.4	308	179	6	1	307	1	283	1.9e-42	169.5
3300029368.a:Ga0243967_100083_46	gnl|TC-DB|Q9KAX3|2.A.66.1.32	30.9	414	278	4	19	431	23	429	2.3e-52	203.0
3300029368.a:Ga0243967_100083_53	gnl|TC-DB|B7L5V2|1.A.34.1.3	33.0	103	69	0	403	505	117	219	5.7e-12	68.9
3300029368.a:Ga0243967_100083_61	gnl|TC-DB|Q9HY55|4.A.2.1.17	28.8	459	240	13	427	878	549	927	4.2e-32	136.7
3300029368.a:Ga0243967_100083_70	gnl|TC-DB|917585193|9.B.18.1.3	41.6	166	90	3	34	193	265	429	3.9e-27	118.2
3300029368.a:Ga0243967_100083_72	gnl|TC-DB|Q6MMD5|9.B.18.2.1	38.1	620	353	11	13	618	23	625	6.4e-106	381.3
3300029368.a:Ga0243967_100083_78	gnl|TC-DB|Q55487|4.D.2.1.9	33.0	115	76	1	8	122	5	118	6.2e-12	67.8
3300029368.a:Ga0243967_100083_87	gnl|TC-DB|P77757|4.D.2.1.8	27.0	215	139	8	2	209	10	213	9.5e-13	70.5
3300029368.a:Ga0243967_100083_94	gnl|TC-DB|O34474|2.A.66.1.25	23.9	447	319	9	20	453	20	458	2.8e-32	136.3
3300029368.a:Ga0243967_100031_10	gnl|TC-DB|Q2G2M9|3.A.1.106.2	31.7	567	375	6	55	612	14	577	6.8e-68	255.0
3300029368.a:Ga0243967_100031_14	gnl|TC-DB|A9QDR8|3.A.1.1.29	33.8	290	173	4	16	286	16	305	2.3e-42	169.1
3300029368.a:Ga0243967_100031_15	gnl|TC-DB|Q9KWT8|3.A.1.1.10	35.6	292	177	6	211	497	38	323	2.3e-42	169.9
3300029368.a:Ga0243967_100031_20	gnl|TC-DB|P40869|9.A.11.1.1	38.8	348	195	2	2	349	3	332	2.1e-69	259.2
3300029368.a:Ga0243967_100031_22	gnl|TC-DB|P40868|9.A.11.1.1	44.1	136	75	1	10	144	6	141	1.6e-26	115.5
3300029368.a:Ga0243967_100031_35	gnl|TC-DB|Q93E02|8.A.3.2.3	47.6	206	106	1	11	214	10	215	6.6e-48	187.2
3300029368.a:Ga0243967_100031_36	gnl|TC-DB|Q93E03|8.A.3.2.3	37.1	232	143	2	1	231	1	230	5.3e-35	144.4
3300029368.a:Ga0243967_100031_48	gnl|TC-DB|B3EBP1|4.D.1.3.3	41.0	117	65	1	3	119	1042	1154	9.1e-17	84.3
3300029368.a:Ga0243967_100031_50	gnl|TC-DB|Q9X665|3.A.1.14.7	43.7	245	134	2	10	250	13	257	1.9e-56	215.7
3300029368.a:Ga0243967_100031_52	gnl|TC-DB|P15029|3.A.1.14.1	28.2	326	215	9	3	318	2	318	3.3e-19	92.4
3300029368.a:Ga0243967_100031_55	gnl|TC-DB|P96117|3.A.1.15.8	35.7	207	129	3	4	206	11	217	4.3e-31	131.3
3300029368.a:Ga0243967_100031_56	gnl|TC-DB|O05703|3.A.1.15.3	24.8	371	203	8	26	391	6	305	1.6e-22	103.6
3300029368.a:Ga0243967_100031_59	gnl|TC-DB|Q8Y5F0|3.A.1.134.12	53.1	254	119	0	3	256	2	255	1.6e-74	275.8
3300029368.a:Ga0243967_100031_62	gnl|TC-DB|Q9KAX3|2.A.66.1.32	25.9	417	299	6	12	424	15	425	1.0e-25	114.4
3300029368.a:Ga0243967_100031_64	gnl|TC-DB|Q99ZC8|3.A.1.132.6	53.9	230	106	0	1	230	1	230	1.8e-74	275.4
3300029368.a:Ga0243967_100031_72	gnl|TC-DB|M3JA40|1.B.52.2.1	46.4	97	45	1	312	408	286	375	1.6e-12	71.2
3300029368.a:Ga0243967_100031_73	gnl|TC-DB|Q0ZAI3|2.A.19.5.2	37.8	312	181	4	4	303	6	316	4.2e-42	168.3
3300029368.a:Ga0243967_100031_81	gnl|TC-DB|Q73PT4|2.A.79.1.5	30.1	246	165	5	5	248	13	253	1.1e-21	100.1
3300029368.a:Ga0243967_100031_84	gnl|TC-DB|A7NRF9|3.A.1.26.5	44.3	158	84	2	5	161	13	167	1.6e-27	119.0
3300029368.a:Ga0243967_100031_87	gnl|TC-DB|Q8EII1|2.A.25.1.4	49.3	460	208	9	8	466	6	441	4.7e-109	391.3
3300029368.a:Ga0243967_100031_89	gnl|TC-DB|Q93N33|2.A.21.9.2	24.5	396	275	10	320	707	760	1139	3.6e-20	96.7
3300029368.a:Ga0243967_100031_90	gnl|TC-DB|P54535|3.A.1.3.15	28.0	254	174	7	11	261	3	250	1.4e-20	96.7
3300029368.a:Ga0243967_100031_91	gnl|TC-DB|P46468|3.A.25.2.1	43.6	227	125	2	195	420	931	1155	6.3e-49	192.2
3300029368.a:Ga0243967_100031_101	gnl|TC-DB|Q9WYC4|3.A.1.135.5	41.4	572	332	2	13	584	23	591	9.6e-128	453.8
3300029368.a:Ga0243967_100031_102	gnl|TC-DB|J6RCW6|3.A.1.135.7	39.5	544	326	2	27	569	19	560	5.0e-105	378.3
3300029368.a:Ga0243967_100031_105	gnl|TC-DB|P54536|3.A.1.3.15	39.3	211	121	2	299	507	14	219	1.1e-31	134.4
3300029368.a:Ga0243967_100031_106	gnl|TC-DB|Q9CES4|3.A.1.3.25	66.9	242	80	0	5	246	4	245	9.6e-90	326.2
3300029368.a:Ga0243967_100031_116	gnl|TC-DB|Q9KDT3|2.A.22.5.3	37.0	454	274	6	18	469	9	452	2.0e-78	289.7
3300029368.a:Ga0243967_100031_118	gnl|TC-DB|M3JA40|1.B.52.2.1	30.7	212	123	5	277	488	253	440	1.4e-13	74.7
3300029368.a:Ga0243967_100031_122	gnl|TC-DB|Q7WZ38|2.A.66.1.37	38.9	434	264	1	9	442	9	441	1.9e-83	306.2
3300029368.a:Ga0243967_100031_127	gnl|TC-DB|Q9KAX3|2.A.66.1.32	27.4	434	299	7	9	435	13	437	5.1e-41	165.2
3300029368.a:Ga0243967_100031_130	gnl|TC-DB|Q8TZX5|2.A.66.1.45	25.4	409	280	7	15	407	4	403	5.6e-19	92.0
3300029368.a:Ga0243967_100031_139	gnl|TC-DB|Q5EAK4|2.A.16.2.2	25.5	368	237	11	7	346	1361	1719	1.2e-25	114.8
3300029368.a:Ga0243967_100031_156	gnl|TC-DB|Q2G2M9|3.A.1.106.2	30.5	491	305	7	100	587	89	546	1.6e-50	197.2
3300029368.a:Ga0243967_100031_157	gnl|TC-DB|Q832J9|3.A.1.135.9	28.3	607	394	7	1	588	1	585	1.0e-60	231.1
3300029368.a:Ga0243967_100031_159	gnl|TC-DB|Q5JIF7|2.A.114.1.3	33.8	520	286	10	1	483	1	499	4.6e-66	248.8
3300029368.a:Ga0243967_100177_1	gnl|TC-DB|P76330|9.B.34.1.4	34.2	158	95	5	151	301	401	556	4.1e-14	75.9
3300029368.a:Ga0243967_100177_4	gnl|TC-DB|Q99ZC8|3.A.1.132.6	33.0	218	137	3	4	220	5	214	3.0e-29	125.6
3300029368.a:Ga0243967_100177_17	gnl|TC-DB|P75683|2.A.2.3.5	30.1	458	292	13	13	462	7	444	6.1e-37	151.8
3300029368.a:Ga0243967_100177_23	gnl|TC-DB|E5VIZ3|1.E.12.1.3	57.7	123	52	0	1	123	1	123	9.3e-41	163.7
3300029368.a:Ga0243967_100177_38	gnl|TC-DB|G7U9U2|2.A.79.1.3	32.8	424	269	8	20	439	7	418	6.1e-50	194.9
3300029368.a:Ga0243967_100177_40	gnl|TC-DB|F8CVI0|1.B.52.2.2	30.7	192	112	2	289	459	99	290	1.2e-13	74.7
3300029368.a:Ga0243967_100177_46	gnl|TC-DB|Q5EP68|3.A.7.11.1	25.8	264	175	7	4	252	6	263	2.8e-15	79.0
3300029368.a:Ga0243967_100177_51	gnl|TC-DB|D8RWR9|1.C.39.4.5	31.2	205	90	4	66	269	478	632	1.2e-16	84.7
3300029368.a:Ga0243967_100177_54	gnl|TC-DB|Q9KDP2|2.A.9.3.6	38.9	108	65	1	15	121	43	150	2.2e-14	76.6
3300029368.a:Ga0243967_100146_2	gnl|TC-DB|917585193|9.B.18.1.3	36.1	266	160	5	185	442	184	447	1.3e-37	154.1
3300029368.a:Ga0243967_100146_3	gnl|TC-DB|Q93E02|8.A.3.2.3	44.5	200	111	0	15	214	16	215	1.4e-42	169.9
3300029368.a:Ga0243967_100146_4	gnl|TC-DB|Q93E03|8.A.3.2.3	32.3	229	154	1	5	232	1	229	1.1e-29	126.7
3300029368.a:Ga0243967_100146_5	gnl|TC-DB|A9WDR8|3.A.1.17.13	34.3	236	151	2	13	247	4	236	1.0e-36	150.2
3300029368.a:Ga0243967_100146_24	gnl|TC-DB|Q45068|2.A.25.1.5	38.6	433	249	8	33	462	20	438	2.4e-73	272.7
3300029368.a:Ga0243967_100146_44	gnl|TC-DB|O59010|2.A.23.1.5	40.9	379	206	6	55	419	47	421	7.9e-63	237.7
3300029368.a:Ga0243967_100146_47	gnl|TC-DB|G4NXA5|1.A.33.1.4	63.6	627	204	7	1	626	1	604	1.1e-211	732.6
3300029368.a:Ga0243967_100146_60	gnl|TC-DB|Q8YRV8|3.A.1.16.4	30.7	212	134	5	4	205	5	213	1.9e-17	85.9
3300029368.a:Ga0243967_100146_62	gnl|TC-DB|P54428|9.A.40.2.1	35.4	240	148	4	32	269	182	416	4.6e-38	154.8
3300029368.a:Ga0243967_100146_70	gnl|TC-DB|P38919|3.A.18.1.1	39.6	371	222	2	3	372	40	409	5.1e-75	278.5
3300029368.a:Ga0243967_100146_71	gnl|TC-DB|Q83XH1|3.A.1.121.4	33.0	548	357	6	2	547	1	540	5.0e-82	302.0
3300029368.a:Ga0243967_100146_74	gnl|TC-DB|B2UHN5|2.A.49.9.2	37.1	396	246	3	29	422	17	411	2.5e-69	259.2
3300029368.a:Ga0243967_100146_77	gnl|TC-DB|O32047|2.A.6.4.2	30.7	758	441	16	12	721	8	729	2.3e-78	290.0
3300029368.a:Ga0243967_100146_80	gnl|TC-DB|E0SFK1|2.A.69.3.2	22.4	308	228	5	3	307	7	306	2.1e-12	69.7
3300029368.a:Ga0243967_100980_13	gnl|TC-DB|Q03RZ6|3.A.1.122.13	39.2	222	118	6	1	207	1	220	8.7e-34	140.2
3300029368.a:Ga0243967_100640_23	gnl|TC-DB|P08839|8.A.7.1.1	39.7	574	342	3	1	572	1	572	5.3e-115	411.4
3300029368.a:Ga0243967_100059_8	gnl|TC-DB|C0QCR7|8.A.59.4.1	41.5	135	70	2	191	317	398	531	4.9e-24	108.6
3300029368.a:Ga0243967_100059_10	gnl|TC-DB|Q8F2L2|1.A.33.1.5	57.4	324	138	0	1	324	9	332	4.4e-106	380.9
3300029368.a:Ga0243967_100059_14	gnl|TC-DB|Q6MDD6|3.A.7.16.1	40.8	750	399	13	11	750	6	720	1.8e-142	503.1
3300029368.a:Ga0243967_100059_15	gnl|TC-DB|G2JSZ8|3.A.11.1.4	28.2	209	120	5	42	242	30	216	3.4e-18	88.6
3300029368.a:Ga0243967_100059_30	gnl|TC-DB|P75905|4.D.1.1.3	35.8	95	60	1	15	109	77	170	6.2e-12	68.2
3300029368.a:Ga0243967_100059_32	gnl|TC-DB|B3EBP1|4.D.1.3.3	26.9	275	171	7	2	255	1042	1307	2.7e-16	82.8
3300029368.a:Ga0243967_100059_70	gnl|TC-DB|Q9ZK21|1.C.82.1.1	51.8	220	105	1	5	224	7	225	1.0e-61	233.0
3300029368.a:Ga0243967_100059_83	gnl|TC-DB|P72770|2.A.53.4.1	26.8	514	370	3	10	520	21	531	6.9e-51	198.7
3300029368.a:Ga0243967_100059_84	gnl|TC-DB|P43672|3.A.1.120.6	36.0	528	294	8	1	487	1	525	8.6e-90	327.8
3300029368.a:Ga0243967_100059_106	gnl|TC-DB|P0A5Z2|3.A.5.2.2	38.4	451	253	6	1	437	1	440	1.7e-84	309.7
3300029368.a:Ga0243967_100059_116	gnl|TC-DB|Q839D5|3.A.1.26.7	43.7	277	148	2	3	279	4	272	1.7e-61	232.6
3300029368.a:Ga0243967_100059_117	gnl|TC-DB|Q5M244|3.A.1.25.6	48.0	279	142	2	17	293	1	278	2.1e-70	262.3
3300029368.a:Ga0243967_100059_118	gnl|TC-DB|A2RI03|3.A.1.25.4	41.0	261	153	1	2	261	1	261	4.2e-54	208.0
3300029368.a:Ga0243967_100059_144	gnl|TC-DB|Q5G3M3|3.A.7.19.1	39.2	120	67	2	1	119	2	116	3.0e-19	91.3
3300029368.a:Ga0243967_100140_24	gnl|TC-DB|Q8ZKS0|2.A.56.1.5	51.9	399	191	1	37	434	37	435	3.9e-110	394.8
3300029368.a:Ga0243967_100140_25	gnl|TC-DB|Q8ZKR9|2.A.56.1.5	33.3	153	102	0	1	153	1	153	1.7e-18	89.0
3300029368.a:Ga0243967_100140_26	gnl|TC-DB|P43020|2.A.56.1.5	29.5	302	208	5	35	333	27	326	3.1e-38	155.6
3300029368.a:Ga0243967_100140_42	gnl|TC-DB|Q8RME1|3.A.1.126.1	30.0	287	198	3	1	285	1	286	8.7e-32	134.0
3300029368.a:Ga0243967_100140_44	gnl|TC-DB|A0L4L0|3.A.1.132.3	34.9	212	132	3	44	255	100	305	1.6e-29	126.3
3300029368.a:Ga0243967_100140_47	gnl|TC-DB|Q58206|3.A.1.122.14	43.2	227	121	3	4	223	1	226	2.6e-49	191.8
3300029368.a:Ga0243967_100140_51	gnl|TC-DB|D6ZY76|2.A.69.4.6	23.4	325	222	4	2	299	1	325	2.7e-20	95.9
3300029368.a:Ga0243967_100140_55	gnl|TC-DB|C7N858|2.A.115.2.14	31.7	189	122	3	3	191	222	403	6.8e-26	114.0
3300029368.a:Ga0243967_100140_56	gnl|TC-DB|Q9A1H1|3.A.1.3.20	56.9	246	105	1	1	245	1	246	1.6e-71	265.8
3300029368.a:Ga0243967_100140_57	gnl|TC-DB|Q9A1H0|3.A.1.3.20	39.6	222	131	2	24	244	282	501	1.4e-33	139.8
3300029368.a:Ga0243967_100140_58	gnl|TC-DB|P0AEM9|3.A.1.3.10	24.7	223	147	5	2	223	8	210	7.9e-11	64.3
3300029368.a:Ga0243967_100140_60	gnl|TC-DB|Q8U1J8|3.A.1.5.6	22.9	523	336	19	51	522	8	514	5.5e-16	82.4
3300029368.a:Ga0243967_100140_61	gnl|TC-DB|Q9X272|3.A.1.5.15	41.8	251	136	2	1	241	10	260	7.8e-52	200.3
3300029368.a:Ga0243967_100140_62	gnl|TC-DB|I0C7E8|3.A.1.5.33	36.6	257	154	4	22	275	2	252	1.7e-45	179.5
3300029368.a:Ga0243967_100140_63	gnl|TC-DB|P51000|3.A.1.5.27	43.6	266	144	1	25	284	22	287	4.1e-55	211.5
3300029368.a:Ga0243967_100140_64	gnl|TC-DB|P33591|3.A.1.5.3	36.9	309	192	3	1	308	1	307	1.4e-45	179.9
3300029368.a:Ga0243967_100140_73	gnl|TC-DB|I6L8P4|2.A.66.1.33	28.7	425	298	3	4	425	2	424	4.7e-45	178.7
3300029368.a:Ga0243967_100140_74	gnl|TC-DB|Q8DQ76|3.A.1.134.4	30.3	674	444	9	8	673	7	662	1.3e-80	297.4
3300029368.a:Ga0243967_100140_75	gnl|TC-DB|Q8DQ77|3.A.1.134.4	63.1	249	92	0	1	249	20	268	1.8e-86	315.5
3300029368.a:Ga0243967_100093_5	gnl|TC-DB|Q7WZ38|2.A.66.1.37	27.3	421	304	2	6	425	13	432	1.2e-50	197.2
3300029368.a:Ga0243967_100093_10	gnl|TC-DB|Q58439|1.A.35.3.1	29.6	307	189	7	1	293	4	297	1.9e-26	116.3
3300029368.a:Ga0243967_100093_16	gnl|TC-DB|Q8DNB9|3.A.1.142.1	26.1	203	141	3	1	194	3	205	1.9e-15	79.3
3300029368.a:Ga0243967_100093_24	gnl|TC-DB|O32081|2.A.38.4.3	35.5	437	263	7	10	433	15	445	5.9e-66	248.1
3300029368.a:Ga0243967_100093_25	gnl|TC-DB|G8V089|2.A.38.4.6	38.8	209	127	1	13	220	5	213	6.0e-38	154.1
3300029368.a:Ga0243967_100093_27	gnl|TC-DB|O31711|3.A.1.122.2	48.9	223	112	2	1	222	1	222	2.0e-52	204.1
3300029368.a:Ga0243967_100093_31	gnl|TC-DB|E8XKQ3|9.B.100.1.1	30.7	225	148	3	1	225	1	217	4.1e-18	88.2
3300029368.a:Ga0243967_100093_50	gnl|TC-DB|Q3MNJ6|3.A.3.5.15	42.7	775	404	10	4	772	67	807	2.9e-152	535.8
3300029368.a:Ga0243967_100093_75	gnl|TC-DB|C0QCR7|8.A.59.4.1	36.0	150	89	3	166	308	390	539	8.3e-21	97.8
3300029368.a:Ga0243967_100093_77	gnl|TC-DB|Q8EHX2|2.A.35.1.5	37.6	399	235	6	8	396	18	412	3.6e-63	238.8
3300029368.a:Ga0243967_100093_78	gnl|TC-DB|M3JA40|1.B.52.2.1	28.8	236	142	5	260	484	236	456	9.6e-12	68.2
3300029368.a:Ga0243967_100093_80	gnl|TC-DB|F8CVI0|1.B.52.2.2	46.4	97	49	1	264	360	197	290	1.7e-13	73.9
3300029368.a:Ga0243967_100093_105	gnl|TC-DB|F4K2G0|3.D.1.8.1	44.6	130	61	8	55	178	103	227	6.1e-13	70.9
3300029368.a:Ga0243967_100273_4	gnl|TC-DB|Q9KDT3|2.A.22.5.3	35.1	450	280	6	4	451	9	448	1.5e-70	263.5
3300029368.a:Ga0243967_100273_6	gnl|TC-DB|Q6LZF0|2.A.35.2.1	42.7	499	251	9	17	488	7	497	2.1e-94	342.8
3300029368.a:Ga0243967_100273_11	gnl|TC-DB|P49022|9.B.74.1.1	43.7	151	85	0	6	156	9	159	2.7e-31	133.7
3300029368.a:Ga0243967_100273_13	gnl|TC-DB|P49022|9.B.74.1.1	35.0	234	136	3	1	234	4	221	6.0e-37	152.1
3300029368.a:Ga0243967_100273_20	gnl|TC-DB|C9RT46|3.A.1.1.9	25.8	520	327	17	99	603	65	540	4.7e-37	152.5
3300029368.a:Ga0243967_100273_21	gnl|TC-DB|Q8DT26|3.A.1.1.27	52.9	278	127	2	1	278	1	274	3.1e-76	281.6
3300029368.a:Ga0243967_100273_22	gnl|TC-DB|Q8DT27|3.A.1.1.27	44.4	439	234	5	9	441	15	449	2.9e-100	362.1
3300029368.a:Ga0243967_100273_24	gnl|TC-DB|F4LXP4|8.A.59.2.1	26.1	525	307	18	97	579	14	499	5.1e-33	139.0
3300029368.a:Ga0243967_100273_31	gnl|TC-DB|P43672|3.A.1.120.6	31.8	525	324	12	1	508	1	508	3.2e-63	239.2
3300029368.a:Ga0243967_100273_35	gnl|TC-DB|P31466|2.A.40.7.6	36.6	462	251	5	1	459	15	437	1.7e-71	266.5
3300029368.a:Ga0243967_100273_40	gnl|TC-DB|O32219|3.A.3.6.10	55.4	623	264	3	8	630	93	701	2.6e-179	625.2
3300029368.a:Ga0243967_100273_45	gnl|TC-DB|M3JA40|1.B.52.2.1	28.3	240	136	6	200	425	240	457	2.5e-16	83.2
3300029368.a:Ga0243967_100273_50	gnl|TC-DB|Q8TZX5|2.A.66.1.45	24.6	431	299	10	22	437	7	426	5.3e-17	85.5
3300029368.a:Ga0243967_100468_6	gnl|TC-DB|A7ZUZ0|2.A.2.1.1	32.1	461	297	5	1	455	1	451	3.5e-61	232.3
3300029368.a:Ga0243967_100468_13	gnl|TC-DB|Q1CWQ3|2.A.1.24.4	34.7	406	255	6	16	413	16	419	1.5e-56	216.9
3300029368.a:Ga0243967_100468_17	gnl|TC-DB|P39803|2.A.115.1.1	32.9	143	96	0	14	156	5	147	1.0e-15	79.7
3300029368.a:Ga0243967_100468_38	gnl|TC-DB|Q9CF78|2.A.40.1.2	40.5	437	208	9	25	443	22	424	8.8e-76	280.8
3300029368.a:Ga0243967_100275_9	gnl|TC-DB|J8IXD8|1.C.109.1.5	53.0	268	123	2	4	268	5	272	3.2e-78	288.1
3300029368.a:Ga0243967_100275_23	gnl|TC-DB|Q01367|9.B.70.1.1	37.0	289	179	2	4	289	1	289	7.1e-55	210.7
3300029368.a:Ga0243967_100275_25	gnl|TC-DB|A8TDW7|3.A.1.122.7	44.7	235	122	3	4	232	52	284	3.0e-48	188.3
3300029368.a:Ga0243967_100275_29	gnl|TC-DB|B2A6N1|3.A.1.147.5	33.1	239	156	1	3	237	4	242	2.1e-34	142.9
3300029368.a:Ga0243967_100275_42	gnl|TC-DB|K0WKG7|4.F.1.1.8	36.6	175	102	5	1	169	1	172	1.7e-19	92.4
3300029368.a:Ga0243967_100275_53	gnl|TC-DB|P42065|3.A.1.5.20	30.4	227	146	7	16	236	30	250	1.9e-16	82.8
3300029368.a:Ga0243967_100275_55	gnl|TC-DB|O34474|2.A.66.1.25	31.0	400	265	3	3	395	9	404	1.4e-41	167.2
3300029368.a:Ga0243967_100275_56	gnl|TC-DB|Q9KAX3|2.A.66.1.32	31.6	462	308	3	1	461	1	455	2.8e-58	222.6
3300029368.a:Ga0243967_100363_17	gnl|TC-DB|Q48597|3.A.1.124.1	37.6	205	122	2	5	209	3	201	2.6e-33	138.7
3300029368.a:Ga0243967_100363_22	gnl|TC-DB|D5CJ69|2.A.66.1.22	32.8	445	278	8	6	437	18	454	6.4e-60	228.0
3300029368.a:Ga0243967_100372_17	gnl|TC-DB|Q6MR29|3.A.5.1.3	46.7	841	389	6	3	808	5	821	2.5e-217	751.9
3300029368.a:Ga0243967_100372_20	gnl|TC-DB|Q8L725|2.A.4.7.2	26.8	314	205	5	32	321	79	391	1.8e-21	100.1
3300029368.a:Ga0243967_100372_32	gnl|TC-DB|F4LLD9|2.A.1.15.18	33.9	407	243	2	11	391	21	427	1.5e-52	203.4
3300029368.a:Ga0243967_100372_33	gnl|TC-DB|O26854|2.A.36.2.1	46.2	117	58	1	5	121	283	394	7.6e-19	89.7
3300029368.a:Ga0243967_100372_34	gnl|TC-DB|F8CVI0|1.B.52.2.2	30.0	253	166	3	186	435	46	290	3.3e-16	83.2
3300029368.a:Ga0243967_100404_2	gnl|TC-DB|P80874|8.A.5.1.4	32.8	186	93	9	1	158	1	182	9.3e-15	77.4
3300029368.a:Ga0243967_100404_9	gnl|TC-DB|P76352|2.A.66.1.23	27.8	436	306	4	29	457	45	478	9.3e-46	181.0
3300029368.a:Ga0243967_100404_10	gnl|TC-DB|Q93N33|2.A.21.9.2	31.8	214	135	5	217	424	778	986	7.6e-16	81.6
3300029368.a:Ga0243967_100404_12	gnl|TC-DB|M7AKZ4|2.A.58.2.2	31.3	559	336	16	6	548	6	532	1.1e-62	237.7
3300029368.a:Ga0243967_100404_15	gnl|TC-DB|O51236|3.A.1.7.5	66.8	244	80	1	26	268	17	260	4.3e-91	330.9
3300029368.a:Ga0243967_100404_16	gnl|TC-DB|P07654|3.A.1.7.1	32.5	212	134	3	6	210	22	231	5.6e-20	94.7
3300029368.a:Ga0243967_100404_17	gnl|TC-DB|O51234|3.A.1.7.5	32.0	297	193	4	11	305	13	302	9.1e-37	150.6
3300029368.a:Ga0243967_100404_18	gnl|TC-DB|O51233|3.A.1.7.5	24.3	255	174	5	41	284	28	274	4.2e-15	78.6
3300029368.a:Ga0243967_100404_35	gnl|TC-DB|O34474|2.A.66.1.25	22.0	441	329	7	19	450	26	460	2.6e-16	83.2
3300029368.a:Ga0243967_100278_25	gnl|TC-DB|Q9XC06|3.A.7.15.1	50.0	320	157	3	66	383	74	392	1.9e-82	302.8
3300029368.a:Ga0243967_100278_30	gnl|TC-DB|I6ZUE8|9.B.156.3.1	36.7	169	107	0	2	170	350	518	1.9e-28	122.1
3300029368.a:Ga0243967_100278_34	gnl|TC-DB|P94400|9.B.10.1.1	26.5	219	130	4	4	192	6	223	1.9e-15	80.1
3300029368.a:Ga0243967_100278_43	gnl|TC-DB|P69451|4.C.1.1.4	29.1	557	339	19	14	529	9	550	5.5e-53	205.3
3300029368.a:Ga0243967_100278_44	gnl|TC-DB|Q58206|3.A.1.122.14	49.3	227	110	3	1	222	1	227	9.5e-52	199.9
3300029368.a:Ga0243967_100278_56	gnl|TC-DB|P50002|3.A.2.1.5	68.5	461	142	2	3	461	6	465	5.3e-182	633.6
3300029368.a:Ga0243967_100278_57	gnl|TC-DB|P50005|3.A.2.1.5	36.0	308	184	3	3	307	4	301	8.7e-51	197.2
3300029368.a:Ga0243967_100278_58	gnl|TC-DB|P50000|3.A.2.1.5	58.0	491	202	2	181	670	8	495	2.6e-153	538.9
3300029368.a:Ga0243967_100278_60	gnl|TC-DB|Q59166|3.A.2.1.5	52.3	65	31	0	7	71	12	76	4.2e-12	66.6
3300029368.a:Ga0243967_100278_61	gnl|TC-DB|Q9RMB6|3.A.2.1.5	39.6	207	118	2	23	223	10	215	4.1e-34	141.4
3300029368.a:Ga0243967_100521_11	gnl|TC-DB|P10121|3.A.5.1.1	45.6	305	164	2	2	305	194	497	6.3e-70	260.8
3300029368.a:Ga0243967_100521_15	gnl|TC-DB|P0AGD7|3.A.5.1.1	51.4	434	191	7	3	428	2	423	7.1e-115	410.6
3300029368.a:Ga0243967_100294_10	gnl|TC-DB|Q0ZAI3|2.A.19.5.2	37.4	321	182	5	4	314	1	312	4.1e-40	161.8
3300029368.a:Ga0243967_100294_11	gnl|TC-DB|P76264|2.A.107.1.1	44.5	182	97	1	1	178	1	182	1.2e-31	132.9
3300029368.a:Ga0243967_100294_12	gnl|TC-DB|Q7MV19|9.A.8.1.6	34.3	858	469	17	1	779	1	842	6.9e-134	474.6
3300029368.a:Ga0243967_100294_16	gnl|TC-DB|E8MFM3|3.A.1.135.6	49.7	608	298	4	14	614	3	609	5.4e-158	554.3
3300029368.a:Ga0243967_100294_17	gnl|TC-DB|E8MFM4|3.A.1.135.6	45.6	570	261	5	240	762	54	621	3.1e-134	475.7
3300029368.a:Ga0243967_100294_25	gnl|TC-DB|P0AFZ7|2.A.38.1.1	35.9	487	299	9	1	478	1	483	3.7e-69	258.8
3300029368.a:Ga0243967_100294_26	gnl|TC-DB|P0AGI8|2.A.38.1.1	29.9	455	309	7	11	461	1	449	1.2e-53	207.2
3300029368.a:Ga0243967_100294_39	gnl|TC-DB|C7N858|2.A.115.2.14	26.5	189	139	0	6	194	223	411	1.9e-17	85.9
3300029368.a:Ga0243967_100294_40	gnl|TC-DB|Q8EI43|2.A.35.2.2	25.5	474	301	9	12	449	35	492	4.7e-34	142.1
3300029368.a:Ga0243967_100294_44	gnl|TC-DB|Q93GF4|3.A.1.123.2	27.0	540	369	9	33	564	8	530	3.1e-46	183.0
3300029368.a:Ga0243967_100294_45	gnl|TC-DB|O07550|3.A.1.106.8	25.5	569	402	10	190	744	11	571	2.1e-39	160.6
3300029368.a:Ga0243967_100536_11	gnl|TC-DB|Q01465|9.B.157.1.1	38.5	314	188	4	6	316	10	321	1.6e-58	223.0
3300029368.a:Ga0243967_100536_18	gnl|TC-DB|P07373|2.A.103.1.3	32.2	326	199	9	46	368	55	361	1.6e-27	120.2
3300029368.a:Ga0243967_100536_27	gnl|TC-DB|C7N858|2.A.115.2.14	31.6	187	120	2	6	190	224	404	1.1e-25	113.2
3300029368.a:Ga0243967_100536_29	gnl|TC-DB|M1TZ79|2.A.21.2.5	39.1	494	278	8	4	495	3	475	4.3e-92	335.1
3300029368.a:Ga0243967_100536_30	gnl|TC-DB|P38919|3.A.18.1.1	26.2	381	239	5	21	400	57	396	1.6e-36	150.2
3300029368.a:Ga0243967_100543_11	gnl|TC-DB|P55072|3.A.16.1.1	44.2	231	125	2	161	390	199	426	7.6e-51	198.4
3300029368.a:Ga0243967_100333_11	gnl|TC-DB|C0QCR7|8.A.59.4.1	35.4	189	107	2	1019	1192	350	538	1.4e-32	138.7
3300029368.a:Ga0243967_100333_14	gnl|TC-DB|Q97Q44|3.A.1.11.7	33.3	255	161	4	11	263	9	256	9.0e-25	110.5
3300029368.a:Ga0243967_100333_15	gnl|TC-DB|P0AFK4|3.A.1.11.1	36.3	237	130	7	17	232	8	244	1.5e-27	119.8
3300029368.a:Ga0243967_100333_16	gnl|TC-DB|Q5HGY5|3.A.1.11.8	53.2	361	165	3	5	363	4	362	2.9e-106	382.1
3300029368.a:Ga0243967_100333_21	gnl|TC-DB|Q8I553|3.A.16.1.3	29.9	117	80	1	11	127	8	122	3.2e-11	65.5
3300029368.a:Ga0243967_100333_23	gnl|TC-DB|Q2J9P5|3.A.1.125.3	46.8	216	115	0	5	220	60	275	4.5e-54	207.6
3300029368.a:Ga0243967_100333_32	gnl|TC-DB|M3JA40|1.B.52.2.1	30.2	179	114	3	431	605	253	424	3.6e-11	66.6
3300029368.a:Ga0243967_100574_16	gnl|TC-DB|A3QE50|8.A.59.4.2	32.3	130	80	2	39	161	244	372	2.8e-13	72.0
3300029368.a:Ga0243967_100574_28	gnl|TC-DB|P32399|9.B.74.1.3	41.9	167	96	1	2	167	4	170	1.2e-34	143.3
3300029368.a:Ga0243967_100691_17	gnl|TC-DB|Q8VRK4|3.A.11.1.3	36.5	167	99	2	13	179	70	229	1.2e-20	96.7
