0045032	127	3300011634.a:Ga0121034_100007_155	142	1.2e-24	1	119	4	128	0.9291338582677166
0044030	41	3300011634.a:Ga0121034_100007_257	127	4.8e-08	1	31	94	124	0.7317073170731707
0044030	41	3300011634.a:Ga0121034_100007_300	793	3.1e-05	4	38	5	39	0.8292682926829268
0038753	71	3300011634.a:Ga0121034_100007_301	238	5.3e-13	2	70	158	225	0.9577464788732394
0039468	106	3300011634.a:Ga0121034_100007_377	96	6.4e-06	2	47	46	89	0.42452830188679247
0036286	54	3300011634.a:Ga0121034_100007_44	282	1.7e-07	2	53	179	230	0.9444444444444444
0035607	54	3300011634.a:Ga0121034_100007_44	282	2e-08	2	53	231	279	0.9444444444444444
0040266	151	3300011634.a:Ga0121034_100007_449	157	2.9e-15	22	143	9	130	0.8013245033112583
0043707	64	3300011634.a:Ga0121034_100007_74	79	1.1e-11	3	61	10	71	0.90625
0036286	54	3300011634.a:Ga0121034_100010_105	283	1.1e-08	2	53	178	229	0.9444444444444444
0035607	54	3300011634.a:Ga0121034_100010_105	283	4.8e-09	2	52	230	277	0.9259259259259259
0036286	54	3300011634.a:Ga0121034_100010_156	293	1.1e-07	8	53	178	225	0.8333333333333334
0035607	54	3300011634.a:Ga0121034_100010_156	293	1.8e-06	1	51	225	273	0.9259259259259259
0035607	54	3300011634.a:Ga0121034_100010_169	309	1.5e-10	3	53	202	252	0.9259259259259259
0035607	54	3300011634.a:Ga0121034_100010_169	309	1.8e-07	3	51	254	299	0.8888888888888888
0041150	134	3300011634.a:Ga0121034_100010_195	160	2.5e-26	3	132	17	155	0.9626865671641791
0044258	100	3300011634.a:Ga0121034_100010_285	116	1.7e-16	4	97	11	104	0.93
0039384	65	3300011634.a:Ga0121034_100010_293	321	1.5e-12	3	64	7	68	0.9384615384615385
0043707	64	3300011634.a:Ga0121034_100010_381	95	2.4e-14	3	61	3	62	0.90625
0045159	65	3300011634.a:Ga0121034_100010_53	254	3.7e-05	13	45	210	242	0.49230769230769234
0037176	98	3300011634.a:Ga0121034_100015_177	428	8.2e-13	17	97	343	425	0.8163265306122449
0038966	94	3300011634.a:Ga0121034_100018_145	174	4e-08	29	76	3	50	0.5
0042156	125	3300011634.a:Ga0121034_100018_180	165	2.1e-13	9	105	67	162	0.768
0040266	151	3300011634.a:Ga0121034_100018_28	216	6.6e-15	30	149	12	133	0.7880794701986755
0043707	64	3300011634.a:Ga0121034_100018_86	257	3.3e-11	3	61	4	63	0.90625
0035607	54	3300011634.a:Ga0121034_100018_88	922	2.8e-10	1	52	866	915	0.9444444444444444
0042628	48	3300011634.a:Ga0121034_100022_128	83	4e-11	4	44	5	45	0.8333333333333334
0043707	64	3300011634.a:Ga0121034_100022_144	86	1.3e-05	15	61	32	80	0.71875
0043935	94	3300011634.a:Ga0121034_100022_75	114	9.1e-16	2	91	10	104	0.9468085106382979
0041905	120	3300011634.a:Ga0121034_100022_83	120	1.7e-20	4	118	3	116	0.95
0042546	127	3300011634.a:Ga0121034_100022_98	111	6e-21	1	108	11	104	0.84251968503937
0040517	144	3300011634.a:Ga0121034_100025_55	217	1.5e-22	1	138	61	199	0.9513888888888888
0038753	71	3300011634.a:Ga0121034_100025_70	203	1.3e-12	3	69	142	202	0.9295774647887324
0035607	54	3300011634.a:Ga0121034_100026_13	282	7.6e-10	3	53	229	277	0.9259259259259259
0040517	144	3300011634.a:Ga0121034_100026_36	152	4.6e-31	13	136	23	148	0.8541666666666666
0035607	54	3300011634.a:Ga0121034_100026_40	292	2.8e-08	5	54	241	288	0.9074074074074074
0035607	54	3300011634.a:Ga0121034_100029_2	466	7.7e-06	15	52	419	457	0.6851851851851852
0040517	144	3300011634.a:Ga0121034_100029_40	143	3.7e-34	2	135	10	141	0.9236111111111112
0044258	100	3300011634.a:Ga0121034_100029_69	117	1.7e-18	6	97	13	105	0.91
0036286	54	3300011634.a:Ga0121034_100033_69	291	2.7e-10	2	53	182	233	0.9444444444444444
0035607	54	3300011634.a:Ga0121034_100033_69	291	9e-10	2	53	234	283	0.9444444444444444
0040266	151	3300011634.a:Ga0121034_100041_40	157	2.3e-13	22	109	3	90	0.5761589403973509
0039384	65	3300011634.a:Ga0121034_100042_2	219	5.8e-07	7	51	84	128	0.676923076923077
0043669	98	3300011634.a:Ga0121034_100045_10	153	9.4e-21	11	88	59	137	0.7857142857142857
0035607	54	3300011634.a:Ga0121034_100045_14	188	2e-10	4	51	128	173	0.8703703703703703
0043669	98	3300011634.a:Ga0121034_100045_41	110	7.7e-22	6	95	9	99	0.9081632653061225
0035607	54	3300011634.a:Ga0121034_100045_52	297	3.9e-07	4	45	251	290	0.7592592592592593
0035607	54	3300011634.a:Ga0121034_100045_53	163	4.5e-09	4	54	109	157	0.9259259259259259
0036286	54	3300011634.a:Ga0121034_100045_59	277	1.3e-06	6	52	173	221	0.8518518518518519
0035607	54	3300011634.a:Ga0121034_100045_59	277	2.1e-09	11	53	232	272	0.7777777777777778
0040517	144	3300011634.a:Ga0121034_100048_45	154	3.2e-23	5	137	17	149	0.9166666666666666
0037767	80	3300011634.a:Ga0121034_100059_12	207	7.3e-06	28	68	161	201	0.5
0036286	54	3300011634.a:Ga0121034_100059_47	287	3.9e-09	9	52	191	234	0.7962962962962963
0035607	54	3300011634.a:Ga0121034_100059_47	287	7.4e-07	4	50	238	282	0.8518518518518519
0036955	59	3300011634.a:Ga0121034_100063_16	343	3.1e-16	3	58	6	61	0.9322033898305084
0045032	127	3300011634.a:Ga0121034_100063_18	137	2e-28	1	126	4	132	0.984251968503937
0042628	48	3300011634.a:Ga0121034_100063_22	83	4.9e-10	4	43	5	44	0.8125
0043143	63	3300011634.a:Ga0121034_100063_37	180	1.6e-13	4	61	3	60	0.9047619047619048
0035607	54	3300011634.a:Ga0121034_100063_39	180	8.3e-10	4	52	120	166	0.8888888888888888
0041905	120	3300011634.a:Ga0121034_100063_48	161	3.4e-17	4	115	5	115	0.925
0036286	54	3300011634.a:Ga0121034_100065_48	293	1.1e-09	3	53	183	233	0.9259259259259259
0035607	54	3300011634.a:Ga0121034_100065_48	293	3.8e-08	2	51	234	281	0.9074074074074074
0040517	144	3300011634.a:Ga0121034_100107_16	191	5.4e-07	15	70	131	190	0.3819444444444444
0035607	54	3300011634.a:Ga0121034_100107_22	569	5.4e-05	4	53	508	559	0.9074074074074074
0043707	64	3300011634.a:Ga0121034_100107_30	83	1.2e-13	3	61	14	73	0.90625
0043707	64	3300011634.a:Ga0121034_100135_10	259	3e-10	3	61	4	63	0.90625
0035607	54	3300011634.a:Ga0121034_100135_19	274	8.4e-08	10	53	177	220	0.7962962962962963
0035607	54	3300011634.a:Ga0121034_100135_19	274	2.8e-06	2	50	221	267	0.8888888888888888
0039384	65	3300011634.a:Ga0121034_100135_8	472	5.2e-06	13	63	20	70	0.7692307692307693
0040266	151	3300011634.a:Ga0121034_100141_12	154	2.9e-16	23	140	2	121	0.7748344370860927
0040266	151	3300011634.a:Ga0121034_100141_17	530	0.0001	29	139	29	138	0.7284768211920529
0039939	63	3300011634.a:Ga0121034_100141_3	139	3.7e-06	13	55	41	83	0.6666666666666666
0043707	64	3300011634.a:Ga0121034_100150_9	492	1.3e-13	3	61	12	71	0.90625
