3300021400.a:Ga0224422_12452074_17	gnl|TC-DB|O29973|2.A.7.3.28	24.8	311	197	7	7	317	2	275	3.5e-15	79.0
3300021400.a:Ga0224422_11812027_14	gnl|TC-DB|Q9R7V3|3.A.1.21.1	34.1	499	307	9	100	589	100	585	3.4e-64	242.7
3300021400.a:Ga0224422_11812027_15	gnl|TC-DB|Q9R7V3|3.A.1.21.1	33.3	504	323	6	84	582	88	583	1.1e-80	297.4
3300021400.a:Ga0224422_11812027_18	gnl|TC-DB|F4LLK3|2.A.6.7.7	55.1	798	333	5	1	778	1	793	1.8e-238	822.0
3300021400.a:Ga0224422_11812027_29	gnl|TC-DB|U4KNM5|1.C.39.4.6	24.8	307	188	8	66	363	568	840	7.2e-18	89.4
3300021400.a:Ga0224422_11812027_45	gnl|TC-DB|P30750|3.A.1.24.1	43.2	338	179	3	3	328	2	338	2.6e-74	275.4
3300021400.a:Ga0224422_11812027_46	gnl|TC-DB|Q9HT69|3.A.1.24.5	46.7	199	106	0	10	208	20	218	2.5e-41	165.2
3300021400.a:Ga0224422_11812027_47	gnl|TC-DB|Q9HT68|3.A.1.24.5	48.9	264	131	3	1	264	1	260	5.9e-61	230.7
3300021400.a:Ga0224422_11812027_48	gnl|TC-DB|Q13608|3.A.20.1.1	37.9	198	120	3	135	331	702	897	1.7e-29	126.7
3300021400.a:Ga0224422_11812027_50	gnl|TC-DB|Q8DQI0|3.A.1.4.10	39.7	290	170	3	8	294	5	292	1.5e-49	193.0
3300021400.a:Ga0224422_11812027_51	gnl|TC-DB|Q8DQH9|3.A.1.4.10	29.6	243	152	3	114	356	91	314	4.8e-24	108.6
3300021400.a:Ga0224422_11812027_52	gnl|TC-DB|Q8DQH8|3.A.1.4.10	48.0	273	116	3	8	278	3	251	4.7e-64	241.1
3300021400.a:Ga0224422_11812027_53	gnl|TC-DB|P21630|3.A.1.4.8	59.7	233	93	1	1	233	1	232	7.9e-73	270.0
3300021400.a:Ga0224422_11812027_62	gnl|TC-DB|X2BJI2|2.A.103.1.4	28.1	356	256	0	22	377	60	415	8.8e-32	134.4
3300021400.a:Ga0224422_11812027_68	gnl|TC-DB|Q8VRK4|3.A.11.1.3	35.8	187	107	4	85	271	56	229	5.5e-19	91.7
3300021400.a:Ga0224422_11812027_76	gnl|TC-DB|Q73LW8|2.A.51.1.6	46.9	145	77	0	1	145	31	175	4.0e-29	124.4
3300021400.a:Ga0224422_11812027_77	gnl|TC-DB|Q73LW9|2.A.51.1.6	52.9	191	84	2	5	194	2	187	8.8e-46	179.9
3300021400.a:Ga0224422_11812027_93	gnl|TC-DB|O84676|3.A.6.3.1	51.0	433	207	4	12	440	9	440	1.4e-116	416.4
3300021400.a:Ga0224422_11812027_105	gnl|TC-DB|Q9KN48|3.A.23.1.1	37.2	336	189	4	196	510	194	528	6.7e-53	204.9
3300021400.a:Ga0224422_11812027_125	gnl|TC-DB|B2GH49|9.B.160.1.10	34.8	198	97	9	152	334	196	376	2.9e-14	76.6
3300021400.a:Ga0224422_11812027_154	gnl|TC-DB|P08956|3.A.17.1.1	28.2	458	282	13	178	599	446	892	1.1e-30	131.7
3300021400.a:Ga0224422_11433419_3	gnl|TC-DB|O83343|3.A.1.2.10	40.5	311	164	4	3	297	5	310	3.4e-60	228.4
3300021400.a:Ga0224422_11433419_4	gnl|TC-DB|O83342|3.A.1.2.10	38.6	350	208	3	16	358	48	397	1.9e-62	236.1
3300021400.a:Ga0224422_11433419_5	gnl|TC-DB|Q8DU37|3.A.1.2.12	56.3	501	217	2	10	510	6	504	4.9e-152	534.3
3300021400.a:Ga0224422_11433419_6	gnl|TC-DB|P29724|3.A.1.2.10	37.7	342	197	6	13	348	14	345	2.3e-55	212.6
3300021400.a:Ga0224422_11433419_26	gnl|TC-DB|Q9KTU5|3.B.1.1.6	52.5	413	139	3	117	474	18	428	2.5e-110	395.6
3300021400.a:Ga0224422_11433419_27	gnl|TC-DB|Q03030|3.B.1.1.1	47.5	602	286	7	5	590	3	590	3.2e-143	505.4
3300021400.a:Ga0224422_11433419_29	gnl|TC-DB|Q9V0A4|3.B.1.1.5	54.4	502	220	6	2	496	23	522	5.2e-151	530.8
3300021400.a:Ga0224422_11433419_41	gnl|TC-DB|Q8PW04|2.A.88.8.4	31.3	201	128	4	39	236	10	203	1.9e-18	89.4
3300021400.a:Ga0224422_11433419_53	gnl|TC-DB|U2UX39|2.A.7.33.5	48.6	111	57	0	1	111	4	114	1.5e-21	98.6
3300021400.a:Ga0224422_11433419_56	gnl|TC-DB|Q55487|4.D.2.1.9	30.6	310	208	2	9	314	4	310	7.1e-37	151.0
3300021400.a:Ga0224422_11433419_74	gnl|TC-DB|Q0P9C4|3.A.1.106.15	28.0	567	386	10	3	565	16	564	3.6e-55	212.6
3300021400.a:Ga0224422_11433419_84	gnl|TC-DB|Q55487|4.D.2.1.9	34.6	309	190	7	13	317	5	305	1.8e-43	172.9
3300021400.a:Ga0224422_11433419_102	gnl|TC-DB|Q6MMD5|9.B.18.2.1	29.5	237	153	5	31	260	285	514	7.0e-21	98.2
3300021400.a:Ga0224422_11433419_107	gnl|TC-DB|Q8DPI1|2.A.66.2.22	24.2	500	355	8	4	485	2	495	3.4e-30	129.4
3300021400.a:Ga0224422_11433419_118	gnl|TC-DB|P42065|3.A.1.5.20	30.2	225	145	7	25	243	30	248	1.1e-19	93.6
3300021400.a:Ga0224422_11433419_141	gnl|TC-DB|A3QE50|8.A.59.4.2	29.5	421	221	14	39	438	26	391	8.8e-28	121.3
3300021400.a:Ga0224422_11433419_142	gnl|TC-DB|A3QE50|8.A.59.4.2	42.3	142	75	3	309	443	250	391	1.1e-24	110.9
3300021400.a:Ga0224422_11433419_147	gnl|TC-DB|P0AAP1|9.B.34.1.2	29.7	165	116	0	479	643	201	365	1.7e-16	84.3
3300021400.a:Ga0224422_11433419_151	gnl|TC-DB|O07923|2.A.78.1.1	38.3	107	62	2	1	106	5	108	2.0e-15	78.2
3300021400.a:Ga0224422_11433419_152	gnl|TC-DB|P69874|3.A.1.11.1	45.5	354	163	4	6	359	18	341	2.3e-77	285.8
3300021400.a:Ga0224422_11433419_153	gnl|TC-DB|P0AFK4|3.A.1.11.1	34.7	259	165	2	27	281	8	266	1.4e-40	163.3
3300021400.a:Ga0224422_11433419_154	gnl|TC-DB|P0AFK6|3.A.1.11.1	31.1	241	160	3	31	270	4	239	9.1e-31	130.6
3300021400.a:Ga0224422_11433419_156	gnl|TC-DB|P0AFK9|3.A.1.11.1	32.3	353	221	8	1	343	1	345	3.7e-39	158.7
3300021400.a:Ga0224422_11433419_163	gnl|TC-DB|X5H3P0|3.D.10.1.6	30.5	443	265	12	86	500	9	436	3.2e-45	179.5
3300021400.a:Ga0224422_11433419_178	gnl|TC-DB|P0A6Y8|1.A.33.1.2	62.4	622	217	8	1	611	1	616	3.9e-207	717.6
3300021400.a:Ga0224422_11433419_180	gnl|TC-DB|Q9X103|3.A.1.1.22	58.7	363	143	3	1	358	3	363	1.0e-114	409.8
3300021400.a:Ga0224422_11433419_181	gnl|TC-DB|Q9KAX3|2.A.66.1.32	27.8	446	313	5	3	446	2	440	7.5e-48	188.0
3300021400.a:Ga0224422_11433419_234	gnl|TC-DB|C0QCR7|8.A.59.4.1	33.6	214	116	5	370	577	346	539	3.6e-26	116.3
3300021400.a:Ga0224422_11433419_237	gnl|TC-DB|O83924|2.A.56.4.1	39.8	595	346	4	23	616	46	629	2.8e-106	382.5
3300021400.a:Ga0224422_11433419_238	gnl|TC-DB|O83923|2.A.56.4.1	29.6	335	233	2	4	338	6	337	1.1e-51	200.3
3300021400.a:Ga0224422_11433419_240	gnl|TC-DB|Q9KN48|3.A.23.1.1	42.1	273	150	2	108	380	163	427	1.9e-51	199.9
3300021400.a:Ga0224422_11433419_241	gnl|TC-DB|Q9HV74|2.A.21.9.1	27.6	380	228	14	27	387	623	974	1.5e-23	107.1
3300021400.a:Ga0224422_11433419_252	gnl|TC-DB|C4N8U0|3.D.6.1.2	43.0	400	199	10	1	388	3	385	2.5e-70	262.7
3300021400.a:Ga0224422_11433419_253	gnl|TC-DB|C4N8U1|3.D.6.1.2	42.3	307	173	3	2	304	6	312	2.2e-59	225.7
3300021400.a:Ga0224422_11433419_255	gnl|TC-DB|C4N8U3|3.D.6.1.2	48.2	199	98	2	1	198	1	195	5.1e-42	167.5
3300021400.a:Ga0224422_11433419_256	gnl|TC-DB|C4N8U4|3.D.6.1.2	47.9	190	96	1	4	190	3	192	6.4e-41	163.7
3300021400.a:Ga0224422_11433419_257	gnl|TC-DB|C4N8U5|3.D.6.1.2	44.8	223	120	3	40	261	41	261	8.1e-42	167.2
3300021400.a:Ga0224422_11433419_273	gnl|TC-DB|P38919|3.A.18.1.1	27.4	380	243	5	4	375	40	394	6.7e-40	161.4
3300021400.a:Ga0224422_11433419_279	gnl|TC-DB|P0AGM0|2.A.86.1.2	31.0	342	228	6	26	367	13	346	9.6e-25	110.9
3300021400.a:Ga0224422_11433419_287	gnl|TC-DB|P63144|8.A.5.1.3	32.6	322	207	7	15	330	71	388	1.2e-42	170.2
3300021400.a:Ga0224422_11433419_289	gnl|TC-DB|Q9FI56|3.A.9.1.2	46.1	865	376	14	2	844	99	895	9.4e-201	696.8
3300021400.a:Ga0224422_11433419_299	gnl|TC-DB|M2AGJ7|1.B.42.2.1	30.6	1057	656	19	69	1117	81	1067	1.1e-132	471.1
3300021400.a:Ga0224422_11433419_300	gnl|TC-DB|Q8R9L8|3.A.1.33.1	24.8	475	273	19	459	913	97	507	1.3e-12	72.0
3300021400.a:Ga0224422_10704192_10	gnl|TC-DB|Q8I553|3.A.16.1.3	32.5	117	77	1	11	127	8	122	2.0e-13	72.8
3300021400.a:Ga0224422_10704192_11	gnl|TC-DB|Q7AA53|2.A.6.8.2	25.2	782	505	24	41	802	14	735	2.1e-32	137.5
3300021400.a:Ga0224422_10174434_30	gnl|TC-DB|O84676|3.A.6.3.1	26.9	286	171	9	229	490	112	383	2.2e-14	77.0
3300021400.a:Ga0224422_10174434_33	gnl|TC-DB|O00571|1.I.1.1.3	36.2	370	217	3	2	352	181	550	3.2e-61	232.6
3300021400.a:Ga0224422_10174434_34	gnl|TC-DB|Q83XH1|3.A.1.121.4	56.6	535	232	0	1	535	1	535	1.5e-183	639.0
3300021400.a:Ga0224422_10174434_53	gnl|TC-DB|I6L8P4|2.A.66.1.33	34.4	430	282	0	3	432	5	434	3.9e-57	218.8
3300021400.a:Ga0224422_10174434_63	gnl|TC-DB|Q2SDB1|3.A.1.132.4	35.5	256	129	5	1	256	1	220	3.4e-30	130.6
3300021400.a:Ga0224422_10174434_75	gnl|TC-DB|P39766|2.A.40.1.4	49.3	430	190	5	13	432	12	423	1.6e-103	372.9
3300021400.a:Ga0224422_10174434_77	gnl|TC-DB|Q8CX78|2.A.6.3.6	22.8	1018	692	24	4	949	3	998	3.6e-52	203.4
3300021400.a:Ga0224422_10174434_85	gnl|TC-DB|G2JTB4|3.A.11.1.4	38.1	147	82	1	8	154	3	140	1.6e-24	109.0
3300021400.a:Ga0224422_10174434_95	gnl|TC-DB|P07373|2.A.103.1.3	29.9	428	218	6	10	430	9	361	3.4e-45	179.1
3300021400.a:Ga0224422_10174434_98	gnl|TC-DB|P16926|9.B.157.1.3	25.9	270	177	7	33	288	24	284	9.3e-15	77.4
3300021400.a:Ga0224422_10174434_99	gnl|TC-DB|Q8F2L2|1.A.33.1.5	58.8	325	133	1	6	330	10	333	1.5e-104	375.9
3300021400.a:Ga0224422_10174434_130	gnl|TC-DB|Q9XIA9|4.C.1.1.14	23.6	559	373	16	63	609	72	588	1.2e-33	141.4
3300021400.a:Ga0224422_10174434_139	gnl|TC-DB|P71012|4.A.2.1.4	38.7	124	75	1	82	205	16	138	2.6e-14	75.5
3300021400.a:Ga0224422_10174434_162	gnl|TC-DB|Q9FI56|3.A.9.1.2	44.9	831	419	8	12	831	105	907	1.1e-196	683.3
3300021400.a:Ga0224422_10174434_166	gnl|TC-DB|P75957|3.A.1.125.1	47.5	223	117	0	1	223	1	223	2.1e-51	198.7
3300021400.a:Ga0224422_10174434_167	gnl|TC-DB|P0ADC3|3.A.1.125.1	27.6	319	197	14	26	333	23	318	1.7e-12	70.5
3300021400.a:Ga0224422_10174434_169	gnl|TC-DB|P10121|3.A.5.1.1	35.7	286	180	3	2	285	207	490	1.4e-47	186.4
3300021400.a:Ga0224422_10174434_174	gnl|TC-DB|Q54318|9.A.40.1.1	40.7	246	139	3	7	247	12	255	2.6e-48	188.7
3300021400.a:Ga0224422_10174434_181	gnl|TC-DB|Q9ZKE4|3.A.11.3.1	29.8	664	409	17	37	694	6	618	7.0e-69	258.5
3300021400.a:Ga0224422_10174434_188	gnl|TC-DB|P10408|3.A.5.1.1	46.7	944	437	8	5	930	4	899	1.5e-228	789.3
3300021400.a:Ga0224422_10174434_207	gnl|TC-DB|F2NXH1|1.B.45.1.3	22.9	280	186	8	37	308	30	287	5.4e-13	71.6
3300021400.a:Ga0224422_10174434_223	gnl|TC-DB|D4ZZR3|9.B.34.1.3	31.8	154	102	1	479	629	226	379	4.2e-15	79.7
3300021400.a:Ga0224422_10174434_235	gnl|TC-DB|F4LXP4|8.A.59.2.1	30.4	480	325	4	1	476	2	476	1.2e-54	210.7
3300021400.a:Ga0224422_10174434_237	gnl|TC-DB|A6LW10|3.A.1.2.26	38.2	356	203	8	5	351	2	349	7.4e-59	224.2
3300021400.a:Ga0224422_10174434_238	gnl|TC-DB|P25548|3.A.1.2.5	51.0	359	165	4	1	353	1	354	5.4e-94	340.9
3300021400.a:Ga0224422_10174434_239	gnl|TC-DB|O05176|3.A.1.2.5	58.6	512	209	3	1	512	1	509	2.3e-162	568.5
3300021400.a:Ga0224422_10174434_240	gnl|TC-DB|O05177|3.A.1.2.5	41.1	416	216	4	3	417	10	397	1.6e-76	283.1
3300021400.a:Ga0224422_10174434_253	gnl|TC-DB|Q7MV19|9.A.8.1.6	34.8	810	376	22	3	753	127	843	1.8e-113	406.8
3300021400.a:Ga0224422_10174434_254	gnl|TC-DB|Q7MV19|9.A.8.1.6	42.9	70	40	0	4	73	3	72	4.6e-11	63.2
3300021400.a:Ga0224422_10174434_258	gnl|TC-DB|Q6MIY1|8.A.59.3.1	26.9	301	183	10	1084	1373	246	520	1.7e-11	68.9
3300021400.a:Ga0224422_10174434_262	gnl|TC-DB|Q5SKE6|2.A.6.4.3	33.7	276	170	7	11	278	450	720	5.0e-27	118.2
3300021400.a:Ga0224422_10174434_263	gnl|TC-DB|P0AG90|2.A.6.4.1	32.9	435	241	9	172	583	197	603	1.1e-51	201.1
3300021400.a:Ga0224422_10174434_265	gnl|TC-DB|P37774|3.A.1.3.10	51.2	244	118	1	7	249	4	247	3.2e-64	241.5
3300021400.a:Ga0224422_10174434_266	gnl|TC-DB|P54536|3.A.1.3.15	36.3	204	129	1	5	207	12	215	2.1e-29	125.6
3300021400.a:Ga0224422_10174434_267	gnl|TC-DB|Q8RCC4|3.A.1.3.27	31.8	264	165	6	2	259	4	258	2.2e-31	132.5
3300021400.a:Ga0224422_10174434_281	gnl|TC-DB|B8CYZ1|1.B.42.1.13	22.3	332	228	10	114	434	48	360	1.9e-19	93.6
3300021400.a:Ga0224422_10174434_297	gnl|TC-DB|O83445|3.A.2.3.3	64.1	145	47	1	1	145	1	140	7.8e-47	183.0
3300021400.a:Ga0224422_10174434_298	gnl|TC-DB|O83444|3.A.2.3.3	36.2	655	371	11	1	642	1	621	2.0e-94	343.2
3300021400.a:Ga0224422_10174434_299	gnl|TC-DB|O83443|3.A.2.3.3	55.7	192	85	0	4	195	3	194	8.6e-52	199.9
3300021400.a:Ga0224422_10174434_300	gnl|TC-DB|O83442|3.A.2.3.3	77.9	429	95	0	1	429	1	429	6.6e-195	676.4
3300021400.a:Ga0224422_10174434_301	gnl|TC-DB|O83441|3.A.2.3.3	66.0	586	199	0	2	587	4	589	8.4e-225	776.2
3300021400.a:Ga0224422_10174434_311	gnl|TC-DB|P10121|3.A.5.1.1	29.0	245	153	6	141	374	243	477	1.3e-14	77.4
3300021400.a:Ga0224422_10174434_312	gnl|TC-DB|P76298|1.A.104.1.1	35.2	665	404	9	25	682	29	673	1.1e-101	367.5
3300021400.a:Ga0224422_10174434_313	gnl|TC-DB|Q93KT4|3.A.6.1.1	33.2	346	222	5	18	361	5	343	2.2e-37	152.9
3300021400.a:Ga0224422_10174434_316	gnl|TC-DB|P54700|3.A.6.2.1	44.9	214	111	3	76	285	35	245	1.1e-41	166.8
3300021400.a:Ga0224422_10174434_318	gnl|TC-DB|P26419|3.A.6.2.1	48.5	97	50	0	299	395	39	135	6.9e-21	98.2
3300021400.a:Ga0224422_10174434_321	gnl|TC-DB|P39064|1.A.30.1.4	30.9	230	141	6	11	238	21	234	6.1e-20	94.4
3300021400.a:Ga0224422_10174434_322	gnl|TC-DB|P39063|1.A.30.1.4	38.0	245	150	1	2	244	5	249	3.2e-43	171.8
3300021400.a:Ga0224422_10174434_345	gnl|TC-DB|Q6MMD5|9.B.18.2.1	40.7	462	259	7	10	465	159	611	1.1e-87	320.5
3300021400.a:Ga0224422_10560021_7	gnl|TC-DB|P21458|3.A.12.1.1	50.0	470	224	3	445	910	314	776	8.4e-123	438.0
3300021400.a:Ga0224422_10560021_9	gnl|TC-DB|F8D413|3.A.1.105.12	31.2	202	116	6	333	528	14	198	2.9e-17	86.7
3300021400.a:Ga0224422_10560021_10	gnl|TC-DB|Q9CES5|3.A.1.3.25	40.3	233	135	4	24	255	252	481	2.6e-45	178.7
3300021400.a:Ga0224422_10560021_13	gnl|TC-DB|Q5EGM5|9.A.25.1.1	31.2	202	101	6	124	309	269	448	7.1e-16	81.3
3300021400.a:Ga0224422_10560021_14	gnl|TC-DB|Q9CES5|3.A.1.3.25	41.8	201	116	1	19	218	514	714	3.2e-36	148.3
3300021400.a:Ga0224422_10560021_15	gnl|TC-DB|Q9CES4|3.A.1.3.25	65.8	240	82	0	8	247	6	245	5.3e-88	320.5
3300021400.a:Ga0224422_10560021_16	gnl|TC-DB|C7N858|2.A.115.2.14	30.3	198	126	3	4	194	224	416	2.8e-23	105.1
3300021400.a:Ga0224422_10560021_35	gnl|TC-DB|Q1M4Q9|3.A.1.2.16	26.5	310	205	10	8	310	14	307	2.3e-11	66.2
3300021400.a:Ga0224422_10560021_36	gnl|TC-DB|Q8G847|3.A.1.2.23	50.5	505	243	6	20	519	4	506	3.2e-135	478.4
3300021400.a:Ga0224422_10560021_37	gnl|TC-DB|Q0HIQ6|3.A.1.2.14	37.1	342	201	5	20	361	65	392	1.5e-43	173.3
3300021400.a:Ga0224422_10560021_38	gnl|TC-DB|Q0HIQ5|3.A.1.2.14	32.6	322	205	2	25	346	9	318	1.2e-42	170.2
3300021400.a:Ga0224422_10560021_56	gnl|TC-DB|Q8TZX5|2.A.66.1.45	23.2	448	316	8	16	443	11	450	2.8e-18	89.7
3300021400.a:Ga0224422_10560021_66	gnl|TC-DB|P37665|9.B.186.1.1	37.8	143	79	2	300	441	83	216	2.0e-16	83.6
3300021400.a:Ga0224422_10560021_68	gnl|TC-DB|B2HS04|9.B.115.1.3	35.5	279	171	7	3	274	1	277	1.2e-35	146.7
3300021400.a:Ga0224422_10560021_85	gnl|TC-DB|O07009|3.A.1.1.2	32.8	409	251	11	2	393	5	406	1.4e-45	180.3
3300021400.a:Ga0224422_10560021_86	gnl|TC-DB|Q48396|3.A.1.1.6	41.2	437	238	11	5	437	2	423	2.2e-76	282.7
3300021400.a:Ga0224422_10560021_87	gnl|TC-DB|Q48397|3.A.1.1.6	42.6	277	146	3	19	289	8	277	2.9e-61	231.9
3300021400.a:Ga0224422_10560021_90	gnl|TC-DB|Q8RJU9|3.A.1.1.18	28.1	303	191	7	23	311	8	297	4.9e-25	111.7
3300021400.a:Ga0224422_10560021_91	gnl|TC-DB|Q9X9R5|3.A.1.1.23	30.2	205	141	2	114	318	73	275	6.5e-22	101.3
3300021400.a:Ga0224422_10560021_106	gnl|TC-DB|Q9HV74|2.A.21.9.1	24.1	274	173	9	748	1013	727	973	8.5e-11	66.2
3300021400.a:Ga0224422_10560021_128	gnl|TC-DB|Q9KAX3|2.A.66.1.32	34.8	451	281	8	1	446	1	443	2.3e-60	229.6
3300021400.a:Ga0224422_10560021_138	gnl|TC-DB|Q9XIA9|4.C.1.1.14	24.7	655	426	17	11	637	49	664	5.8e-46	182.2
3300021400.a:Ga0224422_10560021_139	gnl|TC-DB|Q9KDT3|2.A.22.5.3	37.6	463	275	8	1	460	1	452	3.2e-78	288.9
3300021400.a:Ga0224422_10560021_140	gnl|TC-DB|H1XXY9|8.A.7.1.5	26.6	436	237	10	456	887	189	545	8.7e-30	129.0
3300021400.a:Ga0224422_10560021_144	gnl|TC-DB|Q93N33|2.A.21.9.2	27.0	274	167	10	184	441	742	998	8.1e-13	71.6
3300021400.a:Ga0224422_10560021_148	gnl|TC-DB|Q99ZY6|3.A.1.34.1	39.3	285	171	2	25	309	37	319	5.6e-50	194.5
3300021400.a:Ga0224422_10560021_150	gnl|TC-DB|Q99ZY4|3.A.1.34.1	37.8	294	171	2	8	301	2	283	4.7e-47	184.9
3300021400.a:Ga0224422_10560021_151	gnl|TC-DB|Q99ZY3|3.A.1.34.1	47.2	248	131	0	1	248	4	251	9.4e-59	223.4
3300021400.a:Ga0224422_10560021_159	gnl|TC-DB|Q5EAK4|2.A.16.2.2	29.4	343	195	9	28	338	1383	1710	1.7e-24	110.9
3300021400.a:Ga0224422_10560021_164	gnl|TC-DB|P0AFV2|9.B.20.1.4	40.3	134	77	2	14	144	3	136	2.3e-16	82.4
3300021400.a:Ga0224422_10560021_166	gnl|TC-DB|Q73NP1|2.A.23.3.4	43.2	405	225	1	9	408	1	405	8.3e-86	313.9
3300021400.a:Ga0224422_10560021_168	gnl|TC-DB|D4ZZR3|9.B.34.1.3	36.6	161	94	5	202	359	236	391	5.2e-15	78.6
3300021400.a:Ga0224422_10560021_173	gnl|TC-DB|Q6MNW4|8.A.59.2.2	30.5	584	387	9	17	590	1	575	4.2e-68	255.8
3300021400.a:Ga0224422_10560021_181	gnl|TC-DB|P08839|8.A.7.1.1	35.8	558	340	8	6	556	4	550	3.9e-86	315.5
3300021400.a:Ga0224422_10560021_185	gnl|TC-DB|Q1J0W6|9.B.34.1.1	35.8	162	92	4	287	444	190	343	1.5e-16	84.0
3300021400.a:Ga0224422_10560021_190	gnl|TC-DB|Q9ZK21|1.C.82.1.1	43.4	212	113	2	12	218	14	223	9.9e-41	163.3
3300021400.a:Ga0224422_10560021_219	gnl|TC-DB|P0AGA2|3.A.5.1.1	38.7	432	249	7	12	437	18	439	7.5e-77	284.3
3300021400.a:Ga0224422_10560021_226	gnl|TC-DB|Q8DQI1|3.A.1.4.10	35.1	379	224	6	2	363	3	376	3.1e-55	212.2
3300021400.a:Ga0224422_10560021_227	gnl|TC-DB|Q8DQI0|3.A.1.4.10	53.7	296	131	3	5	299	2	292	1.8e-74	275.8
3300021400.a:Ga0224422_10560021_228	gnl|TC-DB|P21628|3.A.1.4.8	37.3	319	165	5	11	301	95	406	5.0e-41	164.9
3300021400.a:Ga0224422_10560021_229	gnl|TC-DB|Q8DQH8|3.A.1.4.10	55.3	257	110	1	8	264	3	254	2.0e-72	268.9
3300021400.a:Ga0224422_10560021_230	gnl|TC-DB|Q8DQH7|3.A.1.4.10	59.0	234	96	0	1	234	3	236	2.7e-73	271.6
3300021400.a:Ga0224422_10560021_233	gnl|TC-DB|Q1LZ59|4.A.2.1.7	28.9	152	98	4	5	151	1	147	1.1e-11	66.2
3300021400.a:Ga0224422_10560021_242	gnl|TC-DB|O35002|9.B.174.1.1	31.3	377	236	8	51	415	55	420	2.7e-46	183.0
3300021400.a:Ga0224422_10560021_245	gnl|TC-DB|Q9KN48|3.A.23.1.1	40.3	243	135	3	150	386	193	431	3.2e-47	185.7
3300021400.a:Ga0224422_10603636_1	gnl|TC-DB|F2NWK1|1.B.1.8.2	33.6	452	232	15	2	444	3	395	5.5e-51	198.4
3300021400.a:Ga0224422_10603636_8	gnl|TC-DB|F2NWK1|1.B.1.8.2	36.9	445	215	14	2	432	3	395	9.7e-61	230.7
3300021400.a:Ga0224422_10603636_14	gnl|TC-DB|P0AGD7|3.A.5.1.1	47.0	455	234	5	1	451	1	452	4.3e-102	368.2
3300021400.a:Ga0224422_10871981_34	gnl|TC-DB|Q8LBP4|2.A.9.2.1	30.0	300	175	9	324	596	85	376	7.6e-24	108.6
3300021400.a:Ga0224422_10871981_37	gnl|TC-DB|F4K2G0|3.D.1.8.1	45.5	156	61	7	52	197	103	244	5.0e-23	105.1
3300021400.a:Ga0224422_10638219_1	gnl|TC-DB|Q0P9X8|3.A.1.3.16	27.3	242	149	6	29	252	24	256	2.9e-13	72.4
3300021400.a:Ga0224422_10638219_2	gnl|TC-DB|P0AFT2|3.A.1.3.10	31.9	160	109	0	10	169	12	171	2.1e-19	92.4
3300021400.a:Ga0224422_10638219_3	gnl|TC-DB|A1VZQ3|3.A.1.3.16	24.5	204	148	2	27	230	45	242	4.0e-13	71.6
3300021400.a:Ga0224422_10638219_4	gnl|TC-DB|P0AAG3|3.A.1.3.4	53.6	237	109	1	3	239	1	236	1.5e-69	259.2
3300021400.a:Ga0224422_10638219_5	gnl|TC-DB|Q5EGM5|9.A.25.1.1	33.3	165	91	5	186	342	295	448	1.3e-12	70.5
3300021400.a:Ga0224422_10711606_5	gnl|TC-DB|Q6MNW4|8.A.59.2.2	26.3	612	375	15	17	614	4	553	3.6e-44	176.4
3300021400.a:Ga0224422_10711606_11	gnl|TC-DB|Q83XH1|3.A.1.121.4	34.0	527	336	5	7	529	5	523	7.7e-81	298.1
3300021400.a:Ga0224422_10711606_19	gnl|TC-DB|M7AKZ4|2.A.58.2.2	29.1	554	355	13	16	556	6	534	2.1e-52	203.4
3300021400.a:Ga0224422_10711606_21	gnl|TC-DB|P0AAP1|9.B.34.1.2	29.4	187	121	3	715	896	191	371	4.5e-12	70.5
3300021400.a:Ga0224422_10711606_34	gnl|TC-DB|Q51330|2.A.1.11.1	22.8	386	264	9	6	383	15	374	2.3e-14	76.6
3300021400.a:Ga0224422_10711606_43	gnl|TC-DB|P08956|3.A.17.1.1	27.7	632	346	22	67	610	227	835	8.1e-42	169.1
3300021400.a:Ga0224422_10711606_51	gnl|TC-DB|A1JRS3|2.A.53.3.9	33.3	565	328	10	11	552	22	560	3.3e-69	259.2
3300021400.a:Ga0224422_11449990_2	gnl|TC-DB|P39115|3.A.1.121.3	26.9	517	321	14	5	510	5	475	3.0e-32	136.3
3300021400.a:Ga0224422_11449990_7	gnl|TC-DB|P08956|3.A.17.1.1	30.1	435	225	16	193	585	446	843	1.0e-34	145.2
3300021400.a:Ga0224422_10950281_5	gnl|TC-DB|Q5EAK4|2.A.16.2.2	27.7	393	243	17	134	497	1391	1771	7.1e-20	95.5
3300021400.a:Ga0224422_10950281_17	gnl|TC-DB|I6L8P4|2.A.66.1.33	27.2	397	282	3	4	394	6	401	3.2e-38	156.0
3300021400.a:Ga0224422_10950281_20	gnl|TC-DB|O34610|3.A.1.15.11	25.4	260	189	3	12	271	4	258	4.6e-11	65.1
3300021400.a:Ga0224422_10950281_21	gnl|TC-DB|O84071|3.A.1.15.12	32.4	219	143	4	7	221	12	229	8.0e-30	127.1
3300021400.a:Ga0224422_11474293_6	gnl|TC-DB|Q9WZS2|2.A.66.1.28	25.6	445	302	6	2	434	12	439	1.2e-24	110.9
3300021400.a:Ga0224422_11474292_17	gnl|TC-DB|P38919|3.A.18.1.1	37.4	358	210	3	6	356	39	389	7.8e-64	241.5
3300021400.a:Ga0224422_11474292_22	gnl|TC-DB|P0AAC4|1.A.14.2.2	49.5	216	106	2	18	231	20	234	7.5e-44	173.7
3300021400.a:Ga0224422_11474292_24	gnl|TC-DB|O30489|3.A.1.132.1	38.4	315	171	5	2	312	3	298	1.3e-57	219.9
3300021400.a:Ga0224422_11474292_25	gnl|TC-DB|Q2SDB0|3.A.1.132.4	25.7	968	608	32	13	898	13	951	7.2e-61	232.3
3300021400.a:Ga0224422_11474292_47	gnl|TC-DB|O27840|2.A.107.1.2	35.4	198	107	3	12	209	7	183	2.8e-21	98.6
3300021400.a:Ga0224422_11474292_48	gnl|TC-DB|B8I766|9.B.105.1.5	32.7	153	86	6	15	164	4	142	1.3e-11	66.2
3300021400.a:Ga0224422_11474292_50	gnl|TC-DB|P31466|2.A.40.7.6	40.2	433	252	4	1	432	15	441	5.3e-75	278.1
3300021400.a:Ga0224422_11474292_53	gnl|TC-DB|Q9I5F5|2.A.21.2.3	27.1	468	314	10	5	459	8	461	3.6e-30	129.4
3300021400.a:Ga0224422_11474292_60	gnl|TC-DB|P26906|3.A.1.5.2	25.0	513	346	14	9	488	5	511	6.6e-35	145.2
3300021400.a:Ga0224422_11474292_86	gnl|TC-DB|Q9UEF7|8.A.49.1.1	28.5	495	272	16	3	468	61	502	4.6e-48	188.7
3300021400.a:Ga0224422_11474292_127	gnl|TC-DB|P73329|3.A.1.141.1	44.2	206	115	0	22	227	35	240	6.1e-50	194.1
3300021400.a:Ga0224422_11474292_135	gnl|TC-DB|K4IPL7|2.A.45.2.6	35.6	396	226	7	17	392	6	392	1.4e-42	170.2
3300021400.a:Ga0224422_11474292_140	gnl|TC-DB|D5ARG8|2.A.88.1.3	34.0	212	102	5	6	205	1	186	2.4e-12	68.9
3300021400.a:Ga0224422_11474292_141	gnl|TC-DB|O68106|3.A.1.23.8	35.0	240	141	3	15	239	4	243	1.5e-34	142.9
3300021400.a:Ga0224422_11474292_144	gnl|TC-DB|647734884|3.E.1.5.1	38.6	215	128	3	798	1011	412	623	2.8e-34	144.1
3300021400.a:Ga0224422_11474292_145	gnl|TC-DB|Q8NRW1|3.A.1.4.5	47.8	379	196	1	19	397	41	417	1.0e-104	376.7
3300021400.a:Ga0224422_11474292_148	gnl|TC-DB|A1KWE6|2.A.39.1.3	43.1	385	206	3	8	388	16	391	9.8e-76	280.4
3300021400.a:Ga0224422_10603637_1	gnl|TC-DB|F2NWK1|1.B.1.8.2	36.8	435	210	16	2	413	3	395	1.1e-53	207.2
3300021400.a:Ga0224422_10603637_14	gnl|TC-DB|B2GH49|9.B.160.1.10	28.5	172	110	6	126	294	216	377	3.6e-12	69.3
3300021400.a:Ga0224422_10603637_24	gnl|TC-DB|P0A4W2|3.A.1.6.3	37.6	226	122	5	5	218	10	228	3.7e-34	142.1
3300021400.a:Ga0224422_10603637_25	gnl|TC-DB|Q8TJ86|3.A.1.8.2	41.8	213	122	2	4	214	10	222	5.4e-39	157.5
3300021400.a:Ga0224422_10603637_26	gnl|TC-DB|P37329|3.A.1.8.1	40.6	234	132	3	30	263	24	250	2.2e-34	142.5
3300021400.a:Ga0224422_10603637_31	gnl|TC-DB|P07658|3.D.1.9.2	42.1	692	388	8	221	901	1	690	1.4e-157	553.5
3300021400.a:Ga0224422_10603637_32	gnl|TC-DB|Q74GA3|3.D.1.5.1	33.0	97	65	0	36	132	434	530	9.0e-12	68.6
3300021400.a:Ga0224422_10603637_38	gnl|TC-DB|Q6MNW4|8.A.59.2.2	41.6	293	151	3	233	523	301	575	1.3e-56	217.2
3300021400.a:Ga0224422_10603637_39	gnl|TC-DB|Q9KI10|2.A.37.2.2	35.2	386	235	6	4	389	3	373	1.6e-54	209.9
3300021400.a:Ga0224422_10603637_40	gnl|TC-DB|P0AFY2|9.B.114.1.1	30.6	216	137	6	1	211	2	209	6.5e-21	97.4
3300021400.a:Ga0224422_10603637_44	gnl|TC-DB|G4QI94|1.B.48.1.5	45.2	261	137	1	4	258	6	266	2.0e-60	229.2
3300021400.a:Ga0224422_10603637_48	gnl|TC-DB|E0QJ98|4.D.2.1.5	24.1	299	225	2	27	324	30	327	1.5e-16	83.6
3300021400.a:Ga0224422_10603637_51	gnl|TC-DB|Q1J0W6|9.B.34.1.1	30.6	160	94	4	214	360	190	345	3.1e-12	69.3
3300021400.a:Ga0224422_10603637_61	gnl|TC-DB|H1XXZ0|8.A.8.1.5	42.0	88	51	0	1	88	1	88	4.1e-14	73.6
3300021400.a:Ga0224422_10603637_73	gnl|TC-DB|Q8EII1|2.A.25.1.4	44.9	468	224	9	7	473	5	439	1.5e-94	343.2
3300021400.a:Ga0224422_10603637_85	gnl|TC-DB|647734884|3.E.1.5.1	32.8	271	167	5	757	1014	354	622	5.4e-30	129.8
3300021400.a:Ga0224422_10603637_86	gnl|TC-DB|C0SP99|9.B.10.1.1	40.0	125	70	3	38	160	72	193	2.6e-22	101.7
3300021400.a:Ga0224422_10603637_87	gnl|TC-DB|P94400|9.B.10.1.1	37.3	424	200	4	3	411	2	374	4.4e-79	291.6
3300021400.a:Ga0224422_10603637_88	gnl|TC-DB|Q9HC98|1.I.1.1.3	31.2	208	135	5	8	209	42	247	1.1e-21	101.3
3300021400.a:Ga0224422_10603637_97	gnl|TC-DB|A3QE50|8.A.59.4.2	34.3	213	123	4	333	529	179	390	3.1e-24	109.8
3300021400.a:Ga0224422_10603637_108	gnl|TC-DB|Q9WXR2|3.A.1.5.29	22.4	500	306	19	62	521	83	540	6.0e-16	82.4
3300021400.a:Ga0224422_10603637_136	gnl|TC-DB|P42065|3.A.1.5.20	37.7	355	174	4	25	370	9	325	4.9e-61	231.5
3300021400.a:Ga0224422_10603637_137	gnl|TC-DB|O86574|3.A.1.5.34	46.2	303	152	4	434	730	23	320	1.5e-69	260.8
3300021400.a:Ga0224422_10603637_138	gnl|TC-DB|F0TFS8|3.A.1.5.32	31.5	343	203	6	9	347	3	317	3.1e-33	139.0
3300021400.a:Ga0224422_10603637_139	gnl|TC-DB|Q6MIY1|8.A.59.3.1	27.3	293	195	7	259	542	295	578	1.3e-25	114.4
3300021400.a:Ga0224422_10603637_154	gnl|TC-DB|A6LP55|2.A.81.2.2	28.4	408	242	10	18	413	6	375	6.1e-36	148.3
3300021400.a:Ga0224422_10603637_155	gnl|TC-DB|G7U9U2|2.A.79.1.3	34.6	419	258	9	27	439	16	424	2.1e-47	186.4
3300021400.a:Ga0224422_10603637_159	gnl|TC-DB|P54536|3.A.1.3.15	40.5	205	121	1	18	221	15	219	5.8e-33	137.5
3300021400.a:Ga0224422_10603637_160	gnl|TC-DB|Q8RCC4|3.A.1.3.27	40.5	257	132	7	2	239	3	257	4.2e-40	161.4
3300021400.a:Ga0224422_10950282_10	gnl|TC-DB|H6KWI2|1.B.6.1.15	35.2	389	240	3	25	404	32	417	1.5e-60	229.9
3300021400.a:Ga0224422_10950282_39	gnl|TC-DB|763427793|2.A.6.3.11	37.3	1048	627	8	3	1029	2	1040	2.3e-185	646.0
3300021400.a:Ga0224422_10950282_45	gnl|TC-DB|B7L5V2|1.A.34.1.3	36.4	121	75	2	213	332	100	219	1.1e-14	77.4
3300021400.a:Ga0224422_10950282_49	gnl|TC-DB|D4ZZR3|9.B.34.1.3	34.7	173	112	1	186	358	222	393	1.1e-25	114.0
3300021400.a:Ga0224422_10950282_63	gnl|TC-DB|Q5EP68|3.A.7.11.1	28.1	256	163	8	11	250	13	263	5.5e-16	81.3
3300021400.a:Ga0224422_12864036_17	gnl|TC-DB|P73239|3.A.1.106.14	37.2	494	298	4	91	578	102	589	2.5e-88	322.8
3300021400.a:Ga0224422_12864036_21	gnl|TC-DB|Q3MNJ6|3.A.3.5.15	42.0	792	404	10	2	787	65	807	2.6e-150	529.3
3300021400.a:Ga0224422_12864036_47	gnl|TC-DB|P0AD30|2.A.102.3.1	34.9	238	148	3	14	249	24	256	3.8e-33	138.3
3300021400.a:Ga0224422_12864036_49	gnl|TC-DB|Q9K0A9|2.A.28.2.4	50.7	306	150	1	1	306	1	305	8.8e-75	276.9
3300021400.a:Ga0224422_12864036_66	gnl|TC-DB|Q9WZS2|2.A.66.1.28	21.1	421	296	10	20	426	23	421	6.6e-15	78.6
3300021400.a:Ga0224422_12864036_75	gnl|TC-DB|Q6MNW4|8.A.59.2.2	22.1	321	217	6	175	491	282	573	2.3e-17	87.0
3300021400.a:Ga0224422_12864036_93	gnl|TC-DB|P55072|3.A.16.1.1	45.7	245	127	3	199	442	195	434	6.2e-51	198.7
3300021400.a:Ga0224422_12864036_98	gnl|TC-DB|C0QCR7|8.A.59.4.1	34.4	209	122	3	268	461	331	539	3.1e-28	122.9
3300021400.a:Ga0224422_12864036_100	gnl|TC-DB|Q8NMV4|3.A.1.1.45	41.8	251	128	5	110	358	46	280	8.1e-45	177.6
3300021400.a:Ga0224422_12864036_101	gnl|TC-DB|Q8NMV5|3.A.1.1.45	37.0	284	161	5	11	291	35	303	5.5e-44	174.5
3300021400.a:Ga0224422_12864036_107	gnl|TC-DB|Q5SJX5|9.B.120.1.3	42.6	129	70	1	159	283	110	238	4.7e-22	101.7
3300021400.a:Ga0224422_12864036_130	gnl|TC-DB|X5H3P0|3.D.10.1.6	27.3	473	257	16	131	574	12	426	1.1e-27	121.3
3300021400.a:Ga0224422_12864036_172	gnl|TC-DB|P71012|4.A.2.1.4	33.1	133	89	0	11	143	12	144	6.8e-17	83.6
3300021400.a:Ga0224422_12864036_175	gnl|TC-DB|R9UW27|3.A.2.3.3	44.6	417	224	4	247	658	145	559	1.7e-96	350.1
3300021400.a:Ga0224422_12864036_177	gnl|TC-DB|O83543|3.A.2.3.3	37.8	111	63	1	1	111	8	112	2.7e-15	77.8
3300021400.a:Ga0224422_12864036_178	gnl|TC-DB|O83542|3.A.2.3.3	26.6	203	143	1	1	197	1	203	6.8e-17	84.0
3300021400.a:Ga0224422_12864036_179	gnl|TC-DB|O83541|3.A.2.3.3	67.9	582	180	1	4	578	9	590	8.6e-238	819.3
3300021400.a:Ga0224422_12864036_180	gnl|TC-DB|O83540|3.A.2.3.3	69.8	460	134	1	1	460	1	455	3.7e-191	664.1
3300021400.a:Ga0224422_12864036_181	gnl|TC-DB|O83539|3.A.2.3.3	47.2	199	105	0	3	201	2	200	4.3e-43	171.0
3300021400.a:Ga0224422_12864036_185	gnl|TC-DB|P0AA53|8.A.21.2.2	40.8	174	103	0	5	178	4	177	2.8e-35	145.6
3300021400.a:Ga0224422_12864036_207	gnl|TC-DB|F4LLK3|2.A.6.7.7	42.8	797	435	6	1	777	1	796	2.1e-170	595.9
3300021400.a:Ga0224422_12864036_210	gnl|TC-DB|F4LLK3|2.A.6.7.7	41.5	803	439	10	1	778	1	797	9.0e-158	553.9
3300021400.a:Ga0224422_12864036_214	gnl|TC-DB|Q9K1H0|1.B.33.1.1	24.9	469	323	13	33	488	22	474	3.1e-36	150.2
3300021400.a:Ga0224422_12864036_243	gnl|TC-DB|P0A9V1|1.B.42.1.2	51.5	239	116	0	5	243	3	241	1.1e-69	259.6
3300021400.a:Ga0224422_12864036_246	gnl|TC-DB|A0L4L0|3.A.1.132.3	35.2	227	134	5	34	257	89	305	2.2e-34	142.5
3300021400.a:Ga0224422_12864036_252	gnl|TC-DB|P71012|4.A.2.1.4	36.5	148	94	0	1	148	1	148	4.2e-24	107.5
3300021400.a:Ga0224422_12864036_265	gnl|TC-DB|P94585|1.A.22.1.3	56.7	120	51	1	18	137	5	123	3.8e-30	127.5
3300021400.a:Ga0224422_12864036_290	gnl|TC-DB|D0WY71|2.A.66.4.5	30.0	464	309	5	1	455	1	457	8.1e-54	208.0
3300021400.a:Ga0224422_12864036_317	gnl|TC-DB|Q8N1S5|2.A.5.5.2	36.6	322	124	6	15	258	22	341	1.7e-28	122.9
3300021400.a:Ga0224422_12864036_321	gnl|TC-DB|Q73QH0|3.A.3.32.5	46.9	699	363	3	1	699	1	691	2.9e-166	582.0
3300021400.a:Ga0224422_12641599_10	gnl|TC-DB|G4FGN5|3.A.1.2.20	24.2	322	180	10	67	341	26	330	1.9e-11	66.6
3300021400.a:Ga0224422_12641599_29	gnl|TC-DB|P31552|4.C.1.1.6	25.5	483	296	13	49	511	29	467	1.9e-29	127.5
3300021400.a:Ga0224422_12641599_32	gnl|TC-DB|F5YDH8|9.B.184.1.3	34.8	135	85	2	106	240	80	211	2.3e-19	92.4
3300021400.a:Ga0224422_12641599_62	gnl|TC-DB|P43672|3.A.1.120.6	33.7	511	320	7	39	546	31	525	9.7e-77	284.3
3300021400.a:Ga0224422_12641599_76	gnl|TC-DB|C9RIX7|1.B.56.1.5	35.6	326	201	7	4	327	9	327	1.3e-49	193.4
3300021400.a:Ga0224422_12641599_79	gnl|TC-DB|V5WD80|2.A.37.3.3	28.4	426	260	9	23	418	26	436	4.2e-35	146.0
3300021400.a:Ga0224422_12641599_89	gnl|TC-DB|H8E4X1|9.B.18.1.2	43.2	243	132	4	239	479	287	525	1.4e-44	177.2
3300021400.a:Ga0224422_12641599_94	gnl|TC-DB|Q8F192|1.A.30.2.9	37.9	206	125	2	2	206	60	263	7.4e-27	117.1
3300021400.a:Ga0224422_12641599_100	gnl|TC-DB|Q93IP6|1.A.11.2.3	42.7	393	202	6	6	384	80	463	6.7e-78	288.1
3300021400.a:Ga0224422_12641599_112	gnl|TC-DB|O51166|2.A.6.3.11	34.8	302	191	2	7	307	13	309	4.2e-42	168.3
3300021400.a:Ga0224422_12641599_113	gnl|TC-DB|763427793|2.A.6.3.11	36.3	1038	642	8	5	1034	4	1030	5.1e-180	628.2
3300021400.a:Ga0224422_12641599_129	gnl|TC-DB|Q9I5F5|2.A.21.2.3	44.6	500	259	5	3	498	2	487	9.4e-108	387.1
3300021400.a:Ga0224422_12641599_132	gnl|TC-DB|Q6LZF0|2.A.35.2.1	38.3	548	275	11	5	514	3	525	2.3e-85	312.8
3300021400.a:Ga0224422_12641599_142	gnl|TC-DB|P54428|9.A.40.2.1	26.3	426	290	7	22	426	12	434	2.0e-34	143.3
3300021400.a:Ga0224422_12641599_143	gnl|TC-DB|P37908|9.A.40.2.4	24.9	406	287	6	22	420	22	416	3.6e-36	149.1
3300021400.a:Ga0224422_12641599_144	gnl|TC-DB|C7N858|2.A.115.2.14	31.1	206	130	3	4	209	224	417	2.6e-27	118.6
3300021400.a:Ga0224422_12641599_147	gnl|TC-DB|P31552|4.C.1.1.6	25.8	534	344	14	38	550	15	517	5.7e-37	152.1
3300021400.a:Ga0224422_12641599_158	gnl|TC-DB|P46468|3.A.25.2.1	28.6	262	146	11	450	692	916	1155	1.3e-12	71.6
3300021400.a:Ga0224422_12641599_176	gnl|TC-DB|M3JA40|1.B.52.2.1	27.4	186	133	2	389	573	271	455	4.4e-11	66.2
3300021400.a:Ga0224422_12641599_181	gnl|TC-DB|B8F896|3.A.1.3.28	33.3	237	155	2	24	259	24	258	1.1e-40	163.3
3300021400.a:Ga0224422_12641599_182	gnl|TC-DB|P0A607|2.A.45.2.2	29.6	442	280	6	1	432	1	421	2.8e-39	159.5
3300021400.a:Ga0224422_12641599_187	gnl|TC-DB|Q58206|3.A.1.122.14	41.9	248	116	4	3	243	1	227	1.2e-47	186.4
3300021400.a:Ga0224422_12641599_189	gnl|TC-DB|P80874|8.A.5.1.4	26.5	181	114	5	1	163	1	180	3.1e-11	65.5
3300021400.a:Ga0224422_12641599_194	gnl|TC-DB|A3QE50|8.A.59.4.2	46.0	202	109	0	215	416	195	396	9.2e-48	187.6
3300021400.a:Ga0224422_12641599_195	gnl|TC-DB|O32219|3.A.3.6.10	50.3	594	284	5	99	687	115	702	1.1e-159	560.1
3300021400.a:Ga0224422_12641599_201	gnl|TC-DB|A3QE50|8.A.59.4.2	30.5	239	134	5	82	288	156	394	3.1e-26	115.5
3300021400.a:Ga0224422_12641599_213	gnl|TC-DB|Q97PQ1|2.A.4.7.6	24.7	279	190	6	43	312	40	307	4.7e-11	65.5
3300021400.a:Ga0224422_12641599_232	gnl|TC-DB|P43672|3.A.1.120.6	30.8	539	354	7	1	538	1	521	8.4e-80	294.7
3300021400.a:Ga0224422_12641599_237	gnl|TC-DB|Q99ZY6|3.A.1.34.1	32.9	301	194	4	24	320	34	330	2.9e-41	165.6
3300021400.a:Ga0224422_12641599_238	gnl|TC-DB|Q99ZY4|3.A.1.34.1	38.3	290	160	7	1	287	1	274	6.8e-35	144.4
3300021400.a:Ga0224422_12641599_239	gnl|TC-DB|Q99ZY3|3.A.1.34.1	46.4	248	132	1	1	247	4	251	4.5e-53	204.5
3300021400.a:Ga0224422_12477595_7	gnl|TC-DB|F2MS25|2.A.115.2.3	34.2	202	119	4	6	205	3	192	2.7e-19	92.0
3300021400.a:Ga0224422_12477595_21	gnl|TC-DB|M3JA40|1.B.52.2.1	33.8	130	79	1	466	595	260	382	7.8e-12	68.9
3300021400.a:Ga0224422_12477595_35	gnl|TC-DB|Q9RNI9|3.A.1.15.6	30.4	214	131	7	45	253	31	231	2.5e-14	75.9
3300021400.a:Ga0224422_12477595_38	gnl|TC-DB|647734884|3.E.1.5.1	33.3	249	157	3	457	705	383	622	1.2e-28	124.8
3300021400.a:Ga0224422_12477595_42	gnl|TC-DB|Q6TMY8|1.A.1.14.4	35.4	237	118	4	23	253	13	220	1.3e-19	93.6
3300021400.a:Ga0224422_12477595_43	gnl|TC-DB|Q6T3V7|2.A.38.1.3	36.2	486	301	7	1	481	1	482	1.0e-74	277.3
3300021400.a:Ga0224422_12477595_44	gnl|TC-DB|P0AGI8|2.A.38.1.1	24.6	467	307	7	1	461	1	428	3.2e-41	166.0
3300021400.a:Ga0224422_12477595_48	gnl|TC-DB|Q6MNW4|8.A.59.2.2	38.3	373	223	3	205	573	206	575	2.8e-61	233.0
3300021400.a:Ga0224422_12477595_53	gnl|TC-DB|P30750|3.A.1.24.1	49.4	247	125	0	4	250	2	248	1.1e-67	253.1
3300021400.a:Ga0224422_12477595_54	gnl|TC-DB|Q9HT69|3.A.1.24.5	39.8	181	109	0	43	223	36	216	3.9e-32	134.8
3300021400.a:Ga0224422_12477595_55	gnl|TC-DB|P28635|3.A.1.24.1	36.2	213	126	5	60	267	61	268	3.1e-25	112.1
3300021400.a:Ga0224422_12477595_68	gnl|TC-DB|B8F897|3.A.1.3.28	32.7	211	132	5	16	224	10	212	4.9e-19	91.3
3300021400.a:Ga0224422_12477595_69	gnl|TC-DB|O34315|3.A.1.3.13	33.3	210	134	1	19	228	21	224	2.7e-25	112.1
3300021400.a:Ga0224422_12477595_70	gnl|TC-DB|O34900|3.A.1.3.13	57.7	241	102	0	1	241	1	241	6.2e-76	280.4
