3300026980.a:Ga0207829_100187_2	gnl|TC-DB|Q83XH1|3.A.1.121.4	30.4	542	368	3	1	541	1	534	3.6e-73	272.3
3300026980.a:Ga0207829_100187_5	gnl|TC-DB|Q9HV74|2.A.21.9.1	25.9	224	154	4	170	389	759	974	1.4e-13	73.9
3300026980.a:Ga0207829_100187_6	gnl|TC-DB|Q73MJ2|3.A.1.122.8	42.2	185	105	2	22	205	23	206	1.4e-33	139.4
3300026980.a:Ga0207829_100187_7	gnl|TC-DB|Q6MNW8|3.A.1.136.2	27.2	470	274	5	1	455	2	418	1.3e-36	150.6
3300026980.a:Ga0207829_100187_18	gnl|TC-DB|A9WCZ4|3.A.1.13.2	37.0	349	216	3	5	351	87	433	3.5e-69	258.5
3300026980.a:Ga0207829_100187_19	gnl|TC-DB|A9WCZ6|3.A.1.13.2	43.6	314	159	3	42	344	49	355	5.6e-59	224.6
3300026980.a:Ga0207829_100187_20	gnl|TC-DB|A9WCZ7|3.A.1.13.2	37.2	282	175	2	4	283	5	286	4.9e-49	191.4
3300026980.a:Ga0207829_100187_27	gnl|TC-DB|P42308|2.A.11.1.2	43.6	427	236	3	1	425	1	424	7.0e-96	347.4
3300026980.a:Ga0207829_100187_30	gnl|TC-DB|A6DJZ4|9.B.145.1.2	31.7	319	192	4	296	597	282	591	1.2e-24	111.3
3300026980.a:Ga0207829_100187_48	gnl|TC-DB|P77338|1.A.23.1.1	32.3	217	146	1	568	783	842	1058	5.9e-30	129.4
3300026980.a:Ga0207829_100067_5	gnl|TC-DB|F8CM01|1.A.13.4.1	31.6	335	201	7	26	339	20	347	2.3e-28	122.9
3300026980.a:Ga0207829_100067_8	gnl|TC-DB|K9ZHC0|5.A.1.6.4	32.1	221	126	8	7	205	9	227	3.7e-14	75.1
3300026980.a:Ga0207829_100067_13	gnl|TC-DB|H7F0T0|3.D.4.3.3	54.4	471	211	3	1	470	1	468	9.0e-157	550.4
3300026980.a:Ga0207829_100067_15	gnl|TC-DB|A5FGV9|3.A.3.29.2	43.8	794	434	6	12	800	6	792	1.5e-187	652.9
3300026980.a:Ga0207829_100067_18	gnl|TC-DB|Q18BL2|3.A.1.124.6	36.4	187	107	5	6	188	8	186	1.0e-20	96.7
3300026980.a:Ga0207829_100067_25	gnl|TC-DB|P11024|3.D.2.3.1	28.9	349	211	8	29	349	57	396	2.8e-30	129.4
3300026980.a:Ga0207829_100067_29	gnl|TC-DB|Q9HV74|2.A.21.9.1	29.1	285	153	6	419	696	734	976	1.7e-22	104.4
3300026980.a:Ga0207829_100067_49	gnl|TC-DB|Q93N33|2.A.21.9.2	25.4	284	175	8	189	455	746	1009	1.8e-12	70.5
3300026980.a:Ga0207829_100067_50	gnl|TC-DB|Q88RT6|2.A.6.1.5	43.8	1050	568	9	1	1036	1	1042	3.9e-247	851.7
3300026980.a:Ga0207829_100067_52	gnl|TC-DB|Q93TH9|1.B.14.6.2	28.6	1156	689	29	11	1071	11	1125	6.6e-119	425.2
3300026980.a:Ga0207829_100067_53	gnl|TC-DB|Q8A8X0|8.A.46.2.1	24.1	553	332	21	5	513	2	510	1.3e-32	137.5
3300026980.a:Ga0207829_100067_66	gnl|TC-DB|P11551|2.A.1.7.1	33.6	432	264	5	3	428	15	429	4.2e-64	241.9
3300026980.a:Ga0207829_100067_79	gnl|TC-DB|O53656|2.A.86.1.7	27.8	316	221	5	6	315	23	337	2.5e-14	76.3
3300026980.a:Ga0207829_100067_86	gnl|TC-DB|P39836|2.A.28.3.4	33.5	316	204	4	16	330	10	320	1.2e-39	160.2
3300026980.a:Ga0207829_100067_94	gnl|TC-DB|B8ZPJ9|3.A.1.135.4	26.0	219	143	7	15	229	342	545	1.6e-15	79.7
3300026980.a:Ga0207829_100067_102	gnl|TC-DB|F4LLK3|2.A.6.7.7	22.0	683	490	18	87	735	114	787	2.2e-20	97.4
3300026980.a:Ga0207829_100067_108	gnl|TC-DB|Q03961|1.B.18.1.2	24.6	521	316	17	97	568	34	526	6.7e-29	125.9
3300026980.a:Ga0207829_100067_111	gnl|TC-DB|Q2G2M9|3.A.1.106.2	39.8	256	150	3	345	598	325	578	8.4e-47	184.9
3300026980.a:Ga0207829_100067_112	gnl|TC-DB|Q6MMD5|9.B.18.2.1	31.7	287	174	8	5	272	292	575	1.3e-31	133.7
3300026980.a:Ga0207829_100067_131	gnl|TC-DB|L0G408|1.B.73.1.5	36.1	562	343	9	3	555	19	573	3.7e-97	352.1
3300026980.a:Ga0207829_100067_133	gnl|TC-DB|A5FN23|1.B.18.3.3	30.6	265	171	3	12	274	10	263	1.9e-38	156.0
3300026980.a:Ga0207829_100067_134	gnl|TC-DB|A5FN22|8.A.3.3.4	34.7	779	478	16	13	769	11	780	1.9e-110	396.7
3300026980.a:Ga0207829_100067_135	gnl|TC-DB|Q0P9C4|3.A.1.106.15	27.7	567	380	9	21	575	15	563	1.9e-51	200.3
3300026980.a:Ga0207829_100067_147	gnl|TC-DB|H2BUR8|9.B.67.6.5	28.8	466	285	20	2	449	15	451	2.1e-29	126.7
3300026980.a:Ga0207829_100067_161	gnl|TC-DB|Q55487|4.D.2.1.9	30.1	309	215	1	11	318	3	311	3.3e-45	178.7
3300026980.a:Ga0207829_100020_2	gnl|TC-DB|Q93N33|2.A.21.9.2	23.5	395	278	10	1024	1409	762	1141	2.2e-21	101.7
3300026980.a:Ga0207829_100020_12	gnl|TC-DB|P0ABC9|2.A.15.1.4	25.5	486	342	11	21	498	24	497	1.6e-43	173.7
3300026980.a:Ga0207829_100020_15	gnl|TC-DB|Q5TLL2|3.A.1.111.4	23.9	561	414	7	11	564	134	688	2.8e-23	106.7
3300026980.a:Ga0207829_100020_29	gnl|TC-DB|Q45780|1.B.14.6.1	25.7	335	213	13	19	337	31	345	1.0e-12	72.4
3300026980.a:Ga0207829_100020_41	gnl|TC-DB|Q8F8H7|2.A.53.3.8	42.1	449	248	6	59	499	73	517	1.2e-89	327.0
3300026980.a:Ga0207829_100020_80	gnl|TC-DB|Q9I4H4|4.D.3.1.11	32.7	260	171	3	38	294	42	300	1.3e-40	163.3
3300026980.a:Ga0207829_100020_81	gnl|TC-DB|Q9I4H4|4.D.3.1.11	35.6	261	162	5	525	781	42	300	1.1e-38	158.3
3300026980.a:Ga0207829_100020_86	gnl|TC-DB|Q65NC0|2.A.47.1.13	48.7	483	244	2	8	487	59	540	6.3e-133	470.7
3300026980.a:Ga0207829_100020_88	gnl|TC-DB|F4LXP4|8.A.59.2.1	32.6	184	107	5	276	445	288	468	1.9e-17	87.0
3300026980.a:Ga0207829_100020_101	gnl|TC-DB|B7L5V2|1.A.34.1.3	40.7	86	50	1	174	259	123	207	1.5e-11	67.0
3300026980.a:Ga0207829_100020_113	gnl|TC-DB|I3YT95|1.B.14.6.14	29.2	837	541	18	10	817	9	822	4.8e-93	339.0
3300026980.a:Ga0207829_100020_125	gnl|TC-DB|O84072|3.A.1.15.12	33.3	132	82	2	7	133	312	442	1.5e-12	69.7
3300026980.a:Ga0207829_100020_126	gnl|TC-DB|P96116|3.A.1.15.8	40.9	276	161	1	27	302	33	306	2.4e-58	222.2
3300026980.a:Ga0207829_100020_127	gnl|TC-DB|P96117|3.A.1.15.8	54.3	234	107	0	10	243	11	244	2.1e-74	275.4
3300026980.a:Ga0207829_100020_128	gnl|TC-DB|P96118|3.A.1.15.8	38.3	282	174	0	10	291	8	289	8.2e-52	201.1
3300026980.a:Ga0207829_100020_129	gnl|TC-DB|Q9RNI8|3.A.1.15.6	37.4	281	151	6	4	283	14	270	1.8e-37	152.9
3300026980.a:Ga0207829_100020_137	gnl|TC-DB|P0A754|2.A.37.1.1	40.3	176	97	2	4	176	2	172	4.0e-35	144.4
3300026980.a:Ga0207829_100020_138	gnl|TC-DB|P03819|2.A.37.1.1	39.6	618	350	5	5	620	6	602	1.3e-119	426.8
3300026980.a:Ga0207829_100020_142	gnl|TC-DB|Q58119|2.A.66.1.26	26.2	435	304	9	23	448	12	438	3.6e-29	125.9
3300026980.a:Ga0207829_100020_146	gnl|TC-DB|Q9UA35|2.A.41.2.5	41.6	438	207	9	9	427	201	608	9.5e-77	283.9
3300026980.a:Ga0207829_100020_168	gnl|TC-DB|Q5EGM5|9.A.25.1.1	31.7	199	99	7	190	367	270	452	1.7e-16	83.6
3300026980.a:Ga0207829_100020_175	gnl|TC-DB|E3HXW8|2.A.4.4.7	32.4	185	124	1	57	241	18	201	6.7e-19	90.9
3300026980.a:Ga0207829_100020_186	gnl|TC-DB|P0AFZ7|2.A.38.1.1	37.8	487	289	7	2	479	1	482	3.4e-83	305.4
3300026980.a:Ga0207829_100020_190	gnl|TC-DB|Q553K4|2.A.55.2.10	25.9	421	287	9	4	411	147	555	1.7e-30	130.2
3300026980.a:Ga0207829_100020_194	gnl|TC-DB|P0A742|1.A.22.1.1	52.5	141	58	2	1	141	1	132	4.8e-33	137.1
3300026980.a:Ga0207829_100020_200	gnl|TC-DB|P39843|2.A.1.2.8	30.8	237	153	5	1	228	28	262	6.6e-18	88.2
3300026980.a:Ga0207829_100020_202	gnl|TC-DB|P37340|2.A.66.1.3	30.8	435	290	5	13	439	14	445	1.9e-59	226.5
3300026980.a:Ga0207829_100020_212	gnl|TC-DB|Q6MNF2|2.A.102.4.11	46.0	263	135	3	6	267	3	259	7.9e-53	203.8
3300026980.a:Ga0207829_100020_218	gnl|TC-DB|Q5XPH7|9.A.8.1.4	37.2	712	404	9	11	709	2	683	3.7e-126	448.7
3300026980.a:Ga0207829_100020_227	gnl|TC-DB|H6L5X3|1.B.14.6.12	38.1	793	458	15	10	795	9	775	1.0e-148	523.9
3300026980.a:Ga0207829_100020_228	gnl|TC-DB|F8CM01|1.A.13.4.1	33.6	265	167	5	56	314	82	343	6.5e-38	154.5
3300026980.a:Ga0207829_100020_236	gnl|TC-DB|B2FPS5|2.A.88.8.5	49.0	249	122	4	12	259	17	261	1.5e-56	216.1
3300026980.a:Ga0207829_100020_237	gnl|TC-DB|P38919|3.A.18.1.1	39.4	376	222	5	7	380	40	411	5.4e-75	278.5
3300026980.a:Ga0207829_100020_254	gnl|TC-DB|Q8VRK4|3.A.11.1.3	33.4	356	209	8	13	368	4	331	7.1e-36	147.9
3300026980.a:Ga0207829_100020_257	gnl|TC-DB|O00571|1.I.1.1.3	37.3	405	220	11	3	381	200	596	2.0e-61	233.0
3300026980.a:Ga0207829_100020_270	gnl|TC-DB|Q54066|4.D.1.1.2	24.8	427	252	11	1	425	3	362	2.7e-19	93.2
3300026980.a:Ga0207829_100020_297	gnl|TC-DB|O59179|8.A.21.2.1	27.0	407	259	10	54	445	48	431	7.1e-22	101.7
3300026980.a:Ga0207829_100020_302	gnl|TC-DB|O31711|3.A.1.122.2	57.4	216	92	0	4	219	1	216	1.7e-70	262.3
3300026980.a:Ga0207829_100020_306	gnl|TC-DB|Q93N33|2.A.21.9.2	24.3	395	251	11	555	929	774	1140	4.0e-19	93.6
3300026980.a:Ga0207829_100020_311	gnl|TC-DB|P96710|2.A.1.1.55	36.7	444	275	3	2	440	18	460	2.5e-72	269.2
3300026980.a:Ga0207829_100020_320	gnl|TC-DB|P69451|4.C.1.1.4	54.8	547	247	0	6	552	5	551	1.2e-180	629.4
3300026980.a:Ga0207829_100020_333	gnl|TC-DB|Q7V7U0|2.A.7.28.11	33.3	282	173	3	5	275	18	295	5.4e-33	137.9
3300026980.a:Ga0207829_100020_335	gnl|TC-DB|P75957|3.A.1.125.1	49.0	198	101	0	16	213	24	221	7.5e-54	206.8
3300026980.a:Ga0207829_100020_337	gnl|TC-DB|C6VV84|1.B.14.17.1	32.9	904	422	13	37	771	34	921	4.4e-141	498.4
3300026980.a:Ga0207829_100020_342	gnl|TC-DB|Q4FQK9|1.A.16.4.2	43.6	280	155	1	10	289	51	327	1.0e-58	223.4
3300026980.a:Ga0207829_100020_347	gnl|TC-DB|A6P7H3|2.A.6.2.30	31.5	1119	658	19	13	1121	2	1021	1.1e-132	471.1
3300026980.a:Ga0207829_100020_348	gnl|TC-DB|A6P7H2|2.A.6.2.30	24.8	206	154	1	86	291	71	275	4.1e-15	79.0
3300026980.a:Ga0207829_100020_349	gnl|TC-DB|Q54452|3.A.1.110.7	22.1	340	258	5	116	451	95	431	6.6e-12	68.6
3300026980.a:Ga0207829_100020_359	gnl|TC-DB|M7XZL8|1.B.6.1.19	59.3	216	88	0	1	216	1	216	1.1e-76	282.7
3300026980.a:Ga0207829_100052_2	gnl|TC-DB|O06932|2.A.70.1.1	56.0	248	108	1	2	248	3	250	3.3e-69	258.1
3300026980.a:Ga0207829_100052_3	gnl|TC-DB|O06931|2.A.70.1.1	43.9	114	64	0	1	114	1	114	3.1e-20	94.4
3300026980.a:Ga0207829_100052_4	gnl|TC-DB|P31552|4.C.1.1.6	26.4	497	317	14	24	488	38	517	1.5e-38	157.1
3300026980.a:Ga0207829_100052_9	gnl|TC-DB|P72121|1.B.14.4.1	23.8	652	438	22	134	751	97	723	2.3e-33	140.6
3300026980.a:Ga0207829_100052_32	gnl|TC-DB|A6DJZ4|9.B.145.1.2	34.0	188	124	0	31	218	318	505	1.3e-18	90.9
3300026980.a:Ga0207829_100052_34	gnl|TC-DB|A4PCH7|3.A.1.27.1	31.8	233	152	2	19	250	75	301	3.9e-28	121.7
3300026980.a:Ga0207829_100052_35	gnl|TC-DB|Q9AT00|3.A.1.27.2	38.1	257	140	5	2	242	81	334	1.4e-40	162.9
3300026980.a:Ga0207829_100052_42	gnl|TC-DB|Q5EAK4|2.A.16.2.2	28.3	336	208	9	28	338	1383	1710	7.9e-23	105.5
3300026980.a:Ga0207829_100052_51	gnl|TC-DB|E4TUI7|1.B.25.1.15	27.4	438	286	11	38	471	28	437	1.9e-38	156.8
3300026980.a:Ga0207829_100052_52	gnl|TC-DB|C6Y2I5|9.B.102.1.19	46.2	182	96	2	4	184	3	183	1.3e-41	166.0
3300026980.a:Ga0207829_100052_53	gnl|TC-DB|K4IG61|9.B.102.5.6	51.1	137	66	1	29	164	1	137	2.7e-35	144.8
3300026980.a:Ga0207829_100052_57	gnl|TC-DB|Q9KN48|3.A.23.1.1	34.4	363	206	4	123	453	156	518	3.3e-51	199.1
3300026980.a:Ga0207829_100052_58	gnl|TC-DB|Q9HWH5|2.A.6.2.32	21.9	301	195	6	121	414	84	351	5.2e-11	65.5
3300026980.a:Ga0207829_100052_60	gnl|TC-DB|Q8RKC1|3.A.1.122.3	46.8	222	117	1	4	224	1	222	9.5e-55	209.9
3300026980.a:Ga0207829_100052_70	gnl|TC-DB|Q8RKC1|3.A.1.122.3	42.7	225	128	1	1	224	1	225	1.7e-48	189.1
3300026980.a:Ga0207829_100052_72	gnl|TC-DB|P31437|2.A.7.3.12	37.8	296	182	2	34	329	7	300	2.6e-50	195.7
3300026980.a:Ga0207829_100052_74	gnl|TC-DB|A4VGV1|1.C.113.1.3	35.9	198	123	4	33	228	5	200	7.6e-28	120.6
3300026980.a:Ga0207829_100052_75	gnl|TC-DB|A0LFK9|9.B.102.4.1	25.9	247	168	9	34	273	405	643	1.3e-13	73.6
3300026980.a:Ga0207829_100052_114	gnl|TC-DB|P0C0S1|1.A.23.2.1	31.9	251	171	0	14	264	26	276	1.1e-38	156.8
3300026980.a:Ga0207829_100052_117	gnl|TC-DB|O52733|2.A.1.1.41	41.8	158	89	1	16	173	14	168	3.7e-30	127.9
3300026980.a:Ga0207829_100052_118	gnl|TC-DB|P96710|2.A.1.1.55	32.2	339	167	4	1	339	189	464	5.5e-43	171.4
3300026980.a:Ga0207829_100052_127	gnl|TC-DB|B3ERI9|1.B.14.15.3	30.5	609	399	8	68	657	28	631	5.2e-82	302.0
3300026980.a:Ga0207829_100052_129	gnl|TC-DB|O31712|3.A.1.122.2	32.1	414	264	8	1	414	1	397	4.3e-42	168.7
3300026980.a:Ga0207829_100052_132	gnl|TC-DB|B0S9U4|2.A.21.8.3	43.1	455	225	5	6	458	8	430	1.3e-95	346.7
3300026980.a:Ga0207829_100052_133	gnl|TC-DB|Q83XH1|3.A.1.121.4	58.5	533	221	0	1	533	1	533	2.6e-188	654.8
3300026980.a:Ga0207829_100052_147	gnl|TC-DB|Q93TH9|1.B.14.6.2	26.8	963	595	31	3	879	10	948	1.3e-57	221.5
3300026980.a:Ga0207829_100052_161	gnl|TC-DB|G3XD29|2.A.36.6.8	49.9	415	196	6	3	409	1	411	9.3e-93	337.0
3300026980.a:Ga0207829_100052_174	gnl|TC-DB|P75957|3.A.1.125.1	42.7	220	124	2	8	226	5	223	1.8e-45	179.1
3300026980.a:Ga0207829_100052_180	gnl|TC-DB|Q9ZKE4|3.A.11.3.1	34.0	514	307	9	290	799	101	586	1.1e-73	274.6
3300026980.a:Ga0207829_100052_190	gnl|TC-DB|Q93TH9|1.B.14.6.2	28.1	1140	672	33	6	1026	13	1123	7.3e-107	385.2
3300026980.a:Ga0207829_100052_191	gnl|TC-DB|B3ECG6|3.A.10.1.6	51.9	728	309	8	1	721	1	694	4.0e-171	598.2
3300026980.a:Ga0207829_100005_20	gnl|TC-DB|P0C188|3.D.2.2.1	46.2	463	236	3	9	464	4	460	3.5e-104	375.2
3300026980.a:Ga0207829_100005_21	gnl|TC-DB|Q72GR9|3.D.2.2.2	48.3	87	43	1	15	101	9	93	7.1e-18	86.3
3300026980.a:Ga0207829_100005_22	gnl|TC-DB|P0C186|3.D.2.2.1	47.1	374	187	5	1	363	1	374	5.6e-81	297.7
3300026980.a:Ga0207829_100005_28	gnl|TC-DB|Q1M7Q1|3.A.1.11.6	43.2	234	125	3	3	233	5	233	1.2e-44	176.8
3300026980.a:Ga0207829_100005_31	gnl|TC-DB|L1NJ33|9.B.144.1.4	31.8	827	516	17	7	795	5	821	8.5e-111	397.9
3300026980.a:Ga0207829_100005_32	gnl|TC-DB|P0AGD7|3.A.5.1.1	49.7	447	218	5	1	442	1	445	1.1e-115	413.3
3300026980.a:Ga0207829_100005_39	gnl|TC-DB|B3XQE5|9.B.33.1.2	26.0	208	140	6	140	335	366	571	4.5e-13	72.0
3300026980.a:Ga0207829_100005_52	gnl|TC-DB|Q45780|1.B.14.6.1	26.1	1144	655	27	25	1103	20	1038	2.6e-86	317.0
3300026980.a:Ga0207829_100005_53	gnl|TC-DB|G0IYY9|8.A.46.1.6	24.2	624	368	21	5	577	3	572	5.9e-21	99.0
3300026980.a:Ga0207829_100005_57	gnl|TC-DB|Q9NTM9|9.B.158.1.1	44.1	229	128	0	4	232	27	255	5.5e-53	204.1
3300026980.a:Ga0207829_100005_66	gnl|TC-DB|P55341|3.A.1.143.1	45.1	237	122	2	3	238	2	231	8.7e-43	170.2
3300026980.a:Ga0207829_100005_82	gnl|TC-DB|Q1CVG1|2.A.9.3.4	25.0	344	204	11	247	563	269	585	1.6e-21	100.9
3300026980.a:Ga0207829_100005_90	gnl|TC-DB|P0A9R7|3.A.1.140.1	42.6	223	126	2	8	229	1	222	1.3e-46	183.0
3300026980.a:Ga0207829_100005_96	gnl|TC-DB|Q07609|2.A.1.60.1	30.6	366	244	3	10	371	35	394	2.9e-40	162.5
3300026980.a:Ga0207829_100005_108	gnl|TC-DB|Q93N33|2.A.21.9.2	27.6	416	272	14	1130	1534	741	1138	6.4e-22	103.6
3300026980.a:Ga0207829_100005_110	gnl|TC-DB|L7WBF8|1.B.44.2.3	31.5	178	117	2	22	194	30	207	8.7e-25	110.2
3300026980.a:Ga0207829_100005_116	gnl|TC-DB|E4TL47|2.A.89.1.3	58.1	234	98	0	3	236	5	238	1.7e-70	262.3
3300026980.a:Ga0207829_100005_124	gnl|TC-DB|P0ABK2|3.D.4.3.2	37.9	369	215	5	1	355	2	370	1.3e-66	250.0
3300026980.a:Ga0207829_100005_125	gnl|TC-DB|P0ABJ9|3.D.4.3.2	32.2	518	279	5	4	454	3	515	6.7e-76	281.2
3300026980.a:Ga0207829_100005_134	gnl|TC-DB|K1LZ89|1.B.6.1.14	61.6	640	244	1	1	640	1	638	1.5e-235	812.0
3300026980.a:Ga0207829_100005_135	gnl|TC-DB|Q45780|1.B.14.6.1	29.0	830	477	24	1	772	20	795	8.7e-81	298.5
3300026980.a:Ga0207829_100005_136	gnl|TC-DB|G8TGS7|8.A.46.3.3	28.5	445	279	14	8	437	17	437	2.5e-30	129.8
3300026980.a:Ga0207829_100005_144	gnl|TC-DB|P31474|2.A.1.3.51	47.3	452	230	3	14	462	12	458	1.8e-105	379.4
3300026980.a:Ga0207829_100005_162	gnl|TC-DB|Q8ID54|3.A.25.2.1	38.4	211	124	3	20	226	106	314	4.2e-33	138.7
3300026980.a:Ga0207829_100005_188	gnl|TC-DB|P11024|3.D.2.3.1	32.1	346	197	10	1	317	57	393	2.3e-34	142.9
3300026980.a:Ga0207829_100005_193	gnl|TC-DB|Q9KN48|3.A.23.1.1	42.5	226	130	0	169	394	193	418	3.1e-48	189.1
3300026980.a:Ga0207829_100005_206	gnl|TC-DB|O58089|9.B.149.1.9	31.1	244	134	7	3	239	85	301	4.0e-23	105.5
3300026980.a:Ga0207829_100005_213	gnl|TC-DB|A0L4L0|3.A.1.132.3	35.0	349	203	7	5	348	4	333	6.1e-48	188.0
3300026980.a:Ga0207829_100005_220	gnl|TC-DB|Q8EEC4|2.A.2.6.3	45.4	502	200	7	8	439	29	526	9.7e-109	390.2
3300026980.a:Ga0207829_100005_226	gnl|TC-DB|Q05839|8.A.9.1.1	29.1	505	285	16	31	479	109	596	8.6e-48	188.0
3300026980.a:Ga0207829_100005_227	gnl|TC-DB|R6S968|9.B.146.1.4	30.4	319	200	7	2	301	6	321	1.5e-33	140.2
3300026980.a:Ga0207829_100005_229	gnl|TC-DB|H8E4X1|9.B.18.1.2	42.5	186	93	1	6	177	328	513	8.4e-34	140.2
3300026980.a:Ga0207829_100005_230	gnl|TC-DB|Q6MMD5|9.B.18.2.1	40.8	561	310	8	68	622	79	623	2.6e-102	369.4
3300026980.a:Ga0207829_100005_234	gnl|TC-DB|Q83XH1|3.A.1.121.4	33.1	525	347	3	1	524	1	522	8.3e-85	311.2
3300026980.a:Ga0207829_100005_248	gnl|TC-DB|Q93TH9|1.B.14.6.2	30.1	1125	646	35	1	1020	12	1101	1.3e-111	401.0
3300026980.a:Ga0207829_100005_249	gnl|TC-DB|Q8A0N7|8.A.46.2.2	26.5	431	249	11	115	507	133	533	3.8e-32	136.0
3300026980.a:Ga0207829_100005_257	gnl|TC-DB|Q8EEC4|2.A.2.6.3	35.6	486	282	9	3	462	26	506	2.4e-76	282.7
3300026980.a:Ga0207829_100005_292	gnl|TC-DB|P63144|8.A.5.1.3	35.7	311	190	7	16	320	65	371	4.3e-48	188.3
3300026980.a:Ga0207829_100005_293	gnl|TC-DB|C9NXL0|2.A.118.1.4	28.5	446	302	8	5	439	18	457	5.5e-51	198.4
3300026980.a:Ga0207829_100005_316	gnl|TC-DB|Q9HV74|2.A.21.9.1	25.2	305	201	9	315	614	693	975	1.2e-11	68.2
3300026980.a:Ga0207829_100005_328	gnl|TC-DB|A8LPG6|2.A.58.2.4	31.2	504	323	10	1	482	37	538	3.3e-50	196.1
3300026980.a:Ga0207829_100005_330	gnl|TC-DB|P39285|1.A.23.1.3	36.8	258	162	1	38	295	829	1085	7.5e-36	147.5
3300026980.a:Ga0207829_100005_353	gnl|TC-DB|P0AEA2|1.B.48.1.1	41.0	271	153	3	13	281	4	269	1.2e-53	207.2
3300026980.a:Ga0207829_100005_363	gnl|TC-DB|C6Y1W8|1.B.9.4.7	28.0	521	325	15	7	501	8	504	2.0e-49	193.4
3300026980.a:Ga0207829_100005_377	gnl|TC-DB|A8HWD0|4.D.3.1.10	37.4	281	126	7	53	323	104	344	1.5e-41	167.2
3300026980.a:Ga0207829_100005_401	gnl|TC-DB|G0IYY9|8.A.46.1.6	25.8	609	364	21	1	558	1	572	2.5e-32	136.7
3300026980.a:Ga0207829_100005_402	gnl|TC-DB|Q45780|1.B.14.6.1	28.9	1099	605	31	5	1007	20	1038	1.2e-98	357.8
3300026980.a:Ga0207829_100005_417	gnl|TC-DB|Q81JL2|9.B.33.1.1	31.2	202	125	1	166	353	373	574	2.0e-24	109.8
3300026980.a:Ga0207829_100005_421	gnl|TC-DB|Q0HZ17|1.B.14.3.7	21.0	715	476	20	102	754	32	719	2.6e-24	110.5
3300026980.a:Ga0207829_100005_429	gnl|TC-DB|Q1DDM3|2.A.6.1.8	34.2	365	232	4	40	403	22	379	2.5e-53	206.5
3300026980.a:Ga0207829_100005_431	gnl|TC-DB|Q1DDM4|2.A.6.1.8	36.2	1261	555	26	19	1266	24	1047	1.4e-195	680.2
3300026980.a:Ga0207829_100005_445	gnl|TC-DB|C5L569|9.B.106.3.3	44.1	93	50	1	75	165	349	441	9.0e-14	75.5
3300026980.a:Ga0207829_100005_446	gnl|TC-DB|P0C2E9|1.C.12.1.1	27.7	481	325	11	8	482	6	469	6.3e-43	171.8
3300026980.a:Ga0207829_100005_463	gnl|TC-DB|C0KTK1|3.E.1.6.8	51.3	228	110	1	14	241	15	241	1.1e-61	233.0
3300026980.a:Ga0207829_100005_467	gnl|TC-DB|D2QPR7|9.B.168.1.3	42.5	285	144	6	26	294	38	318	1.3e-56	216.5
3300026980.a:Ga0207829_100005_476	gnl|TC-DB|Q45121|1.A.26.1.1	38.7	310	189	1	144	453	1	309	1.3e-55	213.8
3300026980.a:Ga0207829_100005_486	gnl|TC-DB|O32095|2.A.86.1.8	25.2	353	233	9	1	342	11	343	6.9e-20	94.7
3300026980.a:Ga0207829_100005_491	gnl|TC-DB|P76460|2.A.73.1.1	34.8	440	252	8	11	432	18	440	1.8e-59	226.5
3300026980.a:Ga0207829_100005_497	gnl|TC-DB|O32095|2.A.86.1.8	26.8	343	216	11	17	336	16	346	5.1e-18	88.6
3300026980.a:Ga0207829_100005_509	gnl|TC-DB|P11943|3.D.1.6.2	48.6	72	34	2	2	73	59	127	8.3e-11	62.4
3300026980.a:Ga0207829_100005_513	gnl|TC-DB|Q81JL2|9.B.33.1.1	33.3	183	106	2	142	308	364	546	5.5e-19	91.7
3300026980.a:Ga0207829_100005_524	gnl|TC-DB|P80874|8.A.5.1.4	37.2	188	114	2	8	193	34	219	2.6e-27	119.0
3300026980.a:Ga0207829_100005_537	gnl|TC-DB|B0RRI5|2.A.66.2.23	20.4	417	325	1	12	428	38	447	3.7e-18	89.4
3300026980.a:Ga0207829_100005_542	gnl|TC-DB|Q6MMD5|9.B.18.2.1	36.3	284	163	6	3	269	290	572	1.4e-38	156.8
3300026980.a:Ga0207829_100005_547	gnl|TC-DB|L0G408|1.B.73.1.5	31.9	533	333	9	27	544	28	545	4.6e-74	275.4
3300026980.a:Ga0207829_100005_578	gnl|TC-DB|Q7A3E6|3.A.3.5.19	44.3	738	383	8	17	746	78	795	1.1e-160	563.5
3300026980.a:Ga0207829_100005_584	gnl|TC-DB|P96169|2.A.21.3.2	51.2	547	201	7	6	500	11	543	4.3e-145	511.1
3300026980.a:Ga0207829_100005_603	gnl|TC-DB|D9SZH8|2.A.7.3.49	28.8	306	186	8	131	422	460	747	2.9e-17	86.7
3300026980.a:Ga0207829_100005_612	gnl|TC-DB|Q9Y289|2.A.21.5.7	30.9	301	196	4	4	297	27	322	1.8e-27	120.6
3300026980.a:Ga0207829_100005_621	gnl|TC-DB|Q8F192|1.A.30.2.9	34.3	216	140	2	5	219	41	255	8.3e-19	90.5
3300026980.a:Ga0207829_100005_641	gnl|TC-DB|P08956|3.A.17.1.1	29.0	659	353	23	5	571	239	874	3.1e-44	176.8
3300026980.a:Ga0207829_100005_673	gnl|TC-DB|F4K2G0|3.D.1.8.1	42.2	147	70	6	18	152	103	246	2.5e-19	91.7
3300026980.a:Ga0207829_100005_675	gnl|TC-DB|Q5KYD1|2.A.17.1.7	42.4	450	229	9	15	459	19	443	1.6e-94	343.2
3300026980.a:Ga0207829_100005_688	gnl|TC-DB|K1GHE1|9.B.186.1.2	39.0	123	68	3	423	539	87	208	3.1e-16	83.2
3300026980.a:Ga0207829_100005_691	gnl|TC-DB|W0WFC6|2.A.25.1.9	40.6	446	253	4	5	445	8	446	2.1e-82	302.8
3300026980.a:Ga0207829_100005_709	gnl|TC-DB|Q12908|2.A.28.1.2	26.4	242	166	4	21	259	37	269	5.8e-12	68.2
3300026980.a:Ga0207829_100005_718	gnl|TC-DB|P38919|3.A.18.1.1	35.2	352	228	0	48	399	30	381	1.8e-53	206.5
3300026980.a:Ga0207829_100005_722	gnl|TC-DB|Q8ZRG8|2.A.6.2.25	23.4	321	223	6	36	334	49	368	4.7e-16	82.0
3300026980.a:Ga0207829_100005_723	gnl|TC-DB|P52002|2.A.6.2.6	38.5	1066	626	13	1	1056	1	1046	2.5e-198	689.1
3300026980.a:Ga0207829_100005_724	gnl|TC-DB|Q93PU3|2.A.6.2.11	26.7	439	306	5	45	480	43	468	2.7e-40	162.9
3300026980.a:Ga0207829_100137_15	gnl|TC-DB|Q9SXJ7|3.A.9.1.2	48.0	844	403	7	1	835	114	930	1.1e-222	769.6
3300026980.a:Ga0207829_100137_24	gnl|TC-DB|B0K2P2|3.A.1.128.2	56.4	236	101	1	1	236	4	237	4.7e-73	270.8
3300026980.a:Ga0207829_100137_27	gnl|TC-DB|B4S4L6|9.B.28.2.3	36.1	183	116	1	14	196	35	216	5.0e-26	114.4
3300026980.a:Ga0207829_100137_34	gnl|TC-DB|Q7WMZ5|5.A.3.10.1	29.0	183	72	4	833	1015	110	234	1.1e-14	79.0
3300026980.a:Ga0207829_100137_39	gnl|TC-DB|Q5SLI2|3.D.4.4.3	26.6	229	121	6	87	315	47	228	9.7e-16	80.9
3300026980.a:Ga0207829_100137_40	gnl|TC-DB|P33517|3.D.4.6.2	40.3	551	291	6	24	556	16	546	1.6e-109	393.3
3300026980.a:Ga0207829_100137_44	gnl|TC-DB|Q3J5F6|3.D.4.6.2	28.7	230	104	10	36	257	86	263	5.0e-12	68.2
3300026980.a:Ga0207829_100137_55	gnl|TC-DB|Q8F192|1.A.30.2.9	32.8	180	120	1	56	234	76	255	4.5e-18	88.2
3300026980.a:Ga0207829_100137_59	gnl|TC-DB|A9WGR7|2.A.1.24.3	36.9	426	261	5	7	427	9	431	2.0e-69	259.6
3300026980.a:Ga0207829_100137_61	gnl|TC-DB|Q9F632|2.A.1.2.84	36.5	384	240	2	4	385	10	391	4.5e-65	245.0
3300026980.a:Ga0207829_100137_68	gnl|TC-DB|D5SYR5|2.A.1.77.2	26.2	416	232	10	4	347	11	423	3.6e-28	122.5
3300026980.a:Ga0207829_100137_74	gnl|TC-DB|P47154|9.B.1.1.3	35.5	431	249	8	7	409	16	445	3.8e-59	225.3
3300026980.a:Ga0207829_100137_79	gnl|TC-DB|Q9V0A4|3.B.1.1.5	60.8	518	197	2	16	527	5	522	4.6e-174	607.4
3300026980.a:Ga0207829_100356_4	gnl|TC-DB|Q45780|1.B.14.6.1	35.9	259	149	5	2	252	22	271	4.6e-32	136.7
3300026980.a:Ga0207829_100356_5	gnl|TC-DB|G8TGS7|8.A.46.3.3	24.1	449	264	18	6	403	8	430	8.7e-12	68.2
3300026980.a:Ga0207829_100356_14	gnl|TC-DB|Q5EPB6|3.A.7.11.1	24.4	434	272	12	400	815	458	853	1.5e-22	104.8
3300026980.a:Ga0207829_100070_19	gnl|TC-DB|Q7URM2|2.A.7.30.1	41.2	294	164	4	6	297	9	295	6.6e-56	214.2
3300026980.a:Ga0207829_100070_20	gnl|TC-DB|B8CYZ1|1.B.42.1.13	24.9	358	253	8	2	351	8	357	3.3e-22	102.4
3300026980.a:Ga0207829_100070_30	gnl|TC-DB|Q6MK65|9.B.150.1.4	31.8	176	102	4	6	163	31	206	3.3e-18	88.2
3300026980.a:Ga0207829_100070_32	gnl|TC-DB|Q56589|3.D.5.1.1	55.8	199	82	1	5	203	6	198	8.6e-52	199.9
3300026980.a:Ga0207829_100070_33	gnl|TC-DB|Q57095|3.D.5.1.1	51.5	196	91	2	24	219	8	199	2.9e-48	188.3
3300026980.a:Ga0207829_100070_34	gnl|TC-DB|Q56582|3.D.5.1.1	30.2	232	142	6	15	236	18	239	6.8e-22	100.9
3300026980.a:Ga0207829_100070_35	gnl|TC-DB|Q56587|3.D.5.1.1	44.7	425	189	8	3	396	2	411	7.7e-89	323.9
3300026980.a:Ga0207829_100070_36	gnl|TC-DB|Q56586|3.D.5.1.1	35.7	448	276	7	5	447	2	442	2.9e-76	282.3
3300026980.a:Ga0207829_100070_44	gnl|TC-DB|J8ABC0|3.A.1.105.9	35.6	219	138	1	1	216	1	219	2.3e-37	152.5
3300026980.a:Ga0207829_100070_52	gnl|TC-DB|P13794|1.B.6.1.2	30.1	239	106	6	192	428	167	346	1.5e-18	90.5
3300026980.a:Ga0207829_100070_53	gnl|TC-DB|P13794|1.B.6.1.2	31.0	184	87	5	244	425	196	341	1.9e-16	83.6
3300026980.a:Ga0207829_100070_55	gnl|TC-DB|Q0ZAI3|2.A.19.5.2	38.3	311	189	2	5	312	6	316	4.6e-44	174.9
3300026980.a:Ga0207829_100070_104	gnl|TC-DB|D6XYZ9|2.A.102.6.2	30.9	236	151	5	9	240	7	234	1.6e-21	99.8
3300026980.a:Ga0207829_100070_105	gnl|TC-DB|Q0ZAI3|2.A.19.5.2	36.6	320	184	6	1	309	1	312	2.3e-43	172.6
3300026980.a:Ga0207829_100070_114	gnl|TC-DB|Q9SXJ7|3.A.9.1.2	46.8	873	390	17	3	862	115	926	2.9e-205	711.8
3300026980.a:Ga0207829_100070_129	gnl|TC-DB|G2PKA2|8.A.46.2.4	37.7	575	319	13	1	546	4	568	6.0e-100	361.3
3300026980.a:Ga0207829_100070_130	gnl|TC-DB|Q93TH9|1.B.14.6.2	25.4	1123	710	34	1	1036	12	1093	1.0e-79	295.0
3300026980.a:Ga0207829_100070_175	gnl|TC-DB|K1LZ89|1.B.6.1.14	23.2	564	353	22	220	764	116	618	5.1e-15	79.7
3300026980.a:Ga0207829_100070_176	gnl|TC-DB|L7WEB0|9.B.172.1.1	32.8	287	171	6	61	341	24	294	5.6e-38	154.8
3300026980.a:Ga0207829_100211_22	gnl|TC-DB|Q5EGM5|9.A.25.1.1	34.0	265	123	9	141	403	241	455	1.0e-32	137.5
3300026980.a:Ga0207829_100211_25	gnl|TC-DB|Q9MUK5|3.A.9.1.1	30.9	165	111	2	95	257	60	223	8.1e-14	75.1
3300026980.a:Ga0207829_100211_35	gnl|TC-DB|Q93TH9|1.B.14.6.2	39.1	92	56	0	304	395	33	124	2.8e-13	73.6
3300026980.a:Ga0207829_100201_1	gnl|TC-DB|Q1D1G6|2.A.1.57.4	24.5	383	260	7	15	392	12	370	6.2e-20	95.1
3300026980.a:Ga0207829_100109_4	gnl|TC-DB|P77757|4.D.2.1.8	31.9	298	188	6	3	298	9	293	2.1e-36	149.4
3300026980.a:Ga0207829_100109_12	gnl|TC-DB|P10121|3.A.5.1.1	47.6	317	149	4	5	318	194	496	1.5e-74	276.2
3300026980.a:Ga0207829_100109_20	gnl|TC-DB|P0A6Y8|1.A.33.1.2	59.0	647	246	6	1	637	1	638	3.2e-201	698.0
3300026980.a:Ga0207829_100109_27	gnl|TC-DB|Q9WYC4|3.A.1.135.5	36.8	570	358	2	16	584	22	590	5.5e-107	384.8
3300026980.a:Ga0207829_100109_40	gnl|TC-DB|Q7NL23|3.A.1.132.10	33.5	203	132	2	5	207	260	459	6.9e-31	130.6
3300026980.a:Ga0207829_100109_41	gnl|TC-DB|Q7NL23|3.A.1.132.10	33.0	218	126	3	19	225	24	232	4.3e-20	94.7
3300026980.a:Ga0207829_100109_42	gnl|TC-DB|Q21EL4|3.A.1.132.11	45.8	190	103	0	20	209	22	211	4.1e-42	167.9
3300026980.a:Ga0207829_100109_44	gnl|TC-DB|P94400|9.B.10.1.1	52.5	385	176	3	1	382	1	381	1.8e-109	392.5
3300026980.a:Ga0207829_100109_51	gnl|TC-DB|Q2G2M9|3.A.1.106.2	37.0	540	334	4	73	610	43	578	5.7e-91	331.6
3300026980.a:Ga0207829_100109_52	gnl|TC-DB|A6H1F5|1.B.23.4.2	29.6	548	326	15	16	541	166	675	8.8e-54	208.0
3300026980.a:Ga0207829_100109_61	gnl|TC-DB|Q9KDT3|2.A.22.5.3	37.7	456	261	8	10	455	9	451	1.3e-76	283.5
3300026980.a:Ga0207829_100109_63	gnl|TC-DB|I3Z165|1.B.44.2.6	38.9	198	116	4	1	197	1	194	5.3e-38	154.1
3300026980.a:Ga0207829_100109_73	gnl|TC-DB|P0A9T8|3.A.1.122.15	51.8	224	106	1	2	223	5	228	1.6e-59	225.7
3300026980.a:Ga0207829_100109_74	gnl|TC-DB|P77504|3.A.1.122.15	24.2	831	582	18	9	830	2	793	2.9e-45	180.3
3300026980.a:Ga0207829_100109_96	gnl|TC-DB|P75905|4.D.1.1.3	30.2	179	111	5	26	191	75	252	3.7e-13	72.0
3300026980.a:Ga0207829_100109_105	gnl|TC-DB|O35002|9.B.174.1.1	30.0	397	236	9	23	397	19	395	5.0e-46	182.2
3300026980.a:Ga0207829_100109_120	gnl|TC-DB|P76417|2.A.1.10.4	43.4	403	213	7	8	401	6	402	8.3e-86	313.9
3300026980.a:Ga0207829_100109_123	gnl|TC-DB|Q9A7T5|1.B.33.1.4	33.0	182	119	3	3	184	2	180	2.1e-20	95.5
3300026980.a:Ga0207829_100109_127	gnl|TC-DB|O35002|9.B.174.1.1	30.2	305	206	4	51	350	62	364	9.0e-35	144.8
3300026980.a:Ga0207829_100017_7	gnl|TC-DB|Q58026|2.A.3.6.3	30.1	428	282	8	8	428	4	421	3.8e-41	165.6
3300026980.a:Ga0207829_100017_14	gnl|TC-DB|A9WDR9|3.A.1.17.13	27.9	305	211	4	1	301	29	328	2.0e-36	149.4
3300026980.a:Ga0207829_100017_29	gnl|TC-DB|Q0IDE4|1.A.11.2.5	48.4	419	196	7	5	407	73	487	1.1e-95	346.7
3300026980.a:Ga0207829_100017_71	gnl|TC-DB|Q92WM0|2.A.15.1.5	48.3	520	261	2	8	520	53	571	5.4e-138	487.6
3300026980.a:Ga0207829_100017_72	gnl|TC-DB|I1DXN7|1.B.3.1.6	31.5	409	216	16	56	447	68	429	1.5e-45	180.3
3300026980.a:Ga0207829_100017_73	gnl|TC-DB|A0M015|1.A.62.2.1	45.2	197	108	0	1	197	6	202	2.9e-44	174.9
3300026980.a:Ga0207829_100017_78	gnl|TC-DB|Q735G9|9.A.24.1.13	27.6	123	89	0	32	154	29	151	3.3e-11	64.7
3300026980.a:Ga0207829_100017_89	gnl|TC-DB|A5ZGZ4|1.B.14.6.5	40.3	808	453	11	4	800	3	792	3.9e-172	601.7
3300026980.a:Ga0207829_100017_108	gnl|TC-DB|P10408|3.A.5.1.1	39.0	1076	391	17	4	1043	1	847	1.6e-179	626.7
3300026980.a:Ga0207829_100017_112	gnl|TC-DB|D7FD61|1.A.23.2.2	27.8	252	165	7	23	270	27	265	6.2e-24	107.8
3300026980.a:Ga0207829_100017_187	gnl|TC-DB|D8RWR9|1.C.39.4.5	31.1	196	110	3	47	241	462	633	1.8e-15	80.9
3300026980.a:Ga0207829_100017_190	gnl|TC-DB|Q9XIA9|4.C.1.1.14	27.8	589	378	16	31	581	79	658	1.5e-56	217.2
3300026980.a:Ga0207829_100017_232	gnl|TC-DB|B0SC23|1.B.66.1.7	25.2	322	199	10	25	313	65	377	1.3e-23	107.1
3300026980.a:Ga0207829_100017_233	gnl|TC-DB|Q1D0J8|1.A.23.7.2	42.6	263	148	2	37	297	259	520	2.1e-54	209.1
3300026980.a:Ga0207829_100017_237	gnl|TC-DB|Q81JL2|9.B.33.1.1	28.4	208	125	4	133	328	352	547	2.9e-18	89.4
3300026980.a:Ga0207829_100017_243	gnl|TC-DB|Q6MGQ9|2.A.64.1.3	39.0	187	109	2	95	279	70	253	4.1e-28	121.7
3300026980.a:Ga0207829_100017_247	gnl|TC-DB|Q1DE54|2.A.69.4.4	34.3	286	184	3	9	293	10	292	9.2e-34	140.6
3300026980.a:Ga0207829_100017_253	gnl|TC-DB|Q54318|9.A.40.1.1	37.0	227	137	3	198	419	31	256	1.2e-34	144.1
3300026980.a:Ga0207829_100017_261	gnl|TC-DB|Q4QSA9|2.A.111.1.3	54.4	443	185	6	54	494	70	497	9.5e-132	466.8
3300026980.a:Ga0207829_100017_272	gnl|TC-DB|Q8A552|1.B.14.14.1	42.7	715	382	11	104	795	34	743	1.8e-153	539.7
3300026980.a:Ga0207829_100017_281	gnl|TC-DB|Q9WZ31|1.A.35.3.2	47.1	291	154	0	7	297	61	351	1.6e-78	289.3
3300026980.a:Ga0207829_100017_287	gnl|TC-DB|E6X5M3|1.C.105.2.12	25.4	185	133	5	60	240	51	234	4.8e-12	70.1
3300026980.a:Ga0207829_100017_292	gnl|TC-DB|P69451|4.C.1.1.4	23.8	584	355	15	65	609	27	559	1.9e-25	114.0
3300026980.a:Ga0207829_100017_294	gnl|TC-DB|Q93N33|2.A.21.9.2	29.8	1014	543	17	1	873	1	986	1.0e-104	377.9
3300026980.a:Ga0207829_100017_296	gnl|TC-DB|D5AU53|2.A.21.7.4	27.8	521	292	12	6	501	35	496	7.2e-40	161.8
3300026980.a:Ga0207829_100017_308	gnl|TC-DB|D4GYE2|8.A.7.1.4	27.9	427	243	14	368	772	140	523	1.2e-24	111.7
3300026980.a:Ga0207829_100017_316	gnl|TC-DB|Q5SKE6|2.A.6.4.3	35.8	615	346	13	380	985	160	734	2.8e-79	293.5
3300026980.a:Ga0207829_100017_340	gnl|TC-DB|Q5EGM5|9.A.25.1.1	35.3	167	74	4	126	263	272	433	7.0e-16	81.3
3300026980.a:Ga0207829_100017_349	gnl|TC-DB|P0A9V1|1.B.42.1.2	54.6	238	107	1	3	239	4	241	1.3e-73	272.7
3300026980.a:Ga0207829_100017_373	gnl|TC-DB|B2UHN5|2.A.49.9.2	49.4	393	198	1	9	401	16	407	1.5e-108	389.4
3300026980.a:Ga0207829_100017_385	gnl|TC-DB|Q81JL2|9.B.33.1.1	28.0	214	131	5	130	327	340	546	8.6e-15	77.8
3300026980.a:Ga0207829_100017_394	gnl|TC-DB|P0A2L3|9.A.40.1.2	36.6	273	161	5	166	437	19	280	8.5e-44	174.5
3300026980.a:Ga0207829_100017_404	gnl|TC-DB|A8ALD3|2.A.49.5.5	24.3	411	278	7	7	403	35	426	3.4e-21	99.8
3300026980.a:Ga0207829_100017_419	gnl|TC-DB|O87918|2.A.58.1.2	36.7	360	199	7	23	360	22	374	1.4e-44	176.8
3300026980.a:Ga0207829_100087_2	gnl|TC-DB|L7WDA1|1.B.81.1.1	65.5	226	75	1	1	226	6	228	1.4e-87	318.9
3300026980.a:Ga0207829_100087_11	gnl|TC-DB|Q8ZKS0|2.A.56.1.5	48.7	411	210	1	22	431	24	434	3.2e-96	348.6
3300026980.a:Ga0207829_100087_13	gnl|TC-DB|P43020|2.A.56.1.5	38.1	299	181	4	28	324	27	323	3.5e-55	211.8
3300026980.a:Ga0207829_100087_26	gnl|TC-DB|Q9KN48|3.A.23.1.1	36.9	306	186	3	16	314	193	498	5.8e-50	194.9
3300026980.a:Ga0207829_100087_62	gnl|TC-DB|Q8EG39|2.A.8.1.6	41.3	450	253	4	1	440	1	449	4.0e-86	315.1
3300026980.a:Ga0207829_100087_68	gnl|TC-DB|A9BJX0|3.A.3.2.21	42.7	878	449	12	16	848	12	880	8.9e-175	610.5
3300026980.a:Ga0207829_100087_70	gnl|TC-DB|O28661|2.A.3.6.1	26.4	454	287	13	3	422	1	441	1.0e-22	104.4
3300026980.a:Ga0207829_100087_71	gnl|TC-DB|Q1LHU8|2.A.4.7.9	31.7	284	182	6	9	287	47	323	9.7e-33	137.1
3300026980.a:Ga0207829_100087_92	gnl|TC-DB|Q9AAZ6|1.B.14.12.2	24.5	869	550	30	107	900	32	869	1.3e-41	168.3
3300026980.a:Ga0207829_100087_104	gnl|TC-DB|Q9SK66|3.D.1.6.3	26.1	276	156	8	9	253	75	333	4.5e-14	75.1
3300026980.a:Ga0207829_100087_111	gnl|TC-DB|Q45780|1.B.14.6.1	32.2	1048	588	28	48	1022	41	1038	1.5e-128	457.2
3300026980.a:Ga0207829_100087_112	gnl|TC-DB|Q8A1G2|8.A.46.1.1	27.0	440	236	16	163	581	175	550	1.6e-18	90.9
3300026980.a:Ga0207829_100087_122	gnl|TC-DB|Q7A4Q7|2.A.21.2.2	25.4	484	318	16	2	462	15	478	5.1e-26	115.5
3300026980.a:Ga0207829_100087_123	gnl|TC-DB|Q8KAA1|3.D.10.1.5	68.5	248	77	1	1	247	1	248	4.7e-100	360.5
3300026980.a:Ga0207829_100087_124	gnl|TC-DB|Q8F4Z1|3.D.10.1.2	71.2	645	177	3	1	644	1	637	1.2e-277	951.8
3300026980.a:Ga0207829_100087_125	gnl|TC-DB|Q8KA99|3.D.10.1.5	37.0	211	129	3	10	220	28	234	1.3e-27	119.8
3300026980.a:Ga0207829_100087_128	gnl|TC-DB|A9DHE6|2.A.83.2.1	40.4	317	182	4	9	318	11	327	2.5e-53	205.7
3300026980.a:Ga0207829_100087_132	gnl|TC-DB|M4VAL8|8.A.21.2.4	32.7	263	163	4	288	548	23	273	1.2e-29	127.9
3300026980.a:Ga0207829_100087_141	gnl|TC-DB|E4TA89|9.B.168.1.1	32.4	247	153	7	56	300	29	263	3.0e-30	129.0
3300026980.a:Ga0207829_100018_3	gnl|TC-DB|P42658|8.A.51.1.1	28.6	762	481	22	1	723	105	842	1.7e-81	300.4
3300026980.a:Ga0207829_100018_8	gnl|TC-DB|P17315|1.B.14.1.4	24.8	596	323	18	102	637	31	561	3.7e-31	133.3
3300026980.a:Ga0207829_100018_10	gnl|TC-DB|A8GDS6|3.A.1.14.16	43.3	245	138	1	2	245	7	251	7.9e-53	203.8
3300026980.a:Ga0207829_100018_11	gnl|TC-DB|O68878|3.A.1.14.21	47.9	317	161	3	33	347	9	323	4.2e-70	261.5
3300026980.a:Ga0207829_100018_12	gnl|TC-DB|Q32AX9|3.A.1.14.18	30.4	286	179	5	4	274	36	316	4.0e-34	141.7
3300026980.a:Ga0207829_100018_13	gnl|TC-DB|A1B8P0|3.A.2.1.7	67.8	494	132	5	5	498	6	472	9.8e-182	632.9
3300026980.a:Ga0207829_100018_21	gnl|TC-DB|P77757|4.D.2.1.8	34.0	318	196	6	46	356	10	320	3.8e-42	168.7
3300026980.a:Ga0207829_100018_34	gnl|TC-DB|P43672|3.A.1.120.6	35.3	535	339	6	1	531	1	532	7.8e-91	331.3
3300026980.a:Ga0207829_100018_51	gnl|TC-DB|Q46G03|9.B.104.1.2	25.9	255	115	8	6	257	10	193	1.7e-12	69.7
3300026980.a:Ga0207829_100018_68	gnl|TC-DB|Q8A1G2|8.A.46.1.1	28.9	412	227	16	137	496	153	550	1.4e-23	107.5
3300026980.a:Ga0207829_100018_69	gnl|TC-DB|Q45780|1.B.14.6.1	27.5	1081	628	34	8	995	21	1038	2.5e-88	323.6
3300026980.a:Ga0207829_100018_70	gnl|TC-DB|A3UAU5|1.B.14.6.9	27.0	889	533	27	10	864	3	809	1.1e-79	294.7
3300026980.a:Ga0207829_100018_79	gnl|TC-DB|Q9ZK21|1.C.82.1.1	52.5	223	106	0	3	225	4	226	7.3e-63	236.9
3300026980.a:Ga0207829_100018_109	gnl|TC-DB|P0A5Z2|3.A.5.2.2	40.9	447	235	10	1	425	2	441	1.7e-84	309.7
3300026980.a:Ga0207829_100018_124	gnl|TC-DB|C9U574|1.B.13.3.4	33.9	442	285	6	148	587	8	444	1.1e-72	270.8
3300026980.a:Ga0207829_100018_141	gnl|TC-DB|H6L5X3|1.B.14.6.12	35.3	767	470	12	154	913	28	775	1.4e-130	463.8
3300026980.a:Ga0207829_100018_144	gnl|TC-DB|Q57634|1.A.23.4.2	32.0	338	220	6	188	518	13	347	2.2e-33	140.2
3300026980.a:Ga0207829_100018_170	gnl|TC-DB|F4LXP4|8.A.59.2.1	32.5	200	111	6	138	314	270	468	4.6e-18	88.6
3300026980.a:Ga0207829_100018_180	gnl|TC-DB|Q09II0|3.A.1.124.5	31.6	212	142	2	1	212	5	213	4.0e-29	124.8
3300026980.a:Ga0207829_100018_186	gnl|TC-DB|P39695|3.A.11.1.1	28.2	319	212	6	116	432	103	406	4.8e-24	109.4
3300026980.a:Ga0207829_100018_188	gnl|TC-DB|Q5EAK4|2.A.16.2.2	27.4	351	218	13	9	329	1361	1704	1.5e-25	114.4
3300026980.a:Ga0207829_100018_204	gnl|TC-DB|Q93N33|2.A.21.9.2	26.4	265	178	4	92	343	752	1012	4.2e-22	102.1
3300026980.a:Ga0207829_100018_208	gnl|TC-DB|O31712|3.A.1.122.2	26.8	414	272	10	25	430	5	395	9.1e-27	117.9
3300026980.a:Ga0207829_100018_212	gnl|TC-DB|F4LXP4|8.A.59.2.1	26.7	352	196	12	26	346	177	497	2.5e-19	92.8
3300026980.a:Ga0207829_100018_217	gnl|TC-DB|P43672|3.A.1.120.6	36.2	506	307	6	36	536	31	525	4.6e-87	318.5
3300026980.a:Ga0207829_100018_242	gnl|TC-DB|Q6MDD6|3.A.7.16.1	26.6	327	186	13	49	353	343	637	1.3e-13	74.3
3300026980.a:Ga0207829_100018_244	gnl|TC-DB|Q9WYC4|3.A.1.135.5	34.4	558	365	1	22	579	34	590	3.5e-90	328.9
3300026980.a:Ga0207829_100018_247	gnl|TC-DB|Q7WTJ2|5.B.1.3.2	24.9	261	179	6	22	281	109	353	3.1e-15	79.3
3300026980.a:Ga0207829_100018_286	gnl|TC-DB|Q9HV74|2.A.21.9.1	23.2	406	269	11	59	443	588	971	9.2e-14	74.7
3300026980.a:Ga0207829_100018_287	gnl|TC-DB|Q9KN48|3.A.23.1.1	34.6	356	198	7	127	451	167	518	9.7e-51	197.6
3300026980.a:Ga0207829_100018_291	gnl|TC-DB|P25694|3.A.16.1.2	41.9	253	137	5	188	437	203	448	7.3e-50	195.3
3300026980.a:Ga0207829_100018_303	gnl|TC-DB|P27611|2.A.35.1.1	38.2	435	249	5	42	476	37	451	1.3e-77	287.0
3300026980.a:Ga0207829_100018_310	gnl|TC-DB|F0S8W1|1.B.57.4.5	44.9	374	178	4	26	397	22	369	7.1e-90	327.4
3300026980.a:Ga0207829_100018_321	gnl|TC-DB|Q5I6C7|9.A.25.1.1	31.9	2405	1400	58	127	2377	79	2400	0.0e+00	1180.2
3300026980.a:Ga0207829_100018_326	gnl|TC-DB|Q9MUK5|3.A.9.1.1	39.3	150	89	2	70	217	61	210	1.4e-20	97.4
3300026980.a:Ga0207829_100018_334	gnl|TC-DB|B7GU58|2.A.28.2.6	28.6	262	173	5	15	268	44	299	1.6e-22	103.2
3300026980.a:Ga0207829_100018_354	gnl|TC-DB|Q8CX78|2.A.6.3.6	28.0	1057	675	17	1	1014	3	1016	5.5e-99	359.0
3300026980.a:Ga0207829_100018_355	gnl|TC-DB|Q4LDT8|2.A.6.2.35	24.7	539	368	9	12	527	30	553	1.0e-23	109.0
3300026980.a:Ga0207829_100018_372	gnl|TC-DB|O00571|1.I.1.1.3	36.7	373	212	5	6	356	180	550	1.1e-59	227.3
3300026980.a:Ga0207829_100101_10	gnl|TC-DB|P72880|3.A.1.103.5	44.6	258	137	2	17	270	20	275	2.6e-59	225.3
3300026980.a:Ga0207829_100101_11	gnl|TC-DB|P72884|3.A.1.103.5	60.2	259	99	2	2	259	3	258	3.0e-83	305.4
3300026980.a:Ga0207829_100101_21	gnl|TC-DB|P75905|4.D.1.1.3	24.3	210	154	4	4	212	69	274	5.1e-14	75.1
3300026980.a:Ga0207829_100101_22	gnl|TC-DB|Q54066|4.D.1.1.2	34.2	111	71	1	3	111	50	160	3.5e-12	68.9
3300026980.a:Ga0207829_100101_33	gnl|TC-DB|A5FN22|8.A.3.3.4	30.6	792	498	14	7	765	2	774	4.8e-93	339.0
3300026980.a:Ga0207829_100101_37	gnl|TC-DB|L7WGX6|1.B.42.1.8	29.5	912	570	25	67	951	23	888	1.1e-101	367.9
3300026980.a:Ga0207829_100101_39	gnl|TC-DB|Q57079|3.B.1.1.2	35.5	524	297	10	18	531	11	503	5.4e-77	285.0
3300026980.a:Ga0207829_100101_57	gnl|TC-DB|P0A9X1|3.A.1.15.5	27.9	201	121	4	274	474	3	179	6.5e-13	72.0
3300026980.a:Ga0207829_100101_80	gnl|TC-DB|A4PCH7|3.A.1.27.1	30.2	199	139	0	46	244	105	303	1.6e-23	106.3
3300026980.a:Ga0207829_100101_81	gnl|TC-DB|Q0SFA1|3.A.1.27.4	39.6	240	143	1	8	247	5	242	3.4e-42	168.3
3300026980.a:Ga0207829_100101_110	gnl|TC-DB|Q5E733|2.A.21.3.7	31.4	488	309	7	10	490	12	480	1.5e-65	246.9
3300026980.a:Ga0207829_100101_124	gnl|TC-DB|Q74FY6|5.B.3.1.1	43.6	312	167	7	36	342	22	329	4.5e-61	231.5
3300026980.a:Ga0207829_100101_128	gnl|TC-DB|Q1DCQ0|1.B.14.10.2	26.2	408	259	12	109	496	68	453	7.8e-23	105.5
3300026980.a:Ga0207829_100009_14	gnl|TC-DB|Q6MDD6|3.A.7.16.1	27.7	458	248	12	118	554	308	703	7.3e-32	135.2
3300026980.a:Ga0207829_100009_88	gnl|TC-DB|H6L5X3|1.B.14.6.12	34.2	768	487	8	36	801	24	775	5.6e-139	491.5
3300026980.a:Ga0207829_100009_91	gnl|TC-DB|A9BEW3|2.A.115.1.8	38.9	190	116	0	10	199	7	196	8.5e-36	146.7
3300026980.a:Ga0207829_100009_92	gnl|TC-DB|P76242|2.A.1.17.3	30.2	388	259	4	17	398	11	392	1.5e-44	176.8
3300026980.a:Ga0207829_100009_98	gnl|TC-DB|P21458|3.A.12.1.1	42.1	561	284	11	279	819	241	780	4.8e-109	392.1
3300026980.a:Ga0207829_100009_102	gnl|TC-DB|Q11RK4|1.B.44.1.3	34.7	222	116	5	47	266	31	225	1.9e-30	129.4
3300026980.a:Ga0207829_100009_107	gnl|TC-DB|K1LZ89|1.B.6.1.14	30.6	432	265	7	222	642	231	638	5.9e-46	182.2
3300026980.a:Ga0207829_100009_109	gnl|TC-DB|P96797|3.D.7.1.1	33.5	254	154	7	17	263	161	406	4.3e-35	144.8
3300026980.a:Ga0207829_100009_123	gnl|TC-DB|P40309|2.A.37.4.1	27.4	401	277	7	13	403	27	423	6.0e-36	148.3
3300026980.a:Ga0207829_100009_151	gnl|TC-DB|P39344|2.A.8.1.2	44.5	438	242	1	1	437	1	438	1.2e-106	383.3
3300026980.a:Ga0207829_100009_155	gnl|TC-DB|Q9HW27|2.A.6.2.33	37.4	1014	614	8	9	1015	8	1007	5.2e-182	634.8
3300026980.a:Ga0207829_100009_156	gnl|TC-DB|Q9HWH5|2.A.6.2.32	31.5	324	211	5	39	355	32	351	8.4e-34	141.0
3300026980.a:Ga0207829_100009_159	gnl|TC-DB|P38370|1.B.14.6.3	23.9	394	250	13	9	379	13	379	4.1e-15	80.5
3300026980.a:Ga0207829_100009_163	gnl|TC-DB|Q9A7T5|1.B.33.1.4	28.1	196	124	3	1	196	2	180	1.0e-17	86.7
3300026980.a:Ga0207829_100009_194	gnl|TC-DB|Q93LN0|3.A.1.132.1	31.9	568	366	12	4	559	3	561	8.3e-73	271.2
3300026980.a:Ga0207829_100009_195	gnl|TC-DB|Q93LN1|3.A.1.132.1	45.2	239	129	2	1	238	1	238	9.2e-53	203.4
3300026980.a:Ga0207829_100009_196	gnl|TC-DB|O30489|3.A.1.132.1	50.7	304	141	3	1	301	1	298	1.8e-74	275.8
3300026980.a:Ga0207829_100009_202	gnl|TC-DB|A4FP84|2.A.7.3.11	33.6	292	180	7	16	300	10	294	3.4e-20	95.5
3300026980.a:Ga0207829_100009_208	gnl|TC-DB|H6L5X3|1.B.14.6.12	33.9	768	487	10	49	810	23	775	3.6e-125	445.7
3300026980.a:Ga0207829_100009_217	gnl|TC-DB|P0ABG7|2.A.103.1.2	28.4	356	240	6	15	368	17	359	3.6e-30	129.0
3300026980.a:Ga0207829_100009_219	gnl|TC-DB|Q8F4J3|9.B.146.1.3	40.6	401	203	7	5	403	1	368	8.4e-75	277.3
3300026980.a:Ga0207829_100009_239	gnl|TC-DB|D0JBC9|1.A.8.2.9	54.3	243	107	2	1	239	1	243	1.1e-69	259.6
3300026980.a:Ga0207829_100009_241	gnl|TC-DB|D7FD61|1.A.23.2.2	31.4	255	167	4	30	284	22	268	9.9e-28	120.6
3300026980.a:Ga0207829_100009_245	gnl|TC-DB|Q9HV74|2.A.21.9.1	27.6	246	163	8	244	479	734	974	5.1e-18	89.0
3300026980.a:Ga0207829_100009_248	gnl|TC-DB|Q9KN48|3.A.23.1.1	35.0	334	192	4	149	457	195	528	3.1e-49	192.6
3300026980.a:Ga0207829_100009_254	gnl|TC-DB|D6TT54|3.A.1.148.3	43.0	284	157	2	1	282	1	281	2.1e-59	225.7
3300026980.a:Ga0207829_100009_255	gnl|TC-DB|Q1D520|3.A.1.145.1	33.2	1222	761	19	1	1207	1	1182	1.3e-184	643.7
3300026980.a:Ga0207829_100009_273	gnl|TC-DB|A1B8N9|3.A.2.1.7	40.7	297	160	5	1	288	1	290	1.6e-51	199.5
3300026980.a:Ga0207829_100009_274	gnl|TC-DB|A1B8N8|3.A.2.1.7	58.4	515	185	4	4	508	3	498	3.9e-165	577.8
3300026980.a:Ga0207829_100009_275	gnl|TC-DB|Q9RMB3|3.A.2.1.5	25.6	172	125	2	6	176	4	173	6.5e-14	73.9
3300026980.a:Ga0207829_100009_278	gnl|TC-DB|P00854|3.A.2.1.3	26.1	241	157	5	110	336	26	259	1.5e-11	67.0
3300026980.a:Ga0207829_100009_286	gnl|TC-DB|Q5EGM3|9.A.25.1.1	25.3	434	286	13	1	419	1	411	3.0e-19	93.2
3300026980.a:Ga0207829_100009_287	gnl|TC-DB|Q5EGM4|9.A.25.1.1	40.2	174	94	2	12	181	8	175	4.4e-24	108.2
3300026980.a:Ga0207829_100009_288	gnl|TC-DB|Q5EGM5|9.A.25.1.1	49.8	215	104	1	139	349	241	455	5.6e-62	234.6
3300026980.a:Ga0207829_100009_289	gnl|TC-DB|L7WEB0|9.B.172.1.1	29.2	322	193	12	17	323	14	315	1.2e-23	107.1
3300026980.a:Ga0207829_100009_301	gnl|TC-DB|P73239|3.A.1.106.14	33.8	591	375	8	3	588	7	586	3.7e-87	318.9
3300026980.a:Ga0207829_100009_328	gnl|TC-DB|Q56584|3.D.5.1.1	52.0	429	182	4	5	433	3	407	5.2e-131	464.2
3300026980.a:Ga0207829_100009_330	gnl|TC-DB|Q5JIF7|2.A.114.1.3	37.2	503	279	10	1	470	1	499	6.0e-76	281.6
3300026980.a:Ga0207829_100009_336	gnl|TC-DB|Q01465|9.B.157.1.1	50.9	336	161	3	3	337	1	333	1.0e-89	326.6
3300026980.a:Ga0207829_100009_340	gnl|TC-DB|P0ABG7|2.A.103.1.2	33.5	343	179	6	57	399	53	346	2.3e-43	172.9
3300026980.a:Ga0207829_100009_345	gnl|TC-DB|P40290|3.A.6.1.1	28.4	282	178	6	311	579	141	411	4.4e-16	82.8
3300026980.a:Ga0207829_100009_353	gnl|TC-DB|647734884|3.E.1.5.1	33.5	215	139	2	418	632	412	622	2.1e-27	120.6
3300026980.a:Ga0207829_100009_355	gnl|TC-DB|O34739|2.A.3.8.12	26.5	456	292	14	1	433	1	436	1.7e-20	97.1
3300026980.a:Ga0207829_100009_366	gnl|TC-DB|Q9HV74|2.A.21.9.1	27.9	330	175	10	217	539	701	974	9.2e-24	108.2
3300026980.a:Ga0207829_100009_367	gnl|TC-DB|Q9HV74|2.A.21.9.1	26.9	301	147	8	824	1117	740	974	2.4e-18	91.3
3300026980.a:Ga0207829_100009_368	gnl|TC-DB|Q9HV74|2.A.21.9.1	29.0	272	152	8	1492	1756	738	975	3.2e-22	104.8
3300026980.a:Ga0207829_100009_371	gnl|TC-DB|Q9HV74|2.A.21.9.1	24.2	273	164	6	197	460	736	974	4.2e-14	75.9
3300026980.a:Ga0207829_100009_373	gnl|TC-DB|Q9HV74|2.A.21.9.1	27.5	320	145	11	1460	1757	720	974	2.0e-19	95.5
3300026980.a:Ga0207829_100009_387	gnl|TC-DB|Q9HV74|2.A.21.9.1	30.6	265	149	8	973	1233	747	980	5.4e-24	110.2
3300026980.a:Ga0207829_100009_388	gnl|TC-DB|Q9HV74|2.A.21.9.1	29.7	266	140	9	197	453	749	976	2.2e-23	106.7
3300026980.a:Ga0207829_100009_390	gnl|TC-DB|Q6MNW4|8.A.59.2.2	30.7	215	133	6	139	344	368	575	6.7e-20	94.7
3300026980.a:Ga0207829_100009_392	gnl|TC-DB|P94357|2.A.115.1.2	24.5	265	193	2	24	287	12	270	2.3e-21	99.4
3300026980.a:Ga0207829_100009_422	gnl|TC-DB|P76397|8.A.1.6.2	29.2	318	209	5	58	370	88	394	1.3e-32	137.1
3300026980.a:Ga0207829_100009_423	gnl|TC-DB|Q8ZRG9|2.A.6.2.25	40.5	1052	597	6	11	1043	6	1047	2.8e-223	771.9
3300026980.a:Ga0207829_100009_424	gnl|TC-DB|Q0VQY7|2.A.6.2.46	34.5	412	263	3	63	467	52	463	5.9e-56	214.9
3300026980.a:Ga0207829_100009_434	gnl|TC-DB|Q082R8|2.A.39.5.1	39.4	457	261	5	11	456	11	462	6.5e-87	317.8
3300026980.a:Ga0207829_100009_441	gnl|TC-DB|Q45780|1.B.14.6.1	28.2	1088	650	33	2	1023	16	1038	2.7e-93	340.1
3300026980.a:Ga0207829_100009_442	gnl|TC-DB|C6Y217|8.A.46.1.3	26.0	434	274	17	1	407	1	414	1.6e-22	104.0
3300026980.a:Ga0207829_100009_453	gnl|TC-DB|B8I766|9.B.105.1.5	30.9	194	86	8	11	201	4	152	4.4e-11	64.7
3300026980.a:Ga0207829_100009_464	gnl|TC-DB|E1WQ07|8.A.46.2.3	49.0	102	48	1	9	106	30	131	2.4e-24	107.8
3300026980.a:Ga0207829_100009_469	gnl|TC-DB|P95852|2.A.1.46.8	28.4	377	245	7	12	386	4	357	1.1e-37	154.1
3300026980.a:Ga0207829_100009_483	gnl|TC-DB|M7XZL8|1.B.6.1.19	62.8	218	81	0	18	235	1	218	8.6e-80	293.1
3300026980.a:Ga0207829_100009_503	gnl|TC-DB|Q1D027|1.A.1.24.3	52.7	262	122	1	7	268	16	275	5.7e-59	224.2
3300026980.a:Ga0207829_100009_504	gnl|TC-DB|Q1J2S8|2.A.53.3.13	44.8	471	251	2	17	487	22	483	4.1e-103	371.7
3300026980.a:Ga0207829_100009_506	gnl|TC-DB|P0C0S1|1.A.23.2.1	33.3	246	164	0	26	271	31	276	1.4e-36	149.8
3300026980.a:Ga0207829_100009_524	gnl|TC-DB|Q8DNK3|2.A.4.1.7	35.3	269	171	1	16	284	12	277	4.5e-46	181.4
3300026980.a:Ga0207829_100009_525	gnl|TC-DB|Q1DFM0|1.B.14.12.3	28.7	943	603	19	27	957	190	1075	4.1e-96	349.4
3300026980.a:Ga0207829_100009_537	gnl|TC-DB|G8TGS7|8.A.46.3.3	30.8	465	282	14	1	453	1	437	3.1e-47	186.0
3300026980.a:Ga0207829_100009_538	gnl|TC-DB|Q45780|1.B.14.6.1	25.2	1106	682	35	1	1049	20	1037	1.1e-70	265.0
3300026980.a:Ga0207829_100009_542	gnl|TC-DB|G0CIY2|9.B.18.1.1	35.3	360	215	10	111	456	129	484	1.1e-46	184.1
3300026980.a:Ga0207829_100009_545	gnl|TC-DB|Q0WML0|3.A.1.201.8	40.4	579	331	5	26	592	58	634	2.2e-111	399.4
3300026980.a:Ga0207829_100009_569	gnl|TC-DB|P33760|3.A.20.1.5	32.1	218	131	7	245	445	769	986	5.6e-19	92.0
3300026980.a:Ga0207829_100009_583	gnl|TC-DB|P33927|9.B.14.1.3	30.3	475	301	11	73	542	66	515	1.0e-45	181.8
3300026980.a:Ga0207829_100009_586	gnl|TC-DB|I6ZP97|9.B.14.2.5	31.5	222	137	4	3	210	2	222	1.3e-32	136.3
3300026980.a:Ga0207829_100009_587	gnl|TC-DB|O59010|2.A.23.1.5	42.8	409	194	9	38	432	42	424	2.1e-66	249.6
