PUL0017	1
PUL0022	1
PUL0026	1
PUL0037	1
PUL0041	1
PUL0058	1
PUL0058	1
PUL0100	1
PUL0101	1
PUL0106	1
PUL0121	1
PUL0121	1
PUL0122	1
PUL00132	1
PUL00135	1
PUL00138	1
PUL0152	1
PUL0168	1
PUL0180	1
PUL0180	1
PUL0245	1
PUL0246	1
PUL0267	1
PUL0296	1
PUL0316	1
PUL0316	1
PUL0324	1
PUL0332	1
PUL0335	1
PUL0340	1
PUL0347	1
PUL0349	1
PUL0368	1
PUL0390	1
PUL0396	1
PUL00495	1
PUL0584	1
PUL0586	1
PUL0599	1
PUL00614	1
PUL00692	1
PUL00751	1
PUL01060	1
PUL01455	1
PUL01455	1
PUL01455	1
PUL01455	1
PUL01846	1
PUL01846	1
PUL02482	1
PUL02705	1
PUL02863	1
PUL03004	1
PUL03338	1
PUL03353	1
PUL03357	1
PUL03368	1
PUL03405	1
PUL03904	1
PUL04315	1
PUL04600	1
PUL04612	1
PUL04930	1
PUL05302	1
