0043707	64	3300029088.a:Ga0169204_100054_105	340	1.4e-05	4	61	10	67	0.890625
0043707	64	3300029088.a:Ga0169204_100054_106	283	3.5e-05	2	60	2	60	0.90625
0043707	64	3300029088.a:Ga0169204_100054_107	292	1.5e-05	3	60	8	65	0.890625
0043758	87	3300029088.a:Ga0169204_100054_138	230	6.1e-06	10	72	160	217	0.7126436781609196
0043758	87	3300029088.a:Ga0169204_100054_15	252	1.8e-13	1	79	2	73	0.896551724137931
0039384	65	3300029088.a:Ga0169204_100054_152	686	8.3e-08	3	48	1	46	0.6923076923076923
0039384	65	3300029088.a:Ga0169204_100054_152	686	2.3e-05	5	48	90	133	0.6615384615384615
0039384	65	3300029088.a:Ga0169204_100054_20	240	9.9e-10	18	63	22	67	0.6923076923076923
0043935	94	3300029088.a:Ga0169204_100054_25	191	4.9e-09	8	81	3	83	0.776595744680851
0043758	87	3300029088.a:Ga0169204_100054_3	258	3.6e-12	3	61	9	60	0.6666666666666666
0043707	64	3300029088.a:Ga0169204_100054_33	186	1.1e-16	3	62	6	66	0.921875
0039384	65	3300029088.a:Ga0169204_100054_89	237	2.5e-08	21	64	21	64	0.6615384615384615
0040517	144	3300029088.a:Ga0169204_100061_79	294	1.7e-05	44	108	16	76	0.4444444444444444
0042546	127	3300029088.a:Ga0169204_100072_133	157	3e-18	2	98	16	109	0.7559055118110236
0045030	74	3300029088.a:Ga0169204_100072_2	215	1.4e-05	7	48	23	64	0.5540540540540541
0043707	64	3300029088.a:Ga0169204_100072_28	63	7.1e-17	5	61	3	60	0.875
0036955	59	3300029088.a:Ga0169204_100072_36	318	4.1e-17	2	59	1	58	0.9661016949152542
0041905	120	3300029088.a:Ga0169204_100072_48	346	3.5e-06	8	89	21	93	0.675
0040517	144	3300029088.a:Ga0169204_100072_51	152	2e-31	1	137	9	143	0.9444444444444444
0043707	64	3300029088.a:Ga0169204_100072_9	180	3.8e-15	3	62	3	63	0.921875
0043707	64	3300029088.a:Ga0169204_100072_93	310	0.0001	3	42	4	43	0.609375
0041905	120	3300029088.a:Ga0169204_100112_1	147	5.6e-25	3	117	6	120	0.95
0037456	76	3300029088.a:Ga0169204_100112_108	151	2.5e-23	1	76	3	78	0.9868421052631579
0037456	76	3300029088.a:Ga0169204_100112_17	152	1.2e-20	1	73	3	75	0.9473684210526315
0041905	120	3300029088.a:Ga0169204_100112_32	837	7.3e-05	11	74	773	833	0.525
0040586	141	3300029088.a:Ga0169204_100112_70	125	4.6e-15	6	119	16	115	0.8014184397163121
0042546	127	3300029088.a:Ga0169204_100112_90	121	4e-19	2	86	14	96	0.6614173228346457
0043707	64	3300029088.a:Ga0169204_100130_106	186	1.3e-16	3	62	2	62	0.921875
0043707	64	3300029088.a:Ga0169204_100130_63	296	4.1e-10	3	61	11	69	0.90625
0043095	94	3300029088.a:Ga0169204_100130_87	86	4.1e-18	9	85	2	80	0.8085106382978723
0037244	118	3300029088.a:Ga0169204_100130_98	135	2.3e-24	4	104	1	99	0.847457627118644
0037767	80	3300029088.a:Ga0169204_100133_10	247	7.3e-10	7	73	23	80	0.825
0038753	71	3300029088.a:Ga0169204_100133_12	319	9.7e-06	23	61	18	56	0.5352112676056338
0043758	87	3300029088.a:Ga0169204_100133_35	254	3.6e-13	4	66	8	63	0.7126436781609196
0043758	87	3300029088.a:Ga0169204_100133_38	258	1.4e-12	3	64	4	59	0.7011494252873564
0044258	100	3300029088.a:Ga0169204_100133_42	108	4.7e-11	3	93	11	102	0.9
0036955	59	3300029088.a:Ga0169204_100133_56	336	4.9e-16	2	57	1	56	0.9322033898305084
0043669	98	3300029088.a:Ga0169204_100133_78	98	9.9e-20	3	93	3	95	0.9183673469387755
0042546	127	3300029088.a:Ga0169204_100133_91	143	2.9e-29	1	114	5	118	0.889763779527559
0037767	80	3300029088.a:Ga0169204_100135_3	125	8.1e-12	10	71	21	77	0.7625
0036955	59	3300029088.a:Ga0169204_100135_52	311	8.9e-16	2	58	1	57	0.9491525423728814
0045030	74	3300029088.a:Ga0169204_100135_76	218	3.1e-24	1	72	7	78	0.9594594594594594
0041150	134	3300029088.a:Ga0169204_100137_56	149	5.7e-32	3	133	7	136	0.9701492537313433
0043669	98	3300029088.a:Ga0169204_100137_63	112	1.6e-19	14	91	19	100	0.7857142857142857
0043707	64	3300029088.a:Ga0169204_100145_38	298	3.7e-07	3	60	4	61	0.890625
0041150	134	3300029088.a:Ga0169204_100145_73	229	0.0001	5	59	146	200	0.40298507462686567
0043758	87	3300029088.a:Ga0169204_100145_80	269	2.1e-08	4	65	5	59	0.7011494252873564
0043707	64	3300029088.a:Ga0169204_100158_12	303	2.2e-05	3	60	3	60	0.890625
0043758	87	3300029088.a:Ga0169204_100158_17	349	2.2e-25	1	84	1	84	0.9540229885057471
0039384	65	3300029088.a:Ga0169204_100158_53	115	4.4e-05	13	45	28	59	0.49230769230769234
0036955	59	3300029088.a:Ga0169204_100161_10	334	7e-18	2	57	1	56	0.9322033898305084
0040517	144	3300029088.a:Ga0169204_100161_25	150	3e-27	4	137	11	147	0.9236111111111112
0040517	144	3300029088.a:Ga0169204_100161_30	139	1.5e-22	3	120	8	125	0.8125
0040517	144	3300029088.a:Ga0169204_100161_34	196	8e-27	26	133	35	142	0.7430555555555556
0045032	127	3300029088.a:Ga0169204_100161_74	132	4.4e-09	15	65	31	83	0.3937007874015748
0039384	65	3300029088.a:Ga0169204_100170_16	345	4.5e-05	3	48	1	45	0.6923076923076923
0043935	94	3300029088.a:Ga0169204_100170_52	112	1.5e-14	6	86	10	96	0.851063829787234
0039468	106	3300029088.a:Ga0169204_100170_54	254	2.8e-27	2	104	3	105	0.9622641509433962
0040266	151	3300029088.a:Ga0169204_100176_27	215	1.2e-11	25	143	2	126	0.7814569536423841
0043758	87	3300029088.a:Ga0169204_100176_30	438	4e-07	4	57	3	52	0.6091954022988506
0039384	65	3300029088.a:Ga0169204_100176_57	174	7e-12	3	62	1	60	0.9076923076923077
0036955	59	3300029088.a:Ga0169204_100176_59	334	1.4e-20	3	58	6	61	0.9322033898305084
0040586	141	3300029088.a:Ga0169204_100176_9	153	1.2e-23	6	137	8	137	0.9290780141843972
0040586	141	3300029088.a:Ga0169204_100179_10	145	4.8e-27	1	139	1	137	0.9787234042553191
0036955	59	3300029088.a:Ga0169204_100179_18	336	1.2e-14	2	58	4	61	0.9491525423728814
0039384	65	3300029088.a:Ga0169204_100179_34	598	2.1e-09	8	62	2	58	0.8307692307692308
0043758	87	3300029088.a:Ga0169204_100179_49	239	4.4e-11	7	79	12	82	0.8275862068965517
0039384	65	3300029088.a:Ga0169204_100208_27	246	8.2e-08	15	64	21	70	0.7538461538461538
0037767	80	3300029088.a:Ga0169204_100208_39	242	2e-10	9	71	14	67	0.775
0043758	87	3300029088.a:Ga0169204_100208_45	266	5.3e-09	4	60	9	58	0.6436781609195402
0040266	151	3300029088.a:Ga0169204_100208_60	256	1.1e-10	29	116	19	102	0.5761589403973509
0040586	141	3300029088.a:Ga0169204_100208_8	139	3.7e-17	30	136	23	130	0.75177304964539
0038966	94	3300029088.a:Ga0169204_100218_30	112	4.2e-16	28	92	2	66	0.6808510638297872
0043707	64	3300029088.a:Ga0169204_100218_31	81	3.7e-14	4	61	2	60	0.890625
0037767	80	3300029088.a:Ga0169204_100225_19	234	1e-10	14	73	12	71	0.7375
0043707	64	3300029088.a:Ga0169204_100225_24	267	1.7e-05	15	56	33	77	0.640625
0043758	87	3300029088.a:Ga0169204_100228_20	259	2.2e-13	3	64	4	58	0.7011494252873564
0044558	59	3300029088.a:Ga0169204_100228_4	332	2.9e-14	2	52	3	52	0.847457627118644
0039384	65	3300029088.a:Ga0169204_100251_10	232	1.3e-09	5	62	25	82	0.8769230769230769
0043935	94	3300029088.a:Ga0169204_100251_26	113	1.2e-14	6	91	13	104	0.9042553191489362
0043707	64	3300029088.a:Ga0169204_100251_34	345	5.8e-16	3	61	3	62	0.90625
0039384	65	3300029088.a:Ga0169204_100251_36	126	7e-10	8	64	18	74	0.8615384615384616
0043669	98	3300029088.a:Ga0169204_100251_49	111	5.9e-21	8	83	9	88	0.7653061224489796
0043758	87	3300029088.a:Ga0169204_100251_59	256	2e-09	3	60	9	59	0.6551724137931034
0037767	80	3300029088.a:Ga0169204_100253_39	239	5.8e-10	10	74	15	70	0.8
0042546	127	3300029088.a:Ga0169204_100274_20	128	1.4e-32	1	113	3	114	0.8818897637795275
0043758	87	3300029088.a:Ga0169204_100274_32	250	3.5e-16	3	71	4	65	0.7816091954022989
0043707	64	3300029088.a:Ga0169204_100285_16	104	6.9e-13	3	61	5	65	0.90625
0039939	63	3300029088.a:Ga0169204_100285_37	249	2e-05	20	56	82	118	0.5714285714285714
0045030	74	3300029088.a:Ga0169204_100289_42	218	8.1e-21	2	72	10	80	0.9459459459459459
0043758	87	3300029088.a:Ga0169204_100308_16	246	2.7e-10	19	65	29	73	0.5287356321839081
0035607	54	3300029088.a:Ga0169204_100324_17	193	0.0001	2	42	13	53	0.7407407407407407
0038753	71	3300029088.a:Ga0169204_100324_25	220	8.7e-16	2	70	146	210	0.9577464788732394
0038966	94	3300029088.a:Ga0169204_100332_22	93	4.1e-07	25	70	12	58	0.4787234042553192
0043707	64	3300029088.a:Ga0169204_100332_32	76	5.6e-07	4	61	11	69	0.890625
0043707	64	3300029088.a:Ga0169204_100332_4	118	3.9e-09	5	61	5	60	0.875
0039384	65	3300029088.a:Ga0169204_100357_15	186	6.5e-07	23	62	1	40	0.6
0043143	63	3300029088.a:Ga0169204_100381_28	130	3.8e-11	2	60	6	65	0.9206349206349206
0043707	64	3300029088.a:Ga0169204_100401_27	212	4.6e-16	5	60	3	59	0.859375
0037176	98	3300029088.a:Ga0169204_100410_1	434	3e-13	1	93	335	433	0.9387755102040817
0039384	65	3300029088.a:Ga0169204_100410_18	624	2.2e-07	3	49	1	47	0.7076923076923077
0039384	65	3300029088.a:Ga0169204_100410_18	624	8.5e-08	5	61	90	151	0.8615384615384616
0039384	65	3300029088.a:Ga0169204_100410_24	623	5.8e-07	5	48	85	128	0.6615384615384615
0039384	65	3300029088.a:Ga0169204_100410_9	690	5.7e-07	4	49	89	138	0.6923076923076923
0043669	98	3300029088.a:Ga0169204_100425_3	117	9.9e-25	7	94	19	106	0.8877551020408163
0043707	64	3300029088.a:Ga0169204_100493_21	203	3.2e-15	3	62	3	63	0.921875
0043707	64	3300029088.a:Ga0169204_100493_27	374	2.6e-14	3	61	5	64	0.90625
0040586	141	3300029088.a:Ga0169204_100493_7	169	7.1e-18	12	138	31	160	0.8936170212765957
0043669	98	3300029088.a:Ga0169204_100495_28	111	8.2e-23	7	95	11	99	0.8979591836734694
0040586	141	3300029088.a:Ga0169204_100520_17	292	5.1e-06	45	128	10	83	0.5886524822695035
0043707	64	3300029088.a:Ga0169204_100520_22	319	1.7e-07	3	61	3	61	0.90625
0043758	87	3300029088.a:Ga0169204_100520_9	209	5.1e-10	3	66	7	69	0.7241379310344828
0039384	65	3300029088.a:Ga0169204_100539_1	486	1.1e-06	6	62	3	62	0.8615384615384616
0039384	65	3300029088.a:Ga0169204_100539_13	575	8.9e-07	9	48	6	43	0.6
0039384	65	3300029088.a:Ga0169204_100539_14	622	3.5e-07	6	62	2	61	0.8615384615384616
0043935	94	3300029088.a:Ga0169204_100600_16	110	7.4e-15	6	89	11	100	0.8829787234042553
0043707	64	3300029088.a:Ga0169204_100600_17	216	3.4e-14	3	62	3	63	0.921875
0043758	87	3300029088.a:Ga0169204_100617_12	253	1.5e-10	3	81	6	77	0.896551724137931
0041150	134	3300029088.a:Ga0169204_100687_11	147	6.8e-41	3	134	9	138	0.9776119402985075
0041905	120	3300029088.a:Ga0169204_100696_4	277	2.4e-08	2	72	11	77	0.5833333333333334
0045110	54	3300029088.a:Ga0169204_100704_3	151	3.1e-07	4	33	112	141	0.5370370370370371
0038966	94	3300029088.a:Ga0169204_100706_18	120	1.7e-06	25	78	2	55	0.5638297872340425
0039939	63	3300029088.a:Ga0169204_100713_10	273	1.2e-06	11	53	11	53	0.6666666666666666
0039939	63	3300029088.a:Ga0169204_100726_6	383	2.8e-06	18	53	8	43	0.5555555555555556
0039384	65	3300029088.a:Ga0169204_100753_1	495	2.4e-06	8	62	7	64	0.8307692307692308
0043707	64	3300029088.a:Ga0169204_100774_2	292	7.9e-06	3	58	7	62	0.859375
0039384	65	3300029088.a:Ga0169204_100774_4	231	3e-07	7	63	13	69	0.8615384615384616
0043935	94	3300029088.a:Ga0169204_101040_6	113	8.2e-14	6	89	10	101	0.8829787234042553
0042546	127	3300029088.a:Ga0169204_101094_4	135	1.7e-32	1	116	1	116	0.905511811023622
0043707	64	3300029088.a:Ga0169204_101137_5	85	2.7e-09	7	61	10	68	0.84375
0043707	64	3300029088.a:Ga0169204_101137_6	261	6.9e-14	3	61	2	61	0.90625
