HTH_8	42	3300012837.a:Ga0160455_100009_113	678	3.9e-14	2	41	624	663	0.9285714285714286
PHB_acc_N	61	3300012837.a:Ga0160455_100009_153	192	1.3e-31	1	60	12	71	0.9672131147540983
GntR	64	3300012837.a:Ga0160455_100009_183	252	5.9e-24	1	64	19	82	0.984375
MarR	59	3300012837.a:Ga0160455_100009_196	250	3.3e-10	7	53	10	56	0.7796610169491526
FMN_bind_2	168	3300012837.a:Ga0160455_100009_220	214	3e-63	1	167	1	167	0.9880952380952381
GntR	64	3300012837.a:Ga0160455_100009_228	208	6.2e-12	3	64	9	69	0.953125
HTH_1	60	3300012837.a:Ga0160455_100009_234	297	3.9e-19	4	59	7	62	0.9166666666666666
Trans_reg_C	77	3300012837.a:Ga0160455_100009_241	237	5e-25	3	77	150	223	0.961038961038961
HTH_1	60	3300012837.a:Ga0160455_100009_249	304	2.1e-21	1	59	9	67	0.9666666666666667
HTH_1	60	3300012837.a:Ga0160455_100009_250	315	7.2e-20	1	60	12	71	0.9833333333333333
Fe_dep_repress	60	3300012837.a:Ga0160455_100009_260	259	6.3e-05	19	56	32	69	0.6166666666666667
GntR	64	3300012837.a:Ga0160455_100009_266	229	5.1e-17	3	64	16	76	0.953125
HTH_1	60	3300012837.a:Ga0160455_100009_269	303	1.6e-22	2	60	11	69	0.9666666666666667
HTH_1	60	3300012837.a:Ga0160455_100009_291	321	5.6e-17	1	60	23	82	0.9833333333333333
GntR	64	3300012837.a:Ga0160455_100009_312	246	1.8e-19	3	64	27	88	0.953125
MarR	59	3300012837.a:Ga0160455_100009_34	141	1.2e-08	1	59	37	98	0.9830508474576272
GntR	64	3300012837.a:Ga0160455_100009_377	235	6.1e-19	1	62	27	87	0.953125
HTH_1	60	3300012837.a:Ga0160455_100009_379	308	1.7e-19	2	60	3	61	0.9666666666666667
GntR	64	3300012837.a:Ga0160455_100009_385	201	1.3e-15	14	64	1	50	0.78125
HTH_1	60	3300012837.a:Ga0160455_100009_393	299	4.3e-14	2	60	64	127	0.9666666666666667
HTH_11	55	3300012837.a:Ga0160455_100009_403	334	1.8e-05	3	43	10	50	0.7272727272727273
FUR	120	3300012837.a:Ga0160455_100009_406	145	3.5e-45	2	120	13	132	0.9833333333333333
HTH_8	42	3300012837.a:Ga0160455_100009_418	182	3e-14	3	41	139	177	0.9047619047619048
HTH_3	55	3300012837.a:Ga0160455_100009_426	87	2.9e-15	1	52	16	67	0.9272727272727272
GntR	64	3300012837.a:Ga0160455_100009_433	233	3.4e-20	5	64	25	83	0.921875
HTH_1	60	3300012837.a:Ga0160455_100009_437	302	2.7e-17	3	60	6	63	0.95
HTH_AraC	42	3300012837.a:Ga0160455_100009_439	360	6.1e-13	3	40	99	136	0.8809523809523809
GntR	64	3300012837.a:Ga0160455_100009_442	253	7e-17	4	64	29	88	0.9375
HTH_8	42	3300012837.a:Ga0160455_100009_471	79	7.1e-15	5	39	38	72	0.8095238095238095
HTH_AraC	42	3300012837.a:Ga0160455_100009_480	315	2.1e-08	7	40	280	314	0.7857142857142857
LacI	46	3300012837.a:Ga0160455_100009_542	345	1e-19	2	43	7	48	0.8913043478260869
HTH_1	60	3300012837.a:Ga0160455_100009_58	310	2.1e-20	1	59	5	63	0.9666666666666667
GerE	57	3300012837.a:Ga0160455_100009_64	234	2.2e-17	3	56	171	224	0.9298245614035088
HTH_1	60	3300012837.a:Ga0160455_100009_97	304	1.1e-23	1	60	6	65	0.9833333333333333
HTH_8	42	3300012837.a:Ga0160455_100010_1	116	2.1e-05	2	42	65	105	0.9523809523809523
HTH_5	47	3300012837.a:Ga0160455_100010_10	252	5e-07	4	45	13	56	0.8723404255319149
HTH_1	60	3300012837.a:Ga0160455_100010_104	312	3.9e-23	1	60	4	63	0.9833333333333333
HTH_1	60	3300012837.a:Ga0160455_100010_108	307	2.1e-22	2	59	4	61	0.95
GntR	64	3300012837.a:Ga0160455_100010_112	221	1.6e-16	5	64	7	65	0.921875
GntR	64	3300012837.a:Ga0160455_100010_121	259	7.5e-22	2	64	20	82	0.96875
GntR	64	3300012837.a:Ga0160455_100010_133	458	1.9e-09	3	64	5	66	0.953125
HTH_1	60	3300012837.a:Ga0160455_100010_139	295	1.1e-22	2	59	6	63	0.95
HTH_1	60	3300012837.a:Ga0160455_100010_146	303	2.5e-20	1	60	4	63	0.9833333333333333
MarR	59	3300012837.a:Ga0160455_100010_149	213	4.4e-10	8	59	90	141	0.864406779661017
HTH_1	60	3300012837.a:Ga0160455_100010_163	318	3.1e-18	2	60	23	81	0.9666666666666667
HTH_1	60	3300012837.a:Ga0160455_100010_175	303	2.2e-17	1	60	3	62	0.9833333333333333
HTH_1	60	3300012837.a:Ga0160455_100010_206	294	5.1e-21	4	60	7	63	0.9333333333333333
GerE	57	3300012837.a:Ga0160455_100010_226	86	3.6e-19	2	55	16	69	0.9298245614035088
HTH_3	55	3300012837.a:Ga0160455_100010_259	142	3.1e-15	4	55	29	83	0.9272727272727272
HTH_1	60	3300012837.a:Ga0160455_100010_335	306	1.5e-18	2	60	7	65	0.9666666666666667
HTH_8	42	3300012837.a:Ga0160455_100010_35	331	7e-07	2	26	278	302	0.5714285714285714
HTH_1	60	3300012837.a:Ga0160455_100010_355	292	4.3e-19	2	59	4	61	0.95
Trans_reg_C	77	3300012837.a:Ga0160455_100010_383	232	3.5e-18	3	77	153	224	0.961038961038961
HTH_1	60	3300012837.a:Ga0160455_100010_391	359	1.9e-09	4	59	28	84	0.9166666666666666
GntR	64	3300012837.a:Ga0160455_100010_402	259	2.5e-19	2	64	9	71	0.96875
GntR	64	3300012837.a:Ga0160455_100010_416	243	1.1e-24	1	64	19	82	0.984375
HTH_1	60	3300012837.a:Ga0160455_100010_42	316	4.1e-19	1	60	4	63	0.9833333333333333
HTH_3	55	3300012837.a:Ga0160455_100010_422	145	1.4e-06	1	43	56	99	0.7636363636363637
HTH_3	55	3300012837.a:Ga0160455_100010_424	94	1.7e-10	1	38	36	73	0.6727272727272727
HTH_1	60	3300012837.a:Ga0160455_100010_427	304	2.1e-21	1	59	4	62	0.9666666666666667
HTH_1	60	3300012837.a:Ga0160455_100010_428	298	1.5e-22	3	60	7	64	0.95
HTH_6	77	3300012837.a:Ga0160455_100010_486	292	9.8e-16	3	75	8	80	0.935064935064935
HTH_3	55	3300012837.a:Ga0160455_100010_487	208	1.1e-15	1	55	28	82	0.9818181818181818
HTH_1	60	3300012837.a:Ga0160455_100010_504	306	1.9e-16	1	60	4	64	0.9833333333333333
HTH_1	60	3300012837.a:Ga0160455_100010_51	287	1.2e-18	3	59	5	61	0.9333333333333333
HTH_3	55	3300012837.a:Ga0160455_100010_520	305	1.9e-09	1	55	26	80	0.9818181818181818
HTH_1	60	3300012837.a:Ga0160455_100010_525	318	3e-21	1	59	24	82	0.9666666666666667
HTH_1	60	3300012837.a:Ga0160455_100010_537	311	2.2e-16	1	60	3	62	0.9833333333333333
HTH_1	60	3300012837.a:Ga0160455_100010_54	330	6.7e-17	1	60	3	62	0.9833333333333333
GntR	64	3300012837.a:Ga0160455_100010_540	267	8.8e-21	3	64	57	117	0.953125
AraC_N	148	3300012837.a:Ga0160455_100010_549	314	6.4e-45	2	147	26	175	0.9797297297297297
HTH_AraC	42	3300012837.a:Ga0160455_100010_549	314	3.5e-05	4	42	200	238	0.9047619047619048
HTH_AraC	42	3300012837.a:Ga0160455_100010_549	314	3.6e-09	13	41	258	287	0.6666666666666666
HTH_1	60	3300012837.a:Ga0160455_100010_561	298	1.2e-19	3	59	10	66	0.9333333333333333
HTH_1	60	3300012837.a:Ga0160455_100010_71	316	1.2e-11	1	55	9	63	0.9
GntR	64	3300012837.a:Ga0160455_100010_86	243	3.9e-16	2	64	5	67	0.96875
LacI	46	3300012837.a:Ga0160455_100010_92	355	1.1e-17	2	45	19	62	0.9347826086956522
HTH_1	60	3300012837.a:Ga0160455_100012_110	304	2.4e-19	1	60	8	67	0.9833333333333333
MarR	59	3300012837.a:Ga0160455_100012_112	163	1.6e-09	13	58	59	104	0.7627118644067796
Trp_repressor	88	3300012837.a:Ga0160455_100012_113	176	2.2e-05	33	69	121	158	0.4090909090909091
HTH_1	60	3300012837.a:Ga0160455_100012_162	302	1.3e-21	3	60	6	63	0.95
HTH_AraC	42	3300012837.a:Ga0160455_100012_169	265	2.8e-06	4	40	222	259	0.8571428571428571
HTH_1	60	3300012837.a:Ga0160455_100012_180	302	2.9e-22	1	60	5	64	0.9833333333333333
MarR	59	3300012837.a:Ga0160455_100012_189	258	2.5e-05	8	48	25	65	0.6779661016949152
HTH_1	60	3300012837.a:Ga0160455_100012_212	303	6e-21	3	60	7	64	0.95
HTH_1	60	3300012837.a:Ga0160455_100012_223	298	1.3e-21	2	60	7	65	0.9666666666666667
HTH_1	60	3300012837.a:Ga0160455_100012_224	301	8.4e-24	2	60	7	65	0.9666666666666667
GntR	64	3300012837.a:Ga0160455_100012_23	297	2.2e-19	2	64	17	79	0.96875
LacI	46	3300012837.a:Ga0160455_100012_260	339	5.1e-16	1	46	5	51	0.9782608695652174
GntR	64	3300012837.a:Ga0160455_100012_266	232	8.4e-16	2	64	17	78	0.96875
HTH_1	60	3300012837.a:Ga0160455_100012_276	294	1.1e-19	2	59	4	61	0.95
HTH_1	60	3300012837.a:Ga0160455_100012_28	311	2.8e-19	2	59	5	62	0.95
HTH_3	55	3300012837.a:Ga0160455_100012_3	94	1.7e-11	10	52	20	62	0.7636363636363637
CSD	66	3300012837.a:Ga0160455_100012_32	70	2.4e-29	2	64	5	67	0.9393939393939394
MarR	59	3300012837.a:Ga0160455_100012_323	174	5.2e-11	8	58	56	105	0.847457627118644
GerE	57	3300012837.a:Ga0160455_100012_332	202	3.4e-22	2	56	143	197	0.9473684210526315
HTH_1	60	3300012837.a:Ga0160455_100012_348	342	2.3e-19	2	59	30	87	0.95
HTH_8	42	3300012837.a:Ga0160455_100012_355	521	4.2e-13	4	42	477	515	0.9047619047619048
HTH_1	60	3300012837.a:Ga0160455_100012_390	628	6.5e-10	3	51	16	64	0.8
HTH_1	60	3300012837.a:Ga0160455_100012_390	628	1.6e-16	1	59	322	382	0.9666666666666667
MarR	59	3300012837.a:Ga0160455_100012_399	261	2.6e-05	16	50	32	66	0.576271186440678
MarR	59	3300012837.a:Ga0160455_100012_400	265	7.5e-06	15	47	30	62	0.5423728813559322
Rrf2	83	3300012837.a:Ga0160455_100012_414	168	7.7e-30	1	83	1	83	0.9879518072289156
HTH_1	60	3300012837.a:Ga0160455_100012_445	307	1.2e-17	1	59	4	62	0.9666666666666667
LexA_DNA_bind	65	3300012837.a:Ga0160455_100012_453	227	3.9e-29	3	65	4	66	0.9538461538461539
Crp	32	3300012837.a:Ga0160455_100012_465	253	2.4e-18	1	32	187	218	0.96875
Trans_reg_C	77	3300012837.a:Ga0160455_100012_514	238	3.5e-28	2	77	149	223	0.974025974025974
HTH_1	60	3300012837.a:Ga0160455_100012_8	307	2.6e-18	1	60	5	64	0.9833333333333333
MerR	38	3300012837.a:Ga0160455_100012_82	130	8.9e-11	1	38	22	59	0.9736842105263158
HTH_5	47	3300012837.a:Ga0160455_100015_108	112	1.2e-14	1	45	18	63	0.9361702127659575
HTH_1	60	3300012837.a:Ga0160455_100015_109	298	6.1e-21	1	60	5	64	0.9833333333333333
HTH_1	60	3300012837.a:Ga0160455_100015_11	302	1.7e-17	1	59	8	66	0.9666666666666667
GntR	64	3300012837.a:Ga0160455_100015_117	231	1.1e-15	2	64	5	66	0.96875
GntR	64	3300012837.a:Ga0160455_100015_131	243	2.3e-17	3	64	24	84	0.953125
HTH_1	60	3300012837.a:Ga0160455_100015_144	295	1.2e-19	3	60	9	66	0.95
MarR	59	3300012837.a:Ga0160455_100015_15	256	5.7e-06	19	50	24	55	0.5254237288135594
HTH_1	60	3300012837.a:Ga0160455_100015_156	305	2.4e-23	2	60	5	63	0.9666666666666667
GntR	64	3300012837.a:Ga0160455_100015_158	247	3.6e-18	1	64	6	69	0.984375
HTH_1	60	3300012837.a:Ga0160455_100015_163	304	2.7e-25	1	60	3	62	0.9833333333333333
LacI	46	3300012837.a:Ga0160455_100015_203	359	4.9e-16	1	46	15	60	0.9782608695652174
HTH_AraC	42	3300012837.a:Ga0160455_100015_211	290	1.1e-06	1	37	185	221	0.8571428571428571
HTH_AraC	42	3300012837.a:Ga0160455_100015_211	290	9.2e-08	11	42	244	276	0.7380952380952381
HTH_AraC	42	3300012837.a:Ga0160455_100015_217	274	1.3e-11	1	42	180	221	0.9761904761904762
HTH_AraC	42	3300012837.a:Ga0160455_100015_217	274	8.7e-10	10	40	237	268	0.7142857142857143
GntR	64	3300012837.a:Ga0160455_100015_225	471	2.9e-17	2	64	19	81	0.96875
DUF24	91	3300012837.a:Ga0160455_100015_231	133	2.2e-26	1	86	36	122	0.9340659340659341
HTH_1	60	3300012837.a:Ga0160455_100015_235	298	1.3e-22	1	60	5	64	0.9833333333333333
HTH_1	60	3300012837.a:Ga0160455_100015_248	299	2.7e-20	2	60	8	66	0.9666666666666667
LacI	46	3300012837.a:Ga0160455_100015_268	338	3.1e-19	1	46	9	54	0.9782608695652174
GntR	64	3300012837.a:Ga0160455_100015_27	281	1.5e-12	5	64	63	121	0.921875
HTH_1	60	3300012837.a:Ga0160455_100015_273	300	6.9e-21	1	59	8	66	0.9666666666666667
GntR	64	3300012837.a:Ga0160455_100015_277	252	4e-21	2	64	18	80	0.96875
HTH_1	60	3300012837.a:Ga0160455_100015_284	295	1.7e-21	1	59	8	66	0.9666666666666667
TrmB	68	3300012837.a:Ga0160455_100015_292	291	3.8e-18	1	67	12	80	0.9705882352941176
HTH_3	55	3300012837.a:Ga0160455_100015_300	102	9.4e-06	6	52	49	93	0.8363636363636363
GntR	64	3300012837.a:Ga0160455_100015_301	228	8.9e-19	1	64	4	66	0.984375
LacI	46	3300012837.a:Ga0160455_100015_32	346	5.2e-17	2	46	10	54	0.9565217391304348
GntR	64	3300012837.a:Ga0160455_100015_328	237	1.6e-16	1	63	27	88	0.96875
HTH_1	60	3300012837.a:Ga0160455_100015_343	321	1.3e-19	2	60	29	87	0.9666666666666667
HTH_1	60	3300012837.a:Ga0160455_100015_346	302	3.6e-20	5	60	8	63	0.9166666666666666
MerR	38	3300012837.a:Ga0160455_100015_355	153	1.4e-15	1	38	34	70	0.9736842105263158
MarR	59	3300012837.a:Ga0160455_100015_361	151	4.7e-08	4	58	44	98	0.9152542372881356
HTH_1	60	3300012837.a:Ga0160455_100015_363	313	9e-17	1	59	14	72	0.9666666666666667
HTH_5	47	3300012837.a:Ga0160455_100015_379	101	1.6e-09	17	46	43	72	0.6170212765957447
HTH_1	60	3300012837.a:Ga0160455_100015_397	307	7.7e-21	1	59	9	67	0.9666666666666667
HTH_1	60	3300012837.a:Ga0160455_100015_41	317	2.6e-19	3	60	22	79	0.95
HTH_1	60	3300012837.a:Ga0160455_100015_416	338	3.9e-20	1	60	22	81	0.9833333333333333
HTH_1	60	3300012837.a:Ga0160455_100015_419	301	2.9e-19	2	60	5	63	0.9666666666666667
GntR	64	3300012837.a:Ga0160455_100015_43	214	9.7e-17	5	64	13	71	0.921875
HTH_6	77	3300012837.a:Ga0160455_100015_438	277	2.6e-19	9	76	16	83	0.8701298701298701
HTH_AraC	42	3300012837.a:Ga0160455_100015_5	285	3e-06	4	42	188	226	0.9047619047619048
HTH_AraC	42	3300012837.a:Ga0160455_100015_5	285	7.9e-13	6	40	238	273	0.8095238095238095
HTH_1	60	3300012837.a:Ga0160455_100015_50	319	2.5e-20	2	60	7	65	0.9666666666666667
HTH_1	60	3300012837.a:Ga0160455_100015_54	303	3.1e-18	3	60	7	64	0.95
Trans_reg_C	77	3300012837.a:Ga0160455_100015_57	300	5e-18	2	77	209	285	0.974025974025974
HTH_1	60	3300012837.a:Ga0160455_100015_7	302	1.5e-16	1	59	4	62	0.9666666666666667
GntR	64	3300012837.a:Ga0160455_100015_77	257	9.7e-21	2	63	9	70	0.953125
HTH_1	60	3300012837.a:Ga0160455_100015_83	317	6.2e-24	3	60	18	75	0.95
HTH_6	77	3300012837.a:Ga0160455_100015_90	293	1.6e-08	4	67	7	70	0.8181818181818182
HTH_3	55	3300012837.a:Ga0160455_100015_94	101	1.1e-10	3	52	16	65	0.8909090909090909
HTH_1	60	3300012837.a:Ga0160455_100015_96	307	6.8e-19	4	60	7	63	0.9333333333333333
HTH_3	55	3300012837.a:Ga0160455_100019_11	124	2.4e-07	5	29	23	47	0.43636363636363634
HTH_1	60	3300012837.a:Ga0160455_100019_110	294	2.2e-18	7	60	4	57	0.8833333333333333
HTH_1	60	3300012837.a:Ga0160455_100019_116	593	6.4e-19	1	60	11	70	0.9833333333333333
HTH_1	60	3300012837.a:Ga0160455_100019_120	296	6.7e-21	1	60	3	62	0.9833333333333333
HTH_3	55	3300012837.a:Ga0160455_100019_123	222	1.9e-18	5	54	34	83	0.8909090909090909
MarR	59	3300012837.a:Ga0160455_100019_128	154	8.2e-05	7	49	9	51	0.711864406779661
HTH_1	60	3300012837.a:Ga0160455_100019_183	312	8.2e-25	1	60	7	66	0.9833333333333333
FUR	120	3300012837.a:Ga0160455_100019_190	176	1.5e-18	2	114	39	152	0.9333333333333333
MarR	59	3300012837.a:Ga0160455_100019_201	137	1e-12	3	59	34	92	0.9491525423728814
Arc	50	3300012837.a:Ga0160455_100019_213	90	7.9e-06	7	43	52	88	0.72
Trans_reg_C	77	3300012837.a:Ga0160455_100019_263	232	3.8e-29	2	77	151	225	0.974025974025974
MarR	59	3300012837.a:Ga0160455_100019_278	148	1.7e-15	5	58	37	90	0.8983050847457628
HTH_6	77	3300012837.a:Ga0160455_100019_283	290	1.9e-13	7	71	10	74	0.8311688311688312
HTH_1	60	3300012837.a:Ga0160455_100019_297	302	4.3e-25	1	59	3	61	0.9666666666666667
GntR	64	3300012837.a:Ga0160455_100019_308	241	9e-17	1	64	11	72	0.984375
HTH_AraC	42	3300012837.a:Ga0160455_100019_324	349	8e-10	1	42	294	336	0.9761904761904762
HTH_1	60	3300012837.a:Ga0160455_100019_330	312	2.9e-24	1	60	3	62	0.9833333333333333
HTH_8	42	3300012837.a:Ga0160455_100019_340	699	7.9e-10	6	42	646	682	0.8571428571428571
HTH_1	60	3300012837.a:Ga0160455_100019_346	316	4.2e-20	1	60	10	69	0.9833333333333333
HTH_3	55	3300012837.a:Ga0160455_100019_370	99	1.2e-07	7	45	20	58	0.6909090909090909
HTH_1	60	3300012837.a:Ga0160455_100019_49	316	6.3e-20	2	59	6	63	0.95
HTH_1	60	3300012837.a:Ga0160455_100019_60	294	1.3e-19	1	60	5	64	0.9833333333333333
HTH_1	60	3300012837.a:Ga0160455_100019_64	315	1.2e-16	1	60	4	63	0.9833333333333333
HTH_1	60	3300012837.a:Ga0160455_100019_85	315	1.4e-14	4	50	6	52	0.7666666666666667
HTH_AraC	42	3300012837.a:Ga0160455_100019_94	340	1.8e-09	6	42	295	332	0.8571428571428571
HTH_11	55	3300012837.a:Ga0160455_100024_109	407	4.8e-06	5	49	335	377	0.8
Trans_reg_C	77	3300012837.a:Ga0160455_100024_130	224	6e-27	3	77	146	219	0.961038961038961
GntR	64	3300012837.a:Ga0160455_100024_138	253	2.3e-20	1	64	15	78	0.984375
HTH_6	77	3300012837.a:Ga0160455_100024_14	281	3e-08	5	72	7	74	0.8701298701298701
HTH_1	60	3300012837.a:Ga0160455_100024_143	309	1.1e-21	1	60	12	71	0.9833333333333333
HTH_1	60	3300012837.a:Ga0160455_100024_150	305	1.6e-22	3	59	5	61	0.9333333333333333
HTH_AraC	42	3300012837.a:Ga0160455_100024_152	263	6.6e-05	15	42	182	209	0.6428571428571429
HTH_AraC	42	3300012837.a:Ga0160455_100024_152	263	3.8e-06	9	42	224	258	0.7857142857142857
HTH_1	60	3300012837.a:Ga0160455_100024_163	316	1.1e-19	1	59	18	76	0.9666666666666667
HTH_8	42	3300012837.a:Ga0160455_100024_166	665	2.3e-11	7	40	624	657	0.7857142857142857
HTH_3	55	3300012837.a:Ga0160455_100024_178	290	4.3e-10	1	53	33	85	0.9454545454545454
MerR	38	3300012837.a:Ga0160455_100024_180	154	7.6e-16	1	38	14	50	0.9736842105263158
MarR	59	3300012837.a:Ga0160455_100024_189	251	2.1e-06	7	46	10	50	0.6610169491525424
HTH_AraC	42	3300012837.a:Ga0160455_100024_199	336	5.2e-06	13	41	253	281	0.6666666666666666
HTH_1	60	3300012837.a:Ga0160455_100024_214	313	2.3e-18	3	59	10	66	0.9333333333333333
SpoVT_AbrB	46	3300012837.a:Ga0160455_100024_248	47	1.6e-05	1	39	7	45	0.8260869565217391
HTH_1	60	3300012837.a:Ga0160455_100024_26	332	1.5e-23	1	60	3	62	0.9833333333333333
MarR	59	3300012837.a:Ga0160455_100024_264	267	6.7e-06	6	52	16	64	0.7796610169491526
GntR	64	3300012837.a:Ga0160455_100024_272	515	4.6e-15	2	64	65	127	0.96875
MerR	38	3300012837.a:Ga0160455_100024_302	133	3.4e-10	1	38	7	42	0.9736842105263158
GntR	64	3300012837.a:Ga0160455_100024_315	277	1.9e-17	2	64	48	110	0.96875
HTH_1	60	3300012837.a:Ga0160455_100024_329	299	2.7e-19	1	59	5	63	0.9666666666666667
HTH_1	60	3300012837.a:Ga0160455_100024_33	282	2.5e-22	2	60	5	63	0.9666666666666667
HTH_1	60	3300012837.a:Ga0160455_100024_38	305	6.3e-16	1	57	10	68	0.9333333333333333
GntR	64	3300012837.a:Ga0160455_100024_5	200	2.1e-06	26	64	3	41	0.59375
MarR	59	3300012837.a:Ga0160455_100024_64	174	5.1e-12	1	58	55	112	0.9661016949152542
HTH_1	60	3300012837.a:Ga0160455_100024_65	299	3.8e-18	4	59	8	63	0.9166666666666666
SpoVT_AbrB	46	3300012837.a:Ga0160455_100024_67	90	1e-09	1	39	18	60	0.8260869565217391
HTH_1	60	3300012837.a:Ga0160455_100024_76	319	9.3e-23	1	59	3	61	0.9666666666666667
LacI	46	3300012837.a:Ga0160455_100024_80	354	5.6e-17	1	46	18	63	0.9782608695652174
HTH_1	60	3300012837.a:Ga0160455_100024_92	296	4e-17	1	60	6	65	0.9833333333333333
HTH_AraC	42	3300012837.a:Ga0160455_100024_96	382	5.8e-07	4	42	292	330	0.9047619047619048
HTH_AraC	42	3300012837.a:Ga0160455_100024_96	382	3.5e-09	4	39	340	376	0.8333333333333334
HTH_1	60	3300012837.a:Ga0160455_100031_1	309	3.6e-20	2	59	4	61	0.95
HTH_1	60	3300012837.a:Ga0160455_100031_107	312	2.1e-20	1	60	3	62	0.9833333333333333
HTH_1	60	3300012837.a:Ga0160455_100031_130	294	3.8e-25	1	60	3	62	0.9833333333333333
Trans_reg_C	77	3300012837.a:Ga0160455_100031_131	230	1.7e-22	2	77	152	227	0.974025974025974
HTH_3	55	3300012837.a:Ga0160455_100031_142	129	1.3e-07	1	31	37	67	0.5454545454545454
DUF24	91	3300012837.a:Ga0160455_100031_146	120	4.2e-29	1	85	16	100	0.9230769230769231
TrmB	68	3300012837.a:Ga0160455_100031_156	118	4.1e-07	23	59	30	66	0.5294117647058824
MarR	59	3300012837.a:Ga0160455_100031_163	161	1.2e-09	1	59	49	107	0.9830508474576272
AraC_N	148	3300012837.a:Ga0160455_100031_169	297	1e-45	1	147	21	172	0.9864864864864865
HTH_AraC	42	3300012837.a:Ga0160455_100031_169	297	6.4e-12	1	41	194	234	0.9523809523809523
HTH_1	60	3300012837.a:Ga0160455_100031_173	299	2.7e-18	1	59	10	68	0.9666666666666667
HTH_3	55	3300012837.a:Ga0160455_100031_194	486	4e-14	1	51	10	60	0.9090909090909091
HTH_1	60	3300012837.a:Ga0160455_100031_210	311	1.3e-18	1	60	6	65	0.9833333333333333
AraC_N	148	3300012837.a:Ga0160455_100031_218	297	7.3e-42	2	147	27	176	0.9797297297297297
HTH_AraC	42	3300012837.a:Ga0160455_100031_218	297	1.5e-07	5	41	202	238	0.8571428571428571
HTH_AraC	42	3300012837.a:Ga0160455_100031_218	297	1.2e-05	13	34	259	281	0.5
AraC_N	148	3300012837.a:Ga0160455_100031_222	310	1e-38	2	145	28	174	0.9662162162162162
HTH_AraC	42	3300012837.a:Ga0160455_100031_222	310	1.6e-12	1	41	198	238	0.9523809523809523
HTH_AraC	42	3300012837.a:Ga0160455_100031_222	310	8.3e-05	13	35	259	282	0.5238095238095238
TrmB	68	3300012837.a:Ga0160455_100031_238	268	1.4e-05	23	62	36	81	0.5735294117647058
HTH_1	60	3300012837.a:Ga0160455_100031_247	298	4e-23	1	60	6	65	0.9833333333333333
HTH_1	60	3300012837.a:Ga0160455_100031_266	323	1.8e-16	2	59	5	61	0.95
HTH_1	60	3300012837.a:Ga0160455_100031_274	314	2.8e-17	3	60	6	62	0.95
MarR	59	3300012837.a:Ga0160455_100031_294	158	2.4e-14	2	58	45	102	0.9491525423728814
HTH_1	60	3300012837.a:Ga0160455_100031_42	303	5.2e-21	3	60	12	69	0.95
HTH_1	60	3300012837.a:Ga0160455_100031_44	330	7.6e-15	2	59	33	90	0.95
MarR	59	3300012837.a:Ga0160455_100031_54	164	4.1e-10	17	58	56	98	0.6949152542372882
HTH_AraC	42	3300012837.a:Ga0160455_100031_63	304	3.4e-06	2	42	180	220	0.9523809523809523
HTH_AraC	42	3300012837.a:Ga0160455_100031_63	304	6.3e-08	6	42	232	269	0.8571428571428571
HTH_AraC	42	3300012837.a:Ga0160455_100031_66	358	1.8e-08	1	40	235	274	0.9285714285714286
HTH_AraC	42	3300012837.a:Ga0160455_100031_66	358	3.2e-10	6	41	289	325	0.8333333333333334
MarR	59	3300012837.a:Ga0160455_100031_7	159	2.3e-07	7	48	12	53	0.6949152542372882
GntR	64	3300012837.a:Ga0160455_100031_71	239	1.3e-15	4	64	18	78	0.9375
GntR	64	3300012837.a:Ga0160455_100031_74	238	1.1e-15	5	64	32	90	0.921875
GntR	64	3300012837.a:Ga0160455_100031_95	219	2.5e-18	2	64	13	74	0.96875
HTH_3	55	3300012837.a:Ga0160455_100039_115	98	1.7e-07	4	41	40	77	0.6727272727272727
GntR	64	3300012837.a:Ga0160455_100039_130	228	5.3e-20	2	64	21	82	0.96875
HTH_1	60	3300012837.a:Ga0160455_100039_145	299	3.5e-20	3	60	8	65	0.95
HTH_1	60	3300012837.a:Ga0160455_100039_151	299	3.8e-24	1	59	6	64	0.9666666666666667
HTH_1	60	3300012837.a:Ga0160455_100039_157	300	1.2e-21	1	59	6	64	0.9666666666666667
HTH_1	60	3300012837.a:Ga0160455_100039_161	305	2e-17	7	59	10	62	0.8666666666666667
HTH_1	60	3300012837.a:Ga0160455_100039_170	309	7.9e-19	1	59	6	64	0.9666666666666667
GntR	64	3300012837.a:Ga0160455_100039_183	261	6.4e-21	3	64	16	77	0.953125
GntR	64	3300012837.a:Ga0160455_100039_193	233	2.1e-22	2	64	14	75	0.96875
HTH_8	42	3300012837.a:Ga0160455_100039_217	575	3.9e-13	4	41	531	568	0.8809523809523809
HTH_3	55	3300012837.a:Ga0160455_100039_258	125	3e-09	1	50	12	61	0.8909090909090909
Trans_reg_C	77	3300012837.a:Ga0160455_100039_266	135	2.4e-17	3	77	49	122	0.961038961038961
LacI	46	3300012837.a:Ga0160455_100039_28	339	1.7e-14	3	46	8	51	0.9347826086956522
MarR	59	3300012837.a:Ga0160455_100039_31	167	7.6e-14	4	58	50	104	0.9152542372881356
HTH_1	60	3300012837.a:Ga0160455_100039_39	305	5.6e-20	1	60	3	62	0.9833333333333333
HTH_5	47	3300012837.a:Ga0160455_100039_44	246	1.5e-07	4	45	19	61	0.8723404255319149
HTH_1	60	3300012837.a:Ga0160455_100039_50	303	3.7e-18	1	60	14	73	0.9833333333333333
MarR	59	3300012837.a:Ga0160455_100039_52	261	5e-05	17	53	33	69	0.6101694915254238
HTH_1	60	3300012837.a:Ga0160455_100039_60	330	5.5e-18	1	60	29	88	0.9833333333333333
HTH_1	60	3300012837.a:Ga0160455_100039_62	305	1.8e-19	2	59	6	63	0.95
GntR	64	3300012837.a:Ga0160455_100039_77	215	6.8e-20	2	64	11	72	0.96875
HTH_1	60	3300012837.a:Ga0160455_100039_80	303	5.2e-20	1	60	8	66	0.9833333333333333
MarR	59	3300012837.a:Ga0160455_100039_87	159	7.6e-07	16	58	59	101	0.711864406779661
HTH_1	60	3300012837.a:Ga0160455_100039_93	324	1.5e-18	2	60	24	82	0.9666666666666667
DUF24	91	3300012837.a:Ga0160455_100039_95	132	3.4e-28	2	90	37	127	0.967032967032967
GntR	64	3300012837.a:Ga0160455_100048_107	275	2.1e-20	4	59	46	101	0.859375
HTH_AraC	42	3300012837.a:Ga0160455_100048_114	281	1.4e-07	2	42	225	263	0.9523809523809523
Trans_reg_C	77	3300012837.a:Ga0160455_100048_173	227	1.6e-23	1	77	146	219	0.987012987012987
HTH_5	47	3300012837.a:Ga0160455_100048_186	117	1.8e-05	1	46	24	70	0.9574468085106383
GntR	64	3300012837.a:Ga0160455_100048_204	249	7.1e-20	3	64	13	74	0.953125
MarR	59	3300012837.a:Ga0160455_100048_42	273	2.5e-07	8	49	18	61	0.6949152542372882
HTH_1	60	3300012837.a:Ga0160455_100048_64	316	2.9e-15	2	60	4	62	0.9666666666666667
GntR	64	3300012837.a:Ga0160455_100048_69	444	1.8e-14	2	64	6	68	0.96875
PadR	75	3300012837.a:Ga0160455_100048_72	194	4.5e-15	1	73	38	105	0.96
HTH_1	60	3300012837.a:Ga0160455_100048_87	312	2.5e-19	1	60	4	63	0.9833333333333333
HTH_1	60	3300012837.a:Ga0160455_100048_94	309	1.6e-20	1	60	10	69	0.9833333333333333
TrmB	68	3300012837.a:Ga0160455_100048_95	262	2.3e-06	19	58	34	73	0.5735294117647058
HTH_1	60	3300012837.a:Ga0160455_100066_112	307	1.8e-17	2	59	15	72	0.95
HTH_1	60	3300012837.a:Ga0160455_100066_113	297	3.7e-20	2	59	4	61	0.95
HTH_1	60	3300012837.a:Ga0160455_100066_12	302	3.5e-19	1	60	2	61	0.9833333333333333
MarR	59	3300012837.a:Ga0160455_100066_126	235	1.4e-05	15	52	28	65	0.6271186440677966
HTH_11	55	3300012837.a:Ga0160455_100066_128	168	1.6e-08	4	46	7	47	0.7636363636363637
HTH_DeoR	57	3300012837.a:Ga0160455_100066_132	255	1.8e-20	1	57	6	62	0.9824561403508771
GntR	64	3300012837.a:Ga0160455_100066_14	208	1.7e-08	6	64	13	70	0.90625
HTH_1	60	3300012837.a:Ga0160455_100066_147	308	7.9e-19	1	60	13	72	0.9833333333333333
GntR	64	3300012837.a:Ga0160455_100066_148	228	2e-11	5	59	17	70	0.84375
AraC_N	148	3300012837.a:Ga0160455_100066_154	321	1e-41	2	147	36	186	0.9797297297297297
HTH_AraC	42	3300012837.a:Ga0160455_100066_154	321	5.4e-09	1	41	208	248	0.9523809523809523
HTH_AraC	42	3300012837.a:Ga0160455_100066_154	321	3.3e-05	15	39	271	296	0.5714285714285714
GntR	64	3300012837.a:Ga0160455_100066_159	221	9.7e-23	2	64	17	78	0.96875
GntR	64	3300012837.a:Ga0160455_100066_167	262	4.4e-22	2	64	13	75	0.96875
HTH_1	60	3300012837.a:Ga0160455_100066_171	308	3.7e-19	3	59	6	62	0.9333333333333333
HTH_5	47	3300012837.a:Ga0160455_100066_172	93	2.9e-07	16	46	14	44	0.6382978723404256
Trans_reg_C	77	3300012837.a:Ga0160455_100066_176	232	1.1e-16	5	77	152	223	0.935064935064935
GntR	64	3300012837.a:Ga0160455_100066_25	475	3.7e-18	1	64	20	83	0.984375
HTH_1	60	3300012837.a:Ga0160455_100066_34	322	5e-16	3	60	25	82	0.95
HTH_1	60	3300012837.a:Ga0160455_100066_46	297	1.4e-23	2	60	9	67	0.9666666666666667
HTH_1	60	3300012837.a:Ga0160455_100066_52	295	2.8e-19	4	59	9	64	0.9166666666666666
HTH_1	60	3300012837.a:Ga0160455_100066_65	356	2.2e-18	3	60	51	108	0.95
GntR	64	3300012837.a:Ga0160455_100066_66	141	3.9e-08	2	33	21	52	0.484375
HTH_1	60	3300012837.a:Ga0160455_100066_68	327	9.5e-16	1	59	6	64	0.9666666666666667
HTH_1	60	3300012837.a:Ga0160455_100066_81	316	3.4e-19	3	60	11	68	0.95
HTH_1	60	3300012837.a:Ga0160455_100066_93	302	1.6e-19	1	59	4	62	0.9666666666666667
HTH_1	60	3300012837.a:Ga0160455_100066_96	312	1e-19	4	60	12	68	0.9333333333333333
HTH_1	60	3300012837.a:Ga0160455_100066_98	303	1.6e-20	1	60	12	71	0.9833333333333333
GntR	64	3300012837.a:Ga0160455_100074_110	274	3.1e-20	6	64	41	99	0.90625
HTH_1	60	3300012837.a:Ga0160455_100074_115	329	4.7e-22	1	60	19	78	0.9833333333333333
HTH_1	60	3300012837.a:Ga0160455_100074_124	311	8.1e-19	13	60	22	69	0.7833333333333333
HTH_AraC	42	3300012837.a:Ga0160455_100074_126	248	2.1e-07	20	42	221	244	0.5238095238095238
HTH_1	60	3300012837.a:Ga0160455_100074_130	287	4.4e-19	2	59	7	64	0.95
HTH_1	60	3300012837.a:Ga0160455_100074_142	295	2.2e-17	4	59	7	62	0.9166666666666666
TrmB	68	3300012837.a:Ga0160455_100074_154	257	2.9e-05	21	58	21	58	0.5441176470588235
GntR	64	3300012837.a:Ga0160455_100074_160	244	3e-20	2	64	14	76	0.96875
Rrf2	83	3300012837.a:Ga0160455_100074_18	155	3.7e-23	1	82	1	81	0.9759036144578314
MarR	59	3300012837.a:Ga0160455_100074_31	151	1.1e-08	2	58	41	97	0.9491525423728814
Rrf2	83	3300012837.a:Ga0160455_100074_36	271	2.8e-05	11	68	9	66	0.6867469879518072
HTH_11	55	3300012837.a:Ga0160455_100074_44	267	2.4e-05	1	46	21	66	0.8181818181818182
GntR	64	3300012837.a:Ga0160455_100074_45	522	8.6e-14	2	64	42	104	0.96875
HTH_1	60	3300012837.a:Ga0160455_100074_58	306	1e-25	1	60	3	62	0.9833333333333333
GntR	64	3300012837.a:Ga0160455_100074_65	250	8.5e-19	4	64	14	74	0.9375
HTH_AraC	42	3300012837.a:Ga0160455_100074_7	337	2.3e-06	11	38	247	274	0.6428571428571429
MerR	38	3300012837.a:Ga0160455_100074_73	131	5.6e-18	1	38	2	39	0.9736842105263158
GntR	64	3300012837.a:Ga0160455_100074_94	262	1e-17	1	64	17	80	0.984375
GntR	64	3300012837.a:Ga0160455_100077_12	225	3e-18	1	64	13	75	0.984375
MarR	59	3300012837.a:Ga0160455_100077_20	164	2.8e-09	1	58	38	95	0.9661016949152542
HTH_1	60	3300012837.a:Ga0160455_100077_24	307	6.3e-20	1	59	17	75	0.9666666666666667
HTH_1	60	3300012837.a:Ga0160455_100077_37	307	3.2e-21	1	60	4	63	0.9833333333333333
HTH_AraC	42	3300012837.a:Ga0160455_100077_41	261	1.6e-08	6	41	221	257	0.8333333333333334
GntR	64	3300012837.a:Ga0160455_100077_45	224	1.2e-15	2	64	16	77	0.96875
HTH_1	60	3300012837.a:Ga0160455_100077_51	294	2.9e-22	1	60	3	62	0.9833333333333333
HTH_AraC	42	3300012837.a:Ga0160455_100077_6	296	2.1e-07	9	41	257	290	0.7619047619047619
Rrf2	83	3300012837.a:Ga0160455_100077_61	247	8e-05	10	56	20	67	0.5542168674698795
HTH_1	60	3300012837.a:Ga0160455_100077_62	317	4.8e-19	1	60	3	62	0.9833333333333333
HTH_1	60	3300012837.a:Ga0160455_100077_70	309	2.1e-18	1	59	6	64	0.9666666666666667
HTH_1	60	3300012837.a:Ga0160455_100077_75	307	5.1e-23	1	59	4	62	0.9666666666666667
HTH_1	60	3300012837.a:Ga0160455_100077_88	300	2.5e-24	1	60	3	62	0.9833333333333333
MarR	59	3300012837.a:Ga0160455_100077_94	176	8.6e-19	2	59	34	91	0.9661016949152542
MerR	38	3300012837.a:Ga0160455_100078_103	144	2.4e-19	1	38	2	39	0.9736842105263158
HTH_1	60	3300012837.a:Ga0160455_100078_114	321	1.6e-19	1	59	6	64	0.9666666666666667
HTH_3	55	3300012837.a:Ga0160455_100078_125	170	6e-05	9	30	131	152	0.38181818181818183
DUF24	91	3300012837.a:Ga0160455_100078_19	121	3.7e-31	1	89	16	104	0.967032967032967
Trans_reg_C	77	3300012837.a:Ga0160455_100078_28	236	8.6e-23	3	77	156	231	0.961038961038961
GntR	64	3300012837.a:Ga0160455_100078_73	250	6.2e-24	1	64	15	78	0.984375
MarR	59	3300012837.a:Ga0160455_100078_74	159	4.3e-07	18	48	28	58	0.5084745762711864
SirB	120	3300012837.a:Ga0160455_100078_75	323	8.4e-06	43	111	130	200	0.5666666666666667
DUF24	91	3300012837.a:Ga0160455_100082_109	150	2.3e-23	1	87	20	105	0.945054945054945
HTH_1	60	3300012837.a:Ga0160455_100082_114	300	8e-20	2	60	7	65	0.9666666666666667
MarR	59	3300012837.a:Ga0160455_100082_137	205	1.3e-15	1	59	68	126	0.9830508474576272
HTH_1	60	3300012837.a:Ga0160455_100082_139	316	4.7e-18	3	60	17	74	0.95
Trans_reg_C	77	3300012837.a:Ga0160455_100082_27	248	5.5e-23	3	77	167	241	0.961038961038961
MerR	38	3300012837.a:Ga0160455_100082_43	147	5.5e-10	2	30	6	34	0.7368421052631579
MarR	59	3300012837.a:Ga0160455_100082_56	147	8e-11	1	58	37	94	0.9661016949152542
HTH_1	60	3300012837.a:Ga0160455_100082_94	330	8.3e-12	9	60	12	64	0.85
HTH_1	60	3300012837.a:Ga0160455_100092_101	303	4.2e-22	1	59	4	62	0.9666666666666667
HTH_1	60	3300012837.a:Ga0160455_100092_107	323	6e-19	2	60	20	77	0.9666666666666667
HTH_1	60	3300012837.a:Ga0160455_100092_16	295	5.7e-24	1	59	5	63	0.9666666666666667
HTH_3	55	3300012837.a:Ga0160455_100092_88	305	2.6e-05	9	51	61	104	0.7636363636363637
HTH_1	60	3300012837.a:Ga0160455_100092_89	307	4.2e-18	3	59	15	71	0.9333333333333333
SirB	120	3300012837.a:Ga0160455_100140_17	130	1e-35	1	120	4	119	0.9916666666666667
Trans_reg_C	77	3300012837.a:Ga0160455_100140_29	229	1.1e-22	1	77	145	218	0.987012987012987
CSD	66	3300012837.a:Ga0160455_100140_47	83	2.3e-32	2	64	18	80	0.9393939393939394
DUF24	91	3300012837.a:Ga0160455_100140_67	113	8.8e-33	1	85	25	110	0.9230769230769231
HTH_1	60	3300012837.a:Ga0160455_100140_75	296	2.8e-20	1	60	5	64	0.9833333333333333
HTH_11	55	3300012837.a:Ga0160455_100171_13	140	4.2e-10	4	46	7	48	0.7636363636363637
HTH_1	60	3300012837.a:Ga0160455_100171_15	295	3.2e-21	2	60	6	64	0.9666666666666667
GntR	64	3300012837.a:Ga0160455_100171_40	242	1.8e-17	2	64	15	76	0.96875
HTH_3	55	3300012837.a:Ga0160455_100171_47	115	2.6e-10	1	41	54	94	0.7272727272727273
HTH_AraC	42	3300012837.a:Ga0160455_100171_53	320	4.1e-10	1	42	225	266	0.9761904761904762
HTH_AraC	42	3300012837.a:Ga0160455_100171_53	320	9.1e-07	2	41	278	315	0.9285714285714286
HTH_1	60	3300012837.a:Ga0160455_100171_56	326	2.8e-16	2	60	8	66	0.9666666666666667
Trans_reg_C	77	3300012837.a:Ga0160455_100171_62	250	6e-18	2	77	150	225	0.974025974025974
HTH_3	55	3300012837.a:Ga0160455_100340_24	200	2.2e-14	1	55	13	67	0.9818181818181818
GntR	64	3300012837.a:Ga0160455_101065_6	248	3.5e-15	3	64	29	89	0.953125
HTH_DeoR	57	3300012837.a:Ga0160455_101065_7	235	1.4e-12	1	39	6	44	0.6666666666666666
