HTH_AraC	42	3300027312.a:Ga0209371_1000004_103	232	4e-10	4	41	140	177	0.8809523809523809
HTH_AraC	42	3300027312.a:Ga0209371_1000004_103	232	7.2e-09	1	42	189	228	0.9761904761904762
HTH_1	60	3300027312.a:Ga0209371_1000004_13	301	4.8e-23	3	60	9	66	0.95
HTH_AraC	42	3300027312.a:Ga0209371_1000004_143	334	1e-05	1	41	228	268	0.9523809523809523
HTH_AraC	42	3300027312.a:Ga0209371_1000004_143	334	4.2e-06	14	41	290	318	0.6428571428571429
AraC_N	148	3300027312.a:Ga0209371_1000004_147	318	1.6e-44	1	147	33	183	0.9864864864864865
HTH_AraC	42	3300027312.a:Ga0209371_1000004_147	318	1.3e-08	4	41	208	245	0.8809523809523809
HTH_AraC	42	3300027312.a:Ga0209371_1000004_147	318	4.4e-05	14	35	267	289	0.5
HTH_5	47	3300027312.a:Ga0209371_1000004_149	105	2.8e-11	1	46	12	58	0.9574468085106383
HTH_1	60	3300027312.a:Ga0209371_1000004_164	308	2.7e-20	3	60	10	67	0.95
HTH_3	55	3300027312.a:Ga0209371_1000004_177	290	8.1e-05	1	31	20	50	0.5454545454545454
HTH_1	60	3300027312.a:Ga0209371_1000004_205	292	1.3e-18	1	60	5	64	0.9833333333333333
HTH_11	55	3300027312.a:Ga0209371_1000004_210	291	1.7e-07	4	54	54	102	0.9090909090909091
CSD	66	3300027312.a:Ga0209371_1000004_225	70	3e-30	2	65	6	68	0.9545454545454546
HTH_AraC	42	3300027312.a:Ga0209371_1000004_248	266	3.4e-05	1	42	175	216	0.9761904761904762
HTH_AraC	42	3300027312.a:Ga0209371_1000004_248	266	2.6e-09	4	41	226	264	0.8809523809523809
HTH_1	60	3300027312.a:Ga0209371_1000004_254	306	2.6e-22	4	59	12	67	0.9166666666666666
FUR	120	3300027312.a:Ga0209371_1000004_256	136	6.6e-44	2	120	9	129	0.9833333333333333
GerE	57	3300027312.a:Ga0209371_1000004_265	235	5.1e-19	3	57	172	226	0.9473684210526315
HTH_1	60	3300027312.a:Ga0209371_1000004_274	344	9.7e-20	6	59	10	63	0.8833333333333333
HTH_1	60	3300027312.a:Ga0209371_1000004_275	299	6.2e-23	1	60	5	64	0.9833333333333333
HTH_3	55	3300027312.a:Ga0209371_1000004_28	260	2.3e-07	9	53	37	82	0.8
LytTR	98	3300027312.a:Ga0209371_1000004_31	291	2.3e-23	4	97	194	287	0.9489795918367347
GerE	57	3300027312.a:Ga0209371_1000004_312	216	8.3e-20	2	57	148	203	0.9649122807017544
HTH_8	42	3300027312.a:Ga0209371_1000004_316	190	8e-15	8	41	146	179	0.7857142857142857
HTH_1	60	3300027312.a:Ga0209371_1000004_334	307	1.5e-18	1	60	6	65	0.9833333333333333
LexA_DNA_bind	65	3300027312.a:Ga0209371_1000004_345	212	2.3e-21	3	65	2	64	0.9538461538461539
HTH_AraC	42	3300027312.a:Ga0209371_1000004_397	278	8.4e-12	1	42	180	221	0.9761904761904762
HTH_AraC	42	3300027312.a:Ga0209371_1000004_397	278	8.2e-12	8	41	235	269	0.7857142857142857
Trans_reg_C	77	3300027312.a:Ga0209371_1000004_413	224	1.1e-19	1	77	145	220	0.987012987012987
HTH_11	55	3300027312.a:Ga0209371_1000004_444	323	9.6e-18	1	55	7	62	0.9818181818181818
Trans_reg_C	77	3300027312.a:Ga0209371_1000004_505	243	1e-21	2	77	160	235	0.974025974025974
HTH_1	60	3300027312.a:Ga0209371_1000004_513	300	4.6e-17	2	59	6	63	0.95
MarR	59	3300027312.a:Ga0209371_1000004_517	148	1.7e-12	8	58	44	94	0.847457627118644
HTH_AraC	42	3300027312.a:Ga0209371_1000004_518	293	7.1e-09	5	41	231	268	0.8571428571428571
PadR	75	3300027312.a:Ga0209371_1000004_559	122	1.5e-21	1	74	24	99	0.9733333333333334
HTH_1	60	3300027312.a:Ga0209371_1000004_562	315	1.6e-20	3	60	10	67	0.95
HTH_AraC	42	3300027312.a:Ga0209371_1000004_583	493	2.9e-05	7	41	151	186	0.8095238095238095
Trans_reg_C	77	3300027312.a:Ga0209371_1000004_59	250	3.8e-18	3	77	173	245	0.961038961038961
FUR	120	3300027312.a:Ga0209371_1000004_592	164	1.1e-13	1	119	32	154	0.9833333333333333
Trans_reg_C	77	3300027312.a:Ga0209371_1000004_598	227	3.7e-25	2	77	149	224	0.974025974025974
DUF24	91	3300027312.a:Ga0209371_1000004_609	146	4.2e-21	1	86	15	99	0.9340659340659341
HTH_1	60	3300027312.a:Ga0209371_1000004_615	298	6.7e-21	3	60	7	63	0.95
GerE	57	3300027312.a:Ga0209371_1000004_660	138	2.6e-07	15	43	91	119	0.49122807017543857
Arc	50	3300027312.a:Ga0209371_1000004_687	60	0.0001	2	48	2	48	0.92
GerE	57	3300027312.a:Ga0209371_1000004_694	214	9.1e-23	2	56	152	206	0.9473684210526315
SpoVT_AbrB	46	3300027312.a:Ga0209371_1000004_7	75	3.2e-11	4	40	6	42	0.782608695652174
HTH_1	60	3300027312.a:Ga0209371_1000004_709	302	3.2e-18	3	60	7	63	0.95
GntR	64	3300027312.a:Ga0209371_1000004_723	240	1.4e-19	1	64	16	78	0.984375
HTH_3	55	3300027312.a:Ga0209371_1000004_728	75	5.2e-07	4	55	10	62	0.9272727272727272
MarR	59	3300027312.a:Ga0209371_1000004_732	157	8.8e-07	13	50	63	100	0.6271186440677966
LacI	46	3300027312.a:Ga0209371_1000004_735	336	2.8e-17	1	46	3	48	0.9782608695652174
LacI	46	3300027312.a:Ga0209371_1000004_746	344	9e-17	4	44	11	51	0.8695652173913043
LacI	46	3300027312.a:Ga0209371_1000004_75	351	5.5e-12	1	46	18	63	0.9782608695652174
Rrf2	83	3300027312.a:Ga0209371_1000004_770	152	2e-23	2	82	3	82	0.963855421686747
MerR	38	3300027312.a:Ga0209371_1000004_79	147	7.2e-19	1	38	2	39	0.9736842105263158
HTH_1	60	3300027312.a:Ga0209371_1000004_830	301	1.1e-24	1	59	6	64	0.9666666666666667
HTH_1	60	3300027312.a:Ga0209371_1000004_836	292	2.2e-19	2	59	5	62	0.95
MerR	38	3300027312.a:Ga0209371_1000004_838	145	2.5e-15	1	38	7	43	0.9736842105263158
HTH_1	60	3300027312.a:Ga0209371_1000004_846	315	4.6e-17	1	60	4	63	0.9833333333333333
HTH_DeoR	57	3300027312.a:Ga0209371_1000004_850	259	5.7e-17	1	54	12	65	0.9298245614035088
Trans_reg_C	77	3300027312.a:Ga0209371_1000004_923	230	2.5e-28	2	77	151	225	0.974025974025974
Trp_repressor	88	3300027312.a:Ga0209371_1000004_95	109	1.5e-28	2	87	21	105	0.9659090909090909
Crp	32	3300027312.a:Ga0209371_1000004_97	251	9.9e-16	1	32	194	225	0.96875
HTH_1	60	3300027312.a:Ga0209371_1000007_106	331	6.2e-18	1	59	4	62	0.9666666666666667
GntR	64	3300027312.a:Ga0209371_1000007_119	243	1.8e-19	2	64	10	72	0.96875
FMN_bind_2	168	3300027312.a:Ga0209371_1000007_156	213	4.6e-38	1	167	1	162	0.9880952380952381
HTH_5	47	3300027312.a:Ga0209371_1000007_173	310	1.5e-16	1	46	15	60	0.9574468085106383
GntR	64	3300027312.a:Ga0209371_1000007_182	120	1.4e-16	2	63	13	74	0.953125
CSD	66	3300027312.a:Ga0209371_1000007_211	70	4e-31	2	65	6	68	0.9545454545454546
GntR	64	3300027312.a:Ga0209371_1000007_22	255	4.5e-22	2	64	7	69	0.96875
LacI	46	3300027312.a:Ga0209371_1000007_248	341	6.7e-17	1	45	7	51	0.9565217391304348
PHB_acc_N	61	3300027312.a:Ga0209371_1000007_304	178	7.1e-32	1	60	6	65	0.9672131147540983
HTH_AraC	42	3300027312.a:Ga0209371_1000007_319	280	3.3e-10	10	40	27	57	0.7142857142857143
MerR	38	3300027312.a:Ga0209371_1000007_337	119	9.5e-12	1	38	20	57	0.9736842105263158
GntR	64	3300027312.a:Ga0209371_1000007_34	428	4.3e-18	2	64	8	70	0.96875
Trans_reg_C	77	3300027312.a:Ga0209371_1000007_350	521	1.5e-13	4	77	25	97	0.948051948051948
HTH_10	53	3300027312.a:Ga0209371_1000007_38	170	3.5e-05	25	48	137	160	0.4339622641509434
HTH_1	60	3300027312.a:Ga0209371_1000007_383	296	1.2e-20	1	59	9	67	0.9666666666666667
HTH_AraC	42	3300027312.a:Ga0209371_1000007_48	358	8e-07	12	42	289	320	0.7142857142857143
MerR	38	3300027312.a:Ga0209371_1000007_49	133	1.1e-17	1	38	2	39	0.9736842105263158
CSD	66	3300027312.a:Ga0209371_1000007_490	69	2.8e-33	2	65	3	66	0.9545454545454546
Trans_reg_C	77	3300027312.a:Ga0209371_1000007_517	238	9.3e-16	1	77	147	221	0.987012987012987
HTH_AraC	42	3300027312.a:Ga0209371_1000007_527	237	1.4e-07	2	42	139	179	0.9523809523809523
HTH_AraC	42	3300027312.a:Ga0209371_1000007_527	237	7.5e-11	6	41	191	227	0.8333333333333334
HTH_8	42	3300027312.a:Ga0209371_1000007_552	538	6.8e-07	8	39	501	532	0.7380952380952381
PspC	53	3300027312.a:Ga0209371_1000007_61	68	1.9e-22	2	52	7	64	0.9433962264150944
HTH_1	60	3300027312.a:Ga0209371_1000007_662	288	9.9e-23	1	59	8	66	0.9666666666666667
HTH_8	42	3300027312.a:Ga0209371_1000007_689	458	2.6e-16	2	42	414	454	0.9523809523809523
Trans_reg_C	77	3300027312.a:Ga0209371_1000007_698	226	1.2e-19	3	77	148	220	0.961038961038961
HTH_1	60	3300027312.a:Ga0209371_1000007_720	328	1.7e-18	1	59	3	63	0.9666666666666667
Pencillinase_R	115	3300027312.a:Ga0209371_1000007_737	122	2.5e-37	1	115	4	117	0.991304347826087
GerE	57	3300027312.a:Ga0209371_1000007_819	167	1.5e-08	15	45	129	159	0.5263157894736842
HTH_AraC	42	3300027312.a:Ga0209371_1000007_826	300	4.7e-05	9	39	191	221	0.7142857142857143
HTH_AraC	42	3300027312.a:Ga0209371_1000007_826	300	4.1e-05	2	41	236	273	0.9285714285714286
Trans_reg_C	77	3300027312.a:Ga0209371_1000007_827	771	9.1e-19	4	77	37	110	0.948051948051948
HTH_1	60	3300027312.a:Ga0209371_1000007_844	301	1e-20	2	59	5	62	0.95
GerE	57	3300027312.a:Ga0209371_1000007_863	224	3.8e-21	2	56	156	210	0.9473684210526315
Trans_reg_C	77	3300027312.a:Ga0209371_1000007_866	230	5.5e-20	1	77	145	218	0.987012987012987
HTH_1	60	3300027312.a:Ga0209371_1000007_893	295	8.5e-22	1	60	6	65	0.9833333333333333
HTH_AraC	42	3300027312.a:Ga0209371_1000007_897	275	1.1e-07	5	38	238	272	0.7857142857142857
HTH_11	55	3300027312.a:Ga0209371_1000007_905	164	1.6e-07	3	44	18	61	0.7454545454545455
HTH_AraC	42	3300027312.a:Ga0209371_1000018_110	262	1.4e-05	16	42	185	211	0.6190476190476191
HTH_AraC	42	3300027312.a:Ga0209371_1000018_110	262	3.2e-08	10	40	227	258	0.7142857142857143
HTH_DeoR	57	3300027312.a:Ga0209371_1000018_152	259	3.4e-20	1	54	7	60	0.9298245614035088
GerE	57	3300027312.a:Ga0209371_1000018_17	222	2.8e-21	3	57	150	204	0.9473684210526315
HTH_AraC	42	3300027312.a:Ga0209371_1000018_178	275	1.1e-11	1	42	11	52	0.9761904761904762
Trans_reg_C	77	3300027312.a:Ga0209371_1000018_204	220	2.7e-22	1	77	145	216	0.987012987012987
HTH_1	60	3300027312.a:Ga0209371_1000018_220	302	4.4e-18	3	60	9	66	0.95
MarR	59	3300027312.a:Ga0209371_1000018_229	165	7.4e-11	3	58	51	106	0.9322033898305084
Crp	32	3300027312.a:Ga0209371_1000018_253	222	2e-15	1	32	177	208	0.96875
LacI	46	3300027312.a:Ga0209371_1000018_292	336	1.1e-20	2	46	5	49	0.9565217391304348
HTH_8	42	3300027312.a:Ga0209371_1000018_310	66	1.7e-16	2	42	21	61	0.9523809523809523
HTH_1	60	3300027312.a:Ga0209371_1000018_327	299	2.7e-19	2	60	7	65	0.9666666666666667
MarR	59	3300027312.a:Ga0209371_1000018_334	307	1.1e-10	1	57	35	91	0.9491525423728814
HTH_1	60	3300027312.a:Ga0209371_1000018_38	298	3.3e-18	2	59	5	62	0.95
HTH_3	55	3300027312.a:Ga0209371_1000018_391	240	4.2e-10	1	55	12	66	0.9818181818181818
HTH_1	60	3300027312.a:Ga0209371_1000018_392	305	4.4e-20	3	60	8	65	0.95
LytTR	98	3300027312.a:Ga0209371_1000018_432	244	1.3e-26	3	97	146	240	0.9591836734693877
HTH_11	55	3300027312.a:Ga0209371_1000018_436	324	6.2e-15	1	55	6	61	0.9818181818181818
HTH_8	42	3300027312.a:Ga0209371_1000018_459	449	3.9e-13	7	42	408	443	0.8333333333333334
HTH_8	42	3300027312.a:Ga0209371_1000018_480	366	1.1e-09	2	37	326	361	0.8333333333333334
LacI	46	3300027312.a:Ga0209371_1000018_540	367	6.4e-21	1	46	16	61	0.9782608695652174
HTH_1	60	3300027312.a:Ga0209371_1000018_87	301	2.1e-21	1	60	5	64	0.9833333333333333
Rrf2	83	3300027312.a:Ga0209371_1000018_89	152	1.4e-22	1	83	1	81	0.9879518072289156
LacI	46	3300027312.a:Ga0209371_1000023_129	353	3.2e-20	1	46	16	60	0.9782608695652174
LacI	46	3300027312.a:Ga0209371_1000023_141	328	3.9e-17	1	46	4	48	0.9782608695652174
Trans_reg_C	77	3300027312.a:Ga0209371_1000023_149	960	9e-14	4	77	33	103	0.948051948051948
HTH_1	60	3300027312.a:Ga0209371_1000023_159	298	1.3e-21	2	60	7	65	0.9666666666666667
HTH_1	60	3300027312.a:Ga0209371_1000023_163	304	2.5e-21	2	59	4	61	0.95
GntR	64	3300027312.a:Ga0209371_1000023_181	241	3.5e-18	1	64	11	74	0.984375
Trans_reg_C	77	3300027312.a:Ga0209371_1000023_188	225	2.2e-20	1	77	145	220	0.987012987012987
GerE	57	3300027312.a:Ga0209371_1000023_209	215	8.7e-17	2	57	147	202	0.9649122807017544
GerE	57	3300027312.a:Ga0209371_1000023_210	213	8e-18	2	57	151	206	0.9649122807017544
HTH_AraC	42	3300027312.a:Ga0209371_1000023_216	154	2.2e-07	6	41	23	58	0.8333333333333334
HTH_AraC	42	3300027312.a:Ga0209371_1000023_216	154	4.5e-05	2	41	71	108	0.9285714285714286
Trans_reg_C	77	3300027312.a:Ga0209371_1000023_238	230	1.7e-24	2	77	145	219	0.974025974025974
GerE	57	3300027312.a:Ga0209371_1000023_245	214	7.1e-17	1	56	149	204	0.9649122807017544
Trans_reg_C	77	3300027312.a:Ga0209371_1000023_261	233	1.9e-27	1	77	146	221	0.987012987012987
HTH_1	60	3300027312.a:Ga0209371_1000023_263	298	8.8e-22	2	60	5	63	0.9666666666666667
HTH_1	60	3300027312.a:Ga0209371_1000023_276	309	9.3e-19	1	60	11	70	0.9833333333333333
MarR	59	3300027312.a:Ga0209371_1000023_303	155	4.1e-05	7	50	11	54	0.7288135593220338
Crp	32	3300027312.a:Ga0209371_1000023_317	259	4.8e-11	1	32	200	231	0.96875
HTH_1	60	3300027312.a:Ga0209371_1000023_329	296	8.6e-19	3	59	5	61	0.9333333333333333
Fe_dep_repress	60	3300027312.a:Ga0209371_1000023_358	155	2.4e-15	4	60	35	91	0.9333333333333333
HTH_1	60	3300027312.a:Ga0209371_1000023_370	307	3.4e-20	2	60	29	87	0.9666666666666667
HTH_AraC	42	3300027312.a:Ga0209371_1000023_398	139	1.2e-10	1	41	29	69	0.9523809523809523
HTH_AraC	42	3300027312.a:Ga0209371_1000023_398	139	4.9e-11	14	41	91	119	0.6428571428571429
HTH_8	42	3300027312.a:Ga0209371_1000023_40	502	1.8e-14	3	42	451	490	0.9285714285714286
GerE	57	3300027312.a:Ga0209371_1000023_401	218	5.2e-22	2	55	148	201	0.9298245614035088
HTH_1	60	3300027312.a:Ga0209371_1000023_403	316	1.2e-23	1	59	11	69	0.9666666666666667
HTH_1	60	3300027312.a:Ga0209371_1000023_410	294	3.8e-22	1	59	14	72	0.9666666666666667
HTH_3	55	3300027312.a:Ga0209371_1000023_42	470	1.1e-05	10	34	350	374	0.43636363636363634
GerE	57	3300027312.a:Ga0209371_1000023_43	213	8e-18	2	55	149	202	0.9298245614035088
HTH_1	60	3300027312.a:Ga0209371_1000028_104	294	1.5e-19	1	59	4	62	0.9666666666666667
MarR	59	3300027312.a:Ga0209371_1000028_117	160	5.4e-08	7	48	14	55	0.6949152542372882
HTH_1	60	3300027312.a:Ga0209371_1000028_132	310	8.6e-18	2	60	5	63	0.9666666666666667
GntR	64	3300027312.a:Ga0209371_1000028_139	481	4.7e-13	2	64	14	76	0.96875
Trans_reg_C	77	3300027312.a:Ga0209371_1000028_143	240	3.8e-29	1	77	155	231	0.987012987012987
Trans_reg_C	77	3300027312.a:Ga0209371_1000028_305	238	1.4e-19	1	77	155	229	0.987012987012987
HTH_1	60	3300027312.a:Ga0209371_1000028_338	322	3.5e-23	1	60	3	62	0.9833333333333333
HTH_1	60	3300027312.a:Ga0209371_1000028_343	295	1.1e-21	1	60	3	62	0.9833333333333333
HTH_5	47	3300027312.a:Ga0209371_1000028_360	112	3.9e-09	2	45	20	64	0.9148936170212766
PadR	75	3300027312.a:Ga0209371_1000028_360	112	8.8e-05	22	75	42	91	0.7066666666666667
HTH_6	77	3300027312.a:Ga0209371_1000028_40	283	2.3e-23	4	75	4	75	0.922077922077922
PadR	75	3300027312.a:Ga0209371_1000028_61	187	1.5e-18	1	74	35	103	0.9733333333333334
HTH_1	60	3300027312.a:Ga0209371_1000028_83	333	1.4e-16	2	60	41	99	0.9666666666666667
LytTR	98	3300027312.a:Ga0209371_1000028_99	256	1.1e-22	4	95	162	254	0.9285714285714286
HTH_1	60	3300027312.a:Ga0209371_1000031_112	323	5.5e-23	3	60	20	77	0.95
HTH_1	60	3300027312.a:Ga0209371_1000031_113	303	1e-26	1	60	5	64	0.9833333333333333
Trans_reg_C	77	3300027312.a:Ga0209371_1000031_14	238	1.9e-20	1	76	159	234	0.974025974025974
GerE	57	3300027312.a:Ga0209371_1000031_142	213	1.3e-15	2	56	152	206	0.9473684210526315
HTH_5	47	3300027312.a:Ga0209371_1000031_152	110	1.3e-10	3	46	17	63	0.9148936170212766
HTH_8	42	3300027312.a:Ga0209371_1000031_173	483	1.1e-11	2	39	436	473	0.8809523809523809
GerE	57	3300027312.a:Ga0209371_1000031_18	209	2.2e-17	2	56	148	202	0.9473684210526315
Pencillinase_R	115	3300027312.a:Ga0209371_1000031_214	129	2.3e-26	1	114	6	119	0.9826086956521739
LacI	46	3300027312.a:Ga0209371_1000031_246	353	6.6e-21	1	46	21	66	0.9782608695652174
MarR	59	3300027312.a:Ga0209371_1000031_251	162	1.9e-07	3	47	9	53	0.7457627118644068
GerE	57	3300027312.a:Ga0209371_1000031_27	224	1.2e-16	2	55	162	215	0.9298245614035088
HTH_1	60	3300027312.a:Ga0209371_1000031_316	324	6.5e-15	1	59	6	64	0.9666666666666667
MarR	59	3300027312.a:Ga0209371_1000031_336	179	3.3e-09	11	58	76	124	0.7966101694915254
GerE	57	3300027312.a:Ga0209371_1000031_41	201	2.8e-18	2	57	139	194	0.9649122807017544
HTH_3	55	3300027312.a:Ga0209371_1000031_63	101	7.3e-10	7	52	52	95	0.8181818181818182
HTH_11	55	3300027312.a:Ga0209371_1000031_67	323	7.7e-13	4	54	5	53	0.9090909090909091
Trans_reg_C	77	3300027312.a:Ga0209371_1000031_71	228	3e-26	2	77	146	220	0.974025974025974
HTH_3	55	3300027312.a:Ga0209371_1000031_83	456	3.8e-13	3	51	16	65	0.8727272727272727
HTH_1	60	3300027312.a:Ga0209371_1000031_89	304	1.8e-18	1	59	4	62	0.9666666666666667
