0037767	80	3300003272.a:Cyano_1000007_189	228	7.8e-15	1	76	152	226	0.9375
0041905	120	3300003272.a:Cyano_1000007_265	226	3.6e-06	2	52	149	193	0.4166666666666667
0035607	54	3300003272.a:Cyano_1000007_303	268	1.8e-10	2	53	214	263	0.9444444444444444
0044258	100	3300003272.a:Cyano_1000007_372	130	3e-15	3	96	4	98	0.93
0044258	100	3300003272.a:Cyano_1000007_376	117	5.9e-23	3	94	10	101	0.91
0044258	100	3300003272.a:Cyano_1000007_380	120	1.5e-18	3	96	11	104	0.93
0035607	54	3300003272.a:Cyano_1000007_394	261	3.1e-09	7	53	203	248	0.8518518518518519
0040517	144	3300003272.a:Cyano_1000007_401	167	5.2e-19	6	134	20	148	0.8888888888888888
0041905	120	3300003272.a:Cyano_1000008_15	136	8.4e-06	4	52	77	119	0.4
0039384	65	3300003272.a:Cyano_1000008_160	231	4.4e-06	10	46	156	192	0.5538461538461539
0040266	151	3300003272.a:Cyano_1000008_178	159	9.2e-18	24	141	5	124	0.7748344370860927
0037176	98	3300003272.a:Cyano_1000008_230	405	7.5e-13	45	97	351	403	0.5306122448979592
0042546	127	3300003272.a:Cyano_1000008_276	112	7e-21	1	93	13	106	0.7244094488188977
0035607	54	3300003272.a:Cyano_1000008_67	340	1e-10	2	52	284	332	0.9259259259259259
0040266	151	3300003272.a:Cyano_1000008_7	430	7.4e-10	37	147	308	427	0.7284768211920529
0040266	151	3300003272.a:Cyano_1000008_9	219	9.2e-16	32	148	13	133	0.7682119205298014
0044258	100	3300003272.a:Cyano_1000010_144	97	2.7e-13	7	94	3	91	0.87
0035607	54	3300003272.a:Cyano_1000010_159	809	1.7e-06	3	52	751	801	0.9074074074074074
0038966	94	3300003272.a:Cyano_1000010_19	262	2.8e-13	27	87	2	62	0.6382978723404256
0044258	100	3300003272.a:Cyano_1000010_20	100	1.1e-14	5	94	4	94	0.89
0041150	134	3300003272.a:Cyano_1000010_252	153	1.7e-28	3	133	14	144	0.9701492537313433
0037176	98	3300003272.a:Cyano_1000010_30	455	5.3e-16	1	97	367	454	0.9795918367346939
0035481	52	3300003272.a:Cyano_1000010_345	59	4e-06	9	50	5	46	0.7884615384615384
0043707	64	3300003272.a:Cyano_1000011_154	138	2e-11	3	62	14	74	0.921875
0043707	64	3300003272.a:Cyano_1000011_157	79	4.3e-08	3	62	14	74	0.921875
0035607	54	3300003272.a:Cyano_1000011_337	1191	1.8e-10	2	53	1129	1178	0.9444444444444444
0041905	120	3300003272.a:Cyano_1000011_5	157	1.3e-06	2	66	85	145	0.5333333333333333
0043935	94	3300003272.a:Cyano_1000011_66	151	4.2e-17	2	92	47	142	0.9574468085106383
0036286	54	3300003272.a:Cyano_1000011_78	332	1.4e-11	2	53	217	268	0.9444444444444444
0035607	54	3300003272.a:Cyano_1000011_78	332	1.2e-09	3	53	270	318	0.9259259259259259
0041905	120	3300003272.a:Cyano_1000029_172	220	6e-05	3	52	154	197	0.4083333333333333
0039939	63	3300003272.a:Cyano_1000029_173	231	1.4e-06	7	56	161	210	0.7777777777777778
0036286	54	3300003272.a:Cyano_1000029_25	290	2.1e-08	3	53	8	58	0.9259259259259259
0035607	54	3300003272.a:Cyano_1000029_25	290	4.1e-09	3	52	60	107	0.9074074074074074
0041905	120	3300003272.a:Cyano_1000029_26	222	1.3e-05	3	52	154	197	0.4083333333333333
0043707	64	3300003272.a:Cyano_1000029_44	182	1.1e-11	5	56	5	57	0.796875
0043935	94	3300003272.a:Cyano_1000029_76	115	1.1e-14	6	92	10	104	0.9148936170212766
0035607	54	3300003272.a:Cyano_1000029_82	274	2.7e-05	11	53	205	244	0.7777777777777778
0044258	100	3300003272.a:Cyano_1000031_143	116	3.9e-19	3	91	12	100	0.88
0040517	144	3300003272.a:Cyano_1000031_165	323	1e-07	25	108	7	84	0.5763888888888888
0040266	151	3300003272.a:Cyano_1000031_173	570	6.6e-05	32	117	448	534	0.5629139072847682
0036286	54	3300003272.a:Cyano_1000031_175	283	4.2e-10	7	53	182	228	0.8518518518518519
0035607	54	3300003272.a:Cyano_1000031_175	283	2.4e-10	3	52	230	277	0.9074074074074074
0040266	151	3300003272.a:Cyano_1000031_211	976	6.8e-08	24	141	306	420	0.7748344370860927
0039384	65	3300003272.a:Cyano_1000031_42	211	1.9e-05	15	44	156	185	0.4461538461538462
0043669	98	3300003272.a:Cyano_1000031_51	89	4.2e-15	32	95	2	65	0.6428571428571429
0035607	54	3300003272.a:Cyano_1000031_54	1179	9.9e-08	2	53	1119	1168	0.9444444444444444
0036286	54	3300003272.a:Cyano_1000031_76	301	1.4e-14	3	53	196	246	0.9259259259259259
0035607	54	3300003272.a:Cyano_1000031_76	301	3.5e-09	2	52	247	295	0.9259259259259259
0038966	94	3300003272.a:Cyano_1000031_96	325	2.4e-05	20	71	222	264	0.5425531914893617
0035607	54	3300003272.a:Cyano_1000031_96	325	2e-11	2	53	269	321	0.9444444444444444
0036286	54	3300003272.a:Cyano_1000032_57	296	1.6e-12	2	52	195	245	0.9259259259259259
0035607	54	3300003272.a:Cyano_1000032_57	296	2.2e-09	3	50	248	293	0.8703703703703703
0040517	144	3300003272.a:Cyano_1000032_79	149	1e-27	4	132	13	141	0.8888888888888888
0038753	71	3300003272.a:Cyano_1000032_93	217	8.5e-11	3	68	150	209	0.9154929577464789
0042628	48	3300003272.a:Cyano_1000035_119	97	1.9e-10	4	44	19	59	0.8333333333333334
0039384	65	3300003272.a:Cyano_1000035_126	237	2.5e-13	6	63	9	66	0.8769230769230769
0035607	54	3300003272.a:Cyano_1000035_133	304	9.8e-12	2	54	251	301	0.9629629629629629
0040266	151	3300003272.a:Cyano_1000035_142	167	1.4e-19	4	142	3	143	0.9139072847682119
0043707	64	3300003272.a:Cyano_1000035_182	170	2.1e-12	5	62	32	90	0.890625
0039384	65	3300003272.a:Cyano_1000035_50	337	2.5e-12	5	63	27	85	0.8923076923076924
0035607	54	3300003272.a:Cyano_1000035_89	960	3.2e-07	6	53	860	904	0.8703703703703703
0035607	54	3300003272.a:Cyano_1000035_89	960	5.6e-09	2	53	905	955	0.9444444444444444
0041905	120	3300003272.a:Cyano_1000043_102	115	5.2e-20	13	118	1	105	0.875
0038753	71	3300003272.a:Cyano_1000043_123	356	1.4e-12	1	68	275	341	0.9436619718309859
0035607	54	3300003272.a:Cyano_1000043_29	1176	2.3e-09	3	53	1115	1163	0.9259259259259259
0035607	54	3300003272.a:Cyano_1000043_57	282	1.1e-09	2	52	226	274	0.9259259259259259
0041905	120	3300003272.a:Cyano_1000043_83	366	5.8e-06	5	59	308	358	0.45
0042156	125	3300003272.a:Cyano_1000043_87	151	2.4e-23	2	119	14	131	0.936
0040517	144	3300003272.a:Cyano_1000046_138	145	5.9e-23	2	135	11	141	0.9236111111111112
0039384	65	3300003272.a:Cyano_1000046_182	229	6.3e-12	3	64	1	62	0.9384615384615385
0035607	54	3300003272.a:Cyano_1000051_1	332	6.7e-10	4	53	171	218	0.9074074074074074
0035607	54	3300003272.a:Cyano_1000051_1	332	8.1e-09	6	53	278	326	0.8703703703703703
0043707	64	3300003272.a:Cyano_1000051_128	121	5.4e-12	6	61	11	67	0.859375
0043707	64	3300003272.a:Cyano_1000051_52	252	3e-06	3	62	8	69	0.921875
0038966	94	3300003272.a:Cyano_1000051_52	252	1.8e-05	42	87	109	154	0.4787234042553192
0043707	64	3300003272.a:Cyano_1000051_56	105	5.4e-13	3	61	38	97	0.90625
0043707	64	3300003272.a:Cyano_1000051_77	123	6.4e-06	16	61	1	46	0.703125
0043143	63	3300003272.a:Cyano_1000051_78	171	1.2e-05	6	53	3	51	0.746031746031746
0043707	64	3300003272.a:Cyano_1000085_52	195	1.2e-15	3	62	9	69	0.921875
0036286	54	3300003272.a:Cyano_1000091_1	290	6.1e-10	3	53	225	274	0.9259259259259259
0035607	54	3300003272.a:Cyano_1000091_115	304	8.3e-10	4	53	251	298	0.9074074074074074
0040586	141	3300003272.a:Cyano_1000091_122	134	5e-16	1	129	1	116	0.9078014184397163
0043095	94	3300003272.a:Cyano_1000091_146	112	5.6e-22	6	90	14	99	0.8936170212765957
0044030	41	3300003272.a:Cyano_1000091_171	111	1.8e-07	1	29	81	109	0.6829268292682927
0044030	41	3300003272.a:Cyano_1000091_174	129	3.6e-07	1	31	96	126	0.7317073170731707
0035607	54	3300003272.a:Cyano_1000091_29	303	1.3e-10	2	52	251	299	0.9259259259259259
0042546	127	3300003272.a:Cyano_1000091_32	136	2.6e-26	1	111	1	114	0.8661417322834646
0036286	54	3300003272.a:Cyano_1000091_37	331	7.7e-13	2	53	220	271	0.9444444444444444
0035607	54	3300003272.a:Cyano_1000091_37	331	4.8e-06	4	52	274	320	0.8888888888888888
0044258	100	3300003272.a:Cyano_1000091_44	120	1.5e-16	3	96	14	107	0.93
0037176	98	3300003272.a:Cyano_1000091_62	708	2e-06	2	97	609	699	0.9693877551020408
0037176	98	3300003272.a:Cyano_1000091_84	453	7.7e-18	1	97	366	452	0.9795918367346939
0035607	54	3300003272.a:Cyano_1000091_89	305	2.2e-07	3	52	254	301	0.9074074074074074
0040586	141	3300003272.a:Cyano_1000105_65	147	3.3e-24	3	139	7	143	0.9645390070921985
0035607	54	3300003272.a:Cyano_1000105_90	278	2.6e-10	2	52	73	121	0.9259259259259259
0035607	54	3300003272.a:Cyano_1000105_90	278	4.6e-10	2	53	203	252	0.9444444444444444
0039384	65	3300003272.a:Cyano_1000111_35	83	6.7e-08	9	58	9	58	0.7538461538461538
0035607	54	3300003272.a:Cyano_1000111_39	304	2.7e-08	6	52	243	287	0.8518518518518519
0043095	94	3300003272.a:Cyano_1000111_41	100	2.9e-22	9	91	2	84	0.8723404255319149
0043707	64	3300003272.a:Cyano_1000111_59	181	9.6e-14	5	60	3	59	0.859375
0035607	54	3300003272.a:Cyano_1000111_8	277	1.5e-08	2	53	74	123	0.9444444444444444
0035607	54	3300003272.a:Cyano_1000111_8	277	7.6e-07	2	49	208	253	0.8703703703703703
0042546	127	3300003272.a:Cyano_1000121_31	295	4.8e-16	1	87	4	90	0.6771653543307087
0043707	64	3300003272.a:Cyano_1000124_10	74	1.6e-08	6	51	11	57	0.703125
0035607	54	3300003272.a:Cyano_1000124_11	1327	0.0001	1	51	1274	1323	0.9259259259259259
0043707	64	3300003272.a:Cyano_1000124_31	187	4.2e-10	7	48	1	43	0.640625
0035607	54	3300003272.a:Cyano_1000124_63	303	6.1e-10	4	53	253	300	0.9074074074074074
0036286	54	3300003272.a:Cyano_1000124_64	296	3.3e-13	3	53	195	245	0.9259259259259259
0035607	54	3300003272.a:Cyano_1000124_64	296	2.1e-07	2	49	246	291	0.8703703703703703
0037176	98	3300003272.a:Cyano_1000125_28	451	1e-06	2	94	360	444	0.9387755102040817
0041905	120	3300003272.a:Cyano_1000144_46	132	7.1e-24	2	119	5	121	0.975
0044258	100	3300003272.a:Cyano_1000199_15	106	7.4e-16	2	88	9	96	0.86
0040517	144	3300003272.a:Cyano_1000199_45	171	1.4e-24	6	134	36	162	0.8888888888888888
0043669	98	3300003272.a:Cyano_1000199_5	110	1.6e-21	12	92	8	90	0.8163265306122449
0039939	63	3300003272.a:Cyano_1000199_63	138	7.5e-07	12	55	39	82	0.6825396825396826
0035607	54	3300003272.a:Cyano_1000199_9	308	8.2e-11	5	53	256	302	0.8888888888888888
0044258	100	3300003272.a:Cyano_1000221_14	152	1.5e-11	4	97	14	108	0.93
0035607	54	3300003272.a:Cyano_1000221_24	292	7.8e-08	5	52	243	288	0.8703703703703703
0044258	100	3300003272.a:Cyano_1000221_40	135	2.5e-15	3	97	8	103	0.94
0041905	120	3300003272.a:Cyano_1000285_1	225	9.4e-05	4	52	160	202	0.4
