Trans_reg_C	77	3300020183.a:Ga0194115_10000001_127	229	1e-22	1	77	145	220	0.987012987012987
HTH_3	55	3300020183.a:Ga0194115_10000001_227	123	7.3e-11	1	55	8	62	0.9818181818181818
FUR	120	3300020183.a:Ga0194115_10000001_3	155	9.1e-33	2	119	22	140	0.975
HTH_AraC	42	3300020183.a:Ga0194115_10000001_508	303	4.6e-05	11	35	219	243	0.5714285714285714
HTH_AraC	42	3300020183.a:Ga0194115_10000001_508	303	2.3e-12	2	41	262	299	0.9285714285714286
LacI	46	3300020183.a:Ga0194115_10000013_127	347	3.1e-15	1	46	7	52	0.9782608695652174
HTH_AraC	42	3300020183.a:Ga0194115_10000013_161	301	2.1e-05	4	36	210	242	0.7619047619047619
HTH_AraC	42	3300020183.a:Ga0194115_10000013_161	301	3.2e-10	6	41	261	297	0.8333333333333334
TrmB	68	3300020183.a:Ga0194115_10000013_187	454	3.4e-05	23	50	425	452	0.39705882352941174
HTH_8	42	3300020183.a:Ga0194115_10000013_193	415	1.2e-11	3	42	371	410	0.9285714285714286
Fe_dep_repress	60	3300020183.a:Ga0194115_10000013_205	220	3.8e-16	1	60	1	61	0.9833333333333333
PspC	53	3300020183.a:Ga0194115_10000013_53	84	1.1e-06	13	51	25	69	0.7169811320754716
PadR	75	3300020183.a:Ga0194115_10000013_81	113	1.1e-19	1	73	19	88	0.96
PspC	53	3300020183.a:Ga0194115_10000013_82	793	5e-23	1	52	119	176	0.9622641509433962
PspC	53	3300020183.a:Ga0194115_10000013_82	793	3.3e-20	1	53	187	243	0.9811320754716981
Pencillinase_R	115	3300020183.a:Ga0194115_10000017_195	191	4.6e-05	26	68	30	72	0.3652173913043478
HTH_3	55	3300020183.a:Ga0194115_10000017_220	216	5.9e-07	7	28	21	42	0.38181818181818183
HTH_5	47	3300020183.a:Ga0194115_10000017_74	133	1.4e-11	2	46	21	66	0.9361702127659575
LytTR	98	3300020183.a:Ga0194115_10000027_121	239	3.3e-25	2	97	141	236	0.9693877551020408
GerE	57	3300020183.a:Ga0194115_10000027_21	223	6.8e-12	4	57	158	211	0.9298245614035088
Crp	32	3300020183.a:Ga0194115_10000027_33	353	1.8e-07	1	32	301	332	0.96875
HTH_AraC	42	3300020183.a:Ga0194115_10000028_23	405	1.7e-10	7	41	357	392	0.8095238095238095
HTH_AraC	42	3300020183.a:Ga0194115_10000028_27	325	1e-07	9	42	283	317	0.7857142857142857
TrmB	68	3300020183.a:Ga0194115_10000028_78	159	8.5e-06	3	56	4	57	0.7794117647058824
MarR	59	3300020183.a:Ga0194115_10000028_88	150	2.7e-08	1	59	43	103	0.9830508474576272
MerR	38	3300020183.a:Ga0194115_10000122_7	112	1e-09	1	38	14	51	0.9736842105263158
GerE	57	3300020183.a:Ga0194115_10000155_29	222	5.5e-20	2	57	159	214	0.9649122807017544
HTH_3	55	3300020183.a:Ga0194115_10000177_11	227	2.4e-15	1	55	9	63	0.9818181818181818
HTH_3	55	3300020183.a:Ga0194115_10000177_32	295	4.3e-05	6	32	144	172	0.4727272727272727
GerE	57	3300020183.a:Ga0194115_10000177_38	183	3.5e-05	13	45	141	173	0.5614035087719298
GerE	57	3300020183.a:Ga0194115_10000177_47	209	3.8e-14	2	56	147	201	0.9473684210526315
GerE	57	3300020183.a:Ga0194115_10000190_20	934	4.6e-07	18	50	891	923	0.5614035087719298
Trans_reg_C	77	3300020183.a:Ga0194115_10000190_67	229	1.4e-25	3	77	156	225	0.961038961038961
HTH_3	55	3300020183.a:Ga0194115_10000190_75	269	1.4e-14	1	55	14	68	0.9818181818181818
LacI	46	3300020183.a:Ga0194115_10000201_17	310	7.4e-18	2	46	8	52	0.9565217391304348
Crp	32	3300020183.a:Ga0194115_10000484_20	350	1.4e-06	2	32	300	330	0.9375
Crp	32	3300020183.a:Ga0194115_10000484_23	209	2.3e-09	1	32	165	196	0.96875
HTH_10	53	3300020183.a:Ga0194115_10000679_27	207	7e-05	22	43	22	43	0.39622641509433965
HTH_3	55	3300020183.a:Ga0194115_10001240_19	100	2e-11	3	51	16	64	0.8727272727272727
LytTR	98	3300020183.a:Ga0194115_10002029_15	257	7.8e-19	7	97	160	254	0.9183673469387755
