PUL0006	1
PUL00014	1
PUL0014	1
PUL0016	1
PUL0016	1
PUL0017	1
PUL0022	1
PUL0022	1
PUL0022	1
PUL0022	1
PUL0022	1
PUL0041	1
PUL0058	1
PUL0106	1
PUL0106	1
PUL0121	1
PUL0124	1
PUL0180	1
PUL0186	1
PUL0195	1
PUL0212	1
PUL0216	1
PUL0231	1
PUL0238	1
PUL00241	1
PUL0250	1
PUL0256	1
PUL00290	1
PUL00290	1
PUL00290	2
PUL0337	1
PUL0340	1
PUL0340	1
PUL0347	1
PUL0368	1
PUL0392	1
PUL0396	1
PUL0401	1
PUL0414	1
PUL0432	1
PUL0501	1
PUL0522	1
PUL0574	1
PUL0575	1
PUL0576	1
PUL00706	1
PUL01060	1
PUL01075	1
PUL01131	1
PUL01131	1
PUL01132	1
PUL01248	1
PUL01615	1
PUL03358	1
PUL03403	1
PUL03412	1
PUL03452	1
PUL04066	1
PUL04132	1
PUL04144	1
PUL04600	1
PUL04930	1
PUL05045	1
