3300029323.a:Ga0243332_103083_2	gnl|TC-DB|Q83XH0|3.A.1.121.4	44.0	357	190	1	86	432	1	357	5.5e-88	321.2
3300029323.a:Ga0243332_103083_3	gnl|TC-DB|P75835|2.A.3.7.2	47.3	478	236	6	5	475	8	476	5.4e-121	431.0
3300029323.a:Ga0243332_102956_2	gnl|TC-DB|Q6MR29|3.A.5.1.3	46.8	891	393	8	6	841	8	872	7.2e-217	750.4
3300029323.a:Ga0243332_101766_1	gnl|TC-DB|Q5G3N9|3.A.7.19.1	34.4	555	332	10	15	545	10	556	2.6e-90	329.3
3300029323.a:Ga0243332_101766_9	gnl|TC-DB|P54596|2.A.23.1.4	34.1	472	286	10	15	470	1	463	6.4e-45	178.3
3300029323.a:Ga0243332_101616_2	gnl|TC-DB|Q8RME1|3.A.1.126.1	27.6	286	204	3	1	284	1	285	1.8e-29	126.3
3300029323.a:Ga0243332_101423_3	gnl|TC-DB|Q9I3V8|3.A.1.103.6	47.3	207	109	0	36	242	35	241	3.2e-53	204.9
3300029323.a:Ga0243332_101423_4	gnl|TC-DB|Q9HTB8|3.A.1.103.6	29.7	246	162	5	14	251	12	254	5.0e-20	94.7
3300029323.a:Ga0243332_101423_7	gnl|TC-DB|917585193|9.B.18.1.3	41.5	265	145	7	183	441	188	448	3.3e-43	172.6
3300029323.a:Ga0243332_101359_4	gnl|TC-DB|Q9WZS2|2.A.66.1.28	30.1	435	282	10	10	436	18	438	1.1e-40	164.1
3300029323.a:Ga0243332_101359_6	gnl|TC-DB|A7NRF9|3.A.1.26.5	43.5	168	90	3	29	195	4	167	6.0e-29	124.0
3300029323.a:Ga0243332_102152_2	gnl|TC-DB|A0QQ68|3.A.1.9.2	29.8	496	318	9	32	517	49	524	5.2e-45	178.7
3300029323.a:Ga0243332_102152_3	gnl|TC-DB|P16677|3.A.1.9.1	36.8	253	146	5	3	246	5	252	5.0e-41	164.5
3300029323.a:Ga0243332_101357_12	gnl|TC-DB|Q56992|3.A.1.14.5	35.7	280	172	4	63	336	54	331	2.1e-34	142.9
3300029323.a:Ga0243332_101357_13	gnl|TC-DB|O84071|3.A.1.15.12	31.6	250	153	8	5	250	9	244	7.8e-25	110.9
3300029323.a:Ga0243332_101296_7	gnl|TC-DB|I6L8P4|2.A.66.1.33	33.6	452	295	3	1	451	1	448	5.5e-67	251.5
3300029323.a:Ga0243332_101187_6	gnl|TC-DB|Q6ADZ6|4.F.1.1.7	44.2	172	90	2	2	168	5	175	2.6e-28	121.7
3300029323.a:Ga0243332_101187_20	gnl|TC-DB|Q73LW8|2.A.51.1.6	52.5	162	63	1	7	154	13	174	5.0e-35	144.1
3300029323.a:Ga0243332_101187_21	gnl|TC-DB|Q73LW9|2.A.51.1.6	44.6	101	56	0	2	102	1	101	1.3e-16	82.0
3300029323.a:Ga0243332_103127_2	gnl|TC-DB|P0AGM7|2.A.40.1.1	55.0	413	182	2	3	412	2	413	2.0e-119	425.6
3300029323.a:Ga0243332_101343_1	gnl|TC-DB|P31466|2.A.40.7.6	38.3	462	248	4	3	461	15	442	4.3e-75	278.5
3300029323.a:Ga0243332_101298_11	gnl|TC-DB|Q9KN48|3.A.23.1.1	34.7	340	217	4	152	489	193	529	9.8e-49	191.0
3300029323.a:Ga0243332_101170_2	gnl|TC-DB|D4JAJ1|9.B.143.2.2	63.0	238	84	3	13	249	1	235	5.4e-72	267.3
3300029323.a:Ga0243332_100313_3	gnl|TC-DB|I6L8P4|2.A.66.1.33	30.9	440	293	6	17	451	12	445	4.8e-50	195.3
3300029323.a:Ga0243332_100313_5	gnl|TC-DB|Q7WZ38|2.A.66.1.37	25.5	423	314	1	15	436	14	436	2.7e-42	169.5
3300029323.a:Ga0243332_100313_35	gnl|TC-DB|Q9AGM7|3.A.15.3.1	43.8	379	207	2	32	406	114	490	7.2e-90	327.4
3300029323.a:Ga0243332_100313_39	gnl|TC-DB|Q8VRL3|3.A.11.1.3	29.9	345	231	3	8	345	98	438	7.3e-35	144.4
3300029323.a:Ga0243332_100313_41	gnl|TC-DB|P33594|3.A.1.5.3	31.9	204	126	4	13	203	20	223	1.8e-23	105.9
3300029323.a:Ga0243332_100313_42	gnl|TC-DB|Q9F9T4|3.A.1.5.23	35.6	292	162	10	5	279	19	301	6.3e-37	151.0
3300029323.a:Ga0243332_100313_43	gnl|TC-DB|P26904|3.A.1.5.2	31.0	268	182	2	2	268	51	316	1.7e-34	142.9
3300029323.a:Ga0243332_100313_44	gnl|TC-DB|P42062|3.A.1.5.20	34.7	311	194	5	1	309	11	314	1.2e-47	186.8
3300029323.a:Ga0243332_100313_45	gnl|TC-DB|P33590|3.A.1.5.3	25.4	437	284	14	84	494	55	475	1.6e-28	124.0
3300029323.a:Ga0243332_100313_46	gnl|TC-DB|I6ZUE8|9.B.156.3.1	38.2	207	84	1	26	232	145	307	4.0e-32	134.8
3300029323.a:Ga0243332_101180_2	gnl|TC-DB|P50002|3.A.2.1.5	73.3	461	121	2	4	463	3	462	2.5e-195	677.9
3300029323.a:Ga0243332_101180_3	gnl|TC-DB|P50005|3.A.2.1.5	44.0	298	156	3	4	290	5	302	1.7e-64	242.7
3300029323.a:Ga0243332_101180_4	gnl|TC-DB|P50000|3.A.2.1.5	69.5	498	148	2	1	497	1	495	8.0e-192	666.4
3300029323.a:Ga0243332_101180_5	gnl|TC-DB|I7MMI7|3.A.2.1.4	29.2	171	121	0	9	179	47	217	1.8e-16	82.4
3300029323.a:Ga0243332_101180_7	gnl|TC-DB|Q59166|3.A.2.1.5	64.6	79	28	0	5	83	3	81	5.6e-21	96.3
3300029323.a:Ga0243332_101180_8	gnl|TC-DB|P21903|3.A.2.1.2	41.3	196	94	3	52	230	90	281	6.6e-32	134.0
3300029323.a:Ga0243332_101180_13	gnl|TC-DB|P46133|2.A.68.1.1	39.3	468	272	5	21	482	19	480	9.6e-100	360.5
3300029323.a:Ga0243332_101180_15	gnl|TC-DB|P46133|2.A.68.1.1	37.2	506	312	4	1	503	1	503	3.9e-101	365.2
3300029323.a:Ga0243332_101284_14	gnl|TC-DB|Q3MNJ6|3.A.3.5.15	45.8	755	390	6	2	750	65	806	5.0e-170	594.7
3300029323.a:Ga0243332_100266_8	gnl|TC-DB|P60782|9.B.31.1.1	30.0	203	121	7	7	206	9	193	9.6e-14	73.6
3300029323.a:Ga0243332_100266_21	gnl|TC-DB|Q9FA44|2.A.80.1.1	36.7	428	268	2	41	465	44	471	1.1e-73	273.9
3300029323.a:Ga0243332_100266_27	gnl|TC-DB|Q00758|2.A.66.2.14	23.6	529	365	8	20	539	12	510	1.7e-25	114.0
3300029323.a:Ga0243332_100266_42	gnl|TC-DB|Q9K8H6|9.B.157.1.2	27.8	255	172	7	33	281	41	289	1.5e-14	76.6
3300029323.a:Ga0243332_100266_48	gnl|TC-DB|P0ABG7|2.A.103.1.2	33.5	364	222	8	14	374	20	366	1.3e-42	170.2
3300029323.a:Ga0243332_100266_54	gnl|TC-DB|P66844|3.A.5.2.2	50.1	439	210	3	3	433	2	439	3.4e-117	418.3
3300029323.a:Ga0243332_101387_2	gnl|TC-DB|P76264|2.A.107.1.1	42.2	185	104	1	1	182	1	185	4.5e-31	131.0
3300029323.a:Ga0243332_101387_7	gnl|TC-DB|W0WFC6|2.A.25.1.9	30.5	436	291	7	14	439	15	448	1.4e-46	183.7
3300029323.a:Ga0243332_101387_12	gnl|TC-DB|Q5HGY5|3.A.1.11.8	36.0	200	115	5	9	195	3	202	1.8e-25	112.5
3300029323.a:Ga0243332_101387_13	gnl|TC-DB|C0LZR8|3.A.1.17.5	28.7	195	133	3	55	246	73	264	2.9e-12	68.9
3300029323.a:Ga0243332_101257_3	gnl|TC-DB|O07550|3.A.1.106.8	23.3	583	417	11	14	586	11	573	4.9e-37	152.5
3300029323.a:Ga0243332_101257_4	gnl|TC-DB|A4QD95|3.A.1.106.4	27.1	572	366	10	21	584	691	1219	1.6e-42	170.6
3300029323.a:Ga0243332_101257_7	gnl|TC-DB|Q9WZQ6|3.A.1.25.5	43.5	177	82	7	6	179	1	162	6.2e-20	94.0
3300029323.a:Ga0243332_101257_13	gnl|TC-DB|Q5SMG8|1.A.26.1.2	33.8	314	205	1	14	324	9	322	1.3e-41	166.8
3300029323.a:Ga0243332_100975_5	gnl|TC-DB|C8X4B7|2.A.115.1.5	29.4	245	167	5	39	282	44	283	5.9e-22	101.3
3300029323.a:Ga0243332_100975_11	gnl|TC-DB|V1CIA4|2.A.120.1.11	34.6	295	167	7	11	294	400	679	1.5e-39	159.8
3300029323.a:Ga0243332_100975_15	gnl|TC-DB|Q9KAX3|2.A.66.1.32	31.1	440	298	5	5	441	1	438	2.4e-54	209.5
3300029323.a:Ga0243332_100960_15	gnl|TC-DB|I6TRN5|2.A.122.1.4	40.3	221	130	2	5	224	10	229	1.3e-40	162.9
3300029323.a:Ga0243332_101110_14	gnl|TC-DB|Q8TZQ3|3.A.1.1.16	36.3	391	125	2	1	388	1	270	5.9e-63	238.4
3300029323.a:Ga0243332_101499_3	gnl|TC-DB|Q8F285|2.A.111.1.1	45.8	448	220	7	37	480	60	488	2.3e-95	345.9
3300029323.a:Ga0243332_101499_5	gnl|TC-DB|I6L8P4|2.A.66.1.33	34.9	427	276	2	3	429	7	431	1.0e-60	230.7
3300029323.a:Ga0243332_100431_8	gnl|TC-DB|Q52001|3.A.7.14.1	31.8	296	154	5	17	312	11	258	1.5e-32	137.5
3300029323.a:Ga0243332_100431_24	gnl|TC-DB|A5N7N1|2.A.87.3.1	32.5	166	109	2	8	172	4	167	1.2e-14	76.3
3300029323.a:Ga0243332_100431_35	gnl|TC-DB|Q8VRK4|3.A.11.1.3	39.9	278	155	4	89	365	56	322	6.7e-42	167.9
3300029323.a:Ga0243332_100386_3	gnl|TC-DB|Q6LZF0|2.A.35.2.1	39.1	514	281	9	45	529	7	517	4.5e-92	335.1
3300029323.a:Ga0243332_100386_8	gnl|TC-DB|A2RKA7|3.A.1.2.17	37.3	498	210	4	3	398	2	499	4.5e-84	308.1
3300029323.a:Ga0243332_100386_14	gnl|TC-DB|P0AC96|2.A.8.1.8	41.8	438	249	4	12	446	6	440	4.1e-86	315.1
3300029323.a:Ga0243332_100386_16	gnl|TC-DB|M7AKZ4|2.A.58.2.2	32.3	557	345	9	41	587	2	536	4.4e-64	242.3
3300029323.a:Ga0243332_104881_1	gnl|TC-DB|Q8YT15|3.A.1.4.6	28.8	205	146	0	20	224	27	231	1.9e-21	99.4
3300029323.a:Ga0243332_100688_6	gnl|TC-DB|I6L8P4|2.A.66.1.33	30.9	437	296	4	7	441	3	435	7.5e-56	214.5
3300029323.a:Ga0243332_100688_15	gnl|TC-DB|G4NXA5|1.A.33.1.4	63.4	626	206	6	1	625	1	604	1.5e-208	722.2
3300029323.a:Ga0243332_100688_18	gnl|TC-DB|P0AFU2|2.A.47.4.8	19.9	612	286	6	4	417	5	610	1.4e-24	110.5
3300029323.a:Ga0243332_102400_1	gnl|TC-DB|P39695|3.A.11.1.1	24.2	718	435	14	145	842	125	753	4.7e-51	199.5
3300029323.a:Ga0243332_102400_3	gnl|TC-DB|Q93N33|2.A.21.9.2	24.9	281	197	8	216	490	744	1016	1.8e-15	80.5
3300029323.a:Ga0243332_100681_1	gnl|TC-DB|Q9CES4|3.A.1.3.25	58.8	260	86	2	2	261	7	245	4.5e-77	284.3
3300029323.a:Ga0243332_100681_2	gnl|TC-DB|Q9A1H0|3.A.1.3.20	35.0	217	136	1	16	227	284	500	2.0e-31	132.5
3300029323.a:Ga0243332_100681_4	gnl|TC-DB|G2JSZ8|3.A.11.1.4	28.4	201	130	3	30	230	30	216	3.6e-17	85.1
3300029323.a:Ga0243332_100681_5	gnl|TC-DB|Q6MDD6|3.A.7.16.1	43.3	756	384	11	1	747	1	720	2.1e-151	532.7
3300029323.a:Ga0243332_100681_6	gnl|TC-DB|Q8F2L2|1.A.33.1.5	56.5	322	140	0	2	323	9	330	4.2e-104	374.4
3300029323.a:Ga0243332_100681_11	gnl|TC-DB|O32047|2.A.6.4.2	33.6	726	416	14	49	727	31	737	3.0e-86	316.2
3300029323.a:Ga0243332_100681_16	gnl|TC-DB|Q9V0A7|3.B.1.1.5	46.7	383	185	3	7	371	15	396	1.5e-86	316.2
3300029323.a:Ga0243332_100681_21	gnl|TC-DB|P54428|9.A.40.2.1	31.5	384	242	4	15	377	12	395	8.2e-52	201.1
3300029323.a:Ga0243332_100483_3	gnl|TC-DB|Q44382|3.A.1.11.3	34.3	254	163	2	9	259	28	280	2.6e-35	145.6
3300029323.a:Ga0243332_100483_4	gnl|TC-DB|P0AFL1|3.A.1.11.2	26.9	238	166	4	15	245	20	256	9.4e-19	90.5
3300029323.a:Ga0243332_100483_5	gnl|TC-DB|Q8TZQ3|3.A.1.1.16	43.8	347	173	5	20	346	19	363	4.7e-74	274.6
3300029323.a:Ga0243332_100483_9	gnl|TC-DB|Q2G140|2.A.66.1.13	30.5	433	297	3	1	431	1	431	3.6e-55	212.2
3300029323.a:Ga0243332_100483_13	gnl|TC-DB|G8V0I4|3.A.1.5.33	40.8	515	295	5	38	543	19	532	4.1e-117	418.3
3300029323.a:Ga0243332_100483_14	gnl|TC-DB|P33591|3.A.1.5.3	42.3	312	178	2	1	312	1	310	7.2e-66	247.3
3300029323.a:Ga0243332_100483_15	gnl|TC-DB|Q2FVE9|3.A.1.5.43	41.5	270	158	0	1	270	3	272	1.4e-57	219.5
3300029323.a:Ga0243332_100483_16	gnl|TC-DB|Q2FVF0|3.A.1.5.43	45.1	246	135	0	21	266	17	262	1.1e-62	236.5
3300029323.a:Ga0243332_100483_17	gnl|TC-DB|I0C7E7|3.A.1.5.33	40.9	259	142	4	1	258	4	252	7.4e-51	197.2
3300029323.a:Ga0243332_100483_19	gnl|TC-DB|G8V089|2.A.38.4.6	41.4	210	123	0	2	211	3	212	2.9e-42	168.3
3300029323.a:Ga0243332_100483_20	gnl|TC-DB|P43440|2.A.38.4.1	34.5	449	275	7	9	445	10	451	3.4e-61	232.3
3300029323.a:Ga0243332_100483_26	gnl|TC-DB|O83539|3.A.2.3.3	32.3	195	131	1	7	201	7	200	4.0e-20	94.7
3300029323.a:Ga0243332_100483_27	gnl|TC-DB|Q08637|3.A.2.2.2	55.9	454	199	1	1	454	1	453	9.8e-152	533.1
3300029323.a:Ga0243332_100483_28	gnl|TC-DB|D3E1Z1|3.A.2.3.2	55.1	570	250	5	1	567	1	567	3.2e-176	614.8
3300029323.a:Ga0243332_100483_32	gnl|TC-DB|R9UW27|3.A.2.3.3	30.0	423	250	11	253	639	142	554	3.8e-37	152.9
3300029323.a:Ga0243332_100483_40	gnl|TC-DB|Q9Z375|3.A.1.21.1	32.6	558	360	6	23	573	38	586	1.5e-72	270.4
3300029323.a:Ga0243332_100483_41	gnl|TC-DB|Q9R7V3|3.A.1.21.1	50.5	216	107	0	13	228	370	585	5.8e-60	227.3
3300029323.a:Ga0243332_101253_5	gnl|TC-DB|A6NST6|3.A.3.32.3	56.1	693	304	0	8	700	35	727	1.7e-216	748.8
3300029323.a:Ga0243332_100348_10	gnl|TC-DB|P39803|2.A.115.1.1	25.3	273	192	4	8	274	7	273	1.2e-19	93.6
3300029323.a:Ga0243332_100348_15	gnl|TC-DB|P45094|3.A.1.5.27	45.3	236	113	1	13	232	26	261	2.4e-53	205.3
3300029323.a:Ga0243332_100348_16	gnl|TC-DB|Q9X271|3.A.1.5.15	38.5	312	185	3	15	319	5	316	3.1e-56	215.3
3300029323.a:Ga0243332_100348_17	gnl|TC-DB|P0AFA9|3.A.1.5.3	34.2	257	169	0	14	270	12	268	5.7e-38	154.5
3300029323.a:Ga0243332_100348_18	gnl|TC-DB|P33591|3.A.1.5.3	34.6	315	205	1	3	317	1	314	1.4e-53	206.5
3300029323.a:Ga0243332_100348_19	gnl|TC-DB|P75797|3.A.1.5.11	25.4	433	304	9	107	531	75	496	4.8e-33	139.0
3300029323.a:Ga0243332_100348_24	gnl|TC-DB|Q5JIF7|2.A.114.1.3	34.2	517	288	14	1	483	1	499	1.9e-64	243.4
3300029323.a:Ga0243332_100348_29	gnl|TC-DB|Q93N33|2.A.21.9.2	28.6	238	157	6	239	466	780	1014	1.6e-13	73.9
3300029323.a:Ga0243332_100348_36	gnl|TC-DB|Q9HZ58|2.A.27.1.3	39.2	401	240	2	11	407	3	403	9.5e-74	273.9
3300029323.a:Ga0243332_100348_39	gnl|TC-DB|Q9KAX3|2.A.66.1.32	36.2	437	269	6	6	439	8	437	1.9e-62	236.5
3300029323.a:Ga0243332_101941_12	gnl|TC-DB|P39580|2.A.50.2.1	33.3	237	143	6	112	335	111	345	8.9e-28	121.3
3300029323.a:Ga0243332_103105_4	gnl|TC-DB|Q93E02|8.A.3.2.3	42.1	190	110	0	17	206	18	207	5.4e-39	157.9
3300029323.a:Ga0243332_103105_5	gnl|TC-DB|P72367|8.A.3.2.4	30.7	199	128	5	30	224	26	218	4.4e-12	68.2
3300029323.a:Ga0243332_100659_23	gnl|TC-DB|Q07711|3.A.7.7.1	26.5	669	399	18	5	660	4	592	3.2e-58	223.0
3300029323.a:Ga0243332_100659_24	gnl|TC-DB|Q9UYQ7|2.A.7.3.47	31.8	274	177	4	13	286	7	270	6.2e-27	117.9
3300029323.a:Ga0243332_100326_1	gnl|TC-DB|Q47537|3.A.1.17.1	26.8	284	187	8	60	327	25	303	8.5e-12	67.8
3300029323.a:Ga0243332_100326_2	gnl|TC-DB|O05347|3.A.1.16.2	37.9	235	128	4	18	234	43	277	2.6e-39	158.7
3300029323.a:Ga0243332_100326_3	gnl|TC-DB|Q2BM70|3.A.1.17.4	34.7	225	143	1	16	236	68	292	3.3e-32	135.2
3300029323.a:Ga0243332_100326_26	gnl|TC-DB|Q83XH1|3.A.1.121.4	89.4	545	58	0	1	545	1	545	1.4e-287	984.6
3300029323.a:Ga0243332_100326_27	gnl|TC-DB|Q58119|2.A.66.1.26	23.5	446	325	6	10	446	9	447	2.1e-26	116.7
3300029323.a:Ga0243332_100326_28	gnl|TC-DB|Q2FUL6|3.A.1.25.2	36.3	179	108	4	5	183	2	174	1.1e-18	89.7
3300029323.a:Ga0243332_100326_35	gnl|TC-DB|Q8FA78|2.A.56.1.8	36.5	271	164	4	93	362	6	269	2.7e-48	189.1
3300029323.a:Ga0243332_100326_37	gnl|TC-DB|Q8FA80|2.A.56.1.8	39.3	415	251	1	11	424	9	423	6.0e-79	291.2
3300029323.a:Ga0243332_100326_41	gnl|TC-DB|A2RKA7|3.A.1.2.17	45.3	503	273	2	1	503	1	501	5.3e-122	434.5
3300029323.a:Ga0243332_100326_43	gnl|TC-DB|Q9WXW0|3.A.1.2.18	33.9	277	181	1	1	277	1	275	1.3e-35	146.7
3300029323.a:Ga0243332_100326_46	gnl|TC-DB|P38046|3.A.1.16.1	46.9	224	109	6	24	238	34	256	7.5e-50	193.7
3300029323.a:Ga0243332_100326_47	gnl|TC-DB|Q47539|3.A.1.17.1	25.7	249	177	2	16	256	23	271	6.7e-17	84.3
3300029323.a:Ga0243332_100326_49	gnl|TC-DB|D1CEG8|3.A.1.17.11	31.3	297	198	5	64	359	59	350	2.8e-37	152.5
3300029323.a:Ga0243332_100326_50	gnl|TC-DB|Q9CLG9|3.A.1.17.6	25.1	247	181	2	5	250	6	249	2.6e-21	99.0
3300029323.a:Ga0243332_100326_52	gnl|TC-DB|P43672|3.A.1.120.6	35.9	527	297	6	1	488	1	525	5.6e-94	341.7
3300029323.a:Ga0243332_100853_7	gnl|TC-DB|P07373|2.A.103.1.3	37.2	371	211	4	106	468	9	365	4.6e-56	215.3
3300029323.a:Ga0243332_100853_9	gnl|TC-DB|P0A6W3|9.B.146.1.6	42.3	331	167	6	6	317	27	352	5.2e-59	224.6
3300029323.a:Ga0243332_100853_22	gnl|TC-DB|Q9WZQ6|3.A.1.25.5	34.5	171	100	4	44	212	2	162	2.2e-16	82.4
3300029323.a:Ga0243332_100906_7	gnl|TC-DB|Q6A1F6|3.B.1.1.6	45.0	456	241	4	19	465	2	456	1.4e-118	422.9
3300029323.a:Ga0243332_100906_11	gnl|TC-DB|P42308|2.A.11.1.2	33.6	429	281	4	3	431	2	426	6.0e-63	238.0
3300029323.a:Ga0243332_100906_15	gnl|TC-DB|D4JEY0|9.A.28.1.3	24.5	343	249	4	7	345	10	346	1.2e-19	94.0
3300029323.a:Ga0243332_100906_17	gnl|TC-DB|C0CGS2|2.A.26.1.5	30.6	418	279	5	11	422	12	424	1.6e-52	203.4
3300029323.a:Ga0243332_100519_1	gnl|TC-DB|A1JRS3|2.A.53.3.9	34.1	584	310	9	15	571	24	559	8.4e-68	254.6
3300029323.a:Ga0243332_100519_21	gnl|TC-DB|H1XXZ0|8.A.8.1.5	40.2	87	52	0	1	87	1	87	2.4e-11	64.3
3300029323.a:Ga0243332_100519_24	gnl|TC-DB|F8FLY5|2.A.86.1.11	26.5	336	232	7	1	335	13	334	2.1e-16	83.2
3300029323.a:Ga0243332_100519_33	gnl|TC-DB|P54535|3.A.1.3.15	29.6	233	140	7	86	310	33	249	6.4e-17	84.7
3300029323.a:Ga0243332_100519_34	gnl|TC-DB|Q8YSA2|3.A.1.3.17	38.1	218	126	3	12	225	277	489	1.9e-31	132.5
3300029323.a:Ga0243332_100519_35	gnl|TC-DB|Q9CES4|3.A.1.3.25	64.0	239	86	0	9	247	7	245	4.7e-84	307.4
3300029323.a:Ga0243332_101334_5	gnl|TC-DB|P0AA53|8.A.21.2.2	42.1	178	103	0	4	181	3	180	1.2e-36	150.2
3300029323.a:Ga0243332_101334_15	gnl|TC-DB|A0L4L0|3.A.1.132.3	40.8	223	126	3	39	261	89	305	1.2e-40	163.3
3300029323.a:Ga0243332_100113_24	gnl|TC-DB|D9SZH8|2.A.7.3.49	35.3	337	172	10	176	488	489	803	1.3e-39	162.9
3300029323.a:Ga0243332_100113_29	gnl|TC-DB|Q45068|2.A.25.1.5	42.7	473	254	7	1	471	1	458	9.2e-95	344.0
3300029323.a:Ga0243332_100113_40	gnl|TC-DB|Q81JL2|9.B.33.1.1	30.0	604	367	16	2	576	1	577	7.1e-59	224.9
3300029323.a:Ga0243332_100113_49	gnl|TC-DB|J8IXD8|1.C.109.1.5	51.9	268	127	2	2	267	5	272	2.1e-74	275.4
3300029323.a:Ga0243332_100113_64	gnl|TC-DB|Q01367|9.B.70.1.1	41.6	293	145	4	20	312	27	293	5.1e-60	228.0
3300029323.a:Ga0243332_100113_70	gnl|TC-DB|P39694|3.A.11.1.1	45.9	148	75	1	116	263	62	204	1.5e-27	119.8
3300029323.a:Ga0243332_100113_71	gnl|TC-DB|P0AD30|2.A.102.3.1	28.5	235	167	1	14	248	21	254	1.2e-26	116.7
3300029323.a:Ga0243332_100113_74	gnl|TC-DB|I6L8P4|2.A.66.1.33	34.0	421	276	2	5	424	9	428	1.6e-58	223.4
3300029323.a:Ga0243332_100113_75	gnl|TC-DB|P28635|3.A.1.24.1	35.7	227	142	3	53	276	29	254	1.8e-29	126.3
3300029323.a:Ga0243332_100113_76	gnl|TC-DB|Q8NSN3|3.A.1.24.4	38.2	199	123	0	24	222	21	219	6.9e-34	140.6
3300029323.a:Ga0243332_100113_77	gnl|TC-DB|O32169|3.A.1.24.2	47.3	336	177	0	1	336	1	336	3.0e-81	298.5
3300029323.a:Ga0243332_100113_78	gnl|TC-DB|Q97DD1|2.A.7.21.8	38.3	141	86	1	1	141	1	140	5.3e-24	107.1
3300029323.a:Ga0243332_101182_4	gnl|TC-DB|Q9HV74|2.A.21.9.1	27.0	252	169	5	348	587	728	976	8.3e-17	85.5
3300029323.a:Ga0243332_101182_6	gnl|TC-DB|P55069|2.A.11.1.1	33.4	434	285	3	1	433	1	431	6.3e-60	228.0
3300029323.a:Ga0243332_101182_9	gnl|TC-DB|C9NXL0|2.A.118.1.4	32.8	469	298	10	1	464	7	463	2.6e-64	242.7
3300029323.a:Ga0243332_101191_3	gnl|TC-DB|P25694|3.A.16.1.2	41.8	261	146	3	160	415	467	726	2.4e-49	193.4
3300029323.a:Ga0243332_101191_5	gnl|TC-DB|Q99ZY4|3.A.1.34.1	30.7	283	186	5	3	284	1	274	1.6e-30	129.8
3300029323.a:Ga0243332_101191_6	gnl|TC-DB|Q99ZY3|3.A.1.34.1	36.1	249	159	0	1	249	4	252	9.9e-45	176.8
3300029323.a:Ga0243332_101191_8	gnl|TC-DB|P40290|3.A.6.1.1	27.2	257	163	6	355	601	150	392	1.2e-14	78.2
3300029323.a:Ga0243332_100748_3	gnl|TC-DB|O32095|2.A.86.1.8	21.4	392	268	5	18	407	11	364	8.5e-17	84.7
3300029323.a:Ga0243332_100748_7	gnl|TC-DB|Q99ZY3|3.A.1.34.1	49.0	249	127	0	1	249	4	252	1.2e-58	223.0
3300029323.a:Ga0243332_100748_8	gnl|TC-DB|Q99ZY4|3.A.1.34.1	37.8	283	169	3	15	297	7	282	7.2e-42	167.5
3300029323.a:Ga0243332_100748_10	gnl|TC-DB|Q5EAK4|2.A.16.2.2	27.3	403	233	16	7	369	1361	1743	4.2e-25	112.8
3300029323.a:Ga0243332_100748_12	gnl|TC-DB|P54428|9.A.40.2.1	26.9	438	298	9	8	430	4	434	1.4e-36	150.6
3300029323.a:Ga0243332_100748_18	gnl|TC-DB|Q83XH1|3.A.1.121.4	34.1	542	325	9	2	530	1	523	2.8e-83	306.2
3300029323.a:Ga0243332_100748_20	gnl|TC-DB|I6L8P4|2.A.66.1.33	30.2	443	297	8	8	444	3	439	6.6e-52	201.4
3300029323.a:Ga0243332_100748_21	gnl|TC-DB|P28635|3.A.1.24.1	42.6	242	131	3	58	295	34	271	3.8e-48	188.3
3300029323.a:Ga0243332_100748_22	gnl|TC-DB|Q8K8K7|3.A.1.24.3	44.8	201	110	1	26	226	30	229	4.3e-44	174.5
3300029323.a:Ga0243332_100748_23	gnl|TC-DB|Q8K8K8|3.A.1.24.3	50.7	347	166	1	1	342	5	351	2.2e-92	335.5
3300029323.a:Ga0243332_101652_4	gnl|TC-DB|D6GX19|9.B.27.2.5	25.1	191	135	2	5	195	8	190	2.7e-13	72.0
3300029323.a:Ga0243332_101652_8	gnl|TC-DB|P25694|3.A.16.1.2	41.2	262	149	3	152	408	466	727	2.5e-50	196.8
3300029323.a:Ga0243332_101525_1	gnl|TC-DB|Q2FZR4|3.A.1.5.19	45.0	180	92	3	5	183	6	179	9.5e-42	166.4
3300029323.a:Ga0243332_101525_2	gnl|TC-DB|O86574|3.A.1.5.34	48.1	339	167	3	6	335	23	361	5.8e-85	310.8
3300029323.a:Ga0243332_101525_3	gnl|TC-DB|P75799|3.A.1.5.11	45.2	290	155	1	26	311	13	302	4.5e-52	201.4
3300029323.a:Ga0243332_101525_4	gnl|TC-DB|W0WN20|3.A.1.5.39	39.0	336	184	3	1	315	1	336	3.0e-59	225.3
3300029323.a:Ga0243332_101525_5	gnl|TC-DB|P33950|3.A.1.5.27	28.7	519	334	14	56	546	20	530	2.8e-44	176.4
3300029323.a:Ga0243332_101525_7	gnl|TC-DB|A6VKS9|3.A.1.2.13	35.9	237	148	2	3	236	10	245	4.2e-25	112.1
3300029323.a:Ga0243332_101525_9	gnl|TC-DB|Q46831|9.B.120.1.1	45.7	234	123	1	1	234	1	230	6.0e-52	200.7
3300029323.a:Ga0243332_101496_4	gnl|TC-DB|F9LXW4|2.A.87.2.3	35.7	196	105	4	15	209	12	187	6.3e-21	97.4
3300029323.a:Ga0243332_101496_8	gnl|TC-DB|Q9KDP2|2.A.9.3.6	39.2	120	65	2	37	154	61	174	2.5e-13	73.2
3300029323.a:Ga0243332_101496_11	gnl|TC-DB|D8RWR9|1.C.39.4.5	29.7	195	94	3	50	244	462	613	6.0e-14	75.9
3300029323.a:Ga0243332_100971_4	gnl|TC-DB|Q8DQI1|3.A.1.4.10	30.4	342	214	6	46	367	39	376	3.6e-30	129.0
3300029323.a:Ga0243332_100971_5	gnl|TC-DB|Q8DQI0|3.A.1.4.10	48.3	290	148	1	5	294	5	292	2.3e-66	248.8
3300029323.a:Ga0243332_100971_6	gnl|TC-DB|Q8DQH9|3.A.1.4.10	37.0	227	116	3	102	328	93	292	1.5e-30	130.2
3300029323.a:Ga0243332_100971_7	gnl|TC-DB|Q8DQH8|3.A.1.4.10	57.4	251	107	0	4	254	3	253	3.5e-79	291.2
3300029323.a:Ga0243332_100971_8	gnl|TC-DB|Q8DQH7|3.A.1.4.10	58.5	234	97	0	1	234	1	234	4.8e-78	287.3
3300029323.a:Ga0243332_100971_9	gnl|TC-DB|C7N858|2.A.115.2.14	28.7	202	121	4	4	195	224	412	2.7e-21	98.6
3300029323.a:Ga0243332_100971_13	gnl|TC-DB|I6L8P4|2.A.66.1.33	32.1	446	287	6	12	449	2	439	8.1e-58	221.1
3300029323.a:Ga0243332_101369_7	gnl|TC-DB|Q7WZ38|2.A.66.1.37	33.9	434	286	1	9	442	9	441	1.7e-73	273.1
3300029323.a:Ga0243332_100805_1	gnl|TC-DB|Q5HGY5|3.A.1.11.8	56.0	191	84	0	1	191	160	350	2.3e-57	218.4
3300029323.a:Ga0243332_100805_2	gnl|TC-DB|Q7A678|3.A.1.11.8	33.2	268	175	2	3	270	2	265	8.0e-45	177.2
3300029323.a:Ga0243332_100805_3	gnl|TC-DB|Q7A676|3.A.1.11.8	39.0	346	196	4	296	637	12	346	5.1e-66	248.8
3300029323.a:Ga0243332_100805_7	gnl|TC-DB|Q57634|1.A.23.4.2	34.1	223	135	5	54	270	134	350	4.1e-25	111.7
3300029323.a:Ga0243332_100805_10	gnl|TC-DB|Q58119|2.A.66.1.26	19.9	428	335	7	12	433	13	438	2.4e-14	76.6
3300029323.a:Ga0243332_100805_15	gnl|TC-DB|C9NXL0|2.A.118.1.4	31.2	477	302	7	1	467	3	463	2.1e-56	216.5
3300029323.a:Ga0243332_100932_5	gnl|TC-DB|P24918|3.D.1.6.2	34.9	212	124	5	2	206	36	240	1.1e-27	121.3
3300029323.a:Ga0243332_100932_6	gnl|TC-DB|Q74GA3|3.D.1.5.1	31.9	94	64	0	35	128	434	527	2.4e-12	70.5
3300029323.a:Ga0243332_100241_2	gnl|TC-DB|P63391|3.A.1.21.2	36.9	564	337	8	28	584	296	847	7.2e-83	304.7
3300029323.a:Ga0243332_100241_17	gnl|TC-DB|I6L8P4|2.A.66.1.33	29.4	412	291	0	16	427	17	428	1.3e-47	187.2
3300029323.a:Ga0243332_100241_23	gnl|TC-DB|P18156|1.A.8.2.1	50.9	234	113	2	1	234	1	232	3.0e-56	214.9
3300029323.a:Ga0243332_100241_28	gnl|TC-DB|Q07837|8.A.9.1.2	28.4	208	117	8	4	186	117	317	4.4e-16	82.4
3300029323.a:Ga0243332_100241_33	gnl|TC-DB|Q9XC06|3.A.7.15.1	43.4	385	201	6	3	377	5	382	1.1e-77	287.0
3300029323.a:Ga0243332_100241_43	gnl|TC-DB|F0Z2G1|9.B.104.1.3	50.8	191	93	1	7	196	27	217	3.1e-49	191.4
3300029323.a:Ga0243332_100241_67	gnl|TC-DB|C7N858|2.A.115.2.14	36.0	189	114	4	3	191	222	403	4.0e-26	114.8
3300029323.a:Ga0243332_100241_68	gnl|TC-DB|P45094|3.A.1.5.27	52.9	140	66	0	1	140	185	324	2.4e-40	161.4
3300029323.a:Ga0243332_100425_21	gnl|TC-DB|Q93N33|2.A.21.9.2	25.0	256	177	6	119	365	763	1012	1.0e-13	74.3
3300029323.a:Ga0243332_100425_23	gnl|TC-DB|J8ABC0|3.A.1.105.9	34.0	309	201	3	1	307	1	308	1.9e-50	196.1
3300029323.a:Ga0243332_100425_24	gnl|TC-DB|Q7UXN5|3.A.1.132.7	29.3	191	132	2	2	192	93	280	3.6e-17	85.5
3300029323.a:Ga0243332_100425_32	gnl|TC-DB|P20166|4.A.1.1.9	40.4	735	337	11	1	697	17	688	6.3e-142	501.1
3300029323.a:Ga0243332_100425_34	gnl|TC-DB|P08839|8.A.7.1.1	41.5	528	303	4	13	534	11	538	1.8e-109	392.9
3300029323.a:Ga0243332_100425_39	gnl|TC-DB|P0AER8|2.A.27.1.1	32.6	399	252	9	22	410	2	393	7.2e-45	177.9
3300029323.a:Ga0243332_100425_40	gnl|TC-DB|P0AER8|2.A.27.1.1	31.7	397	258	8	22	410	2	393	2.3e-43	172.9
3300029323.a:Ga0243332_100823_11	gnl|TC-DB|P04983|3.A.1.2.1	46.1	503	266	3	1	501	1	500	1.9e-121	432.6
3300029323.a:Ga0243332_100823_12	gnl|TC-DB|Q9X050|3.A.1.2.19	37.7	310	182	1	19	317	22	331	1.1e-48	190.3
3300029323.a:Ga0243332_100823_18	gnl|TC-DB|O34474|2.A.66.1.25	23.5	443	329	5	9	442	14	455	3.4e-24	109.4
3300029323.a:Ga0243332_101845_4	gnl|TC-DB|A7NH45|3.A.1.17.8	43.6	225	126	1	17	241	21	244	2.2e-49	192.2
3300029323.a:Ga0243332_101845_5	gnl|TC-DB|A7NH43|3.A.1.17.8	39.0	264	150	4	13	270	13	271	1.5e-40	162.9
3300029323.a:Ga0243332_101845_6	gnl|TC-DB|A7NH44|3.A.1.17.8	31.2	298	195	7	56	349	27	318	1.3e-31	133.7
3300029323.a:Ga0243332_101447_3	gnl|TC-DB|Q9HY55|4.A.2.1.17	27.0	463	239	14	427	873	549	928	2.8e-30	130.6
3300029323.a:Ga0243332_100124_5	gnl|TC-DB|P0AEQ3|3.A.1.3.2	34.2	225	140	5	59	280	27	246	2.0e-25	112.8
3300029323.a:Ga0243332_100124_6	gnl|TC-DB|P42200|3.A.1.3.14	33.2	208	133	2	13	218	28	231	1.8e-26	115.9
3300029323.a:Ga0243332_100124_7	gnl|TC-DB|P0A2V2|3.A.1.3.5	49.2	250	125	2	4	251	9	258	3.8e-65	244.6
3300029323.a:Ga0243332_100124_8	gnl|TC-DB|O26854|2.A.36.2.1	43.4	394	216	3	4	396	7	394	1.5e-76	283.1
3300029323.a:Ga0243332_100124_20	gnl|TC-DB|P77735|8.A.5.1.6	34.0	315	183	10	12	314	1	302	5.5e-40	161.4
3300029323.a:Ga0243332_100124_26	gnl|TC-DB|Q8FA78|2.A.56.1.8	40.1	269	155	3	94	362	6	268	1.0e-55	213.8
3300029323.a:Ga0243332_100124_29	gnl|TC-DB|Q9KDT3|2.A.22.5.3	36.7	449	269	5	3	448	9	445	4.7e-82	301.6
3300029323.a:Ga0243332_100124_30	gnl|TC-DB|S5XTE7|2.A.80.1.4	26.5	215	141	7	61	266	50	256	2.1e-11	66.6
3300029323.a:Ga0243332_100124_32	gnl|TC-DB|Q9FA44|2.A.80.1.1	31.5	428	287	3	27	453	40	462	4.5e-62	235.3
3300029323.a:Ga0243332_100124_34	gnl|TC-DB|Q5G3M3|3.A.7.19.1	38.2	110	63	3	1	110	2	106	3.1e-15	78.2
3300029323.a:Ga0243332_100124_61	gnl|TC-DB|G2JTB4|3.A.11.1.4	35.0	143	76	6	9	146	4	134	4.8e-13	70.9
3300029323.a:Ga0243332_100124_70	gnl|TC-DB|A5KMI4|1.C.105.2.8	23.4	608	377	10	1	602	1	525	6.0e-40	162.2
3300029323.a:Ga0243332_100124_74	gnl|TC-DB|P39263|2.A.118.1.8	50.9	493	239	2	9	501	15	504	8.7e-138	486.9
3300029323.a:Ga0243332_100124_78	gnl|TC-DB|Q3IVI4|2.A.56.1.4	39.2	429	243	2	4	414	8	436	1.5e-74	276.6
3300029323.a:Ga0243332_100124_80	gnl|TC-DB|R4JTF7|2.A.56.1.9	35.1	265	172	0	61	325	33	297	2.5e-46	182.6
3300029323.a:Ga0243332_100124_82	gnl|TC-DB|P75905|4.D.1.1.3	35.9	103	65	1	3	104	75	177	3.2e-11	66.2
3300029323.a:Ga0243332_100124_86	gnl|TC-DB|A2RKA6|3.A.1.2.17	30.1	362	238	6	12	362	7	364	1.0e-31	134.0
3300029323.a:Ga0243332_100124_87	gnl|TC-DB|Q8DU37|3.A.1.2.12	40.8	512	297	5	1	509	1	509	2.8e-107	385.6
3300029323.a:Ga0243332_100124_88	gnl|TC-DB|D2BKA1|3.A.1.2.17	32.5	326	182	7	61	369	45	349	6.1e-38	154.8
3300029323.a:Ga0243332_100522_6	gnl|TC-DB|H1HDR4|2.A.79.1.4	30.7	241	162	3	13	251	9	246	5.3e-22	101.3
3300029323.a:Ga0243332_100522_7	gnl|TC-DB|Q73PT5|2.A.79.1.5	27.6	145	105	0	6	150	5	149	5.5e-11	63.9
3300029323.a:Ga0243332_100522_13	gnl|TC-DB|P42065|3.A.1.5.20	28.6	217	144	6	15	226	30	240	2.1e-18	89.4
3300029323.a:Ga0243332_100522_16	gnl|TC-DB|Q8CX78|2.A.6.3.6	29.2	1026	704	10	1	1014	1	1016	4.5e-125	445.7
3300029323.a:Ga0243332_100522_27	gnl|TC-DB|O59010|2.A.23.1.5	32.6	387	238	10	69	442	47	423	6.9e-38	154.8
3300029323.a:Ga0243332_100522_28	gnl|TC-DB|Q81JL2|9.B.33.1.1	33.8	586	335	18	9	560	8	574	1.6e-68	256.9
3300029323.a:Ga0243332_100522_30	gnl|TC-DB|Q8XME6|2.A.114.1.4	54.7	472	197	6	1	470	1	457	9.8e-139	490.0
3300029323.a:Ga0243332_100522_33	gnl|TC-DB|Q5HGY5|3.A.1.11.8	35.2	349	217	4	7	355	2	341	9.9e-51	197.2
3300029323.a:Ga0243332_100123_11	gnl|TC-DB|P42065|3.A.1.5.20	55.2	319	140	2	5	320	9	327	6.4e-105	377.1
3300029323.a:Ga0243332_100123_12	gnl|TC-DB|P42064|3.A.1.5.20	56.6	318	136	2	6	321	4	321	1.3e-102	369.4
3300029323.a:Ga0243332_100123_14	gnl|TC-DB|W0WKZ8|3.A.1.5.39	23.7	477	317	13	74	523	46	502	8.4e-25	111.7
3300029323.a:Ga0243332_100123_15	gnl|TC-DB|P42063|3.A.1.5.20	42.4	283	163	0	5	287	21	303	9.9e-62	233.4
3300029323.a:Ga0243332_100123_16	gnl|TC-DB|P42062|3.A.1.5.20	43.8	317	176	2	1	316	1	316	1.9e-69	259.2
3300029323.a:Ga0243332_100123_25	gnl|TC-DB|O34442|1.A.26.1.3	33.3	342	213	4	122	460	122	451	6.1e-45	178.3
3300029323.a:Ga0243332_100123_30	gnl|TC-DB|Q9F9B2|3.A.1.2.7	26.3	319	211	9	25	320	2	319	4.3e-14	76.3
3300029323.a:Ga0243332_100123_31	gnl|TC-DB|P0AGI1|3.A.1.2.1	36.7	297	183	3	28	324	26	317	1.5e-32	136.7
3300029323.a:Ga0243332_100123_32	gnl|TC-DB|P0AAG8|3.A.1.2.3	47.2	494	259	1	2	493	10	503	2.5e-129	458.8
3300029323.a:Ga0243332_100123_34	gnl|TC-DB|P32721|3.A.1.2.6	19.5	471	358	5	21	471	21	490	4.0e-23	105.9
3300029323.a:Ga0243332_100123_35	gnl|TC-DB|F4LXP4|8.A.59.2.1	31.1	254	143	4	100	350	273	497	2.5e-30	129.4
3300029323.a:Ga0243332_100123_43	gnl|TC-DB|F4K2G0|3.D.1.8.1	48.9	137	61	7	23	154	109	241	4.7e-22	100.9
3300029323.a:Ga0243332_100123_45	gnl|TC-DB|Q8EII1|2.A.25.1.4	38.0	434	249	7	3	430	6	425	2.2e-71	266.2
3300029323.a:Ga0243332_100123_49	gnl|TC-DB|Q55487|4.D.2.1.9	36.7	308	191	3	1	307	1	305	1.3e-54	209.9
3300029323.a:Ga0243332_100123_61	gnl|TC-DB|Q9ZK21|1.C.82.1.1	53.3	225	104	1	5	229	7	230	7.7e-65	243.4
3300029323.a:Ga0243332_100123_69	gnl|TC-DB|Q9WYC4|3.A.1.135.5	38.5	558	299	2	75	632	80	593	1.7e-106	383.3
3300029323.a:Ga0243332_100123_70	gnl|TC-DB|Q9WYC3|3.A.1.135.5	37.4	572	352	4	2	571	1	568	3.8e-105	378.6
3300029323.a:Ga0243332_100791_6	gnl|TC-DB|Q6LX42|2.A.25.1.3	32.9	435	252	8	45	468	20	425	6.5e-48	188.3
3300029323.a:Ga0243332_100549_3	gnl|TC-DB|Q9K7H7|2.A.47.4.5	32.0	178	120	1	37	214	38	214	2.1e-20	96.7
3300029323.a:Ga0243332_100549_8	gnl|TC-DB|Q8RHM5|2.A.22.5.2	37.3	445	270	5	1	443	1	438	6.6e-81	297.7
3300029323.a:Ga0243332_100549_14	gnl|TC-DB|P21608|2.A.24.3.1	38.0	416	251	3	5	416	26	438	4.3e-74	275.0
3300029323.a:Ga0243332_100549_24	gnl|TC-DB|Q7MV19|9.A.8.1.6	35.4	735	403	16	3	684	127	842	1.8e-112	403.3
3300029323.a:Ga0243332_100549_25	gnl|TC-DB|Q8N1S5|2.A.5.5.2	31.5	333	148	5	8	262	12	342	7.2e-35	144.1
3300029323.a:Ga0243332_100549_26	gnl|TC-DB|P0AFZ7|2.A.38.1.1	36.6	486	296	10	1	478	1	482	3.9e-71	265.4
3300029323.a:Ga0243332_100549_27	gnl|TC-DB|Q2FLJ8|3.A.3.1.8	29.3	208	137	5	1	207	1	199	4.4e-16	82.4
3300029323.a:Ga0243332_100936_3	gnl|TC-DB|P55072|3.A.16.1.1	44.8	230	123	2	158	386	199	425	7.5e-51	198.4
3300029323.a:Ga0243332_100936_15	gnl|TC-DB|Q8BY79|2.A.7.28.1	25.2	282	194	5	9	274	74	354	2.5e-12	69.3
3300029323.a:Ga0243332_101107_1	gnl|TC-DB|C4N8U5|3.D.6.1.2	46.6	262	137	2	3	263	2	261	2.8e-63	238.4
3300029323.a:Ga0243332_101107_2	gnl|TC-DB|C4N8U4|3.D.6.1.2	62.1	190	69	1	4	190	3	192	2.7e-55	211.5
3300029323.a:Ga0243332_101107_3	gnl|TC-DB|C4N8U3|3.D.6.1.2	61.0	187	72	1	5	190	4	190	1.1e-57	219.9
3300029323.a:Ga0243332_101107_4	gnl|TC-DB|Q8TSY2|3.D.6.1.3	29.7	192	117	5	10	200	9	183	6.7e-12	67.4
3300029323.a:Ga0243332_101107_5	gnl|TC-DB|C4N8U1|3.D.6.1.2	43.5	308	163	5	5	305	6	309	1.1e-61	233.4
3300029323.a:Ga0243332_101107_6	gnl|TC-DB|C4N8U0|3.D.6.1.2	43.7	439	240	3	5	440	7	441	2.0e-93	339.3
3300029323.a:Ga0243332_101107_7	gnl|TC-DB|Q9WYC4|3.A.1.135.5	43.6	576	319	3	43	618	19	588	7.2e-134	474.2
3300029323.a:Ga0243332_101107_8	gnl|TC-DB|Q9WYC3|3.A.1.135.5	41.8	576	329	4	1	575	1	571	3.0e-121	432.2
3300029323.a:Ga0243332_101107_9	gnl|TC-DB|I6L8P4|2.A.66.1.33	29.8	449	309	4	1	447	1	445	5.5e-51	198.4
3300029323.a:Ga0243332_100919_1	gnl|TC-DB|W0WN20|3.A.1.5.39	54.5	112	51	0	1	112	224	335	6.3e-31	129.8
3300029323.a:Ga0243332_100919_2	gnl|TC-DB|P51000|3.A.1.5.27	43.3	291	157	2	14	298	7	295	3.2e-63	238.4
3300029323.a:Ga0243332_100919_3	gnl|TC-DB|P42064|3.A.1.5.20	50.2	321	158	1	8	326	4	324	5.0e-89	324.3
3300029323.a:Ga0243332_100919_4	gnl|TC-DB|P42065|3.A.1.5.20	53.1	322	140	4	3	314	7	327	1.1e-96	349.7
3300029323.a:Ga0243332_101420_12	gnl|TC-DB|Q83XH1|3.A.1.121.4	29.1	512	354	4	3	510	1	507	6.5e-64	241.5
3300029323.a:Ga0243332_101088_7	gnl|TC-DB|M7AKZ4|2.A.58.2.2	30.7	566	344	12	6	555	6	539	1.8e-57	220.3
3300029323.a:Ga0243332_101088_9	gnl|TC-DB|Q93N33|2.A.21.9.2	29.3	222	149	3	213	427	778	998	1.2e-16	84.3
3300029323.a:Ga0243332_101088_10	gnl|TC-DB|Q6LX42|2.A.25.1.3	41.6	450	244	7	5	448	4	440	5.3e-78	288.1
3300029323.a:Ga0243332_101486_1	gnl|TC-DB|P75798|3.A.1.5.11	43.0	186	106	0	1	186	1	186	7.4e-34	140.2
3300029323.a:Ga0243332_101486_2	gnl|TC-DB|P33950|3.A.1.5.27	29.1	471	302	8	74	513	60	529	3.2e-50	196.1
3300029323.a:Ga0243332_101486_4	gnl|TC-DB|P33950|3.A.1.5.27	29.9	471	298	8	75	514	60	529	2.2e-54	209.9
3300029323.a:Ga0243332_101486_6	gnl|TC-DB|P0AD30|2.A.102.3.1	30.4	257	168	2	1	249	1	254	2.2e-25	112.5
3300029323.a:Ga0243332_100922_2	gnl|TC-DB|B2UHN5|2.A.49.9.2	32.3	396	266	2	16	409	16	411	9.0e-56	214.2
3300029323.a:Ga0243332_100922_4	gnl|TC-DB|P10121|3.A.5.1.1	50.6	308	146	3	5	309	192	496	3.9e-80	294.7
3300029323.a:Ga0243332_100922_10	gnl|TC-DB|Q9MUK5|3.A.9.1.1	40.0	115	69	0	105	219	97	211	4.7e-19	92.4
3300029323.a:Ga0243332_101050_4	gnl|TC-DB|A9WCZ6|3.A.1.13.2	32.2	345	220	3	3	333	11	355	2.8e-39	159.1
3300029323.a:Ga0243332_101050_5	gnl|TC-DB|A9WCZ7|3.A.1.13.2	37.4	257	147	5	2	245	3	258	5.3e-47	184.9
3300029323.a:Ga0243332_101050_14	gnl|TC-DB|C7N858|2.A.115.2.14	33.7	202	125	2	4	203	222	416	4.3e-30	127.9
3300029323.a:Ga0243332_101541_1	gnl|TC-DB|A8TDW7|3.A.1.122.7	49.6	238	119	1	6	243	49	285	9.9e-59	223.4
3300029323.a:Ga0243332_101541_3	gnl|TC-DB|O31712|3.A.1.122.2	24.3	456	266	12	1	436	1	397	4.0e-22	102.4
3300029323.a:Ga0243332_101541_4	gnl|TC-DB|Q5JIF7|2.A.114.1.3	37.8	521	277	11	1	496	1	499	8.9e-78	287.7
3300029323.a:Ga0243332_101385_3	gnl|TC-DB|Q92N44|2.A.4.7.7	25.5	274	200	4	33	303	16	288	1.3e-19	94.0
3300029323.a:Ga0243332_101385_5	gnl|TC-DB|B3EBP1|4.D.1.3.3	45.3	86	47	0	3	88	1042	1127	5.5e-17	85.1
3300029323.a:Ga0243332_100716_3	gnl|TC-DB|P54417|2.A.15.1.1	30.3	489	321	11	24	504	13	489	8.2e-51	198.0
3300029323.a:Ga0243332_100716_4	gnl|TC-DB|I6L8P4|2.A.66.1.33	28.8	396	274	2	45	436	48	439	2.6e-37	152.9
3300029323.a:Ga0243332_100716_6	gnl|TC-DB|P0AER8|2.A.27.1.1	42.0	395	218	6	6	393	4	394	9.4e-71	263.8
3300029323.a:Ga0243332_100716_11	gnl|TC-DB|A4VYG6|9.B.144.1.5	23.2	858	596	19	31	838	5	849	1.2e-44	178.3
3300029323.a:Ga0243332_101637_2	gnl|TC-DB|P15690|3.D.1.6.1	36.4	206	127	3	1	206	31	232	1.6e-34	144.1
3300029323.a:Ga0243332_101637_3	gnl|TC-DB|Q74GA3|3.D.1.5.1	46.3	419	224	1	2	419	110	528	9.4e-117	416.8
3300029323.a:Ga0243332_101637_4	gnl|TC-DB|P0AFD1|3.D.1.1.1	39.8	108	65	0	54	161	58	165	8.4e-21	96.7
3300029323.a:Ga0243332_101743_14	gnl|TC-DB|Q0H258|1.E.19.1.12	38.8	121	55	2	30	150	29	130	1.8e-12	68.9
3300029323.a:Ga0243332_100999_1	gnl|TC-DB|Q97NG5|2.A.66.1.34	27.3	425	276	9	21	435	3	404	5.3e-30	128.6
3300029323.a:Ga0243332_100999_11	gnl|TC-DB|P0AER8|2.A.27.1.1	38.8	392	235	3	5	392	4	394	4.5e-65	245.0
3300029323.a:Ga0243332_101794_4	gnl|TC-DB|M1QJN9|2.A.27.2.2	25.9	421	277	9	1	386	1	421	2.4e-27	119.8
3300029323.a:Ga0243332_101350_4	gnl|TC-DB|C6B3K0|2.A.101.1.2	26.1	452	283	7	1	410	1	443	2.6e-31	132.9
3300029323.a:Ga0243332_102146_1	gnl|TC-DB|Q7WZ38|2.A.66.1.37	23.0	413	307	6	23	433	20	423	4.4e-27	119.0
3300029323.a:Ga0243332_101381_8	gnl|TC-DB|Q9FI56|3.A.9.1.2	52.4	806	369	6	3	800	97	895	1.8e-233	805.4
3300029323.a:Ga0243332_102177_1	gnl|TC-DB|P54571|2.A.35.1.2	23.4	394	277	9	47	426	53	435	4.7e-23	105.5
3300029323.a:Ga0243332_101411_2	gnl|TC-DB|C7N858|2.A.115.2.14	32.3	186	117	2	7	190	223	401	2.9e-26	115.2
3300029323.a:Ga0243332_101411_9	gnl|TC-DB|Q8FA78|2.A.56.1.8	40.1	272	157	3	93	364	3	268	1.7e-58	223.0
3300029323.a:Ga0243332_101411_11	gnl|TC-DB|Q8FA80|2.A.56.1.8	38.0	416	255	3	11	424	9	423	1.1e-72	270.4
3300029323.a:Ga0243332_100478_3	gnl|TC-DB|A9BJX0|3.A.3.2.21	47.5	902	428	8	1	880	1	878	7.3e-212	733.8
3300029323.a:Ga0243332_100478_9	gnl|TC-DB|Q9X103|3.A.1.1.22	37.0	370	222	5	1	363	3	368	2.9e-66	248.8
3300029323.a:Ga0243332_100478_11	gnl|TC-DB|P0A9R7|3.A.1.140.1	44.6	213	118	0	1	213	1	213	1.9e-47	185.7
3300029323.a:Ga0243332_100478_14	gnl|TC-DB|O35002|9.B.174.1.1	31.1	373	241	6	26	395	16	375	2.1e-45	179.9
3300029323.a:Ga0243332_100478_36	gnl|TC-DB|P0A5Z2|3.A.5.2.2	37.7	459	246	8	1	438	1	440	2.9e-81	298.9
3300029323.a:Ga0243332_100606_31	gnl|TC-DB|W5SJL7|1.C.113.1.2	35.4	206	131	1	10	215	22	225	1.6e-32	136.0
3300029323.a:Ga0243332_101035_4	gnl|TC-DB|P39803|2.A.115.1.1	28.5	270	182	4	20	283	11	275	3.3e-23	105.5
3300029323.a:Ga0243332_101035_5	gnl|TC-DB|Q9V0A4|3.B.1.1.5	39.3	496	270	8	3	476	34	520	4.6e-88	321.6
3300029323.a:Ga0243332_101035_7	gnl|TC-DB|Q57111|3.B.1.1.2	63.0	108	34	1	1	102	1	108	5.3e-12	67.0
3300029323.a:Ga0243332_101035_8	gnl|TC-DB|Q9ZAA6|3.B.1.1.3	59.8	381	131	4	8	381	8	373	1.6e-112	402.5
3300029323.a:Ga0243332_101035_9	gnl|TC-DB|Q6A1F6|3.B.1.1.6	49.6	452	216	2	7	449	6	454	1.7e-127	452.6
3300029323.a:Ga0243332_102627_1	gnl|TC-DB|Q45121|1.A.26.1.1	38.5	148	86	2	3	148	166	310	4.8e-23	104.0
3300029323.a:Ga0243332_100981_5	gnl|TC-DB|Q9I5F5|2.A.21.2.3	41.2	500	269	7	10	505	9	487	1.6e-94	343.2
3300029323.a:Ga0243332_100981_16	gnl|TC-DB|P0AER8|2.A.27.1.1	39.4	393	229	4	6	391	4	394	7.0e-66	247.7
3300029323.a:Ga0243332_103536_4	gnl|TC-DB|P40868|9.A.11.1.1	44.6	139	76	1	5	142	5	143	1.4e-27	119.0
3300029323.a:Ga0243332_103536_6	gnl|TC-DB|P40869|9.A.11.1.1	41.1	338	192	2	10	347	2	332	5.2e-73	271.2
3300029323.a:Ga0243332_103767_3	gnl|TC-DB|Q7MV19|9.A.8.1.6	36.3	721	385	12	8	661	127	840	4.0e-122	435.3
3300029323.a:Ga0243332_100309_2	gnl|TC-DB|Q56953|3.A.1.15.4	34.4	224	140	3	3	220	8	230	1.0e-32	136.7
3300029323.a:Ga0243332_100309_3	gnl|TC-DB|O33704|3.A.1.15.3	28.7	261	185	1	7	266	4	264	7.3e-22	100.9
3300029323.a:Ga0243332_100309_4	gnl|TC-DB|P94400|9.B.10.1.1	23.7	219	136	4	4	192	6	223	1.0e-14	77.8
3300029323.a:Ga0243332_100309_20	gnl|TC-DB|Q52716|3.D.6.1.1	34.9	272	151	6	8	271	142	395	5.4e-33	138.7
3300029323.a:Ga0243332_100309_26	gnl|TC-DB|W0WFC6|2.A.25.1.9	32.4	450	289	6	7	449	8	449	2.1e-50	196.4
3300029323.a:Ga0243332_100309_27	gnl|TC-DB|P41796|9.A.28.1.1	34.7	392	219	6	1	355	3	394	2.0e-51	199.5
3300029323.a:Ga0243332_100309_28	gnl|TC-DB|Q9KN48|3.A.23.1.1	42.9	266	141	4	264	521	168	430	1.4e-52	204.1
3300029323.a:Ga0243332_100309_30	gnl|TC-DB|P37676|2.A.56.1.2	25.2	290	205	4	70	355	27	308	5.4e-28	121.7
3300029323.a:Ga0243332_100309_32	gnl|TC-DB|O07838|2.A.56.1.1	39.3	440	251	3	1	425	1	439	4.9e-81	298.1
3300029323.a:Ga0243332_100309_36	gnl|TC-DB|M1QJN9|2.A.27.2.2	29.3	413	257	10	10	391	8	416	2.8e-33	139.4
3300029323.a:Ga0243332_100309_39	gnl|TC-DB|Q9KN48|3.A.23.1.1	46.1	245	131	1	264	508	176	419	5.9e-57	218.4
3300029323.a:Ga0243332_100491_2	gnl|TC-DB|P21458|3.A.12.1.1	52.7	488	219	5	685	1171	308	784	2.6e-132	469.9
3300029323.a:Ga0243332_100491_6	gnl|TC-DB|Q9ZKE4|3.A.11.3.1	30.2	556	343	9	164	714	80	595	1.7e-65	247.3
3300029323.a:Ga0243332_100491_13	gnl|TC-DB|Q9HC98|1.I.1.1.3	31.3	249	167	2	13	257	45	293	9.0e-27	118.6
3300029323.a:Ga0243332_100516_6	gnl|TC-DB|F4LXP4|8.A.59.2.1	27.3	311	198	6	279	561	185	495	2.9e-28	123.2
3300029323.a:Ga0243332_100516_7	gnl|TC-DB|P72827|3.A.1.10.2	25.1	335	214	11	10	317	9	333	7.5e-16	81.3
3300029323.a:Ga0243332_100516_11	gnl|TC-DB|Q06700|3.B.1.1.3	69.8	589	174	3	1	588	1	586	1.8e-251	864.8
3300029323.a:Ga0243332_100516_14	gnl|TC-DB|Q57286|3.B.1.1.2	62.3	371	131	2	10	380	11	372	2.4e-116	415.2
3300029323.a:Ga0243332_100516_21	gnl|TC-DB|O32219|3.A.3.6.10	42.6	699	385	9	215	903	8	700	6.1e-142	501.5
3300029323.a:Ga0243332_100516_23	gnl|TC-DB|P23200|3.A.1.2.3	40.9	340	183	5	5	335	6	336	1.8e-59	226.1
3300029323.a:Ga0243332_100516_24	gnl|TC-DB|P0AAG8|3.A.1.2.3	49.4	498	246	3	4	500	11	503	1.0e-141	500.0
3300029323.a:Ga0243332_100516_25	gnl|TC-DB|A6VKT0|3.A.1.2.13	26.5	298	192	8	62	359	22	292	1.1e-17	87.4
3300029323.a:Ga0243332_100516_26	gnl|TC-DB|P0AEE5|3.A.1.2.3	36.7	281	169	4	41	320	27	299	3.0e-49	192.2
3300029323.a:Ga0243332_100516_28	gnl|TC-DB|F4LXP4|8.A.59.2.1	28.3	286	179	6	327	589	215	497	1.1e-25	114.8
3300029323.a:Ga0243332_100602_24	gnl|TC-DB|Q50864|4.D.1.3.4	35.5	560	350	5	155	713	292	841	2.5e-93	339.7
3300029323.a:Ga0243332_100602_25	gnl|TC-DB|B3EBP1|4.D.1.3.3	26.9	223	143	7	4	214	614	828	2.2e-12	69.7
3300029323.a:Ga0243332_100602_26	gnl|TC-DB|G0CIY2|9.B.18.1.1	30.1	472	297	8	15	472	32	484	2.7e-56	216.1
3300029323.a:Ga0243332_100602_30	gnl|TC-DB|O51234|3.A.1.7.5	37.4	195	118	2	13	205	13	205	2.6e-31	132.5
3300029323.a:Ga0243332_100602_31	gnl|TC-DB|P07654|3.A.1.7.1	31.0	216	135	4	1	211	25	231	1.2e-19	93.6
3300029323.a:Ga0243332_100602_32	gnl|TC-DB|O51236|3.A.1.7.5	64.6	254	85	2	5	253	7	260	4.8e-92	334.0
3300029323.a:Ga0243332_100613_2	gnl|TC-DB|Q5F721|2.A.68.1.2	37.0	508	306	5	14	511	11	514	9.7e-92	334.0
3300029323.a:Ga0243332_100613_14	gnl|TC-DB|P07373|2.A.103.1.3	31.2	282	178	5	130	401	72	347	7.0e-27	118.2
3300029323.a:Ga0243332_101195_9	gnl|TC-DB|Q8PVB2|9.B.125.2.2	32.1	318	185	6	3	307	5	304	8.2e-36	147.5
3300029323.a:Ga0243332_100693_2	gnl|TC-DB|Q8EHX2|2.A.35.1.5	25.3	367	242	8	65	424	74	415	1.7e-15	80.5
3300029323.a:Ga0243332_100693_7	gnl|TC-DB|C6B3K0|2.A.101.1.2	25.0	448	284	11	5	424	10	433	9.9e-21	97.8
3300029323.a:Ga0243332_100693_10	gnl|TC-DB|Q45068|2.A.25.1.5	38.9	427	246	6	37	461	24	437	2.5e-75	279.3
3300029323.a:Ga0243332_100693_15	gnl|TC-DB|Q58119|2.A.66.1.26	28.5	435	296	6	14	437	13	443	6.4e-39	158.3
3300029323.a:Ga0243332_100693_21	gnl|TC-DB|Q2BM70|3.A.1.17.4	25.7	241	173	3	48	283	64	303	1.7e-16	83.2
3300029323.a:Ga0243332_100693_22	gnl|TC-DB|A7NH45|3.A.1.17.8	41.6	221	129	0	5	225	4	224	2.3e-45	179.1
3300029323.a:Ga0243332_100693_24	gnl|TC-DB|O31711|3.A.1.122.2	57.1	219	94	0	19	237	1	219	1.3e-63	239.6
3300029323.a:Ga0243332_100693_25	gnl|TC-DB|P75831|3.A.1.122.1	33.0	409	245	10	1	398	258	648	3.5e-41	165.6
3300029323.a:Ga0243332_100693_31	gnl|TC-DB|O05703|3.A.1.15.3	40.2	82	49	0	44	125	26	107	1.1e-15	79.7
3300029323.a:Ga0243332_100763_1	gnl|TC-DB|Q5HGY5|3.A.1.11.8	57.2	145	62	0	4	148	3	147	5.1e-46	180.3
3300029323.a:Ga0243332_100763_5	gnl|TC-DB|P38919|3.A.18.1.1	39.6	374	224	2	3	375	37	409	3.1e-75	279.3
3300029323.a:Ga0243332_100763_6	gnl|TC-DB|P33449|2.A.1.2.70	22.5	369	265	6	26	389	27	379	2.4e-18	89.7
3300029323.a:Ga0243332_100763_19	gnl|TC-DB|P0AGI1|3.A.1.2.1	34.7	150	98	0	162	311	171	320	9.6e-18	87.4
3300029323.a:Ga0243332_100763_20	gnl|TC-DB|A6VKS8|3.A.1.2.13	33.0	491	308	6	11	485	7	492	1.5e-70	264.2
3300029323.a:Ga0243332_100763_22	gnl|TC-DB|Q1M4Q9|3.A.1.2.16	28.8	205	139	4	73	276	38	236	1.4e-12	70.5
3300029323.a:Ga0243332_100696_3	gnl|TC-DB|Q9KAX3|2.A.66.1.32	27.2	437	291	7	14	437	18	440	2.0e-37	153.3
3300029323.a:Ga0243332_100696_8	gnl|TC-DB|P42964|2.A.55.3.2	55.8	391	168	3	5	395	10	395	7.3e-111	397.1
3300029323.a:Ga0243332_100696_9	gnl|TC-DB|Q9KN48|3.A.23.1.1	43.5	230	129	1	133	362	190	418	6.6e-52	201.4
3300029323.a:Ga0243332_100696_11	gnl|TC-DB|Q7A4Q7|2.A.21.2.2	22.7	485	343	12	9	469	20	496	6.4e-26	115.2
3300029323.a:Ga0243332_100696_13	gnl|TC-DB|A2RI03|3.A.1.25.4	44.8	261	143	1	2	261	1	261	5.0e-60	227.6
3300029323.a:Ga0243332_100696_14	gnl|TC-DB|Q839D4|3.A.1.26.7	48.6	284	144	1	1	282	1	284	5.8e-74	274.2
3300029323.a:Ga0243332_100696_15	gnl|TC-DB|Q839D5|3.A.1.26.7	45.8	277	142	2	3	279	4	272	2.9e-66	248.4
3300029323.a:Ga0243332_100696_18	gnl|TC-DB|O31712|3.A.1.122.2	33.7	403	246	7	1	392	3	395	7.2e-47	184.5
3300029323.a:Ga0243332_100696_19	gnl|TC-DB|A8TDW7|3.A.1.122.7	58.7	218	90	0	26	243	51	268	1.0e-65	246.5
3300029323.a:Ga0243332_100696_25	gnl|TC-DB|O24896|2.A.21.2.6	23.1	468	332	10	8	452	12	474	1.2e-13	74.3
3300029323.a:Ga0243332_101194_3	gnl|TC-DB|B3EBP1|4.D.1.3.3	33.3	231	130	6	399	613	18	240	3.7e-26	117.1
3300029323.a:Ga0243332_101194_5	gnl|TC-DB|Q9I3V8|3.A.1.103.6	37.2	393	213	6	2	390	4	366	7.5e-69	257.7
3300029323.a:Ga0243332_101194_6	gnl|TC-DB|P42953|3.A.1.104.1	30.1	276	188	2	1	272	1	275	3.0e-36	148.7
3300029323.a:Ga0243332_100925_10	gnl|TC-DB|Q9FI56|3.A.9.1.2	43.6	884	404	11	5	863	97	910	4.4e-198	688.0
