HisKA	64	3300029594.a:Ga0245142_100023_100	566	8.1e-17	2	64	332	397	0.96875
HATPase_c	111	3300029594.a:Ga0245142_100023_100	566	1.6e-29	5	108	444	549	0.9279279279279279
GntR	64	3300029594.a:Ga0245142_100023_106	470	5e-17	5	64	2	61	0.921875
GntR	64	3300029594.a:Ga0245142_100023_106	470	1.7e-18	4	64	249	309	0.9375
HTH_1	60	3300029594.a:Ga0245142_100023_12	148	8.4e-17	17	59	2	44	0.7
LysR_substrate	209	3300029594.a:Ga0245142_100023_12	148	6.8e-07	5	70	73	138	0.31100478468899523
Spo0A_C	104	3300029594.a:Ga0245142_100023_133	183	7.5e-19	3	98	40	144	0.9134615384615384
Fer4	24	3300029594.a:Ga0245142_100023_135	1181	1.8e-06	1	24	694	717	0.9583333333333334
HTH_1	60	3300029594.a:Ga0245142_100023_143	304	2.3e-20	3	60	5	62	0.95
LysR_substrate	209	3300029594.a:Ga0245142_100023_143	304	1.2e-16	2	158	87	247	0.7464114832535885
HTH_3	55	3300029594.a:Ga0245142_100023_15	77	1.3e-05	9	54	16	60	0.8181818181818182
MarR	59	3300029594.a:Ga0245142_100023_151	151	2e-06	6	47	37	79	0.6949152542372882
GAF	133	3300029594.a:Ga0245142_100023_153	459	3.5e-06	3	111	153	270	0.8120300751879699
GGDEF	161	3300029594.a:Ga0245142_100023_153	459	1.9e-24	1	157	305	444	0.968944099378882
Nitroreductase	170	3300029594.a:Ga0245142_100023_160	176	1.5e-17	2	53	8	59	0.3
Nitroreductase	170	3300029594.a:Ga0245142_100023_160	176	1.5e-08	81	170	64	152	0.5235294117647059
GntR	64	3300029594.a:Ga0245142_100023_174	342	2.3e-11	12	64	125	177	0.8125
Pyr_redox_2	292	3300029594.a:Ga0245142_100023_176	467	5.9e-37	2	291	144	450	0.9897260273972602
HATPase_c	111	3300029594.a:Ga0245142_100023_178	565	2.3e-07	9	82	462	530	0.6576576576576577
Response_reg	112	3300029594.a:Ga0245142_100023_179	257	2.3e-20	2	111	12	120	0.9732142857142857
LytTR	98	3300029594.a:Ga0245142_100023_179	257	7.3e-22	1	97	157	253	0.9795918367346939
Rrf2	83	3300029594.a:Ga0245142_100023_184	142	8.7e-22	1	83	1	82	0.9879518072289156
HATPase_c	111	3300029594.a:Ga0245142_100023_193	651	4e-09	8	63	24	83	0.4954954954954955
Aminotran_1_2	363	3300029594.a:Ga0245142_100023_195	418	3.6e-54	2	361	38	392	0.9889807162534435
PglZ	176	3300029594.a:Ga0245142_100023_20	865	1.6e-45	1	173	467	640	0.9772727272727273
CBS	57	3300029594.a:Ga0245142_100023_206	441	9.3e-06	2	56	279	332	0.9473684210526315
HD	122	3300029594.a:Ga0245142_100023_215	193	4.9e-16	1	120	21	132	0.9754098360655737
HD	122	3300029594.a:Ga0245142_100023_221	738	3.5e-12	1	122	51	150	0.9918032786885246
Sigma70_r2	71	3300029594.a:Ga0245142_100023_233	405	1.5e-24	2	70	172	240	0.9577464788732394
Sigma70_r3	78	3300029594.a:Ga0245142_100023_233	405	6.2e-33	1	77	250	326	0.9743589743589743
Sigma70_r4	50	3300029594.a:Ga0245142_100023_233	405	1.5e-22	1	50	339	392	0.98
HD	122	3300029594.a:Ga0245142_100023_235	342	2.5e-19	1	121	75	187	0.9836065573770492
HTH_3	55	3300029594.a:Ga0245142_100023_25	305	6.6e-09	10	45	32	69	0.6363636363636364
Fer4	24	3300029594.a:Ga0245142_100023_250	480	8.3e-06	2	18	166	182	0.6666666666666666
Fer4	24	3300029594.a:Ga0245142_100023_250	480	8.3e-09	6	24	213	231	0.75
TetR_N	47	3300029594.a:Ga0245142_100023_253	194	1.7e-10	7	46	16	55	0.8297872340425532
AAA	132	3300029594.a:Ga0245142_100023_266	404	3.4e-07	1	124	211	318	0.9318181818181818
PALP	294	3300029594.a:Ga0245142_100023_267	404	4.7e-82	3	294	16	301	0.9897959183673469
ACT	67	3300029594.a:Ga0245142_100023_270	173	7.2e-10	2	66	9	73	0.9552238805970149
Pyr_redox_2	292	3300029594.a:Ga0245142_100023_276	1157	7.8e-27	2	239	383	602	0.8116438356164384
MerR	38	3300029594.a:Ga0245142_100023_277	334	7.8e-11	3	38	4	39	0.9210526315789473
Fer4	24	3300029594.a:Ga0245142_100023_34	273	2.5e-07	4	21	224	241	0.7083333333333334
Fer4	24	3300029594.a:Ga0245142_100023_34	273	4.5e-06	6	23	255	272	0.7083333333333334
HTH_3	55	3300029594.a:Ga0245142_100023_35	205	2.6e-16	1	55	10	64	0.9818181818181818
TetR_N	47	3300029594.a:Ga0245142_100023_40	208	1.3e-07	1	47	16	62	0.9787234042553191
Arg_repressor	70	3300029594.a:Ga0245142_100023_5	155	1.7e-24	4	63	3	62	0.8428571428571429
HxlR	91	3300029594.a:Ga0245142_100023_52	120	5.3e-29	1	88	18	106	0.9560439560439561
HxlR	91	3300029594.a:Ga0245142_100023_59	128	3.1e-28	2	86	34	119	0.9230769230769231
Nitroreductase	170	3300029594.a:Ga0245142_100023_63	272	8.4e-06	114	170	76	131	0.32941176470588235
Rrf2	83	3300029594.a:Ga0245142_100023_64	152	1e-20	4	83	2	78	0.9518072289156626
GGDEF	161	3300029594.a:Ga0245142_100023_66	662	2.8e-07	4	107	241	344	0.639751552795031
EAL	238	3300029594.a:Ga0245142_100023_66	662	3.5e-62	3	238	415	648	0.9873949579831933
GyrI-like	155	3300029594.a:Ga0245142_100023_67	211	1.1e-37	2	154	18	205	0.9806451612903225
Nitroreductase	170	3300029594.a:Ga0245142_100023_71	173	4.7e-20	2	56	9	63	0.3176470588235294
Nitroreductase	170	3300029594.a:Ga0245142_100023_71	173	1.7e-15	87	170	67	148	0.48823529411764705
TetR_N	47	3300029594.a:Ga0245142_100023_74	175	3.4e-15	2	44	16	58	0.8936170212765957
HTH_5	47	3300029594.a:Ga0245142_100023_76	111	4.8e-18	1	47	15	61	0.9787234042553191
AAA	132	3300029594.a:Ga0245142_100023_8	348	3.9e-22	1	130	56	179	0.9772727272727273
GGDEF	161	3300029594.a:Ga0245142_100023_81	990	4.1e-18	2	137	120	244	0.8385093167701864
EAL	238	3300029594.a:Ga0245142_100023_81	990	4.6e-70	4	238	290	523	0.9831932773109243
GGDEF	161	3300029594.a:Ga0245142_100023_81	990	6.8e-33	3	161	833	984	0.9813664596273292
dCache_2	296	3300029594.a:Ga0245142_100023_84	579	8.8e-16	15	186	55	213	0.5777027027027027
GGDEF	161	3300029594.a:Ga0245142_100023_84	579	1.1e-32	1	160	268	420	0.9875776397515528
GGDEF	161	3300029594.a:Ga0245142_100023_88	604	1.1e-33	1	160	289	441	0.9875776397515528
GGDEF	161	3300029594.a:Ga0245142_100023_93	518	7.8e-27	2	160	232	377	0.9813664596273292
GGDEF	161	3300029594.a:Ga0245142_100023_96	837	5.5e-26	2	158	248	392	0.968944099378882
GGDEF	161	3300029594.a:Ga0245142_100023_96	837	5.1e-17	4	111	423	525	0.6645962732919255
EAL	238	3300029594.a:Ga0245142_100023_96	837	1.6e-63	2	238	589	823	0.9915966386554622
Response_reg	112	3300029594.a:Ga0245142_100023_99	223	2e-28	1	111	2	113	0.9821428571428571
Trans_reg_C	77	3300029594.a:Ga0245142_100023_99	223	1.1e-25	2	77	148	220	0.974025974025974
Aminotran_1_2	363	3300029594.a:Ga0245142_100042_104	390	1.4e-63	2	363	30	380	0.9944903581267218
SBP_bac_3	225	3300029594.a:Ga0245142_100042_105	265	1.6e-65	4	223	37	257	0.9733333333333334
CBS	57	3300029594.a:Ga0245142_100042_108	567	7.4e-09	12	55	100	142	0.7543859649122807
CBS	57	3300029594.a:Ga0245142_100042_108	567	1.4e-06	11	52	277	318	0.7192982456140351
MarR	59	3300029594.a:Ga0245142_100042_110	154	3.5e-19	1	58	41	98	0.9661016949152542
cNMP_binding	88	3300029594.a:Ga0245142_100042_115	224	1.3e-13	1	81	34	116	0.9090909090909091
MarR	59	3300029594.a:Ga0245142_100042_115	224	6.1e-05	17	52	180	215	0.5932203389830508
AraC_binding	136	3300029594.a:Ga0245142_100042_125	118	5.6e-07	16	87	41	112	0.5220588235294118
MarR	59	3300029594.a:Ga0245142_100042_129	139	1.3e-11	2	48	33	79	0.7796610169491526
MerR	38	3300029594.a:Ga0245142_100042_134	223	1e-11	2	38	11	46	0.9473684210526315
SKI	158	3300029594.a:Ga0245142_100042_135	294	9.1e-05	85	145	83	144	0.379746835443038
HTH_3	55	3300029594.a:Ga0245142_100042_149	198	1.4e-16	1	55	10	64	0.9818181818181818
Fer4	24	3300029594.a:Ga0245142_100042_153	306	2.9e-08	5	23	51	69	0.75
Fer4	24	3300029594.a:Ga0245142_100042_153	306	4.7e-05	2	24	78	100	0.9166666666666666
PTS-HPr	82	3300029594.a:Ga0245142_100042_162	88	1.7e-26	2	80	3	81	0.9512195121951219
PTS_EIIC	324	3300029594.a:Ga0245142_100042_163	633	1.4e-43	1	324	112	400	0.9969135802469136
PfkB	302	3300029594.a:Ga0245142_100042_166	322	5.4e-56	4	300	6	308	0.9801324503311258
HTH_3	55	3300029594.a:Ga0245142_100042_171	138	1.9e-08	1	55	27	82	0.9818181818181818
EPSP_synthase	417	3300029594.a:Ga0245142_100042_177	424	2.6e-107	2	416	7	410	0.9928057553956835
HTH_DeoR	57	3300029594.a:Ga0245142_100042_194	258	5.1e-16	1	52	6	57	0.8947368421052632
DeoRC	160	3300029594.a:Ga0245142_100042_194	258	1.9e-43	6	160	79	235	0.9625
Peripla_BP_1	279	3300029594.a:Ga0245142_100042_198	357	4.5e-21	4	204	69	280	0.7168458781362007
PfkB	302	3300029594.a:Ga0245142_100042_199	319	1.2e-44	4	297	3	298	0.9701986754966887
PfkB	302	3300029594.a:Ga0245142_100042_203	308	4.2e-47	4	297	2	293	0.9701986754966887
GntR	64	3300029594.a:Ga0245142_100042_208	242	8.3e-17	7	64	17	74	0.890625
FUR	120	3300029594.a:Ga0245142_100042_215	144	6e-17	7	112	12	125	0.875
HTH_3	55	3300029594.a:Ga0245142_100042_217	360	4.3e-16	1	55	19	73	0.9818181818181818
Pyr_redox_2	292	3300029594.a:Ga0245142_100042_219	853	3.3e-65	1	289	6	307	0.9863013698630136
Rhodanese	107	3300029594.a:Ga0245142_100042_219	853	2.1e-09	15	104	470	544	0.8317757009345794
cNMP_binding	88	3300029594.a:Ga0245142_100042_220	221	8.7e-10	2	88	26	115	0.9772727272727273
Pyr_redox	81	3300029594.a:Ga0245142_100042_226	382	5.7e-05	3	42	9	49	0.48148148148148145
HTH_1	60	3300029594.a:Ga0245142_100042_228	302	8.7e-21	1	60	3	62	0.9833333333333333
LysR_substrate	209	3300029594.a:Ga0245142_100042_228	302	7.7e-16	4	206	89	295	0.9665071770334929
HisKA	64	3300029594.a:Ga0245142_100042_25	467	8.8e-19	2	63	243	308	0.953125
HATPase_c	111	3300029594.a:Ga0245142_100042_25	467	1.5e-22	1	108	353	462	0.963963963963964
Response_reg	112	3300029594.a:Ga0245142_100042_26	231	2.3e-31	2	112	5	113	0.9821428571428571
Trans_reg_C	77	3300029594.a:Ga0245142_100042_26	231	5.6e-26	1	77	148	221	0.987012987012987
AAA	132	3300029594.a:Ga0245142_100042_27	455	2.1e-06	1	111	93	220	0.8333333333333334
AAA	132	3300029594.a:Ga0245142_100042_31	449	5.1e-20	1	128	58	166	0.9621212121212122
SpoIIE	193	3300029594.a:Ga0245142_100042_32	391	1.2e-17	6	192	36	220	0.9637305699481865
Fer4	24	3300029594.a:Ga0245142_100042_33	557	3.1e-08	2	22	35	55	0.8333333333333334
FeS	33	3300029594.a:Ga0245142_100042_33	557	2.8e-11	3	33	360	390	0.9090909090909091
PAS	113	3300029594.a:Ga0245142_100042_33	557	3.9e-08	6	64	403	459	0.5132743362831859
FeoA	74	3300029594.a:Ga0245142_100042_36	75	3.2e-14	1	71	5	73	0.9459459459459459
HMA	62	3300029594.a:Ga0245142_100042_37	881	2.3e-20	2	62	4	61	0.967741935483871
HMA	62	3300029594.a:Ga0245142_100042_37	881	4.1e-14	1	61	815	874	0.967741935483871
HTH_11	55	3300029594.a:Ga0245142_100042_44	344	2.1e-15	2	54	7	60	0.9454545454545454
GntR	64	3300029594.a:Ga0245142_100042_45	499	8.3e-18	1	64	16	79	0.984375
Aminotran_1_2	363	3300029594.a:Ga0245142_100042_45	499	5.2e-17	35	309	141	405	0.7548209366391184
Aminotran_1_2	363	3300029594.a:Ga0245142_100042_49	400	4.3e-49	2	362	34	389	0.9917355371900827
FeS	33	3300029594.a:Ga0245142_100042_51	301	3.3e-11	1	32	41	73	0.9393939393939394
Fer4	24	3300029594.a:Ga0245142_100042_51	301	7.5e-07	3	24	163	184	0.875
Fer4	24	3300029594.a:Ga0245142_100042_51	301	1.3e-05	8	23	213	228	0.625
Fer4	24	3300029594.a:Ga0245142_100042_51	301	5.5e-09	2	23	236	257	0.875
Fer4	24	3300029594.a:Ga0245142_100042_56	438	6.8e-06	4	21	361	378	0.7083333333333334
Aminotran_1_2	363	3300029594.a:Ga0245142_100042_57	486	2.5e-09	49	302	70	323	0.696969696969697
Aminotran_1_2	363	3300029594.a:Ga0245142_100042_63	409	1.5e-05	131	296	177	330	0.45454545454545453
TetR_N	47	3300029594.a:Ga0245142_100042_77	200	9.1e-21	1	46	12	57	0.9574468085106383
Rhodanese	107	3300029594.a:Ga0245142_100042_79	358	2.5e-13	21	106	79	170	0.794392523364486
Rhodanese	107	3300029594.a:Ga0245142_100042_79	358	8.6e-09	3	105	203	324	0.9532710280373832
HMA	62	3300029594.a:Ga0245142_100042_81	76	2.1e-07	2	62	6	66	0.967741935483871
FeoA	74	3300029594.a:Ga0245142_100042_84	74	1.1e-17	2	68	3	68	0.8918918918918919
FeoA	74	3300029594.a:Ga0245142_100042_85	74	4.2e-20	2	73	3	72	0.9594594594594594
Fe_dep_repress	60	3300029594.a:Ga0245142_100042_86	130	6.5e-16	4	56	12	64	0.8666666666666667
Fe_dep_repr_C	70	3300029594.a:Ga0245142_100042_86	130	5.8e-16	1	58	71	127	0.8142857142857143
NIR_SIR_ferr	69	3300029594.a:Ga0245142_100042_88	344	6.1e-18	11	67	28	84	0.8115942028985508
NIR_SIR	159	3300029594.a:Ga0245142_100042_88	344	2.5e-27	3	152	104	303	0.9371069182389937
Fer4	24	3300029594.a:Ga0245142_100042_90	343	9.6e-06	7	20	223	236	0.5416666666666666
Fer4	24	3300029594.a:Ga0245142_100042_90	343	8.6e-05	5	20	302	317	0.625
AAA	132	3300029594.a:Ga0245142_100042_92	505	1.1e-09	2	74	37	130	0.5454545454545454
Nitroreductase	170	3300029594.a:Ga0245142_100042_98	289	9.9e-08	81	170	65	141	0.5235294117647059
TetR_N	47	3300029594.a:Ga0245142_100046_11	219	5.6e-19	1	45	40	84	0.9361702127659575
HATPase_c	111	3300029594.a:Ga0245142_100046_111	145	9.6e-08	22	107	51	141	0.7657657657657657
HATPase_c	111	3300029594.a:Ga0245142_100046_114	191	4e-16	12	104	4	100	0.8288288288288288
Fer4	24	3300029594.a:Ga0245142_100046_116	598	1.5e-09	1	24	542	565	0.9583333333333334
Fer4	24	3300029594.a:Ga0245142_100046_116	598	7.1e-08	2	24	573	595	0.9166666666666666
Fer4	24	3300029594.a:Ga0245142_100046_117	582	2.5e-08	4	24	188	208	0.8333333333333334
LexA_DNA_bind	65	3300029594.a:Ga0245142_100046_121	241	3.1e-21	1	65	1	65	0.9846153846153847
CbiA	128	3300029594.a:Ga0245142_100046_142	247	2.2e-13	1	116	5	206	0.8984375
HD	122	3300029594.a:Ga0245142_100046_144	514	2.7e-20	2	121	330	421	0.9754098360655737
TrkA_C	70	3300029594.a:Ga0245142_100046_166	778	3.5e-11	2	70	586	674	0.9714285714285714
TrkA_C	70	3300029594.a:Ga0245142_100046_166	778	7.4e-11	3	62	703	764	0.8428571428571429
Pyr_redox_2	292	3300029594.a:Ga0245142_100046_17	758	7.5e-26	1	245	460	721	0.8356164383561644
T2SSE	273	3300029594.a:Ga0245142_100046_171	422	6.8e-73	4	272	84	360	0.9816849816849816
T2SSE	273	3300029594.a:Ga0245142_100046_190	567	1.6e-73	8	272	193	453	0.967032967032967
T2SSE	273	3300029594.a:Ga0245142_100046_191	351	2.2e-39	42	265	42	260	0.8168498168498168
TrkA_C	70	3300029594.a:Ga0245142_100046_196	466	1.1e-13	1	62	162	223	0.8714285714285714
TrkA_C	70	3300029594.a:Ga0245142_100046_196	466	1.7e-14	3	69	390	455	0.9428571428571428
GntR	64	3300029594.a:Ga0245142_100046_20	124	8.8e-21	2	64	14	76	0.96875
TrmB	68	3300029594.a:Ga0245142_100046_200	294	7.8e-06	7	54	237	284	0.6911764705882353
AAA	132	3300029594.a:Ga0245142_100046_203	481	6.9e-09	1	98	57	148	0.7348484848484849
AAA	132	3300029594.a:Ga0245142_100046_203	481	8.6e-08	42	130	272	369	0.6666666666666666
Pyr_redox_2	292	3300029594.a:Ga0245142_100046_206	431	1.4e-36	2	276	4	296	0.9383561643835616
SpoIIE	193	3300029594.a:Ga0245142_100046_217	245	1.1e-10	6	191	28	240	0.9585492227979274
Pkinase	264	3300029594.a:Ga0245142_100046_218	582	9.2e-56	1	254	10	257	0.9583333333333334
Rhodanese	107	3300029594.a:Ga0245142_100046_23	167	1e-15	3	105	53	154	0.9532710280373832
Glyoxalase	128	3300029594.a:Ga0245142_100046_28	67	2.1e-08	2	55	4	55	0.4140625
GAF	133	3300029594.a:Ga0245142_100046_36	897	3.4e-06	1	133	318	457	0.9924812030075187
GGDEF	161	3300029594.a:Ga0245142_100046_36	897	1.3e-23	1	161	470	626	0.9937888198757764
HD	122	3300029594.a:Ga0245142_100046_36	897	1.9e-23	1	122	721	843	0.9918032786885246
Fe_dep_repress	60	3300029594.a:Ga0245142_100046_39	155	7.3e-13	5	53	6	54	0.8
Fe_dep_repr_C	70	3300029594.a:Ga0245142_100046_39	155	2.8e-19	1	63	64	126	0.8857142857142857
B12-binding_2	75	3300029594.a:Ga0245142_100046_49	589	2.2e-16	4	75	383	454	0.9466666666666667
B12-binding	121	3300029594.a:Ga0245142_100046_49	589	1.3e-23	2	107	468	570	0.8677685950413223
Pyr_redox	81	3300029594.a:Ga0245142_100046_61	475	8e-06	2	68	27	87	0.8148148148148148
B12-binding	121	3300029594.a:Ga0245142_100046_71	506	2.1e-08	13	115	15	118	0.8429752066115702
TPR_1	34	3300029594.a:Ga0245142_100046_72	356	2e-07	3	34	287	318	0.9117647058823529
Pribosyltran	159	3300029594.a:Ga0245142_100046_75	205	3.2e-11	27	126	48	156	0.6226415094339622
MarR	59	3300029594.a:Ga0245142_100046_8	144	3.2e-10	1	58	31	88	0.9661016949152542
TetR_N	47	3300029594.a:Ga0245142_100046_83	215	2.1e-13	5	46	17	58	0.8723404255319149
Rrf2	83	3300029594.a:Ga0245142_100046_85	167	2.8e-27	1	82	1	82	0.9759036144578314
Aminotran_1_2	363	3300029594.a:Ga0245142_100046_86	397	1.2e-09	46	363	46	370	0.8732782369146006
Pribosyltran	159	3300029594.a:Ga0245142_100046_93	209	9.1e-20	5	151	46	188	0.9182389937106918
Nitroreductase	170	3300029594.a:Ga0245142_100079_1	191	2.3e-14	3	169	9	168	0.9764705882352941
Pyr_redox_2	292	3300029594.a:Ga0245142_100079_103	460	2.4e-08	1	108	4	205	0.3664383561643836
CYTH	179	3300029594.a:Ga0245142_100079_105	211	4.5e-16	3	179	2	202	0.9832402234636871
AAA	132	3300029594.a:Ga0245142_100079_108	421	1.7e-18	1	99	118	224	0.7424242424242424
AAA	132	3300029594.a:Ga0245142_100079_109	821	1.8e-23	1	127	380	517	0.9545454545454546
TetR_N	47	3300029594.a:Ga0245142_100079_111	195	1.9e-10	7	45	16	54	0.8085106382978723
Fer4	24	3300029594.a:Ga0245142_100079_115	484	1.4e-05	2	18	166	182	0.6666666666666666
Fer4	24	3300029594.a:Ga0245142_100079_115	484	3.7e-08	6	24	213	231	0.75
EAL	238	3300029594.a:Ga0245142_100079_116	542	2.1e-63	3	238	13	245	0.9873949579831933
TetR_N	47	3300029594.a:Ga0245142_100079_117	216	1.9e-08	1	45	16	60	0.9361702127659575
Pribosyltran	159	3300029594.a:Ga0245142_100079_120	195	6.9e-22	3	158	24	177	0.9748427672955975
NUDIX	131	3300029594.a:Ga0245142_100079_124	179	1.4e-20	6	115	45	151	0.8320610687022901
Aminotran_1_2	363	3300029594.a:Ga0245142_100079_133	424	5e-13	32	354	79	392	0.8870523415977961
Pribosyltran	159	3300029594.a:Ga0245142_100079_143	272	3.5e-17	14	144	115	251	0.8176100628930818
Pribosyltran	159	3300029594.a:Ga0245142_100079_146	318	5.2e-20	25	129	162	258	0.6540880503144654
Response_reg	112	3300029594.a:Ga0245142_100079_15	253	2.5e-27	1	111	19	127	0.9821428571428571
Trans_reg_C	77	3300029594.a:Ga0245142_100079_15	253	1.1e-26	3	77	175	249	0.961038961038961
LytTR	98	3300029594.a:Ga0245142_100079_158	166	1.5e-08	6	96	28	114	0.9183673469387755
HisKA	64	3300029594.a:Ga0245142_100079_16	541	2.3e-17	2	61	318	380	0.921875
HATPase_c	111	3300029594.a:Ga0245142_100079_16	541	1.9e-18	2	109	430	539	0.963963963963964
Response_reg	112	3300029594.a:Ga0245142_100079_18	230	8.9e-30	1	111	3	111	0.9821428571428571
Trans_reg_C	77	3300029594.a:Ga0245142_100079_18	230	1.3e-26	1	77	149	225	0.987012987012987
HisKA	64	3300029594.a:Ga0245142_100079_19	580	2.2e-16	1	64	358	424	0.984375
HATPase_c	111	3300029594.a:Ga0245142_100079_19	580	1.4e-10	3	94	471	562	0.8198198198198198
HTH_11	55	3300029594.a:Ga0245142_100079_23	185	1.9e-17	1	54	6	58	0.9636363636363636
HD	122	3300029594.a:Ga0245142_100079_3	169	8.8e-08	2	119	56	157	0.9590163934426229
HTH_3	55	3300029594.a:Ga0245142_100079_32	344	1.3e-07	1	45	13	58	0.8
Pyr_redox_2	292	3300029594.a:Ga0245142_100079_33	669	2e-16	1	242	390	627	0.8253424657534246
SBP_bac_3	225	3300029594.a:Ga0245142_100079_35	274	7.3e-59	1	224	42	262	0.9911111111111112
Aminotran_1_2	363	3300029594.a:Ga0245142_100079_38	353	2.1e-06	52	189	43	175	0.3774104683195592
HD	122	3300029594.a:Ga0245142_100079_48	176	1.2e-07	4	119	25	115	0.9426229508196722
Rrf2	83	3300029594.a:Ga0245142_100079_5	146	1.3e-25	1	81	1	81	0.963855421686747
GntR	64	3300029594.a:Ga0245142_100079_50	216	5.2e-14	2	64	9	71	0.96875
TrkA_C	70	3300029594.a:Ga0245142_100079_50	216	1.1e-13	3	67	135	201	0.9142857142857143
Aminotran_1_2	363	3300029594.a:Ga0245142_100079_55	366	6.9e-45	22	354	41	352	0.9146005509641874
FeoA	74	3300029594.a:Ga0245142_100079_57	789	7.3e-16	2	72	3	72	0.9459459459459459
MarR	59	3300029594.a:Ga0245142_100079_59	189	2.2e-10	17	58	86	127	0.6949152542372882
Aminotran_1_2	363	3300029594.a:Ga0245142_100079_6	434	5.7e-13	18	235	37	224	0.5977961432506887
AAA	132	3300029594.a:Ga0245142_100079_61	621	3.5e-05	3	98	408	565	0.7196969696969697
PALP	294	3300029594.a:Ga0245142_100079_7	322	6.9e-80	3	294	21	308	0.9897959183673469
Pribosyltran	159	3300029594.a:Ga0245142_100088_104	214	7.3e-12	27	130	72	171	0.6477987421383647
Pyr_redox_2	292	3300029594.a:Ga0245142_100088_109	465	6.7e-36	1	292	145	451	0.9965753424657534
Peptidase_M23	96	3300029594.a:Ga0245142_100088_123	623	2.1e-35	2	96	524	618	0.9791666666666666
CbiA	128	3300029594.a:Ga0245142_100088_129	257	7e-30	1	128	5	230	0.9921875
Pyr_redox_2	292	3300029594.a:Ga0245142_100088_131	646	8.5e-06	1	106	16	165	0.3595890410958904
AAA	132	3300029594.a:Ga0245142_100088_139	445	9.5e-10	2	125	141	259	0.9318181818181818
HATPase_c	111	3300029594.a:Ga0245142_100088_142	642	1.4e-24	4	104	38	156	0.9009009009009009
GGDEF	161	3300029594.a:Ga0245142_100088_144	386	5.2e-37	3	159	226	377	0.968944099378882
Nitroreductase	170	3300029594.a:Ga0245142_100088_145	199	8.3e-11	1	57	6	63	0.32941176470588235
Nitroreductase	170	3300029594.a:Ga0245142_100088_145	199	7.3e-13	116	170	101	153	0.3176470588235294
CbiA	128	3300029594.a:Ga0245142_100088_21	228	2.6e-11	9	85	44	208	0.59375
Pribosyltran	159	3300029594.a:Ga0245142_100088_31	197	1.3e-16	16	132	37	164	0.7295597484276729
MerR	38	3300029594.a:Ga0245142_100088_5	402	1.1e-13	2	38	11	47	0.9473684210526315
CBS	57	3300029594.a:Ga0245142_100088_51	420	2.6e-05	8	51	206	250	0.7543859649122807
CBS	57	3300029594.a:Ga0245142_100088_51	420	7e-08	6	56	265	315	0.8771929824561403
HTH_1	60	3300029594.a:Ga0245142_100088_56	296	2.1e-19	2	60	4	63	0.9666666666666667
LysR_substrate	209	3300029594.a:Ga0245142_100088_56	296	4.2e-15	17	204	103	289	0.8947368421052632
GGDEF	161	3300029594.a:Ga0245142_100088_80	1587	6.5e-35	2	159	292	442	0.9751552795031055
GGDEF	161	3300029594.a:Ga0245142_100088_80	1587	2e-14	3	151	594	731	0.9192546583850931
EAL	238	3300029594.a:Ga0245142_100088_80	1587	6.5e-64	3	238	762	994	0.9873949579831933
GGDEF	161	3300029594.a:Ga0245142_100088_80	1587	7.8e-16	1	145	1431	1570	0.8944099378881988
HMA	62	3300029594.a:Ga0245142_100088_92	78	1.6e-09	7	49	9	51	0.6774193548387096
HTH_5	47	3300029594.a:Ga0245142_100088_93	146	7e-14	1	45	60	104	0.9361702127659575
Aminotran_1_2	363	3300029594.a:Ga0245142_100100_100	387	1.5e-06	19	189	13	176	0.46831955922865015
HATPase_c	111	3300029594.a:Ga0245142_100100_104	644	2.9e-15	1	110	23	176	0.9819819819819819
Pyr_redox_2	292	3300029594.a:Ga0245142_100100_105	315	1.3e-44	1	292	5	294	0.9965753424657534
CbiA	128	3300029594.a:Ga0245142_100100_106	282	1.5e-12	2	125	44	259	0.9609375
HTH_3	55	3300029594.a:Ga0245142_100100_107	178	1.6e-15	1	55	7	61	0.9818181818181818
AraC_binding	136	3300029594.a:Ga0245142_100100_107	178	8.6e-07	27	78	126	175	0.375
SBP_bac_1	315	3300029594.a:Ga0245142_100100_111	353	8.4e-18	8	308	39	282	0.9523809523809523
Fer4	24	3300029594.a:Ga0245142_100100_117	593	1.3e-08	1	24	565	588	0.9583333333333334
GerE	57	3300029594.a:Ga0245142_100100_122	483	4.8e-16	2	56	412	466	0.9473684210526315
Aminotran_1_2	363	3300029594.a:Ga0245142_100100_123	397	6e-49	10	358	37	383	0.9586776859504132
CbiA	128	3300029594.a:Ga0245142_100100_135	252	2.6e-12	3	127	5	224	0.96875
CbiA	128	3300029594.a:Ga0245142_100100_136	264	5.5e-17	3	122	5	219	0.9296875
Pyr_redox_2	292	3300029594.a:Ga0245142_100100_153	535	2.5e-06	4	111	108	278	0.3664383561643836
Sigma70_r4_2	54	3300029594.a:Ga0245142_100100_2	129	1.3e-12	11	54	29	72	0.7962962962962963
SKI	158	3300029594.a:Ga0245142_100100_20	837	2.6e-29	1	141	639	772	0.8860759493670886
PglZ	176	3300029594.a:Ga0245142_100100_22	506	3.2e-06	106	169	378	441	0.35795454545454547
CBS	57	3300029594.a:Ga0245142_100100_27	467	2e-08	1	53	148	205	0.9122807017543859
CBS	57	3300029594.a:Ga0245142_100100_27	467	2.8e-13	3	56	214	267	0.9298245614035088
CbiA	128	3300029594.a:Ga0245142_100100_3	447	1.1e-05	9	87	111	253	0.609375
ATPase_2	233	3300029594.a:Ga0245142_100100_37	244	2.7e-06	19	120	26	113	0.4334763948497854
Peptidase_M23	96	3300029594.a:Ga0245142_100100_39	393	2.2e-34	2	96	290	384	0.9791666666666666
HTH_1	60	3300029594.a:Ga0245142_100100_51	289	2.2e-18	2	59	4	61	0.95
LysR_substrate	209	3300029594.a:Ga0245142_100100_51	289	5e-09	20	208	99	286	0.8995215311004785
Pyr_redox_2	292	3300029594.a:Ga0245142_100100_53	652	6.6e-37	2	243	390	615	0.8253424657534246
HTH_1	60	3300029594.a:Ga0245142_100100_54	293	6.1e-15	3	59	5	61	0.9333333333333333
LysR_substrate	209	3300029594.a:Ga0245142_100100_54	293	1.5e-23	6	205	90	287	0.9521531100478469
TetR_N	47	3300029594.a:Ga0245142_100100_59	193	3e-13	4	46	13	55	0.8936170212765957
AAA	132	3300029594.a:Ga0245142_100100_69	605	9.5e-49	1	131	202	333	0.9848484848484849
HD	122	3300029594.a:Ga0245142_100100_90	192	3.4e-11	1	92	23	101	0.7459016393442623
ACT	67	3300029594.a:Ga0245142_100100_93	440	3e-06	11	52	389	424	0.6119402985074627
PALP	294	3300029594.a:Ga0245142_100100_95	499	4.2e-17	25	292	98	419	0.9081632653061225
HTH_7	45	3300029594.a:Ga0245142_100100_96	146	5e-07	13	41	22	52	0.6222222222222222
HTH_1	60	3300029594.a:Ga0245142_100100_97	305	3.2e-20	1	60	3	62	0.9833333333333333
LysR_substrate	209	3300029594.a:Ga0245142_100100_97	305	3.2e-32	2	207	87	293	0.9808612440191388
Ada_Zn_binding	65	3300029594.a:Ga0245142_100125_100	377	7.1e-05	14	62	324	374	0.7384615384615385
GGDEF	161	3300029594.a:Ga0245142_100125_106	387	1.3e-32	2	156	226	377	0.9565217391304348
GntR	64	3300029594.a:Ga0245142_100125_114	217	1.2e-16	2	64	9	70	0.96875
HTH_1	60	3300029594.a:Ga0245142_100125_117	302	3.3e-19	1	60	3	62	0.9833333333333333
LysR_substrate	209	3300029594.a:Ga0245142_100125_117	302	1.5e-31	3	206	87	293	0.9712918660287081
HD	122	3300029594.a:Ga0245142_100125_118	169	9.7e-09	3	92	28	116	0.7295081967213115
NUDIX	131	3300029594.a:Ga0245142_100125_119	161	1.6e-20	5	130	5	126	0.9541984732824428
AAA	132	3300029594.a:Ga0245142_100125_122	372	8.2e-06	2	101	31	184	0.75
CBS	57	3300029594.a:Ga0245142_100125_122	372	3.6e-07	1	54	247	301	0.9298245614035088
AraC_binding	136	3300029594.a:Ga0245142_100125_123	119	1.2e-06	17	71	56	111	0.39705882352941174
HTH_IclR	52	3300029594.a:Ga0245142_100125_126	302	4.1e-11	1	51	58	107	0.9615384615384616
IclR	129	3300029594.a:Ga0245142_100125_126	302	4.2e-24	7	128	177	294	0.937984496124031
CbiA	128	3300029594.a:Ga0245142_100125_127	237	9.2e-09	8	95	28	149	0.6796875
Fer4	24	3300029594.a:Ga0245142_100125_128	71	1.5e-07	5	24	47	66	0.7916666666666666
HTH_18	81	3300029594.a:Ga0245142_100125_140	407	1.4e-22	2	80	322	399	0.9629629629629629
AAA	132	3300029594.a:Ga0245142_100125_141	709	1.3e-44	1	131	197	329	0.9848484848484849
AAA	132	3300029594.a:Ga0245142_100125_40	689	7.3e-13	2	125	41	170	0.9318181818181818
EAL	238	3300029594.a:Ga0245142_100125_43	822	3e-61	3	238	10	242	0.9873949579831933
GGDEF	161	3300029594.a:Ga0245142_100125_43	822	5e-05	3	122	676	792	0.7391304347826086
PALP	294	3300029594.a:Ga0245142_100125_52	213	4.2e-23	4	122	80	200	0.4013605442176871
EPSP_synthase	417	3300029594.a:Ga0245142_100125_54	441	2.2e-57	4	417	7	429	0.9904076738609112
T2SSE	273	3300029594.a:Ga0245142_100125_81	359	5.7e-38	11	268	14	270	0.9413919413919414
Trans_reg_C	77	3300029594.a:Ga0245142_100125_82	570	2.8e-06	9	72	30	94	0.8181818181818182
BTAD	146	3300029594.a:Ga0245142_100125_82	570	2.1e-21	2	144	107	246	0.9726027397260274
GGDEF	161	3300029594.a:Ga0245142_100125_85	236	1.9e-13	3	136	74	199	0.8260869565217391
TetR_N	47	3300029594.a:Ga0245142_100125_96	201	2.7e-21	1	44	16	59	0.9148936170212766
Fer4	24	3300029594.a:Ga0245142_100125_97	303	4.8e-12	2	24	47	69	0.9166666666666666
Fer4	24	3300029594.a:Ga0245142_100125_97	303	4.2e-07	1	19	75	93	0.75
Fer4	24	3300029594.a:Ga0245142_100155_10	936	3.1e-09	2	23	326	347	0.875
Pyr_redox_2	292	3300029594.a:Ga0245142_100155_10	936	1.3e-26	2	289	495	791	0.9828767123287672
Fer4	24	3300029594.a:Ga0245142_100155_10	936	4.1e-05	2	23	876	897	0.875
Rrf2	83	3300029594.a:Ga0245142_100155_104	151	1.3e-21	1	83	1	82	0.9879518072289156
cNMP_binding	88	3300029594.a:Ga0245142_100155_110	221	1.5e-09	2	85	32	117	0.9431818181818182
Fe_dep_repress	60	3300029594.a:Ga0245142_100155_110	221	3.6e-05	25	57	178	210	0.5333333333333333
HTH_1	60	3300029594.a:Ga0245142_100155_113	321	5.6e-18	3	60	5	62	0.95
LysR_substrate	209	3300029594.a:Ga0245142_100155_113	321	3.1e-38	6	205	90	292	0.9521531100478469
HTH_1	60	3300029594.a:Ga0245142_100155_115	316	9e-17	2	60	3	61	0.9666666666666667
LysR_substrate	209	3300029594.a:Ga0245142_100155_115	316	1.7e-33	4	202	88	307	0.9473684210526315
PfkB	302	3300029594.a:Ga0245142_100155_17	279	9.2e-12	161	283	116	242	0.40397350993377484
CBS	57	3300029594.a:Ga0245142_100155_23	502	7.7e-05	12	50	110	151	0.6666666666666666
HTH_1	60	3300029594.a:Ga0245142_100155_29	291	3.1e-23	2	59	4	61	0.95
LysR_substrate	209	3300029594.a:Ga0245142_100155_29	291	3.7e-21	6	208	91	289	0.9665071770334929
HD	122	3300029594.a:Ga0245142_100155_39	259	4.7e-10	2	117	73	172	0.9426229508196722
GGDEF	161	3300029594.a:Ga0245142_100155_43	368	1.7e-31	2	158	218	363	0.968944099378882
GntR	64	3300029594.a:Ga0245142_100155_50	240	1.8e-17	8	64	18	74	0.875
GntR	64	3300029594.a:Ga0245142_100155_6	491	7.5e-18	4	64	37	97	0.9375
LexA_DNA_bind	65	3300029594.a:Ga0245142_100155_60	482	3.4e-05	24	64	429	471	0.6153846153846154
Pribosyltran	159	3300029594.a:Ga0245142_100155_61	305	5.5e-05	90	154	133	200	0.4025157232704403
MarR	59	3300029594.a:Ga0245142_100155_62	110	7.3e-06	5	52	11	58	0.7966101694915254
PTS-HPr	82	3300029594.a:Ga0245142_100155_67	433	3e-17	3	81	4	82	0.9512195121951219
HTH_3	55	3300029594.a:Ga0245142_100155_68	241	7.8e-05	4	29	42	67	0.45454545454545453
Nitro_FeMo-Co	95	3300029594.a:Ga0245142_100155_68	241	1.5e-22	2	94	118	205	0.968421052631579
ACT	67	3300029594.a:Ga0245142_100155_7	88	3.3e-10	2	53	4	51	0.7611940298507462
Aminotran_1_2	363	3300029594.a:Ga0245142_100155_70	391	5.3e-31	47	363	65	385	0.8705234159779615
Rrf2	83	3300029594.a:Ga0245142_100155_71	132	2.2e-16	1	80	1	77	0.9518072289156626
TetR_N	47	3300029594.a:Ga0245142_100155_78	187	4.2e-13	1	47	7	52	0.9787234042553191
EAL	238	3300029594.a:Ga0245142_100155_80	639	1.1e-65	3	238	8	243	0.9873949579831933
GGDEF	161	3300029594.a:Ga0245142_100155_81	177	2.5e-08	3	112	35	144	0.6770186335403726
Fer4	24	3300029594.a:Ga0245142_100155_84	67	5.2e-05	3	23	7	27	0.8333333333333334
Fer4	24	3300029594.a:Ga0245142_100155_84	67	6.7e-09	1	20	41	60	0.7916666666666666
HTH_IclR	52	3300029594.a:Ga0245142_100155_88	266	2.2e-16	1	51	17	67	0.9615384615384616
IclR	129	3300029594.a:Ga0245142_100155_88	266	1.6e-27	12	127	148	260	0.8914728682170543
GntR	64	3300029594.a:Ga0245142_100155_9	242	6e-14	5	62	15	72	0.890625
Aminotran_1_2	363	3300029594.a:Ga0245142_100155_90	397	5.2e-38	18	362	41	384	0.9476584022038568
dCache_2	296	3300029594.a:Ga0245142_100155_96	429	1.7e-16	191	295	87	201	0.35135135135135137
GGDEF	161	3300029594.a:Ga0245142_100155_96	429	6.3e-42	3	161	259	415	0.9813664596273292
NUDIX	131	3300029594.a:Ga0245142_100155_99	182	3.8e-16	3	115	5	118	0.8549618320610687
CbiA	128	3300029594.a:Ga0245142_100170_106	548	2.4e-05	8	55	13	71	0.3671875
CBS	57	3300029594.a:Ga0245142_100170_108	452	4.1e-09	2	54	135	192	0.9122807017543859
CBS	57	3300029594.a:Ga0245142_100170_108	452	8.8e-10	2	55	199	252	0.9298245614035088
Pyr_redox_2	292	3300029594.a:Ga0245142_100170_13	646	1.5e-30	2	242	386	609	0.821917808219178
HTH_3	55	3300029594.a:Ga0245142_100170_18	72	4.3e-10	3	55	9	62	0.9454545454545454
Pyr_redox_2	292	3300029594.a:Ga0245142_100170_22	938	8.2e-35	1	248	392	627	0.8458904109589042
TetR_N	47	3300029594.a:Ga0245142_100170_3	233	7.6e-15	1	46	15	60	0.9574468085106383
Fer4	24	3300029594.a:Ga0245142_100170_35	213	1.1e-09	2	24	159	181	0.9166666666666666
Fer4	24	3300029594.a:Ga0245142_100170_35	213	2.2e-08	3	23	189	209	0.8333333333333334
Rrf2	83	3300029594.a:Ga0245142_100170_38	139	2.6e-24	1	83	1	82	0.9879518072289156
EAL	238	3300029594.a:Ga0245142_100170_39	536	4.9e-64	3	237	12	243	0.9831932773109243
PfkB	302	3300029594.a:Ga0245142_100170_44	273	4.6e-12	139	284	80	237	0.48013245033112584
Pyr_redox_2	292	3300029594.a:Ga0245142_100170_54	465	1.8e-69	1	292	6	334	0.9965753424657534
GntR	64	3300029594.a:Ga0245142_100170_66	225	7e-21	3	64	13	73	0.953125
SBP_bac_1	315	3300029594.a:Ga0245142_100170_7	300	3e-09	7	314	47	275	0.9746031746031746
GntR	64	3300029594.a:Ga0245142_100170_84	122	1.4e-18	2	64	12	74	0.96875
HTH_1	60	3300029594.a:Ga0245142_100170_89	304	3.8e-18	1	59	3	61	0.9666666666666667
LysR_substrate	209	3300029594.a:Ga0245142_100170_89	304	3.6e-11	36	207	119	297	0.8181818181818182
TrkA_C	70	3300029594.a:Ga0245142_100170_96	661	4.2e-10	6	62	567	622	0.8
Pyr_redox	81	3300029594.a:Ga0245142_100208_24	379	1.8e-05	3	40	9	47	0.4567901234567901
SIS	131	3300029594.a:Ga0245142_100208_41	611	8e-35	2	129	291	417	0.9694656488549618
SIS	131	3300029594.a:Ga0245142_100208_41	611	1.2e-25	2	127	463	589	0.9541984732824428
HD	122	3300029594.a:Ga0245142_100208_49	320	3.1e-08	2	117	165	281	0.9426229508196722
Aminotran_1_2	363	3300029594.a:Ga0245142_100208_60	354	1.2e-55	2	362	25	347	0.9917355371900827
Trp_repressor	88	3300029594.a:Ga0245142_100208_63	133	3.1e-26	4	87	25	107	0.9431818181818182
LytTR	98	3300029594.a:Ga0245142_100208_66	111	3.5e-10	6	97	3	91	0.9285714285714286
Response_reg	112	3300029594.a:Ga0245142_100208_67	148	3.2e-20	1	107	5	114	0.9464285714285714
HTH_1	60	3300029594.a:Ga0245142_100208_68	297	4.2e-20	2	60	4	62	0.9666666666666667
LysR_substrate	209	3300029594.a:Ga0245142_100208_68	297	4.5e-21	3	206	88	283	0.9712918660287081
HTH_1	60	3300029594.a:Ga0245142_100208_73	303	1.8e-17	2	57	4	59	0.9166666666666666
LysR_substrate	209	3300029594.a:Ga0245142_100208_73	303	7.2e-24	3	207	88	283	0.9760765550239234
Pribosyltran	159	3300029594.a:Ga0245142_100257_16	478	5.6e-09	30	120	287	384	0.5660377358490566
Fer4	24	3300029594.a:Ga0245142_100257_24	514	4.2e-08	3	23	145	165	0.8333333333333334
Fer4	24	3300029594.a:Ga0245142_100257_24	514	4.2e-09	2	23	190	211	0.875
Aminotran_1_2	363	3300029594.a:Ga0245142_100257_35	641	9.8e-33	2	358	264	626	0.9807162534435262
HTH_DeoR	57	3300029594.a:Ga0245142_100257_36	427	8.8e-05	8	44	188	224	0.631578947368421
Fer4	24	3300029594.a:Ga0245142_100257_5	275	1.8e-07	6	24	201	219	0.75
Fer4	24	3300029594.a:Ga0245142_100257_5	275	1.7e-07	3	23	226	246	0.8333333333333334
GGDEF	161	3300029594.a:Ga0245142_100257_54	357	2e-17	2	158	205	345	0.968944099378882
GGDEF	161	3300029594.a:Ga0245142_100257_55	1141	1.2e-14	2	153	157	296	0.937888198757764
EAL	238	3300029594.a:Ga0245142_100257_55	1141	1.2e-64	2	238	324	557	0.9915966386554622
GGDEF	161	3300029594.a:Ga0245142_100257_55	1141	3.1e-14	2	115	986	1099	0.7018633540372671
FHA	69	3300029594.a:Ga0245142_100257_60	543	2.1e-20	2	69	44	110	0.9710144927536232
Hemerythrin	131	3300029594.a:Ga0245142_100269_1	529	9.6e-14	2	131	232	350	0.9847328244274809
AAA	132	3300029594.a:Ga0245142_100269_15	843	7e-16	2	127	204	337	0.946969696969697
AAA	132	3300029594.a:Ga0245142_100269_15	843	3.4e-13	2	119	606	733	0.8863636363636364
HhH-GPD	108	3300029594.a:Ga0245142_100269_19	218	5.8e-25	2	106	43	175	0.9629629629629629
GntR	64	3300029594.a:Ga0245142_100269_20	219	2.2e-20	8	64	18	73	0.875
AAA	132	3300029594.a:Ga0245142_100269_31	505	5.4e-11	1	74	36	130	0.553030303030303
B12-binding_2	75	3300029594.a:Ga0245142_100269_35	218	1.6e-15	3	75	10	82	0.96
B12-binding	121	3300029594.a:Ga0245142_100269_35	218	2.7e-24	2	119	96	207	0.9669421487603306
HEM4	232	3300029594.a:Ga0245142_100269_50	523	1.5e-60	2	232	283	508	0.9913793103448276
CbiA	128	3300029594.a:Ga0245142_100269_55	505	1.5e-19	1	116	13	236	0.8984375
Aminotran_1_2	363	3300029594.a:Ga0245142_100269_56	347	2.7e-37	19	363	29	339	0.9476584022038568
CbiA	128	3300029594.a:Ga0245142_100269_62	455	8.4e-12	1	125	5	187	0.96875
Peripla_BP_2	238	3300029594.a:Ga0245142_100269_70	386	1.2e-31	27	236	133	348	0.8781512605042017
HhH-GPD	108	3300029594.a:Ga0245142_100778_12	290	5.3e-15	1	99	121	261	0.9074074074074074
Fer4	24	3300029594.a:Ga0245142_100778_14	57	2.6e-10	4	24	5	25	0.8333333333333334
Fer4	24	3300029594.a:Ga0245142_100778_14	57	1e-10	1	22	30	51	0.875
