279	STP	0	3	CGC1	3300013693.a:Ga0122844_10010	308029	308973	3300013693.a:Ga0122844_10010_280	-	DB=STP|GAF,STP|GGDEF;ID=3300013693.a:Ga0122844_10010_280	DB=STP|GAF,STP|GGDEF;ID=3300013693.a:Ga0122844_10010_280
280	TC	1	0	CGC1	3300013693.a:Ga0122844_10010	309282	311039	3300013693.a:Ga0122844_10010_281	+	DB=gnl|TC-DB|Q8F3M7|3.A.15.4.1;ID=3300013693.a:Ga0122844_10010_281	DB=gnl|TC-DB|Q8F3M7|3.A.15.4.1;ID=3300013693.a:Ga0122844_10010_281
281	null	null	null	CGC1	3300013693.a:Ga0122844_10010	311133	311492	3300013693.a:Ga0122844_10010_282	+	;ID=3300013693.a:Ga0122844_10010_282
282	TF	0	1	CGC1	3300013693.a:Ga0122844_10010	311646	312305	3300013693.a:Ga0122844_10010_283	+	DB=DBD-Pfam|Trans_reg_C;ID=3300013693.a:Ga0122844_10010_283	DB=DBD-Pfam|Trans_reg_C;ID=3300013693.a:Ga0122844_10010_283
283	STP	1	0	CGC1	3300013693.a:Ga0122844_10010	312306	313652	3300013693.a:Ga0122844_10010_284	+	DB=STP|HisKA,STP|HATPase_c;ID=3300013693.a:Ga0122844_10010_284	DB=STP|HisKA,STP|HATPase_c;ID=3300013693.a:Ga0122844_10010_284
284	null	null	null	CGC1	3300013693.a:Ga0122844_10010	313718	313888	3300013693.a:Ga0122844_10010_285	-	;ID=3300013693.a:Ga0122844_10010_285
285	STP	1	1	CGC1	3300013693.a:Ga0122844_10010	314026	314925	3300013693.a:Ga0122844_10010_286	+	DB=STP|NUDIX;ID=3300013693.a:Ga0122844_10010_286	DB=STP|NUDIX;ID=3300013693.a:Ga0122844_10010_286
286	null	null	null	CGC1	3300013693.a:Ga0122844_10010	314957	315511	3300013693.a:Ga0122844_10010_287	-	;ID=3300013693.a:Ga0122844_10010_287
287	CAZyme	3	1	CGC1	3300013693.a:Ga0122844_10010	315530	317932	3300013693.a:Ga0122844_10010_288	-	DB= GT51|GT51;ID=3300013693.a:Ga0122844_10010_288	DB= GT51|GT51;ID=3300013693.a:Ga0122844_10010_288
+++++
158	STP	1	4	CGC1	3300013693.a:Ga0122844_10011	170338	171543	3300013693.a:Ga0122844_10011_159	-	DB=STP|Aminotran_1_2;ID=3300013693.a:Ga0122844_10011_159	DB=STP|Aminotran_1_2;ID=3300013693.a:Ga0122844_10011_159
159	null	null	null	CGC1	3300013693.a:Ga0122844_10011	171596	172867	3300013693.a:Ga0122844_10011_160	-	;ID=3300013693.a:Ga0122844_10011_160
160	TF	0	1	CGC1	3300013693.a:Ga0122844_10011	173100	173522	3300013693.a:Ga0122844_10011_161	+	DB=DBD-Pfam|HTH_11,DBD-SUPERFAMILY|0044258;ID=3300013693.a:Ga0122844_10011_161	DB=DBD-Pfam|HTH_11,DBD-SUPERFAMILY|0044258;ID=3300013693.a:Ga0122844_10011_161
161	STP	2	0	CGC1	3300013693.a:Ga0122844_10011	173942	175972	3300013693.a:Ga0122844_10011_162	-	DB=STP|Pyr_redox_2;ID=3300013693.a:Ga0122844_10011_162	DB=STP|Pyr_redox_2;ID=3300013693.a:Ga0122844_10011_162
162	null	null	null	CGC1	3300013693.a:Ga0122844_10011	176206	177897	3300013693.a:Ga0122844_10011_163	-	;ID=3300013693.a:Ga0122844_10011_163
163	null	null	null	CGC1	3300013693.a:Ga0122844_10011	177902	179047	3300013693.a:Ga0122844_10011_164	-	;ID=3300013693.a:Ga0122844_10011_164
164	TF	0	2	CGC1	3300013693.a:Ga0122844_10011	179049	179792	3300013693.a:Ga0122844_10011_165	-	DB=DBD-Pfam|GntR,DBD-SUPERFAMILY|0037767;ID=3300013693.a:Ga0122844_10011_165	DB=DBD-Pfam|GntR,DBD-SUPERFAMILY|0037767;ID=3300013693.a:Ga0122844_10011_165
165	TC	1	0	CGC1	3300013693.a:Ga0122844_10011	179814	181481	3300013693.a:Ga0122844_10011_166	-	DB=gnl|TC-DB|P33231|2.A.14.1.1;ID=3300013693.a:Ga0122844_10011_166	DB=gnl|TC-DB|P33231|2.A.14.1.1;ID=3300013693.a:Ga0122844_10011_166
166	null	null	null	CGC1	3300013693.a:Ga0122844_10011	182064	183407	3300013693.a:Ga0122844_10011_167	+	;ID=3300013693.a:Ga0122844_10011_167
167	TC	2	1	CGC1	3300013693.a:Ga0122844_10011	183469	184728	3300013693.a:Ga0122844_10011_168	-	DB=gnl|TC-DB|D4ZZR3|9.B.34.1.3;ID=3300013693.a:Ga0122844_10011_168	DB=gnl|TC-DB|D4ZZR3|9.B.34.1.3;ID=3300013693.a:Ga0122844_10011_168
168	null	null	null	CGC1	3300013693.a:Ga0122844_10011	184877	185911	3300013693.a:Ga0122844_10011_169	+	;ID=3300013693.a:Ga0122844_10011_169
169	null	null	null	CGC1	3300013693.a:Ga0122844_10011	185908	186555	3300013693.a:Ga0122844_10011_170	+	;ID=3300013693.a:Ga0122844_10011_170
170	TC	2	2	CGC1	3300013693.a:Ga0122844_10011	187005	188423	3300013693.a:Ga0122844_10011_171	+	DB=gnl|TC-DB|Q47689|2.A.3.1.10;ID=3300013693.a:Ga0122844_10011_171	DB=gnl|TC-DB|Q47689|2.A.3.1.10;ID=3300013693.a:Ga0122844_10011_171
171	null	null	null	CGC1	3300013693.a:Ga0122844_10011	188453	188647	3300013693.a:Ga0122844_10011_172	+	;ID=3300013693.a:Ga0122844_10011_172
172	null	null	null	CGC1	3300013693.a:Ga0122844_10011	188999	190243	3300013693.a:Ga0122844_10011_173	-	;ID=3300013693.a:Ga0122844_10011_173
173	TC	0	2	CGC1	3300013693.a:Ga0122844_10011	190366	191961	3300013693.a:Ga0122844_10011_174	-	DB=gnl|TC-DB|P33916|3.A.1.5.21;ID=3300013693.a:Ga0122844_10011_174	DB=gnl|TC-DB|P33916|3.A.1.5.21;ID=3300013693.a:Ga0122844_10011_174
174	TC	0	0	CGC1	3300013693.a:Ga0122844_10011	191936	192949	3300013693.a:Ga0122844_10011_175	-	DB=gnl|TC-DB|P33915|3.A.1.5.21;ID=3300013693.a:Ga0122844_10011_175	DB=gnl|TC-DB|P33915|3.A.1.5.21;ID=3300013693.a:Ga0122844_10011_175
175	TC	0	0	CGC1	3300013693.a:Ga0122844_10011	192949	194016	3300013693.a:Ga0122844_10011_176	-	DB=gnl|TC-DB|Q7CQ74|3.A.1.5.24;ID=3300013693.a:Ga0122844_10011_176	DB=gnl|TC-DB|Q7CQ74|3.A.1.5.24;ID=3300013693.a:Ga0122844_10011_176
176	TC	0	0	CGC1	3300013693.a:Ga0122844_10011	194054	195898	3300013693.a:Ga0122844_10011_177	-	DB=gnl|TC-DB|P33913|3.A.1.5.21;ID=3300013693.a:Ga0122844_10011_177	DB=gnl|TC-DB|P33913|3.A.1.5.21;ID=3300013693.a:Ga0122844_10011_177
177	CAZyme	2	0	CGC1	3300013693.a:Ga0122844_10011	195924	198977	3300013693.a:Ga0122844_10011_178	-	DB=GH23|CBM50| GH23;ID=3300013693.a:Ga0122844_10011_178	DB=GH23|CBM50| GH23;ID=3300013693.a:Ga0122844_10011_178
178	null	null	null	CGC1	3300013693.a:Ga0122844_10011	199198	200565	3300013693.a:Ga0122844_10011_179	+	;ID=3300013693.a:Ga0122844_10011_179
179	null	null	null	CGC1	3300013693.a:Ga0122844_10011	200700	202343	3300013693.a:Ga0122844_10011_180	+	;ID=3300013693.a:Ga0122844_10011_180
180	STP	7	2	CGC1	3300013693.a:Ga0122844_10011	202344	203102	3300013693.a:Ga0122844_10011_181	+	DB=STP|NUDIX;ID=3300013693.a:Ga0122844_10011_181	DB=STP|NUDIX;ID=3300013693.a:Ga0122844_10011_181
+++++
230	TC	2	5	CGC2	3300013693.a:Ga0122844_10011	253515	254969	3300013693.a:Ga0122844_10011_231	-	DB=gnl|TC-DB|Q5MQC2|1.B.73.1.1;ID=3300013693.a:Ga0122844_10011_231	DB=gnl|TC-DB|Q5MQC2|1.B.73.1.1;ID=3300013693.a:Ga0122844_10011_231
231	null	null	null	CGC2	3300013693.a:Ga0122844_10011	255123	256652	3300013693.a:Ga0122844_10011_232	-	;ID=3300013693.a:Ga0122844_10011_232
232	null	null	null	CGC2	3300013693.a:Ga0122844_10011	256928	257407	3300013693.a:Ga0122844_10011_233	+	;ID=3300013693.a:Ga0122844_10011_233
233	STP	1	2	CGC2	3300013693.a:Ga0122844_10011	257434	257976	3300013693.a:Ga0122844_10011_234	-	DB=STP|Pribosyltran;ID=3300013693.a:Ga0122844_10011_234	DB=STP|Pribosyltran;ID=3300013693.a:Ga0122844_10011_234
234	null	null	null	CGC2	3300013693.a:Ga0122844_10011	258561	258725	3300013693.a:Ga0122844_10011_235	+	;ID=3300013693.a:Ga0122844_10011_235
235	STP	1	1	CGC2	3300013693.a:Ga0122844_10011	258796	259974	3300013693.a:Ga0122844_10011_236	+	DB=STP|Pyr_redox_2;ID=3300013693.a:Ga0122844_10011_236	DB=STP|Pyr_redox_2;ID=3300013693.a:Ga0122844_10011_236
236	null	null	null	CGC2	3300013693.a:Ga0122844_10011	260035	260979	3300013693.a:Ga0122844_10011_237	+	;ID=3300013693.a:Ga0122844_10011_237
237	TF	1	1	CGC2	3300013693.a:Ga0122844_10011	260986	261894	3300013693.a:Ga0122844_10011_238	+	DB=DBD-Pfam|HTH_1;ID=3300013693.a:Ga0122844_10011_238	DB=DBD-Pfam|HTH_1;ID=3300013693.a:Ga0122844_10011_238
238	null	null	null	CGC2	3300013693.a:Ga0122844_10011	261951	264029	3300013693.a:Ga0122844_10011_239	-	;ID=3300013693.a:Ga0122844_10011_239
239	CAZyme	0	1	CGC2	3300013693.a:Ga0122844_10011	264139	264813	3300013693.a:Ga0122844_10011_240	-	DB= GT51|GT51;ID=3300013693.a:Ga0122844_10011_240	DB= GT51|GT51;ID=3300013693.a:Ga0122844_10011_240
240	TC	0	0	CGC2	3300013693.a:Ga0122844_10011	264892	265698	3300013693.a:Ga0122844_10011_241	+	DB=gnl|TC-DB|F0Z2G1|9.B.104.1.3;ID=3300013693.a:Ga0122844_10011_241	DB=gnl|TC-DB|F0Z2G1|9.B.104.1.3;ID=3300013693.a:Ga0122844_10011_241
241	TC	0	0	CGC2	3300013693.a:Ga0122844_10011	265726	268206	3300013693.a:Ga0122844_10011_242	-	DB=gnl|TC-DB|P77504|3.A.1.122.15;ID=3300013693.a:Ga0122844_10011_242	DB=gnl|TC-DB|P77504|3.A.1.122.15;ID=3300013693.a:Ga0122844_10011_242
242	TC	4	0	CGC2	3300013693.a:Ga0122844_10011	268187	268933	3300013693.a:Ga0122844_10011_243	-	DB=gnl|TC-DB|P0A9T8|3.A.1.122.15;ID=3300013693.a:Ga0122844_10011_243	DB=gnl|TC-DB|P0A9T8|3.A.1.122.15;ID=3300013693.a:Ga0122844_10011_243
+++++
