9	STP	1	4	CGC1	3300029368.a:Ga0243967_100714	8418	9782	3300029368.a:Ga0243967_100714_10	+	DB=STP|Glycos_trans_3N;ID=3300029368.a:Ga0243967_100714_10	DB=STP|Glycos_trans_3N;ID=3300029368.a:Ga0243967_100714_10
10	null	null	null	CGC1	3300029368.a:Ga0243967_100714	9830	10225	3300029368.a:Ga0243967_100714_11	+	;ID=3300029368.a:Ga0243967_100714_11
11	TC	0	1	CGC1	3300029368.a:Ga0243967_100714	10499	11329	3300029368.a:Ga0243967_100714_12	-	DB=gnl|TC-DB|Q9HT68|3.A.1.24.5;ID=3300029368.a:Ga0243967_100714_12	DB=gnl|TC-DB|Q9HT68|3.A.1.24.5;ID=3300029368.a:Ga0243967_100714_12
12	TC	2	0	CGC1	3300029368.a:Ga0243967_100714	11603	12436	3300029368.a:Ga0243967_100714_13	-	DB=gnl|TC-DB|Q9HT68|3.A.1.24.5;ID=3300029368.a:Ga0243967_100714_13	DB=gnl|TC-DB|Q9HT68|3.A.1.24.5;ID=3300029368.a:Ga0243967_100714_13
13	null	null	null	CGC1	3300029368.a:Ga0243967_100714	12810	13082	3300029368.a:Ga0243967_100714_14	+	;ID=3300029368.a:Ga0243967_100714_14
14	null	null	null	CGC1	3300029368.a:Ga0243967_100714	12995	14344	3300029368.a:Ga0243967_100714_15	-	;ID=3300029368.a:Ga0243967_100714_15
15	TF	1	2	CGC1	3300029368.a:Ga0243967_100714	14767	15264	3300029368.a:Ga0243967_100714_16	-	DB=DBD-Pfam|HTH_3,DBD-SUPERFAMILY|0043707;ID=3300029368.a:Ga0243967_100714_16	DB=DBD-Pfam|HTH_3,DBD-SUPERFAMILY|0043707;ID=3300029368.a:Ga0243967_100714_16
16	null	null	null	CGC1	3300029368.a:Ga0243967_100714	15836	16621	3300029368.a:Ga0243967_100714_17	-	;ID=3300029368.a:Ga0243967_100714_17
17	CAZyme	3	1	CGC1	3300029368.a:Ga0243967_100714	16822	17634	3300029368.a:Ga0243967_100714_18	+	DB=CE4;ID=3300029368.a:Ga0243967_100714_18	DB=CE4;ID=3300029368.a:Ga0243967_100714_18
+++++
10	STP	1	3	CGC1	3300029368.a:Ga0243967_100172	10342	11349	3300029368.a:Ga0243967_100172_11	-	DB=STP|HD;ID=3300029368.a:Ga0243967_100172_11	DB=STP|HD;ID=3300029368.a:Ga0243967_100172_11
11	null	null	null	CGC1	3300029368.a:Ga0243967_100172	11432	12259	3300029368.a:Ga0243967_100172_12	-	;ID=3300029368.a:Ga0243967_100172_12
12	TF	0	1	CGC1	3300029368.a:Ga0243967_100172	12387	13016	3300029368.a:Ga0243967_100172_13	-	DB=DBD-Pfam|HTH_11,DBD-SUPERFAMILY|0043758;ID=3300029368.a:Ga0243967_100172_13	DB=DBD-Pfam|HTH_11,DBD-SUPERFAMILY|0043758;ID=3300029368.a:Ga0243967_100172_13
13	TC	1	0	CGC1	3300029368.a:Ga0243967_100172	13086	15470	3300029368.a:Ga0243967_100172_14	-	DB=gnl|TC-DB|P32670|4.A.2.1.10;ID=3300029368.a:Ga0243967_100172_14	DB=gnl|TC-DB|P32670|4.A.2.1.10;ID=3300029368.a:Ga0243967_100172_14
14	null	null	null	CGC1	3300029368.a:Ga0243967_100172	15809	17017	3300029368.a:Ga0243967_100172_15	-	;ID=3300029368.a:Ga0243967_100172_15
15	CAZyme	5	1	CGC1	3300029368.a:Ga0243967_100172	17064	19199	3300029368.a:Ga0243967_100172_16	-	DB=GT51| GT51;ID=3300029368.a:Ga0243967_100172_16	DB=GT51| GT51;ID=3300029368.a:Ga0243967_100172_16
+++++
78	CAZyme	2	15	CGC1	3300029368.a:Ga0243967_100003	74865	76583	3300029368.a:Ga0243967_100003_79	-	DB=GT83;ID=3300029368.a:Ga0243967_100003_79	DB=GT83;ID=3300029368.a:Ga0243967_100003_79
79	null	null	null	CGC1	3300029368.a:Ga0243967_100003	76602	78041	3300029368.a:Ga0243967_100003_80	-	;ID=3300029368.a:Ga0243967_100003_80
80	null	null	null	CGC1	3300029368.a:Ga0243967_100003	78478	79215	3300029368.a:Ga0243967_100003_81	+	;ID=3300029368.a:Ga0243967_100003_81
81	STP	1	2	CGC1	3300029368.a:Ga0243967_100003	79235	80674	3300029368.a:Ga0243967_100003_82	+	DB=STP|Fer4;ID=3300029368.a:Ga0243967_100003_82	DB=STP|Fer4;ID=3300029368.a:Ga0243967_100003_82
82	null	null	null	CGC1	3300029368.a:Ga0243967_100003	80687	81397	3300029368.a:Ga0243967_100003_83	+	;ID=3300029368.a:Ga0243967_100003_83
83	TC	2	1	CGC1	3300029368.a:Ga0243967_100003	81699	83120	3300029368.a:Ga0243967_100003_84	+	DB=gnl|TC-DB|P77529|2.A.23.1.8;ID=3300029368.a:Ga0243967_100003_84	DB=gnl|TC-DB|P77529|2.A.23.1.8;ID=3300029368.a:Ga0243967_100003_84
84	null	null	null	CGC1	3300029368.a:Ga0243967_100003	83265	83732	3300029368.a:Ga0243967_100003_85	-	;ID=3300029368.a:Ga0243967_100003_85
85	null	null	null	CGC1	3300029368.a:Ga0243967_100003	83723	84169	3300029368.a:Ga0243967_100003_86	-	;ID=3300029368.a:Ga0243967_100003_86
86	TF	2	2	CGC1	3300029368.a:Ga0243967_100003	84258	84935	3300029368.a:Ga0243967_100003_87	+	DB=DBD-Pfam|Crp,DBD-SUPERFAMILY|0037767;ID=3300029368.a:Ga0243967_100003_87	DB=DBD-Pfam|Crp,DBD-SUPERFAMILY|0037767;ID=3300029368.a:Ga0243967_100003_87
87	null	null	null	CGC1	3300029368.a:Ga0243967_100003	85100	85750	3300029368.a:Ga0243967_100003_88	+	;ID=3300029368.a:Ga0243967_100003_88
88	null	null	null	CGC1	3300029368.a:Ga0243967_100003	85763	86419	3300029368.a:Ga0243967_100003_89	+	;ID=3300029368.a:Ga0243967_100003_89
89	TC	0	2	CGC1	3300029368.a:Ga0243967_100003	86609	87376	3300029368.a:Ga0243967_100003_90	-	DB=gnl|TC-DB|H9UM46|3.A.1.139.3;ID=3300029368.a:Ga0243967_100003_90	DB=gnl|TC-DB|H9UM46|3.A.1.139.3;ID=3300029368.a:Ga0243967_100003_90
90	TC	0	0	CGC1	3300029368.a:Ga0243967_100003	87403	88032	3300029368.a:Ga0243967_100003_91	-	DB=gnl|TC-DB|Q5Z8H2|3.A.1.139.1;ID=3300029368.a:Ga0243967_100003_91	DB=gnl|TC-DB|Q5Z8H2|3.A.1.139.1;ID=3300029368.a:Ga0243967_100003_91
91	STP	0	0	CGC1	3300029368.a:Ga0243967_100003	88651	89466	3300029368.a:Ga0243967_100003_92	+	DB=STP|Fer4,STP|Fer4,STP|Nitroreductase;ID=3300029368.a:Ga0243967_100003_92	DB=STP|Fer4,STP|Fer4,STP|Nitroreductase;ID=3300029368.a:Ga0243967_100003_92
92	STP	0	0	CGC1	3300029368.a:Ga0243967_100003	89471	90685	3300029368.a:Ga0243967_100003_93	+	DB=STP|PALP,STP|ACT;ID=3300029368.a:Ga0243967_100003_93	DB=STP|PALP,STP|ACT;ID=3300029368.a:Ga0243967_100003_93
93	TC	0	0	CGC1	3300029368.a:Ga0243967_100003	90775	92235	3300029368.a:Ga0243967_100003_94	+	DB=gnl|TC-DB|P27837|2.A.3.1.15;ID=3300029368.a:Ga0243967_100003_94	DB=gnl|TC-DB|P27837|2.A.3.1.15;ID=3300029368.a:Ga0243967_100003_94
94	TC	8	0	CGC1	3300029368.a:Ga0243967_100003	92566	93369	3300029368.a:Ga0243967_100003_95	+	DB=gnl|TC-DB|Q9HT68|3.A.1.24.5;ID=3300029368.a:Ga0243967_100003_95	DB=gnl|TC-DB|Q9HT68|3.A.1.24.5;ID=3300029368.a:Ga0243967_100003_95
+++++
148	STP	1	8	CGC1	3300029368.a:Ga0243967_100017	146557	147048	3300029368.a:Ga0243967_100017_149	+	DB=STP|AAA;ID=3300029368.a:Ga0243967_100017_149	DB=STP|AAA;ID=3300029368.a:Ga0243967_100017_149
149	null	null	null	CGC1	3300029368.a:Ga0243967_100017	147009	147929	3300029368.a:Ga0243967_100017_150	+	;ID=3300029368.a:Ga0243967_100017_150
150	TC	0	1	CGC1	3300029368.a:Ga0243967_100017	148186	149508	3300029368.a:Ga0243967_100017_151	-	DB=gnl|TC-DB|O34691|2.A.1.82.4;ID=3300029368.a:Ga0243967_100017_151	DB=gnl|TC-DB|O34691|2.A.1.82.4;ID=3300029368.a:Ga0243967_100017_151
151	TF	1	0	CGC1	3300029368.a:Ga0243967_100017	149659	150183	3300029368.a:Ga0243967_100017_152	-	DB=DBD-Pfam|HTH_11,DBD-SUPERFAMILY|0039384;ID=3300029368.a:Ga0243967_100017_152	DB=DBD-Pfam|HTH_11,DBD-SUPERFAMILY|0039384;ID=3300029368.a:Ga0243967_100017_152
152	null	null	null	CGC1	3300029368.a:Ga0243967_100017	150849	152138	3300029368.a:Ga0243967_100017_153	+	;ID=3300029368.a:Ga0243967_100017_153
153	TC	0	1	CGC1	3300029368.a:Ga0243967_100017	152478	153221	3300029368.a:Ga0243967_100017_154	+	DB=gnl|TC-DB|D6GX19|9.B.27.2.5;ID=3300029368.a:Ga0243967_100017_154	DB=gnl|TC-DB|D6GX19|9.B.27.2.5;ID=3300029368.a:Ga0243967_100017_154
154	CAZyme	8	0	CGC1	3300029368.a:Ga0243967_100017	153233	154954	3300029368.a:Ga0243967_100017_155	+	DB= GT83|GT83;ID=3300029368.a:Ga0243967_100017_155	DB= GT83|GT83;ID=3300029368.a:Ga0243967_100017_155
+++++
