HTH_11	55	3300029934.a:Ga0169760_100008_100	361	2.3e-05	5	47	21	65	0.7636363636363637
LytTR	98	3300029934.a:Ga0169760_100008_117	242	1.8e-18	6	96	145	233	0.9183673469387755
LytTR	98	3300029934.a:Ga0169760_100008_119	242	1.6e-15	4	97	143	231	0.9489795918367347
HTH_3	55	3300029934.a:Ga0169760_100008_126	97	4.5e-17	3	53	41	91	0.9090909090909091
Trans_reg_C	77	3300029934.a:Ga0169760_100008_161	406	7.6e-08	9	75	28	96	0.8571428571428571
HTH_3	55	3300029934.a:Ga0169760_100008_191	212	1.9e-07	7	32	176	201	0.45454545454545453
CodY	177	3300029934.a:Ga0169760_100008_195	259	3.1e-38	1	177	4	175	0.9943502824858758
HTH_CodY	61	3300029934.a:Ga0169760_100008_195	259	1.5e-35	2	59	195	252	0.9344262295081968
HTH_1	60	3300029934.a:Ga0169760_100008_21	302	1.5e-21	6	60	10	64	0.9
GntR	64	3300029934.a:Ga0169760_100008_43	220	7.9e-21	2	64	9	70	0.96875
HTH_AraC	42	3300029934.a:Ga0169760_100008_62	280	3e-11	1	42	181	222	0.9761904761904762
HTH_AraC	42	3300029934.a:Ga0169760_100008_62	280	2.7e-11	1	41	233	271	0.9523809523809523
LytTR	98	3300029934.a:Ga0169760_100008_7	146	1.3e-23	2	97	49	143	0.9693877551020408
Trans_reg_C	77	3300029934.a:Ga0169760_100009_103	230	8.2e-28	1	77	151	227	0.987012987012987
PadR	75	3300029934.a:Ga0169760_100009_123	111	5.1e-22	1	74	17	91	0.9733333333333334
HTH_3	55	3300029934.a:Ga0169760_100009_13	118	1.6e-12	1	55	15	69	0.9818181818181818
Trans_reg_C	77	3300029934.a:Ga0169760_100009_179	224	1.4e-21	2	76	147	219	0.961038961038961
LacI	46	3300029934.a:Ga0169760_100009_41	338	2.1e-13	1	44	3	46	0.9347826086956522
GntR	64	3300029934.a:Ga0169760_100009_62	227	3.7e-19	1	64	9	72	0.984375
MarR	59	3300029934.a:Ga0169760_100009_66	147	1.7e-08	1	58	28	86	0.9661016949152542
LacI	46	3300029934.a:Ga0169760_100009_76	342	2.4e-22	1	46	2	48	0.9782608695652174
HTH_AraC	42	3300029934.a:Ga0169760_100009_85	281	2.3e-10	1	41	186	226	0.9523809523809523
HTH_AraC	42	3300029934.a:Ga0169760_100009_85	281	1.4e-13	2	42	239	277	0.9523809523809523
HTH_AraC	42	3300029934.a:Ga0169760_100009_90	456	1.3e-08	11	42	367	398	0.7380952380952381
HTH_AraC	42	3300029934.a:Ga0169760_100009_90	456	1.4e-11	14	42	419	448	0.6666666666666666
GntR	64	3300029934.a:Ga0169760_100009_95	92	1.4e-11	2	64	12	74	0.96875
PadR	75	3300029934.a:Ga0169760_100012_116	112	1.1e-20	4	74	23	91	0.9333333333333333
HTH_3	55	3300029934.a:Ga0169760_100012_119	102	2.6e-08	1	42	43	84	0.7454545454545455
HTH_AraC	42	3300029934.a:Ga0169760_100012_149	665	2.2e-11	10	42	627	660	0.7619047619047619
Fe_dep_repress	60	3300029934.a:Ga0169760_100012_153	122	4.5e-10	4	49	5	50	0.75
HTH_3	55	3300029934.a:Ga0169760_100012_35	85	1.5e-05	1	44	20	63	0.7818181818181819
HTH_DeoR	57	3300029934.a:Ga0169760_100012_44	263	4.6e-21	1	56	6	61	0.9649122807017544
HTH_5	47	3300029934.a:Ga0169760_100012_51	312	2.3e-11	3	46	21	65	0.9148936170212766
HTH_AraC	42	3300029934.a:Ga0169760_100012_61	289	9.5e-06	1	42	193	234	0.9761904761904762
HTH_AraC	42	3300029934.a:Ga0169760_100012_61	289	6.9e-11	7	42	249	285	0.8333333333333334
GntR	64	3300029934.a:Ga0169760_100012_66	128	4.4e-16	2	64	14	76	0.96875
HTH_AraC	42	3300029934.a:Ga0169760_100012_76	292	5.1e-12	2	42	199	239	0.9523809523809523
HTH_AraC	42	3300029934.a:Ga0169760_100012_76	292	1.7e-14	1	42	250	289	0.9761904761904762
MarR	59	3300029934.a:Ga0169760_100012_88	151	3.2e-11	16	57	53	94	0.6949152542372882
CSD	66	3300029934.a:Ga0169760_100012_99	68	1.3e-31	2	65	3	65	0.9545454545454546
GntR	64	3300029934.a:Ga0169760_100027_110	229	3.4e-20	3	64	17	77	0.953125
HTH_3	55	3300029934.a:Ga0169760_100027_12	124	6.7e-15	1	55	15	69	0.9818181818181818
HTH_AraC	42	3300029934.a:Ga0169760_100027_19	184	6e-06	8	33	24	49	0.5952380952380952
HTH_1	60	3300029934.a:Ga0169760_100027_21	299	7.4e-19	4	60	8	64	0.9333333333333333
HTH_1	60	3300029934.a:Ga0169760_100027_26	300	6.1e-19	1	60	3	62	0.9833333333333333
LacI	46	3300029934.a:Ga0169760_100027_36	337	5.2e-17	1	46	3	48	0.9782608695652174
HTH_AraC	42	3300029934.a:Ga0169760_100027_60	532	1.1e-08	2	42	435	475	0.9523809523809523
HTH_AraC	42	3300029934.a:Ga0169760_100027_60	532	5.5e-07	6	42	488	525	0.8571428571428571
HTH_AraC	42	3300029934.a:Ga0169760_100027_63	286	1.1e-07	3	37	192	226	0.8095238095238095
HTH_AraC	42	3300029934.a:Ga0169760_100027_63	286	5.1e-12	8	42	246	281	0.8095238095238095
HTH_11	55	3300029934.a:Ga0169760_100027_71	188	5e-16	1	54	6	58	0.9636363636363636
Arg_repressor	70	3300029934.a:Ga0169760_100032_107	150	9.6e-27	3	67	2	66	0.9142857142857143
HTH_8	42	3300029934.a:Ga0169760_100032_17	366	3e-05	18	41	307	330	0.5476190476190477
HTH_AraC	42	3300029934.a:Ga0169760_100032_24	328	4e-13	6	41	284	320	0.8333333333333334
HTH_AraC	42	3300029934.a:Ga0169760_100032_26	780	1.6e-06	1	35	128	162	0.8095238095238095
HTH_AraC	42	3300029934.a:Ga0169760_100032_26	780	8.6e-08	2	42	181	219	0.9523809523809523
HTH_3	55	3300029934.a:Ga0169760_100032_68	214	9.5e-09	7	32	175	200	0.45454545454545453
HTH_3	55	3300029934.a:Ga0169760_100032_74	260	2.3e-06	9	32	225	248	0.41818181818181815
GntR	64	3300029934.a:Ga0169760_100032_8	150	2.3e-17	2	64	12	74	0.96875
MarR	59	3300029934.a:Ga0169760_100053_2	161	2.7e-05	7	47	4	44	0.6779661016949152
HTH_5	47	3300029934.a:Ga0169760_100053_34	123	4.5e-18	1	47	47	93	0.9787234042553191
Trans_reg_C	77	3300029934.a:Ga0169760_100053_44	230	5.1e-26	2	77	151	226	0.974025974025974
GntR	64	3300029934.a:Ga0169760_100053_51	466	5.4e-16	1	64	13	76	0.984375
Trans_reg_C	77	3300029934.a:Ga0169760_100053_54	223	3.7e-26	2	76	149	220	0.961038961038961
GerE	57	3300029934.a:Ga0169760_100053_91	513	6.5e-06	8	40	5	37	0.5614035087719298
HTH_3	55	3300029934.a:Ga0169760_100068_16	246	5e-10	1	44	14	58	0.7818181818181819
Trans_reg_C	77	3300029934.a:Ga0169760_100068_20	227	3.5e-27	1	77	150	223	0.987012987012987
HTH_AraC	42	3300029934.a:Ga0169760_100068_33	279	5.6e-11	2	42	191	231	0.9523809523809523
HTH_AraC	42	3300029934.a:Ga0169760_100068_33	279	3.1e-06	7	38	244	276	0.7380952380952381
HTH_1	60	3300029934.a:Ga0169760_100068_71	302	2.3e-17	1	60	3	62	0.9833333333333333
HTH_1	60	3300029934.a:Ga0169760_100068_74	297	1.6e-20	3	59	7	63	0.9333333333333333
GerE	57	3300029934.a:Ga0169760_100068_8	202	4.1e-08	2	46	155	199	0.7719298245614035
Trans_reg_C	77	3300029934.a:Ga0169760_100074_11	231	9.5e-30	2	76	152	226	0.961038961038961
HTH_6	77	3300029934.a:Ga0169760_100074_29	310	8.6e-18	3	73	7	77	0.9090909090909091
LexA_DNA_bind	65	3300029934.a:Ga0169760_100074_94	205	1.8e-26	2	65	4	67	0.9692307692307692
HTH_8	42	3300029934.a:Ga0169760_100075_40	362	5.9e-05	20	42	304	326	0.5238095238095238
GerE	57	3300029934.a:Ga0169760_100091_21	256	6.2e-05	2	35	197	231	0.5789473684210527
MerR	38	3300029934.a:Ga0169760_100091_70	126	5.9e-19	1	38	2	39	0.9736842105263158
MerR	38	3300029934.a:Ga0169760_100158_28	394	1.3e-09	2	38	9	45	0.9473684210526315
HTH_3	55	3300029934.a:Ga0169760_100161_20	180	6e-15	1	55	7	61	0.9818181818181818
GntR	64	3300029934.a:Ga0169760_100161_21	123	6.6e-18	2	64	12	74	0.96875
TrmB	68	3300029934.a:Ga0169760_100161_31	448	4.6e-05	9	55	227	276	0.6764705882352942
Trans_reg_C	77	3300029934.a:Ga0169760_100161_43	221	4.1e-23	1	77	144	216	0.987012987012987
HTH_AraC	42	3300029934.a:Ga0169760_100161_48	286	9.5e-09	4	42	194	232	0.9047619047619048
HTH_AraC	42	3300029934.a:Ga0169760_100161_48	286	6e-13	1	41	243	281	0.9523809523809523
HTH_AraC	42	3300029934.a:Ga0169760_100161_50	263	1.1e-05	1	42	167	208	0.9761904761904762
HTH_AraC	42	3300029934.a:Ga0169760_100161_50	263	2.9e-10	2	42	220	258	0.9523809523809523
Trans_reg_C	77	3300029934.a:Ga0169760_100161_54	227	1.9e-20	1	77	145	220	0.987012987012987
LytTR	98	3300029934.a:Ga0169760_100176_18	242	1.1e-17	3	96	142	233	0.9489795918367347
Trans_reg_C	77	3300029934.a:Ga0169760_100176_38	224	6.8e-19	1	76	145	216	0.974025974025974
HTH_AraC	42	3300029934.a:Ga0169760_100176_48	313	9.8e-08	2	42	202	242	0.9523809523809523
HTH_AraC	42	3300029934.a:Ga0169760_100176_48	313	8.3e-07	2	40	254	290	0.9047619047619048
Trans_reg_C	77	3300029934.a:Ga0169760_100176_5	233	9.2e-24	1	77	153	230	0.987012987012987
Trp_repressor	88	3300029934.a:Ga0169760_100176_61	102	6.4e-33	2	87	9	93	0.9659090909090909
LacI	46	3300029934.a:Ga0169760_100201_32	353	1e-08	3	43	6	46	0.8695652173913043
LacI	46	3300029934.a:Ga0169760_100224_18	342	4.9e-09	1	46	7	52	0.9782608695652174
LacI	46	3300029934.a:Ga0169760_100224_22	335	5.9e-17	1	46	2	47	0.9782608695652174
HTH_AraC	42	3300029934.a:Ga0169760_100224_33	202	2.3e-05	1	34	17	50	0.7857142857142857
HTH_AraC	42	3300029934.a:Ga0169760_100224_50	293	1.8e-06	1	42	196	237	0.9761904761904762
HTH_AraC	42	3300029934.a:Ga0169760_100224_50	293	2e-10	10	42	254	287	0.7619047619047619
HTH_DeoR	57	3300029934.a:Ga0169760_100249_2	248	2.3e-19	1	56	6	61	0.9649122807017544
HTH_11	55	3300029934.a:Ga0169760_100249_41	327	6.7e-20	3	55	3	55	0.9454545454545454
Trans_reg_C	77	3300029934.a:Ga0169760_100249_7	231	3.7e-25	1	77	150	226	0.987012987012987
LacI	46	3300029934.a:Ga0169760_100300_1	332	6.4e-18	1	46	6	51	0.9782608695652174
Crp	32	3300029934.a:Ga0169760_100300_33	220	8.4e-07	1	31	167	197	0.9375
HTH_8	42	3300029934.a:Ga0169760_100300_48	594	1.8e-10	2	37	552	587	0.8333333333333334
Trans_reg_C	77	3300029934.a:Ga0169760_100309_19	232	2.7e-23	2	77	154	229	0.974025974025974
Trans_reg_C	77	3300029934.a:Ga0169760_100309_29	232	1.5e-19	4	77	156	229	0.948051948051948
LytTR	98	3300029934.a:Ga0169760_100350_29	236	1e-18	4	96	138	226	0.9387755102040817
HTH_3	55	3300029934.a:Ga0169760_100350_30	116	1e-15	1	55	14	68	0.9818181818181818
MarR	59	3300029934.a:Ga0169760_100370_31	231	6.7e-06	21	52	183	214	0.5254237288135594
HTH_3	55	3300029934.a:Ga0169760_100505_30	254	9.8e-17	3	55	15	67	0.9454545454545454
GntR	64	3300029934.a:Ga0169760_100515_17	124	2.8e-18	2	64	14	76	0.96875
Trans_reg_C	77	3300029934.a:Ga0169760_100515_23	224	2.3e-23	2	77	148	222	0.974025974025974
GntR	64	3300029934.a:Ga0169760_100515_25	217	9.5e-15	5	58	10	62	0.828125
GntR	64	3300029934.a:Ga0169760_100515_26	215	1.8e-16	2	64	13	74	0.96875
MerR	38	3300029934.a:Ga0169760_100583_15	245	6.3e-07	2	38	8	43	0.9473684210526315
HTH_3	55	3300029934.a:Ga0169760_100583_26	188	2.1e-15	1	53	12	64	0.9454545454545454
HTH_AraC	42	3300029934.a:Ga0169760_100644_19	294	1.8e-09	4	42	202	240	0.9047619047619048
HTH_AraC	42	3300029934.a:Ga0169760_100644_19	294	1.4e-10	7	42	254	290	0.8333333333333334
HTH_AraC	42	3300029934.a:Ga0169760_100691_10	277	6e-08	3	42	183	222	0.9285714285714286
HTH_AraC	42	3300029934.a:Ga0169760_100691_10	277	7.4e-09	6	42	235	272	0.8571428571428571
HTH_AraC	42	3300029934.a:Ga0169760_100691_14	247	9.4e-12	3	42	150	189	0.9285714285714286
HTH_AraC	42	3300029934.a:Ga0169760_100691_14	247	2.6e-07	8	41	204	238	0.7857142857142857
HTH_3	55	3300029934.a:Ga0169760_100691_3	81	2.5e-08	7	55	15	64	0.8727272727272727
GntR	64	3300029934.a:Ga0169760_100697_11	240	2.2e-20	4	64	16	76	0.9375
HTH_6	77	3300029934.a:Ga0169760_100697_12	265	6.9e-21	7	74	5	72	0.8701298701298701
HTH_6	77	3300029934.a:Ga0169760_100697_13	244	1.7e-18	1	73	1	71	0.935064935064935
Trans_reg_C	77	3300029934.a:Ga0169760_100697_5	218	3.7e-24	1	77	143	215	0.987012987012987
TrmB	68	3300029934.a:Ga0169760_100702_5	297	8.1e-05	10	51	133	174	0.6029411764705882
GerE	57	3300029934.a:Ga0169760_100702_7	215	6.2e-24	2	57	150	205	0.9649122807017544
FUR	120	3300029934.a:Ga0169760_100779_21	129	1.4e-31	4	119	2	116	0.9583333333333334
LacI	46	3300029934.a:Ga0169760_100779_29	350	6.8e-11	1	44	4	47	0.9347826086956522
Rrf2	83	3300029934.a:Ga0169760_100779_6	145	3e-29	1	82	1	82	0.9759036144578314
GerE	57	3300029934.a:Ga0169760_100779_9	187	4.4e-05	19	45	149	175	0.45614035087719296
Trans_reg_C	77	3300029934.a:Ga0169760_100789_13	262	6.4e-25	6	77	189	259	0.922077922077922
Trans_reg_C	77	3300029934.a:Ga0169760_100829_12	234	1.5e-28	1	77	156	230	0.987012987012987
MarR	59	3300029934.a:Ga0169760_100894_18	165	1.3e-11	1	59	34	92	0.9830508474576272
SpoVT_AbrB	46	3300029934.a:Ga0169760_100894_7	182	2.8e-12	1	43	8	51	0.9130434782608695
HTH_1	60	3300029934.a:Ga0169760_101038_15	294	5.4e-20	1	60	3	62	0.9833333333333333
HTH_1	60	3300029934.a:Ga0169760_101038_16	294	2.2e-22	1	59	3	61	0.9666666666666667
MarR	59	3300029934.a:Ga0169760_101200_4	155	2.7e-07	8	48	13	53	0.6779661016949152
HTH_3	55	3300029934.a:Ga0169760_103589_5	132	6e-15	1	53	38	90	0.9454545454545454
