0039384	65	3300012458.a:Ga0118498_100001_111	311	7.5e-09	6	60	49	103	0.8307692307692308
0043935	94	3300012458.a:Ga0118498_100001_18	192	5.6e-12	8	80	4	81	0.7659574468085106
0044258	100	3300012458.a:Ga0118498_100001_203	770	5.5e-09	15	65	11	61	0.5
0043935	94	3300012458.a:Ga0118498_100001_233	409	3.5e-05	11	75	214	285	0.6808510638297872
0037767	80	3300012458.a:Ga0118498_100001_35	277	5.6e-16	1	78	195	273	0.9625
0043707	64	3300012458.a:Ga0118498_100003_100	92	6.7e-11	3	61	10	69	0.90625
0043758	87	3300012458.a:Ga0118498_100003_101	268	2e-13	3	73	13	76	0.8045977011494253
0043758	87	3300012458.a:Ga0118498_100003_114	225	2e-08	4	61	30	86	0.6551724137931034
0041150	134	3300012458.a:Ga0118498_100003_41	139	2.2e-33	9	133	3	127	0.9253731343283582
0039384	65	3300012458.a:Ga0118498_100003_58	471	6.1e-07	14	63	35	84	0.7538461538461538
0043758	87	3300012458.a:Ga0118498_100003_8	340	8.7e-26	1	81	1	81	0.9195402298850575
0040266	151	3300012458.a:Ga0118498_100004_101	255	3.4e-14	14	117	16	115	0.6821192052980133
0036955	59	3300012458.a:Ga0118498_100004_105	362	8e-14	3	51	4	52	0.8135593220338984
0036955	59	3300012458.a:Ga0118498_100004_2	337	1.4e-17	2	58	3	59	0.9491525423728814
0039384	65	3300012458.a:Ga0118498_100004_31	641	1.8e-06	7	49	2	43	0.6461538461538462
0039384	65	3300012458.a:Ga0118498_100004_31	641	3.6e-06	8	51	87	134	0.6615384615384615
0045030	74	3300012458.a:Ga0118498_100005_33	291	6.1e-05	25	55	36	66	0.40540540540540543
0042546	127	3300012458.a:Ga0118498_100005_85	196	1.6e-16	6	88	44	129	0.6456692913385826
0042546	127	3300012458.a:Ga0118498_100005_87	238	1.1e-14	11	76	21	86	0.5118110236220472
0039384	65	3300012458.a:Ga0118498_100006_101	110	2.5e-10	4	58	9	62	0.8307692307692308
0037767	80	3300012458.a:Ga0118498_100006_13	245	3.6e-09	2	70	21	80	0.85
0042546	127	3300012458.a:Ga0118498_100006_54	154	2.3e-21	1	110	24	111	0.8582677165354331
0044258	100	3300012458.a:Ga0118498_100006_8	315	2.1e-05	25	91	12	72	0.66
0043707	64	3300012458.a:Ga0118498_100007_15	370	1.1e-09	4	63	9	68	0.921875
0039384	65	3300012458.a:Ga0118498_100007_30	258	1.8e-08	16	61	50	97	0.6923076923076923
0043758	87	3300012458.a:Ga0118498_100007_50	254	2e-09	4	66	5	60	0.7126436781609196
0043669	98	3300012458.a:Ga0118498_100008_38	240	2.3e-05	27	75	15	63	0.4897959183673469
0042628	48	3300012458.a:Ga0118498_100008_63	82	9.1e-05	4	40	45	80	0.75
0044030	41	3300012458.a:Ga0118498_100009_41	160	8.6e-12	1	34	125	158	0.8048780487804879
0039384	65	3300012458.a:Ga0118498_100009_66	240	2.1e-05	11	63	17	69	0.8
0043669	98	3300012458.a:Ga0118498_100010_36	140	4.6e-22	9	83	15	89	0.7551020408163265
0043707	64	3300012458.a:Ga0118498_100010_39	509	8e-13	3	56	9	63	0.828125
0040517	144	3300012458.a:Ga0118498_100010_45	164	2.6e-12	28	91	17	80	0.4375
0043758	87	3300012458.a:Ga0118498_100011_33	253	2.9e-09	4	67	8	64	0.7241379310344828
0043758	87	3300012458.a:Ga0118498_100011_5	253	2.7e-14	5	79	6	72	0.8505747126436781
0036955	59	3300012458.a:Ga0118498_100011_63	355	3.1e-15	2	58	14	70	0.9491525423728814
0040266	151	3300012458.a:Ga0118498_100011_66	194	4.8e-09	34	113	26	100	0.5231788079470199
0037767	80	3300012458.a:Ga0118498_100012_62	242	3.4e-12	24	72	18	66	0.6
0038753	71	3300012458.a:Ga0118498_100013_16	315	1.3e-06	10	61	10	53	0.7183098591549296
0040517	144	3300012458.a:Ga0118498_100013_17	143	6.4e-24	17	136	16	135	0.8263888888888888
0045030	74	3300012458.a:Ga0118498_100013_52	203	3.4e-05	10	47	13	50	0.5
0040517	144	3300012458.a:Ga0118498_100014_30	144	2.3e-32	1	134	10	142	0.9236111111111112
0037456	76	3300012458.a:Ga0118498_100014_37	135	3.3e-05	35	67	2	34	0.42105263157894735
0036955	59	3300012458.a:Ga0118498_100014_56	333	1e-18	2	57	4	59	0.9322033898305084
0036955	59	3300012458.a:Ga0118498_100015_14	336	2.8e-17	2	58	4	60	0.9491525423728814
0039384	65	3300012458.a:Ga0118498_100015_3	504	4.9e-07	4	60	3	61	0.8615384615384616
0036955	59	3300012458.a:Ga0118498_100015_51	336	3e-14	3	52	11	60	0.8305084745762712
0043758	87	3300012458.a:Ga0118498_100015_55	269	1.6e-12	4	66	14	69	0.7126436781609196
0040266	151	3300012458.a:Ga0118498_100016_22	233	4.1e-14	22	144	6	131	0.8079470198675497
0037767	80	3300012458.a:Ga0118498_100016_51	248	2.4e-08	2	71	20	84	0.8625
0040586	141	3300012458.a:Ga0118498_100017_24	180	1.3e-25	6	138	39	172	0.9361702127659575
0040266	151	3300012458.a:Ga0118498_100017_49	240	5.6e-11	21	82	13	74	0.40397350993377484
0040266	151	3300012458.a:Ga0118498_100018_8	384	6.8e-07	25	89	28	97	0.423841059602649
0043669	98	3300012458.a:Ga0118498_100019_29	337	2.1e-06	22	69	169	217	0.47959183673469385
0040517	144	3300012458.a:Ga0118498_100019_7	164	7.8e-27	2	136	15	153	0.9305555555555556
0036955	59	3300012458.a:Ga0118498_100021_10	336	1e-17	2	57	7	62	0.9322033898305084
0038753	71	3300012458.a:Ga0118498_100021_20	316	1.6e-05	26	61	16	51	0.49295774647887325
0038753	71	3300012458.a:Ga0118498_100021_33	197	6.2e-06	25	61	20	56	0.5070422535211268
0040586	141	3300012458.a:Ga0118498_100023_21	180	1.1e-24	6	138	42	175	0.9361702127659575
0040266	151	3300012458.a:Ga0118498_100024_12	253	4.5e-10	25	118	7	96	0.6158940397350994
0043707	64	3300012458.a:Ga0118498_100024_23	198	3.2e-13	3	61	15	74	0.90625
0043669	98	3300012458.a:Ga0118498_100024_25	189	3.3e-05	32	75	118	163	0.4387755102040816
0036955	59	3300012458.a:Ga0118498_100024_37	324	8.1e-18	6	59	2	55	0.8983050847457628
0043669	98	3300012458.a:Ga0118498_100030_26	286	1.6e-05	22	75	223	277	0.5408163265306123
0037456	76	3300012458.a:Ga0118498_100030_3	183	2.7e-17	1	67	11	77	0.868421052631579
0043935	94	3300012458.a:Ga0118498_100032_12	114	1.3e-15	4	93	12	107	0.9468085106382979
