PUL0008	1
PUL0009	1
PUL0009	1
PUL0009	1
PUL0017	1
PUL0038	1
PUL0049	1
PUL0058	1
PUL0058	1
PUL0103	1
PUL0106	1
PUL0108	1
PUL0108	1
PUL0121	1
PUL0121	1
PUL00136	1
PUL0152	1
PUL0155	1
PUL0155	1
PUL0176	1
PUL0205	1
PUL0216	1
PUL0217	1
PUL0267	1
PUL0267	1
PUL0269	1
PUL00290	1
PUL00290	1
PUL0316	1
PUL0316	1
PUL0333	1
PUL0335	1
PUL0337	1
PUL0339	1
PUL0339	1
PUL0340	1
PUL0340	1
PUL0365	1
PUL0390	1
PUL0394	1
PUL0396	1
PUL0399	1
PUL0404	1
PUL0458	1
PUL0460	1
PUL0475	1
PUL0475	1
PUL00500	1
PUL0519	1
PUL0573	1
PUL0577	1
PUL0584	1
PUL0598	1
PUL00615	1
PUL00706	1
PUL01010	1
PUL01016	1
PUL01030	1
PUL01060	1
PUL01080	1
PUL01081	1
PUL01218	1
PUL01455	1
PUL01615	1
PUL01809	1
PUL02181	1
PUL02817	1
PUL03004	1
PUL03351	1
PUL03390	1
PUL03412	1
PUL03680	1
PUL03904	1
PUL04133	1
PUL04135	1
PUL04298	1
PUL04590	1
PUL04599	1
PUL04605	1
PUL04608	1
PUL04608	1
PUL05000	1
