42	TF	1	4	CGC1	3300012842.a:Ga0160481_100162	43506	43919	3300012842.a:Ga0160481_100162_43	+	DB=DBD-Pfam|HTH_5,DBD-SUPERFAMILY|0043669;ID=3300012842.a:Ga0160481_100162_43	DB=DBD-Pfam|HTH_5,DBD-SUPERFAMILY|0043669;ID=3300012842.a:Ga0160481_100162_43
43	null	null	null	CGC1	3300012842.a:Ga0160481_100162	43942	45804	3300012842.a:Ga0160481_100162_44	-	;ID=3300012842.a:Ga0160481_100162_44
44	CAZyme	0	1	CGC1	3300012842.a:Ga0160481_100162	46010	48307	3300012842.a:Ga0160481_100162_45	-	DB=GH3| GH3;ID=3300012842.a:Ga0160481_100162_45	DB=GH3| GH3;ID=3300012842.a:Ga0160481_100162_45
45	TC	0	0	CGC1	3300012842.a:Ga0160481_100162	48329	49225	3300012842.a:Ga0160481_100162_46	-	DB=gnl|TC-DB|Q72H66|3.A.1.1.25;ID=3300012842.a:Ga0160481_100162_46	DB=gnl|TC-DB|Q72H66|3.A.1.1.25;ID=3300012842.a:Ga0160481_100162_46
46	TC	0	0	CGC1	3300012842.a:Ga0160481_100162	49222	50268	3300012842.a:Ga0160481_100162_47	-	DB=gnl|TC-DB|Q9FBS6|3.A.1.1.42;ID=3300012842.a:Ga0160481_100162_47	DB=gnl|TC-DB|Q9FBS6|3.A.1.1.42;ID=3300012842.a:Ga0160481_100162_47
47	STP	0	0	CGC1	3300012842.a:Ga0160481_100162	50265	51593	3300012842.a:Ga0160481_100162_48	-	DB=STP|SBP_bac_1;ID=3300012842.a:Ga0160481_100162_48	DB=STP|SBP_bac_1;ID=3300012842.a:Ga0160481_100162_48
48	TF	0	0	CGC1	3300012842.a:Ga0160481_100162	51722	52723	3300012842.a:Ga0160481_100162_49	+	DB=DBD-Pfam|LacI,DBD-SUPERFAMILY|0036955;ID=3300012842.a:Ga0160481_100162_49	DB=DBD-Pfam|LacI,DBD-SUPERFAMILY|0036955;ID=3300012842.a:Ga0160481_100162_49
49	TC	1	0	CGC1	3300012842.a:Ga0160481_100162	52779	54371	3300012842.a:Ga0160481_100162_50	-	DB=gnl|TC-DB|Q5KYD1|2.A.17.1.7;ID=3300012842.a:Ga0160481_100162_50	DB=gnl|TC-DB|Q5KYD1|2.A.17.1.7;ID=3300012842.a:Ga0160481_100162_50
50	null	null	null	CGC1	3300012842.a:Ga0160481_100162	54459	55031	3300012842.a:Ga0160481_100162_51	-	;ID=3300012842.a:Ga0160481_100162_51
51	CAZyme	1	1	CGC1	3300012842.a:Ga0160481_100162	55233	60332	3300012842.a:Ga0160481_100162_52	-	DB=CE4| GH10| CBM9| CBM22|CBM22| CE4|GH10|CBM9;ID=3300012842.a:Ga0160481_100162_52	DB=CE4| GH10| CBM9| CBM22|CBM22| CE4|GH10|CBM9;ID=3300012842.a:Ga0160481_100162_52
52	null	null	null	CGC1	3300012842.a:Ga0160481_100162	60632	62140	3300012842.a:Ga0160481_100162_53	-	;ID=3300012842.a:Ga0160481_100162_53
53	TC	15	1	CGC1	3300012842.a:Ga0160481_100162	62137	63654	3300012842.a:Ga0160481_100162_54	-	DB=gnl|TC-DB|Q9MUK5|3.A.9.1.1;ID=3300012842.a:Ga0160481_100162_54	DB=gnl|TC-DB|Q9MUK5|3.A.9.1.1;ID=3300012842.a:Ga0160481_100162_54
+++++
69	CAZyme	2	15	CGC2	3300012842.a:Ga0160481_100162	78448	80715	3300012842.a:Ga0160481_100162_70	+	DB=CBM48| GH13_11|GH13_11;ID=3300012842.a:Ga0160481_100162_70	DB=CBM48| GH13_11|GH13_11;ID=3300012842.a:Ga0160481_100162_70
70	null	null	null	CGC2	3300012842.a:Ga0160481_100162	80776	81294	3300012842.a:Ga0160481_100162_71	+	;ID=3300012842.a:Ga0160481_100162_71
71	null	null	null	CGC2	3300012842.a:Ga0160481_100162	81399	83054	3300012842.a:Ga0160481_100162_72	+	;ID=3300012842.a:Ga0160481_100162_72
72	CAZyme	0	2	CGC2	3300012842.a:Ga0160481_100162	83153	85372	3300012842.a:Ga0160481_100162_73	+	DB=GH13_3| GH13_3;ID=3300012842.a:Ga0160481_100162_73	DB=GH13_3| GH13_3;ID=3300012842.a:Ga0160481_100162_73
73	CAZyme	1	0	CGC2	3300012842.a:Ga0160481_100162	85369	87210	3300012842.a:Ga0160481_100162_74	+	DB=GH13_16| GH13_16;ID=3300012842.a:Ga0160481_100162_74	DB=GH13_16| GH13_16;ID=3300012842.a:Ga0160481_100162_74
74	null	null	null	CGC2	3300012842.a:Ga0160481_100162	87213	88541	3300012842.a:Ga0160481_100162_75	+	;ID=3300012842.a:Ga0160481_100162_75
75	TF	0	1	CGC2	3300012842.a:Ga0160481_100162	88587	89828	3300012842.a:Ga0160481_100162_76	-	DB=DBD-Pfam|MarR,DBD-SUPERFAMILY|0044258;ID=3300012842.a:Ga0160481_100162_76	DB=DBD-Pfam|MarR,DBD-SUPERFAMILY|0044258;ID=3300012842.a:Ga0160481_100162_76
76	TC	0	0	CGC2	3300012842.a:Ga0160481_100162	90048	91385	3300012842.a:Ga0160481_100162_77	+	DB=gnl|TC-DB|Q8KN19|3.A.1.1.33;ID=3300012842.a:Ga0160481_100162_77	DB=gnl|TC-DB|Q8KN19|3.A.1.1.33;ID=3300012842.a:Ga0160481_100162_77
77	TC	0	0	CGC2	3300012842.a:Ga0160481_100162	91397	92365	3300012842.a:Ga0160481_100162_78	+	DB=gnl|TC-DB|Q93KC0|3.A.1.1.11;ID=3300012842.a:Ga0160481_100162_78	DB=gnl|TC-DB|Q93KC0|3.A.1.1.11;ID=3300012842.a:Ga0160481_100162_78
78	TC	0	0	CGC2	3300012842.a:Ga0160481_100162	92362	93186	3300012842.a:Ga0160481_100162_79	+	DB=gnl|TC-DB|Q8RJU8|3.A.1.1.18;ID=3300012842.a:Ga0160481_100162_79	DB=gnl|TC-DB|Q8RJU8|3.A.1.1.18;ID=3300012842.a:Ga0160481_100162_79
79	CAZyme	0	0	CGC2	3300012842.a:Ga0160481_100162	93258	95789	3300012842.a:Ga0160481_100162_80	+	DB=GH2| GH2;ID=3300012842.a:Ga0160481_100162_80	DB=GH2| GH2;ID=3300012842.a:Ga0160481_100162_80
80	STP	0	0	CGC2	3300012842.a:Ga0160481_100162	95786	96628	3300012842.a:Ga0160481_100162_81	+	DB=STP|Peripla_BP_3;ID=3300012842.a:Ga0160481_100162_81	DB=STP|Peripla_BP_3;ID=3300012842.a:Ga0160481_100162_81
81	CAZyme	0	0	CGC2	3300012842.a:Ga0160481_100162	96722	98905	3300012842.a:Ga0160481_100162_82	+	DB=CBM48|GH13_9| CBM48| GH13_9;ID=3300012842.a:Ga0160481_100162_82	DB=CBM48|GH13_9| CBM48| GH13_9;ID=3300012842.a:Ga0160481_100162_82
82	CAZyme	0	0	CGC2	3300012842.a:Ga0160481_100162	98967	102023	3300012842.a:Ga0160481_100162_83	-	DB=CBM61| CBM61|GH53| GH53;ID=3300012842.a:Ga0160481_100162_83	DB=CBM61| CBM61|GH53| GH53;ID=3300012842.a:Ga0160481_100162_83
83	TC	0	0	CGC2	3300012842.a:Ga0160481_100162	102121	103029	3300012842.a:Ga0160481_100162_84	-	DB=gnl|TC-DB|O07011|3.A.1.1.2;ID=3300012842.a:Ga0160481_100162_84	DB=gnl|TC-DB|O07011|3.A.1.1.2;ID=3300012842.a:Ga0160481_100162_84
84	TC	0	0	CGC2	3300012842.a:Ga0160481_100162	103029	104663	3300012842.a:Ga0160481_100162_85	-	DB=gnl|TC-DB|Q9X0T0|3.A.1.1.22;ID=3300012842.a:Ga0160481_100162_85	DB=gnl|TC-DB|Q9X0T0|3.A.1.1.22;ID=3300012842.a:Ga0160481_100162_85
85	TC	0	0	CGC2	3300012842.a:Ga0160481_100162	104749	106011	3300012842.a:Ga0160481_100162_86	-	DB=gnl|TC-DB|Q9X0T1|3.A.1.1.22;ID=3300012842.a:Ga0160481_100162_86	DB=gnl|TC-DB|Q9X0T1|3.A.1.1.22;ID=3300012842.a:Ga0160481_100162_86
86	CAZyme	null	0	CGC2	3300012842.a:Ga0160481_100162	106121	108163	3300012842.a:Ga0160481_100162_87	-	DB=GH42| GH42;ID=3300012842.a:Ga0160481_100162_87	DB=GH42| GH42;ID=3300012842.a:Ga0160481_100162_87
+++++
10	CAZyme	0	null	CGC1	3300012842.a:Ga0160481_100029	10933	12378	3300012842.a:Ga0160481_100029_11	-	DB=GH1| GH1;ID=3300012842.a:Ga0160481_100029_11	DB=GH1| GH1;ID=3300012842.a:Ga0160481_100029_11
11	CAZyme	0	0	CGC1	3300012842.a:Ga0160481_100029	12530	14830	3300012842.a:Ga0160481_100029_12	-	DB=GH31| GH31;ID=3300012842.a:Ga0160481_100029_12	DB=GH31| GH31;ID=3300012842.a:Ga0160481_100029_12
12	CAZyme	0	0	CGC1	3300012842.a:Ga0160481_100029	14956	17007	3300012842.a:Ga0160481_100029_13	-	DB=GH42| GH42;ID=3300012842.a:Ga0160481_100029_13	DB=GH42| GH42;ID=3300012842.a:Ga0160481_100029_13
13	TF	0	0	CGC1	3300012842.a:Ga0160481_100029	17263	18273	3300012842.a:Ga0160481_100029_14	+	DB=DBD-Pfam|LacI,DBD-SUPERFAMILY|0036955;ID=3300012842.a:Ga0160481_100029_14	DB=DBD-Pfam|LacI,DBD-SUPERFAMILY|0036955;ID=3300012842.a:Ga0160481_100029_14
14	CAZyme	0	0	CGC1	3300012842.a:Ga0160481_100029	18284	20779	3300012842.a:Ga0160481_100029_15	-	DB= GH95|GH95;ID=3300012842.a:Ga0160481_100029_15	DB= GH95|GH95;ID=3300012842.a:Ga0160481_100029_15
15	TC	0	0	CGC1	3300012842.a:Ga0160481_100029	20802	21797	3300012842.a:Ga0160481_100029_16	-	DB=gnl|TC-DB|A9QDR8|3.A.1.1.29;ID=3300012842.a:Ga0160481_100029_16	DB=gnl|TC-DB|A9QDR8|3.A.1.1.29;ID=3300012842.a:Ga0160481_100029_16
16	TC	0	0	CGC1	3300012842.a:Ga0160481_100029	21794	22660	3300012842.a:Ga0160481_100029_17	-	DB=gnl|TC-DB|A9QDR7|3.A.1.1.29;ID=3300012842.a:Ga0160481_100029_17	DB=gnl|TC-DB|A9QDR7|3.A.1.1.29;ID=3300012842.a:Ga0160481_100029_17
17	STP	0	0	CGC1	3300012842.a:Ga0160481_100029	22888	24555	3300012842.a:Ga0160481_100029_18	-	DB=STP|SBP_bac_1;ID=3300012842.a:Ga0160481_100029_18	DB=STP|SBP_bac_1;ID=3300012842.a:Ga0160481_100029_18
18	CAZyme	0	0	CGC1	3300012842.a:Ga0160481_100029	24915	27845	3300012842.a:Ga0160481_100029_19	+	DB=GH3| GH3;ID=3300012842.a:Ga0160481_100029_19	DB=GH3| GH3;ID=3300012842.a:Ga0160481_100029_19
19	STP	1	0	CGC1	3300012842.a:Ga0160481_100029	27867	28247	3300012842.a:Ga0160481_100029_20	-	DB=STP|Glyoxalase;ID=3300012842.a:Ga0160481_100029_20	DB=STP|Glyoxalase;ID=3300012842.a:Ga0160481_100029_20
20	null	null	null	CGC1	3300012842.a:Ga0160481_100029	28441	28707	3300012842.a:Ga0160481_100029_21	+	;ID=3300012842.a:Ga0160481_100029_21
21	CAZyme	4	1	CGC1	3300012842.a:Ga0160481_100029	28747	30024	3300012842.a:Ga0160481_100029_22	-	DB=CE9| CE9;ID=3300012842.a:Ga0160481_100029_22	DB=CE9| CE9;ID=3300012842.a:Ga0160481_100029_22
+++++
178	CAZyme	1	5	CGC2	3300012842.a:Ga0160481_100029	204985	205974	3300012842.a:Ga0160481_100029_179	-	DB=CE7| CE7;ID=3300012842.a:Ga0160481_100029_179	DB=CE7| CE7;ID=3300012842.a:Ga0160481_100029_179
179	null	null	null	CGC2	3300012842.a:Ga0160481_100029	206038	206859	3300012842.a:Ga0160481_100029_180	-	;ID=3300012842.a:Ga0160481_100029_180
180	TC	1	1	CGC2	3300012842.a:Ga0160481_100029	207066	208043	3300012842.a:Ga0160481_100029_181	+	DB=gnl|TC-DB|H8I779|3.A.1.132.8;ID=3300012842.a:Ga0160481_100029_181	DB=gnl|TC-DB|H8I779|3.A.1.132.8;ID=3300012842.a:Ga0160481_100029_181
181	null	null	null	CGC2	3300012842.a:Ga0160481_100029	208040	208885	3300012842.a:Ga0160481_100029_182	+	;ID=3300012842.a:Ga0160481_100029_182
182	TF	1	1	CGC2	3300012842.a:Ga0160481_100029	209000	209464	3300012842.a:Ga0160481_100029_183	+	DB=DBD-Pfam|MarR,DBD-SUPERFAMILY|0040517;ID=3300012842.a:Ga0160481_100029_183	DB=DBD-Pfam|MarR,DBD-SUPERFAMILY|0040517;ID=3300012842.a:Ga0160481_100029_183
183	null	null	null	CGC2	3300012842.a:Ga0160481_100029	209533	210417	3300012842.a:Ga0160481_100029_184	+	;ID=3300012842.a:Ga0160481_100029_184
184	STP	0	1	CGC2	3300012842.a:Ga0160481_100029	210655	212127	3300012842.a:Ga0160481_100029_185	-	DB=STP|Pyr_redox_2;ID=3300012842.a:Ga0160481_100029_185	DB=STP|Pyr_redox_2;ID=3300012842.a:Ga0160481_100029_185
185	CAZyme	4	0	CGC2	3300012842.a:Ga0160481_100029	212229	213722	3300012842.a:Ga0160481_100029_186	-	DB=GH1| GH1;ID=3300012842.a:Ga0160481_100029_186	DB=GH1| GH1;ID=3300012842.a:Ga0160481_100029_186
+++++
237	STP	0	5	CGC3	3300012842.a:Ga0160481_100029	285742	286446	3300012842.a:Ga0160481_100029_238	+	DB=STP|TetR_N;ID=3300012842.a:Ga0160481_100029_238	DB=STP|TetR_N;ID=3300012842.a:Ga0160481_100029_238
238	TF	0	0	CGC3	3300012842.a:Ga0160481_100029	286510	287052	3300012842.a:Ga0160481_100029_239	+	DB=DBD-Pfam|MarR,DBD-SUPERFAMILY|0040586;ID=3300012842.a:Ga0160481_100029_239	DB=DBD-Pfam|MarR,DBD-SUPERFAMILY|0040586;ID=3300012842.a:Ga0160481_100029_239
239	TC	1	0	CGC3	3300012842.a:Ga0160481_100029	287131	288972	3300012842.a:Ga0160481_100029_240	-	DB=gnl|TC-DB|P43672|3.A.1.120.6;ID=3300012842.a:Ga0160481_100029_240	DB=gnl|TC-DB|P43672|3.A.1.120.6;ID=3300012842.a:Ga0160481_100029_240
240	null	null	null	CGC3	3300012842.a:Ga0160481_100029	289013	289477	3300012842.a:Ga0160481_100029_241	-	;ID=3300012842.a:Ga0160481_100029_241
241	TF	2	1	CGC3	3300012842.a:Ga0160481_100029	289474	289839	3300012842.a:Ga0160481_100029_242	-	DB=DBD-Pfam|HTH_5,DBD-SUPERFAMILY|0043669;ID=3300012842.a:Ga0160481_100029_242	DB=DBD-Pfam|HTH_5,DBD-SUPERFAMILY|0043669;ID=3300012842.a:Ga0160481_100029_242
242	null	null	null	CGC3	3300012842.a:Ga0160481_100029	289870	290817	3300012842.a:Ga0160481_100029_243	-	;ID=3300012842.a:Ga0160481_100029_243
243	null	null	null	CGC3	3300012842.a:Ga0160481_100029	290814	291773	3300012842.a:Ga0160481_100029_244	-	;ID=3300012842.a:Ga0160481_100029_244
244	CAZyme	0	2	CGC3	3300012842.a:Ga0160481_100029	291874	293112	3300012842.a:Ga0160481_100029_245	-	DB=GH23;ID=3300012842.a:Ga0160481_100029_245	DB=GH23;ID=3300012842.a:Ga0160481_100029_245
245	CAZyme	3	0	CGC3	3300012842.a:Ga0160481_100029	293465	294670	3300012842.a:Ga0160481_100029_246	-	DB=GH0;ID=3300012842.a:Ga0160481_100029_246	DB=GH0;ID=3300012842.a:Ga0160481_100029_246
+++++
9	STP	2	null	CGC1	3300012842.a:Ga0160481_100264	7576	9234	3300012842.a:Ga0160481_100264_10	-	DB=STP|NIR_SIR_ferr,STP|NIR_SIR,STP|NIR_SIR_ferr,STP|NIR_SIR;ID=3300012842.a:Ga0160481_100264_10	DB=STP|NIR_SIR_ferr,STP|NIR_SIR,STP|NIR_SIR_ferr,STP|NIR_SIR;ID=3300012842.a:Ga0160481_100264_10
10	null	null	null	CGC1	3300012842.a:Ga0160481_100264	9565	10632	3300012842.a:Ga0160481_100264_11	+	;ID=3300012842.a:Ga0160481_100264_11
11	null	null	null	CGC1	3300012842.a:Ga0160481_100264	10637	14176	3300012842.a:Ga0160481_100264_12	-	;ID=3300012842.a:Ga0160481_100264_12
12	TF	0	2	CGC1	3300012842.a:Ga0160481_100264	14308	15225	3300012842.a:Ga0160481_100264_13	+	DB=DBD-Pfam|HTH_1,DBD-SUPERFAMILY|0040266;ID=3300012842.a:Ga0160481_100264_13	DB=DBD-Pfam|HTH_1,DBD-SUPERFAMILY|0040266;ID=3300012842.a:Ga0160481_100264_13
13	CAZyme	0	0	CGC1	3300012842.a:Ga0160481_100264	15238	17073	3300012842.a:Ga0160481_100264_14	-	DB=CBM48| GH13_10|GH13_10;ID=3300012842.a:Ga0160481_100264_14	DB=CBM48| GH13_10|GH13_10;ID=3300012842.a:Ga0160481_100264_14
14	CAZyme	0	0	CGC1	3300012842.a:Ga0160481_100264	17075	19582	3300012842.a:Ga0160481_100264_15	-	DB=GH13_26| GH13_26;ID=3300012842.a:Ga0160481_100264_15	DB=GH13_26| GH13_26;ID=3300012842.a:Ga0160481_100264_15
15	CAZyme	0	0	CGC1	3300012842.a:Ga0160481_100264	19579	21882	3300012842.a:Ga0160481_100264_16	-	DB=CBM48| CBM48| GH13_11|GH13_11;ID=3300012842.a:Ga0160481_100264_16	DB=CBM48| CBM48| GH13_11|GH13_11;ID=3300012842.a:Ga0160481_100264_16
16	STP	2	0	CGC1	3300012842.a:Ga0160481_100264	22038	23291	3300012842.a:Ga0160481_100264_17	+	DB=STP|Pyr_redox_2;ID=3300012842.a:Ga0160481_100264_17	DB=STP|Pyr_redox_2;ID=3300012842.a:Ga0160481_100264_17
17	null	null	null	CGC1	3300012842.a:Ga0160481_100264	23303	24400	3300012842.a:Ga0160481_100264_18	-	;ID=3300012842.a:Ga0160481_100264_18
18	null	null	null	CGC1	3300012842.a:Ga0160481_100264	24542	25009	3300012842.a:Ga0160481_100264_19	+	;ID=3300012842.a:Ga0160481_100264_19
19	TC	0	2	CGC1	3300012842.a:Ga0160481_100264	25040	25909	3300012842.a:Ga0160481_100264_20	-	DB=gnl|TC-DB|Q4VWC9|3.A.1.105.4;ID=3300012842.a:Ga0160481_100264_20	DB=gnl|TC-DB|Q4VWC9|3.A.1.105.4;ID=3300012842.a:Ga0160481_100264_20
20	TC	0	0	CGC1	3300012842.a:Ga0160481_100264	25906	26763	3300012842.a:Ga0160481_100264_21	-	DB=gnl|TC-DB|Q4VWC9|3.A.1.105.4;ID=3300012842.a:Ga0160481_100264_21	DB=gnl|TC-DB|Q4VWC9|3.A.1.105.4;ID=3300012842.a:Ga0160481_100264_21
21	TC	0	0	CGC1	3300012842.a:Ga0160481_100264	26760	27806	3300012842.a:Ga0160481_100264_22	-	DB=gnl|TC-DB|C6EIY9|3.A.1.105.15;ID=3300012842.a:Ga0160481_100264_22	DB=gnl|TC-DB|C6EIY9|3.A.1.105.15;ID=3300012842.a:Ga0160481_100264_22
22	STP	0	0	CGC1	3300012842.a:Ga0160481_100264	27870	28505	3300012842.a:Ga0160481_100264_23	+	DB=STP|TetR_N;ID=3300012842.a:Ga0160481_100264_23	DB=STP|TetR_N;ID=3300012842.a:Ga0160481_100264_23
23	CAZyme	1	0	CGC1	3300012842.a:Ga0160481_100264	28758	30482	3300012842.a:Ga0160481_100264_24	+	DB= GT2|GT2;ID=3300012842.a:Ga0160481_100264_24	DB= GT2|GT2;ID=3300012842.a:Ga0160481_100264_24
24	null	null	null	CGC1	3300012842.a:Ga0160481_100264	30479	31210	3300012842.a:Ga0160481_100264_25	+	;ID=3300012842.a:Ga0160481_100264_25
25	CAZyme	0	1	CGC1	3300012842.a:Ga0160481_100264	31207	33261	3300012842.a:Ga0160481_100264_26	+	DB=GH81| GH81;ID=3300012842.a:Ga0160481_100264_26	DB=GH81| GH81;ID=3300012842.a:Ga0160481_100264_26
26	TC	4	0	CGC1	3300012842.a:Ga0160481_100264	33258	33965	3300012842.a:Ga0160481_100264_27	-	DB=gnl|TC-DB|I7LJ17|1.A.1.28.7;ID=3300012842.a:Ga0160481_100264_27	DB=gnl|TC-DB|I7LJ17|1.A.1.28.7;ID=3300012842.a:Ga0160481_100264_27
+++++
172	CAZyme	0	3	CGC1	3300012842.a:Ga0160481_100064	181247	183739	3300012842.a:Ga0160481_100064_173	-	DB= GT51|GT51;ID=3300012842.a:Ga0160481_100064_173	DB= GT51|GT51;ID=3300012842.a:Ga0160481_100064_173
173	TF	2	0	CGC1	3300012842.a:Ga0160481_100064	184020	184310	3300012842.a:Ga0160481_100064_174	+	DB=DBD-Pfam|Whib;ID=3300012842.a:Ga0160481_100064_174	DB=DBD-Pfam|Whib;ID=3300012842.a:Ga0160481_100064_174
174	null	null	null	CGC1	3300012842.a:Ga0160481_100064	184423	184581	3300012842.a:Ga0160481_100064_175	+	;ID=3300012842.a:Ga0160481_100064_175
175	null	null	null	CGC1	3300012842.a:Ga0160481_100064	184581	185069	3300012842.a:Ga0160481_100064_176	+	;ID=3300012842.a:Ga0160481_100064_176
176	TF	1	2	CGC1	3300012842.a:Ga0160481_100064	185177	185854	3300012842.a:Ga0160481_100064_177	-	DB=DBD-Pfam|GntR,DBD-SUPERFAMILY|0037767;ID=3300012842.a:Ga0160481_100064_177	DB=DBD-Pfam|GntR,DBD-SUPERFAMILY|0037767;ID=3300012842.a:Ga0160481_100064_177
177	null	null	null	CGC1	3300012842.a:Ga0160481_100064	185971	186384	3300012842.a:Ga0160481_100064_178	-	;ID=3300012842.a:Ga0160481_100064_178
178	STP	1	1	CGC1	3300012842.a:Ga0160481_100064	186619	187302	3300012842.a:Ga0160481_100064_179	+	DB=STP|HhH-GPD;ID=3300012842.a:Ga0160481_100064_179	DB=STP|HhH-GPD;ID=3300012842.a:Ga0160481_100064_179
179	null	null	null	CGC1	3300012842.a:Ga0160481_100064	187336	188265	3300012842.a:Ga0160481_100064_180	-	;ID=3300012842.a:Ga0160481_100064_180
180	TC	0	1	CGC1	3300012842.a:Ga0160481_100064	188276	189652	3300012842.a:Ga0160481_100064_181	-	DB=gnl|TC-DB|Q9S1X8|2.A.33.1.6;ID=3300012842.a:Ga0160481_100064_181	DB=gnl|TC-DB|Q9S1X8|2.A.33.1.6;ID=3300012842.a:Ga0160481_100064_181
181	TF	null	0	CGC1	3300012842.a:Ga0160481_100064	189630	190352	3300012842.a:Ga0160481_100064_182	-	DB=DBD-Pfam|Trans_reg_C;ID=3300012842.a:Ga0160481_100064_182	DB=DBD-Pfam|Trans_reg_C;ID=3300012842.a:Ga0160481_100064_182
+++++
23	TC	1	6	CGC1	3300012842.a:Ga0160481_100088	21740	22054	3300012842.a:Ga0160481_100088_24	+	DB=gnl|TC-DB|P69937|2.A.7.1.4;ID=3300012842.a:Ga0160481_100088_24	DB=gnl|TC-DB|P69937|2.A.7.1.4;ID=3300012842.a:Ga0160481_100088_24
24	null	null	null	CGC1	3300012842.a:Ga0160481_100088	22080	22457	3300012842.a:Ga0160481_100088_25	-	;ID=3300012842.a:Ga0160481_100088_25
25	STP	0	1	CGC1	3300012842.a:Ga0160481_100088	22551	23171	3300012842.a:Ga0160481_100088_26	+	DB=STP|TetR_N;ID=3300012842.a:Ga0160481_100088_26	DB=STP|TetR_N;ID=3300012842.a:Ga0160481_100088_26
26	CAZyme	0	0	CGC1	3300012842.a:Ga0160481_100088	23193	25451	3300012842.a:Ga0160481_100088_27	-	DB=GH3| GH3;ID=3300012842.a:Ga0160481_100088_27	DB=GH3| GH3;ID=3300012842.a:Ga0160481_100088_27
27	TF	1	0	CGC1	3300012842.a:Ga0160481_100088	25522	26202	3300012842.a:Ga0160481_100088_28	-	DB=DBD-Pfam|MarR,DBD-SUPERFAMILY|0040517;ID=3300012842.a:Ga0160481_100088_28	DB=DBD-Pfam|MarR,DBD-SUPERFAMILY|0040517;ID=3300012842.a:Ga0160481_100088_28
28	null	null	null	CGC1	3300012842.a:Ga0160481_100088	26316	26894	3300012842.a:Ga0160481_100088_29	+	;ID=3300012842.a:Ga0160481_100088_29
29	STP	0	1	CGC1	3300012842.a:Ga0160481_100088	26960	27895	3300012842.a:Ga0160481_100088_30	+	DB=STP|Glyoxalase,STP|Glyoxalase;ID=3300012842.a:Ga0160481_100088_30	DB=STP|Glyoxalase,STP|Glyoxalase;ID=3300012842.a:Ga0160481_100088_30
30	TF	2	0	CGC1	3300012842.a:Ga0160481_100088	27993	28370	3300012842.a:Ga0160481_100088_31	+	DB=DBD-SUPERFAMILY|0044030;ID=3300012842.a:Ga0160481_100088_31	DB=DBD-SUPERFAMILY|0044030;ID=3300012842.a:Ga0160481_100088_31
31	null	null	null	CGC1	3300012842.a:Ga0160481_100088	28401	28805	3300012842.a:Ga0160481_100088_32	-	;ID=3300012842.a:Ga0160481_100088_32
32	null	null	null	CGC1	3300012842.a:Ga0160481_100088	28864	29991	3300012842.a:Ga0160481_100088_33	-	;ID=3300012842.a:Ga0160481_100088_33
33	TC	1	2	CGC1	3300012842.a:Ga0160481_100088	30258	31661	3300012842.a:Ga0160481_100088_34	+	DB=gnl|TC-DB|A4QAL6|2.A.47.1.12;ID=3300012842.a:Ga0160481_100088_34	DB=gnl|TC-DB|A4QAL6|2.A.47.1.12;ID=3300012842.a:Ga0160481_100088_34
34	null	null	null	CGC1	3300012842.a:Ga0160481_100088	31686	33053	3300012842.a:Ga0160481_100088_35	-	;ID=3300012842.a:Ga0160481_100088_35
35	TF	6	1	CGC1	3300012842.a:Ga0160481_100088	33050	33409	3300012842.a:Ga0160481_100088_36	-	DB=DBD-Pfam|PadR,DBD-SUPERFAMILY|0043935;ID=3300012842.a:Ga0160481_100088_36	DB=DBD-Pfam|PadR,DBD-SUPERFAMILY|0043935;ID=3300012842.a:Ga0160481_100088_36
+++++
79	CAZyme	1	8	CGC1	3300012842.a:Ga0160481_100042	86145	88175	3300012842.a:Ga0160481_100042_80	-	DB=GH120| GH120;ID=3300012842.a:Ga0160481_100042_80	DB=GH120| GH120;ID=3300012842.a:Ga0160481_100042_80
80	null	null	null	CGC1	3300012842.a:Ga0160481_100042	88231	88791	3300012842.a:Ga0160481_100042_81	-	;ID=3300012842.a:Ga0160481_100042_81
81	TC	0	1	CGC1	3300012842.a:Ga0160481_100042	88932	89894	3300012842.a:Ga0160481_100042_82	-	DB=gnl|TC-DB|A9QDR8|3.A.1.1.29;ID=3300012842.a:Ga0160481_100042_82	DB=gnl|TC-DB|A9QDR8|3.A.1.1.29;ID=3300012842.a:Ga0160481_100042_82
82	TC	0	0	CGC1	3300012842.a:Ga0160481_100042	89904	90956	3300012842.a:Ga0160481_100042_83	-	DB=gnl|TC-DB|A9QDR7|3.A.1.1.29;ID=3300012842.a:Ga0160481_100042_83	DB=gnl|TC-DB|A9QDR7|3.A.1.1.29;ID=3300012842.a:Ga0160481_100042_83
83	TC	0	0	CGC1	3300012842.a:Ga0160481_100042	91050	92717	3300012842.a:Ga0160481_100042_84	-	DB=gnl|TC-DB|A9QDR6|3.A.1.1.29;ID=3300012842.a:Ga0160481_100042_84	DB=gnl|TC-DB|A9QDR6|3.A.1.1.29;ID=3300012842.a:Ga0160481_100042_84
84	TF	0	0	CGC1	3300012842.a:Ga0160481_100042	93192	94196	3300012842.a:Ga0160481_100042_85	+	DB=DBD-Pfam|LacI,DBD-SUPERFAMILY|0036955;ID=3300012842.a:Ga0160481_100042_85	DB=DBD-Pfam|LacI,DBD-SUPERFAMILY|0036955;ID=3300012842.a:Ga0160481_100042_85
85	CAZyme	0	0	CGC1	3300012842.a:Ga0160481_100042	94262	95833	3300012842.a:Ga0160481_100042_86	+	DB= GH51|GH51;ID=3300012842.a:Ga0160481_100042_86	DB= GH51|GH51;ID=3300012842.a:Ga0160481_100042_86
86	CAZyme	0	0	CGC1	3300012842.a:Ga0160481_100042	95830	99219	3300012842.a:Ga0160481_100042_87	+	DB= GH39|GH39|GH43_10|CBM91;ID=3300012842.a:Ga0160481_100042_87	DB= GH39|GH39|GH43_10|CBM91;ID=3300012842.a:Ga0160481_100042_87
87	TC	1	0	CGC1	3300012842.a:Ga0160481_100042	99563	100771	3300012842.a:Ga0160481_100042_88	+	DB=gnl|TC-DB|O53656|2.A.86.1.7;ID=3300012842.a:Ga0160481_100042_88	DB=gnl|TC-DB|O53656|2.A.86.1.7;ID=3300012842.a:Ga0160481_100042_88
88	null	null	null	CGC1	3300012842.a:Ga0160481_100042	100787	101542	3300012842.a:Ga0160481_100042_89	-	;ID=3300012842.a:Ga0160481_100042_89
89	TC	1	1	CGC1	3300012842.a:Ga0160481_100042	101662	102783	3300012842.a:Ga0160481_100042_90	+	DB=gnl|TC-DB|P0C186|3.D.2.2.1;ID=3300012842.a:Ga0160481_100042_90	DB=gnl|TC-DB|P0C186|3.D.2.2.1;ID=3300012842.a:Ga0160481_100042_90
90	null	null	null	CGC1	3300012842.a:Ga0160481_100042	102846	103964	3300012842.a:Ga0160481_100042_91	+	;ID=3300012842.a:Ga0160481_100042_91
91	STP	4	1	CGC1	3300012842.a:Ga0160481_100042	103961	104440	3300012842.a:Ga0160481_100042_92	+	DB=STP|ACT;ID=3300012842.a:Ga0160481_100042_92	DB=STP|ACT;ID=3300012842.a:Ga0160481_100042_92
+++++
198	CAZyme	1	4	CGC2	3300012842.a:Ga0160481_100042	232697	233482	3300012842.a:Ga0160481_100042_199	+	DB= GT2|GT2;ID=3300012842.a:Ga0160481_100042_199	DB= GT2|GT2;ID=3300012842.a:Ga0160481_100042_199
199	null	null	null	CGC2	3300012842.a:Ga0160481_100042	233488	233832	3300012842.a:Ga0160481_100042_200	-	;ID=3300012842.a:Ga0160481_100042_200
200	TC	1	1	CGC2	3300012842.a:Ga0160481_100042	233978	234952	3300012842.a:Ga0160481_100042_201	+	DB=gnl|TC-DB|P77735|8.A.5.1.6;ID=3300012842.a:Ga0160481_100042_201	DB=gnl|TC-DB|P77735|8.A.5.1.6;ID=3300012842.a:Ga0160481_100042_201
201	null	null	null	CGC2	3300012842.a:Ga0160481_100042	235026	235478	3300012842.a:Ga0160481_100042_202	-	;ID=3300012842.a:Ga0160481_100042_202
202	CAZyme	2	1	CGC2	3300012842.a:Ga0160481_100042	235669	237957	3300012842.a:Ga0160481_100042_203	+	DB=PL11|PL11_1| CBM2|CBM2;ID=3300012842.a:Ga0160481_100042_203	DB=PL11|PL11_1| CBM2|CBM2;ID=3300012842.a:Ga0160481_100042_203
203	null	null	null	CGC2	3300012842.a:Ga0160481_100042	238038	238487	3300012842.a:Ga0160481_100042_204	-	;ID=3300012842.a:Ga0160481_100042_204
204	null	null	null	CGC2	3300012842.a:Ga0160481_100042	238569	239420	3300012842.a:Ga0160481_100042_205	+	;ID=3300012842.a:Ga0160481_100042_205
205	STP	0	2	CGC2	3300012842.a:Ga0160481_100042	239456	239863	3300012842.a:Ga0160481_100042_206	-	DB=STP|Glyoxalase;ID=3300012842.a:Ga0160481_100042_206	DB=STP|Glyoxalase;ID=3300012842.a:Ga0160481_100042_206
206	TF	2	0	CGC2	3300012842.a:Ga0160481_100042	239913	240347	3300012842.a:Ga0160481_100042_207	-	DB=DBD-Pfam|HTH_AraC,DBD-Pfam|HTH_AraC,DBD-SUPERFAMILY|0036286,DBD-SUPERFAMILY|0035607;ID=3300012842.a:Ga0160481_100042_207	DB=DBD-Pfam|HTH_AraC,DBD-Pfam|HTH_AraC,DBD-SUPERFAMILY|0036286,DBD-SUPERFAMILY|0035607;ID=3300012842.a:Ga0160481_100042_207
207	null	null	null	CGC2	3300012842.a:Ga0160481_100042	240429	240956	3300012842.a:Ga0160481_100042_208	-	;ID=3300012842.a:Ga0160481_100042_208
208	null	null	null	CGC2	3300012842.a:Ga0160481_100042	241165	241890	3300012842.a:Ga0160481_100042_209	+	;ID=3300012842.a:Ga0160481_100042_209
209	TF	0	2	CGC2	3300012842.a:Ga0160481_100042	241887	242141	3300012842.a:Ga0160481_100042_210	+	DB=DBD-Pfam|HTH_3,DBD-SUPERFAMILY|0043143;ID=3300012842.a:Ga0160481_100042_210	DB=DBD-Pfam|HTH_3,DBD-SUPERFAMILY|0043143;ID=3300012842.a:Ga0160481_100042_210
210	STP	3	0	CGC2	3300012842.a:Ga0160481_100042	242251	242604	3300012842.a:Ga0160481_100042_211	-	DB=STP|Glyoxalase;ID=3300012842.a:Ga0160481_100042_211	DB=STP|Glyoxalase;ID=3300012842.a:Ga0160481_100042_211
+++++
222	TC	1	3	CGC3	3300012842.a:Ga0160481_100042	250445	251116	3300012842.a:Ga0160481_100042_223	-	DB=gnl|TC-DB|K0WKG7|4.F.1.1.8;ID=3300012842.a:Ga0160481_100042_223	DB=gnl|TC-DB|K0WKG7|4.F.1.1.8;ID=3300012842.a:Ga0160481_100042_223
223	null	null	null	CGC3	3300012842.a:Ga0160481_100042	251228	251638	3300012842.a:Ga0160481_100042_224	+	;ID=3300012842.a:Ga0160481_100042_224
224	TC	0	1	CGC3	3300012842.a:Ga0160481_100042	251926	253737	3300012842.a:Ga0160481_100042_225	+	DB=gnl|TC-DB|P38919|3.A.18.1.1;ID=3300012842.a:Ga0160481_100042_225	DB=gnl|TC-DB|P38919|3.A.18.1.1;ID=3300012842.a:Ga0160481_100042_225
225	STP	0	0	CGC3	3300012842.a:Ga0160481_100042	253764	256403	3300012842.a:Ga0160481_100042_226	-	DB=STP|Peripla_BP_3,STP|PAS,STP|GGDEF;ID=3300012842.a:Ga0160481_100042_226	DB=STP|Peripla_BP_3,STP|PAS,STP|GGDEF;ID=3300012842.a:Ga0160481_100042_226
226	TF	0	0	CGC3	3300012842.a:Ga0160481_100042	256590	257579	3300012842.a:Ga0160481_100042_227	+	DB=DBD-Pfam|LacI,DBD-SUPERFAMILY|0036955;ID=3300012842.a:Ga0160481_100042_227	DB=DBD-Pfam|LacI,DBD-SUPERFAMILY|0036955;ID=3300012842.a:Ga0160481_100042_227
227	CAZyme	null	0	CGC3	3300012842.a:Ga0160481_100042	257859	259391	3300012842.a:Ga0160481_100042_228	+	DB=GH6| GH6|CBM2;ID=3300012842.a:Ga0160481_100042_228	DB=GH6| GH6|CBM2;ID=3300012842.a:Ga0160481_100042_228
+++++
122	TC	0	4	CGC1	3300012842.a:Ga0160481_100014	141133	142146	3300012842.a:Ga0160481_100014_123	-	DB=gnl|TC-DB|Q93J92|3.A.1.1.36;ID=3300012842.a:Ga0160481_100014_123	DB=gnl|TC-DB|Q93J92|3.A.1.1.36;ID=3300012842.a:Ga0160481_100014_123
123	TC	0	0	CGC1	3300012842.a:Ga0160481_100014	142143	143099	3300012842.a:Ga0160481_100014_124	-	DB=gnl|TC-DB|Q93J93|3.A.1.1.36;ID=3300012842.a:Ga0160481_100014_124	DB=gnl|TC-DB|Q93J93|3.A.1.1.36;ID=3300012842.a:Ga0160481_100014_124
124	STP	0	0	CGC1	3300012842.a:Ga0160481_100014	143249	144658	3300012842.a:Ga0160481_100014_125	-	DB=STP|SBP_bac_1;ID=3300012842.a:Ga0160481_100014_125	DB=STP|SBP_bac_1;ID=3300012842.a:Ga0160481_100014_125
125	CAZyme	0	0	CGC1	3300012842.a:Ga0160481_100014	144737	146419	3300012842.a:Ga0160481_100014_126	-	DB=GH13_30| GH13_30;ID=3300012842.a:Ga0160481_100014_126	DB=GH13_30| GH13_30;ID=3300012842.a:Ga0160481_100014_126
126	TF	1	0	CGC1	3300012842.a:Ga0160481_100014	146580	147596	3300012842.a:Ga0160481_100014_127	-	DB=DBD-Pfam|LacI,DBD-SUPERFAMILY|0036955;ID=3300012842.a:Ga0160481_100014_127	DB=DBD-Pfam|LacI,DBD-SUPERFAMILY|0036955;ID=3300012842.a:Ga0160481_100014_127
127	null	null	null	CGC1	3300012842.a:Ga0160481_100014	147714	148214	3300012842.a:Ga0160481_100014_128	-	;ID=3300012842.a:Ga0160481_100014_128
128	TF	4	1	CGC1	3300012842.a:Ga0160481_100014	148369	148833	3300012842.a:Ga0160481_100014_129	-	DB=DBD-Pfam|MarR,DBD-SUPERFAMILY|0040586;ID=3300012842.a:Ga0160481_100014_129	DB=DBD-Pfam|MarR,DBD-SUPERFAMILY|0040586;ID=3300012842.a:Ga0160481_100014_129
+++++
175	TC	0	6	CGC2	3300012842.a:Ga0160481_100014	198823	201369	3300012842.a:Ga0160481_100014_176	-	DB=gnl|TC-DB|Q53902|2.A.6.5.1;ID=3300012842.a:Ga0160481_100014_176	DB=gnl|TC-DB|Q53902|2.A.6.5.1;ID=3300012842.a:Ga0160481_100014_176
176	STP	0	0	CGC2	3300012842.a:Ga0160481_100014	201537	202235	3300012842.a:Ga0160481_100014_177	+	DB=STP|TetR_N;ID=3300012842.a:Ga0160481_100014_177	DB=STP|TetR_N;ID=3300012842.a:Ga0160481_100014_177
177	TF	1	0	CGC2	3300012842.a:Ga0160481_100014	202288	202872	3300012842.a:Ga0160481_100014_178	+	DB=DBD-Pfam|HTH_1;ID=3300012842.a:Ga0160481_100014_178	DB=DBD-Pfam|HTH_1;ID=3300012842.a:Ga0160481_100014_178
178	null	null	null	CGC2	3300012842.a:Ga0160481_100014	202869	203627	3300012842.a:Ga0160481_100014_179	+	;ID=3300012842.a:Ga0160481_100014_179
179	CAZyme	0	1	CGC2	3300012842.a:Ga0160481_100014	203778	205928	3300012842.a:Ga0160481_100014_180	+	DB=GH67| GH67;ID=3300012842.a:Ga0160481_100014_180	DB=GH67| GH67;ID=3300012842.a:Ga0160481_100014_180
180	CAZyme	3	0	CGC2	3300012842.a:Ga0160481_100014	206020	207387	3300012842.a:Ga0160481_100014_181	+	DB=GH13|GH13_20;ID=3300012842.a:Ga0160481_100014_181	DB=GH13|GH13_20;ID=3300012842.a:Ga0160481_100014_181
+++++
220	CAZyme	0	3	CGC3	3300012842.a:Ga0160481_100014	253688	255628	3300012842.a:Ga0160481_100014_221	-	DB= GH55|GH55;ID=3300012842.a:Ga0160481_100014_221	DB= GH55|GH55;ID=3300012842.a:Ga0160481_100014_221
221	STP	1	0	CGC3	3300012842.a:Ga0160481_100014	255852	257174	3300012842.a:Ga0160481_100014_222	+	DB=STP|CBS,STP|CBS;ID=3300012842.a:Ga0160481_100014_222	DB=STP|CBS,STP|CBS;ID=3300012842.a:Ga0160481_100014_222
222	null	null	null	CGC3	3300012842.a:Ga0160481_100014	257167	257736	3300012842.a:Ga0160481_100014_223	+	;ID=3300012842.a:Ga0160481_100014_223
223	TC	0	1	CGC3	3300012842.a:Ga0160481_100014	257862	259010	3300012842.a:Ga0160481_100014_224	+	DB=gnl|TC-DB|A0L4L0|3.A.1.132.3;ID=3300012842.a:Ga0160481_100014_224	DB=gnl|TC-DB|A0L4L0|3.A.1.132.3;ID=3300012842.a:Ga0160481_100014_224
224	TF	3	0	CGC3	3300012842.a:Ga0160481_100014	259075	259989	3300012842.a:Ga0160481_100014_225	+	DB=DBD-Pfam|HTH_DeoR,DBD-SUPERFAMILY|0043758;ID=3300012842.a:Ga0160481_100014_225	DB=DBD-Pfam|HTH_DeoR,DBD-SUPERFAMILY|0043758;ID=3300012842.a:Ga0160481_100014_225
+++++
14	TC	1	6	CGC1	3300012842.a:Ga0160481_100027	12155	14257	3300012842.a:Ga0160481_100027_15	-	DB=gnl|TC-DB|Q53902|2.A.6.5.1;ID=3300012842.a:Ga0160481_100027_15	DB=gnl|TC-DB|Q53902|2.A.6.5.1;ID=3300012842.a:Ga0160481_100027_15
15	null	null	null	CGC1	3300012842.a:Ga0160481_100027	14404	16254	3300012842.a:Ga0160481_100027_16	-	;ID=3300012842.a:Ga0160481_100027_16
16	TC	1	1	CGC1	3300012842.a:Ga0160481_100027	16539	19118	3300012842.a:Ga0160481_100027_17	+	DB=gnl|TC-DB|Q9FI56|3.A.9.1.2;ID=3300012842.a:Ga0160481_100027_17	DB=gnl|TC-DB|Q9FI56|3.A.9.1.2;ID=3300012842.a:Ga0160481_100027_17
17	null	null	null	CGC1	3300012842.a:Ga0160481_100027	19458	20435	3300012842.a:Ga0160481_100027_18	+	;ID=3300012842.a:Ga0160481_100027_18
18	TC	0	1	CGC1	3300012842.a:Ga0160481_100027	20994	22778	3300012842.a:Ga0160481_100027_19	+	DB=gnl|TC-DB|O06967|3.A.1.117.3;ID=3300012842.a:Ga0160481_100027_19	DB=gnl|TC-DB|O06967|3.A.1.117.3;ID=3300012842.a:Ga0160481_100027_19
19	STP	0	0	CGC1	3300012842.a:Ga0160481_100027	22892	23458	3300012842.a:Ga0160481_100027_20	+	DB=STP|SKI;ID=3300012842.a:Ga0160481_100027_20	DB=STP|SKI;ID=3300012842.a:Ga0160481_100027_20
20	TF	2	0	CGC1	3300012842.a:Ga0160481_100027	23475	24590	3300012842.a:Ga0160481_100027_21	-	DB=DBD-Pfam|LacI,DBD-SUPERFAMILY|0036955;ID=3300012842.a:Ga0160481_100027_21	DB=DBD-Pfam|LacI,DBD-SUPERFAMILY|0036955;ID=3300012842.a:Ga0160481_100027_21
21	null	null	null	CGC1	3300012842.a:Ga0160481_100027	24710	25171	3300012842.a:Ga0160481_100027_22	+	;ID=3300012842.a:Ga0160481_100027_22
22	null	null	null	CGC1	3300012842.a:Ga0160481_100027	25256	25798	3300012842.a:Ga0160481_100027_23	+	;ID=3300012842.a:Ga0160481_100027_23
23	STP	1	2	CGC1	3300012842.a:Ga0160481_100027	25825	28731	3300012842.a:Ga0160481_100027_24	-	DB=STP|Pyr_redox_2,STP|NIR_SIR_ferr,STP|NIR_SIR;ID=3300012842.a:Ga0160481_100027_24	DB=STP|Pyr_redox_2,STP|NIR_SIR_ferr,STP|NIR_SIR;ID=3300012842.a:Ga0160481_100027_24
24	null	null	null	CGC1	3300012842.a:Ga0160481_100027	28967	29458	3300012842.a:Ga0160481_100027_25	+	;ID=3300012842.a:Ga0160481_100027_25
25	STP	2	1	CGC1	3300012842.a:Ga0160481_100027	29461	31329	3300012842.a:Ga0160481_100027_26	+	DB=STP|HATPase_c;ID=3300012842.a:Ga0160481_100027_26	DB=STP|HATPase_c;ID=3300012842.a:Ga0160481_100027_26
26	null	null	null	CGC1	3300012842.a:Ga0160481_100027	31326	33389	3300012842.a:Ga0160481_100027_27	+	;ID=3300012842.a:Ga0160481_100027_27
27	null	null	null	CGC1	3300012842.a:Ga0160481_100027	33415	34020	3300012842.a:Ga0160481_100027_28	+	;ID=3300012842.a:Ga0160481_100027_28
28	CAZyme	0	2	CGC1	3300012842.a:Ga0160481_100027	34144	35322	3300012842.a:Ga0160481_100027_29	-	DB=AA10| CBM2|CBM2| AA10;ID=3300012842.a:Ga0160481_100027_29	DB=AA10| CBM2|CBM2| AA10;ID=3300012842.a:Ga0160481_100027_29
29	TC	1	0	CGC1	3300012842.a:Ga0160481_100027	35479	37578	3300012842.a:Ga0160481_100027_30	-	DB=gnl|TC-DB|Q5EAK4|2.A.16.2.2;ID=3300012842.a:Ga0160481_100027_30	DB=gnl|TC-DB|Q5EAK4|2.A.16.2.2;ID=3300012842.a:Ga0160481_100027_30
30	null	null	null	CGC1	3300012842.a:Ga0160481_100027	37762	38559	3300012842.a:Ga0160481_100027_31	+	;ID=3300012842.a:Ga0160481_100027_31
31	STP	3	1	CGC1	3300012842.a:Ga0160481_100027	38587	39165	3300012842.a:Ga0160481_100027_32	+	DB=STP|Pribosyltran;ID=3300012842.a:Ga0160481_100027_32	DB=STP|Pribosyltran;ID=3300012842.a:Ga0160481_100027_32
+++++
184	TC	2	3	CGC2	3300012842.a:Ga0160481_100027	216948	219044	3300012842.a:Ga0160481_100027_185	-	DB=gnl|TC-DB|P0AAP1|9.B.34.1.2;ID=3300012842.a:Ga0160481_100027_185	DB=gnl|TC-DB|P0AAP1|9.B.34.1.2;ID=3300012842.a:Ga0160481_100027_185
185	null	null	null	CGC2	3300012842.a:Ga0160481_100027	219261	219665	3300012842.a:Ga0160481_100027_186	+	;ID=3300012842.a:Ga0160481_100027_186
186	null	null	null	CGC2	3300012842.a:Ga0160481_100027	219724	220530	3300012842.a:Ga0160481_100027_187	+	;ID=3300012842.a:Ga0160481_100027_187
187	TF	0	2	CGC2	3300012842.a:Ga0160481_100027	220673	221149	3300012842.a:Ga0160481_100027_188	+	DB=DBD-Pfam|MarR,DBD-SUPERFAMILY|0040586;ID=3300012842.a:Ga0160481_100027_188	DB=DBD-Pfam|MarR,DBD-SUPERFAMILY|0040586;ID=3300012842.a:Ga0160481_100027_188
188	TC	0	0	CGC2	3300012842.a:Ga0160481_100027	221226	222968	3300012842.a:Ga0160481_100027_189	-	DB=gnl|TC-DB|O32182|2.A.1.3.33;ID=3300012842.a:Ga0160481_100027_189	DB=gnl|TC-DB|O32182|2.A.1.3.33;ID=3300012842.a:Ga0160481_100027_189
189	TF	0	0	CGC2	3300012842.a:Ga0160481_100027	223083	223562	3300012842.a:Ga0160481_100027_190	-	DB=DBD-Pfam|MarR,DBD-SUPERFAMILY|0040586;ID=3300012842.a:Ga0160481_100027_190	DB=DBD-Pfam|MarR,DBD-SUPERFAMILY|0040586;ID=3300012842.a:Ga0160481_100027_190
190	TC	1	0	CGC2	3300012842.a:Ga0160481_100027	223715	225262	3300012842.a:Ga0160481_100027_191	-	DB=gnl|TC-DB|P15729|2.A.1.1.32;ID=3300012842.a:Ga0160481_100027_191	DB=gnl|TC-DB|P15729|2.A.1.1.32;ID=3300012842.a:Ga0160481_100027_191
191	null	null	null	CGC2	3300012842.a:Ga0160481_100027	225444	226079	3300012842.a:Ga0160481_100027_192	+	;ID=3300012842.a:Ga0160481_100027_192
192	TC	1	1	CGC2	3300012842.a:Ga0160481_100027	226128	227132	3300012842.a:Ga0160481_100027_193	-	DB=gnl|TC-DB|Q9KZW3|2.A.20.1.5;ID=3300012842.a:Ga0160481_100027_193	DB=gnl|TC-DB|Q9KZW3|2.A.20.1.5;ID=3300012842.a:Ga0160481_100027_193
193	null	null	null	CGC2	3300012842.a:Ga0160481_100027	227138	227758	3300012842.a:Ga0160481_100027_194	-	;ID=3300012842.a:Ga0160481_100027_194
194	STP	2	1	CGC2	3300012842.a:Ga0160481_100027	228081	229055	3300012842.a:Ga0160481_100027_195	-	DB=STP|NUDIX;ID=3300012842.a:Ga0160481_100027_195	DB=STP|NUDIX;ID=3300012842.a:Ga0160481_100027_195
195	null	null	null	CGC2	3300012842.a:Ga0160481_100027	229052	231292	3300012842.a:Ga0160481_100027_196	-	;ID=3300012842.a:Ga0160481_100027_196
196	null	null	null	CGC2	3300012842.a:Ga0160481_100027	231289	232275	3300012842.a:Ga0160481_100027_197	-	;ID=3300012842.a:Ga0160481_100027_197
197	STP	0	2	CGC2	3300012842.a:Ga0160481_100027	232402	234024	3300012842.a:Ga0160481_100027_198	+	DB=STP|Pyr_redox_2;ID=3300012842.a:Ga0160481_100027_198	DB=STP|Pyr_redox_2;ID=3300012842.a:Ga0160481_100027_198
198	CAZyme	0	0	CGC2	3300012842.a:Ga0160481_100027	234132	235556	3300012842.a:Ga0160481_100027_199	-	DB=GH5_8| GH5_8| CBM2|CBM2;ID=3300012842.a:Ga0160481_100027_199	DB=GH5_8| GH5_8| CBM2|CBM2;ID=3300012842.a:Ga0160481_100027_199
199	TC	1	0	CGC2	3300012842.a:Ga0160481_100027	235832	237820	3300012842.a:Ga0160481_100027_200	-	DB=gnl|TC-DB|P69451|4.C.1.1.4;ID=3300012842.a:Ga0160481_100027_200	DB=gnl|TC-DB|P69451|4.C.1.1.4;ID=3300012842.a:Ga0160481_100027_200
200	null	null	null	CGC2	3300012842.a:Ga0160481_100027	238010	238810	3300012842.a:Ga0160481_100027_201	-	;ID=3300012842.a:Ga0160481_100027_201
201	TC	5	1	CGC2	3300012842.a:Ga0160481_100027	238858	239820	3300012842.a:Ga0160481_100027_202	-	DB=gnl|TC-DB|Q186B7|1.A.16.3.3;ID=3300012842.a:Ga0160481_100027_202	DB=gnl|TC-DB|Q186B7|1.A.16.3.3;ID=3300012842.a:Ga0160481_100027_202
+++++
222	TF	1	5	CGC3	3300012842.a:Ga0160481_100027	263668	264201	3300012842.a:Ga0160481_100027_223	-	DB=DBD-Pfam|GerE;ID=3300012842.a:Ga0160481_100027_223	DB=DBD-Pfam|GerE;ID=3300012842.a:Ga0160481_100027_223
223	null	null	null	CGC3	3300012842.a:Ga0160481_100027	264437	265705	3300012842.a:Ga0160481_100027_224	-	;ID=3300012842.a:Ga0160481_100027_224
224	STP	0	1	CGC3	3300012842.a:Ga0160481_100027	265702	266340	3300012842.a:Ga0160481_100027_225	-	DB=STP|Sigma70_r2,STP|Sigma70_r4_2;ID=3300012842.a:Ga0160481_100027_225	DB=STP|Sigma70_r2,STP|Sigma70_r4_2;ID=3300012842.a:Ga0160481_100027_225
225	TC	1	0	CGC3	3300012842.a:Ga0160481_100027	266588	268897	3300012842.a:Ga0160481_100027_226	+	DB=gnl|TC-DB|Q6BCL0|3.A.10.2.2;ID=3300012842.a:Ga0160481_100027_226	DB=gnl|TC-DB|Q6BCL0|3.A.10.2.2;ID=3300012842.a:Ga0160481_100027_226
226	null	null	null	CGC3	3300012842.a:Ga0160481_100027	269056	269763	3300012842.a:Ga0160481_100027_227	+	;ID=3300012842.a:Ga0160481_100027_227
227	CAZyme	2	1	CGC3	3300012842.a:Ga0160481_100027	269804	270826	3300012842.a:Ga0160481_100027_228	+	DB=CE1;ID=3300012842.a:Ga0160481_100027_228	DB=CE1;ID=3300012842.a:Ga0160481_100027_228
228	null	null	null	CGC3	3300012842.a:Ga0160481_100027	270906	272471	3300012842.a:Ga0160481_100027_229	+	;ID=3300012842.a:Ga0160481_100027_229
229	null	null	null	CGC3	3300012842.a:Ga0160481_100027	272600	273853	3300012842.a:Ga0160481_100027_230	+	;ID=3300012842.a:Ga0160481_100027_230
230	TC	0	2	CGC3	3300012842.a:Ga0160481_100027	273846	274619	3300012842.a:Ga0160481_100027_231	+	DB=gnl|TC-DB|O31711|3.A.1.122.2;ID=3300012842.a:Ga0160481_100027_231	DB=gnl|TC-DB|O31711|3.A.1.122.2;ID=3300012842.a:Ga0160481_100027_231
231	TC	3	0	CGC3	3300012842.a:Ga0160481_100027	274616	275848	3300012842.a:Ga0160481_100027_232	+	DB=gnl|TC-DB|O31712|3.A.1.122.2;ID=3300012842.a:Ga0160481_100027_232	DB=gnl|TC-DB|O31712|3.A.1.122.2;ID=3300012842.a:Ga0160481_100027_232
+++++
235	CAZyme	0	3	CGC4	3300012842.a:Ga0160481_100027	280316	284866	3300012842.a:Ga0160481_100027_236	+	DB=GH43_22| GH43_22;ID=3300012842.a:Ga0160481_100027_236	DB=GH43_22| GH43_22;ID=3300012842.a:Ga0160481_100027_236
236	CAZyme	0	0	CGC4	3300012842.a:Ga0160481_100027	285121	291768	3300012842.a:Ga0160481_100027_237	+	DB=GH121| GH121;ID=3300012842.a:Ga0160481_100027_237	DB=GH121| GH121;ID=3300012842.a:Ga0160481_100027_237
237	TF	0	0	CGC4	3300012842.a:Ga0160481_100027	291949	292971	3300012842.a:Ga0160481_100027_238	+	DB=DBD-Pfam|LacI,DBD-SUPERFAMILY|0036955;ID=3300012842.a:Ga0160481_100027_238	DB=DBD-Pfam|LacI,DBD-SUPERFAMILY|0036955;ID=3300012842.a:Ga0160481_100027_238
238	CAZyme	0	0	CGC4	3300012842.a:Ga0160481_100027	293307	297443	3300012842.a:Ga0160481_100027_239	+	DB= GH43_29|GH43_29;ID=3300012842.a:Ga0160481_100027_239	DB= GH43_29|GH43_29;ID=3300012842.a:Ga0160481_100027_239
239	TF	0	0	CGC4	3300012842.a:Ga0160481_100027	297553	298617	3300012842.a:Ga0160481_100027_240	-	DB=DBD-Pfam|LacI,DBD-SUPERFAMILY|0036955;ID=3300012842.a:Ga0160481_100027_240	DB=DBD-Pfam|LacI,DBD-SUPERFAMILY|0036955;ID=3300012842.a:Ga0160481_100027_240
240	STP	0	0	CGC4	3300012842.a:Ga0160481_100027	298816	300147	3300012842.a:Ga0160481_100027_241	+	DB=STP|SBP_bac_1;ID=3300012842.a:Ga0160481_100027_241	DB=STP|SBP_bac_1;ID=3300012842.a:Ga0160481_100027_241
241	TC	0	0	CGC4	3300012842.a:Ga0160481_100027	300234	301214	3300012842.a:Ga0160481_100027_242	+	DB=gnl|TC-DB|Q93J93|3.A.1.1.36;ID=3300012842.a:Ga0160481_100027_242	DB=gnl|TC-DB|Q93J93|3.A.1.1.36;ID=3300012842.a:Ga0160481_100027_242
242	TC	0	0	CGC4	3300012842.a:Ga0160481_100027	301211	302035	3300012842.a:Ga0160481_100027_243	+	DB=gnl|TC-DB|Q72H66|3.A.1.1.25;ID=3300012842.a:Ga0160481_100027_243	DB=gnl|TC-DB|Q72H66|3.A.1.1.25;ID=3300012842.a:Ga0160481_100027_243
243	CAZyme	3	0	CGC4	3300012842.a:Ga0160481_100027	302032	303930	3300012842.a:Ga0160481_100027_244	+	DB= GH127|GH127;ID=3300012842.a:Ga0160481_100027_244	DB= GH127|GH127;ID=3300012842.a:Ga0160481_100027_244
+++++
84	STP	1	3	CGC1	3300012842.a:Ga0160481_100033	106948	107547	3300012842.a:Ga0160481_100033_85	-	DB=STP|Sigma70_r2,STP|Sigma70_r4_2;ID=3300012842.a:Ga0160481_100033_85	DB=STP|Sigma70_r2,STP|Sigma70_r4_2;ID=3300012842.a:Ga0160481_100033_85
85	null	null	null	CGC1	3300012842.a:Ga0160481_100033	107634	108827	3300012842.a:Ga0160481_100033_86	+	;ID=3300012842.a:Ga0160481_100033_86
86	STP	0	1	CGC1	3300012842.a:Ga0160481_100033	108850	109758	3300012842.a:Ga0160481_100033_87	-	DB=STP|PfkB;ID=3300012842.a:Ga0160481_100033_87	DB=STP|PfkB;ID=3300012842.a:Ga0160481_100033_87
87	CAZyme	0	0	CGC1	3300012842.a:Ga0160481_100033	109864	111324	3300012842.a:Ga0160481_100033_88	+	DB= GH13_32|GH13_32;ID=3300012842.a:Ga0160481_100033_88	DB= GH13_32|GH13_32;ID=3300012842.a:Ga0160481_100033_88
88	CAZyme	0	0	CGC1	3300012842.a:Ga0160481_100033	111387	113156	3300012842.a:Ga0160481_100033_89	-	DB=GH13_30| GH13_30;ID=3300012842.a:Ga0160481_100033_89	DB=GH13_30| GH13_30;ID=3300012842.a:Ga0160481_100033_89
89	TF	0	0	CGC1	3300012842.a:Ga0160481_100033	113281	114348	3300012842.a:Ga0160481_100033_90	-	DB=DBD-Pfam|LacI,DBD-SUPERFAMILY|0036955;ID=3300012842.a:Ga0160481_100033_90	DB=DBD-Pfam|LacI,DBD-SUPERFAMILY|0036955;ID=3300012842.a:Ga0160481_100033_90
90	TC	0	0	CGC1	3300012842.a:Ga0160481_100033	114558	115820	3300012842.a:Ga0160481_100033_91	+	DB=gnl|TC-DB|Q9X0T1|3.A.1.1.22;ID=3300012842.a:Ga0160481_100033_91	DB=gnl|TC-DB|Q9X0T1|3.A.1.1.22;ID=3300012842.a:Ga0160481_100033_91
91	TC	0	0	CGC1	3300012842.a:Ga0160481_100033	116000	117619	3300012842.a:Ga0160481_100033_92	+	DB=gnl|TC-DB|P02916|3.A.1.1.1;ID=3300012842.a:Ga0160481_100033_92	DB=gnl|TC-DB|P02916|3.A.1.1.1;ID=3300012842.a:Ga0160481_100033_92
92	TC	0	0	CGC1	3300012842.a:Ga0160481_100033	117619	118533	3300012842.a:Ga0160481_100033_93	+	DB=gnl|TC-DB|Q9X2F5|3.A.1.1.22;ID=3300012842.a:Ga0160481_100033_93	DB=gnl|TC-DB|Q9X2F5|3.A.1.1.22;ID=3300012842.a:Ga0160481_100033_93
93	CAZyme	0	0	CGC1	3300012842.a:Ga0160481_100033	118530	120407	3300012842.a:Ga0160481_100033_94	+	DB=GH13_21| GH13_21|CBM34;ID=3300012842.a:Ga0160481_100033_94	DB=GH13_21| GH13_21|CBM34;ID=3300012842.a:Ga0160481_100033_94
94	STP	0	0	CGC1	3300012842.a:Ga0160481_100033	120444	121727	3300012842.a:Ga0160481_100033_95	+	DB=STP|HD;ID=3300012842.a:Ga0160481_100033_95	DB=STP|HD;ID=3300012842.a:Ga0160481_100033_95
95	CAZyme	2	0	CGC1	3300012842.a:Ga0160481_100033	122042	123730	3300012842.a:Ga0160481_100033_96	+	DB=GH18| GH18|3.2.1.14|CBM2| CBM2;ID=3300012842.a:Ga0160481_100033_96	DB=GH18| GH18|3.2.1.14|CBM2| CBM2;ID=3300012842.a:Ga0160481_100033_96
96	null	null	null	CGC1	3300012842.a:Ga0160481_100033	123893	125827	3300012842.a:Ga0160481_100033_97	+	;ID=3300012842.a:Ga0160481_100033_97
97	null	null	null	CGC1	3300012842.a:Ga0160481_100033	125948	126745	3300012842.a:Ga0160481_100033_98	-	;ID=3300012842.a:Ga0160481_100033_98
98	TC	0	2	CGC1	3300012842.a:Ga0160481_100033	127061	127864	3300012842.a:Ga0160481_100033_99	+	DB=gnl|TC-DB|Q3KCP1|9.B.140.1.2;ID=3300012842.a:Ga0160481_100033_99	DB=gnl|TC-DB|Q3KCP1|9.B.140.1.2;ID=3300012842.a:Ga0160481_100033_99
99	TC	1	0	CGC1	3300012842.a:Ga0160481_100033	127898	129208	3300012842.a:Ga0160481_100033_100	-	DB=gnl|TC-DB|I7I571|2.A.1.53.12;ID=3300012842.a:Ga0160481_100033_100	DB=gnl|TC-DB|I7I571|2.A.1.53.12;ID=3300012842.a:Ga0160481_100033_100
100	null	null	null	CGC1	3300012842.a:Ga0160481_100033	129484	130035	3300012842.a:Ga0160481_100033_101	-	;ID=3300012842.a:Ga0160481_100033_101
101	TF	0	1	CGC1	3300012842.a:Ga0160481_100033	130590	130814	3300012842.a:Ga0160481_100033_102	+	DB=DBD-Pfam|MerR,DBD-SUPERFAMILY|0039468;ID=3300012842.a:Ga0160481_100033_102	DB=DBD-Pfam|MerR,DBD-SUPERFAMILY|0039468;ID=3300012842.a:Ga0160481_100033_102
102	STP	0	0	CGC1	3300012842.a:Ga0160481_100033	130917	131453	3300012842.a:Ga0160481_100033_103	-	DB=STP|TetR_N;ID=3300012842.a:Ga0160481_100033_103	DB=STP|TetR_N;ID=3300012842.a:Ga0160481_100033_103
103	TC	2	0	CGC1	3300012842.a:Ga0160481_100033	131495	133918	3300012842.a:Ga0160481_100033_104	-	DB=gnl|TC-DB|A0JSP2|9.B.74.1.2;ID=3300012842.a:Ga0160481_100033_104	DB=gnl|TC-DB|A0JSP2|9.B.74.1.2;ID=3300012842.a:Ga0160481_100033_104
104	null	null	null	CGC1	3300012842.a:Ga0160481_100033	133962	134774	3300012842.a:Ga0160481_100033_105	-	;ID=3300012842.a:Ga0160481_100033_105
105	null	null	null	CGC1	3300012842.a:Ga0160481_100033	134944	135432	3300012842.a:Ga0160481_100033_106	+	;ID=3300012842.a:Ga0160481_100033_106
106	TC	0	2	CGC1	3300012842.a:Ga0160481_100033	135451	136137	3300012842.a:Ga0160481_100033_107	-	DB=gnl|TC-DB|Q8NSN3|3.A.1.24.4;ID=3300012842.a:Ga0160481_100033_107	DB=gnl|TC-DB|Q8NSN3|3.A.1.24.4;ID=3300012842.a:Ga0160481_100033_107
107	TC	0	0	CGC1	3300012842.a:Ga0160481_100033	136134	137153	3300012842.a:Ga0160481_100033_108	-	DB=gnl|TC-DB|Q8NSN2|3.A.1.24.4;ID=3300012842.a:Ga0160481_100033_108	DB=gnl|TC-DB|Q8NSN2|3.A.1.24.4;ID=3300012842.a:Ga0160481_100033_108
108	TC	10	0	CGC1	3300012842.a:Ga0160481_100033	137246	138241	3300012842.a:Ga0160481_100033_109	-	DB=gnl|TC-DB|Q8NSN1|3.A.1.24.4;ID=3300012842.a:Ga0160481_100033_109	DB=gnl|TC-DB|Q8NSN1|3.A.1.24.4;ID=3300012842.a:Ga0160481_100033_109
+++++
230	STP	0	5	CGC2	3300012842.a:Ga0160481_100033	274734	276335	3300012842.a:Ga0160481_100033_231	+	DB=STP|Sigma70_r2,STP|Sigma70_r3,STP|Sigma70_r4;ID=3300012842.a:Ga0160481_100033_231	DB=STP|Sigma70_r2,STP|Sigma70_r3,STP|Sigma70_r4;ID=3300012842.a:Ga0160481_100033_231
231	STP	2	0	CGC2	3300012842.a:Ga0160481_100033	276413	276991	3300012842.a:Ga0160481_100033_232	-	DB=STP|SKI;ID=3300012842.a:Ga0160481_100033_232	DB=STP|SKI;ID=3300012842.a:Ga0160481_100033_232
232	null	null	null	CGC2	3300012842.a:Ga0160481_100033	276988	278226	3300012842.a:Ga0160481_100033_233	-	;ID=3300012842.a:Ga0160481_100033_233
233	null	null	null	CGC2	3300012842.a:Ga0160481_100033	278246	279631	3300012842.a:Ga0160481_100033_234	-	;ID=3300012842.a:Ga0160481_100033_234
234	TF	0	2	CGC2	3300012842.a:Ga0160481_100033	279753	280772	3300012842.a:Ga0160481_100033_235	-	DB=DBD-Pfam|LacI,DBD-SUPERFAMILY|0036955;ID=3300012842.a:Ga0160481_100033_235	DB=DBD-Pfam|LacI,DBD-SUPERFAMILY|0036955;ID=3300012842.a:Ga0160481_100033_235
235	CAZyme	0	0	CGC2	3300012842.a:Ga0160481_100033	280887	282671	3300012842.a:Ga0160481_100033_236	+	DB=GH2| GH2;ID=3300012842.a:Ga0160481_100033_236	DB=GH2| GH2;ID=3300012842.a:Ga0160481_100033_236
236	TC	null	0	CGC2	3300012842.a:Ga0160481_100033	282736	284196	3300012842.a:Ga0160481_100033_237	+	DB=gnl|TC-DB|P0CE45|2.A.2.3.1;ID=3300012842.a:Ga0160481_100033_237	DB=gnl|TC-DB|P0CE45|2.A.2.3.1;ID=3300012842.a:Ga0160481_100033_237
+++++
37	STP	1	11	CGC1	3300012842.a:Ga0160481_100016	42403	42987	3300012842.a:Ga0160481_100016_38	-	DB=STP|TetR_N;ID=3300012842.a:Ga0160481_100016_38	DB=STP|TetR_N;ID=3300012842.a:Ga0160481_100016_38
38	null	null	null	CGC1	3300012842.a:Ga0160481_100016	43070	44077	3300012842.a:Ga0160481_100016_39	-	;ID=3300012842.a:Ga0160481_100016_39
39	CAZyme	2	1	CGC1	3300012842.a:Ga0160481_100016	44143	45846	3300012842.a:Ga0160481_100016_40	-	DB=GH13_16| GH13_16;ID=3300012842.a:Ga0160481_100016_40	DB=GH13_16| GH13_16;ID=3300012842.a:Ga0160481_100016_40
40	null	null	null	CGC1	3300012842.a:Ga0160481_100016	45843	46874	3300012842.a:Ga0160481_100016_41	-	;ID=3300012842.a:Ga0160481_100016_41
41	null	null	null	CGC1	3300012842.a:Ga0160481_100016	47020	47463	3300012842.a:Ga0160481_100016_42	+	;ID=3300012842.a:Ga0160481_100016_42
42	TC	0	2	CGC1	3300012842.a:Ga0160481_100016	47648	49126	3300012842.a:Ga0160481_100016_43	+	DB=gnl|TC-DB|Q8R706|2.A.3.3.22;ID=3300012842.a:Ga0160481_100016_43	DB=gnl|TC-DB|Q8R706|2.A.3.3.22;ID=3300012842.a:Ga0160481_100016_43
43	TC	2	0	CGC1	3300012842.a:Ga0160481_100016	49488	50930	3300012842.a:Ga0160481_100016_44	+	DB=gnl|TC-DB|O59010|2.A.23.1.5;ID=3300012842.a:Ga0160481_100016_44	DB=gnl|TC-DB|O59010|2.A.23.1.5;ID=3300012842.a:Ga0160481_100016_44
44	null	null	null	CGC1	3300012842.a:Ga0160481_100016	51672	53195	3300012842.a:Ga0160481_100016_45	+	;ID=3300012842.a:Ga0160481_100016_45
45	null	null	null	CGC1	3300012842.a:Ga0160481_100016	53298	54185	3300012842.a:Ga0160481_100016_46	-	;ID=3300012842.a:Ga0160481_100016_46
46	STP	0	2	CGC1	3300012842.a:Ga0160481_100016	54400	54780	3300012842.a:Ga0160481_100016_47	+	DB=STP|STAS;ID=3300012842.a:Ga0160481_100016_47	DB=STP|STAS;ID=3300012842.a:Ga0160481_100016_47
47	TC	0	0	CGC1	3300012842.a:Ga0160481_100016	55056	56594	3300012842.a:Ga0160481_100016_48	+	DB=gnl|TC-DB|I6L8P4|2.A.66.1.33;ID=3300012842.a:Ga0160481_100016_48	DB=gnl|TC-DB|I6L8P4|2.A.66.1.33;ID=3300012842.a:Ga0160481_100016_48
48	TC	2	0	CGC1	3300012842.a:Ga0160481_100016	56727	58397	3300012842.a:Ga0160481_100016_49	-	DB=gnl|TC-DB|Q53712|3.A.1.120.3;ID=3300012842.a:Ga0160481_100016_49	DB=gnl|TC-DB|Q53712|3.A.1.120.3;ID=3300012842.a:Ga0160481_100016_49
49	null	null	null	CGC1	3300012842.a:Ga0160481_100016	58755	59711	3300012842.a:Ga0160481_100016_50	-	;ID=3300012842.a:Ga0160481_100016_50
50	null	null	null	CGC1	3300012842.a:Ga0160481_100016	59804	60064	3300012842.a:Ga0160481_100016_51	-	;ID=3300012842.a:Ga0160481_100016_51
51	TF	3	2	CGC1	3300012842.a:Ga0160481_100016	60061	60609	3300012842.a:Ga0160481_100016_52	-	DB=DBD-Pfam|MarR,DBD-SUPERFAMILY|0040586;ID=3300012842.a:Ga0160481_100016_52	DB=DBD-Pfam|MarR,DBD-SUPERFAMILY|0040586;ID=3300012842.a:Ga0160481_100016_52
+++++
169	TC	2	7	CGC2	3300012842.a:Ga0160481_100016	197221	198195	3300012842.a:Ga0160481_100016_170	+	DB=gnl|TC-DB|Q9AK99|2.A.7.3.41;ID=3300012842.a:Ga0160481_100016_170	DB=gnl|TC-DB|Q9AK99|2.A.7.3.41;ID=3300012842.a:Ga0160481_100016_170
170	null	null	null	CGC2	3300012842.a:Ga0160481_100016	198297	199313	3300012842.a:Ga0160481_100016_171	+	;ID=3300012842.a:Ga0160481_100016_171
171	null	null	null	CGC2	3300012842.a:Ga0160481_100016	199310	200110	3300012842.a:Ga0160481_100016_172	+	;ID=3300012842.a:Ga0160481_100016_172
172	CAZyme	1	2	CGC2	3300012842.a:Ga0160481_100016	200107	201324	3300012842.a:Ga0160481_100016_173	+	DB=GH3| GH3;ID=3300012842.a:Ga0160481_100016_173	DB=GH3| GH3;ID=3300012842.a:Ga0160481_100016_173
173	null	null	null	CGC2	3300012842.a:Ga0160481_100016	201328	201837	3300012842.a:Ga0160481_100016_174	-	;ID=3300012842.a:Ga0160481_100016_174
174	STP	0	1	CGC2	3300012842.a:Ga0160481_100016	201839	202417	3300012842.a:Ga0160481_100016_175	-	DB=STP|HhH-GPD;ID=3300012842.a:Ga0160481_100016_175	DB=STP|HhH-GPD;ID=3300012842.a:Ga0160481_100016_175
175	TC	0	0	CGC2	3300012842.a:Ga0160481_100016	202461	203255	3300012842.a:Ga0160481_100016_176	-	DB=gnl|TC-DB|Q9RK11|3.A.1.14.13;ID=3300012842.a:Ga0160481_100016_176	DB=gnl|TC-DB|Q9RK11|3.A.1.14.13;ID=3300012842.a:Ga0160481_100016_176
176	TC	0	0	CGC2	3300012842.a:Ga0160481_100016	203246	204394	3300012842.a:Ga0160481_100016_177	-	DB=gnl|TC-DB|Q9HQ19|3.A.1.14.9;ID=3300012842.a:Ga0160481_100016_177	DB=gnl|TC-DB|Q9HQ19|3.A.1.14.9;ID=3300012842.a:Ga0160481_100016_177
177	STP	1	0	CGC2	3300012842.a:Ga0160481_100016	204403	205545	3300012842.a:Ga0160481_100016_178	-	DB=STP|Peripla_BP_2;ID=3300012842.a:Ga0160481_100016_178	DB=STP|Peripla_BP_2;ID=3300012842.a:Ga0160481_100016_178
178	null	null	null	CGC2	3300012842.a:Ga0160481_100016	206122	206877	3300012842.a:Ga0160481_100016_179	+	;ID=3300012842.a:Ga0160481_100016_179
179	TC	0	1	CGC2	3300012842.a:Ga0160481_100016	207074	208945	3300012842.a:Ga0160481_100016_180	+	DB=gnl|TC-DB|A4QD95|3.A.1.106.4;ID=3300012842.a:Ga0160481_100016_180	DB=gnl|TC-DB|A4QD95|3.A.1.106.4;ID=3300012842.a:Ga0160481_100016_180
180	TC	0	0	CGC2	3300012842.a:Ga0160481_100016	208942	210735	3300012842.a:Ga0160481_100016_181	+	DB=gnl|TC-DB|A4QD95|3.A.1.106.4;ID=3300012842.a:Ga0160481_100016_181	DB=gnl|TC-DB|A4QD95|3.A.1.106.4;ID=3300012842.a:Ga0160481_100016_181
181	TF	0	0	CGC2	3300012842.a:Ga0160481_100016	210760	211512	3300012842.a:Ga0160481_100016_182	-	DB=DBD-Pfam|MerR,DBD-SUPERFAMILY|0042546;ID=3300012842.a:Ga0160481_100016_182	DB=DBD-Pfam|MerR,DBD-SUPERFAMILY|0042546;ID=3300012842.a:Ga0160481_100016_182
182	STP	8	0	CGC2	3300012842.a:Ga0160481_100016	211664	212176	3300012842.a:Ga0160481_100016_183	+	DB=STP|Pribosyltran;ID=3300012842.a:Ga0160481_100016_183	DB=STP|Pribosyltran;ID=3300012842.a:Ga0160481_100016_183
+++++
72	STP	0	12	CGC1	3300012842.a:Ga0160481_100007	71084	72226	3300012842.a:Ga0160481_100007_73	-	DB=STP|HATPase_c;ID=3300012842.a:Ga0160481_100007_73	DB=STP|HATPase_c;ID=3300012842.a:Ga0160481_100007_73
73	TF	1	0	CGC1	3300012842.a:Ga0160481_100007	72296	72967	3300012842.a:Ga0160481_100007_74	+	DB=DBD-Pfam|GerE;ID=3300012842.a:Ga0160481_100007_74	DB=DBD-Pfam|GerE;ID=3300012842.a:Ga0160481_100007_74
74	null	null	null	CGC1	3300012842.a:Ga0160481_100007	73167	74096	3300012842.a:Ga0160481_100007_75	-	;ID=3300012842.a:Ga0160481_100007_75
75	TC	1	1	CGC1	3300012842.a:Ga0160481_100007	74167	76518	3300012842.a:Ga0160481_100007_76	-	DB=gnl|TC-DB|M5BEH1|9.B.106.3.1;ID=3300012842.a:Ga0160481_100007_76	DB=gnl|TC-DB|M5BEH1|9.B.106.3.1;ID=3300012842.a:Ga0160481_100007_76
76	null	null	null	CGC1	3300012842.a:Ga0160481_100007	76657	78237	3300012842.a:Ga0160481_100007_77	+	;ID=3300012842.a:Ga0160481_100007_77
77	CAZyme	2	1	CGC1	3300012842.a:Ga0160481_100007	78368	79807	3300012842.a:Ga0160481_100007_78	+	DB= GT20|GT20;ID=3300012842.a:Ga0160481_100007_78	DB= GT20|GT20;ID=3300012842.a:Ga0160481_100007_78
78	null	null	null	CGC1	3300012842.a:Ga0160481_100007	79800	80669	3300012842.a:Ga0160481_100007_79	+	;ID=3300012842.a:Ga0160481_100007_79
79	null	null	null	CGC1	3300012842.a:Ga0160481_100007	80882	82372	3300012842.a:Ga0160481_100007_80	+	;ID=3300012842.a:Ga0160481_100007_80
80	TC	1	2	CGC1	3300012842.a:Ga0160481_100007	82630	83754	3300012842.a:Ga0160481_100007_81	+	DB=gnl|TC-DB|P96483|3.A.1.1.23;ID=3300012842.a:Ga0160481_100007_81	DB=gnl|TC-DB|P96483|3.A.1.1.23;ID=3300012842.a:Ga0160481_100007_81
81	null	null	null	CGC1	3300012842.a:Ga0160481_100007	83946	85235	3300012842.a:Ga0160481_100007_82	+	;ID=3300012842.a:Ga0160481_100007_82
82	TC	3	1	CGC1	3300012842.a:Ga0160481_100007	85407	86198	3300012842.a:Ga0160481_100007_83	-	DB=gnl|TC-DB|Q9NTM9|9.B.158.1.1;ID=3300012842.a:Ga0160481_100007_83	DB=gnl|TC-DB|Q9NTM9|9.B.158.1.1;ID=3300012842.a:Ga0160481_100007_83
+++++
174	STP	1	6	CGC2	3300012842.a:Ga0160481_100007	191392	192528	3300012842.a:Ga0160481_100007_175	-	DB=STP|AAA;ID=3300012842.a:Ga0160481_100007_175	DB=STP|AAA;ID=3300012842.a:Ga0160481_100007_175
175	null	null	null	CGC2	3300012842.a:Ga0160481_100007	192525	193235	3300012842.a:Ga0160481_100007_176	-	;ID=3300012842.a:Ga0160481_100007_176
176	CAZyme	0	1	CGC2	3300012842.a:Ga0160481_100007	193372	194376	3300012842.a:Ga0160481_100007_177	-	DB=GH109;ID=3300012842.a:Ga0160481_100007_177	DB=GH109;ID=3300012842.a:Ga0160481_100007_177
177	CAZyme	2	0	CGC2	3300012842.a:Ga0160481_100007	194635	198414	3300012842.a:Ga0160481_100007_178	+	DB=GH26| GH26| CBM23|CBM23;ID=3300012842.a:Ga0160481_100007_178	DB=GH26| GH26| CBM23|CBM23;ID=3300012842.a:Ga0160481_100007_178
178	null	null	null	CGC2	3300012842.a:Ga0160481_100007	198527	201241	3300012842.a:Ga0160481_100007_179	-	;ID=3300012842.a:Ga0160481_100007_179
179	null	null	null	CGC2	3300012842.a:Ga0160481_100007	201319	202170	3300012842.a:Ga0160481_100007_180	-	;ID=3300012842.a:Ga0160481_100007_180
180	TC	0	2	CGC2	3300012842.a:Ga0160481_100007	202362	203468	3300012842.a:Ga0160481_100007_181	-	DB=gnl|TC-DB|Q9F350|3.A.1.5.35;ID=3300012842.a:Ga0160481_100007_181	DB=gnl|TC-DB|Q9F350|3.A.1.5.35;ID=3300012842.a:Ga0160481_100007_181
181	TC	0	0	CGC2	3300012842.a:Ga0160481_100007	203465	204457	3300012842.a:Ga0160481_100007_182	-	DB=gnl|TC-DB|Q9X0U8|3.A.1.5.14;ID=3300012842.a:Ga0160481_100007_182	DB=gnl|TC-DB|Q9X0U8|3.A.1.5.14;ID=3300012842.a:Ga0160481_100007_182
182	TC	0	0	CGC2	3300012842.a:Ga0160481_100007	204460	205437	3300012842.a:Ga0160481_100007_183	-	DB=gnl|TC-DB|Q8U1J7|3.A.1.5.6;ID=3300012842.a:Ga0160481_100007_183	DB=gnl|TC-DB|Q8U1J7|3.A.1.5.6;ID=3300012842.a:Ga0160481_100007_183
183	TC	0	0	CGC2	3300012842.a:Ga0160481_100007	205434	206552	3300012842.a:Ga0160481_100007_184	-	DB=gnl|TC-DB|Q8CJS2|3.A.1.5.36;ID=3300012842.a:Ga0160481_100007_184	DB=gnl|TC-DB|Q8CJS2|3.A.1.5.36;ID=3300012842.a:Ga0160481_100007_184
184	TC	0	0	CGC2	3300012842.a:Ga0160481_100007	206671	208368	3300012842.a:Ga0160481_100007_185	-	DB=gnl|TC-DB|Q8U1J8|3.A.1.5.6;ID=3300012842.a:Ga0160481_100007_185	DB=gnl|TC-DB|Q8U1J8|3.A.1.5.6;ID=3300012842.a:Ga0160481_100007_185
185	CAZyme	0	0	CGC2	3300012842.a:Ga0160481_100007	208518	211085	3300012842.a:Ga0160481_100007_186	-	DB=GH3| GH3;ID=3300012842.a:Ga0160481_100007_186	DB=GH3| GH3;ID=3300012842.a:Ga0160481_100007_186
186	STP	0	0	CGC2	3300012842.a:Ga0160481_100007	211190	211885	3300012842.a:Ga0160481_100007_187	+	DB=STP|TetR_N;ID=3300012842.a:Ga0160481_100007_187	DB=STP|TetR_N;ID=3300012842.a:Ga0160481_100007_187
187	TF	1	0	CGC2	3300012842.a:Ga0160481_100007	211959	212288	3300012842.a:Ga0160481_100007_188	+	DB=DBD-Pfam|Trans_reg_C;ID=3300012842.a:Ga0160481_100007_188	DB=DBD-Pfam|Trans_reg_C;ID=3300012842.a:Ga0160481_100007_188
188	null	null	null	CGC2	3300012842.a:Ga0160481_100007	212370	213593	3300012842.a:Ga0160481_100007_189	-	;ID=3300012842.a:Ga0160481_100007_189
189	STP	2	1	CGC2	3300012842.a:Ga0160481_100007	213813	215270	3300012842.a:Ga0160481_100007_190	+	DB=STP|AAA;ID=3300012842.a:Ga0160481_100007_190	DB=STP|AAA;ID=3300012842.a:Ga0160481_100007_190
190	null	null	null	CGC2	3300012842.a:Ga0160481_100007	215296	216372	3300012842.a:Ga0160481_100007_191	+	;ID=3300012842.a:Ga0160481_100007_191
191	null	null	null	CGC2	3300012842.a:Ga0160481_100007	216455	217279	3300012842.a:Ga0160481_100007_192	-	;ID=3300012842.a:Ga0160481_100007_192
192	STP	1	2	CGC2	3300012842.a:Ga0160481_100007	217302	218255	3300012842.a:Ga0160481_100007_193	+	DB=STP|HhH-GPD;ID=3300012842.a:Ga0160481_100007_193	DB=STP|HhH-GPD;ID=3300012842.a:Ga0160481_100007_193
193	null	null	null	CGC2	3300012842.a:Ga0160481_100007	218269	218790	3300012842.a:Ga0160481_100007_194	-	;ID=3300012842.a:Ga0160481_100007_194
194	TF	1	1	CGC2	3300012842.a:Ga0160481_100007	218813	219817	3300012842.a:Ga0160481_100007_195	-	DB=DBD-Pfam|Crp,DBD-SUPERFAMILY|0038753;ID=3300012842.a:Ga0160481_100007_195	DB=DBD-Pfam|Crp,DBD-SUPERFAMILY|0038753;ID=3300012842.a:Ga0160481_100007_195
195	null	null	null	CGC2	3300012842.a:Ga0160481_100007	220073	221818	3300012842.a:Ga0160481_100007_196	+	;ID=3300012842.a:Ga0160481_100007_196
196	TC	2	1	CGC2	3300012842.a:Ga0160481_100007	221901	222647	3300012842.a:Ga0160481_100007_197	+	DB=gnl|TC-DB|D7V8E7|1.A.8.2.6;ID=3300012842.a:Ga0160481_100007_197	DB=gnl|TC-DB|D7V8E7|1.A.8.2.6;ID=3300012842.a:Ga0160481_100007_197
197	null	null	null	CGC2	3300012842.a:Ga0160481_100007	222694	224217	3300012842.a:Ga0160481_100007_198	+	;ID=3300012842.a:Ga0160481_100007_198
198	null	null	null	CGC2	3300012842.a:Ga0160481_100007	224435	228853	3300012842.a:Ga0160481_100007_199	+	;ID=3300012842.a:Ga0160481_100007_199
199	CAZyme	1	2	CGC2	3300012842.a:Ga0160481_100007	228916	229962	3300012842.a:Ga0160481_100007_200	-	DB=GH43_1| GH43_1;ID=3300012842.a:Ga0160481_100007_200	DB=GH43_1| GH43_1;ID=3300012842.a:Ga0160481_100007_200
200	null	null	null	CGC2	3300012842.a:Ga0160481_100007	230038	230877	3300012842.a:Ga0160481_100007_201	+	;ID=3300012842.a:Ga0160481_100007_201
201	CAZyme	3	1	CGC2	3300012842.a:Ga0160481_100007	230884	231927	3300012842.a:Ga0160481_100007_202	-	DB=GH109;ID=3300012842.a:Ga0160481_100007_202	DB=GH109;ID=3300012842.a:Ga0160481_100007_202
+++++
212	TC	0	3	CGC3	3300012842.a:Ga0160481_100007	244501	245511	3300012842.a:Ga0160481_100007_213	-	DB=gnl|TC-DB|Q6PML9|2.A.4.6.1;ID=3300012842.a:Ga0160481_100007_213	DB=gnl|TC-DB|Q6PML9|2.A.4.6.1;ID=3300012842.a:Ga0160481_100007_213
213	TC	1	0	CGC3	3300012842.a:Ga0160481_100007	245508	247007	3300012842.a:Ga0160481_100007_214	-	DB=gnl|TC-DB|O54193|2.A.49.7.3;ID=3300012842.a:Ga0160481_100007_214	DB=gnl|TC-DB|O54193|2.A.49.7.3;ID=3300012842.a:Ga0160481_100007_214
214	null	null	null	CGC3	3300012842.a:Ga0160481_100007	247065	247799	3300012842.a:Ga0160481_100007_215	+	;ID=3300012842.a:Ga0160481_100007_215
215	STP	1	1	CGC3	3300012842.a:Ga0160481_100007	247796	248668	3300012842.a:Ga0160481_100007_216	+	DB=STP|LysR_substrate;ID=3300012842.a:Ga0160481_100007_216	DB=STP|LysR_substrate;ID=3300012842.a:Ga0160481_100007_216
216	null	null	null	CGC3	3300012842.a:Ga0160481_100007	248683	249084	3300012842.a:Ga0160481_100007_217	-	;ID=3300012842.a:Ga0160481_100007_217
217	TF	0	1	CGC3	3300012842.a:Ga0160481_100007	249144	249500	3300012842.a:Ga0160481_100007_218	-	DB=DBD-Pfam|MerR,DBD-SUPERFAMILY|0042546;ID=3300012842.a:Ga0160481_100007_218	DB=DBD-Pfam|MerR,DBD-SUPERFAMILY|0042546;ID=3300012842.a:Ga0160481_100007_218
218	TC	0	0	CGC3	3300012842.a:Ga0160481_100007	249538	250491	3300012842.a:Ga0160481_100007_219	-	DB=gnl|TC-DB|P77735|8.A.5.1.6;ID=3300012842.a:Ga0160481_100007_219	DB=gnl|TC-DB|P77735|8.A.5.1.6;ID=3300012842.a:Ga0160481_100007_219
219	CAZyme	5	0	CGC3	3300012842.a:Ga0160481_100007	250633	253110	3300012842.a:Ga0160481_100007_220	-	DB=GT35| GT35;ID=3300012842.a:Ga0160481_100007_220	DB=GT35| GT35;ID=3300012842.a:Ga0160481_100007_220
+++++
368	TC	1	11	CGC4	3300012842.a:Ga0160481_100007	419022	420242	3300012842.a:Ga0160481_100007_369	-	DB=gnl|TC-DB|Q8ID54|3.A.25.2.1;ID=3300012842.a:Ga0160481_100007_369	DB=gnl|TC-DB|Q8ID54|3.A.25.2.1;ID=3300012842.a:Ga0160481_100007_369
369	null	null	null	CGC4	3300012842.a:Ga0160481_100007	420422	420850	3300012842.a:Ga0160481_100007_370	-	;ID=3300012842.a:Ga0160481_100007_370
370	STP	1	1	CGC4	3300012842.a:Ga0160481_100007	420930	422114	3300012842.a:Ga0160481_100007_371	-	DB=STP|Aminotran_1_2;ID=3300012842.a:Ga0160481_100007_371	DB=STP|Aminotran_1_2;ID=3300012842.a:Ga0160481_100007_371
371	null	null	null	CGC4	3300012842.a:Ga0160481_100007	422411	422929	3300012842.a:Ga0160481_100007_372	-	;ID=3300012842.a:Ga0160481_100007_372
372	CAZyme	0	1	CGC4	3300012842.a:Ga0160481_100007	423276	426200	3300012842.a:Ga0160481_100007_373	+	DB= CBM6|GH81| GH81|CBM6;ID=3300012842.a:Ga0160481_100007_373	DB= CBM6|GH81| GH81|CBM6;ID=3300012842.a:Ga0160481_100007_373
373	TF	1	0	CGC4	3300012842.a:Ga0160481_100007	426311	427294	3300012842.a:Ga0160481_100007_374	-	DB=DBD-Pfam|LacI,DBD-SUPERFAMILY|0036955;ID=3300012842.a:Ga0160481_100007_374	DB=DBD-Pfam|LacI,DBD-SUPERFAMILY|0036955;ID=3300012842.a:Ga0160481_100007_374
374	null	null	null	CGC4	3300012842.a:Ga0160481_100007	427448	430714	3300012842.a:Ga0160481_100007_375	-	;ID=3300012842.a:Ga0160481_100007_375
375	TF	7	1	CGC4	3300012842.a:Ga0160481_100007	431419	431622	3300012842.a:Ga0160481_100007_376	+	DB=DBD-Pfam|CSD;ID=3300012842.a:Ga0160481_100007_376	DB=DBD-Pfam|CSD;ID=3300012842.a:Ga0160481_100007_376
+++++
412	TC	0	10	CGC5	3300012842.a:Ga0160481_100007	471206	473572	3300012842.a:Ga0160481_100007_413	-	DB=gnl|TC-DB|I6PJK1|2.A.114.1.7;ID=3300012842.a:Ga0160481_100007_413	DB=gnl|TC-DB|I6PJK1|2.A.114.1.7;ID=3300012842.a:Ga0160481_100007_413
413	TF	0	0	CGC5	3300012842.a:Ga0160481_100007	473881	474780	3300012842.a:Ga0160481_100007_414	-	DB=DBD-Pfam|HTH_1;ID=3300012842.a:Ga0160481_100007_414	DB=DBD-Pfam|HTH_1;ID=3300012842.a:Ga0160481_100007_414
414	TC	0	0	CGC5	3300012842.a:Ga0160481_100007	474881	475747	3300012842.a:Ga0160481_100007_415	+	DB=gnl|TC-DB|P80874|8.A.5.1.4;ID=3300012842.a:Ga0160481_100007_415	DB=gnl|TC-DB|P80874|8.A.5.1.4;ID=3300012842.a:Ga0160481_100007_415
415	TC	2	0	CGC5	3300012842.a:Ga0160481_100007	475768	476703	3300012842.a:Ga0160481_100007_416	+	DB=gnl|TC-DB|P76187|8.A.5.1.7;ID=3300012842.a:Ga0160481_100007_416	DB=gnl|TC-DB|P76187|8.A.5.1.7;ID=3300012842.a:Ga0160481_100007_416
416	null	null	null	CGC5	3300012842.a:Ga0160481_100007	476952	478055	3300012842.a:Ga0160481_100007_417	+	;ID=3300012842.a:Ga0160481_100007_417
417	null	null	null	CGC5	3300012842.a:Ga0160481_100007	478112	478513	3300012842.a:Ga0160481_100007_418	-	;ID=3300012842.a:Ga0160481_100007_418
418	CAZyme	2	2	CGC5	3300012842.a:Ga0160481_100007	478629	480044	3300012842.a:Ga0160481_100007_419	-	DB= GH10|GH10|CBM2;ID=3300012842.a:Ga0160481_100007_419	DB= GH10|GH10|CBM2;ID=3300012842.a:Ga0160481_100007_419
419	null	null	null	CGC5	3300012842.a:Ga0160481_100007	480339	480761	3300012842.a:Ga0160481_100007_420	-	;ID=3300012842.a:Ga0160481_100007_420
420	null	null	null	CGC5	3300012842.a:Ga0160481_100007	480758	481666	3300012842.a:Ga0160481_100007_421	-	;ID=3300012842.a:Ga0160481_100007_421
421	TC	0	2	CGC5	3300012842.a:Ga0160481_100007	481707	482597	3300012842.a:Ga0160481_100007_422	-	DB=gnl|TC-DB|Q72H66|3.A.1.1.25;ID=3300012842.a:Ga0160481_100007_422	DB=gnl|TC-DB|Q72H66|3.A.1.1.25;ID=3300012842.a:Ga0160481_100007_422
422	TC	0	0	CGC5	3300012842.a:Ga0160481_100007	482597	483613	3300012842.a:Ga0160481_100007_423	-	DB=gnl|TC-DB|Q9FBS6|3.A.1.1.42;ID=3300012842.a:Ga0160481_100007_423	DB=gnl|TC-DB|Q9FBS6|3.A.1.1.42;ID=3300012842.a:Ga0160481_100007_423
423	STP	0	0	CGC5	3300012842.a:Ga0160481_100007	483629	484927	3300012842.a:Ga0160481_100007_424	-	DB=STP|SBP_bac_1;ID=3300012842.a:Ga0160481_100007_424	DB=STP|SBP_bac_1;ID=3300012842.a:Ga0160481_100007_424
424	TF	2	0	CGC5	3300012842.a:Ga0160481_100007	485186	486208	3300012842.a:Ga0160481_100007_425	-	DB=DBD-Pfam|LacI,DBD-SUPERFAMILY|0036955;ID=3300012842.a:Ga0160481_100007_425	DB=DBD-Pfam|LacI,DBD-SUPERFAMILY|0036955;ID=3300012842.a:Ga0160481_100007_425
425	null	null	null	CGC5	3300012842.a:Ga0160481_100007	486603	487754	3300012842.a:Ga0160481_100007_426	+	;ID=3300012842.a:Ga0160481_100007_426
426	null	null	null	CGC5	3300012842.a:Ga0160481_100007	487754	489073	3300012842.a:Ga0160481_100007_427	+	;ID=3300012842.a:Ga0160481_100007_427
427	CAZyme	0	2	CGC5	3300012842.a:Ga0160481_100007	489185	491326	3300012842.a:Ga0160481_100007_428	+	DB=GH43_36| GH43_36|CBM91|CBM13| CBM13;ID=3300012842.a:Ga0160481_100007_428	DB=GH43_36| GH43_36|CBM91|CBM13| CBM13;ID=3300012842.a:Ga0160481_100007_428
428	CAZyme	1	0	CGC5	3300012842.a:Ga0160481_100007	491439	492923	3300012842.a:Ga0160481_100007_429	+	DB= GH10|GH10|CBM13| CBM13;ID=3300012842.a:Ga0160481_100007_429	DB= GH10|GH10|CBM13| CBM13;ID=3300012842.a:Ga0160481_100007_429
429	null	null	null	CGC5	3300012842.a:Ga0160481_100007	493064	494056	3300012842.a:Ga0160481_100007_430	+	;ID=3300012842.a:Ga0160481_100007_430
430	TC	0	1	CGC5	3300012842.a:Ga0160481_100007	494097	497576	3300012842.a:Ga0160481_100007_431	-	DB=gnl|TC-DB|P0AAP1|9.B.34.1.2;ID=3300012842.a:Ga0160481_100007_431	DB=gnl|TC-DB|P0AAP1|9.B.34.1.2;ID=3300012842.a:Ga0160481_100007_431
431	TC	1	0	CGC5	3300012842.a:Ga0160481_100007	497757	498089	3300012842.a:Ga0160481_100007_432	-	DB=gnl|TC-DB|A9T501|2.A.7.26.4;ID=3300012842.a:Ga0160481_100007_432	DB=gnl|TC-DB|A9T501|2.A.7.26.4;ID=3300012842.a:Ga0160481_100007_432
432	null	null	null	CGC5	3300012842.a:Ga0160481_100007	498157	498456	3300012842.a:Ga0160481_100007_433	-	;ID=3300012842.a:Ga0160481_100007_433
433	TF	1	1	CGC5	3300012842.a:Ga0160481_100007	498533	499300	3300012842.a:Ga0160481_100007_434	-	DB=DBD-Pfam|MerR,DBD-SUPERFAMILY|0042546;ID=3300012842.a:Ga0160481_100007_434	DB=DBD-Pfam|MerR,DBD-SUPERFAMILY|0042546;ID=3300012842.a:Ga0160481_100007_434
434	null	null	null	CGC5	3300012842.a:Ga0160481_100007	499438	500301	3300012842.a:Ga0160481_100007_435	+	;ID=3300012842.a:Ga0160481_100007_435
435	TF	0	1	CGC5	3300012842.a:Ga0160481_100007	500329	500790	3300012842.a:Ga0160481_100007_436	-	DB=DBD-Pfam|MarR,DBD-SUPERFAMILY|0040517;ID=3300012842.a:Ga0160481_100007_436	DB=DBD-Pfam|MarR,DBD-SUPERFAMILY|0040517;ID=3300012842.a:Ga0160481_100007_436
436	STP	0	0	CGC5	3300012842.a:Ga0160481_100007	500852	501220	3300012842.a:Ga0160481_100007_437	+	DB=STP|Glyoxalase;ID=3300012842.a:Ga0160481_100007_437	DB=STP|Glyoxalase;ID=3300012842.a:Ga0160481_100007_437
437	TC	8	0	CGC5	3300012842.a:Ga0160481_100007	501262	502686	3300012842.a:Ga0160481_100007_438	-	DB=gnl|TC-DB|Q8XT32|2.A.66.1.36;ID=3300012842.a:Ga0160481_100007_438	DB=gnl|TC-DB|Q8XT32|2.A.66.1.36;ID=3300012842.a:Ga0160481_100007_438
+++++
446	CAZyme	1	8	CGC6	3300012842.a:Ga0160481_100007	511269	512720	3300012842.a:Ga0160481_100007_447	-	DB=GH62|CBM13| CBM13| GH62;ID=3300012842.a:Ga0160481_100007_447	DB=GH62|CBM13| CBM13| GH62;ID=3300012842.a:Ga0160481_100007_447
447	null	null	null	CGC6	3300012842.a:Ga0160481_100007	513064	513921	3300012842.a:Ga0160481_100007_448	+	;ID=3300012842.a:Ga0160481_100007_448
448	TC	0	1	CGC6	3300012842.a:Ga0160481_100007	514015	515583	3300012842.a:Ga0160481_100007_449	-	DB=gnl|TC-DB|F6EHL8|9.B.110.1.1;ID=3300012842.a:Ga0160481_100007_449	DB=gnl|TC-DB|F6EHL8|9.B.110.1.1;ID=3300012842.a:Ga0160481_100007_449
449	TC	0	0	CGC6	3300012842.a:Ga0160481_100007	515670	516602	3300012842.a:Ga0160481_100007_450	-	DB=gnl|TC-DB|Q8RME1|3.A.1.126.1;ID=3300012842.a:Ga0160481_100007_450	DB=gnl|TC-DB|Q8RME1|3.A.1.126.1;ID=3300012842.a:Ga0160481_100007_450
450	STP	0	0	CGC6	3300012842.a:Ga0160481_100007	516656	517357	3300012842.a:Ga0160481_100007_451	-	DB=STP|TetR_N;ID=3300012842.a:Ga0160481_100007_451	DB=STP|TetR_N;ID=3300012842.a:Ga0160481_100007_451
451	TF	1	0	CGC6	3300012842.a:Ga0160481_100007	517540	518214	3300012842.a:Ga0160481_100007_452	-	DB=DBD-Pfam|HTH_5,DBD-SUPERFAMILY|0044258;ID=3300012842.a:Ga0160481_100007_452	DB=DBD-Pfam|HTH_5,DBD-SUPERFAMILY|0044258;ID=3300012842.a:Ga0160481_100007_452
452	null	null	null	CGC6	3300012842.a:Ga0160481_100007	518345	518770	3300012842.a:Ga0160481_100007_453	+	;ID=3300012842.a:Ga0160481_100007_453
453	STP	0	1	CGC6	3300012842.a:Ga0160481_100007	518890	519267	3300012842.a:Ga0160481_100007_454	+	DB=STP|ArsD;ID=3300012842.a:Ga0160481_100007_454	DB=STP|ArsD;ID=3300012842.a:Ga0160481_100007_454
454	TC	5	0	CGC6	3300012842.a:Ga0160481_100007	519269	521068	3300012842.a:Ga0160481_100007_455	+	DB=gnl|TC-DB|P08690|3.A.4.1.1;ID=3300012842.a:Ga0160481_100007_455	DB=gnl|TC-DB|P08690|3.A.4.1.1;ID=3300012842.a:Ga0160481_100007_455
+++++
102	TC	0	8	CGC1	3300012842.a:Ga0160481_100091	113277	115301	3300012842.a:Ga0160481_100091_103	+	DB=gnl|TC-DB|P33116|3.A.1.111.2;ID=3300012842.a:Ga0160481_100091_103	DB=gnl|TC-DB|P33116|3.A.1.111.2;ID=3300012842.a:Ga0160481_100091_103
103	TC	2	0	CGC1	3300012842.a:Ga0160481_100091	115298	117154	3300012842.a:Ga0160481_100091_104	+	DB=gnl|TC-DB|Q2G506|3.A.1.210.11;ID=3300012842.a:Ga0160481_100091_104	DB=gnl|TC-DB|Q2G506|3.A.1.210.11;ID=3300012842.a:Ga0160481_100091_104
104	null	null	null	CGC1	3300012842.a:Ga0160481_100091	117195	117467	3300012842.a:Ga0160481_100091_105	-	;ID=3300012842.a:Ga0160481_100091_105
105	null	null	null	CGC1	3300012842.a:Ga0160481_100091	117558	118607	3300012842.a:Ga0160481_100091_106	-	;ID=3300012842.a:Ga0160481_100091_106
106	CAZyme	0	2	CGC1	3300012842.a:Ga0160481_100091	118959	120974	3300012842.a:Ga0160481_100091_107	-	DB=CE4| GH11|CBM2|GH11| CE4;ID=3300012842.a:Ga0160481_100091_107	DB=CE4| GH11|CBM2|GH11| CE4;ID=3300012842.a:Ga0160481_100091_107
107	TF	2	0	CGC1	3300012842.a:Ga0160481_100091	121374	121781	3300012842.a:Ga0160481_100091_108	+	DB=DBD-Pfam|HTH_3,DBD-SUPERFAMILY|0043707;ID=3300012842.a:Ga0160481_100091_108	DB=DBD-Pfam|HTH_3,DBD-SUPERFAMILY|0043707;ID=3300012842.a:Ga0160481_100091_108
108	null	null	null	CGC1	3300012842.a:Ga0160481_100091	122021	122620	3300012842.a:Ga0160481_100091_109	-	;ID=3300012842.a:Ga0160481_100091_109
109	null	null	null	CGC1	3300012842.a:Ga0160481_100091	122617	123234	3300012842.a:Ga0160481_100091_110	-	;ID=3300012842.a:Ga0160481_100091_110
110	STP	9	2	CGC1	3300012842.a:Ga0160481_100091	123470	123880	3300012842.a:Ga0160481_100091_111	+	DB=STP|NUDIX;ID=3300012842.a:Ga0160481_100091_111	DB=STP|NUDIX;ID=3300012842.a:Ga0160481_100091_111
+++++
