HTH_1	60	3300029391.a:Ga0243992_100018_100	312	9.4e-19	2	60	4	62	0.9666666666666667
LysR_substrate	209	3300029391.a:Ga0243992_100018_100	312	2.3e-10	46	206	135	292	0.7655502392344498
FeoA	74	3300029391.a:Ga0243992_100018_104	79	4.7e-19	1	73	4	75	0.972972972972973
HTH_3	55	3300029391.a:Ga0243992_100018_124	90	9.7e-15	3	54	18	69	0.9272727272727272
MerR	38	3300029391.a:Ga0243992_100018_125	118	2.6e-15	1	38	2	39	0.9736842105263158
HTH_1	60	3300029391.a:Ga0243992_100018_131	298	6.2e-21	1	60	6	65	0.9833333333333333
LysR_substrate	209	3300029391.a:Ga0243992_100018_131	298	2.6e-15	4	206	91	291	0.9665071770334929
AAA	132	3300029391.a:Ga0243992_100018_140	778	4.7e-23	1	127	355	492	0.9545454545454546
AAA	132	3300029391.a:Ga0243992_100018_141	413	3.8e-16	2	123	113	258	0.9166666666666666
PfkB	302	3300029391.a:Ga0243992_100018_154	494	2.4e-46	3	296	18	315	0.9701986754966887
HisKA	64	3300029391.a:Ga0243992_100018_180	526	2.4e-20	2	64	293	358	0.96875
HATPase_c	111	3300029391.a:Ga0243992_100018_180	526	7.5e-18	1	109	403	516	0.972972972972973
Response_reg	112	3300029391.a:Ga0243992_100018_181	222	2.8e-33	1	111	4	112	0.9821428571428571
Trans_reg_C	77	3300029391.a:Ga0243992_100018_181	222	5.3e-29	1	76	145	217	0.974025974025974
Peptidase_M23	96	3300029391.a:Ga0243992_100018_196	141	4.3e-05	15	72	72	138	0.59375
Nitroreductase	170	3300029391.a:Ga0243992_100018_2	223	2.4e-27	3	155	14	181	0.8941176470588236
B12-binding	121	3300029391.a:Ga0243992_100018_203	581	4.6e-11	15	120	26	130	0.8677685950413223
HTH_1	60	3300029391.a:Ga0243992_100018_209	312	4.5e-16	6	60	11	65	0.9
LysR_substrate	209	3300029391.a:Ga0243992_100018_209	312	7.6e-40	3	206	91	289	0.9712918660287081
Aminotran_1_2	363	3300029391.a:Ga0243992_100018_210	348	1.2e-08	46	324	40	313	0.7658402203856749
Hemerythrin	131	3300029391.a:Ga0243992_100018_213	188	3.1e-17	4	131	6	142	0.9694656488549618
PAS	113	3300029391.a:Ga0243992_100018_223	566	3.2e-14	2	113	117	220	0.9823008849557522
AAA	132	3300029391.a:Ga0243992_100018_223	566	9.5e-08	1	114	279	402	0.8560606060606061
Sigma70_r4	50	3300029391.a:Ga0243992_100018_223	566	1.6e-05	4	42	522	560	0.76
HxlR	91	3300029391.a:Ga0243992_100018_236	120	6.8e-25	1	89	24	113	0.967032967032967
HTH_18	81	3300029391.a:Ga0243992_100018_239	317	9.7e-21	2	77	239	313	0.9259259259259259
Nitroreductase	170	3300029391.a:Ga0243992_100018_242	250	5.7e-21	3	169	9	161	0.9764705882352941
LysR_substrate	209	3300029391.a:Ga0243992_100018_244	147	1.2e-11	68	206	5	136	0.6602870813397129
AAA	132	3300029391.a:Ga0243992_100018_247	605	1.6e-05	2	91	393	547	0.6742424242424242
MarR	59	3300029391.a:Ga0243992_100018_25	161	6.1e-11	1	57	54	111	0.9491525423728814
TetR_N	47	3300029391.a:Ga0243992_100018_251	211	9.7e-06	14	47	36	69	0.7021276595744681
MarR	59	3300029391.a:Ga0243992_100018_255	149	4.7e-10	5	58	35	89	0.8983050847457628
HD	122	3300029391.a:Ga0243992_100018_40	512	6e-09	4	81	336	405	0.6311475409836066
SBP_bac_1	315	3300029391.a:Ga0243992_100018_44	355	7.7e-19	15	312	47	287	0.9428571428571428
HATPase_c	111	3300029391.a:Ga0243992_100018_67	659	6.4e-08	5	59	24	76	0.4864864864864865
Fer4	24	3300029391.a:Ga0243992_100018_70	375	4.3e-06	1	23	190	212	0.9166666666666666
Fer4	24	3300029391.a:Ga0243992_100018_70	375	3.1e-06	2	23	220	241	0.875
Fer4	24	3300029391.a:Ga0243992_100018_86	485	1.2e-07	8	23	62	77	0.625
Aminotran_1_2	363	3300029391.a:Ga0243992_100018_89	391	5.9e-75	3	362	32	380	0.9889807162534435
TPR_1	34	3300029391.a:Ga0243992_100018_93	398	4.5e-06	1	33	83	115	0.9411764705882353
TPR_1	34	3300029391.a:Ga0243992_100018_93	398	6.1e-08	3	30	119	146	0.7941176470588235
TPR_1	34	3300029391.a:Ga0243992_100018_93	398	7.2e-05	3	30	157	184	0.7941176470588235
TPR_1	34	3300029391.a:Ga0243992_100018_93	398	3e-05	3	32	259	288	0.8529411764705882
TPR_1	34	3300029391.a:Ga0243992_100018_93	398	3.6e-08	4	33	293	322	0.8529411764705882
TPR_2	34	3300029391.a:Ga0243992_100018_93	398	3.5e-07	3	32	329	358	0.8529411764705882
SBP_bac_3	225	3300029391.a:Ga0243992_100060_1	261	5.8e-73	1	224	39	255	0.9911111111111112
SKI	158	3300029391.a:Ga0243992_100060_100	169	6.2e-39	1	155	13	162	0.9746835443037974
EPSP_synthase	417	3300029391.a:Ga0243992_100060_104	429	4.7e-95	3	416	6	415	0.9904076738609112
ACT	67	3300029391.a:Ga0243992_100060_114	220	8.2e-08	2	58	146	200	0.835820895522388
HTH_IclR	52	3300029391.a:Ga0243992_100060_118	250	3.8e-16	1	51	4	54	0.9615384615384616
IclR	129	3300029391.a:Ga0243992_100060_118	250	6.6e-36	9	128	131	246	0.9224806201550387
Aminotran_1_2	363	3300029391.a:Ga0243992_100060_120	423	2.8e-27	2	360	36	401	0.9862258953168044
GATase_2	420	3300029391.a:Ga0243992_100060_128	1521	1.2e-180	1	420	24	445	0.9976190476190476
ACT	67	3300029391.a:Ga0243992_100060_139	168	5.4e-08	6	66	9	70	0.8955223880597015
AAA	132	3300029391.a:Ga0243992_100060_142	414	8.6e-07	1	125	217	326	0.9393939393939394
PAS	113	3300029391.a:Ga0243992_100060_149	473	1.3e-12	2	113	14	114	0.9823008849557522
AAA	132	3300029391.a:Ga0243992_100060_149	473	1.4e-06	1	112	176	298	0.8409090909090909
HTH_8	42	3300029391.a:Ga0243992_100060_149	473	8.2e-15	4	42	428	466	0.9047619047619048
B12-binding	121	3300029391.a:Ga0243992_100060_15	576	3.8e-06	51	119	94	166	0.5619834710743802
GntR	64	3300029391.a:Ga0243992_100060_152	466	8.9e-14	2	60	13	71	0.90625
PTS_EIIC	324	3300029391.a:Ga0243992_100060_164	720	5.6e-93	2	324	14	360	0.9938271604938271
HTH_1	60	3300029391.a:Ga0243992_100060_170	295	1.6e-20	1	60	3	62	0.9833333333333333
LysR_substrate	209	3300029391.a:Ga0243992_100060_170	295	5.3e-41	4	206	89	289	0.9665071770334929
SBP_bac_3	225	3300029391.a:Ga0243992_100060_24	268	4.1e-67	1	225	39	260	0.9955555555555555
SBP_bac_3	225	3300029391.a:Ga0243992_100060_3	260	1.6e-72	1	224	39	254	0.9911111111111112
Aminotran_1_2	363	3300029391.a:Ga0243992_100060_42	359	7.6e-50	20	361	39	348	0.9393939393939394
Response_reg	112	3300029391.a:Ga0243992_100060_51	236	5.4e-26	1	111	4	112	0.9821428571428571
Trans_reg_C	77	3300029391.a:Ga0243992_100060_51	236	3.5e-24	2	77	156	231	0.974025974025974
HTH_1	60	3300029391.a:Ga0243992_100060_56	333	1.2e-17	1	59	3	61	0.9666666666666667
LysR_substrate	209	3300029391.a:Ga0243992_100060_56	333	1.5e-13	32	206	118	300	0.8325358851674641
Aminotran_1_2	363	3300029391.a:Ga0243992_100060_58	400	1.6e-07	72	190	85	190	0.325068870523416
PALP	294	3300029391.a:Ga0243992_100060_67	395	1.4e-45	5	294	51	375	0.9829931972789115
Glycos_trans_3N	63	3300029391.a:Ga0243992_100060_70	341	1.1e-20	1	61	3	66	0.9523809523809523
HTH_1	60	3300029391.a:Ga0243992_100060_74	307	6e-19	1	59	3	61	0.9666666666666667
LysR_substrate	209	3300029391.a:Ga0243992_100060_74	307	3.6e-14	36	204	122	298	0.8038277511961722
Fer4	24	3300029391.a:Ga0243992_100060_75	1170	1.7e-09	2	24	684	706	0.9166666666666666
Fer4	24	3300029391.a:Ga0243992_100060_75	1170	1.1e-05	3	24	739	760	0.875
Pribosyltran	159	3300029391.a:Ga0243992_100060_80	322	9.8e-22	7	143	148	276	0.8553459119496856
TrkA_C	70	3300029391.a:Ga0243992_100060_83	567	5.4e-10	2	59	491	547	0.8142857142857143
Ammonium_transp	399	3300029391.a:Ga0243992_100060_86	471	1.5e-128	1	399	36	431	0.9974937343358395
HTH_1	60	3300029391.a:Ga0243992_100060_89	298	7.3e-17	1	59	3	61	0.9666666666666667
LysR_substrate	209	3300029391.a:Ga0243992_100060_89	298	5.2e-39	3	208	88	292	0.9808612440191388
Pyr_redox	81	3300029391.a:Ga0243992_100060_90	669	6e-11	1	38	386	422	0.4567901234567901
Pyr_redox_2	292	3300029391.a:Ga0243992_100060_90	669	1e-14	104	240	476	618	0.4657534246575342
Pyr_redox_2	292	3300029391.a:Ga0243992_100060_95	643	6.9e-33	1	242	380	605	0.8253424657534246
HTH_1	60	3300029391.a:Ga0243992_100060_99	295	9.4e-19	1	59	3	61	0.9666666666666667
LysR_substrate	209	3300029391.a:Ga0243992_100060_99	295	2.9e-42	5	207	89	290	0.9665071770334929
B12-binding	121	3300029391.a:Ga0243992_100076_100	584	8.9e-22	8	120	10	123	0.9256198347107438
CBS	57	3300029391.a:Ga0243992_100076_105	450	1.6e-06	2	54	219	274	0.9122807017543859
CBS	57	3300029391.a:Ga0243992_100076_105	450	6.6e-09	6	56	286	336	0.8771929824561403
HxlR	91	3300029391.a:Ga0243992_100076_109	111	1.1e-30	1	86	23	109	0.9340659340659341
Pyr_redox_2	292	3300029391.a:Ga0243992_100076_111	310	2.1e-41	1	292	3	296	0.9965753424657534
NIR_SIR_ferr	69	3300029391.a:Ga0243992_100076_112	521	1.2e-07	5	64	49	108	0.855072463768116
NIR_SIR	159	3300029391.a:Ga0243992_100076_112	521	5.1e-21	2	156	122	272	0.9685534591194969
NIR_SIR	159	3300029391.a:Ga0243992_100076_112	521	1.8e-05	9	91	383	466	0.5157232704402516
HisKA	64	3300029391.a:Ga0243992_100076_113	492	3.7e-14	2	63	264	329	0.953125
HATPase_c	111	3300029391.a:Ga0243992_100076_113	492	7.8e-23	2	109	377	488	0.963963963963964
Response_reg	112	3300029391.a:Ga0243992_100076_114	229	1e-28	1	112	4	113	0.9910714285714286
Trans_reg_C	77	3300029391.a:Ga0243992_100076_114	229	6.5e-28	1	77	150	226	0.987012987012987
ACT	67	3300029391.a:Ga0243992_100076_120	409	3.2e-10	5	63	268	328	0.8656716417910447
ACT	67	3300029391.a:Ga0243992_100076_120	409	8.8e-08	2	64	347	401	0.9253731343283582
TetR_N	47	3300029391.a:Ga0243992_100076_131	197	6.7e-15	1	42	11	52	0.8723404255319149
Diacid_rec	134	3300029391.a:Ga0243992_100076_146	72	6.8e-19	1	64	5	68	0.4701492537313433
HD	122	3300029391.a:Ga0243992_100076_16	202	3.7e-13	1	120	22	135	0.9754098360655737
PfkB	302	3300029391.a:Ga0243992_100076_21	274	6.4e-13	171	285	122	244	0.37748344370860926
HATPase_c	111	3300029391.a:Ga0243992_100076_24	650	8.6e-12	2	108	27	181	0.954954954954955
HTH_3	55	3300029391.a:Ga0243992_100076_28	127	5.6e-16	1	53	7	59	0.9454545454545454
Trp_repressor	88	3300029391.a:Ga0243992_100076_37	108	2.2e-29	4	87	13	95	0.9431818181818182
Pyr_redox	81	3300029391.a:Ga0243992_100076_40	285	7.4e-05	1	55	3	57	0.6666666666666666
HTH_7	45	3300029391.a:Ga0243992_100076_47	50	7.6e-08	13	39	23	49	0.5777777777777777
HhH-GPD	108	3300029391.a:Ga0243992_100076_54	216	3.5e-23	1	107	36	170	0.9814814814814815
HhH-GPD	108	3300029391.a:Ga0243992_100076_61	353	1.2e-19	1	105	38	170	0.9629629629629629
Peptidase_M23	96	3300029391.a:Ga0243992_100076_8	394	6e-37	2	96	295	389	0.9791666666666666
NUDIX	131	3300029391.a:Ga0243992_100076_81	205	2e-14	5	76	24	101	0.5419847328244275
CbiA	128	3300029391.a:Ga0243992_100076_91	314	2.3e-05	8	88	110	260	0.625
TetR_N	47	3300029391.a:Ga0243992_100076_94	199	1.9e-12	1	47	9	54	0.9787234042553191
GntR	64	3300029391.a:Ga0243992_100128_102	233	1.9e-19	8	64	17	73	0.875
Aminotran_1_2	363	3300029391.a:Ga0243992_100128_109	383	9e-10	48	212	51	193	0.45179063360881544
HTH_3	55	3300029391.a:Ga0243992_100128_112	488	8.5e-06	13	46	25	58	0.6
Fer4	24	3300029391.a:Ga0243992_100128_17	170	1.7e-06	2	18	6	22	0.6666666666666666
Fer4	24	3300029391.a:Ga0243992_100128_17	170	3.6e-11	1	24	83	106	0.9583333333333334
HTH_1	60	3300029391.a:Ga0243992_100128_20	126	7.5e-11	5	59	27	86	0.9
SBP_bac_1	315	3300029391.a:Ga0243992_100128_25	282	6.2e-21	1	314	45	269	0.9936507936507937
HTH_1	60	3300029391.a:Ga0243992_100128_3	297	2.2e-18	3	59	5	61	0.9333333333333333
LysR_substrate	209	3300029391.a:Ga0243992_100128_3	297	2.3e-34	4	206	89	284	0.9665071770334929
MarR	59	3300029391.a:Ga0243992_100128_42	313	1.7e-05	11	47	14	50	0.6101694915254238
Pyr_redox_2	292	3300029391.a:Ga0243992_100128_46	423	4.7e-30	1	276	6	300	0.9417808219178082
PALP	294	3300029391.a:Ga0243992_100128_49	315	1.2e-68	3	293	10	296	0.9863945578231292
HTH_6	77	3300029391.a:Ga0243992_100128_63	260	2.1e-22	1	76	1	76	0.974025974025974
SIS	131	3300029391.a:Ga0243992_100128_63	260	1.5e-16	1	108	110	217	0.816793893129771
PTS_EIIC	324	3300029391.a:Ga0243992_100128_64	721	2.5e-69	2	323	17	352	0.9907407407407407
HTH_DeoR	57	3300029391.a:Ga0243992_100128_68	257	1.3e-19	1	56	6	61	0.9649122807017544
DeoRC	160	3300029391.a:Ga0243992_100128_68	257	3.1e-47	2	159	75	234	0.98125
AAA	132	3300029391.a:Ga0243992_100128_77	358	6.6e-11	2	121	21	144	0.9015151515151515
HTH_1	60	3300029391.a:Ga0243992_100128_79	291	1.5e-20	3	59	5	61	0.9333333333333333
LysR_substrate	209	3300029391.a:Ga0243992_100128_79	291	1.5e-30	2	205	86	289	0.9712918660287081
PALP	294	3300029391.a:Ga0243992_100128_8	403	3.4e-57	3	289	39	379	0.9727891156462585
HATPase_c	111	3300029391.a:Ga0243992_100128_85	481	8.4e-10	5	109	376	467	0.9369369369369369
Response_reg	112	3300029391.a:Ga0243992_100128_86	207	1.3e-32	1	109	3	112	0.9642857142857143
GerE	57	3300029391.a:Ga0243992_100128_86	207	5.1e-18	2	57	145	200	0.9649122807017544
HTH_1	60	3300029391.a:Ga0243992_100128_87	318	1.8e-21	3	59	5	61	0.9333333333333333
LysR_substrate	209	3300029391.a:Ga0243992_100128_87	318	5e-41	5	207	90	292	0.9665071770334929
CbiA	128	3300029391.a:Ga0243992_100128_93	279	2.4e-11	1	55	39	119	0.421875
Sigma70_r4	50	3300029391.a:Ga0243992_100128_94	122	7.6e-06	9	48	37	76	0.78
DctP	286	3300029391.a:Ga0243992_100128_96	340	5.1e-68	7	273	45	311	0.9300699300699301
HTH_5	47	3300029391.a:Ga0243992_100203_10	101	3.8e-20	1	46	25	70	0.9574468085106383
Nitroreductase	170	3300029391.a:Ga0243992_100203_11	174	5e-10	87	170	74	153	0.48823529411764705
FUR	120	3300029391.a:Ga0243992_100203_12	147	1.8e-26	2	120	12	131	0.9833333333333333
AAA	132	3300029391.a:Ga0243992_100203_2	636	3.1e-19	1	129	200	372	0.9696969696969697
SBP_bac_3	225	3300029391.a:Ga0243992_100203_20	291	3.6e-33	1	225	46	282	0.9955555555555555
TPR_1	34	3300029391.a:Ga0243992_100203_32	217	1.5e-07	12	34	60	82	0.6470588235294118
TPR_1	34	3300029391.a:Ga0243992_100203_32	217	3.2e-08	3	34	126	157	0.9117647058823529
TPR_1	34	3300029391.a:Ga0243992_100203_32	217	2.4e-06	3	30	160	187	0.7941176470588235
SIS	131	3300029391.a:Ga0243992_100203_33	186	2.9e-09	43	109	97	163	0.5038167938931297
Pyr_redox_2	292	3300029391.a:Ga0243992_100203_35	453	4.2e-34	2	292	133	430	0.9931506849315068
SIS	131	3300029391.a:Ga0243992_100203_36	305	1.2e-12	51	128	130	209	0.5877862595419847
PTS_EIIC	324	3300029391.a:Ga0243992_100203_37	460	8.2e-32	3	324	129	398	0.9907407407407407
HTH_5	47	3300029391.a:Ga0243992_100203_41	109	5.3e-09	17	46	51	80	0.6170212765957447
HTH_8	42	3300029391.a:Ga0243992_100203_44	344	2.4e-07	11	41	24	54	0.7142857142857143
Nitroreductase	170	3300029391.a:Ga0243992_100203_45	199	1.5e-19	2	170	9	177	0.9882352941176471
Fer4	24	3300029391.a:Ga0243992_100203_48	1177	8.4e-08	1	24	685	708	0.9583333333333334
Fer4	24	3300029391.a:Ga0243992_100203_48	1177	4e-05	2	24	742	764	0.9166666666666666
HD	122	3300029391.a:Ga0243992_100203_52	477	5.6e-09	27	92	277	343	0.5327868852459017
ACT	67	3300029391.a:Ga0243992_100203_59	137	8.4e-07	1	59	3	58	0.8656716417910447
HisKA	64	3300029391.a:Ga0243992_100203_61	425	1.1e-15	2	63	207	267	0.953125
HATPase_c	111	3300029391.a:Ga0243992_100203_61	425	3.3e-15	1	109	314	423	0.972972972972973
Response_reg	112	3300029391.a:Ga0243992_100203_62	226	1e-31	2	111	4	112	0.9732142857142857
Trans_reg_C	77	3300029391.a:Ga0243992_100203_62	226	3e-18	3	77	146	219	0.961038961038961
GntR	64	3300029391.a:Ga0243992_100203_69	428	8.5e-13	11	64	2	55	0.828125
Aminotran_1_2	363	3300029391.a:Ga0243992_100203_69	428	7.9e-13	44	340	109	389	0.8154269972451791
PfkB	302	3300029391.a:Ga0243992_100203_8	268	2.2e-18	149	283	91	234	0.44370860927152317
HTH_11	55	3300029391.a:Ga0243992_100203_81	181	9.4e-06	3	34	10	41	0.5636363636363636
SIS	131	3300029391.a:Ga0243992_100203_92	325	2e-30	5	130	40	168	0.9541984732824428
CBS	57	3300029391.a:Ga0243992_100203_92	325	1.2e-12	1	53	198	252	0.9122807017543859
CBS	57	3300029391.a:Ga0243992_100203_92	325	2.5e-09	2	53	266	320	0.8947368421052632
LysR_substrate	209	3300029391.a:Ga0243992_100228_14	78	2.8e-11	142	208	1	71	0.3157894736842105
HTH_1	60	3300029391.a:Ga0243992_100228_15	199	2.1e-24	2	59	4	61	0.95
LysR_substrate	209	3300029391.a:Ga0243992_100228_15	199	8.2e-18	4	103	89	188	0.47368421052631576
Fer4	24	3300029391.a:Ga0243992_100228_16	1172	1.5e-07	2	20	682	700	0.75
Fer4	24	3300029391.a:Ga0243992_100228_16	1172	6.4e-08	1	24	736	759	0.9583333333333334
HD	122	3300029391.a:Ga0243992_100228_19	735	3.6e-12	3	122	53	150	0.9754098360655737
ACT	67	3300029391.a:Ga0243992_100228_19	735	2.6e-08	4	64	658	718	0.8955223880597015
FUR	120	3300029391.a:Ga0243992_100228_23	171	6e-37	3	120	24	146	0.975
HTH_5	47	3300029391.a:Ga0243992_100228_27	104	3.1e-18	1	46	15	60	0.9574468085106383
ArsD	123	3300029391.a:Ga0243992_100228_28	151	1.9e-46	1	123	1	134	0.991869918699187
CbiA	128	3300029391.a:Ga0243992_100228_29	579	1.4e-12	3	55	16	199	0.40625
CbiA	128	3300029391.a:Ga0243992_100228_29	579	1e-09	1	45	327	374	0.34375
Pyr_redox_2	292	3300029391.a:Ga0243992_100228_31	504	3.5e-50	1	276	4	316	0.9417808219178082
Pyr_redox_2	292	3300029391.a:Ga0243992_100228_36	447	2.2e-61	1	281	4	304	0.958904109589041
NUDIX	131	3300029391.a:Ga0243992_100228_37	187	1.1e-20	6	129	51	174	0.9389312977099237
Glycos_trans_3N	63	3300029391.a:Ga0243992_100228_39	435	8.2e-24	2	63	5	66	0.9682539682539683
HD	122	3300029391.a:Ga0243992_100228_4	201	4.2e-17	2	121	39	159	0.9754098360655737
HTH_3	55	3300029391.a:Ga0243992_100228_41	98	2.7e-17	5	49	38	82	0.8
HTH_3	55	3300029391.a:Ga0243992_100228_56	220	1.3e-14	1	55	3	57	0.9818181818181818
HTH_3	55	3300029391.a:Ga0243992_100228_56	220	9.2e-05	2	55	73	126	0.9636363636363636
HTH_3	55	3300029391.a:Ga0243992_100228_57	86	1.5e-08	2	55	6	61	0.9636363636363636
AAA	132	3300029391.a:Ga0243992_100228_6	865	1.5e-14	2	112	204	320	0.8333333333333334
AAA	132	3300029391.a:Ga0243992_100228_6	865	8.1e-12	2	111	605	723	0.8257575757575758
HTH_3	55	3300029391.a:Ga0243992_100228_73	147	3.7e-16	3	55	12	64	0.9454545454545454
Fer4	24	3300029391.a:Ga0243992_100229_3	410	8.5e-06	1	18	74	91	0.7083333333333334
NUDIX	131	3300029391.a:Ga0243992_100229_50	163	5.7e-19	3	129	2	126	0.9618320610687023
HD	122	3300029391.a:Ga0243992_100229_51	252	7.9e-11	3	119	29	144	0.9508196721311475
Pribosyltran	159	3300029391.a:Ga0243992_100229_54	196	2.5e-15	6	131	40	152	0.7861635220125787
AAA	132	3300029391.a:Ga0243992_100229_56	808	1.3e-05	1	125	553	703	0.9393939393939394
PTS_EIIC	324	3300029391.a:Ga0243992_100229_89	468	1.1e-13	2	324	14	273	0.9938271604938271
Response_reg	112	3300029391.a:Ga0243992_100229_90	260	1.1e-19	1	111	5	116	0.9821428571428571
LytTR	98	3300029391.a:Ga0243992_100229_90	260	2e-28	2	96	159	256	0.9591836734693877
HTH_11	55	3300029391.a:Ga0243992_100229_91	702	5.5e-08	1	37	6	42	0.6545454545454545
Rrf2	83	3300029391.a:Ga0243992_100229_94	161	7.1e-28	1	83	1	83	0.9879518072289156
SIS	131	3300029391.a:Ga0243992_100229_99	610	1.1e-33	6	130	294	417	0.9465648854961832
SIS	131	3300029391.a:Ga0243992_100229_99	610	2.2e-20	3	130	463	591	0.9694656488549618
TPR_1	34	3300029391.a:Ga0243992_100273_22	401	4.1e-06	2	34	286	318	0.9411764705882353
TPR_2	34	3300029391.a:Ga0243992_100273_22	401	6.9e-08	2	33	320	351	0.9117647058823529
HTH_1	60	3300029391.a:Ga0243992_100273_27	284	1.5e-18	2	60	4	62	0.9666666666666667
LysR_substrate	209	3300029391.a:Ga0243992_100273_27	284	1.8e-19	8	204	90	279	0.937799043062201
MarR	59	3300029391.a:Ga0243992_100273_30	143	1.9e-11	11	57	43	89	0.7796610169491526
Aminotran_1_2	363	3300029391.a:Ga0243992_100273_36	396	1.7e-46	24	363	49	385	0.9338842975206612
Aminotran_1_2	363	3300029391.a:Ga0243992_100273_37	397	2.9e-42	21	363	44	386	0.9421487603305785
HTH_1	60	3300029391.a:Ga0243992_100273_5	294	4.4e-24	2	59	4	61	0.95
LysR_substrate	209	3300029391.a:Ga0243992_100273_5	294	6.5e-31	2	204	87	287	0.9665071770334929
HTH_1	60	3300029391.a:Ga0243992_100273_53	300	1e-22	1	59	3	61	0.9666666666666667
LysR_substrate	209	3300029391.a:Ga0243992_100273_53	300	5.7e-13	7	207	92	292	0.9569377990430622
Sigma70_r2	71	3300029391.a:Ga0243992_100273_62	237	7.2e-15	2	70	39	107	0.9577464788732394
Sigma70_r4_2	54	3300029391.a:Ga0243992_100273_62	237	4e-07	20	54	173	207	0.6296296296296297
Aminotran_1_2	363	3300029391.a:Ga0243992_100273_7	369	1.8e-48	43	348	53	347	0.8402203856749312
NUDIX	131	3300029391.a:Ga0243992_100273_71	133	8.7e-16	1	129	1	127	0.9770992366412213
AAA	132	3300029391.a:Ga0243992_100273_72	460	3.1e-07	1	116	93	224	0.8712121212121212
AAA	132	3300029391.a:Ga0243992_100273_73	811	4.3e-16	2	111	203	315	0.8257575757575758
AAA	132	3300029391.a:Ga0243992_100273_73	811	7.4e-11	2	111	539	657	0.8257575757575758
CtsR	149	3300029391.a:Ga0243992_100273_76	152	1.5e-41	3	146	4	149	0.959731543624161
HTH_1	60	3300029391.a:Ga0243992_100273_8	290	4e-18	6	60	6	60	0.9
LysR_substrate	209	3300029391.a:Ga0243992_100273_8	290	5.1e-41	3	207	86	284	0.9760765550239234
Fer4	24	3300029391.a:Ga0243992_100273_82	276	1.5e-08	2	23	198	219	0.875
Fer4	24	3300029391.a:Ga0243992_100273_82	276	1.4e-05	7	22	230	245	0.625
Diacid_rec	134	3300029391.a:Ga0243992_100273_85	285	2.9e-16	71	132	1	62	0.4552238805970149
MarR	59	3300029391.a:Ga0243992_100308_19	143	3.9e-13	4	59	33	88	0.9322033898305084
LacI	46	3300029391.a:Ga0243992_100308_21	347	7.4e-15	1	44	5	48	0.9347826086956522
Peripla_BP_3	164	3300029391.a:Ga0243992_100308_21	347	2.4e-38	1	164	173	335	0.9939024390243902
HTH_DeoR	57	3300029391.a:Ga0243992_100308_34	252	6.2e-19	1	57	6	62	0.9824561403508771
DeoRC	160	3300029391.a:Ga0243992_100308_34	252	2.3e-52	2	159	75	231	0.98125
GAF	133	3300029391.a:Ga0243992_100308_35	651	7.6e-08	7	132	77	200	0.9398496240601504
AAA	132	3300029391.a:Ga0243992_100308_35	651	1.6e-06	1	111	359	478	0.8333333333333334
HTH_1	60	3300029391.a:Ga0243992_100308_37	293	1.9e-22	2	59	4	61	0.95
LysR_substrate	209	3300029391.a:Ga0243992_100308_37	293	1.7e-19	18	204	100	285	0.8899521531100478
HTH_1	60	3300029391.a:Ga0243992_100308_4	293	2.2e-25	1	60	3	62	0.9833333333333333
LysR_substrate	209	3300029391.a:Ga0243992_100308_4	293	2.2e-36	2	205	87	286	0.9712918660287081
HTH_3	55	3300029391.a:Ga0243992_100308_42	194	2.3e-19	1	55	9	63	0.9818181818181818
Pyr_redox_2	292	3300029391.a:Ga0243992_100308_52	365	6.7e-05	3	176	4	37	0.5924657534246576
AraC_binding	136	3300029391.a:Ga0243992_100308_74	308	3.2e-13	6	117	32	151	0.8161764705882353
HTH_18	81	3300029391.a:Ga0243992_100308_74	308	6.5e-24	1	81	215	295	0.9876543209876543
Pribosyltran	159	3300029391.a:Ga0243992_100308_9	476	3.3e-07	59	124	329	389	0.4088050314465409
Nitroreductase	170	3300029391.a:Ga0243992_100345_13	168	1.5e-19	2	54	5	57	0.3058823529411765
Nitroreductase	170	3300029391.a:Ga0243992_100345_13	168	1.3e-10	89	170	68	145	0.4764705882352941
CBS	57	3300029391.a:Ga0243992_100345_22	488	2.2e-09	8	51	98	140	0.7543859649122807
CBS	57	3300029391.a:Ga0243992_100345_22	488	1e-11	1	51	150	201	0.8771929824561403
B12-binding	121	3300029391.a:Ga0243992_100345_22	488	1.1e-05	35	114	225	301	0.6528925619834711
HTH_11	55	3300029391.a:Ga0243992_100345_26	213	1.7e-14	1	55	5	57	0.9818181818181818
CBS	57	3300029391.a:Ga0243992_100345_26	213	1.3e-05	5	54	79	127	0.8596491228070176
CBS	57	3300029391.a:Ga0243992_100345_26	213	2e-07	4	53	142	202	0.8596491228070176
SBP_bac_5	377	3300029391.a:Ga0243992_100345_3	530	1.1e-92	2	374	68	447	0.986737400530504
Aminotran_1_2	363	3300029391.a:Ga0243992_100345_35	414	4.3e-34	2	363	35	406	0.9944903581267218
HTH_3	55	3300029391.a:Ga0243992_100345_37	98	4.4e-13	1	55	21	75	0.9818181818181818
LacI	46	3300029391.a:Ga0243992_100345_47	340	2.2e-16	1	46	3	48	0.9782608695652174
Peripla_BP_1	279	3300029391.a:Ga0243992_100345_47	340	2.1e-11	3	259	62	316	0.9175627240143369
NUDIX	131	3300029391.a:Ga0243992_100345_52	276	8e-16	4	122	150	259	0.9007633587786259
ACT	67	3300029391.a:Ga0243992_100345_54	430	1.8e-12	1	66	350	412	0.9701492537313433
ACT	67	3300029391.a:Ga0243992_100345_55	150	3.5e-08	2	65	73	137	0.9402985074626866
Pyr_redox_2	292	3300029391.a:Ga0243992_100345_68	636	6.5e-12	2	113	3	169	0.3801369863013699
HTH_8	42	3300029391.a:Ga0243992_100370_1	308	9.1e-08	11	41	24	54	0.7142857142857143
CbiA	128	3300029391.a:Ga0243992_100370_10	252	3.9e-17	3	127	5	225	0.96875
CbiA	128	3300029391.a:Ga0243992_100370_19	249	2.1e-15	4	127	6	224	0.9609375
LacI	46	3300029391.a:Ga0243992_100370_21	426	6.2e-06	3	23	314	334	0.43478260869565216
AAA	132	3300029391.a:Ga0243992_100370_22	627	1.2e-08	1	99	348	447	0.7424242424242424
HTH_7	45	3300029391.a:Ga0243992_100370_22	627	1.6e-06	15	39	597	621	0.5333333333333333
Fer4	24	3300029391.a:Ga0243992_100370_23	594	1.4e-07	3	24	567	588	0.875
Aminotran_1_2	363	3300029391.a:Ga0243992_100370_26	399	2.4e-48	2	357	34	381	0.977961432506887
Aminotran_1_2	363	3300029391.a:Ga0243992_100370_30	397	1.8e-08	52	295	65	277	0.6694214876033058
MerR	38	3300029391.a:Ga0243992_100370_31	274	3.7e-15	1	38	6	44	0.9736842105263158
cNMP_binding	88	3300029391.a:Ga0243992_100370_40	229	3.5e-08	2	87	28	115	0.9659090909090909
Crp	32	3300029391.a:Ga0243992_100370_40	229	5.8e-06	3	32	172	201	0.90625
PadR	75	3300029391.a:Ga0243992_100370_43	184	1.7e-17	1	72	11	82	0.9466666666666667
Rrf2	83	3300029391.a:Ga0243992_100370_46	136	2.7e-19	1	81	1	78	0.963855421686747
MarR	59	3300029391.a:Ga0243992_100375_1	145	1.1e-17	1	59	31	89	0.9830508474576272
CBS	57	3300029391.a:Ga0243992_100375_13	456	1.2e-10	6	56	294	344	0.8771929824561403
Aminotran_1_2	363	3300029391.a:Ga0243992_100375_15	387	1.6e-65	4	363	29	378	0.9889807162534435
HATPase_c	111	3300029391.a:Ga0243992_100375_16	640	4.7e-23	2	110	34	178	0.972972972972973
AAA	132	3300029391.a:Ga0243992_100375_22	506	2.9e-09	2	125	200	320	0.9318181818181818
HTH_DeoR	57	3300029391.a:Ga0243992_100375_31	254	4.1e-18	1	53	6	58	0.9122807017543859
DeoRC	160	3300029391.a:Ga0243992_100375_31	254	1.8e-41	2	158	79	232	0.975
PfkB	302	3300029391.a:Ga0243992_100375_32	302	3.8e-47	9	289	13	282	0.9271523178807947
PTS_EIIC	324	3300029391.a:Ga0243992_100375_33	648	2e-19	2	324	314	588	0.9938271604938271
PTS-HPr	82	3300029391.a:Ga0243992_100375_34	86	1.4e-27	2	81	3	82	0.9634146341463414
SBP_bac_3	225	3300029391.a:Ga0243992_100375_36	271	3.3e-64	1	224	37	255	0.9911111111111112
HxlR	91	3300029391.a:Ga0243992_100375_38	129	3.6e-25	2	88	21	108	0.945054945054945
HD	122	3300029391.a:Ga0243992_100375_4	196	6.1e-05	4	86	22	86	0.6721311475409836
Response_reg	112	3300029391.a:Ga0243992_100375_44	236	1.7e-31	1	111	6	114	0.9821428571428571
Trans_reg_C	77	3300029391.a:Ga0243992_100375_44	236	1e-26	1	77	150	227	0.987012987012987
HisKA	64	3300029391.a:Ga0243992_100375_45	387	9.7e-16	1	61	158	219	0.9375
HATPase_c	111	3300029391.a:Ga0243992_100375_45	387	3.8e-28	2	110	269	383	0.972972972972973
HMA	62	3300029391.a:Ga0243992_100375_46	892	1.3e-14	2	61	6	65	0.9516129032258065
HMA	62	3300029391.a:Ga0243992_100375_46	892	1.5e-15	1	62	828	888	0.9838709677419355
HTH_3	55	3300029391.a:Ga0243992_100375_54	284	1.5e-05	5	31	123	149	0.4727272727272727
Peptidase_M23	96	3300029391.a:Ga0243992_100375_56	327	1.1e-33	2	96	227	321	0.9791666666666666
PfkB	302	3300029391.a:Ga0243992_100375_63	315	3.9e-58	1	301	1	302	0.9933774834437086
AAA	132	3300029391.a:Ga0243992_100375_66	304	2.5e-08	1	111	18	137	0.8333333333333334
HTH_8	42	3300029391.a:Ga0243992_100375_66	304	1.3e-07	4	39	263	296	0.8333333333333334
AraC_binding	136	3300029391.a:Ga0243992_100375_7	281	1.1e-09	9	86	18	95	0.5661764705882353
HTH_18	81	3300029391.a:Ga0243992_100375_7	281	8.5e-23	1	77	195	269	0.9382716049382716
Citrate_synt	361	3300029391.a:Ga0243992_100375_9	448	7.8e-109	3	361	40	431	0.9916897506925207
T2SSE	273	3300029391.a:Ga0243992_100411_19	319	3.8e-41	128	266	114	255	0.5054945054945055
T2SSE	273	3300029391.a:Ga0243992_100411_20	350	1.7e-77	4	272	7	271	0.9816849816849816
TrkA_C	70	3300029391.a:Ga0243992_100411_22	448	4.2e-13	2	69	154	220	0.9571428571428572
TrkA_C	70	3300029391.a:Ga0243992_100411_22	448	5.9e-15	2	69	377	443	0.9571428571428572
CbiA	128	3300029391.a:Ga0243992_100411_29	277	1.1e-16	1	125	5	209	0.96875
MarR	59	3300029391.a:Ga0243992_100411_39	124	2.1e-05	9	56	17	64	0.7966101694915254
TetR_N	47	3300029391.a:Ga0243992_100411_42	200	6.8e-14	1	45	15	59	0.9361702127659575
AAA	132	3300029391.a:Ga0243992_100411_45	466	9.4e-09	1	56	55	108	0.4166666666666667
AAA	132	3300029391.a:Ga0243992_100411_45	466	1.3e-07	49	130	261	354	0.6136363636363636
AAA	132	3300029391.a:Ga0243992_100432_16	335	1.9e-20	1	130	56	179	0.9772727272727273
HTH_11	55	3300029391.a:Ga0243992_100432_2	172	5.9e-16	1	55	6	59	0.9818181818181818
AraC_binding	136	3300029391.a:Ga0243992_100432_32	140	1.7e-05	18	78	58	119	0.4411764705882353
HTH_1	60	3300029391.a:Ga0243992_100432_35	302	2.3e-24	1	59	3	61	0.9666666666666667
LysR_substrate	209	3300029391.a:Ga0243992_100432_35	302	5e-21	4	207	89	292	0.9712918660287081
HTH_3	55	3300029391.a:Ga0243992_100432_36	97	2.6e-07	20	55	49	84	0.6363636363636364
HTH_1	60	3300029391.a:Ga0243992_100432_5	308	1.4e-19	3	60	5	62	0.95
LysR_substrate	209	3300029391.a:Ga0243992_100432_5	308	2.5e-24	6	198	90	280	0.9186602870813397
HD	122	3300029391.a:Ga0243992_100432_62	164	1.3e-07	1	92	21	111	0.7459016393442623
HTH_11	55	3300029391.a:Ga0243992_100437_12	642	2.3e-15	1	55	6	64	0.9818181818181818
Mga	87	3300029391.a:Ga0243992_100437_12	642	3.6e-08	25	86	105	169	0.7011494252873564
HTH_1	60	3300029391.a:Ga0243992_100437_14	295	6e-17	3	60	5	62	0.95
LysR_substrate	209	3300029391.a:Ga0243992_100437_14	295	2.4e-41	3	205	88	284	0.9665071770334929
Glyoxalase	128	3300029391.a:Ga0243992_100437_20	122	8.9e-13	2	128	5	116	0.984375
FUR	120	3300029391.a:Ga0243992_100437_25	137	1.7e-31	1	118	9	124	0.975
HTH_1	60	3300029391.a:Ga0243992_100437_46	296	2.7e-22	2	60	4	62	0.9666666666666667
LysR_substrate	209	3300029391.a:Ga0243992_100437_46	296	1.5e-34	4	208	88	294	0.9760765550239234
Arg_repressor	70	3300029391.a:Ga0243992_100437_51	152	2.5e-26	3	69	2	68	0.9428571428571428
HTH_7	45	3300029391.a:Ga0243992_100437_73	77	7.3e-08	13	39	23	49	0.5777777777777777
Sigma70_r4_2	54	3300029391.a:Ga0243992_100442_13	326	5.5e-06	21	52	19	50	0.5740740740740741
GntR	64	3300029391.a:Ga0243992_100442_16	241	6.4e-11	7	63	12	66	0.875
SIS	131	3300029391.a:Ga0243992_100442_18	186	2.6e-11	52	110	106	164	0.44274809160305345
SBP_bac_1	315	3300029391.a:Ga0243992_100442_23	294	5.2e-07	12	313	54	272	0.9555555555555556
PAS	113	3300029391.a:Ga0243992_100442_24	567	6.3e-05	2	51	238	288	0.4336283185840708
HisKA	64	3300029391.a:Ga0243992_100442_24	567	3.4e-16	2	64	346	412	0.96875
HATPase_c	111	3300029391.a:Ga0243992_100442_24	567	1e-30	2	108	457	565	0.954954954954955
Response_reg	112	3300029391.a:Ga0243992_100442_25	228	2.9e-26	1	112	4	116	0.9910714285714286
Trans_reg_C	77	3300029391.a:Ga0243992_100442_25	228	8.9e-27	1	76	150	222	0.974025974025974
Glycos_trans_3N	63	3300029391.a:Ga0243992_100442_30	355	7.4e-17	2	62	4	64	0.9523809523809523
HTH_11	55	3300029391.a:Ga0243992_100442_44	325	3.4e-18	3	54	5	57	0.9272727272727272
AAA	132	3300029391.a:Ga0243992_100442_45	692	1e-47	1	131	190	322	0.9848484848484849
Pribosyltran	159	3300029391.a:Ga0243992_100442_46	180	3e-29	4	158	8	159	0.9685534591194969
GntR	64	3300029391.a:Ga0243992_100442_5	246	2.3e-21	2	64	22	83	0.96875
cNMP_binding	88	3300029391.a:Ga0243992_100442_53	220	5.5e-14	2	77	34	111	0.8522727272727273
Fe_dep_repress	60	3300029391.a:Ga0243992_100442_53	220	2.5e-05	25	57	182	214	0.5333333333333333
Fer4	24	3300029391.a:Ga0243992_100442_54	230	1.2e-07	1	23	6	28	0.9166666666666666
Fer4	24	3300029391.a:Ga0243992_100442_54	230	7.3e-05	6	24	41	59	0.75
MarR	59	3300029391.a:Ga0243992_100442_55	147	8.1e-10	7	57	7	57	0.847457627118644
AsnC_trans_reg	75	3300029391.a:Ga0243992_100442_55	147	3.1e-20	1	75	67	139	0.9866666666666667
FeS	33	3300029391.a:Ga0243992_100442_57	285	8.3e-12	1	33	47	80	0.9696969696969697
Fer4	24	3300029391.a:Ga0243992_100442_57	285	3.1e-09	1	24	168	191	0.9583333333333334
Fer4	24	3300029391.a:Ga0243992_100442_62	452	2.2e-06	7	21	366	380	0.5833333333333334
CbiA	128	3300029391.a:Ga0243992_100442_63	536	4.8e-05	8	68	13	286	0.46875
NUDIX	131	3300029391.a:Ga0243992_100458_10	152	8.5e-17	8	122	16	123	0.8702290076335878
PfkB	302	3300029391.a:Ga0243992_100458_11	280	3.2e-11	153	292	109	253	0.4602649006622517
Fer4	24	3300029391.a:Ga0243992_100458_27	62	1.6e-06	4	20	5	21	0.6666666666666666
HMA	62	3300029391.a:Ga0243992_100458_28	91	3e-15	2	62	20	79	0.967741935483871
HxlR	91	3300029391.a:Ga0243992_100458_32	109	2e-32	3	88	21	107	0.9340659340659341
Nitroreductase	170	3300029391.a:Ga0243992_100458_45	177	1.1e-24	2	170	9	156	0.9882352941176471
HD	122	3300029391.a:Ga0243992_100458_46	222	1.1e-11	3	117	37	135	0.9344262295081968
PfkB	302	3300029391.a:Ga0243992_100458_52	310	2.6e-53	8	295	12	289	0.9503311258278145
HTH_11	55	3300029391.a:Ga0243992_100458_57	642	7.7e-14	1	54	5	62	0.9636363636363636
Mga	87	3300029391.a:Ga0243992_100458_57	642	1.5e-12	26	86	103	166	0.6896551724137931
MerR	38	3300029391.a:Ga0243992_100458_63	145	6.2e-09	2	38	11	47	0.9473684210526315
Peripla_BP_2	238	3300029391.a:Ga0243992_100458_69	318	6.6e-39	1	237	54	288	0.9915966386554622
AAA	132	3300029391.a:Ga0243992_100458_7	329	9.5e-10	1	125	32	159	0.9393939393939394
Aminotran_1_2	363	3300029391.a:Ga0243992_100458_9	489	9.7e-12	48	192	70	201	0.39669421487603307
AAA	132	3300029391.a:Ga0243992_100498_11	440	7.6e-19	1	127	58	166	0.9545454545454546
HD	122	3300029391.a:Ga0243992_100498_2	513	1.2e-20	2	121	329	420	0.9754098360655737
Sigma70_r2	71	3300029391.a:Ga0243992_100498_24	212	2.5e-18	1	69	39	107	0.9577464788732394
Sigma70_r4	50	3300029391.a:Ga0243992_100498_24	212	5.5e-10	1	49	151	199	0.96
EPSP_synthase	417	3300029391.a:Ga0243992_100498_33	425	4.1e-110	2	417	7	407	0.9952038369304557
ACT	67	3300029391.a:Ga0243992_100498_37	531	5e-05	8	48	461	500	0.5970149253731343
Pribosyltran	159	3300029391.a:Ga0243992_100498_45	179	2.7e-25	7	140	10	147	0.8364779874213837
Fer4	24	3300029391.a:Ga0243992_100498_48	55	9.2e-11	3	24	3	24	0.875
Fer4	24	3300029391.a:Ga0243992_100498_48	55	1.4e-11	2	24	30	52	0.9166666666666666
Response_reg	112	3300029391.a:Ga0243992_100498_49	227	9.3e-30	1	112	7	116	0.9910714285714286
Trans_reg_C	77	3300029391.a:Ga0243992_100498_49	227	5.5e-26	3	76	152	223	0.948051948051948
HisKA	64	3300029391.a:Ga0243992_100498_50	493	5.1e-16	2	64	254	320	0.96875
HATPase_c	111	3300029391.a:Ga0243992_100498_50	493	6.2e-23	4	110	366	474	0.954954954954955
SBP_bac_1	315	3300029391.a:Ga0243992_100498_7	348	3.2e-05	15	314	58	288	0.9492063492063492
HTH_3	55	3300029391.a:Ga0243992_100498_9	134	1.1e-07	1	33	10	43	0.5818181818181818
Aminotran_1_2	363	3300029391.a:Ga0243992_100500_12	281	1.1e-35	93	352	6	253	0.7134986225895317
CbiA	128	3300029391.a:Ga0243992_100500_16	510	2e-21	2	115	6	228	0.8828125
Rrf2	83	3300029391.a:Ga0243992_100500_26	146	2.8e-20	1	82	1	79	0.9759036144578314
B12-binding_2	75	3300029391.a:Ga0243992_100500_30	824	7.3e-18	5	75	621	691	0.9333333333333333
B12-binding	121	3300029391.a:Ga0243992_100500_30	824	5.3e-24	2	116	705	811	0.9421487603305785
FeoA	74	3300029391.a:Ga0243992_100500_32	798	2.8e-14	2	73	6	76	0.9594594594594594
Sigma70_r2	71	3300029391.a:Ga0243992_100500_38	417	5e-24	3	70	186	253	0.9436619718309859
Sigma70_r3	78	3300029391.a:Ga0243992_100500_38	417	8.6e-32	1	77	263	339	0.9743589743589743
Sigma70_r4	50	3300029391.a:Ga0243992_100500_38	417	3e-21	3	50	354	405	0.94
Fer4	24	3300029391.a:Ga0243992_100500_4	253	4.6e-08	2	23	177	198	0.875
HTH_6	77	3300029391.a:Ga0243992_100500_50	286	2.4e-20	6	76	11	81	0.9090909090909091
SIS	131	3300029391.a:Ga0243992_100500_50	286	1.6e-19	2	103	130	230	0.7709923664122137
PALP	294	3300029391.a:Ga0243992_100667_10	501	1.3e-15	31	293	104	425	0.891156462585034
Sigma70_r4_2	54	3300029391.a:Ga0243992_100667_36	201	6.4e-06	2	54	137	189	0.9629629629629629
Ada_Zn_binding	65	3300029391.a:Ga0243992_100667_40	73	4.7e-08	15	64	22	72	0.7538461538461538
HTH_IclR	52	3300029391.a:Ga0243992_100667_6	445	1.2e-05	8	51	389	431	0.8269230769230769
SBP_bac_1	315	3300029391.a:Ga0243992_100848_13	346	5.2e-14	4	315	44	283	0.9873015873015873
PALP	294	3300029391.a:Ga0243992_100848_14	313	5.8e-69	2	293	9	296	0.9897959183673469
MarR	59	3300029391.a:Ga0243992_100848_27	151	1.2e-14	1	57	30	86	0.9491525423728814
NIR_SIR_ferr	69	3300029391.a:Ga0243992_100848_3	326	4.9e-18	8	67	21	80	0.855072463768116
NIR_SIR	159	3300029391.a:Ga0243992_100848_3	326	1e-27	3	154	100	301	0.949685534591195
CbiA	128	3300029391.a:Ga0243992_100848_33	471	1.5e-12	1	120	7	191	0.9296875
Fer4	24	3300029391.a:Ga0243992_100848_5	339	2.2e-05	7	20	222	235	0.5416666666666666
Fer4	24	3300029391.a:Ga0243992_100848_8	105	8.6e-10	2	19	4	21	0.7083333333333334
Fer4	24	3300029391.a:Ga0243992_100848_8	105	7.4e-06	5	24	38	57	0.7916666666666666
Pyr_redox_2	292	3300029391.a:Ga0243992_100848_9	566	1.7e-07	2	117	12	203	0.3938356164383562
GntR	64	3300029391.a:Ga0243992_100875_11	467	3.3e-16	1	64	12	75	0.984375
Aminotran_1_2	363	3300029391.a:Ga0243992_100875_11	467	3.8e-14	29	332	129	421	0.8347107438016529
Fer4	24	3300029391.a:Ga0243992_100875_14	78	6.5e-08	2	23	14	35	0.875
Fer4	24	3300029391.a:Ga0243992_100875_14	78	5.5e-06	2	18	48	64	0.6666666666666666
Pribosyltran	159	3300029391.a:Ga0243992_100875_16	192	5.4e-10	12	125	32	156	0.710691823899371
PALP	294	3300029391.a:Ga0243992_100875_24	338	8.4e-45	6	294	14	311	0.9795918367346939
Nitro_FeMo-Co	95	3300029391.a:Ga0243992_100875_29	132	1.5e-22	3	94	11	97	0.9578947368421052
CbiA	128	3300029391.a:Ga0243992_100875_32	223	9.8e-12	2	125	6	216	0.9609375
Rrf2	83	3300029391.a:Ga0243992_100875_4	147	1.6e-23	1	83	1	82	0.9879518072289156
ACT	67	3300029391.a:Ga0243992_101177_2	91	3.1e-10	2	64	4	66	0.9253731343283582
SKI	158	3300029391.a:Ga0243992_101177_21	187	5.9e-36	1	157	12	168	0.9873417721518988
HEM4	232	3300029391.a:Ga0243992_101177_28	507	4e-67	3	231	268	495	0.9827586206896551
LysR_substrate	209	3300029391.a:Ga0243992_101177_29	312	4.1e-05	25	114	132	225	0.4258373205741627
Sigma70_r4	50	3300029391.a:Ga0243992_101205_13	110	5.9e-11	5	35	19	49	0.6
CbiA	128	3300029391.a:Ga0243992_101205_14	451	1.2e-07	9	87	111	253	0.609375
Aminotran_1_2	363	3300029391.a:Ga0243992_101205_2	396	2.7e-50	2	358	34	382	0.9807162534435262
HTH_1	60	3300029391.a:Ga0243992_101205_26	294	4.2e-15	4	60	6	64	0.9333333333333333
LysR_substrate	209	3300029391.a:Ga0243992_101205_26	294	2.9e-06	36	189	118	266	0.7320574162679426
HTH_1	60	3300029391.a:Ga0243992_101394_11	286	1.5e-21	2	60	5	63	0.9666666666666667
LysR_substrate	209	3300029391.a:Ga0243992_101394_11	286	1.1e-08	36	194	118	269	0.7559808612440191
TetR_N	47	3300029391.a:Ga0243992_101394_17	201	2e-06	11	47	28	64	0.7659574468085106
HxlR	91	3300029391.a:Ga0243992_101394_23	120	7.3e-28	1	89	25	116	0.967032967032967
HTH_IclR	52	3300029391.a:Ga0243992_101557_10	250	4.4e-18	1	51	13	63	0.9615384615384616
IclR	129	3300029391.a:Ga0243992_101557_10	250	2.4e-23	4	128	130	241	0.9612403100775194
AAA	132	3300029391.a:Ga0243992_101557_5	655	9.6e-16	2	127	42	173	0.946969696969697
Aminotran_1_2	363	3300029391.a:Ga0243992_101864_1	429	9.5e-08	44	235	64	224	0.5261707988980716
Aminotran_1_2	363	3300029391.a:Ga0243992_101864_15	418	3.9e-32	2	363	37	406	0.9944903581267218
Pribosyltran	159	3300029391.a:Ga0243992_101864_3	208	4.9e-13	23	135	66	170	0.7044025157232704
Pkinase	264	3300029391.a:Ga0243992_102004_10	631	2.8e-51	13	253	2	235	0.9090909090909091
NTP_transf_2	95	3300029391.a:Ga0243992_102004_16	102	5.4e-13	2	89	12	93	0.9157894736842105
SpoIIE	193	3300029391.a:Ga0243992_102004_9	236	3e-06	68	156	110	203	0.45595854922279794
PALP	294	3300029391.a:Ga0243992_102095_13	407	6.9e-85	4	294	21	308	0.9863945578231292
ACT	67	3300029391.a:Ga0243992_102095_13	407	6.2e-06	7	60	337	394	0.7910447761194029
SBP_bac_5	377	3300029391.a:Ga0243992_102095_6	518	8e-69	1	363	81	425	0.9602122015915119
CBS	57	3300029391.a:Ga0243992_102095_8	182	1.1e-14	1	52	34	85	0.8947368421052632
CBS	57	3300029391.a:Ga0243992_102095_8	182	5.5e-09	2	52	124	173	0.8771929824561403
CBS	57	3300029391.a:Ga0243992_102095_9	157	1.9e-15	1	53	6	58	0.9122807017543859
CBS	57	3300029391.a:Ga0243992_102095_9	157	2.8e-12	1	55	96	149	0.9473684210526315
Aminotran_1_2	363	3300029391.a:Ga0243992_102128_8	412	1.6e-34	57	363	90	396	0.8429752066115702
LacI	46	3300029391.a:Ga0243992_102163_14	339	1.5e-20	1	46	3	51	0.9782608695652174
Peripla_BP_3	164	3300029391.a:Ga0243992_102163_14	339	1.4e-26	2	164	173	335	0.9878048780487805
Response_reg	112	3300029391.a:Ga0243992_102163_3	234	1.3e-27	1	112	4	113	0.9910714285714286
Trans_reg_C	77	3300029391.a:Ga0243992_102163_3	234	1e-29	1	77	154	230	0.987012987012987
HisKA	64	3300029391.a:Ga0243992_102163_4	500	3e-12	2	63	264	329	0.953125
HATPase_c	111	3300029391.a:Ga0243992_102163_4	500	2.2e-22	2	109	377	487	0.963963963963964
Aminotran_1_2	363	3300029391.a:Ga0243992_102163_8	381	1.6e-07	72	223	69	203	0.41597796143250687
Response_reg	112	3300029391.a:Ga0243992_103104_4	197	5.2e-27	1	111	5	114	0.9821428571428571
ANTAR	54	3300029391.a:Ga0243992_103104_4	197	1.1e-21	2	54	133	185	0.9629629629629629
HATPase_c	111	3300029391.a:Ga0243992_103104_5	471	1.6e-10	4	110	370	466	0.954954954954955
Fer4	24	3300029391.a:Ga0243992_103407_3	335	6.3e-05	2	14	5	17	0.5
PfkB	302	3300029391.a:Ga0243992_103667_2	315	1.7e-57	1	301	1	302	0.9933774834437086
GntR	64	3300029391.a:Ga0243992_103667_4	232	2.2e-18	5	64	19	77	0.921875
LacI	46	3300029391.a:Ga0243992_103667_5	332	2.5e-22	1	46	4	49	0.9782608695652174
Peripla_BP_3	164	3300029391.a:Ga0243992_103667_5	332	8.6e-21	1	163	172	328	0.9878048780487805
cNMP_binding	88	3300029391.a:Ga0243992_104437_1	220	1.5e-10	2	87	34	121	0.9659090909090909
Crp	32	3300029391.a:Ga0243992_104437_1	220	6.4e-06	1	32	178	209	0.96875
LexA_DNA_bind	65	3300029391.a:Ga0243992_104437_2	206	3.1e-24	2	65	6	69	0.9692307692307692
GntR	64	3300029391.a:Ga0243992_104437_7	220	8.8e-18	3	64	9	69	0.953125
