LexA_DNA_bind	65	3300029373.a:Ga0243914_100075_113	223	5.8e-25	2	64	10	72	0.9538461538461539
GerE	57	3300029373.a:Ga0243914_100075_53	468	8.4e-17	3	55	407	459	0.9122807017543859
Rrf2	83	3300029373.a:Ga0243914_100075_54	144	2.1e-26	1	82	1	82	0.9759036144578314
HTH_1	60	3300029373.a:Ga0243914_100075_65	307	1.4e-17	8	60	11	63	0.8666666666666667
GerE	57	3300029373.a:Ga0243914_100075_83	220	3.2e-05	3	41	117	156	0.6666666666666666
GntR	64	3300029373.a:Ga0243914_100075_87	485	1.5e-16	2	63	15	76	0.953125
Trans_reg_C	77	3300029373.a:Ga0243914_100075_91	237	2.7e-21	1	77	157	232	0.987012987012987
HTH_5	47	3300029373.a:Ga0243914_100075_99	127	1.1e-16	1	46	51	96	0.9574468085106383
GerE	57	3300029373.a:Ga0243914_100091_1	404	2.3e-17	2	57	337	392	0.9649122807017544
Trans_reg_C	77	3300029373.a:Ga0243914_100091_6	163	3.5e-26	1	77	81	157	0.987012987012987
HTH_1	60	3300029373.a:Ga0243914_100091_69	334	2.4e-22	1	59	16	74	0.9666666666666667
HTH_1	60	3300029373.a:Ga0243914_100091_71	299	9.8e-22	1	60	3	62	0.9833333333333333
GerE	57	3300029373.a:Ga0243914_100091_82	232	1e-21	3	56	167	220	0.9298245614035088
HTH_DeoR	57	3300029373.a:Ga0243914_100091_97	337	9.1e-05	4	48	13	59	0.7719298245614035
GerE	57	3300029373.a:Ga0243914_100175_17	540	4.8e-18	3	53	478	528	0.8771929824561403
Trans_reg_C	77	3300029373.a:Ga0243914_100175_86	225	3.1e-27	1	76	148	221	0.974025974025974
HTH_1	60	3300029373.a:Ga0243914_100175_96	305	1.3e-17	4	60	5	61	0.9333333333333333
GerE	57	3300029373.a:Ga0243914_100240_14	512	3.1e-14	3	56	452	505	0.9298245614035088
GntR	64	3300029373.a:Ga0243914_100240_34	127	3.3e-18	2	64	14	76	0.96875
GerE	57	3300029373.a:Ga0243914_100240_35	490	2.1e-14	2	54	417	469	0.9122807017543859
Arg_repressor	70	3300029373.a:Ga0243914_100240_78	143	1e-21	2	69	3	66	0.9571428571428572
HTH_1	60	3300029373.a:Ga0243914_100240_87	291	7.2e-21	1	60	4	63	0.9833333333333333
Trans_reg_C	77	3300029373.a:Ga0243914_100240_9	240	1.8e-25	3	77	158	233	0.961038961038961
GntR	64	3300029373.a:Ga0243914_100262_21	119	2.5e-14	5	64	5	64	0.921875
HTH_3	55	3300029373.a:Ga0243914_100269_34	530	6.3e-08	13	55	29	69	0.7636363636363637
GntR	64	3300029373.a:Ga0243914_100269_44	132	3.6e-15	6	64	22	80	0.90625
HTH_3	55	3300029373.a:Ga0243914_100269_55	220	1.8e-08	1	53	9	62	0.9454545454545454
HTH_3	55	3300029373.a:Ga0243914_100287_14	136	2.1e-06	3	53	8	58	0.9090909090909091
HTH_8	42	3300029373.a:Ga0243914_100287_49	81	2.3e-06	8	41	5	38	0.7857142857142857
GerE	57	3300029373.a:Ga0243914_100306_62	369	1.2e-16	3	55	306	358	0.9122807017543859
GerE	57	3300029373.a:Ga0243914_100320_15	522	9.4e-21	3	56	462	515	0.9298245614035088
HTH_3	55	3300029373.a:Ga0243914_100320_21	275	1e-18	3	53	9	59	0.9090909090909091
MarR	59	3300029373.a:Ga0243914_100320_40	156	2.2e-08	6	50	37	81	0.7457627118644068
MarR	59	3300029373.a:Ga0243914_100320_49	592	8.9e-05	1	48	3	50	0.7966101694915254
Trp_repressor	88	3300029373.a:Ga0243914_100402_1	97	5e-24	3	86	9	91	0.9431818181818182
FUR	120	3300029373.a:Ga0243914_100402_29	134	2.4e-23	5	96	4	95	0.7583333333333333
HTH_1	60	3300029373.a:Ga0243914_100402_4	115	4.9e-13	10	59	35	85	0.8166666666666667
GerE	57	3300029373.a:Ga0243914_100402_55	212	6.2e-13	2	57	139	194	0.9649122807017544
HTH_5	47	3300029373.a:Ga0243914_100436_22	269	2.2e-08	7	46	208	248	0.8297872340425532
GerE	57	3300029373.a:Ga0243914_100436_6	466	1.9e-14	2	56	405	459	0.9473684210526315
GerE	57	3300029373.a:Ga0243914_100450_18	494	4.9e-16	3	56	420	473	0.9298245614035088
HTH_DeoR	57	3300029373.a:Ga0243914_100450_9	442	1.9e-05	1	51	384	434	0.8771929824561403
GerE	57	3300029373.a:Ga0243914_100524_29	322	5.1e-15	3	54	263	314	0.8947368421052632
GerE	57	3300029373.a:Ga0243914_100524_9	612	2.4e-14	3	56	550	603	0.9298245614035088
Trans_reg_C	77	3300029373.a:Ga0243914_100546_13	238	7.3e-30	1	77	158	235	0.987012987012987
Trans_reg_C	77	3300029373.a:Ga0243914_100546_19	230	2.2e-30	3	77	153	227	0.961038961038961
GntR	64	3300029373.a:Ga0243914_100546_2	97	2.7e-05	23	57	35	68	0.53125
GerE	57	3300029373.a:Ga0243914_100546_32	520	2e-11	3	56	449	502	0.9298245614035088
MerR	38	3300029373.a:Ga0243914_100546_34	126	6.1e-15	2	38	11	46	0.9473684210526315
GerE	57	3300029373.a:Ga0243914_100546_39	517	1.9e-16	2	56	455	509	0.9473684210526315
HTH_Mga	60	3300029373.a:Ga0243914_100563_19	277	2.8e-05	23	60	205	240	0.6166666666666667
MerR	38	3300029373.a:Ga0243914_100563_42	147	2.6e-15	1	38	3	39	0.9736842105263158
Trans_reg_C	77	3300029373.a:Ga0243914_100563_45	225	2.3e-20	3	77	147	220	0.961038961038961
DUF24	91	3300029373.a:Ga0243914_100564_2	119	1.3e-35	2	88	19	105	0.945054945054945
HTH_11	55	3300029373.a:Ga0243914_100564_23	86	1.9e-06	17	46	36	66	0.5272727272727272
GerE	57	3300029373.a:Ga0243914_100564_29	507	1.4e-17	3	54	451	502	0.8947368421052632
GerE	57	3300029373.a:Ga0243914_100564_5	477	1.4e-13	3	56	418	471	0.9298245614035088
MerR	38	3300029373.a:Ga0243914_100585_39	280	2.5e-13	1	38	7	45	0.9736842105263158
HTH_3	55	3300029373.a:Ga0243914_100585_43	162	4.7e-12	6	52	17	63	0.8363636363636363
MerR	38	3300029373.a:Ga0243914_100585_6	55	3.5e-11	1	28	3	30	0.7105263157894737
MarR	59	3300029373.a:Ga0243914_100619_2	242	4.7e-09	18	59	53	94	0.6949152542372882
Rrf2	83	3300029373.a:Ga0243914_100619_7	136	3.8e-20	1	83	1	82	0.9879518072289156
Fe_dep_repress	60	3300029373.a:Ga0243914_100649_3	145	2.4e-13	2	53	18	70	0.85
GerE	57	3300029373.a:Ga0243914_100716_16	518	9.5e-19	3	56	457	510	0.9298245614035088
PspC	53	3300029373.a:Ga0243914_100716_23	254	1.1e-16	1	52	5	61	0.9622641509433962
PspC	53	3300029373.a:Ga0243914_100716_24	145	1.6e-18	3	52	88	143	0.9245283018867925
Trans_reg_C	77	3300029373.a:Ga0243914_100716_30	235	5.9e-28	1	77	152	228	0.987012987012987
GerE	57	3300029373.a:Ga0243914_100841_11	515	2e-19	3	56	453	506	0.9298245614035088
CSD	66	3300029373.a:Ga0243914_100841_15	68	1.7e-29	2	65	3	66	0.9545454545454546
Trans_reg_C	77	3300029373.a:Ga0243914_100841_6	238	2.2e-27	1	77	157	233	0.987012987012987
GerE	57	3300029373.a:Ga0243914_100841_7	502	1e-14	3	56	444	497	0.9298245614035088
GerE	57	3300029373.a:Ga0243914_100971_26	476	9.2e-16	2	55	414	467	0.9298245614035088
MarR	59	3300029373.a:Ga0243914_100991_29	152	4.7e-11	1	59	40	98	0.9830508474576272
GntR	64	3300029373.a:Ga0243914_100991_8	524	2.4e-18	1	64	12	75	0.984375
HTH_1	60	3300029373.a:Ga0243914_101014_17	325	1.9e-22	3	60	5	62	0.95
HTH_1	60	3300029373.a:Ga0243914_101014_23	309	1.8e-22	1	59	4	62	0.9666666666666667
GerE	57	3300029373.a:Ga0243914_101067_16	546	5.2e-20	3	56	485	538	0.9298245614035088
GerE	57	3300029373.a:Ga0243914_101067_21	529	7.7e-14	3	56	471	524	0.9298245614035088
HTH_11	55	3300029373.a:Ga0243914_101067_27	488	1.6e-05	11	38	12	40	0.4909090909090909
HTH_3	55	3300029373.a:Ga0243914_101067_6	74	2.7e-10	2	52	14	64	0.9090909090909091
GntR	64	3300029373.a:Ga0243914_101199_19	147	9.2e-16	1	64	13	76	0.984375
GerE	57	3300029373.a:Ga0243914_101256_14	541	2e-18	2	56	484	538	0.9473684210526315
HTH_3	55	3300029373.a:Ga0243914_101256_3	70	1.9e-07	3	55	8	61	0.9454545454545454
MarR	59	3300029373.a:Ga0243914_101256_5	261	4.2e-06	6	50	20	65	0.7457627118644068
HTH_3	55	3300029373.a:Ga0243914_101507_4	79	2.5e-17	1	55	9	63	0.9818181818181818
GerE	57	3300029373.a:Ga0243914_101507_6	344	3e-13	3	56	287	340	0.9298245614035088
HTH_1	60	3300029373.a:Ga0243914_101659_12	301	1.3e-19	1	60	3	62	0.9833333333333333
GerE	57	3300029373.a:Ga0243914_101830_9	505	2e-12	2	53	446	497	0.8947368421052632
LytTR	98	3300029373.a:Ga0243914_102100_3	238	1.8e-28	3	97	140	235	0.9591836734693877
MarR	59	3300029373.a:Ga0243914_102345_8	306	3.7e-06	1	57	31	89	0.9491525423728814
MarR	59	3300029373.a:Ga0243914_102345_8	306	8.7e-12	16	59	193	236	0.7288135593220338
MerR	38	3300029373.a:Ga0243914_103121_11	254	5.3e-11	1	38	11	48	0.9736842105263158
GerE	57	3300029373.a:Ga0243914_103508_1	493	9.8e-18	3	54	434	485	0.8947368421052632
Trans_reg_C	77	3300029373.a:Ga0243914_104043_5	70	1e-22	16	77	3	64	0.7922077922077922
GerE	57	3300029373.a:Ga0243914_104808_3	488	1.3e-18	3	55	427	479	0.9122807017543859
