5	TC	1	null	CGC1	3300006832.a:Ga0099611_100084	4657	6165	3300006832.a:Ga0099611_100084_6	+	DB=gnl|TC-DB|F9VN10|3.D.10.1.4;ID=3300006832.a:Ga0099611_100084_6	DB=gnl|TC-DB|F9VN10|3.D.10.1.4;ID=3300006832.a:Ga0099611_100084_6
6	null	null	null	CGC1	3300006832.a:Ga0099611_100084	6327	6992	3300006832.a:Ga0099611_100084_7	-	;ID=3300006832.a:Ga0099611_100084_7
7	CAZyme	0	1	CGC1	3300006832.a:Ga0099611_100084	7005	9263	3300006832.a:Ga0099611_100084_8	-	DB=GH65| GH65;ID=3300006832.a:Ga0099611_100084_8	DB=GH65| GH65;ID=3300006832.a:Ga0099611_100084_8
8	TC	0	0	CGC1	3300006832.a:Ga0099611_100084	9338	10690	3300006832.a:Ga0099611_100084_9	-	DB=gnl|TC-DB|Q9A612|2.A.2.6.2;ID=3300006832.a:Ga0099611_100084_9	DB=gnl|TC-DB|Q9A612|2.A.2.6.2;ID=3300006832.a:Ga0099611_100084_9
9	TC	0	0	CGC1	3300006832.a:Ga0099611_100084	11030	12706	3300006832.a:Ga0099611_100084_10	+	DB=gnl|TC-DB|P43672|3.A.1.120.6;ID=3300006832.a:Ga0099611_100084_10	DB=gnl|TC-DB|P43672|3.A.1.120.6;ID=3300006832.a:Ga0099611_100084_10
10	STP	0	0	CGC1	3300006832.a:Ga0099611_100084	12772	13407	3300006832.a:Ga0099611_100084_11	-	DB=STP|TetR_N;ID=3300006832.a:Ga0099611_100084_11	DB=STP|TetR_N;ID=3300006832.a:Ga0099611_100084_11
11	TC	0	0	CGC1	3300006832.a:Ga0099611_100084	13634	14902	3300006832.a:Ga0099611_100084_12	+	DB=gnl|TC-DB|P43505|2.A.6.2.5;ID=3300006832.a:Ga0099611_100084_12	DB=gnl|TC-DB|P43505|2.A.6.2.5;ID=3300006832.a:Ga0099611_100084_12
12	TC	0	0	CGC1	3300006832.a:Ga0099611_100084	14914	18126	3300006832.a:Ga0099611_100084_13	+	DB=gnl|TC-DB|Q51073|2.A.6.2.5;ID=3300006832.a:Ga0099611_100084_13	DB=gnl|TC-DB|Q51073|2.A.6.2.5;ID=3300006832.a:Ga0099611_100084_13
13	TC	1	0	CGC1	3300006832.a:Ga0099611_100084	18183	19589	3300006832.a:Ga0099611_100084_14	+	DB=gnl|TC-DB|Q51006|2.A.6.2.5;ID=3300006832.a:Ga0099611_100084_14	DB=gnl|TC-DB|Q51006|2.A.6.2.5;ID=3300006832.a:Ga0099611_100084_14
14	null	null	null	CGC1	3300006832.a:Ga0099611_100084	19664	21001	3300006832.a:Ga0099611_100084_15	-	;ID=3300006832.a:Ga0099611_100084_15
15	TF	2	1	CGC1	3300006832.a:Ga0099611_100084	21575	22060	3300006832.a:Ga0099611_100084_16	-	DB=DBD-Pfam|MarR,DBD-SUPERFAMILY|0040266;ID=3300006832.a:Ga0099611_100084_16	DB=DBD-Pfam|MarR,DBD-SUPERFAMILY|0040266;ID=3300006832.a:Ga0099611_100084_16
16	null	null	null	CGC1	3300006832.a:Ga0099611_100084	22253	23311	3300006832.a:Ga0099611_100084_17	+	;ID=3300006832.a:Ga0099611_100084_17
17	null	null	null	CGC1	3300006832.a:Ga0099611_100084	23371	24114	3300006832.a:Ga0099611_100084_18	-	;ID=3300006832.a:Ga0099611_100084_18
18	TC	4	2	CGC1	3300006832.a:Ga0099611_100084	24445	26526	3300006832.a:Ga0099611_100084_19	+	DB=gnl|TC-DB|P15078|2.A.114.1.1;ID=3300006832.a:Ga0099611_100084_19	DB=gnl|TC-DB|P15078|2.A.114.1.1;ID=3300006832.a:Ga0099611_100084_19
+++++
260	STP	1	8	CGC1	3300006832.a:Ga0099611_100001	270683	271288	3300006832.a:Ga0099611_100001_261	-	DB=STP|Nitroreductase;ID=3300006832.a:Ga0099611_100001_261	DB=STP|Nitroreductase;ID=3300006832.a:Ga0099611_100001_261
261	null	null	null	CGC1	3300006832.a:Ga0099611_100001	271304	271699	3300006832.a:Ga0099611_100001_262	-	;ID=3300006832.a:Ga0099611_100001_262
262	TF	2	1	CGC1	3300006832.a:Ga0099611_100001	271827	272717	3300006832.a:Ga0099611_100001_263	+	DB=DBD-Pfam|HTH_1;ID=3300006832.a:Ga0099611_100001_263	DB=DBD-Pfam|HTH_1;ID=3300006832.a:Ga0099611_100001_263
263	null	null	null	CGC1	3300006832.a:Ga0099611_100001	272775	273116	3300006832.a:Ga0099611_100001_264	-	;ID=3300006832.a:Ga0099611_100001_264
264	null	null	null	CGC1	3300006832.a:Ga0099611_100001	273317	275590	3300006832.a:Ga0099611_100001_265	-	;ID=3300006832.a:Ga0099611_100001_265
265	TC	0	2	CGC1	3300006832.a:Ga0099611_100001	275655	276305	3300006832.a:Ga0099611_100001_266	-	DB=gnl|TC-DB|B3FHE0|3.A.1.101.3;ID=3300006832.a:Ga0099611_100001_266	DB=gnl|TC-DB|B3FHE0|3.A.1.101.3;ID=3300006832.a:Ga0099611_100001_266
266	TC	0	0	CGC1	3300006832.a:Ga0099611_100001	276302	277099	3300006832.a:Ga0099611_100001_267	-	DB=gnl|TC-DB|B3FHE1|3.A.1.101.3;ID=3300006832.a:Ga0099611_100001_267	DB=gnl|TC-DB|B3FHE1|3.A.1.101.3;ID=3300006832.a:Ga0099611_100001_267
267	TC	0	0	CGC1	3300006832.a:Ga0099611_100001	277099	278268	3300006832.a:Ga0099611_100001_268	-	DB=gnl|TC-DB|P32014|8.A.4.2.1;ID=3300006832.a:Ga0099611_100001_268	DB=gnl|TC-DB|P32014|8.A.4.2.1;ID=3300006832.a:Ga0099611_100001_268
268	TC	1	0	CGC1	3300006832.a:Ga0099611_100001	278280	279458	3300006832.a:Ga0099611_100001_269	-	DB=gnl|TC-DB|Q547A8|1.B.18.2.3;ID=3300006832.a:Ga0099611_100001_269	DB=gnl|TC-DB|Q547A8|1.B.18.2.3;ID=3300006832.a:Ga0099611_100001_269
269	null	null	null	CGC1	3300006832.a:Ga0099611_100001	279578	280681	3300006832.a:Ga0099611_100001_270	+	;ID=3300006832.a:Ga0099611_100001_270
270	CAZyme	7	1	CGC1	3300006832.a:Ga0099611_100001	280701	284369	3300006832.a:Ga0099611_100001_271	+	DB= GT2|GT2;ID=3300006832.a:Ga0099611_100001_271	DB= GT2|GT2;ID=3300006832.a:Ga0099611_100001_271
+++++
89	TC	0	4	CGC1	3300006832.a:Ga0099611_100004	89280	91412	3300006832.a:Ga0099611_100004_90	+	DB=gnl|TC-DB|Q9ZHF3|1.B.22.2.2;ID=3300006832.a:Ga0099611_100004_90	DB=gnl|TC-DB|Q9ZHF3|1.B.22.2.2;ID=3300006832.a:Ga0099611_100004_90
90	STP	1	0	CGC1	3300006832.a:Ga0099611_100004	91535	92056	3300006832.a:Ga0099611_100004_91	+	DB=STP|SKI;ID=3300006832.a:Ga0099611_100004_91	DB=STP|SKI;ID=3300006832.a:Ga0099611_100004_91
91	null	null	null	CGC1	3300006832.a:Ga0099611_100004	92079	93158	3300006832.a:Ga0099611_100004_92	+	;ID=3300006832.a:Ga0099611_100004_92
92	TC	0	1	CGC1	3300006832.a:Ga0099611_100004	93288	94601	3300006832.a:Ga0099611_100004_93	-	DB=gnl|TC-DB|Q93N33|2.A.21.9.2;ID=3300006832.a:Ga0099611_100004_93	DB=gnl|TC-DB|Q93N33|2.A.21.9.2;ID=3300006832.a:Ga0099611_100004_93
93	TF	1	0	CGC1	3300006832.a:Ga0099611_100004	94631	95308	3300006832.a:Ga0099611_100004_94	-	DB=DBD-Pfam|Trans_reg_C;ID=3300006832.a:Ga0099611_100004_94	DB=DBD-Pfam|Trans_reg_C;ID=3300006832.a:Ga0099611_100004_94
94	null	null	null	CGC1	3300006832.a:Ga0099611_100004	95456	96022	3300006832.a:Ga0099611_100004_95	-	;ID=3300006832.a:Ga0099611_100004_95
95	TC	1	1	CGC1	3300006832.a:Ga0099611_100004	96048	97586	3300006832.a:Ga0099611_100004_96	+	DB=gnl|TC-DB|Q7A3S4|2.A.1.3.61;ID=3300006832.a:Ga0099611_100004_96	DB=gnl|TC-DB|Q7A3S4|2.A.1.3.61;ID=3300006832.a:Ga0099611_100004_96
96	null	null	null	CGC1	3300006832.a:Ga0099611_100004	97657	99069	3300006832.a:Ga0099611_100004_97	+	;ID=3300006832.a:Ga0099611_100004_97
97	TC	1	1	CGC1	3300006832.a:Ga0099611_100004	99635	101593	3300006832.a:Ga0099611_100004_98	-	DB=gnl|TC-DB|Q0ZAH7|2.A.37.1.3;ID=3300006832.a:Ga0099611_100004_98	DB=gnl|TC-DB|Q0ZAH7|2.A.37.1.3;ID=3300006832.a:Ga0099611_100004_98
98	null	null	null	CGC1	3300006832.a:Ga0099611_100004	101858	102604	3300006832.a:Ga0099611_100004_99	-	;ID=3300006832.a:Ga0099611_100004_99
99	CAZyme	7	1	CGC1	3300006832.a:Ga0099611_100004	102649	103686	3300006832.a:Ga0099611_100004_100	-	DB= GT8|GT8;ID=3300006832.a:Ga0099611_100004_100	DB= GT8|GT8;ID=3300006832.a:Ga0099611_100004_100
+++++
351	STP	1	3	CGC1	3300006832.a:Ga0099611_100002	357148	358599	3300006832.a:Ga0099611_100002_352	+	DB=STP|Fer4,STP|Fer4;ID=3300006832.a:Ga0099611_100002_352	DB=STP|Fer4,STP|Fer4;ID=3300006832.a:Ga0099611_100002_352
352	null	null	null	CGC1	3300006832.a:Ga0099611_100002	358776	362609	3300006832.a:Ga0099611_100002_353	-	;ID=3300006832.a:Ga0099611_100002_353
353	TC	2	1	CGC1	3300006832.a:Ga0099611_100002	363084	364301	3300006832.a:Ga0099611_100002_354	-	DB=gnl|TC-DB|P39766|2.A.40.1.4;ID=3300006832.a:Ga0099611_100002_354	DB=gnl|TC-DB|P39766|2.A.40.1.4;ID=3300006832.a:Ga0099611_100002_354
354	null	null	null	CGC1	3300006832.a:Ga0099611_100002	364469	364780	3300006832.a:Ga0099611_100002_355	-	;ID=3300006832.a:Ga0099611_100002_355
355	null	null	null	CGC1	3300006832.a:Ga0099611_100002	364843	365481	3300006832.a:Ga0099611_100002_356	-	;ID=3300006832.a:Ga0099611_100002_356
356	STP	1	2	CGC1	3300006832.a:Ga0099611_100002	365481	366743	3300006832.a:Ga0099611_100002_357	-	DB=STP|HD;ID=3300006832.a:Ga0099611_100002_357	DB=STP|HD;ID=3300006832.a:Ga0099611_100002_357
357	null	null	null	CGC1	3300006832.a:Ga0099611_100002	366936	367595	3300006832.a:Ga0099611_100002_358	+	;ID=3300006832.a:Ga0099611_100002_358
358	TC	0	1	CGC1	3300006832.a:Ga0099611_100002	367650	368723	3300006832.a:Ga0099611_100002_359	-	DB=gnl|TC-DB|P16676|3.A.1.6.1;ID=3300006832.a:Ga0099611_100002_359	DB=gnl|TC-DB|P16676|3.A.1.6.1;ID=3300006832.a:Ga0099611_100002_359
359	TC	0	0	CGC1	3300006832.a:Ga0099611_100002	368720	369580	3300006832.a:Ga0099611_100002_360	-	DB=gnl|TC-DB|P0AEB0|3.A.1.6.1;ID=3300006832.a:Ga0099611_100002_360	DB=gnl|TC-DB|P0AEB0|3.A.1.6.1;ID=3300006832.a:Ga0099611_100002_360
360	TC	2	0	CGC1	3300006832.a:Ga0099611_100002	369665	370501	3300006832.a:Ga0099611_100002_361	-	DB=gnl|TC-DB|P16701|3.A.1.6.1;ID=3300006832.a:Ga0099611_100002_361	DB=gnl|TC-DB|P16701|3.A.1.6.1;ID=3300006832.a:Ga0099611_100002_361
361	null	null	null	CGC1	3300006832.a:Ga0099611_100002	370662	371111	3300006832.a:Ga0099611_100002_362	-	;ID=3300006832.a:Ga0099611_100002_362
362	null	null	null	CGC1	3300006832.a:Ga0099611_100002	371124	371414	3300006832.a:Ga0099611_100002_363	-	;ID=3300006832.a:Ga0099611_100002_363
363	TC	0	2	CGC1	3300006832.a:Ga0099611_100002	371504	373132	3300006832.a:Ga0099611_100002_364	+	DB=gnl|TC-DB|Q83XH1|3.A.1.121.4;ID=3300006832.a:Ga0099611_100002_364	DB=gnl|TC-DB|Q83XH1|3.A.1.121.4;ID=3300006832.a:Ga0099611_100002_364
364	CAZyme	1	0	CGC1	3300006832.a:Ga0099611_100002	373316	375784	3300006832.a:Ga0099611_100002_365	+	DB= GH87|GH87;ID=3300006832.a:Ga0099611_100002_365	DB= GH87|GH87;ID=3300006832.a:Ga0099611_100002_365
365	null	null	null	CGC1	3300006832.a:Ga0099611_100002	375879	377096	3300006832.a:Ga0099611_100002_366	-	;ID=3300006832.a:Ga0099611_100002_366
366	STP	1	1	CGC1	3300006832.a:Ga0099611_100002	377300	378823	3300006832.a:Ga0099611_100002_367	+	DB=STP|PALP;ID=3300006832.a:Ga0099611_100002_367	DB=STP|PALP;ID=3300006832.a:Ga0099611_100002_367
367	null	null	null	CGC1	3300006832.a:Ga0099611_100002	378883	379599	3300006832.a:Ga0099611_100002_368	-	;ID=3300006832.a:Ga0099611_100002_368
368	TF	0	1	CGC1	3300006832.a:Ga0099611_100002	379737	380393	3300006832.a:Ga0099611_100002_369	-	DB=DBD-Pfam|GerE;ID=3300006832.a:Ga0099611_100002_369	DB=DBD-Pfam|GerE;ID=3300006832.a:Ga0099611_100002_369
369	STP	5	0	CGC1	3300006832.a:Ga0099611_100002	380390	382150	3300006832.a:Ga0099611_100002_370	-	DB=STP|HATPase_c;ID=3300006832.a:Ga0099611_100002_370	DB=STP|HATPase_c;ID=3300006832.a:Ga0099611_100002_370
+++++
