HTH_3	55	3300024046.a:Ga0222429_100011_105	89	9.5e-06	2	50	16	64	0.8727272727272727
CheW	138	3300024046.a:Ga0222429_100011_106	174	1.4e-36	1	136	17	154	0.9782608695652174
GGDEF	161	3300024046.a:Ga0222429_100011_107	452	3.7e-38	1	159	14	176	0.9813664596273292
EAL	238	3300024046.a:Ga0222429_100011_107	452	1.5e-70	2	238	198	431	0.9915966386554622
MCPsignal	172	3300024046.a:Ga0222429_100011_108	565	6e-53	3	172	325	480	0.9825581395348837
HTH_7	45	3300024046.a:Ga0222429_100011_109	206	7.2e-12	1	40	148	188	0.8666666666666667
HTH_1	60	3300024046.a:Ga0222429_100011_116	324	1.7e-18	3	60	30	87	0.95
LysR_substrate	209	3300024046.a:Ga0222429_100011_116	324	5.1e-29	3	206	113	310	0.9712918660287081
PAS	113	3300024046.a:Ga0222429_100011_119	717	1.5e-06	10	44	44	78	0.3008849557522124
PAS	113	3300024046.a:Ga0222429_100011_119	717	9.2e-11	8	102	160	253	0.831858407079646
GGDEF	161	3300024046.a:Ga0222429_100011_119	717	2.7e-55	1	161	278	435	0.9937888198757764
EAL	238	3300024046.a:Ga0222429_100011_119	717	1.6e-73	2	238	455	692	0.9915966386554622
HTH_18	81	3300024046.a:Ga0222429_100011_121	304	2.9e-22	1	80	216	294	0.9753086419753086
SBP_bac_5	377	3300024046.a:Ga0222429_100011_132	533	1.1e-105	2	375	70	449	0.9893899204244032
SBP_bac_3	225	3300024046.a:Ga0222429_100011_148	284	2e-31	1	219	47	268	0.9688888888888889
SBP_bac_1	315	3300024046.a:Ga0222429_100011_15	345	1.2e-10	12	313	56	290	0.9555555555555556
GntR	64	3300024046.a:Ga0222429_100011_157	250	2.5e-16	5	64	33	91	0.921875
TOBE	64	3300024046.a:Ga0222429_100011_16	362	2.9e-09	5	63	304	357	0.90625
HTH_1	60	3300024046.a:Ga0222429_100011_160	302	3e-17	1	60	14	73	0.9833333333333333
LysR_substrate	209	3300024046.a:Ga0222429_100011_160	302	3.8e-27	2	205	98	299	0.9712918660287081
GGDEF	161	3300024046.a:Ga0222429_100011_170	394	2.1e-50	1	160	220	376	0.9875776397515528
SBP_bac_1	315	3300024046.a:Ga0222429_100011_184	337	3.3e-18	38	315	63	276	0.8793650793650793
TetR_N	47	3300024046.a:Ga0222429_100011_194	220	4.6e-15	1	47	25	71	0.9787234042553191
SBP_bac_3	225	3300024046.a:Ga0222429_100011_20	239	4e-18	15	217	27	224	0.8977777777777778
HTH_1	60	3300024046.a:Ga0222429_100011_208	321	1.4e-14	9	60	12	64	0.85
LysR_substrate	209	3300024046.a:Ga0222429_100011_208	321	1.8e-42	2	205	89	297	0.9712918660287081
HTH_1	60	3300024046.a:Ga0222429_100011_211	330	2.1e-19	2	59	5	63	0.95
LysR_substrate	209	3300024046.a:Ga0222429_100011_211	330	7.5e-34	2	208	89	288	0.9856459330143541
RseA_N	87	3300024046.a:Ga0222429_100011_224	169	2.5e-11	5	74	17	84	0.7931034482758621
Sigma70_r2	71	3300024046.a:Ga0222429_100011_225	200	8.7e-19	2	64	26	86	0.8732394366197183
Sigma70_r4_2	54	3300024046.a:Ga0222429_100011_225	200	5.5e-20	2	53	131	182	0.9444444444444444
Sigma70_r2	71	3300024046.a:Ga0222429_100011_23	234	4.3e-18	1	70	32	99	0.971830985915493
Sigma70_r4_2	54	3300024046.a:Ga0222429_100011_23	234	7.1e-17	1	54	142	195	0.9814814814814815
PALP	294	3300024046.a:Ga0222429_100011_244	400	3.4e-50	5	294	58	382	0.9829931972789115
ACT	67	3300024046.a:Ga0222429_100011_245	733	6.5e-08	3	66	663	725	0.9402985074626866
Fer4	24	3300024046.a:Ga0222429_100011_247	109	5.8e-09	2	23	34	55	0.875
FeS	33	3300024046.a:Ga0222429_100011_249	203	9.1e-17	1	33	12	44	0.9696969696969697
Fer4	24	3300024046.a:Ga0222429_100011_249	203	2e-09	2	23	78	99	0.875
Fer4	24	3300024046.a:Ga0222429_100011_249	203	1.2e-05	2	23	108	129	0.875
HhH-GPD	108	3300024046.a:Ga0222429_100011_250	213	4.7e-19	1	106	34	167	0.9722222222222222
Response_reg	112	3300024046.a:Ga0222429_100011_271	245	1.7e-35	1	112	12	122	0.9910714285714286
Trans_reg_C	77	3300024046.a:Ga0222429_100011_271	245	3.6e-23	1	77	162	238	0.987012987012987
HisKA	64	3300024046.a:Ga0222429_100011_272	460	2.3e-09	4	60	241	293	0.875
HATPase_c	111	3300024046.a:Ga0222429_100011_272	460	9.3e-19	4	108	342	451	0.9369369369369369
PfkB	302	3300024046.a:Ga0222429_100011_278	317	5.6e-60	3	301	8	307	0.9867549668874173
SBP_bac_3	225	3300024046.a:Ga0222429_100011_281	270	3.8e-59	1	224	44	260	0.9911111111111112
LacI	46	3300024046.a:Ga0222429_100011_284	342	1.7e-18	1	46	9	55	0.9782608695652174
Peripla_BP_3	164	3300024046.a:Ga0222429_100011_284	342	6.1e-24	2	164	176	337	0.9878048780487805
HTH_6	77	3300024046.a:Ga0222429_100011_286	282	7e-18	3	74	5	76	0.922077922077922
SIS	131	3300024046.a:Ga0222429_100011_286	282	1.5e-21	1	130	126	254	0.9847328244274809
Rhodanese	107	3300024046.a:Ga0222429_100011_292	527	9.2e-09	5	106	13	100	0.9439252336448598
Rhodanese	107	3300024046.a:Ga0222429_100011_292	527	1.5e-09	2	106	131	224	0.9719626168224299
Rhodanese	107	3300024046.a:Ga0222429_100011_292	527	9.6e-07	4	95	269	351	0.8504672897196262
Rhodanese	107	3300024046.a:Ga0222429_100011_292	527	3.9e-08	3	106	380	467	0.9626168224299065
HTH_1	60	3300024046.a:Ga0222429_100011_298	330	1.1e-18	1	60	28	87	0.9833333333333333
LysR_substrate	209	3300024046.a:Ga0222429_100011_298	330	3.4e-43	2	207	112	318	0.9808612440191388
EPSP_synthase	417	3300024046.a:Ga0222429_100011_3	672	4.6e-117	4	415	18	438	0.9856115107913669
HTH_1	60	3300024046.a:Ga0222429_100011_30	302	2.8e-20	1	59	2	60	0.9666666666666667
LysR_substrate	209	3300024046.a:Ga0222429_100011_30	302	1.6e-39	4	206	88	287	0.9665071770334929
DctP	286	3300024046.a:Ga0222429_100011_304	353	2.1e-35	6	284	51	329	0.972027972027972
HTH_3	55	3300024046.a:Ga0222429_100011_306	108	1.9e-09	1	38	52	89	0.6727272727272727
TetR_N	47	3300024046.a:Ga0222429_100011_31	231	3.1e-17	1	46	52	97	0.9574468085106383
Fer4	24	3300024046.a:Ga0222429_100011_315	163	1.9e-07	5	24	60	79	0.7916666666666666
Fer4	24	3300024046.a:Ga0222429_100011_315	163	6.8e-11	2	23	96	117	0.875
HTH_3	55	3300024046.a:Ga0222429_100011_331	107	1.9e-06	4	48	38	83	0.8
ACT	67	3300024046.a:Ga0222429_100011_336	422	2.5e-09	3	65	275	333	0.9253731343283582
ACT	67	3300024046.a:Ga0222429_100011_336	422	4.7e-07	2	39	354	391	0.5522388059701493
HhH-GPD	108	3300024046.a:Ga0222429_100011_339	218	7.3e-16	1	91	53	181	0.8333333333333334
CBS	57	3300024046.a:Ga0222429_100011_344	526	1.1e-09	7	56	368	417	0.8596491228070176
MCPsignal	172	3300024046.a:Ga0222429_100011_349	389	3.1e-53	2	171	179	334	0.9825581395348837
NIR_SIR_ferr	69	3300024046.a:Ga0222429_100011_359	573	3.1e-17	9	67	70	128	0.8405797101449275
NIR_SIR	159	3300024046.a:Ga0222429_100011_359	573	1.1e-46	6	157	167	322	0.949685534591195
NIR_SIR_ferr	69	3300024046.a:Ga0222429_100011_359	573	1.3e-13	3	69	344	411	0.9565217391304348
HTH_18	81	3300024046.a:Ga0222429_100011_369	319	3.6e-19	1	81	233	314	0.9876543209876543
MCPsignal	172	3300024046.a:Ga0222429_100011_370	431	6.7e-38	20	168	109	257	0.8604651162790697
Aminotran_1_2	363	3300024046.a:Ga0222429_100011_378	406	1.4e-10	66	192	84	196	0.34710743801652894
GntR	64	3300024046.a:Ga0222429_100011_38	235	3.1e-20	4	64	21	80	0.9375
TetR_N	47	3300024046.a:Ga0222429_100011_383	209	4.5e-17	1	46	27	72	0.9574468085106383
DctP	286	3300024046.a:Ga0222429_100011_39	326	4.9e-82	1	276	34	305	0.9615384615384616
HATPase_c	111	3300024046.a:Ga0222429_100011_397	455	2.1e-16	4	109	352	453	0.9459459459459459
Response_reg	112	3300024046.a:Ga0222429_100011_398	222	5.9e-29	2	111	4	112	0.9732142857142857
Trans_reg_C	77	3300024046.a:Ga0222429_100011_398	222	1.3e-24	2	77	146	216	0.974025974025974
SBP_bac_1	315	3300024046.a:Ga0222429_100011_404	349	6.5e-19	2	308	26	306	0.9714285714285714
AAA	132	3300024046.a:Ga0222429_100011_410	635	5.6e-48	1	131	191	323	0.9848484848484849
HTH_1	60	3300024046.a:Ga0222429_100011_415	332	6.4e-20	2	60	8	66	0.9666666666666667
LysR_substrate	209	3300024046.a:Ga0222429_100011_415	332	7.9e-42	2	208	91	296	0.9856459330143541
TetR_N	47	3300024046.a:Ga0222429_100011_425	228	1.9e-18	1	46	23	68	0.9574468085106383
SBP_bac_3	225	3300024046.a:Ga0222429_100011_432	351	1.1e-09	33	173	63	212	0.6222222222222222
AAA	132	3300024046.a:Ga0222429_100011_435	693	8.1e-13	2	125	42	171	0.9318181818181818
HTH_1	60	3300024046.a:Ga0222429_100011_436	315	4e-19	3	60	18	75	0.95
LysR_substrate	209	3300024046.a:Ga0222429_100011_436	315	5.9e-44	6	208	103	303	0.9665071770334929
HTH_18	81	3300024046.a:Ga0222429_100011_444	348	1.8e-29	1	80	244	322	0.9753086419753086
STAS	117	3300024046.a:Ga0222429_100011_446	112	3.4e-20	6	117	7	106	0.9487179487179487
Sigma70_r2	71	3300024046.a:Ga0222429_100011_448	200	2.4e-13	1	67	35	99	0.9295774647887324
Sigma70_r4_2	54	3300024046.a:Ga0222429_100011_448	200	6.9e-16	3	54	135	186	0.9444444444444444
AAA	132	3300024046.a:Ga0222429_100011_46	464	4.7e-17	1	128	79	187	0.9621212121212122
BTAD	146	3300024046.a:Ga0222429_100011_466	159	4.7e-08	38	122	10	94	0.5753424657534246
TPR_3	36	3300024046.a:Ga0222429_100011_469	168	2.4e-05	5	34	46	73	0.8055555555555556
SpoIIE	193	3300024046.a:Ga0222429_100011_486	942	2.4e-50	2	192	748	939	0.9844559585492227
Pyr_redox_2	292	3300024046.a:Ga0222429_100011_49	320	8e-48	2	290	8	301	0.9863013698630136
cNMP_binding	88	3300024046.a:Ga0222429_100011_497	235	1.1e-14	3	85	39	123	0.9318181818181818
Aminotran_1_2	363	3300024046.a:Ga0222429_100011_5	371	2.1e-46	3	362	36	363	0.9889807162534435
SBP_bac_3	225	3300024046.a:Ga0222429_100011_502	266	2.8e-45	1	224	37	253	0.9911111111111112
GntR	64	3300024046.a:Ga0222429_100011_511	245	3.7e-25	1	63	12	74	0.96875
SBP_bac_1	315	3300024046.a:Ga0222429_100011_514	391	3.7e-10	10	315	47	318	0.9682539682539683
HTH_1	60	3300024046.a:Ga0222429_100011_522	319	2.4e-23	2	60	9	67	0.9666666666666667
LysR_substrate	209	3300024046.a:Ga0222429_100011_522	319	2.7e-24	3	197	92	286	0.9282296650717703
NUDIX	131	3300024046.a:Ga0222429_100011_524	201	4e-19	4	115	49	157	0.8473282442748091
cNMP_binding	88	3300024046.a:Ga0222429_100011_526	654	6.9e-08	2	87	48	147	0.9659090909090909
CBS	57	3300024046.a:Ga0222429_100011_526	654	3.9e-15	3	56	190	243	0.9298245614035088
CBS	57	3300024046.a:Ga0222429_100011_526	654	3.6e-13	2	53	254	304	0.8947368421052632
dCache_1	249	3300024046.a:Ga0222429_100011_527	1044	4.7e-11	25	188	69	217	0.6546184738955824
PAS	113	3300024046.a:Ga0222429_100011_527	1044	3.6e-07	4	96	490	588	0.8141592920353983
GGDEF	161	3300024046.a:Ga0222429_100011_527	1044	2.9e-39	1	158	618	769	0.9751552795031055
EAL	238	3300024046.a:Ga0222429_100011_527	1044	3.2e-71	2	238	791	1030	0.9915966386554622
SBP_bac_3	225	3300024046.a:Ga0222429_100011_53	323	5.6e-05	89	159	128	197	0.3111111111111111
GAF	133	3300024046.a:Ga0222429_100011_533	164	2e-08	21	127	53	155	0.7969924812030075
DctP	286	3300024046.a:Ga0222429_100011_539	332	4.6e-98	1	284	32	313	0.9895104895104895
GAF	133	3300024046.a:Ga0222429_100011_54	694	1.3e-08	6	132	82	215	0.9473684210526315
GGDEF	161	3300024046.a:Ga0222429_100011_54	694	1.2e-48	2	161	262	419	0.9875776397515528
EAL	238	3300024046.a:Ga0222429_100011_54	694	3.5e-73	2	238	439	673	0.9915966386554622
HTH_1	60	3300024046.a:Ga0222429_100011_541	321	2.3e-18	2	60	8	66	0.9666666666666667
LysR_substrate	209	3300024046.a:Ga0222429_100011_541	321	2.5e-40	2	207	91	294	0.9808612440191388
HTH_3	55	3300024046.a:Ga0222429_100011_546	138	3.5e-05	5	53	88	134	0.8727272727272727
NTP_transf_2	95	3300024046.a:Ga0222429_100011_551	181	1.9e-08	4	42	79	118	0.4
HTH_1	60	3300024046.a:Ga0222429_100011_559	294	1.9e-21	1	60	3	62	0.9833333333333333
LysR_substrate	209	3300024046.a:Ga0222429_100011_559	294	7.9e-29	6	207	91	292	0.9617224880382775
AAA	132	3300024046.a:Ga0222429_100011_561	293	3.8e-05	1	114	93	190	0.8560606060606061
NUDIX	131	3300024046.a:Ga0222429_100011_562	332	5.4e-22	4	116	9	116	0.8549618320610687
HTH_3	55	3300024046.a:Ga0222429_100011_575	260	7.5e-05	9	50	40	82	0.7454545454545455
B12-binding_2	75	3300024046.a:Ga0222429_100011_576	1258	2.3e-26	1	74	678	755	0.9733333333333334
B12-binding	121	3300024046.a:Ga0222429_100011_576	1258	6.7e-19	2	92	778	872	0.743801652892562
HTH_1	60	3300024046.a:Ga0222429_100011_58	310	4.9e-24	1	60	3	62	0.9833333333333333
LysR_substrate	209	3300024046.a:Ga0222429_100011_58	310	8.8e-44	3	202	88	287	0.9521531100478469
Peripla_BP_2	238	3300024046.a:Ga0222429_100011_582	289	5.8e-21	1	236	38	260	0.9873949579831933
PfkB	302	3300024046.a:Ga0222429_100011_590	275	5.4e-07	133	283	75	240	0.4966887417218543
MarR	59	3300024046.a:Ga0222429_100011_597	183	4.3e-10	1	59	53	113	0.9830508474576272
Response_reg	112	3300024046.a:Ga0222429_100011_599	232	6.2e-29	1	112	5	117	0.9910714285714286
Trans_reg_C	77	3300024046.a:Ga0222429_100011_599	232	1.4e-28	1	77	150	225	0.987012987012987
ACT	67	3300024046.a:Ga0222429_100011_6	363	5.1e-10	2	65	283	346	0.9402985074626866
HisKA	64	3300024046.a:Ga0222429_100011_600	447	7.3e-22	2	63	202	269	0.953125
HATPase_c	111	3300024046.a:Ga0222429_100011_600	447	1.6e-20	4	109	316	424	0.9459459459459459
PALP	294	3300024046.a:Ga0222429_100011_601	503	2.4e-86	5	294	18	306	0.9829931972789115
dCache_1	249	3300024046.a:Ga0222429_100011_602	650	5.6e-12	4	175	60	214	0.6867469879518072
PAS	113	3300024046.a:Ga0222429_100011_602	650	3e-14	2	113	342	455	0.9823008849557522
GGDEF	161	3300024046.a:Ga0222429_100011_602	650	2.6e-49	1	161	469	629	0.9937888198757764
Pribosyltran	159	3300024046.a:Ga0222429_100011_611	188	5.9e-17	25	127	50	157	0.6415094339622641
SIS	131	3300024046.a:Ga0222429_100011_612	329	1.6e-29	2	131	46	177	0.9847328244274809
CBS	57	3300024046.a:Ga0222429_100011_612	329	4.5e-06	1	55	206	261	0.9473684210526315
CBS	57	3300024046.a:Ga0222429_100011_612	329	1.9e-08	5	54	276	325	0.8596491228070176
SIS	131	3300024046.a:Ga0222429_100011_624	198	1.9e-09	44	108	102	169	0.48854961832061067
AAA	132	3300024046.a:Ga0222429_100011_63	288	1.6e-16	1	125	39	183	0.9393939393939394
Peptidase_M23	96	3300024046.a:Ga0222429_100011_631	467	8.4e-27	3	96	368	461	0.96875
Rhodanese	107	3300024046.a:Ga0222429_100011_633	137	8.4e-19	5	106	42	128	0.9439252336448598
Pribosyltran	159	3300024046.a:Ga0222429_100011_639	262	3.1e-11	43	130	141	250	0.5471698113207547
HisKA	64	3300024046.a:Ga0222429_100011_644	794	4.9e-11	2	60	534	601	0.90625
HATPase_c	111	3300024046.a:Ga0222429_100011_644	794	4.5e-21	1	105	655	767	0.9369369369369369
Response_reg	112	3300024046.a:Ga0222429_100011_645	239	1.1e-29	1	111	4	114	0.9821428571428571
HTH_8	42	3300024046.a:Ga0222429_100011_645	239	1.8e-05	2	42	186	226	0.9523809523809523
SBP_bac_3	225	3300024046.a:Ga0222429_100011_651	340	7.1e-32	1	210	35	249	0.9288888888888889
cNMP_binding	88	3300024046.a:Ga0222429_100011_659	225	8.2e-12	3	86	33	117	0.9431818181818182
Aminotran_1_2	363	3300024046.a:Ga0222429_100011_66	444	3.5e-05	133	267	203	336	0.3691460055096419
HTH_1	60	3300024046.a:Ga0222429_100011_664	304	1.3e-20	3	59	16	72	0.9333333333333333
LysR_substrate	209	3300024046.a:Ga0222429_100011_664	304	1.2e-30	2	208	95	296	0.9856459330143541
HTH_11	55	3300024046.a:Ga0222429_100011_72	338	4e-05	3	43	10	50	0.7272727272727273
FUR	120	3300024046.a:Ga0222429_100011_75	142	8e-47	2	120	10	129	0.9833333333333333
GGDEF	161	3300024046.a:Ga0222429_100011_85	385	2.5e-38	1	160	223	374	0.9875776397515528
GntR	64	3300024046.a:Ga0222429_100025_10	255	3.1e-23	2	64	4	66	0.96875
MarR	59	3300024046.a:Ga0222429_100025_111	177	2.7e-15	2	58	62	119	0.9491525423728814
MarR	59	3300024046.a:Ga0222429_100025_119	163	1.1e-05	7	48	17	58	0.6949152542372882
AsnC_trans_reg	75	3300024046.a:Ga0222429_100025_119	163	2.5e-21	1	75	77	151	0.9866666666666667
Pyr_redox	81	3300024046.a:Ga0222429_100025_120	417	3.5e-07	1	32	2	33	0.38271604938271603
HTH_3	55	3300024046.a:Ga0222429_100025_122	123	3.5e-17	1	55	8	61	0.9818181818181818
SBP_bac_3	225	3300024046.a:Ga0222429_100025_129	339	4e-32	1	215	35	253	0.9511111111111111
Glycos_trans_3N	63	3300024046.a:Ga0222429_100025_13	345	4.7e-13	2	63	8	69	0.9682539682539683
HhH-GPD	108	3300024046.a:Ga0222429_100025_132	365	2.5e-20	2	104	45	175	0.9444444444444444
Pribosyltran	159	3300024046.a:Ga0222429_100025_141	223	7.1e-15	12	134	47	168	0.7672955974842768
AraC_binding	136	3300024046.a:Ga0222429_100025_149	291	1.5e-08	5	100	42	142	0.6985294117647058
HTH_18	81	3300024046.a:Ga0222429_100025_149	291	1.9e-23	2	79	203	278	0.9506172839506173
cNMP_binding	88	3300024046.a:Ga0222429_100025_170	254	4.2e-14	3	86	35	120	0.9431818181818182
HTH_8	42	3300024046.a:Ga0222429_100025_177	270	5.3e-07	3	39	216	252	0.8571428571428571
CbiA	128	3300024046.a:Ga0222429_100025_179	339	6.4e-15	2	69	6	135	0.5234375
SBP_bac_5	377	3300024046.a:Ga0222429_100025_184	521	2.7e-98	1	374	83	436	0.9893899204244032
Pyr_redox_2	292	3300024046.a:Ga0222429_100025_187	855	5e-46	2	277	18	295	0.9417808219178082
NIR_SIR_ferr	69	3300024046.a:Ga0222429_100025_187	855	1.1e-14	3	67	569	630	0.927536231884058
NIR_SIR	159	3300024046.a:Ga0222429_100025_187	855	6.1e-18	2	138	641	762	0.8553459119496856
Peripla_BP_3	164	3300024046.a:Ga0222429_100025_2	384	1e-06	1	91	149	231	0.5487804878048781
GntR	64	3300024046.a:Ga0222429_100025_202	236	1.2e-19	1	64	4	66	0.984375
MarR	59	3300024046.a:Ga0222429_100025_235	118	7.2e-07	4	48	9	53	0.7457627118644068
Aminotran_1_2	363	3300024046.a:Ga0222429_100025_237	364	1.2e-12	46	250	36	213	0.5619834710743802
HTH_3	55	3300024046.a:Ga0222429_100025_244	122	1.7e-06	2	53	64	114	0.9272727272727272
FecR	96	3300024046.a:Ga0222429_100025_263	289	1.3e-16	5	96	85	173	0.9479166666666666
Sigma70_r2	71	3300024046.a:Ga0222429_100025_264	170	1.8e-10	3	67	16	77	0.9014084507042254
Sigma70_r4_2	54	3300024046.a:Ga0222429_100025_264	170	2.3e-13	2	53	111	162	0.9444444444444444
Peripla_BP_2	238	3300024046.a:Ga0222429_100025_270	382	5.8e-22	23	230	72	314	0.8697478991596639
Pyr_redox_2	292	3300024046.a:Ga0222429_100025_280	488	3.2e-20	1	171	144	322	0.5821917808219178
GATase_2	420	3300024046.a:Ga0222429_100025_281	1578	4.6e-187	1	420	27	450	0.9976190476190476
EPSP_synthase	417	3300024046.a:Ga0222429_100025_290	418	6.5e-110	2	417	7	406	0.9952038369304557
GGDEF	161	3300024046.a:Ga0222429_100025_323	633	1.1e-10	2	159	224	381	0.9751552795031055
EAL	238	3300024046.a:Ga0222429_100025_323	633	4.1e-17	5	226	409	626	0.9285714285714286
TetR_N	47	3300024046.a:Ga0222429_100025_324	227	2.3e-18	1	47	13	59	0.9787234042553191
HTH_IclR	52	3300024046.a:Ga0222429_100025_353	239	5.7e-14	1	50	8	57	0.9423076923076923
IclR	129	3300024046.a:Ga0222429_100025_353	239	4.4e-13	61	127	156	221	0.5116279069767442
Glyoxalase	128	3300024046.a:Ga0222429_100025_354	299	3.3e-07	9	104	172	261	0.7421875
DctP	286	3300024046.a:Ga0222429_100025_361	338	7.3e-97	1	284	34	316	0.9895104895104895
Glyoxalase	128	3300024046.a:Ga0222429_100025_365	427	1.4e-08	1	96	317	400	0.7421875
HTH_1	60	3300024046.a:Ga0222429_100025_366	312	9.6e-22	2	60	13	71	0.9666666666666667
LysR_substrate	209	3300024046.a:Ga0222429_100025_366	312	2.9e-19	5	206	99	297	0.9617224880382775
TetR_N	47	3300024046.a:Ga0222429_100025_367	214	1.5e-14	1	47	21	67	0.9787234042553191
GerE	57	3300024046.a:Ga0222429_100025_37	278	4.6e-14	3	54	202	253	0.8947368421052632
Citrate_synt	361	3300024046.a:Ga0222429_100025_374	275	1.2e-31	167	358	60	252	0.5290858725761773
CbiA	128	3300024046.a:Ga0222429_100025_38	236	3.4e-07	2	127	5	211	0.9765625
CbiA	128	3300024046.a:Ga0222429_100025_390	270	7.7e-29	2	127	13	235	0.9765625
Aminotran_1_2	363	3300024046.a:Ga0222429_100025_394	398	7.4e-66	4	363	30	388	0.9889807162534435
LacI	46	3300024046.a:Ga0222429_100025_400	338	1.1e-13	1	46	12	57	0.9782608695652174
Peripla_BP_3	164	3300024046.a:Ga0222429_100025_400	338	2.8e-23	2	164	176	335	0.9878048780487805
HATPase_c	111	3300024046.a:Ga0222429_100025_404	818	2.3e-24	2	98	41	157	0.8648648648648649
AAA	132	3300024046.a:Ga0222429_100025_406	480	1.4e-07	2	125	180	298	0.9318181818181818
HTH_18	81	3300024046.a:Ga0222429_100025_46	352	2.2e-24	1	81	246	326	0.9876543209876543
HTH_1	60	3300024046.a:Ga0222429_100025_54	305	1.2e-20	1	59	5	63	0.9666666666666667
LysR_substrate	209	3300024046.a:Ga0222429_100025_54	305	1.4e-38	3	208	90	289	0.9808612440191388
SBP_bac_5	377	3300024046.a:Ga0222429_100025_56	496	5.4e-66	3	352	76	400	0.9257294429708223
GGDEF	161	3300024046.a:Ga0222429_100025_57	515	6.6e-49	3	161	346	510	0.9813664596273292
HTH_18	81	3300024046.a:Ga0222429_100025_65	292	2.4e-17	1	80	178	257	0.9753086419753086
Aminotran_1_2	363	3300024046.a:Ga0222429_100025_69	415	6.7e-11	67	357	89	372	0.7988980716253443
Peptidase_M23	96	3300024046.a:Ga0222429_100025_72	444	2.2e-35	2	96	301	397	0.9791666666666666
Pkinase	264	3300024046.a:Ga0222429_100025_78	525	1e-16	38	170	190	338	0.5
Pkinase	264	3300024046.a:Ga0222429_100025_78	525	8.6e-09	175	263	403	506	0.3333333333333333
DctP	286	3300024046.a:Ga0222429_100025_81	366	1.7e-59	3	285	40	324	0.986013986013986
PfkB	302	3300024046.a:Ga0222429_100025_92	316	8.1e-44	28	300	41	294	0.9006622516556292
Fer4	24	3300024046.a:Ga0222429_100027_10	958	4.1e-05	2	18	164	180	0.6666666666666666
Fer4	24	3300024046.a:Ga0222429_100027_10	958	3.4e-08	5	23	210	228	0.75
AAA	132	3300024046.a:Ga0222429_100027_100	445	3e-08	1	45	56	101	0.3333333333333333
AAA	132	3300024046.a:Ga0222429_100027_100	445	4.9e-09	53	130	240	333	0.5833333333333334
HTH_6	77	3300024046.a:Ga0222429_100027_106	288	3.4e-12	3	75	10	82	0.935064935064935
SIS	131	3300024046.a:Ga0222429_100027_106	288	1.8e-15	1	129	133	258	0.9770992366412213
HTH_6	77	3300024046.a:Ga0222429_100027_119	324	2.2e-17	3	75	9	81	0.935064935064935
SIS	131	3300024046.a:Ga0222429_100027_119	324	2.9e-12	3	130	132	259	0.9694656488549618
SBP_bac_5	377	3300024046.a:Ga0222429_100027_125	531	3.4e-64	2	357	91	439	0.9416445623342176
NUDIX	131	3300024046.a:Ga0222429_100027_137	284	1.1e-14	13	115	137	246	0.7786259541984732
cNMP_binding	88	3300024046.a:Ga0222429_100027_149	885	2.3e-13	6	88	726	804	0.9318181818181818
Sigma70_r2	71	3300024046.a:Ga0222429_100027_150	302	5.4e-21	1	70	65	134	0.971830985915493
Sigma70_r4	50	3300024046.a:Ga0222429_100027_150	302	7.2e-18	1	50	237	289	0.98
Aminotran_1_2	363	3300024046.a:Ga0222429_100027_158	402	1.9e-34	19	358	48	385	0.9338842975206612
Peptidase_M23	96	3300024046.a:Ga0222429_100027_159	292	3.8e-32	2	96	187	281	0.9791666666666666
HTH_11	55	3300024046.a:Ga0222429_100027_166	407	1.3e-05	2	43	332	372	0.7454545454545455
dCache_1	249	3300024046.a:Ga0222429_100027_172	599	8.8e-14	7	239	24	297	0.9317269076305221
GGDEF	161	3300024046.a:Ga0222429_100027_172	599	1.6e-50	2	161	424	583	0.9875776397515528
CHASE	188	3300024046.a:Ga0222429_100027_173	316	3.7e-10	65	162	120	210	0.5159574468085106
Response_reg	112	3300024046.a:Ga0222429_100027_174	232	1.1e-25	1	111	7	117	0.9821428571428571
Trans_reg_C	77	3300024046.a:Ga0222429_100027_174	232	1.6e-21	2	77	151	223	0.974025974025974
HisKA	64	3300024046.a:Ga0222429_100027_175	478	7.9e-08	2	62	248	310	0.9375
HATPase_c	111	3300024046.a:Ga0222429_100027_175	478	2.3e-19	5	109	363	467	0.9369369369369369
HTH_1	60	3300024046.a:Ga0222429_100027_18	324	5.9e-20	1	59	3	61	0.9666666666666667
LysR_substrate	209	3300024046.a:Ga0222429_100027_18	324	2.2e-25	4	202	89	288	0.9473684210526315
HD	122	3300024046.a:Ga0222429_100027_180	376	1.8e-17	1	121	64	198	0.9836065573770492
SKI	158	3300024046.a:Ga0222429_100027_182	198	1.8e-50	1	154	29	182	0.9683544303797469
GGDEF	161	3300024046.a:Ga0222429_100027_186	980	5.1e-30	2	159	533	686	0.9751552795031055
EAL	238	3300024046.a:Ga0222429_100027_186	980	4.3e-60	11	236	718	943	0.9453781512605042
GGDEF	161	3300024046.a:Ga0222429_100027_192	497	1.4e-43	2	161	316	474	0.9875776397515528
HTH_1	60	3300024046.a:Ga0222429_100027_2	309	3.4e-21	3	60	23	80	0.95
LysR_substrate	209	3300024046.a:Ga0222429_100027_2	309	2.6e-26	3	206	105	306	0.9712918660287081
SBP_bac_3	225	3300024046.a:Ga0222429_100027_209	320	2.8e-05	82	158	116	194	0.3377777777777778
HTH_18	81	3300024046.a:Ga0222429_100027_219	342	8.1e-19	1	80	253	331	0.9753086419753086
MerR	38	3300024046.a:Ga0222429_100027_239	129	8.9e-14	1	38	7	42	0.9736842105263158
GGDEF	161	3300024046.a:Ga0222429_100027_24	492	1.8e-30	2	157	336	482	0.9627329192546584
Pyr_redox	81	3300024046.a:Ga0222429_100027_248	314	2.5e-05	1	47	10	56	0.5679012345679012
HTH_18	81	3300024046.a:Ga0222429_100027_249	347	1.6e-17	1	79	264	340	0.9629629629629629
LacI	46	3300024046.a:Ga0222429_100027_259	353	3.1e-16	1	46	26	71	0.9782608695652174
Peripla_BP_3	164	3300024046.a:Ga0222429_100027_259	353	3.7e-32	1	164	191	352	0.9939024390243902
SKI	158	3300024046.a:Ga0222429_100027_260	190	2.9e-15	1	109	29	138	0.6835443037974683
DctP	286	3300024046.a:Ga0222429_100027_263	338	4.6e-92	1	281	33	313	0.9790209790209791
DctP	286	3300024046.a:Ga0222429_100027_266	327	3.4e-82	2	285	34	312	0.9895104895104895
DctP	286	3300024046.a:Ga0222429_100027_274	342	4.5e-78	2	285	35	324	0.9895104895104895
DctP	286	3300024046.a:Ga0222429_100027_283	332	6.7e-31	6	284	39	311	0.972027972027972
HTH_1	60	3300024046.a:Ga0222429_100027_284	310	3.5e-17	1	60	3	62	0.9833333333333333
LysR_substrate	209	3300024046.a:Ga0222429_100027_284	310	6.7e-34	3	207	87	289	0.9760765550239234
Pyr_redox_2	292	3300024046.a:Ga0222429_100027_29	557	2.8e-11	2	117	27	195	0.3938356164383562
HTH_1	60	3300024046.a:Ga0222429_100027_291	309	5.1e-16	3	59	5	61	0.9333333333333333
LysR_substrate	209	3300024046.a:Ga0222429_100027_291	309	2.8e-23	5	207	91	294	0.9665071770334929
HTH_1	60	3300024046.a:Ga0222429_100027_295	313	1.4e-15	3	59	14	70	0.9333333333333333
LysR_substrate	209	3300024046.a:Ga0222429_100027_295	313	5.6e-27	4	204	99	300	0.9569377990430622
AraC_binding	136	3300024046.a:Ga0222429_100027_309	192	3.6e-07	13	117	46	147	0.7647058823529411
Hemerythrin	131	3300024046.a:Ga0222429_100027_31	438	7.6e-17	1	131	2	137	0.9923664122137404
HTH_IclR	52	3300024046.a:Ga0222429_100027_317	154	7.2e-06	7	48	9	49	0.7884615384615384
AsnC_trans_reg	75	3300024046.a:Ga0222429_100027_317	154	1e-20	3	75	69	143	0.96
HTH_1	60	3300024046.a:Ga0222429_100027_318	322	6.6e-19	1	59	15	73	0.9666666666666667
LysR_substrate	209	3300024046.a:Ga0222429_100027_318	322	1.9e-35	2	207	99	306	0.9808612440191388
HTH_1	60	3300024046.a:Ga0222429_100027_320	306	1.2e-15	3	60	6	63	0.95
LysR_substrate	209	3300024046.a:Ga0222429_100027_320	306	4.2e-47	2	207	88	292	0.9808612440191388
HTH_18	81	3300024046.a:Ga0222429_100027_328	304	5.6e-22	1	81	222	301	0.9876543209876543
Pyr_redox_2	292	3300024046.a:Ga0222429_100027_334	413	1.1e-10	3	117	6	176	0.3904109589041096
HMA	62	3300024046.a:Ga0222429_100027_340	95	8.8e-15	1	62	15	76	0.9838709677419355
Hemerythrin	131	3300024046.a:Ga0222429_100027_341	137	5e-17	3	130	3	132	0.9694656488549618
MarR	59	3300024046.a:Ga0222429_100027_343	166	2.5e-16	1	59	46	104	0.9830508474576272
HTH_IclR	52	3300024046.a:Ga0222429_100027_45	255	1.3e-15	1	51	30	80	0.9615384615384616
IclR	129	3300024046.a:Ga0222429_100027_45	255	8.7e-11	62	128	185	250	0.5116279069767442
DctP	286	3300024046.a:Ga0222429_100027_50	327	3.4e-90	1	283	28	309	0.986013986013986
HTH_1	60	3300024046.a:Ga0222429_100027_53	304	5.6e-23	1	60	5	64	0.9833333333333333
LysR_substrate	209	3300024046.a:Ga0222429_100027_53	304	4.9e-40	4	208	91	294	0.9760765550239234
SBP_bac_3	225	3300024046.a:Ga0222429_100027_54	874	3.4e-21	15	222	52	257	0.92
PAS	113	3300024046.a:Ga0222429_100027_54	874	3.8e-05	2	110	312	420	0.9557522123893806
GGDEF	161	3300024046.a:Ga0222429_100027_54	874	2e-38	1	161	438	601	0.9937888198757764
EAL	238	3300024046.a:Ga0222429_100027_54	874	2.6e-67	3	238	622	854	0.9873949579831933
DctP	286	3300024046.a:Ga0222429_100027_55	336	2e-109	1	284	35	318	0.9895104895104895
HTH_1	60	3300024046.a:Ga0222429_100027_57	313	9.9e-16	2	60	8	66	0.9666666666666667
LysR_substrate	209	3300024046.a:Ga0222429_100027_57	313	6.2e-38	2	207	91	296	0.9808612440191388
SIS	131	3300024046.a:Ga0222429_100027_62	611	1.1e-30	6	130	294	418	0.9465648854961832
SIS	131	3300024046.a:Ga0222429_100027_62	611	2.3e-29	3	128	464	590	0.9541984732824428
MarR	59	3300024046.a:Ga0222429_100027_63	158	7.1e-08	7	50	12	55	0.7288135593220338
AsnC_trans_reg	75	3300024046.a:Ga0222429_100027_63	158	3.2e-17	1	74	72	145	0.9733333333333334
Response_reg	112	3300024046.a:Ga0222429_100027_64	346	5.6e-29	2	111	16	125	0.9732142857142857
HD	122	3300024046.a:Ga0222429_100027_64	346	4.4e-20	4	121	162	282	0.9590163934426229
MHYT	59	3300024046.a:Ga0222429_100027_65	994	3.4e-19	1	51	68	118	0.847457627118644
MHYT	59	3300024046.a:Ga0222429_100027_65	994	1.4e-16	1	53	131	183	0.8813559322033898
MHYT	59	3300024046.a:Ga0222429_100027_65	994	1.2e-10	1	48	198	251	0.7966101694915254
PAS	113	3300024046.a:Ga0222429_100027_65	994	3.2e-18	2	113	271	384	0.9823008849557522
HisKA	64	3300024046.a:Ga0222429_100027_65	994	2.3e-20	1	64	407	472	0.984375
HATPase_c	111	3300024046.a:Ga0222429_100027_65	994	1.5e-31	1	110	519	629	0.9819819819819819
Response_reg	112	3300024046.a:Ga0222429_100027_65	994	2.5e-26	1	111	651	765	0.9821428571428571
HTH_1	60	3300024046.a:Ga0222429_100027_7	368	1.6e-13	4	60	30	87	0.9333333333333333
FUR	120	3300024046.a:Ga0222429_100027_90	160	4.6e-16	2	114	31	144	0.9333333333333333
HisKA	64	3300024046.a:Ga0222429_100027_91	499	1.9e-15	2	64	270	337	0.96875
HATPase_c	111	3300024046.a:Ga0222429_100027_91	499	1e-18	7	108	389	493	0.9099099099099099
Response_reg	112	3300024046.a:Ga0222429_100027_92	239	9.5e-25	1	111	7	116	0.9821428571428571
Trans_reg_C	77	3300024046.a:Ga0222429_100027_92	239	1.1e-29	3	77	157	231	0.961038961038961
GerE	57	3300024046.a:Ga0222429_100027_96	277	1.8e-06	3	55	216	268	0.9122807017543859
GntR	64	3300024046.a:Ga0222429_100035_102	468	1.3e-15	5	64	15	74	0.921875
Aminotran_1_2	363	3300024046.a:Ga0222429_100035_102	468	6.8e-41	24	355	128	453	0.9118457300275482
GGDEF	161	3300024046.a:Ga0222429_100035_104	408	2.2e-45	1	160	222	375	0.9875776397515528
GGDEF	161	3300024046.a:Ga0222429_100035_105	407	9.4e-45	1	160	220	373	0.9875776397515528
Pribosyltran	159	3300024046.a:Ga0222429_100035_11	213	1.8e-15	14	133	53	169	0.7484276729559748
DctP	286	3300024046.a:Ga0222429_100035_114	329	1.8e-46	1	275	26	301	0.958041958041958
HTH_1	60	3300024046.a:Ga0222429_100035_116	308	2.3e-22	1	60	3	62	0.9833333333333333
LysR_substrate	209	3300024046.a:Ga0222429_100035_116	308	3e-37	3	206	88	289	0.9712918660287081
HTH_3	55	3300024046.a:Ga0222429_100035_117	124	1.3e-05	5	29	23	47	0.43636363636363634
HTH_1	60	3300024046.a:Ga0222429_100035_125	297	4.2e-20	3	60	10	67	0.95
LysR_substrate	209	3300024046.a:Ga0222429_100035_125	297	4.1e-32	2	205	91	291	0.9712918660287081
HTH_1	60	3300024046.a:Ga0222429_100035_127	344	1.1e-23	1	60	4	63	0.9833333333333333
LysR_substrate	209	3300024046.a:Ga0222429_100035_127	344	2.9e-43	3	208	89	295	0.9808612440191388
Glyoxalase	128	3300024046.a:Ga0222429_100035_130	142	1.3e-09	4	128	7	129	0.96875
Glyoxalase	128	3300024046.a:Ga0222429_100035_134	151	1.3e-08	8	126	9	142	0.921875
TetR_N	47	3300024046.a:Ga0222429_100035_135	222	2.7e-11	1	47	29	75	0.9787234042553191
CbiA	128	3300024046.a:Ga0222429_100035_140	472	0.0001	9	88	114	267	0.6171875
Glyoxalase	128	3300024046.a:Ga0222429_100035_144	144	4.2e-13	2	128	5	130	0.984375
DctP	286	3300024046.a:Ga0222429_100035_150	357	1.7e-26	5	249	39	286	0.8531468531468531
HTH_1	60	3300024046.a:Ga0222429_100035_151	325	3.3e-23	3	60	10	67	0.95
LysR_substrate	209	3300024046.a:Ga0222429_100035_151	325	2.9e-28	6	208	92	299	0.9665071770334929
DctP	286	3300024046.a:Ga0222429_100035_163	338	1.6e-88	1	283	36	317	0.986013986013986
DctP	286	3300024046.a:Ga0222429_100035_166	337	5.9e-87	7	282	40	314	0.9615384615384616
HTH_1	60	3300024046.a:Ga0222429_100035_175	311	9.5e-20	2	60	15	73	0.9666666666666667
LysR_substrate	209	3300024046.a:Ga0222429_100035_175	311	2.8e-36	3	207	99	306	0.9760765550239234
HTH_1	60	3300024046.a:Ga0222429_100035_191	306	6.1e-17	5	60	12	67	0.9166666666666666
LysR_substrate	209	3300024046.a:Ga0222429_100035_191	306	3.3e-37	4	208	94	298	0.9760765550239234
HATPase_c	111	3300024046.a:Ga0222429_100035_192	635	3.1e-13	1	109	32	187	0.972972972972973
HTH_1	60	3300024046.a:Ga0222429_100035_193	305	1.2e-22	1	59	5	63	0.9666666666666667
LysR_substrate	209	3300024046.a:Ga0222429_100035_193	305	3.7e-23	5	207	92	290	0.9665071770334929
MCPsignal	172	3300024046.a:Ga0222429_100035_197	674	3e-55	3	172	459	614	0.9825581395348837
HTH_1	60	3300024046.a:Ga0222429_100035_199	316	5.1e-19	3	60	7	63	0.95
LysR_substrate	209	3300024046.a:Ga0222429_100035_199	316	2.6e-19	3	207	89	290	0.9760765550239234
HTH_3	55	3300024046.a:Ga0222429_100035_202	221	1.9e-13	1	55	17	71	0.9818181818181818
AraC_binding	136	3300024046.a:Ga0222429_100035_202	221	1.9e-05	19	77	133	192	0.4264705882352941
DctP	286	3300024046.a:Ga0222429_100035_210	346	1.2e-78	1	277	44	318	0.965034965034965
LacI	46	3300024046.a:Ga0222429_100035_212	345	6.7e-17	1	46	7	52	0.9782608695652174
Peripla_BP_1	279	3300024046.a:Ga0222429_100035_212	345	6.4e-06	65	205	132	275	0.5017921146953405
HTH_1	60	3300024046.a:Ga0222429_100035_226	300	5.4e-23	1	60	3	62	0.9833333333333333
LysR_substrate	209	3300024046.a:Ga0222429_100035_226	300	8.5e-41	3	206	87	288	0.9712918660287081
DctP	286	3300024046.a:Ga0222429_100035_227	353	1.3e-31	17	253	53	288	0.8251748251748252
Pribosyltran	159	3300024046.a:Ga0222429_100035_235	311	4.5e-21	25	138	155	259	0.710691823899371
TPR_2	34	3300024046.a:Ga0222429_100035_238	585	6.8e-05	1	33	468	501	0.9411764705882353
TPR_4	26	3300024046.a:Ga0222429_100035_238	585	2.1e-05	3	26	538	561	0.8846153846153846
MarR	59	3300024046.a:Ga0222429_100035_24	194	1.4e-12	2	58	61	118	0.9491525423728814
DctP	286	3300024046.a:Ga0222429_100035_252	340	2.8e-60	2	279	30	312	0.9685314685314685
MarR	59	3300024046.a:Ga0222429_100035_253	158	2.3e-12	1	58	34	91	0.9661016949152542
HTH_IclR	52	3300024046.a:Ga0222429_100035_262	262	5.9e-16	1	50	10	59	0.9423076923076923
IclR	129	3300024046.a:Ga0222429_100035_262	262	3e-18	7	128	129	253	0.937984496124031
Response_reg	112	3300024046.a:Ga0222429_100035_263	219	1e-20	1	111	9	124	0.9821428571428571
GerE	57	3300024046.a:Ga0222429_100035_263	219	2.9e-19	1	55	156	210	0.9473684210526315
HisKA	64	3300024046.a:Ga0222429_100035_264	1091	8.8e-20	1	64	499	564	0.984375
HATPase_c	111	3300024046.a:Ga0222429_100035_264	1091	1.2e-26	1	109	611	724	0.972972972972973
Response_reg	112	3300024046.a:Ga0222429_100035_264	1091	1.5e-28	1	110	858	966	0.9732142857142857
Response_reg	112	3300024046.a:Ga0222429_100035_265	400	2.1e-16	1	105	7	116	0.9285714285714286
EAL	238	3300024046.a:Ga0222429_100035_265	400	9.4e-51	4	237	149	380	0.9789915966386554
HisKA	64	3300024046.a:Ga0222429_100035_266	818	4.9e-16	1	64	338	403	0.984375
HATPase_c	111	3300024046.a:Ga0222429_100035_266	818	1.7e-25	1	106	450	560	0.9459459459459459
Response_reg	112	3300024046.a:Ga0222429_100035_266	818	3e-19	2	111	700	808	0.9732142857142857
Glyoxalase	128	3300024046.a:Ga0222429_100035_290	132	1.2e-24	2	128	3	123	0.984375
Peripla_BP_3	164	3300024046.a:Ga0222429_100035_30	389	6.8e-05	1	84	153	228	0.5060975609756098
MarR	59	3300024046.a:Ga0222429_100035_36	173	3.3e-15	2	58	45	101	0.9491525423728814
MarR	59	3300024046.a:Ga0222429_100035_37	157	5.5e-13	4	58	49	103	0.9152542372881356
Aminotran_1_2	363	3300024046.a:Ga0222429_100035_5	388	6.6e-60	2	360	32	377	0.9862258953168044
CBS	57	3300024046.a:Ga0222429_100035_50	294	2.1e-06	15	56	87	129	0.7192982456140351
CBS	57	3300024046.a:Ga0222429_100035_50	294	3.1e-08	6	56	139	189	0.8771929824561403
PAS	113	3300024046.a:Ga0222429_100035_52	966	1e-10	4	113	288	395	0.9646017699115044
PAS	113	3300024046.a:Ga0222429_100035_52	966	5.7e-11	7	87	412	491	0.7079646017699115
GGDEF	161	3300024046.a:Ga0222429_100035_52	966	7.7e-53	1	160	531	688	0.9875776397515528
EAL	238	3300024046.a:Ga0222429_100035_52	966	7.8e-59	3	238	710	945	0.9873949579831933
Rrf2	83	3300024046.a:Ga0222429_100035_72	155	1.1e-25	1	81	1	80	0.963855421686747
HTH_18	81	3300024046.a:Ga0222429_100035_80	337	5e-28	1	80	251	332	0.9753086419753086
SBP_bac_1	315	3300024046.a:Ga0222429_100035_86	340	1.1e-15	12	314	43	280	0.9587301587301588
AAA	132	3300024046.a:Ga0222429_100035_87	337	3.4e-07	1	112	31	193	0.8409090909090909
HTH_DeoR	57	3300024046.a:Ga0222429_100035_89	255	5.4e-19	1	55	6	60	0.9473684210526315
DeoRC	160	3300024046.a:Ga0222429_100035_89	255	1.4e-34	2	157	72	230	0.96875
GGDEF	161	3300024046.a:Ga0222429_100035_90	628	2.4e-40	2	161	463	619	0.9875776397515528
PAS	113	3300024046.a:Ga0222429_100035_93	955	2e-12	3	106	400	502	0.911504424778761
GGDEF	161	3300024046.a:Ga0222429_100035_93	955	1.1e-45	1	160	523	674	0.9875776397515528
EAL	238	3300024046.a:Ga0222429_100035_93	955	1.1e-78	3	238	696	930	0.9873949579831933
GntR	64	3300024046.a:Ga0222429_100035_94	220	3e-09	10	64	16	69	0.84375
SBP_bac_3	225	3300024046.a:Ga0222429_100035_98	267	5.1e-67	1	225	39	259	0.9955555555555555
TetR_N	47	3300024046.a:Ga0222429_100059_109	208	2.9e-10	6	47	27	68	0.8723404255319149
HTH_1	60	3300024046.a:Ga0222429_100059_120	321	2.1e-22	2	60	9	67	0.9666666666666667
LysR_substrate	209	3300024046.a:Ga0222429_100059_120	321	1.1e-36	3	205	91	287	0.9665071770334929
GntR	64	3300024046.a:Ga0222429_100059_122	495	3.6e-17	2	64	23	85	0.96875
Aminotran_1_2	363	3300024046.a:Ga0222429_100059_122	495	1.5e-26	37	362	165	485	0.8953168044077136
Aminotran_1_2	363	3300024046.a:Ga0222429_100059_123	421	1.3e-06	106	337	156	390	0.6363636363636364
SBP_bac_1	315	3300024046.a:Ga0222429_100059_125	348	2.4e-13	9	315	40	285	0.9714285714285714
Pyr_redox_2	292	3300024046.a:Ga0222429_100059_130	476	2.7e-70	1	292	5	337	0.9965753424657534
Citrate_synt	361	3300024046.a:Ga0222429_100059_134	432	2.4e-130	1	361	50	419	0.997229916897507
Fer4	24	3300024046.a:Ga0222429_100059_136	239	7.3e-05	7	19	148	160	0.5
GntR	64	3300024046.a:Ga0222429_100059_140	257	1.6e-22	1	64	25	88	0.984375
Citrate_synt	361	3300024046.a:Ga0222429_100059_143	439	3.9e-113	2	361	71	420	0.9944598337950139
HTH_1	60	3300024046.a:Ga0222429_100059_164	317	8.3e-22	1	59	7	65	0.9666666666666667
LysR_substrate	209	3300024046.a:Ga0222429_100059_164	317	5.2e-48	3	207	92	296	0.9760765550239234
Aminotran_1_2	363	3300024046.a:Ga0222429_100059_169	395	2.9e-57	2	363	43	386	0.9944903581267218
GntR	64	3300024046.a:Ga0222429_100059_174	224	2.5e-18	2	64	16	77	0.96875
DctP	286	3300024046.a:Ga0222429_100059_175	327	4.4e-43	9	282	37	307	0.9545454545454546
PAS	113	3300024046.a:Ga0222429_100059_180	886	4.1e-09	18	85	342	410	0.5929203539823009
GGDEF	161	3300024046.a:Ga0222429_100059_180	886	3e-45	1	160	451	612	0.9875776397515528
EAL	238	3300024046.a:Ga0222429_100059_180	886	1e-74	3	238	634	868	0.9873949579831933
MarR	59	3300024046.a:Ga0222429_100059_182	151	2.9e-16	1	58	35	92	0.9661016949152542
HTH_1	60	3300024046.a:Ga0222429_100059_183	282	3e-17	1	59	3	61	0.9666666666666667
LysR_substrate	209	3300024046.a:Ga0222429_100059_183	282	4e-29	4	207	89	278	0.9712918660287081
Peripla_BP_1	279	3300024046.a:Ga0222429_100059_185	1347	4.2e-05	131	255	130	257	0.4444444444444444
Pkinase	264	3300024046.a:Ga0222429_100059_185	1347	1.8e-26	1	261	993	1296	0.9848484848484849
SBP_bac_1	315	3300024046.a:Ga0222429_100059_27	366	5.3e-17	17	312	40	298	0.9365079365079365
MarR	59	3300024046.a:Ga0222429_100059_38	142	7.5e-08	15	47	15	47	0.5423728813559322
AsnC_trans_reg	75	3300024046.a:Ga0222429_100059_38	142	6.5e-14	2	75	68	137	0.9733333333333334
PALP	294	3300024046.a:Ga0222429_100059_39	467	8.4e-17	30	280	103	400	0.8503401360544217
ACT	67	3300024046.a:Ga0222429_100059_40	435	7.6e-18	2	66	355	419	0.9552238805970149
Aminotran_1_2	363	3300024046.a:Ga0222429_100059_41	396	2.9e-54	2	356	31	377	0.9752066115702479
Rhodanese	107	3300024046.a:Ga0222429_100059_56	288	1.6e-18	2	106	8	128	0.9719626168224299
Rhodanese	107	3300024046.a:Ga0222429_100059_56	288	6.8e-09	4	106	166	278	0.9532710280373832
SBP_bac_3	225	3300024046.a:Ga0222429_100059_62	263	8.6e-60	1	224	29	253	0.9911111111111112
AraC_binding	136	3300024046.a:Ga0222429_100059_73	225	2.5e-06	10	65	12	66	0.40441176470588236
HTH_18	81	3300024046.a:Ga0222429_100059_73	225	4.1e-12	1	70	144	211	0.8518518518518519
CHASE	188	3300024046.a:Ga0222429_100059_83	1052	4.1e-33	2	180	80	253	0.9468085106382979
PAS	113	3300024046.a:Ga0222429_100059_83	1052	1e-14	1	113	355	468	0.9911504424778761
PAS	113	3300024046.a:Ga0222429_100059_83	1052	1.1e-08	2	42	484	524	0.35398230088495575
GGDEF	161	3300024046.a:Ga0222429_100059_83	1052	1.9e-48	1	161	611	773	0.9937888198757764
EAL	238	3300024046.a:Ga0222429_100059_83	1052	4.4e-72	4	238	795	1027	0.9831932773109243
HxlR	91	3300024046.a:Ga0222429_100059_85	142	1.6e-33	1	87	23	109	0.945054945054945
TetR_N	47	3300024046.a:Ga0222429_100059_98	237	3.6e-19	1	47	39	85	0.9787234042553191
Sigma70_r2	71	3300024046.a:Ga0222429_100062_107	251	1.8e-18	1	70	8	80	0.971830985915493
Sigma70_r3	78	3300024046.a:Ga0222429_100062_107	251	1.2e-09	3	52	89	138	0.6282051282051282
Sigma70_r4	50	3300024046.a:Ga0222429_100062_107	251	1.1e-14	1	50	181	230	0.98
Hemerythrin	131	3300024046.a:Ga0222429_100062_108	137	6.5e-15	2	131	2	133	0.9847328244274809
PIG-L	131	3300024046.a:Ga0222429_100062_114	348	4.2e-18	2	131	71	259	0.9847328244274809
MCPsignal	172	3300024046.a:Ga0222429_100062_116	474	8.9e-43	6	171	289	440	0.9593023255813954
NIT	231	3300024046.a:Ga0222429_100062_117	682	2.2e-12	7	230	69	307	0.9653679653679653
MCPsignal	172	3300024046.a:Ga0222429_100062_117	682	7.2e-52	3	172	461	616	0.9825581395348837
HD	122	3300024046.a:Ga0222429_100062_118	447	1.4e-13	2	121	202	322	0.9754098360655737
MarR	59	3300024046.a:Ga0222429_100062_120	170	1.6e-14	2	58	34	90	0.9491525423728814
GntR	64	3300024046.a:Ga0222429_100062_123	474	3.1e-17	2	64	4	66	0.96875
Aminotran_1_2	363	3300024046.a:Ga0222429_100062_123	474	5.9e-39	3	361	106	459	0.9862258953168044
HTH_18	81	3300024046.a:Ga0222429_100062_133	309	1.1e-18	1	80	60	138	0.9753086419753086
AAA	132	3300024046.a:Ga0222429_100062_152	773	3e-13	2	111	216	329	0.8257575757575758
AAA	132	3300024046.a:Ga0222429_100062_152	773	7.1e-13	2	118	497	620	0.8787878787878788
AAA	132	3300024046.a:Ga0222429_100062_185	431	1.2e-18	1	110	116	243	0.8257575757575758
AAA	132	3300024046.a:Ga0222429_100062_186	818	8.2e-20	1	128	354	491	0.9621212121212122
LexA_DNA_bind	65	3300024046.a:Ga0222429_100062_187	246	2.8e-27	3	65	4	66	0.9538461538461539
Aminotran_1_2	363	3300024046.a:Ga0222429_100062_188	402	5.7e-79	2	363	30	395	0.9944903581267218
Rrf2	83	3300024046.a:Ga0222429_100062_191	174	4.1e-30	1	83	1	83	0.9879518072289156
MCPsignal	172	3300024046.a:Ga0222429_100062_198	547	1.3e-31	4	170	345	497	0.9651162790697675
dCache_1	249	3300024046.a:Ga0222429_100062_27	578	2.4e-19	100	246	152	325	0.5863453815261044
GGDEF	161	3300024046.a:Ga0222429_100062_27	578	1.7e-39	3	158	414	573	0.9627329192546584
MarR	59	3300024046.a:Ga0222429_100062_31	180	4e-18	1	59	58	116	0.9830508474576272
HTH_1	60	3300024046.a:Ga0222429_100062_35	300	9.6e-22	1	59	6	64	0.9666666666666667
LysR_substrate	209	3300024046.a:Ga0222429_100062_35	300	6.6e-51	2	205	90	292	0.9712918660287081
GAF	133	3300024046.a:Ga0222429_100062_38	525	2.1e-05	6	122	19	143	0.8721804511278195
AAA	132	3300024046.a:Ga0222429_100062_38	525	1e-07	1	112	209	328	0.8409090909090909
HTH_8	42	3300024046.a:Ga0222429_100062_38	525	9.3e-08	6	36	478	508	0.7142857142857143
STAS	117	3300024046.a:Ga0222429_100062_43	543	6.3e-12	8	116	433	529	0.9230769230769231
HTH_DeoR	57	3300024046.a:Ga0222429_100062_48	261	8.3e-17	1	57	12	68	0.9824561403508771
DeoRC	160	3300024046.a:Ga0222429_100062_48	261	2.2e-50	2	159	81	238	0.98125
TOBE	64	3300024046.a:Ga0222429_100062_49	358	7.5e-06	7	57	289	334	0.78125
CheY-binding	63	3300024046.a:Ga0222429_100062_60	694	3.1e-25	1	63	170	232	0.9841269841269841
H-kinase_dim	69	3300024046.a:Ga0222429_100062_60	694	1.5e-18	3	69	304	365	0.9565217391304348
HATPase_c	111	3300024046.a:Ga0222429_100062_60	694	3.5e-18	4	110	413	549	0.954954954954955
CheW	138	3300024046.a:Ga0222429_100062_60	694	1.8e-29	2	133	555	681	0.9492753623188406
CheW	138	3300024046.a:Ga0222429_100062_61	156	7.7e-23	1	137	17	145	0.9855072463768116
MCPsignal	172	3300024046.a:Ga0222429_100062_62	580	5.3e-53	2	171	360	515	0.9825581395348837
CheR_N	53	3300024046.a:Ga0222429_100062_63	282	2.1e-09	2	53	23	74	0.9622641509433962
CheR	195	3300024046.a:Ga0222429_100062_63	282	2.1e-60	1	191	89	275	0.9743589743589743
Response_reg	112	3300024046.a:Ga0222429_100062_64	356	4.6e-28	1	101	9	111	0.8928571428571429
CheB_methylest	170	3300024046.a:Ga0222429_100062_64	356	4.1e-62	1	170	165	344	0.9941176470588236
Response_reg	112	3300024046.a:Ga0222429_100062_65	123	4e-35	1	111	3	115	0.9821428571428571
CheZ	202	3300024046.a:Ga0222429_100062_66	215	1.7e-76	2	202	18	214	0.9900990099009901
MCPsignal	172	3300024046.a:Ga0222429_100062_67	517	8e-29	15	170	138	293	0.9011627906976745
dCache_1	249	3300024046.a:Ga0222429_100062_67	517	4.2e-06	52	167	377	501	0.46184738955823296
AAA	132	3300024046.a:Ga0222429_100062_70	777	7.2e-05	2	74	181	271	0.5454545454545454
MCPsignal	172	3300024046.a:Ga0222429_100062_85	593	1.4e-56	2	172	328	484	0.9883720930232558
SBP_bac_1	315	3300024046.a:Ga0222429_100069_10	250	7.7e-13	1	315	29	239	0.9968253968253968
GGDEF	161	3300024046.a:Ga0222429_100069_109	402	1.9e-49	1	160	218	374	0.9875776397515528
GntR	64	3300024046.a:Ga0222429_100069_118	241	2.5e-20	1	64	10	72	0.984375
DctP	286	3300024046.a:Ga0222429_100069_122	332	2.1e-49	9	283	39	313	0.958041958041958
HATPase_c	111	3300024046.a:Ga0222429_100069_128	624	3.9e-10	9	109	532	617	0.9009009009009009
Response_reg	112	3300024046.a:Ga0222429_100069_129	218	2.1e-29	1	112	4	116	0.9910714285714286
GerE	57	3300024046.a:Ga0222429_100069_129	218	1.1e-22	2	57	153	208	0.9649122807017544
HTH_1	60	3300024046.a:Ga0222429_100069_13	278	2e-15	2	58	27	88	0.9333333333333333
TOBE	64	3300024046.a:Ga0222429_100069_13	278	1.6e-11	1	63	131	193	0.96875
ACT	67	3300024046.a:Ga0222429_100069_131	164	4.3e-16	1	66	3	68	0.9701492537313433
HTH_1	60	3300024046.a:Ga0222429_100069_139	292	6.4e-22	1	60	5	64	0.9833333333333333
LysR_substrate	209	3300024046.a:Ga0222429_100069_139	292	6.8e-26	3	204	90	283	0.9617224880382775
MarR	59	3300024046.a:Ga0222429_100069_165	85	5e-06	1	37	22	58	0.6101694915254238
Phage_AlpA	51	3300024046.a:Ga0222429_100069_190	69	2.8e-21	1	51	1	51	0.9803921568627451
PALP	294	3300024046.a:Ga0222429_100069_191	368	4.4e-45	19	292	46	321	0.9285714285714286
SBP_bac_3	225	3300024046.a:Ga0222429_100069_192	520	6.1e-25	7	215	64	276	0.9244444444444444
GGDEF	161	3300024046.a:Ga0222429_100069_192	520	1.2e-49	2	161	354	512	0.9875776397515528
HisKA	64	3300024046.a:Ga0222429_100069_193	516	4.4e-11	1	62	289	355	0.953125
HATPase_c	111	3300024046.a:Ga0222429_100069_193	516	2e-18	2	110	400	506	0.972972972972973
Response_reg	112	3300024046.a:Ga0222429_100069_194	204	1e-24	1	112	5	115	0.9910714285714286
GerE	57	3300024046.a:Ga0222429_100069_194	204	4.5e-21	2	56	140	194	0.9473684210526315
GntR	64	3300024046.a:Ga0222429_100069_196	235	1.3e-15	3	64	18	78	0.953125
ACT	67	3300024046.a:Ga0222429_100069_23	283	7.7e-07	1	48	4	49	0.7014925373134329
MarR	59	3300024046.a:Ga0222429_100069_3	119	1.2e-07	7	49	53	95	0.711864406779661
GGDEF	161	3300024046.a:Ga0222429_100069_5	633	8.6e-18	2	159	244	401	0.9751552795031055
EAL	238	3300024046.a:Ga0222429_100069_5	633	1.2e-14	32	206	456	624	0.7310924369747899
CbiA	128	3300024046.a:Ga0222429_100069_54	272	4.6e-19	1	127	5	226	0.984375
CBS	57	3300024046.a:Ga0222429_100069_59	573	1.2e-05	11	54	516	561	0.7543859649122807
AAA	132	3300024046.a:Ga0222429_100069_60	354	1.6e-21	1	129	69	191	0.9696969696969697
HTH_3	55	3300024046.a:Ga0222429_100069_61	106	6.6e-06	3	44	48	89	0.7454545454545455
HTH_3	55	3300024046.a:Ga0222429_100069_64	131	8.6e-08	5	54	65	113	0.8909090909090909
HTH_3	55	3300024046.a:Ga0222429_100069_7	113	4.7e-09	13	54	28	69	0.7454545454545455
HTH_8	42	3300024046.a:Ga0222429_100069_71	80	9.6e-18	5	40	38	73	0.8333333333333334
HTH_IclR	52	3300024046.a:Ga0222429_100069_84	283	1.6e-17	2	51	39	88	0.9423076923076923
IclR	129	3300024046.a:Ga0222429_100069_84	283	6.5e-30	3	109	154	260	0.8217054263565892
HTH_1	60	3300024046.a:Ga0222429_100069_88	309	2.3e-21	1	59	3	61	0.9666666666666667
LysR_substrate	209	3300024046.a:Ga0222429_100069_88	309	1.1e-49	3	207	88	290	0.9760765550239234
NUDIX	131	3300024046.a:Ga0222429_100069_94	196	1.2e-16	3	116	53	158	0.8625954198473282
AraC_binding	136	3300024046.a:Ga0222429_100069_95	309	3.3e-13	12	133	36	167	0.8897058823529411
HTH_18	81	3300024046.a:Ga0222429_100069_95	309	2.1e-20	1	81	215	294	0.9876543209876543
HTH_7	45	3300024046.a:Ga0222429_100079_1	200	6e-10	1	44	149	192	0.9555555555555556
Pyr_redox_2	292	3300024046.a:Ga0222429_100079_10	384	3.2e-19	2	292	6	309	0.9931506849315068
HisKA	64	3300024046.a:Ga0222429_100079_103	353	9.5e-10	1	63	123	187	0.96875
HATPase_c	111	3300024046.a:Ga0222429_100079_103	353	2.2e-20	1	108	235	340	0.963963963963964
Response_reg	112	3300024046.a:Ga0222429_100079_104	225	1.1e-28	1	111	3	112	0.9821428571428571
Trans_reg_C	77	3300024046.a:Ga0222429_100079_104	225	1.1e-22	1	77	145	218	0.987012987012987
Response_reg	112	3300024046.a:Ga0222429_100079_112	743	2.3e-26	2	111	21	131	0.9732142857142857
Response_reg	112	3300024046.a:Ga0222429_100079_112	743	5e-25	2	111	162	272	0.9732142857142857
GGDEF	161	3300024046.a:Ga0222429_100079_112	743	1.9e-46	2	160	308	463	0.9813664596273292
EAL	238	3300024046.a:Ga0222429_100079_112	743	3.4e-76	2	238	484	719	0.9915966386554622
HisKA	64	3300024046.a:Ga0222429_100079_113	1011	3.7e-16	2	64	268	332	0.96875
HATPase_c	111	3300024046.a:Ga0222429_100079_113	1011	1.1e-31	1	109	379	494	0.972972972972973
Response_reg	112	3300024046.a:Ga0222429_100079_113	1011	3.2e-27	1	111	520	635	0.9821428571428571
Response_reg	112	3300024046.a:Ga0222429_100079_113	1011	1.4e-28	1	111	668	785	0.9821428571428571
SBP_bac_3	225	3300024046.a:Ga0222429_100079_114	301	7.2e-08	38	222	72	263	0.8177777777777778
GntR	64	3300024046.a:Ga0222429_100079_118	476	1.9e-19	2	64	8	70	0.96875
Aminotran_1_2	363	3300024046.a:Ga0222429_100079_118	476	4.9e-36	41	348	144	445	0.8457300275482094
Aminotran_1_2	363	3300024046.a:Ga0222429_100079_121	414	4.6e-10	47	231	63	215	0.5068870523415978
Rhodanese	107	3300024046.a:Ga0222429_100079_124	359	6.6e-12	15	106	22	133	0.8504672897196262
Rhodanese	107	3300024046.a:Ga0222429_100079_13	313	3.3e-20	1	106	29	142	0.9813084112149533
Rhodanese	107	3300024046.a:Ga0222429_100079_13	313	9.8e-10	3	106	172	287	0.9626168224299065
dCache_1	249	3300024046.a:Ga0222429_100079_130	520	5.9e-19	15	248	46	268	0.9357429718875502
GGDEF	161	3300024046.a:Ga0222429_100079_130	520	3.8e-41	1	161	366	514	0.9937888198757764
MASE1	300	3300024046.a:Ga0222429_100079_134	487	5.2e-06	10	262	4	245	0.84
GGDEF	161	3300024046.a:Ga0222429_100079_134	487	1.1e-42	2	161	297	455	0.9875776397515528
PfkB	302	3300024046.a:Ga0222429_100079_14	300	7e-40	6	292	5	288	0.9470198675496688
HisKA	64	3300024046.a:Ga0222429_100079_140	441	4.4e-07	3	30	217	251	0.421875
HATPase_c	111	3300024046.a:Ga0222429_100079_140	441	2.5e-14	2	107	323	431	0.9459459459459459
Response_reg	112	3300024046.a:Ga0222429_100079_141	242	4.2e-25	1	111	10	120	0.9821428571428571
Trans_reg_C	77	3300024046.a:Ga0222429_100079_141	242	3.6e-11	1	77	153	226	0.987012987012987
MASE1	300	3300024046.a:Ga0222429_100079_144	498	2e-12	3	264	24	271	0.87
GGDEF	161	3300024046.a:Ga0222429_100079_144	498	1.7e-42	2	161	321	479	0.9875776397515528
Response_reg	112	3300024046.a:Ga0222429_100079_145	243	1.1e-23	1	111	8	119	0.9821428571428571
Trans_reg_C	77	3300024046.a:Ga0222429_100079_145	243	1.1e-18	2	77	155	230	0.974025974025974
FecR	96	3300024046.a:Ga0222429_100079_146	372	3e-15	3	94	130	228	0.9479166666666666
CHASE2	253	3300024046.a:Ga0222429_100079_147	650	5.5e-49	11	249	31	309	0.9407114624505929
HisKA	64	3300024046.a:Ga0222429_100079_147	650	3.1e-05	2	63	430	493	0.953125
HATPase_c	111	3300024046.a:Ga0222429_100079_147	650	8.8e-20	8	109	545	647	0.9099099099099099
HTH_1	60	3300024046.a:Ga0222429_100079_15	319	1e-19	2	60	22	80	0.9666666666666667
LysR_substrate	209	3300024046.a:Ga0222429_100079_15	319	1.7e-38	3	208	106	309	0.9808612440191388
CbiA	128	3300024046.a:Ga0222429_100079_151	326	5.1e-05	9	64	17	241	0.4296875
AAA	132	3300024046.a:Ga0222429_100079_154	338	0.0001	1	44	47	95	0.32575757575757575
SBP_bac_5	377	3300024046.a:Ga0222429_100079_157	529	1.2e-80	2	364	77	432	0.9602122015915119
GntR	64	3300024046.a:Ga0222429_100079_24	259	2.4e-15	3	64	36	96	0.953125
T2SSE	273	3300024046.a:Ga0222429_100079_32	560	3.6e-24	64	260	203	406	0.717948717948718
SBP_bac_1	315	3300024046.a:Ga0222429_100079_37	438	7e-16	4	314	45	344	0.9841269841269841
HTH_5	47	3300024046.a:Ga0222429_100079_4	129	8.2e-16	2	45	22	65	0.9148936170212766
HATPase_c	111	3300024046.a:Ga0222429_100079_41	654	5.5e-19	7	108	34	174	0.9099099099099099
GntR	64	3300024046.a:Ga0222429_100079_47	447	1.5e-15	6	64	4	62	0.90625
Aminotran_1_2	363	3300024046.a:Ga0222429_100079_47	447	1.8e-36	6	353	99	438	0.9559228650137741
GntR	64	3300024046.a:Ga0222429_100079_49	474	2e-16	2	64	4	66	0.96875
Aminotran_1_2	363	3300024046.a:Ga0222429_100079_49	474	9e-28	30	349	133	448	0.8787878787878788
DctP	286	3300024046.a:Ga0222429_100079_52	364	1.8e-59	5	281	39	317	0.965034965034965
HTH_1	60	3300024046.a:Ga0222429_100079_55	306	2.3e-20	1	59	7	68	0.9666666666666667
LysR_substrate	209	3300024046.a:Ga0222429_100079_55	306	9.5e-41	3	208	93	302	0.9808612440191388
SBP_bac_3	225	3300024046.a:Ga0222429_100079_66	338	3e-25	1	214	33	250	0.9466666666666667
Aminotran_1_2	363	3300024046.a:Ga0222429_100079_67	410	5.5e-39	63	363	101	402	0.8264462809917356
HTH_1	60	3300024046.a:Ga0222429_100079_68	315	2.4e-20	2	60	5	63	0.9666666666666667
LysR_substrate	209	3300024046.a:Ga0222429_100079_68	315	4.6e-33	2	206	88	292	0.9760765550239234
HxlR	91	3300024046.a:Ga0222429_100079_70	137	2.6e-28	2	89	42	129	0.9560439560439561
AraC_binding	136	3300024046.a:Ga0222429_100079_71	286	1.3e-15	16	130	44	158	0.8382352941176471
HTH_18	81	3300024046.a:Ga0222429_100079_71	286	6.5e-23	1	80	208	285	0.9753086419753086
AAA	132	3300024046.a:Ga0222429_100079_73	864	2.6e-15	2	126	203	335	0.9393939393939394
AAA	132	3300024046.a:Ga0222429_100079_73	864	1.2e-11	2	111	606	724	0.8257575757575758
Response_reg	112	3300024046.a:Ga0222429_100079_88	201	9.9e-24	1	110	8	116	0.9732142857142857
GerE	57	3300024046.a:Ga0222429_100079_88	201	7.8e-15	2	56	139	193	0.9473684210526315
HisKA	64	3300024046.a:Ga0222429_100079_89	599	6.4e-10	1	57	375	437	0.875
HATPase_c	111	3300024046.a:Ga0222429_100079_89	599	3.5e-12	4	110	490	592	0.954954954954955
Pyr_redox_2	292	3300024046.a:Ga0222429_100079_9	425	1.3e-18	2	277	3	309	0.9417808219178082
cNMP_binding	88	3300024046.a:Ga0222429_100079_92	220	2.8e-20	5	88	32	116	0.9431818181818182
AAA	132	3300024046.a:Ga0222429_100111_1	358	0.0001	1	53	33	85	0.3939393939393939
TOBE	64	3300024046.a:Ga0222429_100111_1	358	2.9e-05	7	58	289	339	0.796875
NTP_transf_2	95	3300024046.a:Ga0222429_100111_115	885	1.9e-07	17	81	73	132	0.6736842105263158
HD	122	3300024046.a:Ga0222429_100111_115	885	1.2e-10	2	107	451	569	0.860655737704918
ACT	67	3300024046.a:Ga0222429_100111_115	885	6.4e-08	3	52	800	845	0.7313432835820896
Pribosyltran	159	3300024046.a:Ga0222429_100111_117	501	1.2e-09	15	121	284	395	0.6666666666666666
Pyr_redox_2	292	3300024046.a:Ga0222429_100111_121	591	3.6e-59	1	292	124	446	0.9965753424657534
PAS	113	3300024046.a:Ga0222429_100111_124	600	1.2e-17	2	113	122	234	0.9823008849557522
HisKA	64	3300024046.a:Ga0222429_100111_124	600	1.2e-12	2	61	368	434	0.921875
HATPase_c	111	3300024046.a:Ga0222429_100111_124	600	2.8e-19	2	109	480	583	0.963963963963964
Response_reg	112	3300024046.a:Ga0222429_100111_125	208	2.1e-30	1	111	10	119	0.9821428571428571
GerE	57	3300024046.a:Ga0222429_100111_125	208	2.3e-21	2	56	145	199	0.9473684210526315
HTH_1	60	3300024046.a:Ga0222429_100111_129	298	2.4e-23	1	60	6	65	0.9833333333333333
LysR_substrate	209	3300024046.a:Ga0222429_100111_129	298	4.9e-43	2	205	90	294	0.9712918660287081
cNMP_binding	88	3300024046.a:Ga0222429_100111_27	263	5.2e-11	1	82	65	146	0.9204545454545454
Crp	32	3300024046.a:Ga0222429_100111_27	263	2.1e-09	1	27	209	235	0.8125
Response_reg	112	3300024046.a:Ga0222429_100111_28	224	4.6e-33	2	112	5	116	0.9821428571428571
GerE	57	3300024046.a:Ga0222429_100111_28	224	3.4e-21	3	57	149	203	0.9473684210526315
PAS	113	3300024046.a:Ga0222429_100111_29	359	1.7e-12	6	113	13	122	0.9469026548672567
HATPase_c	111	3300024046.a:Ga0222429_100111_29	359	7.2e-09	6	110	263	353	0.9369369369369369
CBS	57	3300024046.a:Ga0222429_100111_30	155	6.4e-11	2	54	4	56	0.9122807017543859
CBS	57	3300024046.a:Ga0222429_100111_30	155	5e-13	2	56	94	147	0.9473684210526315
HTH_1	60	3300024046.a:Ga0222429_100111_37	312	7.9e-17	1	60	11	70	0.9833333333333333
LysR_substrate	209	3300024046.a:Ga0222429_100111_37	312	3e-34	2	208	95	304	0.9856459330143541
HTH_IclR	52	3300024046.a:Ga0222429_100111_38	252	6.6e-11	1	48	10	57	0.9038461538461539
IclR	129	3300024046.a:Ga0222429_100111_38	252	6.7e-17	9	126	130	244	0.9069767441860465
SBP_bac_3	225	3300024046.a:Ga0222429_100111_39	248	1.2e-61	1	224	30	244	0.9911111111111112
SBP_bac_1	315	3300024046.a:Ga0222429_100111_4	437	7.1e-38	13	314	43	337	0.9555555555555556
dCache_1	249	3300024046.a:Ga0222429_100111_50	619	1.5e-23	8	248	44	261	0.963855421686747
MCPsignal	172	3300024046.a:Ga0222429_100111_50	619	1.9e-50	3	171	414	568	0.9767441860465116
Pyr_redox_2	292	3300024046.a:Ga0222429_100111_51	420	2.2e-18	2	288	10	312	0.9794520547945206
SBP_bac_1	315	3300024046.a:Ga0222429_100111_55	334	7.1e-17	4	315	33	273	0.9873015873015873
SBP_bac_3	225	3300024046.a:Ga0222429_100111_66	348	1.7e-05	87	195	117	227	0.48
GntR	64	3300024046.a:Ga0222429_100111_69	503	2.2e-14	2	64	27	89	0.96875
Aminotran_1_2	363	3300024046.a:Ga0222429_100111_69	503	2.1e-14	68	363	204	493	0.8126721763085399
AAA	132	3300024046.a:Ga0222429_100111_76	331	3e-05	1	69	65	143	0.5151515151515151
HTH_IclR	52	3300024046.a:Ga0222429_100111_77	277	5.4e-13	4	52	21	69	0.9230769230769231
IclR	129	3300024046.a:Ga0222429_100111_77	277	1.2e-29	3	126	134	256	0.9534883720930233
DctP	286	3300024046.a:Ga0222429_100111_81	374	2.6e-35	3	283	41	330	0.9790209790209791
HTH_IclR	52	3300024046.a:Ga0222429_100111_85	255	3.4e-11	4	51	10	57	0.9038461538461539
IclR	129	3300024046.a:Ga0222429_100111_85	255	1.4e-32	3	126	125	247	0.9534883720930233
HTH_18	81	3300024046.a:Ga0222429_100111_93	344	4.4e-21	1	80	257	335	0.9753086419753086
Response_reg	112	3300024046.a:Ga0222429_100119_10	524	8.4e-23	1	110	4	119	0.9732142857142857
AAA	132	3300024046.a:Ga0222429_100119_10	524	1.8e-05	1	113	177	299	0.8484848484848485
HTH_8	42	3300024046.a:Ga0222429_100119_10	524	3.2e-12	3	41	464	502	0.9047619047619048
Glyoxalase	128	3300024046.a:Ga0222429_100119_105	117	1.6e-09	7	127	10	111	0.9375
PAS	113	3300024046.a:Ga0222429_100119_11	318	6.7e-07	11	45	10	44	0.3008849557522124
HisKA	64	3300024046.a:Ga0222429_100119_11	318	3.6e-15	2	55	92	147	0.828125
HATPase_c	111	3300024046.a:Ga0222429_100119_11	318	4.4e-13	2	110	197	315	0.972972972972973
SBP_bac_3	225	3300024046.a:Ga0222429_100119_114	271	2.4e-07	85	177	125	210	0.4088888888888889
SBP_bac_3	225	3300024046.a:Ga0222429_100119_116	332	5e-05	88	177	107	198	0.39555555555555555
Hemerythrin	131	3300024046.a:Ga0222429_100119_118	156	1.2e-06	2	128	9	129	0.9618320610687023
DctP	286	3300024046.a:Ga0222429_100119_119	335	4.2e-110	1	283	34	317	0.986013986013986
CBS	57	3300024046.a:Ga0222429_100119_17	627	8.5e-05	1	53	474	530	0.9122807017543859
CBS	57	3300024046.a:Ga0222429_100119_17	627	6.7e-10	2	54	540	594	0.9122807017543859
dCache_2	296	3300024046.a:Ga0222429_100119_27	534	2.2e-39	51	186	51	188	0.4560810810810811
MCPsignal	172	3300024046.a:Ga0222429_100119_27	534	2.3e-53	3	172	334	489	0.9825581395348837
HTH_1	60	3300024046.a:Ga0222429_100119_3	319	8.2e-20	2	59	4	61	0.95
LysR_substrate	209	3300024046.a:Ga0222429_100119_3	319	9.4e-50	2	205	87	297	0.9712918660287081
TrkA_C	70	3300024046.a:Ga0222429_100119_31	219	2.6e-08	4	62	149	210	0.8285714285714286
SBP_bac_3	225	3300024046.a:Ga0222429_100119_33	273	4.3e-60	1	224	29	261	0.9911111111111112
AraC_binding	136	3300024046.a:Ga0222429_100119_39	269	2e-05	20	96	29	106	0.5588235294117647
HTH_18	81	3300024046.a:Ga0222429_100119_39	269	7.1e-20	3	80	191	266	0.9506172839506173
HTH_3	55	3300024046.a:Ga0222429_100119_40	100	1.3e-06	7	46	20	59	0.7090909090909091
dCache_1	249	3300024046.a:Ga0222429_100119_68	961	4e-11	19	234	85	316	0.8634538152610441
HD	122	3300024046.a:Ga0222429_100119_68	961	1.2e-05	3	49	582	640	0.3770491803278688
HD	122	3300024046.a:Ga0222429_100119_68	961	1.8e-05	53	121	819	885	0.5573770491803278
SBP_bac_1	315	3300024046.a:Ga0222429_100119_7	347	1e-12	11	314	44	290	0.9619047619047619
HTH_18	81	3300024046.a:Ga0222429_100119_77	146	1.9e-25	1	78	65	140	0.9506172839506173
HTH_1	60	3300024046.a:Ga0222429_100119_83	306	9e-24	1	60	6	65	0.9833333333333333
LysR_substrate	209	3300024046.a:Ga0222429_100119_83	306	2.1e-43	1	208	89	295	0.9904306220095693
Glyoxalase	128	3300024046.a:Ga0222429_100119_84	131	4.3e-12	2	128	3	124	0.984375
HTH_5	47	3300024046.a:Ga0222429_100119_86	107	3.8e-13	1	46	13	59	0.9574468085106383
CBS	57	3300024046.a:Ga0222429_100119_94	487	8.8e-13	8	52	95	138	0.7719298245614035
CBS	57	3300024046.a:Ga0222429_100119_94	487	3.4e-08	2	53	148	201	0.8947368421052632
B12-binding	121	3300024046.a:Ga0222429_100119_94	487	8e-05	40	114	224	299	0.6115702479338843
Pyr_redox_2	292	3300024046.a:Ga0222429_100119_99	470	3.5e-67	3	292	9	331	0.9897260273972602
TPR_2	34	3300024046.a:Ga0222429_100127_101	213	3.4e-05	6	29	168	191	0.6764705882352942
EAL	238	3300024046.a:Ga0222429_100127_108	359	1.7e-06	39	154	213	321	0.4831932773109244
Peptidase_M23	96	3300024046.a:Ga0222429_100127_18	290	1.9e-30	3	96	189	282	0.96875
MerR	38	3300024046.a:Ga0222429_100127_38	147	1.9e-16	1	38	2	39	0.9736842105263158
Response_reg	112	3300024046.a:Ga0222429_100127_40	233	3.3e-30	1	111	3	111	0.9821428571428571
Trans_reg_C	77	3300024046.a:Ga0222429_100127_40	233	8.4e-25	1	77	146	222	0.987012987012987
HisKA	64	3300024046.a:Ga0222429_100127_41	508	4.6e-17	2	64	271	334	0.96875
HATPase_c	111	3300024046.a:Ga0222429_100127_41	508	5.2e-22	1	109	379	489	0.972972972972973
DctP	286	3300024046.a:Ga0222429_100127_46	350	7.4e-43	2	278	34	316	0.965034965034965
DctP	286	3300024046.a:Ga0222429_100127_48	355	2.8e-38	2	281	39	324	0.9755244755244755
HTH_1	60	3300024046.a:Ga0222429_100127_54	298	1.3e-20	1	60	5	64	0.9833333333333333
LysR_substrate	209	3300024046.a:Ga0222429_100127_54	298	7.7e-19	5	206	93	292	0.9617224880382775
Hemerythrin	131	3300024046.a:Ga0222429_100127_55	447	3.5e-13	3	131	259	393	0.9770992366412213
HTH_1	60	3300024046.a:Ga0222429_100127_67	305	3.3e-21	1	60	3	62	0.9833333333333333
LysR_substrate	209	3300024046.a:Ga0222429_100127_67	305	5.1e-36	2	207	87	291	0.9808612440191388
HD	122	3300024046.a:Ga0222429_100127_7	755	3.7e-12	1	122	87	186	0.9918032786885246
MarR	59	3300024046.a:Ga0222429_100127_75	173	2.2e-10	2	58	38	94	0.9491525423728814
AraC_binding	136	3300024046.a:Ga0222429_100127_79	312	5.5e-10	8	117	43	152	0.8014705882352942
HTH_18	81	3300024046.a:Ga0222429_100127_79	312	2.1e-21	1	81	220	299	0.9876543209876543
AraC_binding	136	3300024046.a:Ga0222429_100127_81	330	2.2e-06	7	100	51	148	0.6838235294117647
HTH_18	81	3300024046.a:Ga0222429_100127_81	330	2.1e-20	1	81	228	307	0.9876543209876543
Response_reg	112	3300024046.a:Ga0222429_100127_82	465	4.6e-29	1	112	6	116	0.9910714285714286
AAA	132	3300024046.a:Ga0222429_100127_82	465	8e-07	1	129	170	304	0.9696969696969697
HTH_8	42	3300024046.a:Ga0222429_100127_82	465	2e-08	3	42	400	439	0.9285714285714286
dCache_1	249	3300024046.a:Ga0222429_100127_83	621	1.3e-05	8	160	50	192	0.6104417670682731
HisKA	64	3300024046.a:Ga0222429_100127_83	621	3.4e-13	2	63	400	466	0.953125
HATPase_c	111	3300024046.a:Ga0222429_100127_83	621	1.6e-19	2	107	511	613	0.9459459459459459
GAF	133	3300024046.a:Ga0222429_100127_87	623	2.3e-12	5	130	60	190	0.9398496240601504
AAA	132	3300024046.a:Ga0222429_100127_87	623	1.3e-06	1	70	332	413	0.5227272727272727
HTH_8	42	3300024046.a:Ga0222429_100127_87	623	7.5e-18	2	40	584	622	0.9047619047619048
Sigma70_r2	71	3300024046.a:Ga0222429_100127_88	743	8.8e-23	3	70	509	576	0.9436619718309859
Sigma70_r3	78	3300024046.a:Ga0222429_100127_88	743	3.2e-27	1	77	586	662	0.9743589743589743
Sigma70_r4	50	3300024046.a:Ga0222429_100127_88	743	8e-21	1	50	675	728	0.98
Pribosyltran	159	3300024046.a:Ga0222429_100127_91	187	3.3e-26	2	156	15	161	0.9685534591194969
Aminotran_1_2	363	3300024046.a:Ga0222429_100127_98	359	6.2e-59	2	363	25	352	0.9944903581267218
GAF	133	3300024046.a:Ga0222429_100134_10	681	4e-15	1	133	103	244	0.9924812030075187
PAS	113	3300024046.a:Ga0222429_100134_13	289	1.9e-15	4	113	160	272	0.9646017699115044
FUR	120	3300024046.a:Ga0222429_100134_25	168	2.4e-14	3	99	30	127	0.8
GAF	133	3300024046.a:Ga0222429_100134_36	688	2.9e-05	43	129	126	202	0.6466165413533834
PAS	113	3300024046.a:Ga0222429_100134_36	688	6e-07	3	107	222	334	0.9203539823008849
HTH_8	42	3300024046.a:Ga0222429_100134_36	688	4.7e-12	2	42	617	657	0.9523809523809523
Pyr_redox_2	292	3300024046.a:Ga0222429_100134_37	466	7.2e-64	1	292	6	325	0.9965753424657534
Glyoxalase	128	3300024046.a:Ga0222429_100134_42	203	4.3e-12	2	128	36	177	0.984375
DctP	286	3300024046.a:Ga0222429_100134_53	342	2.9e-53	3	281	34	317	0.972027972027972
HTH_1	60	3300024046.a:Ga0222429_100134_54	322	1.3e-21	2	59	6	63	0.95
LysR_substrate	209	3300024046.a:Ga0222429_100134_54	322	4e-44	3	208	90	294	0.9808612440191388
EAL	238	3300024046.a:Ga0222429_100134_62	619	1.1e-46	8	238	30	255	0.9663865546218487
CBS	57	3300024046.a:Ga0222429_100134_62	619	1.1e-07	7	54	301	348	0.8245614035087719
GGDEF	161	3300024046.a:Ga0222429_100134_62	619	6.7e-14	5	97	433	520	0.5714285714285714
Aminotran_1_2	363	3300024046.a:Ga0222429_100134_65	426	4.2e-10	16	189	50	220	0.4765840220385675
Rrf2	83	3300024046.a:Ga0222429_100134_69	171	9.9e-23	2	83	3	83	0.9759036144578314
Sigma70_r2	71	3300024046.a:Ga0222429_100134_71	176	4.2e-10	1	67	26	91	0.9295774647887324
MerR	38	3300024046.a:Ga0222429_100134_73	141	1.6e-12	1	38	20	57	0.9736842105263158
FIST	172	3300024046.a:Ga0222429_100134_8	590	3e-30	2	172	35	225	0.9883720930232558
GGDEF	161	3300024046.a:Ga0222429_100134_8	590	2.8e-47	2	161	433	585	0.9875776397515528
Ammonium_transp	399	3300024046.a:Ga0222429_100134_83	411	1.4e-112	1	399	7	408	0.9974937343358395
PAS	113	3300024046.a:Ga0222429_100134_84	689	1.9e-06	9	100	271	363	0.8053097345132744
PAS	113	3300024046.a:Ga0222429_100134_84	689	1.6e-12	9	113	392	496	0.9203539823008849
GGDEF	161	3300024046.a:Ga0222429_100134_84	689	2.2e-51	1	161	510	667	0.9937888198757764
PTS-HPr	82	3300024046.a:Ga0222429_100134_86	90	3.8e-28	3	81	4	82	0.9512195121951219
CheW	138	3300024046.a:Ga0222429_100134_96	322	2.3e-33	1	136	21	165	0.9782608695652174
Response_reg	112	3300024046.a:Ga0222429_100134_96	322	7.1e-19	1	111	192	315	0.9821428571428571
dCache_1	249	3300024046.a:Ga0222429_100134_97	659	7.9e-22	92	247	107	254	0.6224899598393574
MCPsignal	172	3300024046.a:Ga0222429_100134_97	659	5.3e-50	4	172	409	563	0.9767441860465116
MarR	59	3300024046.a:Ga0222429_100203_10	160	8.8e-09	5	50	11	56	0.7627118644067796
AsnC_trans_reg	75	3300024046.a:Ga0222429_100203_10	160	1.4e-23	1	74	73	149	0.9733333333333334
Glyoxalase	128	3300024046.a:Ga0222429_100203_11	368	4e-15	1	109	174	285	0.84375
NUDIX	131	3300024046.a:Ga0222429_100203_19	195	6.4e-27	2	115	7	136	0.8625954198473282
GntR	64	3300024046.a:Ga0222429_100203_2	228	1.4e-19	2	64	17	78	0.96875
HTH_1	60	3300024046.a:Ga0222429_100203_37	306	4.2e-21	2	60	4	62	0.9666666666666667
LysR_substrate	209	3300024046.a:Ga0222429_100203_37	306	1.4e-35	6	207	91	291	0.9617224880382775
Pyr_redox_2	292	3300024046.a:Ga0222429_100203_38	524	1.3e-46	1	289	212	496	0.9863013698630136
PAS	113	3300024046.a:Ga0222429_100203_40	537	8.7e-14	15	101	22	107	0.7610619469026548
MCPsignal	172	3300024046.a:Ga0222429_100203_40	537	4.7e-42	3	170	326	479	0.9709302325581395
DctP	286	3300024046.a:Ga0222429_100203_5	326	6.3e-74	1	281	29	305	0.9790209790209791
HTH_1	60	3300024046.a:Ga0222429_100203_52	294	1.5e-23	4	60	8	64	0.9333333333333333
LysR_substrate	209	3300024046.a:Ga0222429_100203_52	294	2.7e-33	4	205	91	287	0.9617224880382775
Aminotran_1_2	363	3300024046.a:Ga0222429_100203_66	427	2.7e-12	43	188	60	182	0.39944903581267216
Pyr_redox	81	3300024046.a:Ga0222429_100203_71	417	2.9e-08	2	32	8	38	0.37037037037037035
GntR	64	3300024046.a:Ga0222429_100203_73	231	4e-16	2	64	25	86	0.96875
DctP	286	3300024046.a:Ga0222429_100203_78	352	1.8e-45	4	275	33	308	0.9475524475524476
PALP	294	3300024046.a:Ga0222429_100203_8	441	5.8e-52	23	274	95	389	0.8537414965986394
MCPsignal	172	3300024046.a:Ga0222429_100203_82	605	2e-53	3	172	322	477	0.9825581395348837
HisKA	64	3300024046.a:Ga0222429_100203_83	368	4.5e-05	1	56	244	310	0.859375
HEM4	232	3300024046.a:Ga0222429_100206_14	255	2.1e-28	2	212	18	220	0.9051724137931034
FHA	69	3300024046.a:Ga0222429_100206_25	602	6e-13	2	69	25	88	0.9710144927536232
T2SSE	273	3300024046.a:Ga0222429_100206_25	602	2.6e-83	3	272	241	518	0.9853479853479854
HisKA	64	3300024046.a:Ga0222429_100206_3	484	3.6e-17	1	63	249	313	0.96875
HATPase_c	111	3300024046.a:Ga0222429_100206_3	484	7.6e-22	5	109	366	475	0.9369369369369369
CBS	57	3300024046.a:Ga0222429_100206_32	156	1.1e-07	13	55	19	60	0.7368421052631579
CBS	57	3300024046.a:Ga0222429_100206_32	156	1.1e-10	1	56	72	126	0.9649122807017544
MerR	38	3300024046.a:Ga0222429_100206_36	153	4e-11	1	33	18	50	0.8421052631578947
MCPsignal	172	3300024046.a:Ga0222429_100206_37	534	8e-33	2	172	326	489	0.9883720930232558
EAL	238	3300024046.a:Ga0222429_100206_38	290	8.1e-58	2	238	36	263	0.9915966386554622
MerR	38	3300024046.a:Ga0222429_100206_39	138	6.4e-13	1	38	2	39	0.9736842105263158
Response_reg	112	3300024046.a:Ga0222429_100206_4	234	2.6e-29	1	111	3	112	0.9821428571428571
Trans_reg_C	77	3300024046.a:Ga0222429_100206_4	234	2.3e-22	3	77	147	218	0.961038961038961
ATPase_2	233	3300024046.a:Ga0222429_100206_5	351	4.5e-07	22	124	68	199	0.43776824034334766
HisKA	64	3300024046.a:Ga0222429_100206_57	436	1.7e-05	3	56	212	270	0.828125
HATPase_c	111	3300024046.a:Ga0222429_100206_57	436	4.1e-16	4	110	322	423	0.954954954954955
Response_reg	112	3300024046.a:Ga0222429_100206_58	188	6.5e-19	2	110	16	125	0.9642857142857143
HTH_8	42	3300024046.a:Ga0222429_100206_58	188	5.6e-14	3	41	145	183	0.9047619047619048
TetR_N	47	3300024046.a:Ga0222429_100206_62	183	1.2e-14	1	45	17	61	0.9361702127659575
Nitroreductase	170	3300024046.a:Ga0222429_100206_67	193	2.3e-23	2	169	9	165	0.9823529411764705
MerR	38	3300024046.a:Ga0222429_100206_68	150	1.2e-17	1	38	18	55	0.9736842105263158
HMA	62	3300024046.a:Ga0222429_100206_69	757	5.8e-18	3	61	13	71	0.9354838709677419
HTH_1	60	3300024046.a:Ga0222429_100206_7	305	6.2e-20	1	59	4	62	0.9666666666666667
LysR_substrate	209	3300024046.a:Ga0222429_100206_7	305	1.9e-40	2	208	88	293	0.9856459330143541
Glyoxalase	128	3300024046.a:Ga0222429_100206_70	131	8.9e-12	1	128	7	124	0.9921875
HTH_3	55	3300024046.a:Ga0222429_100206_72	98	1.7e-12	5	53	18	66	0.8727272727272727
HMA	62	3300024046.a:Ga0222429_100206_73	67	8.5e-15	2	62	5	62	0.967741935483871
Pyr_redox_2	292	3300024046.a:Ga0222429_100206_74	463	1.2e-34	2	286	9	322	0.9726027397260274
HMA	62	3300024046.a:Ga0222429_100254_10	760	3.1e-09	2	61	69	126	0.9516129032258065
MerR	38	3300024046.a:Ga0222429_100254_11	144	4.5e-16	1	38	2	39	0.9736842105263158
CbiA	128	3300024046.a:Ga0222429_100254_18	362	3.4e-15	1	80	100	264	0.6171875
Pyr_redox_2	292	3300024046.a:Ga0222429_100254_23	438	1.4e-07	2	107	9	165	0.3595890410958904
MerR	38	3300024046.a:Ga0222429_100254_29	152	2.8e-16	1	38	6	43	0.9736842105263158
dCache_1	249	3300024046.a:Ga0222429_100254_38	579	3.4e-13	13	248	47	288	0.9437751004016064
HisKA	64	3300024046.a:Ga0222429_100254_38	579	3.7e-09	2	57	359	419	0.859375
HATPase_c	111	3300024046.a:Ga0222429_100254_38	579	1.4e-21	1	110	468	577	0.9819819819819819
Response_reg	112	3300024046.a:Ga0222429_100254_39	200	4.6e-21	2	110	9	115	0.9642857142857143
GerE	57	3300024046.a:Ga0222429_100254_39	200	1.2e-13	3	55	136	190	0.9122807017543859
HATPase_c	111	3300024046.a:Ga0222429_100254_41	658	2.3e-07	5	62	24	79	0.5135135135135135
GerE	57	3300024046.a:Ga0222429_100254_50	216	4.2e-18	3	54	144	195	0.8947368421052632
AraC_binding	136	3300024046.a:Ga0222429_100254_6	280	3.4e-05	28	71	216	259	0.3161764705882353
MerR	38	3300024046.a:Ga0222429_100254_7	158	1.3e-10	2	38	3	38	0.9473684210526315
HTH_1	60	3300024046.a:Ga0222429_100254_9	305	3.3e-22	2	60	18	76	0.9666666666666667
LysR_substrate	209	3300024046.a:Ga0222429_100254_9	305	1.5e-31	4	206	101	289	0.9665071770334929
MarR	59	3300024046.a:Ga0222429_100373_1	179	8.2e-17	1	59	39	97	0.9830508474576272
SBP_bac_3	225	3300024046.a:Ga0222429_100373_9	293	5.7e-43	1	222	43	270	0.9822222222222222
GGDEF	161	3300024046.a:Ga0222429_100384_18	373	1.3e-40	1	159	218	368	0.9813664596273292
Aminotran_1_2	363	3300024046.a:Ga0222429_100384_2	401	6.2e-69	2	363	43	389	0.9944903581267218
SBP_bac_3	225	3300024046.a:Ga0222429_100384_21	277	9.5e-56	1	225	36	259	0.9955555555555555
HTH_1	60	3300024046.a:Ga0222429_100384_25	303	2.3e-18	1	60	4	63	0.9833333333333333
LysR_substrate	209	3300024046.a:Ga0222429_100384_25	303	7.1e-29	3	208	88	290	0.9808612440191388
Fer4	24	3300024046.a:Ga0222429_100384_26	362	5.9e-05	7	23	195	211	0.6666666666666666
Response_reg	112	3300024046.a:Ga0222429_100384_27	223	1.6e-26	1	111	3	115	0.9821428571428571
Trans_reg_C	77	3300024046.a:Ga0222429_100384_27	223	8.1e-25	1	76	148	218	0.974025974025974
HisKA	64	3300024046.a:Ga0222429_100384_28	463	1.6e-14	2	62	250	310	0.9375
HATPase_c	111	3300024046.a:Ga0222429_100384_28	463	2.1e-16	6	105	357	457	0.8918918918918919
SBP_bac_3	225	3300024046.a:Ga0222429_100384_3	865	6.5e-24	2	210	33	236	0.9244444444444444
PAS	113	3300024046.a:Ga0222429_100384_3	865	7.5e-08	3	112	302	411	0.9646017699115044
GGDEF	161	3300024046.a:Ga0222429_100384_3	865	6.3e-43	1	161	426	589	0.9937888198757764
EAL	238	3300024046.a:Ga0222429_100384_3	865	2.7e-68	3	238	610	842	0.9873949579831933
HxlR	91	3300024046.a:Ga0222429_100384_32	237	9.7e-26	2	89	19	106	0.9560439560439561
HTH_1	60	3300024046.a:Ga0222429_100384_35	309	3.1e-22	1	59	6	64	0.9666666666666667
LysR_substrate	209	3300024046.a:Ga0222429_100384_35	309	2.2e-36	2	205	90	294	0.9712918660287081
AraC_binding	136	3300024046.a:Ga0222429_100384_36	138	6.7e-08	12	65	47	101	0.3897058823529412
DctP	286	3300024046.a:Ga0222429_100384_6	363	2.6e-60	7	285	44	324	0.972027972027972
HD	122	3300024046.a:Ga0222429_100384_9	409	4.6e-18	2	120	168	288	0.9672131147540983
Sigma70_r2	71	3300024046.a:Ga0222429_100479_10	302	9.2e-18	2	69	8	71	0.9436619718309859
Sigma70_r4_2	54	3300024046.a:Ga0222429_100479_10	302	4.4e-16	3	54	110	161	0.9444444444444444
AraC_binding	136	3300024046.a:Ga0222429_100479_14	137	5.3e-05	17	63	62	109	0.3382352941176471
NUDIX	131	3300024046.a:Ga0222429_100479_15	265	2.5e-15	2	80	73	157	0.5954198473282443
PALP	294	3300024046.a:Ga0222429_100479_26	310	1.3e-65	2	294	16	297	0.9931972789115646
PfkB	302	3300024046.a:Ga0222429_100479_29	312	1.4e-43	3	297	13	303	0.9735099337748344
GerE	57	3300024046.a:Ga0222429_100484_10	69	4.2e-15	2	55	5	58	0.9298245614035088
SBP_bac_3	225	3300024046.a:Ga0222429_100610_12	254	4.4e-70	1	225	31	247	0.9955555555555555
CBS	57	3300024046.a:Ga0222429_100610_2	496	2.2e-06	1	52	183	239	0.8947368421052632
CBS	57	3300024046.a:Ga0222429_100610_2	496	4.8e-08	1	56	247	302	0.9649122807017544
MarR	59	3300024046.a:Ga0222429_100857_12	167	7.7e-11	1	58	40	98	0.9661016949152542
cNMP_binding	88	3300024046.a:Ga0222429_100857_2	226	7.3e-18	3	84	28	109	0.9204545454545454
Crp	32	3300024046.a:Ga0222429_100857_2	226	1.1e-17	1	32	170	201	0.96875
Fer4	24	3300024046.a:Ga0222429_100857_5	502	3.4e-05	7	21	288	302	0.5833333333333334
Fer4	24	3300024046.a:Ga0222429_100857_5	502	1.7e-05	7	18	312	323	0.4583333333333333
Response_reg	112	3300024046.a:Ga0222429_101581_1	211	1.7e-21	2	112	17	133	0.9821428571428571
GerE	57	3300024046.a:Ga0222429_101581_1	211	1.5e-20	2	56	154	208	0.9473684210526315
PAS	113	3300024046.a:Ga0222429_101581_2	668	2.1e-14	4	113	298	408	0.9646017699115044
HisKA	64	3300024046.a:Ga0222429_101581_2	668	9e-09	2	61	434	505	0.921875
HATPase_c	111	3300024046.a:Ga0222429_101581_2	668	2.7e-20	2	108	551	660	0.954954954954955
DctP	286	3300024046.a:Ga0222429_101581_3	331	1.5e-100	1	281	29	310	0.9790209790209791
DctP	286	3300024046.a:Ga0222429_101581_4	334	1.6e-109	1	283	33	315	0.986013986013986
