Sigma70_r2	71	3300011151.a:Ga0122799_100007_105	186	3.3e-13	2	69	25	90	0.9436619718309859
Sigma70_r4_2	54	3300011151.a:Ga0122799_100007_105	186	2.8e-19	2	52	117	167	0.9259259259259259
Y_Y_Y	66	3300011151.a:Ga0122799_100007_106	147	7.1e-05	18	62	95	140	0.6666666666666666
AAA	132	3300011151.a:Ga0122799_100007_109	871	4.3e-16	2	127	202	336	0.946969696969697
AAA	132	3300011151.a:Ga0122799_100007_109	871	4.2e-09	2	111	601	719	0.8257575757575758
PALP	294	3300011151.a:Ga0122799_100007_110	303	7.6e-68	3	291	8	287	0.9795918367346939
EPSP_synthase	417	3300011151.a:Ga0122799_100007_114	410	1.7e-69	83	417	60	399	0.8009592326139089
Aminotran_1_2	363	3300011151.a:Ga0122799_100007_123	381	1.8e-61	2	352	31	367	0.9641873278236914
ACT	67	3300011151.a:Ga0122799_100007_124	282	2.7e-05	4	53	203	252	0.7313432835820896
Aminotran_1_2	363	3300011151.a:Ga0122799_100007_129	380	1.4e-58	3	362	26	375	0.9889807162534435
HATPase_c	111	3300011151.a:Ga0122799_100007_130	617	1.6e-12	4	109	43	173	0.9459459459459459
CBS	57	3300011151.a:Ga0122799_100007_137	474	9.1e-08	6	56	247	298	0.8771929824561403
CBS	57	3300011151.a:Ga0122799_100007_137	474	3.1e-09	7	56	311	360	0.8596491228070176
HEM4	232	3300011151.a:Ga0122799_100007_147	250	1.7e-30	13	231	30	235	0.9396551724137931
HisKA	64	3300011151.a:Ga0122799_100007_15	343	4.5e-13	2	63	118	183	0.953125
HATPase_c	111	3300011151.a:Ga0122799_100007_15	343	2.6e-28	1	109	231	341	0.972972972972973
Response_reg	112	3300011151.a:Ga0122799_100007_155	335	2.3e-05	36	104	20	92	0.6071428571428571
Response_reg	112	3300011151.a:Ga0122799_100007_16	227	3.1e-31	1	111	6	117	0.9821428571428571
Trans_reg_C	77	3300011151.a:Ga0122799_100007_16	227	3.1e-21	2	77	154	224	0.974025974025974
Aminotran_1_2	363	3300011151.a:Ga0122799_100007_166	384	8.2e-07	46	196	52	181	0.4132231404958678
Glycos_trans_3N	63	3300011151.a:Ga0122799_100007_189	329	8.7e-09	2	61	3	62	0.9365079365079365
PALP	294	3300011151.a:Ga0122799_100007_192	395	1.9e-51	4	294	55	377	0.9863945578231292
HTH_11	55	3300011151.a:Ga0122799_100007_209	158	1.9e-10	5	49	18	60	0.8
AsnC_trans_reg	75	3300011151.a:Ga0122799_100007_209	158	4e-20	6	75	82	149	0.92
HTH_18	81	3300011151.a:Ga0122799_100007_211	288	2.2e-15	2	80	206	283	0.9629629629629629
MerR	38	3300011151.a:Ga0122799_100007_33	92	2.5e-05	4	26	41	63	0.5789473684210527
HTH_3	55	3300011151.a:Ga0122799_100007_40	147	1.3e-14	4	52	44	93	0.8727272727272727
CbiA	128	3300011151.a:Ga0122799_100007_45	794	1.6e-09	1	43	587	629	0.328125
Pribosyltran	159	3300011151.a:Ga0122799_100007_49	312	6.4e-17	27	124	159	248	0.610062893081761
Rrf2	83	3300011151.a:Ga0122799_100007_51	145	2.6e-18	3	83	2	84	0.963855421686747
ACT	67	3300011151.a:Ga0122799_100007_59	818	1e-08	10	61	327	375	0.7611940298507462
ACT	67	3300011151.a:Ga0122799_100007_59	818	3.5e-08	11	65	409	457	0.8059701492537313
PALP	294	3300011151.a:Ga0122799_100007_61	436	6.5e-21	30	293	99	384	0.8945578231292517
PALP	294	3300011151.a:Ga0122799_100007_62	428	6.5e-76	3	294	29	320	0.9897959183673469
ACT	67	3300011151.a:Ga0122799_100007_64	198	1.7e-11	2	60	8	66	0.8656716417910447
MarR	59	3300011151.a:Ga0122799_100007_7	154	4.5e-09	3	51	6	54	0.8135593220338984
AsnC_trans_reg	75	3300011151.a:Ga0122799_100007_7	154	2.6e-22	3	74	72	143	0.9466666666666667
Fer4	24	3300011151.a:Ga0122799_100007_76	167	6.6e-09	4	24	70	90	0.8333333333333334
Fer4	24	3300011151.a:Ga0122799_100007_76	167	1.6e-09	1	23	113	135	0.9166666666666666
Sigma70_r2	71	3300011151.a:Ga0122799_100007_86	192	2.5e-14	1	69	30	96	0.9577464788732394
Sigma70_r4_2	54	3300011151.a:Ga0122799_100007_86	192	9.8e-19	4	54	125	175	0.9259259259259259
LacI	46	3300011151.a:Ga0122799_100009_10	360	5.6e-17	1	46	25	70	0.9782608695652174
Peripla_BP_1	279	3300011151.a:Ga0122799_100009_10	360	1.1e-37	2	261	82	333	0.9283154121863799
Fer4	24	3300011151.a:Ga0122799_100009_113	1054	8.2e-07	2	19	783	800	0.7083333333333334
Fer4	24	3300011151.a:Ga0122799_100009_119	485	1.9e-06	6	21	280	295	0.625
HTH_5	47	3300011151.a:Ga0122799_100009_128	118	1.8e-13	1	45	33	78	0.9361702127659575
HMA	62	3300011151.a:Ga0122799_100009_139	284	3.5e-05	9	62	30	82	0.8548387096774194
AraC_binding	136	3300011151.a:Ga0122799_100009_144	283	4e-07	13	84	28	97	0.5220588235294118
HTH_18	81	3300011151.a:Ga0122799_100009_144	283	1.9e-20	1	80	198	276	0.9753086419753086
HxlR	91	3300011151.a:Ga0122799_100009_145	129	1.8e-26	2	88	27	114	0.945054945054945
HMA	62	3300011151.a:Ga0122799_100009_150	200	1.1e-14	2	61	132	191	0.9516129032258065
HTH_5	47	3300011151.a:Ga0122799_100009_151	153	1.8e-16	3	46	72	116	0.9148936170212766
CbiA	128	3300011151.a:Ga0122799_100009_154	256	8.5e-11	1	119	10	214	0.921875
HTH_3	55	3300011151.a:Ga0122799_100009_165	72	4.5e-14	1	46	12	58	0.8181818181818182
Response_reg	112	3300011151.a:Ga0122799_100009_180	150	7.5e-28	3	111	11	122	0.9642857142857143
AraC_binding	136	3300011151.a:Ga0122799_100009_186	294	3.2e-14	14	135	38	168	0.8897058823529411
HTH_18	81	3300011151.a:Ga0122799_100009_186	294	1e-19	1	81	211	290	0.9876543209876543
peroxidase	229	3300011151.a:Ga0122799_100009_192	740	1.3e-47	2	227	71	397	0.982532751091703
peroxidase	229	3300011151.a:Ga0122799_100009_192	740	2e-41	3	228	406	712	0.982532751091703
PadR	75	3300011151.a:Ga0122799_100009_37	114	5.3e-21	1	75	19	90	0.9866666666666667
PfkB	302	3300011151.a:Ga0122799_100009_5	336	8.9e-33	2	289	3	306	0.9503311258278145
Pyr_redox_2	292	3300011151.a:Ga0122799_100009_73	414	1.6e-09	2	116	6	175	0.3904109589041096
SBP_bac_5	377	3300011151.a:Ga0122799_100009_79	528	7.9e-73	1	373	69	443	0.986737400530504
HTH_18	81	3300011151.a:Ga0122799_100009_81	516	4.4e-12	5	80	433	511	0.9259259259259259
HisKA	64	3300011151.a:Ga0122799_100009_85	384	4.3e-07	8	62	183	233	0.84375
HATPase_c	111	3300011151.a:Ga0122799_100009_85	384	9.5e-19	9	108	285	382	0.8918918918918919
GyrI-like	155	3300011151.a:Ga0122799_100009_86	150	5.1e-18	10	155	3	148	0.9354838709677419
CBS	57	3300011151.a:Ga0122799_100009_87	452	2.9e-09	2	53	138	194	0.8947368421052632
CBS	57	3300011151.a:Ga0122799_100009_87	452	5.8e-06	2	55	202	255	0.9298245614035088
AraC_binding	136	3300011151.a:Ga0122799_100009_94	274	3.7e-10	4	78	25	98	0.5441176470588235
HTH_18	81	3300011151.a:Ga0122799_100009_94	274	1.4e-21	3	80	192	268	0.9506172839506173
Pribosyltran	159	3300011151.a:Ga0122799_100010_113	179	6.4e-28	10	159	19	164	0.9371069182389937
AAA	132	3300011151.a:Ga0122799_100010_123	842	1.7e-13	2	111	227	339	0.8257575757575758
AAA	132	3300011151.a:Ga0122799_100010_123	842	1.4e-10	2	111	564	682	0.8257575757575758
GerE	57	3300011151.a:Ga0122799_100010_124	258	2.5e-14	2	54	199	251	0.9122807017543859
AAA	132	3300011151.a:Ga0122799_100010_137	671	2.1e-48	2	131	236	368	0.9772727272727273
NUDIX	131	3300011151.a:Ga0122799_100010_140	172	1.6e-26	2	131	29	158	0.9847328244274809
Penicillinase_R	115	3300011151.a:Ga0122799_100010_151	126	2.7e-32	1	114	5	117	0.9826086956521739
Aminotran_1_2	363	3300011151.a:Ga0122799_100010_154	367	2.8e-16	46	296	34	267	0.6887052341597796
NUDIX	131	3300011151.a:Ga0122799_100010_156	135	2.5e-15	5	118	6	113	0.8625954198473282
CBS	57	3300011151.a:Ga0122799_100010_175	491	1.1e-12	5	52	100	147	0.8245614035087719
CBS	57	3300011151.a:Ga0122799_100010_175	491	6.9e-12	1	51	156	207	0.8771929824561403
HATPase_c	111	3300011151.a:Ga0122799_100010_196	595	1.8e-09	5	73	24	96	0.6126126126126126
TPR_2	34	3300011151.a:Ga0122799_100010_40	404	1.7e-05	6	33	357	384	0.7941176470588235
HTH_8	42	3300011151.a:Ga0122799_100010_42	424	2.9e-15	3	42	382	421	0.9285714285714286
AAA	132	3300011151.a:Ga0122799_100010_57	546	8.4e-05	3	74	303	401	0.5378787878787878
TetR_N	47	3300011151.a:Ga0122799_100010_70	210	2.8e-17	1	45	10	54	0.9361702127659575
Pyr_redox_2	292	3300011151.a:Ga0122799_100010_77	523	1.4e-06	2	112	84	254	0.3767123287671233
AAA	132	3300011151.a:Ga0122799_100010_8	449	4.6e-17	1	127	64	173	0.9545454545454546
GAF	133	3300011151.a:Ga0122799_100010_88	1308	7.6e-07	46	129	71	153	0.6240601503759399
PAS	113	3300011151.a:Ga0122799_100010_88	1308	4.8e-05	3	92	294	381	0.7876106194690266
HisKA	64	3300011151.a:Ga0122799_100010_88	1308	3.6e-23	1	64	676	741	0.984375
HATPase_c	111	3300011151.a:Ga0122799_100010_88	1308	2e-28	2	108	789	903	0.954954954954955
Response_reg	112	3300011151.a:Ga0122799_100010_88	1308	6.4e-20	1	111	923	1038	0.9821428571428571
Response_reg	112	3300011151.a:Ga0122799_100010_88	1308	2e-27	1	111	1069	1182	0.9821428571428571
Response_reg	112	3300011151.a:Ga0122799_100010_89	119	3.8e-31	1	111	3	113	0.9821428571428571
Pyr_redox_2	292	3300011151.a:Ga0122799_100011_10	467	1.6e-68	1	292	6	327	0.9965753424657534
Response_reg	112	3300011151.a:Ga0122799_100011_100	390	4.9e-28	1	111	4	115	0.9821428571428571
AAA	132	3300011151.a:Ga0122799_100011_100	390	1.2e-09	1	125	172	302	0.9393939393939394
Response_reg	112	3300011151.a:Ga0122799_100011_127	226	2.8e-27	1	112	3	113	0.9910714285714286
Trans_reg_C	77	3300011151.a:Ga0122799_100011_127	226	1.4e-26	2	77	150	223	0.974025974025974
HisKA	64	3300011151.a:Ga0122799_100011_128	446	2.1e-10	3	48	233	288	0.703125
HATPase_c	111	3300011151.a:Ga0122799_100011_128	446	1.4e-16	2	105	341	443	0.9279279279279279
Pyr_redox_2	292	3300011151.a:Ga0122799_100011_132	480	5.6e-05	2	106	81	243	0.3561643835616438
Aminotran_1_2	363	3300011151.a:Ga0122799_100011_134	368	7.1e-51	4	363	31	363	0.9889807162534435
Aminotran_1_2	363	3300011151.a:Ga0122799_100011_138	424	2.1e-07	132	323	181	373	0.5261707988980716
Response_reg	112	3300011151.a:Ga0122799_100011_143	254	1e-15	1	111	3	111	0.9821428571428571
LytTR	98	3300011151.a:Ga0122799_100011_143	254	2.5e-16	3	94	152	248	0.9285714285714286
Aminotran_1_2	363	3300011151.a:Ga0122799_100011_153	428	1.5e-06	47	334	91	398	0.790633608815427
cNMP_binding	88	3300011151.a:Ga0122799_100011_162	187	1.2e-12	3	85	29	112	0.9318181818181818
TrkA_C	70	3300011151.a:Ga0122799_100011_17	456	1.3e-14	1	69	387	454	0.9714285714285714
HTH_3	55	3300011151.a:Ga0122799_100011_36	297	5.7e-05	6	31	149	174	0.45454545454545453
CbiA	128	3300011151.a:Ga0122799_100011_37	258	1.5e-28	1	128	5	229	0.9921875
B12-binding	121	3300011151.a:Ga0122799_100011_47	550	1.1e-16	42	120	44	121	0.6446280991735537
HTH_1	60	3300011151.a:Ga0122799_100011_50	298	1.6e-20	3	60	5	62	0.95
LysR_substrate	209	3300011151.a:Ga0122799_100011_50	298	2.5e-43	3	205	88	292	0.9665071770334929
Glyoxalase	128	3300011151.a:Ga0122799_100011_57	131	5.4e-05	6	126	15	125	0.9375
FUR	120	3300011151.a:Ga0122799_100011_82	151	1.3e-27	2	120	25	144	0.9833333333333333
Aminotran_1_2	363	3300011151.a:Ga0122799_100011_86	396	1.7e-09	72	361	104	385	0.7961432506887053
HTH_18	81	3300011151.a:Ga0122799_100011_88	305	1.1e-16	2	80	225	302	0.9629629629629629
STAS	117	3300011151.a:Ga0122799_100011_97	510	5.7e-08	8	108	410	501	0.8547008547008547
TPR_1	34	3300011151.a:Ga0122799_100015_100	460	5.5e-06	4	34	134	164	0.8823529411764706
TPR_1	34	3300011151.a:Ga0122799_100015_100	460	1.4e-07	3	33	201	231	0.8823529411764706
TPR_1	34	3300011151.a:Ga0122799_100015_100	460	2.2e-05	3	31	235	263	0.8235294117647058
TPR_1	34	3300011151.a:Ga0122799_100015_100	460	7e-07	2	33	268	299	0.9117647058823529
TPR_1	34	3300011151.a:Ga0122799_100015_100	460	8.6e-06	4	34	304	334	0.8823529411764706
HTH_3	55	3300011151.a:Ga0122799_100015_113	89	1.5e-14	2	49	19	65	0.8545454545454545
Glyoxalase	128	3300011151.a:Ga0122799_100015_116	133	8.8e-13	1	128	2	127	0.9921875
TPR_1	34	3300011151.a:Ga0122799_100015_117	251	8.7e-09	1	34	34	67	0.9705882352941176
TPR_2	34	3300011151.a:Ga0122799_100015_117	251	2e-06	2	33	69	100	0.9117647058823529
TPR_1	34	3300011151.a:Ga0122799_100015_117	251	6.5e-14	3	34	104	135	0.9117647058823529
TPR_1	34	3300011151.a:Ga0122799_100015_117	251	1.7e-10	3	34	138	169	0.9117647058823529
TPR_1	34	3300011151.a:Ga0122799_100015_117	251	8.1e-13	3	34	171	202	0.9117647058823529
TPR_1	34	3300011151.a:Ga0122799_100015_117	251	4e-08	3	34	205	236	0.9117647058823529
Hemerythrin	131	3300011151.a:Ga0122799_100015_125	165	1.1e-08	34	131	48	131	0.7404580152671756
Rrf2	83	3300011151.a:Ga0122799_100015_126	147	1.2e-17	1	82	1	82	0.9759036144578314
Hemerythrin	131	3300011151.a:Ga0122799_100015_128	239	2.4e-20	9	130	84	229	0.9236641221374046
CBS	57	3300011151.a:Ga0122799_100015_13	425	1.6e-05	7	53	219	267	0.8070175438596491
Aminotran_1_2	363	3300011151.a:Ga0122799_100015_134	420	6.1e-41	1	362	43	392	0.9944903581267218
PALP	294	3300011151.a:Ga0122799_100015_135	354	9.9e-72	3	291	18	312	0.9795918367346939
HTH_18	81	3300011151.a:Ga0122799_100015_153	217	5.2e-16	2	79	127	203	0.9506172839506173
Peripla_BP_2	238	3300011151.a:Ga0122799_100015_156	290	5.1e-36	1	237	41	267	0.9915966386554622
HTH_18	81	3300011151.a:Ga0122799_100015_162	72	2.5e-18	7	76	1	69	0.8518518518518519
AraC_binding	136	3300011151.a:Ga0122799_100015_163	165	2.4e-12	19	65	20	66	0.3382352941176471
Fe_dep_repress	60	3300011151.a:Ga0122799_100015_2	219	7.8e-16	6	58	6	59	0.8666666666666667
Fe_dep_repr_C	70	3300011151.a:Ga0122799_100015_2	219	1.3e-26	2	70	65	133	0.9714285714285714
FeoA	74	3300011151.a:Ga0122799_100015_2	219	6.5e-08	2	55	145	198	0.7162162162162162
B12-binding	121	3300011151.a:Ga0122799_100015_25	1154	3e-12	2	100	28	126	0.8099173553719008
cNMP_binding	88	3300011151.a:Ga0122799_100015_36	195	2.8e-10	3	84	34	117	0.9204545454545454
AAA	132	3300011151.a:Ga0122799_100015_38	238	6e-33	1	131	53	179	0.9848484848484849
PfkB	302	3300011151.a:Ga0122799_100015_65	268	1.1e-05	120	227	49	167	0.3543046357615894
PfkB	302	3300011151.a:Ga0122799_100015_67	279	3.2e-12	159	285	103	242	0.41721854304635764
B12-binding_2	75	3300011151.a:Ga0122799_100015_7	888	2.2e-24	2	74	323	395	0.96
B12-binding	121	3300011151.a:Ga0122799_100015_7	888	1.3e-22	2	95	414	507	0.768595041322314
CbiA	128	3300011151.a:Ga0122799_100015_95	551	0.0001	6	55	16	132	0.3828125
Peripla_BP_2	238	3300011151.a:Ga0122799_100018_29	264	4.2e-38	1	237	10	238	0.9915966386554622
Aminotran_1_2	363	3300011151.a:Ga0122799_100018_32	401	3.1e-49	2	327	32	342	0.8953168044077136
HTH_11	55	3300011151.a:Ga0122799_100018_41	157	5.2e-08	3	46	10	51	0.7818181818181819
AsnC_trans_reg	75	3300011151.a:Ga0122799_100018_41	157	6.9e-15	8	75	79	142	0.8933333333333333
PALP	294	3300011151.a:Ga0122799_100018_50	306	1.5e-09	24	294	25	284	0.9183673469387755
Aminotran_1_2	363	3300011151.a:Ga0122799_100018_58	400	5.7e-66	2	362	44	387	0.9917355371900827
TetR_N	47	3300011151.a:Ga0122799_100018_6	197	2.8e-08	4	44	12	52	0.851063829787234
Pyr_redox_2	292	3300011151.a:Ga0122799_100018_7	326	2.7e-30	1	276	5	295	0.9417808219178082
Glyoxalase	128	3300011151.a:Ga0122799_100018_74	125	2e-10	7	128	10	114	0.9453125
Sigma70_r2	71	3300011151.a:Ga0122799_100018_86	189	9.6e-14	1	68	30	95	0.9436619718309859
Sigma70_r4_2	54	3300011151.a:Ga0122799_100018_86	189	2.2e-11	2	54	129	181	0.9629629629629629
Rhodanese	107	3300011151.a:Ga0122799_100018_87	95	2.7e-12	7	96	5	81	0.8317757009345794
TrkA_C	70	3300011151.a:Ga0122799_100018_9	756	1.7e-11	4	69	595	662	0.9285714285714286
TrkA_C	70	3300011151.a:Ga0122799_100018_9	756	8.6e-06	15	67	698	750	0.7428571428571429
Peptidase_M23	96	3300011151.a:Ga0122799_100019_16	317	7.1e-39	2	96	194	288	0.9791666666666666
MerR	38	3300011151.a:Ga0122799_100019_17	123	2.3e-10	1	38	12	49	0.9736842105263158
NUDIX	131	3300011151.a:Ga0122799_100019_22	136	6.4e-13	6	115	7	113	0.8320610687022901
Sigma70_r2	71	3300011151.a:Ga0122799_100019_25	168	2.8e-18	1	70	11	78	0.971830985915493
Sigma70_r4_2	54	3300011151.a:Ga0122799_100019_25	168	5.9e-08	3	54	106	156	0.9444444444444444
LacI	46	3300011151.a:Ga0122799_100019_39	340	2.4e-12	1	46	6	51	0.9782608695652174
Peripla_BP_3	164	3300011151.a:Ga0122799_100019_39	340	1.3e-27	1	164	176	337	0.9939024390243902
Response_reg	112	3300011151.a:Ga0122799_100019_98	232	3.9e-29	2	111	8	116	0.9732142857142857
Trans_reg_C	77	3300011151.a:Ga0122799_100019_98	232	2e-16	3	77	155	227	0.961038961038961
HisKA	64	3300011151.a:Ga0122799_100019_99	518	1.2e-13	2	63	292	358	0.953125
HATPase_c	111	3300011151.a:Ga0122799_100019_99	518	3.7e-27	1	110	405	516	0.9819819819819819
Pyr_redox_2	292	3300011151.a:Ga0122799_100020_1	461	4.9e-09	2	174	4	231	0.589041095890411
HTH_7	45	3300011151.a:Ga0122799_100020_102	184	1.9e-06	21	43	149	171	0.4888888888888889
NUDIX	131	3300011151.a:Ga0122799_100020_108	172	9.3e-19	4	118	37	152	0.8702290076335878
GerE	57	3300011151.a:Ga0122799_100020_19	97	2.4e-08	3	47	37	81	0.7719298245614035
AAA	132	3300011151.a:Ga0122799_100020_25	1613	8.3e-09	1	73	1256	1336	0.5454545454545454
HTH_3	55	3300011151.a:Ga0122799_100020_31	220	3e-12	1	53	8	60	0.9454545454545454
Aminotran_1_2	363	3300011151.a:Ga0122799_100020_36	392	9.3e-10	37	198	52	191	0.44352617079889806
Aminotran_1_2	363	3300011151.a:Ga0122799_100020_38	339	4.9e-12	9	189	8	172	0.49586776859504134
Response_reg	112	3300011151.a:Ga0122799_100020_39	224	3.6e-31	1	112	3	113	0.9910714285714286
Trans_reg_C	77	3300011151.a:Ga0122799_100020_39	224	3e-18	3	77	147	222	0.961038961038961
HisKA	64	3300011151.a:Ga0122799_100020_40	425	7.1e-09	2	63	216	280	0.953125
HATPase_c	111	3300011151.a:Ga0122799_100020_40	425	3.5e-10	7	85	331	402	0.7027027027027027
Aminotran_1_2	363	3300011151.a:Ga0122799_100020_46	394	2.9e-75	2	363	31	388	0.9944903581267218
Pyr_redox_2	292	3300011151.a:Ga0122799_100020_47	351	7e-33	2	276	5	288	0.9383561643835616
Sigma70_r2	71	3300011151.a:Ga0122799_100020_5	289	5.9e-20	3	70	56	123	0.9436619718309859
Sigma70_r3	78	3300011151.a:Ga0122799_100020_5	289	2.1e-18	3	74	135	206	0.9102564102564102
Sigma70_r4	50	3300011151.a:Ga0122799_100020_5	289	3e-20	1	50	222	275	0.98
SIS	131	3300011151.a:Ga0122799_100020_59	322	4.1e-28	3	131	40	171	0.9770992366412213
CBS	57	3300011151.a:Ga0122799_100020_59	322	1.2e-09	6	56	207	255	0.8771929824561403
CBS	57	3300011151.a:Ga0122799_100020_59	322	1e-07	2	53	266	317	0.8947368421052632
CBS	57	3300011151.a:Ga0122799_100020_6	440	1.9e-12	1	55	175	229	0.9473684210526315
GAF	133	3300011151.a:Ga0122799_100020_73	149	1.1e-12	3	130	19	145	0.9548872180451128
HATPase_c	111	3300011151.a:Ga0122799_100020_75	648	6.7e-23	4	110	34	174	0.954954954954955
LytTR	98	3300011151.a:Ga0122799_100020_77	101	8.1e-10	7	94	2	95	0.8877551020408163
Response_reg	112	3300011151.a:Ga0122799_100020_78	132	3.5e-22	2	111	8	112	0.9732142857142857
Pkinase	264	3300011151.a:Ga0122799_100020_84	544	2.4e-06	35	162	180	319	0.4810606060606061
MarR	59	3300011151.a:Ga0122799_100020_86	159	6.8e-05	3	47	10	54	0.7457627118644068
AsnC_trans_reg	75	3300011151.a:Ga0122799_100020_86	159	1.3e-18	14	75	85	146	0.8133333333333334
AAA	132	3300011151.a:Ga0122799_100020_94	363	2e-15	1	126	42	161	0.946969696969697
AAA	132	3300011151.a:Ga0122799_100021_110	364	8.4e-18	1	100	88	212	0.75
PALP	294	3300011151.a:Ga0122799_100021_15	454	1.1e-70	3	292	9	302	0.9829931972789115
CBS	57	3300011151.a:Ga0122799_100021_15	454	8.3e-09	6	56	341	390	0.8771929824561403
CBS	57	3300011151.a:Ga0122799_100021_15	454	6.1e-06	1	55	400	452	0.9473684210526315
NUDIX	131	3300011151.a:Ga0122799_100021_23	199	5e-14	3	121	68	181	0.9007633587786259
Response_reg	112	3300011151.a:Ga0122799_100021_31	239	4.2e-21	2	111	4	109	0.9732142857142857
LytTR	98	3300011151.a:Ga0122799_100021_31	239	1.3e-19	2	93	143	228	0.9285714285714286
SKI	158	3300011151.a:Ga0122799_100021_33	176	3.4e-45	1	157	9	168	0.9873417721518988
Response_reg	112	3300011151.a:Ga0122799_100021_43	227	3.8e-19	2	111	7	112	0.9732142857142857
LytTR	98	3300011151.a:Ga0122799_100021_43	227	7.4e-21	3	95	139	224	0.9387755102040817
HEM4	232	3300011151.a:Ga0122799_100021_60	226	2.1e-21	12	213	24	195	0.8663793103448276
HTH_18	81	3300011151.a:Ga0122799_100021_63	293	5.8e-22	1	80	211	289	0.9753086419753086
Fer4	24	3300011151.a:Ga0122799_100021_69	316	1.7e-06	3	23	187	207	0.8333333333333334
AAA	132	3300011151.a:Ga0122799_100021_71	346	6.4e-22	1	131	58	182	0.9848484848484849
HD	122	3300011151.a:Ga0122799_100021_88	456	6.1e-09	1	65	59	138	0.5245901639344263
Fer4	24	3300011151.a:Ga0122799_100021_96	442	7.7e-05	7	21	310	324	0.5833333333333334
Response_reg	112	3300011151.a:Ga0122799_100022_13	251	1.8e-16	1	111	3	109	0.9821428571428571
LytTR	98	3300011151.a:Ga0122799_100022_13	251	6.9e-23	3	97	152	249	0.9591836734693877
TPR_1	34	3300011151.a:Ga0122799_100022_18	287	1.9e-07	1	33	25	57	0.9411764705882353
TPR_1	34	3300011151.a:Ga0122799_100022_18	287	6.4e-09	2	32	60	90	0.8823529411764706
TPR_1	34	3300011151.a:Ga0122799_100022_18	287	1.5e-10	3	34	98	129	0.9117647058823529
Aminotran_1_2	363	3300011151.a:Ga0122799_100022_2	436	2e-11	41	235	62	225	0.5344352617079889
AAA	132	3300011151.a:Ga0122799_100022_67	455	1.1e-08	1	112	94	219	0.8409090909090909
Sigma70_r2	71	3300011151.a:Ga0122799_100022_7	181	3.9e-13	1	69	21	87	0.9577464788732394
Sigma70_r4_2	54	3300011151.a:Ga0122799_100022_7	181	4.7e-16	3	54	114	165	0.9444444444444444
SIS	131	3300011151.a:Ga0122799_100022_77	616	1.4e-33	2	129	295	421	0.9694656488549618
SIS	131	3300011151.a:Ga0122799_100022_77	616	4.4e-30	3	129	469	596	0.9618320610687023
HisKA	64	3300011151.a:Ga0122799_100022_79	483	4.8e-10	2	62	268	336	0.9375
HATPase_c	111	3300011151.a:Ga0122799_100022_79	483	1.8e-18	6	109	379	480	0.9279279279279279
B12-binding	121	3300011151.a:Ga0122799_100024_12	711	1.5e-19	2	116	582	694	0.9421487603305785
AAA	132	3300011151.a:Ga0122799_100024_15	296	5.3e-06	3	74	14	133	0.5378787878787878
HhH-GPD	108	3300011151.a:Ga0122799_100024_22	347	2.5e-19	2	104	32	162	0.9444444444444444
ATPase_2	233	3300011151.a:Ga0122799_100024_27	354	7.6e-07	22	116	63	187	0.4034334763948498
HhH-GPD	108	3300011151.a:Ga0122799_100024_29	208	2.5e-23	1	107	36	170	0.9814814814814815
FeoA	74	3300011151.a:Ga0122799_100024_58	80	1.5e-17	2	73	6	77	0.9594594594594594
HTH_18	81	3300011151.a:Ga0122799_100024_61	205	1.9e-14	1	81	113	196	0.9876543209876543
CbiA	128	3300011151.a:Ga0122799_100024_62	326	4.8e-05	9	55	62	187	0.359375
FUR	120	3300011151.a:Ga0122799_100024_67	139	3e-11	7	94	18	108	0.725
AAA	132	3300011151.a:Ga0122799_100024_72	375	4.8e-06	2	126	30	196	0.9393939393939394
CBS	57	3300011151.a:Ga0122799_100024_82	219	5.5e-08	10	54	71	115	0.7719298245614035
HD	122	3300011151.a:Ga0122799_100025_28	200	4.4e-12	4	121	29	124	0.9590163934426229
Aminotran_1_2	363	3300011151.a:Ga0122799_100025_41	349	6.6e-55	64	362	68	344	0.8209366391184573
cNMP_binding	88	3300011151.a:Ga0122799_100025_47	236	7e-21	3	86	40	124	0.9431818181818182
Crp	32	3300011151.a:Ga0122799_100025_47	236	2.1e-05	1	32	181	212	0.96875
HMA	62	3300011151.a:Ga0122799_100025_48	799	4.2e-07	2	62	88	148	0.967741935483871
Fer4	24	3300011151.a:Ga0122799_100025_53	494	4.4e-06	7	21	289	303	0.5833333333333334
PfkB	302	3300011151.a:Ga0122799_100025_8	307	2.8e-35	30	296	20	279	0.8807947019867549
HTH_5	47	3300011151.a:Ga0122799_100030_24	100	1.3e-06	3	46	16	60	0.9148936170212766
Reg_prop	24	3300011151.a:Ga0122799_100030_31	1011	5.9e-05	1	23	34	56	0.9166666666666666
Y_Y_Y	66	3300011151.a:Ga0122799_100030_31	1011	1.1e-05	6	64	693	749	0.8787878787878788
Response_reg	112	3300011151.a:Ga0122799_100030_32	265	4.7e-19	2	109	7	114	0.9553571428571429
LytTR	98	3300011151.a:Ga0122799_100030_32	265	2.1e-19	3	76	167	237	0.7448979591836735
Glyoxalase	128	3300011151.a:Ga0122799_100030_34	130	4.5e-23	1	128	6	126	0.9921875
Pyr_redox_2	292	3300011151.a:Ga0122799_100030_36	445	1.4e-45	1	292	4	325	0.9965753424657534
HATPase_c	111	3300011151.a:Ga0122799_100030_54	626	8.4e-11	2	109	25	172	0.963963963963964
Fer4	24	3300011151.a:Ga0122799_100030_55	257	5.7e-06	3	21	161	179	0.75
Pyr_redox_2	292	3300011151.a:Ga0122799_100030_56	671	3.8e-06	2	112	36	234	0.3767123287671233
Sigma70_r2	71	3300011151.a:Ga0122799_100030_58	167	4.1e-16	1	69	11	77	0.9577464788732394
Sigma70_r4_2	54	3300011151.a:Ga0122799_100030_58	167	7.7e-12	3	54	107	157	0.9444444444444444
AraC_binding	136	3300011151.a:Ga0122799_100030_71	271	1e-08	2	65	16	79	0.4632352941176471
HTH_18	81	3300011151.a:Ga0122799_100030_71	271	7.1e-21	1	79	185	262	0.9629629629629629
B12-binding	121	3300011151.a:Ga0122799_100031_16	732	3.8e-05	41	118	195	274	0.6363636363636364
Sigma70_r2	71	3300011151.a:Ga0122799_100031_18	191	7.4e-15	1	69	31	97	0.9577464788732394
Sigma70_r4_2	54	3300011151.a:Ga0122799_100031_18	191	2.7e-19	2	54	127	179	0.9629629629629629
GerE	57	3300011151.a:Ga0122799_100031_43	906	3.3e-05	18	53	863	898	0.6140350877192983
HTH_18	81	3300011151.a:Ga0122799_100031_64	561	4.7e-10	1	79	468	549	0.9629629629629629
HTH_5	47	3300011151.a:Ga0122799_100031_7	89	2.3e-05	5	31	9	37	0.5531914893617021
Pribosyltran	159	3300011151.a:Ga0122799_100032_17	452	2.3e-12	9	136	43	159	0.7987421383647799
Pyr_redox_2	292	3300011151.a:Ga0122799_100032_21	522	1.3e-05	2	106	5	202	0.3561643835616438
Pribosyltran	159	3300011151.a:Ga0122799_100032_26	212	4.3e-17	26	136	69	175	0.6918238993710691
CbiA	128	3300011151.a:Ga0122799_100032_38	367	2.2e-19	1	127	93	317	0.984375
Nitroreductase	170	3300011151.a:Ga0122799_100032_45	191	2.4e-28	1	170	10	168	0.9941176470588236
Rhodanese	107	3300011151.a:Ga0122799_100032_55	138	2.5e-17	10	105	51	132	0.8878504672897196
Sigma70_r2	71	3300011151.a:Ga0122799_100034_1	179	1.4e-14	1	70	21	88	0.971830985915493
Sigma70_r4_2	54	3300011151.a:Ga0122799_100034_1	179	1.2e-16	3	53	119	169	0.9259259259259259
Arg_repressor	70	3300011151.a:Ga0122799_100034_24	151	3.1e-22	2	66	3	67	0.9142857142857143
Aminotran_1_2	363	3300011151.a:Ga0122799_100034_28	379	5.2e-05	34	281	57	293	0.6804407713498623
AAA	132	3300011151.a:Ga0122799_100034_45	813	1.2e-23	1	127	381	518	0.9545454545454546
NIR_SIR_ferr	69	3300011151.a:Ga0122799_100034_55	551	6.2e-16	9	64	71	126	0.7971014492753623
NIR_SIR	159	3300011151.a:Ga0122799_100034_55	551	2.6e-45	3	157	165	323	0.9685534591194969
NIR_SIR	159	3300011151.a:Ga0122799_100034_55	551	3.7e-07	7	122	420	529	0.7232704402515723
TPR_1	34	3300011151.a:Ga0122799_100034_59	567	1.2e-07	2	29	113	140	0.7941176470588235
TPR_2	34	3300011151.a:Ga0122799_100034_59	567	1.6e-05	5	29	153	177	0.7058823529411765
Response_reg	112	3300011151.a:Ga0122799_100034_60	222	1.2e-09	1	111	5	129	0.9821428571428571
LysR_substrate	209	3300011151.a:Ga0122799_100034_61	123	2.3e-08	118	195	28	104	0.3684210526315789
Sigma70_r2	71	3300011151.a:Ga0122799_100035_19	181	3e-13	8	67	28	85	0.8309859154929577
Sigma70_r4_2	54	3300011151.a:Ga0122799_100035_19	181	8.8e-18	4	54	122	172	0.9259259259259259
Pribosyltran	159	3300011151.a:Ga0122799_100035_21	190	7.1e-07	13	127	36	156	0.7169811320754716
Pribosyltran	159	3300011151.a:Ga0122799_100035_40	502	4.4e-09	30	120	318	415	0.5660377358490566
Response_reg	112	3300011151.a:Ga0122799_100035_46	228	1.2e-27	1	112	6	119	0.9910714285714286
Trans_reg_C	77	3300011151.a:Ga0122799_100035_46	228	1.4e-24	4	76	152	223	0.935064935064935
HisKA	64	3300011151.a:Ga0122799_100035_47	465	4.8e-17	3	63	242	305	0.9375
HATPase_c	111	3300011151.a:Ga0122799_100035_47	465	3.3e-18	4	108	354	460	0.9369369369369369
HTH_5	47	3300011151.a:Ga0122799_100035_53	110	4.1e-12	1	45	25	70	0.9361702127659575
cNMP_binding	88	3300011151.a:Ga0122799_100035_58	201	1.1e-18	2	87	15	101	0.9659090909090909
Crp	32	3300011151.a:Ga0122799_100035_58	201	1.5e-07	2	30	157	185	0.875
CBS	57	3300011151.a:Ga0122799_100036_29	581	3.9e-05	7	55	461	509	0.8421052631578947
HD	122	3300011151.a:Ga0122799_100036_31	398	9.4e-09	3	120	30	127	0.9590163934426229
EPSP_synthase	417	3300011151.a:Ga0122799_100036_48	437	5.6e-68	2	413	7	422	0.9856115107913669
GerE	57	3300011151.a:Ga0122799_100036_59	80	4.7e-17	2	51	28	77	0.8596491228070176
PIG-L	131	3300011151.a:Ga0122799_100037_20	234	3.4e-23	1	129	6	121	0.9770992366412213
Nitroreductase	170	3300011151.a:Ga0122799_100037_22	212	6.2e-24	2	170	8	185	0.9882352941176471
AAA	132	3300011151.a:Ga0122799_100037_32	329	8e-08	2	131	54	187	0.9772727272727273
ATPase_2	233	3300011151.a:Ga0122799_100037_48	476	1.6e-06	19	125	172	277	0.45493562231759654
TrmB	68	3300011151.a:Ga0122799_100037_5	167	6.2e-07	5	66	22	86	0.8970588235294118
Pribosyltran	159	3300011151.a:Ga0122799_100037_51	177	1.4e-16	22	117	45	145	0.5974842767295597
Aminotran_1_2	363	3300011151.a:Ga0122799_100037_56	408	2.9e-13	43	243	66	245	0.5509641873278237
HD	122	3300011151.a:Ga0122799_100040_16	745	4.9e-07	1	122	64	163	0.9918032786885246
SIS	131	3300011151.a:Ga0122799_100040_21	316	2.2e-05	34	91	185	242	0.4351145038167939
Rhodanese	107	3300011151.a:Ga0122799_100040_22	278	1.4e-11	2	105	10	125	0.9626168224299065
Rhodanese	107	3300011151.a:Ga0122799_100040_22	278	2e-12	7	106	161	269	0.9252336448598131
HMA	62	3300011151.a:Ga0122799_100040_33	801	1.1e-06	4	62	78	136	0.9354838709677419
HATPase_c	111	3300011151.a:Ga0122799_100040_34	441	7e-15	2	97	337	430	0.8558558558558559
Response_reg	112	3300011151.a:Ga0122799_100040_35	460	2.4e-20	1	111	19	133	0.9821428571428571
AAA	132	3300011151.a:Ga0122799_100040_35	460	3e-09	1	127	179	311	0.9545454545454546
HTH_8	42	3300011151.a:Ga0122799_100040_35	460	4.1e-11	2	42	413	453	0.9523809523809523
CbiA	128	3300011151.a:Ga0122799_100040_45	454	4.7e-07	4	88	104	253	0.65625
NUDIX	131	3300011151.a:Ga0122799_100041_30	215	8.5e-13	3	113	48	159	0.8396946564885496
HTH_18	81	3300011151.a:Ga0122799_100041_33	275	2.3e-17	1	80	193	271	0.9753086419753086
Fer4	24	3300011151.a:Ga0122799_100043_28	77	3.5e-05	5	16	8	19	0.4583333333333333
Peptidase_M23	96	3300011151.a:Ga0122799_100043_4	556	2.5e-16	2	96	456	548	0.9791666666666666
AraC_binding	136	3300011151.a:Ga0122799_100043_41	117	4.7e-07	16	67	35	85	0.375
Peripla_BP_2	238	3300011151.a:Ga0122799_100043_44	356	7.5e-20	8	236	77	309	0.957983193277311
Aminotran_1_2	363	3300011151.a:Ga0122799_100043_48	379	3.7e-07	71	188	54	163	0.32231404958677684
HD	122	3300011151.a:Ga0122799_100044_23	474	1.2e-12	2	91	259	342	0.7295081967213115
Pyr_redox_2	292	3300011151.a:Ga0122799_100044_37	315	1e-47	2	292	7	297	0.9931506849315068
Aminotran_1_2	363	3300011151.a:Ga0122799_100044_8	387	6.8e-08	49	196	50	186	0.4049586776859504
PglZ	176	3300011151.a:Ga0122799_100045_19	744	2.7e-08	1	170	400	544	0.9602272727272727
Peptidase_M23	96	3300011151.a:Ga0122799_100045_30	564	3.2e-12	2	67	57	125	0.6770833333333334
Peptidase_M23	96	3300011151.a:Ga0122799_100045_30	564	3.6e-08	63	96	144	179	0.34375
HD	122	3300011151.a:Ga0122799_100045_7	525	5.1e-20	2	120	341	431	0.9672131147540983
PadR	75	3300011151.a:Ga0122799_100048_35	111	1.2e-22	1	72	15	86	0.9466666666666667
Citrate_synt	361	3300011151.a:Ga0122799_100048_41	428	9.1e-129	1	361	45	410	0.997229916897507
NUDIX	131	3300011151.a:Ga0122799_100048_48	143	5.9e-16	3	128	3	131	0.9541984732824428
HTH_1	60	3300011151.a:Ga0122799_100048_8	332	3.4e-18	3	60	20	77	0.95
LysR_substrate	209	3300011151.a:Ga0122799_100048_8	332	6.6e-34	3	204	103	305	0.9617224880382775
Rhodanese	107	3300011151.a:Ga0122799_100049_18	90	5.6e-13	5	92	8	78	0.8130841121495327
Rhodanese	107	3300011151.a:Ga0122799_100049_19	465	5.3e-17	3	106	370	457	0.9626168224299065
HTH_18	81	3300011151.a:Ga0122799_100049_2	280	5.4e-22	1	80	184	263	0.9753086419753086
cNMP_binding	88	3300011151.a:Ga0122799_100049_21	210	4.1e-08	2	87	29	117	0.9659090909090909
Crp	32	3300011151.a:Ga0122799_100049_21	210	3e-06	4	30	171	197	0.8125
TrkA_C	70	3300011151.a:Ga0122799_100049_28	232	2.6e-08	4	69	148	228	0.9285714285714286
FecR	96	3300011151.a:Ga0122799_100049_35	276	2.1e-20	12	95	89	171	0.8645833333333334
Sigma70_r2	71	3300011151.a:Ga0122799_100049_36	155	2.2e-13	2	69	8	72	0.9436619718309859
Sigma70_r4_2	54	3300011151.a:Ga0122799_100049_36	155	5.5e-09	6	50	102	146	0.8148148148148148
AraC_binding	136	3300011151.a:Ga0122799_100050_11	298	5.9e-05	24	72	50	97	0.35294117647058826
HTH_18	81	3300011151.a:Ga0122799_100050_11	298	2.3e-16	1	78	217	293	0.9506172839506173
Ammonium_transp	399	3300011151.a:Ga0122799_100050_14	448	3.7e-107	1	397	48	445	0.9924812030075187
TrmB	68	3300011151.a:Ga0122799_100050_30	487	2.9e-06	5	59	419	477	0.7941176470588235
Glyoxalase	128	3300011151.a:Ga0122799_100050_6	56	2.6e-07	2	47	3	50	0.3515625
GyrI-like	155	3300011151.a:Ga0122799_100051_14	346	3e-14	2	155	187	343	0.9870967741935484
Response_reg	112	3300011151.a:Ga0122799_100051_17	226	1.3e-24	2	111	6	114	0.9732142857142857
Trans_reg_C	77	3300011151.a:Ga0122799_100051_17	226	2.5e-19	2	76	148	220	0.961038961038961
HisKA	64	3300011151.a:Ga0122799_100051_18	441	4.4e-07	7	55	244	287	0.75
HATPase_c	111	3300011151.a:Ga0122799_100051_18	441	1.5e-19	4	110	334	439	0.954954954954955
Sigma70_r2	71	3300011151.a:Ga0122799_100051_23	128	7.2e-15	5	67	13	73	0.8732394366197183
Sigma70_r4_2	54	3300011151.a:Ga0122799_100051_23	128	4.6e-06	4	30	101	127	0.48148148148148145
AAA	132	3300011151.a:Ga0122799_100051_31	294	5e-15	1	129	1	127	0.9696969696969697
MarR	59	3300011151.a:Ga0122799_100051_8	154	3.2e-13	7	59	38	90	0.8813559322033898
TetR_N	47	3300011151.a:Ga0122799_100052_29	191	6.1e-15	1	47	10	56	0.9787234042553191
Glyoxalase	128	3300011151.a:Ga0122799_100052_36	377	3.6e-07	2	107	22	125	0.8203125
Glyoxalase	128	3300011151.a:Ga0122799_100052_36	377	7.5e-15	3	114	180	299	0.8671875
Response_reg	112	3300011151.a:Ga0122799_100052_6	229	9.6e-22	1	111	4	110	0.9821428571428571
LytTR	98	3300011151.a:Ga0122799_100052_6	229	5.7e-20	3	93	137	222	0.9183673469387755
Sigma70_r2	71	3300011151.a:Ga0122799_100054_1	199	4.4e-12	1	67	24	90	0.9295774647887324
Sigma70_r4_2	54	3300011151.a:Ga0122799_100054_1	199	2.8e-11	4	42	134	172	0.7037037037037037
HTH_3	55	3300011151.a:Ga0122799_100054_18	496	2.1e-12	1	55	14	68	0.9818181818181818
HTH_18	81	3300011151.a:Ga0122799_100054_23	292	4.4e-19	1	81	209	288	0.9876543209876543
HTH_3	55	3300011151.a:Ga0122799_100056_18	116	8.9e-18	4	55	14	65	0.9272727272727272
Myb_DNA-binding	47	3300011151.a:Ga0122799_100056_27	261	2.2e-05	8	41	141	176	0.7021276595744681
Fer4	24	3300011151.a:Ga0122799_100058_13	117	7.7e-10	2	24	3	25	0.9166666666666666
T2SSE	273	3300011151.a:Ga0122799_100058_22	509	4.2e-05	68	156	116	241	0.32234432234432236
AAA	132	3300011151.a:Ga0122799_100058_22	509	5.3e-07	1	129	217	389	0.9696969696969697
CbiA	128	3300011151.a:Ga0122799_100058_8	321	1.7e-05	9	103	126	233	0.734375
Nitroreductase	170	3300011151.a:Ga0122799_100059_15	212	4.6e-20	2	169	8	184	0.9823529411764705
MarR	59	3300011151.a:Ga0122799_100059_18	142	4.9e-18	1	59	35	93	0.9830508474576272
Sigma70_r2	71	3300011151.a:Ga0122799_100059_22	179	6.8e-15	14	68	26	78	0.7605633802816901
Sigma70_r4_2	54	3300011151.a:Ga0122799_100059_22	179	1.5e-05	3	54	117	168	0.9444444444444444
HTH_1	60	3300011151.a:Ga0122799_100059_24	120	7.2e-22	1	60	5	64	0.9833333333333333
HD	122	3300011151.a:Ga0122799_100060_18	405	2e-09	1	75	59	136	0.6065573770491803
Response_reg	112	3300011151.a:Ga0122799_100060_19	518	1.8e-22	1	109	5	112	0.9642857142857143
PglZ	176	3300011151.a:Ga0122799_100060_19	518	4.7e-29	2	175	228	422	0.9829545454545454
HTH_11	55	3300011151.a:Ga0122799_100060_5	154	1.1e-10	3	44	8	48	0.7454545454545455
AsnC_trans_reg	75	3300011151.a:Ga0122799_100060_5	154	1.1e-19	2	73	70	141	0.9466666666666667
Pyr_redox	81	3300011151.a:Ga0122799_100061_10	491	9.9e-07	1	35	4	38	0.41975308641975306
Rhodanese	107	3300011151.a:Ga0122799_100062_14	480	3.5e-12	2	106	262	354	0.9719626168224299
Rhodanese	107	3300011151.a:Ga0122799_100062_14	480	1.3e-12	1	106	366	456	0.9813084112149533
GAF	133	3300011151.a:Ga0122799_100062_22	732	7.4e-11	7	128	137	287	0.9097744360902256
PHY	183	3300011151.a:Ga0122799_100062_22	732	2.5e-34	7	178	313	488	0.9344262295081968
HisKA	64	3300011151.a:Ga0122799_100062_22	732	4.4e-16	3	61	510	571	0.90625
HATPase_c	111	3300011151.a:Ga0122799_100062_22	732	1.4e-25	1	109	615	725	0.972972972972973
Aminotran_1_2	363	3300011151.a:Ga0122799_100063_7	425	3.4e-07	41	196	57	201	0.42699724517906334
Response_reg	112	3300011151.a:Ga0122799_100064_11	211	7.9e-25	1	111	4	115	0.9821428571428571
GerE	57	3300011151.a:Ga0122799_100064_11	211	4.2e-20	3	56	147	200	0.9298245614035088
HATPase_c	111	3300011151.a:Ga0122799_100064_12	757	8.5e-11	6	108	668	754	0.918918918918919
Response_reg	112	3300011151.a:Ga0122799_100064_2	137	5.1e-23	2	109	14	117	0.9553571428571429
Pyr_redox_2	292	3300011151.a:Ga0122799_100064_23	467	3.9e-72	1	292	4	327	0.9965753424657534
LytTR	98	3300011151.a:Ga0122799_100064_3	65	2.6e-13	36	95	1	54	0.6020408163265306
FUR	120	3300011151.a:Ga0122799_100064_30	126	5.6e-11	5	96	4	100	0.7583333333333333
GntR	64	3300011151.a:Ga0122799_100064_8	494	6.2e-08	2	64	24	86	0.96875
Aminotran_1_2	363	3300011151.a:Ga0122799_100064_8	494	3e-17	46	361	172	482	0.8677685950413223
AAA	132	3300011151.a:Ga0122799_100075_11	414	1.1e-09	2	130	180	319	0.9696969696969697
HTH_3	55	3300011151.a:Ga0122799_100075_2	70	1.7e-15	1	52	9	60	0.9272727272727272
AraC_binding	136	3300011151.a:Ga0122799_100079_12	292	1.6e-09	16	116	33	141	0.7352941176470589
HTH_18	81	3300011151.a:Ga0122799_100079_12	292	7.7e-16	1	80	205	283	0.9753086419753086
CbiA	128	3300011151.a:Ga0122799_100079_3	199	7e-19	1	117	5	165	0.90625
HTH_3	55	3300011151.a:Ga0122799_100079_6	163	1.8e-09	4	54	20	70	0.9090909090909091
HTH_18	81	3300011151.a:Ga0122799_100093_6	293	3e-17	1	80	206	284	0.9753086419753086
HMA	62	3300011151.a:Ga0122799_100103_8	122	3.5e-08	9	61	34	86	0.8387096774193549
Rrf2	83	3300011151.a:Ga0122799_100104_12	136	4.6e-19	6	83	5	81	0.927710843373494
cNMP_binding	88	3300011151.a:Ga0122799_100104_13	199	2.9e-12	2	78	36	114	0.8636363636363636
HMA	62	3300011151.a:Ga0122799_100104_5	74	2.5e-08	6	61	11	66	0.8870967741935484
cNMP_binding	88	3300011151.a:Ga0122799_100142_3	200	1.8e-16	2	88	16	103	0.9772727272727273
Crp	32	3300011151.a:Ga0122799_100142_3	200	2e-05	2	31	160	189	0.90625
cNMP_binding	88	3300011151.a:Ga0122799_100142_6	139	3.4e-15	2	88	16	102	0.9772727272727273
HTH_3	55	3300011151.a:Ga0122799_100146_1	93	6.8e-12	9	49	27	68	0.7272727272727273
HTH_5	47	3300011151.a:Ga0122799_100149_4	110	1.2e-11	1	45	25	70	0.9361702127659575
Pyr_redox_2	292	3300011151.a:Ga0122799_100149_6	357	5.4e-12	1	158	5	181	0.5376712328767124
Rrf2	83	3300011151.a:Ga0122799_100184_4	124	3e-20	14	82	1	69	0.8192771084337349
Sigma70_r2	71	3300011151.a:Ga0122799_100326_3	261	2.4e-06	1	69	20	86	0.9577464788732394
Sigma70_r4	50	3300011151.a:Ga0122799_100326_3	261	4.4e-06	4	37	206	239	0.66
STAS	117	3300011151.a:Ga0122799_100643_1	509	3.5e-10	7	105	407	494	0.8376068376068376
HTH_3	55	3300011151.a:Ga0122799_100745_4	69	6e-10	1	50	9	58	0.8909090909090909
