PUL0007	1
PUL0017	1
PUL0029	1
PUL0049	1
PUL0091	1
PUL0121	1
PUL0122	1
PUL0123	1
PUL0168	1
PUL0180	1
PUL0180	1
PUL0189	1
PUL0211	1
PUL0227	1
PUL0230	1
PUL0268	1
PUL0269	1
PUL0292	1
PUL0309	1
PUL0333	1
PUL0339	1
PUL0340	1
PUL0361	1
PUL0366	1
PUL0390	1
PUL0399	1
PUL0406	1
PUL0414	1
PUL0423	1
PUL0423	1
PUL0454	1
PUL0504	1
PUL0575	1
PUL0591	1
PUL01016	1
PUL01080	1
PUL01082	1
PUL02181	1
PUL02505	1
PUL02603	2
PUL03004	1
PUL03004	1
PUL03004	1
PUL03226	1
PUL03361	1
PUL03362	1
PUL03363	1
PUL03903	1
PUL03907	1
PUL03907	1
PUL03907	1
PUL04492	1
PUL04515	1
PUL04608	1
PUL05302	1
