3300013497.a:Ga0121334_100014_1	gnl|TC-DB|O30085|3.A.3.5.10	50.4	266	124	3	5	267	430	690	2.5e-60	228.8
3300013497.a:Ga0121334_100014_3	gnl|TC-DB|P20021|3.A.3.6.1	37.4	637	376	11	17	635	96	727	5.1e-98	355.1
3300013497.a:Ga0121334_100014_11	gnl|TC-DB|Q1J2S8|2.A.53.3.13	52.3	478	215	5	20	497	20	484	1.3e-117	419.9
3300013497.a:Ga0121334_100014_17	gnl|TC-DB|P15993|2.A.3.1.3	36.4	450	269	4	1	439	1	444	4.6e-72	268.5
3300013497.a:Ga0121334_100014_18	gnl|TC-DB|P15993|2.A.3.1.3	43.8	336	183	2	7	342	4	333	5.3e-68	255.0
3300013497.a:Ga0121334_100014_22	gnl|TC-DB|Q4QLL1|4.B.1.1.2	36.1	230	128	3	24	252	10	221	9.3e-35	143.7
3300013497.a:Ga0121334_100014_30	gnl|TC-DB|P46349|2.A.3.1.5	43.0	467	259	4	36	500	2	463	6.1e-107	384.4
3300013497.a:Ga0121334_100014_40	gnl|TC-DB|Q9KXM5|3.A.3.23.1	38.6	777	428	11	23	788	26	764	8.2e-133	471.1
3300013497.a:Ga0121334_100014_41	gnl|TC-DB|Q8GGK3|4.A.1.2.5	30.2	706	385	10	4	698	8	616	4.8e-78	288.9
3300013497.a:Ga0121334_100014_44	gnl|TC-DB|P42062|3.A.1.5.20	41.3	155	87	1	352	506	164	314	7.2e-31	131.7
3300013497.a:Ga0121334_100014_45	gnl|TC-DB|Q9F9T5|3.A.1.5.23	38.4	297	172	5	34	330	22	307	5.7e-47	184.9
3300013497.a:Ga0121334_100014_47	gnl|TC-DB|P75796|3.A.1.5.11	44.4	572	301	5	14	570	12	581	6.1e-127	451.1
3300013497.a:Ga0121334_100014_53	gnl|TC-DB|P38046|3.A.1.16.1	42.0	250	134	5	15	257	17	262	1.0e-44	176.8
3300013497.a:Ga0121334_100014_54	gnl|TC-DB|A4QDI5|3.A.1.17.12	30.3	267	177	5	19	279	8	271	7.1e-22	101.3
3300013497.a:Ga0121334_100014_55	gnl|TC-DB|O85765|3.A.1.17.2	41.8	249	141	2	32	279	7	252	5.8e-46	181.0
3300013497.a:Ga0121334_100014_66	gnl|TC-DB|P08956|3.A.17.1.1	29.8	433	221	16	351	735	446	843	4.5e-33	140.2
3300013497.a:Ga0121334_100014_69	gnl|TC-DB|P37774|3.A.1.3.10	52.9	244	112	2	2	242	4	247	2.4e-64	241.9
3300013497.a:Ga0121334_100014_70	gnl|TC-DB|P42200|3.A.1.3.14	42.6	216	122	2	6	220	18	232	2.8e-43	171.8
3300013497.a:Ga0121334_100014_71	gnl|TC-DB|P42199|3.A.1.3.14	34.3	254	160	5	20	268	16	267	6.8e-36	147.5
3300013497.a:Ga0121334_100014_80	gnl|TC-DB|D6GX19|9.B.27.2.5	28.4	197	137	3	6	202	5	197	6.0e-16	80.9
3300013497.a:Ga0121334_100014_91	gnl|TC-DB|P40812|2.A.3.1.8	56.5	462	195	3	16	476	21	477	1.8e-141	499.2
3300013497.a:Ga0121334_100014_95	gnl|TC-DB|Q07837|8.A.9.1.2	26.7	529	319	14	8	511	123	607	1.8e-48	190.3
3300013497.a:Ga0121334_100014_96	gnl|TC-DB|P96483|3.A.1.1.23	53.5	368	142	7	1	348	1	359	1.1e-97	353.2
3300013497.a:Ga0121334_100014_97	gnl|TC-DB|P0AG80|3.A.1.1.3	30.0	357	230	9	38	376	22	376	1.7e-28	123.6
3300013497.a:Ga0121334_100014_98	gnl|TC-DB|P10906|3.A.1.1.3	31.0	271	180	2	50	313	6	276	9.4e-37	150.6
3300013497.a:Ga0121334_100014_99	gnl|TC-DB|Q93J93|3.A.1.1.36	32.5	311	208	2	2	312	7	315	1.2e-39	160.2
3300013497.a:Ga0121334_100014_100	gnl|TC-DB|Q50392|2.A.1.3.3	52.7	488	230	1	15	501	10	497	1.9e-132	469.2
3300013497.a:Ga0121334_100014_102	gnl|TC-DB|P30750|3.A.1.24.1	51.8	228	110	0	1	228	1	228	1.4e-62	236.1
3300013497.a:Ga0121334_100014_103	gnl|TC-DB|Q9HT69|3.A.1.24.5	43.8	203	114	0	11	213	16	218	1.4e-28	122.9
3300013497.a:Ga0121334_100014_105	gnl|TC-DB|Q9HT68|3.A.1.24.5	37.3	252	152	5	23	272	10	257	7.5e-41	164.1
3300013497.a:Ga0121334_100014_107	gnl|TC-DB|O50455|1.A.35.3.5	34.4	317	182	7	31	337	66	366	3.2e-43	172.2
3300013497.a:Ga0121334_100014_131	gnl|TC-DB|Q8RKC0|3.A.1.122.3	29.5	437	261	6	1	428	1	399	1.7e-36	150.2
3300013497.a:Ga0121334_100014_132	gnl|TC-DB|O31711|3.A.1.122.2	52.9	221	102	2	36	256	1	219	6.0e-62	234.2
3300013497.a:Ga0121334_100014_135	gnl|TC-DB|O34718|2.A.1.1.26	44.1	426	200	4	19	407	21	445	1.7e-94	342.8
3300013497.a:Ga0121334_100014_137	gnl|TC-DB|P77735|8.A.5.1.6	31.6	329	211	5	3	325	1	321	5.7e-37	151.4
3300013497.a:Ga0121334_100014_142	gnl|TC-DB|Q5HE38|2.A.1.3.39	34.0	467	290	5	14	470	14	472	2.5e-62	236.1
3300013497.a:Ga0121334_100014_158	gnl|TC-DB|J8ABC0|3.A.1.105.9	31.6	304	198	4	4	300	2	302	2.4e-40	162.5
3300013497.a:Ga0121334_100014_162	gnl|TC-DB|P42964|2.A.55.3.2	51.0	396	188	5	15	408	13	404	4.1e-101	364.8
3300013497.a:Ga0121334_100014_169	gnl|TC-DB|Q47689|2.A.3.1.10	58.4	430	179	0	1	430	21	450	1.2e-138	489.6
3300013497.a:Ga0121334_100014_171	gnl|TC-DB|Q9S1X8|2.A.33.1.6	48.6	383	180	7	18	396	6	375	7.1e-83	304.3
3300013497.a:Ga0121334_100014_172	gnl|TC-DB|Q9S1X8|2.A.33.1.6	42.1	380	205	6	20	396	5	372	1.8e-70	263.1
3300013497.a:Ga0121334_100014_173	gnl|TC-DB|Q45068|2.A.25.1.5	47.9	463	225	4	26	488	13	459	9.9e-121	430.3
3300013497.a:Ga0121334_100014_178	gnl|TC-DB|P46133|2.A.68.1.1	34.6	535	314	4	5	539	4	502	2.3e-83	306.2
3300013497.a:Ga0121334_100014_189	gnl|TC-DB|P32399|9.B.74.1.3	34.4	212	132	3	710	918	563	770	6.7e-27	119.4
3300013497.a:Ga0121334_100014_193	gnl|TC-DB|Q8TZX5|2.A.66.1.45	25.3	388	271	5	11	386	4	384	5.3e-17	85.5
3300013497.a:Ga0121334_100014_197	gnl|TC-DB|Q9P6J2|2.A.89.3.8	37.5	232	140	2	6	237	5	231	2.3e-27	119.0
3300013497.a:Ga0121334_100014_201	gnl|TC-DB|P0C0L7|2.A.1.6.4	35.6	433	271	3	29	454	19	450	7.3e-75	277.7
3300013497.a:Ga0121334_100014_216	gnl|TC-DB|O05804|2.A.52.1.7	35.8	332	194	5	23	335	27	358	9.4e-43	170.6
3300013497.a:Ga0121334_100014_217	gnl|TC-DB|Q13336|1.A.28.1.5	28.7	321	195	9	1	298	56	365	8.5e-11	64.3
3300013497.a:Ga0121334_100014_232	gnl|TC-DB|P76350|2.A.1.6.6	33.7	418	270	4	11	424	21	435	1.2e-58	223.8
3300013497.a:Ga0121334_100014_242	gnl|TC-DB|P18156|1.A.8.2.1	44.8	281	142	2	4	283	1	269	3.5e-68	255.0
3300013497.a:Ga0121334_100014_246	gnl|TC-DB|G7U9A2|1.A.43.1.3	38.5	117	65	2	21	137	18	127	2.2e-12	68.6
3300013497.a:Ga0121334_100014_249	gnl|TC-DB|P54104|2.A.26.1.3	31.5	425	277	9	21	434	16	437	9.8e-40	161.0
3300013497.a:Ga0121334_100014_251	gnl|TC-DB|P69797|4.A.6.1.1	40.6	308	176	2	2	309	3	303	1.8e-51	199.5
3300013497.a:Ga0121334_100014_266	gnl|TC-DB|Q02YV9|9.A.24.1.7	28.0	157	102	3	13	167	12	159	3.4e-14	74.7
3300013497.a:Ga0121334_100014_268	gnl|TC-DB|F4K2G0|3.D.1.8.1	48.1	158	63	5	17	170	103	245	3.6e-30	127.9
3300013497.a:Ga0121334_100014_273	gnl|TC-DB|Q46892|2.A.8.1.7	38.7	429	242	5	38	456	29	446	8.5e-71	264.2
3300013497.a:Ga0121334_100014_275	gnl|TC-DB|P59950|2.A.20.1.3	56.9	378	151	5	1	376	1	368	5.1e-109	391.0
3300013497.a:Ga0121334_100014_287	gnl|TC-DB|H3KBD2|2.A.9.3.7	25.9	247	132	6	10	256	354	549	4.2e-16	82.0
3300013497.a:Ga0121334_100014_298	gnl|TC-DB|O05435|2.A.66.4.4	29.4	558	340	16	12	549	30	553	1.8e-35	147.1
3300013497.a:Ga0121334_100014_301	gnl|TC-DB|Q48597|3.A.1.124.1	41.1	207	117	1	2	208	3	204	1.9e-40	162.9
3300013497.a:Ga0121334_100014_303	gnl|TC-DB|H8I779|3.A.1.132.8	34.4	305	189	5	2	295	4	308	1.3e-41	166.8
3300013497.a:Ga0121334_100014_314	gnl|TC-DB|F4H5M4|9.B.169.1.3	32.7	397	232	10	2	387	27	399	6.1e-33	138.3
3300013497.a:Ga0121334_100014_315	gnl|TC-DB|D5CES3|2.A.7.1.10	49.0	102	52	0	1	102	1	102	7.6e-20	92.8
3300013497.a:Ga0121334_100019_4	gnl|TC-DB|G7U9U2|2.A.79.1.3	33.3	427	277	6	1	425	1	421	4.2e-51	198.7
3300013497.a:Ga0121334_100019_16	gnl|TC-DB|O00571|1.I.1.1.3	35.4	353	212	6	14	353	181	530	3.3e-55	212.6
3300013497.a:Ga0121334_100019_18	gnl|TC-DB|Q07837|8.A.9.1.2	31.1	533	300	20	16	525	116	604	3.8e-62	235.7
3300013497.a:Ga0121334_100019_22	gnl|TC-DB|Q5SMG8|1.A.26.1.2	36.2	130	78	1	282	411	126	250	2.2e-12	70.1
3300013497.a:Ga0121334_100019_24	gnl|TC-DB|A0L4L0|3.A.1.132.3	32.9	255	158	3	107	361	87	328	5.9e-30	128.3
3300013497.a:Ga0121334_100019_30	gnl|TC-DB|P48243|3.A.1.3.9	75.2	242	60	0	6	247	1	242	1.5e-103	372.1
3300013497.a:Ga0121334_100019_31	gnl|TC-DB|P48242|3.A.1.3.9	42.4	276	132	9	8	262	11	280	2.2e-45	179.1
3300013497.a:Ga0121334_100019_32	gnl|TC-DB|P48244|3.A.1.3.9	46.5	228	115	2	7	227	1	228	2.5e-47	185.3
3300013497.a:Ga0121334_100019_33	gnl|TC-DB|P48245|3.A.1.3.9	45.2	228	125	0	43	270	1	228	6.0e-49	191.0
3300013497.a:Ga0121334_100019_40	gnl|TC-DB|Q8EXV0|3.D.1.9.3	46.6	73	39	0	1	73	1	73	6.9e-16	79.7
3300013497.a:Ga0121334_100019_43	gnl|TC-DB|Q92WM0|2.A.15.1.5	44.2	498	258	8	38	529	57	540	8.3e-114	407.5
3300013497.a:Ga0121334_100019_46	gnl|TC-DB|O34878|3.A.1.12.4	33.0	197	132	0	21	217	13	209	1.1e-25	113.2
3300013497.a:Ga0121334_100019_47	gnl|TC-DB|Q93A34|3.A.1.12.8	33.5	197	114	2	18	214	22	201	6.4e-16	80.9
3300013497.a:Ga0121334_100019_48	gnl|TC-DB|Q8ZPK4|3.A.1.12.14	41.4	374	186	7	7	348	2	374	9.9e-72	266.9
3300013497.a:Ga0121334_100019_59	gnl|TC-DB|P25737|2.A.3.1.2	57.5	461	193	2	17	474	13	473	1.0e-159	559.7
3300013497.a:Ga0121334_100019_62	gnl|TC-DB|Q8NTP8|2.A.78.1.2	32.5	228	148	2	41	263	22	248	5.3e-28	121.3
3300013497.a:Ga0121334_100019_66	gnl|TC-DB|Q3SAW5|2.A.7.21.4	38.4	310	182	3	4	313	5	305	5.2e-48	188.0
3300013497.a:Ga0121334_100019_67	gnl|TC-DB|Q9KXJ6|3.A.1.32.1	33.3	129	81	4	621	745	86	213	9.9e-11	65.5
3300013497.a:Ga0121334_100019_73	gnl|TC-DB|M1TZ79|2.A.21.2.5	31.3	483	316	6	10	484	11	485	1.9e-55	213.4
3300013497.a:Ga0121334_100019_82	gnl|TC-DB|C7QI22|3.A.1.105.18	40.1	222	124	4	4	221	445	661	2.6e-36	149.1
3300013497.a:Ga0121334_100019_86	gnl|TC-DB|P69926|2.A.7.1.2	59.4	106	42	1	1	105	1	106	2.2e-25	111.3
3300013497.a:Ga0121334_100019_95	gnl|TC-DB|O34897|1.A.23.3.1	32.8	262	159	5	47	304	11	259	1.5e-29	126.7
3300013497.a:Ga0121334_100019_107	gnl|TC-DB|C7NB69|4.A.1.1.16	58.6	544	210	4	1	544	1	529	1.5e-180	629.0
3300013497.a:Ga0121334_100019_109	gnl|TC-DB|Q07837|8.A.9.1.2	31.5	531	306	13	14	534	117	599	2.1e-74	276.6
3300013497.a:Ga0121334_100019_110	gnl|TC-DB|Q07837|8.A.9.1.2	30.7	547	321	13	9	546	117	614	4.4e-77	285.4
3300013497.a:Ga0121334_100019_130	gnl|TC-DB|H8E4X1|9.B.18.1.2	43.0	472	261	5	19	485	51	519	4.7e-104	374.8
3300013497.a:Ga0121334_100019_137	gnl|TC-DB|A9WMF7|1.A.22.1.9	46.6	133	61	3	1	124	1	132	1.8e-23	105.1
3300013497.a:Ga0121334_100019_139	gnl|TC-DB|P00550|4.A.2.1.2	47.0	656	318	6	7	658	3	632	9.4e-156	547.0
3300013497.a:Ga0121334_100019_154	gnl|TC-DB|P0A5Z2|3.A.5.2.2	58.5	441	178	3	1	436	1	441	8.9e-139	490.0
3300013497.a:Ga0121334_100019_186	gnl|TC-DB|O33854|2.A.1.8.15	28.8	382	262	7	14	395	5	376	1.4e-37	153.7
3300013497.a:Ga0121334_100019_187	gnl|TC-DB|P0AF32|5.A.3.1.2	32.6	224	147	3	6	228	5	225	1.1e-24	110.2
3300013497.a:Ga0121334_100019_189	gnl|TC-DB|P19318|5.A.3.1.2	56.4	500	206	6	1	496	1	492	6.0e-169	590.5
3300013497.a:Ga0121334_100019_190	gnl|TC-DB|P09152|5.A.3.1.1	46.7	1236	628	12	19	1234	5	1229	0.0e+00	1167.1
3300013497.a:Ga0121334_100019_191	gnl|TC-DB|Q8ID54|3.A.25.2.1	26.5	211	150	3	15	221	90	299	3.1e-16	82.8
3300013497.a:Ga0121334_100019_196	gnl|TC-DB|Q6QJE2|3.A.1.6.7	35.6	216	134	2	18	233	145	355	8.1e-20	94.0
3300013497.a:Ga0121334_100019_204	gnl|TC-DB|Q8NMD6|4.A.1.2.12	53.6	674	273	8	1	648	1	660	4.5e-187	651.0
3300013497.a:Ga0121334_100019_205	gnl|TC-DB|Q9KJ80|4.A.1.2.6	54.9	122	55	0	36	157	498	619	2.6e-31	131.7
3300013497.a:Ga0121334_100019_209	gnl|TC-DB|Q8TZQ3|3.A.1.1.16	41.6	250	133	4	5	241	3	252	2.6e-45	179.1
3300013497.a:Ga0121334_100019_210	gnl|TC-DB|Q9ZK21|1.C.82.1.1	51.3	226	109	1	1	225	1	226	1.3e-56	216.1
3300013497.a:Ga0121334_100019_231	gnl|TC-DB|P75810|2.A.1.60.2	39.9	366	211	2	18	380	16	375	1.4e-61	233.4
3300013497.a:Ga0121334_100019_234	gnl|TC-DB|P38919|3.A.18.1.1	34.8	423	254	8	6	422	3	409	2.1e-62	236.9
3300013497.a:Ga0121334_100019_242	gnl|TC-DB|Q8EXN4|9.B.1.1.5	32.9	213	134	5	78	289	87	291	7.7e-17	84.3
3300013497.a:Ga0121334_100019_245	gnl|TC-DB|P65374|2.A.6.5.5	26.8	560	373	8	252	801	171	703	7.0e-36	149.1
3300013497.a:Ga0121334_100019_248	gnl|TC-DB|P27844|2.A.7.7.2	38.2	293	177	2	12	304	8	296	9.2e-50	193.7
3300013497.a:Ga0121334_100019_249	gnl|TC-DB|Q9F3K7|3.A.1.3.24	60.2	251	90	1	8	248	3	253	3.3e-77	284.6
3300013497.a:Ga0121334_100019_250	gnl|TC-DB|P42200|3.A.1.3.14	31.3	214	143	2	44	257	18	227	1.8e-25	112.8
3300013497.a:Ga0121334_100019_254	gnl|TC-DB|Q8NRL8|2.A.22.4.3	55.4	496	220	1	4	499	26	520	4.2e-151	531.2
3300013497.a:Ga0121334_100019_263	gnl|TC-DB|J7JIE8|2.A.21.2.4	51.9	474	223	3	18	491	1	469	8.9e-135	476.9
3300013497.a:Ga0121334_100074_11	gnl|TC-DB|P69451|4.C.1.1.4	32.7	493	284	8	57	514	70	549	4.7e-62	235.3
3300013497.a:Ga0121334_100074_23	gnl|TC-DB|B2TCH9|2.A.89.3.1	32.1	380	223	10	21	375	6	375	1.5e-33	140.2
3300013497.a:Ga0121334_100074_45	gnl|TC-DB|Q6M7P5|2.A.42.1.6	69.2	406	119	1	2	407	16	415	2.2e-155	545.0
3300013497.a:Ga0121334_100074_51	gnl|TC-DB|Q6ADZ6|4.F.1.1.7	59.4	138	53	1	10	147	2	136	3.0e-41	164.9
3300013497.a:Ga0121334_100074_52	gnl|TC-DB|P21458|3.A.12.1.1	48.4	483	234	6	512	989	308	780	1.2e-125	447.6
3300013497.a:Ga0121334_100074_57	gnl|TC-DB|B9DIS8|9.B.97.5.1	31.0	609	382	14	24	622	21	601	1.0e-61	234.6
3300013497.a:Ga0121334_100074_67	gnl|TC-DB|S5Y5N9|2.A.80.1.4	76.7	490	114	0	1	490	1	490	5.9e-203	703.4
3300013497.a:Ga0121334_100074_68	gnl|TC-DB|S5XH28|2.A.80.1.4	44.9	167	74	4	1	167	40	188	2.6e-30	128.3
3300013497.a:Ga0121334_100074_69	gnl|TC-DB|S5XTE7|2.A.80.1.4	54.2	336	150	3	28	362	2	334	1.9e-97	352.4
3300013497.a:Ga0121334_100074_74	gnl|TC-DB|P80874|8.A.5.1.4	23.7	304	177	11	9	259	10	311	8.1e-13	70.9
3300013497.a:Ga0121334_100140_1	gnl|TC-DB|Q46839|2.A.14.1.2	48.9	92	47	0	2	93	4	95	7.5e-19	89.4
3300013497.a:Ga0121334_100140_17	gnl|TC-DB|Q5EP68|3.A.7.11.1	27.9	233	157	5	33	257	6	235	1.1e-15	80.5
3300013497.a:Ga0121334_100140_18	gnl|TC-DB|O05307|4.C.1.1.3	22.2	546	365	12	84	618	71	567	5.5e-12	69.3
3300013497.a:Ga0121334_100140_30	gnl|TC-DB|Q9S218|1.C.109.1.2	52.5	242	111	3	2	239	8	249	9.0e-56	213.4
3300013497.a:Ga0121334_100020_20	gnl|TC-DB|K9YXY1|8.A.3.1.2	31.9	360	220	10	125	471	398	745	2.0e-27	120.2
3300013497.a:Ga0121334_100020_38	gnl|TC-DB|Q2PGB8|3.A.1.120.5	31.8	544	336	14	1	533	1	520	1.6e-61	233.8
3300013497.a:Ga0121334_100020_41	gnl|TC-DB|P75905|4.D.1.1.3	34.0	103	68	0	6	108	75	177	7.6e-12	67.8
3300013497.a:Ga0121334_100020_51	gnl|TC-DB|O32748|3.A.1.117.2	39.7	232	137	3	360	590	346	575	3.5e-45	179.5
3300013497.a:Ga0121334_100020_59	gnl|TC-DB|I1WBQ5|9.B.142.5.1	39.3	516	279	8	40	538	39	537	1.1e-98	357.1
3300013497.a:Ga0121334_100020_77	gnl|TC-DB|Q5SI73|1.C.113.1.4	40.5	195	110	4	51	243	11	201	1.2e-26	116.7
3300013497.a:Ga0121334_100020_83	gnl|TC-DB|D3LPG3|2.A.86.1.6	48.2	334	171	1	25	358	342	673	4.1e-72	268.5
3300013497.a:Ga0121334_100020_97	gnl|TC-DB|Q9WXW0|3.A.1.2.18	41.3	298	166	3	139	430	24	318	7.4e-53	204.5
3300013497.a:Ga0121334_100020_98	gnl|TC-DB|Q8DU38|3.A.1.2.12	35.5	293	179	4	120	402	48	340	6.4e-36	148.3
3300013497.a:Ga0121334_100020_99	gnl|TC-DB|A2RKA7|3.A.1.2.17	49.0	500	253	2	3	500	7	506	1.6e-134	476.1
3300013497.a:Ga0121334_100020_100	gnl|TC-DB|P29724|3.A.1.2.10	26.7	337	224	7	19	346	15	337	2.1e-24	109.8
3300013497.a:Ga0121334_100020_102	gnl|TC-DB|X5GWN5|3.D.10.1.6	46.3	203	105	3	60	261	56	255	7.4e-48	187.2
3300013497.a:Ga0121334_100020_103	gnl|TC-DB|X5H3P0|3.D.10.1.6	47.8	578	286	6	4	575	11	578	3.7e-156	548.1
3300013497.a:Ga0121334_100020_120	gnl|TC-DB|E3H5G9|9.B.102.6.5	47.7	428	222	1	1	428	14	439	2.8e-110	395.6
3300013497.a:Ga0121334_100020_125	gnl|TC-DB|Q0E7C5|2.A.1.38.2	29.2	428	270	5	4	419	6	412	1.7e-33	140.2
3300013497.a:Ga0121334_100020_126	gnl|TC-DB|P80874|8.A.5.1.4	38.7	155	74	6	12	147	10	162	1.9e-17	86.3
3300013497.a:Ga0121334_100020_127	gnl|TC-DB|P80874|8.A.5.1.4	36.5	156	78	7	16	152	10	163	2.1e-14	76.3
3300013497.a:Ga0121334_100020_131	gnl|TC-DB|P43531|2.A.1.36.1	33.0	397	256	3	9	405	28	414	5.2e-48	188.3
3300013497.a:Ga0121334_100020_134	gnl|TC-DB|Q6LX42|2.A.25.1.3	45.6	447	228	7	6	446	5	442	6.3e-97	351.3
3300013497.a:Ga0121334_100020_140	gnl|TC-DB|G4NXA5|1.A.33.1.4	58.7	618	244	7	1	615	1	610	2.5e-187	651.7
3300013497.a:Ga0121334_100020_149	gnl|TC-DB|Q8NQC8|2.A.59.1.7	62.1	340	129	0	18	357	34	373	8.2e-122	433.3
3300013497.a:Ga0121334_100020_151	gnl|TC-DB|I7FD23|2.A.1.2.97	41.8	388	221	3	10	395	12	396	2.1e-73	272.7
3300013497.a:Ga0121334_100020_154	gnl|TC-DB|O34362|3.A.1.30.1	32.8	519	310	9	3	511	11	500	1.0e-64	244.2
3300013497.a:Ga0121334_100020_155	gnl|TC-DB|O34738|3.A.1.30.1	33.8	195	124	2	8	202	3	192	1.9e-19	92.4
3300013497.a:Ga0121334_100020_157	gnl|TC-DB|C5C6P3|2.A.1.24.5	47.3	419	217	2	17	431	13	431	6.5e-97	350.9
3300013497.a:Ga0121334_100020_164	gnl|TC-DB|P9WG63|5.A.1.2.9	32.5	200	119	6	2	195	388	577	1.7e-21	100.9
3300013497.a:Ga0121334_100020_165	gnl|TC-DB|E3IZF4|9.B.62.3.2	31.3	732	393	13	3	678	43	720	1.1e-72	271.2
3300013497.a:Ga0121334_100020_176	gnl|TC-DB|Q9S215|3.A.1.14.22	53.1	258	121	0	8	265	22	279	9.9e-75	276.6
3300013497.a:Ga0121334_100020_177	gnl|TC-DB|Q9S214|3.A.1.14.22	38.8	294	175	2	55	347	85	374	3.5e-45	178.7
3300013497.a:Ga0121334_100020_178	gnl|TC-DB|Q9S213|3.A.1.14.22	43.5	338	183	3	2	335	15	348	1.7e-57	219.5
3300013497.a:Ga0121334_100020_181	gnl|TC-DB|Q9KXJ6|3.A.1.32.1	27.6	457	251	9	16	399	62	511	4.0e-24	109.0
3300013497.a:Ga0121334_100020_194	gnl|TC-DB|Q9HV74|2.A.21.9.1	28.4	271	164	10	127	379	716	974	5.0e-19	92.0
3300013497.a:Ga0121334_100020_203	gnl|TC-DB|C7NLF6|2.A.115.2.6	47.0	200	106	0	18	217	30	229	1.9e-44	175.6
3300013497.a:Ga0121334_100020_216	gnl|TC-DB|Q8RME1|3.A.1.126.1	37.6	295	175	4	8	301	2	288	8.6e-54	207.2
3300013497.a:Ga0121334_100020_217	gnl|TC-DB|A1R938|9.B.110.3.1	39.0	249	151	1	15	263	17	264	3.9e-44	174.9
3300013497.a:Ga0121334_100020_228	gnl|TC-DB|P20021|3.A.3.6.1	39.3	578	332	4	34	592	137	714	1.9e-105	380.2
3300013497.a:Ga0121334_100003_1	gnl|TC-DB|P39649|2.A.7.3.4	32.6	291	187	5	2	291	8	290	2.2e-24	109.4
3300013497.a:Ga0121334_100003_12	gnl|TC-DB|E8XKQ3|9.B.100.1.1	26.6	229	151	3	6	234	3	214	2.9e-14	75.5
3300013497.a:Ga0121334_100003_25	gnl|TC-DB|P0A5Y8|3.A.5.2.2	61.4	834	310	5	4	826	1	833	3.8e-290	993.8
3300013497.a:Ga0121334_100003_35	gnl|TC-DB|Q932J9|3.A.7.17.1	38.0	221	135	1	470	690	656	874	4.7e-36	150.2
3300013497.a:Ga0121334_100003_38	gnl|TC-DB|Q9HTB8|3.A.1.103.6	29.1	275	153	9	32	293	20	265	1.2e-17	87.0
3300013497.a:Ga0121334_100003_39	gnl|TC-DB|P72884|3.A.1.103.5	44.9	243	118	2	18	244	5	247	8.3e-60	226.9
3300013497.a:Ga0121334_100003_40	gnl|TC-DB|Q7UHP7|9.A.47.2.1	42.2	296	169	2	67	360	108	403	4.2e-61	231.9
3300013497.a:Ga0121334_100003_59	gnl|TC-DB|P54428|9.A.40.2.1	31.2	394	263	4	5	394	6	395	2.0e-53	206.5
3300013497.a:Ga0121334_100003_60	gnl|TC-DB|Q0PBV6|9.A.40.2.2	32.1	343	226	4	5	346	28	364	2.0e-43	172.9
3300013497.a:Ga0121334_100003_61	gnl|TC-DB|G0LRW7|3.A.1.15.15	22.0	332	205	9	6	313	3	304	4.7e-12	68.6
3300013497.a:Ga0121334_100003_62	gnl|TC-DB|P96117|3.A.1.15.8	29.7	236	165	1	11	246	10	244	1.2e-25	113.6
3300013497.a:Ga0121334_100003_63	gnl|TC-DB|G0LRW8|3.A.1.15.15	27.2	268	184	5	9	274	3	261	4.2e-18	88.6
3300013497.a:Ga0121334_100003_68	gnl|TC-DB|A4QGR2|9.B.104.3.3	32.7	211	121	5	21	222	29	227	1.2e-22	103.2
3300013497.a:Ga0121334_100003_82	gnl|TC-DB|Q6MMD5|9.B.18.2.1	35.6	480	275	12	111	568	102	569	1.5e-62	237.3
3300013497.a:Ga0121334_100003_83	gnl|TC-DB|G2HLY8|9.B.146.1.2	32.0	266	144	10	35	282	25	271	1.0e-17	87.4
3300013497.a:Ga0121334_100003_90	gnl|TC-DB|P29706|3.A.2.1.2	58.0	479	193	2	33	511	29	499	6.2e-158	553.9
3300013497.a:Ga0121334_100003_91	gnl|TC-DB|P50005|3.A.2.1.5	31.3	307	202	3	1	304	1	301	1.6e-38	156.4
3300013497.a:Ga0121334_100003_92	gnl|TC-DB|P29707|3.A.2.1.2	63.9	463	162	3	18	480	5	462	1.4e-161	565.8
3300013497.a:Ga0121334_100003_98	gnl|TC-DB|C1A6K8|3.A.1.147.1	36.3	237	147	1	59	291	2	238	4.4e-44	174.9
3300013497.a:Ga0121334_100003_99	gnl|TC-DB|F6FPI3|2.A.1.85.1	26.8	421	270	6	1	397	1	407	1.4e-29	127.5
3300013497.a:Ga0121334_100003_120	gnl|TC-DB|P33950|3.A.1.5.27	25.5	470	325	13	12	463	1	463	1.1e-24	111.3
3300013497.a:Ga0121334_100003_168	gnl|TC-DB|Q8NRB5|2.A.1.2.24	45.9	401	194	5	39	436	13	393	3.2e-83	305.4
3300013497.a:Ga0121334_100003_169	gnl|TC-DB|P66842|3.A.5.2.2	59.9	317	126	1	48	364	106	421	4.1e-97	351.3
3300013497.a:Ga0121334_100003_172	gnl|TC-DB|Q79VF1|1.A.11.1.3	47.3	427	196	8	3	405	9	430	8.4e-94	340.5
3300013497.a:Ga0121334_100003_175	gnl|TC-DB|Q3C2E8|9.B.76.1.1	69.0	455	129	4	1	454	1	444	1.5e-169	592.4
3300013497.a:Ga0121334_100003_180	gnl|TC-DB|Q2SDB1|3.A.1.132.4	35.1	262	158	3	8	258	2	262	1.9e-39	159.5
3300013497.a:Ga0121334_100003_194	gnl|TC-DB|Q8VRK4|3.A.11.1.3	32.8	287	158	5	143	415	64	329	1.4e-24	110.5
3300013497.a:Ga0121334_100003_216	gnl|TC-DB|P43672|3.A.1.120.6	35.3	513	328	3	5	516	3	512	2.4e-88	322.8
3300013497.a:Ga0121334_100003_227	gnl|TC-DB|Q9S213|3.A.1.14.22	28.1	313	208	6	25	325	37	344	3.7e-20	95.5
3300013497.a:Ga0121334_100003_229	gnl|TC-DB|Q9X665|3.A.1.14.7	39.4	241	144	1	5	243	7	247	9.9e-50	193.4
3300013497.a:Ga0121334_100003_242	gnl|TC-DB|Q8NLX4|2.A.102.4.8	57.5	287	120	2	1	286	1	286	2.0e-84	308.9
3300013497.a:Ga0121334_100003_265	gnl|TC-DB|P0AG34|2.A.76.1.1	41.2	216	114	4	1	216	1	203	7.1e-36	147.1
3300013497.a:Ga0121334_100003_268	gnl|TC-DB|I7I571|2.A.1.53.12	26.8	396	273	7	1	382	23	415	5.8e-28	121.7
3300013497.a:Ga0121334_100003_311	gnl|TC-DB|Q50634|3.A.5.2.2	33.5	600	275	12	7	528	5	558	1.7e-68	256.9
3300013497.a:Ga0121334_100003_312	gnl|TC-DB|Q50635|3.A.5.2.2	37.4	353	206	6	2	341	39	389	1.1e-54	210.3
3300013497.a:Ga0121334_100003_349	gnl|TC-DB|Q8DQ41|3.A.11.1.2	44.6	112	55	1	3	114	68	172	4.8e-18	87.4
3300013497.a:Ga0121334_100003_351	gnl|TC-DB|P39695|3.A.11.1.1	33.3	255	140	8	47	280	505	750	1.8e-26	116.3
3300013497.a:Ga0121334_100003_364	gnl|TC-DB|P0A2L3|9.A.40.1.2	34.0	268	164	4	140	406	18	273	1.5e-42	170.2
3300013497.a:Ga0121334_100003_374	gnl|TC-DB|Q8NNK2|3.D.4.4.2	27.1	310	166	9	10	263	7	312	1.0e-26	117.1
3300013497.a:Ga0121334_100003_375	gnl|TC-DB|Q79VD7|3.D.4.4.2	64.8	520	182	1	32	551	33	551	1.5e-215	745.3
3300013497.a:Ga0121334_100003_377	gnl|TC-DB|Q57038|3.E.2.2.2	31.0	229	139	2	9	235	2	213	5.6e-29	125.6
3300013497.a:Ga0121334_100003_380	gnl|TC-DB|Q9AEL8|3.D.4.4.2	54.5	191	73	4	1	189	27	205	4.1e-48	187.6
3300013497.a:Ga0121334_100003_384	gnl|TC-DB|P0AA53|8.A.21.2.2	43.7	167	94	0	27	193	20	186	1.6e-35	146.7
3300013497.a:Ga0121334_100003_389	gnl|TC-DB|Q9RJ69|2.A.64.2.2	38.2	288	158	5	1	274	1	282	5.6e-49	191.0
3300013497.a:Ga0121334_100003_398	gnl|TC-DB|B7G1T3|3.A.25.1.1	39.8	261	128	6	217	465	601	844	9.6e-45	177.9
3300013497.a:Ga0121334_100003_407	gnl|TC-DB|O69070|2.A.1.3.29	43.1	443	249	1	1	443	25	464	1.0e-101	367.5
3300013497.a:Ga0121334_100003_413	gnl|TC-DB|F8D413|3.A.1.105.12	33.5	212	127	5	15	224	15	214	2.7e-21	99.0
3300013497.a:Ga0121334_100003_421	gnl|TC-DB|Q83XH1|3.A.1.121.4	30.2	517	328	9	1	503	1	498	5.0e-59	225.3
3300013497.a:Ga0121334_100003_422	gnl|TC-DB|Q21AF4|2.A.88.1.5	33.5	179	118	1	9	186	5	183	1.1e-16	83.2
3300013497.a:Ga0121334_100003_423	gnl|TC-DB|Q6GUB2|3.A.1.25.1	40.9	208	121	2	37	242	15	222	3.1e-33	138.7
3300013497.a:Ga0121334_100003_426	gnl|TC-DB|E8MFM4|3.A.1.135.6	44.5	623	306	4	1	584	2	623	2.3e-134	475.7
3300013497.a:Ga0121334_100003_427	gnl|TC-DB|E8MFM3|3.A.1.135.6	50.6	611	285	5	40	638	1	606	1.8e-151	532.7
3300013497.a:Ga0121334_100003_432	gnl|TC-DB|P63391|3.A.1.21.2	29.8	215	140	7	22	235	624	828	6.8e-14	74.3
3300013497.a:Ga0121334_100003_436	gnl|TC-DB|Q7AKK4|3.A.1.105.14	42.3	213	109	3	48	253	21	226	1.6e-42	169.9
3300013497.a:Ga0121334_100003_445	gnl|TC-DB|P66791|3.A.5.2.2	43.4	76	43	0	4	79	1	76	6.9e-11	62.8
3300013497.a:Ga0121334_100003_453	gnl|TC-DB|P31119|4.C.1.1.16	26.6	222	144	8	15	228	9	219	6.3e-11	64.3
3300013497.a:Ga0121334_100003_454	gnl|TC-DB|A9WBR9|3.A.1.32.3	25.4	456	216	17	493	919	126	486	3.2e-16	84.0
3300013497.a:Ga0121334_100003_457	gnl|TC-DB|O85018|3.A.1.119.3	29.8	591	380	8	7	590	544	1106	3.7e-55	212.6
3300013497.a:Ga0121334_100003_458	gnl|TC-DB|Q9Z4Q1|3.A.1.119.2	24.5	473	311	10	26	491	45	478	1.6e-21	100.9
3300013497.a:Ga0121334_100003_463	gnl|TC-DB|F0N2E7|2.A.109.1.2	38.3	326	173	5	6	320	11	319	2.1e-54	209.5
3300013497.a:Ga0121334_100003_464	gnl|TC-DB|Q9RL01|2.A.1.72.1	41.3	341	197	3	4	343	8	346	3.5e-57	218.8
3300013497.a:Ga0121334_100003_466	gnl|TC-DB|Q79VE0|2.A.15.1.2	46.1	525	282	1	10	533	18	542	1.1e-137	486.9
3300013497.a:Ga0121334_100003_469	gnl|TC-DB|Q38954|2.A.20.2.4	32.5	486	261	8	59	538	160	584	5.8e-55	211.8
3300013497.a:Ga0121334_100003_473	gnl|TC-DB|P43004|2.A.23.2.7	26.6	297	198	8	122	409	218	503	7.3e-13	71.6
3300013497.a:Ga0121334_100003_516	gnl|TC-DB|Q8NU75|4.B.1.1.5	57.1	217	87	4	7	220	7	220	5.1e-64	240.7
3300013497.a:Ga0121334_100003_517	gnl|TC-DB|O34691|2.A.1.82.4	42.6	394	191	3	27	420	4	362	2.0e-85	312.8
3300013497.a:Ga0121334_100003_521	gnl|TC-DB|O32105|2.A.8.1.12	47.4	409	205	6	43	450	43	442	3.7e-95	345.1
3300013497.a:Ga0121334_100003_531	gnl|TC-DB|Q41364|2.A.47.3.1	40.8	468	272	4	3	467	104	569	2.1e-93	339.3
3300013497.a:Ga0121334_100003_532	gnl|TC-DB|Q8KAA1|3.D.10.1.5	44.4	239	132	1	1	238	1	239	3.0e-62	235.0
3300013497.a:Ga0121334_100003_533	gnl|TC-DB|Q8F4Z1|3.D.10.1.2	53.0	636	297	2	12	646	3	637	1.6e-197	685.6
3300013497.a:Ga0121334_100003_543	gnl|TC-DB|P30145|2.A.25.1.2	48.4	455	214	6	43	497	1	434	5.0e-101	364.8
3300013497.a:Ga0121334_100003_547	gnl|TC-DB|A4X503|2.A.3.14.1	38.2	646	381	8	3	644	9	640	1.4e-111	400.2
3300013497.a:Ga0121334_100003_548	gnl|TC-DB|P0AGI8|2.A.38.1.1	26.1	218	150	4	5	211	4	221	1.8e-13	72.8
3300013497.a:Ga0121334_100003_549	gnl|TC-DB|Q2FLJ6|3.A.3.1.8	37.6	205	126	1	1	203	3	207	1.8e-31	132.5
3300013497.a:Ga0121334_100003_565	gnl|TC-DB|P29018|3.A.1.129.1	31.0	503	299	12	117	599	71	545	1.1e-37	155.6
3300013497.a:Ga0121334_100003_566	gnl|TC-DB|P0ABK2|3.D.4.3.2	34.4	372	201	8	7	338	3	371	5.9e-48	188.0
3300013497.a:Ga0121334_100003_567	gnl|TC-DB|P0ABJ9|3.D.4.3.2	31.4	544	279	9	1	495	2	500	1.6e-62	236.9
3300013497.a:Ga0121334_100003_609	gnl|TC-DB|Q9WYC3|3.A.1.135.5	29.0	572	395	2	16	585	1	563	2.5e-62	236.5
3300013497.a:Ga0121334_100003_626	gnl|TC-DB|P07373|2.A.103.1.3	34.9	364	222	7	45	404	10	362	6.3e-42	168.7
3300013497.a:Ga0121334_100003_628	gnl|TC-DB|P0A6W3|9.B.146.1.6	38.9	360	185	12	1	357	27	354	1.1e-55	213.8
3300013497.a:Ga0121334_100003_639	gnl|TC-DB|M5BEH1|9.B.106.3.1	28.5	305	184	7	19	301	9	301	2.1e-22	103.6
3300013497.a:Ga0121334_100003_642	gnl|TC-DB|P39518|4.C.1.1.15	24.6	625	406	18	37	604	117	733	4.1e-37	152.9
3300013497.a:Ga0121334_100003_646	gnl|TC-DB|Q6A1F6|3.B.1.1.6	34.5	594	338	11	541	1115	6	567	1.8e-82	304.3
3300013497.a:Ga0121334_100003_657	gnl|TC-DB|D7V8E7|1.A.8.2.6	60.5	76	25	2	27	101	10	81	8.6e-15	76.3
3300013497.a:Ga0121334_100003_658	gnl|TC-DB|D7V8E7|1.A.8.2.6	52.6	135	61	2	1	132	101	235	1.0e-35	146.0
3300013497.a:Ga0121334_100003_668	gnl|TC-DB|Q46839|2.A.14.1.2	42.7	490	256	3	3	478	65	543	1.1e-95	347.1
3300013497.a:Ga0121334_100026_28	gnl|TC-DB|P31141|2.A.1.2.32	63.0	392	141	3	1	391	1	389	4.4e-121	431.0
3300013497.a:Ga0121334_100026_31	gnl|TC-DB|Q53712|3.A.1.120.3	36.2	542	317	13	2	527	21	549	6.1e-60	228.4
3300013497.a:Ga0121334_100026_32	gnl|TC-DB|O31137|2.A.1.21.3	48.8	410	208	1	8	417	11	418	3.5e-108	388.3
3300013497.a:Ga0121334_100026_37	gnl|TC-DB|P69451|4.C.1.1.4	25.8	519	323	16	71	545	50	550	2.7e-29	126.7
3300013497.a:Ga0121334_100026_48	gnl|TC-DB|O34697|3.A.1.134.3	34.1	214	138	2	4	216	2	213	4.0e-34	141.4
3300013497.a:Ga0121334_100026_55	gnl|TC-DB|P37643|2.A.1.6.10	38.7	421	248	7	18	432	22	438	4.5e-77	285.0
3300013497.a:Ga0121334_100026_59	gnl|TC-DB|B1MHH7|3.A.3.5.31	47.3	764	338	11	13	753	2	723	3.8e-161	565.1
3300013497.a:Ga0121334_100026_63	gnl|TC-DB|G4NXW2|2.A.76.1.8	27.5	218	142	3	6	223	3	204	5.3e-13	71.2
3300013497.a:Ga0121334_100026_64	gnl|TC-DB|P39836|2.A.28.3.4	43.5	315	175	3	7	318	3	317	4.1e-64	241.5
3300013497.a:Ga0121334_100026_73	gnl|TC-DB|P0AA67|2.A.7.3.6	37.5	283	175	2	14	296	14	294	1.9e-45	179.5
3300013497.a:Ga0121334_100026_85	gnl|TC-DB|O34987|2.A.40.7.2	34.1	463	270	5	23	480	4	436	2.4e-63	239.6
3300013497.a:Ga0121334_100026_89	gnl|TC-DB|P07658|3.D.1.9.2	28.5	312	196	6	129	434	61	351	2.1e-34	144.1
3300013497.a:Ga0121334_100026_106	gnl|TC-DB|P75892|2.A.40.1.3	47.2	415	199	5	19	417	16	426	3.5e-90	328.6
3300013497.a:Ga0121334_100026_107	gnl|TC-DB|Q52978|2.A.63.1.1	33.1	963	551	19	60	1003	91	979	5.4e-110	395.6
3300013497.a:Ga0121334_100026_108	gnl|TC-DB|Q7AJW0|2.A.63.1.2	41.0	105	59	2	3	106	1	103	3.9e-13	71.2
3300013497.a:Ga0121334_100026_109	gnl|TC-DB|Q9KD98|2.A.63.1.2	36.7	518	299	7	3	516	1	493	1.4e-88	323.6
3300013497.a:Ga0121334_100026_113	gnl|TC-DB|Q55106|3.A.1.16.3	32.8	253	157	6	2	244	15	264	5.9e-26	114.4
3300013497.a:Ga0121334_100026_115	gnl|TC-DB|P0A4W2|3.A.1.6.3	38.9	211	118	2	13	214	6	214	3.6e-36	148.3
3300013497.a:Ga0121334_100026_118	gnl|TC-DB|Q5KYD1|2.A.17.1.7	41.5	480	272	4	21	492	18	496	1.5e-102	369.8
3300013497.a:Ga0121334_100026_126	gnl|TC-DB|P46105|2.A.1.3.25	31.8	507	308	9	7	490	15	506	1.3e-50	197.2
3300013497.a:Ga0121334_100026_127	gnl|TC-DB|A4QAL6|2.A.47.1.12	53.0	526	199	8	37	536	22	525	6.2e-142	500.7
3300013497.a:Ga0121334_100026_131	gnl|TC-DB|P07001|3.D.2.1.1	30.8	347	205	10	1	322	1	337	5.3e-28	121.7
3300013497.a:Ga0121334_100026_139	gnl|TC-DB|Q55280|3.A.1.15.1	51.2	283	136	2	26	306	40	322	2.4e-74	275.4
3300013497.a:Ga0121334_100026_140	gnl|TC-DB|Q9XCS1|3.A.1.15.7	51.6	217	104	1	35	250	21	237	2.5e-56	215.3
3300013497.a:Ga0121334_100026_141	gnl|TC-DB|Q55282|3.A.1.15.1	49.6	268	135	0	5	272	14	281	4.8e-61	231.1
3300013497.a:Ga0121334_100026_145	gnl|TC-DB|Q9AK33|2.A.69.3.1	42.3	307	175	2	1	306	1	306	5.6e-55	211.1
3300013497.a:Ga0121334_100026_155	gnl|TC-DB|P55072|3.A.16.1.1	42.0	219	126	1	177	394	472	690	2.1e-49	193.7
3300013497.a:Ga0121334_100026_166	gnl|TC-DB|Q97ZC0|3.A.1.1.15	28.2	170	115	2	2	171	3	165	8.3e-16	80.5
3300013497.a:Ga0121334_100026_173	gnl|TC-DB|Q9FI56|3.A.9.1.2	57.0	825	331	6	1	814	94	905	6.3e-269	923.3
3300013497.a:Ga0121334_100026_183	gnl|TC-DB|Q7WTY8|3.A.1.7.2	40.1	367	203	10	11	366	12	372	5.4e-52	201.4
3300013497.a:Ga0121334_100026_184	gnl|TC-DB|P0A630|3.A.1.7.4	47.3	296	141	7	30	311	23	317	1.2e-55	213.4
3300013497.a:Ga0121334_100026_185	gnl|TC-DB|Q7WTY6|3.A.1.7.2	45.6	309	150	6	59	363	12	306	7.7e-59	224.2
3300013497.a:Ga0121334_100026_186	gnl|TC-DB|P0C560|3.A.1.7.2	76.1	259	61	1	1	259	1	258	2.7e-114	407.9
3300013497.a:Ga0121334_100026_187	gnl|TC-DB|Q9KZW3|2.A.20.1.5	29.5	315	215	2	16	329	16	324	2.2e-36	149.4
3300013497.a:Ga0121334_100026_191	gnl|TC-DB|A0LFK9|9.B.102.4.1	28.7	265	174	9	15	270	379	637	7.3e-17	84.3
3300013497.a:Ga0121334_100026_198	gnl|TC-DB|P42954|3.A.1.104.1	40.7	199	118	0	56	254	38	236	1.9e-41	166.0
3300013497.a:Ga0121334_100081_6	gnl|TC-DB|L7KTB5|2.A.102.3.2	43.0	230	123	3	35	259	26	252	4.7e-42	167.9
3300013497.a:Ga0121334_100081_16	gnl|TC-DB|Q2G506|3.A.1.210.11	30.9	585	378	9	14	587	27	596	1.1e-65	247.7
3300013497.a:Ga0121334_100081_17	gnl|TC-DB|A6TAG3|1.E.43.1.1	62.0	79	28	1	1	79	1	77	2.1e-18	87.8
3300013497.a:Ga0121334_100081_18	gnl|TC-DB|Q8NS49|2.A.21.7.3	62.4	551	195	4	6	544	1	551	8.7e-176	613.2
3300013497.a:Ga0121334_100081_32	gnl|TC-DB|Q6MNF2|2.A.102.4.11	34.7	248	154	4	2	243	3	248	2.7e-18	89.0
3300013497.a:Ga0121334_100081_36	gnl|TC-DB|E1VTI0|2.A.116.3.1	35.4	243	128	5	5	223	10	247	7.6e-20	94.0
3300013497.a:Ga0121334_100081_46	gnl|TC-DB|P13512|2.A.4.1.1	36.9	301	185	4	16	315	7	303	5.4e-45	177.9
3300013497.a:Ga0121334_100081_63	gnl|TC-DB|Q9V0A4|3.B.1.1.5	55.3	523	222	4	21	537	6	522	3.5e-161	564.7
3300013497.a:Ga0121334_100081_71	gnl|TC-DB|P37643|2.A.1.6.10	54.9	439	180	5	19	457	20	440	1.2e-120	429.9
3300013497.a:Ga0121334_100032_13	gnl|TC-DB|Q8NN75|2.A.15.1.7	51.2	592	282	3	74	665	27	611	2.4e-170	595.5
3300013497.a:Ga0121334_100032_19	gnl|TC-DB|I6PJK1|2.A.114.1.7	49.1	740	341	7	28	736	26	760	4.4e-186	647.9
3300013497.a:Ga0121334_100032_24	gnl|TC-DB|H2GZC4|3.A.1.122.11	45.1	364	176	6	1	363	1	341	4.2e-65	245.0
3300013497.a:Ga0121334_100032_25	gnl|TC-DB|H2GZC3|3.A.1.122.11	50.4	226	96	3	18	243	6	215	7.8e-47	183.7
3300013497.a:Ga0121334_100032_38	gnl|TC-DB|P69451|4.C.1.1.4	34.3	562	355	10	20	573	5	560	2.0e-90	329.7
3300013497.a:Ga0121334_100032_39	gnl|TC-DB|Q8NSN1|3.A.1.24.4	42.4	278	150	4	14	282	17	293	8.7e-50	193.7
3300013497.a:Ga0121334_100032_40	gnl|TC-DB|Q8NSN2|3.A.1.24.4	56.9	350	148	3	3	351	11	358	3.5e-101	364.8
3300013497.a:Ga0121334_100032_41	gnl|TC-DB|Q8NSN3|3.A.1.24.4	58.6	220	90	1	13	232	4	222	4.0e-61	231.1
3300013497.a:Ga0121334_100032_49	gnl|TC-DB|Q0S1N2|4.A.2.1.13	54.6	668	275	5	4	648	14	676	9.1e-151	530.4
3300013497.a:Ga0121334_100032_50	gnl|TC-DB|Q0S1M9|8.A.7.1.2	48.5	515	255	5	41	553	44	550	3.1e-115	412.1
3300013497.a:Ga0121334_100032_64	gnl|TC-DB|Q93N33|2.A.21.9.2	29.1	258	162	8	227	477	767	1010	3.9e-13	72.8
3300013497.a:Ga0121334_100032_68	gnl|TC-DB|A6QJ21|2.A.1.21.7	24.5	363	264	7	27	385	3	359	1.1e-22	104.4
3300013497.a:Ga0121334_100032_83	gnl|TC-DB|Q9FI56|3.A.9.1.2	45.2	874	392	9	1	852	94	902	4.4e-198	688.0
3300013497.a:Ga0121334_100032_95	gnl|TC-DB|P65374|2.A.6.5.5	30.1	571	362	8	328	891	176	716	8.0e-49	192.2
3300013497.a:Ga0121334_100032_100	gnl|TC-DB|Q46839|2.A.14.1.2	37.6	585	311	13	4	563	3	558	2.1e-87	319.7
3300013497.a:Ga0121334_100032_105	gnl|TC-DB|Q53902|2.A.6.5.1	34.9	700	414	8	21	709	17	685	1.5e-98	357.1
3300013497.a:Ga0121334_100032_108	gnl|TC-DB|A4QD95|3.A.1.106.4	34.6	599	377	6	3	593	651	1242	1.2e-85	313.9
3300013497.a:Ga0121334_100032_109	gnl|TC-DB|Q9NRK6|3.A.1.201.17	31.1	586	366	10	35	603	166	730	2.8e-61	233.0
3300013497.a:Ga0121334_100032_116	gnl|TC-DB|D6ZSR9|1.A.1.5.25	42.9	224	125	2	5	225	15	238	3.5e-46	181.4
3300013497.a:Ga0121334_100032_117	gnl|TC-DB|B2GH49|9.B.160.1.10	37.4	348	212	4	46	390	47	391	7.2e-55	211.1
3300013497.a:Ga0121334_100032_118	gnl|TC-DB|Q9F2U9|2.A.3.3.17	51.7	393	184	4	6	395	9	398	6.9e-88	320.9
3300013497.a:Ga0121334_100032_120	gnl|TC-DB|P31552|4.C.1.1.6	22.7	534	372	12	85	614	21	517	4.4e-25	112.8
3300013497.a:Ga0121334_100032_124	gnl|TC-DB|Q9XC06|3.A.7.15.1	38.0	316	191	4	214	524	67	382	1.7e-54	210.3
3300013497.a:Ga0121334_100032_138	gnl|TC-DB|Q07711|3.A.7.7.1	23.1	589	369	17	38	595	46	581	6.0e-23	106.3
3300013497.a:Ga0121334_100032_142	gnl|TC-DB|O32080|2.A.38.4.3	36.7	207	130	1	16	221	11	217	2.5e-36	148.7
3300013497.a:Ga0121334_100032_143	gnl|TC-DB|O32081|2.A.38.4.3	35.1	427	272	4	58	484	24	445	2.0e-59	226.5
3300013497.a:Ga0121334_100032_151	gnl|TC-DB|Q939U6|5.A.1.2.7	36.3	223	126	8	20	231	9	226	8.4e-25	110.5
3300013497.a:Ga0121334_100032_153	gnl|TC-DB|B8ZT62|9.B.14.3.4	42.1	266	150	2	95	360	65	326	3.3e-46	182.2
3300013497.a:Ga0121334_100178_5	gnl|TC-DB|Q83MP3|2.A.103.1.7	40.5	430	249	3	14	440	13	438	7.7e-91	330.9
3300013497.a:Ga0121334_100178_7	gnl|TC-DB|D8HIS0|9.B.106.2.2	34.1	340	180	13	3	310	214	541	3.6e-31	132.9
3300013497.a:Ga0121334_100178_8	gnl|TC-DB|D8HIS0|9.B.106.2.2	36.4	321	162	9	16	309	217	522	5.1e-37	152.5
3300013497.a:Ga0121334_100178_14	gnl|TC-DB|B8GAD2|2.A.59.2.2	32.8	320	194	6	5	321	7	308	2.3e-17	86.3
3300013497.a:Ga0121334_100178_17	gnl|TC-DB|P64711|2.A.75.1.3	40.5	190	111	1	13	202	2	189	3.3e-35	144.8
3300013497.a:Ga0121334_100178_19	gnl|TC-DB|P96483|3.A.1.1.23	59.4	387	129	5	1	369	1	377	5.1e-122	434.1
3300013497.a:Ga0121334_100178_21	gnl|TC-DB|Q93J92|3.A.1.1.36	33.1	284	171	5	31	314	32	296	4.2e-37	151.8
3300013497.a:Ga0121334_100178_22	gnl|TC-DB|Q9WYB4|3.A.1.1.37	36.6	279	172	3	26	300	6	283	5.3e-45	177.9
