3300029467.a:Ga0244104_100110_106  0.757  29  0.800  29  0.989  19  0.908   0.851 Y  0.570      SignalP-noTM
3300029467.a:Ga0244104_100110_106  0.772  29  0.835  29  0.940  17  0.879   0.852 Y  0.450      SignalP-TM
3300029467.a:Ga0244104_100110_107  0.639  26  0.770  26  0.990  13  0.947   0.853 Y  0.570      SignalP-noTM
3300029467.a:Ga0244104_100110_107  0.663  26  0.714  26  0.851  16  0.745   0.726 Y  0.450      SignalP-TM
3300029467.a:Ga0244104_100110_107  0.839  26  0.897  26  0.988  15  0.959   0.930 Y  0.450      SignalP-noTM
3300029467.a:Ga0244104_100110_108  0.376  21  0.471  21  0.816   2  0.636   0.537 Y  0.500      SignalP-TM
3300029467.a:Ga0244104_100110_28  0.266  47  0.467  30  0.971  26  0.899   0.636 Y  0.450      SignalP-TM
3300029467.a:Ga0244104_100110_28  0.760  30  0.849  30  0.987  17  0.896   0.871 Y  0.570      SignalP-noTM
3300029467.a:Ga0244104_100110_29  0.838  26  0.867  26  0.931  20  0.866   0.866 Y  0.450      SignalP-TM
3300029467.a:Ga0244104_100110_29  0.871  26  0.893  26  0.956  14  0.927   0.909 Y  0.570      SignalP-noTM
3300029467.a:Ga0244104_100110_29  0.875  26  0.897  26  0.986  15  0.917   0.908 Y  0.450      SignalP-noTM
3300029467.a:Ga0244104_100110_33  0.412  40  0.498  40  0.860   4  0.732   0.590 Y  0.450      SignalP-TM
3300029467.a:Ga0244104_100110_40  0.497  20  0.508  20  0.668  16  0.520   0.512 Y  0.450      SignalP-TM
3300029467.a:Ga0244104_100110_98  0.204  34  0.307  23  0.919   8  0.768   0.487 Y  0.450      SignalP-TM
3300029467.a:Ga0244104_100219_17  0.765  20  0.703  20  0.825   1  0.675   0.692 Y  0.500      SignalP-TM
3300029467.a:Ga0244104_100219_33  0.387  24  0.576  24  0.904  23  0.854   0.684 Y  0.450      SignalP-TM
3300029467.a:Ga0244104_100219_33  0.783  24  0.863  24  0.978   7  0.949   0.910 Y  0.450      SignalP-noTM
3300029467.a:Ga0244104_100219_33  0.848  24  0.906  24  0.980  14  0.959   0.931 Y  0.570      SignalP-noTM
3300029467.a:Ga0244104_100219_35  0.739  24  0.831  24  0.977  16  0.936   0.872 Y  0.450      SignalP-TM
3300029467.a:Ga0244104_100219_35  0.815  24  0.892  24  0.993  11  0.975   0.931 Y  0.570      SignalP-noTM
3300029467.a:Ga0244104_100219_35  0.834  24  0.887  24  0.983  13  0.942   0.917 Y  0.450      SignalP-noTM
3300029467.a:Ga0244104_100219_40  0.359  21  0.422  21  0.707   8  0.496   0.462 Y  0.450      SignalP-noTM
3300029467.a:Ga0244104_100219_71  0.627  27  0.576  27  0.688  25  0.422   0.516 Y  0.450      SignalP-TM
3300029467.a:Ga0244104_100219_81  0.731  26  0.737  26  0.900  10  0.754   0.743 Y  0.450      SignalP-TM
3300029467.a:Ga0244104_100219_81  0.766  26  0.848  26  0.976  14  0.927   0.885 Y  0.570      SignalP-noTM
3300029467.a:Ga0244104_100219_81  0.780  26  0.835  26  0.941  18  0.884   0.861 Y  0.450      SignalP-noTM
3300029467.a:Ga0244104_100219_82  0.758  29  0.768  29  0.865  12  0.794   0.778 Y  0.450      SignalP-TM
3300029467.a:Ga0244104_100219_82  0.823  29  0.894  29  0.984  21  0.963   0.926 Y  0.570      SignalP-noTM
3300029467.a:Ga0244104_100219_82  0.869  29  0.911  29  0.988  11  0.945   0.929 Y  0.450      SignalP-noTM
3300029467.a:Ga0244104_100219_83  0.392  26  0.584  26  0.946  17  0.862   0.692 Y  0.450      SignalP-TM
3300029467.a:Ga0244104_100219_83  0.683  26  0.816  26  0.992  15  0.963   0.885 Y  0.570      SignalP-noTM
3300029467.a:Ga0244104_100219_83  0.864  26  0.909  26  0.985  17  0.953   0.933 Y  0.450      SignalP-noTM
3300029467.a:Ga0244104_100298_10  0.158  35  0.327  24  0.892  17  0.837   0.526 Y  0.450      SignalP-TM
3300029467.a:Ga0244104_100298_10  0.165  26  0.370  24  0.934   7  0.855   0.632 Y  0.450      SignalP-noTM
3300029467.a:Ga0244104_100298_10  0.439  24  0.622  24  0.942   6  0.899   0.752 Y  0.570      SignalP-noTM
3300029467.a:Ga0244104_100298_15  0.475  28  0.444  28  0.688  11  0.487   0.461 Y  0.450      SignalP-TM
3300029467.a:Ga0244104_100298_15  0.524  28  0.560  28  0.916  12  0.744   0.646 Y  0.570      SignalP-noTM
3300029467.a:Ga0244104_100298_17  0.642  29  0.566  29  0.651  23  0.494   0.537 Y  0.500      SignalP-TM
3300029467.a:Ga0244104_100298_17  0.644  29  0.699  29  0.853  10  0.784   0.732 Y  0.450      SignalP-TM
3300029467.a:Ga0244104_100298_17  0.844  29  0.866  29  0.974  14  0.901   0.882 Y  0.570      SignalP-noTM
3300029467.a:Ga0244104_100298_2  0.212  23  0.408  23  0.929   2  0.843   0.612 Y  0.570      SignalP-noTM
3300029467.a:Ga0244104_100298_2  0.284  28  0.419  23  0.838   2  0.744   0.546 Y  0.450      SignalP-TM
3300029467.a:Ga0244104_100298_2  0.377  21  0.565  21  0.910   5  0.846   0.717 Y  0.450      SignalP-noTM
3300029467.a:Ga0244104_100298_44  0.289  33  0.386  27  0.945   8  0.840   0.563 Y  0.450      SignalP-TM
3300029467.a:Ga0244104_100298_44  0.356  25  0.582  25  0.997  13  0.959   0.759 Y  0.570      SignalP-noTM
3300029467.a:Ga0244104_100298_44  0.578  25  0.716  25  0.991  13  0.889   0.809 Y  0.450      SignalP-noTM
3300029467.a:Ga0244104_100298_46  0.218  21  0.398  21  0.826  17  0.721   0.524 Y  0.450      SignalP-TM
3300029467.a:Ga0244104_100298_46  0.745  21  0.838  21  0.979  17  0.921   0.877 Y  0.570      SignalP-noTM
3300029467.a:Ga0244104_100298_46  0.857  21  0.879  21  0.951   4  0.901   0.890 Y  0.450      SignalP-noTM
3300029467.a:Ga0244104_100298_52  0.452  29  0.627  29  0.966  18  0.905   0.736 Y  0.450      SignalP-TM
3300029467.a:Ga0244104_100298_52  0.461  24  0.649  24  0.976  14  0.912   0.791 Y  0.450      SignalP-noTM
3300029467.a:Ga0244104_100298_52  0.521  20  0.706  20  0.973  18  0.957   0.824 Y  0.570      SignalP-noTM
3300029467.a:Ga0244104_100298_63  0.200  24  0.352  19  0.824   9  0.677   0.479 Y  0.450      SignalP-TM
3300029467.a:Ga0244104_100298_72  0.486  24  0.530  24  0.657  15  0.527   0.529 Y  0.450      SignalP-TM
3300029467.a:Ga0244104_100390_1  0.408  23  0.627  23  0.971  21  0.937   0.748 Y  0.450      SignalP-TM
3300029467.a:Ga0244104_100390_1  0.763  23  0.856  23  0.983  13  0.960   0.912 Y  0.450      SignalP-noTM
3300029467.a:Ga0244104_100390_1  0.772  23  0.868  23  0.994  10  0.969   0.916 Y  0.570      SignalP-noTM
3300029467.a:Ga0244104_100390_14  0.813  24  0.662  24  0.775   1  0.515   0.603 Y  0.500      SignalP-TM
3300029467.a:Ga0244104_100390_20  0.524  24  0.525  24  0.706  22  0.496   0.514 Y  0.450      SignalP-TM
3300029467.a:Ga0244104_100390_20  0.600  24  0.676  24  0.876  16  0.725   0.699 Y  0.570      SignalP-noTM
3300029467.a:Ga0244104_100390_20  0.634  25  0.672  25  0.840  11  0.711   0.693 Y  0.450      SignalP-noTM
3300029467.a:Ga0244104_100390_24  0.205  28  0.274  11  0.834   6  0.769   0.467 Y  0.450      SignalP-TM
3300029467.a:Ga0244104_100390_31  0.232  29  0.381  27  0.892  17  0.758   0.528 Y  0.450      SignalP-TM
3300029467.a:Ga0244104_100390_31  0.330  24  0.530  24  0.938   4  0.853   0.704 Y  0.450      SignalP-noTM
3300029467.a:Ga0244104_100390_31  0.399  19  0.600  19  0.960  18  0.911   0.746 Y  0.570      SignalP-noTM
3300029467.a:Ga0244104_100390_32  0.196  29  0.398  29  0.962   4  0.890   0.629 Y  0.570      SignalP-noTM
3300029467.a:Ga0244104_100390_32  0.284  29  0.509  29  0.965  13  0.932   0.674 Y  0.450      SignalP-TM
3300029467.a:Ga0244104_100390_32  0.402  24  0.608  24  0.966  16  0.917   0.775 Y  0.450      SignalP-noTM
3300029467.a:Ga0244104_100390_33  0.169  34  0.359  24  0.956  10  0.898   0.612 Y  0.570      SignalP-noTM
3300029467.a:Ga0244104_100390_33  0.210  25  0.435  25  0.974  15  0.900   0.686 Y  0.450      SignalP-noTM
3300029467.a:Ga0244104_100390_33  0.284  34  0.434  34  0.878  14  0.748   0.556 Y  0.450      SignalP-TM
3300029467.a:Ga0244104_100390_4  0.134  27  0.314  22  0.921  13  0.860   0.571 Y  0.570      SignalP-noTM
3300029467.a:Ga0244104_100390_4  0.271  27  0.459  27  0.911  15  0.790   0.637 Y  0.450      SignalP-noTM
3300029467.a:Ga0244104_100390_4  0.280  27  0.449  27  0.823  12  0.749   0.566 Y  0.450      SignalP-TM
3300029467.a:Ga0244104_100390_46  0.210  23  0.446  23  0.959  18  0.943   0.680 Y  0.570      SignalP-noTM
3300029467.a:Ga0244104_100390_46  0.249  32  0.414  32  0.966  21  0.817   0.571 Y  0.450      SignalP-TM
3300029467.a:Ga0244104_100390_46  0.265  19  0.474  19  0.940  16  0.876   0.691 Y  0.450      SignalP-noTM
3300029467.a:Ga0244104_100390_53  0.493  24  0.638  24  0.975  20  0.878   0.751 Y  0.570      SignalP-noTM
3300029467.a:Ga0244104_100390_53  0.516  24  0.656  24  0.923  15  0.837   0.727 Y  0.450      SignalP-TM
3300029467.a:Ga0244104_100390_53  0.576  24  0.688  24  0.913   3  0.823   0.761 Y  0.450      SignalP-noTM
3300029467.a:Ga0244104_100390_55  0.227  19  0.428  19  0.901  15  0.807   0.606 Y  0.570      SignalP-noTM
3300029467.a:Ga0244104_100390_55  0.432  21  0.599  21  0.886   3  0.829   0.723 Y  0.450      SignalP-noTM
3300029467.a:Ga0244104_100390_56  0.213  22  0.412  22  0.940   7  0.842   0.579 Y  0.450      SignalP-TM
3300029467.a:Ga0244104_100390_56  0.451  22  0.627  22  0.962  18  0.892   0.752 Y  0.570      SignalP-noTM
3300029467.a:Ga0244104_100390_56  0.531  20  0.702  20  0.971   2  0.924   0.822 Y  0.450      SignalP-noTM
3300029467.a:Ga0244104_100390_58  0.503  27  0.588  27  0.870  26  0.627   0.603 Y  0.450      SignalP-TM
3300029467.a:Ga0244104_100390_58  0.750  27  0.769  27  0.882   8  0.789   0.780 Y  0.450      SignalP-noTM
3300029467.a:Ga0244104_100390_58  0.894  27  0.858  27  0.931  24  0.819   0.840 Y  0.570      SignalP-noTM
3300029467.a:Ga0244104_100390_9  0.256  31  0.369  31  0.783  20  0.598   0.458 Y  0.450      SignalP-TM
3300029467.a:Ga0244104_100390_9  0.535  26  0.683  26  0.980  15  0.877   0.787 Y  0.450      SignalP-noTM
3300029467.a:Ga0244104_100390_9  0.706  21  0.797  21  0.946   3  0.914   0.852 Y  0.570      SignalP-noTM
3300029467.a:Ga0244104_100433_2  0.653  23  0.784  23  0.968  15  0.940   0.868 Y  0.450      SignalP-noTM
3300029467.a:Ga0244104_100433_2  0.716  23  0.760  23  0.870  20  0.814   0.781 Y  0.450      SignalP-TM
3300029467.a:Ga0244104_100433_2  0.864  23  0.899  23  0.956  21  0.930   0.913 Y  0.570      SignalP-noTM
3300029467.a:Ga0244104_100433_6  0.379  31  0.562  24  0.947   6  0.896   0.692 Y  0.450      SignalP-TM
3300029467.a:Ga0244104_100433_6  0.644  24  0.757  24  0.962  12  0.916   0.832 Y  0.570      SignalP-noTM
3300029467.a:Ga0244104_100433_6  0.699  24  0.808  24  0.977  12  0.934   0.876 Y  0.450      SignalP-noTM
3300029467.a:Ga0244104_100435_10  0.339  21  0.500  21  0.834   8  0.738   0.628 Y  0.450      SignalP-noTM
3300029467.a:Ga0244104_100435_12  0.636  18  0.566  18  0.862   1  0.558   0.563 Y  0.500      SignalP-TM
3300029467.a:Ga0244104_100435_19  0.281  25  0.439  25  0.930   8  0.772   0.569 Y  0.450      SignalP-TM
3300029467.a:Ga0244104_100435_19  0.645  27  0.779  27  0.991  15  0.942   0.867 Y  0.450      SignalP-noTM
3300029467.a:Ga0244104_100435_19  0.850  25  0.913  25  0.994  11  0.976   0.943 Y  0.570      SignalP-noTM
3300029467.a:Ga0244104_100435_31  0.333  27  0.490  27  0.850  13  0.725   0.617 Y  0.450      SignalP-noTM
3300029467.a:Ga0244104_100435_42  0.658  25  0.691  25  0.958  18  0.811   0.748 Y  0.570      SignalP-noTM
3300029467.a:Ga0244104_100435_42  0.771  25  0.847  25  0.962  17  0.906   0.870 Y  0.450      SignalP-TM
3300029467.a:Ga0244104_100435_42  0.788  25  0.806  25  0.960   4  0.833   0.821 Y  0.450      SignalP-noTM
3300029467.a:Ga0244104_100435_44  0.391  22  0.597  22  0.959  16  0.919   0.722 Y  0.450      SignalP-TM
3300029467.a:Ga0244104_100435_44  0.542  22  0.680  22  0.945  16  0.853   0.773 Y  0.450      SignalP-noTM
3300029467.a:Ga0244104_100435_44  0.848  22  0.904  22  0.991  10  0.966   0.933 Y  0.570      SignalP-noTM
3300029467.a:Ga0244104_100435_45  0.391  22  0.597  22  0.959  16  0.919   0.722 Y  0.450      SignalP-TM
3300029467.a:Ga0244104_100435_45  0.542  22  0.680  22  0.945  16  0.853   0.773 Y  0.450      SignalP-noTM
3300029467.a:Ga0244104_100435_45  0.848  22  0.904  22  0.991  10  0.966   0.933 Y  0.570      SignalP-noTM
3300029467.a:Ga0244104_100435_46  0.768  34  0.691  34  0.797  33  0.457   0.597 Y  0.500      SignalP-TM
3300029467.a:Ga0244104_100435_46  0.779  34  0.860  34  0.980  18  0.849   0.855 Y  0.570      SignalP-noTM
3300029467.a:Ga0244104_100435_46  0.823  34  0.866  34  0.954  30  0.767   0.827 Y  0.450      SignalP-TM
3300029467.a:Ga0244104_100435_48  0.365  26  0.561  26  0.932  12  0.865   0.725 Y  0.450      SignalP-noTM
3300029467.a:Ga0244104_100435_48  0.424  28  0.585  28  0.965  23  0.880   0.724 Y  0.570      SignalP-noTM
3300029467.a:Ga0244104_100435_48  0.638  28  0.677  28  0.882  13  0.780   0.717 Y  0.450      SignalP-TM
3300029467.a:Ga0244104_100435_49  0.426  24  0.608  24  0.939  12  0.868   0.749 Y  0.450      SignalP-noTM
3300029467.a:Ga0244104_100435_49  0.754  24  0.852  24  0.977  15  0.959   0.894 Y  0.450      SignalP-TM
3300029467.a:Ga0244104_100435_49  0.834  24  0.899  24  0.990  13  0.962   0.929 Y  0.570      SignalP-noTM
3300029467.a:Ga0244104_100435_6  0.365  34  0.426  34  0.775   6  0.522   0.464 Y  0.450      SignalP-TM
3300029467.a:Ga0244104_100435_6  0.421  22  0.573  22  0.889   1  0.791   0.660 Y  0.500      SignalP-TM
3300029467.a:Ga0244104_100557_10  0.491  20  0.488  20  0.608  14  0.479   0.485 Y  0.450      SignalP-TM
3300029467.a:Ga0244104_100557_10  0.553  20  0.663  20  0.920  12  0.806   0.720 Y  0.500      SignalP-TM
3300029467.a:Ga0244104_100557_18  0.343  26  0.561  26  0.965  18  0.904   0.746 Y  0.450      SignalP-noTM
3300029467.a:Ga0244104_100557_18  0.413  26  0.617  26  0.953  23  0.800   0.689 Y  0.450      SignalP-TM
3300029467.a:Ga0244104_100557_18  0.635  26  0.789  26  0.988  21  0.922   0.851 Y  0.570      SignalP-noTM
3300029467.a:Ga0244104_100557_36  0.356  35  0.442  35  0.668  25  0.519   0.472 Y  0.450      SignalP-TM
3300029467.a:Ga0244104_100562_9  0.162  43  0.331  26  0.906   9  0.812   0.519 Y  0.450      SignalP-TM
3300029467.a:Ga0244104_100562_9  0.347  27  0.547  27  0.928   9  0.838   0.704 Y  0.450      SignalP-noTM
3300029467.a:Ga0244104_100586_13  0.499  17  0.693  17  0.987  11  0.959   0.837 Y  0.450      SignalP-noTM
3300029467.a:Ga0244104_100586_20  0.396  19  0.533  19  0.903  14  0.706   0.626 Y  0.450      SignalP-noTM
3300029467.a:Ga0244104_100586_33  0.590  27  0.510  27  0.684   6  0.502   0.507 Y  0.500      SignalP-TM
3300029467.a:Ga0244104_100586_6  0.492  30  0.632  25  0.930  21  0.852   0.718 Y  0.450      SignalP-TM
3300029467.a:Ga0244104_100586_6  0.498  24  0.665  24  0.952  13  0.886   0.784 Y  0.450      SignalP-noTM
3300029467.a:Ga0244104_100586_6  0.501  30  0.624  25  0.964  21  0.893   0.750 Y  0.570      SignalP-noTM
3300029467.a:Ga0244104_100613_11  0.316  27  0.529  27  0.976   6  0.891   0.725 Y  0.450      SignalP-noTM
3300029467.a:Ga0244104_100613_11  0.468  33  0.586  27  0.845  16  0.755   0.652 Y  0.450      SignalP-TM
3300029467.a:Ga0244104_100613_15  0.429  27  0.618  27  0.943  10  0.904   0.730 Y  0.450      SignalP-TM
3300029467.a:Ga0244104_100613_15  0.479  27  0.621  27  0.926  16  0.791   0.713 Y  0.450      SignalP-noTM
3300029467.a:Ga0244104_100613_15  0.844  27  0.864  27  0.967  12  0.918   0.889 Y  0.570      SignalP-noTM
3300029467.a:Ga0244104_100613_17  0.507  25  0.625  25  0.950   2  0.854   0.733 Y  0.570      SignalP-noTM
3300029467.a:Ga0244104_100613_17  0.678  25  0.770  25  0.944  10  0.892   0.818 Y  0.450      SignalP-TM
3300029467.a:Ga0244104_100613_17  0.906  25  0.872  25  0.956   4  0.848   0.859 Y  0.450      SignalP-noTM
3300029467.a:Ga0244104_100613_18  0.384  25  0.484  25  0.792  18  0.620   0.558 Y  0.450      SignalP-noTM
3300029467.a:Ga0244104_100620_38  0.738  23  0.755  23  0.849   3  0.787   0.768 Y  0.450      SignalP-TM
3300029467.a:Ga0244104_100620_38  0.827  23  0.878  23  0.968  18  0.925   0.900 Y  0.570      SignalP-noTM
3300029467.a:Ga0244104_100620_38  0.896  23  0.923  23  0.981   5  0.950   0.937 Y  0.450      SignalP-noTM
3300029467.a:Ga0244104_100625_12  0.518  19  0.564  19  0.821   3  0.658   0.601 Y  0.500      SignalP-TM
3300029467.a:Ga0244104_100625_18  0.258  26  0.462  26  0.975  11  0.891   0.663 Y  0.570      SignalP-noTM
3300029467.a:Ga0244104_100625_18  0.345  28  0.500  28  0.920  11  0.752   0.636 Y  0.450      SignalP-noTM
3300029467.a:Ga0244104_100625_18  0.383  31  0.498  31  0.937  14  0.780   0.608 Y  0.450      SignalP-TM
3300029467.a:Ga0244104_100625_30  0.477  31  0.488  26  0.758   7  0.607   0.536 Y  0.500      SignalP-TM
3300029467.a:Ga0244104_100625_38  0.823  28  0.777  28  0.902   7  0.758   0.767 Y  0.450      SignalP-noTM
3300029467.a:Ga0244104_100625_41  0.721  28  0.759  28  0.950  11  0.864   0.800 Y  0.450      SignalP-TM
3300029467.a:Ga0244104_100625_41  0.838  28  0.795  28  0.956  21  0.840   0.816 Y  0.570      SignalP-noTM
3300029467.a:Ga0244104_100625_41  0.873  28  0.844  23  0.916   7  0.855   0.850 Y  0.450      SignalP-noTM
3300029467.a:Ga0244104_100662_1  0.180  26  0.381  19  0.967  16  0.940   0.644 Y  0.570      SignalP-noTM
3300029467.a:Ga0244104_100662_1  0.281  26  0.484  26  0.966  15  0.862   0.631 Y  0.450      SignalP-TM
3300029467.a:Ga0244104_100662_1  0.625  21  0.762  21  0.977  11  0.926   0.851 Y  0.450      SignalP-noTM
3300029467.a:Ga0244104_100695_30  0.215  27  0.406  20  0.949   1  0.895   0.670 Y  0.450      SignalP-noTM
3300029467.a:Ga0244104_100695_37  0.278  29  0.422  29  0.846  13  0.725   0.540 Y  0.450      SignalP-TM
3300029467.a:Ga0244104_100720_13  0.509  21  0.697  21  0.986  14  0.955   0.837 Y  0.450      SignalP-noTM
3300029467.a:Ga0244104_100743_12  0.369  25  0.544  25  0.948  14  0.809   0.687 Y  0.450      SignalP-noTM
3300029467.a:Ga0244104_100743_32  0.316  27  0.501  27  0.881   8  0.792   0.658 Y  0.450      SignalP-noTM
3300029467.a:Ga0244104_100743_32  0.616  27  0.691  27  0.897  20  0.752   0.714 Y  0.450      SignalP-TM
3300029467.a:Ga0244104_100743_32  0.642  27  0.730  27  0.939  18  0.858   0.790 Y  0.570      SignalP-noTM
3300029467.a:Ga0244104_100764_20  0.483  24  0.599  24  0.837  22  0.653   0.620 Y  0.450      SignalP-TM
3300029467.a:Ga0244104_100764_20  0.538  24  0.663  24  0.882  10  0.816   0.745 Y  0.450      SignalP-noTM
3300029467.a:Ga0244104_100764_20  0.748  24  0.740  24  0.833  13  0.667   0.705 Y  0.570      SignalP-noTM
3300029467.a:Ga0244104_100778_11  0.532  19  0.514  19  0.629   2  0.511   0.513 Y  0.500      SignalP-TM
3300029467.a:Ga0244104_100778_19  0.402  23  0.560  23  0.900  20  0.774   0.643 Y  0.450      SignalP-TM
3300029467.a:Ga0244104_100778_19  0.761  23  0.832  23  0.972  19  0.896   0.862 Y  0.570      SignalP-noTM
3300029467.a:Ga0244104_100778_19  0.783  23  0.806  23  0.919  19  0.830   0.819 Y  0.450      SignalP-noTM
3300029467.a:Ga0244104_100778_20  0.646  46  0.621  46  0.746  33  0.367   0.522 Y  0.450      SignalP-TM
3300029467.a:Ga0244104_100778_31  0.182  23  0.380  23  0.928   9  0.824   0.553 Y  0.450      SignalP-TM
3300029467.a:Ga0244104_100778_31  0.391  23  0.584  23  0.980  15  0.900   0.733 Y  0.570      SignalP-noTM
3300029467.a:Ga0244104_100778_31  0.408  23  0.602  23  0.975   2  0.890   0.757 Y  0.450      SignalP-noTM
3300029467.a:Ga0244104_100778_32  0.406  25  0.616  25  0.968   7  0.935   0.788 Y  0.450      SignalP-noTM
3300029467.a:Ga0244104_100795_10  0.251  18  0.415  18  0.796   3  0.694   0.527 Y  0.500      SignalP-TM
3300029467.a:Ga0244104_100795_11  0.320  37  0.408  37  0.767  17  0.517   0.467 Y  0.450      SignalP-noTM
3300029467.a:Ga0244104_100795_11  0.368  37  0.505  37  0.959  25  0.783   0.636 Y  0.570      SignalP-noTM
3300029467.a:Ga0244104_100795_11  0.592  37  0.685  37  0.933  20  0.838   0.745 Y  0.450      SignalP-TM
3300029467.a:Ga0244104_100795_18  0.330  25  0.514  25  0.946  16  0.866   0.679 Y  0.570      SignalP-noTM
3300029467.a:Ga0244104_100795_18  0.501  25  0.647  25  0.905  15  0.828   0.717 Y  0.450      SignalP-TM
3300029467.a:Ga0244104_100795_18  0.534  22  0.709  22  0.978   4  0.942   0.835 Y  0.450      SignalP-noTM
3300029467.a:Ga0244104_100795_20  0.267  25  0.454  25  0.860   3  0.793   0.586 Y  0.450      SignalP-TM
3300029467.a:Ga0244104_100795_20  0.327  25  0.545  25  0.975  11  0.928   0.725 Y  0.570      SignalP-noTM
3300029467.a:Ga0244104_100795_20  0.850  25  0.893  25  0.985  14  0.940   0.918 Y  0.450      SignalP-noTM
3300029467.a:Ga0244104_100795_26  0.405  24  0.476  24  0.747  23  0.559   0.521 Y  0.450      SignalP-noTM
3300029467.a:Ga0244104_100795_31  0.289  26  0.440  26  0.819  15  0.593   0.500 Y  0.450      SignalP-TM
3300029467.a:Ga0244104_100795_7  0.193  23  0.409  23  0.963  18  0.895   0.637 Y  0.570      SignalP-noTM
3300029467.a:Ga0244104_100795_7  0.228  28  0.412  28  0.958  17  0.814   0.569 Y  0.450      SignalP-TM
3300029467.a:Ga0244104_100795_7  0.352  20  0.559  20  0.929  16  0.894   0.740 Y  0.450      SignalP-noTM
3300029467.a:Ga0244104_100853_14  0.181  33  0.326  23  0.838   7  0.750   0.491 Y  0.450      SignalP-TM
3300029467.a:Ga0244104_100853_14  0.209  23  0.401  23  0.886  14  0.770   0.600 Y  0.450      SignalP-noTM
3300029467.a:Ga0244104_100853_14  0.233  23  0.438  23  0.923   7  0.845   0.629 Y  0.570      SignalP-noTM
3300029467.a:Ga0244104_100861_1  0.247  33  0.356  22  0.865  12  0.822   0.538 Y  0.450      SignalP-TM
3300029467.a:Ga0244104_100861_1  0.275  22  0.497  22  0.951  15  0.903   0.716 Y  0.450      SignalP-noTM
3300029467.a:Ga0244104_100861_1  0.740  22  0.816  22  0.951   6  0.915   0.863 Y  0.570      SignalP-noTM
3300029467.a:Ga0244104_100879_4  0.708  24  0.810  24  0.983  13  0.928   0.874 Y  0.450      SignalP-noTM
3300029467.a:Ga0244104_100879_4  0.716  24  0.791  24  0.965   7  0.901   0.834 Y  0.450      SignalP-TM
3300029467.a:Ga0244104_100879_4  0.845  24  0.884  24  0.984  11  0.937   0.909 Y  0.570      SignalP-noTM
3300029467.a:Ga0244104_100879_5  0.238  23  0.468  23  0.949  10  0.925   0.683 Y  0.570      SignalP-noTM
3300029467.a:Ga0244104_100879_5  0.273  34  0.433  34  0.930  16  0.810   0.580 Y  0.450      SignalP-TM
3300029467.a:Ga0244104_100879_5  0.398  18  0.614  18  0.977  16  0.952   0.797 Y  0.450      SignalP-noTM
3300029467.a:Ga0244104_100910_12  0.224  26  0.435  26  0.965   6  0.843   0.655 Y  0.450      SignalP-noTM
3300029467.a:Ga0244104_100910_12  0.341  27  0.507  27  0.943  10  0.836   0.662 Y  0.570      SignalP-noTM
3300029467.a:Ga0244104_100910_12  0.342  27  0.531  27  0.944  13  0.839   0.651 Y  0.450      SignalP-TM
3300029467.a:Ga0244104_100910_16  0.397  25  0.609  25  0.981   5  0.934   0.784 Y  0.450      SignalP-noTM
3300029467.a:Ga0244104_100910_16  0.402  25  0.595  25  0.960  14  0.895   0.712 Y  0.450      SignalP-TM
3300029467.a:Ga0244104_100910_16  0.502  25  0.690  25  0.987  11  0.955   0.815 Y  0.570      SignalP-noTM
3300029467.a:Ga0244104_100910_24  0.263  23  0.389  23  0.884   3  0.688   0.505 Y  0.450      SignalP-TM
3300029467.a:Ga0244104_100910_24  0.404  23  0.574  23  0.945   1  0.865   0.711 Y  0.570      SignalP-noTM
3300029467.a:Ga0244104_100910_24  0.759  23  0.825  23  0.974   3  0.896   0.863 Y  0.450      SignalP-noTM
3300029467.a:Ga0244104_100910_26  0.318  26  0.540  26  0.980  15  0.919   0.745 Y  0.450      SignalP-noTM
3300029467.a:Ga0244104_100910_26  0.349  26  0.462  26  0.733  25  0.552   0.497 Y  0.450      SignalP-TM
3300029467.a:Ga0244104_100910_7  0.396  29  0.443  29  0.740  25  0.515   0.471 Y  0.450      SignalP-TM
3300029467.a:Ga0244104_100919_14  0.416  27  0.601  27  0.928  22  0.833   0.691 Y  0.450      SignalP-TM
3300029467.a:Ga0244104_100919_14  0.450  27  0.616  27  0.954  21  0.869   0.735 Y  0.570      SignalP-noTM
3300029467.a:Ga0244104_100919_14  0.685  27  0.793  27  0.964   7  0.910   0.856 Y  0.450      SignalP-noTM
3300029467.a:Ga0244104_100931_20  0.294  21  0.426  21  0.791  16  0.610   0.498 Y  0.450      SignalP-TM
3300029467.a:Ga0244104_100931_20  0.511  21  0.623  21  0.881  10  0.749   0.691 Y  0.450      SignalP-noTM
3300029467.a:Ga0244104_100931_20  0.547  21  0.617  21  0.838   1  0.723   0.667 Y  0.570      SignalP-noTM
3300029467.a:Ga0244104_100931_22  0.219  28  0.445  26  0.972  11  0.918   0.629 Y  0.450      SignalP-TM
3300029467.a:Ga0244104_100931_22  0.573  23  0.728  23  0.980  13  0.924   0.834 Y  0.450      SignalP-noTM
3300029467.a:Ga0244104_100931_22  0.601  23  0.762  23  0.988  11  0.963   0.856 Y  0.570      SignalP-noTM
3300029467.a:Ga0244104_100938_13  0.361  28  0.584  28  0.989  20  0.933   0.773 Y  0.450      SignalP-noTM
3300029467.a:Ga0244104_100946_1  0.656  25  0.780  25  0.983  13  0.929   0.860 Y  0.450      SignalP-noTM
3300029467.a:Ga0244104_100946_18  0.210  30  0.420  30  0.932  28  0.750   0.599 Y  0.450      SignalP-noTM
3300029467.a:Ga0244104_100946_8  0.174  27  0.381  27  0.938   7  0.822   0.619 Y  0.450      SignalP-noTM
3300029467.a:Ga0244104_100946_8  0.189  32  0.345  32  0.875   9  0.753   0.504 Y  0.450      SignalP-TM
3300029467.a:Ga0244104_100946_8  0.298  25  0.514  25  0.950  11  0.903   0.697 Y  0.570      SignalP-noTM
3300029467.a:Ga0244104_100973_14  0.142  25  0.338  25  0.925   1  0.846   0.577 Y  0.570      SignalP-noTM
3300029467.a:Ga0244104_100973_14  0.213  28  0.407  28  0.892  17  0.780   0.552 Y  0.450      SignalP-TM
3300029467.a:Ga0244104_100973_14  0.518  22  0.695  22  0.975   4  0.935   0.825 Y  0.450      SignalP-noTM
3300029467.a:Ga0244104_100973_19  0.533  22  0.669  22  0.880  16  0.821   0.728 Y  0.450      SignalP-TM
3300029467.a:Ga0244104_100973_19  0.773  22  0.818  22  0.918  16  0.867   0.845 Y  0.450      SignalP-noTM
3300029467.a:Ga0244104_100973_19  0.896  22  0.920  22  0.968  17  0.941   0.930 Y  0.570      SignalP-noTM
3300029467.a:Ga0244104_100973_21  0.479  26  0.556  26  0.804  21  0.567   0.561 Y  0.500      SignalP-TM
3300029467.a:Ga0244104_100973_25  0.267  21  0.485  21  0.951  15  0.887   0.702 Y  0.450      SignalP-noTM
3300029467.a:Ga0244104_100973_25  0.372  25  0.595  25  0.968  19  0.896   0.713 Y  0.450      SignalP-TM
3300029467.a:Ga0244104_100973_25  0.442  23  0.656  23  0.982  18  0.948   0.793 Y  0.570      SignalP-noTM
3300029467.a:Ga0244104_101047_1  0.655  24  0.770  24  0.929  22  0.883   0.814 Y  0.450      SignalP-TM
3300029467.a:Ga0244104_101047_1  0.808  24  0.852  24  0.969  15  0.899   0.878 Y  0.450      SignalP-noTM
3300029467.a:Ga0244104_101047_1  0.811  24  0.846  24  0.936  16  0.869   0.857 Y  0.570      SignalP-noTM
3300029467.a:Ga0244104_101047_2  0.550  24  0.724  24  0.968  23  0.939   0.808 Y  0.450      SignalP-TM
3300029467.a:Ga0244104_101047_2  0.729  24  0.756  24  0.889   4  0.800   0.774 Y  0.500      SignalP-TM
3300029467.a:Ga0244104_101047_2  0.878  24  0.925  24  0.982  12  0.965   0.944 Y  0.570      SignalP-noTM
3300029467.a:Ga0244104_101047_24  0.450  26  0.644  26  0.981  14  0.931   0.779 Y  0.570      SignalP-noTM
3300029467.a:Ga0244104_101047_24  0.745  26  0.747  26  0.823  10  0.771   0.757 Y  0.450      SignalP-TM
3300029467.a:Ga0244104_101047_24  0.849  26  0.903  26  0.993  15  0.958   0.933 Y  0.450      SignalP-noTM
3300029467.a:Ga0244104_101047_4  0.326  26  0.546  26  0.975  16  0.931   0.696 Y  0.450      SignalP-TM
3300029467.a:Ga0244104_101047_4  0.508  21  0.685  21  0.977  13  0.926   0.815 Y  0.450      SignalP-noTM
3300029467.a:Ga0244104_101047_4  0.571  21  0.743  21  0.979  11  0.957   0.843 Y  0.570      SignalP-noTM
3300029467.a:Ga0244104_101047_5  0.370  22  0.443  22  0.608  18  0.520   0.473 Y  0.450      SignalP-TM
3300029467.a:Ga0244104_101049_17  0.235  25  0.357  25  0.783   2  0.630   0.463 Y  0.450      SignalP-TM
3300029467.a:Ga0244104_101049_17  0.448  25  0.513  25  0.733   6  0.631   0.556 Y  0.510      SignalP-TM
3300029467.a:Ga0244104_101049_3  0.255  20  0.484  20  0.957  16  0.888   0.642 Y  0.450      SignalP-TM
3300029467.a:Ga0244104_101049_3  0.824  20  0.889  20  0.985  14  0.962   0.928 Y  0.450      SignalP-noTM
3300029467.a:Ga0244104_101049_3  0.877  20  0.918  20  0.977  15  0.952   0.934 Y  0.570      SignalP-noTM
3300029467.a:Ga0244104_101049_6  0.248  16  0.400  16  0.795   1  0.655   0.502 Y  0.500      SignalP-TM
3300029467.a:Ga0244104_101049_8  0.267  24  0.408  24  0.883   8  0.700   0.522 Y  0.450      SignalP-TM
3300029467.a:Ga0244104_101049_8  0.660  24  0.788  24  0.981  20  0.939   0.859 Y  0.570      SignalP-noTM
3300029467.a:Ga0244104_101049_8  0.700  24  0.783  24  0.932  21  0.873   0.832 Y  0.450      SignalP-noTM
3300029467.a:Ga0244104_101053_15  0.777  38  0.694  38  0.846  34  0.506   0.593 Y  0.450      SignalP-noTM
3300029467.a:Ga0244104_101053_16  0.188  29  0.396  29  0.975  15  0.886   0.626 Y  0.570      SignalP-noTM
3300029467.a:Ga0244104_101053_16  0.246  26  0.436  26  0.916  16  0.779   0.621 Y  0.450      SignalP-noTM
3300029467.a:Ga0244104_101053_16  0.307  34  0.460  34  0.898  11  0.772   0.582 Y  0.450      SignalP-TM
3300029467.a:Ga0244104_101053_22  0.188  23  0.381  23  0.836  28  0.669   0.493 Y  0.450      SignalP-TM
3300029467.a:Ga0244104_101056_2  0.260  27  0.360  27  0.907   9  0.681   0.485 Y  0.450      SignalP-TM
3300029467.a:Ga0244104_101056_2  0.328  25  0.438  25  0.792   4  0.664   0.522 Y  0.510      SignalP-TM
3300029467.a:Ga0244104_101056_2  0.716  25  0.831  25  0.993  15  0.961   0.901 Y  0.450      SignalP-noTM
3300029467.a:Ga0244104_101056_26  0.285  27  0.490  27  0.951  17  0.849   0.684 Y  0.450      SignalP-noTM
3300029467.a:Ga0244104_101056_26  0.296  34  0.450  34  0.926  10  0.818   0.593 Y  0.450      SignalP-TM
3300029467.a:Ga0244104_101056_26  0.372  24  0.581  24  0.946  20  0.911   0.736 Y  0.570      SignalP-noTM
3300029467.a:Ga0244104_101056_8  0.570  23  0.680  23  0.852  12  0.790   0.723 Y  0.450      SignalP-TM
3300029467.a:Ga0244104_101056_8  0.787  23  0.847  23  0.979  11  0.919   0.881 Y  0.570      SignalP-noTM
3300029467.a:Ga0244104_101056_8  0.841  23  0.866  23  0.959   5  0.890   0.879 Y  0.450      SignalP-noTM
3300029467.a:Ga0244104_101064_13  0.324  24  0.557  24  0.989  13  0.956   0.772 Y  0.450      SignalP-noTM
3300029467.a:Ga0244104_101064_13  0.477  24  0.541  24  0.756  13  0.566   0.550 Y  0.450      SignalP-TM
3300029467.a:Ga0244104_101087_17  0.499  18  0.525  18  0.718   2  0.571   0.543 Y  0.500      SignalP-TM
3300029467.a:Ga0244104_101087_8  0.368  34  0.285  12  0.910   2  0.813   0.491 Y  0.450      SignalP-TM
3300029467.a:Ga0244104_101148_13  0.450  30  0.609  30  0.910  15  0.771   0.672 Y  0.450      SignalP-TM
3300029467.a:Ga0244104_101148_13  0.737  30  0.794  30  0.959  26  0.844   0.818 Y  0.570      SignalP-noTM
3300029467.a:Ga0244104_101148_13  0.833  30  0.849  30  0.936  10  0.866   0.858 Y  0.450      SignalP-noTM
3300029467.a:Ga0244104_101148_19  0.150  34  0.342  25  0.952  16  0.906   0.562 Y  0.450      SignalP-TM
3300029467.a:Ga0244104_101148_19  0.196  28  0.413  28  0.956  16  0.876   0.663 Y  0.450      SignalP-noTM
3300029467.a:Ga0244104_101148_19  0.219  23  0.453  23  0.968  13  0.929   0.677 Y  0.570      SignalP-noTM
3300029467.a:Ga0244104_101155_3  0.318  23  0.487  20  0.918   6  0.870   0.667 Y  0.570      SignalP-noTM
3300029467.a:Ga0244104_101155_3  0.349  23  0.512  23  0.908  12  0.750   0.641 Y  0.450      SignalP-noTM
3300029467.a:Ga0244104_101155_3  0.470  23  0.586  23  0.893  18  0.692   0.627 Y  0.450      SignalP-TM
3300029467.a:Ga0244104_101222_10  0.739  37  0.601  37  0.775  20  0.580   0.593 Y  0.450      SignalP-TM
3300029467.a:Ga0244104_101222_4  0.608  24  0.762  24  0.981   9  0.956   0.838 Y  0.450      SignalP-TM
3300029467.a:Ga0244104_101222_4  0.744  24  0.845  24  0.988  11  0.959   0.898 Y  0.570      SignalP-noTM
3300029467.a:Ga0244104_101222_4  0.815  24  0.876  24  0.979   4  0.941   0.911 Y  0.450      SignalP-noTM
3300029467.a:Ga0244104_101243_1  0.832  22  0.842  22  0.953   4  0.849   0.846 Y  0.450      SignalP-noTM
3300029467.a:Ga0244104_101243_16  0.386  21  0.578  21  0.917   5  0.865   0.733 Y  0.450      SignalP-noTM
3300029467.a:Ga0244104_101243_16  0.659  28  0.521  28  0.563   2  0.384   0.467 Y  0.450      SignalP-TM
3300029467.a:Ga0244104_101265_13  0.508  23  0.689  23  0.974  16  0.935   0.822 Y  0.450      SignalP-noTM
3300029467.a:Ga0244104_101265_13  0.810  25  0.848  25  0.948  19  0.868   0.856 Y  0.450      SignalP-TM
3300029467.a:Ga0244104_101265_13  0.839  25  0.879  25  0.969  12  0.931   0.904 Y  0.570      SignalP-noTM
3300029467.a:Ga0244104_101265_3  0.607  25  0.722  25  0.939   6  0.859   0.796 Y  0.450      SignalP-noTM
3300029467.a:Ga0244104_101265_3  0.661  25  0.750  25  0.932  19  0.813   0.775 Y  0.450      SignalP-TM
3300029467.a:Ga0244104_101265_3  0.712  25  0.807  25  0.972  21  0.911   0.856 Y  0.570      SignalP-noTM
3300029467.a:Ga0244104_101283_6  0.259  19  0.486  19  0.946  14  0.902   0.681 Y  0.570      SignalP-noTM
3300029467.a:Ga0244104_101283_6  0.274  27  0.461  27  0.960  17  0.835   0.607 Y  0.450      SignalP-TM
3300029467.a:Ga0244104_101283_6  0.362  25  0.553  19  0.963  12  0.928   0.756 Y  0.450      SignalP-noTM
3300029467.a:Ga0244104_101298_3  0.167  25  0.378  25  0.916   7  0.852   0.634 Y  0.450      SignalP-noTM
3300029467.a:Ga0244104_101298_3  0.182  28  0.337  28  0.886   6  0.733   0.491 Y  0.450      SignalP-TM
3300029467.a:Ga0244104_101298_3  0.188  24  0.396  24  0.904   4  0.849   0.609 Y  0.570      SignalP-noTM
3300029467.a:Ga0244104_101298_4  0.205  29  0.401  29  0.960  16  0.846   0.575 Y  0.450      SignalP-TM
3300029467.a:Ga0244104_101298_4  0.251  24  0.479  24  0.965  15  0.913   0.714 Y  0.450      SignalP-noTM
3300029467.a:Ga0244104_101298_4  0.345  29  0.464  29  0.980  19  0.806   0.625 Y  0.570      SignalP-noTM
3300029467.a:Ga0244104_101326_10  0.353  27  0.506  27  0.832  25  0.719   0.589 Y  0.450      SignalP-TM
3300029467.a:Ga0244104_101326_10  0.387  27  0.496  27  0.771  13  0.630   0.568 Y  0.450      SignalP-noTM
3300029467.a:Ga0244104_101326_10  0.407  27  0.525  27  0.877  10  0.711   0.612 Y  0.570      SignalP-noTM
3300029467.a:Ga0244104_101326_11  0.182  22  0.405  22  0.933  15  0.882   0.591 Y  0.450      SignalP-TM
3300029467.a:Ga0244104_101326_11  0.447  20  0.660  20  0.982  12  0.960   0.801 Y  0.570      SignalP-noTM
3300029467.a:Ga0244104_101326_11  0.725  22  0.819  22  0.966  12  0.926   0.877 Y  0.450      SignalP-noTM
3300029467.a:Ga0244104_101326_4  0.193  25  0.361  25  0.825  19  0.668   0.481 Y  0.450      SignalP-TM
3300029467.a:Ga0244104_101326_4  0.494  22  0.676  22  0.971  11  0.925   0.811 Y  0.450      SignalP-noTM
3300029467.a:Ga0244104_101335_17  0.124  45  0.289  18  0.807  10  0.736   0.463 Y  0.450      SignalP-TM
3300029467.a:Ga0244104_101335_3  0.349  34  0.480  34  0.858  23  0.726   0.576 Y  0.450      SignalP-TM
3300029467.a:Ga0244104_101335_3  0.376  26  0.484  26  0.846   9  0.644   0.548 Y  0.500      SignalP-TM
3300029467.a:Ga0244104_101335_3  0.414  24  0.616  24  0.947  22  0.915   0.756 Y  0.570      SignalP-noTM
3300029467.a:Ga0244104_101374_12  0.523  21  0.550  21  0.771  18  0.562   0.555 Y  0.450      SignalP-TM
3300029467.a:Ga0244104_101374_12  0.559  21  0.699  21  0.943   1  0.873   0.781 Y  0.570      SignalP-noTM
3300029467.a:Ga0244104_101374_12  0.909  21  0.933  21  0.982  12  0.957   0.946 Y  0.450      SignalP-noTM
3300029467.a:Ga0244104_101374_15  0.134  22  0.321  15  0.889  10  0.846   0.604 Y  0.450      SignalP-noTM
3300029467.a:Ga0244104_101474_5  0.242  28  0.457  28  0.966  15  0.862   0.676 Y  0.450      SignalP-noTM
3300029467.a:Ga0244104_101474_5  0.243  29  0.432  29  0.955  17  0.853   0.630 Y  0.570      SignalP-noTM
3300029467.a:Ga0244104_101474_5  0.354  35  0.480  35  0.866   9  0.744   0.583 Y  0.450      SignalP-TM
3300029467.a:Ga0244104_101474_7  0.607  23  0.720  23  0.920  19  0.852   0.772 Y  0.450      SignalP-TM
3300029467.a:Ga0244104_101474_7  0.801  23  0.852  23  0.970  11  0.913   0.881 Y  0.570      SignalP-noTM
3300029467.a:Ga0244104_101474_7  0.861  23  0.894  23  0.980  11  0.930   0.913 Y  0.450      SignalP-noTM
3300029467.a:Ga0244104_101516_1  0.498  21  0.495  21  0.837   1  0.546   0.515 Y  0.500      SignalP-TM
3300029467.a:Ga0244104_101516_4  0.154  28  0.296  11  0.903   2  0.791   0.489 Y  0.450      SignalP-TM
3300029467.a:Ga0244104_101542_6  0.477  23  0.664  23  0.973   4  0.925   0.805 Y  0.450      SignalP-noTM
3300029467.a:Ga0244104_101542_6  0.553  24  0.658  24  0.841  16  0.733   0.687 Y  0.450      SignalP-TM
3300029467.a:Ga0244104_101543_13  0.259  23  0.482  23  0.963  11  0.915   0.686 Y  0.570      SignalP-noTM
3300029467.a:Ga0244104_101543_13  0.276  23  0.457  23  0.884   8  0.782   0.584 Y  0.450      SignalP-TM
3300029467.a:Ga0244104_101543_13  0.398  25  0.563  25  0.945   4  0.808   0.695 Y  0.450      SignalP-noTM
3300029467.a:Ga0244104_101543_7  0.478  27  0.585  27  0.860  25  0.577   0.581 Y  0.450      SignalP-TM
3300029467.a:Ga0244104_101543_7  0.647  27  0.589  27  0.665  23  0.415   0.525 Y  0.510      SignalP-TM
3300029467.a:Ga0244104_101543_7  0.677  27  0.753  27  0.900  14  0.821   0.790 Y  0.450      SignalP-noTM
3300029467.a:Ga0244104_101543_8  0.197  33  0.353  26  0.846  11  0.774   0.517 Y  0.450      SignalP-TM
3300029467.a:Ga0244104_101543_8  0.634  26  0.773  26  0.992  15  0.943   0.865 Y  0.450      SignalP-noTM
3300029467.a:Ga0244104_101569_11  0.579  23  0.650  23  0.883  18  0.726   0.680 Y  0.450      SignalP-TM
3300029467.a:Ga0244104_101569_11  0.754  23  0.807  23  0.936  18  0.870   0.837 Y  0.570      SignalP-noTM
3300029467.a:Ga0244104_101569_11  0.812  23  0.857  23  0.968   4  0.905   0.883 Y  0.450      SignalP-noTM
3300029467.a:Ga0244104_101598_1  0.324  22  0.471  22  0.848  15  0.696   0.561 Y  0.500      SignalP-TM
3300029467.a:Ga0244104_101598_11  0.553  34  0.713  34  0.950  22  0.747   0.729 Y  0.570      SignalP-noTM
3300029467.a:Ga0244104_101598_15  0.201  29  0.387  23  0.959   9  0.885   0.581 Y  0.450      SignalP-TM
3300029467.a:Ga0244104_101598_15  0.274  23  0.489  23  0.959  11  0.903   0.684 Y  0.570      SignalP-noTM
3300029467.a:Ga0244104_101598_15  0.679  21  0.794  21  0.965   3  0.929   0.867 Y  0.450      SignalP-noTM
3300029467.a:Ga0244104_101598_16  0.371  30  0.556  30  0.951  12  0.848   0.714 Y  0.450      SignalP-noTM
3300029467.a:Ga0244104_101598_16  0.734  29  0.820  29  0.989  14  0.936   0.875 Y  0.570      SignalP-noTM
3300029467.a:Ga0244104_101598_16  0.766  29  0.830  29  0.951  15  0.917   0.864 Y  0.450      SignalP-TM
3300029467.a:Ga0244104_101598_5  0.244  22  0.468  22  0.950   7  0.899   0.701 Y  0.450      SignalP-noTM
3300029467.a:Ga0244104_101598_5  0.424  24  0.635  24  0.979   6  0.955   0.760 Y  0.450      SignalP-TM
3300029467.a:Ga0244104_101598_5  0.547  24  0.722  24  0.984  11  0.956   0.832 Y  0.570      SignalP-noTM
3300029467.a:Ga0244104_101665_10  0.449  29  0.573  29  0.875  23  0.674   0.612 Y  0.450      SignalP-TM
3300029467.a:Ga0244104_101665_10  0.483  29  0.626  29  0.978  15  0.839   0.741 Y  0.450      SignalP-noTM
3300029467.a:Ga0244104_101671_10  0.374  25  0.600  25  0.993  12  0.964   0.771 Y  0.570      SignalP-noTM
3300029467.a:Ga0244104_101671_10  0.425  31  0.581  25  0.987  15  0.938   0.774 Y  0.450      SignalP-noTM
3300029467.a:Ga0244104_101671_10  0.479  25  0.671  25  0.980  16  0.941   0.776 Y  0.450      SignalP-TM
3300029467.a:Ga0244104_101671_9  0.320  39  0.396  39  0.753  23  0.583   0.469 Y  0.450      SignalP-TM
3300029467.a:Ga0244104_101710_6  0.258  30  0.434  30  0.862  28  0.704   0.580 Y  0.450      SignalP-noTM
3300029467.a:Ga0244104_101710_6  0.276  32  0.481  32  0.932  26  0.835   0.619 Y  0.450      SignalP-TM
3300029467.a:Ga0244104_101710_6  0.471  32  0.636  32  0.973  17  0.887   0.754 Y  0.570      SignalP-noTM
3300029467.a:Ga0244104_101772_2  0.182  32  0.367  27  0.842  24  0.704   0.498 Y  0.450      SignalP-TM
3300029467.a:Ga0244104_101772_2  0.408  30  0.562  30  0.921  20  0.776   0.677 Y  0.450      SignalP-noTM
3300029467.a:Ga0244104_101860_7  0.537  25  0.685  25  0.937   7  0.875   0.788 Y  0.450      SignalP-noTM
3300029467.a:Ga0244104_101860_7  0.661  25  0.759  25  0.936  20  0.851   0.802 Y  0.570      SignalP-noTM
3300029467.a:Ga0244104_101860_7  0.701  25  0.778  25  0.931  22  0.821   0.795 Y  0.450      SignalP-TM
3300029467.a:Ga0244104_101900_4  0.180  26  0.345  26  0.915   7  0.764   0.509 Y  0.450      SignalP-TM
3300029467.a:Ga0244104_101900_4  0.294  21  0.524  21  0.967   1  0.944   0.721 Y  0.570      SignalP-noTM
3300029467.a:Ga0244104_101900_4  0.648  25  0.765  25  0.982   5  0.907   0.842 Y  0.450      SignalP-noTM
3300029467.a:Ga0244104_102047_1  0.297  26  0.492  26  0.914   6  0.814   0.666 Y  0.450      SignalP-noTM
3300029467.a:Ga0244104_102047_1  0.299  26  0.502  26  0.945  13  0.842   0.634 Y  0.450      SignalP-TM
3300029467.a:Ga0244104_102047_1  0.568  26  0.682  26  0.980  11  0.879   0.775 Y  0.570      SignalP-noTM
3300029467.a:Ga0244104_102214_2  0.642  27  0.783  27  0.992  16  0.950   0.873 Y  0.450      SignalP-noTM
3300029467.a:Ga0244104_102214_2  0.795  27  0.801  27  0.925  17  0.831   0.813 Y  0.450      SignalP-TM
3300029467.a:Ga0244104_102214_2  0.824  27  0.896  27  0.992  15  0.966   0.929 Y  0.570      SignalP-noTM
3300029467.a:Ga0244104_102278_3  0.285  29  0.484  29  0.977  16  0.895   0.645 Y  0.450      SignalP-TM
3300029467.a:Ga0244104_102278_3  0.302  19  0.531  19  0.970   5  0.935   0.749 Y  0.450      SignalP-noTM
3300029467.a:Ga0244104_102278_3  0.306  22  0.539  22  0.980   8  0.955   0.734 Y  0.570      SignalP-noTM
3300029467.a:Ga0244104_102278_7  0.563  24  0.609  24  0.853   8  0.665   0.639 Y  0.450      SignalP-noTM
3300029467.a:Ga0244104_102278_7  0.744  24  0.562  24  0.626   8  0.463   0.523 Y  0.450      SignalP-TM
3300029467.a:Ga0244104_102303_1  0.369  27  0.543  27  0.963  18  0.873   0.698 Y  0.570      SignalP-noTM
3300029467.a:Ga0244104_102303_1  0.437  27  0.584  27  0.919  12  0.832   0.680 Y  0.450      SignalP-TM
3300029467.a:Ga0244104_102303_1  0.498  24  0.688  24  0.985  15  0.951   0.830 Y  0.450      SignalP-noTM
3300029467.a:Ga0244104_102303_4  0.220  34  0.356  34  0.927   6  0.777   0.520 Y  0.450      SignalP-TM
3300029467.a:Ga0244104_102303_4  0.535  22  0.712  22  0.983   8  0.949   0.840 Y  0.450      SignalP-noTM
3300029467.a:Ga0244104_102303_4  0.642  22  0.784  22  0.970  12  0.960   0.867 Y  0.570      SignalP-noTM
3300029467.a:Ga0244104_102514_6  0.575  26  0.566  26  0.726  13  0.530   0.551 Y  0.500      SignalP-TM
3300029467.a:Ga0244104_102992_2  0.533  25  0.668  25  0.939  20  0.839   0.761 Y  0.450      SignalP-noTM
3300029467.a:Ga0244104_102992_2  0.710  25  0.787  25  0.951  17  0.847   0.810 Y  0.450      SignalP-TM
3300029467.a:Ga0244104_102992_2  0.789  25  0.851  25  0.981  17  0.933   0.889 Y  0.570      SignalP-noTM
3300029467.a:Ga0244104_102992_3  0.319  33  0.476  33  0.886  32  0.635   0.562 Y  0.450      SignalP-noTM
3300029467.a:Ga0244104_102992_3  0.472  35  0.557  35  0.809  31  0.583   0.568 Y  0.450      SignalP-TM
3300029467.a:Ga0244104_103043_3  0.202  59  0.346  27  0.940   5  0.796   0.522 Y  0.450      SignalP-TM
3300029467.a:Ga0244104_103043_3  0.225  26  0.429  26  0.965   6  0.825   0.643 Y  0.450      SignalP-noTM
3300029467.a:Ga0244104_103043_3  0.329  22  0.549  22  0.974   7  0.935   0.730 Y  0.570      SignalP-noTM
3300029467.a:Ga0244104_103147_5  0.442  23  0.614  23  0.931  13  0.853   0.743 Y  0.450      SignalP-noTM
3300029467.a:Ga0244104_103147_5  0.589  23  0.718  23  0.906  17  0.781   0.743 Y  0.450      SignalP-TM
3300029467.a:Ga0244104_103147_5  0.882  23  0.904  23  0.957  17  0.897   0.900 Y  0.570      SignalP-noTM
3300029467.a:Ga0244104_103164_1  0.788  26  0.648  26  0.868  25  0.531   0.585 Y  0.450      SignalP-noTM
3300029467.a:Ga0244104_103509_2  0.252  29  0.395  29  0.749   4  0.664   0.500 Y  0.450      SignalP-TM
3300029467.a:Ga0244104_103509_2  0.264  22  0.466  22  0.926   5  0.856   0.650 Y  0.570      SignalP-noTM
3300029467.a:Ga0244104_103509_2  0.304  26  0.488  26  0.949   6  0.794   0.654 Y  0.450      SignalP-noTM
3300029467.a:Ga0244104_103535_1  0.258  20  0.441  20  0.926   4  0.802   0.582 Y  0.450      SignalP-TM
3300029467.a:Ga0244104_103535_1  0.535  20  0.717  20  0.972  17  0.959   0.831 Y  0.570      SignalP-noTM
3300029467.a:Ga0244104_103535_1  0.728  20  0.837  20  0.985   4  0.965   0.906 Y  0.450      SignalP-noTM
