Response_reg	112	3300013916.a:Ga0121019_100001_1	127	1.6e-19	1	110	6	119	0.9732142857142857
HisKA	64	3300013916.a:Ga0121019_100001_109	1254	5.8e-06	2	60	1027	1093	0.90625
HATPase_c	111	3300013916.a:Ga0121019_100001_109	1254	2.2e-22	1	110	1138	1246	0.9819819819819819
Fer4	24	3300013916.a:Ga0121019_100001_110	258	1.4e-05	7	19	162	174	0.5
Pyr_redox_2	292	3300013916.a:Ga0121019_100001_111	645	2.2e-05	2	113	34	233	0.3801369863013699
cNMP_binding	88	3300013916.a:Ga0121019_100001_12	195	3e-12	2	85	31	117	0.9431818181818182
HhH-GPD	108	3300013916.a:Ga0121019_100001_120	224	1e-23	2	106	36	169	0.9629629629629629
Aminotran_1_2	363	3300013916.a:Ga0121019_100001_124	390	2.1e-07	37	192	52	185	0.42699724517906334
HTH_18	81	3300013916.a:Ga0121019_100001_130	362	1.7e-12	1	81	273	355	0.9876543209876543
Peptidase_M23	96	3300013916.a:Ga0121019_100001_133	574	2.4e-09	2	56	58	115	0.5625
Peptidase_M23	96	3300013916.a:Ga0121019_100001_133	574	3.3e-09	57	92	138	174	0.3645833333333333
PALP	294	3300013916.a:Ga0121019_100001_144	418	4.1e-75	3	294	21	311	0.9897959183673469
CbiA	128	3300013916.a:Ga0121019_100001_147	488	8.7e-05	2	120	33	285	0.921875
Aminotran_1_2	363	3300013916.a:Ga0121019_100001_15	438	4.1e-08	46	361	97	426	0.8677685950413223
ACT	67	3300013916.a:Ga0121019_100001_153	197	2.4e-11	1	64	6	69	0.9402985074626866
GntR	64	3300013916.a:Ga0121019_100001_191	361	2.8e-11	1	64	36	99	0.984375
Peripla_BP_3	164	3300013916.a:Ga0121019_100001_191	361	1e-07	85	141	287	343	0.34146341463414637
MarR	59	3300013916.a:Ga0121019_100001_212	142	1.2e-12	1	57	33	89	0.9491525423728814
LacI	46	3300013916.a:Ga0121019_100001_22	337	1.5e-12	1	46	8	53	0.9782608695652174
Peripla_BP_1	279	3300013916.a:Ga0121019_100001_22	337	6.7e-25	3	259	66	315	0.9175627240143369
Fer4	24	3300013916.a:Ga0121019_100001_238	188	4e-06	6	24	73	91	0.75
Fer4	24	3300013916.a:Ga0121019_100001_238	188	1.8e-08	3	24	119	140	0.875
ACT	67	3300013916.a:Ga0121019_100001_248	281	1.8e-07	2	51	6	52	0.7313432835820896
HATPase_c	111	3300013916.a:Ga0121019_100001_249	618	7e-13	4	109	37	166	0.9459459459459459
FecR	96	3300013916.a:Ga0121019_100001_266	407	2.3e-13	4	96	187	290	0.9583333333333334
Sigma70_r2	71	3300013916.a:Ga0121019_100001_276	194	1.4e-10	3	65	24	84	0.8732394366197183
Sigma70_r4_2	54	3300013916.a:Ga0121019_100001_276	194	1.7e-12	2	54	119	171	0.9629629629629629
HisKA	64	3300013916.a:Ga0121019_100001_278	292	2.8e-13	2	63	69	133	0.953125
HATPase_c	111	3300013916.a:Ga0121019_100001_278	292	4.2e-25	5	107	182	286	0.918918918918919
Response_reg	112	3300013916.a:Ga0121019_100001_279	236	4.7e-33	1	111	7	116	0.9821428571428571
Trans_reg_C	77	3300013916.a:Ga0121019_100001_279	236	3.8e-22	4	77	157	230	0.948051948051948
HTH_18	81	3300013916.a:Ga0121019_100001_297	303	3.4e-18	1	79	46	123	0.9629629629629629
Peptidase_M23	96	3300013916.a:Ga0121019_100001_311	426	7.9e-13	6	96	332	419	0.9375
Pribosyltran	159	3300013916.a:Ga0121019_100001_314	172	6e-22	5	148	8	152	0.89937106918239
ACT	67	3300013916.a:Ga0121019_100001_317	817	2.7e-09	7	63	324	374	0.835820895522388
ACT	67	3300013916.a:Ga0121019_100001_317	817	2.9e-09	11	65	409	457	0.8059701492537313
PALP	294	3300013916.a:Ga0121019_100001_319	436	4.9e-27	29	291	97	381	0.891156462585034
Aminotran_1_2	363	3300013916.a:Ga0121019_100001_324	396	8.4e-08	72	363	104	387	0.8016528925619835
Sigma70_r2	71	3300013916.a:Ga0121019_100001_327	182	5.2e-21	1	69	23	89	0.9577464788732394
Sigma70_r4_2	54	3300013916.a:Ga0121019_100001_327	182	7.1e-18	2	54	121	173	0.9629629629629629
Sigma70_r2	71	3300013916.a:Ga0121019_100001_333	187	1.3e-08	1	69	28	93	0.9577464788732394
Sigma70_r4_2	54	3300013916.a:Ga0121019_100001_333	187	1.9e-09	3	54	125	176	0.9444444444444444
Fer4	24	3300013916.a:Ga0121019_100001_335	462	6.2e-05	8	19	312	323	0.4583333333333333
Response_reg	112	3300013916.a:Ga0121019_100001_352	215	8.2e-23	1	112	4	116	0.9910714285714286
GerE	57	3300013916.a:Ga0121019_100001_352	215	1.1e-17	3	56	153	206	0.9298245614035088
HATPase_c	111	3300013916.a:Ga0121019_100001_361	653	4.4e-22	3	110	38	179	0.963963963963964
HisKA	64	3300013916.a:Ga0121019_100001_379	553	6.6e-09	4	63	335	398	0.921875
HATPase_c	111	3300013916.a:Ga0121019_100001_379	553	4.7e-24	2	108	443	551	0.954954954954955
Pribosyltran	159	3300013916.a:Ga0121019_100001_38	215	1.2e-13	29	135	71	176	0.6666666666666666
Response_reg	112	3300013916.a:Ga0121019_100001_380	238	3.2e-26	1	112	7	117	0.9910714285714286
Trans_reg_C	77	3300013916.a:Ga0121019_100001_380	238	3.3e-25	1	77	150	226	0.987012987012987
CBS	57	3300013916.a:Ga0121019_100001_386	438	4.1e-09	4	55	221	273	0.8947368421052632
CBS	57	3300013916.a:Ga0121019_100001_386	438	1.1e-06	3	56	283	335	0.9298245614035088
TPR_1	34	3300013916.a:Ga0121019_100001_414	633	6.5e-07	7	33	73	99	0.7647058823529411
HTH_DeoR	57	3300013916.a:Ga0121019_100001_424	255	3e-16	1	54	7	60	0.9298245614035088
DeoRC	160	3300013916.a:Ga0121019_100001_424	255	1.8e-47	2	159	76	233	0.98125
Response_reg	112	3300013916.a:Ga0121019_100001_43	230	2e-29	1	111	5	115	0.9821428571428571
Trans_reg_C	77	3300013916.a:Ga0121019_100001_43	230	2.8e-18	2	77	153	226	0.974025974025974
HisKA	64	3300013916.a:Ga0121019_100001_44	625	3.4e-11	1	63	392	459	0.96875
HATPase_c	111	3300013916.a:Ga0121019_100001_44	625	6.6e-25	1	110	506	617	0.9819819819819819
Response_reg	112	3300013916.a:Ga0121019_100001_447	247	2e-24	2	111	5	110	0.9732142857142857
LytTR	98	3300013916.a:Ga0121019_100001_447	247	3.3e-25	2	97	149	244	0.9693877551020408
PALP	294	3300013916.a:Ga0121019_100001_459	470	9.9e-72	3	293	23	317	0.9863945578231292
CBS	57	3300013916.a:Ga0121019_100001_459	470	1.1e-07	6	56	355	404	0.8771929824561403
AAA	132	3300013916.a:Ga0121019_100001_461	417	6.4e-19	2	107	114	245	0.7954545454545454
TetR_N	47	3300013916.a:Ga0121019_100001_472	207	2.1e-18	1	47	26	72	0.9787234042553191
Aminotran_1_2	363	3300013916.a:Ga0121019_100001_487	383	1.2e-10	46	199	54	185	0.4214876033057851
HTH_psq	45	3300013916.a:Ga0121019_100001_490	133	4.6e-05	14	35	28	49	0.4666666666666667
Pyr_redox_2	292	3300013916.a:Ga0121019_100001_496	494	2e-08	2	238	37	310	0.8082191780821918
SIS	131	3300013916.a:Ga0121019_100001_501	614	2.1e-35	2	130	293	420	0.9770992366412213
SIS	131	3300013916.a:Ga0121019_100001_501	614	2.8e-25	2	126	466	591	0.9465648854961832
Response_reg	112	3300013916.a:Ga0121019_100001_502	231	6.1e-30	1	112	7	119	0.9910714285714286
Trans_reg_C	77	3300013916.a:Ga0121019_100001_502	231	5.1e-25	3	77	158	227	0.961038961038961
AAA	132	3300013916.a:Ga0121019_100001_516	611	1.8e-14	2	126	43	174	0.9393939393939394
Sigma70_r2	71	3300013916.a:Ga0121019_100001_526	204	4.2e-09	2	69	26	90	0.9436619718309859
Sigma70_r4_2	54	3300013916.a:Ga0121019_100001_526	204	2.6e-13	3	54	123	174	0.9444444444444444
FecR	96	3300013916.a:Ga0121019_100001_527	411	9.4e-18	2	94	195	289	0.9583333333333334
Fer4	24	3300013916.a:Ga0121019_100001_541	466	1.1e-05	4	21	257	274	0.7083333333333334
Nitro_FeMo-Co	95	3300013916.a:Ga0121019_100001_85	241	5.6e-05	34	89	131	191	0.5789473684210527
HTH_11	55	3300013916.a:Ga0121019_100001_91	157	1.3e-06	4	44	16	55	0.7272727272727273
AsnC_trans_reg	75	3300013916.a:Ga0121019_100001_91	157	2.1e-18	2	75	77	148	0.9733333333333334
Sigma70_r4	50	3300013916.a:Ga0121019_100001_97	87	4.5e-05	2	49	37	84	0.94
Hemerythrin	131	3300013916.a:Ga0121019_100002_1	241	4.4e-25	5	130	82	231	0.9541984732824428
HTH_3	55	3300013916.a:Ga0121019_100002_102	172	2.1e-11	1	49	113	161	0.8727272727272727
Rrf2	83	3300013916.a:Ga0121019_100002_112	146	1.1e-16	3	83	2	84	0.963855421686747
Glyoxalase	128	3300013916.a:Ga0121019_100002_121	376	9.1e-07	2	106	21	123	0.8125
Glyoxalase	128	3300013916.a:Ga0121019_100002_121	376	4.9e-17	2	128	178	329	0.984375
NUDIX	131	3300013916.a:Ga0121019_100002_123	132	1e-18	5	127	3	119	0.9312977099236641
HTH_18	81	3300013916.a:Ga0121019_100002_125	567	1.4e-12	1	79	477	558	0.9629629629629629
NUDIX	131	3300013916.a:Ga0121019_100002_131	176	3.2e-24	1	127	29	156	0.9618320610687023
Aminotran_1_2	363	3300013916.a:Ga0121019_100002_132	361	5.9e-11	10	363	25	355	0.9724517906336089
HTH_3	55	3300013916.a:Ga0121019_100002_140	258	2.4e-15	1	55	8	62	0.9818181818181818
HTH_18	81	3300013916.a:Ga0121019_100002_148	277	1.6e-17	1	80	191	269	0.9753086419753086
Ammonium_transp	399	3300013916.a:Ga0121019_100002_149	440	9.8e-109	1	397	43	438	0.9924812030075187
GntR	64	3300013916.a:Ga0121019_100002_161	492	2.5e-14	1	64	23	86	0.984375
Aminotran_1_2	363	3300013916.a:Ga0121019_100002_161	492	1.4e-23	22	361	147	480	0.9338842975206612
Aminotran_1_2	363	3300013916.a:Ga0121019_100002_163	371	1.9e-45	3	361	29	363	0.9862258953168044
Aminotran_1_2	363	3300013916.a:Ga0121019_100002_166	423	2.4e-07	168	334	216	389	0.4573002754820937
PadR	75	3300013916.a:Ga0121019_100002_171	212	2.1e-05	37	71	39	73	0.4533333333333333
PfkB	302	3300013916.a:Ga0121019_100002_18	330	1.1e-22	1	201	1	208	0.6622516556291391
Citrate_synt	361	3300013916.a:Ga0121019_100002_186	385	1.5e-117	2	360	17	365	0.9916897506925207
cNMP_binding	88	3300013916.a:Ga0121019_100002_190	191	2.1e-17	2	87	28	115	0.9659090909090909
TPR_1	34	3300013916.a:Ga0121019_100002_195	392	1.5e-12	4	34	269	299	0.8823529411764706
TPR_1	34	3300013916.a:Ga0121019_100002_196	371	8.9e-05	5	29	165	189	0.7058823529411765
TPR_2	34	3300013916.a:Ga0121019_100002_196	371	1.3e-05	2	34	264	296	0.9411764705882353
AAA	132	3300013916.a:Ga0121019_100002_210	865	8.7e-16	2	127	201	334	0.946969696969697
AAA	132	3300013916.a:Ga0121019_100002_210	865	3.6e-10	2	120	600	727	0.8939393939393939
FecR	96	3300013916.a:Ga0121019_100002_217	375	9.4e-18	2	96	166	262	0.9791666666666666
Sigma70_r2	71	3300013916.a:Ga0121019_100002_218	190	5.7e-10	9	68	36	93	0.8309859154929577
Sigma70_r4_2	54	3300013916.a:Ga0121019_100002_218	190	1.4e-17	4	53	126	175	0.9074074074074074
HD	122	3300013916.a:Ga0121019_100002_222	719	1.6e-16	1	121	506	649	0.9836065573770492
HxlR	91	3300013916.a:Ga0121019_100002_228	122	6.1e-24	1	86	24	112	0.9340659340659341
FecR	96	3300013916.a:Ga0121019_100002_249	265	2.6e-13	7	95	54	143	0.9166666666666666
Sigma70_r2	71	3300013916.a:Ga0121019_100002_251	180	2.1e-07	1	68	15	80	0.9436619718309859
Sigma70_r4_2	54	3300013916.a:Ga0121019_100002_251	180	1.7e-15	3	54	111	162	0.9444444444444444
LacI	46	3300013916.a:Ga0121019_100002_268	336	1.9e-14	2	46	8	52	0.9565217391304348
Peripla_BP_3	164	3300013916.a:Ga0121019_100002_268	336	2.4e-37	2	164	175	335	0.9878048780487805
FUR	120	3300013916.a:Ga0121019_100002_293	165	1.3e-31	2	120	21	140	0.9833333333333333
HD	122	3300013916.a:Ga0121019_100002_294	735	2.3e-09	1	122	60	159	0.9918032786885246
ACT	67	3300013916.a:Ga0121019_100002_294	735	1.7e-06	3	66	659	722	0.9402985074626866
PIG-L	131	3300013916.a:Ga0121019_100002_297	240	7.6e-23	1	127	6	119	0.9618320610687023
Aminotran_1_2	363	3300013916.a:Ga0121019_100002_301	402	6.3e-76	2	363	35	393	0.9944903581267218
HTH_5	47	3300013916.a:Ga0121019_100002_308	110	1e-11	1	45	25	70	0.9361702127659575
Peptidase_M23	96	3300013916.a:Ga0121019_100002_335	413	2.4e-05	34	76	93	137	0.4375
cNMP_binding	88	3300013916.a:Ga0121019_100002_34	187	2.7e-10	2	87	28	114	0.9659090909090909
MarR	59	3300013916.a:Ga0121019_100002_340	146	7.6e-14	2	58	38	94	0.9491525423728814
HTH_18	81	3300013916.a:Ga0121019_100002_345	339	1.4e-13	5	79	256	331	0.9135802469135802
HTH_6	77	3300013916.a:Ga0121019_100002_346	360	6.7e-06	12	56	241	290	0.5714285714285714
HTH_18	81	3300013916.a:Ga0121019_100002_346	360	2.2e-16	3	80	276	354	0.9506172839506173
HTH_18	81	3300013916.a:Ga0121019_100002_347	520	1.1e-11	1	79	429	510	0.9629629629629629
TPR_2	34	3300013916.a:Ga0121019_100002_350	935	5.1e-05	5	34	79	108	0.8529411764705882
HTH_18	81	3300013916.a:Ga0121019_100002_353	135	2.2e-11	2	78	46	125	0.9382716049382716
TetR_N	47	3300013916.a:Ga0121019_100002_48	210	1.9e-17	3	45	20	62	0.8936170212765957
AraC_binding	136	3300013916.a:Ga0121019_100002_54	270	7.7e-08	16	132	30	147	0.8529411764705882
HTH_18	81	3300013916.a:Ga0121019_100002_54	270	1.7e-22	1	80	188	266	0.9753086419753086
Sigma70_r2	71	3300013916.a:Ga0121019_100002_58	190	4.4e-13	2	68	27	91	0.9295774647887324
Sigma70_r4_2	54	3300013916.a:Ga0121019_100002_58	190	2.6e-16	4	52	125	173	0.8888888888888888
FecR	96	3300013916.a:Ga0121019_100002_59	386	7.4e-17	3	96	161	261	0.96875
Penicillinase_R	115	3300013916.a:Ga0121019_100002_6	121	4.2e-27	1	114	4	116	0.9826086956521739
TPR_2	34	3300013916.a:Ga0121019_100002_61	459	2.9e-06	6	32	215	241	0.7647058823529411
TPR_1	34	3300013916.a:Ga0121019_100002_64	844	1.4e-05	4	31	160	187	0.7941176470588235
Citrate_synt	361	3300013916.a:Ga0121019_100002_7	429	2.3e-133	1	361	45	411	0.997229916897507
TetR_N	47	3300013916.a:Ga0121019_100003_100	191	3e-16	3	47	11	55	0.9361702127659575
HhH-GPD	108	3300013916.a:Ga0121019_100003_103	348	2e-16	2	91	32	149	0.8240740740740741
Peptidase_M23	96	3300013916.a:Ga0121019_100003_104	286	2.2e-36	2	96	185	279	0.9791666666666666
FecR	96	3300013916.a:Ga0121019_100003_11	329	9.4e-19	2	95	116	211	0.96875
Sigma70_r2	71	3300013916.a:Ga0121019_100003_12	186	9.9e-09	2	67	24	87	0.9154929577464789
Sigma70_r4_2	54	3300013916.a:Ga0121019_100003_12	186	3.1e-15	10	54	131	175	0.8148148148148148
AraC_binding	136	3300013916.a:Ga0121019_100003_136	287	1.5e-14	15	136	36	161	0.8897058823529411
HTH_18	81	3300013916.a:Ga0121019_100003_136	287	1.1e-20	1	80	204	282	0.9753086419753086
Aminotran_1_2	363	3300013916.a:Ga0121019_100003_142	412	3.9e-11	40	238	69	240	0.5454545454545454
Sigma70_r4_2	54	3300013916.a:Ga0121019_100003_143	194	1.7e-14	4	52	126	174	0.8888888888888888
FecR	96	3300013916.a:Ga0121019_100003_144	394	2e-19	2	96	183	280	0.9791666666666666
AraC_binding	136	3300013916.a:Ga0121019_100003_168	267	2.7e-07	16	60	29	74	0.3235294117647059
HTH_18	81	3300013916.a:Ga0121019_100003_168	267	1.5e-19	1	80	187	265	0.9753086419753086
HTH_5	47	3300013916.a:Ga0121019_100003_173	110	6.6e-13	1	45	25	70	0.9361702127659575
STAS	117	3300013916.a:Ga0121019_100003_174	205	2.1e-11	7	105	72	159	0.8376068376068376
HEM4	232	3300013916.a:Ga0121019_100003_212	369	6.9e-05	106	176	231	299	0.3017241379310345
Response_reg	112	3300013916.a:Ga0121019_100003_221	122	3.9e-23	1	111	6	115	0.9821428571428571
CheR_N	53	3300013916.a:Ga0121019_100003_222	264	6.6e-12	5	52	3	50	0.8867924528301887
CheR	195	3300013916.a:Ga0121019_100003_222	264	5.1e-40	3	192	66	256	0.9692307692307692
Response_reg	112	3300013916.a:Ga0121019_100003_223	126	4.5e-27	1	111	3	115	0.9821428571428571
CHASE3	138	3300013916.a:Ga0121019_100003_224	1193	3.1e-25	5	137	41	169	0.9565217391304348
GAF	133	3300013916.a:Ga0121019_100003_224	1193	1.3e-05	13	133	307	425	0.9022556390977443
HisKA	64	3300013916.a:Ga0121019_100003_224	1193	1.6e-17	2	64	525	592	0.96875
HATPase_c	111	3300013916.a:Ga0121019_100003_224	1193	4.5e-33	2	110	640	752	0.972972972972973
Response_reg	112	3300013916.a:Ga0121019_100003_224	1193	1.6e-16	1	105	804	907	0.9285714285714286
Response_reg	112	3300013916.a:Ga0121019_100003_224	1193	2.7e-13	1	103	927	1030	0.9107142857142857
Response_reg	112	3300013916.a:Ga0121019_100003_224	1193	1.5e-29	1	111	1073	1185	0.9821428571428571
Response_reg	112	3300013916.a:Ga0121019_100003_225	489	1.2e-26	1	111	2	114	0.9821428571428571
HisKA	64	3300013916.a:Ga0121019_100003_225	489	4.2e-18	2	64	266	333	0.96875
HATPase_c	111	3300013916.a:Ga0121019_100003_225	489	4e-23	2	108	380	487	0.954954954954955
HATPase_c	111	3300013916.a:Ga0121019_100003_227	359	1.2e-21	2	107	244	351	0.9459459459459459
FecR	96	3300013916.a:Ga0121019_100003_23	406	6.8e-18	3	96	195	294	0.96875
Sigma70_r2	71	3300013916.a:Ga0121019_100003_230	169	6.1e-16	5	69	13	75	0.9014084507042254
Sigma70_r4_2	54	3300013916.a:Ga0121019_100003_230	169	2.6e-18	2	54	106	157	0.9629629629629629
Response_reg	112	3300013916.a:Ga0121019_100003_234	377	8.3e-27	1	111	10	121	0.9821428571428571
HisKA	64	3300013916.a:Ga0121019_100003_234	377	1.5e-08	1	59	147	210	0.90625
HATPase_c	111	3300013916.a:Ga0121019_100003_234	377	6.8e-17	2	109	261	370	0.963963963963964
HisKA	64	3300013916.a:Ga0121019_100003_236	615	2.3e-14	2	64	397	461	0.96875
HATPase_c	111	3300013916.a:Ga0121019_100003_236	615	9.4e-24	2	109	506	611	0.963963963963964
Sigma70_r2	71	3300013916.a:Ga0121019_100003_24	198	7.9e-10	2	68	25	89	0.9295774647887324
Sigma70_r4_2	54	3300013916.a:Ga0121019_100003_24	198	6.4e-16	3	52	120	169	0.9074074074074074
Response_reg	112	3300013916.a:Ga0121019_100003_249	122	1.2e-27	1	112	5	117	0.9910714285714286
Response_reg	112	3300013916.a:Ga0121019_100003_253	211	5.8e-26	2	110	10	118	0.9642857142857143
GerE	57	3300013916.a:Ga0121019_100003_253	211	2.4e-21	4	57	151	204	0.9298245614035088
TPR_2	34	3300013916.a:Ga0121019_100003_254	631	8.8e-05	5	31	67	93	0.7647058823529411
TPR_1	34	3300013916.a:Ga0121019_100003_254	631	1.7e-05	1	28	145	172	0.7941176470588235
HATPase_c	111	3300013916.a:Ga0121019_100003_254	631	2.2e-10	3	105	542	626	0.918918918918919
Pribosyltran	159	3300013916.a:Ga0121019_100003_27	246	6.9e-10	45	121	95	178	0.4779874213836478
Sigma70_r2	71	3300013916.a:Ga0121019_100003_274	169	5.9e-16	4	68	12	74	0.9014084507042254
Sigma70_r4_2	54	3300013916.a:Ga0121019_100003_274	169	1.2e-19	3	53	107	156	0.9259259259259259
Response_reg	112	3300013916.a:Ga0121019_100003_282	249	1.5e-14	2	109	7	111	0.9553571428571429
cNMP_binding	88	3300013916.a:Ga0121019_100003_285	235	4.7e-07	4	88	73	159	0.9545454545454546
HTH_3	55	3300013916.a:Ga0121019_100003_293	176	5.7e-05	10	53	100	144	0.7818181818181819
GerE	57	3300013916.a:Ga0121019_100003_294	270	5.5e-06	9	38	12	41	0.5087719298245614
HTH_18	81	3300013916.a:Ga0121019_100003_295	289	2.7e-21	1	80	205	283	0.9753086419753086
Aminotran_1_2	363	3300013916.a:Ga0121019_100003_311	435	8.5e-05	130	333	192	404	0.559228650137741
CbiA	128	3300013916.a:Ga0121019_100003_320	800	7.6e-11	1	43	581	623	0.328125
AAA	132	3300013916.a:Ga0121019_100003_350	421	4e-19	1	127	38	146	0.9545454545454546
HATPase_c	111	3300013916.a:Ga0121019_100003_360	646	2.2e-09	2	105	556	641	0.9279279279279279
Response_reg	112	3300013916.a:Ga0121019_100003_361	210	3.9e-25	1	112	6	118	0.9910714285714286
GerE	57	3300013916.a:Ga0121019_100003_361	210	1.1e-18	4	53	150	199	0.8596491228070176
SIS	131	3300013916.a:Ga0121019_100003_39	273	1.5e-11	51	129	126	206	0.5954198473282443
GerE	57	3300013916.a:Ga0121019_100003_4	308	9e-14	2	54	248	300	0.9122807017543859
GntR	64	3300013916.a:Ga0121019_100003_40	361	4.7e-13	2	64	40	102	0.96875
TPR_1	34	3300013916.a:Ga0121019_100003_45	408	7.2e-05	10	31	192	213	0.6176470588235294
GerE	57	3300013916.a:Ga0121019_100003_45	408	2.1e-18	3	53	352	402	0.8771929824561403
FecR	96	3300013916.a:Ga0121019_100003_53	323	7.7e-22	5	95	114	205	0.9375
Sigma70_r2	71	3300013916.a:Ga0121019_100003_54	203	1.9e-07	2	65	35	96	0.8873239436619719
Sigma70_r4_2	54	3300013916.a:Ga0121019_100003_54	203	7.2e-12	7	48	135	176	0.7592592592592593
LacI	46	3300013916.a:Ga0121019_100003_72	342	1.8e-14	1	46	5	50	0.9782608695652174
Peripla_BP_3	164	3300013916.a:Ga0121019_100003_72	342	2.3e-23	1	164	170	339	0.9939024390243902
Sigma70_r2	71	3300013916.a:Ga0121019_100003_74	189	1.5e-09	12	71	38	95	0.8309859154929577
Sigma70_r4_2	54	3300013916.a:Ga0121019_100003_74	189	1.1e-15	3	54	126	177	0.9444444444444444
FecR	96	3300013916.a:Ga0121019_100003_75	379	1.5e-16	3	96	167	262	0.96875
HTH_8	42	3300013916.a:Ga0121019_100003_93	424	7.1e-14	6	41	384	419	0.8333333333333334
HTH_18	81	3300013916.a:Ga0121019_100004_1	328	2.8e-23	1	78	248	325	0.9506172839506173
Reg_prop	24	3300013916.a:Ga0121019_100004_101	1405	7.8e-05	1	23	33	55	0.9166666666666666
Reg_prop	24	3300013916.a:Ga0121019_100004_101	1405	9.4e-06	1	22	78	99	0.875
Reg_prop	24	3300013916.a:Ga0121019_100004_101	1405	0.0001	4	24	177	197	0.8333333333333334
Reg_prop	24	3300013916.a:Ga0121019_100004_101	1405	4.8e-05	2	24	274	296	0.9166666666666666
Reg_prop	24	3300013916.a:Ga0121019_100004_101	1405	4e-05	1	23	319	341	0.9166666666666666
Reg_prop	24	3300013916.a:Ga0121019_100004_101	1405	2.5e-05	1	24	366	389	0.9583333333333334
Reg_prop	24	3300013916.a:Ga0121019_100004_101	1405	5.8e-08	1	24	462	485	0.9583333333333334
Reg_prop	24	3300013916.a:Ga0121019_100004_101	1405	3.1e-06	3	23	560	580	0.8333333333333334
Y_Y_Y	66	3300013916.a:Ga0121019_100004_101	1405	1.6e-18	1	66	735	798	0.9848484848484849
HisKA	64	3300013916.a:Ga0121019_100004_101	1405	4.4e-13	2	62	853	916	0.9375
HATPase_c	111	3300013916.a:Ga0121019_100004_101	1405	6.1e-18	2	109	965	1086	0.963963963963964
Response_reg	112	3300013916.a:Ga0121019_100004_101	1405	5.1e-26	1	111	1141	1251	0.9821428571428571
HTH_18	81	3300013916.a:Ga0121019_100004_101	1405	1.5e-21	1	78	1309	1385	0.9506172839506173
cNMP_binding	88	3300013916.a:Ga0121019_100004_11	209	8.4e-08	2	85	25	111	0.9431818181818182
Crp	32	3300013916.a:Ga0121019_100004_11	209	6.8e-09	1	31	164	194	0.9375
GntR	64	3300013916.a:Ga0121019_100004_121	230	4e-14	3	62	16	75	0.921875
PALP	294	3300013916.a:Ga0121019_100004_125	369	4.8e-71	2	294	21	330	0.9931972789115646
Sigma70_r2	71	3300013916.a:Ga0121019_100004_137	165	4.5e-16	4	68	11	73	0.9014084507042254
Sigma70_r4_2	54	3300013916.a:Ga0121019_100004_137	165	1.1e-12	4	52	106	153	0.8888888888888888
HATPase_c	111	3300013916.a:Ga0121019_100004_138	360	4.2e-09	7	108	272	357	0.9099099099099099
Response_reg	112	3300013916.a:Ga0121019_100004_139	220	9.3e-26	1	111	6	118	0.9821428571428571
GerE	57	3300013916.a:Ga0121019_100004_139	220	3e-16	3	57	158	212	0.9473684210526315
HisKA	64	3300013916.a:Ga0121019_100004_144	401	3.3e-06	3	61	182	244	0.90625
HATPase_c	111	3300013916.a:Ga0121019_100004_144	401	2e-23	1	109	288	398	0.972972972972973
Peripla_BP_2	238	3300013916.a:Ga0121019_100004_151	281	1.1e-33	1	237	31	259	0.9915966386554622
HTH_18	81	3300013916.a:Ga0121019_100004_154	324	1.3e-21	5	80	244	318	0.9259259259259259
HisKA	64	3300013916.a:Ga0121019_100004_162	428	3.6e-05	3	62	209	271	0.921875
HATPase_c	111	3300013916.a:Ga0121019_100004_162	428	3.4e-21	2	108	319	426	0.954954954954955
Reg_prop	24	3300013916.a:Ga0121019_100004_167	1230	5.9e-06	1	23	34	56	0.9166666666666666
Reg_prop	24	3300013916.a:Ga0121019_100004_167	1230	5e-05	3	23	81	101	0.8333333333333334
Reg_prop	24	3300013916.a:Ga0121019_100004_167	1230	8.6e-07	1	23	229	251	0.9166666666666666
Reg_prop	24	3300013916.a:Ga0121019_100004_167	1230	2.5e-05	2	23	319	340	0.875
Reg_prop	24	3300013916.a:Ga0121019_100004_167	1230	3.2e-07	2	24	414	436	0.9166666666666666
Y_Y_Y	66	3300013916.a:Ga0121019_100004_167	1230	7.2e-23	2	65	597	660	0.9545454545454546
HisKA	64	3300013916.a:Ga0121019_100004_167	1230	3.5e-15	2	64	716	783	0.96875
HATPase_c	111	3300013916.a:Ga0121019_100004_167	1230	4.4e-20	2	108	830	939	0.954954954954955
Response_reg	112	3300013916.a:Ga0121019_100004_167	1230	1.7e-22	1	107	982	1088	0.9464285714285714
HTH_18	81	3300013916.a:Ga0121019_100004_167	1230	6.3e-20	4	80	1151	1226	0.9382716049382716
GntR	64	3300013916.a:Ga0121019_100004_168	355	2.8e-11	2	64	33	95	0.96875
Peripla_BP_3	164	3300013916.a:Ga0121019_100004_168	355	3.7e-08	72	140	268	336	0.4146341463414634
LacI	46	3300013916.a:Ga0121019_100004_192	338	1.7e-11	1	46	7	52	0.9782608695652174
Peripla_BP_3	164	3300013916.a:Ga0121019_100004_192	338	7.8e-23	1	161	174	335	0.975609756097561
HTH_18	81	3300013916.a:Ga0121019_100004_193	290	6.4e-20	1	80	208	286	0.9753086419753086
Pyr_redox_2	292	3300013916.a:Ga0121019_100004_198	379	6.1e-17	2	265	27	339	0.9006849315068494
HTH_11	55	3300013916.a:Ga0121019_100004_20	153	6.7e-06	4	44	9	48	0.7272727272727273
AsnC_trans_reg	75	3300013916.a:Ga0121019_100004_20	153	4.7e-25	10	75	78	143	0.8666666666666667
cNMP_binding	88	3300013916.a:Ga0121019_100004_206	204	1.1e-17	2	88	15	102	0.9772727272727273
Crp	32	3300013916.a:Ga0121019_100004_206	204	3.7e-06	1	29	157	185	0.875
PALP	294	3300013916.a:Ga0121019_100004_21	359	5.9e-58	5	294	27	313	0.9829931972789115
Hemerythrin	131	3300013916.a:Ga0121019_100004_214	322	2.8e-17	8	131	162	299	0.9389312977099237
HTH_18	81	3300013916.a:Ga0121019_100004_220	312	5e-19	2	77	234	308	0.9259259259259259
GAF	133	3300013916.a:Ga0121019_100004_227	1295	1.4e-05	38	110	59	135	0.5413533834586466
PAS	113	3300013916.a:Ga0121019_100004_227	1295	1.7e-09	3	113	169	272	0.9734513274336283
PAS	113	3300013916.a:Ga0121019_100004_227	1295	3.6e-09	2	102	288	386	0.8849557522123894
HisKA	64	3300013916.a:Ga0121019_100004_227	1295	1e-22	1	64	671	736	0.984375
HATPase_c	111	3300013916.a:Ga0121019_100004_227	1295	6.9e-29	2	108	784	896	0.954954954954955
Response_reg	112	3300013916.a:Ga0121019_100004_227	1295	2e-15	1	110	914	1028	0.9732142857142857
Response_reg	112	3300013916.a:Ga0121019_100004_227	1295	3e-25	1	111	1055	1168	0.9821428571428571
Response_reg	112	3300013916.a:Ga0121019_100004_228	120	1.3e-30	1	112	3	113	0.9910714285714286
HTH_18	81	3300013916.a:Ga0121019_100004_239	327	5.7e-21	1	79	248	325	0.9629629629629629
HTH_18	81	3300013916.a:Ga0121019_100004_244	337	1.3e-19	1	81	251	329	0.9876543209876543
HTH_18	81	3300013916.a:Ga0121019_100004_253	338	5.6e-20	1	76	259	333	0.9259259259259259
AraC_binding	136	3300013916.a:Ga0121019_100004_263	108	6.3e-09	12	64	43	95	0.38235294117647056
Glyoxalase	128	3300013916.a:Ga0121019_100004_269	277	5.7e-05	73	128	61	114	0.4296875
Glyoxalase	128	3300013916.a:Ga0121019_100004_271	149	5.1e-06	1	128	3	139	0.9921875
Sigma70_r2	71	3300013916.a:Ga0121019_100004_287	203	1.4e-12	1	69	35	108	0.9577464788732394
Sigma70_r4_2	54	3300013916.a:Ga0121019_100004_287	203	2.4e-19	3	54	136	187	0.9444444444444444
AAA	132	3300013916.a:Ga0121019_100004_307	341	3.7e-19	1	128	58	179	0.9621212121212122
FUR	120	3300013916.a:Ga0121019_100004_35	153	7.6e-13	2	96	24	123	0.7833333333333333
Rhodanese	107	3300013916.a:Ga0121019_100004_47	459	2.6e-08	7	71	270	322	0.5981308411214953
Rhodanese	107	3300013916.a:Ga0121019_100004_47	459	6.6e-17	2	106	363	452	0.9719626168224299
cNMP_binding	88	3300013916.a:Ga0121019_100004_48	209	3.2e-08	2	87	27	115	0.9659090909090909
Crp	32	3300013916.a:Ga0121019_100004_48	209	4.7e-08	1	29	166	194	0.875
STAS	117	3300013916.a:Ga0121019_100004_55	510	8.2e-08	7	100	408	490	0.7948717948717948
Response_reg	112	3300013916.a:Ga0121019_100004_62	213	5.3e-25	1	108	4	112	0.9553571428571429
GerE	57	3300013916.a:Ga0121019_100004_62	213	5.4e-20	3	57	147	201	0.9473684210526315
HATPase_c	111	3300013916.a:Ga0121019_100004_63	754	6e-14	6	110	662	750	0.9369369369369369
FecR	96	3300013916.a:Ga0121019_100004_71	398	2.4e-21	2	85	182	264	0.8645833333333334
Sigma70_r2	71	3300013916.a:Ga0121019_100004_72	180	6.4e-13	2	70	20	86	0.9577464788732394
Sigma70_r4_2	54	3300013916.a:Ga0121019_100004_72	180	5e-16	3	53	117	167	0.9259259259259259
LacI	46	3300013916.a:Ga0121019_100004_88	355	1.2e-18	3	46	12	55	0.9347826086956522
Peripla_BP_1	279	3300013916.a:Ga0121019_100004_88	355	7.6e-08	12	203	79	280	0.6845878136200717
HTH_3	55	3300013916.a:Ga0121019_100004_91	118	4.9e-05	2	55	61	109	0.9636363636363636
HisKA	64	3300013916.a:Ga0121019_100005_110	408	1.4e-05	7	49	195	238	0.65625
HATPase_c	111	3300013916.a:Ga0121019_100005_110	408	5.3e-20	9	108	299	397	0.8918918918918919
CbiA	128	3300013916.a:Ga0121019_100005_123	266	7.1e-27	1	127	5	228	0.984375
SIS	131	3300013916.a:Ga0121019_100005_130	273	1.9e-09	51	128	125	204	0.5877862595419847
FecR	96	3300013916.a:Ga0121019_100005_149	376	6.9e-19	2	95	159	254	0.96875
Sigma70_r2	71	3300013916.a:Ga0121019_100005_150	187	5e-12	1	67	27	90	0.9295774647887324
GerE	57	3300013916.a:Ga0121019_100005_150	187	9e-12	8	44	136	172	0.631578947368421
TetR_N	47	3300013916.a:Ga0121019_100005_154	165	1.2e-15	6	46	1	41	0.851063829787234
Response_reg	112	3300013916.a:Ga0121019_100005_157	225	5.6e-31	1	111	4	113	0.9821428571428571
Trans_reg_C	77	3300013916.a:Ga0121019_100005_157	225	8.8e-19	5	77	151	221	0.935064935064935
HisKA	64	3300013916.a:Ga0121019_100005_158	477	1.7e-12	3	57	255	314	0.84375
HATPase_c	111	3300013916.a:Ga0121019_100005_158	477	8e-24	2	108	367	475	0.954954954954955
HTH_DeoR	57	3300013916.a:Ga0121019_100005_166	248	3.4e-16	1	54	6	59	0.9298245614035088
DeoRC	160	3300013916.a:Ga0121019_100005_166	248	1.2e-38	3	159	73	229	0.975
Rhodanese	107	3300013916.a:Ga0121019_100005_175	324	6.1e-15	2	104	118	210	0.9532710280373832
FecR	96	3300013916.a:Ga0121019_100005_184	413	3.5e-21	2	95	203	297	0.96875
Sigma70_r2	71	3300013916.a:Ga0121019_100005_185	200	1e-14	1	67	28	92	0.9295774647887324
Sigma70_r4_2	54	3300013916.a:Ga0121019_100005_185	200	9.4e-17	2	50	125	173	0.8888888888888888
AAA	132	3300013916.a:Ga0121019_100005_196	693	8.9e-46	2	131	241	373	0.9772727272727273
Rrf2	83	3300013916.a:Ga0121019_100005_204	136	1.3e-19	16	83	2	69	0.8072289156626506
Sigma70_r2	71	3300013916.a:Ga0121019_100005_212	169	2.5e-15	1	69	12	78	0.9577464788732394
Sigma70_r4_2	54	3300013916.a:Ga0121019_100005_212	169	2.1e-12	3	54	108	158	0.9444444444444444
AAA	132	3300013916.a:Ga0121019_100005_213	463	3.7e-08	1	107	99	220	0.803030303030303
MarR	59	3300013916.a:Ga0121019_100005_225	157	4.1e-08	4	51	8	55	0.7966101694915254
AsnC_trans_reg	75	3300013916.a:Ga0121019_100005_225	157	6.2e-25	1	75	71	145	0.9866666666666667
Aminotran_1_2	363	3300013916.a:Ga0121019_100005_243	397	1.1e-74	2	362	43	384	0.9917355371900827
HTH_18	81	3300013916.a:Ga0121019_100005_248	314	1.8e-21	1	79	214	291	0.9629629629629629
PIG-L	131	3300013916.a:Ga0121019_100005_250	640	2.1e-18	2	130	361	536	0.9770992366412213
PadR	75	3300013916.a:Ga0121019_100005_257	104	5.6e-21	1	74	10	80	0.9733333333333334
Pribosyltran	159	3300013916.a:Ga0121019_100005_259	233	1e-09	42	124	139	230	0.5157232704402516
LacI	46	3300013916.a:Ga0121019_100005_31	345	5.4e-14	2	46	7	54	0.9565217391304348
Peripla_BP_3	164	3300013916.a:Ga0121019_100005_31	345	6.6e-17	10	164	184	331	0.9390243902439024
GAF	133	3300013916.a:Ga0121019_100005_43	161	6e-09	9	124	40	151	0.8646616541353384
Aminotran_1_2	363	3300013916.a:Ga0121019_100005_53	352	8.3e-56	29	363	39	345	0.9201101928374655
STAS	117	3300013916.a:Ga0121019_100005_55	126	1.1e-06	47	115	40	105	0.5811965811965812
Sigma70_r2	71	3300013916.a:Ga0121019_100005_86	193	6.5e-07	2	69	33	100	0.9436619718309859
PAS	113	3300013916.a:Ga0121019_100006_102	588	1.1e-10	2	54	231	283	0.46017699115044247
HisKA	64	3300013916.a:Ga0121019_100006_102	588	1e-16	1	64	357	425	0.984375
HATPase_c	111	3300013916.a:Ga0121019_100006_102	588	1.6e-19	4	109	474	578	0.9459459459459459
cNMP_binding	88	3300013916.a:Ga0121019_100006_105	192	4.9e-10	3	80	31	110	0.875
PALP	294	3300013916.a:Ga0121019_100006_108	272	7.9e-26	34	294	6	250	0.8843537414965986
Response_reg	112	3300013916.a:Ga0121019_100006_11	146	1e-27	2	112	10	122	0.9821428571428571
CbiA	128	3300013916.a:Ga0121019_100006_130	796	2.8e-06	9	87	591	759	0.609375
Arc	50	3300013916.a:Ga0121019_100006_155	63	2e-06	6	49	4	47	0.86
PALP	294	3300013916.a:Ga0121019_100006_157	326	1.1e-72	2	293	3	300	0.9897959183673469
HTH_3	55	3300013916.a:Ga0121019_100006_189	110	3e-13	1	53	8	60	0.9454545454545454
Sigma70_r2	71	3300013916.a:Ga0121019_100006_190	287	9.1e-20	3	70	56	123	0.9436619718309859
Sigma70_r3	78	3300013916.a:Ga0121019_100006_190	287	2.4e-18	3	70	135	202	0.8589743589743589
Sigma70_r4	50	3300013916.a:Ga0121019_100006_190	287	7.2e-20	2	50	222	274	0.96
HTH_3	55	3300013916.a:Ga0121019_100006_191	69	8.4e-07	7	54	13	61	0.8545454545454545
Sigma70_r2	71	3300013916.a:Ga0121019_100006_197	171	7.3e-09	2	69	14	79	0.9436619718309859
Sigma70_r4_2	54	3300013916.a:Ga0121019_100006_197	171	3.7e-19	3	54	106	157	0.9444444444444444
FecR	96	3300013916.a:Ga0121019_100006_198	317	4.3e-12	12	95	97	180	0.8645833333333334
HATPase_c	111	3300013916.a:Ga0121019_100006_20	630	1.2e-13	2	109	27	178	0.963963963963964
peroxidase	229	3300013916.a:Ga0121019_100006_207	761	2.4e-50	9	228	79	418	0.9563318777292577
peroxidase	229	3300013916.a:Ga0121019_100006_207	761	2e-41	2	228	425	732	0.9868995633187773
HTH_1	60	3300013916.a:Ga0121019_100006_220	314	4.9e-19	3	60	5	62	0.95
LysR_substrate	209	3300013916.a:Ga0121019_100006_220	314	1.1e-33	2	200	87	288	0.9473684210526315
CBS	57	3300013916.a:Ga0121019_100006_45	138	1.4e-16	1	53	7	58	0.9122807017543859
CBS	57	3300013916.a:Ga0121019_100006_45	138	1e-16	1	55	80	133	0.9473684210526315
PfkB	302	3300013916.a:Ga0121019_100006_46	272	1.6e-07	160	282	107	242	0.40397350993377484
HisKA	64	3300013916.a:Ga0121019_100006_56	454	1.3e-11	3	59	233	292	0.875
HATPase_c	111	3300013916.a:Ga0121019_100006_56	454	9.6e-18	2	109	341	447	0.963963963963964
Response_reg	112	3300013916.a:Ga0121019_100006_57	226	4.2e-29	1	112	3	113	0.9910714285714286
Trans_reg_C	77	3300013916.a:Ga0121019_100006_57	226	1.7e-27	2	77	150	223	0.974025974025974
LacI	46	3300013916.a:Ga0121019_100006_60	339	1.6e-12	1	46	4	49	0.9782608695652174
Peripla_BP_3	164	3300013916.a:Ga0121019_100006_60	339	2.6e-29	3	164	173	337	0.9817073170731707
Sigma70_r2	71	3300013916.a:Ga0121019_100006_62	184	2.1e-13	1	69	20	86	0.9577464788732394
Sigma70_r4_2	54	3300013916.a:Ga0121019_100006_62	184	1.8e-11	2	54	116	168	0.9629629629629629
HTH_18	81	3300013916.a:Ga0121019_100006_78	303	1.2e-21	1	80	219	297	0.9753086419753086
MerR	38	3300013916.a:Ga0121019_100006_8	104	5.7e-05	4	28	46	70	0.631578947368421
HTH_11	55	3300013916.a:Ga0121019_100006_86	324	3.6e-18	4	54	14	63	0.9090909090909091
HisKA	64	3300013916.a:Ga0121019_100006_93	428	3.1e-11	3	63	218	281	0.9375
HATPase_c	111	3300013916.a:Ga0121019_100006_93	428	1.6e-08	7	97	332	414	0.8108108108108109
Response_reg	112	3300013916.a:Ga0121019_100006_94	224	8.3e-27	1	112	3	113	0.9910714285714286
Trans_reg_C	77	3300013916.a:Ga0121019_100006_94	224	1.8e-16	1	77	145	222	0.987012987012987
Response_reg	112	3300013916.a:Ga0121019_100006_95	448	1.2e-24	2	108	6	113	0.9464285714285714
AAA	132	3300013916.a:Ga0121019_100006_95	448	3.1e-08	1	111	169	287	0.8333333333333334
HTH_8	42	3300013916.a:Ga0121019_100006_95	448	3.7e-15	4	42	407	445	0.9047619047619048
PAS	113	3300013916.a:Ga0121019_100007_10	396	1.6e-21	3	112	7	117	0.9646017699115044
HisKA	64	3300013916.a:Ga0121019_100007_10	396	1.3e-14	2	64	174	241	0.96875
HATPase_c	111	3300013916.a:Ga0121019_100007_10	396	1e-22	2	106	287	391	0.9369369369369369
Pribosyltran	159	3300013916.a:Ga0121019_100007_100	177	6.8e-15	24	115	44	142	0.5723270440251572
MarR	59	3300013916.a:Ga0121019_100007_109	160	3.5e-06	7	47	14	54	0.6779661016949152
AsnC_trans_reg	75	3300013916.a:Ga0121019_100007_109	160	6.2e-16	19	75	90	146	0.7466666666666667
AAA	132	3300013916.a:Ga0121019_100007_12	855	1.1e-13	2	111	228	340	0.8257575757575758
AAA	132	3300013916.a:Ga0121019_100007_12	855	6.5e-10	2	111	565	683	0.8257575757575758
LacI	46	3300013916.a:Ga0121019_100007_128	356	2.3e-21	2	46	12	56	0.9565217391304348
GyrI-like	155	3300013916.a:Ga0121019_100007_138	154	5.4e-14	4	151	2	148	0.9483870967741935
Sigma70_r2	71	3300013916.a:Ga0121019_100007_145	194	1.9e-09	4	68	26	88	0.9014084507042254
Sigma70_r4_2	54	3300013916.a:Ga0121019_100007_145	194	7.8e-17	2	54	119	171	0.9629629629629629
FecR	96	3300013916.a:Ga0121019_100007_146	372	9.9e-18	3	94	164	256	0.9479166666666666
Pyr_redox	81	3300013916.a:Ga0121019_100007_152	410	8.3e-07	2	54	8	60	0.6419753086419753
NUDIX	131	3300013916.a:Ga0121019_100007_174	134	1.2e-11	26	115	22	112	0.6793893129770993
HTH_18	81	3300013916.a:Ga0121019_100007_178	326	9.7e-20	2	80	244	321	0.9629629629629629
cNMP_binding	88	3300013916.a:Ga0121019_100007_181	229	2.2e-07	2	86	70	155	0.9545454545454546
TetR_N	47	3300013916.a:Ga0121019_100007_192	249	7.7e-09	7	44	58	95	0.7872340425531915
AraC_binding	136	3300013916.a:Ga0121019_100007_198	304	1.3e-07	17	98	35	118	0.5955882352941176
HTH_18	81	3300013916.a:Ga0121019_100007_198	304	1.7e-20	3	78	209	284	0.9259259259259259
AraC_binding	136	3300013916.a:Ga0121019_100007_210	286	9.2e-06	9	60	21	72	0.375
HTH_18	81	3300013916.a:Ga0121019_100007_210	286	1.5e-22	1	79	205	282	0.9629629629629629
Pyr_redox_2	292	3300013916.a:Ga0121019_100007_28	622	2.3e-05	2	151	38	256	0.5102739726027398
FecR	96	3300013916.a:Ga0121019_100007_42	268	1.5e-19	2	95	160	254	0.96875
Sigma70_r2	71	3300013916.a:Ga0121019_100007_43	190	1.4e-10	2	69	28	91	0.9436619718309859
Sigma70_r4_2	54	3300013916.a:Ga0121019_100007_43	190	1e-15	3	52	124	173	0.9074074074074074
Rhodanese	107	3300013916.a:Ga0121019_100007_48	234	2.2e-22	1	106	24	116	0.9813084112149533
AAA	132	3300013916.a:Ga0121019_100007_53	609	5.5e-05	2	99	398	557	0.7348484848484849
LacI	46	3300013916.a:Ga0121019_100007_54	352	1e-15	3	46	10	53	0.9347826086956522
Aminotran_1_2	363	3300013916.a:Ga0121019_100007_55	389	4e-61	2	363	33	382	0.9944903581267218
HMA	62	3300013916.a:Ga0121019_100007_6	799	1.5e-08	1	62	94	155	0.9838709677419355
HD	122	3300013916.a:Ga0121019_100007_60	520	3.7e-19	2	111	336	417	0.8934426229508197
Pyr_redox_2	292	3300013916.a:Ga0121019_100007_66	323	1.5e-50	4	292	14	303	0.9863013698630136
Pribosyltran	159	3300013916.a:Ga0121019_100007_73	216	1.1e-19	7	138	48	174	0.8238993710691824
NUDIX	131	3300013916.a:Ga0121019_100007_74	194	8.2e-17	4	122	67	180	0.9007633587786259
Sigma70_r2	71	3300013916.a:Ga0121019_100007_80	191	6.2e-09	2	69	29	96	0.9436619718309859
Sigma70_r4_2	54	3300013916.a:Ga0121019_100007_80	191	1.1e-16	3	50	129	176	0.8703703703703703
AAA	132	3300013916.a:Ga0121019_100007_88	241	1.6e-32	1	131	53	179	0.9848484848484849
Response_reg	112	3300013916.a:Ga0121019_100007_9	353	9.4e-30	1	112	6	119	0.9910714285714286
cNMP_binding	88	3300013916.a:Ga0121019_100007_9	353	2.2e-13	2	85	160	244	0.9431818181818182
Crp	32	3300013916.a:Ga0121019_100007_9	353	2.2e-08	1	31	301	331	0.9375
Sigma70_r2	71	3300013916.a:Ga0121019_100008_100	199	1.3e-11	9	69	33	91	0.8450704225352113
Sigma70_r4_2	54	3300013916.a:Ga0121019_100008_100	199	2e-15	5	53	125	173	0.8888888888888888
Aminotran_1_2	363	3300013916.a:Ga0121019_100008_103	421	7.1e-05	117	314	174	362	0.5426997245179064
HTH_11	55	3300013916.a:Ga0121019_100008_104	154	7.8e-08	5	48	14	55	0.7818181818181819
AsnC_trans_reg	75	3300013916.a:Ga0121019_100008_104	154	1.1e-18	3	71	75	141	0.9066666666666666
GAF	133	3300013916.a:Ga0121019_100008_106	733	4.6e-16	2	113	139	279	0.8345864661654135
PHY	183	3300013916.a:Ga0121019_100008_106	733	1.8e-30	12	181	325	496	0.9234972677595629
HisKA	64	3300013916.a:Ga0121019_100008_106	733	1.3e-08	8	60	520	576	0.8125
HATPase_c	111	3300013916.a:Ga0121019_100008_106	733	1.4e-21	4	108	624	730	0.9369369369369369
FeoA	74	3300013916.a:Ga0121019_100008_114	80	9e-15	2	71	6	75	0.9324324324324325
MarR	59	3300013916.a:Ga0121019_100008_115	160	7.6e-10	1	59	44	104	0.9830508474576272
NUDIX	131	3300013916.a:Ga0121019_100008_147	221	3.1e-14	5	127	6	130	0.9312977099236641
TetR_N	47	3300013916.a:Ga0121019_100008_148	199	1.9e-14	1	47	8	54	0.9787234042553191
Fer4	24	3300013916.a:Ga0121019_100008_16	431	7e-05	5	21	297	313	0.6666666666666666
GerE	57	3300013916.a:Ga0121019_100008_162	237	8e-19	2	48	175	221	0.8070175438596491
HMA	62	3300013916.a:Ga0121019_100008_164	295	7e-09	8	62	36	89	0.8709677419354839
NUDIX	131	3300013916.a:Ga0121019_100008_192	151	5e-18	6	121	21	134	0.8778625954198473
HMA	62	3300013916.a:Ga0121019_100008_195	892	2.3e-11	4	60	9	63	0.9032258064516129
CBS	57	3300013916.a:Ga0121019_100008_23	221	8.9e-08	12	54	14	55	0.7368421052631579
CBS	57	3300013916.a:Ga0121019_100008_23	221	5.7e-08	6	55	68	117	0.8596491228070176
PfkB	302	3300013916.a:Ga0121019_100008_3	307	1e-35	5	296	4	279	0.9635761589403974
EPSP_synthase	417	3300013916.a:Ga0121019_100008_33	442	2.7e-63	2	417	7	424	0.9952038369304557
NUDIX	131	3300013916.a:Ga0121019_100008_37	154	1.5e-16	3	121	5	132	0.9007633587786259
Sigma70_r2	71	3300013916.a:Ga0121019_100008_4	172	1.3e-17	2	67	10	73	0.9154929577464789
Sigma70_r4_2	54	3300013916.a:Ga0121019_100008_4	172	1.7e-12	4	54	110	159	0.9259259259259259
EPSP_synthase	417	3300013916.a:Ga0121019_100008_42	417	3.1e-85	3	417	11	407	0.9928057553956835
Pyr_redox_2	292	3300013916.a:Ga0121019_100008_55	439	4.4e-56	2	292	12	330	0.9931506849315068
Pyr_redox_2	292	3300013916.a:Ga0121019_100008_57	335	2.1e-25	2	276	5	288	0.9383561643835616
MarR	59	3300013916.a:Ga0121019_100008_58	146	2.5e-16	1	58	35	92	0.9661016949152542
Aminotran_1_2	363	3300013916.a:Ga0121019_100008_60	389	2e-13	47	242	52	227	0.5371900826446281
TetR_N	47	3300013916.a:Ga0121019_100008_7	204	1.2e-15	1	47	12	58	0.9787234042553191
Pyr_redox_2	292	3300013916.a:Ga0121019_100008_8	323	1.1e-28	1	276	5	294	0.9417808219178082
TetR_N	47	3300013916.a:Ga0121019_100008_80	212	2.1e-16	1	46	17	62	0.9574468085106383
FecR	96	3300013916.a:Ga0121019_100008_99	393	3e-18	2	96	180	274	0.9791666666666666
HMA	62	3300013916.a:Ga0121019_100009_105	74	1.6e-08	6	62	11	67	0.9032258064516129
HTH_18	81	3300013916.a:Ga0121019_100009_11	328	3.8e-16	1	80	241	319	0.9753086419753086
HMA	62	3300013916.a:Ga0121019_100009_110	74	7.7e-07	6	62	11	67	0.9032258064516129
Glyoxalase	128	3300013916.a:Ga0121019_100009_112	387	2.9e-05	2	114	28	138	0.875
Glyoxalase	128	3300013916.a:Ga0121019_100009_112	387	1.4e-17	10	127	195	339	0.9140625
FUR	120	3300013916.a:Ga0121019_100009_115	142	1.7e-09	3	97	12	109	0.7833333333333333
HTH_18	81	3300013916.a:Ga0121019_100009_120	190	1e-15	4	76	94	165	0.8888888888888888
HTH_18	81	3300013916.a:Ga0121019_100009_124	139	1.3e-08	3	79	43	118	0.9382716049382716
HMA	62	3300013916.a:Ga0121019_100009_125	82	2.1e-11	2	62	6	63	0.967741935483871
HMA	62	3300013916.a:Ga0121019_100009_131	804	5.4e-08	4	61	12	68	0.9193548387096774
HMA	62	3300013916.a:Ga0121019_100009_131	804	3.2e-11	2	62	77	137	0.967741935483871
HTH_18	81	3300013916.a:Ga0121019_100009_132	180	1e-15	1	79	89	166	0.9629629629629629
CbiA	128	3300013916.a:Ga0121019_100009_144	256	5.5e-11	1	118	10	213	0.9140625
HTH_Mga	60	3300013916.a:Ga0121019_100009_164	65	7.8e-05	18	40	2	26	0.36666666666666664
Response_reg	112	3300013916.a:Ga0121019_100009_165	128	1.9e-06	4	111	15	124	0.9553571428571429
HTH_3	55	3300013916.a:Ga0121019_100009_169	103	4.9e-14	1	55	11	65	0.9818181818181818
CbiA	128	3300013916.a:Ga0121019_100009_187	537	8.4e-06	6	68	11	319	0.484375
HxlR	91	3300013916.a:Ga0121019_100009_207	101	4.5e-07	2	86	12	98	0.9230769230769231
CbiA	128	3300013916.a:Ga0121019_100009_24	212	8.3e-14	1	89	3	150	0.6875
Peptidase_M23	96	3300013916.a:Ga0121019_100009_41	175	2.7e-26	2	96	64	156	0.9791666666666666
HTH_3	55	3300013916.a:Ga0121019_100009_6	80	6e-10	2	54	21	74	0.9454545454545454
GAF	133	3300013916.a:Ga0121019_100009_77	733	3.7e-06	11	113	146	279	0.7669172932330827
PHY	183	3300013916.a:Ga0121019_100009_77	733	1.6e-13	8	180	319	494	0.9398907103825137
HisKA	64	3300013916.a:Ga0121019_100009_77	733	5.8e-08	7	56	518	567	0.765625
HATPase_c	111	3300013916.a:Ga0121019_100009_77	733	3.6e-20	4	110	623	731	0.954954954954955
TPR_1	34	3300013916.a:Ga0121019_100009_9	454	2.8e-06	3	33	213	243	0.8823529411764706
Aminotran_1_2	363	3300013916.a:Ga0121019_100009_92	390	9.9e-08	68	188	64	178	0.3305785123966942
Pyr_redox_2	292	3300013916.a:Ga0121019_100009_96	524	5.6e-06	2	107	21	230	0.3595890410958904
HD	122	3300013916.a:Ga0121019_100010_112	425	5.7e-11	1	119	60	172	0.9672131147540983
Response_reg	112	3300013916.a:Ga0121019_100010_113	519	7.7e-24	1	111	6	115	0.9821428571428571
PglZ	176	3300013916.a:Ga0121019_100010_113	519	1.5e-28	4	175	231	423	0.9715909090909091
Sigma70_r2	71	3300013916.a:Ga0121019_100010_115	183	6.2e-14	1	69	24	90	0.9577464788732394
Sigma70_r4_2	54	3300013916.a:Ga0121019_100010_115	183	5e-15	3	54	119	170	0.9444444444444444
TPR_2	34	3300013916.a:Ga0121019_100010_122	225	4.4e-05	3	26	103	126	0.6764705882352942
Peptidase_M23	96	3300013916.a:Ga0121019_100010_136	110	1.8e-29	2	96	4	96	0.9791666666666666
CbiA	128	3300013916.a:Ga0121019_100010_156	212	4.9e-12	1	88	3	149	0.6796875
HTH_11	55	3300013916.a:Ga0121019_100010_166	199	7.2e-09	2	53	138	188	0.9272727272727272
HTH_3	55	3300013916.a:Ga0121019_100010_171	138	5.6e-05	15	53	33	71	0.6909090909090909
HTH_3	55	3300013916.a:Ga0121019_100010_172	133	2e-12	4	53	21	70	0.8909090909090909
Pkinase	264	3300013916.a:Ga0121019_100010_178	821	2.4e-22	62	258	257	436	0.7424242424242424
HD	122	3300013916.a:Ga0121019_100010_26	223	4.2e-09	4	121	34	133	0.9590163934426229
Nitroreductase	170	3300013916.a:Ga0121019_100010_32	189	5.1e-30	1	170	10	167	0.9941176470588236
Sigma70_r2	71	3300013916.a:Ga0121019_100010_34	179	4e-10	1	69	22	87	0.9577464788732394
Sigma70_r4_2	54	3300013916.a:Ga0121019_100010_34	179	1.3e-08	3	54	120	171	0.9444444444444444
MarR	59	3300013916.a:Ga0121019_100010_44	153	8.4e-12	8	59	38	88	0.864406779661017
TPR_1	34	3300013916.a:Ga0121019_100010_63	574	4.7e-05	2	26	458	482	0.7058823529411765
HTH_1	60	3300013916.a:Ga0121019_100010_67	304	8.5e-21	3	60	7	64	0.95
LysR_substrate	209	3300013916.a:Ga0121019_100010_67	304	1.3e-38	3	208	90	297	0.9808612440191388
HATPase_c	111	3300013916.a:Ga0121019_100010_7	624	4.6e-08	5	62	24	79	0.5135135135135135
HEM4	232	3300013916.a:Ga0121019_100010_77	256	3.1e-33	36	231	58	243	0.8405172413793104
Pribosyltran	159	3300013916.a:Ga0121019_100010_80	187	2.5e-22	7	158	22	163	0.949685534591195
CbiA	128	3300013916.a:Ga0121019_100010_82	354	2.3e-17	1	127	97	322	0.984375
Pyr_redox_2	292	3300013916.a:Ga0121019_100011_10	469	4e-69	1	292	3	329	0.9965753424657534
MerR	38	3300013916.a:Ga0121019_100011_115	98	7.2e-10	2	38	1	37	0.9473684210526315
Pyr_redox_2	292	3300013916.a:Ga0121019_100011_13	463	8.3e-72	1	292	3	323	0.9965753424657534
HD	122	3300013916.a:Ga0121019_100011_19	449	1.8e-08	1	50	63	133	0.4016393442622951
HEM4	232	3300013916.a:Ga0121019_100011_36	529	3.9e-26	3	220	317	509	0.9353448275862069
NTP_transf_2	95	3300013916.a:Ga0121019_100011_41	275	5.9e-07	2	45	7	50	0.45263157894736844
cNMP_binding	88	3300013916.a:Ga0121019_100011_42	156	1.3e-09	2	82	28	109	0.9090909090909091
HisKA	64	3300013916.a:Ga0121019_100011_5	1150	1.6e-19	2	64	483	550	0.96875
HATPase_c	111	3300013916.a:Ga0121019_100011_5	1150	9.7e-29	1	108	596	705	0.963963963963964
Response_reg	112	3300013916.a:Ga0121019_100011_5	1150	6.6e-19	1	110	758	866	0.9732142857142857
Response_reg	112	3300013916.a:Ga0121019_100011_5	1150	1.4e-16	1	104	881	986	0.9196428571428571
Response_reg	112	3300013916.a:Ga0121019_100011_5	1150	1.5e-28	1	110	1031	1143	0.9732142857142857
GATase_2	420	3300013916.a:Ga0121019_100011_55	1500	9.2e-176	1	420	16	438	0.9976190476190476
Pyr_redox_2	292	3300013916.a:Ga0121019_100011_56	483	4.9e-27	1	292	144	461	0.9965753424657534
CheR_N	53	3300013916.a:Ga0121019_100011_6	278	2.6e-07	2	40	14	52	0.7169811320754716
CheR	195	3300013916.a:Ga0121019_100011_6	278	4.3e-44	1	185	77	260	0.9435897435897436
TrkA_C	70	3300013916.a:Ga0121019_100011_61	160	1.6e-14	3	69	90	158	0.9428571428571428
CheB_methylest	170	3300013916.a:Ga0121019_100011_7	190	2.8e-44	1	167	9	182	0.9764705882352941
AAA	132	3300013916.a:Ga0121019_100011_74	304	5.9e-05	2	43	9	50	0.3106060606060606
HD	122	3300013916.a:Ga0121019_100011_76	471	7.7e-17	2	98	255	352	0.7868852459016393
Pyr_redox_2	292	3300013916.a:Ga0121019_100011_79	388	1.2e-06	3	109	7	161	0.363013698630137
Response_reg	112	3300013916.a:Ga0121019_100011_8	536	2.3e-19	1	110	6	118	0.9732142857142857
HisKA	64	3300013916.a:Ga0121019_100011_8	536	4.9e-20	1	64	159	224	0.984375
HATPase_c	111	3300013916.a:Ga0121019_100011_8	536	1.2e-27	2	105	272	381	0.9279279279279279
Response_reg	112	3300013916.a:Ga0121019_100011_8	536	1.5e-24	1	111	413	526	0.9821428571428571
FecR	96	3300013916.a:Ga0121019_100011_86	383	2.7e-18	2	96	177	272	0.9791666666666666
Sigma70_r2	71	3300013916.a:Ga0121019_100011_87	186	4e-06	2	64	22	82	0.8732394366197183
Sigma70_r4_2	54	3300013916.a:Ga0121019_100011_87	186	2e-13	2	54	118	170	0.9629629629629629
HTH_3	55	3300013916.a:Ga0121019_100012_103	133	1.8e-05	1	39	12	50	0.6909090909090909
HTH_3	55	3300013916.a:Ga0121019_100012_103	133	1.2e-08	1	39	75	113	0.6909090909090909
HTH_3	55	3300013916.a:Ga0121019_100012_105	50	6.1e-07	16	55	2	41	0.7090909090909091
Response_reg	112	3300013916.a:Ga0121019_100012_121	265	7.1e-15	1	111	18	124	0.9821428571428571
LytTR	98	3300013916.a:Ga0121019_100012_121	265	9.1e-22	2	97	165	263	0.9693877551020408
Aminotran_1_2	363	3300013916.a:Ga0121019_100012_125	353	6e-15	18	362	37	347	0.9476584022038568
TPR_2	34	3300013916.a:Ga0121019_100012_128	282	6.7e-05	1	31	233	263	0.8823529411764706
Penicillinase_R	115	3300013916.a:Ga0121019_100012_138	121	4.3e-28	2	114	4	115	0.9739130434782609
Rhodanese	107	3300013916.a:Ga0121019_100012_24	105	5e-14	1	106	5	95	0.9813084112149533
AAA	132	3300013916.a:Ga0121019_100012_48	476	5e-10	2	109	176	275	0.8106060606060606
GerE	57	3300013916.a:Ga0121019_100012_55	246	7.9e-16	2	54	184	236	0.9122807017543859
cNMP_binding	88	3300013916.a:Ga0121019_100012_6	202	2.9e-12	2	82	37	119	0.9090909090909091
Pyr_redox	81	3300013916.a:Ga0121019_100012_61	620	1.1e-06	1	35	6	40	0.41975308641975306
PIG-L	131	3300013916.a:Ga0121019_100012_89	812	6.6e-15	1	130	44	178	0.9847328244274809
CbiA	128	3300013916.a:Ga0121019_100012_9	321	1.1e-05	9	104	129	237	0.7421875
CBS	57	3300013916.a:Ga0121019_100013_1	581	6.4e-05	6	55	454	503	0.8596491228070176
CBS	57	3300013916.a:Ga0121019_100013_1	581	3e-05	12	53	525	566	0.7192982456140351
HTH_3	55	3300013916.a:Ga0121019_100013_18	135	1.1e-13	2	53	15	65	0.9272727272727272
ATPase_2	233	3300013916.a:Ga0121019_100013_43	457	3.6e-05	14	136	180	320	0.5236051502145923
Response_reg	112	3300013916.a:Ga0121019_100013_51	222	2.5e-11	1	108	5	126	0.9553571428571429
Response_reg	112	3300013916.a:Ga0121019_100013_59	240	2.5e-20	2	111	7	112	0.9732142857142857
LytTR	98	3300013916.a:Ga0121019_100013_59	240	1.1e-16	3	96	146	233	0.9489795918367347
CBS	57	3300013916.a:Ga0121019_100014_107	440	9.2e-07	8	55	282	329	0.8245614035087719
NIR_SIR_ferr	69	3300013916.a:Ga0121019_100014_14	702	3.7e-19	2	68	48	113	0.9565217391304348
NIR_SIR	159	3300013916.a:Ga0121019_100014_14	702	1.3e-30	2	155	123	277	0.9622641509433962
NIR_SIR_ferr	69	3300013916.a:Ga0121019_100014_14	702	1.1e-10	2	68	323	388	0.9565217391304348
NIR_SIR	159	3300013916.a:Ga0121019_100014_14	702	5.7e-11	4	125	398	521	0.7610062893081762
HTH_3	55	3300013916.a:Ga0121019_100014_2	221	7.7e-08	1	53	8	60	0.9454545454545454
Fer4	24	3300013916.a:Ga0121019_100014_20	117	1.6e-09	3	24	4	25	0.875
SIS	131	3300013916.a:Ga0121019_100014_28	322	2.6e-29	5	131	44	172	0.9618320610687023
CBS	57	3300013916.a:Ga0121019_100014_28	322	1e-05	2	55	202	255	0.9298245614035088
CBS	57	3300013916.a:Ga0121019_100014_28	322	1.2e-09	1	53	266	317	0.9122807017543859
Aminotran_1_2	363	3300013916.a:Ga0121019_100014_30	397	1.5e-50	3	360	33	384	0.9834710743801653
HTH_18	81	3300013916.a:Ga0121019_100014_41	371	5.1e-13	1	80	282	363	0.9753086419753086
LytTR	98	3300013916.a:Ga0121019_100014_58	92	3.7e-20	9	96	2	86	0.8877551020408163
Response_reg	112	3300013916.a:Ga0121019_100014_59	146	3.2e-19	1	112	4	111	0.9910714285714286
HATPase_c	111	3300013916.a:Ga0121019_100014_60	652	2e-05	9	55	546	602	0.4144144144144144
HTH_11	55	3300013916.a:Ga0121019_100014_70	365	2e-05	1	51	303	354	0.9090909090909091
HTH_3	55	3300013916.a:Ga0121019_100014_73	401	4.7e-06	3	50	30	79	0.8545454545454545
AAA	132	3300013916.a:Ga0121019_100014_8	1608	1.3e-09	1	111	1251	1372	0.8333333333333334
Glyoxalase	128	3300013916.a:Ga0121019_100014_85	313	4.1e-30	1	128	7	270	0.9921875
Y_Y_Y	66	3300013916.a:Ga0121019_100014_97	952	8.9e-16	4	65	674	733	0.9242424242424242
GerE	57	3300013916.a:Ga0121019_100014_97	952	2.9e-06	18	50	909	941	0.5614035087719298
HTH_5	47	3300013916.a:Ga0121019_100015_11	125	2.4e-17	4	47	45	89	0.9148936170212766
HMA	62	3300013916.a:Ga0121019_100015_12	198	9e-14	2	61	132	191	0.9516129032258065
FUR	120	3300013916.a:Ga0121019_100015_19	141	2e-07	6	97	16	110	0.7583333333333333
HMA	62	3300013916.a:Ga0121019_100015_28	528	4e-07	9	61	451	503	0.8387096774193549
Glycos_trans_3N	63	3300013916.a:Ga0121019_100015_30	314	3.3e-09	5	63	102	160	0.9206349206349206
HTH_5	47	3300013916.a:Ga0121019_100015_40	110	4.7e-13	1	45	25	70	0.9361702127659575
HMA	62	3300013916.a:Ga0121019_100015_46	188	1e-05	1	62	3	61	0.9838709677419355
HTH_18	81	3300013916.a:Ga0121019_100015_46	188	2.2e-16	2	79	98	174	0.9506172839506173
HMA	62	3300013916.a:Ga0121019_100015_49	804	6.6e-09	4	61	12	68	0.9193548387096774
HMA	62	3300013916.a:Ga0121019_100015_49	804	6.1e-14	2	62	77	137	0.967741935483871
HMA	62	3300013916.a:Ga0121019_100015_50	74	3.3e-08	6	62	11	67	0.9032258064516129
HMA	62	3300013916.a:Ga0121019_100015_51	294	2.4e-05	9	62	38	90	0.8548387096774194
HTH_3	55	3300013916.a:Ga0121019_100015_60	139	8.8e-14	4	54	23	72	0.9090909090909091
HTH_3	55	3300013916.a:Ga0121019_100015_61	137	1.8e-09	5	54	26	74	0.8909090909090909
HTH_18	81	3300013916.a:Ga0121019_100015_68	315	8.1e-13	1	69	242	309	0.8395061728395061
FecR	96	3300013916.a:Ga0121019_100015_78	384	4.3e-17	2	95	170	269	0.96875
CbiA	128	3300013916.a:Ga0121019_100015_8	256	1.5e-08	3	106	12	200	0.8046875
Sigma70_r2	71	3300013916.a:Ga0121019_100015_84	203	4.7e-10	2	65	30	91	0.8873239436619719
Sigma70_r4_2	54	3300013916.a:Ga0121019_100015_84	203	3.2e-11	2	54	127	179	0.9629629629629629
FecR	96	3300013916.a:Ga0121019_100016_20	386	2.9e-17	5	95	184	275	0.9375
Sigma70_r2	71	3300013916.a:Ga0121019_100016_21	181	4.9e-09	10	66	21	76	0.7887323943661971
Sigma70_r4_2	54	3300013916.a:Ga0121019_100016_21	181	1.4e-11	3	53	110	160	0.9259259259259259
FecR	96	3300013916.a:Ga0121019_100016_4	331	3e-13	9	95	122	207	0.8958333333333334
GntR	64	3300013916.a:Ga0121019_100016_44	230	1.4e-16	3	62	14	73	0.921875
Sigma70_r2	71	3300013916.a:Ga0121019_100016_5	203	2.6e-06	1	68	24	89	0.9436619718309859
Sigma70_r4_2	54	3300013916.a:Ga0121019_100016_5	203	7.1e-12	2	54	126	178	0.9629629629629629
Fer4	24	3300013916.a:Ga0121019_100016_52	176	3.4e-08	6	24	72	90	0.75
Fer4	24	3300013916.a:Ga0121019_100016_52	176	2e-10	1	24	113	136	0.9583333333333334
TPR_2	34	3300013916.a:Ga0121019_100016_61	581	3.2e-06	2	32	536	566	0.8823529411764706
TrkA_C	70	3300013916.a:Ga0121019_100016_77	229	4.7e-07	8	65	152	224	0.8142857142857143
AraC_binding	136	3300013916.a:Ga0121019_100017_15	282	4.7e-08	14	63	27	76	0.3602941176470588
HTH_18	81	3300013916.a:Ga0121019_100017_15	282	1.3e-21	2	80	200	277	0.9629629629629629
LacI	46	3300013916.a:Ga0121019_100017_20	337	6.8e-13	6	46	10	50	0.8695652173913043
Peripla_BP_1	279	3300013916.a:Ga0121019_100017_20	337	2.2e-36	2	259	62	310	0.921146953405018
FecR	96	3300013916.a:Ga0121019_100017_26	388	4.8e-20	9	96	189	275	0.90625
Sigma70_r2	71	3300013916.a:Ga0121019_100017_27	175	2.5e-10	1	68	8	74	0.9436619718309859
Sigma70_r4_2	54	3300013916.a:Ga0121019_100017_27	175	6.2e-19	3	54	106	157	0.9444444444444444
GntR	64	3300013916.a:Ga0121019_100017_34	239	4.6e-19	1	64	9	72	0.984375
HEAT_PBS	27	3300013916.a:Ga0121019_100017_42	978	1e-05	1	23	542	564	0.8148148148148148
PIG-L	131	3300013916.a:Ga0121019_100017_47	255	5.5e-24	1	130	9	129	0.9847328244274809
PfkB	302	3300013916.a:Ga0121019_100017_50	349	5.6e-36	25	297	37	327	0.9006622516556292
HD	122	3300013916.a:Ga0121019_100017_55	387	6.5e-08	4	120	32	129	0.9508196721311475
GerE	57	3300013916.a:Ga0121019_100017_60	98	1.6e-21	2	57	36	91	0.9649122807017544
Response_reg	112	3300013916.a:Ga0121019_100017_61	92	2.8e-21	1	85	4	89	0.75
HATPase_c	111	3300013916.a:Ga0121019_100017_62	134	4.5e-07	22	110	58	127	0.7927927927927928
HTH_3	55	3300013916.a:Ga0121019_100017_67	68	7.4e-10	1	51	8	58	0.9090909090909091
HisKA	64	3300013916.a:Ga0121019_100018_23	723	7.2e-13	2	62	346	410	0.9375
HATPase_c	111	3300013916.a:Ga0121019_100018_23	723	5.5e-27	1	109	458	567	0.972972972972973
Response_reg	112	3300013916.a:Ga0121019_100018_23	723	1.7e-22	2	111	593	703	0.9732142857142857
Rhodanese	107	3300013916.a:Ga0121019_100018_25	281	4.3e-11	15	107	22	128	0.8598130841121495
Rhodanese	107	3300013916.a:Ga0121019_100018_25	281	1.1e-12	3	106	158	270	0.9626168224299065
HTH_1	60	3300013916.a:Ga0121019_100018_31	303	4.9e-23	1	59	7	65	0.9666666666666667
LysR_substrate	209	3300013916.a:Ga0121019_100018_31	303	9.4e-40	7	204	96	292	0.9425837320574163
GerE	57	3300013916.a:Ga0121019_100018_63	348	5.3e-07	16	56	274	314	0.7017543859649122
PfkB	302	3300013916.a:Ga0121019_100019_14	505	1.6e-05	173	284	360	467	0.3675496688741722
AAA	132	3300013916.a:Ga0121019_100019_17	822	1.4e-23	1	127	385	522	0.9545454545454546
TPR_1	34	3300013916.a:Ga0121019_100019_18	223	6.2e-05	5	33	75	103	0.8235294117647058
HTH_18	81	3300013916.a:Ga0121019_100019_19	174	1.8e-19	1	80	88	165	0.9753086419753086
Pyr_redox_2	292	3300013916.a:Ga0121019_100019_27	399	9.4e-09	1	109	4	169	0.3698630136986301
Response_reg	112	3300013916.a:Ga0121019_100019_29	461	2.8e-30	1	110	4	111	0.9732142857142857
AAA	132	3300013916.a:Ga0121019_100019_29	461	2.9e-08	1	120	162	291	0.9015151515151515
HTH_8	42	3300013916.a:Ga0121019_100019_29	461	1.5e-07	6	42	419	455	0.8571428571428571
Aminotran_1_2	363	3300013916.a:Ga0121019_100019_32	436	7.4e-12	46	235	66	225	0.5206611570247934
Nitroreductase	170	3300013916.a:Ga0121019_100019_43	211	1.9e-21	2	170	8	184	0.9882352941176471
TetR_N	47	3300013916.a:Ga0121019_100019_44	202	4.9e-11	1	43	18	60	0.8936170212765957
CBS	57	3300013916.a:Ga0121019_100019_55	492	7.8e-14	5	52	97	144	0.8245614035087719
CBS	57	3300013916.a:Ga0121019_100019_55	492	3.6e-10	2	54	154	207	0.9122807017543859
GntR	64	3300013916.a:Ga0121019_100020_10	247	2.1e-20	5	64	8	67	0.921875
HTH_18	81	3300013916.a:Ga0121019_100020_31	318	2.6e-18	1	77	240	315	0.9382716049382716
NUDIX	131	3300013916.a:Ga0121019_100020_41	181	5.9e-16	6	118	45	155	0.8549618320610687
HATPase_c	111	3300013916.a:Ga0121019_100021_1	231	1.3e-06	10	55	118	176	0.40540540540540543
Aminotran_1_2	363	3300013916.a:Ga0121019_100021_10	424	6.2e-08	69	353	83	377	0.7823691460055097
Sigma70_r2	71	3300013916.a:Ga0121019_100021_11	197	3.3e-15	1	70	27	96	0.971830985915493
Sigma70_r4_2	54	3300013916.a:Ga0121019_100021_11	197	2.4e-10	4	43	132	171	0.7222222222222222
CbiA	128	3300013916.a:Ga0121019_100021_14	448	1.8e-05	5	89	105	254	0.65625
Penicillinase_R	115	3300013916.a:Ga0121019_100021_24	124	5.3e-32	1	114	7	119	0.9826086956521739
GntR	64	3300013916.a:Ga0121019_100021_30	120	1.4e-12	2	64	10	72	0.96875
TPR_2	34	3300013916.a:Ga0121019_100022_11	1010	5.6e-06	3	26	115	138	0.6764705882352942
TPR_2	34	3300013916.a:Ga0121019_100022_11	1010	9.8e-05	5	27	296	318	0.6470588235294118
Pribosyltran	159	3300013916.a:Ga0121019_100022_2	319	4e-16	25	128	160	255	0.6477987421383647
AraC_binding	136	3300013916.a:Ga0121019_100022_25	124	3.3e-05	18	74	44	101	0.4117647058823529
Sigma70_r2	71	3300013916.a:Ga0121019_100022_3	218	5.7e-11	9	67	58	114	0.8169014084507042
Sigma70_r4_2	54	3300013916.a:Ga0121019_100022_3	218	4.7e-17	3	54	148	199	0.9444444444444444
HTH_18	81	3300013916.a:Ga0121019_100022_33	309	5.1e-25	1	81	224	302	0.9876543209876543
Aminotran_1_2	363	3300013916.a:Ga0121019_100022_35	403	2e-56	3	363	48	388	0.9917355371900827
FecR	96	3300013916.a:Ga0121019_100022_4	339	1.9e-20	3	96	127	223	0.96875
Pribosyltran	159	3300013916.a:Ga0121019_100022_9	182	1.7e-22	2	149	3	160	0.9245283018867925
AraC_binding	136	3300013916.a:Ga0121019_100023_15	271	1.9e-09	3	80	20	96	0.5661764705882353
HTH_18	81	3300013916.a:Ga0121019_100023_15	271	1e-22	1	80	186	264	0.9753086419753086
Sigma70_r2	71	3300013916.a:Ga0121019_100023_23	172	5.9e-13	7	70	15	76	0.8873239436619719
Sigma70_r4_2	54	3300013916.a:Ga0121019_100023_23	172	2.5e-15	2	52	99	149	0.9259259259259259
PALP	294	3300013916.a:Ga0121019_100023_3	291	5.4e-65	4	294	7	278	0.9863945578231292
SKI	158	3300013916.a:Ga0121019_100023_9	176	1.7e-40	1	145	11	159	0.9113924050632911
TPR_1	34	3300013916.a:Ga0121019_100024_12	469	4.1e-08	2	34	137	169	0.9411764705882353
TPR_1	34	3300013916.a:Ga0121019_100024_12	469	4.8e-10	3	31	206	234	0.8235294117647058
TPR_1	34	3300013916.a:Ga0121019_100024_12	469	2.1e-06	2	30	239	267	0.8235294117647058
TPR_1	34	3300013916.a:Ga0121019_100024_12	469	9.5e-10	1	33	272	304	0.9411764705882353
TPR_2	34	3300013916.a:Ga0121019_100024_12	469	7.8e-05	2	34	307	339	0.9411764705882353
TPR_2	34	3300013916.a:Ga0121019_100024_12	469	9e-08	1	34	340	373	0.9705882352941176
HisKA	64	3300013916.a:Ga0121019_100024_16	342	5.5e-16	2	64	116	183	0.96875
HATPase_c	111	3300013916.a:Ga0121019_100024_16	342	2.2e-27	2	108	231	339	0.954954954954955
Response_reg	112	3300013916.a:Ga0121019_100025_20	244	1.7e-20	3	112	6	113	0.9732142857142857
LytTR	98	3300013916.a:Ga0121019_100025_20	244	1.6e-17	2	97	147	241	0.9693877551020408
Reg_prop	24	3300013916.a:Ga0121019_100025_21	881	2.5e-06	5	23	181	199	0.75
Y_Y_Y	66	3300013916.a:Ga0121019_100025_21	881	3.5e-17	8	64	716	771	0.8484848484848485
PALP	294	3300013916.a:Ga0121019_100025_5	395	6e-49	4	294	56	379	0.9863945578231292
Glycos_trans_3N	63	3300013916.a:Ga0121019_100025_7	330	3.4e-11	1	60	2	61	0.9365079365079365
Response_reg	112	3300013916.a:Ga0121019_100050_4	452	2.7e-20	1	111	6	120	0.9821428571428571
AAA	132	3300013916.a:Ga0121019_100050_4	452	2.1e-08	1	111	169	287	0.8333333333333334
HTH_8	42	3300013916.a:Ga0121019_100050_4	452	2.2e-16	2	42	409	449	0.9523809523809523
HATPase_c	111	3300013916.a:Ga0121019_100050_5	440	2.8e-21	4	106	338	438	0.918918918918919
