20	TF	0	10	CGC1	3300011692.a:Ga0120966_100043	19223	19723	3300011692.a:Ga0120966_100043_21	-	DB=DBD-Pfam|GerE;ID=3300011692.a:Ga0120966_100043_21	DB=DBD-Pfam|GerE;ID=3300011692.a:Ga0120966_100043_21
21	TC	0	0	CGC1	3300011692.a:Ga0120966_100043	20050	20742	3300011692.a:Ga0120966_100043_22	+	DB=gnl|TC-DB|Q8KA99|3.D.10.1.5;ID=3300011692.a:Ga0120966_100043_22	DB=gnl|TC-DB|Q8KA99|3.D.10.1.5;ID=3300011692.a:Ga0120966_100043_22
22	TC	0	0	CGC1	3300011692.a:Ga0120966_100043	20760	22772	3300011692.a:Ga0120966_100043_23	+	DB=gnl|TC-DB|Q8KAA0|3.D.10.1.5;ID=3300011692.a:Ga0120966_100043_23	DB=gnl|TC-DB|Q8KAA0|3.D.10.1.5;ID=3300011692.a:Ga0120966_100043_23
23	TC	0	0	CGC1	3300011692.a:Ga0120966_100043	22833	23603	3300011692.a:Ga0120966_100043_24	+	DB=gnl|TC-DB|Q8KAA1|3.D.10.1.5;ID=3300011692.a:Ga0120966_100043_24	DB=gnl|TC-DB|Q8KAA1|3.D.10.1.5;ID=3300011692.a:Ga0120966_100043_24
24	STP	2	0	CGC1	3300011692.a:Ga0120966_100043	24242	26119	3300011692.a:Ga0120966_100043_25	-	DB=STP|HATPase_c;ID=3300011692.a:Ga0120966_100043_25	DB=STP|HATPase_c;ID=3300011692.a:Ga0120966_100043_25
25	null	null	null	CGC1	3300011692.a:Ga0120966_100043	26300	27181	3300011692.a:Ga0120966_100043_26	+	;ID=3300011692.a:Ga0120966_100043_26
26	null	null	null	CGC1	3300011692.a:Ga0120966_100043	27268	28239	3300011692.a:Ga0120966_100043_27	+	;ID=3300011692.a:Ga0120966_100043_27
27	CAZyme	0	2	CGC1	3300011692.a:Ga0120966_100043	28305	30524	3300011692.a:Ga0120966_100043_28	-	DB= GH2|GH2;ID=3300011692.a:Ga0120966_100043_28	DB= GH2|GH2;ID=3300011692.a:Ga0120966_100043_28
28	TC	2	0	CGC1	3300011692.a:Ga0120966_100043	30626	31705	3300011692.a:Ga0120966_100043_29	-	DB=gnl|TC-DB|F4K2G0|3.D.1.8.1;ID=3300011692.a:Ga0120966_100043_29	DB=gnl|TC-DB|F4K2G0|3.D.1.8.1;ID=3300011692.a:Ga0120966_100043_29
29	null	null	null	CGC1	3300011692.a:Ga0120966_100043	31731	32258	3300011692.a:Ga0120966_100043_30	-	;ID=3300011692.a:Ga0120966_100043_30
30	null	null	null	CGC1	3300011692.a:Ga0120966_100043	32258	33343	3300011692.a:Ga0120966_100043_31	-	;ID=3300011692.a:Ga0120966_100043_31
31	TC	0	2	CGC1	3300011692.a:Ga0120966_100043	33382	34212	3300011692.a:Ga0120966_100043_32	-	DB=gnl|TC-DB|Q26C21|3.A.1.133.2;ID=3300011692.a:Ga0120966_100043_32	DB=gnl|TC-DB|Q26C21|3.A.1.133.2;ID=3300011692.a:Ga0120966_100043_32
32	TC	1	0	CGC1	3300011692.a:Ga0120966_100043	34214	35110	3300011692.a:Ga0120966_100043_33	-	DB=gnl|TC-DB|Q18BL2|3.A.1.124.6;ID=3300011692.a:Ga0120966_100043_33	DB=gnl|TC-DB|Q18BL2|3.A.1.124.6;ID=3300011692.a:Ga0120966_100043_33
33	null	null	null	CGC1	3300011692.a:Ga0120966_100043	35186	36070	3300011692.a:Ga0120966_100043_34	+	;ID=3300011692.a:Ga0120966_100043_34
34	CAZyme	6	1	CGC1	3300011692.a:Ga0120966_100043	36153	37523	3300011692.a:Ga0120966_100043_35	+	DB= GH109|GH109;ID=3300011692.a:Ga0120966_100043_35	DB= GH109|GH109;ID=3300011692.a:Ga0120966_100043_35
+++++
68	TC	0	3	CGC1	3300011692.a:Ga0120966_100022	74690	76624	3300011692.a:Ga0120966_100022_69	-	DB=gnl|TC-DB|Q8L158|3.A.3.6.5;ID=3300011692.a:Ga0120966_100022_69	DB=gnl|TC-DB|Q8L158|3.A.3.6.5;ID=3300011692.a:Ga0120966_100022_69
69	TF	0	0	CGC1	3300011692.a:Ga0120966_100022	76683	77099	3300011692.a:Ga0120966_100022_70	-	DB=DBD-Pfam|FUR,DBD-SUPERFAMILY|0041150;ID=3300011692.a:Ga0120966_100022_70	DB=DBD-Pfam|FUR,DBD-SUPERFAMILY|0041150;ID=3300011692.a:Ga0120966_100022_70
70	CAZyme	1	0	CGC1	3300011692.a:Ga0120966_100022	77182	79914	3300011692.a:Ga0120966_100022_71	-	DB= GH92|GH92;ID=3300011692.a:Ga0120966_100022_71	DB= GH92|GH92;ID=3300011692.a:Ga0120966_100022_71
71	null	null	null	CGC1	3300011692.a:Ga0120966_100022	80004	81005	3300011692.a:Ga0120966_100022_72	+	;ID=3300011692.a:Ga0120966_100022_72
72	TC	0	1	CGC1	3300011692.a:Ga0120966_100022	81002	81679	3300011692.a:Ga0120966_100022_73	+	DB=gnl|TC-DB|Q9NTM9|9.B.158.1.1;ID=3300011692.a:Ga0120966_100022_73	DB=gnl|TC-DB|Q9NTM9|9.B.158.1.1;ID=3300011692.a:Ga0120966_100022_73
73	STP	9	0	CGC1	3300011692.a:Ga0120966_100022	81698	82822	3300011692.a:Ga0120966_100022_74	+	DB=STP|AAA;ID=3300011692.a:Ga0120966_100022_74	DB=STP|AAA;ID=3300011692.a:Ga0120966_100022_74
+++++
