TOBE	64	3300012538.a:Ga0118482_10001_100	367	7.7e-07	11	64	296	356	0.828125
MarR	59	3300012538.a:Ga0118482_10001_102	770	1.4e-07	8	49	17	58	0.6949152542372882
SBP_bac_1	315	3300012538.a:Ga0118482_10001_103	431	1.7e-40	6	315	51	341	0.9809523809523809
Aminotran_1_2	363	3300012538.a:Ga0118482_10001_107	399	2e-69	2	362	43	389	0.9917355371900827
HATPase_c	111	3300012538.a:Ga0118482_10001_118	379	7.8e-05	9	105	303	376	0.8648648648648649
Response_reg	112	3300012538.a:Ga0118482_10001_119	207	1.3e-24	2	111	10	120	0.9732142857142857
GerE	57	3300012538.a:Ga0118482_10001_119	207	6e-14	2	57	145	200	0.9649122807017544
CbiA	128	3300012538.a:Ga0118482_10001_122	485	1.9e-22	1	118	4	229	0.9140625
Peripla_BP_2	238	3300012538.a:Ga0118482_10001_131	357	2e-25	50	234	109	308	0.773109243697479
HTH_11	55	3300012538.a:Ga0118482_10001_132	409	6e-06	4	43	213	253	0.7090909090909091
CbiA	128	3300012538.a:Ga0118482_10001_141	809	3.5e-18	1	126	7	194	0.9765625
Aminotran_1_2	363	3300012538.a:Ga0118482_10001_141	809	2.3e-32	23	354	499	791	0.9118457300275482
GntR	64	3300012538.a:Ga0118482_10001_159	248	5e-16	3	64	22	83	0.953125
PfkB	302	3300012538.a:Ga0118482_10001_160	330	1.3e-55	4	301	11	307	0.9834437086092715
LacI	46	3300012538.a:Ga0118482_10001_166	327	1.7e-11	3	45	7	49	0.9130434782608695
Peripla_BP_3	164	3300012538.a:Ga0118482_10001_166	327	1.3e-15	1	163	170	323	0.9878048780487805
AAA	132	3300012538.a:Ga0118482_10001_17	466	4.9e-07	1	116	90	221	0.8712121212121212
HEM4	232	3300012538.a:Ga0118482_10001_27	572	2.5e-58	5	230	308	534	0.9698275862068966
Sigma70_r4	50	3300012538.a:Ga0118482_10001_33	483	2.7e-06	1	45	97	142	0.88
Pyr_redox_2	292	3300012538.a:Ga0118482_10001_37	467	2.3e-50	1	291	4	323	0.9931506849315068
Peripla_BP_2	238	3300012538.a:Ga0118482_10001_38	339	8.9e-25	2	235	65	312	0.9789915966386554
NUDIX	131	3300012538.a:Ga0118482_10001_46	314	8.7e-20	7	128	12	141	0.9236641221374046
Trans_reg_C	77	3300012538.a:Ga0118482_10001_48	215	2.6e-28	2	77	137	210	0.974025974025974
HTH_DeoR	57	3300012538.a:Ga0118482_10001_5	310	1.1e-10	1	54	51	105	0.9298245614035088
DeoRC	160	3300012538.a:Ga0118482_10001_5	310	1e-29	4	139	121	256	0.84375
PTS-HPr	82	3300012538.a:Ga0118482_10001_56	89	8.8e-30	2	80	3	82	0.9512195121951219
HhH-GPD	108	3300012538.a:Ga0118482_10001_6	292	1.7e-14	1	100	39	166	0.9166666666666666
Response_reg	112	3300012538.a:Ga0118482_10001_63	227	2.2e-30	1	112	4	113	0.9910714285714286
Trans_reg_C	77	3300012538.a:Ga0118482_10001_63	227	5.6e-30	2	77	149	224	0.974025974025974
HisKA	64	3300012538.a:Ga0118482_10001_64	394	3.8e-15	2	63	155	219	0.953125
HATPase_c	111	3300012538.a:Ga0118482_10001_64	394	1e-25	1	109	265	379	0.972972972972973
Aminotran_1_2	363	3300012538.a:Ga0118482_10001_7	437	1.6e-08	22	336	70	400	0.8650137741046832
Aminotran_1_2	363	3300012538.a:Ga0118482_10001_72	492	4.2e-09	171	352	237	423	0.4986225895316804
PfkB	302	3300012538.a:Ga0118482_10001_73	367	1.2e-24	3	297	14	346	0.9735099337748344
HEM4	232	3300012538.a:Ga0118482_10001_9	242	1.7e-37	2	231	23	233	0.9870689655172413
Sigma70_r2	71	3300012538.a:Ga0118482_10001_97	192	3.9e-17	2	70	33	99	0.9577464788732394
Sigma70_r4_2	54	3300012538.a:Ga0118482_10001_97	192	1.7e-13	2	53	131	182	0.9444444444444444
Fer4	24	3300012538.a:Ga0118482_10002_1	417	2.6e-05	5	22	63	80	0.7083333333333334
HATPase_c	111	3300012538.a:Ga0118482_10002_107	691	6e-21	3	109	70	213	0.954954954954955
TetR_N	47	3300012538.a:Ga0118482_10002_11	187	4.3e-09	12	47	5	40	0.7446808510638298
LacI	46	3300012538.a:Ga0118482_10002_112	336	6.5e-18	1	46	6	51	0.9782608695652174
Peripla_BP_3	164	3300012538.a:Ga0118482_10002_112	336	5.1e-37	1	164	171	328	0.9939024390243902
Peripla_BP_1	279	3300012538.a:Ga0118482_10002_115	314	1.2e-18	3	253	38	295	0.8960573476702509
PfkB	302	3300012538.a:Ga0118482_10002_116	310	2.1e-53	2	301	6	296	0.9900662251655629
HTH_11	55	3300012538.a:Ga0118482_10002_123	337	2.3e-10	1	54	7	61	0.9636363636363636
Mga	87	3300012538.a:Ga0118482_10002_123	337	1.2e-06	20	83	87	152	0.7241379310344828
HTH_DeoR	57	3300012538.a:Ga0118482_10002_128	245	3.8e-13	16	54	12	50	0.6666666666666666
DeoRC	160	3300012538.a:Ga0118482_10002_128	245	1.7e-33	2	158	66	221	0.975
Aminotran_1_2	363	3300012538.a:Ga0118482_10002_131	353	6.9e-62	2	363	24	346	0.9944903581267218
T2SSE	273	3300012538.a:Ga0118482_10002_137	493	3.3e-34	5	260	142	414	0.9340659340659341
AsnC_trans_reg	75	3300012538.a:Ga0118482_10002_21	336	2.7e-12	1	74	64	134	0.9733333333333334
PALP	294	3300012538.a:Ga0118482_10002_24	474	1.9e-44	4	290	58	364	0.9727891156462585
B12-binding	121	3300012538.a:Ga0118482_10002_26	773	5.9e-15	2	118	637	757	0.9586776859504132
SBP_bac_1	315	3300012538.a:Ga0118482_10002_40	445	4.7e-25	14	309	69	344	0.9365079365079365
LacI	46	3300012538.a:Ga0118482_10002_41	336	3.3e-17	1	46	9	54	0.9782608695652174
Peripla_BP_3	164	3300012538.a:Ga0118482_10002_41	336	1.9e-31	2	163	179	334	0.9817073170731707
HD	122	3300012538.a:Ga0118482_10002_46	508	2.9e-17	1	119	293	418	0.9672131147540983
Sigma70_r4	50	3300012538.a:Ga0118482_10002_51	316	8.7e-07	14	45	13	44	0.62
Pyr_redox_2	292	3300012538.a:Ga0118482_10002_54	351	9.2e-49	2	292	45	334	0.9931506849315068
Sigma70_r4	50	3300012538.a:Ga0118482_10002_62	197	4.1e-07	14	46	18	50	0.64
MarR	59	3300012538.a:Ga0118482_10002_7	164	4.7e-11	1	57	41	99	0.9491525423728814
HTH_DeoR	57	3300012538.a:Ga0118482_10002_71	269	1.3e-14	1	53	15	67	0.9122807017543859
DeoRC	160	3300012538.a:Ga0118482_10002_71	269	5.2e-48	3	159	85	240	0.975
LacI	46	3300012538.a:Ga0118482_10002_75	336	6e-17	1	44	12	55	0.9347826086956522
Peripla_BP_3	164	3300012538.a:Ga0118482_10002_75	336	1.2e-30	2	163	174	334	0.9817073170731707
Aminotran_1_2	363	3300012538.a:Ga0118482_10002_82	449	2e-33	19	363	70	415	0.9476584022038568
CbiA	128	3300012538.a:Ga0118482_10002_87	329	2.6e-27	1	126	54	279	0.9765625
AAA	132	3300012538.a:Ga0118482_10002_99	501	1.6e-08	1	129	199	318	0.9696969696969697
PfkB	302	3300012538.a:Ga0118482_10003_114	317	1.1e-24	4	296	5	298	0.9668874172185431
Sigma70_r4	50	3300012538.a:Ga0118482_10003_119	315	4.1e-07	15	47	15	48	0.64
Nitro_FeMo-Co	95	3300012538.a:Ga0118482_10003_12	122	2.2e-09	2	82	10	96	0.8421052631578947
MarR	59	3300012538.a:Ga0118482_10003_120	143	3.9e-09	1	58	26	83	0.9661016949152542
Aminotran_1_2	363	3300012538.a:Ga0118482_10003_123	337	8.3e-24	44	361	21	327	0.8732782369146006
AAA	132	3300012538.a:Ga0118482_10003_23	373	5.2e-05	1	131	61	195	0.9848484848484849
CbiA	128	3300012538.a:Ga0118482_10003_28	235	7.4e-08	1	55	10	152	0.421875
Pribosyltran	159	3300012538.a:Ga0118482_10003_3	192	1.6e-24	5	138	12	158	0.8364779874213837
GntR	64	3300012538.a:Ga0118482_10003_32	471	3.8e-15	4	64	23	83	0.9375
Aminotran_1_2	363	3300012538.a:Ga0118482_10003_32	471	1.6e-15	32	336	132	426	0.837465564738292
PALP	294	3300012538.a:Ga0118482_10003_33	312	3.4e-68	2	293	9	294	0.9897959183673469
Sigma70_r2	71	3300012538.a:Ga0118482_10003_38	271	3.8e-11	9	62	72	126	0.7464788732394366
Sigma70_r4	50	3300012538.a:Ga0118482_10003_38	271	6.3e-14	3	50	212	262	0.94
HD	122	3300012538.a:Ga0118482_10003_41	370	1.3e-13	1	120	110	214	0.9754098360655737
Nitroreductase	170	3300012538.a:Ga0118482_10003_43	589	1.5e-33	1	170	51	217	0.9941176470588236
Fer4	24	3300012538.a:Ga0118482_10003_44	253	7.2e-09	4	22	155	173	0.75
FUR	120	3300012538.a:Ga0118482_10003_49	139	2.7e-32	3	119	5	122	0.9666666666666667
Response_reg	112	3300012538.a:Ga0118482_10003_50	224	1e-28	2	109	6	114	0.9553571428571429
GerE	57	3300012538.a:Ga0118482_10003_50	224	5e-14	3	55	157	209	0.9122807017543859
CBS	57	3300012538.a:Ga0118482_10003_59	433	1.8e-08	4	54	208	259	0.8771929824561403
CBS	57	3300012538.a:Ga0118482_10003_59	433	9.6e-09	1	56	272	326	0.9649122807017544
Response_reg	112	3300012538.a:Ga0118482_10003_71	219	2.2e-28	1	109	3	111	0.9642857142857143
GerE	57	3300012538.a:Ga0118482_10003_71	219	3.5e-19	2	57	149	204	0.9649122807017544
HATPase_c	111	3300012538.a:Ga0118482_10003_72	450	0.0001	7	107	350	431	0.9009009009009009
PTS_EIIC	324	3300012538.a:Ga0118482_10003_78	636	1e-14	3	324	31	288	0.9907407407407407
HTH_DeoR	57	3300012538.a:Ga0118482_10003_82	340	1.7e-06	7	51	16	62	0.7719298245614035
CBS	57	3300012538.a:Ga0118482_10004_100	405	5.3e-05	2	53	262	323	0.8947368421052632
CBS	57	3300012538.a:Ga0118482_10004_100	405	5.5e-05	2	56	331	385	0.9473684210526315
Peripla_BP_2	238	3300012538.a:Ga0118482_10004_107	338	3.9e-33	2	236	67	311	0.9831932773109243
Peripla_BP_3	164	3300012538.a:Ga0118482_10004_120	350	2.8e-05	12	98	200	299	0.524390243902439
PTS_EIIC	324	3300012538.a:Ga0118482_10004_126	399	1.2e-66	45	324	3	289	0.8611111111111112
MarR	59	3300012538.a:Ga0118482_10004_29	144	1.1e-14	1	57	36	93	0.9491525423728814
Arg_repressor	70	3300012538.a:Ga0118482_10004_36	135	3.7e-06	37	66	2	31	0.4142857142857143
ACT	67	3300012538.a:Ga0118482_10004_38	173	4.7e-07	7	61	95	154	0.8059701492537313
B12-binding	121	3300012538.a:Ga0118482_10004_48	730	1.5e-15	2	110	599	705	0.8925619834710744
LacI	46	3300012538.a:Ga0118482_10004_55	333	1.3e-18	1	46	6	51	0.9782608695652174
Peripla_BP_3	164	3300012538.a:Ga0118482_10004_55	333	3.9e-32	2	164	174	329	0.9878048780487805
SBP_bac_1	315	3300012538.a:Ga0118482_10004_56	403	1e-26	3	208	64	260	0.6507936507936508
Pribosyltran	159	3300012538.a:Ga0118482_10004_77	168	2.9e-30	2	153	13	159	0.949685534591195
Fer4	24	3300012538.a:Ga0118482_10004_81	107	1.3e-10	2	24	34	56	0.9166666666666666
Aminotran_1_2	363	3300012538.a:Ga0118482_10004_82	368	7.7e-39	26	363	50	365	0.928374655647383
CbiA	128	3300012538.a:Ga0118482_10004_98	387	4.2e-12	1	55	118	273	0.421875
PALP	294	3300012538.a:Ga0118482_10005_108	334	3.8e-51	7	293	12	291	0.9727891156462585
ATPase_2	233	3300012538.a:Ga0118482_10005_22	303	7.4e-06	18	154	46	203	0.5836909871244635
TetR_N	47	3300012538.a:Ga0118482_10005_23	207	6.4e-13	1	46	17	62	0.9574468085106383
ACT	67	3300012538.a:Ga0118482_10005_26	366	8.5e-07	2	35	298	331	0.4925373134328358
PfkB	302	3300012538.a:Ga0118482_10005_29	305	1.2e-63	3	298	2	290	0.9768211920529801
HTH_11	55	3300012538.a:Ga0118482_10005_38	164	2.7e-07	3	44	21	61	0.7454545454545455
AsnC_trans_reg	75	3300012538.a:Ga0118482_10005_38	164	4e-12	14	74	93	151	0.8
PfkB	302	3300012538.a:Ga0118482_10005_43	293	6.8e-11	169	285	127	247	0.3841059602649007
HTH_3	55	3300012538.a:Ga0118482_10005_44	509	2.6e-14	1	50	13	62	0.8909090909090909
EPSP_synthase	417	3300012538.a:Ga0118482_10005_44	509	3.3e-47	2	415	78	494	0.9904076738609112
Pyr_redox_2	292	3300012538.a:Ga0118482_10005_45	468	6e-70	1	292	5	328	0.9965753424657534
HTH_5	47	3300012538.a:Ga0118482_10005_47	140	1.2e-14	1	45	28	72	0.9361702127659575
PALP	294	3300012538.a:Ga0118482_10005_73	357	5.4e-72	1	294	27	321	0.9965986394557823
ACT	67	3300012538.a:Ga0118482_10005_74	442	3e-09	3	39	358	394	0.5373134328358209
HATPase_c	111	3300012538.a:Ga0118482_10005_81	492	4.4e-06	10	110	399	489	0.9009009009009009
Sigma70_r2	71	3300012538.a:Ga0118482_10005_83	226	1.7e-20	4	71	31	96	0.9436619718309859
Sigma70_r4_2	54	3300012538.a:Ga0118482_10005_83	226	5.3e-18	2	54	135	187	0.9629629629629629
EPSP_synthase	417	3300012538.a:Ga0118482_10005_85	430	3.3e-99	6	415	16	420	0.9808153477218226
SBP_bac_5	377	3300012538.a:Ga0118482_10005_94	496	5.8e-66	1	352	73	400	0.9310344827586207
CbiA	128	3300012538.a:Ga0118482_10005_99	222	1.6e-15	4	121	35	198	0.9140625
NUDIX	131	3300012538.a:Ga0118482_10006_2	134	1.1e-16	17	126	1	106	0.8320610687022901
CBS	57	3300012538.a:Ga0118482_10006_20	469	2.6e-06	5	53	220	269	0.8421052631578947
CBS	57	3300012538.a:Ga0118482_10006_20	469	1.3e-07	7	56	284	333	0.8596491228070176
ACT	67	3300012538.a:Ga0118482_10006_23	284	2e-07	8	53	14	58	0.6716417910447762
Pyr_redox_2	292	3300012538.a:Ga0118482_10006_5	460	3.6e-60	2	292	3	322	0.9931506849315068
CBS	57	3300012538.a:Ga0118482_10006_54	505	2e-11	5	52	102	149	0.8245614035087719
CBS	57	3300012538.a:Ga0118482_10006_54	505	2.9e-08	3	53	160	211	0.8771929824561403
Peripla_BP_2	238	3300012538.a:Ga0118482_10006_66	390	1e-20	46	235	115	333	0.7941176470588235
NUDIX	131	3300012538.a:Ga0118482_10006_67	164	5.4e-15	9	130	11	136	0.9236641221374046
SIS	131	3300012538.a:Ga0118482_10006_80	616	8.4e-35	2	128	292	417	0.9618320610687023
SIS	131	3300012538.a:Ga0118482_10006_80	616	8e-21	5	129	468	596	0.9465648854961832
AAA	132	3300012538.a:Ga0118482_10007_104	348	1.8e-06	6	129	70	197	0.9318181818181818
GntR	64	3300012538.a:Ga0118482_10007_111	275	3.5e-11	2	64	39	100	0.96875
TetR_N	47	3300012538.a:Ga0118482_10007_20	203	7.9e-16	1	43	13	55	0.8936170212765957
B12-binding	121	3300012538.a:Ga0118482_10007_26	651	2e-05	51	120	106	178	0.5702479338842975
Peripla_BP_2	238	3300012538.a:Ga0118482_10007_55	190	1.2e-18	95	238	10	158	0.6008403361344538
AAA	132	3300012538.a:Ga0118482_10007_57	266	2.7e-05	3	56	36	91	0.4015151515151515
Peripla_BP_2	238	3300012538.a:Ga0118482_10007_71	371	8.8e-37	9	235	119	344	0.9495798319327731
Fer4	24	3300012538.a:Ga0118482_10007_76	810	1.1e-05	5	20	404	419	0.625
Response_reg	112	3300012538.a:Ga0118482_10007_80	211	6.7e-30	1	111	23	132	0.9821428571428571
ANTAR	54	3300012538.a:Ga0118482_10007_80	211	1.9e-22	2	54	151	203	0.9629629629629629
Pyr_redox_2	292	3300012538.a:Ga0118482_10008_1	445	2.6e-45	7	281	144	414	0.9383561643835616
HTH_1	60	3300012538.a:Ga0118482_10008_2	315	2.8e-21	1	60	3	62	0.9833333333333333
LysR_substrate	209	3300012538.a:Ga0118482_10008_2	315	4.5e-43	7	206	92	293	0.9521531100478469
AAA	132	3300012538.a:Ga0118482_10008_31	858	6.2e-16	2	128	203	338	0.9545454545454546
AAA	132	3300012538.a:Ga0118482_10008_31	858	1.6e-10	2	111	603	721	0.8257575757575758
HATPase_c	111	3300012538.a:Ga0118482_10008_38	445	7.6e-10	3	108	350	442	0.9459459459459459
Response_reg	112	3300012538.a:Ga0118482_10008_39	225	1.8e-28	2	112	8	119	0.9821428571428571
GerE	57	3300012538.a:Ga0118482_10008_39	225	7e-20	2	56	159	213	0.9473684210526315
NUDIX	131	3300012538.a:Ga0118482_10008_42	158	4.9e-17	7	115	28	133	0.8244274809160306
TrkA_C	70	3300012538.a:Ga0118482_10008_44	526	5.1e-08	27	68	212	253	0.5857142857142857
TrkA_C	70	3300012538.a:Ga0118482_10008_44	526	7.4e-12	3	70	273	340	0.9571428571428572
MerR	38	3300012538.a:Ga0118482_10008_48	154	9.5e-12	2	38	26	61	0.9473684210526315
Response_reg	112	3300012538.a:Ga0118482_10008_54	244	2e-26	1	111	20	129	0.9821428571428571
Trans_reg_C	77	3300012538.a:Ga0118482_10008_54	244	2.8e-28	1	77	165	239	0.987012987012987
FHA	69	3300012538.a:Ga0118482_10008_57	392	3.4e-09	2	69	302	379	0.9710144927536232
LacI	46	3300012538.a:Ga0118482_10008_66	366	7.1e-09	2	43	43	87	0.8913043478260869
Peripla_BP_3	164	3300012538.a:Ga0118482_10008_66	366	4.1e-34	1	163	204	354	0.9878048780487805
SBP_bac_1	315	3300012538.a:Ga0118482_10008_69	437	2.1e-24	9	314	59	350	0.9682539682539683
GntR	64	3300012538.a:Ga0118482_10008_7	245	3e-16	6	63	22	79	0.890625
HTH_IclR	52	3300012538.a:Ga0118482_10008_73	398	6.8e-07	8	49	30	70	0.7884615384615384
SBP_bac_5	377	3300012538.a:Ga0118482_10008_74	599	4.5e-54	6	364	98	509	0.9496021220159151
TetR_N	47	3300012538.a:Ga0118482_10008_86	212	1.7e-09	12	46	23	57	0.723404255319149
AAA	132	3300012538.a:Ga0118482_10008_87	309	8.7e-05	3	53	91	143	0.3787878787878788
GyrI-like	155	3300012538.a:Ga0118482_10009_103	161	1.7e-08	3	154	5	159	0.9741935483870968
HMA	62	3300012538.a:Ga0118482_10009_105	753	4.9e-10	3	61	25	81	0.9354838709677419
HMA	62	3300012538.a:Ga0118482_10009_106	131	2.3e-16	1	60	4	62	0.9516129032258065
SBP_bac_5	377	3300012538.a:Ga0118482_10009_12	556	3.3e-49	2	375	95	476	0.9893899204244032
TrkA_C	70	3300012538.a:Ga0118482_10009_39	502	2.2e-14	4	67	416	478	0.9
Pribosyltran	159	3300012538.a:Ga0118482_10009_44	209	3e-10	30	140	65	171	0.6918238993710691
LacI	46	3300012538.a:Ga0118482_10009_53	324	7.8e-19	2	46	1	45	0.9565217391304348
Peripla_BP_3	164	3300012538.a:Ga0118482_10009_53	324	9.5e-33	1	164	164	318	0.9939024390243902
Sigma70_r4	50	3300012538.a:Ga0118482_10009_64	189	1.2e-07	10	46	113	150	0.72
HTH_3	55	3300012538.a:Ga0118482_10009_70	258	1.5e-10	1	52	79	130	0.9272727272727272
AraC_binding	136	3300012538.a:Ga0118482_10009_70	258	1.4e-07	13	76	186	249	0.4632352941176471
ACT	67	3300012538.a:Ga0118482_10009_8	425	5e-08	5	53	273	323	0.7164179104477612
ACT	67	3300012538.a:Ga0118482_10009_8	425	4.1e-08	2	49	352	394	0.7014925373134329
HTH_IclR	52	3300012538.a:Ga0118482_10009_80	253	8.7e-13	5	51	10	56	0.8846153846153846
IclR	129	3300012538.a:Ga0118482_10009_80	253	1.4e-15	6	127	125	246	0.937984496124031
Rhodanese	107	3300012538.a:Ga0118482_10009_96	128	3.6e-12	5	105	22	113	0.9345794392523364
PTS_EIIC	324	3300012538.a:Ga0118482_10009_98	496	5e-21	2	323	142	426	0.9907407407407407
NUDIX	131	3300012538.a:Ga0118482_10010_20	207	1.1e-14	5	122	61	168	0.8931297709923665
Pribosyltran	159	3300012538.a:Ga0118482_10010_38	183	1.8e-09	77	128	119	177	0.32075471698113206
HisKA	64	3300012538.a:Ga0118482_10010_40	493	1.4e-16	2	64	247	311	0.96875
HATPase_c	111	3300012538.a:Ga0118482_10010_40	493	1.6e-19	2	109	357	465	0.963963963963964
Response_reg	112	3300012538.a:Ga0118482_10010_41	237	4.8e-30	1	112	10	119	0.9910714285714286
Trans_reg_C	77	3300012538.a:Ga0118482_10010_41	237	9.8e-28	1	77	153	229	0.987012987012987
HTH_IclR	52	3300012538.a:Ga0118482_10010_69	240	1.5e-11	2	51	10	57	0.9423076923076923
IclR	129	3300012538.a:Ga0118482_10010_69	240	4.3e-18	7	127	125	231	0.9302325581395349
Glycos_trans_3N	63	3300012538.a:Ga0118482_10010_73	430	2.7e-19	1	63	8	70	0.9841269841269841
CbiA	128	3300012538.a:Ga0118482_10010_93	306	8.4e-25	1	128	53	278	0.9921875
NUDIX	131	3300012538.a:Ga0118482_10010_95	220	1.9e-15	3	119	49	167	0.8854961832061069
HTH_11	55	3300012538.a:Ga0118482_10011_10	234	7.2e-05	22	43	201	222	0.38181818181818183
Aminotran_1_2	363	3300012538.a:Ga0118482_10011_100	389	4.9e-56	4	356	47	365	0.9696969696969697
HATPase_c	111	3300012538.a:Ga0118482_10011_19	423	8e-09	4	108	316	405	0.9369369369369369
Response_reg	112	3300012538.a:Ga0118482_10011_20	157	9.6e-24	1	111	5	120	0.9821428571428571
GerE	57	3300012538.a:Ga0118482_10011_21	38	2.1e-10	29	57	2	30	0.49122807017543857
FHA	69	3300012538.a:Ga0118482_10011_30	193	4.9e-18	2	69	108	171	0.9710144927536232
MerR	38	3300012538.a:Ga0118482_10011_31	238	5.8e-13	1	38	7	48	0.9736842105263158
Glyoxalase	128	3300012538.a:Ga0118482_10011_50	153	1.6e-11	2	127	12	139	0.9765625
PTS_EIIC	324	3300012538.a:Ga0118482_10011_55	682	3.6e-26	1	316	120	414	0.9722222222222222
NUDIX	131	3300012538.a:Ga0118482_10011_56	265	3.6e-16	4	115	124	234	0.8473282442748091
ACT	67	3300012538.a:Ga0118482_10011_67	204	1.1e-06	2	44	1	40	0.6268656716417911
PALP	294	3300012538.a:Ga0118482_10011_77	419	1.1e-50	3	293	56	388	0.9863945578231292
GATase_2	420	3300012538.a:Ga0118482_10011_80	1506	1.3e-178	1	420	21	430	0.9976190476190476
Pyr_redox_2	292	3300012538.a:Ga0118482_10011_81	491	2.1e-29	3	292	150	459	0.9897260273972602
HTH_6	77	3300012538.a:Ga0118482_10011_86	291	1.3e-22	3	76	5	78	0.948051948051948
SIS	131	3300012538.a:Ga0118482_10011_86	291	2.8e-21	5	130	136	261	0.9541984732824428
SIS	131	3300012538.a:Ga0118482_10011_87	305	8.7e-06	53	127	133	209	0.5648854961832062
PTS_EIIC	324	3300012538.a:Ga0118482_10011_88	506	1.2e-24	1	324	150	434	0.9969135802469136
PTS_EIIC	324	3300012538.a:Ga0118482_10011_94	423	3.9e-54	1	324	29	342	0.9969135802469136
Fe_dep_repress	60	3300012538.a:Ga0118482_10012_13	233	5.7e-18	1	58	4	61	0.95
Fe_dep_repr_C	70	3300012538.a:Ga0118482_10012_13	233	1.8e-25	1	69	66	134	0.9714285714285714
MerR	38	3300012538.a:Ga0118482_10012_32	137	1e-05	2	34	13	45	0.8421052631578947
TOBE	64	3300012538.a:Ga0118482_10012_32	137	8.2e-10	2	63	75	135	0.953125
SBP_bac_1	315	3300012538.a:Ga0118482_10012_33	257	3.2e-07	215	315	166	246	0.31746031746031744
HTH_IclR	52	3300012538.a:Ga0118482_10012_35	240	9.7e-07	12	51	27	66	0.75
Fer4	24	3300012538.a:Ga0118482_10012_45	214	3.1e-05	3	18	17	32	0.625
Fer4	24	3300012538.a:Ga0118482_10012_45	214	7.6e-10	1	23	100	122	0.9166666666666666
MarR	59	3300012538.a:Ga0118482_10012_59	180	2.1e-11	5	59	69	126	0.9152542372881356
TetR_N	47	3300012538.a:Ga0118482_10012_60	211	2.5e-19	1	45	10	54	0.9361702127659575
Pribosyltran	159	3300012538.a:Ga0118482_10012_62	323	9.6e-20	24	125	164	264	0.6352201257861635
NUDIX	131	3300012538.a:Ga0118482_10012_81	232	9.5e-14	3	112	89	205	0.8320610687022901
Pkinase	264	3300012538.a:Ga0118482_10012_86	478	1.7e-45	2	261	20	268	0.9810606060606061
Fer4	24	3300012538.a:Ga0118482_10013_21	199	6.1e-09	6	24	50	68	0.75
Fer4	24	3300012538.a:Ga0118482_10013_21	199	2.3e-10	1	24	90	113	0.9583333333333334
HTH_IclR	52	3300012538.a:Ga0118482_10013_48	384	1.4e-08	6	46	32	72	0.7692307692307693
SBP_bac_1	315	3300012538.a:Ga0118482_10013_52	441	6.2e-36	6	313	57	340	0.9746031746031746
SBP_bac_1	315	3300012538.a:Ga0118482_10013_56	436	6.5e-27	8	314	65	351	0.9714285714285714
Pribosyltran	159	3300012538.a:Ga0118482_10013_60	496	1.9e-09	11	120	287	400	0.6855345911949685
Pyr_redox_2	292	3300012538.a:Ga0118482_10013_71	454	3.4e-62	2	284	9	306	0.9657534246575342
AAA	132	3300012538.a:Ga0118482_10014_14	430	1.5e-17	1	110	121	248	0.8257575757575758
LacI	46	3300012538.a:Ga0118482_10014_30	362	8.5e-16	1	44	5	48	0.9347826086956522
Peripla_BP_3	164	3300012538.a:Ga0118482_10014_30	362	2.4e-33	1	164	172	331	0.9939024390243902
SBP_bac_1	315	3300012538.a:Ga0118482_10014_33	422	8.4e-23	10	309	64	331	0.9492063492063492
HTH_5	47	3300012538.a:Ga0118482_10014_34	255	1.1e-11	1	47	27	74	0.9787234042553191
Pyr_redox_2	292	3300012538.a:Ga0118482_10014_42	349	1e-21	96	251	170	323	0.5308219178082192
Peptidase_M23	96	3300012538.a:Ga0118482_10014_62	253	9.6e-15	3	96	63	154	0.96875
NUDIX	131	3300012538.a:Ga0118482_10015_11	219	9.9e-16	3	119	29	146	0.8854961832061069
T2SSE	273	3300012538.a:Ga0118482_10015_16	389	1.1e-69	5	271	63	335	0.9743589743589743
AAA	132	3300012538.a:Ga0118482_10015_29	400	2.1e-07	2	126	39	166	0.9393939393939394
Pribosyltran	159	3300012538.a:Ga0118482_10015_44	185	6.1e-23	8	158	17	164	0.9433962264150944
AAA	132	3300012538.a:Ga0118482_10015_45	718	6.8e-48	1	131	203	335	0.9848484848484849
AAA	132	3300012538.a:Ga0118482_10015_61	845	7.1e-14	2	111	212	324	0.8257575757575758
AAA	132	3300012538.a:Ga0118482_10015_61	845	5.5e-08	2	114	549	671	0.8484848484848485
Response_reg	112	3300012538.a:Ga0118482_10015_72	219	1.7e-28	1	112	6	116	0.9910714285714286
GerE	57	3300012538.a:Ga0118482_10015_72	219	6.4e-19	2	56	155	209	0.9473684210526315
PTS_EIIC	324	3300012538.a:Ga0118482_10015_77	509	1e-77	1	324	9	332	0.9969135802469136
cNMP_binding	88	3300012538.a:Ga0118482_10015_8	277	4.7e-21	4	86	77	164	0.9318181818181818
Crp	32	3300012538.a:Ga0118482_10015_8	277	4.9e-08	3	32	227	256	0.90625
HhH-GPD	108	3300012538.a:Ga0118482_10015_9	218	1.1e-19	1	107	26	160	0.9814814814814815
HTH_5	47	3300012538.a:Ga0118482_10016_13	194	6.3e-07	10	45	26	63	0.7446808510638298
LacI	46	3300012538.a:Ga0118482_10016_16	355	1e-16	1	44	16	59	0.9347826086956522
Peripla_BP_3	164	3300012538.a:Ga0118482_10016_16	355	1.6e-35	1	164	190	348	0.9939024390243902
SBP_bac_1	315	3300012538.a:Ga0118482_10016_20	448	1.4e-27	6	313	57	358	0.9746031746031746
HTH_IclR	52	3300012538.a:Ga0118482_10016_21	404	6.8e-05	18	49	32	63	0.5961538461538461
Sigma70_r4_2	54	3300012538.a:Ga0118482_10016_23	212	1.8e-07	25	51	162	188	0.48148148148148145
Peripla_BP_2	238	3300012538.a:Ga0118482_10016_30	337	4.8e-36	2	229	72	307	0.9537815126050421
TetR_N	47	3300012538.a:Ga0118482_10016_36	211	1.5e-14	3	43	23	63	0.851063829787234
HATPase_c	111	3300012538.a:Ga0118482_10016_38	457	5.8e-06	6	109	363	449	0.9279279279279279
PfkB	302	3300012538.a:Ga0118482_10016_39	312	1e-30	23	295	31	282	0.9006622516556292
HTH_DeoR	57	3300012538.a:Ga0118482_10016_46	251	2.2e-15	1	56	9	64	0.9649122807017544
DeoRC	160	3300012538.a:Ga0118482_10016_46	251	4.3e-42	2	158	74	229	0.975
Response_reg	112	3300012538.a:Ga0118482_10016_51	219	2e-31	1	112	7	119	0.9910714285714286
GerE	57	3300012538.a:Ga0118482_10016_51	219	4.3e-19	2	57	157	212	0.9649122807017544
HTH_3	55	3300012538.a:Ga0118482_10017_13	370	7e-11	5	55	15	65	0.9090909090909091
GntR	64	3300012538.a:Ga0118482_10017_28	221	4.9e-17	8	60	3	55	0.8125
FHA	69	3300012538.a:Ga0118482_10017_3	230	2e-18	2	69	151	217	0.9710144927536232
Pyr_redox_2	292	3300012538.a:Ga0118482_10017_30	596	2.5e-33	2	276	144	413	0.9383561643835616
Fer4	24	3300012538.a:Ga0118482_10017_30	596	7.6e-09	2	24	530	552	0.9166666666666666
Fer4	24	3300012538.a:Ga0118482_10017_31	1205	4.1e-08	2	24	692	714	0.9166666666666666
Fer4	24	3300012538.a:Ga0118482_10017_31	1205	4.4e-08	2	20	748	766	0.75
NUDIX	131	3300012538.a:Ga0118482_10017_39	216	5.5e-15	19	127	37	158	0.8244274809160306
FHA	69	3300012538.a:Ga0118482_10017_4	163	4.5e-20	1	69	87	152	0.9855072463768116
Pyr_redox_2	292	3300012538.a:Ga0118482_10017_40	461	3.4e-58	2	292	27	338	0.9931506849315068
HTH_DeoR	57	3300012538.a:Ga0118482_10017_48	254	4.8e-15	1	52	6	57	0.8947368421052632
DeoRC	160	3300012538.a:Ga0118482_10017_48	254	4.5e-49	3	160	77	233	0.98125
PfkB	302	3300012538.a:Ga0118482_10017_49	239	5e-19	22	234	23	238	0.7019867549668874
SpoIIE	193	3300012538.a:Ga0118482_10017_5	496	6.8e-06	7	192	31	245	0.9585492227979274
Pkinase	264	3300012538.a:Ga0118482_10017_8	633	2.4e-51	1	258	11	270	0.9734848484848485
TetR_N	47	3300012538.a:Ga0118482_10018_10	203	2e-10	1	47	24	70	0.9787234042553191
Sigma70_r2	71	3300012538.a:Ga0118482_10018_12	507	7.8e-24	1	70	273	342	0.971830985915493
Sigma70_r3	78	3300012538.a:Ga0118482_10018_12	507	2.9e-29	1	77	352	428	0.9743589743589743
Sigma70_r4	50	3300012538.a:Ga0118482_10018_12	507	3.4e-20	1	50	441	494	0.98
Sigma70_r2	71	3300012538.a:Ga0118482_10018_13	313	5.8e-22	1	70	83	152	0.971830985915493
Sigma70_r3	78	3300012538.a:Ga0118482_10018_13	313	6.5e-23	1	76	162	237	0.9615384615384616
Sigma70_r4	50	3300012538.a:Ga0118482_10018_13	313	4.5e-14	1	50	251	304	0.98
HATPase_c	111	3300012538.a:Ga0118482_10018_2	720	8.4e-18	1	96	56	164	0.8558558558558559
LexA_DNA_bind	65	3300012538.a:Ga0118482_10018_21	225	5.7e-09	6	62	30	86	0.8615384615384616
HD	122	3300012538.a:Ga0118482_10018_30	543	1.2e-20	1	121	355	448	0.9836065573770492
HTH_DeoR	57	3300012538.a:Ga0118482_10018_34	268	8.4e-14	1	53	15	67	0.9122807017543859
DeoRC	160	3300012538.a:Ga0118482_10018_34	268	3.7e-43	3	159	84	241	0.975
HTH_3	55	3300012538.a:Ga0118482_10018_35	92	4.7e-09	1	51	14	64	0.9090909090909091
Pribosyltran	159	3300012538.a:Ga0118482_10018_40	217	2.7e-28	6	155	48	193	0.9371069182389937
LacI	46	3300012538.a:Ga0118482_10019_23	337	1.8e-16	1	46	5	50	0.9782608695652174
Peripla_BP_3	164	3300012538.a:Ga0118482_10019_23	337	9.8e-36	1	164	174	332	0.9939024390243902
SBP_bac_1	315	3300012538.a:Ga0118482_10019_26	512	2e-30	4	314	139	417	0.9841269841269841
CbiA	128	3300012538.a:Ga0118482_10019_36	397	1.4e-06	9	90	201	350	0.6328125
CbiA	128	3300012538.a:Ga0118482_10019_38	529	2.4e-07	8	88	109	256	0.625
Fer4	24	3300012538.a:Ga0118482_10019_46	258	1.7e-08	3	21	159	177	0.75
PfkB	302	3300012538.a:Ga0118482_10020_4	302	4.1e-09	178	285	163	276	0.3543046357615894
FeoA	74	3300012538.a:Ga0118482_10020_41	110	1.2e-16	1	74	16	90	0.9864864864864865
HTH_6	77	3300012538.a:Ga0118482_10020_49	292	5.7e-09	11	76	19	84	0.8441558441558441
SIS	131	3300012538.a:Ga0118482_10020_49	292	4.6e-08	51	130	185	261	0.6030534351145038
SBP_bac_5	377	3300012538.a:Ga0118482_10021_14	563	1e-50	14	363	114	465	0.9257294429708223
Aminotran_1_2	363	3300012538.a:Ga0118482_10021_37	654	2.5e-52	5	363	300	640	0.9862258953168044
Y_Y_Y	66	3300012538.a:Ga0118482_10021_51	329	4.9e-06	20	64	106	150	0.6666666666666666
Response_reg	112	3300012538.a:Ga0118482_10022_14	144	9.3e-06	1	84	14	103	0.7410714285714286
Glucokinase	316	3300012538.a:Ga0118482_10022_22	357	3.2e-06	4	167	7	164	0.5158227848101266
Pkinase	264	3300012538.a:Ga0118482_10022_29	471	9.4e-47	1	254	15	272	0.9583333333333334
SKI	158	3300012538.a:Ga0118482_10022_40	180	3.9e-12	2	107	40	146	0.6645569620253164
GntR	64	3300012538.a:Ga0118482_10022_41	234	5.3e-13	8	64	13	68	0.875
CBS	57	3300012538.a:Ga0118482_10022_8	494	1.7e-09	9	47	105	142	0.6666666666666666
CBS	57	3300012538.a:Ga0118482_10022_8	494	1.7e-06	2	52	156	206	0.8771929824561403
HTH_3	55	3300012538.a:Ga0118482_10023_16	79	1.2e-10	6	54	17	64	0.8727272727272727
Response_reg	112	3300012538.a:Ga0118482_10024_13	228	2.3e-29	1	112	3	112	0.9910714285714286
Trans_reg_C	77	3300012538.a:Ga0118482_10024_13	228	6.8e-24	2	77	148	223	0.974025974025974
HisKA	64	3300012538.a:Ga0118482_10024_14	831	7.5e-12	3	64	605	671	0.953125
HATPase_c	111	3300012538.a:Ga0118482_10024_14	831	1.4e-17	2	108	714	820	0.954954954954955
PfkB	302	3300012538.a:Ga0118482_10024_23	570	1.6e-09	161	279	161	290	0.39072847682119205
Peripla_BP_2	238	3300012538.a:Ga0118482_10024_27	423	3e-29	1	232	133	372	0.9705882352941176
Peripla_BP_2	238	3300012538.a:Ga0118482_10024_28	415	1.3e-23	10	236	135	366	0.9495798319327731
AAA	132	3300012538.a:Ga0118482_10024_30	334	2.4e-05	3	66	38	169	0.4772727272727273
SKI	158	3300012538.a:Ga0118482_10025_1	168	1.2e-38	1	157	8	162	0.9873417721518988
TetR_N	47	3300012538.a:Ga0118482_10025_11	215	1e-13	1	47	25	71	0.9787234042553191
HD	122	3300012538.a:Ga0118482_10025_18	775	2e-13	1	122	94	191	0.9918032786885246
ACT	67	3300012538.a:Ga0118482_10025_18	775	4.2e-12	2	65	700	763	0.9402985074626866
Pribosyltran	159	3300012538.a:Ga0118482_10025_20	178	1.3e-19	5	125	31	153	0.7547169811320755
AAA	132	3300012538.a:Ga0118482_10025_24	343	1.9e-16	1	128	58	179	0.9621212121212122
AAA	132	3300012538.a:Ga0118482_10025_8	498	6.6e-17	1	123	104	207	0.9242424242424242
Aminotran_1_2	363	3300012538.a:Ga0118482_10026_14	422	4.4e-08	31	336	61	373	0.8402203856749312
Fer4	24	3300012538.a:Ga0118482_10026_6	103	4.1e-05	3	20	8	25	0.7083333333333334
Fer4	24	3300012538.a:Ga0118482_10026_6	103	2.5e-10	3	23	56	76	0.8333333333333334
HTH_11	55	3300012538.a:Ga0118482_10027_4	641	3.2e-09	4	47	6	48	0.7818181818181819
HTH_11	55	3300012538.a:Ga0118482_10027_4	641	5.7e-09	8	54	94	144	0.8363636363636363
PTS-HPr	82	3300012538.a:Ga0118482_10027_9	100	5e-19	3	81	4	82	0.9512195121951219
TetR_N	47	3300012538.a:Ga0118482_10028_22	204	9.7e-12	3	47	25	69	0.9361702127659575
TetR_C	145	3300012538.a:Ga0118482_10028_22	204	6.4e-09	2	89	84	171	0.6
Arg_repressor	70	3300012538.a:Ga0118482_10028_23	183	1.8e-20	2	66	10	74	0.9142857142857143
Citrate_synt	361	3300012538.a:Ga0118482_10028_6	437	8.5e-123	2	361	57	419	0.9944598337950139
PadR	75	3300012538.a:Ga0118482_10030_10	192	1.2e-15	1	74	7	77	0.9733333333333334
AAA	132	3300012538.a:Ga0118482_10030_13	958	1.7e-11	2	124	146	276	0.9242424242424242
MarR	59	3300012538.a:Ga0118482_10031_10	180	5e-11	5	59	72	128	0.9152542372881356
PadR	75	3300012538.a:Ga0118482_10031_12	114	1.7e-22	1	73	19	89	0.96
Response_reg	112	3300012538.a:Ga0118482_10032_15	233	1.3e-34	1	111	5	114	0.9821428571428571
Trans_reg_C	77	3300012538.a:Ga0118482_10032_15	233	1.4e-24	2	77	153	227	0.974025974025974
HisKA	64	3300012538.a:Ga0118482_10032_16	477	3.1e-15	2	63	251	319	0.953125
HATPase_c	111	3300012538.a:Ga0118482_10032_16	477	8.6e-25	1	109	360	464	0.972972972972973
NUDIX	131	3300012538.a:Ga0118482_10032_18	138	1.3e-13	19	115	1	107	0.732824427480916
Glyoxalase	128	3300012538.a:Ga0118482_10032_6	122	1.2e-07	7	127	9	116	0.9375
GntR	64	3300012538.a:Ga0118482_10033_18	242	1.6e-21	2	64	3	64	0.96875
SBP_bac_1	315	3300012538.a:Ga0118482_10035_10	220	5.4e-18	8	204	16	208	0.6222222222222222
TrkA_C	70	3300012538.a:Ga0118482_10037_15	220	7e-11	1	66	149	213	0.9285714285714286
Pyr_redox	81	3300012538.a:Ga0118482_10037_16	221	4.9e-05	1	42	2	43	0.5061728395061729
TrkA_C	70	3300012538.a:Ga0118482_10037_16	221	4.5e-05	2	66	147	210	0.9142857142857143
PglZ	176	3300012538.a:Ga0118482_10037_6	376	6e-07	109	170	191	251	0.3465909090909091
PfkB	302	3300012538.a:Ga0118482_10038_1	126	3.1e-19	206	300	21	112	0.31125827814569534
PTS-HPr	82	3300012538.a:Ga0118482_10038_3	86	2e-23	2	77	3	79	0.9146341463414634
Pyr_redox_2	292	3300012538.a:Ga0118482_10038_5	434	9.2e-51	1	292	51	342	0.9965753424657534
Aminotran_1_2	363	3300012538.a:Ga0118482_10038_9	371	1.3e-06	71	187	54	156	0.31955922865013775
HMA	62	3300012538.a:Ga0118482_10041_11	516	1.7e-13	2	62	22	77	0.967741935483871
Citrate_synt	361	3300012538.a:Ga0118482_10042_7	429	1.9e-133	1	361	45	410	0.997229916897507
