HTH_5	47	3300029462.a:Ga0244093_100012_111	285	2.5e-05	5	31	57	83	0.5531914893617021
MarR	59	3300029462.a:Ga0244093_100012_131	177	7.7e-15	7	58	35	86	0.864406779661017
HTH_11	55	3300029462.a:Ga0244093_100012_139	96	3.4e-05	9	43	22	53	0.6181818181818182
Rrf2	83	3300029462.a:Ga0244093_100012_144	436	9.1e-05	10	58	294	342	0.5783132530120482
LacI	46	3300029462.a:Ga0244093_100012_171	349	3.9e-20	2	46	4	48	0.9565217391304348
HTH_3	55	3300029462.a:Ga0244093_100012_177	114	9.8e-14	2	53	10	61	0.9272727272727272
Rrf2	83	3300029462.a:Ga0244093_100012_185	562	2.3e-05	10	58	409	457	0.5783132530120482
GntR	64	3300029462.a:Ga0244093_100012_2	510	2.9e-15	4	64	24	84	0.9375
MerR	38	3300029462.a:Ga0244093_100012_20	248	2.2e-13	1	38	12	49	0.9736842105263158
HTH_3	55	3300029462.a:Ga0244093_100012_23	418	1.7e-16	1	55	7	61	0.9818181818181818
LacI	46	3300029462.a:Ga0244093_100012_93	339	9.5e-19	3	44	11	52	0.8913043478260869
CSD	66	3300029462.a:Ga0244093_100024_102	130	3e-19	3	65	4	64	0.9393939393939394
Trans_reg_C	77	3300029462.a:Ga0244093_100024_104	246	1.2e-23	2	77	154	238	0.974025974025974
CSD	66	3300029462.a:Ga0244093_100024_108	90	1.8e-28	2	65	25	88	0.9545454545454546
Trans_reg_C	77	3300029462.a:Ga0244093_100024_20	240	1.9e-25	1	77	163	234	0.987012987012987
Whib	64	3300029462.a:Ga0244093_100024_28	100	8.8e-29	1	63	28	90	0.96875
Whib	64	3300029462.a:Ga0244093_100024_31	93	2.8e-28	1	64	7	75	0.984375
GerE	57	3300029462.a:Ga0244093_100024_92	171	1.2e-15	2	56	111	165	0.9473684210526315
LacI	46	3300029462.a:Ga0244093_100027_45	402	8.3e-20	1	46	71	116	0.9782608695652174
GntR	64	3300029462.a:Ga0244093_100027_50	236	4.3e-06	31	61	41	71	0.46875
LacI	46	3300029462.a:Ga0244093_100027_54	351	1e-14	2	46	7	51	0.9565217391304348
LacI	46	3300029462.a:Ga0244093_100027_62	195	5.9e-16	4	46	24	67	0.9130434782608695
LytTR	98	3300029462.a:Ga0244093_100027_75	239	8.2e-15	3	95	79	164	0.9387755102040817
HTH_3	55	3300029462.a:Ga0244093_100027_98	422	7.3e-09	1	38	359	397	0.6727272727272727
HTH_1	60	3300029462.a:Ga0244093_100028_108	272	3.6e-20	3	60	4	62	0.95
Arg_repressor	70	3300029462.a:Ga0244093_100028_128	173	5.9e-22	2	65	13	76	0.9
HTH_DeoR	57	3300029462.a:Ga0244093_100028_136	537	4.4e-06	1	47	474	520	0.8070175438596491
GntR	64	3300029462.a:Ga0244093_100028_152	125	1e-21	2	64	14	76	0.96875
Whib	64	3300029462.a:Ga0244093_100028_36	166	2.5e-07	21	63	40	83	0.65625
HTH_3	55	3300029462.a:Ga0244093_100028_4	138	1.1e-05	2	38	14	51	0.6545454545454545
HTH_3	55	3300029462.a:Ga0244093_100028_42	356	2.1e-11	1	55	25	79	0.9818181818181818
GerE	57	3300029462.a:Ga0244093_100028_75	256	1.2e-20	2	57	194	249	0.9649122807017544
HTH_3	55	3300029462.a:Ga0244093_100028_93	147	1.2e-08	3	54	43	94	0.9272727272727272
HTH_3	55	3300029462.a:Ga0244093_100028_98	182	1.7e-07	3	36	20	52	0.6
MarR	59	3300029462.a:Ga0244093_100037_113	403	2.1e-06	7	48	20	61	0.6949152542372882
MarR	59	3300029462.a:Ga0244093_100037_13	178	1.8e-09	13	58	45	91	0.7627118644067796
LacI	46	3300029462.a:Ga0244093_100037_27	348	2.4e-16	1	46	3	50	0.9782608695652174
HTH_11	55	3300029462.a:Ga0244093_100037_68	347	1.1e-08	4	42	15	56	0.6909090909090909
LexA_DNA_bind	65	3300029462.a:Ga0244093_100037_92	234	4.3e-26	2	65	17	80	0.9692307692307692
MarR	59	3300029462.a:Ga0244093_100062_21	406	3.2e-05	2	47	17	62	0.7627118644067796
GerE	57	3300029462.a:Ga0244093_100062_90	278	5.8e-23	2	57	216	271	0.9649122807017544
PspC	53	3300029462.a:Ga0244093_100062_91	493	1.1e-13	3	51	46	99	0.9056603773584906
PspC	53	3300029462.a:Ga0244093_100062_92	581	2.8e-14	8	53	72	122	0.8490566037735849
LacI	46	3300029462.a:Ga0244093_100066_11	389	3.9e-17	1	44	58	102	0.9347826086956522
HTH_AraC	42	3300029462.a:Ga0244093_100066_69	227	2e-07	2	41	123	162	0.9285714285714286
HTH_AraC	42	3300029462.a:Ga0244093_100066_69	227	7.1e-08	6	42	176	213	0.8571428571428571
Trans_reg_C	77	3300029462.a:Ga0244093_100066_9	219	1e-16	2	77	146	217	0.974025974025974
MarR	59	3300029462.a:Ga0244093_100076_12	406	6.9e-05	7	49	350	393	0.711864406779661
FUR	120	3300029462.a:Ga0244093_100076_18	132	3.4e-28	4	119	6	120	0.9583333333333334
GerE	57	3300029462.a:Ga0244093_100076_62	224	2.5e-12	2	47	164	209	0.7894736842105263
HTH_3	55	3300029462.a:Ga0244093_100076_74	171	2.9e-11	1	53	103	155	0.9454545454545454
LacI	46	3300029462.a:Ga0244093_100093_56	369	2.7e-12	2	46	41	85	0.9565217391304348
SpoVT_AbrB	46	3300029462.a:Ga0244093_100093_57	87	2.9e-05	19	37	54	75	0.391304347826087
GntR	64	3300029462.a:Ga0244093_100093_69	236	2.8e-12	2	64	5	67	0.96875
GerE	57	3300029462.a:Ga0244093_100105_37	241	3e-16	4	54	174	224	0.8771929824561403
HTH_3	55	3300029462.a:Ga0244093_100105_68	523	7.8e-09	5	55	12	67	0.9090909090909091
Trans_reg_C	77	3300029462.a:Ga0244093_100189_58	274	1e-08	2	76	201	271	0.961038961038961
LacI	46	3300029462.a:Ga0244093_100214_15	360	6.1e-19	4	46	3	45	0.9130434782608695
LacI	46	3300029462.a:Ga0244093_100214_7	392	3.4e-17	1	46	52	97	0.9782608695652174
HTH_3	55	3300029462.a:Ga0244093_100225_10	87	3e-09	4	52	11	58	0.8727272727272727
PadR	75	3300029462.a:Ga0244093_100225_14	175	5.5e-17	1	73	8	79	0.96
MerR	38	3300029462.a:Ga0244093_100225_22	48	2.6e-11	9	38	3	33	0.7631578947368421
HTH_3	55	3300029462.a:Ga0244093_100225_36	65	1.9e-10	4	55	6	60	0.9272727272727272
HTH_1	60	3300029462.a:Ga0244093_100225_5	311	1.7e-18	3	59	8	64	0.9333333333333333
Trans_reg_C	77	3300029462.a:Ga0244093_100269_3	248	2.5e-30	1	77	148	222	0.987012987012987
MarR	59	3300029462.a:Ga0244093_100269_9	181	2.4e-06	7	48	48	89	0.6949152542372882
HTH_3	55	3300029462.a:Ga0244093_100284_40	162	2.4e-15	1	54	7	60	0.9636363636363636
Trans_reg_C	77	3300029462.a:Ga0244093_100325_24	222	7.9e-15	1	77	147	220	0.987012987012987
HTH_11	55	3300029462.a:Ga0244093_100325_5	419	1e-06	5	47	13	57	0.7636363636363637
HTH_3	55	3300029462.a:Ga0244093_100353_32	82	6.9e-06	10	52	20	62	0.7636363636363637
KilA-N	111	3300029462.a:Ga0244093_100353_34	304	1e-27	4	109	12	141	0.9459459459459459
Trans_reg_C	77	3300029462.a:Ga0244093_100492_1	235	4.9e-29	3	77	155	229	0.961038961038961
LacI	46	3300029462.a:Ga0244093_100492_24	304	2.4e-17	6	46	2	42	0.8695652173913043
HTH_5	47	3300029462.a:Ga0244093_100492_5	202	1.2e-16	1	46	33	79	0.9574468085106383
HTH_DeoR	57	3300029462.a:Ga0244093_100577_4	268	3.7e-19	1	55	6	60	0.9473684210526315
Crp	32	3300029462.a:Ga0244093_100577_8	240	2.6e-06	3	26	189	212	0.71875
GerE	57	3300029462.a:Ga0244093_100580_15	231	1.1e-15	2	54	170	222	0.9122807017543859
LacI	46	3300029462.a:Ga0244093_100607_12	338	1.2e-19	1	46	8	53	0.9782608695652174
MerR	38	3300029462.a:Ga0244093_100674_12	171	3e-15	1	38	42	78	0.9736842105263158
LacI	46	3300029462.a:Ga0244093_100674_7	341	6.2e-17	2	45	6	49	0.9347826086956522
HTH_8	42	3300029462.a:Ga0244093_100714_18	269	4.3e-05	16	41	213	238	0.5952380952380952
HTH_3	55	3300029462.a:Ga0244093_100714_6	121	9.9e-08	10	54	62	106	0.8
