438	TC	0	6	CGC1	3300014045.a:Ga0121526_100001	494103	495629	3300014045.a:Ga0121526_100001_439	-	DB=gnl|TC-DB|B2GH49|9.B.160.1.10;ID=3300014045.a:Ga0121526_100001_439	DB=gnl|TC-DB|B2GH49|9.B.160.1.10;ID=3300014045.a:Ga0121526_100001_439
439	STP	0	0	CGC1	3300014045.a:Ga0121526_100001	495695	496507	3300014045.a:Ga0121526_100001_440	-	DB=STP|RseA_N;ID=3300014045.a:Ga0121526_100001_440	DB=STP|RseA_N;ID=3300014045.a:Ga0121526_100001_440
440	TF	2	0	CGC1	3300014045.a:Ga0121526_100001	496504	497124	3300014045.a:Ga0121526_100001_441	-	DB=DBD-SUPERFAMILY|0039939;ID=3300014045.a:Ga0121526_100001_441	DB=DBD-SUPERFAMILY|0039939;ID=3300014045.a:Ga0121526_100001_441
441	null	null	null	CGC1	3300014045.a:Ga0121526_100001	497339	499402	3300014045.a:Ga0121526_100001_442	+	;ID=3300014045.a:Ga0121526_100001_442
442	null	null	null	CGC1	3300014045.a:Ga0121526_100001	499551	500414	3300014045.a:Ga0121526_100001_443	+	;ID=3300014045.a:Ga0121526_100001_443
443	TC	2	2	CGC1	3300014045.a:Ga0121526_100001	500476	501204	3300014045.a:Ga0121526_100001_444	+	DB=gnl|TC-DB|P60844|1.A.8.3.1;ID=3300014045.a:Ga0121526_100001_444	DB=gnl|TC-DB|P60844|1.A.8.3.1;ID=3300014045.a:Ga0121526_100001_444
444	null	null	null	CGC1	3300014045.a:Ga0121526_100001	501340	501801	3300014045.a:Ga0121526_100001_445	+	;ID=3300014045.a:Ga0121526_100001_445
445	null	null	null	CGC1	3300014045.a:Ga0121526_100001	501843	502691	3300014045.a:Ga0121526_100001_446	-	;ID=3300014045.a:Ga0121526_100001_446
446	TC	2	2	CGC1	3300014045.a:Ga0121526_100001	502930	505011	3300014045.a:Ga0121526_100001_447	+	DB=gnl|TC-DB|Q8ZJY5|2.A.114.1.10;ID=3300014045.a:Ga0121526_100001_447	DB=gnl|TC-DB|Q8ZJY5|2.A.114.1.10;ID=3300014045.a:Ga0121526_100001_447
447	null	null	null	CGC1	3300014045.a:Ga0121526_100001	505011	505235	3300014045.a:Ga0121526_100001_448	+	;ID=3300014045.a:Ga0121526_100001_448
448	null	null	null	CGC1	3300014045.a:Ga0121526_100001	505505	506755	3300014045.a:Ga0121526_100001_449	-	;ID=3300014045.a:Ga0121526_100001_449
449	STP	0	2	CGC1	3300014045.a:Ga0121526_100001	506838	508124	3300014045.a:Ga0121526_100001_450	-	DB=STP|HisKA,STP|HATPase_c;ID=3300014045.a:Ga0121526_100001_450	DB=STP|HisKA,STP|HATPase_c;ID=3300014045.a:Ga0121526_100001_450
450	TF	0	0	CGC1	3300014045.a:Ga0121526_100001	508111	508812	3300014045.a:Ga0121526_100001_451	-	DB=DBD-Pfam|Trans_reg_C;ID=3300014045.a:Ga0121526_100001_451	DB=DBD-Pfam|Trans_reg_C;ID=3300014045.a:Ga0121526_100001_451
451	CAZyme	3	0	CGC1	3300014045.a:Ga0121526_100001	508945	510657	3300014045.a:Ga0121526_100001_452	+	DB= GT83|GT83;ID=3300014045.a:Ga0121526_100001_452	DB= GT83|GT83;ID=3300014045.a:Ga0121526_100001_452
+++++
13	TC	0	4	CGC1	3300014045.a:Ga0121526_100002	19138	20922	3300014045.a:Ga0121526_100002_14	+	DB=gnl|TC-DB|P0ADE4|1.B.33.2.4;ID=3300014045.a:Ga0121526_100002_14	DB=gnl|TC-DB|P0ADE4|1.B.33.2.4;ID=3300014045.a:Ga0121526_100002_14
14	TC	2	0	CGC1	3300014045.a:Ga0121526_100002	20919	24755	3300014045.a:Ga0121526_100002_15	+	DB=gnl|TC-DB|P39321|9.B.22.1.2;ID=3300014045.a:Ga0121526_100002_15	DB=gnl|TC-DB|P39321|9.B.22.1.2;ID=3300014045.a:Ga0121526_100002_15
15	null	null	null	CGC1	3300014045.a:Ga0121526_100002	24935	26374	3300014045.a:Ga0121526_100002_16	-	;ID=3300014045.a:Ga0121526_100002_16
16	null	null	null	CGC1	3300014045.a:Ga0121526_100002	26367	27773	3300014045.a:Ga0121526_100002_17	-	;ID=3300014045.a:Ga0121526_100002_17
17	TC	2	2	CGC1	3300014045.a:Ga0121526_100002	27770	29449	3300014045.a:Ga0121526_100002_18	-	DB=gnl|TC-DB|G4NXA5|1.A.33.1.4;ID=3300014045.a:Ga0121526_100002_18	DB=gnl|TC-DB|G4NXA5|1.A.33.1.4;ID=3300014045.a:Ga0121526_100002_18
18	null	null	null	CGC1	3300014045.a:Ga0121526_100002	29574	31721	3300014045.a:Ga0121526_100002_19	+	;ID=3300014045.a:Ga0121526_100002_19
19	null	null	null	CGC1	3300014045.a:Ga0121526_100002	31743	32465	3300014045.a:Ga0121526_100002_20	-	;ID=3300014045.a:Ga0121526_100002_20
20	TF	2	2	CGC1	3300014045.a:Ga0121526_100002	32651	33367	3300014045.a:Ga0121526_100002_21	+	DB=DBD-Pfam|Trans_reg_C;ID=3300014045.a:Ga0121526_100002_21	DB=DBD-Pfam|Trans_reg_C;ID=3300014045.a:Ga0121526_100002_21
21	null	null	null	CGC1	3300014045.a:Ga0121526_100002	33581	43129	3300014045.a:Ga0121526_100002_22	+	;ID=3300014045.a:Ga0121526_100002_22
22	null	null	null	CGC1	3300014045.a:Ga0121526_100002	43126	46482	3300014045.a:Ga0121526_100002_23	+	;ID=3300014045.a:Ga0121526_100002_23
23	TC	0	2	CGC1	3300014045.a:Ga0121526_100002	46493	47503	3300014045.a:Ga0121526_100002_24	+	DB=gnl|TC-DB|P0A910|1.B.6.1.1;ID=3300014045.a:Ga0121526_100002_24	DB=gnl|TC-DB|P0A910|1.B.6.1.1;ID=3300014045.a:Ga0121526_100002_24
24	TC	0	0	CGC1	3300014045.a:Ga0121526_100002	47500	49371	3300014045.a:Ga0121526_100002_25	-	DB=gnl|TC-DB|D4ZZR3|9.B.34.1.3;ID=3300014045.a:Ga0121526_100002_25	DB=gnl|TC-DB|D4ZZR3|9.B.34.1.3;ID=3300014045.a:Ga0121526_100002_25
25	TC	0	0	CGC1	3300014045.a:Ga0121526_100002	49469	50806	3300014045.a:Ga0121526_100002_26	+	DB=gnl|TC-DB|Q9HV74|2.A.21.9.1;ID=3300014045.a:Ga0121526_100002_26	DB=gnl|TC-DB|Q9HV74|2.A.21.9.1;ID=3300014045.a:Ga0121526_100002_26
26	TC	1	0	CGC1	3300014045.a:Ga0121526_100002	50870	54313	3300014045.a:Ga0121526_100002_27	+	DB=gnl|TC-DB|Q93N33|2.A.21.9.2;ID=3300014045.a:Ga0121526_100002_27	DB=gnl|TC-DB|Q93N33|2.A.21.9.2;ID=3300014045.a:Ga0121526_100002_27
27	null	null	null	CGC1	3300014045.a:Ga0121526_100002	54387	55493	3300014045.a:Ga0121526_100002_28	+	;ID=3300014045.a:Ga0121526_100002_28
28	TC	0	1	CGC1	3300014045.a:Ga0121526_100002	55521	56087	3300014045.a:Ga0121526_100002_29	-	DB=gnl|TC-DB|P76264|2.A.107.1.1;ID=3300014045.a:Ga0121526_100002_29	DB=gnl|TC-DB|P76264|2.A.107.1.1;ID=3300014045.a:Ga0121526_100002_29
29	TF	0	0	CGC1	3300014045.a:Ga0121526_100002	56435	57100	3300014045.a:Ga0121526_100002_30	-	DB=DBD-Pfam|GerE;ID=3300014045.a:Ga0121526_100002_30	DB=DBD-Pfam|GerE;ID=3300014045.a:Ga0121526_100002_30
30	TC	0	0	CGC1	3300014045.a:Ga0121526_100002	57103	59046	3300014045.a:Ga0121526_100002_31	-	DB=gnl|TC-DB|P31552|4.C.1.1.6;ID=3300014045.a:Ga0121526_100002_31	DB=gnl|TC-DB|P31552|4.C.1.1.6;ID=3300014045.a:Ga0121526_100002_31
31	TC	0	0	CGC1	3300014045.a:Ga0121526_100002	59420	60847	3300014045.a:Ga0121526_100002_32	+	DB=gnl|TC-DB|Q088E4|1.B.70.1.7;ID=3300014045.a:Ga0121526_100002_32	DB=gnl|TC-DB|Q088E4|1.B.70.1.7;ID=3300014045.a:Ga0121526_100002_32
32	TC	2	0	CGC1	3300014045.a:Ga0121526_100002	60943	62598	3300014045.a:Ga0121526_100002_33	+	DB=gnl|TC-DB|F8SVK1|2.A.1.6.11;ID=3300014045.a:Ga0121526_100002_33	DB=gnl|TC-DB|F8SVK1|2.A.1.6.11;ID=3300014045.a:Ga0121526_100002_33
33	null	null	null	CGC1	3300014045.a:Ga0121526_100002	62762	64177	3300014045.a:Ga0121526_100002_34	+	;ID=3300014045.a:Ga0121526_100002_34
34	null	null	null	CGC1	3300014045.a:Ga0121526_100002	64260	65027	3300014045.a:Ga0121526_100002_35	+	;ID=3300014045.a:Ga0121526_100002_35
35	TC	2	2	CGC1	3300014045.a:Ga0121526_100002	65065	65316	3300014045.a:Ga0121526_100002_36	-	DB=gnl|TC-DB|Q9RRU6|1.E.43.1.7;ID=3300014045.a:Ga0121526_100002_36	DB=gnl|TC-DB|Q9RRU6|1.E.43.1.7;ID=3300014045.a:Ga0121526_100002_36
36	null	null	null	CGC1	3300014045.a:Ga0121526_100002	65407	66006	3300014045.a:Ga0121526_100002_37	+	;ID=3300014045.a:Ga0121526_100002_37
37	null	null	null	CGC1	3300014045.a:Ga0121526_100002	66058	66696	3300014045.a:Ga0121526_100002_38	+	;ID=3300014045.a:Ga0121526_100002_38
38	STP	2	2	CGC1	3300014045.a:Ga0121526_100002	66784	67581	3300014045.a:Ga0121526_100002_39	+	DB=STP|CbiA;ID=3300014045.a:Ga0121526_100002_39	DB=STP|CbiA;ID=3300014045.a:Ga0121526_100002_39
39	null	null	null	CGC1	3300014045.a:Ga0121526_100002	67581	68504	3300014045.a:Ga0121526_100002_40	+	;ID=3300014045.a:Ga0121526_100002_40
40	null	null	null	CGC1	3300014045.a:Ga0121526_100002	68509	69474	3300014045.a:Ga0121526_100002_41	+	;ID=3300014045.a:Ga0121526_100002_41
41	CAZyme	0	2	CGC1	3300014045.a:Ga0121526_100002	69562	70284	3300014045.a:Ga0121526_100002_42	+	DB=GT2| GT2;ID=3300014045.a:Ga0121526_100002_42	DB=GT2| GT2;ID=3300014045.a:Ga0121526_100002_42
42	TC	4	0	CGC1	3300014045.a:Ga0121526_100002	70284	70625	3300014045.a:Ga0121526_100002_43	+	DB=gnl|TC-DB|G0JXK9|2.A.123.4.3;ID=3300014045.a:Ga0121526_100002_43	DB=gnl|TC-DB|G0JXK9|2.A.123.4.3;ID=3300014045.a:Ga0121526_100002_43
+++++
160	TC	0	4	CGC2	3300014045.a:Ga0121526_100002	196240	198042	3300014045.a:Ga0121526_100002_161	-	DB=gnl|TC-DB|P46333|2.A.1.1.106;ID=3300014045.a:Ga0121526_100002_161	DB=gnl|TC-DB|P46333|2.A.1.1.106;ID=3300014045.a:Ga0121526_100002_161
161	CAZyme	0	0	CGC2	3300014045.a:Ga0121526_100002	198053	199168	3300014045.a:Ga0121526_100002_162	-	DB=CE9| CE9;ID=3300014045.a:Ga0121526_100002_162	DB=CE9| CE9;ID=3300014045.a:Ga0121526_100002_162
162	TF	1	0	CGC2	3300014045.a:Ga0121526_100002	199165	199941	3300014045.a:Ga0121526_100002_163	-	DB=DBD-Pfam|HTH_DeoR,DBD-SUPERFAMILY|0043758;ID=3300014045.a:Ga0121526_100002_163	DB=DBD-Pfam|HTH_DeoR,DBD-SUPERFAMILY|0043758;ID=3300014045.a:Ga0121526_100002_163
163	null	null	null	CGC2	3300014045.a:Ga0121526_100002	199975	201303	3300014045.a:Ga0121526_100002_164	-	;ID=3300014045.a:Ga0121526_100002_164
164	STP	0	1	CGC2	3300014045.a:Ga0121526_100002	201344	202273	3300014045.a:Ga0121526_100002_165	-	DB=STP|Glucokinase;ID=3300014045.a:Ga0121526_100002_165	DB=STP|Glucokinase;ID=3300014045.a:Ga0121526_100002_165
165	STP	0	0	CGC2	3300014045.a:Ga0121526_100002	202287	203444	3300014045.a:Ga0121526_100002_166	-	DB=STP|SIS,STP|SIS;ID=3300014045.a:Ga0121526_100002_166	DB=STP|SIS,STP|SIS;ID=3300014045.a:Ga0121526_100002_166
166	CAZyme	0	0	CGC2	3300014045.a:Ga0121526_100002	203792	207127	3300014045.a:Ga0121526_100002_167	+	DB=CBM51|CBM32| CBM51| GH31|GH31;ID=3300014045.a:Ga0121526_100002_167	DB=CBM51|CBM32| CBM51| GH31|GH31;ID=3300014045.a:Ga0121526_100002_167
167	TC	0	0	CGC2	3300014045.a:Ga0121526_100002	207263	210253	3300014045.a:Ga0121526_100002_168	+	DB=gnl|TC-DB|G0LBU8|1.B.14.6.11;ID=3300014045.a:Ga0121526_100002_168	DB=gnl|TC-DB|G0LBU8|1.B.14.6.11;ID=3300014045.a:Ga0121526_100002_168
168	CAZyme	2	0	CGC2	3300014045.a:Ga0121526_100002	210307	211662	3300014045.a:Ga0121526_100002_169	+	DB=GH109| GH109;ID=3300014045.a:Ga0121526_100002_169	DB=GH109| GH109;ID=3300014045.a:Ga0121526_100002_169
169	null	null	null	CGC2	3300014045.a:Ga0121526_100002	211975	212868	3300014045.a:Ga0121526_100002_170	+	;ID=3300014045.a:Ga0121526_100002_170
170	null	null	null	CGC2	3300014045.a:Ga0121526_100002	212966	213880	3300014045.a:Ga0121526_100002_171	+	;ID=3300014045.a:Ga0121526_100002_171
171	TC	8	2	CGC2	3300014045.a:Ga0121526_100002	213905	214396	3300014045.a:Ga0121526_100002_172	+	DB=gnl|TC-DB|P76460|2.A.73.1.1;ID=3300014045.a:Ga0121526_100002_172	DB=gnl|TC-DB|P76460|2.A.73.1.1;ID=3300014045.a:Ga0121526_100002_172
+++++
270	TC	1	12	CGC3	3300014045.a:Ga0121526_100002	325977	326939	3300014045.a:Ga0121526_100002_271	-	DB=gnl|TC-DB|D4ZZR3|9.B.34.1.3;ID=3300014045.a:Ga0121526_100002_271	DB=gnl|TC-DB|D4ZZR3|9.B.34.1.3;ID=3300014045.a:Ga0121526_100002_271
271	null	null	null	CGC3	3300014045.a:Ga0121526_100002	327614	328642	3300014045.a:Ga0121526_100002_272	-	;ID=3300014045.a:Ga0121526_100002_272
272	TC	0	1	CGC3	3300014045.a:Ga0121526_100002	328707	331715	3300014045.a:Ga0121526_100002_273	-	DB=gnl|TC-DB|Q9AAZ6|1.B.14.12.2;ID=3300014045.a:Ga0121526_100002_273	DB=gnl|TC-DB|Q9AAZ6|1.B.14.12.2;ID=3300014045.a:Ga0121526_100002_273
273	TC	0	0	CGC3	3300014045.a:Ga0121526_100002	332137	333408	3300014045.a:Ga0121526_100002_274	+	DB=gnl|TC-DB|P0C105|2.A.1.7.2;ID=3300014045.a:Ga0121526_100002_274	DB=gnl|TC-DB|P0C105|2.A.1.7.2;ID=3300014045.a:Ga0121526_100002_274
274	TF	0	0	CGC3	3300014045.a:Ga0121526_100002	333413	334420	3300014045.a:Ga0121526_100002_275	-	DB=DBD-Pfam|LacI,DBD-SUPERFAMILY|0036955;ID=3300014045.a:Ga0121526_100002_275	DB=DBD-Pfam|LacI,DBD-SUPERFAMILY|0036955;ID=3300014045.a:Ga0121526_100002_275
275	CAZyme	0	0	CGC3	3300014045.a:Ga0121526_100002	334744	337278	3300014045.a:Ga0121526_100002_276	+	DB=GH3| GH3;ID=3300014045.a:Ga0121526_100002_276	DB=GH3| GH3;ID=3300014045.a:Ga0121526_100002_276
276	STP	2	0	CGC3	3300014045.a:Ga0121526_100002	337335	338894	3300014045.a:Ga0121526_100002_277	-	DB=STP|MASE1;ID=3300014045.a:Ga0121526_100002_277	DB=STP|MASE1;ID=3300014045.a:Ga0121526_100002_277
277	null	null	null	CGC3	3300014045.a:Ga0121526_100002	339281	339655	3300014045.a:Ga0121526_100002_278	+	;ID=3300014045.a:Ga0121526_100002_278
278	null	null	null	CGC3	3300014045.a:Ga0121526_100002	340298	340531	3300014045.a:Ga0121526_100002_279	+	;ID=3300014045.a:Ga0121526_100002_279
279	TC	1	2	CGC3	3300014045.a:Ga0121526_100002	340620	342413	3300014045.a:Ga0121526_100002_280	-	DB=gnl|TC-DB|P40290|3.A.6.1.1;ID=3300014045.a:Ga0121526_100002_280	DB=gnl|TC-DB|P40290|3.A.6.1.1;ID=3300014045.a:Ga0121526_100002_280
280	null	null	null	CGC3	3300014045.a:Ga0121526_100002	342634	342963	3300014045.a:Ga0121526_100002_281	-	;ID=3300014045.a:Ga0121526_100002_281
281	TC	0	1	CGC3	3300014045.a:Ga0121526_100002	343451	345151	3300014045.a:Ga0121526_100002_282	+	DB=gnl|TC-DB|O00571|1.I.1.1.3;ID=3300014045.a:Ga0121526_100002_282	DB=gnl|TC-DB|O00571|1.I.1.1.3;ID=3300014045.a:Ga0121526_100002_282
282	TC	1	0	CGC3	3300014045.a:Ga0121526_100002	345232	345918	3300014045.a:Ga0121526_100002_283	+	DB=gnl|TC-DB|P0A9R7|3.A.1.140.1;ID=3300014045.a:Ga0121526_100002_283	DB=gnl|TC-DB|P0A9R7|3.A.1.140.1;ID=3300014045.a:Ga0121526_100002_283
283	null	null	null	CGC3	3300014045.a:Ga0121526_100002	345915	346865	3300014045.a:Ga0121526_100002_284	+	;ID=3300014045.a:Ga0121526_100002_284
284	STP	1	1	CGC3	3300014045.a:Ga0121526_100002	346879	347721	3300014045.a:Ga0121526_100002_285	+	DB=STP|Response_reg,STP|Response_reg;ID=3300014045.a:Ga0121526_100002_285	DB=STP|Response_reg,STP|Response_reg;ID=3300014045.a:Ga0121526_100002_285
285	null	null	null	CGC3	3300014045.a:Ga0121526_100002	347718	348452	3300014045.a:Ga0121526_100002_286	+	;ID=3300014045.a:Ga0121526_100002_286
286	TF	4	1	CGC3	3300014045.a:Ga0121526_100002	348430	348792	3300014045.a:Ga0121526_100002_287	-	DB=DBD-Pfam|HTH_3,DBD-SUPERFAMILY|0043707;ID=3300014045.a:Ga0121526_100002_287	DB=DBD-Pfam|HTH_3,DBD-SUPERFAMILY|0043707;ID=3300014045.a:Ga0121526_100002_287
+++++
416	STP	0	3	CGC4	3300014045.a:Ga0121526_100002	509767	510621	3300014045.a:Ga0121526_100002_417	+	DB=STP|STAS;ID=3300014045.a:Ga0121526_100002_417	DB=STP|STAS;ID=3300014045.a:Ga0121526_100002_417
417	STP	0	0	CGC4	3300014045.a:Ga0121526_100002	510623	511000	3300014045.a:Ga0121526_100002_418	+	DB=STP|STAS;ID=3300014045.a:Ga0121526_100002_418	DB=STP|STAS;ID=3300014045.a:Ga0121526_100002_418
418	STP	0	0	CGC4	3300014045.a:Ga0121526_100002	510997	511398	3300014045.a:Ga0121526_100002_419	+	DB=STP|HATPase_c;ID=3300014045.a:Ga0121526_100002_419	DB=STP|HATPase_c;ID=3300014045.a:Ga0121526_100002_419
419	STP	0	0	CGC4	3300014045.a:Ga0121526_100002	511389	512405	3300014045.a:Ga0121526_100002_420	+	DB=STP|SpoIIE;ID=3300014045.a:Ga0121526_100002_420	DB=STP|SpoIIE;ID=3300014045.a:Ga0121526_100002_420
420	STP	0	0	CGC4	3300014045.a:Ga0121526_100002	512402	513265	3300014045.a:Ga0121526_100002_421	+	DB=STP|HisKA,STP|HATPase_c;ID=3300014045.a:Ga0121526_100002_421	DB=STP|HisKA,STP|HATPase_c;ID=3300014045.a:Ga0121526_100002_421
421	TC	1	0	CGC4	3300014045.a:Ga0121526_100002	513252	515210	3300014045.a:Ga0121526_100002_422	+	DB=gnl|TC-DB|Q9HV74|2.A.21.9.1;ID=3300014045.a:Ga0121526_100002_422	DB=gnl|TC-DB|Q9HV74|2.A.21.9.1;ID=3300014045.a:Ga0121526_100002_422
422	null	null	null	CGC4	3300014045.a:Ga0121526_100002	515235	515459	3300014045.a:Ga0121526_100002_423	+	;ID=3300014045.a:Ga0121526_100002_423
423	CAZyme	1	1	CGC4	3300014045.a:Ga0121526_100002	515894	517798	3300014045.a:Ga0121526_100002_424	+	DB=GT2;ID=3300014045.a:Ga0121526_100002_424	DB=GT2;ID=3300014045.a:Ga0121526_100002_424
424	null	null	null	CGC4	3300014045.a:Ga0121526_100002	517849	518523	3300014045.a:Ga0121526_100002_425	+	;ID=3300014045.a:Ga0121526_100002_425
425	TC	0	1	CGC4	3300014045.a:Ga0121526_100002	518527	519573	3300014045.a:Ga0121526_100002_426	+	DB=gnl|TC-DB|Q81JL2|9.B.33.1.1;ID=3300014045.a:Ga0121526_100002_426	DB=gnl|TC-DB|Q81JL2|9.B.33.1.1;ID=3300014045.a:Ga0121526_100002_426
426	TF	3	0	CGC4	3300014045.a:Ga0121526_100002	519584	520312	3300014045.a:Ga0121526_100002_427	+	DB=DBD-Pfam|LytTR;ID=3300014045.a:Ga0121526_100002_427	DB=DBD-Pfam|LytTR;ID=3300014045.a:Ga0121526_100002_427
+++++
438	STP	2	3	CGC5	3300014045.a:Ga0121526_100002	532016	533824	3300014045.a:Ga0121526_100002_439	+	DB=STP|Pyr_redox_2;ID=3300014045.a:Ga0121526_100002_439	DB=STP|Pyr_redox_2;ID=3300014045.a:Ga0121526_100002_439
439	null	null	null	CGC5	3300014045.a:Ga0121526_100002	533958	534773	3300014045.a:Ga0121526_100002_440	-	;ID=3300014045.a:Ga0121526_100002_440
440	null	null	null	CGC5	3300014045.a:Ga0121526_100002	535284	535652	3300014045.a:Ga0121526_100002_441	+	;ID=3300014045.a:Ga0121526_100002_441
441	TC	1	2	CGC5	3300014045.a:Ga0121526_100002	535689	536483	3300014045.a:Ga0121526_100002_442	+	DB=gnl|TC-DB|P0AB98|3.A.2.1.1;ID=3300014045.a:Ga0121526_100002_442	DB=gnl|TC-DB|P0AB98|3.A.2.1.1;ID=3300014045.a:Ga0121526_100002_442
442	null	null	null	CGC5	3300014045.a:Ga0121526_100002	536546	536848	3300014045.a:Ga0121526_100002_443	+	;ID=3300014045.a:Ga0121526_100002_443
443	TC	0	1	CGC5	3300014045.a:Ga0121526_100002	536960	537430	3300014045.a:Ga0121526_100002_444	+	DB=gnl|TC-DB|P0ABA0|3.A.2.1.1;ID=3300014045.a:Ga0121526_100002_444	DB=gnl|TC-DB|P0ABA0|3.A.2.1.1;ID=3300014045.a:Ga0121526_100002_444
444	TC	0	0	CGC5	3300014045.a:Ga0121526_100002	537434	537961	3300014045.a:Ga0121526_100002_445	+	DB=gnl|TC-DB|P0ABA4|3.A.2.1.1;ID=3300014045.a:Ga0121526_100002_445	DB=gnl|TC-DB|P0ABA4|3.A.2.1.1;ID=3300014045.a:Ga0121526_100002_445
445	TC	0	0	CGC5	3300014045.a:Ga0121526_100002	538006	539553	3300014045.a:Ga0121526_100002_446	+	DB=gnl|TC-DB|P0ABB0|3.A.2.1.1;ID=3300014045.a:Ga0121526_100002_446	DB=gnl|TC-DB|P0ABB0|3.A.2.1.1;ID=3300014045.a:Ga0121526_100002_446
446	TC	0	0	CGC5	3300014045.a:Ga0121526_100002	539633	540496	3300014045.a:Ga0121526_100002_447	+	DB=gnl|TC-DB|P0ABA6|3.A.2.1.1;ID=3300014045.a:Ga0121526_100002_447	DB=gnl|TC-DB|P0ABA6|3.A.2.1.1;ID=3300014045.a:Ga0121526_100002_447
447	TC	0	0	CGC5	3300014045.a:Ga0121526_100002	540535	541941	3300014045.a:Ga0121526_100002_448	+	DB=gnl|TC-DB|P0ABB4|3.A.2.1.1;ID=3300014045.a:Ga0121526_100002_448	DB=gnl|TC-DB|P0ABB4|3.A.2.1.1;ID=3300014045.a:Ga0121526_100002_448
448	TC	1	0	CGC5	3300014045.a:Ga0121526_100002	541944	542366	3300014045.a:Ga0121526_100002_449	+	DB=gnl|TC-DB|P0A6E6|3.A.2.1.1;ID=3300014045.a:Ga0121526_100002_449	DB=gnl|TC-DB|P0A6E6|3.A.2.1.1;ID=3300014045.a:Ga0121526_100002_449
449	null	null	null	CGC5	3300014045.a:Ga0121526_100002	542503	543867	3300014045.a:Ga0121526_100002_450	+	;ID=3300014045.a:Ga0121526_100002_450
450	TC	0	1	CGC5	3300014045.a:Ga0121526_100002	543951	545306	3300014045.a:Ga0121526_100002_451	-	DB=gnl|TC-DB|Q9HV74|2.A.21.9.1;ID=3300014045.a:Ga0121526_100002_451	DB=gnl|TC-DB|Q9HV74|2.A.21.9.1;ID=3300014045.a:Ga0121526_100002_451
451	TF	1	0	CGC5	3300014045.a:Ga0121526_100002	545303	546646	3300014045.a:Ga0121526_100002_452	-	DB=DBD-Pfam|HTH_8,DBD-SUPERFAMILY|0037176;ID=3300014045.a:Ga0121526_100002_452	DB=DBD-Pfam|HTH_8,DBD-SUPERFAMILY|0037176;ID=3300014045.a:Ga0121526_100002_452
452	null	null	null	CGC5	3300014045.a:Ga0121526_100002	546725	547135	3300014045.a:Ga0121526_100002_453	-	;ID=3300014045.a:Ga0121526_100002_453
453	TC	1	1	CGC5	3300014045.a:Ga0121526_100002	547137	548357	3300014045.a:Ga0121526_100002_454	-	DB=gnl|TC-DB|O31712|3.A.1.122.2;ID=3300014045.a:Ga0121526_100002_454	DB=gnl|TC-DB|O31712|3.A.1.122.2;ID=3300014045.a:Ga0121526_100002_454
454	null	null	null	CGC5	3300014045.a:Ga0121526_100002	548374	549675	3300014045.a:Ga0121526_100002_455	-	;ID=3300014045.a:Ga0121526_100002_455
455	TC	1	1	CGC5	3300014045.a:Ga0121526_100002	549686	550405	3300014045.a:Ga0121526_100002_456	-	DB=gnl|TC-DB|O31711|3.A.1.122.2;ID=3300014045.a:Ga0121526_100002_456	DB=gnl|TC-DB|O31711|3.A.1.122.2;ID=3300014045.a:Ga0121526_100002_456
456	null	null	null	CGC5	3300014045.a:Ga0121526_100002	550435	551703	3300014045.a:Ga0121526_100002_457	-	;ID=3300014045.a:Ga0121526_100002_457
457	STP	0	1	CGC5	3300014045.a:Ga0121526_100002	551906	553747	3300014045.a:Ga0121526_100002_458	+	DB=STP|SIS,STP|SIS;ID=3300014045.a:Ga0121526_100002_458	DB=STP|SIS,STP|SIS;ID=3300014045.a:Ga0121526_100002_458
458	TC	2	0	CGC5	3300014045.a:Ga0121526_100002	553777	554211	3300014045.a:Ga0121526_100002_459	-	DB=gnl|TC-DB|P29939|2.A.7.2.1;ID=3300014045.a:Ga0121526_100002_459	DB=gnl|TC-DB|P29939|2.A.7.2.1;ID=3300014045.a:Ga0121526_100002_459
459	null	null	null	CGC5	3300014045.a:Ga0121526_100002	554436	555125	3300014045.a:Ga0121526_100002_460	-	;ID=3300014045.a:Ga0121526_100002_460
460	null	null	null	CGC5	3300014045.a:Ga0121526_100002	555122	555331	3300014045.a:Ga0121526_100002_461	-	;ID=3300014045.a:Ga0121526_100002_461
461	STP	0	2	CGC5	3300014045.a:Ga0121526_100002	555556	558687	3300014045.a:Ga0121526_100002_462	-	DB=STP|HisKA,STP|HATPase_c,STP|Response_reg,STP|Response_reg;ID=3300014045.a:Ga0121526_100002_462	DB=STP|HisKA,STP|HATPase_c,STP|Response_reg,STP|Response_reg;ID=3300014045.a:Ga0121526_100002_462
462	STP	0	0	CGC5	3300014045.a:Ga0121526_100002	558730	559029	3300014045.a:Ga0121526_100002_463	-	DB=STP|PAS;ID=3300014045.a:Ga0121526_100002_463	DB=STP|PAS;ID=3300014045.a:Ga0121526_100002_463
463	TC	0	0	CGC5	3300014045.a:Ga0121526_100002	559049	560212	3300014045.a:Ga0121526_100002_464	-	DB=gnl|TC-DB|C0QCR7|8.A.59.4.1;ID=3300014045.a:Ga0121526_100002_464	DB=gnl|TC-DB|C0QCR7|8.A.59.4.1;ID=3300014045.a:Ga0121526_100002_464
464	CAZyme	1	0	CGC5	3300014045.a:Ga0121526_100002	560307	562028	3300014045.a:Ga0121526_100002_465	-	DB= GT83|GT83;ID=3300014045.a:Ga0121526_100002_465	DB= GT83|GT83;ID=3300014045.a:Ga0121526_100002_465
465	null	null	null	CGC5	3300014045.a:Ga0121526_100002	562042	562347	3300014045.a:Ga0121526_100002_466	-	;ID=3300014045.a:Ga0121526_100002_466
466	STP	1	1	CGC5	3300014045.a:Ga0121526_100002	562500	563840	3300014045.a:Ga0121526_100002_467	-	DB=STP|HisKA,STP|HATPase_c;ID=3300014045.a:Ga0121526_100002_467	DB=STP|HisKA,STP|HATPase_c;ID=3300014045.a:Ga0121526_100002_467
467	null	null	null	CGC5	3300014045.a:Ga0121526_100002	563885	565591	3300014045.a:Ga0121526_100002_468	-	;ID=3300014045.a:Ga0121526_100002_468
468	TF	0	1	CGC5	3300014045.a:Ga0121526_100002	565724	566440	3300014045.a:Ga0121526_100002_469	-	DB=DBD-Pfam|Trans_reg_C;ID=3300014045.a:Ga0121526_100002_469	DB=DBD-Pfam|Trans_reg_C;ID=3300014045.a:Ga0121526_100002_469
469	STP	0	0	CGC5	3300014045.a:Ga0121526_100002	566711	567142	3300014045.a:Ga0121526_100002_470	+	DB=STP|CBS,STP|CBS;ID=3300014045.a:Ga0121526_100002_470	DB=STP|CBS,STP|CBS;ID=3300014045.a:Ga0121526_100002_470
470	TC	0	0	CGC5	3300014045.a:Ga0121526_100002	567384	573215	3300014045.a:Ga0121526_100002_471	+	DB=gnl|TC-DB|Q8X6C1|1.B.12.1.6;ID=3300014045.a:Ga0121526_100002_471	DB=gnl|TC-DB|Q8X6C1|1.B.12.1.6;ID=3300014045.a:Ga0121526_100002_471
471	STP	2	0	CGC5	3300014045.a:Ga0121526_100002	573241	576066	3300014045.a:Ga0121526_100002_472	-	DB=STP|HisKA,STP|HATPase_c,STP|Response_reg;ID=3300014045.a:Ga0121526_100002_472	DB=STP|HisKA,STP|HATPase_c,STP|Response_reg;ID=3300014045.a:Ga0121526_100002_472
472	null	null	null	CGC5	3300014045.a:Ga0121526_100002	576237	577670	3300014045.a:Ga0121526_100002_473	-	;ID=3300014045.a:Ga0121526_100002_473
473	null	null	null	CGC5	3300014045.a:Ga0121526_100002	577672	578973	3300014045.a:Ga0121526_100002_474	-	;ID=3300014045.a:Ga0121526_100002_474
474	TF	0	2	CGC5	3300014045.a:Ga0121526_100002	579037	580437	3300014045.a:Ga0121526_100002_475	-	DB=DBD-SUPERFAMILY|0043669;ID=3300014045.a:Ga0121526_100002_475	DB=DBD-SUPERFAMILY|0043669;ID=3300014045.a:Ga0121526_100002_475
475	STP	0	0	CGC5	3300014045.a:Ga0121526_100002	580587	581015	3300014045.a:Ga0121526_100002_476	-	DB=STP|Glyoxalase;ID=3300014045.a:Ga0121526_100002_476	DB=STP|Glyoxalase;ID=3300014045.a:Ga0121526_100002_476
476	STP	0	0	CGC5	3300014045.a:Ga0121526_100002	581129	581656	3300014045.a:Ga0121526_100002_477	-	DB=STP|Glyoxalase;ID=3300014045.a:Ga0121526_100002_477	DB=STP|Glyoxalase;ID=3300014045.a:Ga0121526_100002_477
477	STP	4	0	CGC5	3300014045.a:Ga0121526_100002	581759	582871	3300014045.a:Ga0121526_100002_478	+	DB=STP|PALP;ID=3300014045.a:Ga0121526_100002_478	DB=STP|PALP;ID=3300014045.a:Ga0121526_100002_478
+++++
532	CAZyme	0	5	CGC6	3300014045.a:Ga0121526_100002	642407	644743	3300014045.a:Ga0121526_100002_533	-	DB= GH20|GH20;ID=3300014045.a:Ga0121526_100002_533	DB= GH20|GH20;ID=3300014045.a:Ga0121526_100002_533
533	TC	0	0	CGC6	3300014045.a:Ga0121526_100002	644860	647523	3300014045.a:Ga0121526_100002_534	-	DB=gnl|TC-DB|Q9AAZ6|1.B.14.12.2;ID=3300014045.a:Ga0121526_100002_534	DB=gnl|TC-DB|Q9AAZ6|1.B.14.12.2;ID=3300014045.a:Ga0121526_100002_534
534	STP	0	0	CGC6	3300014045.a:Ga0121526_100002	647634	648650	3300014045.a:Ga0121526_100002_535	-	DB=STP|Glucokinase;ID=3300014045.a:Ga0121526_100002_535	DB=STP|Glucokinase;ID=3300014045.a:Ga0121526_100002_535
535	TC	0	0	CGC6	3300014045.a:Ga0121526_100002	649019	650311	3300014045.a:Ga0121526_100002_536	+	DB=gnl|TC-DB|A1S4V0|2.A.1.7.9;ID=3300014045.a:Ga0121526_100002_536	DB=gnl|TC-DB|A1S4V0|2.A.1.7.9;ID=3300014045.a:Ga0121526_100002_536
536	TF	0	0	CGC6	3300014045.a:Ga0121526_100002	650354	651421	3300014045.a:Ga0121526_100002_537	+	DB=DBD-Pfam|LacI,DBD-SUPERFAMILY|0036955;ID=3300014045.a:Ga0121526_100002_537	DB=DBD-Pfam|LacI,DBD-SUPERFAMILY|0036955;ID=3300014045.a:Ga0121526_100002_537
537	STP	0	0	CGC6	3300014045.a:Ga0121526_100002	651429	652457	3300014045.a:Ga0121526_100002_538	+	DB=STP|SIS,STP|SIS;ID=3300014045.a:Ga0121526_100002_538	DB=STP|SIS,STP|SIS;ID=3300014045.a:Ga0121526_100002_538
538	CAZyme	1	0	CGC6	3300014045.a:Ga0121526_100002	652457	653605	3300014045.a:Ga0121526_100002_539	+	DB=CE9| CE9;ID=3300014045.a:Ga0121526_100002_539	DB=CE9| CE9;ID=3300014045.a:Ga0121526_100002_539
539	null	null	null	CGC6	3300014045.a:Ga0121526_100002	653602	654669	3300014045.a:Ga0121526_100002_540	+	;ID=3300014045.a:Ga0121526_100002_540
540	TC	0	1	CGC6	3300014045.a:Ga0121526_100002	654803	657778	3300014045.a:Ga0121526_100002_541	+	DB=gnl|TC-DB|Q7VYJ2|1.B.12.5.7;ID=3300014045.a:Ga0121526_100002_541	DB=gnl|TC-DB|Q7VYJ2|1.B.12.5.7;ID=3300014045.a:Ga0121526_100002_541
541	STP	0	0	CGC6	3300014045.a:Ga0121526_100002	657775	658995	3300014045.a:Ga0121526_100002_542	-	DB=STP|HD;ID=3300014045.a:Ga0121526_100002_542	DB=STP|HD;ID=3300014045.a:Ga0121526_100002_542
542	CAZyme	0	0	CGC6	3300014045.a:Ga0121526_100002	659024	661009	3300014045.a:Ga0121526_100002_543	-	DB= GH23|GH23;ID=3300014045.a:Ga0121526_100002_543	DB= GH23|GH23;ID=3300014045.a:Ga0121526_100002_543
543	TC	0	0	CGC6	3300014045.a:Ga0121526_100002	661182	661589	3300014045.a:Ga0121526_100002_544	+	DB=gnl|TC-DB|Q1D0D2|1.A.30.2.7;ID=3300014045.a:Ga0121526_100002_544	DB=gnl|TC-DB|Q1D0D2|1.A.30.2.7;ID=3300014045.a:Ga0121526_100002_544
544	TC	1	0	CGC6	3300014045.a:Ga0121526_100002	661844	664714	3300014045.a:Ga0121526_100002_545	+	DB=gnl|TC-DB|P06129|1.B.14.3.1;ID=3300014045.a:Ga0121526_100002_545	DB=gnl|TC-DB|P06129|1.B.14.3.1;ID=3300014045.a:Ga0121526_100002_545
545	null	null	null	CGC6	3300014045.a:Ga0121526_100002	664887	665366	3300014045.a:Ga0121526_100002_546	+	;ID=3300014045.a:Ga0121526_100002_546
546	TC	2	1	CGC6	3300014045.a:Ga0121526_100002	665399	666277	3300014045.a:Ga0121526_100002_547	+	DB=gnl|TC-DB|P0AA67|2.A.7.3.6;ID=3300014045.a:Ga0121526_100002_547	DB=gnl|TC-DB|P0AA67|2.A.7.3.6;ID=3300014045.a:Ga0121526_100002_547
547	null	null	null	CGC6	3300014045.a:Ga0121526_100002	666283	667056	3300014045.a:Ga0121526_100002_548	-	;ID=3300014045.a:Ga0121526_100002_548
548	null	null	null	CGC6	3300014045.a:Ga0121526_100002	667080	667916	3300014045.a:Ga0121526_100002_549	-	;ID=3300014045.a:Ga0121526_100002_549
549	TC	3	2	CGC6	3300014045.a:Ga0121526_100002	668024	668671	3300014045.a:Ga0121526_100002_550	-	DB=gnl|TC-DB|P0A4L7|5.A.2.1.2;ID=3300014045.a:Ga0121526_100002_550	DB=gnl|TC-DB|P0A4L7|5.A.2.1.2;ID=3300014045.a:Ga0121526_100002_550
+++++
553	TF	0	3	CGC7	3300014045.a:Ga0121526_100002	671418	672248	3300014045.a:Ga0121526_100002_554	-	DB=DBD-Pfam|HTH_AraC,DBD-SUPERFAMILY|0035607;ID=3300014045.a:Ga0121526_100002_554	DB=DBD-Pfam|HTH_AraC,DBD-SUPERFAMILY|0035607;ID=3300014045.a:Ga0121526_100002_554
554	TC	2	0	CGC7	3300014045.a:Ga0121526_100002	672248	672946	3300014045.a:Ga0121526_100002_555	-	DB=gnl|TC-DB|Q9P6J2|2.A.89.3.8;ID=3300014045.a:Ga0121526_100002_555	DB=gnl|TC-DB|Q9P6J2|2.A.89.3.8;ID=3300014045.a:Ga0121526_100002_555
555	null	null	null	CGC7	3300014045.a:Ga0121526_100002	673142	674506	3300014045.a:Ga0121526_100002_556	+	;ID=3300014045.a:Ga0121526_100002_556
556	null	null	null	CGC7	3300014045.a:Ga0121526_100002	674627	675679	3300014045.a:Ga0121526_100002_557	-	;ID=3300014045.a:Ga0121526_100002_557
557	TF	1	2	CGC7	3300014045.a:Ga0121526_100002	675783	676673	3300014045.a:Ga0121526_100002_558	+	DB=DBD-Pfam|HTH_1;ID=3300014045.a:Ga0121526_100002_558	DB=DBD-Pfam|HTH_1;ID=3300014045.a:Ga0121526_100002_558
558	null	null	null	CGC7	3300014045.a:Ga0121526_100002	676687	677475	3300014045.a:Ga0121526_100002_559	-	;ID=3300014045.a:Ga0121526_100002_559
559	STP	2	1	CGC7	3300014045.a:Ga0121526_100002	677544	677963	3300014045.a:Ga0121526_100002_560	-	DB=STP|Glyoxalase;ID=3300014045.a:Ga0121526_100002_560	DB=STP|Glyoxalase;ID=3300014045.a:Ga0121526_100002_560
560	null	null	null	CGC7	3300014045.a:Ga0121526_100002	678150	678989	3300014045.a:Ga0121526_100002_561	+	;ID=3300014045.a:Ga0121526_100002_561
561	null	null	null	CGC7	3300014045.a:Ga0121526_100002	679010	679783	3300014045.a:Ga0121526_100002_562	-	;ID=3300014045.a:Ga0121526_100002_562
562	CAZyme	0	2	CGC7	3300014045.a:Ga0121526_100002	679902	680888	3300014045.a:Ga0121526_100002_563	+	DB= GH43_34|GH43_34;ID=3300014045.a:Ga0121526_100002_563	DB= GH43_34|GH43_34;ID=3300014045.a:Ga0121526_100002_563
563	TF	0	0	CGC7	3300014045.a:Ga0121526_100002	681029	682003	3300014045.a:Ga0121526_100002_564	+	DB=DBD-Pfam|HTH_AraC,DBD-SUPERFAMILY|0036286;ID=3300014045.a:Ga0121526_100002_564	DB=DBD-Pfam|HTH_AraC,DBD-SUPERFAMILY|0036286;ID=3300014045.a:Ga0121526_100002_564
564	TC	4	0	CGC7	3300014045.a:Ga0121526_100002	681966	684761	3300014045.a:Ga0121526_100002_565	-	DB=gnl|TC-DB|Q9HV74|2.A.21.9.1;ID=3300014045.a:Ga0121526_100002_565	DB=gnl|TC-DB|Q9HV74|2.A.21.9.1;ID=3300014045.a:Ga0121526_100002_565
+++++
37	STP	1	6	CGC1	3300014045.a:Ga0121526_100004	40332	41384	3300014045.a:Ga0121526_100004_38	+	DB=STP|Glucokinase;ID=3300014045.a:Ga0121526_100004_38	DB=STP|Glucokinase;ID=3300014045.a:Ga0121526_100004_38
38	null	null	null	CGC1	3300014045.a:Ga0121526_100004	41414	42412	3300014045.a:Ga0121526_100004_39	+	;ID=3300014045.a:Ga0121526_100004_39
39	TC	0	1	CGC1	3300014045.a:Ga0121526_100004	42412	43140	3300014045.a:Ga0121526_100004_40	+	DB=gnl|TC-DB|Q9NTM9|9.B.158.1.1;ID=3300014045.a:Ga0121526_100004_40	DB=gnl|TC-DB|Q9NTM9|9.B.158.1.1;ID=3300014045.a:Ga0121526_100004_40
40	TC	0	0	CGC1	3300014045.a:Ga0121526_100004	43228	46308	3300014045.a:Ga0121526_100004_41	-	DB=gnl|TC-DB|Q9AAZ6|1.B.14.12.2;ID=3300014045.a:Ga0121526_100004_41	DB=gnl|TC-DB|Q9AAZ6|1.B.14.12.2;ID=3300014045.a:Ga0121526_100004_41
41	CAZyme	0	0	CGC1	3300014045.a:Ga0121526_100004	46755	49190	3300014045.a:Ga0121526_100004_42	+	DB= GH92|GH92;ID=3300014045.a:Ga0121526_100004_42	DB= GH92|GH92;ID=3300014045.a:Ga0121526_100004_42
42	TF	0	0	CGC1	3300014045.a:Ga0121526_100004	49263	50333	3300014045.a:Ga0121526_100004_43	+	DB=DBD-Pfam|LacI,DBD-SUPERFAMILY|0036955;ID=3300014045.a:Ga0121526_100004_43	DB=DBD-Pfam|LacI,DBD-SUPERFAMILY|0036955;ID=3300014045.a:Ga0121526_100004_43
43	TC	0	0	CGC1	3300014045.a:Ga0121526_100004	50378	51688	3300014045.a:Ga0121526_100004_44	+	DB=gnl|TC-DB|A1S5F4|2.A.1.7.10;ID=3300014045.a:Ga0121526_100004_44	DB=gnl|TC-DB|A1S5F4|2.A.1.7.10;ID=3300014045.a:Ga0121526_100004_44
44	STP	1	0	CGC1	3300014045.a:Ga0121526_100004	51696	52694	3300014045.a:Ga0121526_100004_45	+	DB=STP|PfkB;ID=3300014045.a:Ga0121526_100004_45	DB=STP|PfkB;ID=3300014045.a:Ga0121526_100004_45
45	null	null	null	CGC1	3300014045.a:Ga0121526_100004	52691	53884	3300014045.a:Ga0121526_100004_46	+	;ID=3300014045.a:Ga0121526_100004_46
46	CAZyme	3	1	CGC1	3300014045.a:Ga0121526_100004	53939	56566	3300014045.a:Ga0121526_100004_47	+	DB=GH2| GH2;ID=3300014045.a:Ga0121526_100004_47	DB=GH2| GH2;ID=3300014045.a:Ga0121526_100004_47
+++++
29	TF	1	4	CGC1	3300014045.a:Ga0121526_100006	36335	37252	3300014045.a:Ga0121526_100006_30	+	DB=DBD-Pfam|HTH_1;ID=3300014045.a:Ga0121526_100006_30	DB=DBD-Pfam|HTH_1;ID=3300014045.a:Ga0121526_100006_30
30	null	null	null	CGC1	3300014045.a:Ga0121526_100006	37313	37948	3300014045.a:Ga0121526_100006_31	+	;ID=3300014045.a:Ga0121526_100006_31
31	TC	2	1	CGC1	3300014045.a:Ga0121526_100006	38061	39491	3300014045.a:Ga0121526_100006_32	+	DB=gnl|TC-DB|Q8R706|2.A.3.3.22;ID=3300014045.a:Ga0121526_100006_32	DB=gnl|TC-DB|Q8R706|2.A.3.3.22;ID=3300014045.a:Ga0121526_100006_32
32	null	null	null	CGC1	3300014045.a:Ga0121526_100006	39524	40756	3300014045.a:Ga0121526_100006_33	-	;ID=3300014045.a:Ga0121526_100006_33
33	null	null	null	CGC1	3300014045.a:Ga0121526_100006	40827	42002	3300014045.a:Ga0121526_100006_34	-	;ID=3300014045.a:Ga0121526_100006_34
34	TC	0	2	CGC1	3300014045.a:Ga0121526_100006	42284	43240	3300014045.a:Ga0121526_100006_35	+	DB=gnl|TC-DB|P42601|2.A.109.1.7;ID=3300014045.a:Ga0121526_100006_35	DB=gnl|TC-DB|P42601|2.A.109.1.7;ID=3300014045.a:Ga0121526_100006_35
35	TC	2	0	CGC1	3300014045.a:Ga0121526_100006	43340	44110	3300014045.a:Ga0121526_100006_36	+	DB=gnl|TC-DB|A4QGR2|9.B.104.3.3;ID=3300014045.a:Ga0121526_100006_36	DB=gnl|TC-DB|A4QGR2|9.B.104.3.3;ID=3300014045.a:Ga0121526_100006_36
36	null	null	null	CGC1	3300014045.a:Ga0121526_100006	44172	45221	3300014045.a:Ga0121526_100006_37	-	;ID=3300014045.a:Ga0121526_100006_37
37	null	null	null	CGC1	3300014045.a:Ga0121526_100006	45456	46799	3300014045.a:Ga0121526_100006_38	-	;ID=3300014045.a:Ga0121526_100006_38
38	CAZyme	0	2	CGC1	3300014045.a:Ga0121526_100006	46803	49481	3300014045.a:Ga0121526_100006_39	-	DB= CE4|CE4;ID=3300014045.a:Ga0121526_100006_39	DB= CE4|CE4;ID=3300014045.a:Ga0121526_100006_39
39	TC	2	0	CGC1	3300014045.a:Ga0121526_100006	49656	51347	3300014045.a:Ga0121526_100006_40	-	DB=gnl|TC-DB|P25714|2.A.9.3.1;ID=3300014045.a:Ga0121526_100006_40	DB=gnl|TC-DB|P25714|2.A.9.3.1;ID=3300014045.a:Ga0121526_100006_40
40	null	null	null	CGC1	3300014045.a:Ga0121526_100006	51347	51826	3300014045.a:Ga0121526_100006_41	-	;ID=3300014045.a:Ga0121526_100006_41
41	null	null	null	CGC1	3300014045.a:Ga0121526_100006	51832	51972	3300014045.a:Ga0121526_100006_42	-	;ID=3300014045.a:Ga0121526_100006_42
42	STP	2	2	CGC1	3300014045.a:Ga0121526_100006	52223	53557	3300014045.a:Ga0121526_100006_43	+	DB=STP|AAA;ID=3300014045.a:Ga0121526_100006_43	DB=STP|AAA;ID=3300014045.a:Ga0121526_100006_43
43	null	null	null	CGC1	3300014045.a:Ga0121526_100006	53833	54933	3300014045.a:Ga0121526_100006_44	+	;ID=3300014045.a:Ga0121526_100006_44
44	null	null	null	CGC1	3300014045.a:Ga0121526_100006	55742	56839	3300014045.a:Ga0121526_100006_45	+	;ID=3300014045.a:Ga0121526_100006_45
45	STP	2	2	CGC1	3300014045.a:Ga0121526_100006	56951	59410	3300014045.a:Ga0121526_100006_46	+	DB=STP|HATPase_c;ID=3300014045.a:Ga0121526_100006_46	DB=STP|HATPase_c;ID=3300014045.a:Ga0121526_100006_46
46	null	null	null	CGC1	3300014045.a:Ga0121526_100006	59484	60323	3300014045.a:Ga0121526_100006_47	+	;ID=3300014045.a:Ga0121526_100006_47
47	null	null	null	CGC1	3300014045.a:Ga0121526_100006	60375	61202	3300014045.a:Ga0121526_100006_48	+	;ID=3300014045.a:Ga0121526_100006_48
48	STP	1	2	CGC1	3300014045.a:Ga0121526_100006	61335	62546	3300014045.a:Ga0121526_100006_49	+	DB=STP|TPR_2;ID=3300014045.a:Ga0121526_100006_49	DB=STP|TPR_2;ID=3300014045.a:Ga0121526_100006_49
49	null	null	null	CGC1	3300014045.a:Ga0121526_100006	62692	63360	3300014045.a:Ga0121526_100006_50	+	;ID=3300014045.a:Ga0121526_100006_50
50	TC	0	1	CGC1	3300014045.a:Ga0121526_100006	63445	64206	3300014045.a:Ga0121526_100006_51	+	DB=gnl|TC-DB|P0ABU9|1.A.30.2.2;ID=3300014045.a:Ga0121526_100006_51	DB=gnl|TC-DB|P0ABU9|1.A.30.2.2;ID=3300014045.a:Ga0121526_100006_51
51	TC	0	0	CGC1	3300014045.a:Ga0121526_100006	64264	64689	3300014045.a:Ga0121526_100006_52	+	DB=gnl|TC-DB|Q1D0D2|1.A.30.2.7;ID=3300014045.a:Ga0121526_100006_52	DB=gnl|TC-DB|Q1D0D2|1.A.30.2.7;ID=3300014045.a:Ga0121526_100006_52
52	TC	5	0	CGC1	3300014045.a:Ga0121526_100006	64726	65109	3300014045.a:Ga0121526_100006_53	+	DB=gnl|TC-DB|Q1D0D2|1.A.30.2.7;ID=3300014045.a:Ga0121526_100006_53	DB=gnl|TC-DB|Q1D0D2|1.A.30.2.7;ID=3300014045.a:Ga0121526_100006_53
+++++
