32	TF	0	3	CGC1	3300014005.a:Ga0121051_10040	32012	34777	3300014005.a:Ga0121051_10040_33	+	DB=DBD-Pfam|HTH_AraC,DBD-SUPERFAMILY|0035607;ID=3300014005.a:Ga0121051_10040_33	DB=DBD-Pfam|HTH_AraC,DBD-SUPERFAMILY|0035607;ID=3300014005.a:Ga0121051_10040_33
33	TC	0	0	CGC1	3300014005.a:Ga0121051_10040	35318	36616	3300014005.a:Ga0121051_10040_34	+	DB=gnl|TC-DB|P96710|2.A.1.1.55;ID=3300014005.a:Ga0121051_10040_34	DB=gnl|TC-DB|P96710|2.A.1.1.55;ID=3300014005.a:Ga0121051_10040_34
34	CAZyme	0	0	CGC1	3300014005.a:Ga0121051_10040	36913	38469	3300014005.a:Ga0121051_10040_35	+	DB=GH32| GH32;ID=3300014005.a:Ga0121051_10040_35	DB=GH32| GH32;ID=3300014005.a:Ga0121051_10040_35
35	TC	2	0	CGC1	3300014005.a:Ga0121051_10040	38482	41589	3300014005.a:Ga0121051_10040_36	+	DB=gnl|TC-DB|Q45780|1.B.14.6.1;ID=3300014005.a:Ga0121051_10040_36	DB=gnl|TC-DB|Q45780|1.B.14.6.1;ID=3300014005.a:Ga0121051_10040_36
36	null	null	null	CGC1	3300014005.a:Ga0121051_10040	41593	43377	3300014005.a:Ga0121051_10040_37	+	;ID=3300014005.a:Ga0121051_10040_37
37	null	null	null	CGC1	3300014005.a:Ga0121051_10040	43389	44783	3300014005.a:Ga0121051_10040_38	+	;ID=3300014005.a:Ga0121051_10040_38
38	CAZyme	0	2	CGC1	3300014005.a:Ga0121051_10040	44801	46342	3300014005.a:Ga0121051_10040_39	+	DB=GH32| GH32;ID=3300014005.a:Ga0121051_10040_39	DB=GH32| GH32;ID=3300014005.a:Ga0121051_10040_39
39	STP	0	0	CGC1	3300014005.a:Ga0121051_10040	46346	47254	3300014005.a:Ga0121051_10040_40	+	DB=STP|PfkB;ID=3300014005.a:Ga0121051_10040_40	DB=STP|PfkB;ID=3300014005.a:Ga0121051_10040_40
40	TC	6	0	CGC1	3300014005.a:Ga0121051_10040	47470	48591	3300014005.a:Ga0121051_10040_41	+	DB=gnl|TC-DB|Q81JL2|9.B.33.1.1;ID=3300014005.a:Ga0121051_10040_41	DB=gnl|TC-DB|Q81JL2|9.B.33.1.1;ID=3300014005.a:Ga0121051_10040_41
+++++
170	CAZyme	0	26	CGC1	3300014005.a:Ga0121051_10012	189852	190976	3300014005.a:Ga0121051_10012_171	-	DB=CE1;ID=3300014005.a:Ga0121051_10012_171	DB=CE1;ID=3300014005.a:Ga0121051_10012_171
171	CAZyme	1	0	CGC1	3300014005.a:Ga0121051_10012	191208	192962	3300014005.a:Ga0121051_10012_172	-	DB= GH43_28|CBM32|GH43_28;ID=3300014005.a:Ga0121051_10012_172	DB= GH43_28|CBM32|GH43_28;ID=3300014005.a:Ga0121051_10012_172
172	null	null	null	CGC1	3300014005.a:Ga0121051_10012	193013	193423	3300014005.a:Ga0121051_10012_173	-	;ID=3300014005.a:Ga0121051_10012_173
173	STP	1	1	CGC1	3300014005.a:Ga0121051_10012	193558	195012	3300014005.a:Ga0121051_10012_174	+	DB=STP|AAA;ID=3300014005.a:Ga0121051_10012_174	DB=STP|AAA;ID=3300014005.a:Ga0121051_10012_174
174	null	null	null	CGC1	3300014005.a:Ga0121051_10012	195046	195540	3300014005.a:Ga0121051_10012_175	-	;ID=3300014005.a:Ga0121051_10012_175
175	TC	2	1	CGC1	3300014005.a:Ga0121051_10012	195541	196584	3300014005.a:Ga0121051_10012_176	-	DB=gnl|TC-DB|P45946|2.A.59.1.2;ID=3300014005.a:Ga0121051_10012_176	DB=gnl|TC-DB|P45946|2.A.59.1.2;ID=3300014005.a:Ga0121051_10012_176
176	null	null	null	CGC1	3300014005.a:Ga0121051_10012	196569	197198	3300014005.a:Ga0121051_10012_177	-	;ID=3300014005.a:Ga0121051_10012_177
177	null	null	null	CGC1	3300014005.a:Ga0121051_10012	197217	197681	3300014005.a:Ga0121051_10012_178	-	;ID=3300014005.a:Ga0121051_10012_178
178	TF	1	2	CGC1	3300014005.a:Ga0121051_10012	197744	198070	3300014005.a:Ga0121051_10012_179	-	DB=DBD-Pfam|HTH_5,DBD-SUPERFAMILY|0043095;ID=3300014005.a:Ga0121051_10012_179	DB=DBD-Pfam|HTH_5,DBD-SUPERFAMILY|0043095;ID=3300014005.a:Ga0121051_10012_179
179	null	null	null	CGC1	3300014005.a:Ga0121051_10012	198586	199014	3300014005.a:Ga0121051_10012_180	+	;ID=3300014005.a:Ga0121051_10012_180
180	TC	7	1	CGC1	3300014005.a:Ga0121051_10012	199054	200331	3300014005.a:Ga0121051_10012_181	+	DB=gnl|TC-DB|Q01857|2.A.23.1.3;ID=3300014005.a:Ga0121051_10012_181	DB=gnl|TC-DB|Q01857|2.A.23.1.3;ID=3300014005.a:Ga0121051_10012_181
+++++
41	TC	0	3	CGC1	3300014005.a:Ga0121051_10026	42100	43566	3300014005.a:Ga0121051_10026_42	+	DB=gnl|TC-DB|Q93N33|2.A.21.9.2;ID=3300014005.a:Ga0121051_10026_42	DB=gnl|TC-DB|Q93N33|2.A.21.9.2;ID=3300014005.a:Ga0121051_10026_42
42	STP	0	0	CGC1	3300014005.a:Ga0121051_10026	43573	47169	3300014005.a:Ga0121051_10026_43	+	DB=STP|CHASE3,STP|GAF,STP|HisKA,STP|HATPase_c,STP|Response_reg,STP|Response_reg,STP|Response_reg;ID=3300014005.a:Ga0121051_10026_43	DB=STP|CHASE3,STP|GAF,STP|HisKA,STP|HATPase_c,STP|Response_reg,STP|Response_reg,STP|Response_reg;ID=3300014005.a:Ga0121051_10026_43
43	STP	0	0	CGC1	3300014005.a:Ga0121051_10026	47171	47536	3300014005.a:Ga0121051_10026_44	+	DB=STP|Response_reg;ID=3300014005.a:Ga0121051_10026_44	DB=STP|Response_reg;ID=3300014005.a:Ga0121051_10026_44
44	STP	0	0	CGC1	3300014005.a:Ga0121051_10026	47536	48366	3300014005.a:Ga0121051_10026_45	+	DB=STP|CheR_N,STP|CheR;ID=3300014005.a:Ga0121051_10026_45	DB=STP|CheR_N,STP|CheR;ID=3300014005.a:Ga0121051_10026_45
45	STP	0	0	CGC1	3300014005.a:Ga0121051_10026	48369	48941	3300014005.a:Ga0121051_10026_46	+	DB=STP|CheB_methylest;ID=3300014005.a:Ga0121051_10026_46	DB=STP|CheB_methylest;ID=3300014005.a:Ga0121051_10026_46
46	STP	0	0	CGC1	3300014005.a:Ga0121051_10026	48958	49320	3300014005.a:Ga0121051_10026_47	+	DB=STP|Response_reg;ID=3300014005.a:Ga0121051_10026_47	DB=STP|Response_reg;ID=3300014005.a:Ga0121051_10026_47
47	TF	0	0	CGC1	3300014005.a:Ga0121051_10026	49421	49942	3300014005.a:Ga0121051_10026_48	-	DB=DBD-Pfam|HTH_3,DBD-SUPERFAMILY|0038966;ID=3300014005.a:Ga0121051_10026_48	DB=DBD-Pfam|HTH_3,DBD-SUPERFAMILY|0038966;ID=3300014005.a:Ga0121051_10026_48
48	TC	1	0	CGC1	3300014005.a:Ga0121051_10026	50240	51295	3300014005.a:Ga0121051_10026_49	-	DB=gnl|TC-DB|F0N2E7|2.A.109.1.2;ID=3300014005.a:Ga0121051_10026_49	DB=gnl|TC-DB|F0N2E7|2.A.109.1.2;ID=3300014005.a:Ga0121051_10026_49
49	null	null	null	CGC1	3300014005.a:Ga0121051_10026	51556	52737	3300014005.a:Ga0121051_10026_50	+	;ID=3300014005.a:Ga0121051_10026_50
50	CAZyme	0	1	CGC1	3300014005.a:Ga0121051_10026	52956	53666	3300014005.a:Ga0121051_10026_51	-	DB=GH16_3| GH16_3;ID=3300014005.a:Ga0121051_10026_51	DB=GH16_3| GH16_3;ID=3300014005.a:Ga0121051_10026_51
51	CAZyme	1	0	CGC1	3300014005.a:Ga0121051_10026	53755	55218	3300014005.a:Ga0121051_10026_52	-	DB=GH30_3| GH30_3;ID=3300014005.a:Ga0121051_10026_52	DB=GH30_3| GH30_3;ID=3300014005.a:Ga0121051_10026_52
52	null	null	null	CGC1	3300014005.a:Ga0121051_10026	55359	56252	3300014005.a:Ga0121051_10026_53	-	;ID=3300014005.a:Ga0121051_10026_53
53	TC	0	1	CGC1	3300014005.a:Ga0121051_10026	56266	57819	3300014005.a:Ga0121051_10026_54	-	DB=gnl|TC-DB|C6Y217|8.A.46.1.3;ID=3300014005.a:Ga0121051_10026_54	DB=gnl|TC-DB|C6Y217|8.A.46.1.3;ID=3300014005.a:Ga0121051_10026_54
54	TC	0	0	CGC1	3300014005.a:Ga0121051_10026	57831	60731	3300014005.a:Ga0121051_10026_55	-	DB=gnl|TC-DB|Q45780|1.B.14.6.1;ID=3300014005.a:Ga0121051_10026_55	DB=gnl|TC-DB|Q45780|1.B.14.6.1;ID=3300014005.a:Ga0121051_10026_55
55	TC	0	0	CGC1	3300014005.a:Ga0121051_10026	60938	62125	3300014005.a:Ga0121051_10026_56	+	DB=gnl|TC-DB|Q07XD1|2.A.1.7.12;ID=3300014005.a:Ga0121051_10026_56	DB=gnl|TC-DB|Q07XD1|2.A.1.7.12;ID=3300014005.a:Ga0121051_10026_56
56	STP	7	0	CGC1	3300014005.a:Ga0121051_10026	62112	62876	3300014005.a:Ga0121051_10026_57	+	DB=STP|NUDIX;ID=3300014005.a:Ga0121051_10026_57	DB=STP|NUDIX;ID=3300014005.a:Ga0121051_10026_57
+++++
45	CAZyme	2	4	CGC1	3300014005.a:Ga0121051_10013	44958	45956	3300014005.a:Ga0121051_10013_46	+	DB= GT2|GT2;ID=3300014005.a:Ga0121051_10013_46	DB= GT2|GT2;ID=3300014005.a:Ga0121051_10013_46
46	null	null	null	CGC1	3300014005.a:Ga0121051_10013	46040	47776	3300014005.a:Ga0121051_10013_47	+	;ID=3300014005.a:Ga0121051_10013_47
47	null	null	null	CGC1	3300014005.a:Ga0121051_10013	47897	48493	3300014005.a:Ga0121051_10013_48	-	;ID=3300014005.a:Ga0121051_10013_48
48	TF	0	2	CGC1	3300014005.a:Ga0121051_10013	48659	49531	3300014005.a:Ga0121051_10013_49	+	DB=DBD-Pfam|HTH_AraC,DBD-Pfam|HTH_AraC,DBD-SUPERFAMILY|0036286,DBD-SUPERFAMILY|0035607;ID=3300014005.a:Ga0121051_10013_49	DB=DBD-Pfam|HTH_AraC,DBD-Pfam|HTH_AraC,DBD-SUPERFAMILY|0036286,DBD-SUPERFAMILY|0035607;ID=3300014005.a:Ga0121051_10013_49
49	STP	1	0	CGC1	3300014005.a:Ga0121051_10013	49536	50690	3300014005.a:Ga0121051_10013_50	-	DB=STP|Aminotran_1_2;ID=3300014005.a:Ga0121051_10013_50	DB=STP|Aminotran_1_2;ID=3300014005.a:Ga0121051_10013_50
50	null	null	null	CGC1	3300014005.a:Ga0121051_10013	50706	52238	3300014005.a:Ga0121051_10013_51	-	;ID=3300014005.a:Ga0121051_10013_51
51	STP	2	1	CGC1	3300014005.a:Ga0121051_10013	52529	53362	3300014005.a:Ga0121051_10013_52	-	DB=STP|ACT;ID=3300014005.a:Ga0121051_10013_52	DB=STP|ACT;ID=3300014005.a:Ga0121051_10013_52
52	null	null	null	CGC1	3300014005.a:Ga0121051_10013	53426	55234	3300014005.a:Ga0121051_10013_53	-	;ID=3300014005.a:Ga0121051_10013_53
53	null	null	null	CGC1	3300014005.a:Ga0121051_10013	55360	56523	3300014005.a:Ga0121051_10013_54	-	;ID=3300014005.a:Ga0121051_10013_54
54	TC	8	2	CGC1	3300014005.a:Ga0121051_10013	56995	58392	3300014005.a:Ga0121051_10013_55	-	DB=gnl|TC-DB|P31474|2.A.1.3.51;ID=3300014005.a:Ga0121051_10013_55	DB=gnl|TC-DB|P31474|2.A.1.3.51;ID=3300014005.a:Ga0121051_10013_55
+++++
