0039384	65	3300012295.a:Ga0118474_10001_139	234	4.1e-07	11	64	17	70	0.8153846153846154
0039384	65	3300012295.a:Ga0118474_10001_140	266	2.5e-05	11	63	40	92	0.8
0044030	41	3300012295.a:Ga0118474_10001_165	160	8.6e-12	1	34	125	158	0.8048780487804879
0045030	74	3300012295.a:Ga0118474_10001_224	203	4e-05	10	47	13	50	0.5
0038753	71	3300012295.a:Ga0118474_10001_237	315	1.3e-06	10	61	10	53	0.7183098591549296
0043758	87	3300012295.a:Ga0118474_10001_274	340	8.7e-26	1	81	1	81	0.9195402298850575
0041150	134	3300012295.a:Ga0118474_10001_307	139	3.3e-33	9	133	3	127	0.9253731343283582
0039384	65	3300012295.a:Ga0118474_10001_324	471	6.1e-07	14	63	35	84	0.7538461538461538
0043707	64	3300012295.a:Ga0118474_10001_369	92	6.7e-11	3	61	10	69	0.90625
0043758	87	3300012295.a:Ga0118474_10001_370	268	2e-13	3	73	13	76	0.8045977011494253
0043758	87	3300012295.a:Ga0118474_10001_383	225	3.7e-08	4	61	30	86	0.6551724137931034
0037767	80	3300012295.a:Ga0118474_10001_66	242	3.4e-12	24	72	18	66	0.6
0040266	151	3300012295.a:Ga0118474_10002_284	384	6.3e-07	25	88	28	96	0.41721854304635764
0044258	100	3300012295.a:Ga0118474_10003_183	770	2.9e-09	11	64	7	60	0.53
0037767	80	3300012295.a:Ga0118474_10003_240	248	2.4e-08	2	71	20	84	0.8625
0036955	59	3300012295.a:Ga0118474_10003_247	327	1.8e-14	3	58	4	59	0.9322033898305084
0040266	151	3300012295.a:Ga0118474_10003_273	233	6.3e-14	22	138	6	125	0.7682119205298014
0040266	151	3300012295.a:Ga0118474_10003_296	240	2.8e-10	22	82	14	74	0.3973509933774834
0040586	141	3300012295.a:Ga0118474_10003_320	180	2.1e-25	6	138	39	172	0.9361702127659575
0039384	65	3300012295.a:Ga0118474_10003_82	310	7.8e-09	6	61	49	104	0.8461538461538461
0037767	80	3300012295.a:Ga0118474_10003_9	277	3.1e-15	1	78	195	273	0.9625
0045030	74	3300012295.a:Ga0118474_10004_161	291	6.1e-05	25	55	36	66	0.40540540540540543
0042546	127	3300012295.a:Ga0118474_10004_212	196	1.6e-16	6	88	44	129	0.6456692913385826
0042546	127	3300012295.a:Ga0118474_10004_214	238	1.1e-14	11	76	21	86	0.5118110236220472
0040586	141	3300012295.a:Ga0118474_10004_62	162	4.6e-22	29	139	36	146	0.7801418439716312
0043669	98	3300012295.a:Ga0118474_10004_67	140	5.1e-21	9	83	15	89	0.7551020408163265
0043707	64	3300012295.a:Ga0118474_10004_70	509	4e-12	3	56	9	63	0.828125
0040517	144	3300012295.a:Ga0118474_10004_77	164	2.6e-12	28	91	17	80	0.4375
0043669	98	3300012295.a:Ga0118474_10005_10	337	3.2e-06	22	69	169	217	0.47959183673469385
0036955	59	3300012295.a:Ga0118474_10005_107	336	2.8e-17	2	58	4	60	0.9491525423728814
0039384	65	3300012295.a:Ga0118474_10005_121	631	2.1e-06	4	60	3	61	0.8615384615384616
0043758	87	3300012295.a:Ga0118474_10005_124	245	2.9e-13	21	79	8	64	0.6666666666666666
0043758	87	3300012295.a:Ga0118474_10005_152	253	2.3e-09	4	67	8	64	0.7241379310344828
0036955	59	3300012295.a:Ga0118474_10005_178	339	4.3e-14	5	58	1	54	0.8983050847457628
0040266	151	3300012295.a:Ga0118474_10005_184	194	5.3e-09	34	113	26	100	0.5231788079470199
0036955	59	3300012295.a:Ga0118474_10005_31	336	3.2e-17	2	57	7	62	0.9322033898305084
0038753	71	3300012295.a:Ga0118474_10005_41	316	1.6e-05	26	61	16	51	0.49295774647887325
0038753	71	3300012295.a:Ga0118474_10005_51	325	1.4e-05	25	61	20	56	0.5070422535211268
0043758	87	3300012295.a:Ga0118474_10005_67	269	4.5e-12	4	66	14	69	0.7126436781609196
0036955	59	3300012295.a:Ga0118474_10005_71	336	1.3e-13	3	52	11	60	0.8305084745762712
0039384	65	3300012295.a:Ga0118474_10006_136	406	9.6e-07	7	49	2	43	0.6461538461538462
0039384	65	3300012295.a:Ga0118474_10006_136	406	1.9e-06	8	52	87	135	0.676923076923077
0043935	94	3300012295.a:Ga0118474_10006_15	114	1.7e-15	4	93	12	107	0.9468085106382979
0036955	59	3300012295.a:Ga0118474_10006_160	337	1.4e-17	2	58	3	59	0.9491525423728814
0040586	141	3300012295.a:Ga0118474_10006_17	180	2.6e-24	6	138	42	175	0.9361702127659575
0036955	59	3300012295.a:Ga0118474_10006_57	362	7.3e-14	3	51	4	52	0.8135593220338984
0043669	98	3300012295.a:Ga0118474_10006_61	255	4.3e-14	20	91	25	106	0.7244897959183674
0043935	94	3300012295.a:Ga0118474_10007_113	192	5.6e-12	8	80	4	81	0.7659574468085106
0043758	87	3300012295.a:Ga0118474_10007_45	254	2e-09	4	66	5	60	0.7126436781609196
0039384	65	3300012295.a:Ga0118474_10007_65	258	1.6e-08	16	61	50	97	0.6923076923076923
0037767	80	3300012295.a:Ga0118474_10008_121	245	5.4e-09	2	70	21	80	0.85
0044258	100	3300012295.a:Ga0118474_10008_126	315	2.1e-05	25	91	12	72	0.66
0042546	127	3300012295.a:Ga0118474_10008_79	154	2.3e-21	1	110	24	111	0.8582677165354331
0043669	98	3300012295.a:Ga0118474_10009_34	240	2.3e-05	27	75	15	63	0.4897959183673469
0043935	94	3300012295.a:Ga0118474_10009_61	112	3.9e-15	2	89	7	100	0.925531914893617
0040517	144	3300012295.a:Ga0118474_10010_51	144	3.1e-32	1	134	10	142	0.9236111111111112
0037456	76	3300012295.a:Ga0118474_10010_59	135	3.3e-05	35	67	2	34	0.42105263157894735
0040517	144	3300012295.a:Ga0118474_10012_44	117	1.7e-22	35	137	2	107	0.7083333333333334
0040266	151	3300012295.a:Ga0118474_10012_8	253	2.4e-10	24	118	6	96	0.6225165562913907
0043669	98	3300012295.a:Ga0118474_10013_1	286	3.9e-05	22	75	223	277	0.5408163265306123
0037456	76	3300012295.a:Ga0118474_10013_23	183	1.5e-16	1	67	11	77	0.868421052631579
0043669	98	3300012295.a:Ga0118474_10014_13	189	5.4e-05	32	74	118	162	0.42857142857142855
0043707	64	3300012295.a:Ga0118474_10014_15	198	8.3e-14	3	61	15	74	0.90625
0036955	59	3300012295.a:Ga0118474_10014_2	337	2.1e-18	2	59	11	68	0.9661016949152542
