3300029582.a:Ga0245118_100174_2	gnl|TC-DB|P75892|2.A.40.1.3	26.0	447	284	13	33	462	12	428	4.9e-26	115.5
3300029582.a:Ga0245118_100174_22	gnl|TC-DB|Q9ZK21|1.C.82.1.1	55.4	224	96	2	5	225	4	226	1.2e-65	246.1
3300029582.a:Ga0245118_100174_33	gnl|TC-DB|J7JIE8|2.A.21.2.4	43.8	477	250	7	14	485	1	464	5.8e-102	367.9
3300029582.a:Ga0245118_100174_36	gnl|TC-DB|A0NP85|1.A.1.24.5	29.6	284	178	7	3	266	11	292	3.2e-24	109.0
3300029582.a:Ga0245118_100174_41	gnl|TC-DB|Q5G3M3|3.A.7.19.1	39.1	156	81	5	1	149	2	150	1.5e-21	99.0
3300029582.a:Ga0245118_100174_43	gnl|TC-DB|P42332|3.A.1.131.1	37.2	304	189	1	2	303	1	304	1.1e-53	206.8
3300029582.a:Ga0245118_100174_52	gnl|TC-DB|P37908|9.A.40.2.4	28.2	379	264	4	41	415	42	416	3.3e-37	152.5
3300029582.a:Ga0245118_100174_54	gnl|TC-DB|Q83XH1|3.A.1.121.4	81.9	540	98	0	1	540	1	540	1.1e-263	905.2
3300029582.a:Ga0245118_100174_58	gnl|TC-DB|Q9L026|3.A.1.1.21	28.5	291	187	6	13	299	32	305	6.7e-24	107.8
3300029582.a:Ga0245118_100174_59	gnl|TC-DB|Q93J92|3.A.1.1.36	28.0	271	190	4	15	284	32	298	2.2e-29	125.9
3300029582.a:Ga0245118_100174_60	gnl|TC-DB|A9KQL1|9.B.28.1.2	33.8	204	124	4	7	207	6	201	3.2e-22	102.1
3300029582.a:Ga0245118_100174_75	gnl|TC-DB|E8XKQ3|9.B.100.1.1	29.0	224	151	4	1	223	1	217	2.9e-16	82.0
3300029582.a:Ga0245118_100174_82	gnl|TC-DB|Q0ZAI3|2.A.19.5.2	29.5	325	211	7	1	313	1	319	3.7e-25	112.1
3300029582.a:Ga0245118_100174_83	gnl|TC-DB|P07117|2.A.21.2.1	26.9	442	292	10	1	427	1	426	1.6e-30	130.6
3300029582.a:Ga0245118_100174_84	gnl|TC-DB|Q58439|1.A.35.3.1	27.0	296	195	4	23	309	30	313	5.8e-23	104.8
3300029582.a:Ga0245118_100174_94	gnl|TC-DB|Q58715|2.A.22.5.1	28.5	473	294	7	1	456	1	446	7.1e-49	191.4
3300029582.a:Ga0245118_100174_96	gnl|TC-DB|B3S9N4|9.B.55.2.2	42.5	120	60	2	4	115	171	289	5.7e-19	90.1
3300029582.a:Ga0245118_100246_15	gnl|TC-DB|Q9JV27|2.A.66.1.10	22.1	344	251	8	22	356	18	353	2.1e-11	67.0
3300029582.a:Ga0245118_100246_16	gnl|TC-DB|C9XJX0|3.A.1.147.6	64.7	232	82	0	1	232	22	253	2.3e-88	321.6
3300029582.a:Ga0245118_100246_17	gnl|TC-DB|C9XJW9|3.A.1.147.6	24.4	537	391	10	2	532	4	531	2.0e-23	107.1
3300029582.a:Ga0245118_100246_18	gnl|TC-DB|A4VGV1|1.C.113.1.3	34.8	207	112	6	56	249	8	204	5.5e-24	107.8
3300029582.a:Ga0245118_100246_22	gnl|TC-DB|H1HDR4|2.A.79.1.4	27.3	249	173	4	12	256	2	246	8.4e-15	77.4
3300029582.a:Ga0245118_100246_34	gnl|TC-DB|Q9WYC3|3.A.1.135.5	37.1	577	355	5	2	575	1	572	1.7e-92	336.7
3300029582.a:Ga0245118_100246_35	gnl|TC-DB|Q9WYC4|3.A.1.135.5	40.4	614	324	5	30	643	19	590	3.1e-119	425.6
3300029582.a:Ga0245118_100246_45	gnl|TC-DB|Q2G140|2.A.66.1.13	23.1	376	278	4	12	383	16	384	1.3e-20	97.4
3300029582.a:Ga0245118_100246_46	gnl|TC-DB|C8X4B7|2.A.115.1.5	25.5	271	184	3	16	279	16	275	3.4e-17	85.5
3300029582.a:Ga0245118_100246_49	gnl|TC-DB|C0QCR7|8.A.59.4.1	30.8	195	120	3	483	662	344	538	2.7e-24	110.9
3300029582.a:Ga0245118_100109_8	gnl|TC-DB|P43439|3.A.2.2.2	25.9	684	465	16	1	667	1	659	6.1e-54	208.8
3300029582.a:Ga0245118_100109_9	gnl|TC-DB|P43457|3.A.2.2.2	41.6	149	81	1	4	152	11	153	5.0e-23	104.0
3300029582.a:Ga0245118_100109_12	gnl|TC-DB|P43455|3.A.2.2.2	39.3	107	53	2	2	102	3	103	1.3e-14	75.5
3300029582.a:Ga0245118_100109_13	gnl|TC-DB|D3E1Z1|3.A.2.3.2	62.2	577	213	3	4	579	5	577	1.3e-209	725.7
3300029582.a:Ga0245118_100109_14	gnl|TC-DB|Q08637|3.A.2.2.2	74.0	453	118	0	1	453	1	453	7.5e-197	682.9
3300029582.a:Ga0245118_100109_15	gnl|TC-DB|P43435|3.A.2.2.2	50.0	196	98	0	6	201	5	200	2.2e-48	188.7
3300029582.a:Ga0245118_100109_21	gnl|TC-DB|Q5HGY5|3.A.1.11.8	56.9	341	144	3	11	349	4	343	4.0e-108	388.3
3300029582.a:Ga0245118_100109_22	gnl|TC-DB|Q7A678|3.A.1.11.8	33.6	250	145	8	4	237	1	245	1.9e-27	119.4
3300029582.a:Ga0245118_100109_23	gnl|TC-DB|Q97Q44|3.A.1.11.7	34.4	262	162	5	1	260	1	254	4.1e-30	128.3
3300029582.a:Ga0245118_100109_24	gnl|TC-DB|Q97Q45|3.A.1.11.7	27.6	286	161	9	138	421	60	301	3.5e-23	106.3
3300029582.a:Ga0245118_100109_62	gnl|TC-DB|C0QCR7|8.A.59.4.1	38.3	188	101	3	326	498	351	538	1.5e-30	131.0
3300029582.a:Ga0245118_100109_63	gnl|TC-DB|Q93N33|2.A.21.9.2	25.6	258	173	5	200	449	765	1011	3.7e-18	90.1
3300029582.a:Ga0245118_100109_72	gnl|TC-DB|P43440|2.A.38.4.1	34.9	450	274	6	8	445	9	451	3.3e-64	242.3
3300029582.a:Ga0245118_100109_73	gnl|TC-DB|P39760|2.A.38.4.4	39.5	210	127	0	2	211	3	212	2.3e-39	158.7
3300029582.a:Ga0245118_100109_77	gnl|TC-DB|P29939|2.A.7.2.1	44.8	134	74	0	2	135	5	138	3.3e-26	115.5
3300029582.a:Ga0245118_100109_79	gnl|TC-DB|O67997|1.A.11.1.4	45.2	407	215	4	1	406	39	438	2.3e-91	332.4
3300029582.a:Ga0245118_100109_81	gnl|TC-DB|A9BJX0|3.A.3.2.21	41.4	896	479	9	10	881	6	879	5.8e-177	617.8
3300029582.a:Ga0245118_100109_82	gnl|TC-DB|D9RF44|2.A.20.1.7	37.3	279	170	2	57	335	45	318	4.2e-46	181.8
3300029582.a:Ga0245118_100109_84	gnl|TC-DB|P72358|1.E.14.1.1	30.4	112	74	2	3	112	15	124	1.2e-11	65.9
3300029582.a:Ga0245118_100109_85	gnl|TC-DB|I6TRN5|2.A.122.1.4	31.6	228	153	3	1	227	1	226	1.7e-32	136.0
3300029582.a:Ga0245118_100109_90	gnl|TC-DB|C7N858|2.A.115.2.14	33.6	143	90	2	3	140	222	364	1.3e-17	86.3
3300029582.a:Ga0245118_100109_91	gnl|TC-DB|P70423|2.A.3.3.5	24.5	420	275	11	10	401	30	435	2.6e-12	70.9
3300029582.a:Ga0245118_100109_93	gnl|TC-DB|Q8PUP5|9.B.143.2.3	37.3	217	135	1	2	217	10	226	5.8e-33	137.5
3300029582.a:Ga0245118_100019_9	gnl|TC-DB|P31466|2.A.40.7.6	35.5	485	254	6	1	483	15	442	7.5e-70	261.2
3300029582.a:Ga0245118_100019_20	gnl|TC-DB|Q8VRK4|3.A.11.1.3	36.3	273	162	4	86	357	70	331	8.1e-37	151.0
3300029582.a:Ga0245118_100019_23	gnl|TC-DB|J8ABC0|3.A.1.105.9	32.5	317	206	2	1	316	1	310	8.8e-51	197.2
3300029582.a:Ga0245118_100019_26	gnl|TC-DB|P94400|9.B.10.1.1	24.3	206	125	4	4	179	6	210	4.0e-15	79.0
3300029582.a:Ga0245118_100019_27	gnl|TC-DB|P0C0S1|1.A.23.2.1	31.0	271	185	1	30	300	8	276	2.0e-31	132.9
3300029582.a:Ga0245118_100019_49	gnl|TC-DB|P33699|2.A.66.2.2	21.7	410	310	3	13	421	13	412	1.9e-20	97.1
3300029582.a:Ga0245118_100019_52	gnl|TC-DB|Q54066|4.D.1.1.2	29.7	128	89	1	6	133	49	175	1.2e-12	70.5
3300029582.a:Ga0245118_100019_54	gnl|TC-DB|Q55487|4.D.2.1.9	35.3	309	190	5	5	311	5	305	2.6e-47	185.7
3300029582.a:Ga0245118_100019_62	gnl|TC-DB|P72770|2.A.53.4.1	30.1	522	361	2	5	523	12	532	1.3e-59	227.6
3300029582.a:Ga0245118_100019_67	gnl|TC-DB|J8IXD8|1.C.109.1.5	53.0	270	122	2	2	266	5	274	7.7e-77	283.5
3300029582.a:Ga0245118_100019_78	gnl|TC-DB|P49781|9.B.70.1.1	31.6	133	86	3	1	132	1	129	2.8e-14	74.7
3300029582.a:Ga0245118_100019_81	gnl|TC-DB|Q01367|9.B.70.1.1	38.8	309	169	5	5	306	3	298	2.9e-59	225.3
3300029582.a:Ga0245118_100019_94	gnl|TC-DB|Q8VRL3|3.A.11.1.3	33.0	400	262	3	1	395	36	434	5.6e-63	238.0
3300029582.a:Ga0245118_100019_95	gnl|TC-DB|P24559|3.A.15.2.1	49.7	340	170	1	2	341	1	339	9.9e-88	320.1
3300029582.a:Ga0245118_100019_96	gnl|TC-DB|Q8F3M7|3.A.15.4.1	41.4	558	317	5	12	564	4	556	2.3e-110	396.0
3300029582.a:Ga0245118_100019_113	gnl|TC-DB|G4NXA5|1.A.33.1.4	63.6	616	211	5	1	615	1	604	5.0e-212	733.8
3300029582.a:Ga0245118_100019_123	gnl|TC-DB|P40869|9.A.11.1.1	41.9	329	190	1	6	334	5	332	2.1e-74	275.8
3300029582.a:Ga0245118_100019_124	gnl|TC-DB|B2UHN5|2.A.49.9.2	34.3	391	256	1	23	413	18	407	3.1e-62	235.7
3300029582.a:Ga0245118_100019_127	gnl|TC-DB|P40868|9.A.11.1.1	36.5	137	86	1	7	142	5	141	2.6e-21	98.2
3300029582.a:Ga0245118_100019_128	gnl|TC-DB|P40867|9.A.11.1.1	34.8	132	84	2	1	131	1	131	6.3e-14	73.6
3300029582.a:Ga0245118_100019_129	gnl|TC-DB|P40866|9.A.11.1.1	27.0	204	140	5	5	205	5	202	3.9e-15	78.2
3300029582.a:Ga0245118_100019_138	gnl|TC-DB|Q9WYC4|3.A.1.135.5	40.6	571	336	2	14	584	24	591	1.2e-127	453.4
3300029582.a:Ga0245118_100019_139	gnl|TC-DB|Q9WYC3|3.A.1.135.5	37.8	569	353	1	1	569	1	568	1.8e-110	396.4
3300029582.a:Ga0245118_100019_141	gnl|TC-DB|Q0PBV6|9.A.40.2.2	32.7	260	163	6	6	260	193	445	3.6e-34	141.7
3300029582.a:Ga0245118_100019_147	gnl|TC-DB|P07373|2.A.103.1.3	35.6	354	222	3	28	375	9	362	1.1e-55	213.8
3300029582.a:Ga0245118_100019_149	gnl|TC-DB|P0A6W3|9.B.146.1.6	44.3	336	168	5	3	319	22	357	1.1e-64	243.4
3300029582.a:Ga0245118_100019_159	gnl|TC-DB|O34474|2.A.66.1.25	24.7	450	313	5	13	445	17	457	2.6e-32	136.3
3300029582.a:Ga0245118_100019_166	gnl|TC-DB|O32095|2.A.86.1.8	23.6	343	225	5	37	374	30	340	6.8e-19	92.0
3300029582.a:Ga0245118_100019_168	gnl|TC-DB|P0AA53|8.A.21.2.2	41.7	175	102	0	9	183	5	179	2.7e-36	149.1
3300029582.a:Ga0245118_100019_196	gnl|TC-DB|P39695|3.A.11.1.1	25.1	665	445	12	149	796	125	753	1.8e-52	204.1
3300029582.a:Ga0245118_100019_198	gnl|TC-DB|Q93N33|2.A.21.9.2	26.8	246	171	5	264	503	770	1012	5.0e-16	82.4
3300029582.a:Ga0245118_100019_200	gnl|TC-DB|P39694|3.A.11.1.1	42.0	143	83	0	82	224	62	204	1.1e-26	116.7
3300029582.a:Ga0245118_100019_212	gnl|TC-DB|Q9A0K0|3.A.1.105.7	42.4	309	172	5	8	315	4	307	1.2e-63	240.0
3300029582.a:Ga0245118_100019_245	gnl|TC-DB|F2KQZ0|4.D.2.1.6	32.4	207	139	1	13	219	7	212	3.4e-26	115.2
3300029582.a:Ga0245118_100019_249	gnl|TC-DB|917585193|9.B.18.1.3	34.4	270	167	3	175	440	186	449	1.5e-36	150.6
3300029582.a:Ga0245118_100019_251	gnl|TC-DB|Q9MUK5|3.A.9.1.1	45.0	129	71	0	104	232	96	224	1.1e-23	107.8
3300029582.a:Ga0245118_100019_261	gnl|TC-DB|I6L8P4|2.A.66.1.33	35.5	425	266	5	11	430	6	427	2.2e-58	223.0
3300029582.a:Ga0245118_100019_264	gnl|TC-DB|Q9HV74|2.A.21.9.1	28.7	251	157	9	140	380	735	973	1.5e-17	87.0
3300029582.a:Ga0245118_100094_22	gnl|TC-DB|H8E4X1|9.B.18.1.2	30.4	411	252	8	78	477	131	518	1.7e-42	170.2
3300029582.a:Ga0245118_100094_24	gnl|TC-DB|Q93NW3|8.A.3.2.2	35.7	196	124	1	16	211	18	211	3.0e-30	128.6
3300029582.a:Ga0245118_100094_25	gnl|TC-DB|Q93E03|8.A.3.2.3	34.4	227	140	3	29	250	7	229	8.3e-26	114.0
3300029582.a:Ga0245118_100094_36	gnl|TC-DB|Q9JV27|2.A.66.1.10	21.4	487	314	6	21	489	15	450	2.0e-17	87.0
3300029582.a:Ga0245118_100094_40	gnl|TC-DB|Q8I553|3.A.16.1.3	30.8	117	79	1	11	127	8	122	3.7e-12	68.6
3300029582.a:Ga0245118_100094_51	gnl|TC-DB|Q8ID54|3.A.25.2.1	35.6	253	155	5	3	248	82	333	1.3e-34	143.3
3300029582.a:Ga0245118_100094_57	gnl|TC-DB|Q97NG5|2.A.66.1.34	21.2	377	287	3	31	407	1	367	1.4e-20	97.4
3300029582.a:Ga0245118_100094_63	gnl|TC-DB|P0A4W2|3.A.1.6.3	59.6	225	91	0	10	234	14	238	7.4e-75	277.3
3300029582.a:Ga0245118_100094_64	gnl|TC-DB|P0AEB0|3.A.1.6.1	41.2	294	157	6	1	287	1	285	1.5e-54	209.5
3300029582.a:Ga0245118_100094_65	gnl|TC-DB|P16701|3.A.1.6.1	45.7	267	144	1	19	285	8	273	5.3e-63	237.7
3300029582.a:Ga0245118_100094_66	gnl|TC-DB|P0AG78|3.A.1.6.1	56.2	306	130	4	31	333	22	326	1.4e-91	332.8
3300029582.a:Ga0245118_100094_76	gnl|TC-DB|Q9F9T4|3.A.1.5.23	29.2	219	128	7	24	230	340	543	5.5e-16	81.3
3300029582.a:Ga0245118_100094_84	gnl|TC-DB|Q8DT26|3.A.1.1.27	32.2	270	173	7	30	293	13	278	1.9e-23	106.3
3300029582.a:Ga0245118_100094_85	gnl|TC-DB|P94529|3.A.1.1.34	32.8	250	152	8	5	250	17	254	5.0e-20	95.1
3300029582.a:Ga0245118_100094_96	gnl|TC-DB|P96117|3.A.1.15.8	35.9	192	120	2	8	196	15	206	7.1e-29	124.0
3300029582.a:Ga0245118_100094_97	gnl|TC-DB|O34966|3.A.1.15.11	30.3	320	196	7	22	339	21	315	7.9e-26	114.4
3300029582.a:Ga0245118_100094_111	gnl|TC-DB|P75957|3.A.1.125.1	41.7	230	132	2	1	229	1	229	1.0e-46	183.3
3300029582.a:Ga0245118_100273_28	gnl|TC-DB|D4ZZR3|9.B.34.1.3	26.9	360	233	10	47	376	33	392	8.6e-21	97.8
3300029582.a:Ga0245118_100273_31	gnl|TC-DB|P76481|1.A.13.2.3	40.0	452	244	5	121	566	102	532	6.3e-82	301.6
3300029582.a:Ga0245118_100273_40	gnl|TC-DB|P0AGE4|2.A.23.4.1	56.4	385	164	3	12	394	17	399	4.7e-105	377.9
3300029582.a:Ga0245118_100273_42	gnl|TC-DB|E8MFM3|3.A.1.135.6	44.9	606	326	4	16	614	2	606	1.2e-136	483.4
3300029582.a:Ga0245118_100273_43	gnl|TC-DB|E8MFM4|3.A.1.135.6	47.7	537	230	7	232	720	90	623	6.9e-128	454.5
3300029582.a:Ga0245118_100273_47	gnl|TC-DB|K4IPL7|2.A.45.2.6	45.1	384	182	4	12	372	9	386	1.1e-76	283.5
3300029582.a:Ga0245118_100273_51	gnl|TC-DB|I6L8P4|2.A.66.1.33	29.1	433	299	4	17	445	3	431	3.7e-50	195.7
3300029582.a:Ga0245118_100273_56	gnl|TC-DB|Q8RHM5|2.A.22.5.2	42.0	440	248	4	3	440	4	438	1.4e-91	333.2
3300029582.a:Ga0245118_100273_58	gnl|TC-DB|E0QJ98|4.D.2.1.5	22.2	333	249	3	1	327	1	329	5.3e-22	101.7
3300029582.a:Ga0245118_100273_64	gnl|TC-DB|P08956|3.A.17.1.1	24.9	390	209	16	238	561	458	829	5.9e-13	73.2
3300029582.a:Ga0245118_100025_8	gnl|TC-DB|D4ZZR3|9.B.34.1.3	30.7	163	107	3	286	442	229	391	2.9e-15	80.1
3300029582.a:Ga0245118_100025_25	gnl|TC-DB|A8TDW7|3.A.1.122.7	45.3	234	122	3	4	232	52	284	3.8e-51	198.0
3300029582.a:Ga0245118_100025_33	gnl|TC-DB|Q8Y5F0|3.A.1.134.12	46.7	257	135	1	1	257	1	255	7.8e-66	246.9
3300029582.a:Ga0245118_100025_40	gnl|TC-DB|Q9X053|3.A.1.2.19	28.9	287	190	7	54	332	34	314	2.5e-24	109.4
3300029582.a:Ga0245118_100025_41	gnl|TC-DB|G4FGN3|3.A.1.2.20	48.3	493	250	4	5	496	4	492	1.3e-125	446.4
3300029582.a:Ga0245118_100025_42	gnl|TC-DB|A8H4W6|3.A.1.2.15	40.2	336	179	4	8	322	4	338	1.9e-64	242.7
3300029582.a:Ga0245118_100025_47	gnl|TC-DB|P39580|2.A.50.2.1	30.1	319	198	6	117	424	82	386	6.3e-30	128.6
3300029582.a:Ga0245118_100025_62	gnl|TC-DB|Q99ZC8|3.A.1.132.6	38.8	227	139	0	1	227	4	230	7.2e-47	183.7
3300029582.a:Ga0245118_100025_69	gnl|TC-DB|P0AAP1|9.B.34.1.2	26.2	233	158	6	176	398	141	369	1.8e-14	77.4
3300029582.a:Ga0245118_100025_70	gnl|TC-DB|Q9KAX3|2.A.66.1.32	27.8	424	288	8	14	430	18	430	3.0e-41	166.0
3300029582.a:Ga0245118_100025_72	gnl|TC-DB|O07942|2.A.78.1.1	36.0	214	136	1	5	217	29	242	3.5e-38	154.8
3300029582.a:Ga0245118_100025_73	gnl|TC-DB|O07923|2.A.78.1.1	41.6	101	59	0	7	107	9	109	1.1e-13	72.4
3300029582.a:Ga0245118_100025_77	gnl|TC-DB|P49022|9.B.74.1.1	41.1	209	118	4	1	209	4	207	2.3e-35	147.1
3300029582.a:Ga0245118_100025_79	gnl|TC-DB|P49022|9.B.74.1.1	36.4	220	138	2	6	224	9	227	2.7e-28	123.6
3300029582.a:Ga0245118_100025_82	gnl|TC-DB|Q9KDT3|2.A.22.5.3	34.7	453	278	6	10	457	9	448	3.0e-69	259.2
3300029582.a:Ga0245118_100025_88	gnl|TC-DB|Q8N1S5|2.A.5.5.2	32.5	329	142	5	8	258	16	342	7.9e-34	140.6
3300029582.a:Ga0245118_100025_94	gnl|TC-DB|Q58206|3.A.1.122.14	47.5	223	111	3	3	219	1	223	2.6e-52	201.8
3300029582.a:Ga0245118_100025_112	gnl|TC-DB|A6MER5|3.A.1.124.4	38.7	194	115	3	3	193	7	199	5.1e-31	131.0
3300029582.a:Ga0245118_100025_118	gnl|TC-DB|M7AKZ4|2.A.58.2.2	28.8	552	364	8	5	547	3	534	2.5e-48	189.9
3300029582.a:Ga0245118_100025_126	gnl|TC-DB|O51234|3.A.1.7.5	40.4	272	154	3	6	269	21	292	6.2e-45	177.6
3300029582.a:Ga0245118_100025_127	gnl|TC-DB|O51234|3.A.1.7.5	36.3	281	153	7	66	324	16	292	5.2e-30	128.3
3300029582.a:Ga0245118_100025_128	gnl|TC-DB|O51236|3.A.1.7.5	62.5	251	93	1	3	252	10	260	4.4e-90	327.4
3300029582.a:Ga0245118_100025_131	gnl|TC-DB|M7AKZ4|2.A.58.2.2	32.2	572	327	15	6	554	6	539	1.5e-67	253.8
3300029582.a:Ga0245118_100025_133	gnl|TC-DB|Q93N33|2.A.21.9.2	28.4	268	169	8	190	447	757	1011	1.2e-16	84.3
3300029582.a:Ga0245118_100025_146	gnl|TC-DB|Q9R7V3|3.A.1.21.1	32.9	568	363	7	23	583	29	585	5.7e-80	295.0
3300029582.a:Ga0245118_100025_147	gnl|TC-DB|Q9Z375|3.A.1.21.1	31.7	521	343	6	60	574	73	586	2.9e-68	256.1
3300029582.a:Ga0245118_100025_174	gnl|TC-DB|P16336|3.A.5.2.1	43.5	444	227	10	1	435	1	429	2.4e-91	332.4
3300029582.a:Ga0245118_100025_184	gnl|TC-DB|O34362|3.A.1.30.1	31.6	510	318	12	30	529	26	514	2.8e-73	272.7
3300029582.a:Ga0245118_100025_185	gnl|TC-DB|A2RI03|3.A.1.25.4	38.9	262	159	1	2	262	1	262	7.3e-51	197.2
3300029582.a:Ga0245118_100025_190	gnl|TC-DB|Q92N44|2.A.4.7.7	25.6	293	205	7	32	318	16	301	9.5e-15	77.8
3300029582.a:Ga0245118_100025_192	gnl|TC-DB|P42200|3.A.1.3.14	34.7	213	126	4	15	225	28	229	2.5e-23	105.5
3300029582.a:Ga0245118_100025_193	gnl|TC-DB|P39456|3.A.1.3.14	51.2	254	111	4	3	256	1	241	4.1e-67	251.1
3300029582.a:Ga0245118_100025_196	gnl|TC-DB|Q8NMV3|3.A.1.1.45	40.7	452	228	9	6	438	7	437	5.8e-93	337.8
3300029582.a:Ga0245118_100025_197	gnl|TC-DB|Q8NMV4|3.A.1.1.45	52.1	280	133	1	1	279	1	280	6.2e-77	283.9
3300029582.a:Ga0245118_100025_198	gnl|TC-DB|Q8NMV5|3.A.1.1.45	51.3	302	136	3	7	297	3	304	9.2e-79	290.0
3300029582.a:Ga0245118_100025_207	gnl|TC-DB|Q65NC0|2.A.47.1.13	29.5	485	318	14	8	473	59	538	4.3e-46	182.2
3300029582.a:Ga0245118_100025_210	gnl|TC-DB|P31552|4.C.1.1.6	23.0	499	345	11	18	482	24	517	6.7e-26	115.2
3300029582.a:Ga0245118_100025_213	gnl|TC-DB|O32219|3.A.3.6.10	58.6	590	240	1	47	636	115	700	3.4e-187	651.4
3300029582.a:Ga0245118_100025_216	gnl|TC-DB|Q8IUA7|3.A.1.211.16	29.2	243	145	7	6	236	480	707	2.7e-17	85.9
3300029582.a:Ga0245118_100025_226	gnl|TC-DB|Q58119|2.A.66.1.26	23.6	419	300	9	1	407	4	414	2.5e-16	83.2
3300029582.a:Ga0245118_100025_235	gnl|TC-DB|I6L8P4|2.A.66.1.33	31.4	401	269	3	1	396	1	400	4.7e-50	195.3
3300029582.a:Ga0245118_100025_246	gnl|TC-DB|P10408|3.A.5.1.1	47.4	905	414	5	3	855	5	899	3.9e-223	771.2
3300029582.a:Ga0245118_100034_4	gnl|TC-DB|Q83XH1|3.A.1.121.4	33.3	534	342	8	2	531	1	524	2.0e-78	290.0
3300029582.a:Ga0245118_100034_8	gnl|TC-DB|A9NEB8|2.A.87.3.3	35.8	148	93	2	9	155	5	151	6.3e-16	80.5
3300029582.a:Ga0245118_100034_9	gnl|TC-DB|C4N8U0|3.D.6.1.2	42.5	440	245	4	5	441	7	441	2.0e-98	355.9
3300029582.a:Ga0245118_100034_10	gnl|TC-DB|C4N8U1|3.D.6.1.2	45.0	313	152	6	7	310	8	309	2.7e-60	229.6
3300029582.a:Ga0245118_100034_11	gnl|TC-DB|C4N8U3|3.D.6.1.2	52.4	210	81	1	6	215	5	195	4.5e-55	211.8
3300029582.a:Ga0245118_100034_12	gnl|TC-DB|C4N8U4|3.D.6.1.2	61.5	192	71	1	1	189	1	192	1.3e-57	219.2
3300029582.a:Ga0245118_100034_13	gnl|TC-DB|C4N8U5|3.D.6.1.2	43.9	262	145	2	1	261	2	262	3.9e-57	218.0
3300029582.a:Ga0245118_100034_18	gnl|TC-DB|Q97ZC0|3.A.1.1.15	35.5	214	121	5	7	205	8	219	1.1e-23	106.7
3300029582.a:Ga0245118_100034_50	gnl|TC-DB|F9VN10|3.D.10.1.4	36.8	394	224	10	5	378	6	394	6.4e-57	218.0
3300029582.a:Ga0245118_100034_65	gnl|TC-DB|Q9K0M2|2.A.111.1.2	44.3	460	229	8	36	481	23	469	1.4e-97	353.2
3300029582.a:Ga0245118_100034_97	gnl|TC-DB|Q9HY55|4.A.2.1.17	26.2	447	248	13	428	867	549	920	8.3e-27	119.0
3300029582.a:Ga0245118_100034_99	gnl|TC-DB|Q5EP68|3.A.7.11.1	25.6	285	185	9	1	267	1	276	5.6e-14	74.7
3300029582.a:Ga0245118_100034_119	gnl|TC-DB|Q5G3N9|3.A.7.19.1	31.9	496	319	8	21	500	73	565	1.3e-70	263.8
3300029582.a:Ga0245118_100034_124	gnl|TC-DB|Q07725|3.A.7.7.1	23.5	597	385	21	208	751	33	610	9.6e-27	118.6
3300029582.a:Ga0245118_100034_127	gnl|TC-DB|E9RJ18|3.A.7.13.2	35.6	194	104	5	260	441	32	216	2.7e-21	100.1
3300029582.a:Ga0245118_100034_132	gnl|TC-DB|P75957|3.A.1.125.1	45.0	220	119	1	3	220	5	224	4.1e-50	194.5
3300029582.a:Ga0245118_100034_151	gnl|TC-DB|Q7PMK5|1.A.3.1.3	37.1	89	56	0	2	90	2816	2904	1.1e-12	68.9
3300029582.a:Ga0245118_100034_167	gnl|TC-DB|Q7CMB1|3.A.7.13.1	29.4	180	124	2	12	188	134	313	6.9e-18	89.0
3300029582.a:Ga0245118_100034_194	gnl|TC-DB|P25694|3.A.16.1.2	43.5	207	114	3	160	365	206	410	2.7e-45	179.9
3300029582.a:Ga0245118_100034_201	gnl|TC-DB|Q8Y5F0|3.A.1.134.12	53.3	255	119	0	1	255	1	255	6.3e-76	280.4
3300029582.a:Ga0245118_100034_202	gnl|TC-DB|Q8VUH1|3.A.1.134.2	22.2	717	474	18	1	691	1	659	1.2e-20	98.2
3300029582.a:Ga0245118_100042_16	gnl|TC-DB|P55072|3.A.16.1.1	41.8	239	138	1	168	405	462	700	3.3e-52	203.0
3300029582.a:Ga0245118_100042_27	gnl|TC-DB|Q93N33|2.A.21.9.2	25.4	410	275	13	228	624	761	1152	8.3e-21	98.6
3300029582.a:Ga0245118_100042_28	gnl|TC-DB|Q93N33|2.A.21.9.2	25.9	448	295	11	866	1292	720	1151	1.5e-24	112.1
3300029582.a:Ga0245118_100042_31	gnl|TC-DB|C0QCR7|8.A.59.4.1	38.4	232	130	5	144	366	320	547	4.1e-39	158.7
3300029582.a:Ga0245118_100042_32	gnl|TC-DB|Q93N33|2.A.21.9.2	22.6	399	273	12	469	855	775	1149	3.0e-13	73.9
3300029582.a:Ga0245118_100042_39	gnl|TC-DB|P72884|3.A.1.103.5	48.3	205	105	1	68	271	55	259	9.8e-55	210.7
3300029582.a:Ga0245118_100042_64	gnl|TC-DB|G7U9U2|2.A.79.1.3	33.0	406	262	7	49	451	20	418	5.3e-49	191.8
3300029582.a:Ga0245118_100042_65	gnl|TC-DB|Q8PUP5|9.B.143.2.3	35.6	219	139	2	6	223	16	233	1.2e-30	129.8
3300029582.a:Ga0245118_100042_68	gnl|TC-DB|Q2NFA8|3.A.1.32.2	32.5	609	327	8	7	582	3	560	3.5e-95	346.3
3300029582.a:Ga0245118_100042_74	gnl|TC-DB|P31552|4.C.1.1.6	29.2	528	331	13	45	553	14	517	6.6e-46	181.8
3300029582.a:Ga0245118_100042_88	gnl|TC-DB|I6L8P4|2.A.66.1.33	30.1	425	297	0	5	429	9	433	3.7e-55	212.2
3300029582.a:Ga0245118_100042_94	gnl|TC-DB|Q8DT26|3.A.1.1.27	47.3	275	140	3	5	279	9	278	6.3e-69	257.3
3300029582.a:Ga0245118_100042_95	gnl|TC-DB|Q8DT27|3.A.1.1.27	46.5	452	218	7	22	470	16	446	6.6e-103	370.9
3300029582.a:Ga0245118_100042_105	gnl|TC-DB|P43672|3.A.1.120.6	32.0	519	315	12	12	512	13	511	3.8e-64	242.3
3300029582.a:Ga0245118_100042_117	gnl|TC-DB|P43672|3.A.1.120.6	32.8	528	314	6	1	490	1	525	8.9e-84	307.8
3300029582.a:Ga0245118_100042_125	gnl|TC-DB|Q9V0A4|3.B.1.1.5	23.7	507	300	17	66	538	34	487	1.2e-18	91.3
3300029582.a:Ga0245118_100042_165	gnl|TC-DB|P39569|9.A.11.1.2	26.5	495	344	4	3	492	2	481	8.0e-51	198.0
3300029582.a:Ga0245118_100115_3	gnl|TC-DB|P0AEE5|3.A.1.2.3	36.9	339	194	7	11	343	5	329	2.3e-52	202.6
3300029582.a:Ga0245118_100115_5	gnl|TC-DB|F4LXP4|8.A.59.2.1	31.2	240	143	6	384	608	262	494	4.5e-22	102.8
3300029582.a:Ga0245118_100115_7	gnl|TC-DB|P23200|3.A.1.2.3	41.6	339	176	10	220	550	12	336	5.0e-54	208.8
3300029582.a:Ga0245118_100115_8	gnl|TC-DB|P0AAG8|3.A.1.2.3	51.9	497	237	2	7	502	11	506	2.4e-151	531.9
3300029582.a:Ga0245118_100115_16	gnl|TC-DB|F0Z2G1|9.B.104.1.3	30.3	201	124	6	44	230	13	211	2.4e-15	79.7
3300029582.a:Ga0245118_100115_18	gnl|TC-DB|Q03RZ6|3.A.1.122.13	41.3	298	164	4	2	295	4	294	9.2e-58	221.9
3300029582.a:Ga0245118_100115_30	gnl|TC-DB|Q93HR7|2.A.66.1.7	27.4	419	296	6	19	435	5	417	3.3e-35	146.0
3300029582.a:Ga0245118_100115_32	gnl|TC-DB|Q9K7V5|9.A.23.1.1	40.2	356	187	5	7	362	4	333	5.4e-57	218.0
3300029582.a:Ga0245118_100115_34	gnl|TC-DB|A0L4L0|3.A.1.132.3	41.2	194	111	3	35	227	89	280	8.8e-39	157.1
3300029582.a:Ga0245118_100115_39	gnl|TC-DB|Q5EP68|3.A.7.11.1	24.4	266	182	6	4	255	6	266	1.3e-12	70.1
3300029582.a:Ga0245118_100115_46	gnl|TC-DB|D8RWR9|1.C.39.4.5	35.6	180	92	3	50	226	462	620	7.8e-19	92.0
3300029582.a:Ga0245118_100115_67	gnl|TC-DB|P07373|2.A.103.1.3	26.8	365	245	6	23	381	12	360	3.1e-29	125.9
3300029582.a:Ga0245118_100115_79	gnl|TC-DB|Q55487|4.D.2.1.9	38.4	307	187	2	1	307	1	305	3.8e-62	235.0
3300029582.a:Ga0245118_100115_84	gnl|TC-DB|A9KQL1|9.B.28.1.2	30.4	204	132	4	1	202	1	196	7.0e-17	84.3
3300029582.a:Ga0245118_100115_85	gnl|TC-DB|Q7WWR0|3.A.1.1.20	26.3	373	234	16	7	355	5	360	2.1e-18	90.1
3300029582.a:Ga0245118_100115_86	gnl|TC-DB|Q9R9Q6|3.A.1.1.17	34.3	289	165	5	51	318	32	316	7.4e-45	177.6
3300029582.a:Ga0245118_100115_87	gnl|TC-DB|Q93J92|3.A.1.1.36	31.1	270	181	2	10	277	29	295	1.1e-36	150.2
3300029582.a:Ga0245118_100115_90	gnl|TC-DB|I6L8P4|2.A.66.1.33	38.9	424	259	0	17	440	4	427	4.3e-75	278.5
3300029582.a:Ga0245118_100115_95	gnl|TC-DB|Q6LX42|2.A.25.1.3	42.9	562	203	5	7	568	6	449	4.2e-104	375.2
3300029582.a:Ga0245118_100115_96	gnl|TC-DB|G4NXA5|1.A.33.1.4	54.3	588	257	5	1	584	1	580	1.3e-169	592.8
3300029582.a:Ga0245118_100115_98	gnl|TC-DB|E5VIZ3|1.E.12.1.3	51.5	136	57	1	1	127	1	136	2.8e-38	155.6
3300029582.a:Ga0245118_100004_14	gnl|TC-DB|Q8EHX2|2.A.35.1.5	35.1	436	264	7	8	433	18	444	1.8e-62	236.5
3300029582.a:Ga0245118_100004_15	gnl|TC-DB|Q8EII1|2.A.25.1.4	49.9	465	206	8	4	467	3	441	5.9e-112	401.0
3300029582.a:Ga0245118_100004_23	gnl|TC-DB|Q9CES4|3.A.1.3.25	56.4	273	85	2	2	274	7	245	2.2e-79	292.0
3300029582.a:Ga0245118_100004_24	gnl|TC-DB|Q9A1H0|3.A.1.3.20	32.7	217	141	1	16	227	284	500	3.7e-30	128.3
3300029582.a:Ga0245118_100004_35	gnl|TC-DB|Q9RL74|3.A.1.134.11	40.7	243	124	3	3	233	4	238	4.7e-46	181.0
3300029582.a:Ga0245118_100004_37	gnl|TC-DB|W0WFC6|2.A.25.1.9	45.6	463	231	7	1	461	1	444	3.4e-99	358.6
3300029582.a:Ga0245118_100004_65	gnl|TC-DB|F0Z2G1|9.B.104.1.3	43.4	143	81	0	178	320	69	211	8.6e-25	110.9
3300029582.a:Ga0245118_100004_68	gnl|TC-DB|Q9K8H5|9.B.157.1.2	49.5	321	161	1	3	322	6	326	3.6e-84	308.1
3300029582.a:Ga0245118_100004_76	gnl|TC-DB|Q2G140|2.A.66.1.13	24.8	427	311	6	54	478	16	434	2.6e-33	139.8
3300029582.a:Ga0245118_100004_87	gnl|TC-DB|B1MZU9|1.A.22.1.8	44.8	105	56	2	5	107	2	106	1.8e-16	82.0
3300029582.a:Ga0245118_100004_109	gnl|TC-DB|Q45064|9.B.31.1.2	35.2	213	116	6	3	214	1	192	5.7e-25	110.9
3300029582.a:Ga0245118_100004_122	gnl|TC-DB|Q9WZS2|2.A.66.1.28	26.6	448	296	10	36	463	7	441	1.8e-28	123.6
3300029582.a:Ga0245118_100004_151	gnl|TC-DB|P10121|3.A.5.1.1	45.8	310	167	1	13	321	188	497	1.8e-75	279.3
3300029582.a:Ga0245118_100004_168	gnl|TC-DB|C0QCR7|8.A.59.4.1	38.2	225	125	6	178	388	326	550	9.2e-34	141.0
3300029582.a:Ga0245118_100004_173	gnl|TC-DB|C7N858|2.A.115.2.14	33.5	194	121	3	6	197	224	411	1.1e-27	119.8
3300029582.a:Ga0245118_100004_175	gnl|TC-DB|B8I766|9.B.105.1.5	34.4	151	89	5	10	157	5	148	6.6e-13	70.5
3300029582.a:Ga0245118_100004_184	gnl|TC-DB|P07373|2.A.103.1.3	32.2	329	206	5	57	383	48	361	1.8e-29	126.7
3300029582.a:Ga0245118_100004_226	gnl|TC-DB|Q7MV19|9.A.8.1.6	30.6	847	396	18	3	787	127	843	2.4e-100	363.2
3300029582.a:Ga0245118_100004_240	gnl|TC-DB|P07373|2.A.103.1.3	31.2	327	206	7	116	432	43	360	3.2e-31	132.9
3300029582.a:Ga0245118_100004_249	gnl|TC-DB|Q6A1F6|3.B.1.1.6	49.9	453	213	3	5	447	6	454	9.9e-128	453.4
3300029582.a:Ga0245118_100004_250	gnl|TC-DB|Q9ZAA6|3.B.1.1.3	61.5	371	140	2	6	375	5	373	1.8e-111	399.1
3300029582.a:Ga0245118_100004_251	gnl|TC-DB|Q57111|3.B.1.1.2	60.2	108	40	1	1	105	1	108	1.1e-12	69.3
3300029582.a:Ga0245118_100004_253	gnl|TC-DB|Q57079|3.B.1.1.2	41.7	482	254	8	7	471	36	507	2.8e-98	355.5
3300029582.a:Ga0245118_100004_254	gnl|TC-DB|Q6ADZ6|4.F.1.1.7	41.6	173	92	3	2	166	5	176	1.5e-25	112.5
3300029582.a:Ga0245118_100004_258	gnl|TC-DB|P21458|3.A.12.1.1	55.8	491	204	3	453	943	307	784	3.1e-144	509.2
3300029582.a:Ga0245118_100004_265	gnl|TC-DB|F9A868|1.A.16.1.3	36.0	258	156	4	21	274	11	263	3.4e-38	155.2
3300029582.a:Ga0245118_100004_307	gnl|TC-DB|P37107|3.A.5.1.2	48.7	435	219	3	3	434	78	511	2.9e-108	388.7
3300029582.a:Ga0245118_100004_313	gnl|TC-DB|C0QYK9|2.A.115.2.8	35.0	206	133	1	7	212	13	217	2.0e-28	122.5
3300029582.a:Ga0245118_100004_341	gnl|TC-DB|M7AKZ4|2.A.58.2.2	27.9	569	355	14	6	555	6	538	3.0e-48	189.9
3300029582.a:Ga0245118_100004_345	gnl|TC-DB|D8HIS0|9.B.106.2.2	31.2	314	183	6	7	289	213	524	1.4e-30	131.3
3300029582.a:Ga0245118_100004_351	gnl|TC-DB|Q9ZKE4|3.A.11.3.1	34.8	465	263	7	210	666	111	543	2.6e-69	260.0
3300029582.a:Ga0245118_100004_392	gnl|TC-DB|I6L8P4|2.A.66.1.33	29.2	407	281	4	36	436	3	408	5.1e-42	168.7
3300029582.a:Ga0245118_100004_397	gnl|TC-DB|P50487|2.A.40.2.1	36.6	448	254	5	12	459	15	432	4.8e-74	275.0
3300029582.a:Ga0245118_100004_402	gnl|TC-DB|Q9RK10|3.A.1.14.13	28.3	325	215	5	20	328	42	364	6.0e-26	114.8
3300029582.a:Ga0245118_100004_403	gnl|TC-DB|P23878|3.A.1.14.2	27.2	224	159	2	27	249	22	242	2.1e-21	99.4
3300029582.a:Ga0245118_100004_415	gnl|TC-DB|Q8N1S5|2.A.5.5.2	36.1	324	125	7	13	257	22	342	3.2e-27	118.6
3300029582.a:Ga0245118_100004_420	gnl|TC-DB|Q93J92|3.A.1.1.36	30.5	305	200	6	1	300	1	298	2.9e-32	135.6
3300029582.a:Ga0245118_100004_421	gnl|TC-DB|P29823|3.A.1.1.4	30.3	300	191	7	12	308	13	297	5.3e-32	134.8
3300029582.a:Ga0245118_100165_27	gnl|TC-DB|O28528|1.A.11.2.7	45.8	430	200	13	11	421	40	455	1.5e-90	329.7
3300029582.a:Ga0245118_100165_31	gnl|TC-DB|O27840|2.A.107.1.2	46.5	185	95	2	1	185	1	181	5.4e-32	134.0
3300029582.a:Ga0245118_100165_55	gnl|TC-DB|Q58206|3.A.1.122.14	42.7	225	121	4	29	247	1	223	6.0e-47	184.1
3300029582.a:Ga0245118_100165_56	gnl|TC-DB|Q58206|3.A.1.122.14	44.5	238	125	4	82	315	1	235	9.2e-52	200.7
3300029582.a:Ga0245118_100165_59	gnl|TC-DB|Q3MNJ6|3.A.3.5.15	45.5	762	384	8	4	759	67	803	6.6e-165	577.8
3300029582.a:Ga0245118_100165_67	gnl|TC-DB|Q07711|3.A.7.7.1	28.2	656	409	17	1	646	1	604	9.3e-66	248.1
3300029582.a:Ga0245118_100165_72	gnl|TC-DB|C9XJX0|3.A.1.147.6	49.2	236	116	2	1	236	22	253	2.2e-62	235.3
3300029582.a:Ga0245118_100165_84	gnl|TC-DB|P76330|9.B.34.1.4	28.6	245	156	6	525	764	325	555	6.4e-15	79.3
3300029582.a:Ga0245118_100165_88	gnl|TC-DB|Q9FI56|3.A.9.1.2	47.5	816	405	6	1	800	91	899	6.3e-210	727.2
3300029582.a:Ga0245118_101249_5	gnl|TC-DB|Q5G3N9|3.A.7.19.1	29.9	298	160	6	87	378	60	314	2.5e-31	132.9
3300029582.a:Ga0245118_101249_12	gnl|TC-DB|Q5G3N9|3.A.7.19.1	36.8	155	98	0	19	173	409	563	3.3e-24	108.2
3300029582.a:Ga0245118_100175_3	gnl|TC-DB|I6L8P4|2.A.66.1.33	31.6	430	291	2	7	434	9	437	1.5e-48	190.3
3300029582.a:Ga0245118_100175_8	gnl|TC-DB|O26854|2.A.36.2.1	43.3	397	218	3	4	399	7	397	5.0e-80	294.7
3300029582.a:Ga0245118_100175_9	gnl|TC-DB|Q9KDT3|2.A.22.5.3	33.3	451	278	7	6	445	9	447	2.4e-62	236.1
3300029582.a:Ga0245118_100175_25	gnl|TC-DB|P16256|2.A.21.1.1	41.4	478	258	9	9	478	3	466	6.0e-83	304.7
3300029582.a:Ga0245118_100175_62	gnl|TC-DB|P25694|3.A.16.1.2	43.8	226	124	3	227	451	211	434	2.1e-46	183.7
3300029582.a:Ga0245118_100175_71	gnl|TC-DB|Q9FI56|3.A.9.1.2	43.1	871	404	7	4	848	96	900	2.2e-197	685.6
3300029582.a:Ga0245118_100175_73	gnl|TC-DB|Q86Z14|8.A.49.1.2	31.5	485	266	14	9	482	81	510	3.1e-60	229.2
3300029582.a:Ga0245118_100175_85	gnl|TC-DB|Q6LZF0|2.A.35.2.1	39.5	519	279	11	42	533	7	517	1.3e-89	327.0
3300029582.a:Ga0245118_100198_1	gnl|TC-DB|P36879|3.A.1.105.17	35.8	67	43	0	2	68	5	71	6.9e-12	65.9
3300029582.a:Ga0245118_100198_3	gnl|TC-DB|P94360|3.A.1.1.26	64.4	365	126	1	1	365	1	361	1.1e-129	459.5
3300029582.a:Ga0245118_100198_7	gnl|TC-DB|R9KWU8|2.A.119.2.2	41.6	341	159	4	15	353	14	316	5.5e-62	234.6
3300029582.a:Ga0245118_100198_20	gnl|TC-DB|P08839|8.A.7.1.1	39.8	568	333	3	1	562	1	565	3.9e-110	395.2
3300029582.a:Ga0245118_100198_22	gnl|TC-DB|Q3K0G6|4.A.2.1.20	45.0	695	328	10	1	684	1	652	1.2e-145	513.5
3300029582.a:Ga0245118_100198_25	gnl|TC-DB|Q8L725|2.A.4.7.2	33.4	293	183	3	26	306	75	367	5.2e-40	161.4
3300029582.a:Ga0245118_100198_34	gnl|TC-DB|Q86Z14|8.A.49.1.2	25.6	476	293	14	10	471	82	510	6.2e-37	151.8
3300029582.a:Ga0245118_100198_58	gnl|TC-DB|P0AFZ7|2.A.38.1.1	33.7	492	305	11	1	480	1	483	4.0e-66	248.8
3300029582.a:Ga0245118_100198_59	gnl|TC-DB|P0AGI8|2.A.38.1.1	27.3	455	319	6	12	462	1	447	2.0e-48	189.9
3300029582.a:Ga0245118_100198_65	gnl|TC-DB|Q7MV19|9.A.8.1.6	35.4	856	456	17	1	775	1	840	1.2e-138	490.3
3300029582.a:Ga0245118_100198_66	gnl|TC-DB|Q9KAX3|2.A.66.1.32	31.5	445	297	3	10	453	4	441	4.4e-59	225.3
3300029582.a:Ga0245118_100198_71	gnl|TC-DB|Q9HZ58|2.A.27.1.3	39.9	398	232	4	3	393	4	401	3.1e-74	275.4
3300029582.a:Ga0245118_100198_76	gnl|TC-DB|Q5JIF7|2.A.114.1.3	35.6	520	282	14	1	488	1	499	5.2e-70	261.9
3300029582.a:Ga0245118_100198_77	gnl|TC-DB|K7QW88|2.A.7.3.52	24.8	298	192	6	10	304	9	277	1.3e-14	77.0
3300029582.a:Ga0245118_100198_83	gnl|TC-DB|Q9S3J9|2.A.1.2.18	43.5	345	194	1	11	355	13	356	2.0e-73	272.7
3300029582.a:Ga0245118_100108_15	gnl|TC-DB|Q9XC06|3.A.7.15.1	50.0	320	156	3	68	384	74	392	9.6e-82	300.4
3300029582.a:Ga0245118_100108_19	gnl|TC-DB|Q93N33|2.A.21.9.2	31.5	238	147	7	199	429	784	1012	2.1e-18	90.5
3300029582.a:Ga0245118_100108_20	gnl|TC-DB|A4VYG6|9.B.144.1.5	21.1	858	620	24	155	982	13	843	8.1e-32	136.0
3300029582.a:Ga0245118_100108_23	gnl|TC-DB|O53687|3.A.24.3.1	37.5	275	156	2	209	467	340	614	4.0e-44	175.6
3300029582.a:Ga0245118_100108_26	gnl|TC-DB|Q6MDD6|3.A.7.16.1	38.1	793	406	13	5	791	6	719	1.1e-137	487.3
3300029582.a:Ga0245118_100108_27	gnl|TC-DB|Q01465|9.B.157.1.1	57.1	324	138	1	1	323	4	327	1.2e-103	372.9
3300029582.a:Ga0245118_100108_41	gnl|TC-DB|Q9AIS0|1.C.105.2.6	28.4	229	135	9	387	607	1188	1395	8.0e-12	68.9
3300029582.a:Ga0245118_100108_51	gnl|TC-DB|A3QE50|8.A.59.4.2	30.2	189	120	6	1	180	203	388	6.3e-18	87.4
3300029582.a:Ga0245118_100108_60	gnl|TC-DB|O32047|2.A.6.4.2	33.0	773	436	18	5	732	2	737	6.4e-89	325.1
3300029582.a:Ga0245118_100108_67	gnl|TC-DB|A0ZK04|1.E.43.3.3	27.3	227	135	8	7	218	29	240	2.2e-17	87.4
3300029582.a:Ga0245118_100108_72	gnl|TC-DB|F4K2G0|3.D.1.8.1	48.5	136	59	8	20	149	109	239	4.3e-20	94.4
3300029582.a:Ga0245118_100108_75	gnl|TC-DB|P69451|4.C.1.1.4	28.2	517	328	13	60	544	56	561	2.1e-52	203.4
3300029582.a:Ga0245118_100108_89	gnl|TC-DB|P63144|8.A.5.1.3	33.4	323	199	8	20	334	73	387	7.4e-40	161.0
3300029582.a:Ga0245118_100108_97	gnl|TC-DB|I6L8P4|2.A.66.1.33	37.5	437	273	0	3	439	8	444	1.0e-73	273.9
3300029582.a:Ga0245118_100492_23	gnl|TC-DB|A7ZUZ0|2.A.2.1.1	34.9	467	272	7	18	478	7	447	1.5e-70	263.5
3300029582.a:Ga0245118_100492_31	gnl|TC-DB|O34697|3.A.1.134.3	45.0	218	115	1	7	219	4	221	1.1e-50	196.4
3300029582.a:Ga0245118_100492_36	gnl|TC-DB|P53154|2.A.50.1.1	26.8	220	128	9	153	357	273	474	1.7e-13	73.9
3300029582.a:Ga0245118_100596_5	gnl|TC-DB|P08956|3.A.17.1.1	34.8	1183	651	25	3	1084	5	1168	3.4e-187	652.1
3300029582.a:Ga0245118_100596_11	gnl|TC-DB|Q93N33|2.A.21.9.2	27.5	269	183	6	242	501	769	1034	3.8e-19	92.8
3300029582.a:Ga0245118_100596_30	gnl|TC-DB|P50002|3.A.2.1.5	71.0	458	132	1	4	460	6	463	1.5e-184	642.1
3300029582.a:Ga0245118_100596_31	gnl|TC-DB|P50005|3.A.2.1.5	36.4	302	172	2	3	289	4	300	3.9e-53	204.9
3300029582.a:Ga0245118_100596_32	gnl|TC-DB|P50000|3.A.2.1.5	58.8	498	197	3	3	499	2	492	1.5e-161	565.8
3300029582.a:Ga0245118_101298_7	gnl|TC-DB|P42332|3.A.1.131.1	37.0	208	129	2	1	206	4	211	2.2e-31	132.1
3300029582.a:Ga0245118_101298_17	gnl|TC-DB|A8TDX0|3.A.1.122.7	31.8	148	98	2	308	455	262	406	7.4e-11	65.1
3300029582.a:Ga0245118_100398_11	gnl|TC-DB|Q835V4|3.A.3.23.2	48.4	801	383	3	2	802	31	801	2.3e-196	682.2
3300029582.a:Ga0245118_100398_15	gnl|TC-DB|Q7WZ38|2.A.66.1.37	37.8	442	274	1	1	442	1	441	2.9e-84	308.9
3300029582.a:Ga0245118_100398_17	gnl|TC-DB|C9RT46|3.A.1.1.9	27.5	512	321	14	77	564	53	538	2.8e-47	186.4
3300029582.a:Ga0245118_100398_18	gnl|TC-DB|Q8DT26|3.A.1.1.27	52.0	281	129	3	8	288	1	275	1.2e-75	279.6
3300029582.a:Ga0245118_100398_19	gnl|TC-DB|Q8DT27|3.A.1.1.27	43.5	444	239	6	23	459	11	449	1.4e-97	353.2
3300029582.a:Ga0245118_100398_21	gnl|TC-DB|F4LXP4|8.A.59.2.1	28.2	326	197	6	270	565	176	494	2.3e-22	103.6
3300029582.a:Ga0245118_100398_38	gnl|TC-DB|Q8Y5F0|3.A.1.134.12	41.2	228	130	2	15	241	1	225	5.1e-44	174.5
