3300029594.a:Ga0245142_100014_149  0.271  13  0.412  13  0.773  11  0.651   0.541 Y  0.450      SignalP-noTM
3300029594.a:Ga0245142_100014_150  0.600  27  0.710  27  0.902  22  0.674   0.697 Y  0.510      SignalP-TM
3300029594.a:Ga0245142_100014_150  0.624  27  0.723  27  0.916  25  0.735   0.727 Y  0.450      SignalP-TM
3300029594.a:Ga0245142_100014_150  0.847  27  0.905  27  0.995  16  0.965   0.938 Y  0.450      SignalP-noTM
3300029594.a:Ga0245142_100014_151  0.390  26  0.609  26  0.982  15  0.951   0.770 Y  0.570      SignalP-noTM
3300029594.a:Ga0245142_100014_151  0.474  27  0.636  27  0.935  13  0.872   0.728 Y  0.450      SignalP-TM
3300029594.a:Ga0245142_100014_151  0.848  27  0.884  27  0.987  16  0.925   0.906 Y  0.450      SignalP-noTM
3300029594.a:Ga0245142_100014_191  0.215  28  0.444  28  0.955  15  0.896   0.620 Y  0.450      SignalP-TM
3300029594.a:Ga0245142_100014_191  0.293  26  0.515  26  0.950   8  0.901   0.723 Y  0.450      SignalP-noTM
3300029594.a:Ga0245142_100014_191  0.411  26  0.628  26  0.971  15  0.955   0.782 Y  0.570      SignalP-noTM
3300029594.a:Ga0245142_100014_210  0.310  25  0.385  20  0.654   7  0.516   0.455 Y  0.450      SignalP-noTM
3300029594.a:Ga0245142_100014_213  0.331  17  0.484  17  0.859   6  0.672   0.585 Y  0.450      SignalP-noTM
3300029594.a:Ga0245142_100014_232  0.452  29  0.610  29  0.902  15  0.752   0.665 Y  0.450      SignalP-TM
3300029594.a:Ga0245142_100014_232  0.578  29  0.631  29  0.780  16  0.591   0.616 Y  0.510      SignalP-TM
3300029594.a:Ga0245142_100014_232  0.763  29  0.675  29  0.752  21  0.590   0.641 Y  0.500      SignalP-TM
3300029594.a:Ga0245142_100014_233  0.342  34  0.500  34  0.919  23  0.634   0.552 Y  0.450      SignalP-TM
3300029594.a:Ga0245142_100014_271  0.382  23  0.601  23  0.966  17  0.901   0.718 Y  0.450      SignalP-TM
3300029594.a:Ga0245142_100014_271  0.709  23  0.832  23  0.986  18  0.967   0.896 Y  0.570      SignalP-noTM
3300029594.a:Ga0245142_100014_271  0.869  23  0.908  23  0.981  14  0.949   0.930 Y  0.450      SignalP-noTM
3300029594.a:Ga0245142_100014_272  0.595  24  0.717  24  0.908  12  0.850   0.769 Y  0.450      SignalP-TM
3300029594.a:Ga0245142_100014_272  0.853  24  0.911  24  0.979  19  0.958   0.933 Y  0.570      SignalP-noTM
3300029594.a:Ga0245142_100014_272  0.880  24  0.914  24  0.988  14  0.948   0.932 Y  0.450      SignalP-noTM
3300029594.a:Ga0245142_100014_290  0.276  23  0.401  23  0.730  16  0.582   0.498 Y  0.450      SignalP-noTM
3300029594.a:Ga0245142_100014_340  0.501  25  0.478  25  0.718   2  0.474   0.476 Y  0.450      SignalP-noTM
3300029594.a:Ga0245142_100014_384  0.718  25  0.803  25  0.929  20  0.837   0.816 Y  0.450      SignalP-TM
3300029594.a:Ga0245142_100014_384  0.838  25  0.897  25  0.981  12  0.961   0.927 Y  0.570      SignalP-noTM
3300029594.a:Ga0245142_100014_384  0.869  25  0.900  25  0.983  14  0.932   0.917 Y  0.450      SignalP-noTM
3300029594.a:Ga0245142_100014_385  0.284  25  0.518  25  0.968  16  0.931   0.679 Y  0.450      SignalP-TM
3300029594.a:Ga0245142_100014_385  0.594  25  0.758  25  0.987  13  0.966   0.856 Y  0.570      SignalP-noTM
3300029594.a:Ga0245142_100014_385  0.643  25  0.783  25  0.991  14  0.950   0.873 Y  0.450      SignalP-noTM
3300029594.a:Ga0245142_100014_70  0.173  20  0.334  20  0.798  13  0.634   0.496 Y  0.450      SignalP-noTM
3300029594.a:Ga0245142_100045_119  0.224  28  0.401  28  0.875  21  0.613   0.484 Y  0.450      SignalP-TM
3300029594.a:Ga0245142_100045_119  0.843  24  0.873  24  0.958   5  0.903   0.889 Y  0.450      SignalP-noTM
3300029594.a:Ga0245142_100045_134  0.629  23  0.708  23  0.854  17  0.775   0.734 Y  0.450      SignalP-TM
3300029594.a:Ga0245142_100045_134  0.819  23  0.884  23  0.985  18  0.950   0.915 Y  0.570      SignalP-noTM
3300029594.a:Ga0245142_100045_134  0.862  23  0.888  23  0.955  14  0.915   0.903 Y  0.450      SignalP-noTM
3300029594.a:Ga0245142_100045_136  0.886  24  0.921  24  0.990  14  0.956   0.940 Y  0.450      SignalP-noTM
3300029594.a:Ga0245142_100045_139  0.383  25  0.572  25  0.908  23  0.857   0.683 Y  0.450      SignalP-TM
3300029594.a:Ga0245142_100045_139  0.744  25  0.837  25  0.976  10  0.950   0.890 Y  0.570      SignalP-noTM
3300029594.a:Ga0245142_100045_139  0.794  25  0.869  25  0.992  14  0.951   0.913 Y  0.450      SignalP-noTM
3300029594.a:Ga0245142_100045_155  0.471  24  0.661  24  0.950  17  0.897   0.753 Y  0.450      SignalP-TM
3300029594.a:Ga0245142_100045_155  0.667  24  0.801  24  0.975  12  0.951   0.871 Y  0.570      SignalP-noTM
3300029594.a:Ga0245142_100045_155  0.720  24  0.825  24  0.989  14  0.944   0.890 Y  0.450      SignalP-noTM
3300029594.a:Ga0245142_100045_257  0.347  26  0.572  26  0.974  11  0.938   0.715 Y  0.450      SignalP-TM
3300029594.a:Ga0245142_100045_257  0.810  25  0.889  25  0.985  21  0.966   0.925 Y  0.570      SignalP-noTM
3300029594.a:Ga0245142_100045_257  0.874  26  0.906  26  0.982  15  0.935   0.922 Y  0.450      SignalP-noTM
3300029594.a:Ga0245142_100045_61  0.625  28  0.725  28  0.934  26  0.743   0.732 Y  0.450      SignalP-TM
3300029594.a:Ga0245142_100045_61  0.748  28  0.754  28  0.888  24  0.566   0.684 Y  0.510      SignalP-TM
3300029594.a:Ga0245142_100045_61  0.872  28  0.911  28  0.984  18  0.940   0.926 Y  0.450      SignalP-noTM
3300029594.a:Ga0245142_100045_80  0.729  27  0.780  27  0.916  23  0.802   0.788 Y  0.450      SignalP-TM
3300029594.a:Ga0245142_100045_80  0.786  27  0.863  27  0.974  13  0.943   0.900 Y  0.570      SignalP-noTM
3300029594.a:Ga0245142_100045_80  0.830  27  0.874  27  0.983  17  0.921   0.899 Y  0.450      SignalP-noTM
3300029594.a:Ga0245142_100045_81  0.652  33  0.738  33  0.933  20  0.783   0.762 Y  0.450      SignalP-noTM
3300029594.a:Ga0245142_100045_81  0.680  33  0.753  33  0.913  28  0.595   0.691 Y  0.450      SignalP-TM
3300029594.a:Ga0245142_100045_87  0.389  25  0.591  25  0.935  18  0.851   0.692 Y  0.450      SignalP-TM
3300029594.a:Ga0245142_100045_87  0.639  25  0.770  25  0.979  20  0.922   0.842 Y  0.570      SignalP-noTM
3300029594.a:Ga0245142_100045_87  0.823  25  0.863  25  0.961  15  0.902   0.884 Y  0.450      SignalP-noTM
3300029594.a:Ga0245142_100062_132  0.112  60  0.284  12  0.881   2  0.803   0.486 Y  0.450      SignalP-TM
3300029594.a:Ga0245142_100062_198  0.604  24  0.755  24  0.963  19  0.923   0.834 Y  0.570      SignalP-noTM
3300029594.a:Ga0245142_100062_198  0.695  25  0.782  25  0.931  20  0.809   0.792 Y  0.450      SignalP-TM
3300029594.a:Ga0245142_100062_198  0.793  24  0.848  24  0.968   4  0.905   0.879 Y  0.450      SignalP-noTM
3300029594.a:Ga0245142_100062_36  0.380  28  0.475  28  0.759  26  0.462   0.470 Y  0.450      SignalP-TM
3300029594.a:Ga0245142_100062_36  0.667  28  0.616  28  0.682  23  0.391   0.533 Y  0.510      SignalP-TM
3300029594.a:Ga0245142_100062_69  0.177  33  0.354  24  0.859   8  0.761   0.513 Y  0.450      SignalP-TM
3300029594.a:Ga0245142_100062_69  0.624  23  0.563  23  0.731   3  0.533   0.551 Y  0.500      SignalP-TM
3300029594.a:Ga0245142_100062_84  0.590  31  0.587  31  0.770  15  0.602   0.593 Y  0.450      SignalP-TM
3300029594.a:Ga0245142_100134_126  0.496  25  0.678  25  0.954  20  0.892   0.761 Y  0.450      SignalP-TM
3300029594.a:Ga0245142_100134_126  0.855  25  0.907  25  0.978  20  0.952   0.928 Y  0.570      SignalP-noTM
3300029594.a:Ga0245142_100134_126  0.870  25  0.909  25  0.986  16  0.945   0.928 Y  0.450      SignalP-noTM
3300029594.a:Ga0245142_100134_15  0.168  17  0.396  17  0.961   8  0.919   0.678 Y  0.450      SignalP-noTM
3300029594.a:Ga0245142_100134_26  0.233  42  0.400  34  0.871  22  0.700   0.517 Y  0.450      SignalP-TM
3300029594.a:Ga0245142_100134_26  0.504  31  0.698  31  0.988  20  0.915   0.800 Y  0.570      SignalP-noTM
3300029594.a:Ga0245142_100134_26  0.715  32  0.823  32  0.986  21  0.925   0.878 Y  0.450      SignalP-noTM
3300029594.a:Ga0245142_100134_3  0.543  25  0.682  25  0.906  23  0.813   0.733 Y  0.450      SignalP-TM
3300029594.a:Ga0245142_100134_3  0.611  25  0.678  25  0.838  13  0.687   0.681 Y  0.510      SignalP-TM
3300029594.a:Ga0245142_100134_3  0.847  25  0.877  25  0.977  13  0.908   0.893 Y  0.450      SignalP-noTM
3300029594.a:Ga0245142_100134_64  0.307  25  0.486  25  0.881  20  0.672   0.559 Y  0.450      SignalP-TM
3300029594.a:Ga0245142_100134_64  0.428  25  0.502  25  0.673  21  0.553   0.521 Y  0.510      SignalP-TM
3300029594.a:Ga0245142_100134_64  0.842  24  0.864  24  0.932  14  0.880   0.873 Y  0.450      SignalP-noTM
3300029594.a:Ga0245142_100206_1  0.364  23  0.458  23  0.753  21  0.489   0.470 Y  0.450      SignalP-TM
3300029594.a:Ga0245142_100206_1  0.605  23  0.628  23  0.723  20  0.539   0.595 Y  0.510      SignalP-TM
3300029594.a:Ga0245142_100206_1  0.849  23  0.888  23  0.958  14  0.930   0.911 Y  0.450      SignalP-noTM
3300029594.a:Ga0245142_100206_12  0.360  25  0.555  25  0.928  21  0.786   0.645 Y  0.450      SignalP-TM
3300029594.a:Ga0245142_100206_12  0.623  25  0.581  25  0.721  19  0.531   0.561 Y  0.500      SignalP-TM
3300029594.a:Ga0245142_100206_32  0.376  34  0.517  34  0.889   8  0.773   0.617 Y  0.450      SignalP-TM
3300029594.a:Ga0245142_100206_32  0.809  20  0.879  20  0.992  14  0.961   0.924 Y  0.450      SignalP-noTM
3300029594.a:Ga0245142_100206_36  0.533  26  0.659  26  0.913  23  0.761   0.699 Y  0.450      SignalP-TM
3300029594.a:Ga0245142_100206_36  0.844  26  0.873  26  0.982   5  0.908   0.892 Y  0.450      SignalP-noTM
3300029594.a:Ga0245142_100206_37  0.722  30  0.785  30  0.905  28  0.794   0.788 Y  0.450      SignalP-TM
3300029594.a:Ga0245142_100206_37  0.834  30  0.778  30  0.775  28  0.611   0.717 Y  0.510      SignalP-TM
3300029594.a:Ga0245142_100206_37  0.890  30  0.911  30  0.985  18  0.923   0.918 Y  0.450      SignalP-noTM
3300029594.a:Ga0245142_100206_39  0.827  26  0.853  26  0.939  19  0.857   0.855 Y  0.450      SignalP-noTM
3300029594.a:Ga0245142_100206_60  0.498  28  0.517  28  0.830  14  0.619   0.557 Y  0.450      SignalP-TM
3300029594.a:Ga0245142_100206_99  0.656  26  0.619  26  0.744  10  0.635   0.625 Y  0.450      SignalP-TM
3300029594.a:Ga0245142_100206_99  0.716  26  0.774  26  0.946  19  0.871   0.820 Y  0.570      SignalP-noTM
3300029594.a:Ga0245142_100206_99  0.875  26  0.886  26  0.978  15  0.900   0.894 Y  0.450      SignalP-noTM
3300029594.a:Ga0245142_100234_33  0.151  49  0.275  12  0.837   3  0.753   0.462 Y  0.450      SignalP-TM
3300029594.a:Ga0245142_100297_12  0.476  21  0.667  21  0.977  12  0.934   0.811 Y  0.450      SignalP-noTM
3300029594.a:Ga0245142_100297_20  0.298  27  0.495  27  0.870  17  0.785   0.608 Y  0.450      SignalP-TM
3300029594.a:Ga0245142_100297_42  0.121  24  0.294  18  0.833  11  0.705   0.454 Y  0.450      SignalP-TM
3300029594.a:Ga0245142_100297_47  0.513  34  0.594  34  0.866  28  0.596   0.595 Y  0.450      SignalP-TM
3300029594.a:Ga0245142_100324_31  0.451  24  0.517  24  0.731  21  0.597   0.549 Y  0.500      SignalP-TM
3300029594.a:Ga0245142_100324_62  0.425  29  0.592  29  0.867  25  0.788   0.668 Y  0.450      SignalP-TM
3300029594.a:Ga0245142_100324_62  0.523  29  0.708  29  0.989  15  0.949   0.821 Y  0.570      SignalP-noTM
3300029594.a:Ga0245142_100324_62  0.736  29  0.837  29  0.994  20  0.946   0.896 Y  0.450      SignalP-noTM
3300029594.a:Ga0245142_100324_63  0.550  25  0.711  25  0.983  16  0.911   0.805 Y  0.570      SignalP-noTM
3300029594.a:Ga0245142_100324_63  0.830  25  0.780  25  0.831  11  0.710   0.752 Y  0.450      SignalP-TM
3300029594.a:Ga0245142_100324_63  0.877  25  0.901  25  0.986  14  0.922   0.912 Y  0.450      SignalP-noTM
3300029594.a:Ga0245142_100358_16  0.226  34  0.427  34  0.907  28  0.607   0.497 Y  0.450      SignalP-TM
3300029594.a:Ga0245142_100358_23  0.324  24  0.485  24  0.826  21  0.652   0.550 Y  0.450      SignalP-TM
3300029594.a:Ga0245142_100358_23  0.898  24  0.924  24  0.987  15  0.951   0.939 Y  0.450      SignalP-noTM
3300029594.a:Ga0245142_100358_30  0.450  24  0.538  24  0.812  10  0.684   0.597 Y  0.500      SignalP-TM
3300029594.a:Ga0245142_100358_30  0.455  24  0.579  24  0.799   9  0.690   0.622 Y  0.450      SignalP-TM
3300029594.a:Ga0245142_100358_60  0.690  23  0.625  23  0.759  17  0.555   0.597 Y  0.500      SignalP-TM
3300029594.a:Ga0245142_100388_44  0.392  30  0.516  30  0.887  27  0.464   0.496 Y  0.450      SignalP-TM
3300029594.a:Ga0245142_100388_63  0.255  32  0.419  28  0.874  16  0.683   0.522 Y  0.450      SignalP-TM
3300029594.a:Ga0245142_100388_65  0.241  23  0.417  23  0.876  20  0.664   0.513 Y  0.450      SignalP-TM
3300029594.a:Ga0245142_100494_2  0.398  25  0.615  25  0.966   8  0.939   0.741 Y  0.450      SignalP-TM
3300029594.a:Ga0245142_100494_2  0.787  25  0.877  25  0.988  14  0.972   0.922 Y  0.570      SignalP-noTM
3300029594.a:Ga0245142_100494_2  0.879  25  0.907  25  0.990  14  0.936   0.922 Y  0.450      SignalP-noTM
3300029594.a:Ga0245142_100494_37  0.318  28  0.513  28  0.915  12  0.820   0.633 Y  0.450      SignalP-TM
3300029594.a:Ga0245142_100494_37  0.507  27  0.498  27  0.738   3  0.558   0.522 Y  0.500      SignalP-TM
3300029594.a:Ga0245142_100494_4  0.458  25  0.661  25  0.973  10  0.946   0.772 Y  0.450      SignalP-TM
3300029594.a:Ga0245142_100494_4  0.640  25  0.791  25  0.994  11  0.975   0.877 Y  0.570      SignalP-noTM
3300029594.a:Ga0245142_100494_4  0.774  22  0.866  22  0.993  14  0.970   0.922 Y  0.450      SignalP-noTM
3300029594.a:Ga0245142_100494_48  0.704  25  0.766  25  0.900  23  0.818   0.786 Y  0.450      SignalP-TM
3300029594.a:Ga0245142_100494_48  0.727  25  0.840  25  0.980  20  0.966   0.899 Y  0.570      SignalP-noTM
3300029594.a:Ga0245142_100494_48  0.864  25  0.912  25  0.988  15  0.959   0.937 Y  0.450      SignalP-noTM
3300029594.a:Ga0245142_100500_25  0.385  25  0.599  25  0.966  15  0.883   0.710 Y  0.450      SignalP-TM
3300029594.a:Ga0245142_100500_25  0.607  22  0.760  22  0.983  16  0.954   0.865 Y  0.450      SignalP-noTM
3300029594.a:Ga0245142_100500_25  0.619  25  0.775  25  0.983  16  0.953   0.859 Y  0.570      SignalP-noTM
3300029594.a:Ga0245142_100500_36  0.207  28  0.383  28  0.895  13  0.754   0.528 Y  0.450      SignalP-TM
3300029594.a:Ga0245142_100500_37  0.404  26  0.582  26  0.893  24  0.807   0.670 Y  0.450      SignalP-TM
3300029594.a:Ga0245142_100500_37  0.739  26  0.837  26  0.965  12  0.945   0.888 Y  0.570      SignalP-noTM
3300029594.a:Ga0245142_100500_37  0.859  26  0.892  26  0.988  16  0.924   0.909 Y  0.450      SignalP-noTM
3300029594.a:Ga0245142_100509_37  0.356  24  0.503  24  0.846  21  0.626   0.549 Y  0.510      SignalP-TM
3300029594.a:Ga0245142_100509_37  0.367  24  0.570  24  0.921  12  0.862   0.684 Y  0.450      SignalP-TM
3300029594.a:Ga0245142_100509_37  0.853  24  0.891  24  0.979  14  0.931   0.913 Y  0.450      SignalP-noTM
3300029594.a:Ga0245142_100509_6  0.316  22  0.468  22  0.820  12  0.634   0.533 Y  0.450      SignalP-TM
3300029594.a:Ga0245142_100587_1  0.592  24  0.728  24  0.922  12  0.855   0.778 Y  0.450      SignalP-TM
3300029594.a:Ga0245142_100587_1  0.735  24  0.833  24  0.982  17  0.948   0.887 Y  0.570      SignalP-noTM
3300029594.a:Ga0245142_100587_1  0.870  24  0.908  24  0.985  14  0.947   0.929 Y  0.450      SignalP-noTM
3300029594.a:Ga0245142_100587_14  0.358  32  0.450  32  0.662  23  0.509   0.473 Y  0.450      SignalP-TM
3300029594.a:Ga0245142_100587_2  0.322  25  0.460  25  0.772  20  0.604   0.513 Y  0.510      SignalP-TM
3300029594.a:Ga0245142_100587_2  0.430  39  0.511  26  0.887  21  0.809   0.627 Y  0.450      SignalP-TM
3300029594.a:Ga0245142_100587_2  0.703  26  0.814  26  0.985  16  0.940   0.882 Y  0.450      SignalP-noTM
3300029594.a:Ga0245142_100587_3  0.290  28  0.430  26  0.791  24  0.633   0.509 Y  0.450      SignalP-TM
3300029594.a:Ga0245142_100587_3  0.533  26  0.524  26  0.752  19  0.569   0.542 Y  0.500      SignalP-TM
3300029594.a:Ga0245142_100587_4  0.541  24  0.716  24  0.963  20  0.935   0.801 Y  0.450      SignalP-TM
3300029594.a:Ga0245142_100587_4  0.616  24  0.776  24  0.988  19  0.973   0.869 Y  0.570      SignalP-noTM
3300029594.a:Ga0245142_100587_4  0.891  24  0.927  24  0.990  15  0.964   0.947 Y  0.450      SignalP-noTM
3300029594.a:Ga0245142_100650_13  0.444  24  0.631  24  0.942  22  0.821   0.705 Y  0.450      SignalP-TM
3300029594.a:Ga0245142_100650_13  0.745  24  0.841  24  0.968  19  0.942   0.889 Y  0.570      SignalP-noTM
3300029594.a:Ga0245142_100650_13  0.903  24  0.922  24  0.984  15  0.938   0.930 Y  0.450      SignalP-noTM
3300029594.a:Ga0245142_100688_11  0.519  25  0.706  25  0.983  14  0.965   0.827 Y  0.570      SignalP-noTM
3300029594.a:Ga0245142_100688_11  0.554  31  0.663  31  0.965  13  0.882   0.749 Y  0.450      SignalP-TM
3300029594.a:Ga0245142_100688_11  0.773  25  0.860  25  0.988  14  0.954   0.910 Y  0.450      SignalP-noTM
3300029594.a:Ga0245142_100688_7  0.169  13  0.323  13  0.674   4  0.623   0.485 Y  0.450      SignalP-noTM
3300029594.a:Ga0245142_100688_8  0.623  25  0.769  25  0.957  20  0.933   0.833 Y  0.450      SignalP-TM
3300029594.a:Ga0245142_100688_8  0.742  25  0.852  25  0.988  12  0.974   0.909 Y  0.570      SignalP-noTM
3300029594.a:Ga0245142_100688_8  0.886  25  0.924  25  0.992  15  0.960   0.944 Y  0.450      SignalP-noTM
3300029594.a:Ga0245142_102055_3  0.209  21  0.372  21  0.900  20  0.609   0.464 Y  0.450      SignalP-TM
3300029594.a:Ga0245142_102055_3  0.369  20  0.595  20  0.984  12  0.958   0.791 Y  0.450      SignalP-noTM
3300029594.a:Ga0245142_102055_6  0.833  29  0.670  29  0.633  27  0.474   0.591 Y  0.500      SignalP-TM
3300029594.a:Ga0245142_102055_7  0.597  26  0.733  26  0.934  19  0.841   0.775 Y  0.450      SignalP-TM
3300029594.a:Ga0245142_102055_7  0.811  26  0.851  26  0.975  15  0.892   0.873 Y  0.450      SignalP-noTM
3300029594.a:Ga0245142_102055_7  0.818  26  0.737  26  0.782  18  0.606   0.689 Y  0.510      SignalP-TM
3300029594.a:Ga0245142_105470_1  0.352  22  0.551  22  0.932  19  0.849   0.691 Y  0.570      SignalP-noTM
3300029594.a:Ga0245142_105470_1  0.400  29  0.476  29  0.884  15  0.606   0.526 Y  0.450      SignalP-TM
3300029594.a:Ga0245142_105470_1  0.692  20  0.792  20  0.939  14  0.916   0.859 Y  0.450      SignalP-noTM
3300029594.a:Ga0245142_105470_2  0.280  33  0.431  33  0.798  30  0.550   0.478 Y  0.450      SignalP-TM
3300029594.a:Ga0245142_106611_2  0.705  23  0.799  23  0.979  11  0.907   0.857 Y  0.450      SignalP-noTM
3300029594.a:Ga0245142_106611_3  0.394  24  0.539  24  0.827  10  0.742   0.649 Y  0.450      SignalP-noTM
3300029594.a:Ga0245142_106611_3  0.486  24  0.581  24  0.818  22  0.708   0.641 Y  0.570      SignalP-noTM
