18	TC	1	4	CGC1	3300011744.a:Ga0122082_10037	20855	21847	3300011744.a:Ga0122082_10037_19	+	DB=gnl|TC-DB|M4VAL8|8.A.21.2.4;ID=3300011744.a:Ga0122082_10037_19	DB=gnl|TC-DB|M4VAL8|8.A.21.2.4;ID=3300011744.a:Ga0122082_10037_19
19	null	null	null	CGC1	3300011744.a:Ga0122082_10037	21968	22630	3300011744.a:Ga0122082_10037_20	+	;ID=3300011744.a:Ga0122082_10037_20
20	STP	2	1	CGC1	3300011744.a:Ga0122082_10037	22765	24855	3300011744.a:Ga0122082_10037_21	+	DB=STP|AAA;ID=3300011744.a:Ga0122082_10037_21	DB=STP|AAA;ID=3300011744.a:Ga0122082_10037_21
21	null	null	null	CGC1	3300011744.a:Ga0122082_10037	24884	25972	3300011744.a:Ga0122082_10037_22	+	;ID=3300011744.a:Ga0122082_10037_22
22	null	null	null	CGC1	3300011744.a:Ga0122082_10037	26055	27635	3300011744.a:Ga0122082_10037_23	-	;ID=3300011744.a:Ga0122082_10037_23
23	TF	2	2	CGC1	3300011744.a:Ga0122082_10037	27787	28116	3300011744.a:Ga0122082_10037_24	-	DB=DBD-Pfam|HTH_8,DBD-SUPERFAMILY|0037176;ID=3300011744.a:Ga0122082_10037_24	DB=DBD-Pfam|HTH_8,DBD-SUPERFAMILY|0037176;ID=3300011744.a:Ga0122082_10037_24
24	null	null	null	CGC1	3300011744.a:Ga0122082_10037	28370	29581	3300011744.a:Ga0122082_10037_25	-	;ID=3300011744.a:Ga0122082_10037_25
25	null	null	null	CGC1	3300011744.a:Ga0122082_10037	29804	30712	3300011744.a:Ga0122082_10037_26	-	;ID=3300011744.a:Ga0122082_10037_26
26	CAZyme	0	2	CGC1	3300011744.a:Ga0122082_10037	30923	33607	3300011744.a:Ga0122082_10037_27	-	DB= GT51|GT51;ID=3300011744.a:Ga0122082_10037_27	DB= GT51|GT51;ID=3300011744.a:Ga0122082_10037_27
27	TC	1	0	CGC1	3300011744.a:Ga0122082_10037	33718	36456	3300011744.a:Ga0122082_10037_28	+	DB=gnl|TC-DB|Q9I3G8|3.A.3.27.5;ID=3300011744.a:Ga0122082_10037_28	DB=gnl|TC-DB|Q9I3G8|3.A.3.27.5;ID=3300011744.a:Ga0122082_10037_28
28	null	null	null	CGC1	3300011744.a:Ga0122082_10037	36477	37400	3300011744.a:Ga0122082_10037_29	-	;ID=3300011744.a:Ga0122082_10037_29
29	STP	5	1	CGC1	3300011744.a:Ga0122082_10037	37750	38535	3300011744.a:Ga0122082_10037_30	+	DB=STP|AAA;ID=3300011744.a:Ga0122082_10037_30	DB=STP|AAA;ID=3300011744.a:Ga0122082_10037_30
+++++
30	STP	0	3	CGC1	3300011744.a:Ga0122082_10042	31643	32860	3300011744.a:Ga0122082_10042_31	-	DB=STP|Aminotran_1_2;ID=3300011744.a:Ga0122082_10042_31	DB=STP|Aminotran_1_2;ID=3300011744.a:Ga0122082_10042_31
31	TF	2	0	CGC1	3300011744.a:Ga0122082_10042	32857	33471	3300011744.a:Ga0122082_10042_32	-	DB=DBD-Pfam|Rrf2,DBD-SUPERFAMILY|0045032;ID=3300011744.a:Ga0122082_10042_32	DB=DBD-Pfam|Rrf2,DBD-SUPERFAMILY|0045032;ID=3300011744.a:Ga0122082_10042_32
32	null	null	null	CGC1	3300011744.a:Ga0122082_10042	33678	34340	3300011744.a:Ga0122082_10042_33	-	;ID=3300011744.a:Ga0122082_10042_33
33	null	null	null	CGC1	3300011744.a:Ga0122082_10042	34789	35061	3300011744.a:Ga0122082_10042_34	+	;ID=3300011744.a:Ga0122082_10042_34
34	CAZyme	2	2	CGC1	3300011744.a:Ga0122082_10042	35229	38282	3300011744.a:Ga0122082_10042_35	-	DB=GH23|CBM50| GH23;ID=3300011744.a:Ga0122082_10042_35	DB=GH23|CBM50| GH23;ID=3300011744.a:Ga0122082_10042_35
35	null	null	null	CGC1	3300011744.a:Ga0122082_10042	38510	39019	3300011744.a:Ga0122082_10042_36	-	;ID=3300011744.a:Ga0122082_10042_36
36	null	null	null	CGC1	3300011744.a:Ga0122082_10042	39350	39709	3300011744.a:Ga0122082_10042_37	+	;ID=3300011744.a:Ga0122082_10042_37
37	TC	0	2	CGC1	3300011744.a:Ga0122082_10042	39864	41759	3300011744.a:Ga0122082_10042_38	+	DB=gnl|TC-DB|P0AG90|2.A.6.4.1;ID=3300011744.a:Ga0122082_10042_38	DB=gnl|TC-DB|P0AG90|2.A.6.4.1;ID=3300011744.a:Ga0122082_10042_38
38	TC	2	0	CGC1	3300011744.a:Ga0122082_10042	41774	43036	3300011744.a:Ga0122082_10042_39	+	DB=gnl|TC-DB|P0AG93|2.A.6.4.1;ID=3300011744.a:Ga0122082_10042_39	DB=gnl|TC-DB|P0AG93|2.A.6.4.1;ID=3300011744.a:Ga0122082_10042_39
39	null	null	null	CGC1	3300011744.a:Ga0122082_10042	43110	43814	3300011744.a:Ga0122082_10042_40	+	;ID=3300011744.a:Ga0122082_10042_40
40	null	null	null	CGC1	3300011744.a:Ga0122082_10042	43876	44247	3300011744.a:Ga0122082_10042_41	+	;ID=3300011744.a:Ga0122082_10042_41
41	STP	4	2	CGC1	3300011744.a:Ga0122082_10042	44291	45826	3300011744.a:Ga0122082_10042_42	-	DB=STP|Pribosyltran;ID=3300011744.a:Ga0122082_10042_42	DB=STP|Pribosyltran;ID=3300011744.a:Ga0122082_10042_42
+++++
9	TC	2	4	CGC1	3300011744.a:Ga0122082_10147	11137	13734	3300011744.a:Ga0122082_10147_10	-	DB=gnl|TC-DB|Q9FI56|3.A.9.1.2;ID=3300011744.a:Ga0122082_10147_10	DB=gnl|TC-DB|Q9FI56|3.A.9.1.2;ID=3300011744.a:Ga0122082_10147_10
10	null	null	null	CGC1	3300011744.a:Ga0122082_10147	14403	15566	3300011744.a:Ga0122082_10147_11	+	;ID=3300011744.a:Ga0122082_10147_11
11	null	null	null	CGC1	3300011744.a:Ga0122082_10147	15616	16449	3300011744.a:Ga0122082_10147_12	+	;ID=3300011744.a:Ga0122082_10147_12
12	CAZyme	1	2	CGC1	3300011744.a:Ga0122082_10147	16437	17852	3300011744.a:Ga0122082_10147_13	+	DB=GT20| GT20;ID=3300011744.a:Ga0122082_10147_13	DB=GT20| GT20;ID=3300011744.a:Ga0122082_10147_13
13	null	null	null	CGC1	3300011744.a:Ga0122082_10147	17907	19004	3300011744.a:Ga0122082_10147_14	+	;ID=3300011744.a:Ga0122082_10147_14
14	CAZyme	1	1	CGC1	3300011744.a:Ga0122082_10147	18992	19813	3300011744.a:Ga0122082_10147_15	+	DB=CE14;ID=3300011744.a:Ga0122082_10147_15	DB=CE14;ID=3300011744.a:Ga0122082_10147_15
15	null	null	null	CGC1	3300011744.a:Ga0122082_10147	19806	20408	3300011744.a:Ga0122082_10147_16	+	;ID=3300011744.a:Ga0122082_10147_16
16	CAZyme	0	1	CGC1	3300011744.a:Ga0122082_10147	20423	21154	3300011744.a:Ga0122082_10147_17	+	DB=GT2;ID=3300011744.a:Ga0122082_10147_17	DB=GT2;ID=3300011744.a:Ga0122082_10147_17
17	TF	0	0	CGC1	3300011744.a:Ga0122082_10147	21476	21688	3300011744.a:Ga0122082_10147_18	+	DB=DBD-Pfam|CSD;ID=3300011744.a:Ga0122082_10147_18	DB=DBD-Pfam|CSD;ID=3300011744.a:Ga0122082_10147_18
18	TF	0	0	CGC1	3300011744.a:Ga0122082_10147	21899	22459	3300011744.a:Ga0122082_10147_19	-	DB=DBD-Pfam|HTH_8,DBD-SUPERFAMILY|0037176;ID=3300011744.a:Ga0122082_10147_19	DB=DBD-Pfam|HTH_8,DBD-SUPERFAMILY|0037176;ID=3300011744.a:Ga0122082_10147_19
19	STP	null	0	CGC1	3300011744.a:Ga0122082_10147	22469	23776	3300011744.a:Ga0122082_10147_20	-	DB=STP|HisKA,STP|HATPase_c;ID=3300011744.a:Ga0122082_10147_20	DB=STP|HisKA,STP|HATPase_c;ID=3300011744.a:Ga0122082_10147_20
+++++
