GH3.hmm	216	3300006979.a:Ga0102701_100003_10	812	1.4e-68	8	216	150	384	0.9629629629629629
GH13_39.hmm	316	3300006979.a:Ga0102701_100003_21	1126	5.1e-120	1	315	207	536	0.9936708860759493
GH77.hmm	494	3300006979.a:Ga0102701_100003_21	1126	6e-108	120	478	752	1111	0.7246963562753036
GT5.hmm	472	3300006979.a:Ga0102701_100003_22	503	2.4e-182	1	470	16	488	0.9936440677966102
GT35.hmm	674	3300006979.a:Ga0102701_100003_25	806	6.7e-250	3	673	92	803	0.9940652818991098
CBM48.hmm	76	3300006979.a:Ga0102701_100003_26	725	2.9e-17	2	71	30	115	0.9078947368421053
GH13_9.hmm	301	3300006979.a:Ga0102701_100003_26	725	5.6e-135	2	301	211	506	0.9933554817275747
GH23.hmm	135	3300006979.a:Ga0102701_100009_59	196	1e-28	13	123	57	184	0.8148148148148148
GT2.hmm	170	3300006979.a:Ga0102701_100009_70	227	1.1e-23	2	166	6	160	0.9647058823529412
GH5_44.hmm	302	3300006979.a:Ga0102701_100010_45	349	5.1e-40	2	291	53	324	0.956953642384106
GT2.hmm	170	3300006979.a:Ga0102701_100010_90	357	5.4e-34	1	164	9	176	0.9588235294117647
GT2.hmm	170	3300006979.a:Ga0102701_100014_21	372	7.4e-39	1	131	21	149	0.7647058823529411
GT2.hmm	170	3300006979.a:Ga0102701_100014_22	355	1.8e-28	1	110	5	112	0.6411764705882353
GT2.hmm	170	3300006979.a:Ga0102701_100014_23	381	1.3e-24	1	107	23	127	0.6235294117647059
GT2.hmm	230	3300006979.a:Ga0102701_100014_55	433	2.7e-26	3	228	52	275	0.9782608695652174
CE4.hmm	130	3300006979.a:Ga0102701_100014_73	511	8.8e-27	5	122	293	409	0.9
GH32.hmm	293	3300006979.a:Ga0102701_100014_76	484	1e-72	1	293	37	340	0.9965870307167235
GT35.hmm	674	3300006979.a:Ga0102701_100014_83	754	2e-217	2	673	80	752	0.9955489614243324
GH77.hmm	494	3300006979.a:Ga0102701_100014_84	549	4.5e-167	1	488	8	486	0.9858299595141701
GT28.hmm	157	3300006979.a:Ga0102701_100018_47	374	2.8e-46	2	156	196	358	0.9808917197452229
GT51.hmm	177	3300006979.a:Ga0102701_100035_20	741	2.4e-71	2	176	72	247	0.9830508474576272
GT2.hmm	170	3300006979.a:Ga0102701_100084_16	326	4.7e-20	2	166	8	176	0.9647058823529412
GT2.hmm	170	3300006979.a:Ga0102701_100099_8	345	4e-24	2	106	7	113	0.611764705882353
CE9.hmm	373	3300006979.a:Ga0102701_100110_4	394	1e-112	4	373	7	384	0.9892761394101877
