PUL0017	9.40e-110
PUL0024	1.94e-18
PUL0041	9.59e-246
PUL0049	7.40e-65
PUL0058	7.54e-212
PUL0081	1.90e-109
PUL0088	3.81e-128
PUL0100	5.39e-299
PUL00106	1.71e-204
PUL0106	9.08e-92
PUL0111	1.91e-310
PUL0168	3.99e-310
PUL0206	3.13e-224
PUL0225	2.32e-47
PUL0230	3.88e-74
PUL0246	3.84e-233
PUL0267	1.78e-228
PUL00290	9.24e-40
PUL0296	4.00e-117
PUL0316	5.03e-132
PUL0316	9.62e-93
PUL0324	3.14e-233
PUL0335	1.64e-104
PUL0347	2.77e-232
PUL0366	1.31e-93
PUL0366	2.08e-47
PUL0366	8.58e-284
PUL0390	1.73e-06
PUL0390	4.20e-75
PUL0396	3.32e-80
PUL0420	1.46e-211
PUL0446	1.06e-50
PUL0449	4.80e-158
PUL0449	5.87e-190
PUL0459	3.43e-200
PUL00473	1.90e-242
PUL00495	3.05e-202
PUL00500	4.05e-89
PUL0584	2.30e-147
PUL0586	1.12e-241
PUL0599	1.18e-110
PUL0599	2.21e-91
PUL00601	1.12e-222
PUL00612	3.14e-87
PUL00614	2.47e-226
PUL00692	1.92e-263
PUL01060	3.20e-05
PUL01455	2.62e-175
PUL01455	6.34e-106
PUL02026	1.06e-295
PUL02482	4.67e-183
PUL02705	1.39e-135
PUL03004	3.18e-12
PUL03004	7.19e-62
PUL03299	5.78e-123
PUL03353	4.00e-236
PUL03353	8.17e-17
PUL03357	1.66e-140
PUL03379	3.13e-39
PUL03462	1.13e-20
PUL03662	6.63e-164
PUL04930	8.22e-21
PUL05302	4.17e-276
PUL05304	5.50e-43
PUL05600	2.64e-07
