PUL0017	1
PUL0017	1
PUL0024	1
PUL0024	1
PUL0060	1
PUL0069	1
PUL0075	1
PUL0106	1
PUL0121	1
PUL0121	1
PUL0121	1
PUL0121	1
PUL0121	1
PUL00136	1
PUL0150	1
PUL0152	1
PUL0169	1
PUL0180	1
PUL0209	1
PUL0267	1
PUL0285	1
PUL0299	1
PUL0316	1
PUL0333	1
PUL0333	1
PUL0340	1
PUL00360	1
PUL0364	1
PUL0375	1
PUL0409	1
PUL0410	1
PUL0459	1
PUL00479	1
PUL00495	1
PUL0555	1
PUL00600	1
PUL00604	1
PUL00706	1
PUL01013	1
PUL01060	1
PUL01060	1
PUL01081	1
PUL01217	1
PUL01455	1
PUL01455	1
PUL01846	1
PUL02300	1
PUL02300	1
PUL02705	1
PUL02993	1
PUL03004	1
PUL03004	1
PUL03405	1
PUL03412	1
PUL03412	1
PUL03691	1
PUL04135	1
PUL04299	1
PUL04600	1
PUL04600	1
PUL05225	1
PUL05304	1
PUL046001	1
