Fe_dep_repress	60	3300011471.a:Ga0121060_100006_137	262	3e-05	5	54	16	65	0.8166666666666667
GerE	57	3300011471.a:Ga0121060_100006_148	203	3.4e-20	2	55	123	176	0.9298245614035088
Rrf2	83	3300011471.a:Ga0121060_100006_15	196	1.9e-27	1	83	1	85	0.9879518072289156
FMN_bind_2	168	3300011471.a:Ga0121060_100006_156	221	1e-44	1	167	2	173	0.9880952380952381
HTH_8	42	3300011471.a:Ga0121060_100006_169	110	8.4e-17	2	40	66	104	0.9047619047619048
CSD	66	3300011471.a:Ga0121060_100006_208	71	1.9e-31	2	65	6	68	0.9545454545454546
MarR	59	3300011471.a:Ga0121060_100006_244	153	3.2e-06	8	48	11	51	0.6779661016949152
GntR	64	3300011471.a:Ga0121060_100006_253	258	5.7e-17	3	64	5	66	0.953125
Trans_reg_C	77	3300011471.a:Ga0121060_100006_256	392	2.6e-06	1	58	225	280	0.7402597402597403
CSD	66	3300011471.a:Ga0121060_100006_272	71	3.8e-31	2	65	6	69	0.9545454545454546
HTH_8	42	3300011471.a:Ga0121060_100006_273	187	4.3e-14	3	41	141	179	0.9047619047619048
HTH_1	60	3300011471.a:Ga0121060_100006_281	322	3.5e-17	1	58	18	75	0.95
Trans_reg_C	77	3300011471.a:Ga0121060_100006_314	223	1.2e-16	3	75	147	214	0.935064935064935
GerE	57	3300011471.a:Ga0121060_100006_358	213	1.1e-18	2	57	149	204	0.9649122807017544
HTH_1	60	3300011471.a:Ga0121060_100006_40	318	3.4e-23	2	59	4	61	0.95
CSD	66	3300011471.a:Ga0121060_100006_99	71	1.2e-31	2	64	6	68	0.9393939393939394
Trans_reg_C	77	3300011471.a:Ga0121060_100013_110	226	2e-19	4	77	149	217	0.948051948051948
HTH_3	55	3300011471.a:Ga0121060_100013_177	365	7.1e-06	6	54	19	69	0.8727272727272727
HTH_1	60	3300011471.a:Ga0121060_100013_32	309	6.5e-15	1	59	3	63	0.9666666666666667
HTH_5	47	3300011471.a:Ga0121060_100013_53	89	3.6e-19	1	47	12	59	0.9787234042553191
HTH_3	55	3300011471.a:Ga0121060_100013_95	261	2.6e-06	2	55	13	76	0.9636363636363636
HTH_3	55	3300011471.a:Ga0121060_100014_12	216	3e-07	1	52	8	65	0.9272727272727272
Trans_reg_C	77	3300011471.a:Ga0121060_100014_142	233	2.2e-28	2	77	153	227	0.974025974025974
HTH_1	60	3300011471.a:Ga0121060_100014_75	283	9.3e-18	1	60	4	63	0.9833333333333333
LytTR	98	3300011471.a:Ga0121060_100014_93	246	5.5e-26	4	97	149	242	0.9489795918367347
HTH_1	60	3300011471.a:Ga0121060_100015_118	297	2.9e-22	3	59	5	61	0.9333333333333333
HTH_DeoR	57	3300011471.a:Ga0121060_100015_195	156	2.5e-05	3	46	10	53	0.7543859649122807
HTH_DeoR	57	3300011471.a:Ga0121060_100015_57	362	7.3e-05	1	46	15	65	0.7894736842105263
HTH_8	42	3300011471.a:Ga0121060_100015_62	593	6.5e-12	4	40	545	581	0.8571428571428571
CSD	66	3300011471.a:Ga0121060_100024_161	214	1.5e-11	2	65	5	70	0.9545454545454546
HTH_1	60	3300011471.a:Ga0121060_100024_164	306	8.9e-19	1	60	4	63	0.9833333333333333
HTH_3	55	3300011471.a:Ga0121060_100027_110	556	9.9e-07	3	55	15	72	0.9454545454545454
MarR	59	3300011471.a:Ga0121060_100027_120	157	1.7e-08	5	48	8	51	0.7288135593220338
HTH_5	47	3300011471.a:Ga0121060_100027_52	117	7.9e-16	1	47	39	85	0.9787234042553191
HTH_1	60	3300011471.a:Ga0121060_100027_67	322	6.9e-18	1	60	4	63	0.9833333333333333
HTH_1	60	3300011471.a:Ga0121060_100027_77	300	7e-24	1	59	5	63	0.9666666666666667
TrmB	68	3300011471.a:Ga0121060_100029_119	173	7.6e-07	18	56	36	74	0.5588235294117647
FUR	120	3300011471.a:Ga0121060_100029_12	187	3.2e-16	2	118	59	177	0.9666666666666667
Trans_reg_C	77	3300011471.a:Ga0121060_100029_124	258	1.2e-23	4	77	177	250	0.948051948051948
Trans_reg_C	77	3300011471.a:Ga0121060_100029_22	236	1.3e-25	3	77	157	231	0.961038961038961
MerR	38	3300011471.a:Ga0121060_100033_17	147	1.9e-15	1	38	2	39	0.9736842105263158
Trp_repressor	88	3300011471.a:Ga0121060_100033_3	99	7.6e-20	3	72	12	80	0.7840909090909091
FUR	120	3300011471.a:Ga0121060_100033_98	146	2.4e-47	2	120	12	131	0.9833333333333333
Trans_reg_C	77	3300011471.a:Ga0121060_100034_39	246	1.8e-25	2	77	164	240	0.974025974025974
MarR	59	3300011471.a:Ga0121060_100034_95	155	5.8e-18	1	59	36	94	0.9830508474576272
HTH_1	60	3300011471.a:Ga0121060_100036_37	309	5.1e-14	2	60	17	77	0.9666666666666667
HTH_8	42	3300011471.a:Ga0121060_100036_68	566	1.1e-15	5	42	513	550	0.8809523809523809
SirB	120	3300011471.a:Ga0121060_100040_4	122	3.7e-20	4	119	1	117	0.9583333333333334
HTH_3	55	3300011471.a:Ga0121060_100042_102	82	1.7e-12	2	54	21	73	0.9454545454545454
GntR	64	3300011471.a:Ga0121060_100042_12	465	3.5e-16	2	64	5	67	0.96875
HTH_1	60	3300011471.a:Ga0121060_100042_14	301	1.8e-21	1	60	13	72	0.9833333333333333
bZIP_Maf	92	3300011471.a:Ga0121060_100042_26	93	6.3e-05	47	87	43	83	0.43478260869565216
MerR	38	3300011471.a:Ga0121060_100042_37	131	2.9e-15	1	38	2	39	0.9736842105263158
MerR	38	3300011471.a:Ga0121060_100042_45	151	4.8e-14	1	38	5	42	0.9736842105263158
HTH_5	47	3300011471.a:Ga0121060_100042_51	98	4.5e-18	1	46	16	62	0.9574468085106383
MerR	38	3300011471.a:Ga0121060_100042_57	131	3.8e-18	2	38	3	39	0.9473684210526315
HTH_AraC	42	3300011471.a:Ga0121060_100042_6	256	2.5e-11	1	42	161	202	0.9761904761904762
HTH_AraC	42	3300011471.a:Ga0121060_100042_6	256	2.3e-11	7	41	215	250	0.8095238095238095
HTH_1	60	3300011471.a:Ga0121060_100042_63	297	3.4e-19	2	60	4	62	0.9666666666666667
AraC_N	148	3300011471.a:Ga0121060_100042_68	264	5.9e-05	15	119	19	124	0.7027027027027027
HTH_8	42	3300011471.a:Ga0121060_100042_68	264	3.8e-05	18	40	173	195	0.5238095238095238
HTH_AraC	42	3300011471.a:Ga0121060_100042_68	264	1.5e-07	6	41	219	255	0.8333333333333334
HTH_AraC	42	3300011471.a:Ga0121060_100042_72	245	2.6e-10	9	41	158	190	0.7619047619047619
HTH_1	60	3300011471.a:Ga0121060_100042_75	280	9.6e-21	1	60	7	66	0.9833333333333333
HTH_1	60	3300011471.a:Ga0121060_100042_76	291	4.4e-20	1	59	3	61	0.9666666666666667
HTH_DeoR	57	3300011471.a:Ga0121060_100042_79	386	5.2e-05	4	46	323	367	0.7368421052631579
HTH_3	55	3300011471.a:Ga0121060_100042_94	80	1.6e-06	7	54	12	60	0.8545454545454545
HTH_1	60	3300011471.a:Ga0121060_100045_69	300	1.9e-18	1	59	4	66	0.9666666666666667
PspC	53	3300011471.a:Ga0121060_100047_1	74	3.7e-25	2	53	7	65	0.9622641509433962
HTH_3	55	3300011471.a:Ga0121060_100050_31	303	4.4e-05	2	43	28	71	0.7454545454545455
HTH_AraC	42	3300011471.a:Ga0121060_100054_38	328	2.2e-07	1	39	220	258	0.9047619047619048
HTH_AraC	42	3300011471.a:Ga0121060_100054_38	328	2.8e-10	6	42	274	311	0.8571428571428571
HTH_3	55	3300011471.a:Ga0121060_100058_30	109	6.5e-07	4	29	80	105	0.45454545454545453
HTH_3	55	3300011471.a:Ga0121060_100058_41	68	2.5e-08	7	55	12	61	0.8727272727272727
HTH_3	55	3300011471.a:Ga0121060_100058_5	81	5.7e-07	7	55	12	61	0.8727272727272727
HTH_8	42	3300011471.a:Ga0121060_100058_57	64	1.9e-06	14	36	20	42	0.5238095238095238
HTH_1	60	3300011471.a:Ga0121060_100081_10	346	2e-17	1	59	8	66	0.9666666666666667
HTH_3	55	3300011471.a:Ga0121060_100092_12	110	1.8e-12	3	46	53	98	0.7818181818181819
MarR	59	3300011471.a:Ga0121060_100092_16	150	8.1e-08	2	59	35	92	0.9661016949152542
PspC	53	3300011471.a:Ga0121060_100103_1	74	3.9e-25	2	53	7	65	0.9622641509433962
