0043644	74	3300014529.a:Ga0169876_100005_102	278	5.8e-06	11	64	177	234	0.7162162162162162
0035607	54	3300014529.a:Ga0169876_100005_132	280	8.9e-11	2	53	223	272	0.9444444444444444
0043758	87	3300014529.a:Ga0169876_100005_169	253	6.5e-15	3	77	4	71	0.8505747126436781
0035607	54	3300014529.a:Ga0169876_100005_188	273	3.6e-07	2	54	156	208	0.9629629629629629
0035607	54	3300014529.a:Ga0169876_100005_188	273	1.6e-06	16	52	218	255	0.6666666666666666
0036955	59	3300014529.a:Ga0169876_100005_20	343	1.1e-16	2	58	6	62	0.9491525423728814
0040266	151	3300014529.a:Ga0169876_100005_219	264	1.8e-10	28	95	19	81	0.44370860927152317
0039786	72	3300014529.a:Ga0169876_100005_25	72	9.8e-24	6	72	1	71	0.9166666666666666
0037983	98	3300014529.a:Ga0169876_100005_285	117	1e-40	1	98	1	98	0.9897959183673469
0039939	63	3300014529.a:Ga0169876_100005_301	219	3.7e-05	20	54	154	188	0.5396825396825397
0035607	54	3300014529.a:Ga0169876_100005_321	266	1.1e-05	1	52	211	260	0.9444444444444444
0036286	54	3300014529.a:Ga0169876_100005_390	320	1.4e-05	3	49	217	263	0.8518518518518519
0035607	54	3300014529.a:Ga0169876_100005_390	320	4e-09	3	51	269	315	0.8888888888888888
0044258	100	3300014529.a:Ga0169876_100005_405	317	3.3e-08	15	94	2	77	0.79
0040517	144	3300014529.a:Ga0169876_100005_42	145	7.2e-34	3	134	5	137	0.9097222222222222
0036955	59	3300014529.a:Ga0169876_100005_58	342	2.7e-18	2	58	1	57	0.9491525423728814
0035607	54	3300014529.a:Ga0169876_100005_94	304	9.3e-08	2	53	179	230	0.9444444444444444
0035607	54	3300014529.a:Ga0169876_100005_94	304	7.6e-10	3	54	232	281	0.9444444444444444
0043758	87	3300014529.a:Ga0169876_100008_107	244	6.5e-15	4	66	4	59	0.7126436781609196
0042156	125	3300014529.a:Ga0169876_100008_110	306	2.3e-06	49	116	19	82	0.536
0043758	87	3300014529.a:Ga0169876_100008_12	258	2.9e-14	3	67	4	61	0.735632183908046
0037176	98	3300014529.a:Ga0169876_100008_14	505	1e-07	2	97	401	502	0.9693877551020408
0036955	59	3300014529.a:Ga0169876_100008_161	344	6.6e-18	2	57	1	56	0.9322033898305084
0037176	98	3300014529.a:Ga0169876_100008_189	593	7e-12	1	97	486	589	0.9795918367346939
0038966	94	3300014529.a:Ga0169876_100008_20	140	3.2e-05	31	84	83	135	0.5638297872340425
0039384	65	3300014529.a:Ga0169876_100008_297	240	2.1e-05	20	59	176	215	0.6
0043644	74	3300014529.a:Ga0169876_100008_303	303	2.8e-13	2	59	129	186	0.7702702702702703
0035607	54	3300014529.a:Ga0169876_100008_303	303	1.6e-07	4	53	192	241	0.9074074074074074
0035607	54	3300014529.a:Ga0169876_100008_303	303	3.7e-10	3	52	243	290	0.9074074074074074
0035607	54	3300014529.a:Ga0169876_100008_305	254	1.7e-09	3	52	197	244	0.9074074074074074
0037767	80	3300014529.a:Ga0169876_100008_319	242	3.4e-10	24	71	29	76	0.5875
0037176	98	3300014529.a:Ga0169876_100008_37	693	5.1e-09	1	98	594	687	0.9897959183673469
0043758	87	3300014529.a:Ga0169876_100008_42	256	2.5e-14	4	64	5	58	0.6896551724137931
0043935	94	3300014529.a:Ga0169876_100010_153	208	9.1e-17	2	89	58	149	0.925531914893617
0044558	59	3300014529.a:Ga0169876_100010_157	328	8.2e-14	2	51	3	51	0.8305084745762712
0043707	64	3300014529.a:Ga0169876_100010_164	139	6.3e-05	6	61	83	137	0.859375
0039384	65	3300014529.a:Ga0169876_100010_175	259	4.8e-09	17	63	27	73	0.7076923076923077
0043758	87	3300014529.a:Ga0169876_100010_204	270	1.5e-14	3	65	16	71	0.7126436781609196
0041348	74	3300014529.a:Ga0169876_100010_256	93	9.9e-32	4	73	3	72	0.9324324324324325
0037767	80	3300014529.a:Ga0169876_100010_287	261	7.4e-08	24	71	46	93	0.5875
0035347	75	3300014529.a:Ga0169876_100010_297	157	2e-17	5	72	12	80	0.8933333333333333
0040517	144	3300014529.a:Ga0169876_100010_303	310	5.6e-05	46	110	19	79	0.4444444444444444
0043758	87	3300014529.a:Ga0169876_100010_321	272	1.8e-13	4	69	10	68	0.7471264367816092
0037176	98	3300014529.a:Ga0169876_100010_327	99	1.4e-29	4	98	4	98	0.9591836734693877
0039384	65	3300014529.a:Ga0169876_100010_44	255	7.7e-08	10	62	19	71	0.8
0036286	54	3300014529.a:Ga0169876_100010_78	319	2.9e-12	3	53	210	260	0.9259259259259259
0035607	54	3300014529.a:Ga0169876_100010_78	319	8.9e-10	2	50	261	307	0.8888888888888888
0039384	65	3300014529.a:Ga0169876_100010_84	250	1.2e-09	16	63	26	73	0.7230769230769231
0042628	48	3300014529.a:Ga0169876_100011_22	86	2.4e-11	2	45	5	48	0.8958333333333334
0040517	144	3300014529.a:Ga0169876_100011_247	165	2.9e-16	25	117	10	102	0.6388888888888888
0039384	65	3300014529.a:Ga0169876_100011_295	253	1.8e-05	4	44	4	43	0.6153846153846154
0039939	63	3300014529.a:Ga0169876_100011_319	133	8.1e-05	15	56	65	106	0.6507936507936508
0038966	94	3300014529.a:Ga0169876_100011_330	389	2.5e-05	33	81	4	55	0.5106382978723404
0041348	74	3300014529.a:Ga0169876_100011_334	75	1.3e-06	10	51	2	43	0.5540540540540541
0043707	64	3300014529.a:Ga0169876_100011_335	136	3.3e-11	4	63	4	64	0.921875
0043143	63	3300014529.a:Ga0169876_100032_100	95	6.9e-11	6	57	35	86	0.8095238095238095
0036286	54	3300014529.a:Ga0169876_100032_106	290	5.1e-13	4	53	6	55	0.9074074074074074
0035607	54	3300014529.a:Ga0169876_100032_106	290	1.3e-06	4	53	58	105	0.9074074074074074
0036286	54	3300014529.a:Ga0169876_100032_175	282	5.3e-10	2	52	176	227	0.9259259259259259
0035607	54	3300014529.a:Ga0169876_100032_175	282	9.4e-10	2	52	229	277	0.9259259259259259
0041905	120	3300014529.a:Ga0169876_100032_183	552	5.2e-06	19	84	21	85	0.5416666666666666
0044558	59	3300014529.a:Ga0169876_100032_192	335	2e-17	2	58	2	58	0.9491525423728814
0037767	80	3300014529.a:Ga0169876_100032_35	258	3.6e-11	11	73	19	76	0.775
0037767	80	3300014529.a:Ga0169876_100032_65	302	7.3e-08	24	70	22	67	0.575
0038966	94	3300014529.a:Ga0169876_100032_98	411	1.3e-07	31	83	5	58	0.5531914893617021
0039468	106	3300014529.a:Ga0169876_100033_120	244	4.1e-21	1	88	3	90	0.8207547169811321
0036955	59	3300014529.a:Ga0169876_100033_145	347	2.2e-20	2	58	1	57	0.9491525423728814
0040266	151	3300014529.a:Ga0169876_100033_154	363	5.4e-08	25	90	2	57	0.4304635761589404
0037767	80	3300014529.a:Ga0169876_100033_156	233	5.8e-05	4	77	153	215	0.9125
0043758	87	3300014529.a:Ga0169876_100033_83	260	4.1e-14	4	67	7	63	0.7241379310344828
0037767	80	3300014529.a:Ga0169876_100033_94	249	2.9e-11	18	72	44	89	0.675
0037176	98	3300014529.a:Ga0169876_100035_160	640	3.2e-14	1	98	536	631	0.9897959183673469
0037767	80	3300014529.a:Ga0169876_100035_179	240	1.1e-10	7	72	17	73	0.8125
0035607	54	3300014529.a:Ga0169876_100035_20	272	3.3e-09	1	54	156	209	0.9814814814814815
0035607	54	3300014529.a:Ga0169876_100035_20	272	1e-07	12	53	219	257	0.7592592592592593
0039468	106	3300014529.a:Ga0169876_100035_203	244	1.4e-22	1	87	3	89	0.8113207547169812
0037767	80	3300014529.a:Ga0169876_100035_22	251	8.3e-17	1	79	165	242	0.975
0037176	98	3300014529.a:Ga0169876_100035_34	514	1.6e-08	1	97	412	506	0.9795918367346939
0036955	59	3300014529.a:Ga0169876_100035_37	333	6.1e-20	2	57	2	57	0.9322033898305084
0037176	98	3300014529.a:Ga0169876_100035_54	326	5.7e-09	1	97	222	325	0.9795918367346939
0043758	87	3300014529.a:Ga0169876_100035_71	250	8.6e-16	2	68	1	60	0.7586206896551724
0041905	120	3300014529.a:Ga0169876_100050_120	261	3.3e-06	10	71	14	71	0.5083333333333333
0037176	98	3300014529.a:Ga0169876_100050_146	462	3.5e-18	1	98	358	457	0.9897959183673469
0036286	54	3300014529.a:Ga0169876_100050_153	355	3.4e-12	3	53	85	133	0.9259259259259259
0044258	100	3300014529.a:Ga0169876_100050_19	316	1.1e-05	6	97	4	92	0.91
0043669	98	3300014529.a:Ga0169876_100051_1	295	2.7e-05	24	62	7	47	0.3877551020408163
0045032	127	3300014529.a:Ga0169876_100051_111	163	1.5e-30	2	126	6	130	0.9763779527559056
0044258	100	3300014529.a:Ga0169876_100051_124	398	4.4e-06	15	62	12	59	0.47
0037176	98	3300014529.a:Ga0169876_100051_128	445	6.7e-11	1	97	349	437	0.9795918367346939
0036286	54	3300014529.a:Ga0169876_100051_31	351	5.1e-10	3	53	240	290	0.9259259259259259
0040266	151	3300014529.a:Ga0169876_100051_5	309	2.2e-07	25	115	4	78	0.5960264900662252
0043707	64	3300014529.a:Ga0169876_100051_96	336	3.2e-08	3	44	15	58	0.640625
0036955	59	3300014529.a:Ga0169876_100057_106	332	1.5e-13	2	55	5	58	0.8983050847457628
0038173	46	3300014529.a:Ga0169876_100057_12	67	6.2e-05	5	38	11	45	0.717391304347826
0042628	48	3300014529.a:Ga0169876_100057_148	134	1.1e-13	1	45	1	45	0.9166666666666666
0037767	80	3300014529.a:Ga0169876_100057_149	249	3.5e-09	2	72	12	77	0.875
0041523	122	3300014529.a:Ga0169876_100057_151	94	2e-05	62	111	18	67	0.4016393442622951
0038753	71	3300014529.a:Ga0169876_100057_20	211	8.6e-18	1	69	139	207	0.9577464788732394
0043707	64	3300014529.a:Ga0169876_100057_62	99	2.1e-08	7	56	39	88	0.765625
0044258	100	3300014529.a:Ga0169876_100057_69	79	1.6e-06	24	69	10	55	0.45
0043758	87	3300014529.a:Ga0169876_100057_81	253	5.2e-19	2	82	3	76	0.9195402298850575
0043707	64	3300014529.a:Ga0169876_100059_115	114	4.9e-08	7	59	16	69	0.8125
0042546	127	3300014529.a:Ga0169876_100059_119	136	4.2e-37	1	126	1	126	0.984251968503937
0040517	144	3300014529.a:Ga0169876_100059_131	309	3.5e-05	41	110	14	79	0.4791666666666667
0040517	144	3300014529.a:Ga0169876_100059_80	153	7.3e-17	27	134	2	128	0.7430555555555556
0037767	80	3300014529.a:Ga0169876_100059_9	208	5.6e-05	3	70	139	200	0.8375
0039786	72	3300014529.a:Ga0169876_100059_92	73	8.6e-33	2	72	2	72	0.9722222222222222
0041905	120	3300014529.a:Ga0169876_100070_76	407	2.1e-06	11	71	22	83	0.5
0043758	87	3300014529.a:Ga0169876_100070_88	254	1.9e-16	4	78	5	72	0.8505747126436781
0041150	134	3300014529.a:Ga0169876_100070_92	149	3.2e-47	5	133	6	134	0.9552238805970149
0036955	59	3300014529.a:Ga0169876_100071_108	316	9.4e-18	2	57	4	59	0.9322033898305084
0037456	76	3300014529.a:Ga0169876_100071_113	163	5.1e-15	3	66	13	77	0.8289473684210527
0036955	59	3300014529.a:Ga0169876_100071_129	333	1e-14	2	56	5	59	0.9152542372881356
0045032	127	3300014529.a:Ga0169876_100071_41	142	3e-29	2	126	6	128	0.9763779527559056
0043758	87	3300014529.a:Ga0169876_100071_54	252	3.7e-13	4	66	5	60	0.7126436781609196
0043707	64	3300014529.a:Ga0169876_100071_67	164	7.3e-10	3	57	19	74	0.84375
0044258	100	3300014529.a:Ga0169876_100071_83	127	8.6e-19	3	94	19	110	0.91
0035607	54	3300014529.a:Ga0169876_100092_104	284	2.9e-07	3	52	169	218	0.9074074074074074
0035607	54	3300014529.a:Ga0169876_100092_104	284	1.8e-11	1	54	219	270	0.9814814814814815
0037176	98	3300014529.a:Ga0169876_100092_14	470	1.2e-16	1	97	353	468	0.9795918367346939
0037767	80	3300014529.a:Ga0169876_100092_18	237	2.2e-11	2	73	11	73	0.8875
0043758	87	3300014529.a:Ga0169876_100092_21	263	6.4e-18	3	74	9	73	0.8160919540229885
0043707	64	3300014529.a:Ga0169876_100092_35	97	5.9e-11	6	57	36	87	0.796875
0036286	54	3300014529.a:Ga0169876_100092_51	279	3.9e-11	3	53	171	221	0.9259259259259259
0035607	54	3300014529.a:Ga0169876_100092_51	279	1.3e-10	2	51	222	269	0.9074074074074074
0036286	54	3300014529.a:Ga0169876_100092_52	313	1.2e-07	4	54	207	257	0.9259259259259259
0035607	54	3300014529.a:Ga0169876_100092_52	313	7.7e-10	2	52	257	305	0.9259259259259259
0036955	59	3300014529.a:Ga0169876_100092_80	342	4.5e-16	3	57	10	64	0.9152542372881356
0036063	104	3300014529.a:Ga0169876_100092_84	106	1.2e-60	1	104	2	105	0.9903846153846154
0039939	63	3300014529.a:Ga0169876_100108_10	155	5.1e-07	7	62	15	70	0.873015873015873
0040586	141	3300014529.a:Ga0169876_100108_32	175	1.7e-26	5	141	35	171	0.9645390070921985
0044258	100	3300014529.a:Ga0169876_100108_48	309	5.8e-05	32	96	23	83	0.64
0040266	151	3300014529.a:Ga0169876_100108_49	298	1.3e-06	28	120	8	84	0.609271523178808
0036286	54	3300014529.a:Ga0169876_100108_53	286	9.4e-11	3	53	5	55	0.9259259259259259
0035607	54	3300014529.a:Ga0169876_100108_53	286	7.6e-09	2	53	56	105	0.9444444444444444
0036286	54	3300014529.a:Ga0169876_100108_57	285	1.1e-08	2	50	176	224	0.8888888888888888
0035607	54	3300014529.a:Ga0169876_100108_57	285	1.2e-08	3	53	229	277	0.9259259259259259
0036955	59	3300014529.a:Ga0169876_100108_70	196	3e-05	3	41	30	68	0.6440677966101694
0040517	144	3300014529.a:Ga0169876_100108_73	311	0.0001	45	109	21	81	0.4444444444444444
0037176	98	3300014529.a:Ga0169876_100108_84	529	1.4e-09	1	93	444	527	0.9387755102040817
0039384	65	3300014529.a:Ga0169876_100109_16	255	8e-12	15	62	27	74	0.7230769230769231
0044030	41	3300014529.a:Ga0169876_100109_49	152	3.5e-13	1	39	111	149	0.926829268292683
0044258	100	3300014529.a:Ga0169876_100113_102	280	3.5e-05	27	94	12	75	0.67
0040266	151	3300014529.a:Ga0169876_100113_18	256	3.4e-07	30	120	19	102	0.5960264900662252
0043935	94	3300014529.a:Ga0169876_100113_41	86	3.3e-05	4	79	3	81	0.7978723404255319
0044258	100	3300014529.a:Ga0169876_100113_94	320	1.1e-05	10	94	20	98	0.84
0037767	80	3300014529.a:Ga0169876_100123_100	231	5.1e-09	4	71	20	78	0.8375
0039939	63	3300014529.a:Ga0169876_100123_21	197	6.2e-05	10	51	131	173	0.6507936507936508
0036286	54	3300014529.a:Ga0169876_100123_31	289	1.1e-10	3	53	184	234	0.9259259259259259
0035607	54	3300014529.a:Ga0169876_100123_31	289	2.6e-07	2	50	235	281	0.8888888888888888
0037767	80	3300014529.a:Ga0169876_100123_42	230	3.5e-06	5	73	8	71	0.85
0040266	151	3300014529.a:Ga0169876_100123_88	153	1.3e-11	24	140	6	122	0.7682119205298014
0036955	59	3300014529.a:Ga0169876_100123_98	331	1.7e-18	2	58	1	57	0.9491525423728814
0038966	94	3300014529.a:Ga0169876_100124_19	316	2.5e-07	25	78	5	58	0.5638297872340425
0043758	87	3300014529.a:Ga0169876_100124_40	203	2.3e-08	2	66	4	67	0.735632183908046
0041150	134	3300014529.a:Ga0169876_100124_43	172	1.8e-35	2	133	12	144	0.9776119402985075
0036955	59	3300014529.a:Ga0169876_100124_51	345	1.9e-19	2	58	10	66	0.9491525423728814
0037176	98	3300014529.a:Ga0169876_100124_65	453	7.2e-11	1	97	360	441	0.9795918367346939
0040266	151	3300014529.a:Ga0169876_100124_7	275	4.9e-09	29	118	31	116	0.5894039735099338
0036286	54	3300014529.a:Ga0169876_100124_75	108	1.5e-13	2	54	4	56	0.9629629629629629
0035607	54	3300014529.a:Ga0169876_100124_75	108	2.1e-10	2	53	56	105	0.9444444444444444
0042546	127	3300014529.a:Ga0169876_100124_76	155	1.6e-29	1	124	12	134	0.968503937007874
0040517	144	3300014529.a:Ga0169876_100124_79	295	5.4e-06	43	109	14	77	0.4583333333333333
0039384	65	3300014529.a:Ga0169876_100186_26	229	2.5e-10	9	62	22	75	0.8153846153846154
0037767	80	3300014529.a:Ga0169876_100186_33	233	9.3e-13	4	74	4	69	0.875
0035607	54	3300014529.a:Ga0169876_100186_40	128	2.5e-14	4	53	10	59	0.9074074074074074
0035607	54	3300014529.a:Ga0169876_100186_40	128	1.2e-08	3	53	61	109	0.9259259259259259
0040586	141	3300014529.a:Ga0169876_100186_41	145	1.9e-28	6	136	12	141	0.9219858156028369
0043143	63	3300014529.a:Ga0169876_100186_52	89	3.3e-13	3	56	14	68	0.8412698412698413
0035607	54	3300014529.a:Ga0169876_100186_64	254	3.6e-08	2	50	184	229	0.8888888888888888
0040517	144	3300014529.a:Ga0169876_100194_19	318	6e-09	43	114	17	84	0.4930555555555556
0044030	41	3300014529.a:Ga0169876_100194_55	89	2.1e-11	4	37	39	72	0.8048780487804879
0040266	151	3300014529.a:Ga0169876_100194_69	156	8e-15	29	131	43	146	0.6754966887417219
0039384	65	3300014529.a:Ga0169876_100209_6	518	3.5e-08	3	49	2	48	0.7076923076923077
0037767	80	3300014529.a:Ga0169876_100209_63	259	1.1e-09	2	71	12	72	0.8625
0043669	98	3300014529.a:Ga0169876_100252_35	100	6.2e-23	6	96	7	98	0.9183673469387755
0039384	65	3300014529.a:Ga0169876_100252_41	445	3.3e-07	16	63	20	67	0.7230769230769231
0040517	144	3300014529.a:Ga0169876_100252_53	177	3.2e-28	4	138	30	166	0.9305555555555556
0043707	64	3300014529.a:Ga0169876_100262_3	97	5.9e-08	7	55	38	86	0.75
0039939	63	3300014529.a:Ga0169876_100276_18	71	2.3e-05	14	52	9	46	0.6031746031746031
0043707	64	3300014529.a:Ga0169876_100282_25	179	2.1e-14	3	61	8	67	0.90625
0039384	65	3300014529.a:Ga0169876_100282_28	469	8.8e-07	10	64	13	68	0.8307692307692308
0036286	54	3300014529.a:Ga0169876_100296_12	393	4.7e-08	2	51	284	333	0.9074074074074074
0035607	54	3300014529.a:Ga0169876_100296_12	393	1.9e-10	3	52	337	384	0.9074074074074074
0040266	151	3300014529.a:Ga0169876_100296_17	283	8.7e-10	30	114	31	111	0.5562913907284768
0041905	120	3300014529.a:Ga0169876_100296_29	432	3.6e-05	3	67	363	426	0.5333333333333333
0042546	127	3300014529.a:Ga0169876_100317_48	142	5.7e-37	1	119	2	121	0.9291338582677166
0035607	54	3300014529.a:Ga0169876_100336_17	286	7.3e-09	3	53	181	231	0.9259259259259259
0035607	54	3300014529.a:Ga0169876_100336_17	286	4.5e-11	3	51	233	279	0.8888888888888888
0043707	64	3300014529.a:Ga0169876_100397_19	95	1.9e-06	4	58	10	65	0.84375
0037176	98	3300014529.a:Ga0169876_100414_2	442	4.1e-16	1	94	354	441	0.9489795918367347
0039384	65	3300014529.a:Ga0169876_100414_29	322	8.4e-12	7	63	4	61	0.8615384615384616
0035607	54	3300014529.a:Ga0169876_100426_2	275	8e-11	3	52	193	240	0.9074074074074074
0035607	54	3300014529.a:Ga0169876_100426_3	243	4.3e-11	4	52	188	234	0.8888888888888888
0040517	144	3300014529.a:Ga0169876_100768_14	305	1.6e-06	45	110	19	80	0.4513888888888889
0043669	98	3300014529.a:Ga0169876_100768_4	73	5.1e-06	13	70	8	65	0.5816326530612245
0036955	59	3300014529.a:Ga0169876_102383_1	340	2.4e-19	2	58	6	62	0.9491525423728814
