HMA	62	3300029752.a:Ga0243766_100012_116	924	7.8e-20	2	61	4	60	0.9516129032258065
HMA	62	3300029752.a:Ga0243766_100012_116	924	1.1e-13	4	61	791	847	0.9193548387096774
HMA	62	3300029752.a:Ga0243766_100012_116	924	6.6e-15	1	62	861	921	0.9838709677419355
HTH_11	55	3300029752.a:Ga0243766_100012_119	332	5.7e-17	3	54	3	55	0.9272727272727272
AAA	132	3300029752.a:Ga0243766_100012_120	647	2.8e-48	1	131	190	322	0.9848484848484849
Pribosyltran	159	3300029752.a:Ga0243766_100012_121	180	1.1e-31	9	158	13	159	0.9371069182389937
CbiA	128	3300029752.a:Ga0243766_100012_130	540	2.3e-05	8	85	13	302	0.6015625
AAA	132	3300029752.a:Ga0243766_100012_138	441	7.8e-20	1	129	52	161	0.9696969696969697
TrkA_C	70	3300029752.a:Ga0243766_100012_139	528	7.8e-14	1	68	454	520	0.9571428571428572
MarR	59	3300029752.a:Ga0243766_100012_151	130	9.7e-09	2	58	33	92	0.9491525423728814
HisKA	64	3300029752.a:Ga0243766_100012_152	384	6.8e-15	2	62	149	210	0.9375
HATPase_c	111	3300029752.a:Ga0243766_100012_152	384	2e-25	2	110	259	373	0.972972972972973
Response_reg	112	3300029752.a:Ga0243766_100012_153	235	1.2e-30	1	112	6	115	0.9910714285714286
Trans_reg_C	77	3300029752.a:Ga0243766_100012_153	235	3.1e-26	4	77	153	227	0.948051948051948
CBS	57	3300029752.a:Ga0243766_100012_156	470	8.4e-07	2	54	153	210	0.9122807017543859
CBS	57	3300029752.a:Ga0243766_100012_156	470	5.1e-12	3	56	218	271	0.9298245614035088
HisKA	64	3300029752.a:Ga0243766_100012_171	579	1.5e-08	2	64	210	274	0.96875
HATPase_c	111	3300029752.a:Ga0243766_100012_171	579	3.9e-14	1	110	321	437	0.9819819819819819
Response_reg	112	3300029752.a:Ga0243766_100012_171	579	5e-21	2	111	457	572	0.9732142857142857
Peptidase_M23	96	3300029752.a:Ga0243766_100012_173	378	1.2e-33	2	94	278	370	0.9583333333333334
SBP_bac_3	225	3300029752.a:Ga0243766_100012_183	257	2.5e-74	1	225	33	251	0.9955555555555555
SBP_bac_3	225	3300029752.a:Ga0243766_100012_184	263	1.9e-73	1	225	40	260	0.9955555555555555
SBP_bac_3	225	3300029752.a:Ga0243766_100012_185	264	1e-74	1	224	40	259	0.9911111111111112
HD	122	3300029752.a:Ga0243766_100012_186	210	3.3e-18	3	121	36	155	0.9672131147540983
TrkA_C	70	3300029752.a:Ga0243766_100012_194	536	4.2e-10	4	55	410	460	0.7285714285714285
TrkA_C	70	3300029752.a:Ga0243766_100012_194	536	7.7e-10	2	54	473	524	0.7428571428571429
HTH_1	60	3300029752.a:Ga0243766_100012_196	294	8.7e-20	3	59	5	61	0.9333333333333333
LysR_substrate	209	3300029752.a:Ga0243766_100012_196	294	1.1e-35	4	191	88	277	0.8947368421052632
HTH_1	60	3300029752.a:Ga0243766_100012_199	295	1.3e-18	1	59	3	61	0.9666666666666667
LysR_substrate	209	3300029752.a:Ga0243766_100012_199	295	6.5e-37	1	208	84	290	0.9904306220095693
MerR	38	3300029752.a:Ga0243766_100012_213	151	3.9e-07	2	38	23	59	0.9473684210526315
HTH_11	55	3300029752.a:Ga0243766_100012_215	169	6.5e-13	1	54	6	58	0.9636363636363636
SBP_bac_3	225	3300029752.a:Ga0243766_100012_220	280	5.7e-62	1	224	40	263	0.9911111111111112
EPSP_synthase	417	3300029752.a:Ga0243766_100012_241	420	5.7e-102	2	417	7	408	0.9952038369304557
AAA	132	3300029752.a:Ga0243766_100012_265	629	4.5e-16	2	127	42	173	0.946969696969697
HTH_1	60	3300029752.a:Ga0243766_100012_271	295	3.7e-23	3	60	5	62	0.95
LysR_substrate	209	3300029752.a:Ga0243766_100012_271	295	3.4e-30	3	207	88	288	0.9760765550239234
Fer4	24	3300029752.a:Ga0243766_100012_274	252	3.3e-08	1	23	6	28	0.9166666666666666
Fer4	24	3300029752.a:Ga0243766_100012_274	252	3.4e-05	6	24	41	59	0.75
cNMP_binding	88	3300029752.a:Ga0243766_100012_275	222	2.5e-13	2	85	32	117	0.9431818181818182
HxlR	91	3300029752.a:Ga0243766_100012_283	115	1.9e-33	1	88	18	105	0.9560439560439561
TPR_1	34	3300029752.a:Ga0243766_100012_290	320	1.1e-06	1	31	87	117	0.8823529411764706
PAS	113	3300029752.a:Ga0243766_100012_292	576	8.6e-08	1	112	102	210	0.9823008849557522
AAA	132	3300029752.a:Ga0243766_100012_292	576	8e-05	1	97	278	373	0.7272727272727273
HTH_8	42	3300029752.a:Ga0243766_100012_292	576	4.6e-16	1	41	527	567	0.9523809523809523
HTH_18	81	3300029752.a:Ga0243766_100012_294	239	2.7e-22	1	80	152	230	0.9753086419753086
Pyr_redox_2	292	3300029752.a:Ga0243766_100012_3	545	1.8e-43	1	292	7	298	0.9965753424657534
Fer4	24	3300029752.a:Ga0243766_100012_30	58	7e-12	2	24	4	26	0.9166666666666666
Fer4	24	3300029752.a:Ga0243766_100012_30	58	1.1e-08	1	23	32	54	0.9166666666666666
TPR_1	34	3300029752.a:Ga0243766_100012_300	310	3e-05	1	27	170	196	0.7647058823529411
TPR_1	34	3300029752.a:Ga0243766_100012_300	310	3e-06	3	27	214	238	0.7058823529411765
Fer4	24	3300029752.a:Ga0243766_100012_303	1169	6.7e-07	3	24	686	707	0.875
Fer4	24	3300029752.a:Ga0243766_100012_303	1169	1e-06	2	20	741	759	0.75
Pyr_redox_2	292	3300029752.a:Ga0243766_100012_306	464	1.2e-40	2	291	143	448	0.9897260273972602
HTH_IclR	52	3300029752.a:Ga0243766_100012_309	447	6.2e-05	8	40	310	353	0.6153846153846154
HisKA	64	3300029752.a:Ga0243766_100012_310	488	2.8e-18	2	63	257	322	0.953125
HATPase_c	111	3300029752.a:Ga0243766_100012_310	488	3.1e-32	2	110	368	480	0.972972972972973
Response_reg	112	3300029752.a:Ga0243766_100012_311	229	3.1e-30	1	112	4	116	0.9910714285714286
Trans_reg_C	77	3300029752.a:Ga0243766_100012_311	229	6.6e-28	1	77	150	223	0.987012987012987
Fer4	24	3300029752.a:Ga0243766_100012_314	384	1.8e-06	6	21	348	363	0.625
MerR	38	3300029752.a:Ga0243766_100012_316	64	1.8e-08	1	30	10	39	0.7631578947368421
MerR	38	3300029752.a:Ga0243766_100012_317	64	2.2e-07	1	25	10	35	0.631578947368421
HTH_Mga	60	3300029752.a:Ga0243766_100012_318	62	9.1e-07	18	42	4	28	0.4
HTH_1	60	3300029752.a:Ga0243766_100012_59	317	2.2e-21	1	60	3	62	0.9833333333333333
LysR_substrate	209	3300029752.a:Ga0243766_100012_59	317	8.7e-25	6	206	91	300	0.9569377990430622
Fer4	24	3300029752.a:Ga0243766_100012_63	66	3e-06	1	21	7	27	0.8333333333333334
Fer4	24	3300029752.a:Ga0243766_100012_63	66	1e-06	6	23	43	60	0.7083333333333334
Glyoxalase	128	3300029752.a:Ga0243766_100012_68	116	1.5e-05	54	118	46	101	0.5
SBP_bac_3	225	3300029752.a:Ga0243766_100012_81	277	2.5e-44	1	225	42	269	0.9955555555555555
Aminotran_1_2	363	3300029752.a:Ga0243766_100012_87	393	8.6e-41	33	362	57	385	0.90633608815427
Aminotran_1_2	363	3300029752.a:Ga0243766_100034_1	481	5e-16	49	302	68	307	0.696969696969697
Pribosyltran	159	3300029752.a:Ga0243766_100034_105	481	2.7e-10	23	122	285	391	0.6226415094339622
CBS	57	3300029752.a:Ga0243766_100034_110	504	4.9e-05	12	50	110	151	0.6666666666666666
Response_reg	112	3300029752.a:Ga0243766_100034_114	227	1.8e-31	1	112	3	113	0.9910714285714286
Trans_reg_C	77	3300029752.a:Ga0243766_100034_114	227	1.8e-15	3	62	145	204	0.7662337662337663
HisKA	64	3300029752.a:Ga0243766_100034_115	421	8.2e-13	2	63	203	263	0.953125
HATPase_c	111	3300029752.a:Ga0243766_100034_115	421	1.2e-11	1	97	310	409	0.8648648648648649
Arg_repressor	70	3300029752.a:Ga0243766_100034_131	151	1.1e-26	3	68	2	67	0.9285714285714286
NUDIX	131	3300029752.a:Ga0243766_100034_133	184	4.2e-17	2	118	46	158	0.8854961832061069
Hemerythrin	131	3300029752.a:Ga0243766_100034_135	380	1.7e-16	1	131	84	212	0.9923664122137404
SBP_bac_3	225	3300029752.a:Ga0243766_100034_136	324	2e-08	98	200	133	242	0.4533333333333333
SBP_bac_3	225	3300029752.a:Ga0243766_100034_158	328	4e-05	89	158	128	198	0.30666666666666664
HTH_3	55	3300029752.a:Ga0243766_100034_161	399	4.8e-08	1	34	8	43	0.6
LexA_DNA_bind	65	3300029752.a:Ga0243766_100034_167	215	2e-22	2	65	12	75	0.9692307692307692
HTH_3	55	3300029752.a:Ga0243766_100034_18	201	8.4e-16	1	54	7	60	0.9636363636363636
ACT	67	3300029752.a:Ga0243766_100034_181	444	2.3e-09	2	62	361	421	0.8955223880597015
ACT	67	3300029752.a:Ga0243766_100034_182	151	3.3e-07	2	49	73	120	0.7014925373134329
HTH_3	55	3300029752.a:Ga0243766_100034_19	70	3e-13	1	55	12	67	0.9818181818181818
Pyr_redox_2	292	3300029752.a:Ga0243766_100034_190	415	2.6e-12	2	109	3	166	0.3664383561643836
CodY	177	3300029752.a:Ga0243766_100034_195	259	1.3e-59	2	175	4	176	0.9774011299435028
HTH_CodY	61	3300029752.a:Ga0243766_100034_195	259	1.1e-30	2	59	198	255	0.9344262295081968
Aminotran_1_2	363	3300029752.a:Ga0243766_100034_216	401	1.7e-47	17	358	44	381	0.9393939393939394
HTH_1	60	3300029752.a:Ga0243766_100034_225	86	1.6e-20	1	60	3	62	0.9833333333333333
LysR_substrate	209	3300029752.a:Ga0243766_100034_226	186	1.6e-30	5	163	9	176	0.7559808612440191
AAA	132	3300029752.a:Ga0243766_100034_29	206	1.7e-10	1	114	62	166	0.8560606060606061
AAA	132	3300029752.a:Ga0243766_100034_3	327	2.1e-07	1	125	28	160	0.9393939393939394
Sigma70_r4_2	54	3300029752.a:Ga0243766_100034_45	156	3.3e-05	2	51	94	145	0.9074074074074074
HTH_1	60	3300029752.a:Ga0243766_100034_90	282	3.5e-13	2	59	5	62	0.95
LysR_substrate	209	3300029752.a:Ga0243766_100034_90	282	2.1e-13	9	128	94	210	0.569377990430622
SBP_bac_1	315	3300029752.a:Ga0243766_100034_93	301	8.6e-08	12	313	57	277	0.9555555555555556
MerR	38	3300029752.a:Ga0243766_100070_1	98	3.7e-07	1	38	43	79	0.9736842105263158
AAA	132	3300029752.a:Ga0243766_100070_101	416	3.4e-06	1	123	213	320	0.9242424242424242
GntR	64	3300029752.a:Ga0243766_100070_106	451	9.6e-14	1	64	16	79	0.984375
Aminotran_1_2	363	3300029752.a:Ga0243766_100070_106	451	2.5e-15	23	362	120	442	0.9338842975206612
FUR	120	3300029752.a:Ga0243766_100070_112	151	8.7e-28	2	120	14	133	0.9833333333333333
Nitroreductase	170	3300029752.a:Ga0243766_100070_113	195	1.2e-13	5	170	14	154	0.9705882352941176
HTH_1	60	3300029752.a:Ga0243766_100070_114	290	3.4e-18	6	60	8	62	0.9
LysR_substrate	209	3300029752.a:Ga0243766_100070_114	290	5.5e-33	6	208	91	285	0.9665071770334929
CBS	57	3300029752.a:Ga0243766_100070_127	223	1.1e-13	1	54	3	56	0.9298245614035088
CBS	57	3300029752.a:Ga0243766_100070_127	223	5.7e-15	1	56	78	133	0.9649122807017544
ACT	67	3300029752.a:Ga0243766_100070_127	223	8.2e-11	3	64	145	203	0.9104477611940298
Aminotran_1_2	363	3300029752.a:Ga0243766_100070_30	398	4.7e-46	19	362	43	385	0.9449035812672176
HTH_5	47	3300029752.a:Ga0243766_100070_35	111	5.7e-14	1	44	17	60	0.9148936170212766
HTH_1	60	3300029752.a:Ga0243766_100070_44	320	4.9e-19	3	60	5	62	0.95
LysR_substrate	209	3300029752.a:Ga0243766_100070_44	320	6e-34	4	206	89	297	0.9665071770334929
HTH_1	60	3300029752.a:Ga0243766_100070_46	308	1.3e-22	2	60	4	62	0.9666666666666667
LysR_substrate	209	3300029752.a:Ga0243766_100070_46	308	6e-31	4	179	87	267	0.8373205741626795
HTH_1	60	3300029752.a:Ga0243766_100070_51	324	7.2e-18	2	60	4	62	0.9666666666666667
LysR_substrate	209	3300029752.a:Ga0243766_100070_51	324	2.4e-19	5	204	90	303	0.9521531100478469
DctP	286	3300029752.a:Ga0243766_100070_53	777	4.5e-77	2	279	475	751	0.9685314685314685
HTH_1	60	3300029752.a:Ga0243766_100070_55	315	3.4e-19	2	59	4	63	0.95
LysR_substrate	209	3300029752.a:Ga0243766_100070_55	315	6.8e-07	5	101	89	184	0.45933014354066987
Pyr_redox_2	292	3300029752.a:Ga0243766_100070_58	420	4.7e-33	2	276	14	305	0.9383561643835616
AraC_binding	136	3300029752.a:Ga0243766_100070_61	270	7.5e-07	18	107	19	106	0.6544117647058824
HTH_18	81	3300029752.a:Ga0243766_100070_61	270	3.5e-20	1	80	187	265	0.9753086419753086
PALP	294	3300029752.a:Ga0243766_100070_63	446	6.3e-49	4	274	74	393	0.9183673469387755
HTH_3	55	3300029752.a:Ga0243766_100070_65	186	6.3e-16	1	52	10	61	0.9272727272727272
TrkA_C	70	3300029752.a:Ga0243766_100070_87	453	2e-15	2	70	154	223	0.9714285714285714
TrkA_C	70	3300029752.a:Ga0243766_100070_87	453	4.3e-13	2	68	385	450	0.9428571428571428
ACT	67	3300029752.a:Ga0243766_100070_98	167	7.2e-10	5	66	7	69	0.9104477611940298
Fer4	24	3300029752.a:Ga0243766_100078_101	376	2.2e-06	1	24	191	214	0.9583333333333334
Fer4	24	3300029752.a:Ga0243766_100078_101	376	2e-08	2	24	221	243	0.9166666666666666
SpoIIE	193	3300029752.a:Ga0243766_100078_110	244	1.1e-08	7	167	28	213	0.8290155440414507
Pkinase	264	3300029752.a:Ga0243766_100078_111	650	2.7e-51	1	253	11	257	0.9545454545454546
HD	122	3300029752.a:Ga0243766_100078_122	446	3.9e-19	3	121	263	353	0.9672131147540983
HTH_IclR	52	3300029752.a:Ga0243766_100078_13	253	5.7e-14	1	51	12	63	0.9615384615384616
IclR	129	3300029752.a:Ga0243766_100078_13	253	5.4e-18	5	127	131	244	0.9457364341085271
HMA	62	3300029752.a:Ga0243766_100078_25	87	1.2e-08	2	62	6	66	0.967741935483871
NUDIX	131	3300029752.a:Ga0243766_100078_38	162	1.8e-18	6	129	5	126	0.9389312977099237
HhH-GPD	108	3300029752.a:Ga0243766_100078_39	353	2.8e-23	1	92	37	156	0.8425925925925926
AAA	132	3300029752.a:Ga0243766_100078_40	626	8.2e-48	1	131	203	335	0.9848484848484849
PAS	113	3300029752.a:Ga0243766_100078_47	562	1.1e-10	3	112	87	194	0.9646017699115044
AAA	132	3300029752.a:Ga0243766_100078_47	562	3.6e-05	1	98	257	353	0.7348484848484849
HTH_8	42	3300029752.a:Ga0243766_100078_47	562	5.1e-08	2	42	509	549	0.9523809523809523
SBP_bac_1	315	3300029752.a:Ga0243766_100078_5	350	3.6e-22	13	315	62	292	0.9587301587301588
BTAD	146	3300029752.a:Ga0243766_100078_54	1033	4.5e-18	32	142	126	242	0.7534246575342466
TPR_1	34	3300029752.a:Ga0243766_100078_54	1033	4.2e-07	3	30	855	882	0.7941176470588235
TPR_2	34	3300029752.a:Ga0243766_100078_54	1033	5.9e-08	6	33	898	925	0.7941176470588235
HATPase_c	111	3300029752.a:Ga0243766_100078_56	138	3.4e-10	21	107	43	134	0.7747747747747747
Fer4	24	3300029752.a:Ga0243766_100078_57	430	1.1e-05	2	23	10	31	0.875
Fer4	24	3300029752.a:Ga0243766_100078_57	430	4.5e-05	2	23	39	60	0.875
FeS	33	3300029752.a:Ga0243766_100078_57	430	3.2e-14	1	32	389	420	0.9393939393939394
HD	122	3300029752.a:Ga0243766_100078_75	485	5e-08	26	94	280	350	0.5573770491803278
Fer4	24	3300029752.a:Ga0243766_100078_88	248	4e-08	3	21	176	194	0.75
Fer4	24	3300029752.a:Ga0243766_100078_88	248	2.5e-05	8	24	209	225	0.6666666666666666
FUR	120	3300029752.a:Ga0243766_100078_95	141	2.4e-34	2	120	14	131	0.9833333333333333
HD	122	3300029752.a:Ga0243766_100102_105	741	4.5e-11	1	122	52	151	0.9918032786885246
Pribosyltran	159	3300029752.a:Ga0243766_100102_113	185	3.9e-21	6	141	11	153	0.8490566037735849
AAA	132	3300029752.a:Ga0243766_100102_115	305	4.8e-05	1	117	104	239	0.8787878787878788
Rrf2	83	3300029752.a:Ga0243766_100102_117	167	4.8e-17	4	80	2	76	0.9156626506024096
HTH_1	60	3300029752.a:Ga0243766_100102_12	282	1.9e-17	12	59	2	49	0.7833333333333333
LysR_substrate	209	3300029752.a:Ga0243766_100102_12	282	2e-32	3	205	74	277	0.9665071770334929
Pribosyltran	159	3300029752.a:Ga0243766_100102_20	209	3.9e-09	32	133	72	168	0.6352201257861635
GntR	64	3300029752.a:Ga0243766_100102_3	235	7.2e-22	2	64	17	78	0.96875
HTH_1	60	3300029752.a:Ga0243766_100102_38	312	1.4e-18	1	60	5	64	0.9833333333333333
LysR_substrate	209	3300029752.a:Ga0243766_100102_38	312	1.3e-36	6	206	93	298	0.9569377990430622
Pribosyltran	159	3300029752.a:Ga0243766_100102_4	271	4.8e-18	10	133	114	243	0.7735849056603774
SBP_bac_1	315	3300029752.a:Ga0243766_100102_43	354	2e-24	5	312	42	287	0.9746031746031746
HxlR	91	3300029752.a:Ga0243766_100102_49	112	2.3e-33	1	87	18	104	0.945054945054945
PALP	294	3300029752.a:Ga0243766_100102_5	405	1.6e-79	4	293	21	305	0.9829931972789115
ACT	67	3300029752.a:Ga0243766_100102_5	405	2.1e-05	3	65	331	394	0.9253731343283582
Nitroreductase	170	3300029752.a:Ga0243766_100102_52	194	1e-26	1	170	8	170	0.9941176470588236
TetR_N	47	3300029752.a:Ga0243766_100102_54	249	6e-10	2	44	37	79	0.8936170212765957
TetR_N	47	3300029752.a:Ga0243766_100102_56	236	2.7e-14	2	44	27	69	0.8936170212765957
HTH_1	60	3300029752.a:Ga0243766_100102_60	311	4.7e-19	2	59	4	61	0.95
LysR_substrate	209	3300029752.a:Ga0243766_100102_60	311	7.7e-33	8	208	93	302	0.9569377990430622
HTH_1	60	3300029752.a:Ga0243766_100102_64	325	1.1e-19	2	60	4	62	0.9666666666666667
LysR_substrate	209	3300029752.a:Ga0243766_100102_64	325	2.3e-29	3	204	88	298	0.9617224880382775
Aminotran_1_2	363	3300029752.a:Ga0243766_100102_65	342	3.3e-05	41	189	34	176	0.40771349862258954
Nitroreductase	170	3300029752.a:Ga0243766_100102_66	179	5.4e-24	2	170	9	155	0.9882352941176471
Fer4	24	3300029752.a:Ga0243766_100102_68	272	2.3e-09	4	23	196	215	0.7916666666666666
HTH_1	60	3300029752.a:Ga0243766_100102_69	297	2.9e-23	1	59	3	61	0.9666666666666667
LysR_substrate	209	3300029752.a:Ga0243766_100102_69	297	2.5e-30	5	206	90	287	0.9617224880382775
Pribosyltran	159	3300029752.a:Ga0243766_100102_7	322	1.4e-20	20	124	159	257	0.6540880503144654
MarR	59	3300029752.a:Ga0243766_100102_72	152	9.3e-17	1	59	39	97	0.9830508474576272
HTH_IclR	52	3300029752.a:Ga0243766_100102_81	264	3.8e-13	3	48	16	61	0.8653846153846154
IclR	129	3300029752.a:Ga0243766_100102_81	264	3e-29	13	128	137	250	0.8914728682170543
Fer4	24	3300029752.a:Ga0243766_100102_83	67	8.2e-08	2	24	5	27	0.9166666666666666
Fer4	24	3300029752.a:Ga0243766_100102_83	67	9.3e-10	2	24	41	63	0.9166666666666666
SIS	131	3300029752.a:Ga0243766_100102_94	322	8.3e-32	2	130	35	165	0.9770992366412213
CBS	57	3300029752.a:Ga0243766_100102_94	322	1.7e-10	1	53	195	249	0.9122807017543859
CBS	57	3300029752.a:Ga0243766_100102_94	322	1.6e-10	1	52	262	316	0.8947368421052632
HisKA	64	3300029752.a:Ga0243766_100148_11	496	1.3e-13	2	63	266	331	0.953125
HATPase_c	111	3300029752.a:Ga0243766_100148_11	496	1.1e-20	2	110	379	491	0.972972972972973
Response_reg	112	3300029752.a:Ga0243766_100148_12	230	1.4e-27	1	112	4	113	0.9910714285714286
Trans_reg_C	77	3300029752.a:Ga0243766_100148_12	230	9e-29	2	77	152	227	0.974025974025974
HTH_1	60	3300029752.a:Ga0243766_100148_13	315	1.4e-15	5	60	6	60	0.9166666666666666
LysR_substrate	209	3300029752.a:Ga0243766_100148_13	315	3.6e-19	2	208	85	309	0.9856459330143541
Aminotran_1_2	363	3300029752.a:Ga0243766_100148_17	409	5.1e-63	4	360	58	397	0.9807162534435262
HTH_1	60	3300029752.a:Ga0243766_100148_24	332	2e-14	5	59	6	59	0.9
LysR_substrate	209	3300029752.a:Ga0243766_100148_24	332	1.3e-27	1	205	84	307	0.9760765550239234
CbiA	128	3300029752.a:Ga0243766_100148_4	263	3.3e-29	1	128	13	237	0.9921875
TetR_N	47	3300029752.a:Ga0243766_100148_46	210	4.2e-15	1	47	13	59	0.9787234042553191
ACT	67	3300029752.a:Ga0243766_100148_49	530	8.3e-10	1	66	456	519	0.9701492537313433
HTH_3	55	3300029752.a:Ga0243766_100148_5	327	2.4e-05	1	27	136	162	0.4727272727272727
HTH_1	60	3300029752.a:Ga0243766_100148_50	316	3.2e-21	2	60	4	62	0.9666666666666667
LysR_substrate	209	3300029752.a:Ga0243766_100148_50	316	9e-09	38	208	122	306	0.8133971291866029
Sigma70_r4_2	54	3300029752.a:Ga0243766_100148_54	78	1.6e-05	28	48	18	38	0.37037037037037035
Aminotran_1_2	363	3300029752.a:Ga0243766_100148_57	432	3.2e-09	36	252	58	243	0.5950413223140496
Peptidase_M23	96	3300029752.a:Ga0243766_100148_62	321	9.3e-36	2	96	215	309	0.9791666666666666
Pyr_redox_2	292	3300029752.a:Ga0243766_100148_63	284	7.6e-12	1	140	3	142	0.476027397260274
Pyr_redox_2	292	3300029752.a:Ga0243766_100148_63	284	1.2e-09	203	292	188	268	0.3047945205479452
HTH_5	47	3300029752.a:Ga0243766_100148_71	108	3e-13	1	45	24	71	0.9361702127659575
CYTH	179	3300029752.a:Ga0243766_100148_76	319	3.5e-22	2	178	3	198	0.9832402234636871
AAA	132	3300029752.a:Ga0243766_100148_78	849	3e-14	2	112	196	312	0.8333333333333334
AAA	132	3300029752.a:Ga0243766_100148_78	849	3.4e-11	2	111	595	713	0.8257575757575758
HTH_1	60	3300029752.a:Ga0243766_100171_29	293	1.4e-23	3	60	5	62	0.95
LysR_substrate	209	3300029752.a:Ga0243766_100171_29	293	1.1e-32	4	206	88	287	0.9665071770334929
FeoA	74	3300029752.a:Ga0243766_100171_58	76	1.2e-14	2	73	3	73	0.9594594594594594
FeoA	74	3300029752.a:Ga0243766_100171_59	71	7.2e-18	1	73	1	70	0.972972972972973
Nitroreductase	170	3300029752.a:Ga0243766_100171_62	172	1.8e-17	2	56	8	62	0.3176470588235294
Nitroreductase	170	3300029752.a:Ga0243766_100171_62	172	3.4e-13	87	170	66	147	0.48823529411764705
Peripla_BP_2	238	3300029752.a:Ga0243766_100171_8	323	8.9e-16	47	223	95	271	0.7394957983193278
CBS	57	3300029752.a:Ga0243766_100171_82	295	2e-05	3	54	73	127	0.8947368421052632
CBS	57	3300029752.a:Ga0243766_100171_82	295	7.9e-09	4	56	139	190	0.9122807017543859
NUDIX	131	3300029752.a:Ga0243766_100171_87	166	1.4e-21	2	115	30	146	0.8625954198473282
AraC_binding	136	3300029752.a:Ga0243766_100189_1	310	9.8e-11	16	103	50	135	0.6397058823529411
HTH_18	81	3300029752.a:Ga0243766_100189_1	310	1e-18	1	80	227	305	0.9753086419753086
HD	122	3300029752.a:Ga0243766_100189_18	313	9.2e-17	2	121	165	283	0.9754098360655737
PTS-HPr	82	3300029752.a:Ga0243766_100189_23	86	2e-26	3	81	4	82	0.9512195121951219
HATPase_c	111	3300029752.a:Ga0243766_100189_32	629	5e-08	6	54	25	71	0.43243243243243246
LytTR	98	3300029752.a:Ga0243766_100189_35	239	2.7e-22	2	97	139	229	0.9693877551020408
LexA_DNA_bind	65	3300029752.a:Ga0243766_100189_43	349	3.3e-06	3	58	4	60	0.8461538461538461
GntR	64	3300029752.a:Ga0243766_100189_49	325	7.9e-17	8	58	24	73	0.78125
GntR	64	3300029752.a:Ga0243766_100189_49	325	8.7e-16	2	64	115	176	0.96875
NUDIX	131	3300029752.a:Ga0243766_100189_55	137	6.4e-20	3	129	5	122	0.9618320610687023
AAA	132	3300029752.a:Ga0243766_100189_7	455	6.8e-07	1	128	92	236	0.9621212121212122
Aminotran_1_2	363	3300029752.a:Ga0243766_100189_71	385	1.3e-53	30	363	47	378	0.9173553719008265
Trp_repressor	88	3300029752.a:Ga0243766_100189_75	99	6.3e-23	2	84	9	90	0.9318181818181818
CtsR	149	3300029752.a:Ga0243766_100189_8	144	2.6e-37	2	138	3	132	0.912751677852349
dCache_1	249	3300029752.a:Ga0243766_100249_18	627	4.3e-05	44	168	173	319	0.4979919678714859
AAA	132	3300029752.a:Ga0243766_100249_18	627	2.6e-05	1	112	357	472	0.8409090909090909
HTH_8	42	3300029752.a:Ga0243766_100249_18	627	2.1e-08	15	42	593	620	0.6428571428571429
FeS	33	3300029752.a:Ga0243766_100249_26	302	7.7e-11	1	31	41	72	0.9090909090909091
Fer4	24	3300029752.a:Ga0243766_100249_26	302	7.5e-05	8	23	142	157	0.625
Fer4	24	3300029752.a:Ga0243766_100249_26	302	1.7e-09	1	20	165	184	0.7916666666666666
Fer4	24	3300029752.a:Ga0243766_100249_26	302	1.4e-06	8	24	217	233	0.6666666666666666
Fer4	24	3300029752.a:Ga0243766_100249_26	302	2.1e-09	1	23	243	265	0.9166666666666666
HisKA	64	3300029752.a:Ga0243766_100249_33	488	2.2e-14	3	63	270	333	0.9375
HATPase_c	111	3300029752.a:Ga0243766_100249_33	488	1.3e-16	2	108	379	486	0.954954954954955
Response_reg	112	3300029752.a:Ga0243766_100249_34	225	7.4e-32	1	112	3	113	0.9910714285714286
Trans_reg_C	77	3300029752.a:Ga0243766_100249_34	225	3e-28	1	77	147	222	0.987012987012987
CbiA	128	3300029752.a:Ga0243766_100249_66	229	1.1e-06	2	114	6	211	0.875
GntR	64	3300029752.a:Ga0243766_100256_16	458	1.1e-15	3	64	26	87	0.953125
HTH_1	60	3300029752.a:Ga0243766_100256_22	307	2.7e-20	1	60	3	62	0.9833333333333333
LysR_substrate	209	3300029752.a:Ga0243766_100256_22	307	7.5e-25	4	208	89	301	0.9760765550239234
HTH_1	60	3300029752.a:Ga0243766_100256_25	290	6.6e-20	2	60	2	60	0.9666666666666667
LysR_substrate	209	3300029752.a:Ga0243766_100256_25	290	6.2e-38	3	208	86	285	0.9808612440191388
HisKA	64	3300029752.a:Ga0243766_100256_31	546	1.4e-18	2	62	291	355	0.9375
HATPase_c	111	3300029752.a:Ga0243766_100256_31	546	4.6e-20	2	110	402	513	0.972972972972973
Response_reg	112	3300029752.a:Ga0243766_100256_32	233	5.7e-32	1	111	7	115	0.9821428571428571
Trans_reg_C	77	3300029752.a:Ga0243766_100256_32	233	8.5e-28	1	77	152	228	0.987012987012987
HMA	62	3300029752.a:Ga0243766_100256_36	73	1.2e-09	7	46	9	48	0.6290322580645161
FeoA	74	3300029752.a:Ga0243766_100256_38	78	3.2e-16	1	73	1	71	0.972972972972973
PTS_EIIC	324	3300029752.a:Ga0243766_100256_52	637	3.4e-16	1	324	305	580	0.9969135802469136
PfkB	302	3300029752.a:Ga0243766_100256_53	302	6.9e-47	9	290	13	282	0.9304635761589404
Ada_Zn_binding	65	3300029752.a:Ga0243766_100256_55	484	4.4e-29	2	65	8	71	0.9692307692307692
HTH_18	81	3300029752.a:Ga0243766_100256_55	484	2.4e-21	1	80	106	184	0.9753086419753086
AlkA_N	116	3300029752.a:Ga0243766_100256_55	484	2.4e-27	2	116	197	317	0.9827586206896551
HhH-GPD	108	3300029752.a:Ga0243766_100256_55	484	9.5e-11	1	82	323	454	0.75
Nitro_FeMo-Co	95	3300029752.a:Ga0243766_100256_59	235	2.6e-18	2	94	121	208	0.968421052631579
NUDIX	131	3300029752.a:Ga0243766_100256_60	281	2.7e-18	5	120	151	258	0.8778625954198473
HTH_1	60	3300029752.a:Ga0243766_100256_68	304	3.3e-21	3	59	5	61	0.9333333333333333
LysR_substrate	209	3300029752.a:Ga0243766_100256_68	304	7.4e-13	4	205	89	292	0.9617224880382775
AAA	132	3300029752.a:Ga0243766_100269_2	773	1.8e-22	1	127	351	488	0.9545454545454546
SBP_bac_3	225	3300029752.a:Ga0243766_100269_23	325	7.5e-09	85	158	127	201	0.3244444444444444
Fer4	24	3300029752.a:Ga0243766_100269_26	1170	2.3e-06	6	24	687	705	0.75
Fer4	24	3300029752.a:Ga0243766_100269_26	1170	5.5e-06	3	20	738	755	0.7083333333333334
AAA	132	3300029752.a:Ga0243766_100269_3	426	2.2e-16	1	110	116	243	0.8257575757575758
SKI	158	3300029752.a:Ga0243766_100269_33	170	2.1e-39	1	156	10	160	0.9810126582278481
AAA	132	3300029752.a:Ga0243766_100269_36	267	1.4e-15	1	124	30	173	0.9318181818181818
HTH_1	60	3300029752.a:Ga0243766_100269_38	299	1.9e-21	3	60	5	62	0.95
LysR_substrate	209	3300029752.a:Ga0243766_100269_38	299	5.6e-34	8	207	93	291	0.9521531100478469
HTH_1	60	3300029752.a:Ga0243766_100269_43	311	1.9e-18	1	60	3	62	0.9833333333333333
LysR_substrate	209	3300029752.a:Ga0243766_100269_43	311	2.4e-28	6	206	91	289	0.9569377990430622
DctP	286	3300029752.a:Ga0243766_100269_45	359	1.3e-60	14	264	61	317	0.8741258741258742
SKI	158	3300029752.a:Ga0243766_100269_51	166	4.3e-42	1	143	10	148	0.8987341772151899
ACT	67	3300029752.a:Ga0243766_100269_53	283	7.1e-08	2	65	197	260	0.9402985074626866
EPSP_synthase	417	3300029752.a:Ga0243766_100269_55	426	2.7e-96	5	415	9	415	0.9832134292565947
CbiA	128	3300029752.a:Ga0243766_100269_61	280	3.5e-14	2	127	42	260	0.9765625
Aminotran_1_2	363	3300029752.a:Ga0243766_100269_63	400	1.4e-39	2	363	35	394	0.9944903581267218
Fer4	24	3300029752.a:Ga0243766_100269_7	62	3e-07	4	19	5	20	0.625
Glycos_trans_3N	63	3300029752.a:Ga0243766_100289_23	341	1.7e-19	1	61	3	66	0.9523809523809523
PALP	294	3300029752.a:Ga0243766_100289_26	395	6.1e-50	5	294	51	375	0.9829931972789115
MarR	59	3300029752.a:Ga0243766_100289_34	136	1.2e-11	2	48	30	76	0.7796610169491526
Pyr_redox_2	292	3300029752.a:Ga0243766_100289_35	503	9.5e-48	1	287	4	324	0.9794520547945206
HTH_11	55	3300029752.a:Ga0243766_100289_41	221	7.3e-11	1	55	9	61	0.9818181818181818
CBS	57	3300029752.a:Ga0243766_100289_41	221	1.9e-07	2	55	81	133	0.9298245614035088
CBS	57	3300029752.a:Ga0243766_100289_41	221	4e-06	13	56	159	208	0.7543859649122807
Sigma70_r2	71	3300029752.a:Ga0243766_100289_45	583	6e-24	3	70	350	417	0.9436619718309859
Sigma70_r3	78	3300029752.a:Ga0243766_100289_45	583	2.5e-33	1	77	427	503	0.9743589743589743
Sigma70_r4	50	3300029752.a:Ga0243766_100289_45	583	2.6e-20	4	49	520	569	0.9
Aminotran_1_2	363	3300029752.a:Ga0243766_100289_57	379	2.3e-10	67	196	65	178	0.35537190082644626
GntR	64	3300029752.a:Ga0243766_100289_9	208	2.4e-13	2	63	7	67	0.953125
MarR	59	3300029752.a:Ga0243766_100293_16	137	7.8e-12	1	58	30	87	0.9661016949152542
HTH_11	55	3300029752.a:Ga0243766_100293_19	351	2.6e-05	3	43	28	67	0.7272727272727273
PglZ	176	3300029752.a:Ga0243766_100293_22	511	5.6e-05	113	170	387	442	0.32386363636363635
SIS	131	3300029752.a:Ga0243766_100293_24	610	7.5e-37	3	128	291	415	0.9541984732824428
SIS	131	3300029752.a:Ga0243766_100293_24	610	6.9e-27	5	130	465	591	0.9541984732824428
Fe_dep_repress	60	3300029752.a:Ga0243766_100293_25	126	2.1e-11	2	54	3	55	0.8666666666666667
Fe_dep_repr_C	70	3300029752.a:Ga0243766_100293_25	126	9.9e-17	1	54	64	116	0.7571428571428571
Glyoxalase	128	3300029752.a:Ga0243766_100293_29	122	1.9e-11	4	128	7	116	0.96875
HTH_5	47	3300029752.a:Ga0243766_100293_30	121	6e-14	1	47	37	83	0.9787234042553191
HTH_1	60	3300029752.a:Ga0243766_100293_31	298	2.9e-15	5	60	8	63	0.9166666666666666
LysR_substrate	209	3300029752.a:Ga0243766_100293_31	298	7e-36	4	205	90	292	0.9617224880382775
HD	122	3300029752.a:Ga0243766_100293_34	254	5.4e-14	2	120	30	147	0.9672131147540983
Nitroreductase	170	3300029752.a:Ga0243766_100293_4	181	5.4e-15	2	66	8	75	0.3764705882352941
Nitroreductase	170	3300029752.a:Ga0243766_100293_4	181	1.9e-09	87	170	70	156	0.48823529411764705
Rrf2	83	3300029752.a:Ga0243766_100293_59	151	3.2e-23	1	83	1	82	0.9879518072289156
Sigma70_r4_2	54	3300029752.a:Ga0243766_100293_60	169	5.9e-05	10	50	16	56	0.7407407407407407
Fer4	24	3300029752.a:Ga0243766_100293_62	205	5.4e-06	5	22	152	169	0.7083333333333334
Fer4	24	3300029752.a:Ga0243766_100293_62	205	1.1e-07	5	24	180	199	0.7916666666666666
DctP	286	3300029752.a:Ga0243766_100296_11	342	1.7e-82	2	283	44	323	0.9825174825174825
GntR	64	3300029752.a:Ga0243766_100296_28	152	1.2e-17	1	64	15	77	0.984375
DctP	286	3300029752.a:Ga0243766_100296_32	340	1.7e-90	1	284	40	323	0.9895104895104895
HTH_1	60	3300029752.a:Ga0243766_100296_35	309	2.1e-21	2	60	4	62	0.9666666666666667
LysR_substrate	209	3300029752.a:Ga0243766_100296_35	309	2.2e-27	3	208	88	304	0.9808612440191388
HTH_1	60	3300029752.a:Ga0243766_100296_41	308	8e-20	1	59	5	63	0.9666666666666667
LysR_substrate	209	3300029752.a:Ga0243766_100296_41	308	3.8e-30	7	206	94	302	0.9521531100478469
LacI	46	3300029752.a:Ga0243766_100296_42	332	1.8e-17	1	46	3	48	0.9782608695652174
Peripla_BP_3	164	3300029752.a:Ga0243766_100296_42	332	7e-30	1	164	167	331	0.9939024390243902
Fer4	24	3300029752.a:Ga0243766_100296_47	1168	7.3e-07	5	24	685	704	0.7916666666666666
HD	122	3300029752.a:Ga0243766_100296_52	194	3e-15	1	119	18	130	0.9672131147540983
HTH_IclR	52	3300029752.a:Ga0243766_100296_55	420	4e-06	19	49	375	405	0.5769230769230769
HMA	62	3300029752.a:Ga0243766_100390_10	67	1e-16	2	62	5	64	0.967741935483871
SIS	131	3300029752.a:Ga0243766_100390_14	202	1.1e-09	51	110	122	181	0.45038167938931295
PfkB	302	3300029752.a:Ga0243766_100390_15	493	8.7e-43	3	296	18	314	0.9701986754966887
HxlR	91	3300029752.a:Ga0243766_100390_3	110	1.5e-31	1	87	17	102	0.945054945054945
Fer4	24	3300029752.a:Ga0243766_100390_31	271	5e-09	1	19	5	23	0.75
Fer4	24	3300029752.a:Ga0243766_100390_31	271	8.5e-07	3	23	37	57	0.8333333333333334
Nitroreductase	170	3300029752.a:Ga0243766_100390_31	271	5.4e-24	1	170	84	251	0.9941176470588236
PfkB	302	3300029752.a:Ga0243766_100390_43	288	7.8e-11	158	293	101	254	0.4470198675496689
TrkA_C	70	3300029752.a:Ga0243766_100390_6	220	4.7e-13	11	69	158	219	0.8285714285714286
HTH_1	60	3300029752.a:Ga0243766_100470_17	315	9.7e-20	1	60	3	62	0.9833333333333333
LysR_substrate	209	3300029752.a:Ga0243766_100470_17	315	1.7e-10	33	196	118	286	0.7799043062200957
HD	122	3300029752.a:Ga0243766_100470_18	517	4.6e-08	2	120	330	450	0.9672131147540983
Pribosyltran	159	3300029752.a:Ga0243766_100470_22	192	1.6e-15	14	135	46	178	0.7610062893081762
B12-binding_2	75	3300029752.a:Ga0243766_100470_28	804	1.2e-16	7	74	600	667	0.8933333333333333
B12-binding	121	3300029752.a:Ga0243766_100470_28	804	8.8e-26	3	117	684	790	0.9421487603305785
Fer4	24	3300029752.a:Ga0243766_100470_5	581	5.5e-05	2	18	142	158	0.6666666666666666
Fer4	24	3300029752.a:Ga0243766_100470_5	581	3.8e-06	3	20	186	203	0.7083333333333334
Pyr_redox_2	292	3300029752.a:Ga0243766_100470_6	612	8.7e-30	2	292	226	522	0.9931506849315068
HTH_1	60	3300029752.a:Ga0243766_100470_8	285	1.5e-15	5	60	6	60	0.9166666666666666
LysR_substrate	209	3300029752.a:Ga0243766_100470_8	285	1.5e-23	2	161	85	255	0.7607655502392344
Rrf2	83	3300029752.a:Ga0243766_100470_9	142	1.4e-28	1	83	1	83	0.9879518072289156
PfkB	302	3300029752.a:Ga0243766_100508_11	294	5.5e-07	141	282	81	249	0.46688741721854304
PALP	294	3300029752.a:Ga0243766_100508_18	501	2.1e-15	30	282	104	414	0.8571428571428571
Fer4	24	3300029752.a:Ga0243766_100508_19	502	5.2e-08	2	23	136	157	0.875
Fer4	24	3300029752.a:Ga0243766_100508_19	502	4.4e-08	2	24	182	204	0.9166666666666666
AAA	132	3300029752.a:Ga0243766_100508_23	336	2.7e-22	1	130	57	180	0.9772727272727273
CBS	57	3300029752.a:Ga0243766_100508_36	431	4.2e-06	1	51	204	257	0.8771929824561403
CBS	57	3300029752.a:Ga0243766_100508_36	431	8.1e-05	7	56	274	323	0.8596491228070176
Fer4	24	3300029752.a:Ga0243766_100508_8	412	2.7e-08	2	23	77	98	0.875
PfkB	302	3300029752.a:Ga0243766_100550_15	269	3.6e-09	143	285	84	236	0.47019867549668876
Sigma70_r4	50	3300029752.a:Ga0243766_100550_19	122	7.8e-08	5	43	24	62	0.76
CbiA	128	3300029752.a:Ga0243766_100550_20	449	1.6e-06	9	89	111	255	0.625
Aminotran_1_2	363	3300029752.a:Ga0243766_100550_35	417	6.2e-35	3	334	38	383	0.9118457300275482
Aminotran_1_2	363	3300029752.a:Ga0243766_100550_37	399	1.3e-47	4	360	33	383	0.9807162534435262
Aminotran_1_2	363	3300029752.a:Ga0243766_100550_5	407	6.5e-08	42	247	61	245	0.5647382920110193
HD	122	3300029752.a:Ga0243766_100565_14	415	4.8e-09	4	120	30	154	0.9508196721311475
HD	122	3300029752.a:Ga0243766_100565_14	415	7.6e-16	3	121	247	366	0.9672131147540983
HTH_5	47	3300029752.a:Ga0243766_100565_17	105	3.2e-09	16	47	46	77	0.6595744680851063
Nitroreductase	170	3300029752.a:Ga0243766_100565_2	171	4.1e-15	1	53	7	59	0.3058823529411765
Nitroreductase	170	3300029752.a:Ga0243766_100565_2	171	1.4e-12	88	170	67	146	0.4823529411764706
MarR	59	3300029752.a:Ga0243766_100565_23	147	2.8e-12	3	57	33	87	0.9152542372881356
ACT	67	3300029752.a:Ga0243766_100565_25	90	2.2e-09	8	51	10	49	0.6417910447761194
HhH-GPD	108	3300029752.a:Ga0243766_100565_27	211	1e-26	1	107	35	169	0.9814814814814815
AraC_binding	136	3300029752.a:Ga0243766_100565_30	309	3.8e-09	12	93	47	127	0.5955882352941176
HTH_18	81	3300029752.a:Ga0243766_100565_30	309	2.4e-26	1	80	215	293	0.9753086419753086
AraC_binding	136	3300029752.a:Ga0243766_100565_32	309	3.6e-08	17	84	53	119	0.49264705882352944
HTH_18	81	3300029752.a:Ga0243766_100565_32	309	6.1e-24	4	80	218	293	0.9382716049382716
PALP	294	3300029752.a:Ga0243766_100565_33	389	4.7e-48	3	274	37	339	0.9217687074829932
CBS	57	3300029752.a:Ga0243766_100863_1	462	3e-07	5	56	202	253	0.8947368421052632
PTS_EIIC	324	3300029752.a:Ga0243766_100863_3	470	4.5e-26	2	324	135	405	0.9938271604938271
SIS	131	3300029752.a:Ga0243766_100863_4	279	1.2e-07	51	128	130	209	0.5877862595419847
Sigma70_r2	71	3300029752.a:Ga0243766_100863_42	233	4.4e-13	1	70	31	100	0.971830985915493
Sigma70_r4_2	54	3300029752.a:Ga0243766_100863_42	233	5.2e-08	22	54	168	200	0.5925925925925926
Rrf2	83	3300029752.a:Ga0243766_100863_7	164	1.5e-28	1	83	1	83	0.9879518072289156
AAA	132	3300029752.a:Ga0243766_100872_11	459	2e-08	2	118	159	268	0.8787878787878788
HATPase_c	111	3300029752.a:Ga0243766_100872_16	649	1e-22	4	110	48	189	0.954954954954955
MerR	38	3300029752.a:Ga0243766_100872_2	463	1.2e-08	1	26	50	76	0.6578947368421053
Pribosyltran	159	3300029752.a:Ga0243766_100872_8	195	1.5e-07	18	116	44	149	0.6163522012578616
NUDIX	131	3300029752.a:Ga0243766_101156_2	211	2.4e-12	25	115	54	141	0.6870229007633588
T2SSE	273	3300029752.a:Ga0243766_101156_6	412	3.7e-80	11	272	40	299	0.9560439560439561
Nitroreductase	170	3300029752.a:Ga0243766_101156_8	93	2.6e-06	87	170	1	86	0.48823529411764705
Pribosyltran	159	3300029752.a:Ga0243766_102352_10	191	2.1e-16	12	129	46	149	0.7358490566037735
HTH_3	55	3300029752.a:Ga0243766_102767_10	96	6.7e-09	12	55	31	76	0.7818181818181819
