62	CAZyme	2	3	CGC1	3300029764.a:Ga0243769_100107	67809	68642	3300029764.a:Ga0243769_100107_63	-	DB= CE11|CE11;ID=3300029764.a:Ga0243769_100107_63	DB= CE11|CE11;ID=3300029764.a:Ga0243769_100107_63
63	null	null	null	CGC1	3300029764.a:Ga0243769_100107	68831	70264	3300029764.a:Ga0243769_100107_64	-	;ID=3300029764.a:Ga0243769_100107_64
64	null	null	null	CGC1	3300029764.a:Ga0243769_100107	70280	71524	3300029764.a:Ga0243769_100107_65	-	;ID=3300029764.a:Ga0243769_100107_65
65	CAZyme	1	2	CGC1	3300029764.a:Ga0243769_100107	72947	73741	3300029764.a:Ga0243769_100107_66	+	DB= GT51|GT51;ID=3300029764.a:Ga0243769_100107_66	DB= GT51|GT51;ID=3300029764.a:Ga0243769_100107_66
66	null	null	null	CGC1	3300029764.a:Ga0243769_100107	73771	74217	3300029764.a:Ga0243769_100107_67	-	;ID=3300029764.a:Ga0243769_100107_67
67	CAZyme	2	1	CGC1	3300029764.a:Ga0243769_100107	74426	75835	3300029764.a:Ga0243769_100107_68	-	DB=AA4;ID=3300029764.a:Ga0243769_100107_68	DB=AA4;ID=3300029764.a:Ga0243769_100107_68
68	null	null	null	CGC1	3300029764.a:Ga0243769_100107	76099	77382	3300029764.a:Ga0243769_100107_69	-	;ID=3300029764.a:Ga0243769_100107_69
69	null	null	null	CGC1	3300029764.a:Ga0243769_100107	77474	77629	3300029764.a:Ga0243769_100107_70	-	;ID=3300029764.a:Ga0243769_100107_70
70	TF	1	2	CGC1	3300029764.a:Ga0243769_100107	77577	78314	3300029764.a:Ga0243769_100107_71	-	DB=DBD-Pfam|GntR,DBD-SUPERFAMILY|0039384;ID=3300029764.a:Ga0243769_100107_71	DB=DBD-Pfam|GntR,DBD-SUPERFAMILY|0039384;ID=3300029764.a:Ga0243769_100107_71
71	null	null	null	CGC1	3300029764.a:Ga0243769_100107	78318	79184	3300029764.a:Ga0243769_100107_72	-	;ID=3300029764.a:Ga0243769_100107_72
72	TC	1	1	CGC1	3300029764.a:Ga0243769_100107	79377	80333	3300029764.a:Ga0243769_100107_73	+	DB=gnl|TC-DB|P39803|2.A.115.1.1;ID=3300029764.a:Ga0243769_100107_73	DB=gnl|TC-DB|P39803|2.A.115.1.1;ID=3300029764.a:Ga0243769_100107_73
73	null	null	null	CGC1	3300029764.a:Ga0243769_100107	80722	81372	3300029764.a:Ga0243769_100107_74	-	;ID=3300029764.a:Ga0243769_100107_74
74	TC	0	1	CGC1	3300029764.a:Ga0243769_100107	81390	82247	3300029764.a:Ga0243769_100107_75	-	DB=gnl|TC-DB|O51236|3.A.1.7.5;ID=3300029764.a:Ga0243769_100107_75	DB=gnl|TC-DB|O51236|3.A.1.7.5;ID=3300029764.a:Ga0243769_100107_75
75	TC	0	0	CGC1	3300029764.a:Ga0243769_100107	82247	83125	3300029764.a:Ga0243769_100107_76	-	DB=gnl|TC-DB|P07654|3.A.1.7.1;ID=3300029764.a:Ga0243769_100107_76	DB=gnl|TC-DB|P07654|3.A.1.7.1;ID=3300029764.a:Ga0243769_100107_76
76	TC	0	0	CGC1	3300029764.a:Ga0243769_100107	83127	84050	3300029764.a:Ga0243769_100107_77	-	DB=gnl|TC-DB|P0AGH8|3.A.1.7.1;ID=3300029764.a:Ga0243769_100107_77	DB=gnl|TC-DB|P0AGH8|3.A.1.7.1;ID=3300029764.a:Ga0243769_100107_77
77	STP	0	0	CGC1	3300029764.a:Ga0243769_100107	84069	84950	3300029764.a:Ga0243769_100107_78	-	DB=STP|SBP_bac_1;ID=3300029764.a:Ga0243769_100107_78	DB=STP|SBP_bac_1;ID=3300029764.a:Ga0243769_100107_78
78	TC	0	0	CGC1	3300029764.a:Ga0243769_100107	85095	86795	3300029764.a:Ga0243769_100107_79	-	DB=gnl|TC-DB|Q93N33|2.A.21.9.2;ID=3300029764.a:Ga0243769_100107_79	DB=gnl|TC-DB|Q93N33|2.A.21.9.2;ID=3300029764.a:Ga0243769_100107_79
79	TF	4	0	CGC1	3300029764.a:Ga0243769_100107	86792	87475	3300029764.a:Ga0243769_100107_80	-	DB=DBD-Pfam|Trans_reg_C;ID=3300029764.a:Ga0243769_100107_80	DB=DBD-Pfam|Trans_reg_C;ID=3300029764.a:Ga0243769_100107_80
+++++
105	CAZyme	1	4	CGC2	3300029764.a:Ga0243769_100107	111905	113317	3300029764.a:Ga0243769_100107_106	+	DB=AA4;ID=3300029764.a:Ga0243769_100107_106	DB=AA4;ID=3300029764.a:Ga0243769_100107_106
106	null	null	null	CGC2	3300029764.a:Ga0243769_100107	113612	114829	3300029764.a:Ga0243769_100107_107	+	;ID=3300029764.a:Ga0243769_100107_107
107	TF	0	1	CGC2	3300029764.a:Ga0243769_100107	114892	115551	3300029764.a:Ga0243769_100107_108	-	DB=DBD-Pfam|Fe_dep_repress,DBD-SUPERFAMILY|0038753;ID=3300029764.a:Ga0243769_100107_108	DB=DBD-Pfam|Fe_dep_repress,DBD-SUPERFAMILY|0038753;ID=3300029764.a:Ga0243769_100107_108
108	STP	0	0	CGC2	3300029764.a:Ga0243769_100107	115655	116344	3300029764.a:Ga0243769_100107_109	+	DB=STP|Fer4,STP|Fer4;ID=3300029764.a:Ga0243769_100107_109	DB=STP|Fer4,STP|Fer4;ID=3300029764.a:Ga0243769_100107_109
109	TF	1	0	CGC2	3300029764.a:Ga0243769_100107	116404	116844	3300029764.a:Ga0243769_100107_110	-	DB=DBD-Pfam|MarR,DBD-SUPERFAMILY|0040266;ID=3300029764.a:Ga0243769_100107_110	DB=DBD-Pfam|MarR,DBD-SUPERFAMILY|0040266;ID=3300029764.a:Ga0243769_100107_110
110	null	null	null	CGC2	3300029764.a:Ga0243769_100107	116976	118031	3300029764.a:Ga0243769_100107_111	-	;ID=3300029764.a:Ga0243769_100107_111
111	TC	0	1	CGC2	3300029764.a:Ga0243769_100107	118035	118889	3300029764.a:Ga0243769_100107_112	-	DB=gnl|TC-DB|C4N8U5|3.D.6.1.2;ID=3300029764.a:Ga0243769_100107_112	DB=gnl|TC-DB|C4N8U5|3.D.6.1.2;ID=3300029764.a:Ga0243769_100107_112
112	TC	0	0	CGC2	3300029764.a:Ga0243769_100107	118914	119486	3300029764.a:Ga0243769_100107_113	-	DB=gnl|TC-DB|P0A766|3.D.6.1.4;ID=3300029764.a:Ga0243769_100107_113	DB=gnl|TC-DB|P0A766|3.D.6.1.4;ID=3300029764.a:Ga0243769_100107_113
113	TC	0	0	CGC2	3300029764.a:Ga0243769_100107	119486	120109	3300029764.a:Ga0243769_100107_114	-	DB=gnl|TC-DB|C4N8U3|3.D.6.1.2;ID=3300029764.a:Ga0243769_100107_114	DB=gnl|TC-DB|C4N8U3|3.D.6.1.2;ID=3300029764.a:Ga0243769_100107_114
114	TC	0	0	CGC2	3300029764.a:Ga0243769_100107	120112	120663	3300029764.a:Ga0243769_100107_115	-	DB=gnl|TC-DB|C4N8U2|3.D.6.1.2;ID=3300029764.a:Ga0243769_100107_115	DB=gnl|TC-DB|C4N8U2|3.D.6.1.2;ID=3300029764.a:Ga0243769_100107_115
115	TC	0	0	CGC2	3300029764.a:Ga0243769_100107	120665	121702	3300029764.a:Ga0243769_100107_116	-	DB=gnl|TC-DB|C4N8U1|3.D.6.1.2;ID=3300029764.a:Ga0243769_100107_116	DB=gnl|TC-DB|C4N8U1|3.D.6.1.2;ID=3300029764.a:Ga0243769_100107_116
116	TC	0	0	CGC2	3300029764.a:Ga0243769_100107	121720	123075	3300029764.a:Ga0243769_100107_117	-	DB=gnl|TC-DB|C4N8U0|3.D.6.1.2;ID=3300029764.a:Ga0243769_100107_117	DB=gnl|TC-DB|C4N8U0|3.D.6.1.2;ID=3300029764.a:Ga0243769_100107_117
117	STP	8	0	CGC2	3300029764.a:Ga0243769_100107	123636	125243	3300029764.a:Ga0243769_100107_118	-	DB=STP|CbiA;ID=3300029764.a:Ga0243769_100107_118	DB=STP|CbiA;ID=3300029764.a:Ga0243769_100107_118
+++++
10	STP	1	3	CGC1	3300029764.a:Ga0243769_100278	14285	15358	3300029764.a:Ga0243769_100278_11	-	DB=STP|AAA;ID=3300029764.a:Ga0243769_100278_11	DB=STP|AAA;ID=3300029764.a:Ga0243769_100278_11
11	null	null	null	CGC1	3300029764.a:Ga0243769_100278	15370	16167	3300029764.a:Ga0243769_100278_12	-	;ID=3300029764.a:Ga0243769_100278_12
12	TF	2	1	CGC1	3300029764.a:Ga0243769_100278	16489	17358	3300029764.a:Ga0243769_100278_13	+	DB=DBD-Pfam|HTH_1,DBD-SUPERFAMILY|0043669;ID=3300029764.a:Ga0243769_100278_13	DB=DBD-Pfam|HTH_1,DBD-SUPERFAMILY|0043669;ID=3300029764.a:Ga0243769_100278_13
13	null	null	null	CGC1	3300029764.a:Ga0243769_100278	17438	18103	3300029764.a:Ga0243769_100278_14	+	;ID=3300029764.a:Ga0243769_100278_14
14	null	null	null	CGC1	3300029764.a:Ga0243769_100278	18116	19126	3300029764.a:Ga0243769_100278_15	+	;ID=3300029764.a:Ga0243769_100278_15
15	TC	0	2	CGC1	3300029764.a:Ga0243769_100278	19274	20200	3300029764.a:Ga0243769_100278_16	+	DB=gnl|TC-DB|E9RJ18|3.A.7.13.2;ID=3300029764.a:Ga0243769_100278_16	DB=gnl|TC-DB|E9RJ18|3.A.7.13.2;ID=3300029764.a:Ga0243769_100278_16
16	TC	1	0	CGC1	3300029764.a:Ga0243769_100278	20330	21679	3300029764.a:Ga0243769_100278_17	+	DB=gnl|TC-DB|Q9Z7N9|2.A.1.4.6;ID=3300029764.a:Ga0243769_100278_17	DB=gnl|TC-DB|Q9Z7N9|2.A.1.4.6;ID=3300029764.a:Ga0243769_100278_17
17	null	null	null	CGC1	3300029764.a:Ga0243769_100278	21809	22729	3300029764.a:Ga0243769_100278_18	+	;ID=3300029764.a:Ga0243769_100278_18
18	STP	0	1	CGC1	3300029764.a:Ga0243769_100278	22731	24173	3300029764.a:Ga0243769_100278_19	+	DB=STP|HATPase_c;ID=3300029764.a:Ga0243769_100278_19	DB=STP|HATPase_c;ID=3300029764.a:Ga0243769_100278_19
19	TF	0	0	CGC1	3300029764.a:Ga0243769_100278	24154	24774	3300029764.a:Ga0243769_100278_20	+	DB=DBD-Pfam|GerE;ID=3300029764.a:Ga0243769_100278_20	DB=DBD-Pfam|GerE;ID=3300029764.a:Ga0243769_100278_20
20	TF	2	0	CGC1	3300029764.a:Ga0243769_100278	24842	25795	3300029764.a:Ga0243769_100278_21	-	DB=DBD-Pfam|HTH_1,DBD-SUPERFAMILY|0040266;ID=3300029764.a:Ga0243769_100278_21	DB=DBD-Pfam|HTH_1,DBD-SUPERFAMILY|0040266;ID=3300029764.a:Ga0243769_100278_21
21	null	null	null	CGC1	3300029764.a:Ga0243769_100278	26017	27192	3300029764.a:Ga0243769_100278_22	+	;ID=3300029764.a:Ga0243769_100278_22
22	null	null	null	CGC1	3300029764.a:Ga0243769_100278	27208	27495	3300029764.a:Ga0243769_100278_23	+	;ID=3300029764.a:Ga0243769_100278_23
23	CAZyme	2	2	CGC1	3300029764.a:Ga0243769_100278	27948	29105	3300029764.a:Ga0243769_100278_24	+	DB= CE9|CE9;ID=3300029764.a:Ga0243769_100278_24	DB= CE9|CE9;ID=3300029764.a:Ga0243769_100278_24
24	null	null	null	CGC1	3300029764.a:Ga0243769_100278	29177	30061	3300029764.a:Ga0243769_100278_25	-	;ID=3300029764.a:Ga0243769_100278_25
25	null	null	null	CGC1	3300029764.a:Ga0243769_100278	30187	32031	3300029764.a:Ga0243769_100278_26	+	;ID=3300029764.a:Ga0243769_100278_26
26	TC	0	2	CGC1	3300029764.a:Ga0243769_100278	32117	32953	3300029764.a:Ga0243769_100278_27	-	DB=gnl|TC-DB|A0L4L0|3.A.1.132.3;ID=3300029764.a:Ga0243769_100278_27	DB=gnl|TC-DB|A0L4L0|3.A.1.132.3;ID=3300029764.a:Ga0243769_100278_27
27	STP	1	0	CGC1	3300029764.a:Ga0243769_100278	32946	33311	3300029764.a:Ga0243769_100278_28	-	DB=STP|Sigma70_r4;ID=3300029764.a:Ga0243769_100278_28	DB=STP|Sigma70_r4;ID=3300029764.a:Ga0243769_100278_28
28	null	null	null	CGC1	3300029764.a:Ga0243769_100278	33469	34236	3300029764.a:Ga0243769_100278_29	-	;ID=3300029764.a:Ga0243769_100278_29
29	TF	2	1	CGC1	3300029764.a:Ga0243769_100278	34637	35335	3300029764.a:Ga0243769_100278_30	+	DB=DBD-Pfam|GntR,DBD-SUPERFAMILY|0039384;ID=3300029764.a:Ga0243769_100278_30	DB=DBD-Pfam|GntR,DBD-SUPERFAMILY|0039384;ID=3300029764.a:Ga0243769_100278_30
30	null	null	null	CGC1	3300029764.a:Ga0243769_100278	35525	36484	3300029764.a:Ga0243769_100278_31	+	;ID=3300029764.a:Ga0243769_100278_31
31	null	null	null	CGC1	3300029764.a:Ga0243769_100278	36800	37912	3300029764.a:Ga0243769_100278_32	+	;ID=3300029764.a:Ga0243769_100278_32
32	TC	11	2	CGC1	3300029764.a:Ga0243769_100278	37971	40133	3300029764.a:Ga0243769_100278_33	-	DB=gnl|TC-DB|P20166|4.A.1.1.9;ID=3300029764.a:Ga0243769_100278_33	DB=gnl|TC-DB|P20166|4.A.1.1.9;ID=3300029764.a:Ga0243769_100278_33
+++++
51	TC	2	3	CGC2	3300029764.a:Ga0243769_100278	58899	60194	3300029764.a:Ga0243769_100278_52	+	DB=gnl|TC-DB|P42308|2.A.11.1.2;ID=3300029764.a:Ga0243769_100278_52	DB=gnl|TC-DB|P42308|2.A.11.1.2;ID=3300029764.a:Ga0243769_100278_52
52	null	null	null	CGC2	3300029764.a:Ga0243769_100278	60327	61100	3300029764.a:Ga0243769_100278_53	-	;ID=3300029764.a:Ga0243769_100278_53
53	null	null	null	CGC2	3300029764.a:Ga0243769_100278	61379	62218	3300029764.a:Ga0243769_100278_54	+	;ID=3300029764.a:Ga0243769_100278_54
54	STP	2	2	CGC2	3300029764.a:Ga0243769_100278	62337	63578	3300029764.a:Ga0243769_100278_55	+	DB=STP|AAA;ID=3300029764.a:Ga0243769_100278_55	DB=STP|AAA;ID=3300029764.a:Ga0243769_100278_55
55	null	null	null	CGC2	3300029764.a:Ga0243769_100278	64050	65060	3300029764.a:Ga0243769_100278_56	+	;ID=3300029764.a:Ga0243769_100278_56
56	null	null	null	CGC2	3300029764.a:Ga0243769_100278	65116	66813	3300029764.a:Ga0243769_100278_57	+	;ID=3300029764.a:Ga0243769_100278_57
57	STP	1	2	CGC2	3300029764.a:Ga0243769_100278	66810	67313	3300029764.a:Ga0243769_100278_58	+	DB=STP|ACT;ID=3300029764.a:Ga0243769_100278_58	DB=STP|ACT;ID=3300029764.a:Ga0243769_100278_58
58	null	null	null	CGC2	3300029764.a:Ga0243769_100278	67360	69012	3300029764.a:Ga0243769_100278_59	+	;ID=3300029764.a:Ga0243769_100278_59
59	TC	0	1	CGC2	3300029764.a:Ga0243769_100278	69116	70129	3300029764.a:Ga0243769_100278_60	+	DB=gnl|TC-DB|Q9K0A9|2.A.28.2.4;ID=3300029764.a:Ga0243769_100278_60	DB=gnl|TC-DB|Q9K0A9|2.A.28.2.4;ID=3300029764.a:Ga0243769_100278_60
60	TC	1	0	CGC2	3300029764.a:Ga0243769_100278	70233	70910	3300029764.a:Ga0243769_100278_61	+	DB=gnl|TC-DB|G4P6M9|9.B.120.1.2;ID=3300029764.a:Ga0243769_100278_61	DB=gnl|TC-DB|G4P6M9|9.B.120.1.2;ID=3300029764.a:Ga0243769_100278_61
61	null	null	null	CGC2	3300029764.a:Ga0243769_100278	70974	71549	3300029764.a:Ga0243769_100278_62	+	;ID=3300029764.a:Ga0243769_100278_62
62	TC	2	1	CGC2	3300029764.a:Ga0243769_100278	72028	73032	3300029764.a:Ga0243769_100278_63	+	DB=gnl|TC-DB|Q9K0A9|2.A.28.2.4;ID=3300029764.a:Ga0243769_100278_63	DB=gnl|TC-DB|Q9K0A9|2.A.28.2.4;ID=3300029764.a:Ga0243769_100278_63
63	null	null	null	CGC2	3300029764.a:Ga0243769_100278	73146	73772	3300029764.a:Ga0243769_100278_64	-	;ID=3300029764.a:Ga0243769_100278_64
64	null	null	null	CGC2	3300029764.a:Ga0243769_100278	73793	74680	3300029764.a:Ga0243769_100278_65	-	;ID=3300029764.a:Ga0243769_100278_65
65	TC	0	2	CGC2	3300029764.a:Ga0243769_100278	74764	75660	3300029764.a:Ga0243769_100278_66	-	DB=gnl|TC-DB|P31437|2.A.7.3.12;ID=3300029764.a:Ga0243769_100278_66	DB=gnl|TC-DB|P31437|2.A.7.3.12;ID=3300029764.a:Ga0243769_100278_66
66	TF	2	0	CGC2	3300029764.a:Ga0243769_100278	75740	76726	3300029764.a:Ga0243769_100278_67	-	DB=DBD-Pfam|HTH_AraC,DBD-SUPERFAMILY|0035607;ID=3300029764.a:Ga0243769_100278_67	DB=DBD-Pfam|HTH_AraC,DBD-SUPERFAMILY|0035607;ID=3300029764.a:Ga0243769_100278_67
67	null	null	null	CGC2	3300029764.a:Ga0243769_100278	76729	77688	3300029764.a:Ga0243769_100278_68	-	;ID=3300029764.a:Ga0243769_100278_68
68	null	null	null	CGC2	3300029764.a:Ga0243769_100278	77725	78396	3300029764.a:Ga0243769_100278_69	-	;ID=3300029764.a:Ga0243769_100278_69
69	STP	1	2	CGC2	3300029764.a:Ga0243769_100278	78740	83302	3300029764.a:Ga0243769_100278_70	-	DB=STP|GATase_2;ID=3300029764.a:Ga0243769_100278_70	DB=STP|GATase_2;ID=3300029764.a:Ga0243769_100278_70
70	null	null	null	CGC2	3300029764.a:Ga0243769_100278	83489	84169	3300029764.a:Ga0243769_100278_71	-	;ID=3300029764.a:Ga0243769_100278_71
71	CAZyme	0	1	CGC2	3300029764.a:Ga0243769_100278	84186	85796	3300029764.a:Ga0243769_100278_72	-	DB=GT83| GT83;ID=3300029764.a:Ga0243769_100278_72	DB=GT83| GT83;ID=3300029764.a:Ga0243769_100278_72
72	CAZyme	0	0	CGC2	3300029764.a:Ga0243769_100278	85806	87365	3300029764.a:Ga0243769_100278_73	-	DB=GT83| GT83;ID=3300029764.a:Ga0243769_100278_73	DB=GT83| GT83;ID=3300029764.a:Ga0243769_100278_73
73	TC	1	0	CGC2	3300029764.a:Ga0243769_100278	87362	87955	3300029764.a:Ga0243769_100278_74	-	DB=gnl|TC-DB|D6GX19|9.B.27.2.5;ID=3300029764.a:Ga0243769_100278_74	DB=gnl|TC-DB|D6GX19|9.B.27.2.5;ID=3300029764.a:Ga0243769_100278_74
74	null	null	null	CGC2	3300029764.a:Ga0243769_100278	88043	88999	3300029764.a:Ga0243769_100278_75	-	;ID=3300029764.a:Ga0243769_100278_75
75	TC	0	1	CGC2	3300029764.a:Ga0243769_100278	89382	90101	3300029764.a:Ga0243769_100278_76	+	DB=gnl|TC-DB|P0AFV2|9.B.20.1.4;ID=3300029764.a:Ga0243769_100278_76	DB=gnl|TC-DB|P0AFV2|9.B.20.1.4;ID=3300029764.a:Ga0243769_100278_76
76	STP	1	0	CGC2	3300029764.a:Ga0243769_100278	90247	91515	3300029764.a:Ga0243769_100278_77	+	DB=STP|Aminotran_1_2;ID=3300029764.a:Ga0243769_100278_77	DB=STP|Aminotran_1_2;ID=3300029764.a:Ga0243769_100278_77
77	null	null	null	CGC2	3300029764.a:Ga0243769_100278	92000	93064	3300029764.a:Ga0243769_100278_78	+	;ID=3300029764.a:Ga0243769_100278_78
78	TF	null	1	CGC2	3300029764.a:Ga0243769_100278	93165	93914	3300029764.a:Ga0243769_100278_79	+	DB=DBD-Pfam|MarR,DBD-SUPERFAMILY|0040266;ID=3300029764.a:Ga0243769_100278_79	DB=DBD-Pfam|MarR,DBD-SUPERFAMILY|0040266;ID=3300029764.a:Ga0243769_100278_79
+++++
50	TC	0	7	CGC1	3300029764.a:Ga0243769_100263	54500	56401	3300029764.a:Ga0243769_100263_51	+	DB=gnl|TC-DB|Q83XH1|3.A.1.121.4;ID=3300029764.a:Ga0243769_100263_51	DB=gnl|TC-DB|Q83XH1|3.A.1.121.4;ID=3300029764.a:Ga0243769_100263_51
51	CAZyme	0	0	CGC1	3300029764.a:Ga0243769_100263	56659	58068	3300029764.a:Ga0243769_100263_52	+	DB=AA4;ID=3300029764.a:Ga0243769_100263_52	DB=AA4;ID=3300029764.a:Ga0243769_100263_52
52	TF	1	0	CGC1	3300029764.a:Ga0243769_100263	58176	58469	3300029764.a:Ga0243769_100263_53	+	DB=DBD-Pfam|HTH_3,DBD-SUPERFAMILY|0043707;ID=3300029764.a:Ga0243769_100263_53	DB=DBD-Pfam|HTH_3,DBD-SUPERFAMILY|0043707;ID=3300029764.a:Ga0243769_100263_53
53	null	null	null	CGC1	3300029764.a:Ga0243769_100263	58554	59660	3300029764.a:Ga0243769_100263_54	-	;ID=3300029764.a:Ga0243769_100263_54
54	STP	1	1	CGC1	3300029764.a:Ga0243769_100263	59675	60916	3300029764.a:Ga0243769_100263_55	-	DB=STP|Aminotran_1_2;ID=3300029764.a:Ga0243769_100263_55	DB=STP|Aminotran_1_2;ID=3300029764.a:Ga0243769_100263_55
55	null	null	null	CGC1	3300029764.a:Ga0243769_100263	61135	61656	3300029764.a:Ga0243769_100263_56	+	;ID=3300029764.a:Ga0243769_100263_56
56	TC	0	1	CGC1	3300029764.a:Ga0243769_100263	61705	62922	3300029764.a:Ga0243769_100263_57	-	DB=gnl|TC-DB|O31712|3.A.1.122.2;ID=3300029764.a:Ga0243769_100263_57	DB=gnl|TC-DB|O31712|3.A.1.122.2;ID=3300029764.a:Ga0243769_100263_57
57	TC	0	0	CGC1	3300029764.a:Ga0243769_100263	62912	63616	3300029764.a:Ga0243769_100263_58	-	DB=gnl|TC-DB|O31711|3.A.1.122.2;ID=3300029764.a:Ga0243769_100263_58	DB=gnl|TC-DB|O31711|3.A.1.122.2;ID=3300029764.a:Ga0243769_100263_58
58	TC	0	0	CGC1	3300029764.a:Ga0243769_100263	63631	64776	3300029764.a:Ga0243769_100263_59	-	DB=gnl|TC-DB|Q84BQ3|3.A.1.122.12;ID=3300029764.a:Ga0243769_100263_59	DB=gnl|TC-DB|Q84BQ3|3.A.1.122.12;ID=3300029764.a:Ga0243769_100263_59
59	TC	1	0	CGC1	3300029764.a:Ga0243769_100263	65016	66179	3300029764.a:Ga0243769_100263_60	+	DB=gnl|TC-DB|A1KWE6|2.A.39.1.3;ID=3300029764.a:Ga0243769_100263_60	DB=gnl|TC-DB|A1KWE6|2.A.39.1.3;ID=3300029764.a:Ga0243769_100263_60
60	null	null	null	CGC1	3300029764.a:Ga0243769_100263	66384	66833	3300029764.a:Ga0243769_100263_61	+	;ID=3300029764.a:Ga0243769_100263_61
61	CAZyme	0	1	CGC1	3300029764.a:Ga0243769_100263	66895	68973	3300029764.a:Ga0243769_100263_62	-	DB= GT51|GT51;ID=3300029764.a:Ga0243769_100263_62	DB= GT51|GT51;ID=3300029764.a:Ga0243769_100263_62
62	TC	0	0	CGC1	3300029764.a:Ga0243769_100263	69298	71706	3300029764.a:Ga0243769_100263_63	+	DB=gnl|TC-DB|P77439|4.A.2.1.11;ID=3300029764.a:Ga0243769_100263_63	DB=gnl|TC-DB|P77439|4.A.2.1.11;ID=3300029764.a:Ga0243769_100263_63
63	TF	3	0	CGC1	3300029764.a:Ga0243769_100263	71896	72534	3300029764.a:Ga0243769_100263_64	+	DB=DBD-Pfam|HTH_11,DBD-SUPERFAMILY|0043758;ID=3300029764.a:Ga0243769_100263_64	DB=DBD-Pfam|HTH_11,DBD-SUPERFAMILY|0043758;ID=3300029764.a:Ga0243769_100263_64
+++++
69	STP	2	6	CGC1	3300029764.a:Ga0243769_100035	79397	80824	3300029764.a:Ga0243769_100035_70	-	DB=STP|Pribosyltran;ID=3300029764.a:Ga0243769_100035_70	DB=STP|Pribosyltran;ID=3300029764.a:Ga0243769_100035_70
70	null	null	null	CGC1	3300029764.a:Ga0243769_100035	80870	81364	3300029764.a:Ga0243769_100035_71	-	;ID=3300029764.a:Ga0243769_100035_71
71	null	null	null	CGC1	3300029764.a:Ga0243769_100035	81650	84181	3300029764.a:Ga0243769_100035_72	+	;ID=3300029764.a:Ga0243769_100035_72
72	TC	0	2	CGC1	3300029764.a:Ga0243769_100035	84174	84740	3300029764.a:Ga0243769_100035_73	-	DB=gnl|TC-DB|P17551|2.A.51.1.1;ID=3300029764.a:Ga0243769_100035_73	DB=gnl|TC-DB|P17551|2.A.51.1.1;ID=3300029764.a:Ga0243769_100035_73
73	TC	0	0	CGC1	3300029764.a:Ga0243769_100035	84752	85324	3300029764.a:Ga0243769_100035_74	-	DB=gnl|TC-DB|Q73LW8|2.A.51.1.6;ID=3300029764.a:Ga0243769_100035_74	DB=gnl|TC-DB|Q73LW8|2.A.51.1.6;ID=3300029764.a:Ga0243769_100035_74
74	TF	2	0	CGC1	3300029764.a:Ga0243769_100035	85453	86319	3300029764.a:Ga0243769_100035_75	+	DB=DBD-Pfam|HTH_1,DBD-SUPERFAMILY|0040517;ID=3300029764.a:Ga0243769_100035_75	DB=DBD-Pfam|HTH_1,DBD-SUPERFAMILY|0040517;ID=3300029764.a:Ga0243769_100035_75
75	null	null	null	CGC1	3300029764.a:Ga0243769_100035	86323	86829	3300029764.a:Ga0243769_100035_76	-	;ID=3300029764.a:Ga0243769_100035_76
76	null	null	null	CGC1	3300029764.a:Ga0243769_100035	86847	87851	3300029764.a:Ga0243769_100035_77	-	;ID=3300029764.a:Ga0243769_100035_77
77	CAZyme	1	2	CGC1	3300029764.a:Ga0243769_100035	87899	88804	3300029764.a:Ga0243769_100035_78	-	DB= GT8|GT8;ID=3300029764.a:Ga0243769_100035_78	DB= GT8|GT8;ID=3300029764.a:Ga0243769_100035_78
78	null	null	null	CGC1	3300029764.a:Ga0243769_100035	88931	90097	3300029764.a:Ga0243769_100035_79	-	;ID=3300029764.a:Ga0243769_100035_79
79	CAZyme	0	1	CGC1	3300029764.a:Ga0243769_100035	90125	91129	3300029764.a:Ga0243769_100035_80	-	DB= GT8|GT8;ID=3300029764.a:Ga0243769_100035_80	DB= GT8|GT8;ID=3300029764.a:Ga0243769_100035_80
80	CAZyme	3	0	CGC1	3300029764.a:Ga0243769_100035	91634	92593	3300029764.a:Ga0243769_100035_81	-	DB=GT2| GT2;ID=3300029764.a:Ga0243769_100035_81	DB=GT2| GT2;ID=3300029764.a:Ga0243769_100035_81
+++++
70	STP	1	3	CGC1	3300029764.a:Ga0243769_100160	89846	91597	3300029764.a:Ga0243769_100160_71	+	DB=STP|B12-binding;ID=3300029764.a:Ga0243769_100160_71	DB=STP|B12-binding;ID=3300029764.a:Ga0243769_100160_71
71	null	null	null	CGC1	3300029764.a:Ga0243769_100160	91594	92544	3300029764.a:Ga0243769_100160_72	+	;ID=3300029764.a:Ga0243769_100160_72
72	STP	2	1	CGC1	3300029764.a:Ga0243769_100160	92556	93515	3300029764.a:Ga0243769_100160_73	+	DB=STP|AAA;ID=3300029764.a:Ga0243769_100160_73	DB=STP|AAA;ID=3300029764.a:Ga0243769_100160_73
73	null	null	null	CGC1	3300029764.a:Ga0243769_100160	93563	94036	3300029764.a:Ga0243769_100160_74	+	;ID=3300029764.a:Ga0243769_100160_74
74	null	null	null	CGC1	3300029764.a:Ga0243769_100160	94055	94948	3300029764.a:Ga0243769_100160_75	+	;ID=3300029764.a:Ga0243769_100160_75
75	TC	2	2	CGC1	3300029764.a:Ga0243769_100160	94961	96307	3300029764.a:Ga0243769_100160_76	+	DB=gnl|TC-DB|Q0PBV6|9.A.40.2.2;ID=3300029764.a:Ga0243769_100160_76	DB=gnl|TC-DB|Q0PBV6|9.A.40.2.2;ID=3300029764.a:Ga0243769_100160_76
76	null	null	null	CGC1	3300029764.a:Ga0243769_100160	96276	97055	3300029764.a:Ga0243769_100160_77	+	;ID=3300029764.a:Ga0243769_100160_77
77	null	null	null	CGC1	3300029764.a:Ga0243769_100160	97137	97616	3300029764.a:Ga0243769_100160_78	-	;ID=3300029764.a:Ga0243769_100160_78
78	TC	0	2	CGC1	3300029764.a:Ga0243769_100160	97807	99144	3300029764.a:Ga0243769_100160_79	+	DB=gnl|TC-DB|I6L8P4|2.A.66.1.33;ID=3300029764.a:Ga0243769_100160_79	DB=gnl|TC-DB|I6L8P4|2.A.66.1.33;ID=3300029764.a:Ga0243769_100160_79
79	TF	1	0	CGC1	3300029764.a:Ga0243769_100160	99219	99551	3300029764.a:Ga0243769_100160_80	-	DB=DBD-Pfam|DUF24,DBD-SUPERFAMILY|0044258;ID=3300029764.a:Ga0243769_100160_80	DB=DBD-Pfam|DUF24,DBD-SUPERFAMILY|0044258;ID=3300029764.a:Ga0243769_100160_80
80	null	null	null	CGC1	3300029764.a:Ga0243769_100160	99688	100005	3300029764.a:Ga0243769_100160_81	+	;ID=3300029764.a:Ga0243769_100160_81
81	STP	0	1	CGC1	3300029764.a:Ga0243769_100160	100030	100959	3300029764.a:Ga0243769_100160_82	+	DB=STP|Pyr_redox_2;ID=3300029764.a:Ga0243769_100160_82	DB=STP|Pyr_redox_2;ID=3300029764.a:Ga0243769_100160_82
82	STP	0	0	CGC1	3300029764.a:Ga0243769_100160	101082	102644	3300029764.a:Ga0243769_100160_83	-	DB=STP|NIR_SIR_ferr,STP|NIR_SIR,STP|NIR_SIR;ID=3300029764.a:Ga0243769_100160_83	DB=STP|NIR_SIR_ferr,STP|NIR_SIR,STP|NIR_SIR;ID=3300029764.a:Ga0243769_100160_83
83	STP	0	0	CGC1	3300029764.a:Ga0243769_100160	102822	104294	3300029764.a:Ga0243769_100160_84	+	DB=STP|HisKA,STP|HATPase_c;ID=3300029764.a:Ga0243769_100160_84	DB=STP|HisKA,STP|HATPase_c;ID=3300029764.a:Ga0243769_100160_84
84	TF	0	0	CGC1	3300029764.a:Ga0243769_100160	104296	104982	3300029764.a:Ga0243769_100160_85	+	DB=DBD-Pfam|Trans_reg_C;ID=3300029764.a:Ga0243769_100160_85	DB=DBD-Pfam|Trans_reg_C;ID=3300029764.a:Ga0243769_100160_85
85	CAZyme	4	0	CGC1	3300029764.a:Ga0243769_100160	105095	106636	3300029764.a:Ga0243769_100160_86	+	DB=GT83| GT83;ID=3300029764.a:Ga0243769_100160_86	DB=GT83| GT83;ID=3300029764.a:Ga0243769_100160_86
+++++
55	STP	0	10	CGC1	3300029764.a:Ga0243769_100269	60200	61390	3300029764.a:Ga0243769_100269_56	+	DB=STP|Aminotran_1_2;ID=3300029764.a:Ga0243769_100269_56	DB=STP|Aminotran_1_2;ID=3300029764.a:Ga0243769_100269_56
56	STP	0	0	CGC1	3300029764.a:Ga0243769_100269	61659	62846	3300029764.a:Ga0243769_100269_57	+	DB=STP|Aminotran_1_2;ID=3300029764.a:Ga0243769_100269_57	DB=STP|Aminotran_1_2;ID=3300029764.a:Ga0243769_100269_57
57	TC	2	0	CGC1	3300029764.a:Ga0243769_100269	62882	64753	3300029764.a:Ga0243769_100269_58	+	DB=gnl|TC-DB|Q5EAK4|2.A.16.2.2;ID=3300029764.a:Ga0243769_100269_58	DB=gnl|TC-DB|Q5EAK4|2.A.16.2.2;ID=3300029764.a:Ga0243769_100269_58
58	null	null	null	CGC1	3300029764.a:Ga0243769_100269	64770	65561	3300029764.a:Ga0243769_100269_59	+	;ID=3300029764.a:Ga0243769_100269_59
59	null	null	null	CGC1	3300029764.a:Ga0243769_100269	65561	66052	3300029764.a:Ga0243769_100269_60	+	;ID=3300029764.a:Ga0243769_100269_60
60	TF	1	2	CGC1	3300029764.a:Ga0243769_100269	66186	66383	3300029764.a:Ga0243769_100269_61	+	DB=DBD-Pfam|CSD;ID=3300029764.a:Ga0243769_100269_61	DB=DBD-Pfam|CSD;ID=3300029764.a:Ga0243769_100269_61
61	null	null	null	CGC1	3300029764.a:Ga0243769_100269	66596	67537	3300029764.a:Ga0243769_100269_62	+	;ID=3300029764.a:Ga0243769_100269_62
62	TF	0	1	CGC1	3300029764.a:Ga0243769_100269	67735	68163	3300029764.a:Ga0243769_100269_63	+	DB=DBD-Pfam|MarR,DBD-SUPERFAMILY|0040517;ID=3300029764.a:Ga0243769_100269_63	DB=DBD-Pfam|MarR,DBD-SUPERFAMILY|0040517;ID=3300029764.a:Ga0243769_100269_63
63	TC	1	0	CGC1	3300029764.a:Ga0243769_100269	68242	69615	3300029764.a:Ga0243769_100269_64	+	DB=gnl|TC-DB|Q7WZ38|2.A.66.1.37;ID=3300029764.a:Ga0243769_100269_64	DB=gnl|TC-DB|Q7WZ38|2.A.66.1.37;ID=3300029764.a:Ga0243769_100269_64
64	null	null	null	CGC1	3300029764.a:Ga0243769_100269	69680	70615	3300029764.a:Ga0243769_100269_65	-	;ID=3300029764.a:Ga0243769_100269_65
65	TF	0	1	CGC1	3300029764.a:Ga0243769_100269	70727	71578	3300029764.a:Ga0243769_100269_66	+	DB=DBD-Pfam|HTH_1;ID=3300029764.a:Ga0243769_100269_66	DB=DBD-Pfam|HTH_1;ID=3300029764.a:Ga0243769_100269_66
66	TC	0	0	CGC1	3300029764.a:Ga0243769_100269	71552	72418	3300029764.a:Ga0243769_100269_67	-	DB=gnl|TC-DB|M4V8N5|2.A.7.3.65;ID=3300029764.a:Ga0243769_100269_67	DB=gnl|TC-DB|M4V8N5|2.A.7.3.65;ID=3300029764.a:Ga0243769_100269_67
67	TC	2	0	CGC1	3300029764.a:Ga0243769_100269	72705	73025	3300029764.a:Ga0243769_100269_68	+	DB=gnl|TC-DB|P69937|2.A.7.1.4;ID=3300029764.a:Ga0243769_100269_68	DB=gnl|TC-DB|P69937|2.A.7.1.4;ID=3300029764.a:Ga0243769_100269_68
68	null	null	null	CGC1	3300029764.a:Ga0243769_100269	73126	73803	3300029764.a:Ga0243769_100269_69	+	;ID=3300029764.a:Ga0243769_100269_69
69	null	null	null	CGC1	3300029764.a:Ga0243769_100269	73819	74220	3300029764.a:Ga0243769_100269_70	+	;ID=3300029764.a:Ga0243769_100269_70
70	CAZyme	0	2	CGC1	3300029764.a:Ga0243769_100269	74210	75418	3300029764.a:Ga0243769_100269_71	+	DB= GH73|GH73;ID=3300029764.a:Ga0243769_100269_71	DB= GH73|GH73;ID=3300029764.a:Ga0243769_100269_71
71	TC	1	0	CGC1	3300029764.a:Ga0243769_100269	75441	76088	3300029764.a:Ga0243769_100269_72	-	DB=gnl|TC-DB|D5AQY6|3.A.1.23.7;ID=3300029764.a:Ga0243769_100269_72	DB=gnl|TC-DB|D5AQY6|3.A.1.23.7;ID=3300029764.a:Ga0243769_100269_72
72	null	null	null	CGC1	3300029764.a:Ga0243769_100269	76085	76894	3300029764.a:Ga0243769_100269_73	-	;ID=3300029764.a:Ga0243769_100269_73
73	TC	1	1	CGC1	3300029764.a:Ga0243769_100269	76907	77911	3300029764.a:Ga0243769_100269_74	-	DB=gnl|TC-DB|Q79CJ1|3.A.1.23.1;ID=3300029764.a:Ga0243769_100269_74	DB=gnl|TC-DB|Q79CJ1|3.A.1.23.1;ID=3300029764.a:Ga0243769_100269_74
74	null	null	null	CGC1	3300029764.a:Ga0243769_100269	78405	79130	3300029764.a:Ga0243769_100269_75	+	;ID=3300029764.a:Ga0243769_100269_75
75	TC	0	1	CGC1	3300029764.a:Ga0243769_100269	79310	82687	3300029764.a:Ga0243769_100269_76	+	DB=gnl|TC-DB|Q45343|1.B.12.2.2;ID=3300029764.a:Ga0243769_100269_76	DB=gnl|TC-DB|Q45343|1.B.12.2.2;ID=3300029764.a:Ga0243769_100269_76
76	TF	1	0	CGC1	3300029764.a:Ga0243769_100269	82808	83704	3300029764.a:Ga0243769_100269_77	-	DB=DBD-Pfam|HTH_1,DBD-SUPERFAMILY|0044258;ID=3300029764.a:Ga0243769_100269_77	DB=DBD-Pfam|HTH_1,DBD-SUPERFAMILY|0044258;ID=3300029764.a:Ga0243769_100269_77
77	null	null	null	CGC1	3300029764.a:Ga0243769_100269	83847	85010	3300029764.a:Ga0243769_100269_78	+	;ID=3300029764.a:Ga0243769_100269_78
78	TC	2	1	CGC1	3300029764.a:Ga0243769_100269	85026	86435	3300029764.a:Ga0243769_100269_79	+	DB=gnl|TC-DB|P37460|2.A.3.1.6;ID=3300029764.a:Ga0243769_100269_79	DB=gnl|TC-DB|P37460|2.A.3.1.6;ID=3300029764.a:Ga0243769_100269_79
79	null	null	null	CGC1	3300029764.a:Ga0243769_100269	86425	87096	3300029764.a:Ga0243769_100269_80	+	;ID=3300029764.a:Ga0243769_100269_80
80	null	null	null	CGC1	3300029764.a:Ga0243769_100269	87111	87728	3300029764.a:Ga0243769_100269_81	+	;ID=3300029764.a:Ga0243769_100269_81
81	STP	1	2	CGC1	3300029764.a:Ga0243769_100269	87745	88908	3300029764.a:Ga0243769_100269_82	+	DB=STP|Aminotran_1_2;ID=3300029764.a:Ga0243769_100269_82	DB=STP|Aminotran_1_2;ID=3300029764.a:Ga0243769_100269_82
82	null	null	null	CGC1	3300029764.a:Ga0243769_100269	88929	89732	3300029764.a:Ga0243769_100269_83	+	;ID=3300029764.a:Ga0243769_100269_83
83	TC	0	1	CGC1	3300029764.a:Ga0243769_100269	90174	93842	3300029764.a:Ga0243769_100269_84	+	DB=gnl|TC-DB|C9LS91|1.B.12.2.4;ID=3300029764.a:Ga0243769_100269_84	DB=gnl|TC-DB|C9LS91|1.B.12.2.4;ID=3300029764.a:Ga0243769_100269_84
84	TC	null	0	CGC1	3300029764.a:Ga0243769_100269	94105	97299	3300029764.a:Ga0243769_100269_85	+	DB=gnl|TC-DB|Q45343|1.B.12.2.2;ID=3300029764.a:Ga0243769_100269_85	DB=gnl|TC-DB|Q45343|1.B.12.2.2;ID=3300029764.a:Ga0243769_100269_85
+++++
11	TF	1	3	CGC1	3300029764.a:Ga0243769_100549	11054	12976	3300029764.a:Ga0243769_100549_12	+	DB=DBD-Pfam|TrmB;ID=3300029764.a:Ga0243769_100549_12	DB=DBD-Pfam|TrmB;ID=3300029764.a:Ga0243769_100549_12
12	null	null	null	CGC1	3300029764.a:Ga0243769_100549	12969	14360	3300029764.a:Ga0243769_100549_13	+	;ID=3300029764.a:Ga0243769_100549_13
13	TF	2	1	CGC1	3300029764.a:Ga0243769_100549	14456	15472	3300029764.a:Ga0243769_100549_14	-	DB=DBD-Pfam|LacI,DBD-SUPERFAMILY|0044558;ID=3300029764.a:Ga0243769_100549_14	DB=DBD-Pfam|LacI,DBD-SUPERFAMILY|0044558;ID=3300029764.a:Ga0243769_100549_14
14	null	null	null	CGC1	3300029764.a:Ga0243769_100549	15726	16781	3300029764.a:Ga0243769_100549_15	+	;ID=3300029764.a:Ga0243769_100549_15
15	null	null	null	CGC1	3300029764.a:Ga0243769_100549	16774	16968	3300029764.a:Ga0243769_100549_16	+	;ID=3300029764.a:Ga0243769_100549_16
16	TF	2	2	CGC1	3300029764.a:Ga0243769_100549	17072	17398	3300029764.a:Ga0243769_100549_17	+	DB=DBD-Pfam|HTH_5,DBD-SUPERFAMILY|0043095;ID=3300029764.a:Ga0243769_100549_17	DB=DBD-Pfam|HTH_5,DBD-SUPERFAMILY|0043095;ID=3300029764.a:Ga0243769_100549_17
17	null	null	null	CGC1	3300029764.a:Ga0243769_100549	17466	18587	3300029764.a:Ga0243769_100549_18	-	;ID=3300029764.a:Ga0243769_100549_18
18	null	null	null	CGC1	3300029764.a:Ga0243769_100549	18617	19558	3300029764.a:Ga0243769_100549_19	-	;ID=3300029764.a:Ga0243769_100549_19
19	CAZyme	0	2	CGC1	3300029764.a:Ga0243769_100549	19611	20693	3300029764.a:Ga0243769_100549_20	-	DB= GH170|GH170;ID=3300029764.a:Ga0243769_100549_20	DB= GH170|GH170;ID=3300029764.a:Ga0243769_100549_20
20	TC	0	0	CGC1	3300029764.a:Ga0243769_100549	20694	22073	3300029764.a:Ga0243769_100549_21	-	DB=gnl|TC-DB|P05306|4.A.1.2.9;ID=3300029764.a:Ga0243769_100549_21	DB=gnl|TC-DB|P05306|4.A.1.2.9;ID=3300029764.a:Ga0243769_100549_21
21	STP	0	0	CGC1	3300029764.a:Ga0243769_100549	22060	22974	3300029764.a:Ga0243769_100549_22	-	DB=STP|SIS;ID=3300029764.a:Ga0243769_100549_22	DB=STP|SIS;ID=3300029764.a:Ga0243769_100549_22
22	STP	1	0	CGC1	3300029764.a:Ga0243769_100549	23316	24674	3300029764.a:Ga0243769_100549_23	+	DB=STP|Pyr_redox_2;ID=3300029764.a:Ga0243769_100549_23	DB=STP|Pyr_redox_2;ID=3300029764.a:Ga0243769_100549_23
23	null	null	null	CGC1	3300029764.a:Ga0243769_100549	24687	25253	3300029764.a:Ga0243769_100549_24	+	;ID=3300029764.a:Ga0243769_100549_24
24	STP	0	1	CGC1	3300029764.a:Ga0243769_100549	25263	25820	3300029764.a:Ga0243769_100549_25	+	DB=STP|SIS;ID=3300029764.a:Ga0243769_100549_25	DB=STP|SIS;ID=3300029764.a:Ga0243769_100549_25
25	STP	1	0	CGC1	3300029764.a:Ga0243769_100549	25821	26471	3300029764.a:Ga0243769_100549_26	-	DB=STP|TPR_1,STP|TPR_1,STP|TPR_1;ID=3300029764.a:Ga0243769_100549_26	DB=STP|TPR_1,STP|TPR_1,STP|TPR_1;ID=3300029764.a:Ga0243769_100549_26
26	null	null	null	CGC1	3300029764.a:Ga0243769_100549	26506	26904	3300029764.a:Ga0243769_100549_27	+	;ID=3300029764.a:Ga0243769_100549_27
27	TC	2	1	CGC1	3300029764.a:Ga0243769_100549	26914	27432	3300029764.a:Ga0243769_100549_28	+	DB=gnl|TC-DB|A9NEB8|2.A.87.3.3;ID=3300029764.a:Ga0243769_100549_28	DB=gnl|TC-DB|A9NEB8|2.A.87.3.3;ID=3300029764.a:Ga0243769_100549_28
28	null	null	null	CGC1	3300029764.a:Ga0243769_100549	27453	28055	3300029764.a:Ga0243769_100549_29	-	;ID=3300029764.a:Ga0243769_100549_29
29	null	null	null	CGC1	3300029764.a:Ga0243769_100549	28110	28778	3300029764.a:Ga0243769_100549_30	-	;ID=3300029764.a:Ga0243769_100549_30
30	TC	0	2	CGC1	3300029764.a:Ga0243769_100549	28913	29737	3300029764.a:Ga0243769_100549_31	-	DB=gnl|TC-DB|P28635|3.A.1.24.1;ID=3300029764.a:Ga0243769_100549_31	DB=gnl|TC-DB|P28635|3.A.1.24.1;ID=3300029764.a:Ga0243769_100549_31
31	TC	0	0	CGC1	3300029764.a:Ga0243769_100549	30201	31340	3300029764.a:Ga0243769_100549_32	+	DB=gnl|TC-DB|F2WVP9|2.A.1.60.3;ID=3300029764.a:Ga0243769_100549_32	DB=gnl|TC-DB|F2WVP9|2.A.1.60.3;ID=3300029764.a:Ga0243769_100549_32
32	CAZyme	1	0	CGC1	3300029764.a:Ga0243769_100549	31425	32825	3300029764.a:Ga0243769_100549_33	-	DB=AA4;ID=3300029764.a:Ga0243769_100549_33	DB=AA4;ID=3300029764.a:Ga0243769_100549_33
33	null	null	null	CGC1	3300029764.a:Ga0243769_100549	32892	33320	3300029764.a:Ga0243769_100549_34	-	;ID=3300029764.a:Ga0243769_100549_34
34	TC	2	1	CGC1	3300029764.a:Ga0243769_100549	33333	34682	3300029764.a:Ga0243769_100549_35	-	DB=gnl|TC-DB|P39886|2.A.1.3.12;ID=3300029764.a:Ga0243769_100549_35	DB=gnl|TC-DB|P39886|2.A.1.3.12;ID=3300029764.a:Ga0243769_100549_35
35	null	null	null	CGC1	3300029764.a:Ga0243769_100549	34880	35650	3300029764.a:Ga0243769_100549_36	+	;ID=3300029764.a:Ga0243769_100549_36
36	null	null	null	CGC1	3300029764.a:Ga0243769_100549	36021	37013	3300029764.a:Ga0243769_100549_37	+	;ID=3300029764.a:Ga0243769_100549_37
37	STP	0	2	CGC1	3300029764.a:Ga0243769_100549	37034	37906	3300029764.a:Ga0243769_100549_38	+	DB=STP|SBP_bac_3;ID=3300029764.a:Ga0243769_100549_38	DB=STP|SBP_bac_3;ID=3300029764.a:Ga0243769_100549_38
38	TC	0	0	CGC1	3300029764.a:Ga0243769_100549	37926	38657	3300029764.a:Ga0243769_100549_39	+	DB=gnl|TC-DB|O34315|3.A.1.3.13;ID=3300029764.a:Ga0243769_100549_39	DB=gnl|TC-DB|O34315|3.A.1.3.13;ID=3300029764.a:Ga0243769_100549_39
39	TC	0	0	CGC1	3300029764.a:Ga0243769_100549	38658	39362	3300029764.a:Ga0243769_100549_40	+	DB=gnl|TC-DB|O34315|3.A.1.3.13;ID=3300029764.a:Ga0243769_100549_40	DB=gnl|TC-DB|O34315|3.A.1.3.13;ID=3300029764.a:Ga0243769_100549_40
40	TC	1	0	CGC1	3300029764.a:Ga0243769_100549	39376	40143	3300029764.a:Ga0243769_100549_41	+	DB=gnl|TC-DB|O34900|3.A.1.3.13;ID=3300029764.a:Ga0243769_100549_41	DB=gnl|TC-DB|O34900|3.A.1.3.13;ID=3300029764.a:Ga0243769_100549_41
41	null	null	null	CGC1	3300029764.a:Ga0243769_100549	40234	40965	3300029764.a:Ga0243769_100549_42	-	;ID=3300029764.a:Ga0243769_100549_42
42	TC	0	1	CGC1	3300029764.a:Ga0243769_100549	41023	41949	3300029764.a:Ga0243769_100549_43	-	DB=gnl|TC-DB|O34966|3.A.1.15.11;ID=3300029764.a:Ga0243769_100549_43	DB=gnl|TC-DB|O34966|3.A.1.15.11;ID=3300029764.a:Ga0243769_100549_43
43	TC	0	0	CGC1	3300029764.a:Ga0243769_100549	42082	42750	3300029764.a:Ga0243769_100549_44	+	DB=gnl|TC-DB|P0A2U6|3.A.1.15.3;ID=3300029764.a:Ga0243769_100549_44	DB=gnl|TC-DB|P0A2U6|3.A.1.15.3;ID=3300029764.a:Ga0243769_100549_44
44	TC	0	0	CGC1	3300029764.a:Ga0243769_100549	42750	43571	3300029764.a:Ga0243769_100549_45	+	DB=gnl|TC-DB|O34610|3.A.1.15.11;ID=3300029764.a:Ga0243769_100549_45	DB=gnl|TC-DB|O34610|3.A.1.15.11;ID=3300029764.a:Ga0243769_100549_45
45	TF	0	0	CGC1	3300029764.a:Ga0243769_100549	43564	44004	3300029764.a:Ga0243769_100549_46	+	DB=DBD-Pfam|FUR,DBD-SUPERFAMILY|0041150;ID=3300029764.a:Ga0243769_100549_46	DB=DBD-Pfam|FUR,DBD-SUPERFAMILY|0041150;ID=3300029764.a:Ga0243769_100549_46
46	TF	1	0	CGC1	3300029764.a:Ga0243769_100549	44167	44469	3300029764.a:Ga0243769_100549_47	+	DB=DBD-Pfam|HTH_5,DBD-SUPERFAMILY|0043669;ID=3300029764.a:Ga0243769_100549_47	DB=DBD-Pfam|HTH_5,DBD-SUPERFAMILY|0043669;ID=3300029764.a:Ga0243769_100549_47
47	null	null	null	CGC1	3300029764.a:Ga0243769_100549	44479	44973	3300029764.a:Ga0243769_100549_48	+	;ID=3300029764.a:Ga0243769_100549_48
48	STP	5	1	CGC1	3300029764.a:Ga0243769_100549	44998	45801	3300029764.a:Ga0243769_100549_49	+	DB=STP|PfkB;ID=3300029764.a:Ga0243769_100549_49	DB=STP|PfkB;ID=3300029764.a:Ga0243769_100549_49
+++++
