GH23_e534.hmm|GH23:442	125	3300013922.a:Ga0121075_100006_220	662	9.1e-61	1	125	512	638	0.992
CBM50_e109.hmm|CBM50:8	43	3300013922.a:Ga0121075_100010_114	271	1.1e-31	1	43	52	94	0.9767441860465116
GT4_e3078.hmm|GT4:28	149	3300013922.a:Ga0121075_100010_51	370	8e-54	4	149	191	336	0.9731543624161074
GT4_e3474.hmm|GT4:36	147	3300013922.a:Ga0121075_100010_55	361	8.3e-64	2	144	187	329	0.9659863945578231
GT2_e48.hmm|GT2:15	199	3300013922.a:Ga0121075_100010_59	299	1.2e-53	2	183	7	196	0.9095477386934674
GH103_e18.hmm|GH103:51	290	3300013922.a:Ga0121075_100014_70	448	5.1e-152	2	289	85	371	0.9896551724137931
GT51_e97.hmm|GT51:477	165	3300013922.a:Ga0121075_100019_70	259	4.2e-82	1	164	86	249	0.9878787878787879
GT51_e28.hmm|GT51:6681|2.4.1.129:11	172	3300013922.a:Ga0121075_100023_24	895	1.1e-76	1	171	201	370	0.9883720930232558
GT73_e9.hmm|GT73:7	239	3300013922.a:Ga0121075_100023_37	290	2e-129	1	237	43	283	0.9874476987447699
GT2_e1867.hmm|GT2:19	154	3300013922.a:Ga0121075_100030_22	240	4e-72	1	154	17	176	0.9935064935064936
GH24_e243.hmm|GH24:61	138	3300013922.a:Ga0121075_100030_54	206	1.3e-40	2	138	57	200	0.9855072463768116
GT14_e23.hmm|GT14:12	240	3300013922.a:Ga0121075_100037_43	274	9.2e-55	1	238	8	243	0.9875
GT2_e1808.hmm|GT2:37	164	3300013922.a:Ga0121075_100037_44	271	2.5e-70	1	164	7	170	0.9939024390243902
GH23_e13.hmm|GH23:86	119	3300013922.a:Ga0121075_100006_51	1043	2.7e-32	1	114	459	566	0.9495798319327731
GH108_e77.hmm|GH108:326	81	3300013922.a:Ga0121075_100006_61	165	1.6e-38	1	81	9	89	0.9876543209876543
GT30_e52.hmm|GT30:437|2.4.99.-:4	181	3300013922.a:Ga0121075_100009_158	458	3.2e-75	2	180	34	214	0.9834254143646409
GT4_e1257.hmm|GT4:42	143	3300013922.a:Ga0121075_100010_54	363	1.5e-58	3	142	190	329	0.972027972027972
AA6_e2.hmm|AA6:22	195	3300013922.a:Ga0121075_100014_120	202	3.4e-50	2	193	7	195	0.9794871794871794
GT19_e17.hmm|GT19:7713|2.4.1.182:13	358	3300013922.a:Ga0121075_100014_63	463	6.5e-130	1	354	62	438	0.9860335195530726
GT8_e148.hmm|GT8:7	200	3300013922.a:Ga0121075_100023_41	291	7.3e-16	8	195	20	200	0.935
GH103_e3.hmm|GH103:1578	294	3300013922.a:Ga0121075_100024_66	463	2.3e-130	1	293	34	323	0.9931972789115646
CE14_e48.hmm|CE14:43	106	3300013922.a:Ga0121075_100030_20	274	4.1e-17	2	106	57	174	0.9811320754716981
GH23_e239.hmm|GH23:484	111	3300013922.a:Ga0121075_100006_225	255	1.3e-49	1	111	116	223	0.990990990990991
CBM50_e391.hmm|CBM50:1681	49	3300013922.a:Ga0121075_100007_78	170	2.9e-29	1	49	121	169	0.9795918367346939
GH23_e254.hmm|GH23:389	142	3300013922.a:Ga0121075_100009_112	490	1.1e-56	1	140	340	479	0.9788732394366197
GT2_e1369.hmm|GT2:8	134	3300013922.a:Ga0121075_100010_56	323	7.6e-41	1	127	6	130	0.9402985074626866
GT2_e3122.hmm|GT2:24	168	3300013922.a:Ga0121075_100010_58	146	7e-40	1	119	5	128	0.7023809523809523
GH23_e41.hmm|GH23:436|CBM50:432	139	3300013922.a:Ga0121075_100014_12	1018	4e-74	1	139	147	285	0.9928057553956835
GH3_e19.hmm|GH3:6438|3.2.1.52:16	223	3300013922.a:Ga0121075_100014_138	347	1.1e-94	2	222	58	279	0.9865470852017937
GT51_e153.hmm|GT51:4623	175	3300013922.a:Ga0121075_100015_106	910	2.5e-76	1	174	71	244	0.9885714285714285
CBM50_e454.hmm|CBM50:8	44	3300013922.a:Ga0121075_100015_95	407	9.9e-29	1	44	211	254	0.9772727272727273
CBM50_e887.hmm|CBM50:23	47	3300013922.a:Ga0121075_100018_5	368	1.2e-32	1	47	46	92	0.9787234042553191
GT28_e48.hmm|GT28:443	160	3300013922.a:Ga0121075_100019_13	373	1.1e-71	1	160	195	359	0.99375
CE11_e22.hmm|CE11:9240|3.5.1.108:18	272	3300013922.a:Ga0121075_100019_19	292	2e-118	1	271	4	275	0.9926470588235294
GT25_e53.hmm|GT25:6	178	3300013922.a:Ga0121075_100023_39	234	5e-107	1	178	2	179	0.9943820224719101
GT4_e154.hmm|GT4:41	147	3300013922.a:Ga0121075_100023_64	507	4.5e-52	2	147	252	398	0.9863945578231292
GT2_e1642.hmm|GT2:20	114	3300013922.a:Ga0121075_100024_6	245	3.2e-51	1	113	6	118	0.9824561403508771
GT20_e1.hmm|GT20:8450|2.4.1.15:96	473	3300013922.a:Ga0121075_100030_18	472	2.8e-155	9	471	2	467	0.9767441860465116
GT52_e13.hmm|GT52:8	262	3300013922.a:Ga0121075_100037_42	334	4.6e-178	1	262	38	299	0.9961832061068703
