PUL0049	3
PUL0340	3
PUL0017	2
PUL01060	2
PUL04066	2
PUL04930	2
PUL05604	2
PUL0593	2
PUL0015	1
PUL0019	1
PUL0024	1
PUL0029	1
PUL00492	1
PUL00500	1
PUL00706	1
PUL0079	1
PUL0080	1
PUL0093	1
PUL0101	1
PUL01014	1
PUL0103	1
PUL0106	1
PUL01070	1
PUL01081	1
PUL0121	1
PUL01212	1
PUL01248	1
PUL0131	1
PUL01455	1
PUL0151	1
PUL01610	1
PUL0178	1
PUL0180	1
PUL01847	1
PUL01981	1
PUL0201	1
PUL02102	1
PUL0214	1
PUL02300	1
PUL02483	1
PUL0267	1
PUL0296	1
PUL0299	1
PUL03004	1
PUL0316	1
PUL03202	1
PUL0324	1
PUL0326	1
PUL03295	1
PUL0333	1
PUL0335	1
PUL03351	1
PUL03355	1
PUL03357	1
PUL03361	1
PUL0337	1
PUL03391	1
PUL03403	1
PUL03412	1
PUL0368	1
PUL03904	1
PUL0396	1
PUL04130	1
PUL04132	1
PUL04135	1
PUL0414	1
PUL04298	1
PUL0453	1
PUL0454	1
PUL04600	1
PUL04966	1
PUL05304	1
PUL0571	1
PUL0584	1
PUL0595	1
PUL0599	1
