Trans_reg_C	77	3300021318.a:Ga0214506_1000005_115	441	2.4e-24	1	77	360	436	0.987012987012987
GerE	57	3300021318.a:Ga0214506_1000005_125	502	2.2e-17	3	56	443	496	0.9298245614035088
TrmB	68	3300021318.a:Ga0214506_1000005_130	359	4.1e-05	18	65	89	139	0.6911764705882353
GerE	57	3300021318.a:Ga0214506_1000005_146	484	3.9e-17	3	56	426	479	0.9298245614035088
GerE	57	3300021318.a:Ga0214506_1000005_156	465	8.9e-19	3	55	407	459	0.9122807017543859
GerE	57	3300021318.a:Ga0214506_1000005_169	487	7.8e-16	3	56	431	484	0.9298245614035088
GerE	57	3300021318.a:Ga0214506_1000005_172	487	4.9e-16	3	55	422	474	0.9122807017543859
DUF24	91	3300021318.a:Ga0214506_1000005_215	114	5.4e-27	1	88	18	106	0.9560439560439561
HTH_1	60	3300021318.a:Ga0214506_1000005_217	286	3.4e-26	2	60	4	62	0.9666666666666667
GerE	57	3300021318.a:Ga0214506_1000005_219	321	8.2e-13	3	52	263	312	0.8596491228070176
GerE	57	3300021318.a:Ga0214506_1000005_237	210	1.2e-20	3	56	150	203	0.9298245614035088
HTH_3	55	3300021318.a:Ga0214506_1000005_239	273	4.5e-19	1	54	7	60	0.9636363636363636
MarR	59	3300021318.a:Ga0214506_1000005_24	155	2.9e-11	24	59	66	101	0.5932203389830508
GntR	64	3300021318.a:Ga0214506_1000005_245	125	1.4e-17	2	64	14	76	0.96875
MerR	38	3300021318.a:Ga0214506_1000005_254	146	2.3e-14	1	38	3	39	0.9736842105263158
GerE	57	3300021318.a:Ga0214506_1000005_263	457	5.2e-17	3	56	396	449	0.9298245614035088
DUF24	91	3300021318.a:Ga0214506_1000005_270	130	1.2e-26	1	86	19	105	0.9340659340659341
DUF24	91	3300021318.a:Ga0214506_1000005_274	116	5.3e-36	1	88	20	108	0.9560439560439561
GerE	57	3300021318.a:Ga0214506_1000005_282	504	2e-17	2	56	443	497	0.9473684210526315
GerE	57	3300021318.a:Ga0214506_1000005_289	494	2.2e-17	3	57	433	487	0.9473684210526315
Trans_reg_C	77	3300021318.a:Ga0214506_1000005_365	830	6.1e-05	9	61	606	659	0.6753246753246753
GerE	57	3300021318.a:Ga0214506_1000005_39	471	1.4e-18	3	56	411	464	0.9298245614035088
HTH_1	60	3300021318.a:Ga0214506_1000005_402	294	2.2e-19	1	59	3	61	0.9666666666666667
Trans_reg_C	77	3300021318.a:Ga0214506_1000005_442	225	1.4e-25	1	76	148	221	0.974025974025974
HTH_1	60	3300021318.a:Ga0214506_1000005_463	297	2.5e-23	1	60	3	62	0.9833333333333333
GerE	57	3300021318.a:Ga0214506_1000005_468	467	7.7e-13	3	57	404	459	0.9473684210526315
HTH_5	47	3300021318.a:Ga0214506_1000005_492	110	7.4e-19	1	45	34	78	0.9361702127659575
Rrf2	83	3300021318.a:Ga0214506_1000005_499	189	4.5e-22	1	82	1	81	0.9759036144578314
HTH_1	60	3300021318.a:Ga0214506_1000005_519	309	1.1e-20	1	59	3	61	0.9666666666666667
GerE	57	3300021318.a:Ga0214506_1000005_91	474	6.5e-18	3	55	416	468	0.9122807017543859
GerE	57	3300021318.a:Ga0214506_1000005_94	319	1.8e-15	3	45	261	303	0.7368421052631579
GerE	57	3300021318.a:Ga0214506_1000030_100	524	1.7e-15	4	56	465	517	0.9122807017543859
HTH_3	55	3300021318.a:Ga0214506_1000030_190	184	4.5e-05	1	55	12	66	0.9818181818181818
HTH_3	55	3300021318.a:Ga0214506_1000030_194	102	5.4e-19	2	55	10	63	0.9636363636363636
HTH_1	60	3300021318.a:Ga0214506_1000030_207	292	1.9e-18	2	59	4	61	0.95
HTH_3	55	3300021318.a:Ga0214506_1000030_217	576	2.1e-07	19	55	33	69	0.6545454545454545
GerE	57	3300021318.a:Ga0214506_1000030_247	520	1.7e-15	3	55	457	509	0.9122807017543859
HTH_3	55	3300021318.a:Ga0214506_1000030_50	193	2.6e-11	4	53	14	63	0.8909090909090909
GerE	57	3300021318.a:Ga0214506_1000030_71	479	1.7e-20	2	56	418	472	0.9473684210526315
GerE	57	3300021318.a:Ga0214506_1000030_77	555	3.5e-15	3	56	493	546	0.9298245614035088
GerE	57	3300021318.a:Ga0214506_1000030_91	514	3e-18	3	53	456	506	0.8771929824561403
GerE	57	3300021318.a:Ga0214506_1000034_124	493	2.5e-15	2	57	436	491	0.9649122807017544
GerE	57	3300021318.a:Ga0214506_1000034_128	494	4.5e-13	3	57	436	490	0.9473684210526315
GerE	57	3300021318.a:Ga0214506_1000034_136	535	1.4e-18	3	57	474	528	0.9473684210526315
CSD	66	3300021318.a:Ga0214506_1000034_149	81	1.7e-20	2	65	8	79	0.9545454545454546
Fe_dep_repress	60	3300021318.a:Ga0214506_1000034_154	135	2.7e-12	3	54	11	63	0.85
Fe_dep_repress	60	3300021318.a:Ga0214506_1000034_157	128	8.7e-17	2	59	5	62	0.95
HTH_AraC	42	3300021318.a:Ga0214506_1000034_158	326	1.5e-06	4	35	228	259	0.7380952380952381
HTH_AraC	42	3300021318.a:Ga0214506_1000034_158	326	6.1e-05	9	37	283	312	0.6666666666666666
HTH_1	60	3300021318.a:Ga0214506_1000034_164	114	4.9e-13	10	58	36	85	0.8
GerE	57	3300021318.a:Ga0214506_1000034_17	466	2e-16	3	54	405	456	0.8947368421052632
Trp_repressor	88	3300021318.a:Ga0214506_1000034_180	98	1.5e-24	3	85	9	90	0.9318181818181818
GerE	57	3300021318.a:Ga0214506_1000034_224	262	5.8e-25	2	57	196	251	0.9649122807017544
LytTR	98	3300021318.a:Ga0214506_1000034_231	248	4.9e-09	9	96	150	234	0.8877551020408163
PspC	53	3300021318.a:Ga0214506_1000034_236	144	6.4e-17	1	53	85	143	0.9811320754716981
PspC	53	3300021318.a:Ga0214506_1000034_237	260	1.4e-17	3	53	8	63	0.9433962264150944
LytTR	98	3300021318.a:Ga0214506_1000034_267	239	5.9e-28	4	97	142	236	0.9489795918367347
MerR	38	3300021318.a:Ga0214506_1000034_273	267	2.1e-12	2	38	3	38	0.9473684210526315
MarR	59	3300021318.a:Ga0214506_1000034_280	147	7.5e-19	1	59	36	94	0.9830508474576272
DUF24	91	3300021318.a:Ga0214506_1000034_286	113	6.3e-32	1	88	19	106	0.9560439560439561
MerR	38	3300021318.a:Ga0214506_1000034_299	128	2.1e-14	2	38	13	48	0.9473684210526315
Trans_reg_C	77	3300021318.a:Ga0214506_1000034_59	238	1e-27	1	77	153	229	0.987012987012987
Trans_reg_C	77	3300021318.a:Ga0214506_1000034_74	230	1e-28	3	77	153	227	0.961038961038961
Arg_repressor	70	3300021318.a:Ga0214506_1000034_8	143	5e-20	2	68	3	65	0.9428571428571428
GerE	57	3300021318.a:Ga0214506_1000034_93	472	2.9e-18	2	56	415	469	0.9473684210526315
TrmB	68	3300021318.a:Ga0214506_1000127_100	389	2.5e-05	23	64	330	371	0.6029411764705882
GerE	57	3300021318.a:Ga0214506_1000127_108	471	3.6e-18	2	56	412	466	0.9473684210526315
GerE	57	3300021318.a:Ga0214506_1000127_119	474	2.6e-12	3	55	415	467	0.9122807017543859
TrmB	68	3300021318.a:Ga0214506_1000127_22	487	3.5e-05	6	61	416	474	0.8088235294117647
TrmB	68	3300021318.a:Ga0214506_1000127_30	272	9.4e-07	6	60	202	256	0.7941176470588235
MarR	59	3300021318.a:Ga0214506_1000127_5	315	1.8e-10	4	59	189	245	0.9322033898305084
GerE	57	3300021318.a:Ga0214506_1000127_6	460	6.8e-18	2	56	401	455	0.9473684210526315
HTH_1	60	3300021318.a:Ga0214506_1000127_75	302	3.9e-18	1	60	3	62	0.9833333333333333
GerE	57	3300021318.a:Ga0214506_1000127_78	510	6.5e-17	3	56	446	499	0.9298245614035088
GerE	57	3300021318.a:Ga0214506_1000127_92	522	1.2e-17	2	54	455	507	0.9122807017543859
GerE	57	3300021318.a:Ga0214506_1000127_94	497	9.5e-19	3	56	433	486	0.9298245614035088
GerE	57	3300021318.a:Ga0214506_1000127_96	493	1.3e-14	3	55	435	487	0.9122807017543859
HTH_3	55	3300021318.a:Ga0214506_1000127_98	145	7.6e-22	1	55	7	61	0.9818181818181818
SpoVT_AbrB	46	3300021318.a:Ga0214506_1000127_98	145	8e-10	1	30	84	113	0.6304347826086957
HTH_3	55	3300021318.a:Ga0214506_1000149_141	137	1.5e-13	5	51	41	87	0.8363636363636363
HTH_11	55	3300021318.a:Ga0214506_1000149_26	336	2.9e-15	4	55	16	70	0.9272727272727272
MerR	38	3300021318.a:Ga0214506_1000149_28	133	5.5e-12	1	38	13	50	0.9736842105263158
LexA_DNA_bind	65	3300021318.a:Ga0214506_1000149_32	213	6.4e-26	2	64	3	65	0.9538461538461539
HTH_DeoR	57	3300021318.a:Ga0214506_1000149_67	337	7.6e-05	23	51	34	62	0.49122807017543857
GerE	57	3300021318.a:Ga0214506_1000149_7	470	3.5e-18	3	56	408	461	0.9298245614035088
HTH_1	60	3300021318.a:Ga0214506_1000149_86	308	3.2e-16	1	59	3	61	0.9666666666666667
HTH_3	55	3300021318.a:Ga0214506_1000149_99	195	2.1e-07	1	55	12	66	0.9818181818181818
MerR	38	3300021318.a:Ga0214506_1000204_108	248	2e-16	3	38	7	42	0.9210526315789473
Rrf2	83	3300021318.a:Ga0214506_1000204_115	135	4.1e-27	1	82	1	79	0.9759036144578314
HTH_1	60	3300021318.a:Ga0214506_1000204_44	297	8.5e-19	4	60	6	62	0.9333333333333333
GntR	64	3300021318.a:Ga0214506_1000204_56	494	3.8e-18	1	64	21	84	0.984375
MerR	38	3300021318.a:Ga0214506_1000204_63	261	4e-08	1	38	4	41	0.9736842105263158
GntR	64	3300021318.a:Ga0214506_1000204_71	474	3.9e-17	2	64	13	75	0.96875
HTH_1	60	3300021318.a:Ga0214506_1000204_78	323	4.9e-12	5	58	22	76	0.8833333333333333
GerE	57	3300021318.a:Ga0214506_1000204_89	520	1.8e-20	3	56	452	505	0.9298245614035088
Trans_reg_C	77	3300021318.a:Ga0214506_1000230_17	229	2.1e-24	2	76	152	226	0.961038961038961
HTH_3	55	3300021318.a:Ga0214506_1000230_37	85	1.1e-09	1	52	26	77	0.9272727272727272
GerE	57	3300021318.a:Ga0214506_1000230_39	554	4e-16	2	56	486	540	0.9473684210526315
GerE	57	3300021318.a:Ga0214506_1000230_71	529	2.1e-16	3	56	468	521	0.9298245614035088
GerE	57	3300021318.a:Ga0214506_1000230_79	487	2.4e-13	3	53	423	473	0.8771929824561403
GerE	57	3300021318.a:Ga0214506_1000230_87	330	1.4e-15	3	54	272	323	0.8947368421052632
GerE	57	3300021318.a:Ga0214506_1000230_92	485	1.3e-16	2	56	425	479	0.9473684210526315
HTH_5	47	3300021318.a:Ga0214506_1000230_98	126	8.3e-15	2	46	22	66	0.9361702127659575
HTH_1	60	3300021318.a:Ga0214506_1000418_29	298	7.5e-19	3	60	5	61	0.95
Trans_reg_C	77	3300021318.a:Ga0214506_1000418_42	229	9.2e-24	2	77	146	220	0.974025974025974
GerE	57	3300021318.a:Ga0214506_1000437_20	509	1.5e-15	4	54	453	503	0.8771929824561403
GerE	57	3300021318.a:Ga0214506_1000437_27	471	5.6e-18	2	55	407	460	0.9298245614035088
GerE	57	3300021318.a:Ga0214506_1000437_47	524	1.2e-15	3	56	464	517	0.9298245614035088
GerE	57	3300021318.a:Ga0214506_1000437_50	490	3.1e-15	3	56	430	483	0.9298245614035088
GerE	57	3300021318.a:Ga0214506_1000437_9	511	4.7e-15	2	55	446	499	0.9298245614035088
HTH_1	60	3300021318.a:Ga0214506_1000548_36	294	3.9e-20	4	60	5	61	0.9333333333333333
HTH_3	55	3300021318.a:Ga0214506_1000548_51	322	2.2e-19	4	55	10	61	0.9272727272727272
