LacI	46	3300026875.a:Ga0208436_1002_133	333	7.7e-20	1	46	9	54	0.9782608695652174
Fe_dep_repress	60	3300026875.a:Ga0208436_1002_250	217	1.1e-12	4	60	3	61	0.9333333333333333
HTH_DeoR	57	3300026875.a:Ga0208436_1002_281	342	7.4e-05	24	48	35	59	0.42105263157894735
HTH_3	55	3300026875.a:Ga0208436_1002_319	129	2.4e-11	1	51	17	67	0.9090909090909091
MerR	38	3300026875.a:Ga0208436_1002_340	146	8e-15	1	38	4	41	0.9736842105263158
HTH_5	47	3300026875.a:Ga0208436_1002_363	311	6.7e-09	1	46	24	69	0.9574468085106383
HTH_3	55	3300026875.a:Ga0208436_1002_368	72	4.3e-15	2	52	10	60	0.9090909090909091
HTH_3	55	3300026875.a:Ga0208436_1002_379	113	3.1e-15	2	54	10	62	0.9454545454545454
HTH_3	55	3300026875.a:Ga0208436_1002_40	252	1.2e-19	3	55	9	61	0.9454545454545454
CSD	66	3300026875.a:Ga0208436_1002_404	67	7.6e-27	1	65	1	64	0.9696969696969697
HTH_1	60	3300026875.a:Ga0208436_1002_472	294	6.9e-20	3	60	5	62	0.95
HTH_AraC	42	3300026875.a:Ga0208436_1002_504	271	2.2e-07	1	42	174	215	0.9761904761904762
HTH_AraC	42	3300026875.a:Ga0208436_1002_504	271	4.5e-10	6	37	228	260	0.7380952380952381
HTH_AraC	42	3300026875.a:Ga0208436_1002_514	271	8.4e-11	1	42	175	216	0.9761904761904762
HTH_AraC	42	3300026875.a:Ga0208436_1002_514	271	6.2e-09	9	42	232	266	0.7857142857142857
LacI	46	3300026875.a:Ga0208436_1002_545	268	2.1e-20	1	46	5	52	0.9782608695652174
LacI	46	3300026875.a:Ga0208436_1002_561	342	1.6e-16	1	46	3	48	0.9782608695652174
S1FA	66	3300026875.a:Ga0208436_1002_576	131	7.3e-05	7	57	59	103	0.7575757575757576
HTH_psq	45	3300026875.a:Ga0208436_1002_630	170	2e-05	11	27	137	153	0.35555555555555557
Trans_reg_C	77	3300026875.a:Ga0208436_1002_655	224	8.8e-26	2	77	148	221	0.974025974025974
LacI	46	3300026875.a:Ga0208436_1002_682	324	8.7e-17	1	44	3	46	0.9347826086956522
LacI	46	3300026875.a:Ga0208436_1002_695	323	2.5e-13	1	46	6	51	0.9782608695652174
Fe_dep_repress	60	3300026875.a:Ga0208436_1002_702	128	7.8e-14	5	57	6	58	0.8666666666666667
HTH_5	47	3300026875.a:Ga0208436_1002_712	311	6.7e-09	1	46	24	69	0.9574468085106383
HTH_AraC	42	3300026875.a:Ga0208436_1006_160	295	2.7e-10	7	41	240	275	0.8095238095238095
HTH_AraC	42	3300026875.a:Ga0208436_1006_185	529	1.3e-12	9	42	492	526	0.7857142857142857
HTH_3	55	3300026875.a:Ga0208436_1006_189	264	1.1e-17	1	54	11	64	0.9636363636363636
GntR	64	3300026875.a:Ga0208436_1006_19	244	1.7e-20	6	64	13	71	0.90625
HTH_3	55	3300026875.a:Ga0208436_1006_207	196	1e-17	3	55	14	66	0.9454545454545454
HTH_AraC	42	3300026875.a:Ga0208436_1006_230	401	4.4e-10	1	42	306	347	0.9761904761904762
HTH_AraC	42	3300026875.a:Ga0208436_1006_230	401	1.2e-05	6	40	360	395	0.8095238095238095
HTH_AraC	42	3300026875.a:Ga0208436_1006_28	286	6.9e-11	1	42	193	235	0.9761904761904762
HTH_AraC	42	3300026875.a:Ga0208436_1006_28	286	1.9e-10	2	40	247	283	0.9047619047619048
HTH_5	47	3300026875.a:Ga0208436_1006_336	100	8e-17	2	46	25	69	0.9361702127659575
HTH_AraC	42	3300026875.a:Ga0208436_1006_34	270	3.6e-07	7	38	179	210	0.7380952380952381
HTH_AraC	42	3300026875.a:Ga0208436_1006_34	270	1.4e-10	6	41	227	263	0.8333333333333334
HTH_3	55	3300026875.a:Ga0208436_1006_372	74	2e-19	3	55	14	66	0.9454545454545454
HTH_3	55	3300026875.a:Ga0208436_1006_416	241	1.1e-20	3	55	11	63	0.9454545454545454
LacI	46	3300026875.a:Ga0208436_1006_42	323	3.6e-09	2	46	8	52	0.9565217391304348
LacI	46	3300026875.a:Ga0208436_1006_420	324	1.2e-13	1	46	5	50	0.9782608695652174
LytTR	98	3300026875.a:Ga0208436_1006_450	240	1.3e-14	3	97	142	232	0.9591836734693877
MarR	59	3300026875.a:Ga0208436_1006_5	142	1.3e-10	18	58	50	90	0.6779661016949152
HTH_3	55	3300026875.a:Ga0208436_1006_62	298	2e-18	1	55	7	61	0.9818181818181818
HTH_3	55	3300026875.a:Ga0208436_1016_102	162	1.8e-13	4	55	14	65	0.9272727272727272
HTH_3	55	3300026875.a:Ga0208436_1016_107	166	4.1e-19	1	55	11	65	0.9818181818181818
Fe_dep_repress	60	3300026875.a:Ga0208436_1016_118	122	4e-09	4	59	7	62	0.9166666666666666
HTH_5	47	3300026875.a:Ga0208436_1016_62	103	1.5e-13	1	46	15	61	0.9574468085106383
