PUL0009	1.06e-123
PUL0017	6.08e-159
PUL0017	8.27e-191
PUL0038	7.75e-259
PUL0106	2.64e-18
PUL0106	3.74e-125
PUL0121	3.20e-100
PUL0155	4.81e-29
PUL0176	8.86e-53
PUL0205	2.18e-90
PUL0217	1.17e-45
PUL0267	2.03e-75
PUL0267	3.84e-216
PUL00290	5.24e-36
PUL0291	2.92e-24
PUL0316	3.08e-64
PUL0333	9.52e-78
PUL0335	6.43e-172
PUL0339	4.40e-16
PUL0339	4.83e-17
PUL0340	5.42e-140
PUL0399	2.20e-23
PUL0404	4.46e-42
PUL00500	4.84e-98
PUL0573	5.25e-37
PUL0583	6.03e-09
PUL0584	3.42e-139
PUL0598	2.21e-112
PUL00615	2.26e-95
PUL00706	2.75e-168
PUL01016	1.69e-60
PUL01060	3.27e-178
PUL01082	1.37e-74
PUL01846	1.98e-30
PUL03004	1.70e-100
PUL03351	5.61e-71
PUL03361	2.27e-92
PUL03390	6.17e-163
PUL03412	3.83e-142
PUL03680	1.00e-62
PUL03904	1.19e-35
PUL04135	1.30e-119
PUL04298	6.93e-113
PUL04599	2.95e-10
PUL04608	2.96e-60
PUL04608	7.54e-93
PUL05303	5.74e-40
