3300014016.a:Ga0120862_100067_1	gnl|TC-DB|Q9I402|3.A.1.3.22	71.9	270	76	0	49	318	29	298	1.6e-114	409.1
3300014016.a:Ga0120862_100067_2	gnl|TC-DB|Q88NY3|3.A.1.3.19	52.6	247	117	0	3	249	1	247	8.1e-76	280.0
3300014016.a:Ga0120862_100067_3	gnl|TC-DB|Q9I404|3.A.1.3.22	59.4	219	88	1	1	219	2	219	3.1e-63	238.0
3300014016.a:Ga0120862_100067_4	gnl|TC-DB|Q9I405|3.A.1.3.22	73.8	244	62	1	31	272	1	244	9.9e-104	372.9
3300014016.a:Ga0120862_100067_7	gnl|TC-DB|Q9AGM7|3.A.15.3.1	54.9	494	215	3	5	498	8	493	2.1e-147	518.8
3300014016.a:Ga0120862_100067_22	gnl|TC-DB|Q3MK85|1.B.1.9.1	32.1	417	177	15	1	370	1	358	6.0e-35	144.8
3300014016.a:Ga0120862_100067_23	gnl|TC-DB|Q3MK85|1.B.1.9.1	46.7	368	138	6	1	320	1	358	7.1e-77	283.9
3300014016.a:Ga0120862_100067_30	gnl|TC-DB|Q7A3E6|3.A.3.5.19	38.1	772	428	12	5	763	61	795	1.2e-127	453.8
3300014016.a:Ga0120862_100038_10	gnl|TC-DB|P0AG82|3.A.1.7.1	53.6	330	143	6	9	334	15	338	5.3e-91	330.9
3300014016.a:Ga0120862_100038_11	gnl|TC-DB|Q9HUJ1|2.A.6.2.27	25.1	442	318	4	30	460	12	451	1.4e-25	114.0
3300014016.a:Ga0120862_100038_33	gnl|TC-DB|P25714|2.A.9.3.1	46.9	480	244	9	82	551	59	537	1.8e-115	412.9
3300014016.a:Ga0120862_100038_41	gnl|TC-DB|P76264|2.A.107.1.1	34.7	193	111	2	3	195	5	182	1.3e-20	96.3
3300014016.a:Ga0120862_100038_48	gnl|TC-DB|Q83XH1|3.A.1.121.4	28.6	555	375	8	1	543	1	546	1.3e-64	244.2
3300014016.a:Ga0120862_100038_55	gnl|TC-DB|Q8VRK4|3.A.11.1.3	37.8	217	116	4	98	310	70	271	2.9e-30	129.4
3300014016.a:Ga0120862_100038_57	gnl|TC-DB|P38523|3.A.8.1.1	30.3	185	110	4	17	191	47	222	5.2e-14	74.3
3300014016.a:Ga0120862_100038_58	gnl|TC-DB|P0A6Y8|1.A.33.1.2	70.0	643	180	4	1	637	1	636	4.4e-251	863.6
3300014016.a:Ga0120862_100037_1	gnl|TC-DB|P0AGD7|3.A.5.1.1	63.2	448	162	2	1	448	1	445	1.8e-156	548.9
3300014016.a:Ga0120862_100037_2	gnl|TC-DB|P0AG78|3.A.1.6.1	48.3	315	159	1	49	359	13	327	4.7e-85	311.2
3300014016.a:Ga0120862_100037_5	gnl|TC-DB|Q42524|4.C.1.1.7	28.1	548	353	16	10	537	28	554	3.9e-44	176.0
3300014016.a:Ga0120862_100037_9	gnl|TC-DB|Q8XE58|3.A.1.107.3	37.4	203	112	3	17	213	3	196	1.3e-29	126.3
3300014016.a:Ga0120862_100037_10	gnl|TC-DB|K6BIH6|3.A.1.107.4	37.5	216	135	0	4	219	5	220	3.3e-28	121.7
3300014016.a:Ga0120862_100037_11	gnl|TC-DB|Q9I3N5|9.B.14.2.4	54.9	244	110	0	18	261	4	247	4.6e-74	274.2
3300014016.a:Ga0120862_100037_16	gnl|TC-DB|P40290|3.A.6.1.1	27.4	266	172	8	160	415	151	405	1.6e-12	70.5
3300014016.a:Ga0120862_100037_28	gnl|TC-DB|Q9WYC4|3.A.1.135.5	26.8	609	417	6	11	611	2	589	2.2e-61	233.4
3300014016.a:Ga0120862_100037_29	gnl|TC-DB|P25743|2.A.95.1.7	35.0	206	130	1	7	212	13	214	4.6e-24	107.8
3300014016.a:Ga0120862_100037_44	gnl|TC-DB|B2U729|9.B.8.7.1	29.3	399	264	6	11	409	20	400	2.9e-30	129.4
3300014016.a:Ga0120862_100071_6	gnl|TC-DB|Q92WM0|2.A.15.1.5	46.6	489	260	1	14	501	52	540	1.7e-131	466.1
3300014016.a:Ga0120862_100071_9	gnl|TC-DB|Q9KDT3|2.A.22.5.3	38.7	462	265	5	1	460	1	446	1.4e-78	290.0
3300014016.a:Ga0120862_100071_21	gnl|TC-DB|P46889|3.A.12.1.2	56.2	493	208	4	547	1038	838	1323	2.7e-149	526.2
3300014016.a:Ga0120862_100002_2	gnl|TC-DB|P0A9X1|3.A.1.15.5	30.7	218	124	2	34	249	4	196	4.9e-23	104.8
3300014016.a:Ga0120862_100002_3	gnl|TC-DB|G0LRW8|3.A.1.15.15	25.8	248	182	2	23	269	14	260	1.5e-17	86.7
3300014016.a:Ga0120862_100002_7	gnl|TC-DB|P27303|8.A.1.1.1	43.8	372	178	6	61	431	47	388	4.2e-72	268.5
3300014016.a:Ga0120862_100002_8	gnl|TC-DB|Q9RQ29|2.A.1.3.20	56.8	498	214	1	28	524	4	501	4.3e-164	574.3
3300014016.a:Ga0120862_100002_9	gnl|TC-DB|P63183|2.A.72.1.1	41.4	678	334	6	7	682	6	622	1.0e-141	500.4
3300014016.a:Ga0120862_100002_12	gnl|TC-DB|P0AG78|3.A.1.6.1	47.6	307	160	1	63	369	22	327	1.2e-83	306.6
3300014016.a:Ga0120862_100002_13	gnl|TC-DB|P16701|3.A.1.6.1	48.1	270	140	0	31	300	7	276	3.3e-63	238.4
3300014016.a:Ga0120862_100002_14	gnl|TC-DB|P0AEB0|3.A.1.6.1	55.8	240	106	0	16	255	13	252	1.2e-70	263.1
3300014016.a:Ga0120862_100002_15	gnl|TC-DB|P16676|3.A.1.6.1	60.8	237	93	0	1	237	1	237	5.0e-78	287.3
3300014016.a:Ga0120862_100002_25	gnl|TC-DB|913616792|9.B.143.3.2	32.1	221	115	7	16	205	21	237	1.0e-13	73.6
3300014016.a:Ga0120862_100002_29	gnl|TC-DB|Q6MDD6|3.A.7.16.1	27.1	608	340	20	57	654	200	714	4.2e-31	132.9
3300014016.a:Ga0120862_100002_33	gnl|TC-DB|Q42524|4.C.1.1.7	23.6	517	362	12	48	552	66	561	9.9e-34	141.4
3300014016.a:Ga0120862_100002_65	gnl|TC-DB|Q8ID54|3.A.25.2.1	29.1	247	157	9	20	255	93	332	4.7e-18	88.2
3300014016.a:Ga0120862_100002_67	gnl|TC-DB|G3XCT7|2.A.1.25.5	35.0	572	286	8	23	511	2	570	1.7e-78	290.0
3300014016.a:Ga0120862_100002_73	gnl|TC-DB|P60752|3.A.1.106.1	36.3	571	361	3	13	580	10	580	2.1e-103	372.9
3300014016.a:Ga0120862_100002_75	gnl|TC-DB|Q8F192|1.A.30.2.9	30.3	198	136	2	3	199	67	263	2.9e-15	78.6
3300014016.a:Ga0120862_100002_81	gnl|TC-DB|D2RXA5|8.A.7.1.3	28.2	432	243	11	378	787	157	543	4.4e-35	146.4
3300014016.a:Ga0120862_100002_91	gnl|TC-DB|B5U2Z3|2.A.75.1.4	49.7	199	99	1	1	198	1	199	6.8e-49	190.3
3300014016.a:Ga0120862_100002_95	gnl|TC-DB|P0C188|3.D.2.2.1	52.9	456	205	3	16	462	10	464	1.6e-125	446.0
3300014016.a:Ga0120862_100002_96	gnl|TC-DB|P0C187|3.D.2.2.1	55.1	107	45	1	2	108	36	139	4.1e-25	110.5
3300014016.a:Ga0120862_100002_97	gnl|TC-DB|Q72GR8|3.D.2.2.2	40.8	370	207	6	3	369	4	364	3.7e-69	258.5
3300014016.a:Ga0120862_100002_100	gnl|TC-DB|Q9KN48|3.A.23.1.1	45.2	270	141	4	129	392	183	451	3.8e-57	219.2
3300014016.a:Ga0120862_100002_103	gnl|TC-DB|P27844|2.A.7.7.2	42.9	289	163	2	54	340	6	294	1.1e-56	216.9
3300014016.a:Ga0120862_100002_123	gnl|TC-DB|P44669|9.A.41.1.1	45.9	660	307	11	1	652	1	618	2.2e-149	525.8
3300014016.a:Ga0120862_100002_134	gnl|TC-DB|P0AG90|2.A.6.4.1	46.3	630	317	10	3	630	5	615	2.3e-135	479.2
3300014016.a:Ga0120862_100002_135	gnl|TC-DB|P0AG93|2.A.6.4.1	40.4	307	177	2	85	386	2	307	9.4e-53	204.1
3300014016.a:Ga0120862_100002_143	gnl|TC-DB|P0A855|2.C.1.2.1	33.3	216	127	8	39	243	33	242	7.1e-19	91.7
3300014016.a:Ga0120862_100002_145	gnl|TC-DB|P0ABV2|1.A.30.2.1	37.2	129	68	3	18	146	18	133	5.8e-16	80.5
3300014016.a:Ga0120862_100002_146	gnl|TC-DB|P0ABU9|1.A.30.2.2	46.1	217	115	2	5	219	4	220	6.0e-44	174.1
3300014016.a:Ga0120862_100002_175	gnl|TC-DB|P31554|1.B.42.1.2	28.8	806	484	28	183	938	15	780	2.6e-74	276.9
3300014016.a:Ga0120862_100002_190	gnl|TC-DB|P43672|3.A.1.120.6	49.4	557	263	7	1	555	1	540	4.4e-142	501.5
3300014016.a:Ga0120862_100002_201	gnl|TC-DB|Q54121|3.A.1.123.1	31.9	188	120	2	2	183	333	518	5.0e-19	91.3
3300014016.a:Ga0120862_100002_202	gnl|TC-DB|P77307|3.A.1.139.2	33.7	252	155	2	16	264	11	253	5.8e-27	117.9
3300014016.a:Ga0120862_100002_203	gnl|TC-DB|P76249|2.A.76.1.5	29.9	211	126	5	5	203	9	209	2.3e-15	79.0
3300014016.a:Ga0120862_100002_208	gnl|TC-DB|O50455|1.A.35.3.5	34.9	373	218	9	81	440	6	366	3.1e-54	209.1
3300014016.a:Ga0120862_100002_228	gnl|TC-DB|P0A943|1.B.33.1.3	33.9	803	492	13	35	811	21	810	3.5e-128	455.7
3300014016.a:Ga0120862_100002_235	gnl|TC-DB|P23895|2.A.7.1.3	50.9	110	54	0	5	114	1	110	6.2e-23	103.2
3300014016.a:Ga0120862_100002_259	gnl|TC-DB|P69451|4.C.1.1.4	26.3	598	352	22	74	636	13	556	1.8e-26	117.5
3300014016.a:Ga0120862_100002_275	gnl|TC-DB|Q9I3G8|3.A.3.27.5	37.8	864	461	10	52	911	7	798	1.1e-146	517.3
3300014016.a:Ga0120862_100002_304	gnl|TC-DB|O00571|1.I.1.1.3	36.4	390	233	7	3	381	180	565	1.3e-59	226.9
3300014016.a:Ga0120862_100002_314	gnl|TC-DB|P0AA47|2.A.3.1.14	52.2	462	207	5	1	460	1	450	2.4e-126	448.7
3300014016.a:Ga0120862_100002_328	gnl|TC-DB|P10121|3.A.5.1.1	62.8	312	114	2	92	403	188	497	4.9e-107	384.4
3300014016.a:Ga0120862_100002_332	gnl|TC-DB|P0ABG7|2.A.103.1.2	53.1	360	168	1	19	378	4	362	1.8e-103	372.5
3300014016.a:Ga0120862_100002_340	gnl|TC-DB|C0L0K3|1.B.63.1.1	31.8	211	127	6	69	267	39	244	1.4e-25	113.2
3300014016.a:Ga0120862_100002_346	gnl|TC-DB|P33231|2.A.14.1.1	71.3	567	145	3	2	566	1	551	1.5e-223	771.9
3300014016.a:Ga0120862_100002_358	gnl|TC-DB|Q9FI56|3.A.9.1.2	44.8	877	398	12	3	858	95	906	4.7e-208	721.1
3300014016.a:Ga0120862_100002_381	gnl|TC-DB|Q9I5F5|2.A.21.2.3	67.3	495	156	3	2	494	5	495	2.7e-184	641.3
3300014016.a:Ga0120862_100002_401	gnl|TC-DB|O28528|1.A.11.2.7	41.2	417	212	7	52	440	40	451	4.8e-79	291.6
3300014016.a:Ga0120862_100002_403	gnl|TC-DB|P0ABK2|3.D.4.3.2	55.7	379	167	1	2	379	1	379	1.9e-121	432.2
3300014016.a:Ga0120862_100002_404	gnl|TC-DB|P0ABJ9|3.D.4.3.2	60.8	515	198	2	6	520	4	514	9.9e-188	652.9
3300014016.a:Ga0120862_100002_405	gnl|TC-DB|P29018|3.A.1.129.1	33.7	549	356	6	2	547	4	547	2.5e-77	286.2
3300014016.a:Ga0120862_100002_406	gnl|TC-DB|P23886|3.A.1.129.1	33.3	555	303	17	53	576	15	533	4.0e-49	192.6
3300014016.a:Ga0120862_100002_410	gnl|TC-DB|P73949|2.A.38.4.5	33.8	450	277	7	138	581	9	443	3.2e-59	226.1
3300014016.a:Ga0120862_100002_411	gnl|TC-DB|G8V089|2.A.38.4.6	26.0	227	155	2	2	228	4	217	2.5e-26	115.5
3300014016.a:Ga0120862_100002_413	gnl|TC-DB|Q8WYK0|4.C.3.1.2	32.8	137	89	1	25	158	188	324	6.2e-11	63.9
3300014016.a:Ga0120862_100002_416	gnl|TC-DB|Q01857|2.A.23.1.3	70.4	409	117	1	1	409	26	430	3.7e-150	527.7
3300014016.a:Ga0120862_100002_423	gnl|TC-DB|P77223|3.D.6.1.4	46.6	116	56	2	23	138	30	139	1.4e-25	113.2
3300014016.a:Ga0120862_100002_430	gnl|TC-DB|A0L4L0|3.A.1.132.3	45.7	232	110	3	146	371	89	310	1.1e-53	207.2
3300014016.a:Ga0120862_100002_433	gnl|TC-DB|Q99ZY6|3.A.1.34.1	31.2	298	203	2	38	335	27	322	3.8e-39	158.7
3300014016.a:Ga0120862_100011_11	gnl|TC-DB|Q6MLK6|1.A.46.2.5	42.5	294	166	2	1	292	8	300	4.7e-62	234.6
3300014016.a:Ga0120862_100011_34	gnl|TC-DB|F9VN10|3.D.10.1.4	33.6	527	295	14	51	550	30	528	5.0e-65	245.4
3300014016.a:Ga0120862_100011_47	gnl|TC-DB|P55072|3.A.16.1.1	42.6	230	131	1	160	388	473	702	4.9e-53	205.7
3300014016.a:Ga0120862_100011_70	gnl|TC-DB|P0AF16|2.A.66.4.3	42.4	519	281	4	4	520	3	505	5.4e-106	381.3
3300014016.a:Ga0120862_100011_78	gnl|TC-DB|C9RH03|2.A.109.3.1	48.6	356	161	4	1	355	7	341	1.0e-84	310.1
3300014016.a:Ga0120862_100011_79	gnl|TC-DB|P75826|2.A.124.1.1	37.6	303	178	5	5	301	2	299	3.0e-48	188.7
3300014016.a:Ga0120862_100011_83	gnl|TC-DB|G3XD29|2.A.36.6.8	33.1	435	266	9	7	430	2	422	2.1e-46	183.3
3300014016.a:Ga0120862_100011_84	gnl|TC-DB|Q9HV74|2.A.21.9.1	26.5	249	165	8	159	401	738	974	4.0e-11	66.2
3300014016.a:Ga0120862_100011_93	gnl|TC-DB|P23865|9.B.174.1.2	32.2	732	402	17	18	727	15	674	2.3e-86	316.6
3300014016.a:Ga0120862_100011_97	gnl|TC-DB|Q9HV74|2.A.21.9.1	25.4	303	167	8	494	784	720	975	3.0e-15	80.5
3300014016.a:Ga0120862_100011_107	gnl|TC-DB|K1GHE1|9.B.186.1.2	41.5	147	79	2	72	213	68	212	8.4e-21	97.1
3300014016.a:Ga0120862_100011_117	gnl|TC-DB|M3JA40|1.B.52.2.1	33.7	184	122	0	278	461	277	460	1.9e-17	87.0
3300014016.a:Ga0120862_100011_122	gnl|TC-DB|E8PBU7|2.A.6.3.3	58.5	1021	407	2	22	1042	1	1004	0.0e+00	1098.2
3300014016.a:Ga0120862_100011_125	gnl|TC-DB|O32169|3.A.1.24.2	53.1	226	105	1	1	226	1	225	2.2e-62	235.3
3300014016.a:Ga0120862_100011_126	gnl|TC-DB|Q9HT69|3.A.1.24.5	42.4	210	121	0	20	229	16	225	7.7e-33	137.1
3300014016.a:Ga0120862_100011_127	gnl|TC-DB|P28635|3.A.1.24.1	41.7	240	133	5	65	300	29	265	1.8e-43	172.9
3300014016.a:Ga0120862_100011_138	gnl|TC-DB|P69423|2.A.64.1.1	50.0	230	115	0	34	263	8	237	2.4e-57	218.8
3300014016.a:Ga0120862_100011_178	gnl|TC-DB|P0AA53|8.A.21.2.2	39.7	179	108	0	11	189	8	186	5.5e-36	147.9
3300014016.a:Ga0120862_100011_184	gnl|TC-DB|P07821|3.A.1.14.3	44.3	244	133	1	14	257	24	264	4.7e-55	211.1
3300014016.a:Ga0120862_100011_186	gnl|TC-DB|P06972|3.A.1.14.3	35.1	675	398	13	28	687	7	656	8.7e-88	321.2
3300014016.a:Ga0120862_100011_187	gnl|TC-DB|Q05202|1.B.14.1.15	36.7	711	427	6	43	748	66	758	8.7e-134	474.2
3300014016.a:Ga0120862_100011_188	gnl|TC-DB|P33941|3.A.1.113.3	51.4	553	259	4	6	558	1	543	2.9e-150	528.5
3300014016.a:Ga0120862_100011_190	gnl|TC-DB|Q82VI7|1.B.14.1.10	31.3	355	219	11	21	360	480	824	3.0e-39	159.1
3300014016.a:Ga0120862_100016_9	gnl|TC-DB|Q4WGH5|9.B.20.1.3	35.8	134	73	4	44	167	18	148	4.5e-12	67.8
3300014016.a:Ga0120862_100016_11	gnl|TC-DB|Q9I3T2|2.A.1.51.4	32.2	400	229	9	19	411	19	383	2.9e-30	129.4
3300014016.a:Ga0120862_100016_13	gnl|TC-DB|P75892|2.A.40.1.3	64.0	422	152	0	20	441	6	427	5.8e-149	523.9
3300014016.a:Ga0120862_100016_21	gnl|TC-DB|P39590|2.A.122.1.5	34.1	223	147	0	4	226	3	225	3.8e-32	134.8
3300014016.a:Ga0120862_100016_25	gnl|TC-DB|Q5FAM9|2.A.66.1.21	44.5	445	240	3	7	451	8	445	3.6e-106	381.7
3300014016.a:Ga0120862_100016_34	gnl|TC-DB|P31466|2.A.40.7.6	49.9	429	215	0	3	431	14	442	1.5e-117	419.5
3300014016.a:Ga0120862_100016_44	gnl|TC-DB|B7LEG0|1.A.34.1.2	29.0	255	144	4	51	269	123	376	1.9e-22	102.8
3300014016.a:Ga0120862_100016_45	gnl|TC-DB|Q89SS6|2.A.1.42.2	33.7	409	260	4	7	414	5	403	3.1e-54	209.1
3300014016.a:Ga0120862_100016_46	gnl|TC-DB|P0ADE4|1.B.33.2.4	32.4	349	209	8	759	1106	250	572	1.1e-39	162.2
3300014016.a:Ga0120862_100016_47	gnl|TC-DB|Q4JI69|9.B.22.1.1	22.6	922	651	17	679	1588	422	1292	1.6e-73	275.0
3300014016.a:Ga0120862_100016_54	gnl|TC-DB|Q9I3N2|9.B.14.1.7	52.5	649	297	4	2	649	1	639	2.2e-176	615.5
3300014016.a:Ga0120862_100016_65	gnl|TC-DB|K9ZHC0|5.A.1.6.4	29.0	214	132	7	12	210	13	221	1.6e-12	70.1
3300014016.a:Ga0120862_100016_75	gnl|TC-DB|P42601|2.A.109.1.7	51.8	307	147	1	14	320	3	308	1.5e-85	312.8
3300014016.a:Ga0120862_100016_83	gnl|TC-DB|D8RWR9|1.C.39.4.5	33.1	172	95	2	53	223	462	614	9.3e-12	68.6
3300014016.a:Ga0120862_100016_93	gnl|TC-DB|Q45407|1.B.18.3.2	36.4	286	167	6	91	363	83	366	7.3e-49	191.0
3300014016.a:Ga0120862_100016_95	gnl|TC-DB|Q45409|8.A.3.3.3	31.9	725	470	10	7	718	15	728	7.4e-98	354.8
3300014016.a:Ga0120862_100016_96	gnl|TC-DB|Q6MMD5|9.B.18.2.1	45.2	597	302	11	24	613	20	598	4.1e-124	441.8
3300014016.a:Ga0120862_100016_106	gnl|TC-DB|H8E4X1|9.B.18.1.2	46.3	190	88	1	2	177	329	518	1.1e-38	156.4
3300014016.a:Ga0120862_100016_110	gnl|TC-DB|Q5MQC2|1.B.73.1.1	36.6	473	291	5	9	478	9	475	1.7e-82	303.1
3300014016.a:Ga0120862_100016_128	gnl|TC-DB|Q57634|1.A.23.4.2	33.2	184	118	2	141	321	126	307	1.0e-18	90.9
3300014016.a:Ga0120862_100016_135	gnl|TC-DB|P0A908|9.B.99.1.2	32.9	243	159	3	15	256	9	248	1.2e-34	143.3
3300014016.a:Ga0120862_100017_8	gnl|TC-DB|F8FLY5|2.A.86.1.11	24.4	328	234	7	31	357	36	350	1.1e-16	84.3
3300014016.a:Ga0120862_100017_18	gnl|TC-DB|P10408|3.A.5.1.1	56.9	936	367	2	1	936	1	900	2.5e-300	1027.7
3300014016.a:Ga0120862_100017_25	gnl|TC-DB|A6VFN3|2.A.102.4.3	33.0	267	173	5	1	262	5	270	2.9e-31	132.1
3300014016.a:Ga0120862_100017_29	gnl|TC-DB|L5DDD7|2.A.109.2.3	45.5	525	261	10	2	512	370	883	2.3e-109	392.5
3300014016.a:Ga0120862_100017_43	gnl|TC-DB|P0AD30|2.A.102.3.1	43.0	244	139	0	7	250	14	257	3.2e-48	188.3
3300014016.a:Ga0120862_100017_50	gnl|TC-DB|P0AGA2|3.A.5.1.1	55.9	417	175	3	19	431	18	429	2.5e-128	455.3
3300014016.a:Ga0120862_100017_84	gnl|TC-DB|L5DDD7|2.A.109.2.3	27.6	341	225	11	109	433	557	891	2.1e-26	116.7
3300014016.a:Ga0120862_100017_94	gnl|TC-DB|P16926|9.B.157.1.3	33.0	267	178	1	5	271	4	269	1.2e-35	146.7
3300014016.a:Ga0120862_100017_95	gnl|TC-DB|P0A9X4|9.B.157.1.3	66.3	332	109	3	5	334	7	337	3.1e-118	421.4
3300014016.a:Ga0120862_100017_97	gnl|TC-DB|Q9MUK5|3.A.9.1.1	38.7	150	90	1	71	218	61	210	1.7e-21	100.5
3300014016.a:Ga0120862_100017_113	gnl|TC-DB|E7BBJ1|9.B.102.5.2	51.6	124	58	2	14	136	15	137	1.2e-28	122.5
3300014016.a:Ga0120862_100017_114	gnl|TC-DB|D5X2W6|9.B.102.5.7	40.7	118	69	1	14	130	9	126	2.7e-20	94.7
3300014016.a:Ga0120862_100017_121	gnl|TC-DB|C5W790|2.A.1.3.36	27.8	349	235	6	25	370	8	342	6.0e-27	118.2
3300014016.a:Ga0120862_100017_130	gnl|TC-DB|Q9HT69|3.A.1.24.5	44.2	197	110	0	10	206	22	218	1.2e-35	146.4
3300014016.a:Ga0120862_100017_131	gnl|TC-DB|Q9HT70|3.A.1.24.5	45.7	337	178	4	19	354	2	334	1.7e-71	266.2
3300014016.a:Ga0120862_100017_132	gnl|TC-DB|Q9HT68|3.A.1.24.5	32.8	238	151	5	43	279	25	254	3.5e-30	128.6
3300014016.a:Ga0120862_100017_138	gnl|TC-DB|Q8KZQ6|3.A.1.17.2	59.9	247	92	4	16	261	8	248	1.9e-75	278.9
3300014016.a:Ga0120862_100017_139	gnl|TC-DB|O85765|3.A.1.17.2	62.3	260	95	1	35	294	2	258	1.3e-85	312.8
3300014016.a:Ga0120862_100017_140	gnl|TC-DB|O85763|3.A.1.17.2	46.7	287	152	1	51	337	29	314	4.1e-75	278.1
3300014016.a:Ga0120862_100017_146	gnl|TC-DB|P69451|4.C.1.1.4	41.1	559	315	7	1	554	1	550	1.7e-118	422.9
3300014016.a:Ga0120862_100017_148	gnl|TC-DB|P0AB93|3.A.4.1.1	65.5	426	146	1	1	426	1	425	5.1e-147	517.3
3300014016.a:Ga0120862_100064_11	gnl|TC-DB|P69451|4.C.1.1.4	46.2	537	278	7	48	578	19	550	5.2e-134	474.6
3300014016.a:Ga0120862_100064_12	gnl|TC-DB|P69451|4.C.1.1.4	54.2	537	238	6	65	598	19	550	1.7e-159	559.3
3300014016.a:Ga0120862_100041_8	gnl|TC-DB|O34739|2.A.3.8.12	26.8	426	279	8	1	415	1	404	2.1e-34	143.3
3300014016.a:Ga0120862_100041_18	gnl|TC-DB|Q6MMD5|9.B.18.2.1	32.6	288	165	9	2	265	289	571	1.8e-30	129.8
3300014016.a:Ga0120862_100041_19	gnl|TC-DB|917585193|9.B.18.1.3	42.5	221	124	1	202	419	232	452	1.8e-48	189.9
3300014016.a:Ga0120862_100041_22	gnl|TC-DB|P04739|3.A.15.2.1	38.0	150	80	3	1	140	1	147	5.5e-13	70.5
3300014016.a:Ga0120862_100041_25	gnl|TC-DB|O31068|9.A.21.1.1	24.9	1175	627	39	211	1289	123	1138	2.1e-64	244.6
3300014016.a:Ga0120862_100041_33	gnl|TC-DB|P36655|5.A.1.1.1	30.9	443	260	11	261	697	133	535	1.2e-36	151.4
3300014016.a:Ga0120862_100041_34	gnl|TC-DB|P15746|3.A.15.1.1	50.8	124	56	3	10	130	3	124	6.9e-27	116.7
3300014016.a:Ga0120862_100041_35	gnl|TC-DB|P15745|3.A.15.1.1	41.8	359	186	3	1	358	1	337	6.6e-64	241.1
3300014016.a:Ga0120862_100041_42	gnl|TC-DB|P76242|2.A.1.17.3	30.1	395	260	5	34	427	13	392	3.4e-42	169.1
3300014016.a:Ga0120862_100018_12	gnl|TC-DB|P0AF54|9.B.136.1.1	32.0	97	66	0	7	103	7	103	5.0e-11	63.5
3300014016.a:Ga0120862_100018_13	gnl|TC-DB|P32705|2.A.21.7.2	63.3	553	193	3	29	579	5	549	3.6e-188	654.4
3300014016.a:Ga0120862_100018_18	gnl|TC-DB|P43672|3.A.1.120.6	35.5	504	316	4	21	520	18	516	5.9e-79	291.6
3300014016.a:Ga0120862_100018_32	gnl|TC-DB|K0WKG7|4.F.1.1.8	49.5	204	75	3	22	222	2	180	2.8e-43	171.8
3300014016.a:Ga0120862_100018_94	gnl|TC-DB|P76169|2.A.7.26.1	56.9	102	44	0	4	105	1	102	4.1e-27	117.1
3300014016.a:Ga0120862_100018_102	gnl|TC-DB|P0AGE4|2.A.23.4.1	59.3	391	150	1	13	403	18	399	1.8e-117	419.1
3300014016.a:Ga0120862_100018_105	gnl|TC-DB|P0AF98|1.B.42.1.2	24.8	367	262	7	1	363	1	357	5.0e-29	125.2
3300014016.a:Ga0120862_100018_106	gnl|TC-DB|P0ADC6|1.B.42.1.2	27.5	363	248	6	2	357	6	360	1.5e-35	146.7
3300014016.a:Ga0120862_100018_119	gnl|TC-DB|P0A6E6|3.A.2.1.1	47.4	133	70	0	3	135	4	136	4.4e-31	130.6
3300014016.a:Ga0120862_100018_120	gnl|TC-DB|P0ABB4|3.A.2.1.1	80.3	466	84	3	1	464	1	460	8.4e-212	732.6
3300014016.a:Ga0120862_100018_121	gnl|TC-DB|P0ABA6|3.A.2.1.1	60.1	291	112	2	1	291	1	287	9.0e-95	343.2
3300014016.a:Ga0120862_100018_122	gnl|TC-DB|P0ABB0|3.A.2.1.1	74.8	512	129	0	3	514	2	513	6.2e-216	746.5
3300014016.a:Ga0120862_100018_123	gnl|TC-DB|P0ABA4|3.A.2.1.1	33.0	197	103	3	1	194	1	171	3.8e-20	94.7
3300014016.a:Ga0120862_100018_124	gnl|TC-DB|P0ABA0|3.A.2.1.1	68.1	47	15	0	1	47	1	47	1.9e-14	75.5
3300014016.a:Ga0120862_100018_125	gnl|TC-DB|P68699|3.A.2.1.1	56.7	67	29	0	9	75	11	77	7.4e-15	75.9
3300014016.a:Ga0120862_100018_126	gnl|TC-DB|P0AB98|3.A.2.1.1	57.1	289	104	5	4	291	2	271	2.2e-80	295.4
3300014016.a:Ga0120862_100018_132	gnl|TC-DB|P0ABG4|2.A.103.1.1	37.7	371	229	1	21	391	33	401	6.7e-64	241.1
3300014016.a:Ga0120862_100018_135	gnl|TC-DB|O67997|1.A.11.1.4	58.7	409	165	3	34	440	31	437	5.1e-126	447.6
3300014016.a:Ga0120862_100029_2	gnl|TC-DB|Q82VN5|3.A.1.10.4	44.6	336	171	6	23	348	10	340	4.7e-77	284.6
3300014016.a:Ga0120862_100029_3	gnl|TC-DB|Q82VN6|3.A.1.10.4	47.0	517	270	3	18	530	1	517	4.8e-118	421.4
3300014016.a:Ga0120862_100029_4	gnl|TC-DB|Q82VN7|3.A.1.10.4	52.4	311	148	0	19	329	33	343	2.6e-98	355.1
3300014016.a:Ga0120862_100029_18	gnl|TC-DB|P44308|4.B.1.1.2	36.7	357	192	10	5	345	60	398	1.8e-57	219.5
3300014016.a:Ga0120862_100029_21	gnl|TC-DB|F0Z2G1|9.B.104.1.3	36.9	187	109	4	17	202	32	210	2.5e-20	95.9
3300014016.a:Ga0120862_100029_23	gnl|TC-DB|P72827|3.A.1.10.2	26.0	311	224	1	79	383	49	359	1.4e-34	143.7
3300014016.a:Ga0120862_100029_38	gnl|TC-DB|Q24LT6|2.A.6.2.29	48.0	379	185	4	12	389	13	380	3.3e-87	318.9
3300014016.a:Ga0120862_100029_39	gnl|TC-DB|Q0VQY6|2.A.6.2.46	59.7	1036	407	5	1	1034	1	1028	0.0e+00	1182.2
3300014016.a:Ga0120862_100029_40	gnl|TC-DB|Q2FD95|2.A.6.2.29	39.6	424	208	4	4	426	9	385	1.7e-71	266.5
3300014016.a:Ga0120862_100029_46	gnl|TC-DB|P57067|1.B.46.1.4	35.3	170	101	3	61	228	44	206	7.7e-25	110.5
3300014016.a:Ga0120862_100029_47	gnl|TC-DB|P0AFC3|3.D.1.1.1	54.8	115	52	0	7	121	14	128	2.8e-30	128.3
3300014016.a:Ga0120862_100029_48	gnl|TC-DB|P0AFC7|3.D.1.1.1	70.5	224	57	3	1	219	1	220	1.5e-89	325.5
3300014016.a:Ga0120862_100029_49	gnl|TC-DB|P33599|3.D.1.1.1	66.6	581	187	3	16	594	21	596	2.3e-246	847.8
3300014016.a:Ga0120862_100029_50	gnl|TC-DB|P0AFD1|3.D.1.1.1	57.9	152	64	0	17	168	14	165	2.2e-48	188.3
3300014016.a:Ga0120862_100029_51	gnl|TC-DB|P31979|3.D.1.1.1	64.8	421	142	4	34	452	7	423	2.5e-161	565.1
3300014016.a:Ga0120862_100029_52	gnl|TC-DB|P33602|3.D.1.1.1	50.7	981	392	9	1	967	1	903	3.0e-275	944.5
3300014016.a:Ga0120862_100029_53	gnl|TC-DB|P0AFD4|3.D.1.1.1	64.7	329	106	3	19	346	4	323	2.5e-115	411.8
3300014016.a:Ga0120862_100029_54	gnl|TC-DB|P0AFD6|3.D.1.1.1	73.6	178	47	0	6	183	3	180	2.1e-65	245.0
3300014016.a:Ga0120862_100029_55	gnl|TC-DB|P0AFE0|3.D.1.1.1	54.3	164	65	3	9	170	5	160	2.8e-37	151.8
3300014016.a:Ga0120862_100029_56	gnl|TC-DB|P0AFE4|3.D.1.1.1	46.5	99	53	0	9	107	2	100	3.0e-19	90.9
3300014016.a:Ga0120862_100029_57	gnl|TC-DB|P33607|3.D.1.1.1	58.8	631	240	7	1	630	1	612	4.5e-192	667.5
3300014016.a:Ga0120862_100029_58	gnl|TC-DB|P0AFE8|3.D.1.1.1	59.9	514	198	4	5	517	1	507	2.8e-171	598.2
3300014016.a:Ga0120862_100029_59	gnl|TC-DB|P0AFF0|3.D.1.1.1	45.6	493	246	4	12	502	8	480	8.5e-109	390.6
3300014016.a:Ga0120862_100023_13	gnl|TC-DB|P36879|3.A.1.105.17	61.7	300	112	2	10	309	4	300	2.8e-97	351.7
3300014016.a:Ga0120862_100023_14	gnl|TC-DB|P0AFN6|3.A.1.105.17	57.6	250	104	2	8	256	7	255	1.7e-76	282.3
3300014016.a:Ga0120862_100023_27	gnl|TC-DB|P34750|1.B.22.2.1	36.9	769	408	15	13	771	6	707	1.8e-113	406.8
3300014016.a:Ga0120862_100023_38	gnl|TC-DB|Q9ZK21|1.C.82.1.1	51.3	224	109	0	3	226	4	227	8.3e-59	223.4
3300014016.a:Ga0120862_100023_57	gnl|TC-DB|A8J6J0|2.A.53.1.8	30.5	586	361	8	14	566	89	661	5.9e-66	248.4
3300014016.a:Ga0120862_100023_61	gnl|TC-DB|Q3SAW5|2.A.7.21.4	34.2	146	83	3	5	145	4	141	4.0e-12	67.8
3300014016.a:Ga0120862_100023_71	gnl|TC-DB|A1KWE6|2.A.39.1.3	47.0	398	195	5	12	399	7	398	1.0e-88	323.6
3300014016.a:Ga0120862_100023_99	gnl|TC-DB|Q1D0D2|1.A.30.2.7	35.8	123	79	0	11	133	11	133	3.5e-17	84.3
3300014016.a:Ga0120862_100023_100	gnl|TC-DB|Q1D0D3|1.A.30.2.7	53.4	73	34	0	89	161	137	209	5.0e-13	71.2
3300014016.a:Ga0120862_100023_101	gnl|TC-DB|Q9ZJA8|1.B.14.11.1	27.0	248	147	7	42	271	37	268	6.6e-16	82.4
3300014016.a:Ga0120862_100023_102	gnl|TC-DB|P07658|3.D.1.9.2	26.4	731	474	16	15	721	1	691	5.4e-69	259.2
3300014016.a:Ga0120862_100023_104	gnl|TC-DB|Q9R6U5|2.A.1.8.3	44.9	515	234	8	14	483	11	520	2.0e-110	396.0
3300014016.a:Ga0120862_100023_105	gnl|TC-DB|C5L569|9.B.106.3.3	33.7	202	117	6	344	541	255	443	6.3e-16	82.4
3300014016.a:Ga0120862_100003_12	gnl|TC-DB|F4JW56|3.D.1.8.1	50.7	67	33	0	3	69	94	160	2.3e-13	71.6
3300014016.a:Ga0120862_100003_22	gnl|TC-DB|Q9S3J9|2.A.1.2.18	53.9	382	175	1	28	408	6	387	9.1e-101	363.6
3300014016.a:Ga0120862_100003_29	gnl|TC-DB|A1EMW4|3.A.11.2.3	60.0	60	23	1	71	129	42	101	2.2e-11	65.1
3300014016.a:Ga0120862_100003_50	gnl|TC-DB|Q57079|3.B.1.1.2	32.6	512	312	8	20	521	2	490	4.4e-71	265.4
3300014016.a:Ga0120862_100003_51	gnl|TC-DB|P69451|4.C.1.1.4	30.6	540	336	14	41	563	27	544	9.9e-69	257.7
3300014016.a:Ga0120862_100003_59	gnl|TC-DB|Q8EG39|2.A.8.1.6	75.4	57	14	0	14	70	396	452	4.8e-18	86.3
3300014016.a:Ga0120862_100003_60	gnl|TC-DB|P69451|4.C.1.1.4	27.6	587	373	17	11	584	6	553	1.4e-52	204.1
3300014016.a:Ga0120862_100003_63	gnl|TC-DB|P0C0L7|2.A.1.6.4	38.4	424	243	7	28	438	23	441	1.9e-75	279.6
3300014016.a:Ga0120862_100003_64	gnl|TC-DB|M4V8N5|2.A.7.3.65	25.2	309	206	5	10	304	4	301	4.9e-17	85.1
3300014016.a:Ga0120862_100003_72	gnl|TC-DB|Q8NRW1|3.A.1.4.5	46.3	378	187	6	67	444	48	409	2.0e-93	339.3
3300014016.a:Ga0120862_100003_73	gnl|TC-DB|Q8NRW0|3.A.1.4.5	46.9	288	147	2	287	574	10	291	6.0e-58	221.9
3300014016.a:Ga0120862_100003_74	gnl|TC-DB|Q9L3S4|3.A.1.4.4	39.6	313	180	2	41	348	30	338	1.4e-55	213.4
3300014016.a:Ga0120862_100003_75	gnl|TC-DB|Q9L3S3|3.A.1.4.4	41.9	258	132	3	32	272	6	262	2.2e-47	185.7
3300014016.a:Ga0120862_100003_76	gnl|TC-DB|Q9L3S2|3.A.1.4.4	47.4	215	111	2	14	227	4	217	9.2e-50	193.4
3300014016.a:Ga0120862_100003_78	gnl|TC-DB|A0M015|1.A.62.2.1	29.2	202	139	3	12	213	7	204	1.1e-20	96.7
3300014016.a:Ga0120862_100003_85	gnl|TC-DB|Q2G2M9|3.A.1.106.2	35.0	500	303	5	118	613	96	577	9.6e-70	261.2
3300014016.a:Ga0120862_100003_89	gnl|TC-DB|A5PGV3|2.A.62.1.3	40.7	472	217	6	9	480	151	559	5.9e-83	304.7
3300014016.a:Ga0120862_100003_94	gnl|TC-DB|Q52000|2.A.1.6.3	52.6	424	196	2	9	432	10	428	1.7e-121	432.6
3300014016.a:Ga0120862_100003_105	gnl|TC-DB|P0A2L3|9.A.40.1.2	39.7	292	161	6	1	290	1	279	2.5e-52	202.2
3300014016.a:Ga0120862_100003_120	gnl|TC-DB|P0ABP6|9.B.27.2.3	59.4	207	82	1	2	206	6	212	3.1e-73	271.2
3300014016.a:Ga0120862_100003_131	gnl|TC-DB|P24183|5.A.3.2.1	21.9	388	229	10	133	457	101	477	6.6e-15	79.3
3300014016.a:Ga0120862_100003_134	gnl|TC-DB|P31552|4.C.1.1.6	22.0	542	361	16	88	613	22	517	6.4e-24	109.0
3300014016.a:Ga0120862_100003_146	gnl|TC-DB|Q8KWW6|1.B.6.1.4	48.5	373	156	5	1	373	1	337	9.5e-84	307.0
3300014016.a:Ga0120862_100003_148	gnl|TC-DB|Q2KCQ1|1.A.22.1.4	54.5	145	58	4	3	143	1	141	1.6e-28	122.1
3300014016.a:Ga0120862_100003_150	gnl|TC-DB|Q93N33|2.A.21.9.2	26.9	275	180	6	173	438	758	1020	9.7e-16	81.3
3300014016.a:Ga0120862_100003_154	gnl|TC-DB|I7FD23|2.A.1.2.97	31.6	377	254	3	22	397	19	392	9.3e-45	177.6
3300014016.a:Ga0120862_100003_174	gnl|TC-DB|P0AG99|3.A.5.1.1	65.7	70	24	0	1	70	1	70	1.2e-17	85.5
3300014016.a:Ga0120862_100003_176	gnl|TC-DB|P22608|3.A.15.2.1	57.6	561	233	3	10	568	9	566	7.4e-186	646.7
3300014016.a:Ga0120862_100003_177	gnl|TC-DB|P22609|3.A.15.2.1	63.0	373	138	0	35	407	2	374	2.1e-129	458.8
3300014016.a:Ga0120862_100003_178	gnl|TC-DB|R8YEH7|1.A.54.5.3	57.2	283	121	0	6	288	3	285	3.7e-88	321.2
3300014016.a:Ga0120862_100003_186	gnl|TC-DB|X5H3P0|3.D.10.1.6	49.9	607	276	8	17	617	13	597	2.1e-170	595.5
3300014016.a:Ga0120862_100003_187	gnl|TC-DB|X5GWN5|3.D.10.1.6	50.4	232	113	2	4	234	24	254	1.8e-69	258.8
3300014016.a:Ga0120862_100003_203	gnl|TC-DB|P0A6W3|9.B.146.1.6	55.9	372	152	2	1	372	1	360	1.4e-113	406.0
3300014016.a:Ga0120862_100003_213	gnl|TC-DB|O32080|2.A.38.4.3	46.3	149	80	0	2	150	8	156	6.7e-34	140.6
3300014016.a:Ga0120862_100003_214	gnl|TC-DB|O32081|2.A.38.4.3	44.0	436	239	4	33	465	12	445	1.4e-89	326.6
3300014016.a:Ga0120862_100003_230	gnl|TC-DB|P76481|1.A.13.2.3	49.5	487	237	4	63	543	87	570	4.9e-126	448.0
3300014016.a:Ga0120862_100003_234	gnl|TC-DB|Q8FA71|2.A.79.2.1	39.7	257	152	2	37	292	22	276	6.6e-45	177.6
3300014016.a:Ga0120862_100003_237	gnl|TC-DB|O68827|2.A.7.7.1	38.0	276	169	1	33	306	7	282	1.7e-38	156.4
3300014016.a:Ga0120862_100003_240	gnl|TC-DB|P44699|2.A.1.6.12	54.1	436	200	0	8	443	8	443	1.4e-131	466.1
3300014016.a:Ga0120862_100003_245	gnl|TC-DB|P0AFK9|3.A.1.11.1	51.7	317	150	3	61	377	32	345	1.2e-99	359.8
3300014016.a:Ga0120862_100003_246	gnl|TC-DB|P0AFK6|3.A.1.11.1	57.5	247	105	0	12	258	10	256	2.3e-73	271.9
3300014016.a:Ga0120862_100003_247	gnl|TC-DB|P0AFK4|3.A.1.11.1	51.7	269	130	0	35	303	2	270	2.5e-79	292.0
3300014016.a:Ga0120862_100003_248	gnl|TC-DB|P69874|3.A.1.11.1	53.2	374	164	4	26	396	10	375	3.0e-109	391.7
3300014016.a:Ga0120862_100003_259	gnl|TC-DB|P75831|3.A.1.122.1	52.9	649	301	5	9	657	3	646	9.2e-180	626.7
3300014016.a:Ga0120862_100003_260	gnl|TC-DB|Q84BQ3|3.A.1.122.12	46.4	386	161	4	34	416	11	353	5.5e-48	188.3
3300014016.a:Ga0120862_100003_265	gnl|TC-DB|D9IA45|3.D.4.3.3	34.8	353	177	8	1	351	1	302	7.2e-55	211.1
3300014016.a:Ga0120862_100003_267	gnl|TC-DB|F8H841|3.D.4.3.3	60.9	202	78	1	4	205	3	203	9.9e-72	266.2
3300014016.a:Ga0120862_100003_268	gnl|TC-DB|H7F0T0|3.D.4.3.3	69.8	451	136	0	14	464	9	459	1.3e-199	692.2
3300014016.a:Ga0120862_100003_272	gnl|TC-DB|P75958|3.A.1.125.1	38.1	412	250	3	1	408	1	411	1.9e-66	249.6
3300014016.a:Ga0120862_100003_273	gnl|TC-DB|P75957|3.A.1.125.1	57.7	222	93	1	4	225	5	225	2.1e-67	251.9
3300014016.a:Ga0120862_100003_276	gnl|TC-DB|M4VAL8|8.A.21.2.4	30.2	255	165	5	56	310	2	243	5.6e-22	101.7
3300014016.a:Ga0120862_100003_280	gnl|TC-DB|P0C0L7|2.A.1.6.4	27.8	410	266	10	34	423	39	438	4.9e-28	122.1
3300014016.a:Ga0120862_100003_287	gnl|TC-DB|Q8RFA1|2.A.8.1.13	52.3	449	205	5	15	459	1	444	2.2e-119	425.6
3300014016.a:Ga0120862_100003_305	gnl|TC-DB|Q1D1G6|2.A.1.57.4	36.1	435	219	8	21	454	7	383	9.1e-57	217.6
3300014016.a:Ga0120862_100003_306	gnl|TC-DB|P31801|2.A.19.1.1	34.7	354	212	6	19	361	16	361	6.3e-45	177.9
3300014016.a:Ga0120862_100003_332	gnl|TC-DB|Q8ZNK0|3.A.1.5.24	35.8	601	369	11	31	626	8	596	7.4e-94	341.3
3300014016.a:Ga0120862_100003_334	gnl|TC-DB|Q7CQ74|3.A.1.5.24	53.3	364	155	2	1	349	1	364	2.5e-107	385.2
3300014016.a:Ga0120862_100003_335	gnl|TC-DB|P33915|3.A.1.5.21	51.6	335	162	0	6	340	6	340	1.9e-96	349.0
3300014016.a:Ga0120862_100003_338	gnl|TC-DB|P33916|3.A.1.5.21	40.4	557	292	8	4	552	5	529	1.4e-109	393.3
3300014016.a:Ga0120862_100003_339	gnl|TC-DB|P31474|2.A.1.3.51	43.4	459	247	3	30	487	12	458	1.3e-101	366.7
3300014016.a:Ga0120862_100003_340	gnl|TC-DB|Q8F3M7|3.A.15.4.1	36.3	570	340	7	19	586	8	556	9.0e-102	367.5
3300014016.a:Ga0120862_100003_353	gnl|TC-DB|P69451|4.C.1.1.4	24.9	526	325	20	84	563	49	550	2.2e-28	123.6
3300014016.a:Ga0120862_100003_366	gnl|TC-DB|Q9SXJ7|3.A.9.1.2	38.0	815	464	16	17	808	133	929	8.0e-149	524.2
3300014016.a:Ga0120862_100003_369	gnl|TC-DB|D8HIS0|9.B.106.2.2	32.1	187	110	3	94	279	294	464	9.4e-16	80.9
3300014016.a:Ga0120862_100003_370	gnl|TC-DB|Q9KN48|3.A.23.1.1	40.9	298	157	3	188	466	193	490	3.5e-53	206.1
3300014016.a:Ga0120862_100003_371	gnl|TC-DB|Q9HV74|2.A.21.9.1	25.7	265	153	11	160	410	740	974	1.7e-14	77.0
3300014016.a:Ga0120862_100003_372	gnl|TC-DB|P06129|1.B.14.3.1	29.2	620	404	18	41	642	10	612	1.8e-47	187.2
3300014016.a:Ga0120862_100003_380	gnl|TC-DB|Q57634|1.A.23.4.2	32.4	222	145	3	333	552	130	348	9.5e-27	118.2
3300014016.a:Ga0120862_100003_392	gnl|TC-DB|C6EJJ6|2.C.1.2.1	36.2	160	100	1	15	172	14	173	2.1e-22	102.1
3300014016.a:Ga0120862_100003_394	gnl|TC-DB|O00571|1.I.1.1.3	38.4	367	217	5	68	427	177	541	4.6e-61	232.6
3300014016.a:Ga0120862_100003_396	gnl|TC-DB|P43531|2.A.1.36.1	28.2	373	263	3	68	437	37	407	4.4e-24	109.0
3300014016.a:Ga0120862_100003_397	gnl|TC-DB|P30145|2.A.25.1.2	52.7	446	208	3	43	488	1	443	9.9e-126	446.8
3300014016.a:Ga0120862_100003_398	gnl|TC-DB|Q9P6J2|2.A.89.3.8	48.0	223	116	0	7	229	11	233	2.8e-46	181.8
3300014016.a:Ga0120862_100026_15	gnl|TC-DB|P13738|2.A.33.1.1	51.6	378	179	4	9	384	6	381	1.4e-101	366.3
3300014016.a:Ga0120862_100026_21	gnl|TC-DB|A9WBR9|3.A.1.32.3	23.5	510	263	18	477	979	126	515	6.5e-12	69.7
3300014016.a:Ga0120862_100026_24	gnl|TC-DB|P77726|2.A.1.2.60	41.2	442	245	7	26	459	6	440	8.7e-79	290.8
3300014016.a:Ga0120862_100026_26	gnl|TC-DB|P0A9T4|8.A.5.1.5	52.6	350	158	2	1	346	1	346	4.6e-98	354.4
3300014016.a:Ga0120862_100026_29	gnl|TC-DB|P35818|1.B.22.1.2	34.5	725	365	16	6	704	5	645	5.2e-100	362.1
3300014016.a:Ga0120862_100026_51	gnl|TC-DB|P39595|2.A.108.2.5	26.3	430	310	5	155	580	36	462	8.4e-47	184.9
3300014016.a:Ga0120862_100026_52	gnl|TC-DB|P31545|2.A.108.2.3	34.9	450	234	17	16	443	8	420	1.0e-57	220.7
3300014016.a:Ga0120862_100026_54	gnl|TC-DB|P0AAH0|3.A.1.7.1	74.7	249	63	0	3	251	9	257	2.5e-109	391.3
3300014016.a:Ga0120862_100026_55	gnl|TC-DB|P07654|3.A.1.7.1	58.0	274	112	3	15	286	22	294	5.6e-81	297.4
3300014016.a:Ga0120862_100026_56	gnl|TC-DB|P0AGH8|3.A.1.7.1	62.2	307	114	2	12	316	13	319	2.7e-100	361.7
3300014016.a:Ga0120862_100026_57	gnl|TC-DB|P0AG82|3.A.1.7.1	54.9	324	139	4	52	373	28	346	1.5e-92	336.3
3300014016.a:Ga0120862_100026_58	gnl|TC-DB|P37002|1.A.43.1.1	40.4	114	64	2	4	113	6	119	4.3e-14	73.9
3300014016.a:Ga0120862_100026_61	gnl|TC-DB|Q9HU29|3.A.1.3.23	52.5	219	102	1	5	223	4	220	6.2e-57	217.2
3300014016.a:Ga0120862_100026_62	gnl|TC-DB|Q9HU30|3.A.1.3.23	50.2	219	108	1	1	219	2	219	7.0e-53	203.8
3300014016.a:Ga0120862_100026_63	gnl|TC-DB|Q9HU31|3.A.1.3.23	44.2	224	123	2	52	274	23	245	1.8e-53	206.1
3300014016.a:Ga0120862_100026_64	gnl|TC-DB|Q9HU31|3.A.1.3.23	47.9	236	119	3	32	263	10	245	1.8e-57	219.2
3300014016.a:Ga0120862_100026_65	gnl|TC-DB|P30860|3.A.1.3.3	37.0	227	137	3	45	266	16	241	5.8e-40	161.0
3300014016.a:Ga0120862_100026_66	gnl|TC-DB|Q9HU32|3.A.1.3.23	65.4	263	85	1	1	263	1	257	3.7e-95	344.4
3300014016.a:Ga0120862_100026_70	gnl|TC-DB|P76330|9.B.34.1.4	36.0	139	87	2	246	383	401	538	1.1e-17	87.8
3300014016.a:Ga0120862_100026_71	gnl|TC-DB|Q15HU6|3.A.7.14.2	31.5	168	101	8	17	173	170	334	2.1e-14	75.5
3300014016.a:Ga0120862_100026_73	gnl|TC-DB|P24559|3.A.15.2.1	77.6	344	77	0	5	348	1	344	3.3e-152	534.3
3300014016.a:Ga0120862_100026_74	gnl|TC-DB|Q51532|3.A.15.2.1	65.3	378	129	2	1	377	1	377	3.0e-138	488.0
3300014016.a:Ga0120862_100026_78	gnl|TC-DB|B8I766|9.B.105.1.5	36.3	157	91	5	25	180	1	149	1.2e-15	79.7
3300014016.a:Ga0120862_100026_89	gnl|TC-DB|P23894|9.B.1.1.6	49.0	300	132	6	1	292	1	287	1.8e-66	249.2
3300014016.a:Ga0120862_100032_7	gnl|TC-DB|P15078|2.A.114.1.1	58.9	688	272	6	17	698	8	690	8.8e-221	763.1
3300014016.a:Ga0120862_100032_10	gnl|TC-DB|P45522|2.A.37.1.2	41.6	594	345	2	10	603	4	595	1.4e-121	433.3
3300014016.a:Ga0120862_100032_12	gnl|TC-DB|O07084|2.A.4.1.3	54.5	286	128	2	49	332	13	298	8.8e-81	297.0
3300014016.a:Ga0120862_100032_13	gnl|TC-DB|Q9ZKE4|3.A.11.3.1	32.2	525	331	11	185	709	89	588	1.0e-65	248.1
3300014016.a:Ga0120862_100032_18	gnl|TC-DB|P0ACA3|1.A.12.3.1	40.8	184	104	2	19	202	22	200	3.1e-33	138.3
3300014016.a:Ga0120862_100032_20	gnl|TC-DB|Q02761|3.E.2.1.1	37.7	414	236	7	9	407	18	424	1.6e-73	273.1
3300014016.a:Ga0120862_100032_21	gnl|TC-DB|Q02762|3.E.2.1.1	38.4	185	99	6	1	181	1	174	1.4e-22	102.8
3300014016.a:Ga0120862_100032_52	gnl|TC-DB|P0A9V1|1.B.42.1.2	61.6	237	91	0	9	245	3	239	4.8e-81	297.4
3300014016.a:Ga0120862_100032_53	gnl|TC-DB|Q87QJ4|2.A.117.1.13	38.4	138	75	2	1	137	1	129	3.7e-17	84.3
3300014016.a:Ga0120862_100032_56	gnl|TC-DB|Q99ZY3|3.A.1.34.1	42.1	228	132	0	22	249	25	252	5.4e-46	181.0
3300014016.a:Ga0120862_100032_57	gnl|TC-DB|Q99ZY4|3.A.1.34.1	36.6	287	173	3	6	291	2	280	4.0e-37	151.8
3300014016.a:Ga0120862_100032_58	gnl|TC-DB|Q99ZY6|3.A.1.34.1	28.7	293	208	1	56	348	40	331	1.6e-37	153.3
