TPR_2	34	3300023171.a:Ga0247813_10000002_10	555	6.3e-05	3	31	179	207	0.8235294117647058
Response_reg	112	3300023171.a:Ga0247813_10000002_124	242	2.7e-19	2	111	4	110	0.9732142857142857
LytTR	98	3300023171.a:Ga0247813_10000002_124	242	3.3e-20	5	96	149	237	0.9285714285714286
Y_Y_Y	66	3300023171.a:Ga0247813_10000002_125	992	4.5e-08	8	49	682	721	0.6212121212121212
Response_reg	112	3300023171.a:Ga0247813_10000002_126	143	2.6e-23	2	111	6	119	0.9732142857142857
HisKA	64	3300023171.a:Ga0247813_10000002_127	798	2.8e-08	3	60	569	631	0.890625
HATPase_c	111	3300023171.a:Ga0247813_10000002_127	798	1.5e-22	5	110	680	791	0.9459459459459459
Reg_prop	24	3300023171.a:Ga0247813_10000002_136	1015	2.9e-05	1	23	75	97	0.9166666666666666
Reg_prop	24	3300023171.a:Ga0247813_10000002_136	1015	1.8e-06	3	24	204	225	0.875
Reg_prop	24	3300023171.a:Ga0247813_10000002_136	1015	4.1e-06	1	24	288	311	0.9583333333333334
Reg_prop	24	3300023171.a:Ga0247813_10000002_136	1015	2.6e-08	1	23	502	524	0.9166666666666666
Y_Y_Y	66	3300023171.a:Ga0247813_10000002_136	1015	2.8e-20	1	65	686	749	0.9696969696969697
HATPase_c	111	3300023171.a:Ga0247813_10000002_136	1015	4.8e-05	10	108	904	1012	0.8828828828828829
Response_reg	112	3300023171.a:Ga0247813_10000002_137	248	7.8e-20	2	111	5	112	0.9732142857142857
LytTR	98	3300023171.a:Ga0247813_10000002_137	248	4.5e-19	2	97	150	244	0.9693877551020408
Aminotran_1_2	363	3300023171.a:Ga0247813_10000002_202	390	1.5e-10	44	195	31	163	0.41597796143250687
AraC_binding	136	3300023171.a:Ga0247813_10000002_239	204	6.3e-05	19	68	143	193	0.3602941176470588
HMA	62	3300023171.a:Ga0247813_10000002_24	115	1.4e-12	8	62	34	88	0.8709677419354839
Sigma70_r2	71	3300023171.a:Ga0247813_10000002_240	164	5e-05	1	66	29	93	0.9154929577464789
Sigma70_r4	50	3300023171.a:Ga0247813_10000002_240	164	2.9e-06	8	44	117	153	0.72
HTH_18	81	3300023171.a:Ga0247813_10000002_242	268	4.4e-21	1	79	176	254	0.9629629629629629
PAS	113	3300023171.a:Ga0247813_10000002_243	440	8.7e-05	2	96	52	145	0.831858407079646
SpoIIE	193	3300023171.a:Ga0247813_10000002_243	440	1.8e-23	2	191	240	438	0.9792746113989638
Sigma70_r2	71	3300023171.a:Ga0247813_10000002_254	202	3.2e-16	1	69	32	98	0.9577464788732394
Sigma70_r4_2	54	3300023171.a:Ga0247813_10000002_254	202	5.9e-18	5	53	141	189	0.8888888888888888
TPR_2	34	3300023171.a:Ga0247813_10000002_268	662	1.8e-05	4	32	498	526	0.8235294117647058
TPR_1	34	3300023171.a:Ga0247813_10000002_268	662	5.1e-07	4	28	532	556	0.7058823529411765
TPR_2	34	3300023171.a:Ga0247813_10000002_268	662	1.9e-05	4	34	566	596	0.8823529411764706
TPR_1	34	3300023171.a:Ga0247813_10000002_268	662	1e-08	3	34	599	630	0.9117647058823529
Rhodanese	107	3300023171.a:Ga0247813_10000002_269	363	6.3e-12	2	106	138	234	0.9719626168224299
Response_reg	112	3300023171.a:Ga0247813_10000002_27	240	4.8e-20	2	112	8	113	0.9821428571428571
Sigma70_r2	71	3300023171.a:Ga0247813_10000002_275	152	4.5e-16	10	70	2	60	0.8450704225352113
Sigma70_r4_2	54	3300023171.a:Ga0247813_10000002_275	152	1.7e-17	2	53	88	139	0.9444444444444444
GerE	57	3300023171.a:Ga0247813_10000002_286	157	2.1e-22	3	54	94	145	0.8947368421052632
HTH_5	47	3300023171.a:Ga0247813_10000002_290	109	2.6e-09	1	46	13	58	0.9574468085106383
TPR_1	34	3300023171.a:Ga0247813_10000002_295	870	3.1e-05	2	33	82	113	0.9117647058823529
TPR_1	34	3300023171.a:Ga0247813_10000002_295	870	0.0001	3	27	123	147	0.7058823529411765
TPR_2	34	3300023171.a:Ga0247813_10000002_295	870	3.1e-05	4	31	243	270	0.7941176470588235
HisKA	64	3300023171.a:Ga0247813_10000002_295	870	1.2e-14	2	64	387	450	0.96875
HATPase_c	111	3300023171.a:Ga0247813_10000002_295	870	3.6e-26	4	109	499	603	0.9459459459459459
Response_reg	112	3300023171.a:Ga0247813_10000002_295	870	4.5e-25	2	111	624	733	0.9732142857142857
HTH_18	81	3300023171.a:Ga0247813_10000002_295	870	1.1e-20	2	78	790	865	0.9382716049382716
HxlR	91	3300023171.a:Ga0247813_10000002_299	121	5e-32	2	86	30	114	0.9230769230769231
Response_reg	112	3300023171.a:Ga0247813_10000002_3	210	1.5e-13	3	110	9	118	0.9553571428571429
GerE	57	3300023171.a:Ga0247813_10000002_3	210	1.1e-15	2	54	147	199	0.9122807017543859
Response_reg	112	3300023171.a:Ga0247813_10000002_307	228	6.2e-23	1	106	17	123	0.9375
GerE	57	3300023171.a:Ga0247813_10000002_307	228	7.7e-19	3	56	167	220	0.9298245614035088
TetR_N	47	3300023171.a:Ga0247813_10000002_317	206	4.5e-14	1	47	19	65	0.9787234042553191
Aminotran_1_2	363	3300023171.a:Ga0247813_10000002_322	431	8e-43	2	360	42	419	0.9862258953168044
HTH_18	81	3300023171.a:Ga0247813_10000002_330	186	6.9e-18	1	80	96	174	0.9753086419753086
Response_reg	112	3300023171.a:Ga0247813_10000002_331	149	2.8e-21	1	111	8	124	0.9821428571428571
CHASE3	138	3300023171.a:Ga0247813_10000002_332	1250	1.2e-34	3	137	39	173	0.9710144927536232
PAS	113	3300023171.a:Ga0247813_10000002_332	1250	1.6e-07	13	113	371	471	0.8849557522123894
PAS	113	3300023171.a:Ga0247813_10000002_332	1250	3e-19	4	113	608	716	0.9646017699115044
PAS	113	3300023171.a:Ga0247813_10000002_332	1250	1.9e-10	1	113	731	842	0.9911504424778761
PAS	113	3300023171.a:Ga0247813_10000002_332	1250	1.3e-06	5	113	879	983	0.9557522123893806
HisKA	64	3300023171.a:Ga0247813_10000002_332	1250	8.5e-12	4	61	1016	1078	0.890625
HATPase_c	111	3300023171.a:Ga0247813_10000002_332	1250	2.3e-22	5	109	1126	1245	0.9369369369369369
AAA	132	3300023171.a:Ga0247813_10000002_354	436	2.9e-32	2	131	229	353	0.9772727272727273
Nitroreductase	170	3300023171.a:Ga0247813_10000002_369	210	5.9e-24	2	170	9	185	0.9882352941176471
GerE	57	3300023171.a:Ga0247813_10000002_38	768	2.4e-05	9	41	678	710	0.5614035087719298
GAF	133	3300023171.a:Ga0247813_10000002_384	771	2.7e-18	4	125	165	318	0.9097744360902256
PHY	183	3300023171.a:Ga0247813_10000002_384	771	2.5e-40	21	175	361	513	0.8415300546448088
HisKA	64	3300023171.a:Ga0247813_10000002_384	771	1.8e-05	10	62	550	607	0.8125
HATPase_c	111	3300023171.a:Ga0247813_10000002_384	771	9.9e-15	6	108	655	769	0.918918918918919
CheB_methylest	170	3300023171.a:Ga0247813_10000002_386	193	4.5e-50	2	169	14	188	0.9823529411764705
CheR_N	53	3300023171.a:Ga0247813_10000002_387	270	1.3e-11	2	53	6	57	0.9622641509433962
CheR	195	3300023171.a:Ga0247813_10000002_387	270	8e-42	1	189	70	259	0.9641025641025641
Response_reg	112	3300023171.a:Ga0247813_10000002_388	125	1.1e-27	1	110	7	118	0.9732142857142857
CHASE3	138	3300023171.a:Ga0247813_10000002_389	1203	1.5e-34	2	137	42	179	0.9782608695652174
HisKA	64	3300023171.a:Ga0247813_10000002_389	1203	2.5e-19	2	64	528	595	0.96875
HATPase_c	111	3300023171.a:Ga0247813_10000002_389	1203	5.3e-33	1	110	642	755	0.9819819819819819
Response_reg	112	3300023171.a:Ga0247813_10000002_389	1203	6.6e-15	1	109	810	916	0.9642857142857143
Response_reg	112	3300023171.a:Ga0247813_10000002_389	1203	6.5e-14	1	102	932	1034	0.9017857142857143
Response_reg	112	3300023171.a:Ga0247813_10000002_389	1203	1.6e-29	1	111	1078	1190	0.9821428571428571
Response_reg	112	3300023171.a:Ga0247813_10000002_390	530	3e-29	1	111	2	114	0.9821428571428571
HisKA	64	3300023171.a:Ga0247813_10000002_390	530	8.3e-14	2	61	291	354	0.921875
HATPase_c	111	3300023171.a:Ga0247813_10000002_390	530	9.9e-23	3	110	399	520	0.963963963963964
Response_reg	112	3300023171.a:Ga0247813_10000002_391	139	3.7e-22	1	111	6	120	0.9821428571428571
HTH_3	55	3300023171.a:Ga0247813_10000002_396	74	2.7e-06	7	54	10	58	0.8545454545454545
HATPase_c	111	3300023171.a:Ga0247813_10000002_4	589	9.9e-18	6	107	481	581	0.9099099099099099
MarR	59	3300023171.a:Ga0247813_10000002_407	159	1.3e-13	13	58	47	92	0.7627118644067796
Reg_prop	24	3300023171.a:Ga0247813_10000002_408	985	1.3e-05	1	23	41	63	0.9166666666666666
Response_reg	112	3300023171.a:Ga0247813_10000002_409	253	5.7e-21	2	111	7	114	0.9732142857142857
LytTR	98	3300023171.a:Ga0247813_10000002_409	253	3.7e-18	3	95	153	245	0.9387755102040817
HTH_18	81	3300023171.a:Ga0247813_10000002_424	328	3.5e-21	1	80	240	318	0.9753086419753086
Glyoxalase	128	3300023171.a:Ga0247813_10000002_426	145	7.2e-06	5	128	7	124	0.9609375
Glyoxalase	128	3300023171.a:Ga0247813_10000002_427	140	2e-05	3	128	5	134	0.9765625
Glyoxalase	128	3300023171.a:Ga0247813_10000002_428	143	1.2e-07	2	124	4	126	0.953125
HisKA	64	3300023171.a:Ga0247813_10000002_446	164	7.2e-09	3	64	40	103	0.953125
HATPase_c	111	3300023171.a:Ga0247813_10000002_447	66	1.6e-06	68	109	23	64	0.36936936936936937
PAS	113	3300023171.a:Ga0247813_10000002_449	578	5.1e-10	2	46	231	275	0.3893805309734513
HisKA	64	3300023171.a:Ga0247813_10000002_449	578	3.9e-18	1	64	355	423	0.984375
HATPase_c	111	3300023171.a:Ga0247813_10000002_449	578	2e-19	4	107	472	574	0.9279279279279279
Response_reg	112	3300023171.a:Ga0247813_10000002_456	446	8.8e-28	1	108	4	110	0.9553571428571429
AAA	132	3300023171.a:Ga0247813_10000002_456	446	2.4e-10	1	130	166	301	0.9772727272727273
HTH_8	42	3300023171.a:Ga0247813_10000002_456	446	1.3e-14	2	42	402	442	0.9523809523809523
PAS	113	3300023171.a:Ga0247813_10000002_465	395	1.1e-15	8	113	12	118	0.9292035398230089
HisKA	64	3300023171.a:Ga0247813_10000002_465	395	3.1e-15	2	64	174	241	0.96875
HATPase_c	111	3300023171.a:Ga0247813_10000002_465	395	1.2e-26	3	109	287	393	0.954954954954955
Response_reg	112	3300023171.a:Ga0247813_10000002_466	353	1.5e-28	1	112	5	117	0.9910714285714286
cNMP_binding	88	3300023171.a:Ga0247813_10000002_466	353	1.6e-17	3	85	161	244	0.9318181818181818
Crp	32	3300023171.a:Ga0247813_10000002_466	353	7.5e-07	2	32	302	332	0.9375
Rhodanese	107	3300023171.a:Ga0247813_10000002_471	243	2.7e-16	1	106	27	120	0.9813084112149533
Hemerythrin	131	3300023171.a:Ga0247813_10000002_509	240	9.8e-16	4	131	84	226	0.9694656488549618
Rhodanese	107	3300023171.a:Ga0247813_10000002_510	464	2.2e-09	3	106	361	450	0.9626168224299065
Rhodanese	107	3300023171.a:Ga0247813_10000002_513	256	3e-12	2	105	28	119	0.9626168224299065
Nitroreductase	170	3300023171.a:Ga0247813_10000002_514	210	5.4e-39	3	170	26	191	0.9823529411764705
HisKA	64	3300023171.a:Ga0247813_10000002_52	449	8.2e-17	2	63	223	289	0.953125
HATPase_c	111	3300023171.a:Ga0247813_10000002_52	449	4.9e-28	2	109	337	446	0.963963963963964
Rhodanese	107	3300023171.a:Ga0247813_10000002_53	379	8.6e-12	1	106	278	369	0.9813084112149533
PAS	113	3300023171.a:Ga0247813_10000002_533	402	4.3e-14	4	113	15	125	0.9646017699115044
HisKA	64	3300023171.a:Ga0247813_10000002_533	402	4.3e-14	1	64	180	248	0.984375
HATPase_c	111	3300023171.a:Ga0247813_10000002_533	402	3.2e-28	2	109	293	400	0.963963963963964
Response_reg	112	3300023171.a:Ga0247813_10000002_534	353	4.2e-30	1	112	4	116	0.9910714285714286
cNMP_binding	88	3300023171.a:Ga0247813_10000002_534	353	3.9e-24	2	85	159	243	0.9431818181818182
Crp	32	3300023171.a:Ga0247813_10000002_534	353	6.6e-09	3	29	303	329	0.8125
PAS	113	3300023171.a:Ga0247813_10000002_538	1057	1.4e-07	2	112	146	255	0.9734513274336283
PAS	113	3300023171.a:Ga0247813_10000002_538	1057	6.4e-13	2	113	272	382	0.9823008849557522
HisKA	64	3300023171.a:Ga0247813_10000002_538	1057	2.1e-09	7	61	824	881	0.84375
HATPase_c	111	3300023171.a:Ga0247813_10000002_538	1057	2.9e-21	5	108	930	1049	0.9279279279279279
Response_reg	112	3300023171.a:Ga0247813_10000002_539	128	8.7e-22	1	111	4	120	0.9821428571428571
TrkA_C	70	3300023171.a:Ga0247813_10000002_541	737	7.1e-17	2	69	580	649	0.9571428571428572
TrkA_C	70	3300023171.a:Ga0247813_10000002_541	737	1.7e-14	4	62	670	730	0.8285714285714286
Response_reg	112	3300023171.a:Ga0247813_10000002_554	211	7.6e-31	1	111	3	113	0.9821428571428571
GerE	57	3300023171.a:Ga0247813_10000002_554	211	6.4e-13	3	47	145	189	0.7719298245614035
HATPase_c	111	3300023171.a:Ga0247813_10000002_555	671	6.7e-09	2	108	578	668	0.954954954954955
HxlR	91	3300023171.a:Ga0247813_10000002_559	113	1.8e-30	2	88	21	107	0.945054945054945
Pyr_redox_2	292	3300023171.a:Ga0247813_10000002_56	337	1.9e-24	2	281	5	295	0.9554794520547946
B12-binding	121	3300023171.a:Ga0247813_10000002_569	733	3.3e-05	41	97	195	251	0.4628099173553719
HD	122	3300023171.a:Ga0247813_10000002_573	198	4.8e-06	3	120	39	140	0.9590163934426229
HTH_3	55	3300023171.a:Ga0247813_10000002_574	89	1.5e-13	1	55	8	62	0.9818181818181818
HTH_18	81	3300023171.a:Ga0247813_10000002_583	273	2.5e-19	6	78	194	265	0.8888888888888888
Response_reg	112	3300023171.a:Ga0247813_10000002_616	226	1.3e-29	1	111	3	112	0.9821428571428571
Trans_reg_C	77	3300023171.a:Ga0247813_10000002_616	226	1.6e-18	2	77	146	222	0.974025974025974
HisKA	64	3300023171.a:Ga0247813_10000002_617	423	9.1e-10	2	63	215	279	0.953125
HATPase_c	111	3300023171.a:Ga0247813_10000002_617	423	1.2e-08	9	86	332	402	0.6936936936936937
Response_reg	112	3300023171.a:Ga0247813_10000002_626	392	1.6e-33	1	111	4	113	0.9821428571428571
AAA	132	3300023171.a:Ga0247813_10000002_626	392	1.6e-09	1	126	165	296	0.946969696969697
Pkinase	264	3300023171.a:Ga0247813_10000002_630	550	2.5e-07	52	152	203	313	0.3787878787878788
PIG-L	131	3300023171.a:Ga0247813_10000002_642	213	6.1e-18	1	127	9	127	0.9618320610687023
CBS	57	3300023171.a:Ga0247813_10000002_666	595	2e-05	9	51	474	516	0.7368421052631579
CBS	57	3300023171.a:Ga0247813_10000002_666	595	2e-06	3	54	533	583	0.8947368421052632
Rhodanese	107	3300023171.a:Ga0247813_10000002_677	105	4e-17	1	106	5	95	0.9813084112149533
CBS	57	3300023171.a:Ga0247813_10000002_687	441	2.5e-09	1	55	223	280	0.9473684210526315
CBS	57	3300023171.a:Ga0247813_10000002_687	441	1.6e-06	5	56	291	341	0.8947368421052632
HhH-GPD	108	3300023171.a:Ga0247813_10000002_689	342	9.7e-19	2	92	33	151	0.8333333333333334
HTH_3	55	3300023171.a:Ga0247813_10000002_69	79	5.3e-11	1	55	19	73	0.9818181818181818
AAA	132	3300023171.a:Ga0247813_10000002_724	808	7.5e-24	1	127	384	521	0.9545454545454546
Rrf2	83	3300023171.a:Ga0247813_10000002_743	152	4.4e-25	1	82	1	81	0.9759036144578314
HTH_3	55	3300023171.a:Ga0247813_10000002_761	64	3.4e-15	1	55	3	57	0.9818181818181818
HTH_3	55	3300023171.a:Ga0247813_10000002_762	70	1.3e-05	7	54	10	58	0.8545454545454545
T2SSE	273	3300023171.a:Ga0247813_10000002_769	470	1e-84	11	272	107	362	0.9560439560439561
Response_reg	112	3300023171.a:Ga0247813_10000002_93	267	4.7e-17	1	111	36	147	0.9821428571428571
LytTR	98	3300023171.a:Ga0247813_10000002_93	267	4.3e-11	5	73	174	243	0.6938775510204082
TPR_1	34	3300023171.a:Ga0247813_10000002_95	613	6.2e-06	3	26	65	88	0.6764705882352942
TPR_1	34	3300023171.a:Ga0247813_10000002_95	613	3.5e-07	2	32	144	174	0.8823529411764706
TPR_2	34	3300023171.a:Ga0247813_10000002_95	613	1.3e-05	1	30	183	212	0.8529411764705882
HATPase_c	111	3300023171.a:Ga0247813_10000002_95	613	7.5e-06	4	54	520	574	0.45045045045045046
Response_reg	112	3300023171.a:Ga0247813_10000002_96	229	1.9e-14	1	111	3	112	0.9821428571428571
LytTR	98	3300023171.a:Ga0247813_10000002_96	229	6.6e-12	6	64	139	197	0.5918367346938775
HisKA	64	3300023171.a:Ga0247813_10000004_1	622	3.8e-19	1	64	115	180	0.984375
HATPase_c	111	3300023171.a:Ga0247813_10000004_1	622	1.7e-31	1	110	227	342	0.9819819819819819
Response_reg	112	3300023171.a:Ga0247813_10000004_1	622	2.3e-27	1	110	369	480	0.9732142857142857
Sigma70_r4	50	3300023171.a:Ga0247813_10000004_110	197	1.6e-05	7	38	155	186	0.62
TetR_N	47	3300023171.a:Ga0247813_10000004_114	197	2.2e-14	1	46	11	56	0.9574468085106383
HEM4	232	3300023171.a:Ga0247813_10000004_119	236	6.3e-14	7	231	34	226	0.9655172413793104
Reg_prop	24	3300023171.a:Ga0247813_10000004_121	774	1.2e-07	1	23	544	566	0.9166666666666666
Reg_prop	24	3300023171.a:Ga0247813_10000004_122	361	6.9e-08	5	24	50	69	0.7916666666666666
Reg_prop	24	3300023171.a:Ga0247813_10000004_122	361	3.1e-07	1	24	88	111	0.9583333333333334
Reg_prop	24	3300023171.a:Ga0247813_10000004_122	361	1.1e-05	5	23	144	162	0.75
Reg_prop	24	3300023171.a:Ga0247813_10000004_122	361	2.2e-05	5	22	191	208	0.7083333333333334
Reg_prop	24	3300023171.a:Ga0247813_10000004_122	361	2.6e-07	1	24	321	344	0.9583333333333334
HTH_18	81	3300023171.a:Ga0247813_10000004_124	276	1.2e-16	2	80	195	272	0.9629629629629629
PAS	113	3300023171.a:Ga0247813_10000004_125	179	1e-08	2	113	27	135	0.9823008849557522
SpoIIE	193	3300023171.a:Ga0247813_10000004_126	199	1.7e-17	10	191	2	196	0.9378238341968912
HTH_18	81	3300023171.a:Ga0247813_10000004_128	307	7.5e-20	1	80	225	303	0.9753086419753086
HxlR	91	3300023171.a:Ga0247813_10000004_130	104	6.7e-31	2	89	8	95	0.9560439560439561
AraC_binding	136	3300023171.a:Ga0247813_10000004_133	275	1.2e-08	14	66	25	77	0.38235294117647056
HTH_18	81	3300023171.a:Ga0247813_10000004_133	275	2.1e-17	1	80	188	266	0.9753086419753086
HTH_18	81	3300023171.a:Ga0247813_10000004_138	308	8.1e-19	1	80	226	304	0.9753086419753086
Glyoxalase	128	3300023171.a:Ga0247813_10000004_139	145	7e-06	2	128	24	138	0.984375
HTH_3	55	3300023171.a:Ga0247813_10000004_140	295	5.4e-15	3	55	13	65	0.9454545454545454
Glyoxalase	128	3300023171.a:Ga0247813_10000004_141	170	5.6e-07	5	126	55	163	0.9453125
Response_reg	112	3300023171.a:Ga0247813_10000004_146	222	1.1e-23	1	111	4	117	0.9821428571428571
GerE	57	3300023171.a:Ga0247813_10000004_146	222	2.5e-16	3	57	154	208	0.9473684210526315
HATPase_c	111	3300023171.a:Ga0247813_10000004_147	264	5e-12	6	109	170	257	0.9279279279279279
HisKA	64	3300023171.a:Ga0247813_10000004_171	1210	1.3e-07	2	55	990	1051	0.828125
HATPase_c	111	3300023171.a:Ga0247813_10000004_171	1210	7.9e-25	1	109	1099	1205	0.972972972972973
AAA	132	3300023171.a:Ga0247813_10000004_176	454	9.2e-11	1	114	93	219	0.8560606060606061
FeoA	74	3300023171.a:Ga0247813_10000004_189	79	5.9e-15	2	73	4	73	0.9594594594594594
Response_reg	112	3300023171.a:Ga0247813_10000004_2	459	2.6e-20	1	105	9	112	0.9285714285714286
HATPase_c	111	3300023171.a:Ga0247813_10000004_203	138	1.3e-06	10	93	48	124	0.7477477477477478
Response_reg	112	3300023171.a:Ga0247813_10000004_209	254	6.1e-26	1	111	6	116	0.9821428571428571
LytTR	98	3300023171.a:Ga0247813_10000004_209	254	1.4e-21	2	97	159	250	0.9693877551020408
Sigma70_r2	71	3300023171.a:Ga0247813_10000004_213	150	3.8e-15	10	70	2	60	0.8450704225352113
Sigma70_r4_2	54	3300023171.a:Ga0247813_10000004_213	150	2.5e-18	4	54	89	139	0.9259259259259259
Reg_prop	24	3300023171.a:Ga0247813_10000004_217	1302	2.4e-05	1	23	34	56	0.9166666666666666
Reg_prop	24	3300023171.a:Ga0247813_10000004_217	1302	5.4e-05	1	23	583	605	0.9166666666666666
Y_Y_Y	66	3300023171.a:Ga0247813_10000004_217	1302	3.2e-15	4	65	721	781	0.9242424242424242
Guanylate_cyc	183	3300023171.a:Ga0247813_10000004_217	1302	1.5e-45	4	181	892	1072	0.9672131147540983
Penicillinase_R	115	3300023171.a:Ga0247813_10000004_226	108	1.1e-24	1	102	4	104	0.8782608695652174
HTH_18	81	3300023171.a:Ga0247813_10000004_233	180	7.2e-18	8	80	96	167	0.8888888888888888
TPR_1	34	3300023171.a:Ga0247813_10000004_238	1025	5.2e-05	5	27	283	305	0.6470588235294118
TPR_1	34	3300023171.a:Ga0247813_10000004_238	1025	6.4e-05	2	26	505	529	0.7058823529411765
TPR_2	34	3300023171.a:Ga0247813_10000004_238	1025	1.7e-05	1	30	543	572	0.8529411764705882
TPR_2	34	3300023171.a:Ga0247813_10000004_238	1025	2.1e-06	2	33	653	684	0.9117647058823529
Response_reg	112	3300023171.a:Ga0247813_10000004_24	231	8.1e-32	1	112	7	117	0.9910714285714286
Trans_reg_C	77	3300023171.a:Ga0247813_10000004_24	231	9.5e-18	4	77	155	226	0.948051948051948
Response_reg	112	3300023171.a:Ga0247813_10000004_244	231	1.8e-29	1	111	4	113	0.9821428571428571
Trans_reg_C	77	3300023171.a:Ga0247813_10000004_244	231	8.6e-20	5	77	154	226	0.935064935064935
HisKA	64	3300023171.a:Ga0247813_10000004_25	539	1.5e-13	2	62	314	380	0.9375
HATPase_c	111	3300023171.a:Ga0247813_10000004_25	539	1.6e-23	2	107	429	536	0.9459459459459459
TPR_2	34	3300023171.a:Ga0247813_10000004_252	240	4.4e-05	6	31	163	188	0.7352941176470589
TPR_2	34	3300023171.a:Ga0247813_10000004_252	240	3.2e-05	4	33	195	224	0.8529411764705882
Pyr_redox	81	3300023171.a:Ga0247813_10000004_255	446	4.2e-05	1	35	3	37	0.41975308641975306
Aminotran_1_2	363	3300023171.a:Ga0247813_10000004_266	377	1.9e-53	2	363	24	373	0.9944903581267218
FUR	120	3300023171.a:Ga0247813_10000004_275	126	5.3e-10	4	94	4	97	0.75
Pyr_redox_2	292	3300023171.a:Ga0247813_10000004_276	303	4e-31	1	291	7	285	0.9931506849315068
HTH_3	55	3300023171.a:Ga0247813_10000004_294	112	6e-14	1	55	9	63	0.9818181818181818
SIS	131	3300023171.a:Ga0247813_10000004_299	331	1.4e-10	6	96	35	119	0.6870229007633588
TPR_2	34	3300023171.a:Ga0247813_10000004_316	569	4.7e-06	4	34	72	102	0.8823529411764706
TPR_2	34	3300023171.a:Ga0247813_10000004_316	569	6.7e-07	6	34	108	136	0.8235294117647058
TPR_1	34	3300023171.a:Ga0247813_10000004_316	569	3.4e-05	1	31	309	339	0.8823529411764706
Peptidase_M23	96	3300023171.a:Ga0247813_10000004_318	435	5.7e-19	2	90	331	422	0.9166666666666666
SpoIIE	193	3300023171.a:Ga0247813_10000004_328	450	2.1e-19	3	191	255	448	0.9740932642487047
cNMP_binding	88	3300023171.a:Ga0247813_10000004_341	176	1.8e-12	2	85	15	99	0.9431818181818182
Response_reg	112	3300023171.a:Ga0247813_10000004_345	248	3.7e-25	2	111	5	112	0.9732142857142857
LytTR	98	3300023171.a:Ga0247813_10000004_345	248	1.2e-16	2	97	150	244	0.9693877551020408
TPR_1	34	3300023171.a:Ga0247813_10000004_346	799	5e-09	3	28	385	410	0.7352941176470589
TPR_1	34	3300023171.a:Ga0247813_10000004_346	799	2e-05	2	33	424	455	0.9117647058823529
LytTR	98	3300023171.a:Ga0247813_10000004_360	289	5.7e-18	6	97	188	284	0.9285714285714286
HisKA	64	3300023171.a:Ga0247813_10000004_371	362	2.1e-15	4	64	134	199	0.9375
HATPase_c	111	3300023171.a:Ga0247813_10000004_371	362	3.3e-19	9	110	251	351	0.9099099099099099
Response_reg	112	3300023171.a:Ga0247813_10000004_372	226	1.6e-29	1	112	6	115	0.9910714285714286
Trans_reg_C	77	3300023171.a:Ga0247813_10000004_372	226	2.1e-21	2	77	149	224	0.974025974025974
Glyoxalase	128	3300023171.a:Ga0247813_10000004_374	119	3.9e-05	5	127	7	113	0.953125
TPR_2	34	3300023171.a:Ga0247813_10000004_379	634	6.8e-07	3	31	337	365	0.8235294117647058
MarR	59	3300023171.a:Ga0247813_10000004_382	152	1.8e-12	4	59	36	91	0.9322033898305084
Sigma70_r2	71	3300023171.a:Ga0247813_10000004_404	181	4.4e-15	2	66	26	88	0.9014084507042254
Sigma70_r4_2	54	3300023171.a:Ga0247813_10000004_404	181	1.2e-16	3	54	122	173	0.9444444444444444
Response_reg	112	3300023171.a:Ga0247813_10000004_415	226	1.5e-20	2	112	6	112	0.9821428571428571
LytTR	98	3300023171.a:Ga0247813_10000004_415	226	1.5e-18	4	91	139	222	0.8877551020408163
Pribosyltran	159	3300023171.a:Ga0247813_10000004_428	245	3.9e-08	43	121	164	238	0.49056603773584906
HTH_18	81	3300023171.a:Ga0247813_10000004_436	302	1.1e-16	1	79	223	300	0.9629629629629629
HTH_Mga	60	3300023171.a:Ga0247813_10000004_438	253	1.1e-05	3	40	141	178	0.6166666666666667
HTH_18	81	3300023171.a:Ga0247813_10000004_438	253	2.5e-08	4	79	167	236	0.9259259259259259
Response_reg	112	3300023171.a:Ga0247813_10000004_439	132	5.4e-23	2	111	8	122	0.9732142857142857
STAS	117	3300023171.a:Ga0247813_10000004_440	286	8.3e-12	4	116	162	264	0.9572649572649573
STAS	117	3300023171.a:Ga0247813_10000004_441	137	2.1e-08	9	101	11	95	0.7863247863247863
HATPase_c	111	3300023171.a:Ga0247813_10000004_442	149	4.4e-12	8	105	55	142	0.8738738738738738
HATPase_c	111	3300023171.a:Ga0247813_10000004_443	339	1.5e-05	8	76	42	106	0.6126126126126126
SpoIIE	193	3300023171.a:Ga0247813_10000004_443	339	2.4e-10	2	191	172	336	0.9792746113989638
HisKA	64	3300023171.a:Ga0247813_10000004_444	552	2.3e-14	2	61	322	384	0.921875
HATPase_c	111	3300023171.a:Ga0247813_10000004_444	552	7.6e-23	3	109	430	550	0.954954954954955
PIG-L	131	3300023171.a:Ga0247813_10000004_453	834	8.4e-17	1	127	47	178	0.9618320610687023
CBS	57	3300023171.a:Ga0247813_10000004_478	418	1.1e-06	11	55	279	323	0.7719298245614035
HTH_3	55	3300023171.a:Ga0247813_10000004_511	88	4.4e-12	4	49	21	65	0.8181818181818182
Response_reg	112	3300023171.a:Ga0247813_10000004_548	231	2.2e-16	2	108	5	109	0.9464285714285714
LytTR	98	3300023171.a:Ga0247813_10000004_548	231	1.5e-22	6	96	139	227	0.9183673469387755
Reg_prop	24	3300023171.a:Ga0247813_10000004_549	990	3.1e-06	2	23	498	519	0.875
Y_Y_Y	66	3300023171.a:Ga0247813_10000004_549	990	3.5e-11	1	66	673	739	0.9848484848484849
HATPase_c	111	3300023171.a:Ga0247813_10000004_549	990	1.2e-06	9	109	887	988	0.9009009009009009
HTH_3	55	3300023171.a:Ga0247813_10000004_554	110	1.5e-16	2	55	2	55	0.9636363636363636
AraC_binding	136	3300023171.a:Ga0247813_10000004_556	277	2.5e-07	9	79	21	90	0.5147058823529411
HTH_18	81	3300023171.a:Ga0247813_10000004_556	277	1e-18	1	80	196	273	0.9753086419753086
HEM4	232	3300023171.a:Ga0247813_10000004_56	250	6.8e-38	6	231	23	235	0.9698275862068966
STAS	117	3300023171.a:Ga0247813_10000004_565	505	7.9e-09	8	108	407	496	0.8547008547008547
TPR_2	34	3300023171.a:Ga0247813_10000004_572	248	5.3e-06	8	33	31	56	0.7352941176470589
TPR_1	34	3300023171.a:Ga0247813_10000004_572	248	1e-09	2	34	95	127	0.9411764705882353
TPR_2	34	3300023171.a:Ga0247813_10000004_575	611	1.3e-05	6	28	26	48	0.6470588235294118
HxlR	91	3300023171.a:Ga0247813_10000004_7	114	1.2e-27	1	88	22	108	0.9560439560439561
HATPase_c	111	3300023171.a:Ga0247813_10000004_70	262	1.6e-08	4	105	171	256	0.9099099099099099
Response_reg	112	3300023171.a:Ga0247813_10000004_71	230	5.4e-16	2	112	8	120	0.9821428571428571
GerE	57	3300023171.a:Ga0247813_10000004_71	230	8.3e-16	2	57	155	210	0.9649122807017544
HTH_3	55	3300023171.a:Ga0247813_10000004_74	67	2.7e-10	1	55	7	61	0.9818181818181818
SBP_bac_5	377	3300023171.a:Ga0247813_10000004_93	570	1.2e-77	2	374	82	481	0.986737400530504
Response_reg	112	3300023171.a:Ga0247813_10000007_100	230	4.3e-20	3	111	9	125	0.9642857142857143
GerE	57	3300023171.a:Ga0247813_10000007_100	230	5.5e-16	3	57	163	217	0.9473684210526315
HATPase_c	111	3300023171.a:Ga0247813_10000007_101	264	3.4e-08	3	55	173	235	0.46846846846846846
SpoIIE	193	3300023171.a:Ga0247813_10000007_115	602	2.2e-25	5	192	399	600	0.9689119170984456
TPR_2	34	3300023171.a:Ga0247813_10000007_117	367	2e-05	3	34	210	241	0.9117647058823529
TPR_1	34	3300023171.a:Ga0247813_10000007_117	367	7.8e-06	3	34	244	275	0.9117647058823529
AAA	132	3300023171.a:Ga0247813_10000007_119	840	9.5e-14	2	110	225	336	0.8181818181818182
AAA	132	3300023171.a:Ga0247813_10000007_119	840	1.2e-09	3	111	563	680	0.8181818181818182
STAS	117	3300023171.a:Ga0247813_10000007_121	114	1e-11	18	115	20	105	0.8290598290598291
Sigma70_r2	71	3300023171.a:Ga0247813_10000007_146	188	4.4e-12	2	70	29	95	0.9577464788732394
Sigma70_r4_2	54	3300023171.a:Ga0247813_10000007_146	188	1.7e-14	3	54	126	177	0.9444444444444444
Sigma70_r2	71	3300023171.a:Ga0247813_10000007_15	152	5e-14	15	70	2	55	0.7746478873239436
Sigma70_r4_2	54	3300023171.a:Ga0247813_10000007_15	152	3.7e-19	5	54	89	138	0.9074074074074074
TetR_N	47	3300023171.a:Ga0247813_10000007_153	210	8e-16	1	46	13	58	0.9574468085106383
HhH-GPD	108	3300023171.a:Ga0247813_10000007_167	215	2.7e-22	1	107	35	169	0.9814814814814815
PadR	75	3300023171.a:Ga0247813_10000007_174	113	4.8e-20	1	74	19	89	0.9733333333333334
Pyr_redox_2	292	3300023171.a:Ga0247813_10000007_185	499	2.6e-51	1	286	6	328	0.976027397260274
Response_reg	112	3300023171.a:Ga0247813_10000007_191	213	3.8e-28	1	111	4	115	0.9821428571428571
GerE	57	3300023171.a:Ga0247813_10000007_191	213	1.6e-19	2	57	147	202	0.9649122807017544
TPR_1	34	3300023171.a:Ga0247813_10000007_192	604	1.1e-05	1	29	122	150	0.8235294117647058
TPR_1	34	3300023171.a:Ga0247813_10000007_192	604	1.3e-08	2	32	206	236	0.8823529411764706
HATPase_c	111	3300023171.a:Ga0247813_10000007_192	604	2.5e-07	4	108	512	598	0.9369369369369369
Pribosyltran	159	3300023171.a:Ga0247813_10000007_199	187	7.9e-16	5	144	6	153	0.8742138364779874
Glyoxalase	128	3300023171.a:Ga0247813_10000007_214	128	1.6e-07	2	126	11	121	0.96875
AlkA_N	116	3300023171.a:Ga0247813_10000007_227	302	5.4e-06	35	114	39	120	0.6810344827586207
HhH-GPD	108	3300023171.a:Ga0247813_10000007_227	302	7.4e-16	2	102	129	278	0.9259259259259259
Response_reg	112	3300023171.a:Ga0247813_10000007_230	261	9.1e-25	2	111	7	114	0.9732142857142857
LytTR	98	3300023171.a:Ga0247813_10000007_230	261	7.4e-16	2	95	154	248	0.9489795918367347
TPR_2	34	3300023171.a:Ga0247813_10000007_235	464	2.9e-05	2	34	139	171	0.9411764705882353
TPR_1	34	3300023171.a:Ga0247813_10000007_235	464	5e-09	3	34	208	239	0.9117647058823529
TPR_1	34	3300023171.a:Ga0247813_10000007_235	464	2.7e-09	2	33	241	272	0.9117647058823529
TPR_1	34	3300023171.a:Ga0247813_10000007_235	464	1.1e-06	1	33	274	306	0.9411764705882353
TPR_1	34	3300023171.a:Ga0247813_10000007_235	464	1.2e-06	1	33	308	340	0.9411764705882353
HTH_18	81	3300023171.a:Ga0247813_10000007_260	316	5e-20	1	78	233	309	0.9506172839506173
AAA	132	3300023171.a:Ga0247813_10000007_275	426	9.8e-19	1	126	42	149	0.946969696969697
Sigma70_r2	71	3300023171.a:Ga0247813_10000007_291	195	5.1e-14	1	69	34	101	0.9577464788732394
Sigma70_r4_2	54	3300023171.a:Ga0247813_10000007_291	195	7.4e-14	3	54	132	183	0.9444444444444444
Sigma70_r2	71	3300023171.a:Ga0247813_10000007_302	289	1.3e-19	2	70	55	123	0.9577464788732394
Sigma70_r3	78	3300023171.a:Ga0247813_10000007_302	289	3.3e-18	3	69	135	202	0.8461538461538461
Sigma70_r4	50	3300023171.a:Ga0247813_10000007_302	289	2.6e-20	2	50	224	276	0.96
MarR	59	3300023171.a:Ga0247813_10000007_310	153	3e-12	1	59	42	101	0.9830508474576272
AAA	132	3300023171.a:Ga0247813_10000007_324	562	8.5e-05	3	46	362	406	0.32575757575757575
HTH_3	55	3300023171.a:Ga0247813_10000007_339	127	2.8e-08	4	51	10	58	0.8545454545454545
HTH_18	81	3300023171.a:Ga0247813_10000007_352	307	6e-20	1	80	225	303	0.9753086419753086
Response_reg	112	3300023171.a:Ga0247813_10000007_380	246	7e-27	2	110	4	108	0.9642857142857143
LytTR	98	3300023171.a:Ga0247813_10000007_380	246	1e-26	2	97	148	243	0.9693877551020408
Pyr_redox_2	292	3300023171.a:Ga0247813_10000007_416	316	6.9e-44	2	292	7	299	0.9931506849315068
HTH_3	55	3300023171.a:Ga0247813_10000007_429	166	2.2e-09	1	50	65	114	0.8909090909090909
HATPase_c	111	3300023171.a:Ga0247813_10000007_436	619	3.6e-06	5	62	24	79	0.5135135135135135
Pyr_redox_2	292	3300023171.a:Ga0247813_10000007_44	578	4.4e-10	2	163	10	224	0.5513698630136986
Fer4	24	3300023171.a:Ga0247813_10000007_459	116	2.4e-09	4	24	5	25	0.8333333333333334
cNMP_binding	88	3300023171.a:Ga0247813_10000007_46	189	2.3e-09	3	84	30	113	0.9204545454545454
CbiA	128	3300023171.a:Ga0247813_10000007_462	273	7.1e-26	1	128	5	228	0.9921875
HTH_3	55	3300023171.a:Ga0247813_10000007_471	276	2.9e-15	1	52	7	58	0.9272727272727272
TPR_1	34	3300023171.a:Ga0247813_10000007_480	269	9.8e-08	1	34	117	150	0.9705882352941176
SBP_bac_3	225	3300023171.a:Ga0247813_10000007_494	481	3.1e-30	16	224	68	288	0.9244444444444444
CBS	57	3300023171.a:Ga0247813_10000007_504	335	7.6e-06	4	52	280	330	0.8421052631578947
Sigma70_r2	71	3300023171.a:Ga0247813_10000007_517	209	4.7e-14	1	70	26	95	0.971830985915493
Sigma70_r4	50	3300023171.a:Ga0247813_10000007_517	209	1.5e-08	2	50	139	187	0.96
TPR_1	34	3300023171.a:Ga0247813_10000007_525	1782	4.9e-07	9	33	182	206	0.7058823529411765
TPR_2	34	3300023171.a:Ga0247813_10000007_525	1782	7.6e-05	4	33	480	509	0.8529411764705882
TPR_2	34	3300023171.a:Ga0247813_10000007_525	1782	2.8e-05	8	32	543	567	0.7058823529411765
TPR_2	34	3300023171.a:Ga0247813_10000007_525	1782	9.3e-05	6	30	836	860	0.7058823529411765
HTH_11	55	3300023171.a:Ga0247813_10000007_56	233	2e-18	1	54	11	63	0.9636363636363636
TPR_1	34	3300023171.a:Ga0247813_10000007_59	311	2.9e-08	7	34	272	299	0.7941176470588235
HTH_11	55	3300023171.a:Ga0247813_10000007_61	244	1.1e-17	1	54	11	63	0.9636363636363636
Glyoxalase	128	3300023171.a:Ga0247813_10000007_62	138	2.1e-10	6	128	10	121	0.953125
HTH_5	47	3300023171.a:Ga0247813_10000007_64	106	6.4e-09	1	46	11	56	0.9574468085106383
HTH_18	81	3300023171.a:Ga0247813_10000007_66	303	6.5e-21	1	80	221	299	0.9753086419753086
LytTR	98	3300023171.a:Ga0247813_10000007_67	267	1.1e-16	2	95	167	263	0.9489795918367347
SpoIIE	193	3300023171.a:Ga0247813_10000007_7	651	3.3e-27	2	191	412	607	0.9792746113989638
MarR	59	3300023171.a:Ga0247813_10000007_72	153	6.7e-14	1	58	40	101	0.9661016949152542
Glyoxalase	128	3300023171.a:Ga0247813_10000007_74	121	6.6e-11	5	128	7	116	0.9609375
HTH_5	47	3300023171.a:Ga0247813_10000007_75	111	1.7e-14	1	46	25	71	0.9574468085106383
GerE	57	3300023171.a:Ga0247813_10000007_81	254	4.9e-18	2	57	192	247	0.9649122807017544
HTH_5	47	3300023171.a:Ga0247813_10000007_84	106	1.4e-09	1	46	13	58	0.9574468085106383
HxlR	91	3300023171.a:Ga0247813_10000007_94	105	5.7e-18	1	81	21	101	0.8791208791208791
CHASE3	138	3300023171.a:Ga0247813_10000008_1	242	6.8e-10	14	135	52	178	0.8768115942028986
HTH_18	81	3300023171.a:Ga0247813_10000008_100	180	2.4e-18	2	79	90	166	0.9506172839506173
LexA_DNA_bind	65	3300023171.a:Ga0247813_10000008_118	158	3.4e-05	2	33	3	34	0.47692307692307695
MarR	59	3300023171.a:Ga0247813_10000008_118	158	5.1e-05	3	57	29	83	0.9152542372881356
HTH_3	55	3300023171.a:Ga0247813_10000008_125	78	3.4e-11	1	55	18	72	0.9818181818181818
CBS	57	3300023171.a:Ga0247813_10000008_129	449	2e-06	2	54	137	194	0.9122807017543859
CBS	57	3300023171.a:Ga0247813_10000008_129	449	5.2e-07	6	56	206	256	0.8771929824561403
TPR_1	34	3300023171.a:Ga0247813_10000008_141	329	6.9e-05	2	34	149	181	0.9411764705882353
TPR_1	34	3300023171.a:Ga0247813_10000008_141	329	1.9e-11	1	34	284	317	0.9705882352941176
Glyoxalase	128	3300023171.a:Ga0247813_10000008_149	135	2.2e-15	1	127	3	127	0.984375
SBP_bac_5	377	3300023171.a:Ga0247813_10000008_151	577	3.8e-72	1	373	74	475	0.986737400530504
AAA	132	3300023171.a:Ga0247813_10000008_158	365	9.3e-09	1	131	89	223	0.9848484848484849
Sigma70_r2	71	3300023171.a:Ga0247813_10000008_164	162	8.3e-12	2	70	10	75	0.9577464788732394
Sigma70_r4_2	54	3300023171.a:Ga0247813_10000008_164	162	4.2e-19	4	54	100	150	0.9259259259259259
HATPase_c	111	3300023171.a:Ga0247813_10000008_189	268	1.1e-08	3	106	167	264	0.9279279279279279
Response_reg	112	3300023171.a:Ga0247813_10000008_190	232	4.4e-27	1	111	10	121	0.9821428571428571
GerE	57	3300023171.a:Ga0247813_10000008_190	232	5.1e-11	2	57	159	214	0.9649122807017544
AraC_binding	136	3300023171.a:Ga0247813_10000008_198	294	4.2e-13	12	117	34	143	0.7720588235294118
HTH_18	81	3300023171.a:Ga0247813_10000008_198	294	2.6e-23	1	80	210	288	0.9753086419753086
Response_reg	112	3300023171.a:Ga0247813_10000008_2	141	1.4e-12	2	108	12	127	0.9464285714285714
Pribosyltran	159	3300023171.a:Ga0247813_10000008_202	312	1.2e-18	29	134	161	258	0.660377358490566
GAF	133	3300023171.a:Ga0247813_10000008_205	161	3.3e-09	6	131	37	157	0.9398496240601504
Aminotran_1_2	363	3300023171.a:Ga0247813_10000008_211	383	3.2e-10	39	201	49	188	0.4462809917355372
B12-binding	121	3300023171.a:Ga0247813_10000008_225	711	2.5e-16	2	116	581	693	0.9421487603305785
Pyr_redox_2	292	3300023171.a:Ga0247813_10000008_243	406	6e-13	2	118	10	186	0.3972602739726027
AAA	132	3300023171.a:Ga0247813_10000008_254	342	3.7e-20	1	129	59	181	0.9696969696969697
Fer4	24	3300023171.a:Ga0247813_10000008_255	311	2.6e-05	5	23	183	201	0.75
Response_reg	112	3300023171.a:Ga0247813_10000008_261	130	1.5e-21	2	111	8	122	0.9732142857142857
PAS	113	3300023171.a:Ga0247813_10000008_262	512	8.2e-12	4	112	18	127	0.9557522123893806
PAS	113	3300023171.a:Ga0247813_10000008_262	512	2.7e-12	3	112	145	255	0.9646017699115044
HisKA	64	3300023171.a:Ga0247813_10000008_262	512	1.9e-12	2	61	280	342	0.921875
HATPase_c	111	3300023171.a:Ga0247813_10000008_262	512	6.8e-21	5	110	390	509	0.9459459459459459
NUDIX	131	3300023171.a:Ga0247813_10000008_27	176	8.4e-24	2	129	28	155	0.9694656488549618
TPR_2	34	3300023171.a:Ga0247813_10000008_272	883	2.8e-07	1	32	262	293	0.9117647058823529
Sigma70_r2	71	3300023171.a:Ga0247813_10000008_295	189	3.4e-14	1	70	29	98	0.971830985915493
Sigma70_r4_2	54	3300023171.a:Ga0247813_10000008_295	189	3.1e-12	2	54	128	180	0.9629629629629629
HisKA	64	3300023171.a:Ga0247813_10000008_296	520	1.3e-05	8	55	318	364	0.734375
HATPase_c	111	3300023171.a:Ga0247813_10000008_296	520	5.2e-20	9	109	420	518	0.9009009009009009
Pyr_redox	81	3300023171.a:Ga0247813_10000008_30	493	5.4e-05	2	35	4	37	0.4074074074074074
PfkB	302	3300023171.a:Ga0247813_10000008_301	310	1.2e-36	6	296	5	279	0.9602649006622517
MerR	38	3300023171.a:Ga0247813_10000008_31	290	1.4e-07	1	38	5	42	0.9736842105263158
B12-binding_2	75	3300023171.a:Ga0247813_10000008_31	290	2.1e-08	5	68	96	158	0.84
B12-binding	121	3300023171.a:Ga0247813_10000008_31	290	8.9e-08	11	90	186	265	0.6528925619834711
Aminotran_1_2	363	3300023171.a:Ga0247813_10000008_319	397	6.5e-71	2	362	43	384	0.9917355371900827
HMA	62	3300023171.a:Ga0247813_10000008_345	174	4.4e-06	2	59	49	111	0.9193548387096774
Reg_prop	24	3300023171.a:Ga0247813_10000008_355	986	4.9e-06	1	22	32	53	0.875
Reg_prop	24	3300023171.a:Ga0247813_10000008_355	986	4.4e-06	1	24	274	297	0.9583333333333334
Reg_prop	24	3300023171.a:Ga0247813_10000008_355	986	2.6e-05	5	24	480	499	0.7916666666666666
Y_Y_Y	66	3300023171.a:Ga0247813_10000008_355	986	7.6e-08	4	65	658	717	0.9242424242424242
HATPase_c	111	3300023171.a:Ga0247813_10000008_355	986	1.5e-05	10	108	871	977	0.8828828828828829
Response_reg	112	3300023171.a:Ga0247813_10000008_356	262	1.9e-22	2	112	9	118	0.9821428571428571
LytTR	98	3300023171.a:Ga0247813_10000008_356	262	1.4e-15	6	97	168	258	0.9285714285714286
B12-binding_2	75	3300023171.a:Ga0247813_10000008_364	891	2.3e-26	2	74	323	395	0.96
B12-binding	121	3300023171.a:Ga0247813_10000008_364	891	3.2e-22	2	94	412	504	0.7603305785123967
HxlR	91	3300023171.a:Ga0247813_10000008_374	114	3.3e-29	1	88	21	108	0.9560439560439561
Sigma70_r4_2	54	3300023171.a:Ga0247813_10000008_381	192	1.1e-10	2	54	122	174	0.9629629629629629
Response_reg	112	3300023171.a:Ga0247813_10000008_391	443	5.9e-21	1	111	4	113	0.9821428571428571
AAA	132	3300023171.a:Ga0247813_10000008_391	443	2.7e-06	1	111	158	276	0.8333333333333334
HTH_8	42	3300023171.a:Ga0247813_10000008_391	443	1.5e-16	3	42	400	439	0.9285714285714286
Response_reg	112	3300023171.a:Ga0247813_10000008_392	235	3.9e-18	1	109	11	119	0.9642857142857143
AAA	132	3300023171.a:Ga0247813_10000008_427	319	2.5e-08	2	125	46	172	0.9318181818181818
CBS	57	3300023171.a:Ga0247813_10000008_430	491	1.7e-11	8	52	100	144	0.7719298245614035
CBS	57	3300023171.a:Ga0247813_10000008_430	491	2.1e-10	1	54	153	207	0.9298245614035088
Response_reg	112	3300023171.a:Ga0247813_10000008_445	257	8.8e-23	2	111	7	114	0.9732142857142857
LytTR	98	3300023171.a:Ga0247813_10000008_445	257	1.7e-16	2	96	153	248	0.9591836734693877
HisKA	64	3300023171.a:Ga0247813_10000008_455	366	2.7e-12	2	59	149	208	0.890625
HATPase_c	111	3300023171.a:Ga0247813_10000008_455	366	6.6e-27	2	110	256	362	0.972972972972973
Response_reg	112	3300023171.a:Ga0247813_10000008_456	447	1.6e-25	1	111	6	115	0.9821428571428571
AAA	132	3300023171.a:Ga0247813_10000008_456	447	1.5e-06	1	110	170	287	0.8257575757575758
HTH_8	42	3300023171.a:Ga0247813_10000008_456	447	1e-12	2	39	407	444	0.8809523809523809
Glyoxalase	128	3300023171.a:Ga0247813_10000008_477	119	1.2e-11	7	127	10	111	0.9375
SIS	131	3300023171.a:Ga0247813_10000008_481	615	2.3e-34	2	130	295	422	0.9770992366412213
SIS	131	3300023171.a:Ga0247813_10000008_481	615	3e-34	3	130	468	596	0.9694656488549618
Response_reg	112	3300023171.a:Ga0247813_10000008_488	243	1.1e-25	1	111	4	110	0.9821428571428571
LytTR	98	3300023171.a:Ga0247813_10000008_488	243	4.2e-26	2	97	145	240	0.9693877551020408
Sigma70_r4_2	54	3300023171.a:Ga0247813_10000008_496	181	6.2e-08	5	54	124	172	0.9074074074074074
Response_reg	112	3300023171.a:Ga0247813_10000008_497	254	7e-23	2	111	7	114	0.9732142857142857
LytTR	98	3300023171.a:Ga0247813_10000008_497	254	1.5e-11	4	97	156	250	0.9489795918367347
Reg_prop	24	3300023171.a:Ga0247813_10000008_498	978	3.4e-05	1	23	74	96	0.9166666666666666
Y_Y_Y	66	3300023171.a:Ga0247813_10000008_498	978	2e-06	2	65	655	717	0.9545454545454546
Sigma70_r2	71	3300023171.a:Ga0247813_10000008_5	185	4.7e-19	2	70	28	95	0.9577464788732394
Sigma70_r4_2	54	3300023171.a:Ga0247813_10000008_5	185	2.5e-13	5	54	124	173	0.9074074074074074
TPR_1	34	3300023171.a:Ga0247813_10000008_500	659	4.4e-06	6	29	217	240	0.6764705882352942
HATPase_c	111	3300023171.a:Ga0247813_10000008_500	659	5.3e-05	14	51	550	592	0.3333333333333333
Response_reg	112	3300023171.a:Ga0247813_10000008_501	249	2.2e-22	2	112	5	113	0.9821428571428571
LytTR	98	3300023171.a:Ga0247813_10000008_501	249	3.6e-18	2	96	152	244	0.9591836734693877
Sigma70_r4	50	3300023171.a:Ga0247813_10000008_65	105	8.3e-06	5	48	26	69	0.86
HTH_18	81	3300023171.a:Ga0247813_10000008_81	279	5.4e-18	1	78	184	260	0.9506172839506173
HTH_3	55	3300023171.a:Ga0247813_10000008_87	72	6e-16	7	54	17	64	0.8545454545454545
AraC_binding	136	3300023171.a:Ga0247813_10000008_97	286	5.4e-10	17	117	38	140	0.7352941176470589
HTH_18	81	3300023171.a:Ga0247813_10000008_97	286	1.2e-21	2	80	204	281	0.9629629629629629
Response_reg	112	3300023171.a:Ga0247813_10000010_1	231	1.7e-19	1	111	5	115	0.9821428571428571
LytTR	98	3300023171.a:Ga0247813_10000010_1	231	2.6e-20	4	95	140	227	0.9285714285714286
HTH_8	42	3300023171.a:Ga0247813_10000010_113	414	3e-17	1	42	368	409	0.9761904761904762
Response_reg	112	3300023171.a:Ga0247813_10000010_134	142	3.6e-21	1	111	7	124	0.9821428571428571
LytTR	98	3300023171.a:Ga0247813_10000010_137	230	8.4e-11	4	64	120	181	0.6122448979591837
HTH_3	55	3300023171.a:Ga0247813_10000010_139	80	3.4e-09	3	54	15	66	0.9272727272727272
Pyr_redox_2	292	3300023171.a:Ga0247813_10000010_151	468	1.1e-74	1	292	4	328	0.9965753424657534
TPR_1	34	3300023171.a:Ga0247813_10000010_157	268	5.1e-07	3	34	58	89	0.9117647058823529
TPR_2	34	3300023171.a:Ga0247813_10000010_157	268	1.3e-05	2	34	91	123	0.9411764705882353
TPR_1	34	3300023171.a:Ga0247813_10000010_157	268	5.4e-10	2	33	192	223	0.9117647058823529
Pribosyltran	159	3300023171.a:Ga0247813_10000010_167	216	1.2e-11	29	137	71	178	0.6792452830188679
TrmB	68	3300023171.a:Ga0247813_10000010_177	244	2.4e-05	21	62	188	230	0.6029411764705882
TetR_N	47	3300023171.a:Ga0247813_10000010_179	208	4.1e-13	1	47	7	53	0.9787234042553191
HTH_18	81	3300023171.a:Ga0247813_10000010_184	275	6.6e-18	1	80	175	253	0.9753086419753086
TPR_1	34	3300023171.a:Ga0247813_10000010_2	586	3.1e-05	3	34	69	100	0.9117647058823529
HATPase_c	111	3300023171.a:Ga0247813_10000010_2	586	1.3e-09	5	108	491	583	0.9279279279279279
SpoIIE	193	3300023171.a:Ga0247813_10000010_22	410	3e-40	2	192	218	408	0.9844559585492227
HD	122	3300023171.a:Ga0247813_10000010_229	504	5.8e-21	2	120	320	410	0.9672131147540983
HTH_5	47	3300023171.a:Ga0247813_10000010_234	99	5.3e-11	1	45	25	69	0.9361702127659575
Pribosyltran	159	3300023171.a:Ga0247813_10000010_257	176	1.2e-15	7	120	32	147	0.710691823899371
CbiA	128	3300023171.a:Ga0247813_10000010_286	359	7.3e-16	1	122	99	318	0.9453125
HTH_3	55	3300023171.a:Ga0247813_10000010_29	351	1.6e-09	1	51	5	55	0.9090909090909091
Sigma70_r2	71	3300023171.a:Ga0247813_10000010_299	173	2.1e-13	1	69	23	89	0.9577464788732394
Sigma70_r4_2	54	3300023171.a:Ga0247813_10000010_299	173	7.4e-14	3	51	115	163	0.8888888888888888
Aminotran_1_2	363	3300023171.a:Ga0247813_10000010_301	424	1.4e-08	46	360	87	412	0.8650137741046832
Pyr_redox_2	292	3300023171.a:Ga0247813_10000010_305	305	7.4e-29	1	289	7	286	0.9863013698630136
Aminotran_1_2	363	3300023171.a:Ga0247813_10000010_318	397	1.8e-11	48	249	57	236	0.5537190082644629
CbiA	128	3300023171.a:Ga0247813_10000010_328	789	1.2e-09	1	45	583	633	0.34375
Pribosyltran	159	3300023171.a:Ga0247813_10000010_347	180	3.5e-28	3	158	10	161	0.9748427672955975
Y_Y_Y	66	3300023171.a:Ga0247813_10000010_349	1424	2.9e-09	5	53	658	705	0.7272727272727273
PAS	113	3300023171.a:Ga0247813_10000010_349	1424	7.2e-14	2	113	1042	1155	0.9823008849557522
SpoIIE	193	3300023171.a:Ga0247813_10000010_349	1424	2.6e-16	2	191	1222	1416	0.9792746113989638
AraC_binding	136	3300023171.a:Ga0247813_10000010_358	175	3.6e-05	10	60	40	94	0.36764705882352944
MarR	59	3300023171.a:Ga0247813_10000010_36	151	3.8e-14	15	59	46	90	0.7457627118644068
HisKA	64	3300023171.a:Ga0247813_10000010_368	300	5.7e-11	4	62	83	144	0.90625
HATPase_c	111	3300023171.a:Ga0247813_10000010_368	300	9.2e-20	2	109	189	298	0.963963963963964
Rhodanese	107	3300023171.a:Ga0247813_10000010_386	467	1.1e-10	5	106	263	351	0.9439252336448598
Rhodanese	107	3300023171.a:Ga0247813_10000010_386	467	1.5e-09	2	106	364	451	0.9719626168224299
Glyoxalase	128	3300023171.a:Ga0247813_10000010_392	387	3.1e-05	2	114	28	138	0.875
Glyoxalase	128	3300023171.a:Ga0247813_10000010_392	387	4.3e-17	8	127	193	339	0.9296875
GAF	133	3300023171.a:Ga0247813_10000010_40	500	3.2e-09	2	133	144	285	0.9849624060150376
HATPase_c	111	3300023171.a:Ga0247813_10000010_40	500	4.5e-08	6	108	411	497	0.918918918918919
Fer4	24	3300023171.a:Ga0247813_10000010_412	182	1e-07	6	24	72	90	0.75
Fer4	24	3300023171.a:Ga0247813_10000010_412	182	2.3e-10	1	23	113	135	0.9166666666666666
HTH_3	55	3300023171.a:Ga0247813_10000010_428	73	1.7e-16	1	55	14	68	0.9818181818181818
EPSP_synthase	417	3300023171.a:Ga0247813_10000010_59	419	7.8e-95	5	417	8	409	0.988009592326139
Response_reg	112	3300023171.a:Ga0247813_10000010_65	230	1.7e-27	1	111	7	116	0.9821428571428571
Trans_reg_C	77	3300023171.a:Ga0247813_10000010_65	230	1.1e-17	5	77	156	226	0.935064935064935
Response_reg	112	3300023171.a:Ga0247813_10000010_66	226	8.1e-30	1	112	4	116	0.9910714285714286
Trans_reg_C	77	3300023171.a:Ga0247813_10000010_66	226	3.1e-25	4	77	151	219	0.948051948051948
NUDIX	131	3300023171.a:Ga0247813_10000010_72	144	5.9e-17	4	122	6	129	0.9007633587786259
Response_reg	112	3300023171.a:Ga0247813_10000010_92	229	3.3e-30	1	111	9	120	0.9821428571428571
Trans_reg_C	77	3300023171.a:Ga0247813_10000010_92	229	2.3e-26	1	77	155	226	0.987012987012987
HisKA	64	3300023171.a:Ga0247813_10000010_93	362	4.3e-14	2	62	121	185	0.9375
HATPase_c	111	3300023171.a:Ga0247813_10000010_93	362	2.3e-25	2	109	235	344	0.963963963963964
AAA	132	3300023171.a:Ga0247813_10000010_99	406	5.8e-19	1	100	107	232	0.75
PIG-L	131	3300023171.a:Ga0247813_10000013_116	241	4.9e-21	1	130	8	124	0.9847328244274809
TPR_2	34	3300023171.a:Ga0247813_10000013_12	656	9.1e-05	3	31	124	152	0.8235294117647058
TPR_2	34	3300023171.a:Ga0247813_10000013_12	656	1.1e-05	4	30	165	191	0.7647058823529411
TPR_1	34	3300023171.a:Ga0247813_10000013_12	656	4.6e-05	7	31	208	232	0.7058823529411765
SpoIIE	193	3300023171.a:Ga0247813_10000013_12	656	1.9e-20	2	192	456	655	0.9844559585492227
CYTH	179	3300023171.a:Ga0247813_10000013_137	160	9e-12	3	159	2	134	0.8715083798882681
Aminotran_1_2	363	3300023171.a:Ga0247813_10000013_144	341	2.3e-06	39	360	32	334	0.8842975206611571
AAA	132	3300023171.a:Ga0247813_10000013_146	606	3.6e-05	2	109	396	558	0.8106060606060606
Pyr_redox_2	292	3300023171.a:Ga0247813_10000013_158	518	4.6e-10	2	112	81	251	0.3767123287671233
PfkB	302	3300023171.a:Ga0247813_10000013_161	330	1.1e-37	2	297	13	313	0.9768211920529801
Aminotran_1_2	363	3300023171.a:Ga0247813_10000013_162	399	1.1e-73	1	362	31	388	0.9944903581267218
Response_reg	112	3300023171.a:Ga0247813_10000013_167	142	6.5e-14	1	111	6	124	0.9821428571428571
Rhodanese	107	3300023171.a:Ga0247813_10000013_171	220	5.9e-10	2	80	74	141	0.7289719626168224
CbiA	128	3300023171.a:Ga0247813_10000013_175	450	1.9e-06	2	88	102	253	0.671875
Nitroreductase	170	3300023171.a:Ga0247813_10000013_186	195	9.9e-30	1	170	12	173	0.9941176470588236
MerR	38	3300023171.a:Ga0247813_10000013_197	115	1.9e-09	1	38	15	52	0.9736842105263158
SKI	158	3300023171.a:Ga0247813_10000013_2	168	3.8e-44	1	157	9	167	0.9873417721518988
cNMP_binding	88	3300023171.a:Ga0247813_10000013_218	185	9.3e-14	2	88	26	114	0.9772727272727273
TPR_1	34	3300023171.a:Ga0247813_10000013_220	367	4.1e-05	5	34	54	83	0.8529411764705882
TPR_1	34	3300023171.a:Ga0247813_10000013_220	367	2.4e-08	1	34	118	151	0.9705882352941176
TPR_1	34	3300023171.a:Ga0247813_10000013_220	367	1.4e-08	1	34	152	185	0.9705882352941176
TPR_1	34	3300023171.a:Ga0247813_10000013_220	367	1.1e-09	1	33	186	218	0.9411764705882353
TPR_1	34	3300023171.a:Ga0247813_10000013_220	367	2.6e-07	1	33	220	252	0.9411764705882353
TPR_1	34	3300023171.a:Ga0247813_10000013_220	367	1.5e-08	2	34	255	287	0.9411764705882353
TPR_2	34	3300023171.a:Ga0247813_10000013_220	367	8.3e-06	3	33	290	320	0.8823529411764706
HTH_11	55	3300023171.a:Ga0247813_10000013_225	228	5.2e-16	1	54	6	58	0.9636363636363636
Pkinase	264	3300023171.a:Ga0247813_10000013_236	298	1.7e-26	12	247	21	246	0.8901515151515151
MerR	38	3300023171.a:Ga0247813_10000013_257	249	6e-16	4	38	8	42	0.8947368421052632
Pyr_redox_2	292	3300023171.a:Ga0247813_10000013_259	464	7.5e-68	1	292	3	324	0.9965753424657534
Citrate_synt	361	3300023171.a:Ga0247813_10000013_268	429	1.9e-137	1	361	45	411	0.997229916897507
Glyoxalase	128	3300023171.a:Ga0247813_10000013_272	356	1.6e-06	2	128	8	144	0.984375
Glyoxalase	128	3300023171.a:Ga0247813_10000013_272	356	2.3e-09	5	128	166	313	0.9609375
Sigma70_r2	71	3300023171.a:Ga0247813_10000013_275	290	1.3e-18	3	70	56	123	0.9436619718309859
Sigma70_r3	78	3300023171.a:Ga0247813_10000013_275	290	8.2e-17	2	76	134	210	0.9487179487179487
Sigma70_r4	50	3300023171.a:Ga0247813_10000013_275	290	3.4e-18	2	50	225	277	0.96
HATPase_c	111	3300023171.a:Ga0247813_10000013_280	630	1.3e-12	2	109	25	176	0.963963963963964
HTH_18	81	3300023171.a:Ga0247813_10000013_292	306	2.6e-20	3	80	226	302	0.9506172839506173
CbiA	128	3300023171.a:Ga0247813_10000013_317	319	5.3e-05	9	99	126	229	0.703125
B12-binding	121	3300023171.a:Ga0247813_10000013_327	1137	2.2e-13	2	104	24	124	0.8429752066115702
TPR_2	34	3300023171.a:Ga0247813_10000013_328	396	4.5e-06	3	33	305	335	0.8823529411764706
HATPase_c	111	3300023171.a:Ga0247813_10000013_337	665	4.5e-06	6	107	575	659	0.9099099099099099
Response_reg	112	3300023171.a:Ga0247813_10000013_338	221	3.5e-24	1	111	4	117	0.9821428571428571
GerE	57	3300023171.a:Ga0247813_10000013_338	221	8.3e-21	2	57	158	213	0.9649122807017544
NUDIX	131	3300023171.a:Ga0247813_10000013_339	210	1.9e-12	5	115	75	181	0.8396946564885496
Pribosyltran	159	3300023171.a:Ga0247813_10000013_340	215	4.8e-20	9	118	50	150	0.6855345911949685
AAA	132	3300023171.a:Ga0247813_10000013_344	714	1.4e-46	2	131	243	375	0.9772727272727273
Glyoxalase	128	3300023171.a:Ga0247813_10000013_349	136	4.4e-06	8	128	6	126	0.9375
HTH_5	47	3300023171.a:Ga0247813_10000013_353	102	2.7e-09	1	47	25	72	0.9787234042553191
HTH_18	81	3300023171.a:Ga0247813_10000013_58	204	3.3e-15	4	78	99	172	0.9135802469135802
CbiA	128	3300023171.a:Ga0247813_10000013_81	789	4.5e-06	2	100	586	719	0.765625
HTH_18	81	3300023171.a:Ga0247813_10000013_86	286	1.8e-18	1	80	33	111	0.9753086419753086
Aminotran_1_2	363	3300023171.a:Ga0247813_10000013_9	386	3.6e-09	47	191	57	190	0.39669421487603307
Response_reg	112	3300023171.a:Ga0247813_10000013_90	221	8.6e-22	1	111	6	119	0.9821428571428571
GerE	57	3300023171.a:Ga0247813_10000013_90	221	1.6e-20	2	57	159	214	0.9649122807017544
TPR_1	34	3300023171.a:Ga0247813_10000013_91	624	8.7e-06	4	25	116	137	0.6176470588235294
HATPase_c	111	3300023171.a:Ga0247813_10000013_91	624	1.1e-10	4	108	534	621	0.9369369369369369
HD	122	3300023171.a:Ga0247813_10000038_111	220	3.1e-11	2	122	26	128	0.9836065573770492
Glucokinase	316	3300023171.a:Ga0247813_10000038_112	316	2.4e-09	3	311	9	306	0.9746835443037974
Response_reg	112	3300023171.a:Ga0247813_10000038_125	227	5.8e-14	2	111	4	113	0.9732142857142857
GerE	57	3300023171.a:Ga0247813_10000038_125	227	2.8e-21	2	57	152	207	0.9649122807017544
Sigma70_r2	71	3300023171.a:Ga0247813_10000038_127	197	9.9e-14	1	68	31	97	0.9436619718309859
Sigma70_r4_2	54	3300023171.a:Ga0247813_10000038_127	197	5.8e-16	7	50	136	179	0.7962962962962963
Response_reg	112	3300023171.a:Ga0247813_10000038_129	566	2.2e-11	1	111	7	119	0.9821428571428571
Guanylate_cyc	183	3300023171.a:Ga0247813_10000038_129	566	1.6e-41	4	181	157	338	0.9672131147540983
HD	122	3300023171.a:Ga0247813_10000038_129	566	1.1e-06	3	118	394	489	0.9426229508196722
CBS	57	3300023171.a:Ga0247813_10000038_132	407	2.6e-09	2	55	195	251	0.9298245614035088
CBS	57	3300023171.a:Ga0247813_10000038_132	407	1.5e-05	11	56	267	312	0.7894736842105263
Aminotran_1_2	363	3300023171.a:Ga0247813_10000038_133	399	2.4e-55	3	361	33	385	0.9862258953168044
HD	122	3300023171.a:Ga0247813_10000038_161	479	4.2e-15	2	93	260	345	0.7459016393442623
SIS	131	3300023171.a:Ga0247813_10000038_167	285	5.9e-11	50	129	140	221	0.6030534351145038
Pribosyltran	159	3300023171.a:Ga0247813_10000038_168	165	8.4e-18	6	141	5	141	0.8490566037735849
Y_Y_Y	66	3300023171.a:Ga0247813_10000038_189	1100	8.7e-14	7	65	722	778	0.8787878787878788
SpoIIE	193	3300023171.a:Ga0247813_10000038_189	1100	1.6e-20	7	192	904	1096	0.9585492227979274
HATPase_c	111	3300023171.a:Ga0247813_10000038_2	632	3.8e-11	4	94	39	142	0.8108108108108109
Pyr_redox_2	292	3300023171.a:Ga0247813_10000038_22	424	3.3e-53	1	292	4	321	0.9965753424657534
AAA	132	3300023171.a:Ga0247813_10000038_39	874	2e-14	2	125	201	333	0.9318181818181818
AAA	132	3300023171.a:Ga0247813_10000038_39	874	4.4e-11	2	114	601	723	0.8484848484848485
Glyoxalase	128	3300023171.a:Ga0247813_10000038_65	136	5e-10	5	126	7	129	0.9453125
Response_reg	112	3300023171.a:Ga0247813_10000038_7	256	1.4e-22	2	111	8	115	0.9732142857142857
LytTR	98	3300023171.a:Ga0247813_10000038_7	256	4.8e-14	5	95	157	247	0.9183673469387755
Aminotran_1_2	363	3300023171.a:Ga0247813_10000038_73	403	3.3e-13	19	270	37	254	0.6914600550964187
AAA	132	3300023171.a:Ga0247813_10000038_80	398	1.4e-14	2	126	69	200	0.9393939393939394
PALP	294	3300023171.a:Ga0247813_10000038_81	454	4.2e-71	3	292	9	302	0.9829931972789115
CBS	57	3300023171.a:Ga0247813_10000038_81	454	9.7e-07	7	56	342	390	0.8596491228070176
CBS	57	3300023171.a:Ga0247813_10000038_81	454	1.8e-05	2	55	401	452	0.9298245614035088
Peripla_BP_2	238	3300023171.a:Ga0247813_10000038_82	277	5.8e-26	1	214	34	238	0.8949579831932774
PALP	294	3300023171.a:Ga0247813_10000038_88	302	2e-21	18	294	20	294	0.9387755102040817
Glyoxalase	128	3300023171.a:Ga0247813_10000047_119	130	3.3e-08	9	125	9	116	0.90625
CBS	57	3300023171.a:Ga0247813_10000047_121	195	2.6e-05	26	53	2	28	0.47368421052631576
LacI	46	3300023171.a:Ga0247813_10000047_123	332	1.4e-11	2	46	9	56	0.9565217391304348
Peripla_BP_3	164	3300023171.a:Ga0247813_10000047_123	332	1.5e-23	20	163	192	330	0.8719512195121951
TPR_1	34	3300023171.a:Ga0247813_10000047_30	589	9.1e-06	1	30	80	109	0.8529411764705882
TPR_1	34	3300023171.a:Ga0247813_10000047_30	589	5e-05	3	31	122	150	0.8235294117647058
TPR_2	34	3300023171.a:Ga0247813_10000047_30	589	8.3e-06	6	32	205	231	0.7647058823529411
TPR_1	34	3300023171.a:Ga0247813_10000047_30	589	1.1e-07	3	31	243	271	0.8235294117647058
Response_reg	112	3300023171.a:Ga0247813_10000047_31	250	2.2e-22	2	112	5	114	0.9821428571428571
LytTR	98	3300023171.a:Ga0247813_10000047_31	250	2.7e-14	5	93	157	244	0.8979591836734694
Response_reg	112	3300023171.a:Ga0247813_10000047_34	236	1.3e-18	2	109	8	111	0.9553571428571429
LytTR	98	3300023171.a:Ga0247813_10000047_34	236	7.4e-21	3	96	140	228	0.9489795918367347
HxlR	91	3300023171.a:Ga0247813_10000047_39	97	2.1e-24	1	88	3	91	0.9560439560439561
TPR_1	34	3300023171.a:Ga0247813_10000047_64	659	5.4e-05	2	33	149	180	0.9117647058823529
HATPase_c	111	3300023171.a:Ga0247813_10000047_64	659	6.9e-07	3	101	571	651	0.8828828828828829
Response_reg	112	3300023171.a:Ga0247813_10000047_65	223	1.2e-24	1	111	5	116	0.9821428571428571
GerE	57	3300023171.a:Ga0247813_10000047_65	223	2.1e-13	2	50	153	201	0.8421052631578947
Aminotran_1_2	363	3300023171.a:Ga0247813_10000047_66	423	5.9e-37	2	362	45	395	0.9917355371900827
Glyoxalase	128	3300023171.a:Ga0247813_10000047_69	127	2.9e-09	3	127	9	121	0.96875
SpoIIE	193	3300023171.a:Ga0247813_10000047_71	480	5.3e-17	6	191	279	478	0.9585492227979274
TetR_N	47	3300023171.a:Ga0247813_10000047_97	210	8.2e-16	3	45	16	58	0.8936170212765957
EPSP_synthase	417	3300023171.a:Ga0247813_10000071_101	436	3.2e-61	3	413	8	420	0.9832134292565947
HTH_18	81	3300023171.a:Ga0247813_10000071_110	77	7.3e-20	7	80	1	73	0.9012345679012346
Response_reg	112	3300023171.a:Ga0247813_10000071_113	249	2.5e-21	2	112	5	113	0.9821428571428571
LytTR	98	3300023171.a:Ga0247813_10000071_113	249	4.8e-15	2	97	151	245	0.9693877551020408
TPR_1	34	3300023171.a:Ga0247813_10000071_114	658	2.5e-05	5	30	141	166	0.7352941176470589
TPR_1	34	3300023171.a:Ga0247813_10000071_114	658	6.4e-06	1	28	177	204	0.7941176470588235
TPR_2	34	3300023171.a:Ga0247813_10000071_114	658	5.3e-05	7	33	268	294	0.7647058823529411
Response_reg	112	3300023171.a:Ga0247813_10000071_123	242	3.7e-21	2	111	6	113	0.9732142857142857
LytTR	98	3300023171.a:Ga0247813_10000071_123	242	2.4e-20	3	97	145	238	0.9591836734693877
Reg_prop	24	3300023171.a:Ga0247813_10000071_124	1028	8.6e-05	1	23	30	52	0.9166666666666666
Y_Y_Y	66	3300023171.a:Ga0247813_10000071_124	1028	8.5e-11	1	46	706	750	0.6818181818181818
HTH_1	60	3300023171.a:Ga0247813_10000071_128	308	1.6e-21	1	60	4	63	0.9833333333333333
LysR_substrate	209	3300023171.a:Ga0247813_10000071_128	308	8.8e-25	3	160	89	243	0.7511961722488039
Pyr_redox_2	292	3300023171.a:Ga0247813_10000071_14	413	2.1e-07	2	112	6	173	0.3767123287671233
TPR_2	34	3300023171.a:Ga0247813_10000071_21	213	4.4e-06	7	32	129	154	0.7352941176470589
TrmB	68	3300023171.a:Ga0247813_10000071_27	168	6.7e-05	5	56	22	74	0.75
CheB_methylest	170	3300023171.a:Ga0247813_10000071_39	1380	9.8e-57	1	169	16	192	0.9882352941176471
CheR_N	53	3300023171.a:Ga0247813_10000071_39	1380	4.1e-12	3	52	216	265	0.9245283018867925
CheR	195	3300023171.a:Ga0247813_10000071_39	1380	4.9e-56	2	193	280	468	0.9794871794871794
PAS	113	3300023171.a:Ga0247813_10000071_39	1380	3.4e-07	4	113	731	841	0.9646017699115044
PAS	113	3300023171.a:Ga0247813_10000071_39	1380	1.2e-06	4	113	855	965	0.9646017699115044
PAS	113	3300023171.a:Ga0247813_10000071_39	1380	7.3e-05	2	109	981	1087	0.9469026548672567
HisKA	64	3300023171.a:Ga0247813_10000071_39	1380	4.6e-09	4	62	1135	1198	0.90625
HATPase_c	111	3300023171.a:Ga0247813_10000071_39	1380	1.1e-16	5	109	1245	1378	0.9369369369369369
Response_reg	112	3300023171.a:Ga0247813_10000071_40	156	3e-20	1	111	8	124	0.9821428571428571
cNMP_binding	88	3300023171.a:Ga0247813_10000071_43	230	1e-18	3	88	41	127	0.9659090909090909
Crp	32	3300023171.a:Ga0247813_10000071_43	230	9.9e-12	1	32	177	208	0.96875
Sigma70_r2	71	3300023171.a:Ga0247813_10000071_46	181	3.4e-05	7	62	22	73	0.7746478873239436
Sigma70_r4_2	54	3300023171.a:Ga0247813_10000071_46	181	9.9e-05	2	39	110	147	0.6851851851851852
ATPase_2	233	3300023171.a:Ga0247813_10000071_7	481	9.6e-05	20	125	177	281	0.45064377682403434
Peptidase_M23	96	3300023171.a:Ga0247813_10000071_89	322	3.4e-30	2	96	125	220	0.9791666666666666
AraC_binding	136	3300023171.a:Ga0247813_10000144_22	266	2.3e-05	34	94	22	84	0.4411764705882353
HTH_18	81	3300023171.a:Ga0247813_10000144_22	266	4.1e-19	1	80	184	262	0.9753086419753086
cNMP_binding	88	3300023171.a:Ga0247813_10000144_27	192	9.1e-08	2	80	30	110	0.8863636363636364
TPR_1	34	3300023171.a:Ga0247813_10000144_29	1094	7.2e-09	3	31	133	161	0.8235294117647058
TetR_N	47	3300023171.a:Ga0247813_10000144_4	207	8.5e-17	1	45	18	62	0.9361702127659575
FecR	96	3300023171.a:Ga0247813_10000144_40	324	9.7e-17	3	95	115	206	0.9583333333333334
Sigma70_r2	71	3300023171.a:Ga0247813_10000144_41	169	1.6e-10	2	69	3	68	0.9436619718309859
Sigma70_r4_2	54	3300023171.a:Ga0247813_10000144_41	169	2.9e-18	2	52	97	147	0.9259259259259259
Aminotran_1_2	363	3300023171.a:Ga0247813_10000144_5	358	1.6e-44	5	361	29	353	0.9807162534435262
Peripla_BP_2	238	3300023171.a:Ga0247813_10000144_50	372	6e-13	2	236	85	332	0.9831932773109243
HATPase_c	111	3300023171.a:Ga0247813_10000144_61	652	2.8e-20	4	109	38	177	0.9459459459459459
NUDIX	131	3300023171.a:Ga0247813_10000144_64	209	1.6e-15	4	79	45	126	0.5725190839694656
NUDIX	131	3300023171.a:Ga0247813_10000168_20	183	1.1e-18	2	113	36	154	0.8473282442748091
TPR_1	34	3300023171.a:Ga0247813_10000168_31	784	4.3e-05	2	26	117	141	0.7058823529411765
TPR_2	34	3300023171.a:Ga0247813_10000168_32	717	6.8e-06	2	29	131	158	0.7941176470588235
Response_reg	112	3300023171.a:Ga0247813_10000168_40	242	1.3e-22	2	111	4	112	0.9732142857142857
LytTR	98	3300023171.a:Ga0247813_10000168_40	242	1.1e-15	2	91	147	236	0.9081632653061225
cNMP_binding	88	3300023171.a:Ga0247813_10000168_41	193	7.8e-14	2	88	30	117	0.9772727272727273
Response_reg	112	3300023171.a:Ga0247813_10000168_45	412	1.1e-26	1	111	12	125	0.9821428571428571
HisKA	64	3300023171.a:Ga0247813_10000168_45	412	6.8e-10	5	61	183	244	0.875
HATPase_c	111	3300023171.a:Ga0247813_10000168_45	412	1.2e-17	6	108	293	410	0.918918918918919
HisKA	64	3300023171.a:Ga0247813_10000168_46	2123	1.5e-18	2	64	1437	1504	0.96875
HATPase_c	111	3300023171.a:Ga0247813_10000168_46	2123	2.6e-29	1	109	1551	1674	0.972972972972973
Response_reg	112	3300023171.a:Ga0247813_10000168_46	2123	8.2e-17	2	108	1737	1841	0.9464285714285714
Response_reg	112	3300023171.a:Ga0247813_10000168_46	2123	3.8e-14	2	103	1859	1961	0.9017857142857143
Response_reg	112	3300023171.a:Ga0247813_10000168_46	2123	2.5e-30	1	109	2004	2114	0.9642857142857143
Response_reg	112	3300023171.a:Ga0247813_10000168_47	142	4.3e-22	1	105	6	115	0.9285714285714286
CHASE3	138	3300023171.a:Ga0247813_10000168_48	483	3.4e-25	5	130	39	168	0.9057971014492754
HisKA	64	3300023171.a:Ga0247813_10000168_48	483	4.6e-12	2	62	268	333	0.9375
HATPase_c	111	3300023171.a:Ga0247813_10000168_48	483	4.8e-23	5	108	375	479	0.9279279279279279
LytTR	98	3300023171.a:Ga0247813_10000168_56	238	7.6e-18	5	94	142	230	0.9081632653061225
HD	122	3300023171.a:Ga0247813_10000168_6	417	8.2e-12	1	121	61	178	0.9836065573770492
Glyoxalase	128	3300023171.a:Ga0247813_10000168_62	149	5.1e-09	2	126	9	141	0.96875
Response_reg	112	3300023171.a:Ga0247813_10000168_7	514	1.3e-26	1	110	5	113	0.9732142857142857
PglZ	176	3300023171.a:Ga0247813_10000168_7	514	5.1e-33	3	175	227	419	0.9772727272727273
Sigma70_r4_2	54	3300023171.a:Ga0247813_10000260_27	184	7.3e-08	3	42	120	159	0.7222222222222222
STAS	117	3300023171.a:Ga0247813_10000260_30	118	9.5e-12	4	117	7	109	0.9658119658119658
FUR	120	3300023171.a:Ga0247813_10000260_31	152	3.9e-29	2	120	21	140	0.9833333333333333
HD	122	3300023171.a:Ga0247813_10000260_33	738	1.7e-08	1	122	58	157	0.9918032786885246
HisKA	64	3300023171.a:Ga0247813_10000260_50	459	3e-11	2	60	232	293	0.90625
HATPase_c	111	3300023171.a:Ga0247813_10000260_50	459	2.6e-22	1	109	346	453	0.972972972972973
Response_reg	112	3300023171.a:Ga0247813_10000260_51	239	2.8e-29	1	112	7	117	0.9910714285714286
Trans_reg_C	77	3300023171.a:Ga0247813_10000260_51	239	2.5e-25	1	77	155	230	0.987012987012987
HisKA	64	3300023171.a:Ga0247813_10000267_10	762	9.6e-11	2	64	532	599	0.96875
HATPase_c	111	3300023171.a:Ga0247813_10000267_10	762	1e-22	4	110	643	755	0.954954954954955
SIS	131	3300023171.a:Ga0247813_10000267_30	193	2.1e-11	50	109	105	164	0.45038167938931295
Aminotran_1_2	363	3300023171.a:Ga0247813_10000267_39	425	2.1e-07	51	316	72	339	0.7300275482093664
Response_reg	112	3300023171.a:Ga0247813_10000267_40	207	2.3e-05	12	110	14	113	0.875
GerE	57	3300023171.a:Ga0247813_10000267_40	207	4.4e-21	2	56	147	201	0.9473684210526315
Peripla_BP_2	238	3300023171.a:Ga0247813_10000267_42	287	4.2e-32	1	237	36	262	0.9915966386554622
TPR_1	34	3300023171.a:Ga0247813_10000267_7	420	8.8e-06	1	30	159	188	0.8529411764705882
TPR_2	34	3300023171.a:Ga0247813_10000267_7	420	1.5e-06	1	30	239	268	0.8529411764705882
TPR_2	34	3300023171.a:Ga0247813_10000267_7	420	7.5e-05	2	32	280	310	0.8823529411764706
Response_reg	112	3300023171.a:Ga0247813_10005059_2	239	1.3e-16	2	111	5	113	0.9732142857142857
LytTR	98	3300023171.a:Ga0247813_10005059_2	239	1.2e-15	5	96	143	234	0.9285714285714286
Reg_prop	24	3300023171.a:Ga0247813_10005059_4	973	2.5e-05	1	23	31	53	0.9166666666666666
Reg_prop	24	3300023171.a:Ga0247813_10005059_4	973	3.3e-05	1	22	72	93	0.875
Y_Y_Y	66	3300023171.a:Ga0247813_10005059_4	973	2.2e-09	4	61	652	707	0.8636363636363636
HATPase_c	111	3300023171.a:Ga0247813_10005059_4	973	1.3e-05	13	108	874	966	0.8558558558558559
Fe_dep_repress	60	3300023171.a:Ga0247813_10005267_5	226	9.7e-19	1	59	6	65	0.9666666666666667
Fe_dep_repr_C	70	3300023171.a:Ga0247813_10005267_5	226	8.9e-31	1	69	69	137	0.9714285714285714
FeoA	74	3300023171.a:Ga0247813_10005267_5	226	2.9e-12	2	73	151	222	0.9594594594594594
TPR_2	34	3300023171.a:Ga0247813_10011127_2	352	9.4e-06	3	30	273	300	0.7941176470588235
Sigma70_r2	71	3300023171.a:Ga0247813_10011127_3	227	6e-10	1	67	68	131	0.9295774647887324
Sigma70_r4_2	54	3300023171.a:Ga0247813_10011127_3	227	3.4e-13	2	54	162	214	0.9629629629629629
