3300002481.a:JGI24020J35080_1000664_2	gnl|TC-DB|O29098|3.A.1.26.8	40.7	199	112	4	12	206	10	206	3.1e-41	164.9
3300002481.a:JGI24020J35080_1000664_3	gnl|TC-DB|O29097|3.A.1.26.8	30.9	385	213	11	34	418	39	370	2.6e-34	142.9
3300002481.a:JGI24020J35080_1000664_5	gnl|TC-DB|Q5UY20|3.A.5.7.1	49.0	416	204	2	6	413	10	425	4.8e-108	387.9
3300002481.a:JGI24020J35080_1000664_11	gnl|TC-DB|P16676|3.A.1.6.1	32.6	218	139	4	42	254	3	217	2.4e-27	119.0
3300002481.a:JGI24020J35080_1000664_18	gnl|TC-DB|D7CMN2|2.A.1.54.3	42.1	413	230	2	7	410	22	434	6.2e-89	324.3
3300002481.a:JGI24020J35080_1000664_21	gnl|TC-DB|P0A9V1|1.B.42.1.2	33.2	232	131	7	13	225	15	241	4.3e-28	121.3
3300002481.a:JGI24020J35080_1000664_24	gnl|TC-DB|G2JTB4|3.A.11.1.4	42.8	138	70	3	47	183	7	136	1.3e-25	112.8
3300002481.a:JGI24020J35080_1000755_15	gnl|TC-DB|D2RDX9|2.A.20.3.4	57.1	308	132	0	1	308	1	308	1.5e-87	319.3
3300002481.a:JGI24020J35080_1000836_20	gnl|TC-DB|P69451|4.C.1.1.4	29.0	528	324	15	57	553	45	552	4.9e-49	192.2
3300002481.a:JGI24020J35080_1003123_7	gnl|TC-DB|Q9HR73|5.A.3.3.3	32.4	102	52	2	6	90	6	107	6.9e-12	67.0
3300002481.a:JGI24020J35080_1000110_8	gnl|TC-DB|Q9HPN8|2.A.49.6.4	28.5	613	380	19	11	584	179	772	2.5e-51	199.9
3300002481.a:JGI24020J35080_1000110_24	gnl|TC-DB|Q46G03|9.B.104.1.2	35.0	180	109	4	86	260	16	192	8.2e-18	87.4
3300002481.a:JGI24020J35080_1000110_49	gnl|TC-DB|O28769|8.A.59.1.1	56.3	339	140	4	4	335	1	338	9.7e-101	363.2
3300002481.a:JGI24020J35080_1000110_70	gnl|TC-DB|P54537|3.A.1.3.15	60.8	240	94	0	4	243	1	240	1.4e-80	295.8
3300002481.a:JGI24020J35080_1000110_71	gnl|TC-DB|Q8YSA2|3.A.1.3.17	51.7	209	95	1	9	211	273	481	4.6e-46	181.0
3300002481.a:JGI24020J35080_1000110_72	gnl|TC-DB|P0AEQ3|3.A.1.3.2	36.0	225	135	5	65	287	27	244	1.8e-34	142.9
3300002481.a:JGI24020J35080_1000110_75	gnl|TC-DB|Q8L158|3.A.3.6.5	54.8	630	266	6	84	704	41	660	1.5e-196	682.6
3300002481.a:JGI24020J35080_1000110_79	gnl|TC-DB|Q9Y8Z4|2.A.108.2.8	35.5	262	168	1	6	266	9	270	4.6e-35	144.8
3300002481.a:JGI24020J35080_1000110_83	gnl|TC-DB|P39886|2.A.1.3.12	32.7	404	271	1	1	403	37	440	1.6e-59	226.9
3300002481.a:JGI24020J35080_1000110_86	gnl|TC-DB|O28652|2.A.98.2.1	44.7	302	165	1	26	327	24	323	1.2e-58	223.4
3300002481.a:JGI24020J35080_1001345_6	gnl|TC-DB|Q8ID54|3.A.25.2.1	32.0	228	141	6	3	217	80	306	1.5e-27	119.8
3300002481.a:JGI24020J35080_1001345_9	gnl|TC-DB|O29740|2.A.7.3.36	47.9	280	140	3	25	302	7	282	1.6e-62	236.1
3300002481.a:JGI24020J35080_1000581_8	gnl|TC-DB|H8I779|3.A.1.132.8	43.9	269	135	5	2	263	4	263	1.2e-54	209.9
3300002481.a:JGI24020J35080_1000581_18	gnl|TC-DB|F8D414|9.B.149.1.6	37.2	376	210	8	1	350	1	376	6.7e-55	211.1
3300002481.a:JGI24020J35080_1001024_8	gnl|TC-DB|Q51330|2.A.1.11.1	30.5	393	249	12	4	385	16	395	6.2e-38	154.8
3300002481.a:JGI24020J35080_1002663_3	gnl|TC-DB|B3EBP1|4.D.1.3.3	27.9	269	122	6	8	264	320	528	1.8e-14	76.6
3300002481.a:JGI24020J35080_1002453_3	gnl|TC-DB|O29285|1.A.11.5.1	66.8	398	124	1	2	399	1	390	3.5e-150	527.7
3300002481.a:JGI24020J35080_1000572_2	gnl|TC-DB|O28731|2.A.1.59.3	50.3	384	174	5	1	382	1	369	2.1e-99	359.0
3300002481.a:JGI24020J35080_1000572_8	gnl|TC-DB|P45403|9.B.14.1.2	30.9	643	430	9	3	635	4	642	3.6e-67	252.7
3300002481.a:JGI24020J35080_1000572_19	gnl|TC-DB|L0JEP6|1.A.54.4.2	31.3	179	105	3	12	180	13	183	1.3e-12	70.1
3300002481.a:JGI24020J35080_1000572_30	gnl|TC-DB|Q9L714|3.A.7.18.1	34.6	327	187	9	178	488	141	456	7.7e-42	168.3
3300002481.a:JGI24020J35080_1000645_7	gnl|TC-DB|O30085|3.A.3.5.10	78.2	637	137	2	107	743	56	690	3.4e-279	957.2
3300002481.a:JGI24020J35080_1000645_14	gnl|TC-DB|Q6A1F6|3.B.1.1.6	51.1	458	216	3	3	453	7	463	1.4e-132	469.5
3300002481.a:JGI24020J35080_1000645_19	gnl|TC-DB|Q8PVB2|9.B.125.2.2	32.1	318	174	8	9	294	11	318	3.2e-34	142.1
3300002481.a:JGI24020J35080_1001135_3	gnl|TC-DB|F2KRG7|4.D.2.1.3	50.6	326	161	0	9	334	1	326	1.8e-81	299.3
3300002481.a:JGI24020J35080_1000219_14	gnl|TC-DB|P94398|9.B.10.1.1	24.2	297	183	7	2	292	34	294	8.4e-14	74.3
3300002481.a:JGI24020J35080_1000219_48	gnl|TC-DB|P46903|3.A.1.115.1	40.6	217	122	4	20	230	20	235	2.7e-43	172.2
3300002481.a:JGI24020J35080_1000219_54	gnl|TC-DB|Q9P9F1|3.D.9.1.1	27.5	331	220	9	24	340	7	331	4.8e-31	131.7
3300002481.a:JGI24020J35080_1001406_9	gnl|TC-DB|O29777|3.A.3.5.7	66.4	733	229	3	76	808	20	735	6.7e-265	909.8
3300002481.a:JGI24020J35080_1000390_6	gnl|TC-DB|W0WJ85|3.A.1.5.39	23.8	501	297	15	203	693	21	446	7.4e-26	115.5
3300002481.a:JGI24020J35080_1000390_7	gnl|TC-DB|P77308|3.A.1.5.38	40.4	329	190	4	8	331	7	334	3.1e-59	225.3
3300002481.a:JGI24020J35080_1000390_8	gnl|TC-DB|W0WMS8|3.A.1.5.39	34.3	312	164	5	57	363	27	302	1.3e-42	170.2
3300002481.a:JGI24020J35080_1000390_9	gnl|TC-DB|Q9X0F4|3.A.1.5.12	50.0	322	159	2	1	321	1	321	4.7e-92	334.3
3300002481.a:JGI24020J35080_1000390_10	gnl|TC-DB|Q9WXR3|3.A.1.5.29	56.0	325	130	6	1	314	1	323	7.3e-98	353.6
3300002481.a:JGI24020J35080_1000390_17	gnl|TC-DB|O27990|2.A.1.29.1	66.6	374	123	2	21	394	9	380	2.0e-137	485.3
3300002481.a:JGI24020J35080_1000390_26	gnl|TC-DB|Q9L714|3.A.7.18.1	29.0	411	269	9	296	690	78	481	8.9e-38	155.2
3300002481.a:JGI24020J35080_1000390_34	gnl|TC-DB|O29039|2.A.6.7.1	47.9	755	373	3	1	749	1	741	1.6e-188	656.0
3300002481.a:JGI24020J35080_1000593_5	gnl|TC-DB|O29988|2.A.19.8.2	78.3	392	85	0	1	392	1	392	4.5e-166	580.5
3300002481.a:JGI24020J35080_1000593_15	gnl|TC-DB|Q60188|3.A.2.3.1	53.7	203	94	0	3	205	5	207	6.1e-53	203.8
3300002481.a:JGI24020J35080_1000593_16	gnl|TC-DB|Q60187|3.A.2.3.1	71.9	456	128	0	2	457	3	458	3.1e-198	687.6
3300002481.a:JGI24020J35080_1000593_17	gnl|TC-DB|Q60186|3.A.2.3.1	66.3	566	191	0	5	570	3	568	8.8e-227	782.7
3300002481.a:JGI24020J35080_1000593_18	gnl|TC-DB|Q60185|3.A.2.3.1	46.0	100	51	2	4	100	2	101	5.3e-18	86.7
3300002481.a:JGI24020J35080_1000593_19	gnl|TC-DB|Q60184|3.A.2.3.1	43.1	341	185	5	14	349	24	360	2.7e-69	258.8
3300002481.a:JGI24020J35080_1000593_20	gnl|TC-DB|Q60183|3.A.2.3.1	47.3	74	39	0	109	182	109	182	3.4e-15	78.2
3300002481.a:JGI24020J35080_1000593_22	gnl|TC-DB|D3E1Y6|3.A.2.3.2	28.4	517	341	10	138	640	164	665	2.7e-43	173.3
3300002481.a:JGI24020J35080_1000379_15	gnl|TC-DB|Q8J305|2.A.95.1.4	32.2	208	136	1	1	203	5	212	4.9e-26	114.4
3300002481.a:JGI24020J35080_1000379_18	gnl|TC-DB|Q8R9C0|3.A.1.23.4	37.8	209	116	3	1	195	1	209	1.3e-29	126.3
3300002481.a:JGI24020J35080_1000379_21	gnl|TC-DB|Q8RD07|3.A.1.23.5	39.7	242	137	4	6	239	2	242	2.4e-45	178.7
3300002481.a:JGI24020J35080_1000379_27	gnl|TC-DB|Q9ZK21|1.C.82.1.1	30.0	207	131	6	13	214	28	225	1.2e-14	76.6
3300002481.a:JGI24020J35080_1000379_41	gnl|TC-DB|P96797|3.D.7.1.1	35.9	390	223	11	11	378	20	404	5.6e-68	254.6
3300002481.a:JGI24020J35080_1001308_4	gnl|TC-DB|P0A9V1|1.B.42.1.2	27.7	235	154	5	9	238	4	227	2.0e-16	82.8
3300002481.a:JGI24020J35080_1001308_8	gnl|TC-DB|P23894|9.B.1.1.6	33.6	295	164	11	13	284	2	287	2.1e-22	102.8
3300002481.a:JGI24020J35080_1001392_7	gnl|TC-DB|D5AU53|2.A.21.7.4	23.8	554	357	12	20	558	18	521	1.2e-26	117.9
3300002481.a:JGI24020J35080_1001392_9	gnl|TC-DB|P31552|4.C.1.1.6	23.9	543	358	13	95	624	14	514	3.7e-27	119.8
3300002481.a:JGI24020J35080_1001425_5	gnl|TC-DB|Q8ZRP7|3.A.1.13.1	28.1	203	135	4	79	278	25	219	2.9e-20	95.9
3300002481.a:JGI24020J35080_1001425_9	gnl|TC-DB|Q9RK11|3.A.1.14.13	34.6	240	154	2	2	238	18	257	8.8e-40	161.0
3300002481.a:JGI24020J35080_1001425_10	gnl|TC-DB|Q57130|3.A.1.14.11	37.4	211	120	5	4	203	120	329	8.0e-29	123.6
3300002481.a:JGI24020J35080_1001625_6	gnl|TC-DB|O05228|2.A.63.1.4	42.7	82	47	0	10	91	8	89	8.7e-12	65.9
3300002481.a:JGI24020J35080_1001625_9	gnl|TC-DB|Q8U102|3.D.1.4.1	30.6	134	88	3	24	153	6	138	2.4e-12	68.6
3300002481.a:JGI24020J35080_1001625_11	gnl|TC-DB|Q8U100|3.D.1.4.1	37.9	509	254	15	24	495	7	490	1.2e-70	263.8
3300002481.a:JGI24020J35080_1001625_12	gnl|TC-DB|P72316|3.D.1.4.3	31.1	235	147	8	78	302	278	507	1.4e-18	90.1
3300002481.a:JGI24020J35080_1000200_6	gnl|TC-DB|Q8DQI0|3.A.1.4.10	32.3	285	190	2	4	285	1	285	1.3e-32	136.7
3300002481.a:JGI24020J35080_1000200_7	gnl|TC-DB|P21628|3.A.1.4.8	24.8	322	209	7	12	308	93	406	1.5e-18	90.1
3300002481.a:JGI24020J35080_1000200_8	gnl|TC-DB|Q8DQH8|3.A.1.4.10	46.2	251	117	3	2	236	3	251	9.3e-56	213.4
3300002481.a:JGI24020J35080_1000200_9	gnl|TC-DB|Q8DQH7|3.A.1.4.10	49.6	232	117	0	6	237	4	235	2.3e-64	241.9
3300002481.a:JGI24020J35080_1000200_32	gnl|TC-DB|Q47539|3.A.1.17.1	34.2	240	149	5	13	252	40	270	1.2e-29	126.7
3300002481.a:JGI24020J35080_1000200_33	gnl|TC-DB|C0LZR9|3.A.1.17.5	42.9	226	121	4	11	229	18	242	3.3e-47	184.9
3300002481.a:JGI24020J35080_1000200_39	gnl|TC-DB|O28239|2.A.80.2.2	40.2	286	148	6	22	302	22	289	4.0e-45	178.3
3300002481.a:JGI24020J35080_1000200_50	gnl|TC-DB|Q9PMA7|3.D.1.7.1	30.1	408	245	13	68	456	73	459	5.9e-27	118.6
3300002481.a:JGI24020J35080_1000200_51	gnl|TC-DB|P56752|3.D.1.8.1	30.2	437	228	12	39	454	57	437	1.2e-35	147.9
3300002481.a:JGI24020J35080_1000200_54	gnl|TC-DB|O47950|3.D.1.6.2	45.1	133	72	1	19	150	86	218	4.3e-30	128.6
3300002481.a:JGI24020J35080_1000200_55	gnl|TC-DB|P22142|3.D.1.6.2	35.8	391	249	2	30	419	89	478	6.7e-67	251.1
3300002481.a:JGI24020J35080_1000200_56	gnl|TC-DB|Q746T2|3.D.1.5.1	31.5	314	193	7	56	358	17	319	2.0e-25	113.2
3300002481.a:JGI24020J35080_1000200_58	gnl|TC-DB|Q9P9F1|3.D.9.1.1	26.1	337	225	11	29	350	8	335	5.0e-31	131.7
3300002481.a:JGI24020J35080_1000393_3	gnl|TC-DB|P96797|3.D.7.1.1	27.4	412	272	9	51	460	18	404	4.4e-35	145.6
3300002481.a:JGI24020J35080_1000393_8	gnl|TC-DB|Q9HR73|5.A.3.3.3	49.6	141	70	1	114	253	68	208	1.5e-37	152.9
3300002481.a:JGI24020J35080_1000393_9	gnl|TC-DB|Q9HR72|5.A.3.3.3	27.3	344	223	8	15	341	23	356	1.2e-30	131.0
3300002481.a:JGI24020J35080_1000393_20	gnl|TC-DB|A2SPE8|3.A.1.26.2	24.3	453	285	12	98	524	216	636	9.5e-19	91.7
3300002481.a:JGI24020J35080_1000393_29	gnl|TC-DB|Q7UHP7|9.A.47.2.1	32.7	397	234	11	96	474	60	441	1.6e-47	187.2
3300002481.a:JGI24020J35080_1000393_35	gnl|TC-DB|T2K7N8|3.D.7.2.3	29.4	591	279	21	3	497	18	566	9.8e-53	204.5
3300002481.a:JGI24020J35080_1000393_36	gnl|TC-DB|Q50248|3.D.7.1.1	36.8	367	199	10	6	346	19	378	1.4e-57	219.9
3300002481.a:JGI24020J35080_1000490_9	gnl|TC-DB|P33760|3.A.20.1.5	37.2	188	110	5	207	386	768	955	1.7e-25	113.6
3300002481.a:JGI24020J35080_1000490_11	gnl|TC-DB|P76630|2.A.78.1.3	31.3	230	148	6	9	230	18	245	8.2e-14	73.9
3300002481.a:JGI24020J35080_1000724_4	gnl|TC-DB|P55072|3.A.16.1.1	45.7	254	138	0	137	390	460	713	1.4e-56	216.9
3300002481.a:JGI24020J35080_1000724_15	gnl|TC-DB|Q59578|3.D.8.1.1	46.5	557	288	6	4	551	5	560	2.4e-144	508.8
3300002481.a:JGI24020J35080_1000724_16	gnl|TC-DB|O27601|3.D.8.1.1	47.4	424	210	7	4	416	11	432	1.5e-111	399.4
3300002481.a:JGI24020J35080_1001598_2	gnl|TC-DB|D2RXA5|8.A.7.1.3	33.5	409	225	10	353	736	157	543	2.5e-48	190.3
3300002481.a:JGI24020J35080_1001729_9	gnl|TC-DB|Q93KD6|3.A.1.6.2	33.2	295	162	9	6	279	2	282	5.6e-37	151.4
3300002481.a:JGI24020J35080_1001729_10	gnl|TC-DB|Q3M5U2|3.A.1.6.4	32.3	223	144	2	6	226	27	244	1.3e-24	109.8
3300002481.a:JGI24020J35080_1001729_11	gnl|TC-DB|Q93KD4|3.A.1.6.2	41.0	210	122	2	5	213	1	209	4.4e-39	157.9
3300002481.a:JGI24020J35080_1001240_7	gnl|TC-DB|Q6KZR9|3.A.4.1.2	30.1	309	184	7	2	293	3	296	8.9e-29	124.0
3300002481.a:JGI24020J35080_1001240_9	gnl|TC-DB|Q5JIF7|2.A.114.1.3	62.3	579	199	4	1	562	1	577	4.3e-202	700.7
3300002481.a:JGI24020J35080_1003831_2	gnl|TC-DB|Q9C4Z5|1.A.8.13.2	46.2	247	104	6	5	228	3	243	2.5e-42	168.7
3300002481.a:JGI24020J35080_1001393_12	gnl|TC-DB|O68106|3.A.1.23.8	40.5	205	118	1	13	213	17	221	7.8e-42	167.5
3300002481.a:JGI24020J35080_1001393_15	gnl|TC-DB|Q05594|3.A.1.23.6	51.2	215	102	2	1	214	31	243	2.0e-54	208.8
3300002481.a:JGI24020J35080_1000999_7	gnl|TC-DB|Q9WXW0|3.A.1.2.18	35.5	304	183	3	14	308	20	319	4.8e-46	181.4
3300002481.a:JGI24020J35080_1000999_8	gnl|TC-DB|Q8DU38|3.A.1.2.12	31.2	349	226	5	17	352	8	355	4.1e-41	165.2
3300002481.a:JGI24020J35080_1000999_9	gnl|TC-DB|Q8DU37|3.A.1.2.12	44.6	500	274	2	7	504	5	503	2.3e-130	462.2
3300002481.a:JGI24020J35080_1000237_18	gnl|TC-DB|Q89V93|2.A.102.4.6	24.6	284	185	7	7	276	91	359	1.1e-12	70.5
3300002481.a:JGI24020J35080_1000237_28	gnl|TC-DB|Q7UHP7|9.A.47.2.1	28.8	379	242	11	86	449	60	425	1.4e-32	137.5
3300002481.a:JGI24020J35080_1000237_47	gnl|TC-DB|Q47538|3.A.1.17.1	43.2	206	115	1	7	210	4	209	8.3e-49	190.3
3300002481.a:JGI24020J35080_1000237_48	gnl|TC-DB|Q2BM70|3.A.1.17.4	31.0	242	158	3	16	248	64	305	8.7e-22	100.5
3300002481.a:JGI24020J35080_1000237_51	gnl|TC-DB|P25744|2.A.1.2.20	26.6	379	258	10	14	375	13	388	4.6e-17	85.5
3300002481.a:JGI24020J35080_1000237_58	gnl|TC-DB|O34691|2.A.1.82.4	29.3	392	252	9	20	397	15	395	1.7e-35	146.7
3300002481.a:JGI24020J35080_1000516_4	gnl|TC-DB|X5GWN5|3.D.10.1.6	35.0	223	141	3	6	227	29	248	6.0e-36	147.5
3300002481.a:JGI24020J35080_1000516_5	gnl|TC-DB|F9VN10|3.D.10.1.4	47.4	570	286	6	2	563	3	566	1.2e-140	496.5
3300002481.a:JGI24020J35080_1000516_9	gnl|TC-DB|O59180|8.A.21.2.1	63.1	233	86	0	13	245	17	249	3.5e-71	264.6
3300002481.a:JGI24020J35080_1000516_12	gnl|TC-DB|Q45460|3.A.1.12.3	34.2	114	72	2	5	116	251	363	4.2e-11	65.1
3300002481.a:JGI24020J35080_1000516_18	gnl|TC-DB|P76128|3.A.1.5.38	28.7	488	318	10	62	534	33	505	7.9e-52	201.4
3300002481.a:JGI24020J35080_1000516_19	gnl|TC-DB|W0WN20|3.A.1.5.39	39.0	333	200	3	6	336	3	334	8.9e-62	233.8
3300002481.a:JGI24020J35080_1000516_20	gnl|TC-DB|P51000|3.A.1.5.27	38.9	265	154	2	25	282	28	291	2.6e-46	182.2
3300002481.a:JGI24020J35080_1000516_21	gnl|TC-DB|Q9X271|3.A.1.5.15	50.7	302	145	3	1	298	2	303	5.5e-82	300.8
3300002481.a:JGI24020J35080_1000516_22	gnl|TC-DB|Q9WXR3|3.A.1.5.29	48.0	329	155	6	1	319	1	323	7.5e-82	300.4
3300002481.a:JGI24020J35080_1003675_5	gnl|TC-DB|O68878|3.A.1.14.21	33.0	321	203	4	34	343	6	325	1.2e-40	163.7
3300002481.a:JGI24020J35080_1003675_6	gnl|TC-DB|Q9RK11|3.A.1.14.13	35.6	239	151	2	6	242	21	258	1.3e-41	166.4
3300002481.a:JGI24020J35080_1001182_2	gnl|TC-DB|Q38954|2.A.20.2.4	38.9	422	149	5	9	327	161	576	2.7e-71	265.4
3300002481.a:JGI24020J35080_1001182_3	gnl|TC-DB|C7QI22|3.A.1.105.18	35.1	288	178	6	47	333	456	735	8.1e-39	157.5
3300002481.a:JGI24020J35080_1000893_10	gnl|TC-DB|O28769|8.A.59.1.1	28.2	358	217	8	1	341	1	335	5.5e-35	144.8
3300002481.a:JGI24020J35080_1001009_14	gnl|TC-DB|O24896|2.A.21.2.6	24.8	492	340	9	4	487	11	480	8.5e-21	98.2
3300002481.a:JGI24020J35080_1000339_16	gnl|TC-DB|Q5SJX5|9.B.120.1.3	38.6	233	130	4	3	222	11	243	2.4e-34	142.1
3300002481.a:JGI24020J35080_1000339_25	gnl|TC-DB|O67092|3.D.7.2.1	37.7	114	66	2	1	109	4	117	1.0e-16	84.3
3300002481.a:JGI24020J35080_1000339_32	gnl|TC-DB|P69451|4.C.1.1.4	25.4	563	355	14	4	535	22	550	1.9e-37	153.7
3300002481.a:JGI24020J35080_1000339_43	gnl|TC-DB|Q8ID54|3.A.25.2.1	37.4	254	147	8	3	246	83	334	2.5e-35	145.6
3300002481.a:JGI24020J35080_1002521_1	gnl|TC-DB|P32705|2.A.21.7.2	20.7	464	321	13	7	454	36	468	1.8e-13	73.9
3300002481.a:JGI24020J35080_1000804_2	gnl|TC-DB|Q57604|1.A.1.13.8	32.8	320	205	5	13	323	11	329	1.1e-43	173.7
3300002481.a:JGI24020J35080_1000804_4	gnl|TC-DB|D4GZC9|2.A.64.5.1	33.9	245	153	4	8	244	18	261	2.1e-23	105.9
3300002481.a:JGI24020J35080_1000804_6	gnl|TC-DB|P77338|1.A.23.1.1	24.8	218	161	2	11	225	840	1057	3.8e-15	78.6
3300002481.a:JGI24020J35080_1000804_7	gnl|TC-DB|O28661|2.A.3.6.1	60.5	739	285	3	7	744	2	734	8.6e-251	862.8
3300002481.a:JGI24020J35080_1000804_17	gnl|TC-DB|P56751|3.D.1.8.1	43.6	117	64	1	1	115	3	119	2.2e-23	104.8
3300002481.a:JGI24020J35080_1000804_18	gnl|TC-DB|Q74GA7|3.D.1.5.1	60.0	140	54	2	20	159	19	156	2.0e-46	181.8
3300002481.a:JGI24020J35080_1000804_19	gnl|TC-DB|Q74GA6|3.D.1.5.1	39.8	123	69	2	49	166	28	150	7.1e-23	103.6
3300002481.a:JGI24020J35080_1000804_20	gnl|TC-DB|Q56220|3.D.1.3.1	47.8	387	176	2	2	363	24	409	1.1e-94	343.2
3300002481.a:JGI24020J35080_1000804_21	gnl|TC-DB|P0AFD4|3.D.1.1.1	40.8	306	180	1	26	331	18	322	1.2e-66	250.0
3300002481.a:JGI24020J35080_1000804_23	gnl|TC-DB|Q9P9F7|3.D.9.1.1	36.6	153	87	2	12	157	22	171	1.6e-16	82.4
3300002481.a:JGI24020J35080_1000804_24	gnl|TC-DB|Q9P9F6|3.D.9.1.1	45.7	94	51	0	6	99	9	102	6.8e-18	86.3
3300002481.a:JGI24020J35080_1000804_25	gnl|TC-DB|Q52978|2.A.63.1.1	28.9	318	187	10	4	301	27	325	4.4e-20	95.1
3300002481.a:JGI24020J35080_1001655_7	gnl|TC-DB|J8ABC0|3.A.1.105.9	37.0	311	191	3	27	333	1	310	1.5e-56	216.5
3300002481.a:JGI24020J35080_1001655_11	gnl|TC-DB|O29993|9.A.8.1.8	56.3	641	274	4	1	638	1	638	1.7e-199	692.2
3300002481.a:JGI24020J35080_1001423_10	gnl|TC-DB|O00571|1.I.1.1.3	23.3	339	228	8	33	350	206	533	1.0e-11	68.9
3300002481.a:JGI24020J35080_1000621_17	gnl|TC-DB|P55072|3.A.16.1.1	38.8	245	140	6	100	335	461	704	1.5e-38	156.8
3300002481.a:JGI24020J35080_1002527_4	gnl|TC-DB|Q8U051|3.A.5.7.2	57.0	279	119	1	62	339	39	317	3.8e-84	308.1
3300002481.a:JGI24020J35080_1000676_21	gnl|TC-DB|O59010|2.A.23.1.5	56.9	418	171	4	8	418	4	419	1.0e-110	396.7
3300002481.a:JGI24020J35080_1001464_3	gnl|TC-DB|Q92LL4|3.A.1.15.9	37.0	227	140	3	21	246	30	254	4.6e-37	151.4
3300002481.a:JGI24020J35080_1001464_8	gnl|TC-DB|P69451|4.C.1.1.4	36.2	558	343	8	17	563	1	556	7.8e-103	370.9
3300002481.a:JGI24020J35080_1001104_3	gnl|TC-DB|I6ZP97|9.B.14.2.5	32.8	174	107	2	32	195	39	212	3.6e-23	105.1
3300002481.a:JGI24020J35080_1001104_21	gnl|TC-DB|P33927|9.B.14.1.3	27.4	649	427	14	2	617	4	641	3.6e-48	189.5
3300002481.a:JGI24020J35080_1000484_1	gnl|TC-DB|A9WCZ6|3.A.1.13.2	37.6	109	63	3	9	113	28	135	3.2e-11	64.3
3300002481.a:JGI24020J35080_1000484_9	gnl|TC-DB|F2KQZ0|4.D.2.1.6	54.1	540	231	7	4	534	6	537	3.1e-157	551.6
3300002481.a:JGI24020J35080_1000484_10	gnl|TC-DB|D3S2C5|9.B.142.1.2	44.0	570	293	10	65	632	68	613	9.4e-129	457.2
3300002481.a:JGI24020J35080_1000484_12	gnl|TC-DB|P69451|4.C.1.1.4	28.2	560	338	18	3	527	22	552	1.6e-44	177.2
3300002481.a:JGI24020J35080_1000484_17	gnl|TC-DB|O50471|2.A.21.7.1	26.6	496	325	11	13	492	6	478	6.9e-32	135.2
3300002481.a:JGI24020J35080_1000242_16	gnl|TC-DB|A2BTW4|9.B.150.1.3	34.2	199	120	2	2	189	16	214	1.4e-27	119.4
3300002481.a:JGI24020J35080_1000242_29	gnl|TC-DB|O29412|2.A.36.6.1	48.3	435	210	5	7	441	6	425	2.6e-105	379.0
3300002481.a:JGI24020J35080_1000242_30	gnl|TC-DB|Q6KZR9|3.A.4.1.2	43.3	383	213	3	13	391	1	383	1.8e-93	339.3
3300002481.a:JGI24020J35080_1000242_33	gnl|TC-DB|Q8PW04|2.A.88.8.4	40.6	197	106	3	35	228	4	192	1.8e-32	136.0
3300002481.a:JGI24020J35080_1000242_37	gnl|TC-DB|Q4VWC9|3.A.1.105.4	45.5	224	117	2	20	238	342	565	1.4e-48	189.9
3300002481.a:JGI24020J35080_1000242_38	gnl|TC-DB|C6EIY9|3.A.1.105.15	23.9	373	251	7	4	348	9	376	9.8e-19	90.9
3300002481.a:JGI24020J35080_1000242_42	gnl|TC-DB|P0AFZ7|2.A.38.1.1	38.4	485	285	7	1	473	1	483	3.0e-87	318.9
3300002481.a:JGI24020J35080_1000242_43	gnl|TC-DB|P0AGI8|2.A.38.1.1	26.2	439	307	10	1	424	1	437	3.6e-47	185.7
3300002481.a:JGI24020J35080_1000242_44	gnl|TC-DB|O05523|2.A.64.3.2	28.4	236	166	2	8	241	8	242	4.1e-19	91.7
3300002481.a:JGI24020J35080_1000951_12	gnl|TC-DB|A3CWV0|1.A.54.2.2	32.5	271	165	6	12	265	17	286	3.5e-32	135.2
3300002481.a:JGI24020J35080_1000770_12	gnl|TC-DB|O29973|2.A.7.3.28	44.1	279	148	4	1	276	1	274	4.6e-56	214.5
3300002481.a:JGI24020J35080_1000990_10	gnl|TC-DB|O31791|2.A.7.1.6	50.0	100	50	0	4	103	5	104	1.1e-18	89.0
3300002481.a:JGI24020J35080_1000990_11	gnl|TC-DB|Q8PW04|2.A.88.8.4	38.5	187	111	1	39	225	8	190	1.1e-29	126.7
3300002481.a:JGI24020J35080_1000775_1	gnl|TC-DB|A0YL48|2.A.66.5.3	25.0	408	297	6	23	424	37	441	5.7e-19	92.0
3300002481.a:JGI24020J35080_1000696_9	gnl|TC-DB|P42332|3.A.1.131.1	39.4	193	111	3	1	187	4	196	1.3e-29	126.3
3300002481.a:JGI24020J35080_1000696_22	gnl|TC-DB|Q96GZ6|1.A.26.2.3	25.1	374	244	9	40	395	102	457	1.6e-12	70.5
3300002481.a:JGI24020J35080_1000488_12	gnl|TC-DB|D3RXV6|1.A.106.2.5	51.3	191	92	1	3	193	2	191	1.4e-48	189.1
3300002481.a:JGI24020J35080_1000488_13	gnl|TC-DB|P28542|3.A.5.7.1	48.9	487	235	7	10	489	8	487	5.3e-124	441.0
3300002481.a:JGI24020J35080_1000488_39	gnl|TC-DB|P96797|3.D.7.1.1	28.0	336	211	10	62	378	81	404	2.0e-38	156.4
3300002481.a:JGI24020J35080_1000488_42	gnl|TC-DB|Q07711|3.A.7.7.1	24.9	494	303	20	500	928	93	583	3.7e-17	87.0
3300002481.a:JGI24020J35080_1000383_1	gnl|TC-DB|P55072|3.A.16.1.1	53.8	615	268	5	125	725	144	756	3.3e-186	648.3
3300002481.a:JGI24020J35080_1000383_16	gnl|TC-DB|Q9HR72|5.A.3.3.3	30.3	416	246	11	15	409	26	418	9.0e-32	134.4
3300002481.a:JGI24020J35080_1000383_17	gnl|TC-DB|Q9HR73|5.A.3.3.3	44.5	236	97	3	1	230	1	208	1.1e-61	233.0
3300002481.a:JGI24020J35080_1000383_18	gnl|TC-DB|Q93PD2|5.A.3.9.1	26.2	997	569	26	5	886	21	965	5.3e-69	259.2
3300002481.a:JGI24020J35080_1000383_24	gnl|TC-DB|Q74GA4|3.D.1.5.1	43.4	143	78	1	7	149	28	167	8.7e-33	136.3
3300002481.a:JGI24020J35080_1000383_25	gnl|TC-DB|Q74GA3|3.D.1.5.1	58.5	566	227	4	6	565	5	568	2.8e-204	708.0
3300002481.a:JGI24020J35080_1000383_26	gnl|TC-DB|Q746S9|3.D.1.5.1	32.5	246	135	8	6	244	4	225	3.5e-26	116.7
3300002481.a:JGI24020J35080_1000463_16	gnl|TC-DB|E8V3S2|4.F.1.3.2	42.1	171	83	4	25	179	27	197	1.5e-26	115.9
3300002481.a:JGI24020J35080_1000463_30	gnl|TC-DB|Q8ZX41|2.A.124.1.5	36.1	166	93	2	41	203	134	289	6.3e-18	87.4
3300002481.a:JGI24020J35080_1000954_7	gnl|TC-DB|Q58206|3.A.1.122.14	58.4	226	90	2	9	230	1	226	9.1e-74	273.1
3300002481.a:JGI24020J35080_1000954_8	gnl|TC-DB|Q58207|3.A.1.122.14	33.8	308	191	5	1	304	1	299	9.6e-41	164.1
3300002481.a:JGI24020J35080_1000221_8	gnl|TC-DB|P74318|3.A.1.4.2	29.7	293	174	11	8	290	11	281	9.4e-18	87.4
3300002481.a:JGI24020J35080_1000221_10	gnl|TC-DB|Q55164|3.A.1.4.2	41.7	252	144	1	6	254	16	267	5.4e-51	197.6
3300002481.a:JGI24020J35080_1000221_11	gnl|TC-DB|Q8YT15|3.A.1.4.6	39.7	234	138	3	1	233	11	242	1.1e-45	179.9
3300002481.a:JGI24020J35080_1000221_32	gnl|TC-DB|J8ABC0|3.A.1.105.9	32.9	307	190	5	4	294	2	308	1.3e-48	189.9
3300002481.a:JGI24020J35080_1000436_7	gnl|TC-DB|P71879|2.A.1.3.49	31.4	407	264	6	2	397	5	407	1.1e-46	184.1
3300002481.a:JGI24020J35080_1000436_10	gnl|TC-DB|P0A1I1|5.A.3.5.1	31.5	146	73	5	11	141	17	150	9.3e-16	79.7
3300002481.a:JGI24020J35080_1000557_1	gnl|TC-DB|O59179|8.A.21.2.1	34.4	424	264	7	17	426	5	428	2.6e-56	216.1
3300002481.a:JGI24020J35080_1000557_12	gnl|TC-DB|P55072|3.A.16.1.1	47.1	713	269	6	114	798	134	766	3.0e-180	628.6
3300002481.a:JGI24020J35080_1000557_25	gnl|TC-DB|Q9V0A4|3.B.1.1.5	68.5	520	159	1	4	518	3	522	1.5e-209	725.3
3300002481.a:JGI24020J35080_1001894_12	gnl|TC-DB|Q56992|3.A.1.14.5	30.7	345	207	5	7	341	5	327	1.3e-36	150.2
3300002481.a:JGI24020J35080_1001894_13	gnl|TC-DB|Q9S215|3.A.1.14.22	34.5	252	158	5	2	246	23	274	2.3e-38	155.6
3300002481.a:JGI24020J35080_1000351_7	gnl|TC-DB|Q9V0A7|3.B.1.1.5	63.9	385	111	1	9	365	16	400	3.3e-126	448.0
3300002481.a:JGI24020J35080_1000351_10	gnl|TC-DB|Q6MMK1|2.A.6.6.11	43.5	423	224	7	7	420	10	426	2.6e-87	318.9
3300002481.a:JGI24020J35080_1000351_12	gnl|TC-DB|Q58206|3.A.1.122.14	46.7	225	111	2	6	221	1	225	6.3e-54	207.2
3300002481.a:JGI24020J35080_1000351_39	gnl|TC-DB|P69451|4.C.1.1.4	36.2	577	327	13	5	558	3	561	2.8e-89	325.9
3300002481.a:JGI24020J35080_1000351_42	gnl|TC-DB|Q8VM84|3.A.1.4.3	27.9	319	195	5	7	315	13	306	9.2e-22	100.9
3300002481.a:JGI24020J35080_1000351_43	gnl|TC-DB|Q8VM85|3.A.1.4.3	31.5	298	180	7	1	285	1	287	8.7e-26	114.0
3300002481.a:JGI24020J35080_1000351_45	gnl|TC-DB|Q8DQH8|3.A.1.4.10	40.6	251	122	2	1	224	1	251	7.9e-49	190.3
3300002481.a:JGI24020J35080_1000351_46	gnl|TC-DB|P22731|3.A.1.4.1	46.0	213	110	3	1	209	5	216	1.9e-47	185.7
3300002481.a:JGI24020J35080_1001037_10	gnl|TC-DB|Q9P9F3|3.D.9.1.1	42.0	495	257	8	4	475	3	490	8.0e-88	320.9
3300002481.a:JGI24020J35080_1001037_11	gnl|TC-DB|Q9P9F4|3.D.9.1.1	45.8	485	246	8	3	481	6	479	1.1e-108	390.2
3300002481.a:JGI24020J35080_1000732_3	gnl|TC-DB|O58089|9.B.149.1.9	37.8	291	152	6	77	344	84	368	6.4e-47	184.5
3300002481.a:JGI24020J35080_1000732_18	gnl|TC-DB|N0BA79|9.B.8.2.4	59.7	477	179	9	1	470	1	471	3.4e-152	534.6
