HTH_AraC	42	3300011923.a:Ga0120898_10002_115	283	7.7e-13	10	41	237	269	0.7380952380952381
Trans_reg_C	77	3300011923.a:Ga0120898_10002_134	229	4.1e-22	2	77	151	221	0.974025974025974
HTH_1	60	3300011923.a:Ga0120898_10002_173	310	1.7e-22	1	60	5	64	0.9833333333333333
GerE	57	3300011923.a:Ga0120898_10002_191	236	5.5e-20	2	56	173	227	0.9473684210526315
CSD	66	3300011923.a:Ga0120898_10002_200	71	4.8e-30	2	65	6	68	0.9545454545454546
HTH_AraC	42	3300011923.a:Ga0120898_10002_249	344	4.9e-10	11	42	308	340	0.7380952380952381
HTH_AraC	42	3300011923.a:Ga0120898_10002_266	310	7.4e-09	6	42	218	254	0.8571428571428571
HTH_AraC	42	3300011923.a:Ga0120898_10002_266	310	2e-13	2	42	266	304	0.9523809523809523
TrmB	68	3300011923.a:Ga0120898_10002_275	597	7.4e-05	27	55	180	208	0.4117647058823529
GntR	64	3300011923.a:Ga0120898_10002_336	227	1e-17	2	64	18	79	0.96875
MarR	59	3300011923.a:Ga0120898_10002_338	161	5.6e-07	5	48	9	52	0.7288135593220338
HTH_1	60	3300011923.a:Ga0120898_10002_386	308	1.3e-21	2	59	10	67	0.95
MerR	38	3300011923.a:Ga0120898_10002_396	130	4.6e-12	1	38	3	39	0.9736842105263158
GntR	64	3300011923.a:Ga0120898_10002_4	227	2.1e-16	4	64	11	70	0.9375
MarR	59	3300011923.a:Ga0120898_10002_415	159	6.4e-11	1	57	42	98	0.9491525423728814
HTH_1	60	3300011923.a:Ga0120898_10002_431	300	1.4e-20	1	60	3	62	0.9833333333333333
HTH_1	60	3300011923.a:Ga0120898_10002_442	312	1.6e-23	1	60	3	62	0.9833333333333333
HTH_8	42	3300011923.a:Ga0120898_10002_448	95	1.4e-13	2	42	50	90	0.9523809523809523
HTH_1	60	3300011923.a:Ga0120898_10002_452	310	6.3e-22	1	60	7	66	0.9833333333333333
HTH_8	42	3300011923.a:Ga0120898_10002_469	359	1e-05	12	42	316	346	0.7142857142857143
HTH_1	60	3300011923.a:Ga0120898_10002_485	296	1.7e-17	2	59	6	63	0.95
HTH_1	60	3300011923.a:Ga0120898_10002_526	296	7.4e-20	1	60	5	64	0.9833333333333333
Trans_reg_C	77	3300011923.a:Ga0120898_10002_545	239	1.6e-25	3	77	157	231	0.961038961038961
GerE	57	3300011923.a:Ga0120898_10002_64	208	2.1e-05	11	43	154	186	0.5614035087719298
GntR	64	3300011923.a:Ga0120898_10003_109	248	7.9e-24	1	64	14	77	0.984375
HTH_1	60	3300011923.a:Ga0120898_10003_126	312	6.5e-16	5	60	13	68	0.9166666666666666
HTH_1	60	3300011923.a:Ga0120898_10003_133	327	1.3e-16	2	59	8	65	0.95
DUF24	91	3300011923.a:Ga0120898_10003_16	128	7.6e-24	2	89	23	110	0.9560439560439561
HTH_1	60	3300011923.a:Ga0120898_10003_172	308	1.6e-17	1	60	3	64	0.9833333333333333
HTH_1	60	3300011923.a:Ga0120898_10003_20	302	1.7e-17	1	60	7	66	0.9833333333333333
Trans_reg_C	77	3300011923.a:Ga0120898_10003_219	219	1.7e-23	4	77	148	216	0.948051948051948
Crp	32	3300011923.a:Ga0120898_10003_247	236	1.2e-16	1	32	176	207	0.96875
HTH_AraC	42	3300011923.a:Ga0120898_10003_306	262	9.3e-08	9	41	177	209	0.7619047619047619
HTH_AraC	42	3300011923.a:Ga0120898_10003_306	262	9.3e-12	8	42	224	259	0.8095238095238095
HTH_1	60	3300011923.a:Ga0120898_10003_329	307	5.1e-15	1	59	4	62	0.9666666666666667
Crp	32	3300011923.a:Ga0120898_10003_351	296	9.6e-05	3	22	154	173	0.59375
HTH_AraC	42	3300011923.a:Ga0120898_10003_377	329	3.3e-08	9	40	294	326	0.7380952380952381
MarR	59	3300011923.a:Ga0120898_10003_381	155	5.5e-08	7	58	51	102	0.864406779661017
Arc	50	3300011923.a:Ga0120898_10003_408	91	3.6e-12	10	44	11	45	0.68
Arc	50	3300011923.a:Ga0120898_10003_409	54	9.4e-06	9	33	13	37	0.48
HTH_8	42	3300011923.a:Ga0120898_10003_434	90	2.9e-17	2	41	44	83	0.9285714285714286
HTH_AraC	42	3300011923.a:Ga0120898_10003_52	263	4e-07	15	42	178	205	0.6428571428571429
HTH_AraC	42	3300011923.a:Ga0120898_10003_52	263	4.3e-07	4	38	215	250	0.8095238095238095
CSD	66	3300011923.a:Ga0120898_10003_54	98	1.2e-13	2	65	7	67	0.9545454545454546
HTH_1	60	3300011923.a:Ga0120898_10005_105	296	2.3e-22	3	59	5	61	0.9333333333333333
HTH_1	60	3300011923.a:Ga0120898_10005_117	295	1e-24	1	59	3	61	0.9666666666666667
HTH_1	60	3300011923.a:Ga0120898_10005_124	299	6.6e-19	1	59	4	62	0.9666666666666667
GerE	57	3300011923.a:Ga0120898_10005_127	173	1.7e-07	3	42	124	164	0.6842105263157895
HTH_AraC	42	3300011923.a:Ga0120898_10005_15	343	7.9e-11	7	42	304	340	0.8333333333333334
Rrf2	83	3300011923.a:Ga0120898_10005_212	265	2.2e-05	12	70	8	67	0.6987951807228916
HTH_AraC	42	3300011923.a:Ga0120898_10005_215	287	3.2e-09	9	41	27	59	0.7619047619047619
Trans_reg_C	77	3300011923.a:Ga0120898_10005_269	255	1.8e-23	1	77	172	248	0.987012987012987
CSD	66	3300011923.a:Ga0120898_10005_286	211	4.8e-10	5	53	9	56	0.7272727272727273
HTH_AraC	42	3300011923.a:Ga0120898_10005_290	334	4.1e-06	8	39	245	275	0.7380952380952381
HTH_AraC	42	3300011923.a:Ga0120898_10005_290	334	5.4e-10	9	42	294	328	0.7857142857142857
HTH_11	55	3300011923.a:Ga0120898_10005_325	298	4.6e-09	1	47	15	60	0.8363636363636363
HTH_3	55	3300011923.a:Ga0120898_10005_326	80	8.5e-09	1	51	8	59	0.9090909090909091
HTH_3	55	3300011923.a:Ga0120898_10005_335	102	6.9e-05	4	49	28	73	0.8181818181818182
HTH_3	55	3300011923.a:Ga0120898_10005_353	60	1.7e-07	7	29	26	48	0.4
HTH_1	60	3300011923.a:Ga0120898_10005_379	309	4.5e-15	2	60	5	63	0.9666666666666667
HTH_10	53	3300011923.a:Ga0120898_10005_66	230	2.5e-05	22	48	27	53	0.49056603773584906
HTH_AraC	42	3300011923.a:Ga0120898_10005_96	338	5.6e-10	6	42	294	331	0.8571428571428571
HTH_1	60	3300011923.a:Ga0120898_10011_124	330	5.2e-19	1	59	8	66	0.9666666666666667
Trans_reg_C	77	3300011923.a:Ga0120898_10011_182	225	6.1e-22	1	77	150	221	0.987012987012987
GntR	64	3300011923.a:Ga0120898_10011_19	227	8e-13	3	64	5	65	0.953125
HTH_1	60	3300011923.a:Ga0120898_10011_234	300	4.8e-14	2	59	7	64	0.95
GntR	64	3300011923.a:Ga0120898_10011_236	251	9.3e-21	2	64	4	66	0.96875
MarR	59	3300011923.a:Ga0120898_10011_24	271	5.9e-06	14	49	39	74	0.5932203389830508
MarR	59	3300011923.a:Ga0120898_10011_241	156	5.2e-08	7	48	10	51	0.6949152542372882
HTH_1	60	3300011923.a:Ga0120898_10011_247	115	1.1e-13	6	59	25	83	0.8833333333333333
MarR	59	3300011923.a:Ga0120898_10012_117	163	4e-07	4	47	6	49	0.7288135593220338
PadR	75	3300011923.a:Ga0120898_10012_122	181	1.2e-12	1	74	7	79	0.9733333333333334
DUF24	91	3300011923.a:Ga0120898_10012_147	162	1.4e-25	1	89	19	106	0.967032967032967
GntR	64	3300011923.a:Ga0120898_10012_148	460	2e-16	2	64	4	66	0.96875
MarR	59	3300011923.a:Ga0120898_10012_15	486	7.2e-08	1	49	419	467	0.8135593220338984
HTH_1	60	3300011923.a:Ga0120898_10012_159	310	4.9e-17	4	60	27	83	0.9333333333333333
HTH_AraC	42	3300011923.a:Ga0120898_10012_174	342	2e-05	1	38	247	283	0.8809523809523809
HTH_AraC	42	3300011923.a:Ga0120898_10012_174	342	4.6e-12	7	42	301	337	0.8333333333333334
HTH_5	47	3300011923.a:Ga0120898_10012_181	105	1.5e-13	3	46	28	71	0.9148936170212766
HTH_Mga	60	3300011923.a:Ga0120898_10012_191	172	1.3e-06	11	41	126	156	0.5
HTH_1	60	3300011923.a:Ga0120898_10012_195	297	1e-17	2	60	6	64	0.9666666666666667
MarR	59	3300011923.a:Ga0120898_10012_196	154	3.6e-08	7	58	51	102	0.864406779661017
HTH_11	55	3300011923.a:Ga0120898_10012_201	272	2.2e-06	13	44	40	71	0.5636363636363636
HTH_1	60	3300011923.a:Ga0120898_10012_218	298	1.3e-18	1	60	3	61	0.9833333333333333
HTH_1	60	3300011923.a:Ga0120898_10012_250	302	1.1e-19	2	60	4	66	0.9666666666666667
HTH_AraC	42	3300011923.a:Ga0120898_10012_40	312	2.6e-08	1	42	214	255	0.9761904761904762
HTH_AraC	42	3300011923.a:Ga0120898_10012_40	312	2.2e-07	7	42	269	305	0.8333333333333334
Trans_reg_C	77	3300011923.a:Ga0120898_10012_54	235	1.5e-22	3	76	159	232	0.948051948051948
HTH_5	47	3300011923.a:Ga0120898_10012_66	162	4.3e-05	5	30	13	39	0.5319148936170213
HTH_8	42	3300011923.a:Ga0120898_10012_70	492	3.3e-16	4	42	439	477	0.9047619047619048
CSD	66	3300011923.a:Ga0120898_10014_106	72	1.4e-29	2	65	8	70	0.9545454545454546
HTH_5	47	3300011923.a:Ga0120898_10014_129	100	3.7e-07	17	46	42	71	0.6170212765957447
GerE	57	3300011923.a:Ga0120898_10014_140	217	1e-21	1	55	150	204	0.9473684210526315
HTH_1	60	3300011923.a:Ga0120898_10014_15	313	2.9e-16	3	60	19	76	0.95
DUF24	91	3300011923.a:Ga0120898_10014_155	113	4e-29	1	87	22	110	0.945054945054945
SirB	120	3300011923.a:Ga0120898_10014_161	131	7e-15	3	119	6	127	0.9666666666666667
PadR	75	3300011923.a:Ga0120898_10014_172	180	3.8e-19	1	74	42	109	0.9733333333333334
FUR	120	3300011923.a:Ga0120898_10014_173	130	1.6e-20	2	119	11	125	0.975
FUR	120	3300011923.a:Ga0120898_10014_191	167	9e-12	2	119	35	154	0.975
HTH_AraC	42	3300011923.a:Ga0120898_10014_207	257	5.1e-09	5	39	219	254	0.8095238095238095
HTH_1	60	3300011923.a:Ga0120898_10014_215	314	2e-17	3	59	15	71	0.9333333333333333
HTH_1	60	3300011923.a:Ga0120898_10014_26	303	5.1e-19	2	60	6	64	0.9666666666666667
GntR	64	3300011923.a:Ga0120898_10014_28	474	4.3e-11	2	64	5	67	0.96875
MerR	38	3300011923.a:Ga0120898_10014_39	138	1.7e-17	2	38	6	42	0.9473684210526315
Trans_reg_C	77	3300011923.a:Ga0120898_10014_70	237	7.1e-27	4	77	155	227	0.948051948051948
HTH_1	60	3300011923.a:Ga0120898_10015_134	306	1.1e-20	2	60	4	62	0.9666666666666667
HTH_1	60	3300011923.a:Ga0120898_10015_157	300	2e-18	2	60	5	63	0.9666666666666667
HTH_AraC	42	3300011923.a:Ga0120898_10015_195	337	6.9e-13	8	42	296	331	0.8095238095238095
Trans_reg_C	77	3300011923.a:Ga0120898_10015_20	229	2.1e-25	2	77	145	223	0.974025974025974
MerR	38	3300011923.a:Ga0120898_10015_56	162	6.5e-16	1	38	11	47	0.9736842105263158
FUR	120	3300011923.a:Ga0120898_10015_62	149	3.5e-20	2	117	17	133	0.9583333333333334
Trans_reg_C	77	3300011923.a:Ga0120898_10015_65	225	3.5e-22	4	77	153	221	0.948051948051948
Rrf2	83	3300011923.a:Ga0120898_10020_115	147	1.6e-21	1	82	1	81	0.9759036144578314
HTH_1	60	3300011923.a:Ga0120898_10020_168	298	1.6e-26	1	60	3	62	0.9833333333333333
HTH_AraC	42	3300011923.a:Ga0120898_10020_169	268	2.9e-06	1	42	172	213	0.9761904761904762
HTH_AraC	42	3300011923.a:Ga0120898_10020_169	268	5.1e-10	10	42	229	262	0.7619047619047619
HTH_1	60	3300011923.a:Ga0120898_10020_76	274	4.6e-11	18	60	3	45	0.7
PspC	53	3300011923.a:Ga0120898_10020_85	89	6.3e-23	3	52	6	62	0.9245283018867925
FUR	120	3300011923.a:Ga0120898_10023_103	147	2.1e-47	1	120	10	130	0.9916666666666667
GntR	64	3300011923.a:Ga0120898_10023_118	472	1.1e-14	2	64	4	66	0.96875
HTH_1	60	3300011923.a:Ga0120898_10023_133	302	2.3e-19	1	60	4	63	0.9833333333333333
HTH_8	42	3300011923.a:Ga0120898_10023_39	477	5.7e-17	2	42	429	469	0.9523809523809523
GerE	57	3300011923.a:Ga0120898_10023_41	212	3.8e-17	2	57	148	203	0.9649122807017544
LytTR	98	3300011923.a:Ga0120898_10023_62	247	8.3e-25	4	97	150	243	0.9489795918367347
HTH_1	60	3300011923.a:Ga0120898_10026_109	300	2.3e-14	1	59	5	63	0.9666666666666667
HTH_1	60	3300011923.a:Ga0120898_10026_112	325	4.2e-21	1	60	8	67	0.9833333333333333
HTH_3	55	3300011923.a:Ga0120898_10026_17	71	2.3e-16	1	55	12	66	0.9818181818181818
HTH_3	55	3300011923.a:Ga0120898_10026_18	105	3.3e-08	1	55	13	71	0.9818181818181818
HTH_11	55	3300011923.a:Ga0120898_10026_2	157	6.1e-08	3	43	8	46	0.7272727272727273
Trans_reg_C	77	3300011923.a:Ga0120898_10026_44	395	1.1e-05	1	59	226	282	0.7532467532467533
HTH_AraC	42	3300011923.a:Ga0120898_10026_49	284	1.5e-06	1	35	15	49	0.8095238095238095
HTH_AraC	42	3300011923.a:Ga0120898_10026_49	284	8.1e-12	7	42	71	107	0.8333333333333334
HTH_1	60	3300011923.a:Ga0120898_10026_63	294	5.4e-17	2	59	6	63	0.95
MerR	38	3300011923.a:Ga0120898_10026_9	74	6.3e-06	1	19	23	41	0.47368421052631576
Rrf2	83	3300011923.a:Ga0120898_10026_91	158	6.6e-33	1	83	1	83	0.9879518072289156
HTH_3	55	3300011923.a:Ga0120898_10032_3	235	1.4e-06	7	55	33	81	0.8727272727272727
GntR	64	3300011923.a:Ga0120898_10034_37	232	2.4e-15	1	64	9	71	0.984375
HTH_1	60	3300011923.a:Ga0120898_10035_6	305	1.6e-21	2	60	12	70	0.9666666666666667
MarR	59	3300011923.a:Ga0120898_10043_5	149	4.6e-18	1	59	38	96	0.9830508474576272
