PUL0017	1.60e-29
PUL0017	4.27e-182
PUL0049	5.25e-110
PUL0106	2.40e-183
PUL0230	2.68e-53
PUL0335	7.71e-192
PUL0335	9.76e-108
PUL0337	1.39e-189
PUL0337	5.50e-65
PUL0340	2.98e-292
PUL0601	9.69e-62
PUL00706	3.04e-188
PUL01060	7.44e-120
PUL01082	1.36e-107
PUL01249	2.46e-176
PUL01455	2.69e-192
PUL01622	1.76e-166
PUL02483	3.03e-128
PUL02670	2.59e-154
PUL02941	1.72e-59
PUL03355	2.41e-172
PUL03361	3.37e-93
PUL03362	2.42e-10
PUL03403	1.80e-36
PUL03412	1.10e-198
PUL04066	1.23e-196
PUL04608	2.68e-76
PUL04608	6.61e-67
PUL04930	1.08e-78
