0040517	144	3300011360.a:Ga0121161_100004_116	312	4.8e-05	45	118	22	91	0.5069444444444444
0040517	144	3300011360.a:Ga0121161_100004_124	156	2.3e-27	2	135	21	154	0.9236111111111112
0035607	54	3300011360.a:Ga0121161_100004_138	336	3.7e-09	5	51	289	333	0.8518518518518519
0043707	64	3300011360.a:Ga0121161_100004_142	183	1.1e-11	5	61	10	67	0.875
0037767	80	3300011360.a:Ga0121161_100004_167	296	5.2e-05	13	55	148	178	0.525
0040266	151	3300011360.a:Ga0121161_100004_190	162	8.8e-16	21	142	5	128	0.8013245033112583
0035607	54	3300011360.a:Ga0121161_100004_208	342	2e-12	1	53	286	336	0.9629629629629629
0037456	76	3300011360.a:Ga0121161_100004_237	333	7.1e-10	4	47	14	57	0.5657894736842105
0037176	98	3300011360.a:Ga0121161_100004_243	90	3e-24	26	97	15	86	0.7244897959183674
0038753	71	3300011360.a:Ga0121161_100004_287	239	1.6e-16	1	70	149	218	0.971830985915493
0040586	141	3300011360.a:Ga0121161_100004_324	310	4e-06	51	116	18	79	0.46099290780141844
0040517	144	3300011360.a:Ga0121161_100004_345	160	1.1e-13	28	113	2	87	0.5902777777777778
0045032	127	3300011360.a:Ga0121161_100004_55	158	1.2e-35	1	126	5	130	0.984251968503937
0037176	98	3300011360.a:Ga0121161_100004_91	492	1e-13	1	97	354	478	0.9795918367346939
0035607	54	3300011360.a:Ga0121161_100005_189	336	2.2e-10	3	53	280	328	0.9259259259259259
0043095	94	3300011360.a:Ga0121161_100005_243	102	7.4e-20	9	87	4	98	0.8297872340425532
0039384	65	3300011360.a:Ga0121161_100005_310	471	1.2e-07	11	63	21	73	0.8
0042546	127	3300011360.a:Ga0121161_100005_322	135	6.6e-36	1	125	3	128	0.9763779527559056
0039384	65	3300011360.a:Ga0121161_100005_333	476	6e-07	14	63	19	68	0.7538461538461538
0040266	151	3300011360.a:Ga0121161_100005_335	303	7.3e-06	48	142	24	120	0.6225165562913907
0045032	127	3300011360.a:Ga0121161_100005_65	150	9.9e-25	1	126	5	128	0.984251968503937
0037767	80	3300011360.a:Ga0121161_100006_117	248	5.7e-11	2	73	3	69	0.8875
0044258	100	3300011360.a:Ga0121161_100006_121	141	5.1e-08	15	65	2	52	0.5
0040266	151	3300011360.a:Ga0121161_100006_146	165	6.8e-14	21	140	9	130	0.7880794701986755
0040266	151	3300011360.a:Ga0121161_100006_20	214	7e-09	29	124	11	91	0.6291390728476821
0044258	100	3300011360.a:Ga0121161_100006_203	308	7.5e-06	15	95	2	78	0.8
0044258	100	3300011360.a:Ga0121161_100006_226	123	2.1e-15	3	97	10	103	0.94
0035607	54	3300011360.a:Ga0121161_100006_84	343	9.4e-11	3	54	291	340	0.9444444444444444
0040266	151	3300011360.a:Ga0121161_100006_89	157	8.4e-17	23	139	2	120	0.7682119205298014
0043935	94	3300011360.a:Ga0121161_100009_127	177	1.5e-13	5	89	25	113	0.8936170212765957
0040517	144	3300011360.a:Ga0121161_100009_133	300	3.1e-05	43	111	17	81	0.4722222222222222
0037767	80	3300011360.a:Ga0121161_100009_137	498	1.1e-07	9	70	35	87	0.7625
0040517	144	3300011360.a:Ga0121161_100009_148	298	1.2e-05	26	109	2	79	0.5763888888888888
0040517	144	3300011360.a:Ga0121161_100009_49	156	4.3e-24	2	134	20	152	0.9166666666666666
0036286	54	3300011360.a:Ga0121161_100009_52	338	1.5e-10	3	53	223	273	0.9259259259259259
0042628	48	3300011360.a:Ga0121161_100009_61	148	8e-07	2	40	7	45	0.7916666666666666
0037176	98	3300011360.a:Ga0121161_100009_82	562	5.9e-16	1	97	458	556	0.9795918367346939
0043935	94	3300011360.a:Ga0121161_100010_155	178	3.1e-08	9	80	5	83	0.7553191489361702
0043095	94	3300011360.a:Ga0121161_100010_194	105	3.5e-23	8	86	3	82	0.8297872340425532
0040266	151	3300011360.a:Ga0121161_100010_5	271	6.5e-11	31	118	32	114	0.5761589403973509
0040266	151	3300011360.a:Ga0121161_100010_50	161	3e-11	23	139	2	120	0.7682119205298014
0035607	54	3300011360.a:Ga0121161_100011_143	337	8e-12	3	53	283	331	0.9259259259259259
0036286	54	3300011360.a:Ga0121161_100011_58	175	3.3e-08	4	53	68	117	0.9074074074074074
0041150	134	3300011360.a:Ga0121161_100012_24	166	3.9e-28	2	133	27	159	0.9776119402985075
0035607	54	3300011360.a:Ga0121161_100012_8	252	3.1e-06	7	51	208	249	0.8148148148148148
0035607	54	3300011360.a:Ga0121161_100013_58	336	4e-10	2	53	282	331	0.9444444444444444
0041150	134	3300011360.a:Ga0121161_100015_102	146	2.5e-45	5	134	6	135	0.9626865671641791
0037176	98	3300011360.a:Ga0121161_100015_39	472	9.7e-17	2	98	354	467	0.9795918367346939
0044030	41	3300011360.a:Ga0121161_100015_54	178	2.5e-13	1	38	137	174	0.9024390243902439
0039384	65	3300011360.a:Ga0121161_100016_106	232	3.5e-08	9	63	18	72	0.8307692307692308
0040517	144	3300011360.a:Ga0121161_100016_11	305	5.4e-06	27	110	2	79	0.5763888888888888
0045032	127	3300011360.a:Ga0121161_100023_56	257	2.4e-06	13	70	13	72	0.44881889763779526
0040266	151	3300011360.a:Ga0121161_100028_10	284	1.6e-06	31	114	45	124	0.5496688741721855
0041905	120	3300011360.a:Ga0121161_100028_50	313	7e-06	24	108	44	105	0.7
0043707	64	3300011360.a:Ga0121161_100028_84	70	1.9e-14	3	61	9	68	0.90625
0040586	141	3300011360.a:Ga0121161_100029_28	312	7.3e-12	3	139	183	310	0.9645390070921985
0039384	65	3300011360.a:Ga0121161_100029_44	496	1.7e-08	18	64	40	86	0.7076923076923077
0043707	64	3300011360.a:Ga0121161_100031_16	93	8.2e-10	5	56	34	86	0.796875
0043095	94	3300011360.a:Ga0121161_100031_26	103	3.1e-23	4	91	13	100	0.925531914893617
0035607	54	3300011360.a:Ga0121161_100031_43	343	7.4e-11	2	53	289	338	0.9444444444444444
0040266	151	3300011360.a:Ga0121161_100031_48	260	1.3e-07	29	104	17	87	0.4966887417218543
0040266	151	3300011360.a:Ga0121161_100031_56	163	6.7e-13	24	135	2	115	0.7350993377483444
0039384	65	3300011360.a:Ga0121161_100031_64	491	3.1e-07	19	61	42	84	0.6461538461538462
0040517	144	3300011360.a:Ga0121161_100031_71	146	5.7e-22	6	136	10	139	0.9027777777777778
0042546	127	3300011360.a:Ga0121161_100032_13	131	8.5e-39	1	126	1	126	0.984251968503937
0040586	141	3300011360.a:Ga0121161_100032_26	161	1.2e-28	6	139	18	149	0.9432624113475178
0036286	54	3300011360.a:Ga0121161_100032_71	329	5.6e-08	3	53	221	271	0.9259259259259259
0035607	54	3300011360.a:Ga0121161_100032_71	329	5.2e-05	3	50	273	322	0.8703703703703703
0043707	64	3300011360.a:Ga0121161_100042_2	231	9.9e-15	3	63	3	64	0.9375
0038966	94	3300011360.a:Ga0121161_100042_3	68	2.9e-05	38	71	15	48	0.35106382978723405
0035481	52	3300011360.a:Ga0121161_100042_57	119	5.9e-11	5	46	2	43	0.7884615384615384
0035607	54	3300011360.a:Ga0121161_100043_12	325	3.8e-06	9	53	279	321	0.8148148148148148
0044258	100	3300011360.a:Ga0121161_100060_28	286	1.2e-06	21	92	7	74	0.71
0037176	98	3300011360.a:Ga0121161_100060_35	599	1.6e-10	1	90	509	594	0.9081632653061225
0037456	76	3300011360.a:Ga0121161_100060_38	235	5e-05	18	46	26	54	0.3684210526315789
0043095	94	3300011360.a:Ga0121161_100090_11	108	1.5e-25	8	86	3	82	0.8297872340425532
0042546	127	3300011360.a:Ga0121161_100090_19	131	1.2e-34	1	122	3	125	0.952755905511811
0037456	76	3300011360.a:Ga0121161_100090_4	235	5.2e-05	18	46	26	54	0.3684210526315789
0037456	76	3300011360.a:Ga0121161_100135_18	78	5.3e-06	18	46	26	54	0.3684210526315789
0043707	64	3300011360.a:Ga0121161_100248_3	91	2.4e-12	7	56	37	86	0.765625
