0043935	94	3300029875.a:Ga0245324_100021_107	112	1.3e-14	2	93	7	106	0.9680851063829787
0043935	94	3300029875.a:Ga0245324_100021_111	109	1.8e-14	4	91	7	97	0.925531914893617
0038966	94	3300029875.a:Ga0245324_100021_114	116	7.2e-14	28	92	2	66	0.6808510638297872
0036955	59	3300029875.a:Ga0245324_100021_123	343	5.2e-17	2	58	14	70	0.9491525423728814
0044258	100	3300029875.a:Ga0245324_100021_138	160	1.1e-06	21	68	4	51	0.47
0040586	141	3300029875.a:Ga0245324_100021_161	145	6.6e-22	10	140	12	142	0.9219858156028369
0043707	64	3300029875.a:Ga0245324_100021_216	72	3.6e-14	5	61	4	61	0.875
0036955	59	3300029875.a:Ga0245324_100021_228	337	7.1e-17	2	59	1	58	0.9661016949152542
0041150	134	3300029875.a:Ga0245324_100021_238	139	6.8e-26	15	133	8	131	0.8805970149253731
0042546	127	3300029875.a:Ga0245324_100037_103	116	2e-14	1	109	1	108	0.8503937007874016
0040266	151	3300029875.a:Ga0245324_100037_104	297	1.1e-05	30	115	4	86	0.5629139072847682
0036286	54	3300029875.a:Ga0245324_100037_156	268	6.4e-06	3	50	159	206	0.8703703703703703
0035607	54	3300029875.a:Ga0245324_100037_156	268	2.5e-12	3	52	211	258	0.9074074074074074
0043707	64	3300029875.a:Ga0245324_100037_169	37	2.9e-10	3	34	5	36	0.484375
0035607	54	3300029875.a:Ga0245324_100037_196	190	5.9e-11	3	52	141	188	0.9074074074074074
0035347	75	3300029875.a:Ga0245324_100037_202	147	1.1e-20	2	66	4	68	0.8533333333333334
0043707	64	3300029875.a:Ga0245324_100037_239	120	6.7e-12	3	59	15	72	0.875
0043758	87	3300029875.a:Ga0245324_100056_147	347	1.9e-24	2	83	1	82	0.9310344827586207
0039384	65	3300029875.a:Ga0245324_100056_148	325	3.8e-11	11	63	6	59	0.8
0043707	64	3300029875.a:Ga0245324_100056_152	112	7.2e-12	3	60	3	61	0.890625
0040517	144	3300029875.a:Ga0245324_100056_160	134	9.1e-23	35	141	1	107	0.7361111111111112
0041150	134	3300029875.a:Ga0245324_100056_190	126	3.7e-30	12	133	1	120	0.9029850746268657
0035318	53	3300029875.a:Ga0245324_100056_196	60	2.4e-06	5	48	6	49	0.8113207547169812
0036286	54	3300029875.a:Ga0245324_100056_57	737	1.5e-07	8	49	638	679	0.7592592592592593
0035607	54	3300029875.a:Ga0245324_100056_57	737	3.1e-12	3	53	685	733	0.9259259259259259
0039939	63	3300029875.a:Ga0245324_100056_63	173	6.8e-05	18	56	114	152	0.6031746031746031
0043707	64	3300029875.a:Ga0245324_100056_72	81	8e-09	4	61	8	67	0.890625
0038966	94	3300029875.a:Ga0245324_100056_96	205	2.1e-13	32	90	8	66	0.6170212765957447
0036286	54	3300029875.a:Ga0245324_100064_123	286	1.2e-10	3	53	182	232	0.9259259259259259
0035607	54	3300029875.a:Ga0245324_100064_123	286	6.4e-11	2	53	233	282	0.9444444444444444
0036286	54	3300029875.a:Ga0245324_100064_162	281	1.2e-11	4	53	7	56	0.9074074074074074
0035607	54	3300029875.a:Ga0245324_100064_162	281	9.3e-07	2	49	57	102	0.8703703703703703
0043935	94	3300029875.a:Ga0245324_100064_183	196	6.6e-05	36	80	51	96	0.46808510638297873
0043758	87	3300029875.a:Ga0245324_100064_68	195	8.1e-11	1	63	1	61	0.7126436781609196
0043758	87	3300029875.a:Ga0245324_100064_8	250	2e-15	3	68	4	62	0.7471264367816092
0040266	151	3300029875.a:Ga0245324_100097_104	123	3.7e-10	31	136	14	121	0.695364238410596
0045032	127	3300029875.a:Ga0245324_100097_110	144	9.6e-31	1	126	5	132	0.984251968503937
0036286	54	3300029875.a:Ga0245324_100097_115	280	4.2e-09	3	53	173	223	0.9259259259259259
0035607	54	3300029875.a:Ga0245324_100097_115	280	1.8e-10	3	53	225	273	0.9259259259259259
0043143	63	3300029875.a:Ga0245324_100097_142	377	2.3e-13	4	60	3	60	0.8888888888888888
0045032	127	3300029875.a:Ga0245324_100097_17	120	5.7e-06	16	64	32	80	0.3779527559055118
0043707	64	3300029875.a:Ga0245324_100097_62	69	1.9e-16	3	61	6	65	0.90625
0043707	64	3300029875.a:Ga0245324_100101_11	77	1.3e-13	3	63	12	75	0.9375
0043707	64	3300029875.a:Ga0245324_100101_135	83	1.8e-06	25	61	5	42	0.5625
0043707	64	3300029875.a:Ga0245324_100101_136	106	2.4e-11	5	61	9	66	0.875
0036286	54	3300029875.a:Ga0245324_100101_49	285	2.5e-12	2	52	176	226	0.9259259259259259
0035607	54	3300029875.a:Ga0245324_100101_49	285	4.9e-06	3	52	229	277	0.9074074074074074
0043707	64	3300029875.a:Ga0245324_100101_60	90	9.2e-11	3	62	24	86	0.921875
0037767	80	3300029875.a:Ga0245324_100101_64	466	1.1e-06	10	69	22	76	0.7375
0043707	64	3300029875.a:Ga0245324_100101_90	79	1.4e-11	3	62	13	75	0.921875
0039939	63	3300029875.a:Ga0245324_100110_101	96	6.8e-08	15	56	9	50	0.6507936507936508
0043707	64	3300029875.a:Ga0245324_100110_107	120	2.1e-09	3	58	6	63	0.859375
0043707	64	3300029875.a:Ga0245324_100110_110	105	3.7e-12	3	61	3	62	0.90625
0035607	54	3300029875.a:Ga0245324_100110_136	739	1.5e-09	4	53	685	732	0.9074074074074074
0038966	94	3300029875.a:Ga0245324_100110_31	110	3.3e-14	28	92	2	66	0.6808510638297872
0043143	63	3300029875.a:Ga0245324_100110_52	75	3.3e-09	6	60	7	63	0.8571428571428571
0042546	127	3300029875.a:Ga0245324_100175_120	135	2.6e-27	1	126	2	127	0.984251968503937
0037861	115	3300029875.a:Ga0245324_100175_13	1157	4.3e-06	29	107	1081	1152	0.6782608695652174
0043707	64	3300029875.a:Ga0245324_100175_51	336	6.3e-14	3	61	7	66	0.90625
0043669	98	3300029875.a:Ga0245324_100175_52	117	2.4e-27	6	95	25	114	0.9081632653061225
0043707	64	3300029875.a:Ga0245324_100175_61	71	3.7e-13	6	61	4	60	0.859375
0040517	144	3300029875.a:Ga0245324_100175_91	133	1.6e-12	32	131	8	105	0.6875
0043707	64	3300029875.a:Ga0245324_100378_3	90	1.8e-10	3	62	24	86	0.921875
0035607	54	3300029875.a:Ga0245324_100387_36	264	2.5e-10	3	52	209	256	0.9074074074074074
0043758	87	3300029875.a:Ga0245324_100387_5	248	6.7e-06	26	64	64	100	0.4367816091954023
0043143	63	3300029875.a:Ga0245324_100458_28	75	2.8e-05	5	59	7	61	0.8571428571428571
0045030	74	3300029875.a:Ga0245324_100458_46	216	1.4e-21	3	73	9	79	0.9459459459459459
0043707	64	3300029875.a:Ga0245324_100502_45	66	2.4e-06	5	60	6	64	0.859375
0044258	100	3300029875.a:Ga0245324_100502_51	113	8e-19	3	96	9	102	0.93
0040266	151	3300029875.a:Ga0245324_100502_65	253	1.4e-05	10	65	181	233	0.36423841059602646
0043707	64	3300029875.a:Ga0245324_100507_27	258	9.4e-07	5	39	215	249	0.53125
0043143	63	3300029875.a:Ga0245324_100524_29	73	1.9e-06	5	60	7	62	0.873015873015873
0043707	64	3300029875.a:Ga0245324_100524_39	84	6.2e-11	3	62	18	80	0.921875
0043707	64	3300029875.a:Ga0245324_100603_17	120	1.8e-11	3	59	15	72	0.875
0040517	144	3300029875.a:Ga0245324_100603_18	162	9.7e-19	21	136	31	148	0.7986111111111112
0044258	100	3300029875.a:Ga0245324_100603_23	110	2e-21	6	97	14	106	0.91
0038966	94	3300029875.a:Ga0245324_100655_35	134	1.3e-06	21	65	76	120	0.46808510638297873
0043707	64	3300029875.a:Ga0245324_100655_37	111	2.4e-16	3	63	8	69	0.9375
0043707	64	3300029875.a:Ga0245324_100655_44	152	4.8e-09	3	61	16	76	0.90625
0043707	64	3300029875.a:Ga0245324_100655_44	152	1.1e-10	4	56	88	141	0.8125
0043143	63	3300029875.a:Ga0245324_100667_3	71	5.6e-12	6	60	5	59	0.8571428571428571
0043707	64	3300029875.a:Ga0245324_100667_4	238	3.2e-14	3	61	2	61	0.90625
0036286	54	3300029875.a:Ga0245324_100667_43	287	6.4e-12	4	53	183	232	0.9074074074074074
0035607	54	3300029875.a:Ga0245324_100667_43	287	5.2e-12	3	53	234	282	0.9259259259259259
0035318	53	3300029875.a:Ga0245324_100667_5	69	6.1e-05	7	49	21	63	0.7924528301886793
0039384	65	3300029875.a:Ga0245324_100900_14	303	8.7e-12	5	62	2	61	0.8769230769230769
0043707	64	3300029875.a:Ga0245324_100900_25	70	4.8e-10	6	61	7	64	0.859375
0038966	94	3300029875.a:Ga0245324_100900_26	112	3.2e-13	29	92	3	66	0.6702127659574468
0043707	64	3300029875.a:Ga0245324_100900_5	81	5.4e-07	5	44	6	46	0.609375
0040266	151	3300029875.a:Ga0245324_100931_18	334	7.3e-07	9	82	11	86	0.48344370860927155
0038966	94	3300029875.a:Ga0245324_100931_48	95	8.2e-10	42	92	1	51	0.5319148936170213
0035318	53	3300029875.a:Ga0245324_100931_49	62	1.5e-06	4	48	16	60	0.8301886792452831
0038966	94	3300029875.a:Ga0245324_100964_10	113	4.6e-14	28	92	2	66	0.6808510638297872
0035318	53	3300029875.a:Ga0245324_100964_31	71	1e-08	5	48	18	61	0.8113207547169812
0043143	63	3300029875.a:Ga0245324_100964_34	70	8.2e-07	4	60	6	62	0.8888888888888888
0040517	144	3300029875.a:Ga0245324_100964_6	152	1.2e-25	13	138	18	144	0.8680555555555556
0041150	134	3300029875.a:Ga0245324_101206_22	404	5.5e-07	4	71	201	268	0.5
0038753	71	3300029875.a:Ga0245324_101335_11	225	6.8e-10	2	66	154	214	0.9014084507042254
0043707	64	3300029875.a:Ga0245324_101335_6	90	1.2e-10	3	62	24	86	0.921875
0040266	151	3300029875.a:Ga0245324_101437_19	86	2.4e-12	17	76	5	72	0.39072847682119205
0043707	64	3300029875.a:Ga0245324_101632_11	143	5.3e-06	4	60	4	62	0.875
0038966	94	3300029875.a:Ga0245324_101632_12	79	2.4e-07	27	83	4	60	0.5957446808510638
0043143	63	3300029875.a:Ga0245324_101632_18	114	9e-09	5	59	5	61	0.8571428571428571
0038966	94	3300029875.a:Ga0245324_101632_19	77	2.2e-05	32	80	9	57	0.5106382978723404
0042156	125	3300029875.a:Ga0245324_101632_21	79	6.7e-05	59	106	31	76	0.376
0043143	63	3300029875.a:Ga0245324_101645_12	71	2e-05	5	60	7	62	0.873015873015873
0043707	64	3300029875.a:Ga0245324_101753_13	104	8.6e-11	5	60	40	95	0.859375
0037861	115	3300029875.a:Ga0245324_101753_16	263	1.1e-05	25	81	12	78	0.48695652173913045
0043707	64	3300029875.a:Ga0245324_102718_3	111	3.4e-11	2	61	2	63	0.921875
0040266	151	3300029875.a:Ga0245324_103515_3	86	3.4e-12	16	76	4	71	0.3973509933774834
0043707	64	3300029875.a:Ga0245324_103832_8	105	7e-11	10	61	2	54	0.796875
0043707	64	3300029875.a:Ga0245324_103832_9	68	2.2e-12	6	61	4	59	0.859375
0038966	94	3300029875.a:Ga0245324_104014_2	271	6e-16	29	92	6	69	0.6702127659574468
0038966	94	3300029875.a:Ga0245324_106074_2	110	2.4e-14	29	92	3	66	0.6702127659574468
