0	TF	0	null	CGC1	3300029045.a:Ga0169661_100543	134	772	3300029045.a:Ga0169661_100543_1	+	DB=DBD-Pfam|GerE;ID=3300029045.a:Ga0169661_100543_1	DB=DBD-Pfam|GerE;ID=3300029045.a:Ga0169661_100543_1
1	STP	0	0	CGC1	3300029045.a:Ga0169661_100543	842	1879	3300029045.a:Ga0169661_100543_2	+	DB=STP|FecR;ID=3300029045.a:Ga0169661_100543_2	DB=STP|FecR;ID=3300029045.a:Ga0169661_100543_2
2	TC	2	0	CGC1	3300029045.a:Ga0169661_100543	2068	5487	3300029045.a:Ga0169661_100543_3	+	DB=gnl|TC-DB|Q45780|1.B.14.6.1;ID=3300029045.a:Ga0169661_100543_3	DB=gnl|TC-DB|Q45780|1.B.14.6.1;ID=3300029045.a:Ga0169661_100543_3
3	null	null	null	CGC1	3300029045.a:Ga0169661_100543	5495	7438	3300029045.a:Ga0169661_100543_4	+	;ID=3300029045.a:Ga0169661_100543_4
4	null	null	null	CGC1	3300029045.a:Ga0169661_100543	7555	8727	3300029045.a:Ga0169661_100543_5	+	;ID=3300029045.a:Ga0169661_100543_5
5	CAZyme	2	2	CGC1	3300029045.a:Ga0169661_100543	8739	10406	3300029045.a:Ga0169661_100543_6	+	DB= GH20|GH20;ID=3300029045.a:Ga0169661_100543_6	DB= GH20|GH20;ID=3300029045.a:Ga0169661_100543_6
6	null	null	null	CGC1	3300029045.a:Ga0169661_100543	10403	14713	3300029045.a:Ga0169661_100543_7	+	;ID=3300029045.a:Ga0169661_100543_7
7	null	null	null	CGC1	3300029045.a:Ga0169661_100543	14783	16390	3300029045.a:Ga0169661_100543_8	+	;ID=3300029045.a:Ga0169661_100543_8
8	CAZyme	0	2	CGC1	3300029045.a:Ga0169661_100543	16410	17774	3300029045.a:Ga0169661_100543_9	+	DB= GH109|GH109;ID=3300029045.a:Ga0169661_100543_9	DB= GH109|GH109;ID=3300029045.a:Ga0169661_100543_9
9	CAZyme	1	0	CGC1	3300029045.a:Ga0169661_100543	17815	19632	3300029045.a:Ga0169661_100543_10	+	DB= GH110|GH110;ID=3300029045.a:Ga0169661_100543_10	DB= GH110|GH110;ID=3300029045.a:Ga0169661_100543_10
10	null	null	null	CGC1	3300029045.a:Ga0169661_100543	19832	20440	3300029045.a:Ga0169661_100543_11	+	;ID=3300029045.a:Ga0169661_100543_11
11	TF	0	1	CGC1	3300029045.a:Ga0169661_100543	20678	21166	3300029045.a:Ga0169661_100543_12	+	DB=DBD-Pfam|GerE;ID=3300029045.a:Ga0169661_100543_12	DB=DBD-Pfam|GerE;ID=3300029045.a:Ga0169661_100543_12
12	STP	0	0	CGC1	3300029045.a:Ga0169661_100543	21222	22196	3300029045.a:Ga0169661_100543_13	+	DB=STP|FecR;ID=3300029045.a:Ga0169661_100543_13	DB=STP|FecR;ID=3300029045.a:Ga0169661_100543_13
13	TC	null	0	CGC1	3300029045.a:Ga0169661_100543	22469	25804	3300029045.a:Ga0169661_100543_14	+	DB=gnl|TC-DB|Q45780|1.B.14.6.1;ID=3300029045.a:Ga0169661_100543_14	DB=gnl|TC-DB|Q45780|1.B.14.6.1;ID=3300029045.a:Ga0169661_100543_14
+++++
35	CAZyme	1	8	CGC1	3300029045.a:Ga0169661_100178	49985	53425	3300029045.a:Ga0169661_100178_36	+	DB= GH33|GH33;ID=3300029045.a:Ga0169661_100178_36	DB= GH33|GH33;ID=3300029045.a:Ga0169661_100178_36
36	null	null	null	CGC1	3300029045.a:Ga0169661_100178	53713	55275	3300029045.a:Ga0169661_100178_37	-	;ID=3300029045.a:Ga0169661_100178_37
37	STP	1	1	CGC1	3300029045.a:Ga0169661_100178	55401	58877	3300029045.a:Ga0169661_100178_38	-	DB=STP|TPR_1,STP|TPR_1;ID=3300029045.a:Ga0169661_100178_38	DB=STP|TPR_1,STP|TPR_1;ID=3300029045.a:Ga0169661_100178_38
38	null	null	null	CGC1	3300029045.a:Ga0169661_100178	59277	59510	3300029045.a:Ga0169661_100178_39	+	;ID=3300029045.a:Ga0169661_100178_39
39	STP	1	1	CGC1	3300029045.a:Ga0169661_100178	59596	60789	3300029045.a:Ga0169661_100178_40	-	DB=STP|Aminotran_1_2;ID=3300029045.a:Ga0169661_100178_40	DB=STP|Aminotran_1_2;ID=3300029045.a:Ga0169661_100178_40
40	null	null	null	CGC1	3300029045.a:Ga0169661_100178	60796	61752	3300029045.a:Ga0169661_100178_41	-	;ID=3300029045.a:Ga0169661_100178_41
41	TF	0	1	CGC1	3300029045.a:Ga0169661_100178	61963	63078	3300029045.a:Ga0169661_100178_42	-	DB=DBD-Pfam|HTH_DeoR,DBD-SUPERFAMILY|0043758;ID=3300029045.a:Ga0169661_100178_42	DB=DBD-Pfam|HTH_DeoR,DBD-SUPERFAMILY|0043758;ID=3300029045.a:Ga0169661_100178_42
42	TC	1	0	CGC1	3300029045.a:Ga0169661_100178	63876	65696	3300029045.a:Ga0169661_100178_43	-	DB=gnl|TC-DB|O00571|1.I.1.1.3;ID=3300029045.a:Ga0169661_100178_43	DB=gnl|TC-DB|O00571|1.I.1.1.3;ID=3300029045.a:Ga0169661_100178_43
43	null	null	null	CGC1	3300029045.a:Ga0169661_100178	66604	67656	3300029045.a:Ga0169661_100178_44	-	;ID=3300029045.a:Ga0169661_100178_44
44	STP	0	1	CGC1	3300029045.a:Ga0169661_100178	67755	68684	3300029045.a:Ga0169661_100178_45	-	DB=STP|PfkB;ID=3300029045.a:Ga0169661_100178_45	DB=STP|PfkB;ID=3300029045.a:Ga0169661_100178_45
45	STP	3	0	CGC1	3300029045.a:Ga0169661_100178	68696	69310	3300029045.a:Ga0169661_100178_46	-	DB=STP|SIS;ID=3300029045.a:Ga0169661_100178_46	DB=STP|SIS;ID=3300029045.a:Ga0169661_100178_46
+++++
31	CAZyme	1	5	CGC1	3300029045.a:Ga0169661_100057	37744	40152	3300029045.a:Ga0169661_100057_32	-	DB= GH95|GH95;ID=3300029045.a:Ga0169661_100057_32	DB= GH95|GH95;ID=3300029045.a:Ga0169661_100057_32
32	null	null	null	CGC1	3300029045.a:Ga0169661_100057	40203	41789	3300029045.a:Ga0169661_100057_33	-	;ID=3300029045.a:Ga0169661_100057_33
33	TC	0	1	CGC1	3300029045.a:Ga0169661_100057	42151	43512	3300029045.a:Ga0169661_100057_34	-	DB=gnl|TC-DB|Q6VV67|2.A.6.2.23;ID=3300029045.a:Ga0169661_100057_34	DB=gnl|TC-DB|Q6VV67|2.A.6.2.23;ID=3300029045.a:Ga0169661_100057_34
34	TC	0	0	CGC1	3300029045.a:Ga0169661_100057	43530	46673	3300029045.a:Ga0169661_100057_35	-	DB=gnl|TC-DB|Q8RTE4|2.A.6.2.22;ID=3300029045.a:Ga0169661_100057_35	DB=gnl|TC-DB|Q8RTE4|2.A.6.2.22;ID=3300029045.a:Ga0169661_100057_35
35	TC	0	0	CGC1	3300029045.a:Ga0169661_100057	46683	47783	3300029045.a:Ga0169661_100057_36	-	DB=gnl|TC-DB|P37636|8.A.1.6.3;ID=3300029045.a:Ga0169661_100057_36	DB=gnl|TC-DB|P37636|8.A.1.6.3;ID=3300029045.a:Ga0169661_100057_36
36	TC	0	0	CGC1	3300029045.a:Ga0169661_100057	48027	49034	3300029045.a:Ga0169661_100057_37	+	DB=gnl|TC-DB|Q81JL2|9.B.33.1.1;ID=3300029045.a:Ga0169661_100057_37	DB=gnl|TC-DB|Q81JL2|9.B.33.1.1;ID=3300029045.a:Ga0169661_100057_37
37	TF	0	0	CGC1	3300029045.a:Ga0169661_100057	49031	49747	3300029045.a:Ga0169661_100057_38	+	DB=DBD-Pfam|LytTR;ID=3300029045.a:Ga0169661_100057_38	DB=DBD-Pfam|LytTR;ID=3300029045.a:Ga0169661_100057_38
38	CAZyme	1	0	CGC1	3300029045.a:Ga0169661_100057	49928	51793	3300029045.a:Ga0169661_100057_39	+	DB=GH29| GH29;ID=3300029045.a:Ga0169661_100057_39	DB=GH29| GH29;ID=3300029045.a:Ga0169661_100057_39
39	null	null	null	CGC1	3300029045.a:Ga0169661_100057	51847	52629	3300029045.a:Ga0169661_100057_40	-	;ID=3300029045.a:Ga0169661_100057_40
40	TF	0	1	CGC1	3300029045.a:Ga0169661_100057	52773	53390	3300029045.a:Ga0169661_100057_41	-	DB=DBD-Pfam|GerE;ID=3300029045.a:Ga0169661_100057_41	DB=DBD-Pfam|GerE;ID=3300029045.a:Ga0169661_100057_41
41	STP	20	0	CGC1	3300029045.a:Ga0169661_100057	53387	54082	3300029045.a:Ga0169661_100057_42	-	DB=STP|Hemerythrin;ID=3300029045.a:Ga0169661_100057_42	DB=STP|Hemerythrin;ID=3300029045.a:Ga0169661_100057_42
+++++
70	TC	1	4	CGC2	3300029045.a:Ga0169661_100057	84727	86685	3300029045.a:Ga0169661_100057_71	-	DB=gnl|TC-DB|Q83XH1|3.A.1.121.4;ID=3300029045.a:Ga0169661_100057_71	DB=gnl|TC-DB|Q83XH1|3.A.1.121.4;ID=3300029045.a:Ga0169661_100057_71
71	null	null	null	CGC2	3300029045.a:Ga0169661_100057	86864	89743	3300029045.a:Ga0169661_100057_72	+	;ID=3300029045.a:Ga0169661_100057_72
72	STP	0	1	CGC2	3300029045.a:Ga0169661_100057	89821	90384	3300029045.a:Ga0169661_100057_73	-	DB=STP|cNMP_binding;ID=3300029045.a:Ga0169661_100057_73	DB=STP|cNMP_binding;ID=3300029045.a:Ga0169661_100057_73
73	TF	1	0	CGC2	3300029045.a:Ga0169661_100057	90409	92211	3300029045.a:Ga0169661_100057_74	-	DB=DBD-Pfam|GerE;ID=3300029045.a:Ga0169661_100057_74	DB=DBD-Pfam|GerE;ID=3300029045.a:Ga0169661_100057_74
74	null	null	null	CGC2	3300029045.a:Ga0169661_100057	92256	96764	3300029045.a:Ga0169661_100057_75	+	;ID=3300029045.a:Ga0169661_100057_75
75	TC	2	1	CGC2	3300029045.a:Ga0169661_100057	96943	97266	3300029045.a:Ga0169661_100057_76	+	DB=gnl|TC-DB|D5CES3|2.A.7.1.10;ID=3300029045.a:Ga0169661_100057_76	DB=gnl|TC-DB|D5CES3|2.A.7.1.10;ID=3300029045.a:Ga0169661_100057_76
76	null	null	null	CGC2	3300029045.a:Ga0169661_100057	97383	97826	3300029045.a:Ga0169661_100057_77	-	;ID=3300029045.a:Ga0169661_100057_77
77	null	null	null	CGC2	3300029045.a:Ga0169661_100057	97851	98321	3300029045.a:Ga0169661_100057_78	-	;ID=3300029045.a:Ga0169661_100057_78
78	TC	1	2	CGC2	3300029045.a:Ga0169661_100057	98725	100470	3300029045.a:Ga0169661_100057_79	+	DB=gnl|TC-DB|M4VAL8|8.A.21.2.4;ID=3300029045.a:Ga0169661_100057_79	DB=gnl|TC-DB|M4VAL8|8.A.21.2.4;ID=3300029045.a:Ga0169661_100057_79
79	null	null	null	CGC2	3300029045.a:Ga0169661_100057	100476	101576	3300029045.a:Ga0169661_100057_80	+	;ID=3300029045.a:Ga0169661_100057_80
80	TC	0	1	CGC2	3300029045.a:Ga0169661_100057	101657	104035	3300029045.a:Ga0169661_100057_81	-	DB=gnl|TC-DB|A5ZGZ4|1.B.14.6.5;ID=3300029045.a:Ga0169661_100057_81	DB=gnl|TC-DB|A5ZGZ4|1.B.14.6.5;ID=3300029045.a:Ga0169661_100057_81
81	CAZyme	0	0	CGC2	3300029045.a:Ga0169661_100057	104154	105728	3300029045.a:Ga0169661_100057_82	+	DB= GH20|GH20;ID=3300029045.a:Ga0169661_100057_82	DB= GH20|GH20;ID=3300029045.a:Ga0169661_100057_82
82	TF	0	0	CGC2	3300029045.a:Ga0169661_100057	105859	106464	3300029045.a:Ga0169661_100057_83	+	DB=DBD-Pfam|GerE,DBD-SUPERFAMILY|0039384;ID=3300029045.a:Ga0169661_100057_83	DB=DBD-Pfam|GerE,DBD-SUPERFAMILY|0039384;ID=3300029045.a:Ga0169661_100057_83
83	STP	0	0	CGC2	3300029045.a:Ga0169661_100057	106580	107593	3300029045.a:Ga0169661_100057_84	+	DB=STP|FecR;ID=3300029045.a:Ga0169661_100057_84	DB=STP|FecR;ID=3300029045.a:Ga0169661_100057_84
84	TC	3	0	CGC2	3300029045.a:Ga0169661_100057	107612	111043	3300029045.a:Ga0169661_100057_85	+	DB=gnl|TC-DB|Q45780|1.B.14.6.1;ID=3300029045.a:Ga0169661_100057_85	DB=gnl|TC-DB|Q45780|1.B.14.6.1;ID=3300029045.a:Ga0169661_100057_85
+++++
6	TC	2	3	CGC1	3300029045.a:Ga0169661_100412	5307	7379	3300029045.a:Ga0169661_100412_7	-	DB=gnl|TC-DB|P40290|3.A.6.1.1;ID=3300029045.a:Ga0169661_100412_7	DB=gnl|TC-DB|P40290|3.A.6.1.1;ID=3300029045.a:Ga0169661_100412_7
7	null	null	null	CGC1	3300029045.a:Ga0169661_100412	7577	8926	3300029045.a:Ga0169661_100412_8	-	;ID=3300029045.a:Ga0169661_100412_8
8	null	null	null	CGC1	3300029045.a:Ga0169661_100412	9085	10104	3300029045.a:Ga0169661_100412_9	+	;ID=3300029045.a:Ga0169661_100412_9
9	TC	0	2	CGC1	3300029045.a:Ga0169661_100412	10116	10511	3300029045.a:Ga0169661_100412_10	+	DB=gnl|TC-DB|Q3B199|1.A.43.1.6;ID=3300029045.a:Ga0169661_100412_10	DB=gnl|TC-DB|Q3B199|1.A.43.1.6;ID=3300029045.a:Ga0169661_100412_10
10	STP	2	0	CGC1	3300029045.a:Ga0169661_100412	10516	11172	3300029045.a:Ga0169661_100412_11	+	DB=STP|HhH-GPD;ID=3300029045.a:Ga0169661_100412_11	DB=STP|HhH-GPD;ID=3300029045.a:Ga0169661_100412_11
11	null	null	null	CGC1	3300029045.a:Ga0169661_100412	11209	12183	3300029045.a:Ga0169661_100412_12	-	;ID=3300029045.a:Ga0169661_100412_12
12	null	null	null	CGC1	3300029045.a:Ga0169661_100412	12213	13667	3300029045.a:Ga0169661_100412_13	-	;ID=3300029045.a:Ga0169661_100412_13
13	TC	1	2	CGC1	3300029045.a:Ga0169661_100412	13894	14526	3300029045.a:Ga0169661_100412_14	+	DB=gnl|TC-DB|A0M015|1.A.62.2.1;ID=3300029045.a:Ga0169661_100412_14	DB=gnl|TC-DB|A0M015|1.A.62.2.1;ID=3300029045.a:Ga0169661_100412_14
14	null	null	null	CGC1	3300029045.a:Ga0169661_100412	14536	14943	3300029045.a:Ga0169661_100412_15	+	;ID=3300029045.a:Ga0169661_100412_15
15	CAZyme	0	1	CGC1	3300029045.a:Ga0169661_100412	14956	15909	3300029045.a:Ga0169661_100412_16	+	DB=GT2| GT2;ID=3300029045.a:Ga0169661_100412_16	DB=GT2| GT2;ID=3300029045.a:Ga0169661_100412_16
16	CAZyme	0	0	CGC1	3300029045.a:Ga0169661_100412	15924	17642	3300029045.a:Ga0169661_100412_17	+	DB=GT83;ID=3300029045.a:Ga0169661_100412_17	DB=GT83;ID=3300029045.a:Ga0169661_100412_17
17	TF	0	0	CGC1	3300029045.a:Ga0169661_100412	17720	18400	3300029045.a:Ga0169661_100412_18	+	DB=DBD-Pfam|Trans_reg_C;ID=3300029045.a:Ga0169661_100412_18	DB=DBD-Pfam|Trans_reg_C;ID=3300029045.a:Ga0169661_100412_18
18	STP	0	0	CGC1	3300029045.a:Ga0169661_100412	18404	20179	3300029045.a:Ga0169661_100412_19	+	DB=STP|HisKA,STP|HATPase_c;ID=3300029045.a:Ga0169661_100412_19	DB=STP|HisKA,STP|HATPase_c;ID=3300029045.a:Ga0169661_100412_19
19	TC	0	0	CGC1	3300029045.a:Ga0169661_100412	20278	21936	3300029045.a:Ga0169661_100412_20	+	DB=gnl|TC-DB|P39518|4.C.1.1.15;ID=3300029045.a:Ga0169661_100412_20	DB=gnl|TC-DB|P39518|4.C.1.1.15;ID=3300029045.a:Ga0169661_100412_20
20	TC	0	0	CGC1	3300029045.a:Ga0169661_100412	22035	23993	3300029045.a:Ga0169661_100412_21	+	DB=gnl|TC-DB|D5ESR8|1.B.14.15.2;ID=3300029045.a:Ga0169661_100412_21	DB=gnl|TC-DB|D5ESR8|1.B.14.15.2;ID=3300029045.a:Ga0169661_100412_21
21	STP	1	0	CGC1	3300029045.a:Ga0169661_100412	23998	24804	3300029045.a:Ga0169661_100412_22	+	DB=STP|SBP_bac_3;ID=3300029045.a:Ga0169661_100412_22	DB=STP|SBP_bac_3;ID=3300029045.a:Ga0169661_100412_22
22	null	null	null	CGC1	3300029045.a:Ga0169661_100412	24845	25270	3300029045.a:Ga0169661_100412_23	+	;ID=3300029045.a:Ga0169661_100412_23
23	TC	0	1	CGC1	3300029045.a:Ga0169661_100412	25274	26119	3300029045.a:Ga0169661_100412_24	+	DB=gnl|TC-DB|C4N8U5|3.D.6.1.2;ID=3300029045.a:Ga0169661_100412_24	DB=gnl|TC-DB|C4N8U5|3.D.6.1.2;ID=3300029045.a:Ga0169661_100412_24
24	TC	0	0	CGC1	3300029045.a:Ga0169661_100412	26113	27447	3300029045.a:Ga0169661_100412_25	+	DB=gnl|TC-DB|C4N8U0|3.D.6.1.2;ID=3300029045.a:Ga0169661_100412_25	DB=gnl|TC-DB|C4N8U0|3.D.6.1.2;ID=3300029045.a:Ga0169661_100412_25
25	TC	0	0	CGC1	3300029045.a:Ga0169661_100412	27459	28460	3300029045.a:Ga0169661_100412_26	+	DB=gnl|TC-DB|C4N8U1|3.D.6.1.2;ID=3300029045.a:Ga0169661_100412_26	DB=gnl|TC-DB|C4N8U1|3.D.6.1.2;ID=3300029045.a:Ga0169661_100412_26
26	TC	0	0	CGC1	3300029045.a:Ga0169661_100412	28457	29065	3300029045.a:Ga0169661_100412_27	+	DB=gnl|TC-DB|P77285|3.D.6.1.4;ID=3300029045.a:Ga0169661_100412_27	DB=gnl|TC-DB|P77285|3.D.6.1.4;ID=3300029045.a:Ga0169661_100412_27
27	TC	0	0	CGC1	3300029045.a:Ga0169661_100412	29058	29642	3300029045.a:Ga0169661_100412_28	+	DB=gnl|TC-DB|C4N8U3|3.D.6.1.2;ID=3300029045.a:Ga0169661_100412_28	DB=gnl|TC-DB|C4N8U3|3.D.6.1.2;ID=3300029045.a:Ga0169661_100412_28
28	TC	0	0	CGC1	3300029045.a:Ga0169661_100412	29645	30226	3300029045.a:Ga0169661_100412_29	+	DB=gnl|TC-DB|C4N8U4|3.D.6.1.2;ID=3300029045.a:Ga0169661_100412_29	DB=gnl|TC-DB|C4N8U4|3.D.6.1.2;ID=3300029045.a:Ga0169661_100412_29
29	STP	5	0	CGC1	3300029045.a:Ga0169661_100412	30445	30672	3300029045.a:Ga0169661_100412_30	+	DB=STP|Fer4,STP|Fer4;ID=3300029045.a:Ga0169661_100412_30	DB=STP|Fer4,STP|Fer4;ID=3300029045.a:Ga0169661_100412_30
+++++
35	CAZyme	1	4	CGC1	3300029045.a:Ga0169661_100209	39307	41400	3300029045.a:Ga0169661_100209_36	-	DB= GH123|GH123;ID=3300029045.a:Ga0169661_100209_36	DB= GH123|GH123;ID=3300029045.a:Ga0169661_100209_36
36	null	null	null	CGC1	3300029045.a:Ga0169661_100209	41387	42919	3300029045.a:Ga0169661_100209_37	-	;ID=3300029045.a:Ga0169661_100209_37
37	TC	0	1	CGC1	3300029045.a:Ga0169661_100209	42933	46334	3300029045.a:Ga0169661_100209_38	-	DB=gnl|TC-DB|Q45780|1.B.14.6.1;ID=3300029045.a:Ga0169661_100209_38	DB=gnl|TC-DB|Q45780|1.B.14.6.1;ID=3300029045.a:Ga0169661_100209_38
38	STP	0	0	CGC1	3300029045.a:Ga0169661_100209	46442	47497	3300029045.a:Ga0169661_100209_39	-	DB=STP|FecR;ID=3300029045.a:Ga0169661_100209_39	DB=STP|FecR;ID=3300029045.a:Ga0169661_100209_39
39	STP	0	0	CGC1	3300029045.a:Ga0169661_100209	47530	48537	3300029045.a:Ga0169661_100209_40	-	DB=STP|FecR;ID=3300029045.a:Ga0169661_100209_40	DB=STP|FecR;ID=3300029045.a:Ga0169661_100209_40
40	TF	0	0	CGC1	3300029045.a:Ga0169661_100209	48556	49113	3300029045.a:Ga0169661_100209_41	-	DB=DBD-Pfam|GerE;ID=3300029045.a:Ga0169661_100209_41	DB=DBD-Pfam|GerE;ID=3300029045.a:Ga0169661_100209_41
41	CAZyme	1	0	CGC1	3300029045.a:Ga0169661_100209	49263	51314	3300029045.a:Ga0169661_100209_42	-	DB= GH2|GH2;ID=3300029045.a:Ga0169661_100209_42	DB= GH2|GH2;ID=3300029045.a:Ga0169661_100209_42
42	null	null	null	CGC1	3300029045.a:Ga0169661_100209	51431	52804	3300029045.a:Ga0169661_100209_43	+	;ID=3300029045.a:Ga0169661_100209_43
43	TC	9	1	CGC1	3300029045.a:Ga0169661_100209	53112	53408	3300029045.a:Ga0169661_100209_44	+	DB=gnl|TC-DB|R9R5D5|1.A.3.1.4;ID=3300029045.a:Ga0169661_100209_44	DB=gnl|TC-DB|R9R5D5|1.A.3.1.4;ID=3300029045.a:Ga0169661_100209_44
+++++
16	TC	2	5	CGC1	3300029045.a:Ga0169661_100068	15675	16961	3300029045.a:Ga0169661_100068_17	+	DB=gnl|TC-DB|P0C105|2.A.1.7.2;ID=3300029045.a:Ga0169661_100068_17	DB=gnl|TC-DB|P0C105|2.A.1.7.2;ID=3300029045.a:Ga0169661_100068_17
17	null	null	null	CGC1	3300029045.a:Ga0169661_100068	17002	19128	3300029045.a:Ga0169661_100068_18	+	;ID=3300029045.a:Ga0169661_100068_18
18	null	null	null	CGC1	3300029045.a:Ga0169661_100068	19339	20514	3300029045.a:Ga0169661_100068_19	+	;ID=3300029045.a:Ga0169661_100068_19
19	TF	0	2	CGC1	3300029045.a:Ga0169661_100068	20722	21939	3300029045.a:Ga0169661_100068_20	+	DB=DBD-Pfam|HTH_5,DBD-SUPERFAMILY|0043095;ID=3300029045.a:Ga0169661_100068_20	DB=DBD-Pfam|HTH_5,DBD-SUPERFAMILY|0043095;ID=3300029045.a:Ga0169661_100068_20
20	STP	0	0	CGC1	3300029045.a:Ga0169661_100068	21985	25548	3300029045.a:Ga0169661_100068_21	+	DB=STP|Fer4,STP|Fer4;ID=3300029045.a:Ga0169661_100068_21	DB=STP|Fer4,STP|Fer4;ID=3300029045.a:Ga0169661_100068_21
21	TF	2	0	CGC1	3300029045.a:Ga0169661_100068	26554	27249	3300029045.a:Ga0169661_100068_22	-	DB=DBD-SUPERFAMILY|0037767;ID=3300029045.a:Ga0169661_100068_22	DB=DBD-SUPERFAMILY|0037767;ID=3300029045.a:Ga0169661_100068_22
22	null	null	null	CGC1	3300029045.a:Ga0169661_100068	27456	28049	3300029045.a:Ga0169661_100068_23	+	;ID=3300029045.a:Ga0169661_100068_23
23	null	null	null	CGC1	3300029045.a:Ga0169661_100068	28049	28252	3300029045.a:Ga0169661_100068_24	+	;ID=3300029045.a:Ga0169661_100068_24
24	CAZyme	0	2	CGC1	3300029045.a:Ga0169661_100068	28519	30465	3300029045.a:Ga0169661_100068_25	+	DB= GH133|GH133;ID=3300029045.a:Ga0169661_100068_25	DB= GH133|GH133;ID=3300029045.a:Ga0169661_100068_25
25	CAZyme	0	0	CGC1	3300029045.a:Ga0169661_100068	30482	31744	3300029045.a:Ga0169661_100068_26	+	DB= GT4|GT4;ID=3300029045.a:Ga0169661_100068_26	DB= GT4|GT4;ID=3300029045.a:Ga0169661_100068_26
26	CAZyme	2	0	CGC1	3300029045.a:Ga0169661_100068	31771	33147	3300029045.a:Ga0169661_100068_27	+	DB= GH57|GH57;ID=3300029045.a:Ga0169661_100068_27	DB= GH57|GH57;ID=3300029045.a:Ga0169661_100068_27
27	null	null	null	CGC1	3300029045.a:Ga0169661_100068	33317	34186	3300029045.a:Ga0169661_100068_28	+	;ID=3300029045.a:Ga0169661_100068_28
28	null	null	null	CGC1	3300029045.a:Ga0169661_100068	34627	34902	3300029045.a:Ga0169661_100068_29	-	;ID=3300029045.a:Ga0169661_100068_29
29	CAZyme	6	2	CGC1	3300029045.a:Ga0169661_100068	35707	36711	3300029045.a:Ga0169661_100068_30	+	DB=GT2;ID=3300029045.a:Ga0169661_100068_30	DB=GT2;ID=3300029045.a:Ga0169661_100068_30
+++++
60	TF	2	17	CGC1	3300029045.a:Ga0169661_100126	75858	76139	3300029045.a:Ga0169661_100126_61	-	DB=DBD-SUPERFAMILY|0044258;ID=3300029045.a:Ga0169661_100126_61	DB=DBD-SUPERFAMILY|0044258;ID=3300029045.a:Ga0169661_100126_61
61	null	null	null	CGC1	3300029045.a:Ga0169661_100126	76133	76747	3300029045.a:Ga0169661_100126_62	-	;ID=3300029045.a:Ga0169661_100126_62
62	null	null	null	CGC1	3300029045.a:Ga0169661_100126	76885	77157	3300029045.a:Ga0169661_100126_63	+	;ID=3300029045.a:Ga0169661_100126_63
63	TC	2	2	CGC1	3300029045.a:Ga0169661_100126	77838	81212	3300029045.a:Ga0169661_100126_64	-	DB=gnl|TC-DB|P10408|3.A.5.1.1;ID=3300029045.a:Ga0169661_100126_64	DB=gnl|TC-DB|P10408|3.A.5.1.1;ID=3300029045.a:Ga0169661_100126_64
64	null	null	null	CGC1	3300029045.a:Ga0169661_100126	81316	82899	3300029045.a:Ga0169661_100126_65	-	;ID=3300029045.a:Ga0169661_100126_65
65	null	null	null	CGC1	3300029045.a:Ga0169661_100126	82889	84133	3300029045.a:Ga0169661_100126_66	-	;ID=3300029045.a:Ga0169661_100126_66
66	STP	2	2	CGC1	3300029045.a:Ga0169661_100126	84303	84914	3300029045.a:Ga0169661_100126_67	+	DB=STP|Nitroreductase;ID=3300029045.a:Ga0169661_100126_67	DB=STP|Nitroreductase;ID=3300029045.a:Ga0169661_100126_67
67	null	null	null	CGC1	3300029045.a:Ga0169661_100126	84911	85651	3300029045.a:Ga0169661_100126_68	+	;ID=3300029045.a:Ga0169661_100126_68
68	null	null	null	CGC1	3300029045.a:Ga0169661_100126	85816	87795	3300029045.a:Ga0169661_100126_69	+	;ID=3300029045.a:Ga0169661_100126_69
69	TC	0	2	CGC1	3300029045.a:Ga0169661_100126	87809	88939	3300029045.a:Ga0169661_100126_70	+	DB=gnl|TC-DB|A9WCZ4|3.A.1.13.2;ID=3300029045.a:Ga0169661_100126_70	DB=gnl|TC-DB|A9WCZ4|3.A.1.13.2;ID=3300029045.a:Ga0169661_100126_70
70	TC	0	0	CGC1	3300029045.a:Ga0169661_100126	88936	89985	3300029045.a:Ga0169661_100126_71	+	DB=gnl|TC-DB|A9WCZ6|3.A.1.13.2;ID=3300029045.a:Ga0169661_100126_71	DB=gnl|TC-DB|A9WCZ6|3.A.1.13.2;ID=3300029045.a:Ga0169661_100126_71
71	TC	0	0	CGC1	3300029045.a:Ga0169661_100126	89985	91019	3300029045.a:Ga0169661_100126_72	+	DB=gnl|TC-DB|A9WCZ7|3.A.1.13.2;ID=3300029045.a:Ga0169661_100126_72	DB=gnl|TC-DB|A9WCZ7|3.A.1.13.2;ID=3300029045.a:Ga0169661_100126_72
72	CAZyme	2	0	CGC1	3300029045.a:Ga0169661_100126	91112	92242	3300029045.a:Ga0169661_100126_73	-	DB=GT19| GT19;ID=3300029045.a:Ga0169661_100126_73	DB=GT19| GT19;ID=3300029045.a:Ga0169661_100126_73
73	null	null	null	CGC1	3300029045.a:Ga0169661_100126	92268	92594	3300029045.a:Ga0169661_100126_74	-	;ID=3300029045.a:Ga0169661_100126_74
74	null	null	null	CGC1	3300029045.a:Ga0169661_100126	92864	94291	3300029045.a:Ga0169661_100126_75	+	;ID=3300029045.a:Ga0169661_100126_75
75	TF	null	2	CGC1	3300029045.a:Ga0169661_100126	94469	95020	3300029045.a:Ga0169661_100126_76	+	DB=DBD-Pfam|HTH_3,DBD-SUPERFAMILY|0043707;ID=3300029045.a:Ga0169661_100126_76	DB=DBD-Pfam|HTH_3,DBD-SUPERFAMILY|0043707;ID=3300029045.a:Ga0169661_100126_76
+++++
4	CAZyme	0	null	CGC1	3300029045.a:Ga0169661_100284	7439	8242	3300029045.a:Ga0169661_100284_5	-	DB=GH16_3| GH16_3;ID=3300029045.a:Ga0169661_100284_5	DB=GH16_3| GH16_3;ID=3300029045.a:Ga0169661_100284_5
5	TC	0	0	CGC1	3300029045.a:Ga0169661_100284	8735	11281	3300029045.a:Ga0169661_100284_6	-	DB=gnl|TC-DB|I3YT95|1.B.14.6.14;ID=3300029045.a:Ga0169661_100284_6	DB=gnl|TC-DB|I3YT95|1.B.14.6.14;ID=3300029045.a:Ga0169661_100284_6
6	STP	1	0	CGC1	3300029045.a:Ga0169661_100284	11495	11974	3300029045.a:Ga0169661_100284_7	+	DB=STP|CYTH;ID=3300029045.a:Ga0169661_100284_7	DB=STP|CYTH;ID=3300029045.a:Ga0169661_100284_7
7	null	null	null	CGC1	3300029045.a:Ga0169661_100284	12012	12182	3300029045.a:Ga0169661_100284_8	-	;ID=3300029045.a:Ga0169661_100284_8
8	TF	0	1	CGC1	3300029045.a:Ga0169661_100284	12821	13414	3300029045.a:Ga0169661_100284_9	+	DB=DBD-Pfam|GerE;ID=3300029045.a:Ga0169661_100284_9	DB=DBD-Pfam|GerE;ID=3300029045.a:Ga0169661_100284_9
9	STP	1	0	CGC1	3300029045.a:Ga0169661_100284	13476	14456	3300029045.a:Ga0169661_100284_10	+	DB=STP|FecR;ID=3300029045.a:Ga0169661_100284_10	DB=STP|FecR;ID=3300029045.a:Ga0169661_100284_10
10	null	null	null	CGC1	3300029045.a:Ga0169661_100284	14586	14939	3300029045.a:Ga0169661_100284_11	+	;ID=3300029045.a:Ga0169661_100284_11
11	TC	2	1	CGC1	3300029045.a:Ga0169661_100284	14947	18102	3300029045.a:Ga0169661_100284_12	+	DB=gnl|TC-DB|Q45780|1.B.14.6.1;ID=3300029045.a:Ga0169661_100284_12	DB=gnl|TC-DB|Q45780|1.B.14.6.1;ID=3300029045.a:Ga0169661_100284_12
12	null	null	null	CGC1	3300029045.a:Ga0169661_100284	18114	19916	3300029045.a:Ga0169661_100284_13	+	;ID=3300029045.a:Ga0169661_100284_13
13	null	null	null	CGC1	3300029045.a:Ga0169661_100284	20080	21171	3300029045.a:Ga0169661_100284_14	+	;ID=3300029045.a:Ga0169661_100284_14
14	TC	0	2	CGC1	3300029045.a:Ga0169661_100284	21528	22928	3300029045.a:Ga0169661_100284_15	-	DB=gnl|TC-DB|P76269|2.A.1.3.17;ID=3300029045.a:Ga0169661_100284_15	DB=gnl|TC-DB|P76269|2.A.1.3.17;ID=3300029045.a:Ga0169661_100284_15
15	TC	0	0	CGC1	3300029045.a:Ga0169661_100284	23238	23852	3300029045.a:Ga0169661_100284_16	+	DB=gnl|TC-DB|A5FNR0|1.B.44.2.1;ID=3300029045.a:Ga0169661_100284_16	DB=gnl|TC-DB|A5FNR0|1.B.44.2.1;ID=3300029045.a:Ga0169661_100284_16
16	STP	4	0	CGC1	3300029045.a:Ga0169661_100284	23919	24290	3300029045.a:Ga0169661_100284_17	-	DB=STP|HMA;ID=3300029045.a:Ga0169661_100284_17	DB=STP|HMA;ID=3300029045.a:Ga0169661_100284_17
+++++
15	STP	2	3	CGC1	3300029045.a:Ga0169661_100076	15083	16207	3300029045.a:Ga0169661_100076_16	+	DB=STP|Aminotran_1_2;ID=3300029045.a:Ga0169661_100076_16	DB=STP|Aminotran_1_2;ID=3300029045.a:Ga0169661_100076_16
16	null	null	null	CGC1	3300029045.a:Ga0169661_100076	16204	16992	3300029045.a:Ga0169661_100076_17	+	;ID=3300029045.a:Ga0169661_100076_17
17	null	null	null	CGC1	3300029045.a:Ga0169661_100076	17302	17757	3300029045.a:Ga0169661_100076_18	+	;ID=3300029045.a:Ga0169661_100076_18
18	TC	2	2	CGC1	3300029045.a:Ga0169661_100076	17877	19196	3300029045.a:Ga0169661_100076_19	+	DB=gnl|TC-DB|P0A2L3|9.A.40.1.2;ID=3300029045.a:Ga0169661_100076_19	DB=gnl|TC-DB|P0A2L3|9.A.40.1.2;ID=3300029045.a:Ga0169661_100076_19
19	null	null	null	CGC1	3300029045.a:Ga0169661_100076	19229	19831	3300029045.a:Ga0169661_100076_20	+	;ID=3300029045.a:Ga0169661_100076_20
20	null	null	null	CGC1	3300029045.a:Ga0169661_100076	19831	20466	3300029045.a:Ga0169661_100076_21	+	;ID=3300029045.a:Ga0169661_100076_21
21	STP	0	2	CGC1	3300029045.a:Ga0169661_100076	20458	20658	3300029045.a:Ga0169661_100076_22	-	DB=STP|HMA;ID=3300029045.a:Ga0169661_100076_22	DB=STP|HMA;ID=3300029045.a:Ga0169661_100076_22
22	TC	2	0	CGC1	3300029045.a:Ga0169661_100076	20683	22833	3300029045.a:Ga0169661_100076_23	-	DB=gnl|TC-DB|Q5X2N1|3.A.3.5.30;ID=3300029045.a:Ga0169661_100076_23	DB=gnl|TC-DB|Q5X2N1|3.A.3.5.30;ID=3300029045.a:Ga0169661_100076_23
23	null	null	null	CGC1	3300029045.a:Ga0169661_100076	22906	23271	3300029045.a:Ga0169661_100076_24	-	;ID=3300029045.a:Ga0169661_100076_24
24	null	null	null	CGC1	3300029045.a:Ga0169661_100076	23445	24458	3300029045.a:Ga0169661_100076_25	-	;ID=3300029045.a:Ga0169661_100076_25
25	CAZyme	1	2	CGC1	3300029045.a:Ga0169661_100076	24469	26457	3300029045.a:Ga0169661_100076_26	-	DB=GH36;ID=3300029045.a:Ga0169661_100076_26	DB=GH36;ID=3300029045.a:Ga0169661_100076_26
26	null	null	null	CGC1	3300029045.a:Ga0169661_100076	26476	27912	3300029045.a:Ga0169661_100076_27	-	;ID=3300029045.a:Ga0169661_100076_27
27	CAZyme	0	1	CGC1	3300029045.a:Ga0169661_100076	27935	30364	3300029045.a:Ga0169661_100076_28	-	DB= GH2|GH2;ID=3300029045.a:Ga0169661_100076_28	DB= GH2|GH2;ID=3300029045.a:Ga0169661_100076_28
28	CAZyme	2	0	CGC1	3300029045.a:Ga0169661_100076	30403	32760	3300029045.a:Ga0169661_100076_29	-	DB=GH36;ID=3300029045.a:Ga0169661_100076_29	DB=GH36;ID=3300029045.a:Ga0169661_100076_29
29	null	null	null	CGC1	3300029045.a:Ga0169661_100076	32863	34746	3300029045.a:Ga0169661_100076_30	-	;ID=3300029045.a:Ga0169661_100076_30
30	null	null	null	CGC1	3300029045.a:Ga0169661_100076	34840	36399	3300029045.a:Ga0169661_100076_31	-	;ID=3300029045.a:Ga0169661_100076_31
31	TC	0	2	CGC1	3300029045.a:Ga0169661_100076	36419	39478	3300029045.a:Ga0169661_100076_32	-	DB=gnl|TC-DB|Q45780|1.B.14.6.1;ID=3300029045.a:Ga0169661_100076_32	DB=gnl|TC-DB|Q45780|1.B.14.6.1;ID=3300029045.a:Ga0169661_100076_32
32	CAZyme	0	0	CGC1	3300029045.a:Ga0169661_100076	39520	41697	3300029045.a:Ga0169661_100076_33	-	DB= GH36|GH36;ID=3300029045.a:Ga0169661_100076_33	DB= GH36|GH36;ID=3300029045.a:Ga0169661_100076_33
33	TC	0	0	CGC1	3300029045.a:Ga0169661_100076	41718	43112	3300029045.a:Ga0169661_100076_34	-	DB=gnl|TC-DB|P0AGF4|2.A.1.1.3;ID=3300029045.a:Ga0169661_100076_34	DB=gnl|TC-DB|P0AGF4|2.A.1.1.3;ID=3300029045.a:Ga0169661_100076_34
34	STP	0	0	CGC1	3300029045.a:Ga0169661_100076	43141	46476	3300029045.a:Ga0169661_100076_35	-	DB=STP|TPR_1,STP|TPR_2;ID=3300029045.a:Ga0169661_100076_35	DB=STP|TPR_1,STP|TPR_2;ID=3300029045.a:Ga0169661_100076_35
35	TF	3	0	CGC1	3300029045.a:Ga0169661_100076	46621	47526	3300029045.a:Ga0169661_100076_36	+	DB=DBD-Pfam|HTH_AraC,DBD-Pfam|HTH_AraC,DBD-SUPERFAMILY|0036286,DBD-SUPERFAMILY|0035607;ID=3300029045.a:Ga0169661_100076_36	DB=DBD-Pfam|HTH_AraC,DBD-Pfam|HTH_AraC,DBD-SUPERFAMILY|0036286,DBD-SUPERFAMILY|0035607;ID=3300029045.a:Ga0169661_100076_36
+++++
11	TC	2	9	CGC1	3300029045.a:Ga0169661_100134	17102	18484	3300029045.a:Ga0169661_100134_12	+	DB=gnl|TC-DB|G0CIY2|9.B.18.1.1;ID=3300029045.a:Ga0169661_100134_12	DB=gnl|TC-DB|G0CIY2|9.B.18.1.1;ID=3300029045.a:Ga0169661_100134_12
12	null	null	null	CGC1	3300029045.a:Ga0169661_100134	18575	19513	3300029045.a:Ga0169661_100134_13	+	;ID=3300029045.a:Ga0169661_100134_13
13	null	null	null	CGC1	3300029045.a:Ga0169661_100134	19522	20490	3300029045.a:Ga0169661_100134_14	-	;ID=3300029045.a:Ga0169661_100134_14
14	TC	0	2	CGC1	3300029045.a:Ga0169661_100134	20496	22319	3300029045.a:Ga0169661_100134_15	-	DB=gnl|TC-DB|P74477|2.A.49.6.1;ID=3300029045.a:Ga0169661_100134_15	DB=gnl|TC-DB|P74477|2.A.49.6.1;ID=3300029045.a:Ga0169661_100134_15
15	TC	2	0	CGC1	3300029045.a:Ga0169661_100134	22330	23742	3300029045.a:Ga0169661_100134_16	-	DB=gnl|TC-DB|917585193|9.B.18.1.3;ID=3300029045.a:Ga0169661_100134_16	DB=gnl|TC-DB|917585193|9.B.18.1.3;ID=3300029045.a:Ga0169661_100134_16
16	null	null	null	CGC1	3300029045.a:Ga0169661_100134	23739	24533	3300029045.a:Ga0169661_100134_17	-	;ID=3300029045.a:Ga0169661_100134_17
17	null	null	null	CGC1	3300029045.a:Ga0169661_100134	24626	25441	3300029045.a:Ga0169661_100134_18	+	;ID=3300029045.a:Ga0169661_100134_18
18	CAZyme	0	2	CGC1	3300029045.a:Ga0169661_100134	25454	27172	3300029045.a:Ga0169661_100134_19	+	DB=GH13_38| GH13_38;ID=3300029045.a:Ga0169661_100134_19	DB=GH13_38| GH13_38;ID=3300029045.a:Ga0169661_100134_19
19	STP	1	0	CGC1	3300029045.a:Ga0169661_100134	27251	28189	3300029045.a:Ga0169661_100134_20	+	DB=STP|Pribosyltran;ID=3300029045.a:Ga0169661_100134_20	DB=STP|Pribosyltran;ID=3300029045.a:Ga0169661_100134_20
20	null	null	null	CGC1	3300029045.a:Ga0169661_100134	28467	28607	3300029045.a:Ga0169661_100134_21	+	;ID=3300029045.a:Ga0169661_100134_21
21	TC	0	1	CGC1	3300029045.a:Ga0169661_100134	28548	30458	3300029045.a:Ga0169661_100134_22	-	DB=gnl|TC-DB|P0A6Y8|1.A.33.1.2;ID=3300029045.a:Ga0169661_100134_22	DB=gnl|TC-DB|P0A6Y8|1.A.33.1.2;ID=3300029045.a:Ga0169661_100134_22
22	STP	0	0	CGC1	3300029045.a:Ga0169661_100134	30805	31218	3300029045.a:Ga0169661_100134_23	+	DB=STP|Glyoxalase;ID=3300029045.a:Ga0169661_100134_23	DB=STP|Glyoxalase;ID=3300029045.a:Ga0169661_100134_23
23	TC	2	0	CGC1	3300029045.a:Ga0169661_100134	31223	32776	3300029045.a:Ga0169661_100134_24	+	DB=gnl|TC-DB|Q57079|3.B.1.1.2;ID=3300029045.a:Ga0169661_100134_24	DB=gnl|TC-DB|Q57079|3.B.1.1.2;ID=3300029045.a:Ga0169661_100134_24
24	null	null	null	CGC1	3300029045.a:Ga0169661_100134	32798	33712	3300029045.a:Ga0169661_100134_25	+	;ID=3300029045.a:Ga0169661_100134_25
25	null	null	null	CGC1	3300029045.a:Ga0169661_100134	33738	34169	3300029045.a:Ga0169661_100134_26	+	;ID=3300029045.a:Ga0169661_100134_26
26	TC	2	2	CGC1	3300029045.a:Ga0169661_100134	34174	35325	3300029045.a:Ga0169661_100134_27	+	DB=gnl|TC-DB|Q03031|3.B.1.1.1;ID=3300029045.a:Ga0169661_100134_27	DB=gnl|TC-DB|Q03031|3.B.1.1.1;ID=3300029045.a:Ga0169661_100134_27
27	null	null	null	CGC1	3300029045.a:Ga0169661_100134	35356	35613	3300029045.a:Ga0169661_100134_28	+	;ID=3300029045.a:Ga0169661_100134_28
28	null	null	null	CGC1	3300029045.a:Ga0169661_100134	35576	36301	3300029045.a:Ga0169661_100134_29	+	;ID=3300029045.a:Ga0169661_100134_29
29	TF	0	2	CGC1	3300029045.a:Ga0169661_100134	36350	37246	3300029045.a:Ga0169661_100134_30	-	DB=DBD-Pfam|HTH_AraC,DBD-Pfam|HTH_AraC,DBD-SUPERFAMILY|0035607,DBD-SUPERFAMILY|0035607;ID=3300029045.a:Ga0169661_100134_30	DB=DBD-Pfam|HTH_AraC,DBD-Pfam|HTH_AraC,DBD-SUPERFAMILY|0035607,DBD-SUPERFAMILY|0035607;ID=3300029045.a:Ga0169661_100134_30
30	TC	0	0	CGC1	3300029045.a:Ga0169661_100134	37403	38437	3300029045.a:Ga0169661_100134_31	+	DB=gnl|TC-DB|Q2FD71|2.A.6.2.40;ID=3300029045.a:Ga0169661_100134_31	DB=gnl|TC-DB|Q2FD71|2.A.6.2.40;ID=3300029045.a:Ga0169661_100134_31
31	TC	3	0	CGC1	3300029045.a:Ga0169661_100134	38434	41523	3300029045.a:Ga0169661_100134_32	+	DB=gnl|TC-DB|Q9KRG9|2.A.6.2.38;ID=3300029045.a:Ga0169661_100134_32	DB=gnl|TC-DB|Q9KRG9|2.A.6.2.38;ID=3300029045.a:Ga0169661_100134_32
+++++
100	CAZyme	1	6	CGC1	3300029045.a:Ga0169661_100047	130608	131990	3300029045.a:Ga0169661_100047_101	-	DB= CE11|CE11;ID=3300029045.a:Ga0169661_100047_101	DB= CE11|CE11;ID=3300029045.a:Ga0169661_100047_101
101	null	null	null	CGC1	3300029045.a:Ga0169661_100047	132003	133049	3300029045.a:Ga0169661_100047_102	-	;ID=3300029045.a:Ga0169661_100047_102
102	STP	1	1	CGC1	3300029045.a:Ga0169661_100047	133418	134596	3300029045.a:Ga0169661_100047_103	+	DB=STP|Aminotran_1_2;ID=3300029045.a:Ga0169661_100047_103	DB=STP|Aminotran_1_2;ID=3300029045.a:Ga0169661_100047_103
103	null	null	null	CGC1	3300029045.a:Ga0169661_100047	134748	135188	3300029045.a:Ga0169661_100047_104	-	;ID=3300029045.a:Ga0169661_100047_104
104	STP	0	1	CGC1	3300029045.a:Ga0169661_100047	135306	136577	3300029045.a:Ga0169661_100047_105	-	DB=STP|HisKA,STP|HATPase_c;ID=3300029045.a:Ga0169661_100047_105	DB=STP|HisKA,STP|HATPase_c;ID=3300029045.a:Ga0169661_100047_105
105	TF	0	0	CGC1	3300029045.a:Ga0169661_100047	136590	137273	3300029045.a:Ga0169661_100047_106	-	DB=DBD-Pfam|Trans_reg_C;ID=3300029045.a:Ga0169661_100047_106	DB=DBD-Pfam|Trans_reg_C;ID=3300029045.a:Ga0169661_100047_106
106	TC	0	0	CGC1	3300029045.a:Ga0169661_100047	137442	137606	3300029045.a:Ga0169661_100047_107	-	DB=gnl|TC-DB|T2K7M7|3.D.7.2.3;ID=3300029045.a:Ga0169661_100047_107	DB=gnl|TC-DB|T2K7M7|3.D.7.2.3;ID=3300029045.a:Ga0169661_100047_107
107	STP	5	0	CGC1	3300029045.a:Ga0169661_100047	138110	139471	3300029045.a:Ga0169661_100047_108	-	DB=STP|PALP;ID=3300029045.a:Ga0169661_100047_108	DB=STP|PALP;ID=3300029045.a:Ga0169661_100047_108
+++++
12	CAZyme	1	null	CGC1	3300029045.a:Ga0169661_100139	10339	13071	3300029045.a:Ga0169661_100139_13	-	DB=GH3|CBM35| GH3;ID=3300029045.a:Ga0169661_100139_13	DB=GH3|CBM35| GH3;ID=3300029045.a:Ga0169661_100139_13
13	null	null	null	CGC1	3300029045.a:Ga0169661_100139	13082	15145	3300029045.a:Ga0169661_100139_14	-	;ID=3300029045.a:Ga0169661_100139_14
14	CAZyme	0	1	CGC1	3300029045.a:Ga0169661_100139	15202	17361	3300029045.a:Ga0169661_100139_15	-	DB= GH31|GH31;ID=3300029045.a:Ga0169661_100139_15	DB= GH31|GH31;ID=3300029045.a:Ga0169661_100139_15
15	CAZyme	2	0	CGC1	3300029045.a:Ga0169661_100139	17380	18582	3300029045.a:Ga0169661_100139_16	-	DB=GH76;ID=3300029045.a:Ga0169661_100139_16	DB=GH76;ID=3300029045.a:Ga0169661_100139_16
16	null	null	null	CGC1	3300029045.a:Ga0169661_100139	18672	19772	3300029045.a:Ga0169661_100139_17	-	;ID=3300029045.a:Ga0169661_100139_17
17	null	null	null	CGC1	3300029045.a:Ga0169661_100139	19804	21756	3300029045.a:Ga0169661_100139_18	-	;ID=3300029045.a:Ga0169661_100139_18
18	TC	0	2	CGC1	3300029045.a:Ga0169661_100139	21776	25108	3300029045.a:Ga0169661_100139_19	-	DB=gnl|TC-DB|Q45780|1.B.14.6.1;ID=3300029045.a:Ga0169661_100139_19	DB=gnl|TC-DB|Q45780|1.B.14.6.1;ID=3300029045.a:Ga0169661_100139_19
19	STP	0	0	CGC1	3300029045.a:Ga0169661_100139	25242	26267	3300029045.a:Ga0169661_100139_20	-	DB=STP|FecR;ID=3300029045.a:Ga0169661_100139_20	DB=STP|FecR;ID=3300029045.a:Ga0169661_100139_20
20	TF	1	0	CGC1	3300029045.a:Ga0169661_100139	26503	27054	3300029045.a:Ga0169661_100139_21	+	DB=DBD-Pfam|GerE;ID=3300029045.a:Ga0169661_100139_21	DB=DBD-Pfam|GerE;ID=3300029045.a:Ga0169661_100139_21
21	null	null	null	CGC1	3300029045.a:Ga0169661_100139	27253	28860	3300029045.a:Ga0169661_100139_22	+	;ID=3300029045.a:Ga0169661_100139_22
22	CAZyme	2	1	CGC1	3300029045.a:Ga0169661_100139	28894	31392	3300029045.a:Ga0169661_100139_23	+	DB=GH97;ID=3300029045.a:Ga0169661_100139_23	DB=GH97;ID=3300029045.a:Ga0169661_100139_23
23	null	null	null	CGC1	3300029045.a:Ga0169661_100139	31429	32793	3300029045.a:Ga0169661_100139_24	+	;ID=3300029045.a:Ga0169661_100139_24
24	null	null	null	CGC1	3300029045.a:Ga0169661_100139	32801	32908	3300029045.a:Ga0169661_100139_25	+	;ID=3300029045.a:Ga0169661_100139_25
25	CAZyme	14	2	CGC1	3300029045.a:Ga0169661_100139	32915	34117	3300029045.a:Ga0169661_100139_26	+	DB= GH76|GH76;ID=3300029045.a:Ga0169661_100139_26	DB= GH76|GH76;ID=3300029045.a:Ga0169661_100139_26
+++++
40	TF	1	14	CGC2	3300029045.a:Ga0169661_100139	57458	57661	3300029045.a:Ga0169661_100139_41	-	DB=DBD-Pfam|HTH_3,DBD-SUPERFAMILY|0043707;ID=3300029045.a:Ga0169661_100139_41	DB=DBD-Pfam|HTH_3,DBD-SUPERFAMILY|0043707;ID=3300029045.a:Ga0169661_100139_41
41	null	null	null	CGC2	3300029045.a:Ga0169661_100139	58410	58682	3300029045.a:Ga0169661_100139_42	+	;ID=3300029045.a:Ga0169661_100139_42
42	TF	1	1	CGC2	3300029045.a:Ga0169661_100139	58701	58994	3300029045.a:Ga0169661_100139_43	+	DB=DBD-SUPERFAMILY|0039468;ID=3300029045.a:Ga0169661_100139_43	DB=DBD-SUPERFAMILY|0039468;ID=3300029045.a:Ga0169661_100139_43
43	null	null	null	CGC2	3300029045.a:Ga0169661_100139	59396	60628	3300029045.a:Ga0169661_100139_44	-	;ID=3300029045.a:Ga0169661_100139_44
44	TF	2	1	CGC2	3300029045.a:Ga0169661_100139	61543	62424	3300029045.a:Ga0169661_100139_45	+	DB=DBD-Pfam|HTH_AraC,DBD-SUPERFAMILY|0036286,DBD-SUPERFAMILY|0035607;ID=3300029045.a:Ga0169661_100139_45	DB=DBD-Pfam|HTH_AraC,DBD-SUPERFAMILY|0036286,DBD-SUPERFAMILY|0035607;ID=3300029045.a:Ga0169661_100139_45
45	null	null	null	CGC2	3300029045.a:Ga0169661_100139	62590	62925	3300029045.a:Ga0169661_100139_46	+	;ID=3300029045.a:Ga0169661_100139_46
46	null	null	null	CGC2	3300029045.a:Ga0169661_100139	62947	63210	3300029045.a:Ga0169661_100139_47	+	;ID=3300029045.a:Ga0169661_100139_47
47	STP	0	2	CGC2	3300029045.a:Ga0169661_100139	64034	64201	3300029045.a:Ga0169661_100139_48	-	DB=STP|Fer4,STP|Fer4;ID=3300029045.a:Ga0169661_100139_48	DB=STP|Fer4,STP|Fer4;ID=3300029045.a:Ga0169661_100139_48
48	TC	0	0	CGC2	3300029045.a:Ga0169661_100139	64293	65132	3300029045.a:Ga0169661_100139_49	+	DB=gnl|TC-DB|Q9ZNF9|1.B.44.1.1;ID=3300029045.a:Ga0169661_100139_49	DB=gnl|TC-DB|Q9ZNF9|1.B.44.1.1;ID=3300029045.a:Ga0169661_100139_49
49	CAZyme	7	0	CGC2	3300029045.a:Ga0169661_100139	65120	68098	3300029045.a:Ga0169661_100139_50	-	DB=GH3| GH3;ID=3300029045.a:Ga0169661_100139_50	DB=GH3| GH3;ID=3300029045.a:Ga0169661_100139_50
+++++
31	CAZyme	0	6	CGC1	3300029045.a:Ga0169661_100188	35526	37751	3300029045.a:Ga0169661_100188_32	+	DB=GH3| GH3;ID=3300029045.a:Ga0169661_100188_32	DB=GH3| GH3;ID=3300029045.a:Ga0169661_100188_32
32	TF	0	0	CGC1	3300029045.a:Ga0169661_100188	37831	38532	3300029045.a:Ga0169661_100188_33	-	DB=DBD-SUPERFAMILY|0038753;ID=3300029045.a:Ga0169661_100188_33	DB=DBD-SUPERFAMILY|0038753;ID=3300029045.a:Ga0169661_100188_33
33	STP	1	0	CGC1	3300029045.a:Ga0169661_100188	38702	39649	3300029045.a:Ga0169661_100188_34	-	DB=STP|Pyr_redox_2;ID=3300029045.a:Ga0169661_100188_34	DB=STP|Pyr_redox_2;ID=3300029045.a:Ga0169661_100188_34
34	null	null	null	CGC1	3300029045.a:Ga0169661_100188	39671	40312	3300029045.a:Ga0169661_100188_35	-	;ID=3300029045.a:Ga0169661_100188_35
35	TC	0	1	CGC1	3300029045.a:Ga0169661_100188	40309	42783	3300029045.a:Ga0169661_100188_36	-	DB=gnl|TC-DB|P21458|3.A.12.1.1;ID=3300029045.a:Ga0169661_100188_36	DB=gnl|TC-DB|P21458|3.A.12.1.1;ID=3300029045.a:Ga0169661_100188_36
36	TC	0	0	CGC1	3300029045.a:Ga0169661_100188	42855	44318	3300029045.a:Ga0169661_100188_37	-	DB=gnl|TC-DB|P0AFZ7|2.A.38.1.1;ID=3300029045.a:Ga0169661_100188_37	DB=gnl|TC-DB|P0AFZ7|2.A.38.1.1;ID=3300029045.a:Ga0169661_100188_37
37	TC	3	0	CGC1	3300029045.a:Ga0169661_100188	44326	45660	3300029045.a:Ga0169661_100188_38	-	DB=gnl|TC-DB|P0AGI8|2.A.38.1.1;ID=3300029045.a:Ga0169661_100188_38	DB=gnl|TC-DB|P0AGI8|2.A.38.1.1;ID=3300029045.a:Ga0169661_100188_38
+++++
1	TC	0	null	CGC1	3300029045.a:Ga0169661_100758	951	4430	3300029045.a:Ga0169661_100758_2	-	DB=gnl|TC-DB|Q45780|1.B.14.6.1;ID=3300029045.a:Ga0169661_100758_2	DB=gnl|TC-DB|Q45780|1.B.14.6.1;ID=3300029045.a:Ga0169661_100758_2
2	CAZyme	1	0	CGC1	3300029045.a:Ga0169661_100758	4622	6211	3300029045.a:Ga0169661_100758_3	-	DB= GH20|GH20;ID=3300029045.a:Ga0169661_100758_3	DB= GH20|GH20;ID=3300029045.a:Ga0169661_100758_3
3	null	null	null	CGC1	3300029045.a:Ga0169661_100758	6222	8633	3300029045.a:Ga0169661_100758_4	-	;ID=3300029045.a:Ga0169661_100758_4
4	STP	0	1	CGC1	3300029045.a:Ga0169661_100758	8704	9732	3300029045.a:Ga0169661_100758_5	-	DB=STP|FecR;ID=3300029045.a:Ga0169661_100758_5	DB=STP|FecR;ID=3300029045.a:Ga0169661_100758_5
5	TF	0	0	CGC1	3300029045.a:Ga0169661_100758	9797	10438	3300029045.a:Ga0169661_100758_6	-	DB=DBD-Pfam|GerE;ID=3300029045.a:Ga0169661_100758_6	DB=DBD-Pfam|GerE;ID=3300029045.a:Ga0169661_100758_6
6	CAZyme	null	0	CGC1	3300029045.a:Ga0169661_100758	10703	14455	3300029045.a:Ga0169661_100758_7	+	DB=GH92| GH92;ID=3300029045.a:Ga0169661_100758_7	DB=GH92| GH92;ID=3300029045.a:Ga0169661_100758_7
+++++
1	TF	0	null	CGC1	3300029045.a:Ga0169661_100531	353	901	3300029045.a:Ga0169661_100531_2	+	DB=DBD-Pfam|MarR,DBD-SUPERFAMILY|0040266;ID=3300029045.a:Ga0169661_100531_2	DB=DBD-Pfam|MarR,DBD-SUPERFAMILY|0040266;ID=3300029045.a:Ga0169661_100531_2
2	STP	1	0	CGC1	3300029045.a:Ga0169661_100531	964	2742	3300029045.a:Ga0169661_100531_3	-	DB=STP|AAA;ID=3300029045.a:Ga0169661_100531_3	DB=STP|AAA;ID=3300029045.a:Ga0169661_100531_3
3	null	null	null	CGC1	3300029045.a:Ga0169661_100531	3030	3512	3300029045.a:Ga0169661_100531_4	-	;ID=3300029045.a:Ga0169661_100531_4
4	CAZyme	2	1	CGC1	3300029045.a:Ga0169661_100531	3641	4540	3300029045.a:Ga0169661_100531_5	+	DB=CBM50|GH73| GH73;ID=3300029045.a:Ga0169661_100531_5	DB=CBM50|GH73| GH73;ID=3300029045.a:Ga0169661_100531_5
5	null	null	null	CGC1	3300029045.a:Ga0169661_100531	4597	5355	3300029045.a:Ga0169661_100531_6	-	;ID=3300029045.a:Ga0169661_100531_6
6	null	null	null	CGC1	3300029045.a:Ga0169661_100531	6280	6450	3300029045.a:Ga0169661_100531_7	+	;ID=3300029045.a:Ga0169661_100531_7
7	TC	2	2	CGC1	3300029045.a:Ga0169661_100531	6431	8398	3300029045.a:Ga0169661_100531_8	-	DB=gnl|TC-DB|K1LZ89|1.B.6.1.14;ID=3300029045.a:Ga0169661_100531_8	DB=gnl|TC-DB|K1LZ89|1.B.6.1.14;ID=3300029045.a:Ga0169661_100531_8
8	null	null	null	CGC1	3300029045.a:Ga0169661_100531	8523	9740	3300029045.a:Ga0169661_100531_9	-	;ID=3300029045.a:Ga0169661_100531_9
9	null	null	null	CGC1	3300029045.a:Ga0169661_100531	9855	10916	3300029045.a:Ga0169661_100531_10	+	;ID=3300029045.a:Ga0169661_100531_10
10	TC	2	2	CGC1	3300029045.a:Ga0169661_100531	11289	14102	3300029045.a:Ga0169661_100531_11	-	DB=gnl|TC-DB|E6X5M3|1.C.105.2.12;ID=3300029045.a:Ga0169661_100531_11	DB=gnl|TC-DB|E6X5M3|1.C.105.2.12;ID=3300029045.a:Ga0169661_100531_11
11	null	null	null	CGC1	3300029045.a:Ga0169661_100531	14410	15789	3300029045.a:Ga0169661_100531_12	-	;ID=3300029045.a:Ga0169661_100531_12
12	null	null	null	CGC1	3300029045.a:Ga0169661_100531	15795	16367	3300029045.a:Ga0169661_100531_13	-	;ID=3300029045.a:Ga0169661_100531_13
13	CAZyme	3	2	CGC1	3300029045.a:Ga0169661_100531	16364	17095	3300029045.a:Ga0169661_100531_14	-	DB=GT2| GT2;ID=3300029045.a:Ga0169661_100531_14	DB=GT2| GT2;ID=3300029045.a:Ga0169661_100531_14
+++++
