3300024326.a:Ga0228652_1000677_8	gnl|TC-DB|D8RWR9|1.C.39.4.5	39.4	142	66	2	79	219	492	614	5.7e-17	85.9
3300024326.a:Ga0228652_1000014_8	gnl|TC-DB|D0J0R9|2.A.80.1.3	70.6	503	145	2	1	500	1	503	8.0e-184	639.8
3300024326.a:Ga0228652_1000014_19	gnl|TC-DB|P0ABU9|1.A.30.2.2	49.8	219	109	1	6	224	3	220	6.2e-51	197.2
3300024326.a:Ga0228652_1000014_20	gnl|TC-DB|P0ABV8|1.A.30.2.2	33.3	138	84	4	5	136	3	138	4.0e-12	67.8
3300024326.a:Ga0228652_1000014_22	gnl|TC-DB|P0A855|2.C.1.2.1	36.7	226	134	4	44	260	17	242	1.7e-31	133.7
3300024326.a:Ga0228652_1000014_23	gnl|TC-DB|C6EJJ6|2.C.1.2.1	37.4	171	100	2	3	167	4	173	2.4e-23	105.1
3300024326.a:Ga0228652_1000014_27	gnl|TC-DB|Q55026|9.B.20.2.1	45.6	147	68	3	24	159	10	155	1.1e-20	96.3
3300024326.a:Ga0228652_1000014_29	gnl|TC-DB|Q7WZ38|2.A.66.1.37	24.9	438	320	4	1	435	1	432	1.1e-33	141.0
3300024326.a:Ga0228652_1000014_30	gnl|TC-DB|P76264|2.A.107.1.1	51.9	187	87	2	1	186	1	185	5.0e-46	180.6
3300024326.a:Ga0228652_1000014_36	gnl|TC-DB|B8GAD2|2.A.59.2.2	52.2	318	145	3	1	317	2	313	3.1e-56	215.3
3300024326.a:Ga0228652_1000014_43	gnl|TC-DB|D0J060|2.A.80.1.3	36.1	330	198	5	5	329	8	329	6.2e-52	201.1
3300024326.a:Ga0228652_1000014_48	gnl|TC-DB|P77795|3.A.1.11.9	47.6	294	148	3	35	328	15	302	4.7e-63	238.0
3300024326.a:Ga0228652_1000014_50	gnl|TC-DB|Q8TJ86|3.A.1.8.2	26.9	208	144	4	55	258	12	215	1.1e-14	77.0
3300024326.a:Ga0228652_1000014_51	gnl|TC-DB|Q9KLQ7|3.A.1.20.2	30.1	306	195	9	6	300	7	304	1.0e-25	114.0
3300024326.a:Ga0228652_1000014_55	gnl|TC-DB|Q9HV74|2.A.21.9.1	31.2	260	150	6	272	522	737	976	7.6e-19	92.4
3300024326.a:Ga0228652_1000014_58	gnl|TC-DB|P76264|2.A.107.1.1	62.9	159	57	1	1	159	1	157	6.3e-51	196.8
3300024326.a:Ga0228652_1000014_60	gnl|TC-DB|D0J060|2.A.80.1.3	39.2	314	190	1	8	320	13	326	3.0e-59	225.3
3300024326.a:Ga0228652_1000014_62	gnl|TC-DB|D4ZZR3|9.B.34.1.3	35.3	167	107	1	319	485	228	393	2.9e-21	99.8
3300024326.a:Ga0228652_1000014_66	gnl|TC-DB|P0AB93|3.A.4.1.1	70.8	425	124	0	1	425	1	425	2.7e-164	574.7
3300024326.a:Ga0228652_1000014_73	gnl|TC-DB|D0J060|2.A.80.1.3	32.9	322	205	6	10	323	4	322	7.2e-40	161.0
3300024326.a:Ga0228652_1000014_76	gnl|TC-DB|D0J060|2.A.80.1.3	37.9	322	195	2	7	324	7	327	1.6e-55	213.0
3300024326.a:Ga0228652_1000014_87	gnl|TC-DB|D0J060|2.A.80.1.3	35.1	322	206	2	7	325	8	329	3.6e-52	201.8
3300024326.a:Ga0228652_1000014_89	gnl|TC-DB|852074676|1.C.75.1.3	39.1	350	190	9	13	351	11	348	2.4e-50	198.4
3300024326.a:Ga0228652_1000014_90	gnl|TC-DB|Q9JY22|1.B.20.1.5	31.2	571	338	12	80	610	25	580	2.1e-61	233.4
3300024326.a:Ga0228652_1000014_96	gnl|TC-DB|B8HSD7|9.B.126.2.6	42.2	211	118	3	10	219	1	208	1.8e-32	136.0
3300024326.a:Ga0228652_1000014_97	gnl|TC-DB|B8HSD7|9.B.126.2.6	50.0	64	32	0	4	67	216	279	4.3e-13	70.1
3300024326.a:Ga0228652_1000014_109	gnl|TC-DB|P10121|3.A.5.1.1	47.5	305	151	3	111	410	192	492	1.9e-74	276.2
3300024326.a:Ga0228652_1000014_113	gnl|TC-DB|P76103|2.A.46.1.9	41.2	374	220	0	31	404	9	382	1.1e-69	260.4
3300024326.a:Ga0228652_1000014_147	gnl|TC-DB|Q9RPP3|2.A.1.14.8	44.0	414	227	3	19	428	23	435	5.6e-101	364.4
3300024326.a:Ga0228652_1000014_165	gnl|TC-DB|P0ADE4|1.B.33.2.4	24.9	349	227	11	314	644	242	573	7.5e-17	85.5
3300024326.a:Ga0228652_1000014_166	gnl|TC-DB|A0L4L0|3.A.1.132.3	45.5	253	135	1	87	339	80	329	8.9e-60	227.3
3300024326.a:Ga0228652_1000014_176	gnl|TC-DB|F4ZBX4|1.B.76.1.1	47.7	214	111	1	69	281	209	422	1.3e-53	206.5
3300024326.a:Ga0228652_1000014_177	gnl|TC-DB|Q4KCN4|9.B.62.1.5	53.1	574	259	2	6	579	9	572	3.8e-177	617.8
3300024326.a:Ga0228652_1000014_178	gnl|TC-DB|Q93N33|2.A.21.9.2	29.0	248	150	7	204	433	752	991	1.0e-12	71.2
3300024326.a:Ga0228652_1000014_185	gnl|TC-DB|P0AGD7|3.A.5.1.1	62.3	459	159	3	1	459	1	445	1.9e-150	528.9
3300024326.a:Ga0228652_1000014_186	gnl|TC-DB|A6V120|9.B.14.3.5	35.6	267	161	3	11	277	10	265	1.1e-28	123.6
3300024326.a:Ga0228652_1000014_195	gnl|TC-DB|A8YQR5|3.A.23.2.1	35.4	528	317	11	16	539	2	509	2.3e-83	306.6
3300024326.a:Ga0228652_1000014_204	gnl|TC-DB|E6VA88|1.C.106.3.2	27.2	335	179	12	18	330	5	296	1.6e-14	78.6
3300024326.a:Ga0228652_1000014_208	gnl|TC-DB|Q4FKW8|2.A.7.3.37	26.4	261	191	1	11	270	34	294	1.7e-26	116.3
3300024326.a:Ga0228652_1000014_210	gnl|TC-DB|W0WL02|3.A.1.5.39	23.6	475	305	15	9	452	71	518	8.1e-13	71.6
3300024326.a:Ga0228652_1000014_211	gnl|TC-DB|P75798|3.A.1.5.11	47.4	310	155	1	4	313	4	305	2.5e-74	275.4
3300024326.a:Ga0228652_1000014_212	gnl|TC-DB|W0WMS8|3.A.1.5.39	41.6	279	148	4	21	292	30	300	1.3e-45	179.9
3300024326.a:Ga0228652_1000014_213	gnl|TC-DB|P75796|3.A.1.5.11	47.4	557	260	7	6	529	12	568	4.0e-120	428.3
3300024326.a:Ga0228652_1000014_216	gnl|TC-DB|Q9MUK5|3.A.9.1.1	39.5	157	82	3	71	221	60	209	2.9e-23	106.3
3300024326.a:Ga0228652_1000014_218	gnl|TC-DB|A8IBA8|1.B.12.5.2	37.3	1367	680	32	2603	3858	1778	3078	1.2e-45	184.1
3300024326.a:Ga0228652_1000014_225	gnl|TC-DB|Q92NF1|3.A.1.5.17	35.5	411	263	2	3	412	120	529	3.3e-74	275.4
3300024326.a:Ga0228652_1000014_229	gnl|TC-DB|Q92NE8|3.A.1.5.17	48.8	537	256	5	23	559	26	543	1.1e-133	473.4
3300024326.a:Ga0228652_1000014_230	gnl|TC-DB|Q92NE9|3.A.1.5.17	45.8	262	141	1	16	277	4	264	2.0e-54	209.1
3300024326.a:Ga0228652_1000014_231	gnl|TC-DB|Q92NF0|3.A.1.5.17	42.0	314	176	3	8	318	58	368	8.7e-59	223.8
3300024326.a:Ga0228652_1000014_232	gnl|TC-DB|W0WLZ1|3.A.1.5.39	24.8	553	342	19	1	505	1	527	5.1e-24	109.0
3300024326.a:Ga0228652_1000014_268	gnl|TC-DB|M3JA40|1.B.52.2.1	61.8	55	21	0	372	426	297	351	9.8e-11	64.7
3300024326.a:Ga0228652_1000014_276	gnl|TC-DB|Q04976|1.B.18.2.1	35.8	274	173	3	50	321	72	344	1.4e-38	156.8
3300024326.a:Ga0228652_1000014_280	gnl|TC-DB|V5FN92|9.B.169.1.12	48.3	385	187	4	16	400	20	392	3.3e-95	345.1
3300024326.a:Ga0228652_1000014_281	gnl|TC-DB|Q04064|1.B.1.4.1	31.9	395	221	8	6	364	3	385	8.8e-39	157.5
3300024326.a:Ga0228652_1000014_288	gnl|TC-DB|H3KBD2|2.A.9.3.7	46.4	582	266	7	2	565	4	557	3.6e-148	521.5
3300024326.a:Ga0228652_1000014_290	gnl|TC-DB|G8UJK3|9.B.124.1.7	37.2	113	59	3	1	104	1	110	2.4e-11	64.7
3300024326.a:Ga0228652_1000168_2	gnl|TC-DB|P60752|3.A.1.106.1	40.1	569	340	1	28	596	13	580	3.0e-113	405.6
3300024326.a:Ga0228652_1000168_7	gnl|TC-DB|B8F5K7|4.D.1.3.2	39.5	243	143	3	44	282	4	246	2.0e-46	182.6
3300024326.a:Ga0228652_1000168_18	gnl|TC-DB|P0AFL1|3.A.1.11.2	59.8	251	101	0	8	258	18	268	5.1e-81	297.4
3300024326.a:Ga0228652_1000168_19	gnl|TC-DB|P31135|3.A.1.11.2	52.6	285	135	0	14	298	29	313	9.1e-85	310.1
3300024326.a:Ga0228652_1000168_20	gnl|TC-DB|P31134|3.A.1.11.2	52.8	356	168	0	18	373	20	375	1.4e-103	372.9
3300024326.a:Ga0228652_1000168_21	gnl|TC-DB|P31133|3.A.1.11.2	44.1	365	203	1	2	365	6	370	1.4e-97	352.8
3300024326.a:Ga0228652_1000046_2	gnl|TC-DB|Q9HV74|2.A.21.9.1	26.9	279	176	10	301	566	711	974	9.5e-19	91.7
3300024326.a:Ga0228652_1000046_10	gnl|TC-DB|Q8ZRG7|3.A.3.5.20	56.3	742	315	3	68	807	15	749	1.2e-213	739.6
3300024326.a:Ga0228652_1000046_21	gnl|TC-DB|Q9L3M3|3.A.1.4.3	27.0	337	232	5	40	375	23	346	2.3e-19	93.2
3300024326.a:Ga0228652_1000046_22	gnl|TC-DB|Q8DQI0|3.A.1.4.10	30.3	284	195	2	2	283	1	283	3.3e-28	122.1
3300024326.a:Ga0228652_1000046_23	gnl|TC-DB|Q8VM84|3.A.1.4.3	28.6	301	203	7	12	307	19	312	4.6e-15	78.6
3300024326.a:Ga0228652_1000046_24	gnl|TC-DB|Q8DQH8|3.A.1.4.10	42.2	249	128	3	2	234	3	251	8.6e-46	180.3
3300024326.a:Ga0228652_1000046_25	gnl|TC-DB|Q8YT15|3.A.1.4.6	48.1	233	119	2	1	232	11	242	7.5e-60	226.9
3300024326.a:Ga0228652_1000046_35	gnl|TC-DB|P0AAG3|3.A.1.3.4	61.4	241	93	0	1	241	1	241	4.4e-79	290.8
3300024326.a:Ga0228652_1000046_36	gnl|TC-DB|Q9CES5|3.A.1.3.25	36.4	228	125	6	4	225	499	712	2.1e-25	112.5
3300024326.a:Ga0228652_1000046_37	gnl|TC-DB|Q9CES5|3.A.1.3.25	39.3	206	123	1	21	226	509	712	4.3e-31	131.3
3300024326.a:Ga0228652_1000046_38	gnl|TC-DB|O50181|3.A.1.3.11	26.4	216	152	3	44	253	36	250	5.1e-15	78.2
3300024326.a:Ga0228652_1000046_41	gnl|TC-DB|D0J060|2.A.80.1.3	41.4	326	183	2	12	329	4	329	2.6e-66	248.8
3300024326.a:Ga0228652_1000046_70	gnl|TC-DB|P0AAP1|9.B.34.1.2	27.7	278	166	8	121	376	106	370	6.3e-17	85.1
3300024326.a:Ga0228652_1000046_86	gnl|TC-DB|P08716|3.A.1.109.1	54.3	656	295	3	70	722	53	706	9.4e-202	699.9
3300024326.a:Ga0228652_1000046_87	gnl|TC-DB|Q54452|3.A.1.110.7	25.3	443	306	6	6	437	9	437	1.1e-27	120.9
3300024326.a:Ga0228652_1000046_92	gnl|TC-DB|Q9ZK21|1.C.82.1.1	53.7	227	105	0	3	229	4	230	6.1e-62	233.8
3300024326.a:Ga0228652_1000007_17	gnl|TC-DB|Q9KMQ3|2.A.1.2.42	49.0	361	183	1	1	361	15	374	2.4e-81	298.9
3300024326.a:Ga0228652_1000007_21	gnl|TC-DB|Q3ARQ9|1.B.20.3.5	27.5	570	390	8	12	565	8	570	8.0e-55	211.5
3300024326.a:Ga0228652_1000007_32	gnl|TC-DB|Q9HWH5|2.A.6.2.32	38.9	314	185	4	53	360	41	353	3.7e-45	178.7
3300024326.a:Ga0228652_1000007_33	gnl|TC-DB|Q9HW27|2.A.6.2.33	40.3	1008	599	2	1	1007	1	1006	1.0e-201	700.3
3300024326.a:Ga0228652_1000007_36	gnl|TC-DB|Q05098|1.B.14.1.5	39.2	316	125	7	2	259	430	736	6.8e-55	210.7
3300024326.a:Ga0228652_1000007_38	gnl|TC-DB|P75783|1.A.23.3.2	37.1	693	410	8	39	729	48	716	4.1e-105	379.0
3300024326.a:Ga0228652_1000007_40	gnl|TC-DB|Q02P42|2.A.117.1.2	44.8	134	74	0	10	143	25	158	1.7e-26	115.5
3300024326.a:Ga0228652_1000007_61	gnl|TC-DB|A9BQS6|2.A.7.37.1	54.0	124	57	0	1	124	1	124	3.0e-34	141.0
3300024326.a:Ga0228652_1000007_68	gnl|TC-DB|B2FLY6|2.A.6.2.14	28.5	474	305	12	10	460	6	468	5.8e-27	118.6
3300024326.a:Ga0228652_1000007_70	gnl|TC-DB|Q9HV74|2.A.21.9.1	28.2	245	159	7	146	381	738	974	2.1e-14	76.6
3300024326.a:Ga0228652_1000007_72	gnl|TC-DB|P0A2L3|9.A.40.1.2	41.5	265	153	2	20	282	16	280	8.7e-53	203.8
3300024326.a:Ga0228652_1000007_77	gnl|TC-DB|P0AG93|2.A.6.4.1	42.3	300	170	2	12	308	19	318	4.0e-64	241.5
3300024326.a:Ga0228652_1000007_78	gnl|TC-DB|P0AG90|2.A.6.4.1	44.3	634	315	13	1	616	2	615	2.5e-134	475.7
3300024326.a:Ga0228652_1000007_79	gnl|TC-DB|P0ADZ7|3.A.5.1.1	46.7	107	51	3	10	115	9	110	6.0e-18	86.7
3300024326.a:Ga0228652_1000007_92	gnl|TC-DB|Q7W024|3.A.1.14.20	69.3	303	93	0	44	346	7	309	1.1e-107	386.3
3300024326.a:Ga0228652_1000007_93	gnl|TC-DB|Q7W025|3.A.1.14.20	47.4	272	129	1	4	275	3	260	1.5e-62	236.1
3300024326.a:Ga0228652_1000007_106	gnl|TC-DB|M3JA40|1.B.52.2.1	42.6	101	51	1	398	491	239	339	6.9e-12	68.9
3300024326.a:Ga0228652_1000007_126	gnl|TC-DB|Q84BQ3|3.A.1.122.12	58.2	364	144	3	26	389	2	357	1.5e-60	229.9
3300024326.a:Ga0228652_1000007_127	gnl|TC-DB|A0ZUB1|3.A.1.122.12	50.5	689	298	4	6	693	5	651	1.6e-174	609.4
3300024326.a:Ga0228652_1000007_138	gnl|TC-DB|P43672|3.A.1.120.6	33.7	523	335	4	21	539	18	532	2.8e-76	282.7
3300024326.a:Ga0228652_1000007_151	gnl|TC-DB|Q5EAK4|2.A.16.2.2	27.8	335	208	10	30	338	1384	1710	8.3e-18	88.6
3300024326.a:Ga0228652_1000007_169	gnl|TC-DB|O00571|1.I.1.1.3	43.2	389	201	6	17	386	181	568	2.9e-77	285.8
3300024326.a:Ga0228652_1000007_174	gnl|TC-DB|D0J060|2.A.80.1.3	38.6	319	192	3	8	324	11	327	3.7e-57	218.4
3300024326.a:Ga0228652_1000007_181	gnl|TC-DB|Q8GKS5|1.B.12.9.1	27.8	661	386	22	1	598	447	1079	4.3e-30	129.4
3300024326.a:Ga0228652_1000007_184	gnl|TC-DB|C5TAP8|1.B.1.4.4	26.9	245	145	9	228	448	20	254	3.2e-11	66.6
3300024326.a:Ga0228652_1000007_185	gnl|TC-DB|P22037|9.B.20.1.1	46.5	170	85	2	17	186	12	175	1.4e-32	136.3
3300024326.a:Ga0228652_1000007_189	gnl|TC-DB|P0AAE0|2.A.3.1.7	62.8	462	171	1	7	467	3	464	3.3e-163	571.2
3300024326.a:Ga0228652_1000007_190	gnl|TC-DB|Q8F8H7|2.A.53.3.8	39.9	506	295	3	4	503	15	517	1.1e-84	310.5
3300024326.a:Ga0228652_1000007_191	gnl|TC-DB|Q8F8H7|2.A.53.3.8	37.8	193	115	2	5	194	542	732	3.3e-35	144.8
3300024326.a:Ga0228652_1000007_192	gnl|TC-DB|P75826|2.A.124.1.1	26.7	311	212	3	3	313	1	295	4.5e-15	78.6
3300024326.a:Ga0228652_1000007_205	gnl|TC-DB|P0A6Y8|1.A.33.1.2	73.5	638	166	2	1	638	1	635	9.0e-265	909.1
3300024326.a:Ga0228652_1000007_216	gnl|TC-DB|Q04064|1.B.1.4.1	52.1	386	166	8	3	370	1	385	3.0e-95	345.1
3300024326.a:Ga0228652_1000007_218	gnl|TC-DB|D5APM1|2.A.21.7.5	24.6	574	315	11	44	613	37	496	8.8e-27	118.6
3300024326.a:Ga0228652_1000007_221	gnl|TC-DB|P46889|3.A.12.1.2	63.1	491	172	3	295	781	840	1325	1.7e-164	576.2
3300024326.a:Ga0228652_1000007_222	gnl|TC-DB|Q8XWY0|1.B.46.1.3	45.3	203	106	2	15	212	12	214	1.3e-42	169.5
3300024326.a:Ga0228652_1000007_236	gnl|TC-DB|P36879|3.A.1.105.17	42.4	304	167	4	21	322	5	302	1.2e-63	240.0
3300024326.a:Ga0228652_1000007_237	gnl|TC-DB|P0AFN6|3.A.1.105.17	39.3	242	145	1	1	240	1	242	8.0e-47	183.7
3300024326.a:Ga0228652_1000007_241	gnl|TC-DB|D0J060|2.A.80.1.3	39.4	317	189	2	13	326	13	329	2.1e-55	212.6
3300024326.a:Ga0228652_1000007_242	gnl|TC-DB|Q8RFA1|2.A.8.1.13	51.2	459	206	5	15	470	1	444	3.0e-116	415.2
3300024326.a:Ga0228652_1000007_248	gnl|TC-DB|P75870|2.A.85.1.1	22.6	650	453	16	92	731	88	697	1.0e-20	98.6
3300024326.a:Ga0228652_1000007_264	gnl|TC-DB|D0J060|2.A.80.1.3	35.0	280	176	3	14	291	15	290	1.7e-41	166.4
3300024326.a:Ga0228652_1000007_269	gnl|TC-DB|D0J060|2.A.80.1.3	39.6	326	194	3	2	326	6	329	1.7e-57	219.5
3300024326.a:Ga0228652_1000007_273	gnl|TC-DB|Q9V0A4|3.B.1.1.5	31.4	503	326	10	1	491	1	496	2.2e-64	243.0
3300024326.a:Ga0228652_1000007_274	gnl|TC-DB|D0J060|2.A.80.1.3	37.1	299	187	1	29	326	29	327	5.1e-54	208.0
3300024326.a:Ga0228652_1000007_282	gnl|TC-DB|B7LEG0|1.A.34.1.2	49.2	118	58	1	107	222	262	379	9.5e-28	120.2
3300024326.a:Ga0228652_1000007_289	gnl|TC-DB|Q04064|1.B.1.4.1	58.5	390	130	7	1	363	1	385	1.4e-116	416.0
3300024326.a:Ga0228652_1000007_290	gnl|TC-DB|P29919|3.D.1.2.1	58.6	116	48	0	3	118	5	120	6.6e-36	146.4
3300024326.a:Ga0228652_1000007_291	gnl|TC-DB|Q42577|3.D.1.6.3	86.4	140	19	0	11	150	67	206	3.7e-74	273.9
3300024326.a:Ga0228652_1000007_292	gnl|TC-DB|P29917|3.D.1.2.1	48.3	172	72	3	17	188	23	177	2.2e-39	158.7
3300024326.a:Ga0228652_1000007_293	gnl|TC-DB|P17694|3.D.1.6.1	60.3	416	136	2	4	419	77	463	3.2e-154	541.2
3300024326.a:Ga0228652_1000007_294	gnl|TC-DB|P04394|3.D.1.6.1	36.8	152	95	1	8	159	60	210	1.7e-29	125.6
3300024326.a:Ga0228652_1000007_295	gnl|TC-DB|Q6V9B2|3.D.1.6.4	50.7	416	199	5	34	445	59	472	7.7e-117	417.2
3300024326.a:Ga0228652_1000007_296	gnl|TC-DB|Q6UKY6|3.D.1.6.4	38.7	643	335	11	2	634	51	644	1.5e-104	377.1
3300024326.a:Ga0228652_1000007_297	gnl|TC-DB|P29920|3.D.1.2.1	46.0	322	164	3	26	347	16	327	3.9e-76	281.6
3300024326.a:Ga0228652_1000007_298	gnl|TC-DB|P29921|3.D.1.2.1	67.1	152	50	0	11	162	12	163	1.5e-30	129.0
3300024326.a:Ga0228652_1000007_299	gnl|TC-DB|P29922|3.D.1.2.1	46.8	171	87	2	5	171	3	173	1.3e-26	116.3
3300024326.a:Ga0228652_1000007_300	gnl|TC-DB|P29923|3.D.1.2.1	70.0	100	30	0	3	102	2	101	7.2e-31	129.4
3300024326.a:Ga0228652_1000007_301	gnl|TC-DB|P29924|3.D.1.2.1	41.0	737	310	16	11	669	5	694	1.3e-133	473.4
3300024326.a:Ga0228652_1000007_302	gnl|TC-DB|P29925|3.D.1.2.1	50.0	494	230	6	14	493	5	495	1.3e-130	463.0
3300024326.a:Ga0228652_1000007_303	gnl|TC-DB|P29926|3.D.1.2.1	40.1	484	272	7	6	488	5	471	3.4e-86	315.5
3300024326.a:Ga0228652_1000007_311	gnl|TC-DB|Q93N33|2.A.21.9.2	28.7	272	169	10	166	419	746	1010	4.1e-11	65.9
3300024326.a:Ga0228652_1000007_317	gnl|TC-DB|Q9KN48|3.A.23.1.1	39.4	345	197	5	169	504	168	509	3.5e-52	202.6
3300024326.a:Ga0228652_1000007_319	gnl|TC-DB|P39196|2.A.1.42.1	37.9	404	218	8	3	403	22	395	2.7e-58	222.6
3300024326.a:Ga0228652_1000007_329	gnl|TC-DB|Q6N8W4|3.A.1.4.11	43.7	375	203	3	11	382	12	381	3.5e-86	315.1
3300024326.a:Ga0228652_1000007_330	gnl|TC-DB|Q6N8W0|3.A.1.4.11	56.6	346	148	2	1	345	1	345	4.5e-93	337.8
3300024326.a:Ga0228652_1000007_331	gnl|TC-DB|Q6N8W1|3.A.1.4.11	55.1	604	253	2	3	604	2	589	1.2e-181	632.9
3300024326.a:Ga0228652_1000007_332	gnl|TC-DB|Q6N8W2|3.A.1.4.11	59.7	243	91	2	5	247	4	239	4.5e-71	264.2
3300024326.a:Ga0228652_1000007_333	gnl|TC-DB|Q8DQH7|3.A.1.4.10	31.7	218	140	2	3	215	2	215	1.6e-25	112.8
3300024326.a:Ga0228652_1000007_335	gnl|TC-DB|P77223|3.D.6.1.4	58.3	103	42	1	18	119	37	139	2.4e-28	122.1
3300024326.a:Ga0228652_1000007_352	gnl|TC-DB|Q2W8K5|2.A.1.43.2	40.5	195	101	4	16	200	443	632	1.8e-31	132.5
3300024326.a:Ga0228652_1000007_362	gnl|TC-DB|Q6UKY4|3.D.1.6.4	45.1	71	39	0	2	72	50	120	6.4e-11	62.8
3300024326.a:Ga0228652_1000007_367	gnl|TC-DB|B2GH49|9.B.160.1.10	31.5	181	104	6	128	299	217	386	6.6e-13	72.0
3300024326.a:Ga0228652_1000007_373	gnl|TC-DB|P0AAC6|1.A.14.2.1	40.3	231	126	4	1	231	1	219	6.4e-35	144.1
3300024326.a:Ga0228652_1000007_380	gnl|TC-DB|Q15HU6|3.A.7.14.2	40.4	94	51	3	109	199	236	327	3.7e-13	71.6
3300024326.a:Ga0228652_1000007_381	gnl|TC-DB|Q6P1M0|4.C.1.1.10	21.2	547	372	16	67	593	88	595	2.1e-11	67.4
3300024326.a:Ga0228652_1000007_383	gnl|TC-DB|Q1CWQ3|2.A.1.24.4	29.3	420	284	7	7	418	9	423	1.4e-32	137.1
3300024326.a:Ga0228652_1000007_384	gnl|TC-DB|P0AC02|1.B.33.1.3	35.5	248	154	2	26	270	1	245	1.4e-39	159.8
3300024326.a:Ga0228652_1000007_393	gnl|TC-DB|K2M2W7|9.B.102.2.4	52.2	381	181	1	17	397	20	399	2.7e-105	378.6
3300024326.a:Ga0228652_1000007_399	gnl|TC-DB|P0A910|1.B.6.1.1	47.5	118	51	2	86	192	219	336	1.0e-22	103.2
3300024326.a:Ga0228652_1000007_421	gnl|TC-DB|P0AG78|3.A.1.6.1	72.0	311	86	1	24	334	17	326	3.4e-130	461.1
3300024326.a:Ga0228652_1000007_422	gnl|TC-DB|P16701|3.A.1.6.1	45.7	269	142	2	23	291	9	273	1.2e-59	226.5
3300024326.a:Ga0228652_1000007_423	gnl|TC-DB|P0AEB0|3.A.1.6.1	51.6	254	123	0	21	274	22	275	2.2e-72	268.9
3300024326.a:Ga0228652_1000007_424	gnl|TC-DB|P16676|3.A.1.6.1	52.1	351	162	4	1	350	1	346	4.6e-93	337.8
3300024326.a:Ga0228652_1000007_433	gnl|TC-DB|Q8RX88|9.B.1.1.2	36.6	314	194	2	101	413	109	418	2.5e-50	196.1
3300024326.a:Ga0228652_1000007_435	gnl|TC-DB|Q9JV27|2.A.66.1.10	34.1	402	255	3	25	420	26	423	4.2e-57	218.8
3300024326.a:Ga0228652_1000007_441	gnl|TC-DB|P94400|9.B.10.1.1	28.2	308	169	11	11	283	3	293	9.1e-17	84.3
3300024326.a:Ga0228652_1000007_453	gnl|TC-DB|D0J060|2.A.80.1.3	40.0	320	189	3	18	335	10	328	1.7e-65	246.1
3300024326.a:Ga0228652_1000007_454	gnl|TC-DB|P23894|9.B.1.1.6	49.7	296	132	7	1	288	1	287	5.6e-60	227.6
3300024326.a:Ga0228652_1000007_456	gnl|TC-DB|A0LFK9|9.B.102.4.1	25.5	282	186	10	5	279	379	643	3.4e-14	75.5
3300024326.a:Ga0228652_1000007_458	gnl|TC-DB|Q286Z2|9.B.97.1.2	25.2	345	230	10	13	340	3	336	5.6e-19	91.7
3300024326.a:Ga0228652_1000007_462	gnl|TC-DB|P94398|9.B.10.1.1	36.4	261	155	5	11	261	34	293	5.1e-36	147.9
3300024326.a:Ga0228652_1000007_469	gnl|TC-DB|P39836|2.A.28.3.4	56.0	318	138	2	3	320	2	317	4.4e-82	301.2
3300024326.a:Ga0228652_1000391_11	gnl|TC-DB|L5DDD7|2.A.109.2.3	47.6	521	258	8	1	513	370	883	1.8e-117	419.5
3300024326.a:Ga0228652_1000002_15	gnl|TC-DB|P09348|1.A.30.1.1	52.1	284	136	0	1	284	1	284	3.9e-82	301.2
3300024326.a:Ga0228652_1000002_16	gnl|TC-DB|P0AF06|1.A.30.1.1	51.8	301	126	4	26	326	25	306	6.4e-73	270.8
3300024326.a:Ga0228652_1000002_24	gnl|TC-DB|P40727|3.A.6.2.1	52.0	383	184	0	1	383	1	383	1.3e-109	392.9
3300024326.a:Ga0228652_1000002_25	gnl|TC-DB|P76298|1.A.104.1.1	64.2	706	234	4	1	703	1	690	3.5e-249	857.4
3300024326.a:Ga0228652_1000002_38	gnl|TC-DB|Q15HU6|3.A.7.14.2	31.6	155	100	2	171	323	34	184	1.6e-18	90.1
3300024326.a:Ga0228652_1000002_41	gnl|TC-DB|M3JA40|1.B.52.2.1	39.7	121	72	1	351	471	283	402	4.2e-12	69.7
3300024326.a:Ga0228652_1000002_43	gnl|TC-DB|M3JA40|1.B.52.2.1	49.4	83	42	0	394	476	292	374	5.8e-13	72.4
3300024326.a:Ga0228652_1000002_44	gnl|TC-DB|P54702|3.A.6.2.1	48.2	245	126	1	1	245	1	244	5.6e-59	224.2
3300024326.a:Ga0228652_1000002_45	gnl|TC-DB|P0A1L5|3.A.6.2.1	52.3	88	42	0	1	88	1	88	5.9e-21	96.3
3300024326.a:Ga0228652_1000002_46	gnl|TC-DB|P54700|3.A.6.2.1	67.4	242	78	1	19	260	4	244	7.1e-83	303.5
3300024326.a:Ga0228652_1000002_48	gnl|TC-DB|P26419|3.A.6.2.1	72.7	99	26	1	87	184	38	136	6.7e-35	143.7
3300024326.a:Ga0228652_1000002_55	gnl|TC-DB|P26465|3.A.6.2.1	65.9	466	136	4	28	491	5	449	1.5e-158	555.8
3300024326.a:Ga0228652_1000002_58	gnl|TC-DB|P15928|3.A.6.2.1	46.4	537	245	6	1	516	44	558	2.5e-111	399.1
3300024326.a:Ga0228652_1000002_82	gnl|TC-DB|Q9K1H0|1.B.33.1.1	35.3	795	482	10	14	776	3	797	5.3e-150	528.1
3300024326.a:Ga0228652_1000002_91	gnl|TC-DB|D2RXA5|8.A.7.1.3	28.2	432	241	15	370	778	147	532	1.1e-25	115.2
3300024326.a:Ga0228652_1000002_93	gnl|TC-DB|P0AA53|8.A.21.2.2	44.9	185	101	1	11	194	2	186	1.2e-39	160.2
3300024326.a:Ga0228652_1000002_111	gnl|TC-DB|P43838|1.B.9.1.4	29.6	460	275	10	6	420	4	459	8.0e-44	174.5
3300024326.a:Ga0228652_1000002_116	gnl|TC-DB|Q9HVI9|2.A.6.2.15	60.8	1036	403	3	2	1035	1	1035	0.0e+00	1184.9
3300024326.a:Ga0228652_1000002_117	gnl|TC-DB|Q8Y3G9|2.A.6.2.45	43.1	369	197	6	36	392	10	377	4.1e-66	248.4
3300024326.a:Ga0228652_1000002_118	gnl|TC-DB|G7DMK5|2.A.1.56.2	49.1	399	187	5	9	404	20	405	7.4e-87	317.4
3300024326.a:Ga0228652_1000002_119	gnl|TC-DB|F8CVI0|1.B.52.2.2	28.2	234	137	4	247	450	57	289	1.1e-11	68.2
3300024326.a:Ga0228652_1000002_122	gnl|TC-DB|C5IZH0|2.A.6.2.47	57.0	356	151	2	9	362	24	379	1.0e-101	366.7
3300024326.a:Ga0228652_1000002_123	gnl|TC-DB|C5IZH1|2.A.6.2.47	73.6	1040	275	0	1	1040	1	1040	0.0e+00	1473.0
3300024326.a:Ga0228652_1000002_124	gnl|TC-DB|B2FLY6|2.A.6.2.14	38.0	471	280	6	5	473	1	461	4.1e-68	255.4
3300024326.a:Ga0228652_1000002_129	gnl|TC-DB|Q2FD83|2.A.7.1.11	58.7	104	43	0	5	108	3	106	7.3e-29	122.9
3300024326.a:Ga0228652_1000002_132	gnl|TC-DB|P76350|2.A.1.6.6	37.7	414	253	4	13	424	22	432	1.5e-72	270.0
3300024326.a:Ga0228652_1000002_137	gnl|TC-DB|Q04064|1.B.1.4.1	50.3	384	169	7	8	373	6	385	2.9e-98	355.1
3300024326.a:Ga0228652_1000002_139	gnl|TC-DB|Q8F8H7|2.A.53.3.8	30.4	194	120	5	4	193	542	724	3.3e-17	85.1
3300024326.a:Ga0228652_1000002_140	gnl|TC-DB|Q05098|1.B.14.1.5	50.7	742	335	11	11	731	15	746	3.9e-203	704.5
3300024326.a:Ga0228652_1000002_144	gnl|TC-DB|A8YQR5|3.A.23.2.1	31.5	524	297	15	15	533	2	468	2.6e-60	230.3
3300024326.a:Ga0228652_1000002_145	gnl|TC-DB|Q6EE14|3.A.23.2.1	57.0	901	347	4	1	901	1	861	5.9e-278	953.4
3300024326.a:Ga0228652_1000002_146	gnl|TC-DB|Q6EE15|3.A.23.2.1	31.4	334	197	7	8	336	9	315	2.5e-38	156.0
3300024326.a:Ga0228652_1000002_147	gnl|TC-DB|Q6EE16|3.A.23.2.1	41.0	620	351	6	1	612	1	613	5.6e-131	464.5
3300024326.a:Ga0228652_1000002_150	gnl|TC-DB|Q6EE20|3.A.23.2.1	60.0	495	197	1	1	495	1	494	3.5e-179	624.4
3300024326.a:Ga0228652_1000002_151	gnl|TC-DB|Q6EE21|3.A.23.2.1	49.7	169	81	1	5	173	4	168	3.7e-43	171.0
3300024326.a:Ga0228652_1000002_155	gnl|TC-DB|A8YQR5|3.A.23.2.1	30.0	457	266	9	16	469	53	458	2.5e-43	174.9
3300024326.a:Ga0228652_1000002_160	gnl|TC-DB|A8YQR5|3.A.23.2.1	40.6	128	63	2	417	544	337	451	8.3e-20	95.9
3300024326.a:Ga0228652_1000002_167	gnl|TC-DB|P65593|1.B.6.1.3	30.8	237	148	5	38	262	91	323	3.3e-19	92.0
3300024326.a:Ga0228652_1000002_168	gnl|TC-DB|A8YQR7|3.A.23.2.1	37.4	385	203	5	1	381	1	351	2.1e-59	226.1
3300024326.a:Ga0228652_1000002_173	gnl|TC-DB|Q5SMG8|1.A.26.1.2	36.5	329	208	1	185	513	120	447	2.6e-52	203.0
3300024326.a:Ga0228652_1000002_175	gnl|TC-DB|B0SM05|2.A.25.1.6	34.2	260	167	4	4	261	458	715	7.0e-42	167.5
3300024326.a:Ga0228652_1000002_180	gnl|TC-DB|D4ZZR3|9.B.34.1.3	39.1	179	107	2	154	332	217	393	3.5e-26	115.5
3300024326.a:Ga0228652_1000002_186	gnl|TC-DB|M3JA40|1.B.52.2.1	28.2	209	136	4	338	539	259	460	6.9e-16	82.0
3300024326.a:Ga0228652_1000002_189	gnl|TC-DB|P22731|3.A.1.4.1	66.4	232	78	0	1	232	5	236	5.7e-84	307.0
3300024326.a:Ga0228652_1000002_190	gnl|TC-DB|P21629|3.A.1.4.8	62.0	250	95	0	13	262	5	254	3.0e-89	324.7
3300024326.a:Ga0228652_1000002_191	gnl|TC-DB|P21628|3.A.1.4.8	61.6	419	148	6	1	409	1	416	3.8e-131	464.5
3300024326.a:Ga0228652_1000002_192	gnl|TC-DB|P0AEX7|3.A.1.4.1	57.2	313	125	4	1	309	1	308	3.4e-92	334.7
3300024326.a:Ga0228652_1000002_193	gnl|TC-DB|P21175|3.A.1.4.8	52.9	367	171	2	6	371	7	372	5.1e-111	397.5
3300024326.a:Ga0228652_1000002_196	gnl|TC-DB|P0AG80|3.A.1.1.3	54.5	418	187	3	22	437	21	437	6.4e-129	457.2
3300024326.a:Ga0228652_1000002_197	gnl|TC-DB|P10905|3.A.1.1.3	59.6	282	114	0	4	285	5	286	4.5e-91	330.9
3300024326.a:Ga0228652_1000002_198	gnl|TC-DB|P10906|3.A.1.1.3	60.4	283	110	1	1	283	1	281	3.6e-96	347.8
3300024326.a:Ga0228652_1000002_199	gnl|TC-DB|P10907|3.A.1.1.3	58.8	362	140	3	1	359	1	356	9.8e-107	383.3
3300024326.a:Ga0228652_1000002_201	gnl|TC-DB|P21175|3.A.1.4.8	57.9	349	146	1	27	375	26	373	8.8e-119	423.3
3300024326.a:Ga0228652_1000002_204	gnl|TC-DB|P42218|9.A.41.1.3	33.8	364	229	5	1	359	33	389	2.4e-58	222.6
3300024326.a:Ga0228652_1000002_205	gnl|TC-DB|P42217|9.A.41.1.2	41.0	659	353	12	22	663	4	643	7.7e-121	431.0
3300024326.a:Ga0228652_1000002_208	gnl|TC-DB|Q547A8|1.B.18.2.3	27.9	369	225	10	31	366	22	382	1.6e-24	110.2
3300024326.a:Ga0228652_1000002_209	gnl|TC-DB|P42501|8.A.4.1.1	35.7	353	225	2	16	368	32	382	3.8e-58	221.9
3300024326.a:Ga0228652_1000002_210	gnl|TC-DB|P24586|3.A.1.101.1	55.5	211	92	2	1	210	7	216	2.8e-69	258.1
3300024326.a:Ga0228652_1000002_211	gnl|TC-DB|P24584|3.A.1.101.1	35.0	217	140	1	2	218	36	251	1.2e-30	129.8
3300024326.a:Ga0228652_1000002_222	gnl|TC-DB|D0J060|2.A.80.1.3	42.6	122	66	1	1	118	3	124	9.2e-22	99.4
3300024326.a:Ga0228652_1000002_223	gnl|TC-DB|D0J060|2.A.80.1.3	37.3	193	119	2	2	192	135	327	7.8e-26	113.6
3300024326.a:Ga0228652_1000002_225	gnl|TC-DB|E3HXW5|3.A.3.6.23	58.7	702	278	6	39	731	270	968	1.7e-206	715.7
3300024326.a:Ga0228652_1000002_227	gnl|TC-DB|Q9KN48|3.A.23.1.1	38.6	347	184	4	145	480	197	525	1.3e-53	207.2
3300024326.a:Ga0228652_1000002_228	gnl|TC-DB|Q9HV74|2.A.21.9.1	27.4	368	208	12	9	351	641	974	9.8e-19	90.9
3300024326.a:Ga0228652_1000002_239	gnl|TC-DB|P0AER0|1.A.8.1.1	45.5	246	134	0	14	259	13	258	1.0e-52	203.4
3300024326.a:Ga0228652_1000002_256	gnl|TC-DB|E0LV84|2.A.85.1.4	30.6	579	376	7	5	574	5	566	1.5e-63	240.7
3300024326.a:Ga0228652_1000002_257	gnl|TC-DB|G8ATL2|8.A.48.1.4	49.2	65	33	0	1	65	1	65	7.4e-11	62.4
3300024326.a:Ga0228652_1000002_258	gnl|TC-DB|P46482|8.A.1.7.1	36.5	282	177	2	8	288	5	285	1.9e-42	169.5
3300024326.a:Ga0228652_1000002_259	gnl|TC-DB|B2FLY6|2.A.6.2.14	35.7	479	283	8	6	479	2	460	3.1e-60	229.2
3300024326.a:Ga0228652_1000002_283	gnl|TC-DB|D1F3T8|2.A.1.3.42	35.9	868	525	9	23	876	22	872	1.5e-129	460.3
3300024326.a:Ga0228652_1000002_286	gnl|TC-DB|P38045|3.A.1.16.1	38.5	247	142	5	17	255	7	251	9.9e-45	176.8
3300024326.a:Ga0228652_1000002_287	gnl|TC-DB|Q47539|3.A.1.17.1	29.3	242	161	4	19	252	31	270	5.4e-27	117.9
3300024326.a:Ga0228652_1000002_291	gnl|TC-DB|Q42524|4.C.1.1.7	26.1	566	365	14	4	534	7	554	1.4e-37	154.1
3300024326.a:Ga0228652_1000002_302	gnl|TC-DB|Q9HV74|2.A.21.9.1	28.6	266	157	9	299	554	740	982	1.1e-18	91.7
3300024326.a:Ga0228652_1000002_305	gnl|TC-DB|O67997|1.A.11.1.4	56.1	410	170	3	1	410	39	438	1.8e-120	429.1
3300024326.a:Ga0228652_1000002_306	gnl|TC-DB|P08839|8.A.7.1.1	39.9	541	319	3	13	551	30	566	2.0e-98	356.3
3300024326.a:Ga0228652_1000002_308	gnl|TC-DB|C8X384|4.A.6.2.2	30.5	128	84	1	1	128	1	123	3.0e-13	71.2
3300024326.a:Ga0228652_1000002_320	gnl|TC-DB|D5ATK1|2.A.56.3.4	61.4	542	196	3	1	535	3	538	1.2e-169	592.8
3300024326.a:Ga0228652_1000002_321	gnl|TC-DB|D5ATK0|2.A.56.3.4	53.2	171	80	0	1	171	1	171	1.7e-45	179.1
3300024326.a:Ga0228652_1000002_322	gnl|TC-DB|D5ALT6|2.A.56.3.4	55.2	357	159	1	1	357	1	356	2.0e-115	412.1
3300024326.a:Ga0228652_1000002_329	gnl|TC-DB|E1WEU9|3.A.1.109.5	19.3	419	299	13	61	458	27	427	2.3e-11	67.0
3300024326.a:Ga0228652_1000002_331	gnl|TC-DB|Q88RG3|3.A.1.109.3	46.6	700	368	3	54	750	19	715	1.6e-167	586.3
3300024326.a:Ga0228652_1000002_332	gnl|TC-DB|Q9I2M0|3.A.1.109.4	36.8	410	210	7	63	466	27	393	2.8e-61	232.6
3300024326.a:Ga0228652_1000002_341	gnl|TC-DB|D4ZZR3|9.B.34.1.3	38.8	170	103	1	148	317	225	393	7.4e-27	117.9
3300024326.a:Ga0228652_1000002_345	gnl|TC-DB|P0A8K8|9.B.126.2.1	38.8	291	163	5	9	295	11	290	2.0e-37	153.3
3300024326.a:Ga0228652_1000002_353	gnl|TC-DB|Q7UHP7|9.A.47.2.1	47.5	461	229	6	85	538	15	469	1.4e-101	366.7
3300024326.a:Ga0228652_1000002_354	gnl|TC-DB|Q9L717|3.A.7.18.1	24.7	470	288	14	27	440	52	511	1.6e-25	114.0
3300024326.a:Ga0228652_1000002_365	gnl|TC-DB|I3XAB3|2.A.109.1.5	35.1	202	116	4	2	193	1	197	3.0e-19	92.0
3300024326.a:Ga0228652_1000002_366	gnl|TC-DB|I3XAB3|2.A.109.1.5	32.3	189	121	2	1	182	1	189	3.1e-13	72.0
3300024326.a:Ga0228652_1000002_376	gnl|TC-DB|F8SVK1|2.A.1.6.11	70.9	553	154	2	10	560	3	550	6.1e-225	776.5
3300024326.a:Ga0228652_1000002_379	gnl|TC-DB|E9RJ18|3.A.7.13.2	32.6	141	80	6	50	180	226	361	2.8e-12	68.6
3300024326.a:Ga0228652_1000002_383	gnl|TC-DB|S6CBZ0|2.A.80.1.2	31.6	158	90	5	9	155	6	156	9.5e-14	73.2
3300024326.a:Ga0228652_1000002_384	gnl|TC-DB|S6BBY9|2.A.80.1.2	47.6	403	207	2	1	401	1	401	7.9e-105	377.1
3300024326.a:Ga0228652_1000002_385	gnl|TC-DB|D0J0R9|2.A.80.1.3	75.0	56	14	0	1	56	418	473	3.0e-17	84.0
3300024326.a:Ga0228652_1000002_386	gnl|TC-DB|P10346|3.A.1.3.2	56.5	223	97	0	1	223	16	238	6.1e-65	243.8
3300024326.a:Ga0228652_1000002_387	gnl|TC-DB|P0A9T8|3.A.1.122.15	55.9	222	94	2	7	225	7	227	4.6e-57	217.6
3300024326.a:Ga0228652_1000002_395	gnl|TC-DB|Q5D0X7|2.A.80.1.2	30.7	319	213	5	1	317	6	318	1.2e-36	150.2
3300024326.a:Ga0228652_1000002_399	gnl|TC-DB|D0J060|2.A.80.1.3	39.1	322	192	4	34	352	9	329	3.9e-52	201.8
3300024326.a:Ga0228652_1000002_404	gnl|TC-DB|Q797E3|2.A.1.2.25	26.5	340	239	5	33	365	17	352	7.0e-21	98.2
3300024326.a:Ga0228652_1000002_426	gnl|TC-DB|P46133|2.A.68.1.1	40.9	489	286	2	7	494	18	504	1.1e-103	373.6
3300024326.a:Ga0228652_1000002_428	gnl|TC-DB|P94400|9.B.10.1.1	75.9	58	13	1	7	64	4	60	2.9e-17	83.6
3300024326.a:Ga0228652_1000002_429	gnl|TC-DB|P94400|9.B.10.1.1	49.1	328	160	3	1	324	66	390	1.5e-85	312.8
3300024326.a:Ga0228652_1000002_430	gnl|TC-DB|P51973|3.A.11.2.1	26.7	797	445	18	68	857	1	665	2.6e-44	177.2
3300024326.a:Ga0228652_1000002_432	gnl|TC-DB|D0J060|2.A.80.1.3	35.9	301	192	1	19	318	29	329	3.8e-54	208.4
3300024326.a:Ga0228652_1000002_437	gnl|TC-DB|D0J060|2.A.80.1.3	44.3	305	169	1	16	319	23	327	2.3e-67	252.3
3300024326.a:Ga0228652_1000002_440	gnl|TC-DB|P76330|9.B.34.1.4	35.4	158	99	2	263	417	398	555	8.8e-16	82.0
3300024326.a:Ga0228652_1000002_442	gnl|TC-DB|P75957|3.A.1.125.1	60.6	218	86	0	14	231	6	223	5.2e-69	257.3
3300024326.a:Ga0228652_1000002_443	gnl|TC-DB|P75958|3.A.1.125.1	35.5	403	252	4	7	407	15	411	7.3e-58	221.1
3300024326.a:Ga0228652_1000002_453	gnl|TC-DB|P44669|9.A.41.1.1	56.3	625	260	7	1	621	1	616	2.7e-181	631.7
3300024326.a:Ga0228652_1000002_476	gnl|TC-DB|Q01723|1.B.22.3.1	36.5	559	315	10	17	555	8	546	1.5e-86	317.0
3300024326.a:Ga0228652_1000002_478	gnl|TC-DB|Q93KT4|3.A.6.1.1	42.3	343	198	0	1	343	1	343	3.0e-68	255.4
3300024326.a:Ga0228652_1000002_479	gnl|TC-DB|Q93KT5|3.A.6.1.1	40.7	226	130	3	22	245	18	241	2.9e-39	158.7
3300024326.a:Ga0228652_1000002_480	gnl|TC-DB|Q7BFA7|3.A.6.1.1	57.1	77	33	0	1	77	1	77	1.3e-17	85.1
3300024326.a:Ga0228652_1000002_481	gnl|TC-DB|Q9ZA77|3.A.6.1.1	55.3	219	89	2	6	224	6	215	1.2e-54	209.5
3300024326.a:Ga0228652_1000002_485	gnl|TC-DB|P40290|3.A.6.1.1	65.0	440	152	1	1	440	1	438	1.1e-160	562.8
3300024326.a:Ga0228652_1000002_486	gnl|TC-DB|Q93KS3|3.A.6.1.1	37.5	208	128	1	2	209	10	215	7.2e-33	137.1
3300024326.a:Ga0228652_1000002_488	gnl|TC-DB|Q7BFA4|3.A.6.1.1	39.7	219	128	4	12	228	2	218	3.1e-36	148.7
3300024326.a:Ga0228652_1000002_492	gnl|TC-DB|Q9REZ5|1.C.36.4.1	40.0	315	161	4	77	384	63	356	1.6e-31	133.7
3300024326.a:Ga0228652_1000002_501	gnl|TC-DB|P0C2V3|3.A.6.1.1	57.1	708	282	5	102	797	5	702	2.2e-223	771.9
3300024326.a:Ga0228652_1000002_512	gnl|TC-DB|Q7VWI9|2.A.1.34.1	43.5	767	410	8	13	764	30	788	1.7e-146	516.5
3300024326.a:Ga0228652_1000002_513	gnl|TC-DB|Q6MIY1|8.A.59.3.1	27.4	340	223	9	314	643	253	578	2.0e-25	114.0
3300024326.a:Ga0228652_1000002_523	gnl|TC-DB|P0AAP1|9.B.34.1.2	33.7	163	107	1	403	565	205	366	1.2e-19	95.1
3300024326.a:Ga0228652_1000002_524	gnl|TC-DB|Q05202|1.B.14.1.15	40.0	707	404	10	35	733	64	758	1.1e-144	510.4
3300024326.a:Ga0228652_1000002_526	gnl|TC-DB|D4ZZR3|9.B.34.1.3	31.7	259	154	6	161	396	135	393	2.4e-21	99.8
3300024326.a:Ga0228652_1000002_531	gnl|TC-DB|Q83XH1|3.A.1.121.4	30.2	529	357	5	1	521	1	525	2.1e-68	256.9
3300024326.a:Ga0228652_1000002_540	gnl|TC-DB|Q58AJ7|9.B.105.1.1	42.0	157	88	2	9	164	199	353	1.4e-26	115.9
3300024326.a:Ga0228652_1000002_548	gnl|TC-DB|Q3ARQ9|1.B.20.3.5	28.8	572	333	11	13	516	5	570	1.2e-52	204.1
3300024326.a:Ga0228652_1000002_549	gnl|TC-DB|P39456|3.A.1.3.14	48.6	247	121	2	7	253	4	244	7.2e-64	240.4
3300024326.a:Ga0228652_1000002_550	gnl|TC-DB|P0AFT2|3.A.1.3.10	31.9	213	145	0	6	218	4	216	2.6e-25	112.1
3300024326.a:Ga0228652_1000002_551	gnl|TC-DB|P42200|3.A.1.3.14	32.7	205	137	1	6	209	23	227	1.5e-22	102.8
3300024326.a:Ga0228652_1000002_553	gnl|TC-DB|Q6N8W4|3.A.1.4.11	40.3	382	215	4	5	379	6	381	1.7e-77	286.2
3300024326.a:Ga0228652_1000002_558	gnl|TC-DB|Q9SXJ7|3.A.9.1.2	37.6	828	406	15	16	756	132	935	1.5e-152	536.6
3300024326.a:Ga0228652_1000002_565	gnl|TC-DB|Q1D3D8|1.A.30.2.4	31.1	196	122	4	1	185	6	199	1.7e-12	69.3
3300024326.a:Ga0228652_1000002_572	gnl|TC-DB|B1JXG0|2.A.66.4.7	55.0	515	230	1	1	515	1	513	2.9e-144	508.4
3300024326.a:Ga0228652_1000002_578	gnl|TC-DB|Q5D0X7|2.A.80.1.2	33.5	322	207	2	2	323	8	322	2.3e-46	182.6
3300024326.a:Ga0228652_1000002_584	gnl|TC-DB|Q1D0D3|1.A.30.2.7	33.0	215	139	3	36	246	12	225	8.7e-23	104.0
3300024326.a:Ga0228652_1000002_595	gnl|TC-DB|Q9KN48|3.A.23.1.1	40.1	267	153	3	136	400	193	454	1.6e-50	196.8
3300024326.a:Ga0228652_1000002_596	gnl|TC-DB|Q9KN48|3.A.23.1.1	36.3	350	198	6	12	339	172	518	3.0e-52	202.2
3300024326.a:Ga0228652_1000002_605	gnl|TC-DB|Q9F206|2.A.111.2.1	54.9	426	178	2	4	417	2	425	7.6e-119	423.7
3300024326.a:Ga0228652_1000002_610	gnl|TC-DB|Q1DBZ0|2.A.86.2.2	27.5	335	227	6	12	339	14	339	1.4e-20	97.1
3300024326.a:Ga0228652_1000002_632	gnl|TC-DB|Q01857|2.A.23.1.3	76.9	416	96	0	14	429	15	430	1.2e-175	612.5
3300024326.a:Ga0228652_1000002_633	gnl|TC-DB|Q9HV74|2.A.21.9.1	30.2	255	139	6	359	608	724	944	2.7e-11	67.0
3300024326.a:Ga0228652_1000002_634	gnl|TC-DB|Q9KN48|3.A.23.1.1	37.2	363	202	5	107	449	161	517	3.0e-52	202.6
3300024326.a:Ga0228652_1000012_3	gnl|TC-DB|Q6MLN2|9.B.149.1.11	40.4	208	112	4	1	202	3	204	1.8e-36	149.1
3300024326.a:Ga0228652_1000012_10	gnl|TC-DB|D0J060|2.A.80.1.3	37.4	318	194	4	12	325	12	328	5.8e-50	194.5
3300024326.a:Ga0228652_1000012_16	gnl|TC-DB|P76115|1.B.14.9.5	38.4	685	391	15	30	695	27	699	6.4e-123	438.0
3300024326.a:Ga0228652_1000012_17	gnl|TC-DB|Q92WM0|2.A.15.1.5	45.1	649	347	6	14	660	58	699	8.7e-162	567.0
3300024326.a:Ga0228652_1000012_19	gnl|TC-DB|D0J060|2.A.80.1.3	36.5	337	191	6	13	337	4	329	4.3e-48	188.3
3300024326.a:Ga0228652_1000012_21	gnl|TC-DB|Q5ZYB5|3.A.7.9.1	30.4	398	269	4	30	424	15	407	5.7e-48	188.3
3300024326.a:Ga0228652_1000012_27	gnl|TC-DB|Q93N33|2.A.21.9.2	27.6	232	161	3	285	509	788	1019	4.7e-14	75.9
3300024326.a:Ga0228652_1000012_29	gnl|TC-DB|P63183|2.A.72.1.1	40.6	315	184	2	1	315	311	622	5.8e-63	237.7
3300024326.a:Ga0228652_1000012_30	gnl|TC-DB|P63183|2.A.72.1.1	51.9	308	144	3	12	318	3	307	7.9e-84	307.0
3300024326.a:Ga0228652_1000012_31	gnl|TC-DB|B1LE48|2.A.86.2.1	25.5	345	252	3	9	353	14	353	2.7e-19	92.8
3300024326.a:Ga0228652_1000012_32	gnl|TC-DB|D0J060|2.A.80.1.3	40.1	319	187	4	8	325	11	326	7.4e-53	204.1
3300024326.a:Ga0228652_1000012_36	gnl|TC-DB|Q8DQI0|3.A.1.4.10	29.7	290	179	7	1	269	1	286	1.0e-23	107.1
3300024326.a:Ga0228652_1000012_37	gnl|TC-DB|Q8VM84|3.A.1.4.3	31.1	305	203	5	8	310	22	321	3.6e-21	99.0
3300024326.a:Ga0228652_1000012_38	gnl|TC-DB|P0A9S7|3.A.1.4.1	38.4	250	148	3	15	258	4	253	1.6e-42	169.5
3300024326.a:Ga0228652_1000012_39	gnl|TC-DB|P21630|3.A.1.4.8	43.5	232	127	1	2	229	1	232	4.9e-51	197.6
3300024326.a:Ga0228652_1000012_44	gnl|TC-DB|P31801|2.A.19.1.1	41.2	182	101	3	41	222	23	198	2.7e-27	119.0
3300024326.a:Ga0228652_1000012_49	gnl|TC-DB|A0QQ70|3.A.1.9.2	45.1	246	132	2	6	250	7	250	2.1e-51	199.1
3300024326.a:Ga0228652_1000012_50	gnl|TC-DB|A0QQ68|3.A.1.9.2	45.9	172	92	1	106	276	361	532	5.8e-35	144.4
3300024326.a:Ga0228652_1000012_51	gnl|TC-DB|A0QQ68|3.A.1.9.2	41.0	212	124	1	59	270	62	272	2.4e-33	139.0
3300024326.a:Ga0228652_1000012_53	gnl|TC-DB|P73329|3.A.1.141.1	35.5	324	195	3	10	331	2	313	1.2e-50	196.8
3300024326.a:Ga0228652_1000012_56	gnl|TC-DB|P38919|3.A.18.1.1	34.0	368	240	3	6	371	40	406	2.3e-60	229.6
3300024326.a:Ga0228652_1000012_58	gnl|TC-DB|P42601|2.A.109.1.7	50.0	320	156	1	1	320	1	316	5.4e-83	304.3
3300024326.a:Ga0228652_1000012_59	gnl|TC-DB|P0AAH0|3.A.1.7.1	80.2	248	49	0	14	261	10	257	1.0e-121	432.6
3300024326.a:Ga0228652_1000012_60	gnl|TC-DB|P07654|3.A.1.7.1	61.6	268	102	1	16	282	23	290	6.5e-90	327.0
3300024326.a:Ga0228652_1000012_61	gnl|TC-DB|P0AGH8|3.A.1.7.1	60.9	304	117	2	35	336	16	319	8.2e-100	360.1
3300024326.a:Ga0228652_1000012_62	gnl|TC-DB|P0AG82|3.A.1.7.1	56.8	338	143	2	11	348	12	346	1.6e-109	392.5
3300024326.a:Ga0228652_1000012_68	gnl|TC-DB|P55072|3.A.16.1.1	44.1	229	127	1	151	378	474	702	2.8e-56	216.5
3300024326.a:Ga0228652_1000012_72	gnl|TC-DB|P75892|2.A.40.1.3	54.6	423	91	2	4	328	6	425	3.4e-109	391.3
3300024326.a:Ga0228652_1000012_83	gnl|TC-DB|Q9I458|2.A.1.11.2	44.7	378	208	1	16	392	12	389	8.3e-83	303.9
3300024326.a:Ga0228652_1000012_85	gnl|TC-DB|D0J060|2.A.80.1.3	45.8	286	153	2	5	289	5	289	4.0e-66	248.1
3300024326.a:Ga0228652_1000012_102	gnl|TC-DB|D0J060|2.A.80.1.3	35.9	329	200	5	1	322	3	327	4.9e-49	191.4
3300024326.a:Ga0228652_1000012_104	gnl|TC-DB|D0J060|2.A.80.1.3	37.1	167	105	0	12	178	162	328	2.7e-25	111.7
3300024326.a:Ga0228652_1000012_123	gnl|TC-DB|D0J060|2.A.80.1.3	41.8	244	140	1	4	247	9	250	1.5e-48	189.5
3300024326.a:Ga0228652_1000012_124	gnl|TC-DB|I6ZUE8|9.B.156.3.1	40.0	375	218	3	39	409	151	522	2.3e-64	242.7
3300024326.a:Ga0228652_1000012_127	gnl|TC-DB|Q9K187|1.B.42.1.1	32.8	735	442	14	74	794	92	788	1.5e-102	370.5
3300024326.a:Ga0228652_1000012_132	gnl|TC-DB|Q9HT68|3.A.1.24.5	34.0	253	160	4	37	288	6	252	1.7e-32	136.3
3300024326.a:Ga0228652_1000012_134	gnl|TC-DB|Q92536|2.A.3.8.23	28.9	325	208	8	4	317	118	430	1.8e-22	103.2
3300024326.a:Ga0228652_1000012_138	gnl|TC-DB|Q9HXW4|2.A.6.2.17	41.4	1020	588	3	5	1016	4	1021	3.2e-219	758.4
3300024326.a:Ga0228652_1000012_139	gnl|TC-DB|D0J060|2.A.80.1.3	43.1	320	177	2	5	319	10	329	1.9e-66	249.2
3300024326.a:Ga0228652_1000012_143	gnl|TC-DB|Q9HY57|4.A.2.1.17	61.5	624	185	8	1	624	1	569	6.8e-164	573.9
3300024326.a:Ga0228652_1000012_145	gnl|TC-DB|Q9HY55|4.A.2.1.17	56.5	980	396	4	1	980	1	950	1.8e-267	918.7
3300024326.a:Ga0228652_1000012_149	gnl|TC-DB|P31552|4.C.1.1.6	22.8	496	347	10	208	686	40	516	5.9e-19	93.2
3300024326.a:Ga0228652_1000012_152	gnl|TC-DB|P31119|4.C.1.1.16	24.9	337	232	9	192	518	368	693	1.6e-15	80.9
3300024326.a:Ga0228652_1000012_153	gnl|TC-DB|Q92TN4|3.A.1.4.7	41.6	238	130	2	9	246	6	234	1.1e-40	163.3
3300024326.a:Ga0228652_1000012_154	gnl|TC-DB|Q92TN3|3.A.1.4.7	38.8	240	147	0	7	246	6	245	6.7e-41	164.1
3300024326.a:Ga0228652_1000012_155	gnl|TC-DB|Q92TN2|3.A.1.4.7	35.1	316	188	9	6	307	5	317	2.9e-30	129.0
3300024326.a:Ga0228652_1000012_156	gnl|TC-DB|Q8DQI0|3.A.1.4.10	26.5	302	196	8	1	288	1	290	1.7e-16	83.2
3300024326.a:Ga0228652_1000012_160	gnl|TC-DB|Q8GRB0|3.A.1.14.8	36.1	249	150	4	1	249	1	240	3.3e-35	145.2
3300024326.a:Ga0228652_1000012_161	gnl|TC-DB|Q56992|3.A.1.14.5	36.9	336	200	4	27	359	5	331	1.6e-45	179.9
3300024326.a:Ga0228652_1000012_167	gnl|TC-DB|P75905|4.D.1.1.3	47.0	411	211	3	17	422	33	441	4.5e-112	401.7
3300024326.a:Ga0228652_1000012_186	gnl|TC-DB|Q93N33|2.A.21.9.2	28.2	252	158	8	232	462	765	1014	6.6e-15	78.6
3300024326.a:Ga0228652_1000012_187	gnl|TC-DB|P17315|1.B.14.1.4	36.5	660	362	18	31	654	25	663	2.9e-101	365.9
3300024326.a:Ga0228652_1000012_195	gnl|TC-DB|A8YQR5|3.A.23.2.1	33.5	519	317	13	23	536	8	503	3.4e-74	276.2
3300024326.a:Ga0228652_1000012_203	gnl|TC-DB|D4ZZR3|9.B.34.1.3	38.5	169	95	2	354	513	227	395	1.3e-25	114.4
3300024326.a:Ga0228652_1000012_204	gnl|TC-DB|Q9HV74|2.A.21.9.1	30.5	249	144	8	466	704	745	974	2.8e-19	94.0
3300024326.a:Ga0228652_1000012_205	gnl|TC-DB|Q6MDD6|3.A.7.16.1	26.5	471	230	12	189	656	329	686	3.4e-23	106.7
3300024326.a:Ga0228652_1000012_208	gnl|TC-DB|P37645|9.B.121.1.1	48.4	725	299	6	1	712	23	685	1.2e-193	672.9
3300024326.a:Ga0228652_1000012_211	gnl|TC-DB|Q9HV74|2.A.21.9.1	30.4	260	156	12	488	736	734	979	2.4e-14	77.4
3300024326.a:Ga0228652_1000012_215	gnl|TC-DB|Q9HT68|3.A.1.24.5	46.7	259	137	1	8	265	2	260	1.7e-60	229.2
3300024326.a:Ga0228652_1000012_216	gnl|TC-DB|Q8NSN3|3.A.1.24.4	44.7	208	115	0	15	222	15	222	5.9e-38	154.1
3300024326.a:Ga0228652_1000012_217	gnl|TC-DB|O32169|3.A.1.24.2	42.6	350	192	1	1	350	1	341	7.8e-77	283.9
3300024326.a:Ga0228652_1000012_221	gnl|TC-DB|P69451|4.C.1.1.4	52.8	553	257	3	1	552	1	550	5.0e-163	570.9
3300024326.a:Ga0228652_1000012_224	gnl|TC-DB|P62723|2.A.98.1.3	40.3	325	175	3	39	363	35	340	5.7e-54	208.0
3300024326.a:Ga0228652_1000012_226	gnl|TC-DB|Q5SMG8|1.A.26.1.2	31.6	335	223	3	155	485	115	447	2.2e-37	153.3
3300024326.a:Ga0228652_1000012_235	gnl|TC-DB|A3N296|3.A.1.20.3	45.1	306	162	2	3	306	5	306	7.2e-73	270.8
3300024326.a:Ga0228652_1000012_236	gnl|TC-DB|P0AFK4|3.A.1.11.1	31.7	252	167	2	49	296	13	263	6.7e-32	134.4
3300024326.a:Ga0228652_1000012_237	gnl|TC-DB|P0AFL1|3.A.1.11.2	31.7	252	160	5	6	248	10	258	3.1e-25	112.1
3300024326.a:Ga0228652_1000012_247	gnl|TC-DB|Q9I0V8|2.A.6.2.39	41.4	367	194	2	22	369	10	374	7.0e-68	254.6
3300024326.a:Ga0228652_1000012_248	gnl|TC-DB|P76399|2.A.6.2.12	55.1	1060	427	3	1	1060	1	1011	0.0e+00	1077.4
3300024326.a:Ga0228652_1000012_249	gnl|TC-DB|Q9I0V6|2.A.6.2.39	64.5	1026	364	0	1	1026	1	1026	0.0e+00	1236.1
3300024326.a:Ga0228652_1000012_250	gnl|TC-DB|P76397|8.A.1.6.2	51.4	366	176	2	37	401	34	398	5.9e-96	347.8
3300024326.a:Ga0228652_1000012_253	gnl|TC-DB|P22610|3.A.15.2.1	47.0	181	95	1	48	227	98	278	1.1e-37	153.3
3300024326.a:Ga0228652_1000012_259	gnl|TC-DB|P31474|2.A.1.3.51	41.6	464	264	5	15	476	6	464	3.0e-87	318.9
3300024326.a:Ga0228652_1000012_261	gnl|TC-DB|D0J060|2.A.80.1.3	39.5	296	175	1	85	380	38	329	6.3e-56	214.5
3300024326.a:Ga0228652_1000012_262	gnl|TC-DB|Q52815|3.A.1.3.8	78.0	245	53	1	2	246	14	257	6.2e-113	403.3
3300024326.a:Ga0228652_1000012_263	gnl|TC-DB|P45768|3.A.1.3.26	50.7	359	164	6	13	363	10	363	4.9e-90	327.8
3300024326.a:Ga0228652_1000012_264	gnl|TC-DB|P45767|3.A.1.3.26	50.5	386	187	4	14	396	9	393	2.6e-97	352.1
3300024326.a:Ga0228652_1000012_265	gnl|TC-DB|Q52812|3.A.1.3.8	55.1	334	148	1	7	338	8	341	5.9e-106	380.6
3300024326.a:Ga0228652_1000012_266	gnl|TC-DB|Q52812|3.A.1.3.8	54.8	334	149	1	7	338	8	341	1.8e-107	385.6
3300024326.a:Ga0228652_1000012_267	gnl|TC-DB|P08007|3.A.1.5.1	52.8	322	140	5	4	317	11	328	2.9e-89	325.1
3300024326.a:Ga0228652_1000012_268	gnl|TC-DB|P04285|3.A.1.5.1	55.5	326	144	1	6	331	11	335	7.2e-96	347.1
3300024326.a:Ga0228652_1000012_269	gnl|TC-DB|Q5V9S0|3.A.1.5.22	53.0	281	130	1	21	301	20	298	2.1e-78	288.9
3300024326.a:Ga0228652_1000012_270	gnl|TC-DB|Q5V9S1|3.A.1.5.22	48.7	306	157	0	1	306	1	306	1.7e-83	305.8
3300024326.a:Ga0228652_1000012_271	gnl|TC-DB|Q5V9S2|3.A.1.5.22	37.7	525	323	3	76	596	17	541	2.4e-102	369.4
3300024326.a:Ga0228652_1000012_272	gnl|TC-DB|P0A9R7|3.A.1.140.1	49.1	220	112	0	1	220	1	220	2.4e-55	211.8
3300024326.a:Ga0228652_1000012_273	gnl|TC-DB|P0AC31|3.A.1.140.1	32.1	302	190	7	2	297	50	342	4.4e-28	121.7
3300024326.a:Ga0228652_1000012_277	gnl|TC-DB|P0ABG7|2.A.103.1.2	45.5	365	187	1	16	380	17	369	6.3e-80	294.3
3300024326.a:Ga0228652_1000012_280	gnl|TC-DB|P16926|9.B.157.1.3	32.3	266	180	0	9	274	4	269	4.5e-38	154.8
3300024326.a:Ga0228652_1000012_281	gnl|TC-DB|P0A9X4|9.B.157.1.3	72.2	338	89	2	6	341	6	340	1.1e-134	476.1
3300024326.a:Ga0228652_1000012_283	gnl|TC-DB|Q9MUK5|3.A.9.1.1	37.1	151	93	1	69	217	60	210	7.0e-18	88.6
3300024326.a:Ga0228652_1000012_287	gnl|TC-DB|P0AGM2|1.A.62.2.3	52.8	199	94	0	9	207	2	200	3.9e-47	184.5
3300024326.a:Ga0228652_1000012_288	gnl|TC-DB|P0AE16|2.A.1.25.2	58.8	405	166	1	2	406	3	406	2.6e-124	441.8
3300024326.a:Ga0228652_1000012_300	gnl|TC-DB|Q6XBY3|1.B.11.6.1	27.3	768	491	19	55	764	49	807	3.1e-73	273.1
3300024326.a:Ga0228652_1000012_309	gnl|TC-DB|Q9ZKE4|3.A.11.3.1	28.0	668	407	17	40	700	18	618	5.2e-64	242.3
3300024326.a:Ga0228652_1000012_315	gnl|TC-DB|917745143|1.C.75.1.2	31.2	1127	660	22	1	1066	2114	3186	5.7e-51	199.9
3300024326.a:Ga0228652_1000012_316	gnl|TC-DB|917745143|1.C.75.1.2	36.1	668	353	13	1	624	1	638	4.6e-89	327.8
3300024326.a:Ga0228652_1000012_316	gnl|TC-DB|917745143|1.C.75.1.2	52.1	94	44	1	3365	3457	1993	2086	3.7e-22	105.5
3300024326.a:Ga0228652_1000012_317	gnl|TC-DB|Q9JY22|1.B.20.1.5	38.0	558	320	5	25	560	27	580	2.7e-111	399.1
3300024326.a:Ga0228652_1000012_319	gnl|TC-DB|A8YQS1|3.A.23.2.1	39.9	1241	732	6	1	1235	4	1236	5.9e-269	924.1
3300024326.a:Ga0228652_1000012_320	gnl|TC-DB|A8YQS0|3.A.23.2.1	43.7	199	110	1	1	199	1	197	1.0e-42	169.9
3300024326.a:Ga0228652_1000012_321	gnl|TC-DB|A8YQR9|3.A.23.2.1	52.8	335	158	0	2	336	128	462	3.6e-103	371.3
3300024326.a:Ga0228652_1000012_322	gnl|TC-DB|A8YQR9|3.A.23.2.1	53.5	101	47	0	1	101	1	101	1.1e-31	132.1
3300024326.a:Ga0228652_1000012_323	gnl|TC-DB|A8YQR8|3.A.23.2.1	45.3	179	92	1	3	181	31	203	1.7e-34	142.5
3300024326.a:Ga0228652_1000012_324	gnl|TC-DB|A8YQR7|3.A.23.2.1	45.8	360	189	3	1	359	1	355	4.8e-90	327.8
3300024326.a:Ga0228652_1000012_325	gnl|TC-DB|A8YQR6|3.A.23.2.1	83.7	98	15	1	3	100	4	100	2.5e-28	120.9
3300024326.a:Ga0228652_1000012_326	gnl|TC-DB|A8YQR5|3.A.23.2.1	55.2	509	228	0	1	509	1	509	1.5e-167	586.3
3300024326.a:Ga0228652_1000012_327	gnl|TC-DB|Q6EE14|3.A.23.2.1	56.9	160	69	0	1	160	701	860	2.8e-45	178.3
3300024326.a:Ga0228652_1000012_328	gnl|TC-DB|Q6EE14|3.A.23.2.1	66.0	701	226	3	1	700	1	690	3.4e-252	867.5
3300024326.a:Ga0228652_1000012_329	gnl|TC-DB|Q6EE15|3.A.23.2.1	52.8	335	156	1	1	335	5	337	1.8e-99	359.0
3300024326.a:Ga0228652_1000012_330	gnl|TC-DB|Q6EE16|3.A.23.2.1	64.8	619	208	2	5	622	4	613	2.7e-242	834.3
3300024326.a:Ga0228652_1000012_331	gnl|TC-DB|Q6EE17|3.A.23.2.1	51.4	148	70	1	12	157	9	156	2.2e-31	131.7
3300024326.a:Ga0228652_1000012_332	gnl|TC-DB|Q6EE19|3.A.23.2.1	51.2	162	79	0	1	162	1	162	2.4e-44	174.9
3300024326.a:Ga0228652_1000012_333	gnl|TC-DB|Q6EE20|3.A.23.2.1	80.0	496	92	2	1	491	1	494	5.4e-233	803.1
3300024326.a:Ga0228652_1000012_334	gnl|TC-DB|Q6EE21|3.A.23.2.1	76.2	168	40	0	1	168	1	168	9.2e-71	262.7
3300024326.a:Ga0228652_1000203_6	gnl|TC-DB|E0DTC9|2.A.115.1.4	45.2	199	102	1	5	203	75	266	1.1e-41	166.4
3300024326.a:Ga0228652_1000203_14	gnl|TC-DB|P38101|2.A.76.1.4	26.9	186	132	3	6	190	12	194	5.7e-13	70.9
3300024326.a:Ga0228652_1000203_18	gnl|TC-DB|Q93N33|2.A.21.9.2	27.5	236	161	3	359	586	781	1014	6.4e-15	79.0
3300024326.a:Ga0228652_1000203_20	gnl|TC-DB|P0AEB0|3.A.1.6.1	58.0	276	116	0	5	280	14	289	1.7e-88	322.4
3300024326.a:Ga0228652_1000203_21	gnl|TC-DB|P16701|3.A.1.6.1	59.2	260	106	0	11	270	10	269	2.4e-81	298.5
3300024326.a:Ga0228652_1000203_22	gnl|TC-DB|P16700|3.A.1.6.1	55.3	333	137	6	6	334	13	337	1.7e-97	352.4
3300024326.a:Ga0228652_1000203_25	gnl|TC-DB|A1S5F4|2.A.1.7.10	49.0	412	188	3	19	427	19	411	2.0e-98	355.9
3300024326.a:Ga0228652_1000203_28	gnl|TC-DB|P75796|3.A.1.5.11	46.8	560	261	6	4	530	12	567	1.9e-122	436.0
3300024326.a:Ga0228652_1000203_30	gnl|TC-DB|Q0P844|3.A.1.5.28	28.2	301	201	7	75	372	50	338	2.4e-29	126.7
3300024326.a:Ga0228652_1000203_31	gnl|TC-DB|Q42524|4.C.1.1.7	29.0	493	301	15	45	496	67	551	3.5e-41	166.0
3300024326.a:Ga0228652_1000203_33	gnl|TC-DB|P42062|3.A.1.5.20	39.6	321	185	4	1	319	1	314	1.0e-59	226.9
3300024326.a:Ga0228652_1000203_34	gnl|TC-DB|W0WMS8|3.A.1.5.39	36.5	271	166	2	22	286	27	297	3.0e-42	168.7
3300024326.a:Ga0228652_1000203_37	gnl|TC-DB|A0LFK9|9.B.102.4.1	30.8	276	172	9	32	299	379	643	1.7e-22	103.2
3300024326.a:Ga0228652_1000203_38	gnl|TC-DB|Q2L0R4|9.B.102.2.2	61.2	188	73	0	11	198	3	190	6.7e-60	226.9
3300024326.a:Ga0228652_1000015_1	gnl|TC-DB|Q2L0R4|9.B.102.2.2	55.3	188	77	2	5	192	194	374	2.2e-47	185.3
3300024326.a:Ga0228652_1000015_5	gnl|TC-DB|Q83XH1|3.A.1.121.4	44.6	529	289	3	25	553	1	525	3.0e-131	465.3
3300024326.a:Ga0228652_1000015_10	gnl|TC-DB|P31466|2.A.40.7.6	51.4	428	207	1	1	427	14	441	1.6e-116	416.0
3300024326.a:Ga0228652_1000015_12	gnl|TC-DB|P60782|9.B.31.1.1	45.4	194	97	3	18	211	11	195	2.2e-34	142.1
3300024326.a:Ga0228652_1000015_15	gnl|TC-DB|B7LEG0|1.A.34.1.2	40.6	256	124	3	74	301	122	377	3.5e-33	138.7
3300024326.a:Ga0228652_1000015_22	gnl|TC-DB|Q42524|4.C.1.1.7	26.0	511	340	12	53	544	65	556	1.5e-34	144.1
3300024326.a:Ga0228652_1000015_32	gnl|TC-DB|P76628|2.A.1.36.3	54.4	377	169	1	23	396	2	378	2.1e-100	362.5
3300024326.a:Ga0228652_1000015_35	gnl|TC-DB|P28246|2.A.1.2.7	36.9	385	236	3	14	395	12	392	4.4e-60	228.4
3300024326.a:Ga0228652_1000015_38	gnl|TC-DB|Q9KKE3|3.A.1.12.6	36.5	345	205	5	1	333	3	345	2.1e-63	239.2
3300024326.a:Ga0228652_1000015_39	gnl|TC-DB|Q9KKE2|3.A.1.12.6	59.4	276	111	1	1	276	1	275	1.3e-82	302.8
3300024326.a:Ga0228652_1000015_40	gnl|TC-DB|Q9RQ06|3.A.1.12.5	47.0	404	213	1	3	405	4	407	2.1e-98	355.9
3300024326.a:Ga0228652_1000015_44	gnl|TC-DB|P77735|8.A.5.1.6	33.3	324	200	3	1	316	1	316	5.3e-40	161.4
3300024326.a:Ga0228652_1000015_46	gnl|TC-DB|Q99ZY4|3.A.1.34.1	37.1	291	166	5	5	289	1	280	3.5e-33	138.7
3300024326.a:Ga0228652_1000015_47	gnl|TC-DB|Q99ZY3|3.A.1.34.1	43.4	228	129	0	22	249	25	252	1.6e-45	179.5
3300024326.a:Ga0228652_1000015_50	gnl|TC-DB|P0AF01|3.A.1.8.1	46.2	223	117	3	32	251	5	227	4.1e-43	171.4
3300024326.a:Ga0228652_1000015_56	gnl|TC-DB|K0WKG7|4.F.1.1.8	51.1	186	83	4	3	186	1	180	1.6e-39	159.1
3300024326.a:Ga0228652_1000015_66	gnl|TC-DB|P69210|2.A.7.1.9	54.1	109	50	0	1	109	1	109	1.5e-29	125.2
3300024326.a:Ga0228652_1000015_67	gnl|TC-DB|P42512|1.B.14.1.8	38.2	702	402	9	67	765	48	720	8.6e-137	484.2
3300024326.a:Ga0228652_1000015_68	gnl|TC-DB|Q82VI7|1.B.14.1.10	37.3	778	432	12	2	740	64	824	1.1e-141	500.4
3300024326.a:Ga0228652_1000015_75	gnl|TC-DB|P69451|4.C.1.1.4	24.1	565	330	16	115	637	49	556	1.7e-24	110.9
3300024326.a:Ga0228652_1000015_83	gnl|TC-DB|P75770|4.D.2.4.3	44.4	302	167	1	24	324	8	309	1.7e-73	272.7
3300024326.a:Ga0228652_1000015_96	gnl|TC-DB|Q9WWZ9|2.A.6.2.9	56.3	364	141	4	38	401	35	380	2.4e-101	365.5
3300024326.a:Ga0228652_1000015_97	gnl|TC-DB|P52002|2.A.6.2.6	68.3	1033	325	2	1	1032	1	1032	0.0e+00	1355.1
3300024326.a:Ga0228652_1000015_98	gnl|TC-DB|Q8ZRH0|2.A.6.2.25	56.0	468	194	2	18	483	41	498	3.1e-136	481.9
3300024326.a:Ga0228652_1000015_99	gnl|TC-DB|P77389|2.A.1.2.65	29.4	384	262	4	14	393	10	388	1.4e-32	137.1
3300024326.a:Ga0228652_1000015_103	gnl|TC-DB|Q6MLK6|1.A.46.2.5	59.6	99	40	0	2	100	202	300	2.7e-31	131.0
3300024326.a:Ga0228652_1000015_107	gnl|TC-DB|Q9FA46|2.A.80.1.1	61.4	316	121	1	15	330	11	325	7.5e-114	406.8
3300024326.a:Ga0228652_1000015_108	gnl|TC-DB|Q9FA45|2.A.80.1.1	32.9	143	90	2	2	141	1	140	1.0e-17	86.3
3300024326.a:Ga0228652_1000015_109	gnl|TC-DB|Q9FA44|2.A.80.1.1	61.8	500	187	2	3	502	2	497	5.8e-166	580.5
3300024326.a:Ga0228652_1000015_116	gnl|TC-DB|P16482|2.A.1.6.1	37.5	413	247	3	11	422	30	432	1.8e-70	263.1
3300024326.a:Ga0228652_1000015_120	gnl|TC-DB|Q1LRE9|3.A.1.210.9	34.6	573	356	6	15	578	31	593	3.9e-75	279.3
3300024326.a:Ga0228652_1000015_123	gnl|TC-DB|P0ABJ6|3.D.4.5.1	52.6	97	45	1	37	133	12	107	3.3e-21	97.8
3300024326.a:Ga0228652_1000015_124	gnl|TC-DB|P0ABJ3|3.D.4.5.1	57.8	185	77	1	28	211	18	202	4.5e-59	224.2
3300024326.a:Ga0228652_1000015_125	gnl|TC-DB|P0ABI8|3.D.4.5.1	67.7	657	209	2	11	665	1	656	5.5e-265	909.8
3300024326.a:Ga0228652_1000015_126	gnl|TC-DB|P0ABJ1|3.D.4.5.1	45.4	282	142	4	11	289	14	286	1.4e-66	250.0
3300024326.a:Ga0228652_1000015_127	gnl|TC-DB|P37643|2.A.1.6.10	33.1	417	271	3	31	441	22	436	6.0e-58	221.5
3300024326.a:Ga0228652_1000015_135	gnl|TC-DB|Q9L3M3|3.A.1.4.3	33.9	366	232	5	4	368	3	359	8.7e-45	177.6
3300024326.a:Ga0228652_1000015_136	gnl|TC-DB|P0AEX7|3.A.1.4.1	44.8	308	147	5	4	302	8	301	2.2e-62	235.7
3300024326.a:Ga0228652_1000015_137	gnl|TC-DB|P21628|3.A.1.4.8	47.5	366	150	9	12	362	77	415	2.2e-66	249.2
3300024326.a:Ga0228652_1000015_138	gnl|TC-DB|Q8DQH8|3.A.1.4.10	52.4	252	119	1	4	254	3	254	7.3e-67	250.4
3300024326.a:Ga0228652_1000015_139	gnl|TC-DB|P21630|3.A.1.4.8	49.6	234	115	2	7	239	1	232	2.9e-62	235.0
3300024326.a:Ga0228652_1000015_142	gnl|TC-DB|P77389|2.A.1.2.65	43.6	383	214	2	7	389	9	389	1.3e-69	260.0
3300024326.a:Ga0228652_1000015_146	gnl|TC-DB|P15745|3.A.15.1.1	38.9	401	223	2	1	401	1	379	5.1e-64	241.5
3300024326.a:Ga0228652_1000015_147	gnl|TC-DB|P15645|3.A.15.1.1	54.6	482	202	5	4	471	11	489	4.8e-138	487.6
3300024326.a:Ga0228652_1000015_148	gnl|TC-DB|P35818|1.B.22.1.2	37.8	328	181	4	279	600	326	636	4.4e-56	216.1
3300024326.a:Ga0228652_1000015_157	gnl|TC-DB|Q9XD71|3.A.15.3.1	61.5	135	51	1	31	164	2	136	4.1e-44	174.1
3300024326.a:Ga0228652_1000015_167	gnl|TC-DB|P80874|8.A.5.1.4	34.7	147	74	6	12	139	17	160	6.6e-15	77.8
3300024326.a:Ga0228652_1000015_181	gnl|TC-DB|O50455|1.A.35.3.5	31.3	358	223	7	3	348	20	366	3.6e-42	168.7
3300024326.a:Ga0228652_1000015_183	gnl|TC-DB|P33950|3.A.1.5.27	24.5	421	245	11	237	653	158	509	1.9e-24	110.9
3300024326.a:Ga0228652_1000015_184	gnl|TC-DB|Q2FZR7|3.A.1.5.19	31.9	251	163	3	77	325	60	304	1.2e-26	117.1
3300024326.a:Ga0228652_1000015_185	gnl|TC-DB|P42063|3.A.1.5.20	32.8	241	143	2	228	468	80	301	1.2e-30	131.0
3300024326.a:Ga0228652_1000015_186	gnl|TC-DB|P75796|3.A.1.5.11	44.5	578	297	5	12	583	12	571	4.1e-123	438.3
3300024326.a:Ga0228652_1000015_200	gnl|TC-DB|D0J060|2.A.80.1.3	38.5	335	199	1	1	335	1	328	2.7e-58	222.2
3300024326.a:Ga0228652_1000015_213	gnl|TC-DB|X5H3P0|3.D.10.1.6	53.5	589	263	6	12	592	12	597	1.6e-178	622.5
3300024326.a:Ga0228652_1000015_214	gnl|TC-DB|X5GWN5|3.D.10.1.6	55.3	226	100	1	11	236	30	254	2.9e-75	278.1
3300024326.a:Ga0228652_1000015_217	gnl|TC-DB|Q9FI56|3.A.9.1.2	45.3	878	385	11	3	858	95	899	4.8e-200	694.5
3300024326.a:Ga0228652_1000015_221	gnl|TC-DB|P40290|3.A.6.1.1	25.5	267	171	7	160	411	151	404	2.5e-13	73.2
3300024326.a:Ga0228652_1000015_231	gnl|TC-DB|Q66DP5|5.B.1.3.1	39.0	336	193	7	3	338	2	325	2.3e-68	255.8
3300024326.a:Ga0228652_1000015_238	gnl|TC-DB|P15645|3.A.15.1.1	29.2	359	222	11	134	491	125	452	4.7e-28	122.5
3300024326.a:Ga0228652_1000015_250	gnl|TC-DB|P23910|2.A.1.2.14	25.1	387	271	5	1	385	1	370	1.7e-19	93.6
3300024326.a:Ga0228652_1000015_273	gnl|TC-DB|Q9HV74|2.A.21.9.1	26.5	260	164	7	296	546	734	975	8.5e-19	92.0
3300024326.a:Ga0228652_1000084_5	gnl|TC-DB|P43672|3.A.1.120.6	46.4	524	245	1	4	491	2	525	1.3e-135	479.9
3300024326.a:Ga0228652_1000084_11	gnl|TC-DB|P0A6W3|9.B.146.1.6	53.2	389	153	5	1	389	1	360	3.5e-102	368.2
3300024326.a:Ga0228652_1000084_13	gnl|TC-DB|P0ABG4|2.A.103.1.1	41.3	378	208	6	25	396	45	414	4.1e-74	275.0
3300024326.a:Ga0228652_1000084_23	gnl|TC-DB|P10408|3.A.5.1.1	59.1	909	362	6	10	918	2	900	4.3e-300	1026.9
3300024326.a:Ga0228652_1000084_24	gnl|TC-DB|P0AAP1|9.B.34.1.2	27.8	162	117	0	429	590	206	367	9.4e-15	79.0
3300024326.a:Ga0228652_1000084_61	gnl|TC-DB|D5ALT6|2.A.56.3.4	52.9	357	167	1	1	357	1	356	1.9e-110	395.6
3300024326.a:Ga0228652_1000084_72	gnl|TC-DB|B7L5V2|1.A.34.1.3	35.3	139	87	2	18	155	82	218	2.0e-16	82.4
3300024326.a:Ga0228652_1000003_6	gnl|TC-DB|B2JBG5|2.A.1.59.2	52.9	382	178	1	27	408	17	396	4.3e-98	354.8
3300024326.a:Ga0228652_1000003_8	gnl|TC-DB|P48243|3.A.1.3.9	57.3	239	102	0	1	239	1	239	6.0e-76	280.4
3300024326.a:Ga0228652_1000003_10	gnl|TC-DB|Q9I404|3.A.1.3.22	38.5	135	62	2	20	148	28	147	9.1e-17	83.2
3300024326.a:Ga0228652_1000003_11	gnl|TC-DB|P54536|3.A.1.3.15	27.7	213	144	2	12	223	15	218	6.1e-22	100.9
3300024326.a:Ga0228652_1000003_12	gnl|TC-DB|Q8RCC4|3.A.1.3.27	27.1	255	183	2	2	254	5	258	1.3e-23	106.7
3300024326.a:Ga0228652_1000003_22	gnl|TC-DB|Q57079|3.B.1.1.2	31.7	508	315	8	22	518	4	490	2.3e-67	253.1
3300024326.a:Ga0228652_1000003_26	gnl|TC-DB|A3N296|3.A.1.20.3	43.3	307	171	1	3	309	5	308	2.6e-72	268.9
3300024326.a:Ga0228652_1000003_27	gnl|TC-DB|Q44382|3.A.1.11.3	31.5	260	171	2	24	283	28	280	3.4e-28	122.1
3300024326.a:Ga0228652_1000003_28	gnl|TC-DB|P0AFK6|3.A.1.11.1	27.0	248	179	2	11	258	10	255	3.4e-24	108.6
3300024326.a:Ga0228652_1000003_48	gnl|TC-DB|D0J060|2.A.80.1.3	34.5	281	181	3	5	283	4	283	1.5e-37	153.3
3300024326.a:Ga0228652_1000003_52	gnl|TC-DB|D0J060|2.A.80.1.3	34.6	292	190	1	35	326	39	329	5.1e-46	181.4
3300024326.a:Ga0228652_1000003_59	gnl|TC-DB|O35002|9.B.174.1.1	30.6	386	239	7	7	381	12	379	8.5e-42	167.9
3300024326.a:Ga0228652_1000003_60	gnl|TC-DB|Q8ID54|3.A.25.2.1	34.9	192	121	3	30	218	111	301	5.7e-29	124.4
3300024326.a:Ga0228652_1000003_63	gnl|TC-DB|Q9HT68|3.A.1.24.5	65.2	256	87	1	9	262	5	260	1.5e-88	322.4
3300024326.a:Ga0228652_1000003_74	gnl|TC-DB|L5DDD7|2.A.109.2.3	46.6	524	268	6	1	515	370	890	1.4e-114	409.8
3300024326.a:Ga0228652_1000003_79	gnl|TC-DB|P0A9V1|1.B.42.1.2	62.1	243	87	1	21	263	4	241	4.2e-83	304.3
3300024326.a:Ga0228652_1000003_86	gnl|TC-DB|P0ABJ9|3.D.4.3.2	58.2	502	210	0	4	505	2	503	6.0e-174	607.1
3300024326.a:Ga0228652_1000003_87	gnl|TC-DB|P0ABK2|3.D.4.3.2	47.2	377	197	2	5	380	2	377	3.5e-91	331.6
3300024326.a:Ga0228652_1000003_89	gnl|TC-DB|P29018|3.A.1.129.1	35.7	555	339	3	8	560	4	542	1.4e-78	290.4
3300024326.a:Ga0228652_1000003_90	gnl|TC-DB|P23886|3.A.1.129.1	29.9	551	369	5	10	551	10	552	1.9e-56	216.9
3300024326.a:Ga0228652_1000003_93	gnl|TC-DB|Q04064|1.B.1.4.1	29.4	378	230	7	30	385	23	385	3.4e-41	165.6
3300024326.a:Ga0228652_1000003_95	gnl|TC-DB|E1P8P0|9.B.27.3.1	29.9	184	82	2	21	204	5	141	1.1e-14	76.6
3300024326.a:Ga0228652_1000003_100	gnl|TC-DB|Q93N33|2.A.21.9.2	28.5	242	164	5	186	423	773	1009	9.6e-16	81.3
3300024326.a:Ga0228652_1000003_115	gnl|TC-DB|P43020|2.A.56.1.5	28.3	166	101	6	70	224	48	206	1.6e-13	73.6
3300024326.a:Ga0228652_1000003_116	gnl|TC-DB|Q6N8W8|2.A.56.1.10	36.1	421	268	1	286	705	13	433	1.5e-66	250.8
3300024326.a:Ga0228652_1000003_118	gnl|TC-DB|D0J060|2.A.80.1.3	38.5	322	194	4	4	321	6	327	4.5e-55	211.5
3300024326.a:Ga0228652_1000003_123	gnl|TC-DB|Q6GW09|2.A.6.2.31	31.5	435	283	4	11	435	9	438	1.4e-46	183.7
3300024326.a:Ga0228652_1000003_127	gnl|TC-DB|Q8ZRP7|3.A.1.13.1	32.4	247	161	2	28	274	25	265	1.1e-28	123.6
3300024326.a:Ga0228652_1000003_128	gnl|TC-DB|P06129|1.B.14.3.1	28.5	625	382	20	14	604	10	603	1.6e-48	190.7
3300024326.a:Ga0228652_1000003_141	gnl|TC-DB|L0LHM3|2.A.7.31.3	41.9	284	156	3	4	284	1	278	4.0e-47	184.9
3300024326.a:Ga0228652_1000003_149	gnl|TC-DB|Q92NF1|3.A.1.5.17	32.8	506	334	4	16	518	25	527	3.3e-79	292.4
3300024326.a:Ga0228652_1000003_153	gnl|TC-DB|Q07711|3.A.7.7.1	29.9	733	449	19	4	707	3	699	4.6e-73	272.7
3300024326.a:Ga0228652_1000003_155	gnl|TC-DB|A7NH45|3.A.1.17.8	44.9	245	133	2	4	248	6	248	1.6e-50	196.1
3300024326.a:Ga0228652_1000003_156	gnl|TC-DB|Q9CLG9|3.A.1.17.6	28.8	260	169	3	18	275	4	249	4.4e-22	101.7
3300024326.a:Ga0228652_1000003_162	gnl|TC-DB|P31125|2.A.7.3.2	41.3	293	162	4	7	294	1	288	9.5e-47	183.7
3300024326.a:Ga0228652_1000003_196	gnl|TC-DB|P0AGA2|3.A.5.1.1	63.0	424	154	1	15	435	17	440	2.1e-143	505.4
3300024326.a:Ga0228652_1000003_205	gnl|TC-DB|P36655|5.A.1.1.1	33.4	646	291	17	50	689	48	560	2.3e-72	270.0
3300024326.a:Ga0228652_1000003_210	gnl|TC-DB|P48269|9.B.14.3.3	31.6	282	134	4	165	444	126	350	2.3e-33	139.8
3300024326.a:Ga0228652_1000003_211	gnl|TC-DB|P77735|8.A.5.1.6	33.4	323	199	4	1	313	1	317	5.3e-46	181.4
3300024326.a:Ga0228652_1000003_220	gnl|TC-DB|P77726|2.A.1.2.60	42.7	391	216	5	8	393	5	392	1.2e-73	273.5
3300024326.a:Ga0228652_1000003_236	gnl|TC-DB|O13020|2.A.3.8.2	27.5	432	296	7	19	443	50	471	2.2e-39	159.8
3300024326.a:Ga0228652_1000003_237	gnl|TC-DB|Q9F206|2.A.111.2.1	50.5	422	202	1	3	417	4	425	1.4e-104	376.3
3300024326.a:Ga0228652_1000003_244	gnl|TC-DB|A2P528|2.A.7.3.9	40.2	271	159	3	5	274	5	273	1.9e-45	179.5
3300024326.a:Ga0228652_1000003_245	gnl|TC-DB|Q9ZGB6|2.A.1.3.32	32.6	426	281	5	12	436	6	426	2.6e-46	183.0
3300024326.a:Ga0228652_1000003_250	gnl|TC-DB|Q1D3I3|3.A.1.103.4	39.1	202	120	1	21	222	26	224	4.8e-44	174.5
3300024326.a:Ga0228652_1000003_268	gnl|TC-DB|A4PCH7|3.A.1.27.1	37.4	318	190	5	65	377	1	314	2.5e-44	176.0
3300024326.a:Ga0228652_1000003_269	gnl|TC-DB|A4PCH8|3.A.1.27.1	49.6	254	127	1	11	263	25	278	2.4e-62	235.3
3300024326.a:Ga0228652_1000003_288	gnl|TC-DB|P94400|9.B.10.1.1	28.5	411	198	11	11	365	4	374	1.9e-33	139.8
3300024326.a:Ga0228652_1000003_290	gnl|TC-DB|A1IQK5|3.A.1.15.10	46.6	236	122	3	12	244	12	246	3.2e-53	204.9
3300024326.a:Ga0228652_1000003_291	gnl|TC-DB|A1IQK4|3.A.1.15.10	57.7	279	118	0	1	279	1	279	1.1e-79	293.1
3300024326.a:Ga0228652_1000003_292	gnl|TC-DB|Q5FA63|3.A.1.15.10	36.9	347	175	6	21	366	4	307	7.2e-41	164.5
3300024326.a:Ga0228652_1000003_294	gnl|TC-DB|D7A5Z9|2.A.113.1.7	34.9	321	169	5	32	349	27	310	1.4e-36	150.2
3300024326.a:Ga0228652_1000003_295	gnl|TC-DB|Q9JZN9|1.B.14.2.9	36.1	180	108	2	15	188	9	187	5.2e-26	114.4
3300024326.a:Ga0228652_1000003_296	gnl|TC-DB|Q9JZN9|1.B.14.2.9	31.9	530	294	10	1	474	240	758	5.1e-63	238.4
3300024326.a:Ga0228652_1000003_303	gnl|TC-DB|Q8NRW1|3.A.1.4.5	24.7	348	245	7	25	365	51	388	7.7e-20	94.7
3300024326.a:Ga0228652_1000003_304	gnl|TC-DB|Q8NRW0|3.A.1.4.5	34.2	301	179	6	3	299	1	286	5.6e-25	112.5
3300024326.a:Ga0228652_1000003_305	gnl|TC-DB|Q8DQH8|3.A.1.4.10	41.4	251	140	2	1	244	1	251	3.0e-46	181.8
3300024326.a:Ga0228652_1000003_306	gnl|TC-DB|P21630|3.A.1.4.8	42.8	236	130	2	5	240	1	231	7.6e-47	183.7
3300024326.a:Ga0228652_1000003_309	gnl|TC-DB|E5AN59|1.E.40.3.1	53.6	110	51	0	2	111	1	110	2.0e-26	114.8
3300024326.a:Ga0228652_1000003_312	gnl|TC-DB|Q9XIA9|4.C.1.1.14	23.7	612	410	20	37	616	71	657	2.4e-34	143.7
3300024326.a:Ga0228652_1000003_313	gnl|TC-DB|Q8DQH8|3.A.1.4.10	37.3	249	156	0	12	260	3	251	1.9e-51	199.1
3300024326.a:Ga0228652_1000003_314	gnl|TC-DB|Q8VM85|3.A.1.4.3	25.2	301	199	5	5	301	6	284	1.8e-16	83.2
3300024326.a:Ga0228652_1000003_315	gnl|TC-DB|Q8DQH9|3.A.1.4.10	28.6	238	142	7	107	343	94	304	1.2e-16	84.0
3300024326.a:Ga0228652_1000003_317	gnl|TC-DB|Q8DQH7|3.A.1.4.10	44.6	242	126	4	23	264	2	235	5.5e-52	201.1
3300024326.a:Ga0228652_1000003_319	gnl|TC-DB|Q52812|3.A.1.3.8	57.0	342	142	3	1	338	1	341	1.2e-109	392.9
3300024326.a:Ga0228652_1000003_322	gnl|TC-DB|Q8VRK4|3.A.11.1.3	41.6	221	116	5	85	303	62	271	1.3e-35	147.1
3300024326.a:Ga0228652_1000003_333	gnl|TC-DB|Q9HV74|2.A.21.9.1	29.7	276	149	10	501	759	728	975	4.5e-24	109.8
3300024326.a:Ga0228652_1000003_335	gnl|TC-DB|P0AGI8|2.A.38.1.1	47.3	459	239	3	1	458	1	457	3.7e-119	424.9
3300024326.a:Ga0228652_1000003_336	gnl|TC-DB|Q6T3V7|2.A.38.1.3	45.1	486	261	3	4	489	3	482	1.8e-108	389.4
3300024326.a:Ga0228652_1000003_347	gnl|TC-DB|Q9KKE3|3.A.1.12.6	33.8	334	201	7	19	336	16	345	4.6e-50	194.9
3300024326.a:Ga0228652_1000003_354	gnl|TC-DB|G4NXW2|2.A.76.1.8	33.8	157	97	1	7	156	5	161	1.9e-14	75.9
3300024326.a:Ga0228652_1000003_355	gnl|TC-DB|O00571|1.I.1.1.3	38.5	387	221	5	12	381	182	568	5.9e-62	235.0
3300024326.a:Ga0228652_1000003_361	gnl|TC-DB|Q1DA07|2.A.1.15.16	38.5	109	66	1	92	200	508	615	1.7e-16	83.2
3300024326.a:Ga0228652_1000003_363	gnl|TC-DB|Q8RCC4|3.A.1.3.27	31.8	223	147	3	28	248	38	257	3.2e-24	108.6
3300024326.a:Ga0228652_1000003_364	gnl|TC-DB|A1VZQ3|3.A.1.3.16	30.5	210	146	0	6	215	34	243	7.4e-25	110.5
3300024326.a:Ga0228652_1000003_365	gnl|TC-DB|Q9F3K7|3.A.1.3.24	63.1	249	83	1	1	240	4	252	1.0e-83	306.2
3300024326.a:Ga0228652_1000003_374	gnl|TC-DB|P0ACA3|1.A.12.3.1	42.9	203	111	2	1	202	10	208	1.6e-42	169.1
3300024326.a:Ga0228652_1000003_376	gnl|TC-DB|P05418|3.D.3.1.1	41.1	431	218	8	10	440	13	407	2.0e-88	322.8
3300024326.a:Ga0228652_1000003_377	gnl|TC-DB|P05417|3.D.3.1.1	37.9	177	97	7	31	203	23	190	1.3e-23	106.3
3300024326.a:Ga0228652_1000003_378	gnl|TC-DB|Q2KCQ1|1.A.22.1.4	52.1	144	64	3	3	146	1	139	4.5e-27	117.5
3300024326.a:Ga0228652_1000003_380	gnl|TC-DB|B2GH49|9.B.160.1.10	35.1	171	97	5	121	286	217	378	4.8e-14	75.5
3300024326.a:Ga0228652_1000003_382	gnl|TC-DB|P69423|2.A.64.1.1	49.6	232	115	1	19	250	10	239	1.4e-57	219.5
3300024326.a:Ga0228652_1000003_395	gnl|TC-DB|P0AFN6|3.A.1.105.17	36.9	225	141	1	40	264	15	238	1.3e-37	153.3
3300024326.a:Ga0228652_1000003_396	gnl|TC-DB|F8D413|3.A.1.105.12	54.5	200	89	1	34	231	19	218	2.6e-56	215.3
3300024326.a:Ga0228652_1000003_399	gnl|TC-DB|P64604|3.A.1.27.3	43.7	174	85	4	1	168	1	167	7.1e-30	127.1
3300024326.a:Ga0228652_1000003_400	gnl|TC-DB|P64606|3.A.1.27.3	60.3	234	92	1	30	263	28	260	3.8e-68	254.6
3300024326.a:Ga0228652_1000003_401	gnl|TC-DB|P63386|3.A.1.27.3	50.4	244	121	0	16	259	14	257	2.0e-64	242.3
3300024326.a:Ga0228652_1000003_413	gnl|TC-DB|Q3YL57|2.A.36.7.3	28.0	440	300	7	28	456	56	489	3.1e-39	160.2
3300024326.a:Ga0228652_1000003_415	gnl|TC-DB|Q03736|3.D.4.6.2	39.4	292	153	5	24	300	1	283	1.8e-51	199.9
3300024326.a:Ga0228652_1000003_416	gnl|TC-DB|P98002|3.D.4.6.1	52.3	543	234	6	13	531	7	548	1.3e-155	546.2
3300024326.a:Ga0228652_1000003_419	gnl|TC-DB|P00415|3.D.4.7.1	37.4	289	149	7	4	291	2	259	2.3e-42	169.1
3300024326.a:Ga0228652_1000003_429	gnl|TC-DB|P76269|2.A.1.3.17	41.9	425	240	4	6	424	27	450	1.3e-76	283.5
3300024326.a:Ga0228652_1000003_433	gnl|TC-DB|P33950|3.A.1.5.27	29.1	470	276	15	35	472	51	495	1.1e-39	161.0
3300024326.a:Ga0228652_1000003_434	gnl|TC-DB|W0WN20|3.A.1.5.39	41.3	315	171	3	4	304	19	333	9.8e-55	210.3
3300024326.a:Ga0228652_1000003_435	gnl|TC-DB|W0WMS8|3.A.1.5.39	40.0	300	159	6	5	303	20	299	4.7e-54	208.0
3300024326.a:Ga0228652_1000003_436	gnl|TC-DB|Q9F350|3.A.1.5.35	54.1	303	138	1	6	307	2	304	2.0e-90	328.9
3300024326.a:Ga0228652_1000003_437	gnl|TC-DB|W0WLZ8|3.A.1.5.39	53.2	299	139	1	69	366	22	320	4.4e-89	324.7
3300024326.a:Ga0228652_1000003_442	gnl|TC-DB|Q5LR30|2.A.88.1.6	34.3	166	100	4	35	194	23	185	5.0e-18	87.8
3300024326.a:Ga0228652_1000003_448	gnl|TC-DB|P0ABP6|9.B.27.2.3	42.7	213	114	4	1	208	4	213	2.5e-38	155.2
3300024326.a:Ga0228652_1000003_449	gnl|TC-DB|Q1J0W6|9.B.34.1.1	29.4	340	203	12	73	396	30	348	1.7e-14	77.0
3300024326.a:Ga0228652_1000003_450	gnl|TC-DB|Q9HV74|2.A.21.9.1	29.4	272	164	8	518	780	726	978	1.4e-24	111.7
3300024326.a:Ga0228652_1000003_459	gnl|TC-DB|Q9KLQ6|3.A.1.20.2	25.7	540	384	8	1	534	161	689	5.5e-37	152.1
3300024326.a:Ga0228652_1000003_460	gnl|TC-DB|Q8TZQ3|3.A.1.1.16	42.1	366	200	6	1	355	1	365	3.4e-72	268.5
3300024326.a:Ga0228652_1000003_465	gnl|TC-DB|P15078|2.A.114.1.1	67.8	687	215	3	7	688	2	687	1.4e-266	915.2
3300024326.a:Ga0228652_1000003_478	gnl|TC-DB|Q9L100|2.A.3.3.16	25.5	443	303	4	12	442	46	473	3.3e-22	102.8
3300024326.a:Ga0228652_1000003_482	gnl|TC-DB|Q8NR42|3.A.1.17.12	52.8	233	105	2	13	241	10	241	1.6e-57	219.2
3300024326.a:Ga0228652_1000003_483	gnl|TC-DB|O85765|3.A.1.17.2	42.4	262	145	3	59	319	4	260	2.9e-46	182.2
3300024326.a:Ga0228652_1000003_484	gnl|TC-DB|A8AGW0|2.A.49.5.4	32.4	413	267	8	27	434	5	410	1.6e-39	160.6
3300024326.a:Ga0228652_1000003_489	gnl|TC-DB|F2WVP9|2.A.1.60.3	45.7	376	204	0	1	376	1	376	1.4e-79	293.1
3300024326.a:Ga0228652_1000003_500	gnl|TC-DB|P75797|3.A.1.5.11	28.6	514	319	13	13	513	13	491	3.0e-43	172.9
3300024326.a:Ga0228652_1000003_501	gnl|TC-DB|P33950|3.A.1.5.27	26.6	493	297	13	47	510	62	518	1.7e-38	157.1
3300024326.a:Ga0228652_1000003_502	gnl|TC-DB|P42062|3.A.1.5.20	36.4	321	196	4	1	319	1	315	9.2e-56	213.8
3300024326.a:Ga0228652_1000003_503	gnl|TC-DB|W0WMS8|3.A.1.5.39	38.9	270	157	4	37	304	35	298	3.4e-44	175.3
3300024326.a:Ga0228652_1000003_504	gnl|TC-DB|B1W1L9|3.A.1.5.37	51.9	308	146	2	1	307	1	307	3.9e-86	314.7
3300024326.a:Ga0228652_1000003_505	gnl|TC-DB|P42065|3.A.1.5.20	49.4	328	153	3	6	329	9	327	2.3e-86	315.5
3300024326.a:Ga0228652_1000003_509	gnl|TC-DB|D0J060|2.A.80.1.3	34.8	333	211	3	17	349	3	329	1.4e-57	219.9
3300024326.a:Ga0228652_1000003_516	gnl|TC-DB|P0AAP1|9.B.34.1.2	35.0	157	100	2	101	256	210	365	6.0e-21	97.8
3300024326.a:Ga0228652_1000003_518	gnl|TC-DB|P77389|2.A.1.2.65	37.4	374	233	1	11	383	3	376	6.1e-62	234.6
3300024326.a:Ga0228652_1000003_520	gnl|TC-DB|M3JA40|1.B.52.2.1	39.5	124	68	2	354	474	283	402	2.1e-12	70.5
3300024326.a:Ga0228652_1000003_531	gnl|TC-DB|Q6MK65|9.B.150.1.4	30.6	209	125	5	1	195	30	232	1.1e-22	103.2
3300024326.a:Ga0228652_1000003_535	gnl|TC-DB|P77338|1.A.23.1.1	35.0	157	102	0	421	577	880	1036	4.5e-25	112.8
3300024326.a:Ga0228652_1000003_538	gnl|TC-DB|Q7VW14|2.A.1.2.27	51.4	385	184	3	1	383	13	396	1.7e-96	349.4
3300024326.a:Ga0228652_1000003_544	gnl|TC-DB|P96119|3.A.1.15.8	33.8	290	175	5	8	297	1	273	1.4e-24	110.2
3300024326.a:Ga0228652_1000003_545	gnl|TC-DB|P96118|3.A.1.15.8	35.6	298	187	2	8	305	5	297	2.2e-38	156.4
3300024326.a:Ga0228652_1000003_546	gnl|TC-DB|P96117|3.A.1.15.8	53.0	247	116	0	14	260	4	250	1.3e-71	266.2
3300024326.a:Ga0228652_1000003_547	gnl|TC-DB|P96116|3.A.1.15.8	46.9	273	143	1	32	304	36	306	2.7e-65	245.4
3300024326.a:Ga0228652_1000003_557	gnl|TC-DB|Q93N33|2.A.21.9.2	27.8	273	167	10	120	374	759	1019	5.9e-14	75.1
3300024326.a:Ga0228652_1000003_558	gnl|TC-DB|Q52978|2.A.63.1.1	56.6	968	416	3	3	968	32	997	4.0e-304	1040.4
3300024326.a:Ga0228652_1000003_559	gnl|TC-DB|Q52980|2.A.63.1.1	75.7	111	27	0	1	111	1	111	3.3e-40	160.6
3300024326.a:Ga0228652_1000003_560	gnl|TC-DB|Q52981|2.A.63.1.1	50.7	534	252	5	6	533	5	533	2.7e-132	468.8
3300024326.a:Ga0228652_1000003_561	gnl|TC-DB|Q52982|2.A.63.1.1	40.1	162	95	2	1	161	1	161	3.2e-25	111.3
3300024326.a:Ga0228652_1000003_562	gnl|TC-DB|Q52983|2.A.63.1.1	56.2	73	32	0	20	92	20	92	1.0e-15	79.0
3300024326.a:Ga0228652_1000003_563	gnl|TC-DB|Q9Z3Q3|2.A.63.1.1	45.7	105	56	1	5	109	6	109	6.3e-18	86.7
3300024326.a:Ga0228652_1000003_565	gnl|TC-DB|P31552|4.C.1.1.6	22.9	520	351	14	18	525	27	508	9.9e-18	88.2
3300024326.a:Ga0228652_1000003_566	gnl|TC-DB|Q8DQH7|3.A.1.4.10	39.2	232	139	2	7	238	4	233	1.5e-42	169.5
3300024326.a:Ga0228652_1000003_567	gnl|TC-DB|P0A9S7|3.A.1.4.1	38.0	250	143	3	4	241	5	254	6.0e-44	174.1
3300024326.a:Ga0228652_1000003_568	gnl|TC-DB|Q8VM84|3.A.1.4.3	33.1	284	177	3	4	282	37	312	9.6e-28	120.6
3300024326.a:Ga0228652_1000003_573	gnl|TC-DB|Q8WYK0|4.C.3.1.2	35.0	137	86	1	14	147	188	324	4.4e-14	74.3
3300024326.a:Ga0228652_1000003_576	gnl|TC-DB|P11667|2.A.75.1.2	37.2	199	123	2	23	219	1	199	8.0e-27	117.1
3300024326.a:Ga0228652_1000003_585	gnl|TC-DB|O00571|1.I.1.1.3	39.3	351	194	5	2	334	181	530	5.0e-57	218.8
3300024326.a:Ga0228652_1000003_602	gnl|TC-DB|P62517|4.D.3.1.1	62.0	737	251	5	26	736	78	811	7.8e-260	892.9
3300024326.a:Ga0228652_1000003_605	gnl|TC-DB|P25737|2.A.3.1.2	70.2	473	141	0	16	488	12	484	2.1e-200	694.9
3300024326.a:Ga0228652_1000003_621	gnl|TC-DB|P0AB98|3.A.2.1.1	41.9	298	138	7	3	293	2	271	5.0e-53	204.5
3300024326.a:Ga0228652_1000003_623	gnl|TC-DB|P0ABA0|3.A.2.1.1	51.3	156	76	0	1	156	1	156	4.3e-11	64.3
3300024326.a:Ga0228652_1000003_624	gnl|TC-DB|P0ABA4|3.A.2.1.1	32.0	178	118	2	1	178	1	175	3.8e-19	91.3
3300024326.a:Ga0228652_1000003_625	gnl|TC-DB|P0ABB0|3.A.2.1.1	67.9	508	163	0	1	508	1	508	2.0e-198	688.3
3300024326.a:Ga0228652_1000003_626	gnl|TC-DB|P0ABA6|3.A.2.1.1	53.0	302	127	2	1	302	1	287	1.5e-84	309.3
3300024326.a:Ga0228652_1000003_627	gnl|TC-DB|P0ABB4|3.A.2.1.1	76.9	472	97	2	1	472	1	460	2.7e-205	711.1
3300024326.a:Ga0228652_1000003_628	gnl|TC-DB|P0A6E6|3.A.2.1.1	56.2	80	35	0	6	85	7	86	5.4e-21	97.1
