GT5_e28.hmm|GT5:878	225	3300007500.a:Ga0104983_100019_132	258	3.3e-95	1	224	6	226	0.9911111111111112
GT2_e3003.hmm|GT2:52	133	3300007500.a:Ga0104983_100019_86	278	1.2e-60	1	133	6	137	0.9924812030075187
GT9_e65.hmm|GT9:196	249	3300007500.a:Ga0104983_100020_142	326	1.4e-89	5	249	76	304	0.9799196787148594
GH73_e88.hmm|GH73:188|CBM50:180	129	3300007500.a:Ga0104983_100020_30	383	3.1e-67	1	128	35	162	0.9844961240310077
CBM50_e698.hmm|CBM50:301|GH73:300	40	3300007500.a:Ga0104983_100020_30	383	3.7e-16	1	40	333	372	0.975
GT4_e2566.hmm|GT4:386|GH3:1	167	3300007500.a:Ga0104983_100020_4	381	1.7e-67	3	166	190	354	0.9760479041916168
GH3_e104.hmm|GH3:538|GT4:1	225	3300007500.a:Ga0104983_100020_5	565	7.1e-104	1	225	106	330	0.9955555555555555
GT2_e2757.hmm|GT2:10	160	3300007500.a:Ga0104983_100020_53	304	1.1e-74	1	159	4	162	0.9875
GT28_e43.hmm|GT28:568	161	3300007500.a:Ga0104983_100020_73	374	1.4e-65	1	161	200	359	0.9937888198757764
GT2_e1308.hmm|GT2:28|2.4.1.305:1	119	3300007500.a:Ga0104983_100020_88	253	3.7e-62	1	119	7	125	0.9915966386554622
GH73_e100.hmm|GH73:41	115	3300007500.a:Ga0104983_100028_161	157	1.1e-55	1	115	41	155	0.991304347826087
GT51_e181.hmm|GT51:710	178	3300007500.a:Ga0104983_100047_7	778	6.7e-73	2	177	73	246	0.9831460674157303
CE11_e18.hmm|CE11:339	269	3300007500.a:Ga0104983_100061_101	466	1.3e-101	1	268	6	298	0.9925650557620818
GT2_e3752.hmm|GT2:91|GT4:74|GT0:2|CE0:1	217	3300007500.a:Ga0104983_100061_122	678	4.5e-63	1	216	50	265	0.9907834101382489
GT4_e425.hmm|GT4:28|GT2:14	117	3300007500.a:Ga0104983_100061_122	678	1.9e-49	1	117	533	649	0.9914529914529915
GT2_e1800.hmm|GT2:78|GT4:1|GT32:1	163	3300007500.a:Ga0104983_100061_40	331	2.7e-78	1	163	6	169	0.9938650306748467
GT19_e2.hmm|GT19:889	349	3300007500.a:Ga0104983_100061_72	371	3.4e-168	1	349	7	354	0.997134670487106
GT2_e3559.hmm|GT2:444	314	3300007500.a:Ga0104983_100073_4	324	2.4e-139	2	297	5	300	0.9394904458598726
GT4_e858.hmm|GT4:101	143	3300007500.a:Ga0104983_100140_81	365	1.3e-58	1	139	195	331	0.965034965034965
CE4_e119.hmm|CE4:30|GT2:26	120	3300007500.a:Ga0104983_100140_82	259	4.7e-16	20	112	36	123	0.7666666666666667
GT4_e2536.hmm|GT4:10	146	3300007500.a:Ga0104983_100351_41	377	1.7e-53	2	145	205	347	0.9794520547945206
GT2_e3826.hmm|GT2:40	162	3300007500.a:Ga0104983_100351_45	309	1.3e-74	1	162	6	168	0.9938271604938271
GT51_e158.hmm|GT51:844	164	3300007500.a:Ga0104983_100563_11	216	1.4e-77	2	164	47	209	0.9878048780487805
CBM50_e921.hmm|CBM50:133	43	3300007500.a:Ga0104983_100019_17	657	5.8e-16	3	43	103	142	0.9302325581395349
CBM50_e921.hmm|CBM50:133	43	3300007500.a:Ga0104983_100019_17	657	2.8e-18	1	43	183	225	0.9767441860465116
GT2_e1216.hmm|GT2:27	160	3300007500.a:Ga0104983_100019_76	271	2.7e-67	1	159	5	162	0.9875
GT2_e2649.hmm|GT2:59	141	3300007500.a:Ga0104983_100019_77	319	9.2e-47	1	127	9	139	0.8936170212765957
GT2_e857.hmm|GT2:15	127	3300007500.a:Ga0104983_100019_82	331	1.4e-68	1	126	8	133	0.984251968503937
GT2_e3911.hmm|GT2:377	167	3300007500.a:Ga0104983_100020_198	239	3.9e-83	1	167	6	170	0.9940119760479041
GT2_e843.hmm|GT2:33	270	3300007500.a:Ga0104983_100020_46	331	5.3e-137	1	269	7	273	0.9925925925925926
GT4_e2572.hmm|GT4:237	153	3300007500.a:Ga0104983_100040_152	427	2.1e-61	1	153	245	397	0.9934640522875817
CE14_e27.hmm|CE14:619	106	3300007500.a:Ga0104983_100047_112	240	2.4e-48	1	106	7	112	0.9905660377358491
GT30_e55.hmm|GT30:437	163	3300007500.a:Ga0104983_100047_18	409	6e-73	2	163	45	208	0.9877300613496932
GT2_e1161.hmm|GT2:19	119	3300007500.a:Ga0104983_100061_120	255	1.1e-66	1	119	12	130	0.9915966386554622
GT4_e3889.hmm|GT4:44	145	3300007500.a:Ga0104983_100066_40	381	6.2e-75	3	144	208	349	0.9724137931034482
GT4_e2685.hmm|GT4:130	152	3300007500.a:Ga0104983_100073_42	366	9.3e-71	2	150	178	330	0.9736842105263158
GT4_e2393.hmm|GT4:10	139	3300007500.a:Ga0104983_100073_44	343	2.8e-39	2	139	179	315	0.9856115107913669
GH25_e5.hmm|GH25:143	178	3300007500.a:Ga0104983_100140_56	285	6.1e-82	1	177	86	262	0.9887640449438202
GT4_e881.hmm|GT4:46	143	3300007500.a:Ga0104983_100140_58	355	4.4e-68	2	141	183	322	0.972027972027972
GH171_e3.hmm|GH171:806|GH3:1	343	3300007500.a:Ga0104983_100250_3	409	1.3e-156	1	343	57	407	0.9970845481049563
GT2_e1300.hmm|GT2:387	162	3300007500.a:Ga0104983_100279_29	335	1.7e-75	1	161	22	183	0.9876543209876543
GT4_e2376.hmm|GT4:12	147	3300007500.a:Ga0104983_100351_39	387	4.8e-70	3	147	211	355	0.9795918367346939
GT2_e795.hmm|GT2:13	108	3300007500.a:Ga0104983_100351_40	304	4.8e-58	1	108	6	113	0.9907407407407407
