3300027606.a:Ga0209370_1000005_1010  0.276  20  0.505  20  0.964  13  0.927   0.733 Y  0.450      SignalP-noTM
3300027606.a:Ga0209370_1000005_1015  0.123  70  0.308  31  0.857  25  0.785   0.494 Y  0.450      SignalP-TM
3300027606.a:Ga0209370_1000005_1015  0.184  29  0.402  29  0.935  21  0.852   0.645 Y  0.450      SignalP-noTM
3300027606.a:Ga0209370_1000005_1037  0.191  26  0.406  26  0.941  20  0.829   0.634 Y  0.450      SignalP-noTM
3300027606.a:Ga0209370_1000005_1037  0.297  26  0.531  26  0.979  19  0.916   0.712 Y  0.570      SignalP-noTM
3300027606.a:Ga0209370_1000005_1037  0.304  46  0.379  26  0.958  16  0.904   0.584 Y  0.450      SignalP-TM
3300027606.a:Ga0209370_1000005_1053  0.513  31  0.579  31  0.878  24  0.592   0.584 Y  0.500      SignalP-TM
3300027606.a:Ga0209370_1000005_1056  0.151  23  0.353  23  0.918  19  0.848   0.586 Y  0.570      SignalP-noTM
3300027606.a:Ga0209370_1000005_1056  0.205  29  0.401  20  0.922   1  0.882   0.660 Y  0.450      SignalP-noTM
3300027606.a:Ga0209370_1000005_1056  0.222  30  0.385  30  0.891  19  0.714   0.513 Y  0.450      SignalP-TM
3300027606.a:Ga0209370_1000005_106  0.345  29  0.564  29  0.989  16  0.923   0.758 Y  0.450      SignalP-noTM
3300027606.a:Ga0209370_1000005_106  0.680  29  0.795  29  0.983  15  0.943   0.865 Y  0.570      SignalP-noTM
3300027606.a:Ga0209370_1000005_106  0.820  29  0.866  29  0.958  25  0.880   0.872 Y  0.450      SignalP-TM
3300027606.a:Ga0209370_1000005_1127  0.188  60  0.315  28  0.907  18  0.825   0.514 Y  0.450      SignalP-TM
3300027606.a:Ga0209370_1000005_1127  0.275  30  0.484  30  0.955  20  0.879   0.670 Y  0.570      SignalP-noTM
3300027606.a:Ga0209370_1000005_1127  0.282  26  0.497  26  0.950  20  0.880   0.704 Y  0.450      SignalP-noTM
3300027606.a:Ga0209370_1000005_115  0.657  31  0.778  31  0.963  16  0.869   0.814 Y  0.450      SignalP-TM
3300027606.a:Ga0209370_1000005_115  0.769  26  0.856  26  0.981  19  0.946   0.905 Y  0.450      SignalP-noTM
3300027606.a:Ga0209370_1000005_115  0.775  26  0.876  26  0.995  16  0.963   0.917 Y  0.570      SignalP-noTM
3300027606.a:Ga0209370_1000005_124  0.200  37  0.328  37  0.843  12  0.663   0.459 Y  0.450      SignalP-TM
3300027606.a:Ga0209370_1000005_125  0.531  42  0.588  42  0.924  30  0.734   0.656 Y  0.570      SignalP-noTM
3300027606.a:Ga0209370_1000005_125  0.658  42  0.682  42  0.933   9  0.789   0.724 Y  0.450      SignalP-TM
3300027606.a:Ga0209370_1000005_132  0.191  26  0.366  26  0.828   3  0.741   0.512 Y  0.450      SignalP-TM
3300027606.a:Ga0209370_1000005_132  0.205  25  0.381  25  0.908   2  0.725   0.567 Y  0.450      SignalP-noTM
3300027606.a:Ga0209370_1000005_132  0.220  26  0.384  26  0.938   5  0.788   0.574 Y  0.570      SignalP-noTM
3300027606.a:Ga0209370_1000005_149  0.323  46  0.407  31  0.736  21  0.546   0.462 Y  0.450      SignalP-TM
3300027606.a:Ga0209370_1000005_157  0.309  24  0.521  24  0.948  11  0.881   0.690 Y  0.570      SignalP-noTM
3300027606.a:Ga0209370_1000005_157  0.367  28  0.522  28  0.935  16  0.739   0.639 Y  0.450      SignalP-noTM
3300027606.a:Ga0209370_1000005_157  0.528  34  0.564  34  0.928  16  0.730   0.629 Y  0.450      SignalP-TM
3300027606.a:Ga0209370_1000005_158  0.252  27  0.449  27  0.921  12  0.806   0.589 Y  0.450      SignalP-TM
3300027606.a:Ga0209370_1000005_158  0.298  24  0.515  24  0.939   7  0.889   0.717 Y  0.450      SignalP-noTM
3300027606.a:Ga0209370_1000005_158  0.351  24  0.582  24  0.977  14  0.940   0.750 Y  0.570      SignalP-noTM
3300027606.a:Ga0209370_1000005_166  0.176  24  0.401  24  0.978  14  0.915   0.678 Y  0.450      SignalP-noTM
3300027606.a:Ga0209370_1000005_166  0.271  29  0.449  29  0.978  12  0.866   0.645 Y  0.570      SignalP-noTM
3300027606.a:Ga0209370_1000005_166  0.326  35  0.430  35  0.960  15  0.793   0.571 Y  0.450      SignalP-TM
3300027606.a:Ga0209370_1000005_167  0.202  33  0.367  33  0.900  10  0.753   0.518 Y  0.450      SignalP-TM
3300027606.a:Ga0209370_1000005_167  0.397  31  0.597  31  0.984  19  0.907   0.764 Y  0.450      SignalP-noTM
3300027606.a:Ga0209370_1000005_169  0.218  19  0.438  19  0.910  14  0.885   0.679 Y  0.450      SignalP-noTM
3300027606.a:Ga0209370_1000005_169  0.524  26  0.617  26  0.875   8  0.771   0.689 Y  0.570      SignalP-noTM
3300027606.a:Ga0209370_1000005_169  0.646  26  0.729  26  0.912  20  0.731   0.729 Y  0.450      SignalP-TM
3300027606.a:Ga0209370_1000005_170  0.601  25  0.707  25  0.917  18  0.805   0.745 Y  0.450      SignalP-TM
3300027606.a:Ga0209370_1000005_170  0.693  25  0.810  25  0.981   6  0.946   0.884 Y  0.450      SignalP-noTM
3300027606.a:Ga0209370_1000005_170  0.870  25  0.899  25  0.960  10  0.929   0.913 Y  0.570      SignalP-noTM
3300027606.a:Ga0209370_1000005_171  0.428  36  0.544  36  0.858  28  0.540   0.542 Y  0.510      SignalP-TM
3300027606.a:Ga0209370_1000005_171  0.501  36  0.634  36  0.880  28  0.706   0.662 Y  0.450      SignalP-TM
3300027606.a:Ga0209370_1000005_172  0.391  25  0.514  20  0.928  15  0.838   0.640 Y  0.450      SignalP-TM
3300027606.a:Ga0209370_1000005_172  0.459  20  0.603  20  0.947  10  0.837   0.713 Y  0.570      SignalP-noTM
3300027606.a:Ga0209370_1000005_172  0.551  16  0.718  16  0.966   8  0.937   0.836 Y  0.450      SignalP-noTM
3300027606.a:Ga0209370_1000005_215  0.173  30  0.345  30  0.859   5  0.762   0.507 Y  0.450      SignalP-TM
3300027606.a:Ga0209370_1000005_215  0.237  26  0.438  26  0.902   8  0.808   0.612 Y  0.570      SignalP-noTM
3300027606.a:Ga0209370_1000005_215  0.250  25  0.423  25  0.791   6  0.709   0.577 Y  0.450      SignalP-noTM
3300027606.a:Ga0209370_1000005_226  0.560  29  0.662  29  0.917  20  0.810   0.731 Y  0.570      SignalP-noTM
3300027606.a:Ga0209370_1000005_226  0.576  29  0.637  29  0.816  22  0.664   0.647 Y  0.450      SignalP-TM
3300027606.a:Ga0209370_1000005_226  0.632  29  0.711  29  0.946  16  0.808   0.764 Y  0.450      SignalP-noTM
3300027606.a:Ga0209370_1000005_227  0.757  41  0.606  41  0.635  29  0.365   0.512 Y  0.450      SignalP-TM
3300027606.a:Ga0209370_1000005_23  0.276  29  0.454  29  0.955  12  0.786   0.633 Y  0.450      SignalP-noTM
3300027606.a:Ga0209370_1000005_23  0.337  29  0.509  29  0.936  17  0.834   0.636 Y  0.450      SignalP-TM
3300027606.a:Ga0209370_1000005_23  0.360  27  0.532  27  0.964   9  0.863   0.687 Y  0.570      SignalP-noTM
3300027606.a:Ga0209370_1000005_237  0.303  36  0.435  36  0.840  32  0.631   0.511 Y  0.450      SignalP-TM
3300027606.a:Ga0209370_1000005_238  0.209  27  0.434  27  0.982  17  0.906   0.689 Y  0.450      SignalP-noTM
3300027606.a:Ga0209370_1000005_238  0.517  35  0.585  35  0.910  17  0.790   0.665 Y  0.450      SignalP-TM
3300027606.a:Ga0209370_1000005_238  0.569  22  0.733  22  0.967  16  0.940   0.831 Y  0.570      SignalP-noTM
3300027606.a:Ga0209370_1000005_239  0.201  20  0.419  20  0.929  17  0.835   0.614 Y  0.570      SignalP-noTM
3300027606.a:Ga0209370_1000005_239  0.215  23  0.402  23  0.881  13  0.780   0.549 Y  0.450      SignalP-TM
3300027606.a:Ga0209370_1000005_239  0.698  18  0.813  18  0.973   9  0.942   0.882 Y  0.450      SignalP-noTM
3300027606.a:Ga0209370_1000005_255  0.665  18  0.594  18  0.657  12  0.530   0.569 Y  0.500      SignalP-TM
3300027606.a:Ga0209370_1000005_26  0.205  28  0.406  28  0.890  17  0.816   0.566 Y  0.450      SignalP-TM
3300027606.a:Ga0209370_1000005_26  0.278  29  0.462  29  0.975  18  0.861   0.649 Y  0.570      SignalP-noTM
3300027606.a:Ga0209370_1000005_260  0.660  23  0.762  23  0.941   8  0.887   0.811 Y  0.450      SignalP-TM
3300027606.a:Ga0209370_1000005_260  0.733  23  0.816  23  0.983  10  0.908   0.865 Y  0.450      SignalP-noTM
3300027606.a:Ga0209370_1000005_260  0.854  23  0.893  23  0.983  10  0.942   0.916 Y  0.570      SignalP-noTM
3300027606.a:Ga0209370_1000005_261  0.626  36  0.600  36  0.707  19  0.498   0.559 Y  0.500      SignalP-TM
3300027606.a:Ga0209370_1000005_261  0.677  36  0.632  36  0.735  15  0.596   0.619 Y  0.510      SignalP-TM
3300027606.a:Ga0209370_1000005_261  0.827  36  0.871  36  0.953  29  0.856   0.865 Y  0.450      SignalP-TM
3300027606.a:Ga0209370_1000005_265  0.580  36  0.643  25  0.831  23  0.725   0.675 Y  0.450      SignalP-TM
3300027606.a:Ga0209370_1000005_265  0.714  25  0.606  25  0.821   6  0.616   0.610 Y  0.500      SignalP-TM
3300027606.a:Ga0209370_1000005_27  0.182  20  0.381  20  0.874  16  0.787   0.539 Y  0.450      SignalP-TM
3300027606.a:Ga0209370_1000005_27  0.854  21  0.900  21  0.990  16  0.951   0.928 Y  0.450      SignalP-noTM
3300027606.a:Ga0209370_1000005_273  0.366  21  0.550  21  0.908  17  0.762   0.633 Y  0.450      SignalP-TM
3300027606.a:Ga0209370_1000005_273  0.635  21  0.637  21  0.717  15  0.638   0.637 Y  0.450      SignalP-noTM
3300027606.a:Ga0209370_1000005_273  0.793  21  0.800  21  0.907  17  0.781   0.791 Y  0.570      SignalP-noTM
3300027606.a:Ga0209370_1000005_299  0.195  22  0.423  22  0.956  16  0.919   0.691 Y  0.450      SignalP-noTM
3300027606.a:Ga0209370_1000005_299  0.302  28  0.514  28  0.943  19  0.862   0.650 Y  0.450      SignalP-TM
3300027606.a:Ga0209370_1000005_299  0.461  25  0.645  25  0.966  21  0.913   0.771 Y  0.570      SignalP-noTM
3300027606.a:Ga0209370_1000005_303  0.156  38  0.360  29  0.968  15  0.872   0.559 Y  0.450      SignalP-TM
3300027606.a:Ga0209370_1000005_303  0.199  22  0.433  22  0.961  21  0.910   0.657 Y  0.570      SignalP-noTM
3300027606.a:Ga0209370_1000005_303  0.468  30  0.579  30  0.906  10  0.720   0.655 Y  0.450      SignalP-noTM
3300027606.a:Ga0209370_1000005_329  0.495  34  0.597  34  0.813  29  0.695   0.635 Y  0.450      SignalP-TM
3300027606.a:Ga0209370_1000005_331  0.572  32  0.629  32  0.964  16  0.817   0.702 Y  0.450      SignalP-TM
3300027606.a:Ga0209370_1000005_332  0.245  30  0.425  30  0.887  20  0.753   0.602 Y  0.450      SignalP-noTM
3300027606.a:Ga0209370_1000005_332  0.283  30  0.472  30  0.955  22  0.836   0.643 Y  0.570      SignalP-noTM
3300027606.a:Ga0209370_1000005_332  0.340  30  0.455  30  0.766  25  0.653   0.532 Y  0.450      SignalP-TM
3300027606.a:Ga0209370_1000005_338  0.197  20  0.419  20  0.940   7  0.890   0.673 Y  0.450      SignalP-noTM
3300027606.a:Ga0209370_1000005_338  0.217  25  0.356  25  0.736   8  0.639   0.466 Y  0.450      SignalP-TM
3300027606.a:Ga0209370_1000005_345  0.175  17  0.376  17  0.917  13  0.824   0.618 Y  0.450      SignalP-noTM
3300027606.a:Ga0209370_1000005_345  0.416  26  0.547  26  0.808  24  0.691   0.603 Y  0.450      SignalP-TM
3300027606.a:Ga0209370_1000005_348  0.408  42  0.527  42  0.900  27  0.675   0.585 Y  0.450      SignalP-TM
3300027606.a:Ga0209370_1000005_358  0.362  22  0.449  22  0.687   4  0.576   0.499 Y  0.450      SignalP-TM
3300027606.a:Ga0209370_1000005_36  0.198  46  0.366  46  0.814  42  0.582   0.450 Y  0.450      SignalP-TM
3300027606.a:Ga0209370_1000005_389  0.216  59  0.383  27  0.970  17  0.860   0.607 Y  0.570      SignalP-noTM
3300027606.a:Ga0209370_1000005_389  0.225  36  0.427  36  0.896  25  0.725   0.543 Y  0.450      SignalP-TM
3300027606.a:Ga0209370_1000005_391  0.378  46  0.549  46  0.891  39  0.533   0.543 Y  0.450      SignalP-TM
3300027606.a:Ga0209370_1000005_402  0.498  28  0.671  28  0.968  19  0.903   0.796 Y  0.450      SignalP-noTM
3300027606.a:Ga0209370_1000005_402  0.568  42  0.638  28  0.974  20  0.944   0.758 Y  0.450      SignalP-TM
3300027606.a:Ga0209370_1000005_402  0.747  28  0.843  28  0.988  22  0.955   0.896 Y  0.570      SignalP-noTM
3300027606.a:Ga0209370_1000005_404  0.144  18  0.351  18  0.925  17  0.860   0.591 Y  0.570      SignalP-noTM
3300027606.a:Ga0209370_1000005_404  0.226  29  0.419  19  0.913  17  0.822   0.576 Y  0.450      SignalP-TM
3300027606.a:Ga0209370_1000005_404  0.299  19  0.518  19  0.933  11  0.894   0.721 Y  0.450      SignalP-noTM
3300027606.a:Ga0209370_1000005_41  0.429  17  0.560  17  0.815   4  0.739   0.632 Y  0.500      SignalP-TM
3300027606.a:Ga0209370_1000005_442  0.650  32  0.744  32  0.902  24  0.788   0.761 Y  0.450      SignalP-TM
3300027606.a:Ga0209370_1000005_442  0.779  33  0.849  33  0.984  20  0.922   0.889 Y  0.450      SignalP-noTM
3300027606.a:Ga0209370_1000005_442  0.863  32  0.907  32  0.976  25  0.908   0.908 Y  0.570      SignalP-noTM
3300027606.a:Ga0209370_1000005_460  0.559  26  0.722  26  0.951  17  0.827   0.763 Y  0.450      SignalP-TM
3300027606.a:Ga0209370_1000005_460  0.643  26  0.724  26  0.970  18  0.829   0.773 Y  0.570      SignalP-noTM
3300027606.a:Ga0209370_1000005_460  0.810  26  0.829  26  0.969  14  0.855   0.843 Y  0.450      SignalP-noTM
3300027606.a:Ga0209370_1000005_475  0.465  23  0.494  23  0.766  17  0.526   0.512 Y  0.450      SignalP-noTM
3300027606.a:Ga0209370_1000005_48  0.407  34  0.568  34  0.930  14  0.765   0.674 Y  0.450      SignalP-noTM
3300027606.a:Ga0209370_1000005_48  0.623  34  0.756  34  0.969  17  0.912   0.817 Y  0.450      SignalP-TM
3300027606.a:Ga0209370_1000005_48  0.648  34  0.769  34  0.990  21  0.920   0.840 Y  0.570      SignalP-noTM
3300027606.a:Ga0209370_1000005_504  0.265  43  0.386  43  0.739  35  0.558   0.453 Y  0.450      SignalP-TM
3300027606.a:Ga0209370_1000005_517  0.330  32  0.520  32  0.908  13  0.790   0.666 Y  0.450      SignalP-noTM
3300027606.a:Ga0209370_1000005_517  0.405  41  0.509  32  0.974  17  0.901   0.693 Y  0.570      SignalP-noTM
3300027606.a:Ga0209370_1000005_517  0.523  41  0.565  41  0.943   2  0.791   0.653 Y  0.450      SignalP-TM
3300027606.a:Ga0209370_1000005_533  0.662  24  0.668  24  0.888   1  0.683   0.676 Y  0.450      SignalP-noTM
3300027606.a:Ga0209370_1000005_534  0.408  63  0.410  19  0.895   7  0.819   0.569 Y  0.450      SignalP-TM
3300027606.a:Ga0209370_1000005_539  0.723  18  0.825  18  0.969  10  0.941   0.887 Y  0.450      SignalP-noTM
3300027606.a:Ga0209370_1000005_573  0.643  39  0.644  39  0.810  28  0.577   0.618 Y  0.450      SignalP-TM
3300027606.a:Ga0209370_1000005_580  0.166  35  0.335  22  0.875   1  0.819   0.524 Y  0.450      SignalP-TM
3300027606.a:Ga0209370_1000005_580  0.259  22  0.445  22  0.868  15  0.763   0.617 Y  0.450      SignalP-noTM
3300027606.a:Ga0209370_1000005_586  0.761  31  0.821  31  0.945  18  0.903   0.853 Y  0.450      SignalP-TM
3300027606.a:Ga0209370_1000005_586  0.828  31  0.817  31  0.907  17  0.811   0.814 Y  0.450      SignalP-noTM
3300027606.a:Ga0209370_1000005_586  0.854  31  0.868  31  0.967  21  0.916   0.891 Y  0.570      SignalP-noTM
3300027606.a:Ga0209370_1000005_595  0.167  25  0.326  25  0.808   8  0.685   0.466 Y  0.450      SignalP-TM
3300027606.a:Ga0209370_1000005_595  0.215  25  0.399  25  0.955   2  0.803   0.589 Y  0.570      SignalP-noTM
3300027606.a:Ga0209370_1000005_595  0.704  25  0.808  25  0.978   6  0.926   0.871 Y  0.450      SignalP-noTM
3300027606.a:Ga0209370_1000005_612  0.170  35  0.370  31  0.972  15  0.905   0.579 Y  0.450      SignalP-TM
3300027606.a:Ga0209370_1000005_612  0.341  31  0.478  31  0.834  13  0.705   0.562 Y  0.510      SignalP-TM
3300027606.a:Ga0209370_1000005_614  0.192  25  0.358  25  0.889   3  0.681   0.532 Y  0.450      SignalP-noTM
3300027606.a:Ga0209370_1000005_619  0.181  23  0.336  23  0.811   9  0.621   0.490 Y  0.450      SignalP-noTM
3300027606.a:Ga0209370_1000005_623  0.470  24  0.496  24  0.794   8  0.603   0.539 Y  0.500      SignalP-TM
3300027606.a:Ga0209370_1000005_624  0.380  42  0.429  42  0.825  12  0.608   0.499 Y  0.450      SignalP-TM
3300027606.a:Ga0209370_1000005_629  0.133  32  0.272  15  0.798   6  0.750   0.458 Y  0.450      SignalP-TM
3300027606.a:Ga0209370_1000005_633  0.444  20  0.484  20  0.659  17  0.537   0.505 Y  0.450      SignalP-TM
3300027606.a:Ga0209370_1000005_633  0.795  18  0.878  18  0.987   9  0.966   0.925 Y  0.450      SignalP-noTM
3300027606.a:Ga0209370_1000005_651  0.236  39  0.426  17  0.992  16  0.963   0.678 Y  0.570      SignalP-noTM
3300027606.a:Ga0209370_1000005_651  0.312  22  0.500  22  0.857   8  0.793   0.617 Y  0.500      SignalP-TM
3300027606.a:Ga0209370_1000005_651  0.471  39  0.555  39  0.922   9  0.791   0.647 Y  0.450      SignalP-TM
3300027606.a:Ga0209370_1000005_652  0.303  36  0.399  36  0.940   6  0.696   0.515 Y  0.450      SignalP-TM
3300027606.a:Ga0209370_1000005_653  0.343  31  0.543  31  0.968  17  0.873   0.721 Y  0.450      SignalP-noTM
3300027606.a:Ga0209370_1000005_653  0.435  31  0.636  31  0.993  20  0.949   0.783 Y  0.570      SignalP-noTM
3300027606.a:Ga0209370_1000005_653  0.615  31  0.766  31  0.975  15  0.956   0.840 Y  0.450      SignalP-TM
3300027606.a:Ga0209370_1000005_66  0.358  19  0.582  19  0.962  17  0.949   0.755 Y  0.570      SignalP-noTM
3300027606.a:Ga0209370_1000005_66  0.401  24  0.596  24  0.963  15  0.886   0.752 Y  0.450      SignalP-noTM
3300027606.a:Ga0209370_1000005_66  0.401  33  0.510  33  0.964  18  0.811   0.628 Y  0.450      SignalP-TM
3300027606.a:Ga0209370_1000005_677  0.228  21  0.440  21  0.905  17  0.852   0.663 Y  0.450      SignalP-noTM
3300027606.a:Ga0209370_1000005_677  0.327  21  0.535  21  0.912  16  0.861   0.662 Y  0.450      SignalP-TM
3300027606.a:Ga0209370_1000005_677  0.705  21  0.773  21  0.914   4  0.867   0.817 Y  0.570      SignalP-noTM
3300027606.a:Ga0209370_1000005_695  0.137  23  0.350  23  0.932  13  0.866   0.551 Y  0.450      SignalP-TM
3300027606.a:Ga0209370_1000005_695  0.517  20  0.709  20  0.984  12  0.965   0.829 Y  0.570      SignalP-noTM
3300027606.a:Ga0209370_1000005_695  0.835  21  0.897  21  0.989  12  0.966   0.934 Y  0.450      SignalP-noTM
3300027606.a:Ga0209370_1000005_718  0.451  19  0.530  19  0.859   4  0.661   0.583 Y  0.500      SignalP-TM
3300027606.a:Ga0209370_1000005_724  0.504  35  0.662  35  0.944  20  0.893   0.752 Y  0.450      SignalP-TM
3300027606.a:Ga0209370_1000005_724  0.673  35  0.757  35  0.969  21  0.831   0.797 Y  0.450      SignalP-noTM
3300027606.a:Ga0209370_1000005_724  0.675  30  0.796  30  0.967  23  0.904   0.847 Y  0.570      SignalP-noTM
3300027606.a:Ga0209370_1000005_732  0.296  36  0.399  36  0.710  20  0.535   0.452 Y  0.450      SignalP-TM
3300027606.a:Ga0209370_1000005_739  0.647  23  0.783  23  0.969  19  0.934   0.842 Y  0.450      SignalP-TM
3300027606.a:Ga0209370_1000005_739  0.752  23  0.837  23  0.976   7  0.931   0.888 Y  0.450      SignalP-noTM
3300027606.a:Ga0209370_1000005_739  0.771  23  0.861  23  0.981   7  0.966   0.910 Y  0.570      SignalP-noTM
3300027606.a:Ga0209370_1000005_740  0.599  37  0.479  37  0.790   2  0.471   0.476 Y  0.450      SignalP-TM
3300027606.a:Ga0209370_1000005_747  0.318  36  0.470  36  0.992  17  0.863   0.655 Y  0.570      SignalP-noTM
3300027606.a:Ga0209370_1000005_747  0.331  35  0.523  35  0.952  11  0.888   0.665 Y  0.450      SignalP-TM
3300027606.a:Ga0209370_1000005_747  0.343  35  0.515  35  0.954  20  0.793   0.665 Y  0.450      SignalP-noTM
3300027606.a:Ga0209370_1000005_755  0.666  40  0.655  40  0.808  26  0.582   0.626 Y  0.450      SignalP-TM
3300027606.a:Ga0209370_1000005_758  0.357  38  0.461  38  0.899  24  0.736   0.568 Y  0.450      SignalP-TM
3300027606.a:Ga0209370_1000005_763  0.178  39  0.379  25  0.916   3  0.881   0.615 Y  0.570      SignalP-noTM
3300027606.a:Ga0209370_1000005_763  0.249  26  0.471  26  0.957  15  0.893   0.699 Y  0.450      SignalP-noTM
3300027606.a:Ga0209370_1000005_763  0.289  38  0.390  32  0.825  16  0.705   0.513 Y  0.450      SignalP-TM
3300027606.a:Ga0209370_1000005_777  0.653  19  0.608  19  0.722   4  0.561   0.583 Y  0.450      SignalP-noTM
3300027606.a:Ga0209370_1000005_779  0.177  22  0.398  22  0.970  10  0.918   0.642 Y  0.570      SignalP-noTM
3300027606.a:Ga0209370_1000005_779  0.187  29  0.341  29  0.927   4  0.763   0.505 Y  0.450      SignalP-TM
3300027606.a:Ga0209370_1000005_779  0.224  24  0.418  24  0.928   4  0.784   0.615 Y  0.450      SignalP-noTM
3300027606.a:Ga0209370_1000005_79  0.303  36  0.433  36  0.698  22  0.511   0.463 Y  0.450      SignalP-TM
3300027606.a:Ga0209370_1000005_792  0.621  19  0.506  19  0.683  18  0.441   0.481 Y  0.450      SignalP-TM
3300027606.a:Ga0209370_1000005_796  0.387  29  0.421  29  0.722  20  0.543   0.469 Y  0.450      SignalP-TM
3300027606.a:Ga0209370_1000005_805  0.203  33  0.413  24  0.941  16  0.889   0.670 Y  0.450      SignalP-noTM
3300027606.a:Ga0209370_1000005_805  0.260  33  0.383  33  0.901  18  0.723   0.516 Y  0.450      SignalP-TM
3300027606.a:Ga0209370_1000005_805  0.308  33  0.350  21  0.959   3  0.914   0.615 Y  0.570      SignalP-noTM
3300027606.a:Ga0209370_1000005_814  0.133  29  0.328  29  0.898  23  0.644   0.451 Y  0.450      SignalP-TM
3300027606.a:Ga0209370_1000005_814  0.606  32  0.698  32  0.898  26  0.687   0.693 Y  0.500      SignalP-TM
3300027606.a:Ga0209370_1000005_897  0.405  45  0.491  45  0.779  39  0.484   0.488 Y  0.450      SignalP-TM
3300027606.a:Ga0209370_1000005_914  0.285  32  0.476  32  0.965  16  0.870   0.630 Y  0.450      SignalP-TM
3300027606.a:Ga0209370_1000005_914  0.402  32  0.523  32  0.971   6  0.756   0.649 Y  0.450      SignalP-noTM
3300027606.a:Ga0209370_1000005_914  0.411  23  0.624  23  0.974  10  0.952   0.778 Y  0.570      SignalP-noTM
3300027606.a:Ga0209370_1000005_917  0.174  31  0.285  13  0.857   8  0.825   0.495 Y  0.450      SignalP-TM
3300027606.a:Ga0209370_1000005_917  0.184  22  0.383  22  0.924   3  0.828   0.561 Y  0.500      SignalP-TM
3300027606.a:Ga0209370_1000005_935  0.291  32  0.432  26  0.973  21  0.933   0.668 Y  0.570      SignalP-noTM
3300027606.a:Ga0209370_1000005_935  0.334  25  0.552  25  0.960  16  0.913   0.747 Y  0.450      SignalP-noTM
3300027606.a:Ga0209370_1000005_935  0.397  32  0.569  32  0.959  21  0.875   0.688 Y  0.450      SignalP-TM
3300027606.a:Ga0209370_1000005_939  0.524  20  0.516  20  0.725  18  0.495   0.507 Y  0.500      SignalP-TM
3300027606.a:Ga0209370_1000005_940  0.193  25  0.417  20  0.972  10  0.950   0.667 Y  0.570      SignalP-noTM
3300027606.a:Ga0209370_1000005_940  0.308  32  0.441  32  0.926   6  0.785   0.575 Y  0.450      SignalP-TM
3300027606.a:Ga0209370_1000005_940  0.338  25  0.545  25  0.968  14  0.883   0.728 Y  0.450      SignalP-noTM
3300027606.a:Ga0209370_1000005_954  0.272  29  0.462  29  0.970  17  0.859   0.617 Y  0.450      SignalP-TM
3300027606.a:Ga0209370_1000005_954  0.381  23  0.575  23  0.954  15  0.868   0.733 Y  0.450      SignalP-noTM
3300027606.a:Ga0209370_1000005_954  0.568  21  0.725  21  0.967  20  0.924   0.819 Y  0.570      SignalP-noTM
3300027606.a:Ga0209370_1000005_959  0.819  30  0.734  30  0.835  29  0.521   0.649 Y  0.500      SignalP-TM
3300027606.a:Ga0209370_1000005_962  0.245  21  0.468  21  0.951   3  0.912   0.677 Y  0.570      SignalP-noTM
3300027606.a:Ga0209370_1000005_962  0.367  25  0.553  25  0.924  15  0.838   0.707 Y  0.450      SignalP-noTM
3300027606.a:Ga0209370_1000005_962  0.414  32  0.493  32  0.898   4  0.735   0.587 Y  0.450      SignalP-TM
3300027606.a:Ga0209370_1000005_978  0.249  18  0.418  18  0.844   3  0.728   0.539 Y  0.450      SignalP-TM
3300027606.a:Ga0209370_1000005_979  0.282  23  0.509  23  0.984  13  0.919   0.730 Y  0.450      SignalP-noTM
3300027606.a:Ga0209370_1000007_10  0.137  48  0.287  13  0.879   6  0.812   0.492 Y  0.450      SignalP-TM
3300027606.a:Ga0209370_1000007_106  0.159  19  0.361  19  0.892   9  0.847   0.623 Y  0.450      SignalP-noTM
3300027606.a:Ga0209370_1000007_106  0.178  24  0.372  24  0.866   9  0.798   0.572 Y  0.570      SignalP-noTM
3300027606.a:Ga0209370_1000007_106  0.179  43  0.322  25  0.807  16  0.697   0.468 Y  0.450      SignalP-TM
3300027606.a:Ga0209370_1000007_126  0.311  28  0.508  28  0.984  16  0.891   0.688 Y  0.570      SignalP-noTM
3300027606.a:Ga0209370_1000007_126  0.333  47  0.502  33  0.981  16  0.909   0.661 Y  0.450      SignalP-TM
3300027606.a:Ga0209370_1000007_126  0.475  21  0.656  21  0.936  18  0.907   0.791 Y  0.450      SignalP-noTM
3300027606.a:Ga0209370_1000007_132  0.199  22  0.420  22  0.963   3  0.885   0.671 Y  0.450      SignalP-noTM
3300027606.a:Ga0209370_1000007_132  0.204  25  0.387  23  0.870  18  0.770   0.537 Y  0.450      SignalP-TM
3300027606.a:Ga0209370_1000007_132  0.276  23  0.481  23  0.935   2  0.866   0.662 Y  0.570      SignalP-noTM
3300027606.a:Ga0209370_1000007_173  0.229  56  0.414  32  0.962   7  0.836   0.642 Y  0.450      SignalP-noTM
3300027606.a:Ga0209370_1000007_173  0.324  32  0.529  27  0.992  15  0.968   0.736 Y  0.570      SignalP-noTM
3300027606.a:Ga0209370_1000007_173  0.379  55  0.505  27  0.957  25  0.939   0.675 Y  0.450      SignalP-TM
3300027606.a:Ga0209370_1000007_182  0.564  17  0.601  17  0.770  13  0.651   0.621 Y  0.500      SignalP-TM
3300027606.a:Ga0209370_1000007_186  0.315  37  0.500  31  0.955  25  0.777   0.650 Y  0.450      SignalP-noTM
3300027606.a:Ga0209370_1000007_194  0.602  23  0.699  23  0.936  11  0.813   0.760 Y  0.450      SignalP-noTM
3300027606.a:Ga0209370_1000007_194  0.817  23  0.765  23  0.872   4  0.746   0.758 Y  0.450      SignalP-TM
3300027606.a:Ga0209370_1000007_194  0.872  23  0.877  23  0.932  10  0.891   0.883 Y  0.570      SignalP-noTM
3300027606.a:Ga0209370_1000007_201  0.249  37  0.395  37  0.746   5  0.638   0.490 Y  0.450      SignalP-TM
3300027606.a:Ga0209370_1000007_208  0.326  33  0.407  33  0.774   8  0.600   0.482 Y  0.450      SignalP-TM
3300027606.a:Ga0209370_1000007_219  0.338  18  0.414  18  0.707   1  0.547   0.466 Y  0.450      SignalP-TM
3300027606.a:Ga0209370_1000007_219  0.681  19  0.631  19  0.735   2  0.604   0.620 Y  0.500      SignalP-TM
3300027606.a:Ga0209370_1000007_223  0.159  28  0.357  23  0.933  15  0.874   0.636 Y  0.450      SignalP-noTM
3300027606.a:Ga0209370_1000007_223  0.397  30  0.512  30  0.968  19  0.815   0.655 Y  0.570      SignalP-noTM
3300027606.a:Ga0209370_1000007_223  0.799  30  0.798  30  0.951  19  0.837   0.813 Y  0.450      SignalP-TM
3300027606.a:Ga0209370_1000007_225  0.216  58  0.318  17  0.816   3  0.674   0.457 Y  0.450      SignalP-TM
3300027606.a:Ga0209370_1000007_232  0.274  30  0.347  30  0.879   9  0.635   0.459 Y  0.450      SignalP-TM
3300027606.a:Ga0209370_1000007_233  0.334  17  0.432  17  0.759  16  0.556   0.499 Y  0.450      SignalP-noTM
3300027606.a:Ga0209370_1000007_278  0.377  32  0.473  32  0.789  16  0.562   0.508 Y  0.450      SignalP-TM
3300027606.a:Ga0209370_1000007_282  0.322  29  0.538  29  0.945  17  0.897   0.678 Y  0.450      SignalP-TM
3300027606.a:Ga0209370_1000007_282  0.392  31  0.520  31  0.875  21  0.706   0.621 Y  0.450      SignalP-noTM
3300027606.a:Ga0209370_1000007_282  0.501  29  0.668  29  0.937  26  0.885   0.770 Y  0.570      SignalP-noTM
3300027606.a:Ga0209370_1000007_284  0.239  27  0.363  27  0.777   1  0.572   0.476 Y  0.450      SignalP-noTM
3300027606.a:Ga0209370_1000007_285  0.346  37  0.543  37  0.882  30  0.692   0.601 Y  0.450      SignalP-TM
3300027606.a:Ga0209370_1000007_285  0.354  37  0.570  37  0.965  27  0.823   0.706 Y  0.450      SignalP-noTM
3300027606.a:Ga0209370_1000007_285  0.502  37  0.689  37  0.983  28  0.824   0.753 Y  0.570      SignalP-noTM
3300027606.a:Ga0209370_1000007_29  0.299  39  0.437  39  0.736  31  0.545   0.479 Y  0.450      SignalP-TM
3300027606.a:Ga0209370_1000007_300  0.308  26  0.516  26  0.937  18  0.826   0.637 Y  0.450      SignalP-TM
3300027606.a:Ga0209370_1000007_300  0.521  28  0.625  28  0.908  16  0.748   0.691 Y  0.450      SignalP-noTM
3300027606.a:Ga0209370_1000007_300  0.765  26  0.836  26  0.978  14  0.919   0.875 Y  0.570      SignalP-noTM
3300027606.a:Ga0209370_1000007_301  0.217  17  0.443  17  0.958  14  0.925   0.704 Y  0.450      SignalP-noTM
3300027606.a:Ga0209370_1000007_301  0.264  26  0.465  23  0.893   9  0.836   0.610 Y  0.450      SignalP-TM
3300027606.a:Ga0209370_1000007_301  0.725  23  0.833  23  0.979  10  0.951   0.888 Y  0.570      SignalP-noTM
3300027606.a:Ga0209370_1000007_314  0.463  37  0.518  37  0.884  21  0.606   0.553 Y  0.450      SignalP-TM
3300027606.a:Ga0209370_1000007_32  0.145  39  0.281  13  0.833  10  0.782   0.476 Y  0.450      SignalP-TM
3300027606.a:Ga0209370_1000007_328  0.558  41  0.630  41  0.868  34  0.569   0.606 Y  0.450      SignalP-TM
3300027606.a:Ga0209370_1000007_337  0.286  23  0.516  23  0.969  16  0.931   0.740 Y  0.450      SignalP-noTM
3300027606.a:Ga0209370_1000007_385  0.294  22  0.531  22  0.991   4  0.960   0.763 Y  0.450      SignalP-noTM
3300027606.a:Ga0209370_1000007_390  0.284  19  0.467  19  0.893  13  0.778   0.635 Y  0.450      SignalP-noTM
3300027606.a:Ga0209370_1000007_392  0.161  29  0.274  15  0.802   6  0.742   0.457 Y  0.450      SignalP-TM
3300027606.a:Ga0209370_1000007_398  0.450  40  0.500  40  0.707  30  0.393   0.458 Y  0.450      SignalP-TM
3300027606.a:Ga0209370_1000007_407  0.369  25  0.583  25  0.989  12  0.924   0.767 Y  0.450      SignalP-noTM
3300027606.a:Ga0209370_1000007_407  0.475  28  0.471  28  0.735   3  0.567   0.509 Y  0.450      SignalP-TM
3300027606.a:Ga0209370_1000007_429  0.250  25  0.482  25  0.977  11  0.935   0.695 Y  0.570      SignalP-noTM
3300027606.a:Ga0209370_1000007_429  0.266  24  0.499  24  0.959  15  0.927   0.666 Y  0.450      SignalP-TM
3300027606.a:Ga0209370_1000007_429  0.371  25  0.574  25  0.961   7  0.890   0.745 Y  0.450      SignalP-noTM
3300027606.a:Ga0209370_1000007_430  0.274  42  0.449  42  0.834  34  0.560   0.492 Y  0.450      SignalP-TM
3300027606.a:Ga0209370_1000007_434  0.234  22  0.358  22  0.799   1  0.537   0.455 Y  0.450      SignalP-noTM
3300027606.a:Ga0209370_1000007_446  0.285  51  0.378  34  0.735  27  0.586   0.459 Y  0.450      SignalP-TM
3300027606.a:Ga0209370_1000007_446  0.671  23  0.691  23  0.900   6  0.767   0.722 Y  0.500      SignalP-TM
3300027606.a:Ga0209370_1000007_457  0.768  24  0.868  24  0.995  14  0.979   0.928 Y  0.450      SignalP-noTM
3300027606.a:Ga0209370_1000007_457  0.848  26  0.894  26  0.965  22  0.898   0.896 Y  0.450      SignalP-TM
3300027606.a:Ga0209370_1000007_457  0.849  26  0.911  26  0.994  14  0.974   0.940 Y  0.570      SignalP-noTM
3300027606.a:Ga0209370_1000007_462  0.187  35  0.355  29  0.837  25  0.728   0.501 Y  0.450      SignalP-TM
3300027606.a:Ga0209370_1000007_462  0.223  23  0.444  23  0.936  15  0.881   0.680 Y  0.450      SignalP-noTM
3300027606.a:Ga0209370_1000007_467  0.172  31  0.345  31  0.855  11  0.763   0.508 Y  0.450      SignalP-TM
3300027606.a:Ga0209370_1000007_467  0.198  26  0.431  26  0.974  21  0.923   0.697 Y  0.450      SignalP-noTM
3300027606.a:Ga0209370_1000007_467  0.288  31  0.512  31  0.978  21  0.922   0.705 Y  0.570      SignalP-noTM
3300027606.a:Ga0209370_1000007_470  0.419  38  0.400  38  0.852   7  0.608   0.481 Y  0.450      SignalP-TM
3300027606.a:Ga0209370_1000007_470  0.620  32  0.572  32  0.696  15  0.486   0.538 Y  0.500      SignalP-TM
3300027606.a:Ga0209370_1000007_478  0.169  37  0.330  30  0.886   1  0.763   0.499 Y  0.450      SignalP-TM
3300027606.a:Ga0209370_1000007_478  0.182  23  0.389  23  0.905  21  0.852   0.606 Y  0.570      SignalP-noTM
3300027606.a:Ga0209370_1000007_478  0.470  23  0.638  23  0.903  15  0.866   0.761 Y  0.450      SignalP-noTM
3300027606.a:Ga0209370_1000007_492  0.670  31  0.575  31  0.703  26  0.502   0.545 Y  0.500      SignalP-TM
3300027606.a:Ga0209370_1000007_532  0.180  37  0.367  19  0.913  14  0.832   0.548 Y  0.450      SignalP-TM
3300027606.a:Ga0209370_1000007_532  0.233  19  0.473  19  0.982  17  0.948   0.696 Y  0.570      SignalP-noTM
3300027606.a:Ga0209370_1000007_532  0.653  22  0.787  22  0.982  14  0.949   0.875 Y  0.450      SignalP-noTM
3300027606.a:Ga0209370_1000007_535  0.337  43  0.522  43  0.932  30  0.544   0.530 Y  0.450      SignalP-TM
3300027606.a:Ga0209370_1000007_535  0.685  47  0.688  47  0.943  32  0.518   0.608 Y  0.570      SignalP-noTM
3300027606.a:Ga0209370_1000007_546  0.730  21  0.677  21  0.794  19  0.620   0.646 Y  0.450      SignalP-noTM
3300027606.a:Ga0209370_1000007_556  0.636  33  0.673  33  0.803  26  0.617   0.652 Y  0.510      SignalP-TM
3300027606.a:Ga0209370_1000007_556  0.647  33  0.748  33  0.912  32  0.841   0.784 Y  0.450      SignalP-TM
3300027606.a:Ga0209370_1000007_556  0.691  33  0.805  33  0.990  23  0.933   0.874 Y  0.450      SignalP-noTM
3300027606.a:Ga0209370_1000007_574  0.597  29  0.567  21  0.741   6  0.669   0.608 Y  0.500      SignalP-TM
3300027606.a:Ga0209370_1000007_599  0.440  20  0.638  20  0.972   7  0.922   0.791 Y  0.450      SignalP-noTM
3300027606.a:Ga0209370_1000007_599  0.476  19  0.565  19  0.776   5  0.698   0.617 Y  0.450      SignalP-TM
3300027606.a:Ga0209370_1000007_601  0.291  25  0.491  25  0.945   5  0.836   0.677 Y  0.450      SignalP-noTM
3300027606.a:Ga0209370_1000007_601  0.299  32  0.441  23  0.950   6  0.915   0.664 Y  0.570      SignalP-noTM
3300027606.a:Ga0209370_1000007_601  0.339  32  0.469  32  0.824  16  0.724   0.568 Y  0.450      SignalP-TM
3300027606.a:Ga0209370_1000007_63  0.257  59  0.405  50  0.921  42  0.716   0.526 Y  0.450      SignalP-TM
3300027606.a:Ga0209370_1000007_634  0.189  30  0.322  23  0.900   6  0.764   0.495 Y  0.450      SignalP-TM
3300027606.a:Ga0209370_1000007_634  0.431  25  0.472  25  0.854   7  0.623   0.532 Y  0.500      SignalP-TM
3300027606.a:Ga0209370_1000007_642  0.253  26  0.469  26  0.947  18  0.805   0.600 Y  0.450      SignalP-TM
3300027606.a:Ga0209370_1000007_642  0.381  29  0.551  22  0.947   8  0.908   0.744 Y  0.450      SignalP-noTM
3300027606.a:Ga0209370_1000007_642  0.393  29  0.556  29  0.981  21  0.870   0.703 Y  0.570      SignalP-noTM
3300027606.a:Ga0209370_1000007_649  0.277  21  0.508  21  0.979  15  0.935   0.738 Y  0.450      SignalP-noTM
3300027606.a:Ga0209370_1000007_649  0.287  27  0.391  27  0.801  12  0.624   0.482 Y  0.450      SignalP-TM
3300027606.a:Ga0209370_1000007_649  0.388  21  0.603  21  0.957  13  0.924   0.754 Y  0.570      SignalP-noTM
3300027606.a:Ga0209370_1000007_655  0.222  20  0.449  20  0.959   7  0.923   0.705 Y  0.450      SignalP-noTM
3300027606.a:Ga0209370_1000007_655  0.302  32  0.447  32  0.863  15  0.734   0.559 Y  0.450      SignalP-TM
3300027606.a:Ga0209370_1000007_655  0.421  32  0.504  32  0.966  14  0.805   0.645 Y  0.570      SignalP-noTM
3300027606.a:Ga0209370_1000007_656  0.200  31  0.413  31  0.916  24  0.833   0.610 Y  0.570      SignalP-noTM
3300027606.a:Ga0209370_1000007_656  0.304  42  0.387  42  0.885  17  0.707   0.512 Y  0.450      SignalP-TM
3300027606.a:Ga0209370_1000007_656  0.353  33  0.505  33  0.870  20  0.680   0.599 Y  0.450      SignalP-noTM
3300027606.a:Ga0209370_1000007_66  0.227  43  0.276  15  0.788   2  0.735   0.455 Y  0.450      SignalP-TM
3300027606.a:Ga0209370_1000007_660  0.246  21  0.459  21  0.942  19  0.878   0.685 Y  0.450      SignalP-noTM
3300027606.a:Ga0209370_1000007_660  0.691  32  0.772  32  0.984  18  0.917   0.840 Y  0.570      SignalP-noTM
3300027606.a:Ga0209370_1000007_660  0.738  32  0.802  32  0.960  23  0.877   0.831 Y  0.450      SignalP-TM
3300027606.a:Ga0209370_1000007_671  0.192  55  0.274  13  0.786   4  0.731   0.452 Y  0.450      SignalP-TM
3300027606.a:Ga0209370_1000007_679  0.348  32  0.499  32  0.956  19  0.760   0.640 Y  0.450      SignalP-noTM
3300027606.a:Ga0209370_1000007_679  0.687  32  0.795  32  0.986  17  0.936   0.850 Y  0.450      SignalP-TM
3300027606.a:Ga0209370_1000007_679  0.691  32  0.722  32  0.976  22  0.868   0.791 Y  0.570      SignalP-noTM
3300027606.a:Ga0209370_1000007_68  0.369  26  0.535  26  0.891  22  0.742   0.616 Y  0.450      SignalP-TM
3300027606.a:Ga0209370_1000007_68  0.390  26  0.582  26  0.983   8  0.917   0.739 Y  0.570      SignalP-noTM
3300027606.a:Ga0209370_1000007_68  0.762  26  0.837  26  0.990  12  0.925   0.885 Y  0.450      SignalP-noTM
3300027606.a:Ga0209370_1000007_69  0.270  21  0.494  21  0.952  15  0.903   0.715 Y  0.450      SignalP-noTM
3300027606.a:Ga0209370_1000007_69  0.272  22  0.472  22  0.900  15  0.815   0.633 Y  0.570      SignalP-noTM
3300027606.a:Ga0209370_1000007_69  0.330  32  0.403  22  0.842  18  0.711   0.523 Y  0.450      SignalP-TM
3300027606.a:Ga0209370_1000007_698  0.179  26  0.371  26  0.891  10  0.747   0.574 Y  0.450      SignalP-noTM
3300027606.a:Ga0209370_1000007_698  0.215  21  0.448  21  0.962  13  0.930   0.636 Y  0.450      SignalP-TM
3300027606.a:Ga0209370_1000007_698  0.258  28  0.485  28  0.973  17  0.921   0.690 Y  0.570      SignalP-noTM
3300027606.a:Ga0209370_1000007_722  0.227  24  0.466  24  0.992  19  0.953   0.729 Y  0.450      SignalP-noTM
3300027606.a:Ga0209370_1000007_722  0.318  35  0.451  35  0.824  34  0.597   0.508 Y  0.450      SignalP-TM
3300027606.a:Ga0209370_1000007_729  0.272  25  0.481  25  0.940   5  0.880   0.637 Y  0.450      SignalP-TM
3300027606.a:Ga0209370_1000007_729  0.277  24  0.489  24  0.932   5  0.865   0.692 Y  0.450      SignalP-noTM
3300027606.a:Ga0209370_1000007_729  0.283  23  0.502  23  0.955   3  0.908   0.693 Y  0.570      SignalP-noTM
3300027606.a:Ga0209370_1000007_734  0.147  52  0.292  25  0.841   7  0.764   0.476 Y  0.450      SignalP-TM
3300027606.a:Ga0209370_1000007_737  0.231  30  0.424  30  0.960  15  0.856   0.592 Y  0.450      SignalP-TM
3300027606.a:Ga0209370_1000007_737  0.293  23  0.508  23  0.939  15  0.882   0.710 Y  0.450      SignalP-noTM
3300027606.a:Ga0209370_1000007_737  0.379  23  0.603  23  0.980  14  0.952   0.767 Y  0.570      SignalP-noTM
3300027606.a:Ga0209370_1000007_750  0.210  37  0.353  37  0.819  23  0.602   0.450 Y  0.450      SignalP-TM
3300027606.a:Ga0209370_1000007_756  0.578  29  0.553  29  0.794   8  0.601   0.572 Y  0.500      SignalP-TM
3300027606.a:Ga0209370_1000007_771  0.293  28  0.448  28  0.880  12  0.754   0.567 Y  0.450      SignalP-TM
3300027606.a:Ga0209370_1000007_786  0.221  27  0.421  27  0.929  20  0.818   0.608 Y  0.570      SignalP-noTM
3300027606.a:Ga0209370_1000007_786  0.292  27  0.464  27  0.847  17  0.722   0.565 Y  0.450      SignalP-TM
3300027606.a:Ga0209370_1000007_786  0.623  25  0.740  25  0.929  15  0.880   0.815 Y  0.450      SignalP-noTM
3300027606.a:Ga0209370_1000007_799  0.289  29  0.512  29  0.965  20  0.906   0.725 Y  0.450      SignalP-noTM
3300027606.a:Ga0209370_1000007_799  0.389  30  0.586  30  0.931  19  0.889   0.704 Y  0.450      SignalP-TM
3300027606.a:Ga0209370_1000007_799  0.542  30  0.695  30  0.969  12  0.924   0.803 Y  0.570      SignalP-noTM
3300027606.a:Ga0209370_1000007_8  0.580  26  0.544  26  0.647  25  0.503   0.528 Y  0.500      SignalP-TM
3300027606.a:Ga0209370_1000007_802  0.249  21  0.480  21  0.947  18  0.928   0.690 Y  0.570      SignalP-noTM
3300027606.a:Ga0209370_1000007_802  0.422  21  0.627  21  0.961  16  0.934   0.793 Y  0.450      SignalP-noTM
3300027606.a:Ga0209370_1000007_802  0.531  32  0.644  32  0.913  15  0.818   0.712 Y  0.450      SignalP-TM
3300027606.a:Ga0209370_1000007_833  0.133  43  0.296  21  0.886  10  0.812   0.497 Y  0.450      SignalP-TM
3300027606.a:Ga0209370_1000007_845  0.573  22  0.723  22  0.962  15  0.916   0.827 Y  0.450      SignalP-noTM
3300027606.a:Ga0209370_1000007_845  0.596  27  0.668  27  0.927  20  0.789   0.725 Y  0.570      SignalP-noTM
3300027606.a:Ga0209370_1000007_845  0.699  27  0.785  27  0.945  21  0.812   0.795 Y  0.450      SignalP-TM
3300027606.a:Ga0209370_1000007_848  0.205  22  0.382  18  0.756   1  0.700   0.554 Y  0.450      SignalP-noTM
3300027606.a:Ga0209370_1000007_86  0.297  42  0.443  40  0.889  32  0.540   0.495 Y  0.450      SignalP-noTM
3300027606.a:Ga0209370_1000007_86  0.534  42  0.664  42  0.968  30  0.715   0.688 Y  0.570      SignalP-noTM
3300027606.a:Ga0209370_1000007_86  0.679  42  0.698  42  0.859  38  0.710   0.703 Y  0.450      SignalP-TM
3300027606.a:Ga0209370_1000007_860  0.452  27  0.518  19  0.804   1  0.661   0.585 Y  0.570      SignalP-noTM
3300027606.a:Ga0209370_1000007_860  0.528  27  0.479  19  0.714   1  0.588   0.538 Y  0.450      SignalP-noTM
3300027606.a:Ga0209370_1000007_882  0.332  19  0.531  19  0.936  17  0.860   0.686 Y  0.570      SignalP-noTM
3300027606.a:Ga0209370_1000007_882  0.372  24  0.551  24  0.894  12  0.818   0.695 Y  0.450      SignalP-noTM
3300027606.a:Ga0209370_1000007_882  0.482  31  0.646  31  0.955  18  0.857   0.728 Y  0.450      SignalP-TM
3300027606.a:Ga0209370_1000007_91  0.204  31  0.426  31  0.951  19  0.909   0.653 Y  0.570      SignalP-noTM
3300027606.a:Ga0209370_1000007_91  0.205  35  0.385  35  0.903  20  0.743   0.578 Y  0.450      SignalP-noTM
3300027606.a:Ga0209370_1000007_91  0.418  31  0.602  31  0.936  15  0.887   0.714 Y  0.450      SignalP-TM
3300027606.a:Ga0209370_1000011_108  0.277  20  0.483  20  0.945   1  0.828   0.670 Y  0.450      SignalP-noTM
3300027606.a:Ga0209370_1000011_129  0.210  28  0.353  28  0.802   4  0.671   0.477 Y  0.450      SignalP-TM
3300027606.a:Ga0209370_1000011_129  0.224  23  0.430  23  0.869   7  0.823   0.642 Y  0.450      SignalP-noTM
3300027606.a:Ga0209370_1000011_13  0.177  20  0.395  20  0.957   4  0.878   0.656 Y  0.450      SignalP-noTM
3300027606.a:Ga0209370_1000011_13  0.276  24  0.445  24  0.899   3  0.791   0.607 Y  0.570      SignalP-noTM
3300027606.a:Ga0209370_1000011_13  0.511  24  0.625  24  0.872   9  0.788   0.689 Y  0.450      SignalP-TM
3300027606.a:Ga0209370_1000011_132  0.255  28  0.497  28  0.991  19  0.963   0.749 Y  0.450      SignalP-noTM
3300027606.a:Ga0209370_1000011_132  0.472  33  0.516  33  0.753  25  0.544   0.527 Y  0.510      SignalP-TM
3300027606.a:Ga0209370_1000011_132  0.669  33  0.752  33  0.911  23  0.825   0.780 Y  0.450      SignalP-TM
3300027606.a:Ga0209370_1000011_143  0.214  26  0.355  26  0.790   3  0.650   0.470 Y  0.450      SignalP-TM
3300027606.a:Ga0209370_1000011_143  0.290  20  0.390  20  0.722  16  0.512   0.456 Y  0.450      SignalP-noTM
3300027606.a:Ga0209370_1000011_170  0.507  32  0.572  32  0.807   6  0.682   0.615 Y  0.450      SignalP-TM
3300027606.a:Ga0209370_1000011_170  0.725  32  0.659  32  0.777  22  0.594   0.633 Y  0.500      SignalP-TM
3300027606.a:Ga0209370_1000011_180  0.291  30  0.459  24  0.958  20  0.899   0.666 Y  0.570      SignalP-noTM
3300027606.a:Ga0209370_1000011_180  0.436  25  0.627  25  0.975  15  0.901   0.775 Y  0.450      SignalP-noTM
3300027606.a:Ga0209370_1000011_180  0.634  30  0.717  30  0.960  18  0.857   0.772 Y  0.450      SignalP-TM
3300027606.a:Ga0209370_1000011_185  0.584  22  0.508  16  0.853   1  0.571   0.533 Y  0.500      SignalP-TM
3300027606.a:Ga0209370_1000011_192  0.277  22  0.481  22  0.900  14  0.836   0.673 Y  0.450      SignalP-noTM
3300027606.a:Ga0209370_1000011_192  0.370  29  0.524  24  0.977  11  0.936   0.718 Y  0.570      SignalP-noTM
3300027606.a:Ga0209370_1000011_192  0.450  29  0.587  26  0.941  11  0.846   0.688 Y  0.450      SignalP-TM
3300027606.a:Ga0209370_1000011_194  0.267  37  0.333  28  0.922   4  0.745   0.494 Y  0.450      SignalP-TM
3300027606.a:Ga0209370_1000011_194  0.313  20  0.543  20  0.969   8  0.945   0.732 Y  0.570      SignalP-noTM
3300027606.a:Ga0209370_1000011_194  0.338  20  0.562  20  0.970  13  0.937   0.764 Y  0.450      SignalP-noTM
3300027606.a:Ga0209370_1000011_20  0.343  20  0.471  20  0.798  15  0.636   0.537 Y  0.500      SignalP-TM
3300027606.a:Ga0209370_1000011_203  0.478  35  0.640  35  0.946  15  0.838   0.747 Y  0.450      SignalP-noTM
3300027606.a:Ga0209370_1000011_203  0.649  35  0.765  35  0.984  17  0.913   0.835 Y  0.570      SignalP-noTM
3300027606.a:Ga0209370_1000011_203  0.710  35  0.747  35  0.938  16  0.830   0.779 Y  0.450      SignalP-TM
3300027606.a:Ga0209370_1000011_204  0.183  22  0.403  22  0.927   1  0.895   0.634 Y  0.570      SignalP-noTM
3300027606.a:Ga0209370_1000011_204  0.400  22  0.606  22  0.952  15  0.917   0.774 Y  0.450      SignalP-noTM
3300027606.a:Ga0209370_1000011_209  0.394  39  0.599  39  0.939  30  0.714   0.644 Y  0.450      SignalP-TM
3300027606.a:Ga0209370_1000011_209  0.529  39  0.609  39  0.815  38  0.434   0.544 Y  0.510      SignalP-TM
3300027606.a:Ga0209370_1000011_222  0.417  31  0.522  31  0.924  17  0.700   0.591 Y  0.450      SignalP-TM
3300027606.a:Ga0209370_1000011_232  0.156  29  0.342  21  0.923   4  0.867   0.589 Y  0.570      SignalP-noTM
3300027606.a:Ga0209370_1000011_232  0.165  25  0.344  25  0.875  10  0.729   0.552 Y  0.450      SignalP-noTM
3300027606.a:Ga0209370_1000011_232  0.222  37  0.331  34  0.911   4  0.740   0.490 Y  0.450      SignalP-TM
3300027606.a:Ga0209370_1000011_244  0.377  29  0.422  29  0.694  17  0.538   0.467 Y  0.450      SignalP-TM
3300027606.a:Ga0209370_1000011_26  0.185  35  0.365  35  0.797  25  0.632   0.469 Y  0.450      SignalP-TM
3300027606.a:Ga0209370_1000011_260  0.182  24  0.386  24  0.944  19  0.850   0.604 Y  0.570      SignalP-noTM
3300027606.a:Ga0209370_1000011_260  0.281  23  0.438  23  0.767  19  0.680   0.532 Y  0.450      SignalP-TM
3300027606.a:Ga0209370_1000011_260  0.365  23  0.569  23  0.948   5  0.886   0.740 Y  0.450      SignalP-noTM
3300027606.a:Ga0209370_1000011_263  0.250  26  0.441  26  0.912  19  0.794   0.579 Y  0.450      SignalP-TM
3300027606.a:Ga0209370_1000011_263  0.252  26  0.467  24  0.942  22  0.896   0.668 Y  0.570      SignalP-noTM
3300027606.a:Ga0209370_1000011_263  0.620  24  0.731  24  0.911  14  0.864   0.803 Y  0.450      SignalP-noTM
3300027606.a:Ga0209370_1000011_265  0.292  33  0.455  33  0.986  15  0.862   0.646 Y  0.570      SignalP-noTM
3300027606.a:Ga0209370_1000011_265  0.354  33  0.535  33  0.952  16  0.863   0.663 Y  0.450      SignalP-TM
3300027606.a:Ga0209370_1000011_269  0.709  17  0.709  17  0.857   1  0.724   0.715 Y  0.500      SignalP-TM
3300027606.a:Ga0209370_1000011_276  0.434  34  0.599  34  0.905  30  0.706   0.642 Y  0.500      SignalP-TM
3300027606.a:Ga0209370_1000011_277  0.264  19  0.406  19  0.822   5  0.655   0.505 Y  0.500      SignalP-TM
3300027606.a:Ga0209370_1000011_284  0.206  29  0.401  29  0.920  13  0.831   0.568 Y  0.450      SignalP-TM
3300027606.a:Ga0209370_1000011_284  0.297  29  0.471  29  0.956   6  0.787   0.641 Y  0.450      SignalP-noTM
3300027606.a:Ga0209370_1000011_284  0.520  29  0.635  29  0.974  11  0.877   0.749 Y  0.570      SignalP-noTM
3300027606.a:Ga0209370_1000011_292  0.206  26  0.396  26  0.943  21  0.813   0.592 Y  0.570      SignalP-noTM
3300027606.a:Ga0209370_1000011_292  0.249  23  0.461  23  0.937  21  0.819   0.601 Y  0.450      SignalP-TM
3300027606.a:Ga0209370_1000011_292  0.432  26  0.587  26  0.943   5  0.811   0.708 Y  0.450      SignalP-noTM
3300027606.a:Ga0209370_1000011_31  0.615  30  0.718  30  0.960  16  0.858   0.793 Y  0.450      SignalP-noTM
3300027606.a:Ga0209370_1000011_31  0.733  30  0.799  30  0.934  21  0.862   0.823 Y  0.450      SignalP-TM
3300027606.a:Ga0209370_1000011_31  0.814  30  0.832  30  0.964   9  0.906   0.867 Y  0.570      SignalP-noTM
3300027606.a:Ga0209370_1000011_314  0.275  38  0.442  22  0.943   1  0.863   0.640 Y  0.570      SignalP-noTM
3300027606.a:Ga0209370_1000011_314  0.335  38  0.351  23  0.835  16  0.725   0.497 Y  0.450      SignalP-TM
3300027606.a:Ga0209370_1000011_314  0.368  21  0.567  21  0.914   4  0.873   0.732 Y  0.450      SignalP-noTM
3300027606.a:Ga0209370_1000011_328  0.345  33  0.365  33  0.784   8  0.588   0.452 Y  0.450      SignalP-TM
3300027606.a:Ga0209370_1000011_329  0.489  29  0.542  29  0.824  14  0.678   0.595 Y  0.450      SignalP-TM
3300027606.a:Ga0209370_1000011_329  0.888  29  0.736  29  0.760  28  0.623   0.691 Y  0.500      SignalP-TM
3300027606.a:Ga0209370_1000011_340  0.194  47  0.352  25  0.951   6  0.879   0.557 Y  0.450      SignalP-TM
3300027606.a:Ga0209370_1000011_340  0.200  25  0.421  25  0.965  21  0.903   0.648 Y  0.570      SignalP-noTM
3300027606.a:Ga0209370_1000011_340  0.408  26  0.598  26  0.959  16  0.880   0.751 Y  0.450      SignalP-noTM
3300027606.a:Ga0209370_1000011_354  0.808  48  0.803  48  0.899  44  0.486   0.679 Y  0.450      SignalP-TM
3300027606.a:Ga0209370_1000011_36  0.167  30  0.371  22  0.899  12  0.823   0.547 Y  0.450      SignalP-TM
3300027606.a:Ga0209370_1000011_36  0.224  23  0.451  23  0.953  20  0.902   0.663 Y  0.570      SignalP-noTM
3300027606.a:Ga0209370_1000011_36  0.246  37  0.399  23  0.901  14  0.799   0.615 Y  0.450      SignalP-noTM
3300027606.a:Ga0209370_1000011_365  0.328  49  0.293  25  0.898   8  0.738   0.466 Y  0.450      SignalP-TM
3300027606.a:Ga0209370_1000011_365  0.429  25  0.636  25  0.973  16  0.942   0.801 Y  0.450      SignalP-noTM
3300027606.a:Ga0209370_1000011_366  0.394  35  0.456  35  0.975  17  0.785   0.611 Y  0.570      SignalP-noTM
3300027606.a:Ga0209370_1000011_366  0.424  28  0.626  28  0.976  19  0.918   0.784 Y  0.450      SignalP-noTM
3300027606.a:Ga0209370_1000011_366  0.577  58  0.461  35  0.965  17  0.834   0.606 Y  0.450      SignalP-TM
3300027606.a:Ga0209370_1000011_368  0.182  25  0.395  25  0.940  20  0.834   0.632 Y  0.450      SignalP-noTM
3300027606.a:Ga0209370_1000011_368  0.285  35  0.397  35  0.910  18  0.736   0.529 Y  0.450      SignalP-TM
3300027606.a:Ga0209370_1000011_368  0.457  25  0.643  25  0.943  20  0.897   0.763 Y  0.570      SignalP-noTM
3300027606.a:Ga0209370_1000011_374  0.382  38  0.455  38  0.897  10  0.699   0.550 Y  0.450      SignalP-TM
3300027606.a:Ga0209370_1000011_38  0.274  20  0.508  20  0.984  17  0.950   0.747 Y  0.450      SignalP-noTM
3300027606.a:Ga0209370_1000011_38  0.546  32  0.664  32  0.989  14  0.906   0.778 Y  0.570      SignalP-noTM
3300027606.a:Ga0209370_1000011_38  0.581  32  0.729  32  0.967  15  0.935   0.809 Y  0.450      SignalP-TM
3300027606.a:Ga0209370_1000011_385  0.243  45  0.386  35  0.850  30  0.624   0.479 Y  0.450      SignalP-TM
3300027606.a:Ga0209370_1000011_386  0.246  29  0.379  29  0.903   4  0.698   0.503 Y  0.450      SignalP-TM
3300027606.a:Ga0209370_1000011_386  0.511  23  0.686  23  0.983  14  0.920   0.812 Y  0.450      SignalP-noTM
3300027606.a:Ga0209370_1000011_388  0.251  30  0.358  30  0.728   2  0.612   0.457 Y  0.450      SignalP-TM
3300027606.a:Ga0209370_1000011_399  0.717  31  0.794  31  0.956  17  0.883   0.842 Y  0.450      SignalP-noTM
3300027606.a:Ga0209370_1000011_399  0.821  31  0.872  31  0.976  15  0.924   0.896 Y  0.570      SignalP-noTM
3300027606.a:Ga0209370_1000011_399  0.863  31  0.866  31  0.942  27  0.803   0.841 Y  0.450      SignalP-TM
3300027606.a:Ga0209370_1000011_402  0.272  27  0.503  27  0.963  24  0.888   0.684 Y  0.570      SignalP-noTM
3300027606.a:Ga0209370_1000011_402  0.388  32  0.527  32  0.877  26  0.730   0.636 Y  0.450      SignalP-noTM
3300027606.a:Ga0209370_1000011_402  0.791  32  0.840  32  0.954  24  0.867   0.851 Y  0.450      SignalP-TM
3300027606.a:Ga0209370_1000011_404  0.216  23  0.434  23  0.925   5  0.885   0.646 Y  0.570      SignalP-noTM
3300027606.a:Ga0209370_1000011_404  0.317  26  0.506  26  0.952  16  0.820   0.675 Y  0.450      SignalP-noTM
3300027606.a:Ga0209370_1000011_404  0.469  32  0.528  32  0.925   7  0.766   0.621 Y  0.450      SignalP-TM
3300027606.a:Ga0209370_1000011_407  0.453  31  0.636  31  0.959  17  0.895   0.737 Y  0.450      SignalP-TM
3300027606.a:Ga0209370_1000011_407  0.496  31  0.656  24  0.928  21  0.889   0.782 Y  0.450      SignalP-noTM
3300027606.a:Ga0209370_1000011_407  0.586  24  0.757  24  0.987  18  0.964   0.854 Y  0.570      SignalP-noTM
3300027606.a:Ga0209370_1000011_419  0.622  20  0.756  20  0.951  19  0.914   0.841 Y  0.450      SignalP-noTM
3300027606.a:Ga0209370_1000011_420  0.721  22  0.761  22  0.914  11  0.800   0.782 Y  0.450      SignalP-noTM
3300027606.a:Ga0209370_1000011_422  0.651  48  0.609  48  0.729  35  0.303   0.490 Y  0.450      SignalP-TM
3300027606.a:Ga0209370_1000011_425  0.330  36  0.466  36  0.776  30  0.523   0.489 Y  0.450      SignalP-TM
3300027606.a:Ga0209370_1000011_426  0.251  21  0.447  21  0.904  17  0.809   0.617 Y  0.570      SignalP-noTM
3300027606.a:Ga0209370_1000011_426  0.318  28  0.424  28  0.909  17  0.649   0.512 Y  0.450      SignalP-TM
3300027606.a:Ga0209370_1000011_426  0.336  20  0.556  20  0.954  12  0.922   0.753 Y  0.450      SignalP-noTM
3300027606.a:Ga0209370_1000011_429  0.162  65  0.283  19  0.885  10  0.765   0.471 Y  0.450      SignalP-TM
3300027606.a:Ga0209370_1000011_432  0.247  39  0.420  39  0.985  17  0.873   0.597 Y  0.450      SignalP-TM
3300027606.a:Ga0209370_1000011_432  0.275  32  0.490  32  0.968  18  0.868   0.694 Y  0.450      SignalP-noTM
3300027606.a:Ga0209370_1000011_432  0.373  27  0.598  27  0.981  16  0.954   0.765 Y  0.570      SignalP-noTM
3300027606.a:Ga0209370_1000011_448  0.462  40  0.465  40  0.709  25  0.521   0.487 Y  0.450      SignalP-TM
3300027606.a:Ga0209370_1000011_459  0.321  27  0.556  27  0.985  19  0.961   0.746 Y  0.570      SignalP-noTM
3300027606.a:Ga0209370_1000011_459  0.375  28  0.570  28  0.920   9  0.855   0.724 Y  0.450      SignalP-noTM
3300027606.a:Ga0209370_1000011_459  0.451  34  0.609  34  0.975  16  0.890   0.719 Y  0.450      SignalP-TM
3300027606.a:Ga0209370_1000011_463  0.641  18  0.603  18  0.680  16  0.537   0.578 Y  0.510      SignalP-TM
3300027606.a:Ga0209370_1000011_463  0.701  18  0.778  18  0.916   8  0.857   0.809 Y  0.500      SignalP-TM
3300027606.a:Ga0209370_1000011_464  0.469  43  0.597  43  0.926  11  0.779   0.668 Y  0.450      SignalP-TM
3300027606.a:Ga0209370_1000011_468  0.301  42  0.424  28  0.988  23  0.922   0.658 Y  0.570      SignalP-noTM
3300027606.a:Ga0209370_1000011_468  0.310  33  0.528  33  0.972  24  0.853   0.704 Y  0.450      SignalP-noTM
3300027606.a:Ga0209370_1000011_468  0.433  42  0.552  42  0.978  24  0.855   0.670 Y  0.450      SignalP-TM
3300027606.a:Ga0209370_1000011_470  0.550  22  0.650  22  0.894   5  0.766   0.713 Y  0.450      SignalP-noTM
3300027606.a:Ga0209370_1000011_472  0.682  18  0.710  18  0.827   5  0.743   0.723 Y  0.500      SignalP-TM
3300027606.a:Ga0209370_1000011_480  0.221  20  0.395  20  0.859   7  0.723   0.526 Y  0.500      SignalP-TM
3300027606.a:Ga0209370_1000011_499  0.203  32  0.322  29  0.927   7  0.756   0.492 Y  0.450      SignalP-TM
3300027606.a:Ga0209370_1000011_499  0.335  20  0.564  20  0.976  11  0.953   0.747 Y  0.570      SignalP-noTM
3300027606.a:Ga0209370_1000011_499  0.460  20  0.658  20  0.968   6  0.943   0.812 Y  0.450      SignalP-noTM
3300027606.a:Ga0209370_1000011_5  0.363  25  0.555  25  0.955   2  0.889   0.712 Y  0.570      SignalP-noTM
3300027606.a:Ga0209370_1000011_5  0.374  34  0.442  25  0.901   1  0.846   0.599 Y  0.450      SignalP-TM
3300027606.a:Ga0209370_1000011_5  0.566  25  0.686  25  0.939   5  0.837   0.767 Y  0.450      SignalP-noTM
3300027606.a:Ga0209370_1000011_529  0.419  30  0.600  30  0.908  19  0.846   0.733 Y  0.450      SignalP-noTM
3300027606.a:Ga0209370_1000011_529  0.503  32  0.662  32  0.963  17  0.890   0.769 Y  0.570      SignalP-noTM
3300027606.a:Ga0209370_1000011_529  0.729  32  0.772  32  0.916  28  0.843   0.800 Y  0.450      SignalP-TM
3300027606.a:Ga0209370_1000011_531  0.327  28  0.399  28  0.776   1  0.550   0.458 Y  0.450      SignalP-TM
3300027606.a:Ga0209370_1000011_531  0.357  28  0.523  28  0.931   7  0.783   0.664 Y  0.450      SignalP-noTM
3300027606.a:Ga0209370_1000011_537  0.213  24  0.387  24  0.850   1  0.719   0.517 Y  0.450      SignalP-TM
3300027606.a:Ga0209370_1000011_537  0.333  21  0.542  21  0.949  17  0.888   0.704 Y  0.570      SignalP-noTM
3300027606.a:Ga0209370_1000011_537  0.588  23  0.737  23  0.967   5  0.924   0.838 Y  0.450      SignalP-noTM
3300027606.a:Ga0209370_1000011_538  0.185  20  0.374  20  0.833  19  0.762   0.525 Y  0.450      SignalP-TM
3300027606.a:Ga0209370_1000011_538  0.556  20  0.720  20  0.955   8  0.938   0.823 Y  0.570      SignalP-noTM
3300027606.a:Ga0209370_1000011_538  0.666  20  0.801  20  0.983   4  0.962   0.888 Y  0.450      SignalP-noTM
3300027606.a:Ga0209370_1000011_543  0.211  29  0.320  21  0.808   6  0.696   0.467 Y  0.450      SignalP-TM
3300027606.a:Ga0209370_1000011_551  0.587  18  0.540  18  0.632  13  0.500   0.524 Y  0.500      SignalP-TM
3300027606.a:Ga0209370_1000011_552  0.548  27  0.718  27  0.993  15  0.941   0.838 Y  0.450      SignalP-noTM
3300027606.a:Ga0209370_1000011_552  0.757  27  0.789  27  0.926  15  0.788   0.789 Y  0.450      SignalP-TM
3300027606.a:Ga0209370_1000011_554  0.520  26  0.574  26  0.770  17  0.649   0.604 Y  0.500      SignalP-TM
3300027606.a:Ga0209370_1000011_562  0.314  33  0.441  24  0.735  12  0.676   0.535 Y  0.500      SignalP-TM
3300027606.a:Ga0209370_1000011_562  0.662  33  0.543  33  0.596  10  0.482   0.520 Y  0.510      SignalP-TM
3300027606.a:Ga0209370_1000011_562  0.719  33  0.677  33  0.914  15  0.773   0.714 Y  0.450      SignalP-TM
3300027606.a:Ga0209370_1000011_577  0.485  26  0.474  26  0.666   5  0.477   0.475 Y  0.450      SignalP-noTM
3300027606.a:Ga0209370_1000011_6  0.444  30  0.473  30  0.738   3  0.570   0.512 Y  0.500      SignalP-TM
3300027606.a:Ga0209370_1000011_613  0.229  27  0.434  27  0.906  20  0.829   0.588 Y  0.450      SignalP-TM
3300027606.a:Ga0209370_1000011_613  0.303  24  0.528  24  0.952   4  0.922   0.714 Y  0.570      SignalP-noTM
3300027606.a:Ga0209370_1000011_613  0.338  25  0.552  25  0.965  15  0.902   0.741 Y  0.450      SignalP-noTM
3300027606.a:Ga0209370_1000011_614  0.184  39  0.324  34  0.766  28  0.653   0.452 Y  0.450      SignalP-TM
3300027606.a:Ga0209370_1000011_615  0.281  18  0.500  18  0.949  11  0.887   0.709 Y  0.450      SignalP-noTM
3300027606.a:Ga0209370_1000011_624  0.205  28  0.395  28  0.895  13  0.816   0.559 Y  0.450      SignalP-TM
3300027606.a:Ga0209370_1000011_624  0.298  24  0.528  24  0.957  20  0.930   0.717 Y  0.570      SignalP-noTM
3300027606.a:Ga0209370_1000011_631  0.353  35  0.468  35  0.787  29  0.635   0.533 Y  0.450      SignalP-TM
3300027606.a:Ga0209370_1000011_631  0.510  26  0.694  26  0.988  14  0.945   0.830 Y  0.450      SignalP-noTM
3300027606.a:Ga0209370_1000011_640  0.155  25  0.366  25  0.926  19  0.864   0.600 Y  0.570      SignalP-noTM
3300027606.a:Ga0209370_1000011_640  0.209  25  0.413  25  0.900  14  0.817   0.631 Y  0.450      SignalP-noTM
3300027606.a:Ga0209370_1000011_640  0.266  27  0.414  27  0.761  19  0.625   0.496 Y  0.450      SignalP-TM
3300027606.a:Ga0209370_1000011_654  0.616  33  0.588  33  0.789  28  0.550   0.574 Y  0.450      SignalP-TM
3300027606.a:Ga0209370_1000011_655  0.659  33  0.771  33  0.931  17  0.858   0.805 Y  0.450      SignalP-TM
3300027606.a:Ga0209370_1000011_655  0.664  33  0.772  33  0.979  20  0.903   0.843 Y  0.450      SignalP-noTM
3300027606.a:Ga0209370_1000011_655  0.805  33  0.883  33  0.995  19  0.944   0.912 Y  0.570      SignalP-noTM
3300027606.a:Ga0209370_1000011_658  0.567  55  0.680  55  0.904  48  0.582   0.642 Y  0.450      SignalP-TM
3300027606.a:Ga0209370_1000011_664  0.179  29  0.404  25  0.963   8  0.940   0.655 Y  0.570      SignalP-noTM
3300027606.a:Ga0209370_1000011_664  0.249  26  0.462  26  0.967   6  0.861   0.677 Y  0.450      SignalP-noTM
3300027606.a:Ga0209370_1000011_664  0.260  33  0.439  27  0.940   8  0.884   0.613 Y  0.450      SignalP-TM
3300027606.a:Ga0209370_1000011_665  0.176  27  0.374  27  0.917  18  0.806   0.607 Y  0.450      SignalP-noTM
3300027606.a:Ga0209370_1000011_665  0.218  27  0.416  27  0.925  22  0.781   0.587 Y  0.570      SignalP-noTM
3300027606.a:Ga0209370_1000011_665  0.376  33  0.495  33  0.920  20  0.723   0.584 Y  0.450      SignalP-TM
3300027606.a:Ga0209370_1000011_677  0.626  35  0.742  35  0.945  34  0.784   0.765 Y  0.450      SignalP-noTM
3300027606.a:Ga0209370_1000011_701  0.553  29  0.565  29  0.753  27  0.507   0.542 Y  0.500      SignalP-TM
3300027606.a:Ga0209370_1000011_704  0.153  48  0.343  30  0.893  25  0.625   0.453 Y  0.450      SignalP-TM
3300027606.a:Ga0209370_1000011_715  0.225  24  0.367  24  0.685   9  0.594   0.455 Y  0.450      SignalP-TM
3300027606.a:Ga0209370_1000011_740  0.533  18  0.505  18  0.593  17  0.476   0.489 Y  0.450      SignalP-noTM
3300027606.a:Ga0209370_1000011_77  0.139  19  0.318  15  0.798   6  0.717   0.534 Y  0.450      SignalP-noTM
3300027606.a:Ga0209370_1000011_90  0.188  26  0.413  26  0.940  20  0.886   0.668 Y  0.450      SignalP-noTM
3300027606.a:Ga0209370_1000011_90  0.234  37  0.355  37  0.844   8  0.673   0.479 Y  0.450      SignalP-TM
3300027606.a:Ga0209370_1000011_90  0.516  26  0.675  26  0.932  24  0.878   0.770 Y  0.570      SignalP-noTM
3300027606.a:Ga0209370_1000231_15  0.317  26  0.431  26  0.802   6  0.633   0.512 Y  0.500      SignalP-TM
3300027606.a:Ga0209370_1000231_15  0.325  37  0.485  37  0.910   8  0.763   0.594 Y  0.450      SignalP-TM
3300027606.a:Ga0209370_1000231_29  0.285  23  0.418  23  0.765  17  0.602   0.490 Y  0.450      SignalP-TM
3300027606.a:Ga0209370_1000231_45  0.244  38  0.411  38  0.888  33  0.537   0.460 Y  0.450      SignalP-TM
3300027606.a:Ga0209370_1000231_53  0.169  25  0.384  25  0.933  17  0.872   0.575 Y  0.450      SignalP-TM
3300027606.a:Ga0209370_1000231_53  0.186  24  0.398  24  0.894  16  0.849   0.641 Y  0.450      SignalP-noTM
3300027606.a:Ga0209370_1000231_53  0.227  25  0.457  25  0.971  20  0.924   0.677 Y  0.570      SignalP-noTM
3300027606.a:Ga0209370_1000231_8  0.303  39  0.410  27  0.681  17  0.588   0.479 Y  0.450      SignalP-TM
3300027606.a:Ga0209370_1000231_82  0.128  26  0.266  11  0.751   2  0.615   0.454 Y  0.450      SignalP-noTM
3300027606.a:Ga0209370_1000231_96  0.178  22  0.379  22  0.904  17  0.814   0.614 Y  0.450      SignalP-noTM
3300027606.a:Ga0209370_1000231_96  0.314  25  0.483  25  0.871  20  0.762   0.614 Y  0.570      SignalP-noTM
3300027606.a:Ga0209370_1000231_96  0.325  31  0.427  31  0.820  16  0.596   0.493 Y  0.450      SignalP-TM
3300027606.a:Ga0209370_1000255_1  0.178  33  0.316  17  0.862   3  0.746   0.548 Y  0.450      SignalP-noTM
3300027606.a:Ga0209370_1000255_13  0.275  28  0.428  28  0.735  25  0.556   0.478 Y  0.450      SignalP-TM
3300027606.a:Ga0209370_1000255_15  0.225  20  0.457  20  0.953  18  0.935   0.682 Y  0.570      SignalP-noTM
3300027606.a:Ga0209370_1000255_15  0.272  29  0.451  29  0.944  18  0.817   0.594 Y  0.450      SignalP-TM
3300027606.a:Ga0209370_1000255_15  0.392  23  0.601  23  0.971  14  0.923   0.775 Y  0.450      SignalP-noTM
3300027606.a:Ga0209370_1000255_18  0.435  30  0.607  30  0.928  14  0.857   0.705 Y  0.450      SignalP-TM
3300027606.a:Ga0209370_1000255_18  0.450  30  0.616  30  0.970  20  0.883   0.741 Y  0.570      SignalP-noTM
3300027606.a:Ga0209370_1000255_20  0.378  38  0.500  38  0.846  30  0.651   0.559 Y  0.450      SignalP-TM
3300027606.a:Ga0209370_1000255_23  0.380  27  0.586  27  0.967  16  0.900   0.756 Y  0.450      SignalP-noTM
3300027606.a:Ga0209370_1000255_23  0.588  27  0.740  27  0.968  15  0.929   0.814 Y  0.450      SignalP-TM
3300027606.a:Ga0209370_1000255_23  0.697  27  0.809  27  0.964  17  0.946   0.874 Y  0.570      SignalP-noTM
3300027606.a:Ga0209370_1000255_3  0.497  54  0.538  54  0.770  42  0.346   0.463 Y  0.450      SignalP-TM
3300027606.a:Ga0209370_1000255_33  0.249  28  0.454  28  0.952  16  0.843   0.664 Y  0.450      SignalP-noTM
3300027606.a:Ga0209370_1000255_33  0.318  36  0.431  36  0.875  22  0.728   0.547 Y  0.450      SignalP-TM
3300027606.a:Ga0209370_1000255_33  0.319  23  0.539  23  0.950   3  0.917   0.717 Y  0.570      SignalP-noTM
3300027606.a:Ga0209370_1000255_38  0.460  30  0.467  30  0.841  11  0.573   0.509 Y  0.500      SignalP-TM
3300027606.a:Ga0209370_1000255_4  0.459  28  0.621  28  0.974  14  0.896   0.750 Y  0.570      SignalP-noTM
3300027606.a:Ga0209370_1000255_4  0.470  28  0.629  28  0.973  15  0.853   0.750 Y  0.450      SignalP-noTM
3300027606.a:Ga0209370_1000255_4  0.737  28  0.777  28  0.883  24  0.806   0.788 Y  0.450      SignalP-TM
3300027606.a:Ga0209370_1000255_44  0.325  27  0.512  27  0.884  23  0.803   0.626 Y  0.450      SignalP-TM
3300027606.a:Ga0209370_1000255_44  0.379  27  0.558  27  0.945  16  0.868   0.704 Y  0.570      SignalP-noTM
3300027606.a:Ga0209370_1000255_44  0.630  27  0.752  27  0.977  16  0.902   0.833 Y  0.450      SignalP-noTM
3300027606.a:Ga0209370_1000255_5  0.200  39  0.405  39  0.900  23  0.796   0.558 Y  0.450      SignalP-TM
3300027606.a:Ga0209370_1000255_6  0.311  38  0.487  38  0.887  29  0.712   0.575 Y  0.450      SignalP-TM
3300027606.a:Ga0209370_1000255_6  0.501  38  0.588  38  0.876  24  0.681   0.638 Y  0.450      SignalP-noTM
3300027606.a:Ga0209370_1000255_6  0.790  38  0.747  38  0.953  24  0.771   0.758 Y  0.570      SignalP-noTM
3300027606.a:Ga0209370_1000255_73  0.180  30  0.340  27  0.901  18  0.791   0.516 Y  0.450      SignalP-TM
3300027606.a:Ga0209370_1000255_73  0.284  20  0.505  20  0.935   7  0.907   0.694 Y  0.570      SignalP-noTM
3300027606.a:Ga0209370_1000255_73  0.418  20  0.597  20  0.901  13  0.849   0.733 Y  0.450      SignalP-noTM
3300027606.a:Ga0209370_1000255_8  0.248  27  0.430  23  0.928   5  0.846   0.655 Y  0.450      SignalP-noTM
3300027606.a:Ga0209370_1000255_8  0.343  29  0.522  27  0.928   9  0.881   0.662 Y  0.450      SignalP-TM
3300027606.a:Ga0209370_1000255_8  0.346  27  0.512  27  0.946   9  0.844   0.668 Y  0.570      SignalP-noTM
3300027606.a:Ga0209370_1000303_16  0.218  30  0.401  30  0.922   9  0.758   0.594 Y  0.450      SignalP-noTM
3300027606.a:Ga0209370_1000303_16  0.224  28  0.436  28  0.957  10  0.890   0.649 Y  0.570      SignalP-noTM
3300027606.a:Ga0209370_1000303_16  0.297  28  0.494  28  0.926  10  0.856   0.635 Y  0.450      SignalP-TM
3300027606.a:Ga0209370_1000303_19  0.201  38  0.385  23  0.828  22  0.751   0.528 Y  0.450      SignalP-TM
3300027606.a:Ga0209370_1000303_19  0.355  23  0.573  23  0.956   6  0.921   0.736 Y  0.570      SignalP-noTM
3300027606.a:Ga0209370_1000303_19  0.366  23  0.562  23  0.902  20  0.864   0.725 Y  0.450      SignalP-noTM
3300027606.a:Ga0209370_1000303_2  0.162  35  0.345  27  0.905  18  0.823   0.532 Y  0.450      SignalP-TM
3300027606.a:Ga0209370_1000303_2  0.384  22  0.600  22  0.959  19  0.931   0.756 Y  0.570      SignalP-noTM
3300027606.a:Ga0209370_1000303_2  0.401  24  0.605  24  0.955   8  0.911   0.771 Y  0.450      SignalP-noTM
3300027606.a:Ga0209370_1000303_20  0.672  28  0.552  28  0.738  21  0.481   0.524 Y  0.450      SignalP-TM
3300027606.a:Ga0209370_1000303_3  0.255  31  0.400  26  0.822   3  0.693   0.514 Y  0.450      SignalP-TM
3300027606.a:Ga0209370_1000303_3  0.397  30  0.450  30  0.775  10  0.646   0.523 Y  0.510      SignalP-TM
3300027606.a:Ga0209370_1000303_3  0.591  19  0.675  19  0.893   1  0.786   0.720 Y  0.500      SignalP-TM
3300027606.a:Ga0209370_1000303_38  0.287  28  0.465  26  0.944  18  0.833   0.608 Y  0.450      SignalP-TM
3300027606.a:Ga0209370_1000303_38  0.308  26  0.489  26  0.953  17  0.833   0.650 Y  0.570      SignalP-noTM
3300027606.a:Ga0209370_1000303_38  0.654  26  0.743  26  0.966  15  0.850   0.801 Y  0.450      SignalP-noTM
3300027606.a:Ga0209370_1000303_50  0.185  25  0.397  25  0.959  12  0.858   0.646 Y  0.450      SignalP-noTM
3300027606.a:Ga0209370_1000303_50  0.290  27  0.448  27  0.940   5  0.807   0.616 Y  0.570      SignalP-noTM
3300027606.a:Ga0209370_1000303_50  0.345  27  0.499  27  0.915   7  0.795   0.614 Y  0.450      SignalP-TM
3300027606.a:Ga0209370_1000303_59  0.181  34  0.336  28  0.943   6  0.840   0.532 Y  0.450      SignalP-TM
3300027606.a:Ga0209370_1000303_59  0.217  27  0.439  27  0.966   8  0.896   0.686 Y  0.450      SignalP-noTM
3300027606.a:Ga0209370_1000303_59  0.289  25  0.511  25  0.978  11  0.932   0.709 Y  0.570      SignalP-noTM
3300027606.a:Ga0209370_1000303_64  0.312  60  0.476  35  0.885  29  0.729   0.574 Y  0.450      SignalP-TM
3300027606.a:Ga0209370_1000303_64  0.628  30  0.672  30  0.849  14  0.716   0.690 Y  0.500      SignalP-TM
3300027606.a:Ga0209370_1000303_64  0.646  35  0.766  35  0.986  18  0.930   0.843 Y  0.570      SignalP-noTM
