3300014570.a:Ga0134400_1000182_3	gnl|TC-DB|Q9X761|2.A.2.2.3	43.9	469	254	6	20	487	1	461	5.4e-108	387.9
3300014570.a:Ga0134400_1000182_7	gnl|TC-DB|E8MFM3|3.A.1.135.6	36.8	590	300	7	93	681	90	607	2.5e-103	372.9
3300014570.a:Ga0134400_1000182_8	gnl|TC-DB|Q9WYC3|3.A.1.135.5	38.1	578	350	4	19	595	1	571	1.3e-108	390.2
3300014570.a:Ga0134400_1000164_2	gnl|TC-DB|P54428|9.A.40.2.1	28.0	435	295	8	5	428	4	431	6.9e-46	181.4
3300014570.a:Ga0134400_1000164_14	gnl|TC-DB|P54544|2.A.9.3.3	30.0	220	115	6	52	268	65	248	1.5e-16	83.6
3300014570.a:Ga0134400_1000164_17	gnl|TC-DB|Q5EP68|3.A.7.11.1	32.9	155	99	3	58	210	6	157	2.2e-12	69.7
3300014570.a:Ga0134400_1000164_21	gnl|TC-DB|O05435|2.A.66.4.4	28.0	558	356	15	8	549	26	553	6.9e-30	128.6
3300014570.a:Ga0134400_1000164_30	gnl|TC-DB|Q9HC98|1.I.1.1.3	30.5	167	109	4	67	227	86	251	3.8e-11	66.6
3300014570.a:Ga0134400_1000083_3	gnl|TC-DB|O27840|2.A.107.1.2	41.1	185	105	1	2	186	3	183	1.8e-32	135.6
3300014570.a:Ga0134400_1000083_11	gnl|TC-DB|F8L1Z3|3.A.2.1.6	54.2	509	223	3	4	511	1	500	1.4e-157	552.7
3300014570.a:Ga0134400_1000083_12	gnl|TC-DB|P0ABA6|3.A.2.1.1	31.7	306	185	6	1	301	1	287	7.9e-33	137.5
3300014570.a:Ga0134400_1000083_13	gnl|TC-DB|P50002|3.A.2.1.5	63.0	462	160	3	19	480	6	456	7.2e-161	563.5
3300014570.a:Ga0134400_1000083_21	gnl|TC-DB|Q47689|2.A.3.1.10	53.4	451	210	0	15	465	10	460	1.4e-135	479.6
3300014570.a:Ga0134400_1000083_31	gnl|TC-DB|P39518|4.C.1.1.15	27.5	448	295	13	182	604	292	734	3.0e-36	149.8
3300014570.a:Ga0134400_1000083_32	gnl|TC-DB|Q7NL26|3.A.1.106.12	28.2	678	378	7	1	673	1	574	4.8e-58	223.4
3300014570.a:Ga0134400_1000083_35	gnl|TC-DB|Q9FBS5|3.A.1.1.42	27.6	301	190	11	41	329	54	338	1.8e-19	93.6
3300014570.a:Ga0134400_1000083_36	gnl|TC-DB|Q93J93|3.A.1.1.36	33.5	236	156	1	43	278	74	308	3.1e-31	132.1
3300014570.a:Ga0134400_1000083_37	gnl|TC-DB|Q9WYR1|3.A.1.1.39	29.6	250	165	6	33	276	26	270	1.8e-28	122.9
3300014570.a:Ga0134400_1000083_44	gnl|TC-DB|P96593|2.A.55.3.3	42.0	424	233	6	5	418	3	423	1.1e-80	297.0
3300014570.a:Ga0134400_1000083_45	gnl|TC-DB|P0AAP1|9.B.34.1.2	28.6	189	92	4	267	428	192	364	2.4e-14	76.6
3300014570.a:Ga0134400_1000083_46	gnl|TC-DB|Q7A3S4|2.A.1.3.61	35.1	407	251	4	63	468	18	412	4.3e-66	248.8
3300014570.a:Ga0134400_1000009_3	gnl|TC-DB|P75892|2.A.40.1.3	40.0	423	237	5	25	430	20	442	4.9e-81	298.1
3300014570.a:Ga0134400_1000009_5	gnl|TC-DB|O00571|1.I.1.1.3	32.8	348	214	4	53	393	205	539	5.6e-45	179.1
3300014570.a:Ga0134400_1000009_6	gnl|TC-DB|Q5W7C1|3.A.1.139.1	27.6	246	168	3	14	256	38	276	4.9e-23	104.8
3300014570.a:Ga0134400_1000009_7	gnl|TC-DB|Q9NP58|3.A.1.210.6	31.1	219	139	3	7	224	603	810	9.4e-21	97.1
3300014570.a:Ga0134400_1000009_20	gnl|TC-DB|P0A756|2.A.37.1.2	37.0	165	103	1	2	165	7	171	6.8e-26	113.6
3300014570.a:Ga0134400_1000009_21	gnl|TC-DB|O07942|2.A.78.1.1	48.5	227	115	1	4	230	28	252	8.0e-60	226.9
3300014570.a:Ga0134400_1000009_22	gnl|TC-DB|O07923|2.A.78.1.1	65.5	110	38	0	2	111	1	110	5.9e-34	139.8
3300014570.a:Ga0134400_1000009_37	gnl|TC-DB|H2HWQ5|1.C.113.1.6	38.6	215	119	6	84	291	50	258	7.9e-30	127.5
3300014570.a:Ga0134400_1000009_40	gnl|TC-DB|Q932J9|3.A.7.17.1	39.5	210	116	2	126	326	665	872	1.5e-37	154.1
3300014570.a:Ga0134400_1000009_54	gnl|TC-DB|Q2MGF9|3.A.1.15.14	28.2	259	184	2	20	277	14	271	1.1e-17	87.0
3300014570.a:Ga0134400_1000009_55	gnl|TC-DB|P96117|3.A.1.15.8	38.9	198	118	3	6	202	8	203	1.5e-30	129.8
3300014570.a:Ga0134400_1000009_61	gnl|TC-DB|F0N2E7|2.A.109.1.2	37.4	326	174	6	4	317	9	316	5.6e-53	204.5
3300014570.a:Ga0134400_1000009_121	gnl|TC-DB|B1S807|1.E.21.2.2	65.2	92	32	0	1	92	3	94	1.4e-25	111.7
3300014570.a:Ga0134400_1000009_129	gnl|TC-DB|B9DIS8|9.B.97.5.1	27.3	557	375	11	1	545	50	588	1.4e-43	174.1
3300014570.a:Ga0134400_1000009_130	gnl|TC-DB|P50487|2.A.40.2.1	35.2	437	277	3	12	448	2	432	4.8e-66	248.4
3300014570.a:Ga0134400_1000009_134	gnl|TC-DB|Q73MJ0|3.A.1.136.1	29.7	384	266	2	7	389	9	389	1.5e-47	186.8
3300014570.a:Ga0134400_1000009_135	gnl|TC-DB|D6ZUW6|3.A.1.122.16	35.4	260	123	2	7	266	17	231	5.2e-36	147.9
3300014570.a:Ga0134400_1000009_152	gnl|TC-DB|Q9F350|3.A.1.5.35	28.5	242	149	7	4	230	3	235	1.0e-20	97.1
3300014570.a:Ga0134400_1000009_162	gnl|TC-DB|P0A2L3|9.A.40.1.2	36.0	225	142	1	204	428	51	273	7.4e-38	154.8
3300014570.a:Ga0134400_1000009_164	gnl|TC-DB|P69451|4.C.1.1.4	24.2	532	303	15	81	571	15	487	6.9e-29	125.6
3300014570.a:Ga0134400_1000009_165	gnl|TC-DB|Q72GR8|3.D.2.2.2	41.3	366	210	3	9	374	2	362	4.8e-64	241.5
3300014570.a:Ga0134400_1000009_166	gnl|TC-DB|Q72GR9|3.D.2.2.2	49.4	89	45	0	6	94	8	96	4.5e-17	83.6
3300014570.a:Ga0134400_1000009_167	gnl|TC-DB|Q72GS0|3.D.2.2.2	45.1	461	234	6	20	479	8	450	3.0e-95	345.5
3300014570.a:Ga0134400_1000009_169	gnl|TC-DB|Q9WZS2|2.A.66.1.28	23.5	446	328	7	12	448	20	461	2.7e-21	99.8
3300014570.a:Ga0134400_1000009_175	gnl|TC-DB|P94574|2.A.1.3.57	30.3	445	289	5	17	452	10	442	3.7e-42	169.1
3300014570.a:Ga0134400_1000009_176	gnl|TC-DB|B3DT22|1.A.43.3.3	51.8	139	67	0	7	145	27	165	1.8e-33	138.7
3300014570.a:Ga0134400_1000009_178	gnl|TC-DB|Q8G6E7|3.A.1.31.1	72.3	202	56	0	3	204	13	214	1.9e-78	288.5
3300014570.a:Ga0134400_1000009_179	gnl|TC-DB|Q8G6E8|3.A.1.31.1	61.7	227	81	2	3	226	8	231	5.8e-73	270.4
3300014570.a:Ga0134400_1000009_180	gnl|TC-DB|Q8G6E9|3.A.1.31.1	56.6	477	194	4	19	495	35	498	2.9e-144	508.4
3300014570.a:Ga0134400_1000009_187	gnl|TC-DB|P0AGM2|1.A.62.2.3	31.9	185	124	2	24	207	16	199	3.9e-14	75.1
3300014570.a:Ga0134400_1000009_196	gnl|TC-DB|A9WGB0|3.A.1.26.1	30.2	202	130	3	26	227	462	652	8.3e-19	90.9
3300014570.a:Ga0134400_1000009_215	gnl|TC-DB|A8TDW7|3.A.1.122.7	44.4	234	124	3	4	232	52	284	3.0e-48	188.3
3300014570.a:Ga0134400_1000002_15	gnl|TC-DB|P62723|2.A.98.1.3	32.9	328	196	9	41	359	16	328	2.2e-24	109.8
3300014570.a:Ga0134400_1000002_18	gnl|TC-DB|Q7MV19|9.A.8.1.6	32.5	741	375	20	24	669	128	838	1.5e-84	310.5
3300014570.a:Ga0134400_1000002_25	gnl|TC-DB|Q2J9P4|3.A.1.125.3	26.7	917	558	29	1	879	1	841	2.7e-41	167.2
3300014570.a:Ga0134400_1000002_26	gnl|TC-DB|Q2J9P5|3.A.1.125.3	59.3	246	99	1	13	258	58	302	1.1e-78	289.7
3300014570.a:Ga0134400_1000002_28	gnl|TC-DB|I7BV49|3.A.1.26.10	25.4	264	175	5	6	261	9	258	1.3e-15	80.1
3300014570.a:Ga0134400_1000002_29	gnl|TC-DB|Q8R9L8|3.A.1.33.1	36.9	558	315	7	2	532	8	555	1.4e-96	350.1
3300014570.a:Ga0134400_1000002_35	gnl|TC-DB|Q8VRK4|3.A.11.1.3	33.2	250	138	3	144	377	63	299	4.0e-22	102.4
3300014570.a:Ga0134400_1000002_36	gnl|TC-DB|X5H3P0|3.D.10.1.6	39.7	632	319	14	6	618	9	597	2.7e-112	402.5
3300014570.a:Ga0134400_1000002_39	gnl|TC-DB|Q8G5R2|2.A.33.1.5	71.9	462	110	2	2	443	5	466	3.5e-178	620.9
3300014570.a:Ga0134400_1000002_43	gnl|TC-DB|Q7A3S4|2.A.1.3.61	30.1	409	275	4	46	454	18	415	5.2e-42	168.7
3300014570.a:Ga0134400_1000002_47	gnl|TC-DB|P48245|3.A.1.3.9	35.3	255	157	3	49	295	4	258	9.3e-36	147.5
3300014570.a:Ga0134400_1000002_48	gnl|TC-DB|P48244|3.A.1.3.9	48.8	215	104	3	16	225	15	228	3.6e-43	171.4
3300014570.a:Ga0134400_1000002_49	gnl|TC-DB|P48242|3.A.1.3.9	42.3	274	135	7	6	257	1	273	1.1e-46	183.3
3300014570.a:Ga0134400_1000002_50	gnl|TC-DB|P48243|3.A.1.3.9	72.7	242	66	0	24	265	1	242	4.2e-99	357.5
3300014570.a:Ga0134400_1000002_51	gnl|TC-DB|Q9CES4|3.A.1.3.25	65.3	239	83	0	8	246	7	245	1.9e-85	312.0
3300014570.a:Ga0134400_1000002_52	gnl|TC-DB|Q9CES5|3.A.1.3.25	38.7	476	266	7	48	514	255	713	1.5e-89	326.6
3300014570.a:Ga0134400_1000002_56	gnl|TC-DB|Q9FI56|3.A.9.1.2	55.2	822	347	5	1	813	94	903	1.0e-255	879.4
3300014570.a:Ga0134400_1000002_60	gnl|TC-DB|Q93N33|2.A.21.9.2	25.0	316	173	11	283	593	763	1019	1.5e-11	67.8
3300014570.a:Ga0134400_1000002_75	gnl|TC-DB|O53781|2.A.1.3.41	26.1	804	543	15	27	811	24	795	3.8e-50	196.4
3300014570.a:Ga0134400_1000002_83	gnl|TC-DB|B7G1T3|3.A.25.1.1	45.0	218	106	5	196	411	601	806	4.8e-46	182.2
3300014570.a:Ga0134400_1000002_101	gnl|TC-DB|B7GU58|2.A.28.2.6	89.1	331	33	1	1	328	17	347	5.4e-160	560.1
3300014570.a:Ga0134400_1000002_118	gnl|TC-DB|O31712|3.A.1.122.2	23.6	501	256	15	13	502	13	397	3.7e-19	92.8
3300014570.a:Ga0134400_1000002_120	gnl|TC-DB|P0A9T8|3.A.1.122.15	45.7	219	119	0	17	235	6	224	3.2e-53	204.9
3300014570.a:Ga0134400_1000002_123	gnl|TC-DB|Q8NSN3|3.A.1.24.4	41.0	205	121	0	14	218	14	218	6.6e-37	150.6
3300014570.a:Ga0134400_1000002_124	gnl|TC-DB|P30750|3.A.1.24.1	49.6	258	130	0	5	262	2	259	2.9e-68	255.4
3300014570.a:Ga0134400_1000002_125	gnl|TC-DB|P28635|3.A.1.24.1	29.9	261	174	3	8	265	7	261	6.1e-24	107.8
3300014570.a:Ga0134400_1000002_129	gnl|TC-DB|Q9HU31|3.A.1.3.23	31.6	209	137	4	66	268	27	235	7.5e-20	94.4
3300014570.a:Ga0134400_1000002_130	gnl|TC-DB|P48243|3.A.1.3.9	54.3	234	97	2	35	268	13	236	2.4e-63	238.8
3300014570.a:Ga0134400_1000002_131	gnl|TC-DB|P0AEQ6|3.A.1.3.2	33.2	211	135	2	13	222	12	217	4.9e-24	107.8
3300014570.a:Ga0134400_1000002_132	gnl|TC-DB|A1VZQ3|3.A.1.3.16	27.1	199	145	0	14	212	44	242	1.4e-20	96.3
3300014570.a:Ga0134400_1000002_136	gnl|TC-DB|Q3SAW5|2.A.7.21.4	35.3	320	179	5	8	325	9	302	5.9e-42	167.9
3300014570.a:Ga0134400_1000002_138	gnl|TC-DB|K4IPL7|2.A.45.2.6	57.4	399	162	2	1	397	1	393	7.1e-127	450.3
3300014570.a:Ga0134400_1000002_142	gnl|TC-DB|Q8R706|2.A.3.3.22	49.4	472	222	4	3	469	9	468	9.1e-121	430.3
3300014570.a:Ga0134400_1000002_145	gnl|TC-DB|Q5EAK4|2.A.16.2.2	25.6	375	227	12	41	387	1360	1710	4.9e-19	92.8
3300014570.a:Ga0134400_1000002_149	gnl|TC-DB|O30489|3.A.1.132.1	29.8	218	147	5	1	215	1	215	7.2e-20	94.4
3300014570.a:Ga0134400_1000002_152	gnl|TC-DB|P75831|3.A.1.122.1	30.7	215	131	3	25	221	4	218	7.8e-22	100.5
3300014570.a:Ga0134400_1000002_155	gnl|TC-DB|Q9X0F3|3.A.1.5.12	33.8	266	153	8	9	255	3	264	2.3e-33	139.0
3300014570.a:Ga0134400_1000002_156	gnl|TC-DB|Q9F9T4|3.A.1.5.23	39.9	238	141	1	18	253	40	277	1.0e-41	166.8
3300014570.a:Ga0134400_1000002_157	gnl|TC-DB|P0AFA9|3.A.1.5.3	33.2	268	176	1	8	275	5	269	4.6e-27	118.2
3300014570.a:Ga0134400_1000002_158	gnl|TC-DB|W0WN20|3.A.1.5.39	29.8	332	216	4	1	315	2	333	9.6e-29	124.0
3300014570.a:Ga0134400_1000002_159	gnl|TC-DB|W0WJ85|3.A.1.5.39	24.7	458	275	14	132	533	73	516	2.9e-25	113.2
3300014570.a:Ga0134400_1000002_162	gnl|TC-DB|P94528|3.A.1.1.34	23.8	328	224	8	20	329	18	337	5.3e-20	95.5
3300014570.a:Ga0134400_1000002_163	gnl|TC-DB|P0AGE4|2.A.23.4.1	56.2	384	166	2	19	401	17	399	1.2e-103	373.2
3300014570.a:Ga0134400_1000002_166	gnl|TC-DB|Q9F3K7|3.A.1.3.24	64.0	253	86	3	13	264	5	253	1.9e-83	305.4
3300014570.a:Ga0134400_1000002_167	gnl|TC-DB|Q9F3K6|3.A.1.3.24	53.0	181	78	4	107	287	112	285	8.7e-38	154.1
3300014570.a:Ga0134400_1000002_169	gnl|TC-DB|P0AEQ3|3.A.1.3.2	32.3	235	144	7	63	293	19	242	1.9e-21	99.8
3300014570.a:Ga0134400_1000002_170	gnl|TC-DB|Q9F3K5|3.A.1.3.24	35.3	266	153	6	60	309	55	317	2.5e-34	142.5
3300014570.a:Ga0134400_1000002_174	gnl|TC-DB|P0A9R7|3.A.1.140.1	46.8	216	114	1	3	218	1	215	3.6e-49	192.2
3300014570.a:Ga0134400_1000002_188	gnl|TC-DB|Q07837|8.A.9.1.2	28.8	503	288	14	10	502	117	559	9.1e-54	208.0
3300014570.a:Ga0134400_1000002_191	gnl|TC-DB|G2HLY8|9.B.146.1.2	30.0	213	104	6	32	231	27	207	1.2e-14	77.4
3300014570.a:Ga0134400_1000002_193	gnl|TC-DB|Q8DQH7|3.A.1.4.10	59.7	233	94	0	1	233	3	235	2.9e-75	278.1
3300014570.a:Ga0134400_1000002_194	gnl|TC-DB|Q8DQH8|3.A.1.4.10	59.4	251	102	0	5	255	3	253	4.0e-81	297.7
3300014570.a:Ga0134400_1000002_195	gnl|TC-DB|Q8DQH9|3.A.1.4.10	45.4	229	118	2	101	329	90	311	8.4e-45	177.6
3300014570.a:Ga0134400_1000002_196	gnl|TC-DB|Q8DQI0|3.A.1.4.10	36.4	302	180	3	7	308	3	292	9.4e-42	167.2
3300014570.a:Ga0134400_1000002_197	gnl|TC-DB|Q8DQI1|3.A.1.4.10	31.6	399	257	9	1	396	1	386	1.7e-43	173.3
3300014570.a:Ga0134400_1000002_210	gnl|TC-DB|A9QDR8|3.A.1.1.29	41.3	126	71	2	1	123	181	306	4.0e-20	94.0
3300014570.a:Ga0134400_1000002_218	gnl|TC-DB|Q72H66|3.A.1.1.25	32.7	281	184	4	17	293	1	280	1.1e-36	150.2
3300014570.a:Ga0134400_1000002_221	gnl|TC-DB|Q9L027|3.A.1.1.21	29.9	324	202	11	8	312	110	427	1.2e-28	123.6
3300014570.a:Ga0134400_1000002_231	gnl|TC-DB|P43672|3.A.1.120.6	35.1	504	323	3	14	516	12	512	2.9e-86	315.8
3300014570.a:Ga0134400_1000002_233	gnl|TC-DB|K9AVH6|9.B.148.3.3	31.9	160	97	3	4	160	2	152	9.1e-11	63.5
3300014570.a:Ga0134400_1000002_237	gnl|TC-DB|P25694|3.A.16.1.2	43.3	261	137	6	222	481	213	463	1.7e-51	200.7
3300014570.a:Ga0134400_1000002_240	gnl|TC-DB|Q52257|4.D.1.1.1	30.2	315	206	5	3	304	5	318	2.7e-28	122.9
3300014570.a:Ga0134400_1000002_261	gnl|TC-DB|P23910|2.A.1.2.14	39.8	379	225	3	1	378	1	377	5.9e-70	261.2
3300014570.a:Ga0134400_1000002_270	gnl|TC-DB|Q8GGK3|4.A.1.2.5	30.1	695	396	14	5	696	10	617	1.0e-75	281.2
3300014570.a:Ga0134400_1000093_17	gnl|TC-DB|O52717|2.A.1.18.2	45.6	412	218	2	4	414	10	416	1.5e-95	346.3
3300014570.a:Ga0134400_1000093_42	gnl|TC-DB|P0A5Z2|3.A.5.2.2	50.1	445	206	5	1	435	2	440	6.1e-119	424.1
3300014570.a:Ga0134400_1000436_11	gnl|TC-DB|H8E4X1|9.B.18.1.2	35.6	433	265	3	115	547	99	517	4.0e-67	252.3
3300014570.a:Ga0134400_1000436_13	gnl|TC-DB|Q45409|8.A.3.3.3	25.5	420	290	7	66	470	306	717	1.5e-25	114.0
3300014570.a:Ga0134400_1000268_2	gnl|TC-DB|Q8G3M7|9.B.36.1.3	61.3	186	72	0	92	277	138	323	1.9e-60	229.2
3300014570.a:Ga0134400_1000268_4	gnl|TC-DB|A9BJX0|3.A.3.2.21	38.9	982	479	19	50	1018	10	883	1.3e-164	577.0
3300014570.a:Ga0134400_1000268_7	gnl|TC-DB|O32212|2.A.36.3.2	32.6	399	267	1	1	399	1	397	1.9e-50	197.2
3300014570.a:Ga0134400_1000268_12	gnl|TC-DB|Q93J93|3.A.1.1.36	29.6	270	188	2	37	304	43	312	3.7e-30	128.6
3300014570.a:Ga0134400_1000268_13	gnl|TC-DB|Q00751|3.A.1.1.28	38.3	282	159	7	25	296	1	277	9.0e-42	167.2
3300014570.a:Ga0134400_1000268_14	gnl|TC-DB|Q05839|8.A.9.1.1	30.6	594	340	16	23	605	109	641	3.4e-72	269.2
3300014570.a:Ga0134400_1000061_5	gnl|TC-DB|Q8NMV3|3.A.1.1.45	47.0	447	224	7	23	463	1	440	6.0e-109	391.0
3300014570.a:Ga0134400_1000061_7	gnl|TC-DB|Q8NMV4|3.A.1.1.45	45.8	277	149	1	9	284	5	281	5.2e-71	264.2
3300014570.a:Ga0134400_1000061_8	gnl|TC-DB|Q8NMV5|3.A.1.1.45	51.5	266	128	1	16	280	39	304	7.4e-70	260.4
3300014570.a:Ga0134400_1000061_9	gnl|TC-DB|E4R229|9.B.28.1.3	69.3	199	60	1	1	198	1	199	5.3e-70	260.4
3300014570.a:Ga0134400_1000061_10	gnl|TC-DB|Q07837|8.A.9.1.2	30.6	553	309	14	4	545	116	604	2.5e-64	243.0
3300014570.a:Ga0134400_1000061_12	gnl|TC-DB|Q07837|8.A.9.1.2	28.1	437	252	14	12	414	117	525	9.7e-42	167.9
3300014570.a:Ga0134400_1000061_13	gnl|TC-DB|Q8DT28|3.A.1.1.27	28.4	426	261	15	5	406	4	409	6.5e-30	128.3
3300014570.a:Ga0134400_1000061_15	gnl|TC-DB|Q8DT27|3.A.1.1.27	43.0	442	240	5	28	461	11	448	2.4e-97	352.4
3300014570.a:Ga0134400_1000061_16	gnl|TC-DB|Q8DT26|3.A.1.1.27	47.3	275	137	5	26	298	10	278	2.6e-65	245.4
3300014570.a:Ga0134400_1000061_27	gnl|TC-DB|G4NXA5|1.A.33.1.4	62.0	584	213	6	1	584	1	575	7.6e-192	666.8
3300014570.a:Ga0134400_1000061_34	gnl|TC-DB|P0ABP6|9.B.27.2.3	35.8	215	134	1	1	215	1	211	5.4e-34	141.0
3300014570.a:Ga0134400_1000061_40	gnl|TC-DB|Q8G3X1|2.A.1.1.42	89.3	456	49	0	38	493	62	517	3.2e-225	777.3
3300014570.a:Ga0134400_1000061_42	gnl|TC-DB|B3DPC5|3.A.1.106.3	73.1	655	136	3	1	634	1	636	5.1e-276	946.4
3300014570.a:Ga0134400_1000061_43	gnl|TC-DB|Q8G7R7|3.A.1.106.3	82.5	595	104	0	1	595	1	595	1.4e-267	918.3
3300014570.a:Ga0134400_1000061_50	gnl|TC-DB|Q9CHU5|2.A.72.1.3	43.4	647	359	3	72	716	10	651	2.2e-158	555.8
3300014570.a:Ga0134400_1000061_53	gnl|TC-DB|O50296|3.A.1.114.1	26.6	203	142	4	150	350	23	220	6.7e-12	68.2
3300014570.a:Ga0134400_1000014_8	gnl|TC-DB|Q0S1M9|8.A.7.1.2	43.1	540	296	6	3	540	8	538	3.1e-104	375.6
3300014570.a:Ga0134400_1000014_14	gnl|TC-DB|D2PP09|2.A.1.67.1	26.3	437	261	6	20	453	5	383	3.0e-31	132.9
3300014570.a:Ga0134400_1000014_32	gnl|TC-DB|Q97Q42|3.A.1.11.7	44.9	285	154	2	43	324	6	290	2.7e-62	235.7
3300014570.a:Ga0134400_1000014_34	gnl|TC-DB|Q58543|1.A.23.4.1	28.7	195	125	5	19	200	97	290	1.0e-12	70.5
3300014570.a:Ga0134400_1000014_40	gnl|TC-DB|P12012|2.A.8.1.1	40.9	450	256	5	1	442	1	448	4.7e-87	318.2
3300014570.a:Ga0134400_1000014_44	gnl|TC-DB|Q1CWQ3|2.A.1.24.4	34.0	420	265	10	38	450	13	427	2.8e-58	222.6
3300014570.a:Ga0134400_1000014_53	gnl|TC-DB|Q3C2E8|9.B.76.1.1	63.5	458	150	4	4	458	2	445	9.1e-157	550.1
3300014570.a:Ga0134400_1000014_56	gnl|TC-DB|P43672|3.A.1.120.6	25.1	634	328	9	13	604	11	539	4.7e-52	202.6
3300014570.a:Ga0134400_1000014_74	gnl|TC-DB|D6ZY76|2.A.69.4.6	63.7	331	120	0	12	342	1	331	1.2e-117	419.5
3300014570.a:Ga0134400_1000014_79	gnl|TC-DB|D6ZUW6|3.A.1.122.16	46.6	206	109	1	22	227	29	233	6.4e-46	180.6
3300014570.a:Ga0134400_1000014_81	gnl|TC-DB|Q9AK33|2.A.69.3.1	39.6	316	177	7	1	312	1	306	5.2e-48	188.0
3300014570.a:Ga0134400_1000014_92	gnl|TC-DB|Q9ZK21|1.C.82.1.1	51.4	220	107	0	6	225	7	226	2.3e-61	231.9
3300014570.a:Ga0134400_1000014_98	gnl|TC-DB|Q9V0A4|3.B.1.1.5	49.7	507	236	6	54	548	23	522	1.2e-127	453.4
3300014570.a:Ga0134400_1000014_122	gnl|TC-DB|Q7WTY8|3.A.1.7.2	36.2	376	219	11	8	372	7	372	3.3e-49	192.2
3300014570.a:Ga0134400_1000014_123	gnl|TC-DB|P0A630|3.A.1.7.4	43.7	300	164	4	15	311	20	317	9.3e-53	203.8
3300014570.a:Ga0134400_1000014_124	gnl|TC-DB|Q7WTY6|3.A.1.7.2	41.3	298	158	4	32	328	25	306	1.1e-51	200.3
3300014570.a:Ga0134400_1000014_125	gnl|TC-DB|P0C560|3.A.1.7.2	67.6	259	83	1	1	259	1	258	4.4e-101	364.0
3300014570.a:Ga0134400_1000014_127	gnl|TC-DB|P31440|2.A.40.7.4	36.5	458	260	4	1	458	16	442	2.1e-66	249.6
3300014570.a:Ga0134400_1000014_141	gnl|TC-DB|Q8R706|2.A.3.3.22	36.5	449	241	5	3	442	9	422	1.3e-72	270.4
3300014570.a:Ga0134400_1000031_8	gnl|TC-DB|O34738|3.A.1.30.1	33.2	187	115	4	17	199	4	184	8.2e-18	87.0
3300014570.a:Ga0134400_1000031_10	gnl|TC-DB|P77735|8.A.5.1.6	33.9	313	180	12	18	317	1	299	8.3e-36	147.5
3300014570.a:Ga0134400_1000031_17	gnl|TC-DB|Q58439|1.A.35.3.1	28.6	301	188	6	23	312	30	314	2.2e-22	102.8
3300014570.a:Ga0134400_1000031_18	gnl|TC-DB|P48242|3.A.1.3.9	30.2	265	167	7	6	257	9	268	1.9e-20	96.3
3300014570.a:Ga0134400_1000031_32	gnl|TC-DB|Q53712|3.A.1.120.3	32.0	513	316	9	13	499	43	548	8.8e-64	241.1
3300014570.a:Ga0134400_1000031_75	gnl|TC-DB|P60844|1.A.8.3.1	32.9	222	130	7	21	238	4	210	2.4e-13	72.8
3300014570.a:Ga0134400_1000031_78	gnl|TC-DB|D6ZUE6|9.B.102.6.8	44.6	390	215	1	33	421	1	390	1.6e-90	329.7
3300014570.a:Ga0134400_1000031_87	gnl|TC-DB|Q5JEG6|4.F.1.3.1	31.7	218	111	7	1	211	1	187	9.4e-12	67.0
3300014570.a:Ga0134400_1000031_92	gnl|TC-DB|Q6ADZ6|4.F.1.1.7	30.1	176	95	6	19	186	4	159	3.9e-12	68.2
3300014570.a:Ga0134400_1000031_110	gnl|TC-DB|P39518|4.C.1.1.15	27.3	578	357	18	75	599	165	732	4.6e-41	166.0
3300014570.a:Ga0134400_1000031_115	gnl|TC-DB|P69451|4.C.1.1.4	27.2	534	284	22	8	496	14	487	1.9e-33	140.6
3300014570.a:Ga0134400_1000013_2	gnl|TC-DB|G7U9U2|2.A.79.1.3	33.1	335	192	7	281	604	108	421	1.4e-36	151.0
3300014570.a:Ga0134400_1000013_3	gnl|TC-DB|M1TZ79|2.A.21.2.5	40.3	499	268	6	8	505	5	474	7.8e-100	360.9
3300014570.a:Ga0134400_1000013_15	gnl|TC-DB|D8HIS0|9.B.106.2.2	33.8	284	162	5	9	270	213	492	8.5e-35	145.2
3300014570.a:Ga0134400_1000013_16	gnl|TC-DB|D8HIS0|9.B.106.2.2	36.1	285	152	8	4	258	209	493	9.0e-32	134.0
3300014570.a:Ga0134400_1000013_19	gnl|TC-DB|Q83MP3|2.A.103.1.7	45.1	375	202	3	49	422	70	441	1.4e-85	313.5
3300014570.a:Ga0134400_1000013_23	gnl|TC-DB|P42658|8.A.51.1.1	24.5	274	180	7	581	843	591	848	2.0e-14	77.8
3300014570.a:Ga0134400_1000013_28	gnl|TC-DB|P31437|2.A.7.3.12	28.5	284	202	1	16	299	7	289	1.0e-24	110.5
3300014570.a:Ga0134400_1000013_33	gnl|TC-DB|Q830Z1|3.A.3.25.3	33.6	759	337	13	9	764	2	596	1.1e-91	334.3
3300014570.a:Ga0134400_1000013_39	gnl|TC-DB|Q8EXN4|9.B.1.1.5	31.2	263	166	6	39	296	42	294	1.7e-18	90.1
3300014570.a:Ga0134400_1000013_40	gnl|TC-DB|V2FAS1|2.A.7.17.1	42.5	292	163	4	35	325	2	289	7.1e-56	214.2
3300014570.a:Ga0134400_1000013_42	gnl|TC-DB|P49022|9.B.74.1.1	28.6	905	464	14	1	752	4	879	8.1e-34	142.1
3300014570.a:Ga0134400_1000013_43	gnl|TC-DB|P49022|9.B.74.1.1	49.4	170	84	2	7	175	10	178	3.3e-39	160.2
3300014570.a:Ga0134400_1000013_46	gnl|TC-DB|A8ALD3|2.A.49.5.5	33.8	432	262	10	7	422	41	464	1.3e-48	190.7
3300014570.a:Ga0134400_1000013_47	gnl|TC-DB|D6ZXD9|1.A.43.3.1	98.6	214	3	0	1	214	1	214	1.3e-111	399.4
3300014570.a:Ga0134400_1000013_52	gnl|TC-DB|J9W1F3|2.A.1.2.93	26.2	404	278	6	123	524	32	417	1.8e-21	100.5
3300014570.a:Ga0134400_1000013_53	gnl|TC-DB|P37643|2.A.1.6.10	50.7	428	203	4	17	444	18	437	5.6e-112	401.0
3300014570.a:Ga0134400_1000013_57	gnl|TC-DB|P15993|2.A.3.1.3	48.4	457	209	6	22	478	11	440	1.1e-111	400.2
3300014570.a:Ga0134400_1000013_64	gnl|TC-DB|F2HQ24|2.A.3.1.20	45.9	462	227	4	31	492	7	445	1.1e-111	400.2
3300014570.a:Ga0134400_1000013_70	gnl|TC-DB|E8MFM4|3.A.1.135.6	76.0	621	109	2	1	581	1	621	2.9e-262	900.6
3300014570.a:Ga0134400_1000013_71	gnl|TC-DB|E8MFM3|3.A.1.135.6	82.7	613	102	1	1	613	1	609	6.8e-294	1005.7
3300014570.a:Ga0134400_1000013_72	gnl|TC-DB|P76187|8.A.5.1.7	30.4	296	169	8	30	321	30	292	2.6e-26	115.9
3300014570.a:Ga0134400_1000013_74	gnl|TC-DB|B3HWD6|2.A.108.2.10	29.0	535	331	12	64	591	146	638	2.4e-46	183.3
3300014570.a:Ga0134400_1000013_75	gnl|TC-DB|K3SRD7|2.A.108.2.10	51.1	139	59	5	76	209	31	165	1.3e-32	136.3
3300014570.a:Ga0134400_1000013_77	gnl|TC-DB|Q73MJ4|3.A.1.122.8	38.2	498	233	5	3	499	2	425	1.5e-81	300.1
3300014570.a:Ga0134400_1000013_78	gnl|TC-DB|Q73MJ3|3.A.1.122.8	26.3	430	259	5	6	434	1	373	1.2e-39	160.6
3300014570.a:Ga0134400_1000013_79	gnl|TC-DB|Q73MJ2|3.A.1.122.8	67.0	209	69	0	7	215	3	211	2.5e-78	288.5
3300014570.a:Ga0134400_1000013_82	gnl|TC-DB|P49022|9.B.74.1.1	27.6	882	459	13	1	708	4	879	3.8e-33	139.8
3300014570.a:Ga0134400_1000013_83	gnl|TC-DB|P49022|9.B.74.1.1	34.1	229	140	3	3	221	6	233	4.9e-33	139.8
3300014570.a:Ga0134400_1000013_84	gnl|TC-DB|Q83XH0|3.A.1.121.4	35.1	194	126	0	224	417	156	349	9.8e-29	124.4
3300014570.a:Ga0134400_1000013_91	gnl|TC-DB|P66842|3.A.5.2.2	55.9	324	135	4	102	419	100	421	1.9e-90	329.3
3300014570.a:Ga0134400_1000013_92	gnl|TC-DB|P26235|2.A.37.2.1	40.5	378	225	0	25	402	3	380	9.6e-66	247.3
3300014570.a:Ga0134400_1000013_93	gnl|TC-DB|Q79VF1|1.A.11.1.3	50.0	428	199	3	6	421	10	434	2.4e-104	375.6
3300014570.a:Ga0134400_1000013_108	gnl|TC-DB|Q7UHP7|9.A.47.2.1	36.9	301	183	5	3	300	115	411	7.9e-47	184.1
3300014570.a:Ga0134400_1000013_130	gnl|TC-DB|Q93J93|3.A.1.1.36	27.1	303	205	7	8	304	24	316	4.9e-27	118.2
3300014570.a:Ga0134400_1000013_131	gnl|TC-DB|Q93J92|3.A.1.1.36	37.1	267	160	4	33	298	39	298	4.5e-41	164.9
3300014570.a:Ga0134400_1000059_7	gnl|TC-DB|D6ZSR9|1.A.1.5.25	84.3	229	36	0	18	246	11	239	4.9e-110	393.7
3300014570.a:Ga0134400_1000059_15	gnl|TC-DB|Q9KWT5|3.A.1.1.10	30.7	290	173	10	7	284	3	276	6.4e-22	102.1
3300014570.a:Ga0134400_1000059_16	gnl|TC-DB|Q9KWT8|3.A.1.1.10	35.5	307	191	2	7	308	20	324	1.6e-57	219.5
3300014570.a:Ga0134400_1000059_17	gnl|TC-DB|A9QDR8|3.A.1.1.29	35.2	287	173	4	36	312	23	306	3.6e-41	165.2
3300014570.a:Ga0134400_1000059_18	gnl|TC-DB|M4RG66|9.B.28.1.10	46.4	207	111	0	1	207	1	207	4.2e-52	201.1
3300014570.a:Ga0134400_1000059_36	gnl|TC-DB|D8HIS0|9.B.106.2.2	26.4	288	162	10	14	264	218	492	9.7e-14	74.7
3300014570.a:Ga0134400_1000059_39	gnl|TC-DB|D2PP09|2.A.1.67.1	30.8	438	242	8	19	446	4	390	9.4e-38	154.5
3300014570.a:Ga0134400_1000059_42	gnl|TC-DB|Q9ZHC7|3.A.3.5.4	46.5	651	308	8	218	861	201	818	7.6e-146	514.6
3300014570.a:Ga0134400_1000059_45	gnl|TC-DB|Q04FN1|2.A.1.17.2	25.0	412	264	9	22	429	14	384	2.3e-22	103.2
3300014570.a:Ga0134400_1000396_2	gnl|TC-DB|P08956|3.A.17.1.1	26.3	594	311	20	220	715	238	802	7.1e-33	139.0
3300014570.a:Ga0134400_1000396_10	gnl|TC-DB|P0A334|1.A.1.1.1	40.9	115	65	2	87	201	9	120	1.8e-16	82.8
3300014570.a:Ga0134400_1000396_14	gnl|TC-DB|Q9X1G6|3.A.1.25.5	32.9	170	110	2	40	206	3	171	1.6e-16	82.8
3300014570.a:Ga0134400_1000396_15	gnl|TC-DB|Q8R9L8|3.A.1.33.1	32.2	522	287	9	9	477	8	515	9.2e-70	261.5
3300014570.a:Ga0134400_1000396_21	gnl|TC-DB|Q6GUB2|3.A.1.25.1	29.6	223	142	5	35	256	16	224	2.7e-16	82.4
3300014570.a:Ga0134400_1000121_4	gnl|TC-DB|P75831|3.A.1.122.1	37.3	225	124	5	1	210	1	223	7.1e-33	137.1
3300014570.a:Ga0134400_1000121_20	gnl|TC-DB|O32081|2.A.38.4.3	31.7	439	289	5	51	487	16	445	3.6e-48	189.1
3300014570.a:Ga0134400_1000121_21	gnl|TC-DB|O32080|2.A.38.4.3	35.3	207	132	2	10	214	11	217	4.2e-28	121.3
3300014570.a:Ga0134400_1000121_22	gnl|TC-DB|Q9S218|1.C.109.1.2	46.5	243	125	4	13	251	8	249	4.2e-48	188.0
3300014570.a:Ga0134400_1000121_43	gnl|TC-DB|O53899|3.A.1.125.2	42.9	219	114	5	31	242	5	219	1.5e-42	169.5
3300014570.a:Ga0134400_1000121_44	gnl|TC-DB|P67444|2.A.40.4.3	26.4	428	286	12	42	445	24	446	7.3e-22	101.7
3300014570.a:Ga0134400_1000121_49	gnl|TC-DB|D6ZY76|2.A.69.4.6	41.0	324	168	3	8	308	10	333	1.5e-63	239.6
3300014570.a:Ga0134400_1000004_10	gnl|TC-DB|Q47689|2.A.3.1.10	64.8	71	25	0	1	71	259	329	8.0e-22	99.0
3300014570.a:Ga0134400_1000004_11	gnl|TC-DB|Q47689|2.A.3.1.10	56.4	117	51	0	1	117	137	253	6.5e-34	139.8
3300014570.a:Ga0134400_1000004_12	gnl|TC-DB|Q47689|2.A.3.1.10	70.8	106	31	0	17	122	10	115	3.8e-38	154.1
3300014570.a:Ga0134400_1000004_22	gnl|TC-DB|Q9HT68|3.A.1.24.5	49.3	278	122	3	4	281	2	260	2.6e-67	251.9
3300014570.a:Ga0134400_1000004_23	gnl|TC-DB|P30750|3.A.1.24.1	49.6	240	121	0	3	242	2	241	1.7e-66	249.2
3300014570.a:Ga0134400_1000004_24	gnl|TC-DB|Q9HT69|3.A.1.24.5	45.2	210	114	1	11	220	13	221	6.0e-38	154.1
3300014570.a:Ga0134400_1000004_26	gnl|TC-DB|F4K2G0|3.D.1.8.1	45.8	168	59	7	11	172	103	244	1.5e-28	122.5
3300014570.a:Ga0134400_1000004_39	gnl|TC-DB|D8HIS0|9.B.106.2.2	31.8	305	181	6	3	281	204	507	3.5e-31	133.3
3300014570.a:Ga0134400_1000004_51	gnl|TC-DB|P0A5Y8|3.A.5.2.2	60.3	838	322	6	51	879	1	836	2.7e-292	1001.1
3300014570.a:Ga0134400_1000004_57	gnl|TC-DB|Q6ADZ6|4.F.1.1.7	38.9	203	102	6	12	213	1	182	2.1e-30	129.0
3300014570.a:Ga0134400_1000004_58	gnl|TC-DB|P21458|3.A.12.1.1	49.9	481	223	6	428	904	314	780	1.1e-122	437.6
3300014570.a:Ga0134400_1000004_63	gnl|TC-DB|P0AAC4|1.A.14.2.2	32.7	217	140	3	78	292	21	233	5.4e-23	104.8
3300014570.a:Ga0134400_1000004_71	gnl|TC-DB|J8ABC0|3.A.1.105.9	37.1	313	190	2	17	328	4	310	1.5e-61	233.0
3300014570.a:Ga0134400_1000004_82	gnl|TC-DB|Q9KXM5|3.A.3.23.1	44.3	806	400	14	14	806	26	795	9.8e-155	543.9
3300014570.a:Ga0134400_1000004_88	gnl|TC-DB|Q9F9T4|3.A.1.5.23	38.3	648	294	5	19	660	18	565	7.1e-111	397.9
3300014570.a:Ga0134400_1000004_89	gnl|TC-DB|Q9F351|3.A.1.5.35	51.9	289	138	1	32	320	18	305	3.2e-77	285.0
3300014570.a:Ga0134400_1000004_90	gnl|TC-DB|Q9F352|3.A.1.5.35	53.9	308	141	1	1	308	1	307	2.1e-78	288.9
3300014570.a:Ga0134400_1000004_91	gnl|TC-DB|Q9F353|3.A.1.5.35	39.6	508	289	9	47	548	46	541	4.7e-92	335.1
3300014570.a:Ga0134400_1000004_93	gnl|TC-DB|Q2J9P5|3.A.1.125.3	60.6	246	94	1	10	252	43	288	4.2e-81	297.7
3300014570.a:Ga0134400_1000004_94	gnl|TC-DB|Q2J9P4|3.A.1.125.3	43.8	210	115	1	738	947	636	842	3.5e-23	107.1
3300014570.a:Ga0134400_1000004_100	gnl|TC-DB|O34691|2.A.1.82.4	44.7	412	190	4	28	439	8	381	2.0e-85	312.8
3300014570.a:Ga0134400_1000004_102	gnl|TC-DB|Q5EP68|3.A.7.11.1	25.5	259	183	5	27	278	6	261	5.7e-14	74.7
3300014570.a:Ga0134400_1000004_121	gnl|TC-DB|P75796|3.A.1.5.11	43.4	576	305	7	3	559	6	579	2.5e-125	445.7
3300014570.a:Ga0134400_1000004_122	gnl|TC-DB|P42063|3.A.1.5.20	29.9	291	186	5	37	322	23	300	3.7e-27	119.0
3300014570.a:Ga0134400_1000004_123	gnl|TC-DB|W0WN20|3.A.1.5.39	36.3	336	207	3	24	357	4	334	6.1e-53	204.5
3300014570.a:Ga0134400_1000004_131	gnl|TC-DB|X2BJI2|2.A.103.1.4	32.0	387	235	8	41	415	50	420	1.4e-45	180.3
3300014570.a:Ga0134400_1000004_133	gnl|TC-DB|P0A6W3|9.B.146.1.6	37.5	355	188	8	5	352	27	354	2.4e-60	229.2
3300014570.a:Ga0134400_1000004_145	gnl|TC-DB|P75757|2.A.4.1.4	33.9	301	186	7	1	299	1	290	2.1e-36	149.4
3300014570.a:Ga0134400_1000004_152	gnl|TC-DB|D6ZUW6|3.A.1.122.16	35.2	196	106	3	21	198	38	230	8.5e-26	113.6
3300014570.a:Ga0134400_1000004_157	gnl|TC-DB|P77389|2.A.1.2.65	28.4	380	263	4	8	386	4	375	1.6e-33	140.2
3300014570.a:Ga0134400_1000004_179	gnl|TC-DB|P80874|8.A.5.1.4	34.2	190	98	10	1	167	1	186	2.4e-15	79.3
3300014570.a:Ga0134400_1000004_186	gnl|TC-DB|P30000|2.A.1.5.3	38.8	412	239	4	9	420	7	405	1.2e-87	320.1
3300014570.a:Ga0134400_1000004_188	gnl|TC-DB|Q9CLG9|3.A.1.17.6	28.1	228	164	0	15	242	8	235	3.5e-21	98.6
3300014570.a:Ga0134400_1000004_210	gnl|TC-DB|Q9F353|3.A.1.5.35	38.6	503	295	9	51	547	47	541	1.3e-97	353.6
3300014570.a:Ga0134400_1000097_2	gnl|TC-DB|Q9CIL2|3.A.1.5.25	25.5	286	178	7	82	337	61	341	4.9e-11	65.9
3300014570.a:Ga0134400_1000097_12	gnl|TC-DB|Q9MUK5|3.A.9.1.1	40.9	110	65	0	109	218	97	206	6.6e-16	82.0
3300014570.a:Ga0134400_1000097_18	gnl|TC-DB|Q9FI56|3.A.9.1.2	44.9	886	390	9	1	869	94	898	8.1e-203	703.7
3300014570.a:Ga0134400_1000097_28	gnl|TC-DB|D7VEY8|1.A.8.2.7	52.3	241	109	1	8	242	8	248	9.0e-72	266.5
3300014570.a:Ga0134400_1000097_40	gnl|TC-DB|Q5HE38|2.A.1.3.39	35.8	461	287	2	19	470	6	466	4.0e-77	285.8
3300014570.a:Ga0134400_1000097_42	gnl|TC-DB|P0AB12|9.B.55.1.1	35.6	132	74	2	1	121	1	132	5.7e-19	90.1
3300014570.a:Ga0134400_1000143_4	gnl|TC-DB|A0L4L0|3.A.1.132.3	36.6	232	139	3	121	351	91	315	3.3e-33	139.0
3300014570.a:Ga0134400_1000143_7	gnl|TC-DB|O34362|3.A.1.30.1	34.9	487	257	8	33	485	28	488	6.3e-72	268.1
3300014570.a:Ga0134400_1000143_27	gnl|TC-DB|P74477|2.A.49.6.1	28.5	337	217	11	96	419	98	423	9.9e-21	97.8
3300014570.a:Ga0134400_1000143_30	gnl|TC-DB|P96483|3.A.1.1.23	61.5	390	121	5	1	375	1	376	1.4e-127	452.6
3300014570.a:Ga0134400_1000143_36	gnl|TC-DB|G4FGN6|3.A.1.1.41	27.9	269	188	2	30	292	9	277	5.8e-25	111.3
3300014570.a:Ga0134400_1000143_37	gnl|TC-DB|Q72H67|3.A.1.1.25	31.7	262	169	4	26	285	14	267	5.4e-29	124.8
3300014570.a:Ga0134400_1000143_38	gnl|TC-DB|Q9L027|3.A.1.1.21	22.8	368	255	9	60	408	60	417	2.3e-14	76.6
