0042156	125	3300012661.a:Ga0118099_100001_111	164	1.3e-24	2	118	8	125	0.928
0040517	144	3300012661.a:Ga0118099_100001_112	151	9.2e-16	3	131	14	147	0.8888888888888888
0040266	151	3300012661.a:Ga0118099_100001_205	242	9e-07	30	120	23	96	0.5960264900662252
0042546	127	3300012661.a:Ga0118099_100001_25	200	2.6e-08	2	48	147	192	0.36220472440944884
0036955	59	3300012661.a:Ga0118099_100013_118	369	3.4e-12	3	58	8	64	0.9322033898305084
0040517	144	3300012661.a:Ga0118099_100013_34	188	5.7e-25	10	136	46	172	0.875
0040517	144	3300012661.a:Ga0118099_100013_61	273	1.9e-21	14	128	87	204	0.7916666666666666
0039939	63	3300012661.a:Ga0118099_100016_100	459	7.3e-05	11	58	120	167	0.746031746031746
0036286	54	3300012661.a:Ga0118099_100016_106	423	4.4e-05	10	41	80	111	0.5740740740740741
0043935	94	3300012661.a:Ga0118099_100019_32	112	2.5e-15	2	88	9	101	0.9148936170212766
0045032	127	3300012661.a:Ga0118099_100019_63	158	2.2e-20	4	126	8	128	0.9606299212598425
0043669	98	3300012661.a:Ga0118099_100020_2	111	1.4e-21	7	88	8	89	0.826530612244898
0044258	100	3300012661.a:Ga0118099_100020_33	233	4.9e-13	16	90	12	92	0.74
0039939	63	3300012661.a:Ga0118099_100020_38	459	1.4e-05	11	58	120	167	0.746031746031746
0045032	127	3300012661.a:Ga0118099_100020_44	121	2.8e-09	15	66	30	82	0.4015748031496063
0039384	65	3300012661.a:Ga0118099_100024_31	451	1.8e-08	13	63	10	60	0.7692307692307693
0040517	144	3300012661.a:Ga0118099_100024_85	164	1.7e-26	6	139	22	155	0.9236111111111112
0038966	94	3300012661.a:Ga0118099_100025_51	81	9.5e-06	35	89	15	69	0.574468085106383
0037861	115	3300012661.a:Ga0118099_100025_57	249	7.5e-05	37	90	17	65	0.4608695652173913
0039939	63	3300012661.a:Ga0118099_100035_28	107	7.6e-05	15	58	9	53	0.6825396825396826
0037767	80	3300012661.a:Ga0118099_100035_74	228	2e-19	1	78	148	224	0.9625
0043707	64	3300012661.a:Ga0118099_100035_9	113	1.1e-13	3	61	9	70	0.90625
0042546	127	3300012661.a:Ga0118099_100036_60	200	5.5e-15	1	93	41	136	0.7244094488188977
0042546	127	3300012661.a:Ga0118099_100036_62	253	1.3e-14	10	76	43	109	0.5196850393700787
0040266	151	3300012661.a:Ga0118099_100037_28	227	1e-12	45	141	28	127	0.6357615894039735
0044258	100	3300012661.a:Ga0118099_100037_33	311	6.5e-05	30	93	22	81	0.63
0043758	87	3300012661.a:Ga0118099_100037_42	234	1.4e-13	2	66	12	75	0.735632183908046
0043758	87	3300012661.a:Ga0118099_100037_43	260	1.5e-14	3	75	4	69	0.8275862068965517
0037767	80	3300012661.a:Ga0118099_100037_49	106	4.6e-05	30	64	28	62	0.425
0039939	63	3300012661.a:Ga0118099_100037_57	460	2.3e-05	15	58	61	105	0.6825396825396826
0043707	64	3300012661.a:Ga0118099_100037_68	145	5.6e-12	3	61	66	125	0.90625
0043707	64	3300012661.a:Ga0118099_100054_6	72	6.2e-13	10	61	2	54	0.796875
0043707	64	3300012661.a:Ga0118099_100061_4	103	3.2e-09	11	59	21	70	0.75
0043758	87	3300012661.a:Ga0118099_100061_51	346	9.1e-25	2	82	5	85	0.9195402298850575
0041150	134	3300012661.a:Ga0118099_100061_60	165	2.2e-37	8	134	35	160	0.9402985074626866
0043669	98	3300012661.a:Ga0118099_100061_9	120	2.3e-20	11	92	9	90	0.826530612244898
0040517	144	3300012661.a:Ga0118099_100072_42	150	3.3e-18	8	138	14	143	0.9027777777777778
0036955	59	3300012661.a:Ga0118099_100103_3	215	5.6e-06	2	51	41	91	0.8305084745762712
0037456	76	3300012661.a:Ga0118099_100137_28	161	1.1e-18	1	65	9	73	0.8421052631578947
0043143	63	3300012661.a:Ga0118099_100137_38	161	3.6e-05	13	38	15	40	0.3968253968253968
0039384	65	3300012661.a:Ga0118099_100163_11	229	6.8e-11	9	63	34	88	0.8307692307692308
0040266	151	3300012661.a:Ga0118099_100163_15	231	4.4e-18	28	148	10	137	0.7947019867549668
0042546	127	3300012661.a:Ga0118099_100163_36	263	5e-30	1	110	11	116	0.8582677165354331
0040266	151	3300012661.a:Ga0118099_100164_13	218	2.9e-06	6	65	131	187	0.39072847682119205
0042546	127	3300012661.a:Ga0118099_100164_24	137	1.3e-21	1	99	8	98	0.7716535433070866
0043143	63	3300012661.a:Ga0118099_100301_13	68	6.3e-08	6	60	8	64	0.8571428571428571
0043669	98	3300012661.a:Ga0118099_100369_13	231	3.5e-19	7	92	4	90	0.8673469387755102
0043707	64	3300012661.a:Ga0118099_100426_11	479	6.4e-14	3	61	10	69	0.90625
0039384	65	3300012661.a:Ga0118099_101874_2	236	8.9e-11	8	61	10	63	0.8153846153846154
