GerE	57	3300029187.a:Ga0168669_100065_27	208	3e-18	2	56	143	197	0.9473684210526315
HTH_AraC	42	3300029187.a:Ga0168669_100065_61	323	1.8e-10	1	42	271	310	0.9761904761904762
GerE	57	3300029187.a:Ga0168669_100085_14	229	2.6e-20	2	54	164	216	0.9122807017543859
HTH_3	55	3300029187.a:Ga0168669_100097_3	107	6.5e-08	1	40	25	64	0.7090909090909091
HTH_1	60	3300029187.a:Ga0168669_100097_35	320	1.5e-12	3	59	13	69	0.9333333333333333
Trans_reg_C	77	3300029187.a:Ga0168669_100097_46	261	3.7e-24	2	77	173	248	0.974025974025974
GerE	57	3300029187.a:Ga0168669_100097_51	209	9.8e-19	2	55	144	197	0.9298245614035088
HTH_1	60	3300029187.a:Ga0168669_100097_62	332	4.4e-13	3	60	11	68	0.95
HTH_1	60	3300029187.a:Ga0168669_100097_91	265	1.2e-14	1	59	12	70	0.9666666666666667
HTH_8	42	3300029187.a:Ga0168669_100105_60	475	1.4e-11	5	41	431	467	0.8571428571428571
GerE	57	3300029187.a:Ga0168669_100105_65	226	2.7e-17	2	47	155	200	0.7894736842105263
HTH_AraC	42	3300029187.a:Ga0168669_100105_67	310	1.2e-10	13	42	269	299	0.6904761904761905
HTH_3	55	3300029187.a:Ga0168669_100112_1	127	7.9e-07	1	44	16	59	0.7818181818181819
HTH_8	42	3300029187.a:Ga0168669_100112_27	236	2.1e-07	2	42	183	223	0.9523809523809523
MarR	59	3300029187.a:Ga0168669_100125_10	172	1.5e-10	1	58	33	92	0.9661016949152542
HTH_1	60	3300029187.a:Ga0168669_100125_42	322	3.7e-14	3	59	9	65	0.9333333333333333
HTH_3	55	3300029187.a:Ga0168669_100153_61	115	3.5e-12	1	55	8	63	0.9818181818181818
HTH_3	55	3300029187.a:Ga0168669_100153_71	75	3.8e-05	10	32	10	32	0.4
HTH_3	55	3300029187.a:Ga0168669_100153_80	100	3.5e-12	5	51	18	64	0.8363636363636363
HTH_3	55	3300029187.a:Ga0168669_100153_92	87	3.6e-12	3	52	9	58	0.8909090909090909
TrmB	68	3300029187.a:Ga0168669_100162_13	257	6e-06	26	58	34	66	0.47058823529411764
HTH_1	60	3300029187.a:Ga0168669_100162_20	314	7.1e-23	1	59	13	71	0.9666666666666667
HTH_3	55	3300029187.a:Ga0168669_100162_56	208	4.7e-10	2	54	9	62	0.9454545454545454
HTH_3	55	3300029187.a:Ga0168669_100162_57	71	3.2e-06	4	46	13	55	0.7636363636363637
Rrf2	83	3300029187.a:Ga0168669_100182_61	152	4.8e-28	1	83	1	83	0.9879518072289156
MarR	59	3300029187.a:Ga0168669_100195_17	141	3.1e-13	3	59	35	91	0.9491525423728814
Trans_reg_C	77	3300029187.a:Ga0168669_100195_44	238	6.8e-19	2	76	154	228	0.961038961038961
HTH_1	60	3300029187.a:Ga0168669_100208_14	65	8.1e-13	5	52	11	58	0.7833333333333333
HTH_1	60	3300029187.a:Ga0168669_100208_28	324	1.6e-16	5	59	15	69	0.9
Crp	32	3300029187.a:Ga0168669_100222_17	253	5.5e-12	1	32	189	220	0.96875
CSD	66	3300029187.a:Ga0168669_100222_30	68	7e-33	2	64	3	65	0.9393939393939394
FUR	120	3300029187.a:Ga0168669_100232_31	407	8.6e-06	4	70	211	279	0.55
Ogr_Delta	47	3300029187.a:Ga0168669_100232_37	298	1.5e-05	2	34	184	215	0.6808510638297872
Trans_reg_C	77	3300029187.a:Ga0168669_100236_34	219	1.5e-23	1	77	145	216	0.987012987012987
HTH_3	55	3300029187.a:Ga0168669_100245_17	116	3.5e-15	5	54	42	91	0.8909090909090909
GerE	57	3300029187.a:Ga0168669_100245_2	221	4e-16	2	55	157	210	0.9298245614035088
GerE	57	3300029187.a:Ga0168669_100267_25	215	4.9e-23	2	57	153	208	0.9649122807017544
HTH_1	60	3300029187.a:Ga0168669_100267_31	318	1.5e-14	4	60	6	62	0.9333333333333333
HTH_1	60	3300029187.a:Ga0168669_100267_40	251	1.4e-15	3	60	17	79	0.95
GerE	57	3300029187.a:Ga0168669_100268_2	205	1.3e-19	1	56	140	195	0.9649122807017544
GntR	64	3300029187.a:Ga0168669_100268_31	243	6.4e-16	4	64	8	68	0.9375
SpoVT_AbrB	46	3300029187.a:Ga0168669_100268_45	91	3.1e-09	1	45	7	51	0.9565217391304348
HTH_3	55	3300029187.a:Ga0168669_100274_44	85	1.8e-06	11	47	18	54	0.6545454545454545
SpoVT_AbrB	46	3300029187.a:Ga0168669_100290_20	81	4.5e-08	4	43	13	52	0.8478260869565217
MerR	38	3300029187.a:Ga0168669_100290_3	133	2.5e-16	1	38	2	39	0.9736842105263158
HTH_3	55	3300029187.a:Ga0168669_100290_34	142	2.7e-05	14	52	98	136	0.6909090909090909
HTH_3	55	3300029187.a:Ga0168669_100294_31	232	4e-07	6	55	13	63	0.8909090909090909
HTH_1	60	3300029187.a:Ga0168669_100317_20	324	1.2e-16	2	59	8	65	0.95
HTH_1	60	3300029187.a:Ga0168669_100329_23	305	7.2e-19	1	59	10	68	0.9666666666666667
HTH_1	60	3300029187.a:Ga0168669_100348_11	302	2.5e-22	1	60	3	62	0.9833333333333333
FUR	120	3300029187.a:Ga0168669_100348_13	131	1.3e-30	3	119	3	118	0.9666666666666667
HTH_3	55	3300029187.a:Ga0168669_100391_2	90	4.9e-06	7	47	20	60	0.7272727272727273
HTH_3	55	3300029187.a:Ga0168669_100394_1	99	1.8e-06	8	52	51	93	0.8
FUR	120	3300029187.a:Ga0168669_100415_9	155	3.4e-45	2	120	15	138	0.9833333333333333
GerE	57	3300029187.a:Ga0168669_100448_22	207	4.9e-15	2	54	145	197	0.9122807017543859
TrmB	68	3300029187.a:Ga0168669_100481_23	150	3.3e-08	8	56	3	51	0.7058823529411765
GerE	57	3300029187.a:Ga0168669_100481_7	217	1.7e-20	2	55	147	200	0.9298245614035088
Trans_reg_C	77	3300029187.a:Ga0168669_100493_17	229	1.7e-18	2	75	147	218	0.948051948051948
HTH_1	60	3300029187.a:Ga0168669_100493_23	338	3.6e-06	2	57	9	64	0.9166666666666666
HTH_1	60	3300029187.a:Ga0168669_100498_16	301	4.6e-08	5	59	9	62	0.9
HTH_1	60	3300029187.a:Ga0168669_100498_17	185	9.5e-14	2	60	8	66	0.9666666666666667
MerR	38	3300029187.a:Ga0168669_100522_21	140	2.7e-09	4	25	15	36	0.5526315789473685
HTH_3	55	3300029187.a:Ga0168669_100567_12	99	1.5e-07	6	52	46	90	0.8363636363636363
HTH_1	60	3300029187.a:Ga0168669_100587_21	203	1.6e-16	2	59	8	64	0.95
HTH_1	60	3300029187.a:Ga0168669_100605_2	318	3.7e-19	2	59	6	63	0.95
GntR	64	3300029187.a:Ga0168669_100671_11	243	6.5e-15	4	64	8	68	0.9375
HTH_1	60	3300029187.a:Ga0168669_100673_10	323	1.2e-18	1	60	8	67	0.9833333333333333
DUF24	91	3300029187.a:Ga0168669_100927_8	131	3.8e-34	1	88	27	114	0.9560439560439561
AraC_N	148	3300029187.a:Ga0168669_100935_10	302	7.5e-31	2	147	29	181	0.9797297297297297
HTH_AraC	42	3300029187.a:Ga0168669_100935_10	302	7.1e-08	4	41	206	243	0.8809523809523809
HTH_AraC	42	3300029187.a:Ga0168669_100935_10	302	1.2e-08	13	39	264	291	0.6190476190476191
HTH_1	60	3300029187.a:Ga0168669_100960_7	325	1.6e-13	4	60	10	66	0.9333333333333333
HTH_3	55	3300029187.a:Ga0168669_101124_3	326	1.5e-05	3	32	140	171	0.5272727272727272
MerR	38	3300029187.a:Ga0168669_101314_3	140	5.1e-09	1	36	8	43	0.9210526315789473
MerR	38	3300029187.a:Ga0168669_101520_6	156	1.6e-14	1	38	4	41	0.9736842105263158
HTH_5	47	3300029187.a:Ga0168669_102104_4	103	6.6e-16	1	47	20	66	0.9787234042553191
HTH_5	47	3300029187.a:Ga0168669_102104_7	118	3.7e-10	1	46	18	65	0.9574468085106383
HTH_3	55	3300029187.a:Ga0168669_102269_2	224	1.8e-06	7	35	17	47	0.509090909090909
Trans_reg_C	77	3300029187.a:Ga0168669_103458_2	231	1.6e-26	1	76	150	224	0.974025974025974
