peroxidase	229	3300011584.a:Ga0122290_100001_10	727	3.2e-50	4	229	77	396	0.982532751091703
peroxidase	229	3300011584.a:Ga0122290_100001_10	727	2.8e-37	3	229	403	700	0.9868995633187773
Fer4	24	3300011584.a:Ga0122290_100001_1003	206	4.3e-06	2	18	8	24	0.6666666666666666
Fer4	24	3300011584.a:Ga0122290_100001_1003	206	1.5e-09	1	23	92	114	0.9166666666666666
GntR	64	3300011584.a:Ga0122290_100001_1016	229	3.2e-19	3	64	15	75	0.953125
GGDEF	161	3300011584.a:Ga0122290_100001_1021	297	5.4e-46	2	161	130	283	0.9875776397515528
GntR	64	3300011584.a:Ga0122290_100001_1025	233	9.9e-21	3	64	4	65	0.953125
PTS_EIIC	324	3300011584.a:Ga0122290_100001_1027	441	4e-48	1	324	32	365	0.9969135802469136
HTH_18	81	3300011584.a:Ga0122290_100001_1032	128	5.6e-20	2	79	32	108	0.9506172839506173
MarR	59	3300011584.a:Ga0122290_100001_1033	145	4.5e-20	1	59	38	96	0.9830508474576272
HTH_1	60	3300011584.a:Ga0122290_100001_1037	294	2e-18	1	59	3	61	0.9666666666666667
LysR_substrate	209	3300011584.a:Ga0122290_100001_1037	294	9e-47	2	204	85	282	0.9665071770334929
GGDEF	161	3300011584.a:Ga0122290_100001_1041	473	8.9e-44	1	161	303	461	0.9937888198757764
Rhodanese	107	3300011584.a:Ga0122290_100001_105	282	1.7e-20	2	106	9	128	0.9719626168224299
Rhodanese	107	3300011584.a:Ga0122290_100001_105	282	1.8e-15	10	105	165	270	0.8878504672897196
Sigma70_r4	50	3300011584.a:Ga0122290_100001_1051	318	5.1e-06	16	44	26	54	0.56
HTH_3	55	3300011584.a:Ga0122290_100001_1055	89	1.4e-16	2	53	18	69	0.9272727272727272
HTH_18	81	3300011584.a:Ga0122290_100001_1065	254	1.1e-16	2	78	157	230	0.9382716049382716
HTH_3	55	3300011584.a:Ga0122290_100001_110	338	1.9e-09	1	35	19	53	0.6181818181818182
CBS	57	3300011584.a:Ga0122290_100001_118	489	5.8e-11	7	52	95	140	0.7894736842105263
CBS	57	3300011584.a:Ga0122290_100001_118	489	1.6e-06	5	52	153	202	0.8245614035087719
MASE1	300	3300011584.a:Ga0122290_100001_126	748	7.3e-69	1	300	15	320	0.9966666666666667
EAL	238	3300011584.a:Ga0122290_100001_126	748	2.6e-68	2	238	498	730	0.9915966386554622
Pribosyltran	159	3300011584.a:Ga0122290_100001_131	209	2e-14	24	130	64	166	0.6666666666666666
GAF	133	3300011584.a:Ga0122290_100001_138	671	8.7e-15	1	133	169	311	0.9924812030075187
AAA	132	3300011584.a:Ga0122290_100001_138	671	1.4e-07	1	115	371	495	0.8636363636363636
HTH_8	42	3300011584.a:Ga0122290_100001_138	671	1.3e-06	4	42	621	662	0.9047619047619048
Fer4	24	3300011584.a:Ga0122290_100001_141	182	1.5e-07	4	24	36	56	0.8333333333333334
Fer4	24	3300011584.a:Ga0122290_100001_141	182	3.2e-10	6	24	73	91	0.75
Fer4	24	3300011584.a:Ga0122290_100001_148	206	3.7e-11	2	24	76	98	0.9166666666666666
PTS-HPr	82	3300011584.a:Ga0122290_100001_15	834	8.9e-14	5	80	7	84	0.9146341463414634
ACT	67	3300011584.a:Ga0122290_100001_150	191	1.3e-08	2	66	97	166	0.9552238805970149
HATPase_c	111	3300011584.a:Ga0122290_100001_162	567	1.2e-11	4	107	468	555	0.9279279279279279
Fer4	24	3300011584.a:Ga0122290_100001_163	660	1.1e-08	1	21	80	100	0.8333333333333334
Pyr_redox_2	292	3300011584.a:Ga0122290_100001_163	660	6.8e-26	1	292	328	640	0.9965753424657534
NUDIX	131	3300011584.a:Ga0122290_100001_164	192	1.7e-11	3	115	45	163	0.8549618320610687
HTH_IclR	52	3300011584.a:Ga0122290_100001_184	167	7.8e-05	7	50	113	156	0.8269230769230769
HTH_18	81	3300011584.a:Ga0122290_100001_185	351	6.4e-25	1	79	262	342	0.9629629629629629
PTS_EIIC	324	3300011584.a:Ga0122290_100001_193	475	4.2e-43	3	324	120	401	0.9907407407407407
SIS	131	3300011584.a:Ga0122290_100001_194	299	3.6e-10	50	128	128	208	0.5954198473282443
HTH_6	77	3300011584.a:Ga0122290_100001_195	286	7.2e-30	1	76	1	76	0.974025974025974
SIS	131	3300011584.a:Ga0122290_100001_195	286	2.5e-23	2	130	132	260	0.9770992366412213
SBP_bac_1	315	3300011584.a:Ga0122290_100001_197	339	3e-21	5	314	37	277	0.9809523809523809
PALP	294	3300011584.a:Ga0122290_100001_201	304	7.8e-71	2	294	5	281	0.9931972789115646
PfkB	302	3300011584.a:Ga0122290_100001_203	284	6e-15	165	282	136	256	0.38741721854304634
PTS-HPr	82	3300011584.a:Ga0122290_100001_206	86	1.3e-30	2	81	3	82	0.9634146341463414
PALP	294	3300011584.a:Ga0122290_100001_207	324	3.8e-71	3	293	10	300	0.9863945578231292
HTH_18	81	3300011584.a:Ga0122290_100001_21	284	4.5e-23	1	81	191	270	0.9876543209876543
HTH_1	60	3300011584.a:Ga0122290_100001_213	309	1.3e-24	1	60	5	64	0.9833333333333333
LysR_substrate	209	3300011584.a:Ga0122290_100001_213	309	1e-47	2	207	89	292	0.9808612440191388
HTH_1	60	3300011584.a:Ga0122290_100001_217	295	1e-23	1	60	9	68	0.9833333333333333
LysR_substrate	209	3300011584.a:Ga0122290_100001_217	295	1.9e-39	2	203	93	291	0.9617224880382775
HTH_3	55	3300011584.a:Ga0122290_100001_220	120	7e-06	10	35	6	31	0.45454545454545453
MASE1	300	3300011584.a:Ga0122290_100001_221	730	4.7e-62	2	298	16	314	0.9866666666666667
GGDEF	161	3300011584.a:Ga0122290_100001_221	730	5.5e-06	1	110	326	424	0.6770186335403726
EAL	238	3300011584.a:Ga0122290_100001_221	730	3.8e-61	2	238	493	724	0.9915966386554622
Glucokinase	316	3300011584.a:Ga0122290_100001_226	322	4.4e-126	1	315	6	315	0.9936708860759493
PTS_EIIC	324	3300011584.a:Ga0122290_100001_228	416	6.3e-15	2	319	41	343	0.9783950617283951
PTS-HPr	82	3300011584.a:Ga0122290_100001_231	832	5.2e-14	6	80	7	83	0.9024390243902439
HTH_18	81	3300011584.a:Ga0122290_100001_232	286	3.7e-21	2	80	204	281	0.9629629629629629
Response_reg	112	3300011584.a:Ga0122290_100001_233	245	1.8e-25	1	111	3	112	0.9821428571428571
LytTR	98	3300011584.a:Ga0122290_100001_233	245	2.2e-35	2	97	146	242	0.9693877551020408
GAF	133	3300011584.a:Ga0122290_100001_234	566	3.1e-06	6	131	228	346	0.9398496240601504
HATPase_c	111	3300011584.a:Ga0122290_100001_234	566	4e-09	9	109	456	552	0.9009009009009009
Aminotran_1_2	363	3300011584.a:Ga0122290_100001_235	413	2.5e-62	2	348	37	376	0.953168044077135
SBP_bac_3	225	3300011584.a:Ga0122290_100001_244	1198	1.6e-15	16	223	74	276	0.92
SBP_bac_3	225	3300011584.a:Ga0122290_100001_244	1198	3.5e-26	3	224	306	520	0.9822222222222222
HisKA	64	3300011584.a:Ga0122290_100001_244	1198	1.2e-16	1	64	711	777	0.984375
HATPase_c	111	3300011584.a:Ga0122290_100001_244	1198	1.4e-27	2	110	825	937	0.972972972972973
Response_reg	112	3300011584.a:Ga0122290_100001_244	1198	1.7e-31	1	111	961	1070	0.9821428571428571
Response_reg	112	3300011584.a:Ga0122290_100001_245	205	4.4e-29	2	112	4	114	0.9821428571428571
GerE	57	3300011584.a:Ga0122290_100001_245	205	8.8e-24	1	57	142	198	0.9824561403508771
PALP	294	3300011584.a:Ga0122290_100001_248	443	9.3e-73	2	285	73	404	0.9625850340136054
LacI	46	3300011584.a:Ga0122290_100001_250	318	5.9e-13	13	46	1	34	0.717391304347826
Peripla_BP_1	279	3300011584.a:Ga0122290_100001_250	318	1.8e-91	2	279	47	315	0.992831541218638
PfkB	302	3300011584.a:Ga0122290_100001_252	305	1.8e-68	2	300	3	298	0.9867549668874173
HTH_1	60	3300011584.a:Ga0122290_100001_29	306	1.1e-22	1	59	3	61	0.9666666666666667
LysR_substrate	209	3300011584.a:Ga0122290_100001_29	306	5.1e-56	4	208	89	293	0.9760765550239234
Pribosyltran	159	3300011584.a:Ga0122290_100001_291	506	1.3e-09	21	121	286	394	0.6289308176100629
SBP_bac_3	225	3300011584.a:Ga0122290_100001_293	261	7.2e-65	1	224	28	254	0.9911111111111112
SBP_bac_3	225	3300011584.a:Ga0122290_100001_294	261	2.1e-65	1	224	28	254	0.9911111111111112
Pyr_redox_2	292	3300011584.a:Ga0122290_100001_30	467	3.7e-60	1	292	7	326	0.9965753424657534
NUDIX	131	3300011584.a:Ga0122290_100001_304	181	3.4e-20	2	121	36	154	0.9083969465648855
TrkA_C	70	3300011584.a:Ga0122290_100001_311	611	7.1e-15	2	68	231	304	0.9428571428571428
TrkA_C	70	3300011584.a:Ga0122290_100001_311	611	1.4e-12	1	63	326	390	0.8857142857142857
HD	122	3300011584.a:Ga0122290_100001_312	200	4e-09	2	119	31	139	0.9590163934426229
Aminotran_1_2	363	3300011584.a:Ga0122290_100001_313	406	9.4e-49	30	353	58	387	0.8898071625344353
HTH_1	60	3300011584.a:Ga0122290_100001_314	313	8.1e-20	1	59	13	71	0.9666666666666667
LysR_substrate	209	3300011584.a:Ga0122290_100001_314	313	3.4e-29	4	201	97	281	0.9425837320574163
Fer4	24	3300011584.a:Ga0122290_100001_323	181	8.1e-07	5	24	57	76	0.7916666666666666
Fer4	24	3300011584.a:Ga0122290_100001_323	181	7e-11	2	24	93	115	0.9166666666666666
TetR_N	47	3300011584.a:Ga0122290_100001_33	235	4e-10	7	43	41	77	0.7659574468085106
Aminotran_1_2	363	3300011584.a:Ga0122290_100001_348	386	1e-10	46	197	41	170	0.41597796143250687
NUDIX	131	3300011584.a:Ga0122290_100001_350	142	2.5e-23	1	128	1	135	0.9694656488549618
HTH_IclR	52	3300011584.a:Ga0122290_100001_353	261	4e-10	1	51	9	58	0.9615384615384616
IclR	129	3300011584.a:Ga0122290_100001_353	261	2.8e-43	2	128	122	247	0.9767441860465116
Fer4	24	3300011584.a:Ga0122290_100001_358	397	3.3e-05	7	21	55	69	0.5833333333333334
HTH_1	60	3300011584.a:Ga0122290_100001_363	293	4.1e-20	1	59	3	62	0.9666666666666667
LysR_substrate	209	3300011584.a:Ga0122290_100001_363	293	1.7e-36	3	188	89	267	0.8851674641148325
HisKA	64	3300011584.a:Ga0122290_100001_377	950	5.6e-18	1	63	469	533	0.96875
HATPase_c	111	3300011584.a:Ga0122290_100001_377	950	3.8e-32	1	109	581	690	0.972972972972973
Response_reg	112	3300011584.a:Ga0122290_100001_377	950	2.7e-31	1	111	827	936	0.9821428571428571
Response_reg	112	3300011584.a:Ga0122290_100001_378	217	1.3e-26	1	111	6	120	0.9821428571428571
GerE	57	3300011584.a:Ga0122290_100001_378	217	1.2e-20	2	56	150	204	0.9473684210526315
HATPase_c	111	3300011584.a:Ga0122290_100001_379	891	1.2e-12	1	108	565	675	0.963963963963964
Ada_Zn_binding	65	3300011584.a:Ga0122290_100001_382	355	1.2e-33	1	65	11	75	0.9846153846153847
HTH_18	81	3300011584.a:Ga0122290_100001_382	355	1.1e-17	1	79	105	181	0.9629629629629629
Fer4	24	3300011584.a:Ga0122290_100001_388	165	4.6e-05	7	23	36	52	0.6666666666666666
Fer4	24	3300011584.a:Ga0122290_100001_388	165	2.7e-05	6	19	67	80	0.5416666666666666
Fer4	24	3300011584.a:Ga0122290_100001_388	165	5.3e-09	3	24	136	157	0.875
Fer4	24	3300011584.a:Ga0122290_100001_391	232	3.2e-08	6	23	59	76	0.7083333333333334
Fer4	24	3300011584.a:Ga0122290_100001_391	232	3.6e-06	2	18	180	196	0.6666666666666666
Fer4	24	3300011584.a:Ga0122290_100001_392	288	8.2e-05	6	21	258	273	0.625
Response_reg	112	3300011584.a:Ga0122290_100001_403	216	5.7e-33	1	112	9	121	0.9910714285714286
GerE	57	3300011584.a:Ga0122290_100001_403	216	1.7e-26	2	56	153	207	0.9473684210526315
SBP_bac_5	377	3300011584.a:Ga0122290_100001_416	605	8.2e-72	2	373	98	504	0.9840848806366048
EAL	238	3300011584.a:Ga0122290_100001_417	519	2e-69	3	238	267	500	0.9873949579831933
PTS-HPr	82	3300011584.a:Ga0122290_100001_425	377	3.7e-27	2	80	287	368	0.9512195121951219
PfkB	302	3300011584.a:Ga0122290_100001_426	313	2.1e-70	12	297	14	293	0.9437086092715232
PTS_EIIC	324	3300011584.a:Ga0122290_100001_427	564	4.3e-21	3	324	233	496	0.9907407407407407
PfkB	302	3300011584.a:Ga0122290_100001_428	314	1e-67	2	298	5	295	0.9801324503311258
cNMP_binding	88	3300011584.a:Ga0122290_100001_431	233	1.1e-14	3	85	35	118	0.9318181818181818
HTH_11	55	3300011584.a:Ga0122290_100001_434	363	3e-06	1	49	4	50	0.8727272727272727
PfkB	302	3300011584.a:Ga0122290_100001_434	363	6.1e-68	2	298	58	348	0.9801324503311258
HTH_1	60	3300011584.a:Ga0122290_100001_437	294	2.2e-17	1	60	5	64	0.9833333333333333
LysR_substrate	209	3300011584.a:Ga0122290_100001_437	294	1.2e-55	3	204	86	286	0.9617224880382775
LacI	46	3300011584.a:Ga0122290_100001_443	347	2.4e-23	1	46	3	48	0.9782608695652174
Peripla_BP_3	164	3300011584.a:Ga0122290_100001_443	347	4.4e-35	2	164	169	329	0.9878048780487805
Peripla_BP_1	279	3300011584.a:Ga0122290_100001_444	333	3.8e-11	6	208	30	254	0.7240143369175627
Fer4	24	3300011584.a:Ga0122290_100001_447	412	4.6e-06	2	18	338	354	0.6666666666666666
Fer4	24	3300011584.a:Ga0122290_100001_447	412	1.6e-06	4	24	374	394	0.8333333333333334
Pyr_redox_2	292	3300011584.a:Ga0122290_100001_448	413	2.5e-27	2	289	126	392	0.9828767123287672
CBS	57	3300011584.a:Ga0122290_100001_464	309	1.7e-06	12	53	265	306	0.7192982456140351
MerR	38	3300011584.a:Ga0122290_100001_467	244	9.9e-15	1	38	5	42	0.9736842105263158
Response_reg	112	3300011584.a:Ga0122290_100001_469	240	6.1e-27	1	111	4	112	0.9821428571428571
LytTR	98	3300011584.a:Ga0122290_100001_469	240	1.4e-26	2	97	144	237	0.9693877551020408
CbiA	128	3300011584.a:Ga0122290_100001_481	370	2.2e-14	1	125	110	326	0.96875
HTH_1	60	3300011584.a:Ga0122290_100001_49	294	6.4e-18	1	60	3	62	0.9833333333333333
LysR_substrate	209	3300011584.a:Ga0122290_100001_49	294	4.7e-45	3	205	87	287	0.9665071770334929
PfkB	302	3300011584.a:Ga0122290_100001_490	263	4.7e-05	114	226	51	171	0.3708609271523179
PfkB	302	3300011584.a:Ga0122290_100001_491	267	2.8e-09	138	282	81	236	0.4768211920529801
GntR	64	3300011584.a:Ga0122290_100001_493	249	5.3e-18	6	64	29	87	0.90625
PfkB	302	3300011584.a:Ga0122290_100001_494	322	1.1e-54	4	296	19	306	0.9668874172185431
HTH_DeoR	57	3300011584.a:Ga0122290_100001_505	260	3.6e-18	1	53	8	60	0.9122807017543859
DeoRC	160	3300011584.a:Ga0122290_100001_505	260	4.9e-53	5	159	85	238	0.9625
Response_reg	112	3300011584.a:Ga0122290_100001_510	241	1.2e-26	1	111	13	121	0.9821428571428571
Trans_reg_C	77	3300011584.a:Ga0122290_100001_510	241	1.7e-25	2	76	157	231	0.961038961038961
HisKA	64	3300011584.a:Ga0122290_100001_511	468	3.9e-15	1	64	240	304	0.984375
HATPase_c	111	3300011584.a:Ga0122290_100001_511	468	3.2e-23	1	110	349	460	0.9819819819819819
Pyr_redox_2	292	3300011584.a:Ga0122290_100001_52	541	1.1e-07	2	110	10	209	0.3698630136986301
AlkA_N	116	3300011584.a:Ga0122290_100001_520	283	1.9e-31	3	116	3	112	0.9741379310344828
HhH-GPD	108	3300011584.a:Ga0122290_100001_520	283	7.9e-12	1	78	118	240	0.7129629629629629
MASE1	300	3300011584.a:Ga0122290_100001_521	1106	2.6e-36	2	299	19	294	0.99
PAS	113	3300011584.a:Ga0122290_100001_521	1106	4.6e-11	2	113	303	414	0.9823008849557522
PAS	113	3300011584.a:Ga0122290_100001_521	1106	1.2e-09	7	113	561	668	0.9380530973451328
GGDEF	161	3300011584.a:Ga0122290_100001_521	1106	2.1e-47	1	160	682	838	0.9875776397515528
EAL	238	3300011584.a:Ga0122290_100001_521	1106	3.3e-22	38	236	897	1088	0.8319327731092437
CBS	57	3300011584.a:Ga0122290_100001_525	528	3e-06	1	53	302	358	0.9122807017543859
CBS	57	3300011584.a:Ga0122290_100001_525	528	1.1e-08	6	56	372	422	0.8771929824561403
CbiA	128	3300011584.a:Ga0122290_100001_528	721	3e-09	10	84	538	698	0.578125
Sigma70_r2	71	3300011584.a:Ga0122290_100001_53	192	4.6e-20	1	70	25	91	0.971830985915493
Sigma70_r4_2	54	3300011584.a:Ga0122290_100001_53	192	4.8e-21	2	53	129	180	0.9444444444444444
NUDIX	131	3300011584.a:Ga0122290_100001_537	161	4.1e-21	8	122	23	143	0.8702290076335878
RseA_N	87	3300011584.a:Ga0122290_100001_54	217	7.2e-39	1	87	1	87	0.9885057471264368
Aminotran_1_2	363	3300011584.a:Ga0122290_100001_566	357	9.8e-70	31	363	46	351	0.9146005509641874
HTH_1	60	3300011584.a:Ga0122290_100001_570	317	1.3e-14	3	59	14	70	0.9333333333333333
LysR_substrate	209	3300011584.a:Ga0122290_100001_570	317	7.8e-26	2	205	96	297	0.9712918660287081
GyrI-like	155	3300011584.a:Ga0122290_100001_576	158	4.9e-31	1	154	1	152	0.9870967741935484
HTH_1	60	3300011584.a:Ga0122290_100001_583	306	1.3e-23	1	60	3	62	0.9833333333333333
LysR_substrate	209	3300011584.a:Ga0122290_100001_583	306	2.7e-34	2	206	87	289	0.9760765550239234
HTH_1	60	3300011584.a:Ga0122290_100001_584	317	1.6e-14	1	59	3	63	0.9666666666666667
LysR_substrate	209	3300011584.a:Ga0122290_100001_584	317	1.2e-43	3	206	90	293	0.9712918660287081
Response_reg	112	3300011584.a:Ga0122290_100001_598	261	2.8e-28	1	112	40	149	0.9910714285714286
Trans_reg_C	77	3300011584.a:Ga0122290_100001_598	261	2.6e-26	4	77	183	255	0.948051948051948
HisKA	64	3300011584.a:Ga0122290_100001_599	453	1.5e-11	2	62	236	299	0.9375
HATPase_c	111	3300011584.a:Ga0122290_100001_599	453	6.9e-14	2	109	345	450	0.963963963963964
HD	122	3300011584.a:Ga0122290_100001_603	232	4e-17	4	121	29	131	0.9590163934426229
dCache_1	249	3300011584.a:Ga0122290_100001_609	565	2.6e-12	52	239	139	335	0.751004016064257
GGDEF	161	3300011584.a:Ga0122290_100001_609	565	1.1e-48	1	161	398	557	0.9937888198757764
GerE	57	3300011584.a:Ga0122290_100001_613	208	3.4e-21	2	56	137	191	0.9473684210526315
HTH_18	81	3300011584.a:Ga0122290_100001_630	266	8.1e-18	1	80	184	261	0.9753086419753086
Fer4	24	3300011584.a:Ga0122290_100001_64	87	4.4e-08	5	24	6	25	0.7916666666666666
Sigma70_r2	71	3300011584.a:Ga0122290_100001_641	240	2.1e-18	1	70	16	88	0.971830985915493
Sigma70_r3	78	3300011584.a:Ga0122290_100001_641	240	6.2e-22	3	72	97	166	0.8846153846153846
Sigma70_r4	50	3300011584.a:Ga0122290_100001_641	240	6e-19	1	49	185	233	0.96
SBP_bac_3	225	3300011584.a:Ga0122290_100001_643	286	2.7e-73	2	224	63	280	0.9866666666666667
PALP	294	3300011584.a:Ga0122290_100001_644	329	9.9e-56	5	294	16	316	0.9829931972789115
Autoind_bind	149	3300011584.a:Ga0122290_100001_647	241	1e-34	1	142	22	158	0.9463087248322147
GerE	57	3300011584.a:Ga0122290_100001_647	241	2.6e-25	2	57	179	234	0.9649122807017544
Response_reg	112	3300011584.a:Ga0122290_100001_649	219	8.3e-33	1	111	4	115	0.9821428571428571
GerE	57	3300011584.a:Ga0122290_100001_649	219	6.1e-23	2	57	149	204	0.9649122807017544
HTH_6	77	3300011584.a:Ga0122290_100001_65	283	3.4e-32	1	77	1	77	0.987012987012987
SIS	131	3300011584.a:Ga0122290_100001_65	283	5.4e-33	1	131	128	258	0.9923664122137404
Peripla_BP_1	279	3300011584.a:Ga0122290_100001_659	330	1.7e-97	2	278	26	319	0.989247311827957
CheY-binding	63	3300011584.a:Ga0122290_100001_669	655	5e-20	1	63	161	223	0.9841269841269841
H-kinase_dim	69	3300011584.a:Ga0122290_100001_669	655	1.4e-19	2	69	262	324	0.9710144927536232
HATPase_c	111	3300011584.a:Ga0122290_100001_669	655	8.5e-20	4	110	372	508	0.954954954954955
CheW	138	3300011584.a:Ga0122290_100001_669	655	4.4e-29	2	133	514	640	0.9492753623188406
CheW	138	3300011584.a:Ga0122290_100001_670	168	8.2e-38	1	137	18	154	0.9855072463768116
MCPsignal	172	3300011584.a:Ga0122290_100001_671	554	1.9e-62	1	172	325	482	0.9941860465116279
MCPsignal	172	3300011584.a:Ga0122290_100001_672	534	2e-56	1	172	323	480	0.9941860465116279
CheR_N	53	3300011584.a:Ga0122290_100001_673	287	3.3e-20	2	53	26	77	0.9622641509433962
CheR	195	3300011584.a:Ga0122290_100001_673	287	2.1e-64	1	193	92	280	0.9846153846153847
Response_reg	112	3300011584.a:Ga0122290_100001_674	350	9.6e-27	1	102	6	109	0.9017857142857143
CheB_methylest	170	3300011584.a:Ga0122290_100001_674	350	7.8e-64	1	169	159	336	0.9882352941176471
Response_reg	112	3300011584.a:Ga0122290_100001_675	130	6.8e-34	2	111	9	120	0.9732142857142857
CheZ	202	3300011584.a:Ga0122290_100001_676	215	7.2e-79	3	202	17	214	0.9851485148514851
SBP_bac_3	225	3300011584.a:Ga0122290_100001_68	519	7e-32	10	225	52	268	0.9555555555555556
NUDIX	131	3300011584.a:Ga0122290_100001_692	170	2.1e-19	2	130	27	163	0.9770992366412213
AAA	132	3300011584.a:Ga0122290_100001_697	337	1.9e-21	1	130	58	181	0.9772727272727273
Aminotran_1_2	363	3300011584.a:Ga0122290_100001_7	387	1.7e-09	49	192	57	178	0.3939393939393939
HisKA	64	3300011584.a:Ga0122290_100001_70	461	2e-16	2	63	235	301	0.953125
HATPase_c	111	3300011584.a:Ga0122290_100001_70	461	2.2e-18	4	109	348	455	0.9459459459459459
Peptidase_M23	96	3300011584.a:Ga0122290_100001_701	441	4.9e-35	2	96	313	407	0.9791666666666666
HTH_6	77	3300011584.a:Ga0122290_100001_704	290	1.3e-34	1	76	1	76	0.974025974025974
SIS	131	3300011584.a:Ga0122290_100001_704	290	5.5e-30	1	130	124	252	0.9847328244274809
Response_reg	112	3300011584.a:Ga0122290_100001_72	445	5.1e-32	2	111	9	117	0.9732142857142857
AAA	132	3300011584.a:Ga0122290_100001_72	445	2.2e-06	1	127	160	292	0.9545454545454546
GAF	133	3300011584.a:Ga0122290_100001_727	184	3.6e-11	6	132	47	168	0.9473684210526315
HTH_IclR	52	3300011584.a:Ga0122290_100001_732	264	2.4e-15	1	52	15	65	0.9807692307692307
IclR	129	3300011584.a:Ga0122290_100001_732	264	1.4e-50	2	128	129	254	0.9767441860465116
EAL	238	3300011584.a:Ga0122290_100001_745	533	4.3e-61	3	238	272	501	0.9873949579831933
NUDIX	131	3300011584.a:Ga0122290_100001_747	193	1e-16	2	115	30	143	0.8625954198473282
Aminotran_1_2	363	3300011584.a:Ga0122290_100001_75	418	2.2e-12	55	350	84	368	0.8126721763085399
MarR	59	3300011584.a:Ga0122290_100001_76	398	2.1e-06	4	43	14	53	0.6610169491525424
HTH_1	60	3300011584.a:Ga0122290_100001_761	308	4.5e-18	1	60	7	66	0.9833333333333333
LysR_substrate	209	3300011584.a:Ga0122290_100001_761	308	1.8e-38	2	208	91	295	0.9856459330143541
GAF	133	3300011584.a:Ga0122290_100001_766	342	4.1e-08	69	131	82	152	0.46616541353383456
GGDEF	161	3300011584.a:Ga0122290_100001_766	342	2.2e-43	2	160	175	330	0.9813664596273292
TPR_1	34	3300011584.a:Ga0122290_100001_77	1094	8.1e-05	7	28	541	562	0.6176470588235294
AraC_binding	136	3300011584.a:Ga0122290_100001_770	273	5.4e-07	5	80	21	96	0.5514705882352942
HTH_18	81	3300011584.a:Ga0122290_100001_770	273	2.4e-19	1	79	179	255	0.9629629629629629
dCache_1	249	3300011584.a:Ga0122290_100001_773	497	4.9e-07	78	167	156	249	0.357429718875502
GGDEF	161	3300011584.a:Ga0122290_100001_773	497	1.8e-41	3	160	346	494	0.9751552795031055
GGDEF	161	3300011584.a:Ga0122290_100001_774	492	3.2e-46	1	161	328	485	0.9937888198757764
Peripla_BP_1	279	3300011584.a:Ga0122290_100001_78	328	9.5e-19	3	279	32	312	0.989247311827957
HTH_3	55	3300011584.a:Ga0122290_100001_782	87	1.3e-11	1	46	7	52	0.8181818181818182
Nitroreductase	170	3300011584.a:Ga0122290_100001_826	184	5.7e-29	3	169	9	161	0.9764705882352941
NUDIX	131	3300011584.a:Ga0122290_100001_832	136	1.7e-22	5	131	5	125	0.9618320610687023
Rhodanese	107	3300011584.a:Ga0122290_100001_834	436	2.8e-06	7	99	34	128	0.8598130841121495
Rhodanese	107	3300011584.a:Ga0122290_100001_834	436	1.1e-13	23	106	179	263	0.7757009345794392
Rhodanese	107	3300011584.a:Ga0122290_100001_834	436	7.4e-14	3	106	297	418	0.9626168224299065
SBP_bac_1	315	3300011584.a:Ga0122290_100001_837	389	3.5e-07	19	314	57	326	0.9365079365079365
Pyr_redox_2	292	3300011584.a:Ga0122290_100001_84	401	8.9e-55	2	292	5	299	0.9931506849315068
Aminotran_1_2	363	3300011584.a:Ga0122290_100001_843	407	5.4e-09	61	327	78	361	0.7327823691460055
PTS_EIIC	324	3300011584.a:Ga0122290_100001_854	453	3e-49	2	322	30	363	0.9876543209876543
AraC_binding	136	3300011584.a:Ga0122290_100001_856	280	1.4e-06	17	60	37	80	0.3161764705882353
HTH_18	81	3300011584.a:Ga0122290_100001_856	280	1.7e-21	7	80	200	272	0.9012345679012346
PfkB	302	3300011584.a:Ga0122290_100001_868	310	2.4e-67	6	299	12	296	0.9701986754966887
EAL	238	3300011584.a:Ga0122290_100001_883	238	3.5e-10	15	233	13	221	0.9159663865546218
HTH_1	60	3300011584.a:Ga0122290_100001_89	297	1e-25	1	60	3	62	0.9833333333333333
LysR_substrate	209	3300011584.a:Ga0122290_100001_89	297	1.1e-45	4	208	88	291	0.9760765550239234
AraC_binding	136	3300011584.a:Ga0122290_100001_895	304	5.1e-14	8	135	27	157	0.9338235294117647
HTH_18	81	3300011584.a:Ga0122290_100001_895	304	1.5e-20	1	81	202	281	0.9876543209876543
Fer4	24	3300011584.a:Ga0122290_100001_917	209	2.5e-07	1	20	149	168	0.7916666666666666
Fer4	24	3300011584.a:Ga0122290_100001_917	209	1.7e-09	6	24	181	199	0.75
Fer4	24	3300011584.a:Ga0122290_100001_920	223	5.7e-06	2	18	40	56	0.6666666666666666
Fer4	24	3300011584.a:Ga0122290_100001_920	223	1.7e-06	3	22	119	138	0.7916666666666666
Pyr_redox_2	292	3300011584.a:Ga0122290_100001_923	535	1.4e-05	1	161	2	212	0.547945205479452
HTH_1	60	3300011584.a:Ga0122290_100001_930	311	7.6e-22	4	59	7	62	0.9166666666666666
LysR_substrate	209	3300011584.a:Ga0122290_100001_930	311	3.4e-27	2	206	88	290	0.9760765550239234
LacI	46	3300011584.a:Ga0122290_100001_931	342	5.8e-21	1	46	3	48	0.9782608695652174
Peripla_BP_3	164	3300011584.a:Ga0122290_100001_931	342	1.2e-42	2	164	171	331	0.9878048780487805
Glyoxalase	128	3300011584.a:Ga0122290_100001_939	136	5.1e-27	2	128	3	123	0.984375
TetR_N	47	3300011584.a:Ga0122290_100001_941	200	2.5e-11	3	43	15	55	0.851063829787234
MarR	59	3300011584.a:Ga0122290_100001_948	145	1.5e-20	1	58	29	87	0.9661016949152542
Rrf2	83	3300011584.a:Ga0122290_100001_95	163	3.1e-29	1	83	1	83	0.9879518072289156
PfkB	302	3300011584.a:Ga0122290_100001_954	287	3.2e-12	175	284	130	248	0.3609271523178808
HhH-GPD	108	3300011584.a:Ga0122290_100001_958	212	1.7e-22	1	107	34	168	0.9814814814814815
Fer4	24	3300011584.a:Ga0122290_100001_962	677	6.7e-06	6	21	375	390	0.625
Fer4	24	3300011584.a:Ga0122290_100001_962	677	3.2e-06	7	22	415	430	0.625
FeS	33	3300011584.a:Ga0122290_100001_963	193	1.5e-14	1	33	44	76	0.9696969696969697
Fer4	24	3300011584.a:Ga0122290_100001_963	193	1.9e-09	2	23	111	132	0.875
Fer4	24	3300011584.a:Ga0122290_100001_963	193	5e-08	2	24	141	163	0.9166666666666666
Aminotran_1_2	363	3300011584.a:Ga0122290_100001_970	391	3.8e-62	3	360	30	379	0.9834710743801653
PTS_EIIC	324	3300011584.a:Ga0122290_100001_971	531	1.6e-89	1	324	19	361	0.9969135802469136
LacI	46	3300011584.a:Ga0122290_100001_972	343	9.2e-21	1	46	8	53	0.9782608695652174
Peripla_BP_1	279	3300011584.a:Ga0122290_100001_972	343	5.3e-103	2	278	65	341	0.989247311827957
TetR_N	47	3300011584.a:Ga0122290_100001_974	193	7.5e-20	1	47	12	58	0.9787234042553191
HisKA	64	3300011584.a:Ga0122290_100001_983	434	1.4e-09	1	63	211	270	0.96875
HATPase_c	111	3300011584.a:Ga0122290_100001_983	434	1.7e-21	6	109	320	423	0.9279279279279279
Response_reg	112	3300011584.a:Ga0122290_100001_984	240	9.6e-22	1	111	4	112	0.9821428571428571
Trans_reg_C	77	3300011584.a:Ga0122290_100001_984	240	8e-23	2	77	158	233	0.974025974025974
HTH_1	60	3300011584.a:Ga0122290_100001_997	298	7e-24	1	60	5	64	0.9833333333333333
LysR_substrate	209	3300011584.a:Ga0122290_100001_997	298	1.1e-47	1	208	88	296	0.9904306220095693
Fe_dep_repress	60	3300011584.a:Ga0122290_100001_998	407	8.2e-05	12	53	20	61	0.6833333333333333
CbiA	128	3300011584.a:Ga0122290_100001_999	232	5.7e-14	2	116	6	204	0.890625
AAA	132	3300011584.a:Ga0122290_100002_1	858	1.4e-15	2	128	203	337	0.9545454545454546
AAA	132	3300011584.a:Ga0122290_100002_1	858	1.6e-12	2	117	602	727	0.8712121212121212
MarR	59	3300011584.a:Ga0122290_100002_102	177	1.5e-18	1	58	53	112	0.9661016949152542
GGDEF	161	3300011584.a:Ga0122290_100002_11	409	6.2e-47	1	159	249	403	0.9813664596273292
CsrA	53	3300011584.a:Ga0122290_100002_111	62	2.8e-29	1	52	1	52	0.9622641509433962
HTH_DeoR	57	3300011584.a:Ga0122290_100002_122	258	2.2e-23	1	56	6	61	0.9649122807017544
DeoRC	160	3300011584.a:Ga0122290_100002_122	258	8.2e-54	2	159	74	231	0.98125
SIS	131	3300011584.a:Ga0122290_100002_123	322	4.8e-31	2	130	39	169	0.9770992366412213
CBS	57	3300011584.a:Ga0122290_100002_123	322	4.3e-06	14	51	278	315	0.6491228070175439
GAF	133	3300011584.a:Ga0122290_100002_124	505	1.7e-11	4	127	23	154	0.924812030075188
AAA	132	3300011584.a:Ga0122290_100002_124	505	1.6e-07	1	126	211	342	0.946969696969697
Pyr_redox_2	292	3300011584.a:Ga0122290_100002_126	378	6.5e-53	3	276	5	275	0.934931506849315
Fer4	24	3300011584.a:Ga0122290_100002_128	176	6.7e-05	3	18	7	22	0.625
Fer4	24	3300011584.a:Ga0122290_100002_128	176	6.5e-10	2	23	83	104	0.875
LacI	46	3300011584.a:Ga0122290_100002_129	338	1.9e-23	1	46	4	49	0.9782608695652174
Peripla_BP_3	164	3300011584.a:Ga0122290_100002_129	338	5e-36	1	163	172	331	0.9878048780487805
PTS_EIIC	324	3300011584.a:Ga0122290_100002_130	486	1.2e-44	3	324	113	396	0.9907407407407407
HTH_3	55	3300011584.a:Ga0122290_100002_132	140	8.6e-11	1	55	85	138	0.9818181818181818
Fer4	24	3300011584.a:Ga0122290_100002_137	181	6.9e-09	4	24	36	56	0.8333333333333334
Fer4	24	3300011584.a:Ga0122290_100002_137	181	1.1e-10	3	24	70	91	0.875
Fer4	24	3300011584.a:Ga0122290_100002_141	204	9.7e-09	2	24	76	98	0.9166666666666666
GAF	133	3300011584.a:Ga0122290_100002_148	693	2.2e-14	1	133	202	344	0.9924812030075187
AAA	132	3300011584.a:Ga0122290_100002_148	693	1e-07	1	112	405	525	0.8409090909090909
HTH_8	42	3300011584.a:Ga0122290_100002_148	693	3.2e-07	6	42	645	684	0.8571428571428571
HTH_DeoR	57	3300011584.a:Ga0122290_100002_153	256	2.3e-18	1	54	6	59	0.9298245614035088
DeoRC	160	3300011584.a:Ga0122290_100002_153	256	5.3e-53	3	159	76	231	0.975
MarR	59	3300011584.a:Ga0122290_100002_162	136	7.4e-14	1	57	29	85	0.9491525423728814
Sigma70_r2	71	3300011584.a:Ga0122290_100002_163	331	3.8e-23	1	70	94	163	0.971830985915493
Sigma70_r3	78	3300011584.a:Ga0122290_100002_163	331	1.3e-22	2	76	174	248	0.9487179487179487
Sigma70_r4	50	3300011584.a:Ga0122290_100002_163	331	2.8e-17	1	50	262	315	0.98
Peptidase_M23	96	3300011584.a:Ga0122290_100002_164	380	1.3e-33	3	96	279	372	0.96875
CbiA	128	3300011584.a:Ga0122290_100002_17	454	1.4e-08	9	89	110	255	0.625
CbiA	128	3300011584.a:Ga0122290_100002_172	202	4e-05	6	99	35	120	0.7265625
NIR_SIR_ferr	69	3300011584.a:Ga0122290_100002_186	571	1.6e-14	11	67	81	138	0.8115942028985508
NIR_SIR	159	3300011584.a:Ga0122290_100002_186	571	1.1e-49	2	159	173	331	0.9874213836477987
NIR_SIR_ferr	69	3300011584.a:Ga0122290_100002_186	571	1.1e-16	7	68	355	417	0.8840579710144928
Pyr_redox_2	292	3300011584.a:Ga0122290_100002_189	424	5.1e-10	2	117	6	166	0.3938356164383562
CBS	57	3300011584.a:Ga0122290_100002_19	414	1.2e-06	8	56	263	311	0.8421052631578947
ACT	67	3300011584.a:Ga0122290_100002_204	745	2.9e-11	2	66	668	733	0.9552238805970149
HisKA	64	3300011584.a:Ga0122290_100002_206	919	2.4e-22	2	64	293	357	0.96875
HATPase_c	111	3300011584.a:Ga0122290_100002_206	919	4.3e-34	1	110	404	519	0.9819819819819819
Response_reg	112	3300011584.a:Ga0122290_100002_206	919	3.7e-31	1	110	670	780	0.9732142857142857
HTH_DeoR	57	3300011584.a:Ga0122290_100002_225	244	2.3e-23	1	56	5	60	0.9649122807017544
DeoRC	160	3300011584.a:Ga0122290_100002_225	244	1.8e-46	2	160	76	233	0.9875
HTH_1	60	3300011584.a:Ga0122290_100002_228	306	1.3e-23	1	60	8	67	0.9833333333333333
LysR_substrate	209	3300011584.a:Ga0122290_100002_228	306	5.6e-44	3	208	91	292	0.9808612440191388
GAF	133	3300011584.a:Ga0122290_100002_246	749	6.6e-17	2	131	18	152	0.9699248120300752
NUDIX	131	3300011584.a:Ga0122290_100002_247	177	5.6e-29	2	130	7	146	0.9770992366412213
LacI	46	3300011584.a:Ga0122290_100002_255	344	7.8e-23	1	46	3	48	0.9782608695652174
Peripla_BP_3	164	3300011584.a:Ga0122290_100002_255	344	1.8e-38	1	164	168	329	0.9939024390243902
HTH_1	60	3300011584.a:Ga0122290_100002_257	312	6.1e-19	1	59	6	64	0.9666666666666667
LysR_substrate	209	3300011584.a:Ga0122290_100002_257	312	5.2e-45	4	207	92	293	0.9712918660287081
GerE	57	3300011584.a:Ga0122290_100002_264	211	2.4e-07	2	46	151	195	0.7719298245614035
Trans_reg_C	77	3300011584.a:Ga0122290_100002_266	270	4.1e-11	4	76	28	102	0.935064935064935
TPR_3	36	3300011584.a:Ga0122290_100002_272	160	5.7e-12	1	36	40	73	0.9722222222222222
TPR_3	36	3300011584.a:Ga0122290_100002_272	160	1.2e-12	1	36	74	107	0.9722222222222222
Trans_reg_C	77	3300011584.a:Ga0122290_100002_273	459	5.6e-15	2	77	28	101	0.974025974025974
TPR_2	34	3300011584.a:Ga0122290_100002_273	459	1e-05	2	33	373	404	0.9117647058823529
Response_reg	112	3300011584.a:Ga0122290_100002_276	211	2.8e-09	2	111	7	118	0.9732142857142857
GerE	57	3300011584.a:Ga0122290_100002_276	211	1.2e-23	2	56	147	201	0.9473684210526315
GerE	57	3300011584.a:Ga0122290_100002_283	167	5.3e-10	2	54	95	146	0.9122807017543859
ATPase_2	233	3300011584.a:Ga0122290_100002_292	431	1.8e-06	8	129	141	254	0.51931330472103
HTH_18	81	3300011584.a:Ga0122290_100002_296	250	1.2e-12	5	78	173	245	0.9012345679012346
Peptidase_M23	96	3300011584.a:Ga0122290_100002_299	252	2.3e-33	3	96	145	238	0.96875
PAS	113	3300011584.a:Ga0122290_100002_303	593	2.4e-06	3	46	162	205	0.3805309734513274
AAA	132	3300011584.a:Ga0122290_100002_303	593	2.2e-06	1	111	296	415	0.8333333333333334
HTH_8	42	3300011584.a:Ga0122290_100002_303	593	2.8e-15	2	42	548	587	0.9523809523809523
PALP	294	3300011584.a:Ga0122290_100002_305	399	1.2e-51	4	292	41	375	0.9795918367346939
Pyr_redox_2	292	3300011584.a:Ga0122290_100002_312	1033	1.1e-48	2	292	552	840	0.9931506849315068
Fer4	24	3300011584.a:Ga0122290_100002_319	163	6.3e-05	1	18	5	22	0.7083333333333334
Fer4	24	3300011584.a:Ga0122290_100002_319	163	3e-08	3	24	81	102	0.875
Fer4	24	3300011584.a:Ga0122290_100002_320	640	1.3e-08	2	23	81	102	0.875
Pyr_redox_2	292	3300011584.a:Ga0122290_100002_320	640	1.3e-22	2	292	312	623	0.9931506849315068
NUDIX	131	3300011584.a:Ga0122290_100002_323	183	2.9e-21	2	130	31	161	0.9770992366412213
Pyr_redox	81	3300011584.a:Ga0122290_100002_340	401	6.5e-05	2	31	6	35	0.35802469135802467
ACT	67	3300011584.a:Ga0122290_100002_346	411	5.7e-09	8	66	345	401	0.8656716417910447
HTH_1	60	3300011584.a:Ga0122290_100002_349	298	1.1e-20	2	60	7	64	0.9666666666666667
LysR_substrate	209	3300011584.a:Ga0122290_100002_349	298	1.3e-13	8	206	93	288	0.9473684210526315
B12-binding	121	3300011584.a:Ga0122290_100002_350	715	8.1e-18	2	117	586	699	0.9504132231404959
CbiA	128	3300011584.a:Ga0122290_100002_351	332	8.2e-07	6	91	61	209	0.6640625
HTH_1	60	3300011584.a:Ga0122290_100002_354	299	6.6e-14	3	60	8	65	0.95
LysR_substrate	209	3300011584.a:Ga0122290_100002_354	299	5.6e-13	2	193	89	281	0.9138755980861244
HTH_7	45	3300011584.a:Ga0122290_100002_36	189	1.3e-16	1	45	138	182	0.9777777777777777
PTS_EIIC	324	3300011584.a:Ga0122290_100002_365	463	5.6e-25	3	324	20	277	0.9907407407407407
T2SSE	273	3300011584.a:Ga0122290_100002_381	327	3.4e-43	118	264	112	258	0.5347985347985348
HhH-GPD	108	3300011584.a:Ga0122290_100002_392	351	2e-25	2	106	36	168	0.9629629629629629
T2SSE	273	3300011584.a:Ga0122290_100002_406	498	2.4e-94	2	272	123	389	0.989010989010989
GntR	64	3300011584.a:Ga0122290_100002_418	255	1.4e-15	4	62	11	69	0.90625
Aminotran_1_2	363	3300011584.a:Ga0122290_100002_423	391	3.3e-56	2	362	44	384	0.9917355371900827
Fer4	24	3300011584.a:Ga0122290_100002_441	329	0.0001	3	18	42	57	0.625
Fer4	24	3300011584.a:Ga0122290_100002_441	329	8.2e-08	2	23	139	160	0.875
HTH_18	81	3300011584.a:Ga0122290_100002_452	319	1.9e-23	1	77	232	307	0.9382716049382716
SBP_bac_5	377	3300011584.a:Ga0122290_100002_461	536	3.4e-81	1	374	75	453	0.9893899204244032
GyrI-like	155	3300011584.a:Ga0122290_100002_462	161	1.4e-32	2	154	7	159	0.9806451612903225
Response_reg	112	3300011584.a:Ga0122290_100002_464	220	1.7e-23	1	111	3	112	0.9821428571428571
Trans_reg_C	77	3300011584.a:Ga0122290_100002_464	220	1.1e-24	1	77	145	216	0.987012987012987
HisKA	64	3300011584.a:Ga0122290_100002_465	450	2.6e-13	3	63	238	301	0.9375
HATPase_c	111	3300011584.a:Ga0122290_100002_465	450	3.3e-18	6	100	353	442	0.8468468468468469
HTH_6	77	3300011584.a:Ga0122290_100002_469	296	7e-12	6	72	15	81	0.8571428571428571
SIS	131	3300011584.a:Ga0122290_100002_469	296	5.8e-15	1	110	137	246	0.8320610687022901
Peripla_BP_2	238	3300011584.a:Ga0122290_100002_470	316	6.8e-21	48	211	97	254	0.6848739495798319
HATPase_c	111	3300011584.a:Ga0122290_100002_475	631	3.5e-18	2	109	28	171	0.963963963963964
NUDIX	131	3300011584.a:Ga0122290_100002_479	210	1.5e-13	5	116	59	179	0.8473282442748091
PfkB	302	3300011584.a:Ga0122290_100002_491	478	5.4e-62	3	300	12	305	0.9834437086092715
CYTH	179	3300011584.a:Ga0122290_100002_493	434	9.4e-41	2	179	3	196	0.9888268156424581
HD	122	3300011584.a:Ga0122290_100002_495	413	3.4e-14	2	121	229	328	0.9754098360655737
HTH_1	60	3300011584.a:Ga0122290_100002_499	311	2.9e-17	2	60	9	67	0.9666666666666667
LysR_substrate	209	3300011584.a:Ga0122290_100002_499	311	9.5e-37	3	208	93	296	0.9808612440191388
Sigma70_r2	71	3300011584.a:Ga0122290_100002_506	614	1.8e-23	1	70	379	448	0.971830985915493
Sigma70_r3	78	3300011584.a:Ga0122290_100002_506	614	3.8e-31	1	76	458	533	0.9615384615384616
Sigma70_r4	50	3300011584.a:Ga0122290_100002_506	614	1.1e-20	1	50	547	600	0.98
PadR	75	3300011584.a:Ga0122290_100002_509	208	6.6e-18	1	74	67	136	0.9733333333333334
PAS	113	3300011584.a:Ga0122290_100002_510	507	1.2e-08	14	106	21	111	0.8141592920353983
MCPsignal	172	3300011584.a:Ga0122290_100002_510	507	6.6e-48	3	170	319	472	0.9709302325581395
LacI	46	3300011584.a:Ga0122290_100002_513	328	1.1e-19	1	45	3	49	0.9565217391304348
Peripla_BP_3	164	3300011584.a:Ga0122290_100002_513	328	1.7e-32	3	164	168	326	0.9817073170731707
Pyr_redox_2	292	3300011584.a:Ga0122290_100002_519	673	1.5e-26	2	243	376	635	0.8253424657534246
GntR	64	3300011584.a:Ga0122290_100002_530	259	1.7e-24	1	64	9	72	0.984375
HTH_1	60	3300011584.a:Ga0122290_100002_541	299	5.3e-18	1	60	9	68	0.9833333333333333
LysR_substrate	209	3300011584.a:Ga0122290_100002_541	299	2.8e-20	5	192	96	280	0.8947368421052632
PALP	294	3300011584.a:Ga0122290_100002_551	330	7.6e-81	5	294	25	312	0.9829931972789115
HTH_1	60	3300011584.a:Ga0122290_100002_552	313	7.1e-21	2	60	10	68	0.9666666666666667
LysR_substrate	209	3300011584.a:Ga0122290_100002_552	313	1.9e-33	7	206	98	296	0.9521531100478469
HTH_DeoR	57	3300011584.a:Ga0122290_100002_562	270	7.1e-23	1	57	18	74	0.9824561403508771
DeoRC	160	3300011584.a:Ga0122290_100002_562	270	3.9e-58	2	160	89	247	0.9875
SIS	131	3300011584.a:Ga0122290_100002_569	385	9.3e-33	1	130	48	188	0.9847328244274809
SIS	131	3300011584.a:Ga0122290_100002_569	385	7.7e-26	2	131	221	357	0.9847328244274809
Sigma70_r4_2	54	3300011584.a:Ga0122290_100002_57	589	2.3e-06	15	49	13	46	0.6296296296296297
HTH_1	60	3300011584.a:Ga0122290_100002_575	315	1.6e-19	1	60	14	73	0.9833333333333333
LysR_substrate	209	3300011584.a:Ga0122290_100002_575	315	1.2e-24	2	208	99	304	0.9856459330143541
SIS	131	3300011584.a:Ga0122290_100002_580	197	1.5e-07	48	110	104	169	0.4732824427480916
TPR_1	34	3300011584.a:Ga0122290_100002_594	295	1.1e-05	1	33	62	94	0.9411764705882353
TPR_1	34	3300011584.a:Ga0122290_100002_594	295	1.2e-07	2	34	97	129	0.9411764705882353
HTH_3	55	3300011584.a:Ga0122290_100002_603	318	3.2e-05	9	34	15	40	0.45454545454545453
AAA	132	3300011584.a:Ga0122290_100002_607	648	6.9e-48	1	131	191	323	0.9848484848484849
EPSP_synthase	417	3300011584.a:Ga0122290_100002_618	420	1.2e-132	1	417	6	406	0.9976019184652278
STAS	117	3300011584.a:Ga0122290_100002_620	98	1.5e-07	53	103	42	92	0.42735042735042733
SIS	131	3300011584.a:Ga0122290_100002_626	329	1e-37	2	131	46	177	0.9847328244274809
CBS	57	3300011584.a:Ga0122290_100002_626	329	7e-07	1	54	206	261	0.9298245614035088
CBS	57	3300011584.a:Ga0122290_100002_626	329	2.1e-07	2	54	274	325	0.9122807017543859
PTS-HPr	82	3300011584.a:Ga0122290_100002_635	91	6.5e-25	2	81	4	84	0.9634146341463414
Pkinase	264	3300011584.a:Ga0122290_100002_636	211	1.8e-05	8	133	11	140	0.4734848484848485
PAS	113	3300011584.a:Ga0122290_100002_639	779	1.2e-19	2	113	156	266	0.9823008849557522
HisKA	64	3300011584.a:Ga0122290_100002_639	779	2.7e-17	2	63	283	346	0.953125
HATPase_c	111	3300011584.a:Ga0122290_100002_639	779	4.4e-33	2	108	395	504	0.954954954954955
Response_reg	112	3300011584.a:Ga0122290_100002_639	779	6.3e-24	1	111	528	639	0.9821428571428571
GATase_2	420	3300011584.a:Ga0122290_100002_641	1487	9.7e-179	1	420	12	425	0.9976190476190476
Pyr_redox_2	292	3300011584.a:Ga0122290_100002_642	473	2e-27	1	292	147	459	0.9965753424657534
Glucokinase	316	3300011584.a:Ga0122290_100002_646	292	5.1e-05	1	116	4	121	0.3639240506329114
GntR	64	3300011584.a:Ga0122290_100002_650	264	1e-22	1	64	32	95	0.984375
Arg_repressor	70	3300011584.a:Ga0122290_100002_661	157	2e-28	1	69	5	74	0.9714285714285714
HTH_1	60	3300011584.a:Ga0122290_100002_667	310	1.7e-21	1	60	4	63	0.9833333333333333
LysR_substrate	209	3300011584.a:Ga0122290_100002_667	310	8.9e-41	4	206	90	290	0.9665071770334929
GGDEF	161	3300011584.a:Ga0122290_100002_675	647	2.1e-34	1	160	224	380	0.9875776397515528
EAL	238	3300011584.a:Ga0122290_100002_675	647	1.5e-38	4	236	403	628	0.9747899159663865
HTH_8	42	3300011584.a:Ga0122290_100002_683	99	4.1e-16	2	42	55	95	0.9523809523809523
TetR_N	47	3300011584.a:Ga0122290_100002_686	221	7.9e-20	1	47	16	62	0.9787234042553191
SBP_bac_3	225	3300011584.a:Ga0122290_100002_691	342	2.1e-34	1	213	37	253	0.9422222222222222
GntR	64	3300011584.a:Ga0122290_100002_83	221	2.8e-14	7	64	10	66	0.890625
HTH_5	47	3300011584.a:Ga0122290_100002_86	100	6.2e-17	1	47	23	70	0.9787234042553191
Rhodanese	107	3300011584.a:Ga0122290_100002_87	173	2e-12	1	107	7	99	0.9906542056074766
CBS	57	3300011584.a:Ga0122290_100002_96	401	1.3e-07	9	56	347	393	0.8245614035087719
NUDIX	131	3300011584.a:Ga0122290_100005_101	133	5.6e-23	3	130	5	125	0.9694656488549618
LacI	46	3300011584.a:Ga0122290_100005_120	335	5.3e-21	1	46	2	50	0.9782608695652174
Peripla_BP_1	279	3300011584.a:Ga0122290_100005_120	335	5e-16	2	267	62	312	0.9498207885304659
ACT	67	3300011584.a:Ga0122290_100005_121	164	8.9e-17	2	66	4	68	0.9552238805970149
HTH_1	60	3300011584.a:Ga0122290_100005_123	315	5e-20	1	58	24	81	0.95
LysR_substrate	209	3300011584.a:Ga0122290_100005_123	315	2.4e-18	31	205	137	309	0.8325358851674641
SBP_bac_5	377	3300011584.a:Ga0122290_100005_130	553	5.3e-21	3	162	165	306	0.4217506631299735
SBP_bac_1	315	3300011584.a:Ga0122290_100005_133	328	3.1e-18	14	314	40	272	0.9523809523809523
AraC_binding	136	3300011584.a:Ga0122290_100005_137	293	8.9e-29	4	136	23	160	0.9705882352941176
HTH_18	81	3300011584.a:Ga0122290_100005_137	293	5.8e-22	1	80	200	278	0.9753086419753086
Glyoxalase	128	3300011584.a:Ga0122290_100005_15	130	9.8e-25	2	128	7	126	0.984375
HTH_1	60	3300011584.a:Ga0122290_100005_184	300	1.4e-17	2	60	7	65	0.9666666666666667
LysR_substrate	209	3300011584.a:Ga0122290_100005_184	300	6.8e-12	10	199	97	284	0.9043062200956937
PALP	294	3300011584.a:Ga0122290_100005_197	429	5.3e-26	30	281	99	369	0.8537414965986394
ACT	67	3300011584.a:Ga0122290_100005_199	821	7.7e-10	6	61	324	376	0.8208955223880597
ACT	67	3300011584.a:Ga0122290_100005_199	821	1.8e-08	6	51	405	447	0.6716417910447762
Response_reg	112	3300011584.a:Ga0122290_100005_201	239	9.1e-29	1	110	6	113	0.9732142857142857
Trans_reg_C	77	3300011584.a:Ga0122290_100005_201	239	2.7e-20	1	77	156	232	0.987012987012987
dCache_1	249	3300011584.a:Ga0122290_100005_203	475	6.8e-05	59	154	81	164	0.3815261044176707
HisKA	64	3300011584.a:Ga0122290_100005_203	475	1.4e-14	5	63	259	319	0.90625
HATPase_c	111	3300011584.a:Ga0122290_100005_203	475	2.3e-18	5	100	367	462	0.8558558558558559
Response_reg	112	3300011584.a:Ga0122290_100005_204	230	1.4e-27	1	111	6	115	0.9821428571428571
Trans_reg_C	77	3300011584.a:Ga0122290_100005_204	230	1.6e-25	2	77	151	226	0.974025974025974
HTH_18	81	3300011584.a:Ga0122290_100005_206	290	1.5e-21	1	80	27	105	0.9753086419753086
GyrI-like	155	3300011584.a:Ga0122290_100005_206	290	8.7e-24	2	155	127	288	0.9870967741935484
Trp_repressor	88	3300011584.a:Ga0122290_100005_209	99	1.6e-30	1	86	7	92	0.9659090909090909
HTH_3	55	3300011584.a:Ga0122290_100005_213	411	5.7e-11	1	52	7	59	0.9272727272727272
Sigma70_r4	50	3300011584.a:Ga0122290_100005_218	50	2.6e-05	5	33	4	44	0.56
Glycos_trans_3N	63	3300011584.a:Ga0122290_100005_221	441	5.6e-20	2	63	6	67	0.9682539682539683
Fer4	24	3300011584.a:Ga0122290_100005_224	288	5.6e-07	5	23	44	62	0.75
GerE	57	3300011584.a:Ga0122290_100005_236	226	1.7e-17	2	54	152	204	0.9122807017543859
GerE	57	3300011584.a:Ga0122290_100005_237	242	6.4e-12	2	56	153	207	0.9473684210526315
AAA	132	3300011584.a:Ga0122290_100005_241	246	2.6e-08	2	120	103	214	0.8939393939393939
GntR	64	3300011584.a:Ga0122290_100005_245	305	8.6e-08	22	55	26	59	0.515625
GntR	64	3300011584.a:Ga0122290_100005_245	305	3.4e-06	11	59	97	144	0.75
MCPsignal	172	3300011584.a:Ga0122290_100005_247	555	1.3e-62	1	172	327	484	0.9941860465116279
MarR	59	3300011584.a:Ga0122290_100005_248	149	1.1e-15	1	58	29	86	0.9661016949152542
AraC_binding	136	3300011584.a:Ga0122290_100005_256	297	8.6e-08	15	117	39	145	0.75
HTH_18	81	3300011584.a:Ga0122290_100005_256	297	3.8e-21	1	80	212	290	0.9753086419753086
GntR	64	3300011584.a:Ga0122290_100005_270	471	1.6e-17	2	64	4	66	0.96875
Aminotran_1_2	363	3300011584.a:Ga0122290_100005_270	471	1.6e-38	21	363	122	461	0.9421487603305785
HTH_1	60	3300011584.a:Ga0122290_100005_286	304	1e-15	4	59	16	71	0.9166666666666666
LysR_substrate	209	3300011584.a:Ga0122290_100005_286	304	1.3e-26	4	206	99	297	0.9665071770334929
GntR	64	3300011584.a:Ga0122290_100005_290	242	1.2e-22	9	64	2	57	0.859375
HTH_3	55	3300011584.a:Ga0122290_100005_310	153	1.6e-12	1	51	11	61	0.9090909090909091
HTH_7	45	3300011584.a:Ga0122290_100005_313	187	8e-07	2	38	145	181	0.8
TetR_N	47	3300011584.a:Ga0122290_100005_333	198	1.9e-14	2	46	22	66	0.9361702127659575
LacI	46	3300011584.a:Ga0122290_100005_340	316	4.3e-23	1	46	6	51	0.9782608695652174
Peripla_BP_3	164	3300011584.a:Ga0122290_100005_340	316	3.1e-21	2	156	168	312	0.9390243902439024
PTS_EIIC	324	3300011584.a:Ga0122290_100005_341	474	1.8e-33	2	323	113	405	0.9907407407407407
Peripla_BP_1	279	3300011584.a:Ga0122290_100005_353	319	2e-18	15	223	37	252	0.7455197132616488
CBS	57	3300011584.a:Ga0122290_100005_359	448	2.7e-05	7	56	284	333	0.8596491228070176
NTP_transf_2	95	3300011584.a:Ga0122290_100005_36	891	1.1e-08	14	70	86	137	0.5894736842105263
HD	122	3300011584.a:Ga0122290_100005_36	891	3.2e-17	1	121	468	601	0.9836065573770492
ACT	67	3300011584.a:Ga0122290_100005_36	891	5.1e-09	2	53	709	758	0.7611940298507462
ACT	67	3300011584.a:Ga0122290_100005_36	891	1.3e-10	3	64	817	874	0.9104477611940298
HxlR	91	3300011584.a:Ga0122290_100005_365	127	6.7e-34	2	88	29	115	0.945054945054945
Hemerythrin	131	3300011584.a:Ga0122290_100005_368	221	1.2e-29	3	131	77	216	0.9770992366412213
Diacid_rec	134	3300011584.a:Ga0122290_100005_39	386	5.2e-51	1	133	6	138	0.9850746268656716
HD	122	3300011584.a:Ga0122290_100005_41	506	5.9e-11	1	55	66	137	0.4426229508196721
Peripla_BP_2	238	3300011584.a:Ga0122290_100005_43	267	4.1e-26	1	202	26	217	0.8445378151260504
Peripla_BP_2	238	3300011584.a:Ga0122290_100005_49	297	2.4e-28	1	234	38	269	0.9789915966386554
Pribosyltran	159	3300011584.a:Ga0122290_100005_77	179	3.9e-25	10	158	13	160	0.9308176100628931
Pyr_redox_2	292	3300011584.a:Ga0122290_100005_86	475	4.1e-65	2	292	8	328	0.9931506849315068
GntR	64	3300011584.a:Ga0122290_100005_89	255	1.6e-27	2	64	12	74	0.96875
T2SSE	273	3300011584.a:Ga0122290_100005_95	462	1.3e-89	4	272	89	353	0.9816849816849816
TetR_N	47	3300011584.a:Ga0122290_100007_104	196	1.8e-16	1	46	14	59	0.9574468085106383
GerE	57	3300011584.a:Ga0122290_100007_106	363	2.4e-12	3	51	25	73	0.8421052631578947
EAL	238	3300011584.a:Ga0122290_100007_106	363	8.8e-63	3	238	112	346	0.9873949579831933
HTH_1	60	3300011584.a:Ga0122290_100007_107	311	7.7e-20	4	60	10	66	0.9333333333333333
LysR_substrate	209	3300011584.a:Ga0122290_100007_107	311	1.4e-21	2	191	91	280	0.9043062200956937
AAA	132	3300011584.a:Ga0122290_100007_119	529	9.9e-05	1	109	242	367	0.8181818181818182
HTH_8	42	3300011584.a:Ga0122290_100007_119	529	4e-12	11	40	498	527	0.6904761904761905
Citrate_synt	361	3300011584.a:Ga0122290_100007_121	390	1.5e-117	2	360	22	370	0.9916897506925207
HTH_1	60	3300011584.a:Ga0122290_100007_126	300	3.2e-29	2	60	4	62	0.9666666666666667
LysR_substrate	209	3300011584.a:Ga0122290_100007_126	300	1.1e-55	3	209	88	291	0.9856459330143541
Cyanate_lyase	69	3300011584.a:Ga0122290_100007_128	157	4.4e-34	2	68	87	154	0.9565217391304348
LacI	46	3300011584.a:Ga0122290_100007_132	1387	1.1e-23	1	46	8	53	0.9782608695652174
Peripla_BP_3	164	3300011584.a:Ga0122290_100007_132	1387	1.7e-32	1	164	174	332	0.9939024390243902
HTH_IclR	52	3300011584.a:Ga0122290_100007_133	278	4.6e-17	2	52	15	65	0.9615384615384616
IclR	129	3300011584.a:Ga0122290_100007_133	278	1.7e-14	7	127	135	257	0.9302325581395349
Pyr_redox	81	3300011584.a:Ga0122290_100007_134	555	4.8e-06	2	35	18	51	0.4074074074074074
PIG-L	131	3300011584.a:Ga0122290_100007_147	224	3.8e-25	1	130	20	141	0.9847328244274809
AAA	132	3300011584.a:Ga0122290_100007_149	256	4.2e-05	2	96	31	178	0.7121212121212122
Rrf2	83	3300011584.a:Ga0122290_100007_154	208	1e-05	26	61	161	196	0.42168674698795183
MASE2	89	3300011584.a:Ga0122290_100007_164	372	2.4e-30	1	89	40	128	0.9887640449438202
GGDEF	161	3300011584.a:Ga0122290_100007_164	372	4.2e-49	2	161	211	366	0.9875776397515528
SKI	158	3300011584.a:Ga0122290_100007_167	175	5.7e-50	1	157	11	168	0.9873417721518988
Glucokinase	316	3300011584.a:Ga0122290_100007_173	303	7.1e-12	4	235	6	237	0.7310126582278481
Response_reg	112	3300011584.a:Ga0122290_100007_177	230	4.8e-31	1	112	5	117	0.9910714285714286
Trans_reg_C	77	3300011584.a:Ga0122290_100007_177	230	1.3e-30	2	77	151	225	0.974025974025974
PAS	113	3300011584.a:Ga0122290_100007_178	432	1.2e-12	2	113	99	194	0.9823008849557522
HisKA	64	3300011584.a:Ga0122290_100007_178	432	2.2e-20	1	63	203	268	0.96875
HATPase_c	111	3300011584.a:Ga0122290_100007_178	432	2.6e-28	1	109	313	423	0.972972972972973
HTH_8	42	3300011584.a:Ga0122290_100007_19	329	8.8e-11	7	40	284	317	0.7857142857142857
AAA	132	3300011584.a:Ga0122290_100007_217	425	3.7e-17	1	98	115	220	0.7348484848484849
AAA	132	3300011584.a:Ga0122290_100007_218	785	1.6e-19	1	128	352	489	0.9621212121212122
SBP_bac_5	377	3300011584.a:Ga0122290_100007_224	567	1.5e-17	2	161	165	303	0.4217506631299735
HTH_11	55	3300011584.a:Ga0122290_100007_226	153	2.1e-06	3	46	7	49	0.7818181818181819
AsnC_trans_reg	75	3300011584.a:Ga0122290_100007_226	153	7.8e-24	1	75	68	142	0.9866666666666667
Ammonium_transp	399	3300011584.a:Ga0122290_100007_230	429	2.9e-133	1	399	33	426	0.9974937343358395
EAL	238	3300011584.a:Ga0122290_100007_235	517	5.5e-68	3	237	274	501	0.9831932773109243
TetR_N	47	3300011584.a:Ga0122290_100007_242	216	1.5e-21	1	47	16	62	0.9787234042553191
Pribosyltran	159	3300011584.a:Ga0122290_100007_247	184	2.4e-17	2	124	31	156	0.7672955974842768
AAA	132	3300011584.a:Ga0122290_100007_248	644	5.6e-13	2	125	42	171	0.9318181818181818
HATPase_c	111	3300011584.a:Ga0122290_100007_251	625	5e-16	1	109	27	182	0.972972972972973
PfkB	302	3300011584.a:Ga0122290_100007_255	435	6e-11	24	235	79	293	0.6986754966887417
HTH_3	55	3300011584.a:Ga0122290_100007_261	132	2.2e-07	1	54	34	87	0.9636363636363636
HMA	62	3300011584.a:Ga0122290_100007_262	835	2.8e-13	3	62	8	62	0.9516129032258065
HMA	62	3300011584.a:Ga0122290_100007_262	835	3.7e-17	4	61	105	159	0.9193548387096774
MerR	38	3300011584.a:Ga0122290_100007_269	136	7.1e-18	1	38	2	39	0.9736842105263158
AAA	132	3300011584.a:Ga0122290_100007_276	226	5.2e-07	2	118	37	204	0.8787878787878788
Trans_reg_C	77	3300011584.a:Ga0122290_100007_44	281	4.5e-15	4	76	26	97	0.935064935064935
SIS	131	3300011584.a:Ga0122290_100007_5	193	2.4e-10	52	105	110	163	0.40458015267175573
Sigma70_r2	71	3300011584.a:Ga0122290_100007_51	239	1.1e-12	3	70	27	96	0.9436619718309859
Sigma70_r4	50	3300011584.a:Ga0122290_100007_51	239	6.9e-15	1	49	184	232	0.96
Pribosyltran	159	3300011584.a:Ga0122290_100007_59	153	1.6e-17	4	157	11	144	0.9622641509433962
HTH_1	60	3300011584.a:Ga0122290_100007_65	300	4.8e-22	1	60	5	64	0.9833333333333333
LysR_substrate	209	3300011584.a:Ga0122290_100007_65	300	6.6e-41	4	207	90	294	0.9712918660287081
HTH_1	60	3300011584.a:Ga0122290_100007_68	295	1.6e-24	2	60	8	66	0.9666666666666667
LysR_substrate	209	3300011584.a:Ga0122290_100007_68	295	4.2e-38	2	204	91	292	0.9665071770334929
GerE	57	3300011584.a:Ga0122290_100007_81	180	1.4e-13	3	45	129	171	0.7368421052631579
HTH_1	60	3300011584.a:Ga0122290_100007_87	309	4.8e-20	4	59	12	67	0.9166666666666666
LysR_substrate	209	3300011584.a:Ga0122290_100007_87	309	1.1e-33	3	206	94	301	0.9712918660287081
HTH_1	60	3300011584.a:Ga0122290_100007_88	298	1e-23	1	60	6	65	0.9833333333333333
LysR_substrate	209	3300011584.a:Ga0122290_100007_88	298	1.2e-42	2	205	90	294	0.9712918660287081
HTH_18	81	3300011584.a:Ga0122290_100007_92	286	2.3e-22	1	81	27	106	0.9876543209876543
GyrI-like	155	3300011584.a:Ga0122290_100007_92	286	2.5e-13	2	155	127	283	0.9870967741935484
Pyr_redox_2	292	3300011584.a:Ga0122290_100007_96	442	2.7e-59	2	282	5	297	0.958904109589041
AraC_binding	136	3300011584.a:Ga0122290_100007_97	285	1.9e-05	26	67	41	83	0.3014705882352941
HTH_18	81	3300011584.a:Ga0122290_100007_97	285	3.8e-22	1	81	199	278	0.9876543209876543
Fer4	24	3300011584.a:Ga0122290_100007_99	476	5e-06	6	20	310	324	0.5833333333333334
LysR_substrate	209	3300011584.a:Ga0122290_100008_133	320	1.8e-05	8	130	29	155	0.583732057416268
SBP_bac_3	225	3300011584.a:Ga0122290_100008_133	320	1.8e-11	87	207	111	231	0.5333333333333333
Aminotran_1_2	363	3300011584.a:Ga0122290_100008_141	397	1.4e-98	3	363	28	392	0.9917355371900827
EPSP_synthase	417	3300011584.a:Ga0122290_100008_161	428	1.6e-156	2	417	7	420	0.9952038369304557
HTH_1	60	3300011584.a:Ga0122290_100008_169	303	4.1e-21	3	59	7	63	0.9333333333333333
LysR_substrate	209	3300011584.a:Ga0122290_100008_169	303	2.6e-36	4	206	91	290	0.9665071770334929
Fer4	24	3300011584.a:Ga0122290_100008_174	206	4.3e-06	2	18	8	24	0.6666666666666666
Fer4	24	3300011584.a:Ga0122290_100008_174	206	1.5e-09	1	23	92	114	0.9166666666666666
AAA	132	3300011584.a:Ga0122290_100008_177	448	2.7e-19	1	126	53	159	0.946969696969697
MarR	59	3300011584.a:Ga0122290_100008_180	165	6.3e-05	8	48	19	59	0.6779661016949152
AsnC_trans_reg	75	3300011584.a:Ga0122290_100008_180	165	1.2e-26	1	75	78	152	0.9866666666666667
Pyr_redox_2	292	3300011584.a:Ga0122290_100008_181	322	3.7e-54	2	290	8	301	0.9863013698630136
AAA	132	3300011584.a:Ga0122290_100008_186	759	7.8e-15	2	125	211	342	0.9318181818181818
AAA	132	3300011584.a:Ga0122290_100008_186	759	7.2e-10	2	111	492	607	0.8257575757575758
Aminotran_1_2	363	3300011584.a:Ga0122290_100008_198	334	1.6e-10	38	327	28	303	0.7961432506887053
SBP_bac_3	225	3300011584.a:Ga0122290_100008_206	244	1.2e-68	1	224	23	242	0.9911111111111112
SBP_bac_3	225	3300011584.a:Ga0122290_100008_209	244	8.7e-74	1	224	23	242	0.9911111111111112
SBP_bac_1	315	3300011584.a:Ga0122290_100008_215	371	1.1e-18	17	312	44	303	0.9365079365079365
Nitroreductase	170	3300011584.a:Ga0122290_100008_218	241	3.2e-19	4	170	11	159	0.9764705882352941
TrkA_C	70	3300011584.a:Ga0122290_100008_222	562	1.5e-10	13	64	229	281	0.7285714285714285
TrkA_C	70	3300011584.a:Ga0122290_100008_222	562	6.3e-11	2	69	304	371	0.9571428571428572
TetR_N	47	3300011584.a:Ga0122290_100008_223	179	1.5e-10	1	47	13	59	0.9787234042553191
HTH_DeoR	57	3300011584.a:Ga0122290_100008_229	253	1.1e-16	1	55	8	59	0.9473684210526315
DeoRC	160	3300011584.a:Ga0122290_100008_229	253	1.7e-47	3	159	76	232	0.975
Pyr_redox_2	292	3300011584.a:Ga0122290_100008_23	373	8.5e-05	1	112	3	207	0.3801369863013699
GGDEF	161	3300011584.a:Ga0122290_100008_235	443	2.1e-27	1	160	295	437	0.9875776397515528
dCache_1	249	3300011584.a:Ga0122290_100008_236	783	4.5e-07	7	202	39	240	0.7831325301204819
EAL	238	3300011584.a:Ga0122290_100008_236	783	5.2e-67	2	238	532	767	0.9915966386554622
SBP_bac_5	377	3300011584.a:Ga0122290_100008_239	513	8.1e-100	2	375	71	429	0.9893899204244032
Rhodanese	107	3300011584.a:Ga0122290_100008_27	351	9e-16	2	106	138	233	0.9719626168224299
GerE	57	3300011584.a:Ga0122290_100008_41	217	2.1e-22	2	57	155	210	0.9649122807017544
TetR_N	47	3300011584.a:Ga0122290_100008_59	213	5.4e-17	1	47	23	69	0.9787234042553191
Nitroreductase	170	3300011584.a:Ga0122290_100008_64	197	1.6e-15	5	170	18	174	0.9705882352941176
Response_reg	112	3300011584.a:Ga0122290_100008_77	231	4.1e-29	1	111	5	113	0.9821428571428571
Trans_reg_C	77	3300011584.a:Ga0122290_100008_77	231	1.3e-18	1	77	153	225	0.987012987012987
Peripla_BP_1	279	3300011584.a:Ga0122290_100008_78	343	3e-96	2	279	45	337	0.992831541218638
HisKA	64	3300011584.a:Ga0122290_100008_79	900	1.4e-18	1	64	428	493	0.984375
HATPase_c	111	3300011584.a:Ga0122290_100008_79	900	3.4e-28	1	110	542	648	0.9819819819819819
Response_reg	112	3300011584.a:Ga0122290_100008_79	900	1.2e-15	2	109	670	777	0.9553571428571429
Fer4	24	3300011584.a:Ga0122290_100008_80	358	4.3e-06	3	20	246	263	0.7083333333333334
Fer4	24	3300011584.a:Ga0122290_100008_80	358	1.1e-05	7	20	277	290	0.5416666666666666
CbiA	128	3300011584.a:Ga0122290_100008_89	727	7.8e-08	1	87	534	706	0.671875
NUDIX	131	3300011584.a:Ga0122290_100012_100	187	9.7e-15	2	109	46	150	0.816793893129771
HisKA	64	3300011584.a:Ga0122290_100012_107	451	2.3e-12	3	60	235	289	0.890625
HATPase_c	111	3300011584.a:Ga0122290_100012_107	451	3.9e-21	6	109	337	438	0.9279279279279279
Response_reg	112	3300011584.a:Ga0122290_100012_108	240	1.4e-31	1	112	7	117	0.9910714285714286
Trans_reg_C	77	3300011584.a:Ga0122290_100012_108	240	2.4e-24	2	77	157	232	0.974025974025974
TrkA_C	70	3300011584.a:Ga0122290_100012_11	459	1.8e-12	3	69	157	225	0.9428571428571428
TrkA_C	70	3300011584.a:Ga0122290_100012_11	459	1.4e-11	8	69	390	451	0.8714285714285714
FeoA	74	3300011584.a:Ga0122290_100012_111	76	3.7e-10	8	73	5	71	0.8783783783783784
TrmB	68	3300011584.a:Ga0122290_100012_113	79	4e-08	18	59	11	53	0.6029411764705882
GerE	57	3300011584.a:Ga0122290_100012_121	902	1.3e-21	2	57	835	890	0.9649122807017544
AAA	132	3300011584.a:Ga0122290_100012_124	533	2.1e-09	1	100	211	321	0.75
HTH_DeoR	57	3300011584.a:Ga0122290_100012_125	253	8.6e-28	1	56	6	61	0.9649122807017544
DeoRC	160	3300011584.a:Ga0122290_100012_125	253	8.8e-58	2	159	74	231	0.98125
Rhodanese	107	3300011584.a:Ga0122290_100012_127	109	4.7e-15	4	106	11	98	0.9532710280373832
MerR	38	3300011584.a:Ga0122290_100012_14	142	2.9e-14	1	38	3	40	0.9736842105263158
SKI	158	3300011584.a:Ga0122290_100012_140	176	2.8e-14	1	157	17	171	0.9873417721518988
LacI	46	3300011584.a:Ga0122290_100012_141	332	6.4e-20	2	46	8	52	0.9565217391304348
Peripla_BP_1	279	3300011584.a:Ga0122290_100012_141	332	1.9e-33	2	259	64	309	0.921146953405018
SBP_bac_1	315	3300011584.a:Ga0122290_100012_155	439	2.5e-40	10	314	41	337	0.9650793650793651
Sigma70_r2	71	3300011584.a:Ga0122290_100012_165	285	1.2e-18	1	70	53	122	0.971830985915493
Sigma70_r4	50	3300011584.a:Ga0122290_100012_165	285	7e-19	1	50	228	280	0.98
CbiA	128	3300011584.a:Ga0122290_100012_168	499	6e-05	9	73	304	376	0.5
HMA	62	3300011584.a:Ga0122290_100012_173	733	5.5e-14	3	61	53	109	0.9354838709677419
SBP_bac_5	377	3300011584.a:Ga0122290_100012_180	525	6.2e-95	2	369	68	433	0.9734748010610079
Pyr_redox_2	292	3300011584.a:Ga0122290_100012_194	401	1.4e-10	2	107	5	161	0.3595890410958904
Pyr_redox_2	292	3300011584.a:Ga0122290_100012_202	451	9e-72	1	292	5	318	0.9965753424657534
HTH_5	47	3300011584.a:Ga0122290_100012_204	118	1.7e-19	1	45	15	60	0.9361702127659575
GerE	57	3300011584.a:Ga0122290_100012_209	177	5.5e-11	2	55	115	168	0.9298245614035088
Peripla_BP_2	238	3300011584.a:Ga0122290_100012_212	305	1.8e-33	1	237	53	281	0.9915966386554622
GerE	57	3300011584.a:Ga0122290_100012_222	176	8.9e-08	4	54	117	167	0.8771929824561403
HTH_18	81	3300011584.a:Ga0122290_100012_227	243	2.7e-14	1	80	158	235	0.9753086419753086
HTH_18	81	3300011584.a:Ga0122290_100012_228	275	1.1e-17	1	81	164	242	0.9876543209876543
HTH_7	45	3300011584.a:Ga0122290_100012_54	241	1e-05	14	41	194	226	0.6
cNMP_binding	88	3300011584.a:Ga0122290_100012_66	211	7e-26	3	87	23	109	0.9545454545454546
Crp	32	3300011584.a:Ga0122290_100012_66	211	1.9e-17	1	32	166	197	0.96875
Aminotran_1_2	363	3300011584.a:Ga0122290_100012_68	407	5.3e-08	104	306	155	338	0.5564738292011019
Pyr_redox_2	292	3300011584.a:Ga0122290_100012_74	848	3.7e-53	2	277	5	292	0.9417808219178082
NIR_SIR_ferr	69	3300011584.a:Ga0122290_100012_74	848	1.1e-13	3	68	560	622	0.9420289855072463
NIR_SIR	159	3300011584.a:Ga0122290_100012_74	848	7.7e-17	3	142	633	757	0.8742138364779874
Aminotran_1_2	363	3300011584.a:Ga0122290_100012_79	362	4.1e-10	48	257	54	230	0.5757575757575758
SKI	158	3300011584.a:Ga0122290_100012_93	174	1.1e-58	1	157	13	170	0.9873417721518988
HisKA	64	3300011584.a:Ga0122290_100013_104	367	6e-11	3	62	147	203	0.921875
HATPase_c	111	3300011584.a:Ga0122290_100013_104	367	5.4e-19	1	110	252	359	0.9819819819819819
Response_reg	112	3300011584.a:Ga0122290_100013_105	223	1.4e-27	1	112	3	113	0.9910714285714286
Trans_reg_C	77	3300011584.a:Ga0122290_100013_105	223	1.7e-22	1	77	145	216	0.987012987012987
HTH_18	81	3300011584.a:Ga0122290_100013_108	254	1.2e-15	2	79	169	244	0.9506172839506173
Aminotran_1_2	363	3300011584.a:Ga0122290_100013_109	757	6.6e-05	55	196	217	357	0.3884297520661157
HTH_18	81	3300011584.a:Ga0122290_100013_110	303	8.3e-21	2	80	214	291	0.9629629629629629
Response_reg	112	3300011584.a:Ga0122290_100013_116	240	5e-21	1	111	4	117	0.9821428571428571
dCache_1	249	3300011584.a:Ga0122290_100013_117	544	2.6e-07	28	170	55	179	0.570281124497992
PAS	113	3300011584.a:Ga0122290_100013_117	544	4.7e-16	1	112	222	323	0.9823008849557522
HATPase_c	111	3300011584.a:Ga0122290_100013_117	544	4.1e-20	5	108	434	535	0.9279279279279279
Trans_reg_C	77	3300011584.a:Ga0122290_100013_126	513	5e-21	1	77	24	100	0.987012987012987
TetR_N	47	3300011584.a:Ga0122290_100013_127	192	6.3e-06	4	44	9	49	0.851063829787234
Fer4	24	3300011584.a:Ga0122290_100013_147	245	3.5e-06	7	19	148	160	0.5
HATPase_c	111	3300011584.a:Ga0122290_100013_159	616	5.5e-09	5	62	22	77	0.5135135135135135
Rrf2	83	3300011584.a:Ga0122290_100013_167	142	1.4e-26	1	82	1	82	0.9759036144578314
HTH_12	66	3300011584.a:Ga0122290_100013_168	814	3.7e-15	2	64	23	83	0.9393939393939394
Sigma70_r4	50	3300011584.a:Ga0122290_100013_17	316	4.6e-08	14	46	15	47	0.64
HTH_DeoR	57	3300011584.a:Ga0122290_100013_180	252	2.5e-22	1	57	6	62	0.9824561403508771
DeoRC	160	3300011584.a:Ga0122290_100013_180	252	2.4e-39	2	159	76	230	0.98125
ACT	67	3300011584.a:Ga0122290_100013_20	450	2.3e-08	12	66	323	378	0.8059701492537313
SBP_bac_1	315	3300011584.a:Ga0122290_100013_30	397	1.8e-44	9	313	45	315	0.9650793650793651
LexA_DNA_bind	65	3300011584.a:Ga0122290_100013_39	203	1.4e-33	1	65	1	65	0.9846153846153847
FUR	120	3300011584.a:Ga0122290_100013_42	172	6.5e-17	2	118	20	138	0.9666666666666667
Aminotran_1_2	363	3300011584.a:Ga0122290_100013_49	398	5.6e-88	2	362	27	392	0.9917355371900827
EAL	238	3300011584.a:Ga0122290_100013_57	529	1.9e-71	2	237	273	505	0.9873949579831933
HTH_18	81	3300011584.a:Ga0122290_100013_58	108	8.6e-26	1	81	27	106	0.9876543209876543
MerR	38	3300011584.a:Ga0122290_100013_59	155	1.5e-15	1	38	13	49	0.9736842105263158
Fer4	24	3300011584.a:Ga0122290_100013_68	224	1.8e-06	2	18	40	56	0.6666666666666666
Fer4	24	3300011584.a:Ga0122290_100013_68	224	5e-08	2	21	119	138	0.7916666666666666
HTH_IclR	52	3300011584.a:Ga0122290_100013_7	275	1.2e-20	1	51	26	76	0.9615384615384616
IclR	129	3300011584.a:Ga0122290_100013_7	275	1.5e-43	4	127	145	267	0.9534883720930233
TPR_1	34	3300011584.a:Ga0122290_100013_72	199	1e-05	2	32	74	104	0.8823529411764706
B12-binding_2	75	3300011584.a:Ga0122290_100013_8	1228	3.3e-27	2	75	660	733	0.9733333333333334
B12-binding	121	3300011584.a:Ga0122290_100013_8	1228	3.9e-20	2	94	748	840	0.7603305785123967
GntR	64	3300011584.a:Ga0122290_100013_94	242	9.8e-24	2	64	14	75	0.96875
SBP_bac_3	225	3300011584.a:Ga0122290_100013_96	339	8e-05	29	178	54	220	0.6622222222222223
Glyoxalase	128	3300011584.a:Ga0122290_100013_98	148	4.5e-07	8	128	9	138	0.9375
TOBE	64	3300011584.a:Ga0122290_100014_105	361	1.7e-07	4	64	295	350	0.9375
LacI	46	3300011584.a:Ga0122290_100014_107	333	3.1e-23	1	46	4	49	0.9782608695652174
Peripla_BP_1	279	3300011584.a:Ga0122290_100014_107	333	4.7e-25	13	269	77	323	0.9175627240143369
ACT	67	3300011584.a:Ga0122290_100014_110	514	1.7e-05	2	65	2	61	0.9402985074626866
PAS	113	3300011584.a:Ga0122290_100014_110	514	4.8e-05	3	100	82	170	0.8584070796460177
AAA	132	3300011584.a:Ga0122290_100014_110	514	1.2e-06	1	111	230	341	0.8333333333333334
HTH_1	60	3300011584.a:Ga0122290_100014_116	300	1.1e-21	3	60	8	65	0.95
LysR_substrate	209	3300011584.a:Ga0122290_100014_116	300	2.4e-39	2	205	90	294	0.9712918660287081
SBP_bac_5	377	3300011584.a:Ga0122290_100014_117	538	6.9e-90	1	372	77	453	0.9840848806366048
MASE1	300	3300011584.a:Ga0122290_100014_118	344	2.1e-05	76	179	9	116	0.3433333333333333
cNMP_binding	88	3300011584.a:Ga0122290_100014_121	251	1.1e-17	3	84	51	132	0.9204545454545454
Crp	32	3300011584.a:Ga0122290_100014_121	251	2.9e-17	1	32	193	224	0.96875
HTH_1	60	3300011584.a:Ga0122290_100014_126	303	4.8e-22	1	60	7	66	0.9833333333333333
LysR_substrate	209	3300011584.a:Ga0122290_100014_126	303	3.6e-40	2	208	91	297	0.9856459330143541
GGDEF	161	3300011584.a:Ga0122290_100014_128	411	1.1e-47	1	161	253	406	0.9937888198757764
Fer4	24	3300011584.a:Ga0122290_100014_135	1175	2.5e-07	2	24	683	705	0.9166666666666666
Fer4	24	3300011584.a:Ga0122290_100014_135	1175	9.3e-07	3	20	740	757	0.7083333333333334
HTH_18	81	3300011584.a:Ga0122290_100014_142	302	9.1e-23	1	80	219	298	0.9753086419753086
ACT	67	3300011584.a:Ga0122290_100014_16	281	6.1e-10	2	64	8	69	0.9253731343283582
MCPsignal	172	3300011584.a:Ga0122290_100014_175	547	8.9e-60	1	172	335	492	0.9941860465116279
HTH_1	60	3300011584.a:Ga0122290_100014_176	308	4.3e-21	1	60	13	72	0.9833333333333333
LysR_substrate	209	3300011584.a:Ga0122290_100014_176	308	2e-34	6	207	101	304	0.9617224880382775
Response_reg	112	3300011584.a:Ga0122290_100014_19	338	2.8e-30	1	111	10	120	0.9821428571428571
SBP_bac_5	377	3300011584.a:Ga0122290_100014_27	559	4.9e-90	3	376	98	478	0.9893899204244032
PALP	294	3300011584.a:Ga0122290_100014_45	398	1.8e-51	3	291	52	375	0.9795918367346939
Glycos_trans_3N	63	3300011584.a:Ga0122290_100014_47	532	2.1e-16	2	62	202	262	0.9523809523809523
HTH_1	60	3300011584.a:Ga0122290_100014_58	325	5.9e-17	1	60	3	64	0.9833333333333333
LysR_substrate	209	3300011584.a:Ga0122290_100014_58	325	6.5e-45	5	205	92	292	0.9569377990430622
Response_reg	112	3300011584.a:Ga0122290_100014_7	217	9.1e-33	1	111	9	120	0.9821428571428571
GerE	57	3300011584.a:Ga0122290_100014_7	217	9.7e-25	2	56	155	209	0.9473684210526315
HTH_DeoR	57	3300011584.a:Ga0122290_100014_70	250	9.5e-18	1	56	4	59	0.9649122807017544
DeoRC	160	3300011584.a:Ga0122290_100014_70	250	1.1e-47	2	160	69	227	0.9875
PAS	113	3300011584.a:Ga0122290_100014_72	662	2.3e-08	4	107	114	217	0.911504424778761
GGDEF	161	3300011584.a:Ga0122290_100014_72	662	1.7e-48	1	160	237	390	0.9875776397515528
EAL	238	3300011584.a:Ga0122290_100014_72	662	4e-66	3	238	412	644	0.9873949579831933
HATPase_c	111	3300011584.a:Ga0122290_100014_8	599	4e-13	4	107	497	583	0.9279279279279279
SBP_bac_5	377	3300011584.a:Ga0122290_100014_81	548	3.4e-85	2	375	79	457	0.9893899204244032
HTH_3	55	3300011584.a:Ga0122290_100014_86	186	2.1e-16	2	55	13	66	0.9636363636363636
AraC_binding	136	3300011584.a:Ga0122290_100014_86	186	2.6e-06	19	64	124	169	0.33088235294117646
Aminotran_1_2	363	3300011584.a:Ga0122290_100014_89	422	2.3e-06	37	271	76	317	0.6446280991735537
AAA	132	3300011584.a:Ga0122290_100014_90	326	6.1e-05	1	123	32	165	0.9242424242424242
HTH_8	42	3300011584.a:Ga0122290_100014_90	326	5.5e-07	5	41	286	322	0.8571428571428571
Rhodanese	107	3300011584.a:Ga0122290_100014_95	105	4e-14	15	100	22	93	0.794392523364486
SBP_bac_1	315	3300011584.a:Ga0122290_100014_97	431	1.4e-40	7	311	43	325	0.9650793650793651
Glycos_trans_3N	63	3300011584.a:Ga0122290_100033_103	321	2.1e-12	2	62	5	69	0.9523809523809523
SBP_bac_3	225	3300011584.a:Ga0122290_100033_114	249	1.1e-72	1	224	27	244	0.9911111111111112
Fe_dep_repress	60	3300011584.a:Ga0122290_100033_120	156	1.2e-12	6	60	38	92	0.9
Fe_dep_repr_C	70	3300011584.a:Ga0122290_100033_120	156	1.2e-16	1	56	95	149	0.7857142857142857
Citrate_synt	361	3300011584.a:Ga0122290_100033_15	428	8.3e-134	1	361	46	410	0.997229916897507
GntR	64	3300011584.a:Ga0122290_100033_24	241	1.4e-26	1	64	6	69	0.984375
PTS_EIIC	324	3300011584.a:Ga0122290_100033_25	639	5.7e-11	3	249	293	554	0.7592592592592593
HTH_1	60	3300011584.a:Ga0122290_100033_28	302	2.9e-18	2	60	9	67	0.9666666666666667
LysR_substrate	209	3300011584.a:Ga0122290_100033_28	302	1.3e-29	7	206	96	293	0.9521531100478469
B12-binding	121	3300011584.a:Ga0122290_100033_37	150	1.4e-16	3	92	6	96	0.7355371900826446
TPR_2	34	3300011584.a:Ga0122290_100033_50	264	4.1e-05	2	33	181	212	0.9117647058823529
HTH_1	60	3300011584.a:Ga0122290_100033_62	263	1.2e-15	2	60	20	83	0.9666666666666667
TOBE	64	3300011584.a:Ga0122290_100033_62	263	7.3e-14	1	62	125	187	0.953125
TOBE	64	3300011584.a:Ga0122290_100033_62	263	9.9e-16	3	63	199	257	0.9375
SBP_bac_1	315	3300011584.a:Ga0122290_100033_64	258	7.7e-19	1	314	34	246	0.9936507936507937
TOBE	64	3300011584.a:Ga0122290_100033_66	353	2e-19	1	62	290	350	0.953125
HTH_1	60	3300011584.a:Ga0122290_100033_69	318	1.4e-21	2	60	6	64	0.9666666666666667
LysR_substrate	209	3300011584.a:Ga0122290_100033_69	318	1.6e-44	4	205	91	291	0.9617224880382775
Aminotran_1_2	363	3300011584.a:Ga0122290_100033_77	385	6.6e-70	2	363	40	380	0.9944903581267218
CbiA	128	3300011584.a:Ga0122290_100033_79	226	5.6e-16	2	126	6	218	0.96875
TetR_N	47	3300011584.a:Ga0122290_100033_98	224	9.1e-16	1	47	17	62	0.9787234042553191
Nitroreductase	170	3300011584.a:Ga0122290_100036_106	218	9.9e-36	2	170	8	193	0.9882352941176471
Response_reg	112	3300011584.a:Ga0122290_100036_113	228	5.7e-29	2	112	4	113	0.9821428571428571
Trans_reg_C	77	3300011584.a:Ga0122290_100036_113	228	6.9e-28	1	77	146	221	0.987012987012987
HisKA	64	3300011584.a:Ga0122290_100036_114	483	3.8e-13	2	63	262	326	0.953125
HATPase_c	111	3300011584.a:Ga0122290_100036_114	483	2.5e-23	1	109	371	480	0.972972972972973
FUR	120	3300011584.a:Ga0122290_100036_13	149	7.6e-51	1	120	10	130	0.9916666666666667
PTS_EIIC	324	3300011584.a:Ga0122290_100036_18	649	5.2e-77	2	324	12	300	0.9938271604938271
MarR	59	3300011584.a:Ga0122290_100036_21	407	6e-09	10	48	25	63	0.6440677966101694
Pyr_redox_2	292	3300011584.a:Ga0122290_100036_25	392	4.3e-05	2	171	7	36	0.5787671232876712
CBS	57	3300011584.a:Ga0122290_100036_29	293	7e-10	1	53	69	124	0.9122807017543859
CBS	57	3300011584.a:Ga0122290_100036_29	293	6.6e-07	8	56	141	189	0.8421052631578947
SBP_bac_3	225	3300011584.a:Ga0122290_100036_31	303	4.5e-50	1	224	42	271	0.9911111111111112
HTH_1	60	3300011584.a:Ga0122290_100036_53	318	2.1e-16	1	58	31	88	0.95
LysR_substrate	209	3300011584.a:Ga0122290_100036_53	318	6e-19	5	207	116	316	0.9665071770334929
HisKA	64	3300011584.a:Ga0122290_100036_6	895	1.6e-12	2	64	664	730	0.96875
HATPase_c	111	3300011584.a:Ga0122290_100036_6	895	7.2e-25	5	110	777	882	0.9459459459459459
Response_reg	112	3300011584.a:Ga0122290_100036_61	227	2.9e-21	2	110	8	117	0.9642857142857143
dCache_1	249	3300011584.a:Ga0122290_100036_62	553	2.3e-06	14	164	37	173	0.6024096385542169
PAS	113	3300011584.a:Ga0122290_100036_62	553	4.2e-07	4	64	225	285	0.5309734513274337
HATPase_c	111	3300011584.a:Ga0122290_100036_62	553	2e-16	2	109	429	539	0.963963963963964
Response_reg	112	3300011584.a:Ga0122290_100036_7	226	2.9e-31	1	111	4	112	0.9821428571428571
Trans_reg_C	77	3300011584.a:Ga0122290_100036_7	226	8e-24	2	77	148	223	0.974025974025974
Pyr_redox_2	292	3300011584.a:Ga0122290_100036_75	532	4.7e-46	1	291	223	513	0.9931506849315068
HTH_1	60	3300011584.a:Ga0122290_100036_78	301	7e-21	1	59	12	70	0.9666666666666667
LysR_substrate	209	3300011584.a:Ga0122290_100036_78	301	7.3e-11	41	206	134	298	0.7894736842105263
Aminotran_1_2	363	3300011584.a:Ga0122290_100036_81	387	5.1e-58	3	363	32	383	0.9917355371900827
Peripla_BP_2	238	3300011584.a:Ga0122290_100036_90	319	6.7e-32	1	236	49	297	0.9873949579831933
Pribosyltran	159	3300011584.a:Ga0122290_100039_10	338	4.5e-21	27	122	182	270	0.5974842767295597
STAS	117	3300011584.a:Ga0122290_100039_11	551	7.2e-14	4	115	444	544	0.9487179487179487
GAF	133	3300011584.a:Ga0122290_100039_17	640	7.6e-06	4	131	55	187	0.9548872180451128
PAS	113	3300011584.a:Ga0122290_100039_17	640	2.1e-15	2	113	204	306	0.9823008849557522
HTH_8	42	3300011584.a:Ga0122290_100039_17	640	3.7e-16	3	42	589	628	0.9285714285714286
PTS-HPr	82	3300011584.a:Ga0122290_100039_20	473	9e-18	5	81	160	236	0.926829268292683
Peripla_BP_2	238	3300011584.a:Ga0122290_100039_22	341	1.1e-19	11	234	54	278	0.9369747899159664
TrkA_C	70	3300011584.a:Ga0122290_100039_32	579	2.8e-13	6	69	421	483	0.9
Pyr_redox	81	3300011584.a:Ga0122290_100039_36	433	6.1e-07	1	32	2	33	0.38271604938271603
GntR	64	3300011584.a:Ga0122290_100039_38	240	6.2e-22	4	64	11	71	0.9375
CbiA	128	3300011584.a:Ga0122290_100039_50	271	7.9e-22	1	128	5	227	0.9921875
EAL	238	3300011584.a:Ga0122290_100039_57	508	2.1e-66	2	238	251	486	0.9915966386554622
BLUF	92	3300011584.a:Ga0122290_100039_61	404	2.4e-26	1	91	2	92	0.9782608695652174
EAL	238	3300011584.a:Ga0122290_100039_61	404	1.1e-49	14	237	173	388	0.9369747899159664
MerR	38	3300011584.a:Ga0122290_100039_62	244	1.6e-15	1	38	5	42	0.9736842105263158
NUDIX	131	3300011584.a:Ga0122290_100039_66	154	7.1e-21	2	116	4	114	0.8702290076335878
Response_reg	112	3300011584.a:Ga0122290_100039_70	224	2.6e-27	1	111	3	112	0.9821428571428571
Trans_reg_C	77	3300011584.a:Ga0122290_100039_70	224	1.7e-21	2	77	146	220	0.974025974025974
HisKA	64	3300011584.a:Ga0122290_100039_71	487	1.4e-05	6	64	272	330	0.90625
HATPase_c	111	3300011584.a:Ga0122290_100039_71	487	4.1e-13	3	97	376	466	0.8468468468468469
SBP_bac_1	315	3300011584.a:Ga0122290_100039_77	349	3.8e-15	13	314	41	284	0.9555555555555556
Glucokinase	316	3300011584.a:Ga0122290_100039_79	304	3e-11	4	265	6	256	0.8259493670886076
TetR_N	47	3300011584.a:Ga0122290_100039_87	232	2.2e-17	2	47	46	91	0.9574468085106383
Pyr_redox_2	292	3300011584.a:Ga0122290_100039_89	435	1.3e-74	1	292	6	338	0.9965753424657534
PTS_EIIC	324	3300011584.a:Ga0122290_100039_97	478	7.3e-87	1	324	13	320	0.9969135802469136
MASE1	300	3300011584.a:Ga0122290_100042_10	501	7.9e-16	3	299	12	276	0.9866666666666667
HATPase_c	111	3300011584.a:Ga0122290_100042_10	501	1.4e-08	4	109	412	497	0.9459459459459459
Response_reg	112	3300011584.a:Ga0122290_100042_11	197	2.7e-26	1	111	4	112	0.9821428571428571
GerE	57	3300011584.a:Ga0122290_100042_11	197	6.7e-25	2	55	137	190	0.9298245614035088
ACT	67	3300011584.a:Ga0122290_100042_14	97	6e-12	2	66	10	73	0.9552238805970149
AraC_binding	136	3300011584.a:Ga0122290_100042_24	298	1.6e-08	27	90	65	128	0.4632352941176471
HTH_18	81	3300011584.a:Ga0122290_100042_24	298	7.9e-19	2	80	207	284	0.9629629629629629
PTS_EIIC	324	3300011584.a:Ga0122290_100042_26	539	6.6e-76	2	323	10	346	0.9907407407407407
GntR	64	3300011584.a:Ga0122290_100042_27	239	4.9e-23	2	63	3	64	0.953125
TrkA_C	70	3300011584.a:Ga0122290_100042_28	554	7.4e-09	8	65	212	270	0.8142857142857143
TrkA_C	70	3300011584.a:Ga0122290_100042_28	554	8.7e-13	2	70	291	360	0.9714285714285714
Pyr_redox_2	292	3300011584.a:Ga0122290_100042_33	355	1.3e-05	1	109	4	159	0.3698630136986301
HATPase_c	111	3300011584.a:Ga0122290_100042_37	805	1.7e-23	2	110	32	174	0.972972972972973
HTH_3	55	3300011584.a:Ga0122290_100042_4	108	2.9e-09	1	45	52	96	0.8
AAA	132	3300011584.a:Ga0122290_100042_40	468	1.5e-07	2	111	169	270	0.8257575757575758
Aminotran_1_2	363	3300011584.a:Ga0122290_100042_46	472	2.1e-05	32	189	66	229	0.4325068870523416
HTH_1	60	3300011584.a:Ga0122290_100042_49	320	2.3e-15	1	57	10	66	0.9333333333333333
LysR_substrate	209	3300011584.a:Ga0122290_100042_49	320	5.1e-18	17	206	108	313	0.9043062200956937
SIS	131	3300011584.a:Ga0122290_100042_66	610	2.3e-36	1	130	289	418	0.9847328244274809
SIS	131	3300011584.a:Ga0122290_100042_66	610	5.1e-33	2	130	462	591	0.9770992366412213
HTH_11	55	3300011584.a:Ga0122290_100042_80	153	1.1e-06	19	54	26	66	0.6363636363636364
AsnC_trans_reg	75	3300011584.a:Ga0122290_100042_80	153	7.3e-20	5	74	76	143	0.92
AAA	132	3300011584.a:Ga0122290_100042_83	499	2e-05	1	128	42	175	0.9621212121212122
Peripla_BP_1	279	3300011584.a:Ga0122290_100042_88	297	7e-29	2	250	27	268	0.8888888888888888
PfkB	302	3300011584.a:Ga0122290_100042_89	310	3.9e-80	3	301	6	297	0.9867549668874173
LacI	46	3300011584.a:Ga0122290_100042_90	331	5.6e-23	1	46	3	48	0.9782608695652174
Peripla_BP_3	164	3300011584.a:Ga0122290_100042_90	331	1.6e-42	1	163	169	329	0.9878048780487805
GntR	64	3300011584.a:Ga0122290_100042_92	231	5.7e-21	5	64	18	77	0.921875
SBP_bac_1	315	3300011584.a:Ga0122290_100055_20	330	1.9e-20	4	315	32	272	0.9873015873015873
Response_reg	112	3300011584.a:Ga0122290_100055_24	233	4.8e-31	1	112	4	112	0.9910714285714286
Trans_reg_C	77	3300011584.a:Ga0122290_100055_24	233	1.6e-23	1	77	152	228	0.987012987012987
HisKA	64	3300011584.a:Ga0122290_100055_25	458	2.7e-16	1	63	238	299	0.96875
HATPase_c	111	3300011584.a:Ga0122290_100055_25	458	5.4e-22	2	110	346	454	0.972972972972973
LacI	46	3300011584.a:Ga0122290_100055_3	342	1.1e-21	1	46	11	56	0.9782608695652174
Peripla_BP_3	164	3300011584.a:Ga0122290_100055_3	342	2.6e-46	1	164	176	337	0.9939024390243902
AraC_binding	136	3300011584.a:Ga0122290_100055_30	313	1.2e-24	7	120	52	170	0.8308823529411765
HTH_18	81	3300011584.a:Ga0122290_100055_30	313	1.5e-23	2	79	229	305	0.9506172839506173
AraC_binding	136	3300011584.a:Ga0122290_100055_31	279	9.3e-25	4	128	16	142	0.9117647058823529
HTH_18	81	3300011584.a:Ga0122290_100055_31	279	2.4e-27	2	80	194	271	0.9629629629629629
PTS_EIIC	324	3300011584.a:Ga0122290_100055_38	484	6.5e-30	2	321	134	406	0.9845679012345679
HTH_11	55	3300011584.a:Ga0122290_100055_40	583	2.6e-11	1	55	5	60	0.9818181818181818
Fer4	24	3300011584.a:Ga0122290_100055_45	301	1e-06	5	22	130	147	0.7083333333333334
HTH_DeoR	57	3300011584.a:Ga0122290_100055_56	262	1.5e-24	1	56	11	66	0.9649122807017544
DeoRC	160	3300011584.a:Ga0122290_100055_56	262	2e-51	2	160	79	237	0.9875
PfkB	302	3300011584.a:Ga0122290_100055_57	299	7.6e-69	2	301	2	286	0.9900662251655629
AAA	132	3300011584.a:Ga0122290_100055_6	444	7e-09	1	56	53	106	0.4166666666666667
AAA	132	3300011584.a:Ga0122290_100055_6	444	2.4e-08	39	130	226	332	0.6893939393939394
GntR	64	3300011584.a:Ga0122290_100055_69	237	1.2e-21	2	64	8	70	0.96875
PAS	113	3300011584.a:Ga0122290_100055_72	350	4.3e-09	5	95	11	98	0.7964601769911505
HisKA	64	3300011584.a:Ga0122290_100055_72	350	3.9e-16	3	56	131	186	0.828125
HATPase_c	111	3300011584.a:Ga0122290_100055_72	350	3.2e-19	2	109	234	347	0.963963963963964
Response_reg	112	3300011584.a:Ga0122290_100055_73	470	6.4e-33	1	111	6	115	0.9821428571428571
AAA	132	3300011584.a:Ga0122290_100055_73	470	2.7e-05	1	111	164	282	0.8333333333333334
HTH_8	42	3300011584.a:Ga0122290_100055_73	470	2.1e-17	3	42	427	466	0.9285714285714286
HTH_1	60	3300011584.a:Ga0122290_100056_23	318	3.9e-18	2	60	5	63	0.9666666666666667
LysR_substrate	209	3300011584.a:Ga0122290_100056_23	318	2.3e-45	3	207	86	288	0.9760765550239234
HEM4	232	3300011584.a:Ga0122290_100056_46	247	8.4e-42	2	231	14	242	0.9870689655172413
TPR_2	34	3300011584.a:Ga0122290_100056_48	399	1.9e-07	2	33	329	360	0.9117647058823529
Aminotran_1_2	363	3300011584.a:Ga0122290_100056_56	377	1.4e-12	67	189	46	154	0.33608815426997246
AAA	132	3300011584.a:Ga0122290_100056_64	420	7.5e-05	2	74	175	274	0.5454545454545454
HTH_1	60	3300011584.a:Ga0122290_100056_72	298	1.9e-23	1	60	3	62	0.9833333333333333
LysR_substrate	209	3300011584.a:Ga0122290_100056_72	298	2.6e-39	4	204	89	293	0.9569377990430622
PALP	294	3300011584.a:Ga0122290_100056_73	515	6.5e-80	5	294	29	316	0.9829931972789115
HTH_1	60	3300011584.a:Ga0122290_100056_81	280	2.6e-22	2	60	4	62	0.9666666666666667
LysR_substrate	209	3300011584.a:Ga0122290_100056_81	280	4.7e-15	4	201	87	270	0.9425837320574163
Trans_reg_C	77	3300011584.a:Ga0122290_100059_2	566	5.8e-19	2	77	31	104	0.974025974025974
TPR_2	34	3300011584.a:Ga0122290_100059_2	566	8.9e-05	1	33	371	403	0.9411764705882353
HD	122	3300011584.a:Ga0122290_100059_20	703	6.1e-15	1	122	45	144	0.9918032786885246
Pribosyltran	159	3300011584.a:Ga0122290_100059_29	214	1.4e-13	13	129	48	159	0.7295597484276729
TetR_N	47	3300011584.a:Ga0122290_100059_30	199	5.4e-11	5	46	20	61	0.8723404255319149
Aminotran_1_2	363	3300011584.a:Ga0122290_100059_53	399	2e-81	2	363	43	387	0.9944903581267218
Peptidase_M23	96	3300011584.a:Ga0122290_100059_57	420	5.9e-28	3	96	320	413	0.96875
Rhodanese	107	3300011584.a:Ga0122290_100059_59	144	9.4e-19	3	105	43	133	0.9532710280373832
GntR	64	3300011584.a:Ga0122290_100059_66	259	5.5e-24	1	64	8	71	0.984375
TPR_3	36	3300011584.a:Ga0122290_100059_7	166	2e-11	1	36	39	72	0.9722222222222222
TPR_3	36	3300011584.a:Ga0122290_100059_7	166	1.5e-09	2	25	74	97	0.6388888888888888
PTS_EIIC	324	3300011584.a:Ga0122290_100059_74	638	2.1e-22	1	324	17	277	0.9969135802469136
HTH_1	60	3300011584.a:Ga0122290_100086_12	325	5e-14	2	59	9	66	0.95
LysR_substrate	209	3300011584.a:Ga0122290_100086_12	325	1.6e-18	5	207	95	303	0.9665071770334929
AraC_binding	136	3300011584.a:Ga0122290_100086_16	272	1.4e-10	16	123	26	132	0.7867647058823529
HTH_18	81	3300011584.a:Ga0122290_100086_16	272	2.3e-20	1	81	184	263	0.9876543209876543
Fer4	24	3300011584.a:Ga0122290_100086_17	158	1.6e-09	3	23	84	104	0.8333333333333334
Aminotran_1_2	363	3300011584.a:Ga0122290_100086_18	418	2.6e-23	39	348	69	391	0.8512396694214877
Peripla_BP_3	164	3300011584.a:Ga0122290_100086_21	393	2.1e-39	3	164	113	277	0.9817073170731707
HTH_18	81	3300011584.a:Ga0122290_100086_21	393	2.4e-21	3	79	309	384	0.9382716049382716
Peripla_BP_1	279	3300011584.a:Ga0122290_100086_24	331	8.2e-15	23	214	47	244	0.6845878136200717
Peripla_BP_3	164	3300011584.a:Ga0122290_100086_24	331	3.1e-07	66	150	200	290	0.5121951219512195
HTH_3	55	3300011584.a:Ga0122290_100086_35	97	1.5e-07	1	43	38	80	0.7636363636363637
HTH_DeoR	57	3300011584.a:Ga0122290_100086_5	432	7.2e-06	16	43	385	412	0.47368421052631576
SBP_bac_5	377	3300011584.a:Ga0122290_100086_51	536	4.6e-110	1	375	73	453	0.9920424403183024
HTH_7	45	3300011584.a:Ga0122290_100132_3	124	1.5e-05	22	41	23	42	0.4222222222222222
Response_reg	112	3300011584.a:Ga0122290_100132_35	211	5.4e-29	1	111	6	117	0.9821428571428571
GerE	57	3300011584.a:Ga0122290_100132_35	211	1.6e-25	2	57	149	204	0.9649122807017544
HTH_18	81	3300011584.a:Ga0122290_100132_36	254	5.8e-17	2	80	169	245	0.9629629629629629
TPR_1	34	3300011584.a:Ga0122290_100132_38	991	4.4e-05	1	34	612	645	0.9705882352941176
Rhodanese	107	3300011584.a:Ga0122290_100132_4	365	6.7e-05	11	48	17	56	0.34579439252336447
HTH_1	60	3300011584.a:Ga0122290_100132_5	309	1.5e-21	3	60	6	63	0.95
LysR_substrate	209	3300011584.a:Ga0122290_100132_5	309	2.1e-22	5	205	91	290	0.9569377990430622
HTH_IclR	52	3300011584.a:Ga0122290_100132_7	272	7.1e-14	1	51	23	73	0.9615384615384616
IclR	129	3300011584.a:Ga0122290_100132_7	272	2.7e-43	3	128	141	263	0.9689922480620154
AAA	132	3300011584.a:Ga0122290_100146_11	309	5.3e-05	3	113	47	204	0.8333333333333334
HTH_3	55	3300011584.a:Ga0122290_100146_19	95	2.5e-10	2	53	14	65	0.9272727272727272
Fer4	24	3300011584.a:Ga0122290_100146_21	295	6.5e-07	5	22	130	147	0.7083333333333334
GGDEF	161	3300011584.a:Ga0122290_100146_4	461	2.4e-52	3	161	297	452	0.9813664596273292
PAS	113	3300011584.a:Ga0122290_100146_5	800	3.1e-11	13	112	24	124	0.8761061946902655
PAS	113	3300011584.a:Ga0122290_100146_5	800	2.9e-10	7	113	142	248	0.9380530973451328
GGDEF	161	3300011584.a:Ga0122290_100146_5	800	8.2e-24	2	160	377	525	0.9813664596273292
EAL	238	3300011584.a:Ga0122290_100146_5	800	4.3e-71	3	238	547	781	0.9873949579831933
SBP_bac_5	377	3300011584.a:Ga0122290_100146_7	517	4.2e-97	2	374	78	432	0.986737400530504
GGDEF	161	3300011584.a:Ga0122290_100197_10	650	2.8e-13	6	161	234	381	0.9627329192546584
EAL	238	3300011584.a:Ga0122290_100197_10	650	1.4e-62	3	238	402	635	0.9873949579831933
PfkB	302	3300011584.a:Ga0122290_100197_13	310	7.5e-76	2	300	3	305	0.9867549668874173
EAL	238	3300011584.a:Ga0122290_100197_14	256	7.4e-32	10	238	27	242	0.957983193277311
HTH_1	60	3300011584.a:Ga0122290_100197_18	324	6.2e-20	2	59	29	86	0.95
LysR_substrate	209	3300011584.a:Ga0122290_100197_18	324	2.1e-45	3	206	113	316	0.9712918660287081
GerE	57	3300011584.a:Ga0122290_100197_19	201	1.6e-23	1	57	140	196	0.9824561403508771
CbiA	128	3300011584.a:Ga0122290_100197_5	251	1.6e-08	5	128	8	215	0.9609375
TPR_2	34	3300011584.a:Ga0122290_100197_9	1158	3.3e-07	2	33	304	335	0.9117647058823529
AAA	132	3300011584.a:Ga0122290_100198_13	922	1.6e-08	3	110	223	334	0.8106060606060606
AAA	132	3300011584.a:Ga0122290_100198_13	922	1.6e-08	2	110	650	767	0.8181818181818182
HTH_1	60	3300011584.a:Ga0122290_100198_30	305	3.8e-22	3	60	7	64	0.95
LysR_substrate	209	3300011584.a:Ga0122290_100198_30	305	3.9e-46	2	208	89	293	0.9856459330143541
NUDIX	131	3300011584.a:Ga0122290_100213_18	258	1.7e-19	7	116	132	234	0.8320610687022901
HisKA	64	3300011584.a:Ga0122290_100213_26	459	5.6e-15	1	60	237	299	0.921875
HATPase_c	111	3300011584.a:Ga0122290_100213_26	459	2.2e-27	2	110	346	450	0.972972972972973
Response_reg	112	3300011584.a:Ga0122290_100213_27	442	2.5e-32	1	111	8	117	0.9821428571428571
AAA	132	3300011584.a:Ga0122290_100213_27	442	4.2e-07	1	126	165	296	0.946969696969697
HTH_8	42	3300011584.a:Ga0122290_100213_27	442	4e-17	3	41	403	441	0.9047619047619048
GntR	64	3300011584.a:Ga0122290_100263_18	222	3.5e-13	2	64	13	74	0.96875
HTH_3	55	3300011584.a:Ga0122290_100263_2	179	1.1e-18	1	53	12	64	0.9454545454545454
HTH_3	55	3300011584.a:Ga0122290_100263_6	146	4.3e-09	7	53	95	141	0.8363636363636363
GntR	64	3300011584.a:Ga0122290_100263_7	469	7.1e-15	1	64	3	66	0.984375
Aminotran_1_2	363	3300011584.a:Ga0122290_100263_7	469	1.1e-33	44	348	145	445	0.837465564738292
SBP_bac_1	315	3300011584.a:Ga0122290_100263_8	382	4.3e-22	14	314	56	312	0.9523809523809523
