7	STP	2	4	CGC1	3300027157.a:Ga0255204_1000014	4922	5332	3300027157.a:Ga0255204_1000014_8	-	DB=STP|NUDIX;ID=3300027157.a:Ga0255204_1000014_8	DB=STP|NUDIX;ID=3300027157.a:Ga0255204_1000014_8
8	null	null	null	CGC1	3300027157.a:Ga0255204_1000014	5296	6069	3300027157.a:Ga0255204_1000014_9	-	;ID=3300027157.a:Ga0255204_1000014_9
9	null	null	null	CGC1	3300027157.a:Ga0255204_1000014	6073	6699	3300027157.a:Ga0255204_1000014_10	-	;ID=3300027157.a:Ga0255204_1000014_10
10	STP	1	2	CGC1	3300027157.a:Ga0255204_1000014	6684	7967	3300027157.a:Ga0255204_1000014_11	-	DB=STP|EPSP_synthase;ID=3300027157.a:Ga0255204_1000014_11	DB=STP|EPSP_synthase;ID=3300027157.a:Ga0255204_1000014_11
11	null	null	null	CGC1	3300027157.a:Ga0255204_1000014	8000	9124	3300027157.a:Ga0255204_1000014_12	-	;ID=3300027157.a:Ga0255204_1000014_12
12	TF	0	1	CGC1	3300027157.a:Ga0255204_1000014	9140	9589	3300027157.a:Ga0255204_1000014_13	-	DB=DBD-Pfam|Rrf2,DBD-SUPERFAMILY|0045032;ID=3300027157.a:Ga0255204_1000014_13	DB=DBD-Pfam|Rrf2,DBD-SUPERFAMILY|0045032;ID=3300027157.a:Ga0255204_1000014_13
13	TC	0	0	CGC1	3300027157.a:Ga0255204_1000014	9614	10420	3300027157.a:Ga0255204_1000014_14	-	DB=gnl|TC-DB|Q9RNI8|3.A.1.15.6;ID=3300027157.a:Ga0255204_1000014_14	DB=gnl|TC-DB|Q9RNI8|3.A.1.15.6;ID=3300027157.a:Ga0255204_1000014_14
14	TC	0	0	CGC1	3300027157.a:Ga0255204_1000014	10413	11153	3300027157.a:Ga0255204_1000014_15	-	DB=gnl|TC-DB|P96117|3.A.1.15.8;ID=3300027157.a:Ga0255204_1000014_15	DB=gnl|TC-DB|P96117|3.A.1.15.8;ID=3300027157.a:Ga0255204_1000014_15
15	TC	1	0	CGC1	3300027157.a:Ga0255204_1000014	11220	12053	3300027157.a:Ga0255204_1000014_16	-	DB=gnl|TC-DB|Q8DQH7|3.A.1.4.10;ID=3300027157.a:Ga0255204_1000014_16	DB=gnl|TC-DB|Q8DQH7|3.A.1.4.10;ID=3300027157.a:Ga0255204_1000014_16
16	null	null	null	CGC1	3300027157.a:Ga0255204_1000014	12098	13294	3300027157.a:Ga0255204_1000014_17	-	;ID=3300027157.a:Ga0255204_1000014_17
17	TC	0	1	CGC1	3300027157.a:Ga0255204_1000014	13334	14401	3300027157.a:Ga0255204_1000014_18	-	DB=gnl|TC-DB|Q8VM84|3.A.1.4.3;ID=3300027157.a:Ga0255204_1000014_18	DB=gnl|TC-DB|Q8VM84|3.A.1.4.3;ID=3300027157.a:Ga0255204_1000014_18
18	TC	0	0	CGC1	3300027157.a:Ga0255204_1000014	14398	15291	3300027157.a:Ga0255204_1000014_19	-	DB=gnl|TC-DB|Q8VM85|3.A.1.4.3;ID=3300027157.a:Ga0255204_1000014_19	DB=gnl|TC-DB|Q8VM85|3.A.1.4.3;ID=3300027157.a:Ga0255204_1000014_19
19	TC	0	0	CGC1	3300027157.a:Ga0255204_1000014	15288	17222	3300027157.a:Ga0255204_1000014_20	-	DB=gnl|TC-DB|P69451|4.C.1.1.4;ID=3300027157.a:Ga0255204_1000014_20	DB=gnl|TC-DB|P69451|4.C.1.1.4;ID=3300027157.a:Ga0255204_1000014_20
20	TC	2	0	CGC1	3300027157.a:Ga0255204_1000014	17219	17980	3300027157.a:Ga0255204_1000014_21	-	DB=gnl|TC-DB|P21629|3.A.1.4.8;ID=3300027157.a:Ga0255204_1000014_21	DB=gnl|TC-DB|P21629|3.A.1.4.8;ID=3300027157.a:Ga0255204_1000014_21
21	null	null	null	CGC1	3300027157.a:Ga0255204_1000014	18399	18632	3300027157.a:Ga0255204_1000014_22	+	;ID=3300027157.a:Ga0255204_1000014_22
22	null	null	null	CGC1	3300027157.a:Ga0255204_1000014	18637	18885	3300027157.a:Ga0255204_1000014_23	+	;ID=3300027157.a:Ga0255204_1000014_23
23	TC	2	2	CGC1	3300027157.a:Ga0255204_1000014	18882	20174	3300027157.a:Ga0255204_1000014_24	+	DB=gnl|TC-DB|H3KBD2|2.A.9.3.7;ID=3300027157.a:Ga0255204_1000014_24	DB=gnl|TC-DB|H3KBD2|2.A.9.3.7;ID=3300027157.a:Ga0255204_1000014_24
24	null	null	null	CGC1	3300027157.a:Ga0255204_1000014	20184	20753	3300027157.a:Ga0255204_1000014_25	+	;ID=3300027157.a:Ga0255204_1000014_25
25	null	null	null	CGC1	3300027157.a:Ga0255204_1000014	21561	22904	3300027157.a:Ga0255204_1000014_26	-	;ID=3300027157.a:Ga0255204_1000014_26
26	TC	2	2	CGC1	3300027157.a:Ga0255204_1000014	22907	23635	3300027157.a:Ga0255204_1000014_27	-	DB=gnl|TC-DB|P0A9V1|1.B.42.1.2;ID=3300027157.a:Ga0255204_1000014_27	DB=gnl|TC-DB|P0A9V1|1.B.42.1.2;ID=3300027157.a:Ga0255204_1000014_27
27	null	null	null	CGC1	3300027157.a:Ga0255204_1000014	23690	25096	3300027157.a:Ga0255204_1000014_28	+	;ID=3300027157.a:Ga0255204_1000014_28
28	null	null	null	CGC1	3300027157.a:Ga0255204_1000014	25113	25553	3300027157.a:Ga0255204_1000014_29	+	;ID=3300027157.a:Ga0255204_1000014_29
29	TC	2	2	CGC1	3300027157.a:Ga0255204_1000014	25553	26467	3300027157.a:Ga0255204_1000014_30	+	DB=gnl|TC-DB|P10121|3.A.5.1.1;ID=3300027157.a:Ga0255204_1000014_30	DB=gnl|TC-DB|P10121|3.A.5.1.1;ID=3300027157.a:Ga0255204_1000014_30
30	null	null	null	CGC1	3300027157.a:Ga0255204_1000014	26601	27026	3300027157.a:Ga0255204_1000014_31	+	;ID=3300027157.a:Ga0255204_1000014_31
31	null	null	null	CGC1	3300027157.a:Ga0255204_1000014	26971	27456	3300027157.a:Ga0255204_1000014_32	-	;ID=3300027157.a:Ga0255204_1000014_32
32	TF	0	2	CGC1	3300027157.a:Ga0255204_1000014	27497	27727	3300027157.a:Ga0255204_1000014_33	+	DB=DBD-Pfam|Pencillinase_R;ID=3300027157.a:Ga0255204_1000014_33	DB=DBD-Pfam|Pencillinase_R;ID=3300027157.a:Ga0255204_1000014_33
33	STP	0	0	CGC1	3300027157.a:Ga0255204_1000014	27724	29205	3300027157.a:Ga0255204_1000014_34	-	DB=STP|CBS,STP|CBS;ID=3300027157.a:Ga0255204_1000014_34	DB=STP|CBS,STP|CBS;ID=3300027157.a:Ga0255204_1000014_34
34	STP	2	0	CGC1	3300027157.a:Ga0255204_1000014	29350	30270	3300027157.a:Ga0255204_1000014_35	+	DB=STP|PfkB;ID=3300027157.a:Ga0255204_1000014_35	DB=STP|PfkB;ID=3300027157.a:Ga0255204_1000014_35
35	null	null	null	CGC1	3300027157.a:Ga0255204_1000014	30241	30861	3300027157.a:Ga0255204_1000014_36	-	;ID=3300027157.a:Ga0255204_1000014_36
36	null	null	null	CGC1	3300027157.a:Ga0255204_1000014	30953	31537	3300027157.a:Ga0255204_1000014_37	-	;ID=3300027157.a:Ga0255204_1000014_37
37	STP	1	2	CGC1	3300027157.a:Ga0255204_1000014	31530	32573	3300027157.a:Ga0255204_1000014_38	-	DB=STP|Aminotran_1_2;ID=3300027157.a:Ga0255204_1000014_38	DB=STP|Aminotran_1_2;ID=3300027157.a:Ga0255204_1000014_38
38	null	null	null	CGC1	3300027157.a:Ga0255204_1000014	32602	32982	3300027157.a:Ga0255204_1000014_39	+	;ID=3300027157.a:Ga0255204_1000014_39
39	STP	0	1	CGC1	3300027157.a:Ga0255204_1000014	32939	33298	3300027157.a:Ga0255204_1000014_40	+	DB=STP|NTP_transf_2;ID=3300027157.a:Ga0255204_1000014_40	DB=STP|NTP_transf_2;ID=3300027157.a:Ga0255204_1000014_40
40	STP	2	0	CGC1	3300027157.a:Ga0255204_1000014	33295	33912	3300027157.a:Ga0255204_1000014_41	-	DB=STP|Nitroreductase;ID=3300027157.a:Ga0255204_1000014_41	DB=STP|Nitroreductase;ID=3300027157.a:Ga0255204_1000014_41
41	null	null	null	CGC1	3300027157.a:Ga0255204_1000014	34049	34984	3300027157.a:Ga0255204_1000014_42	-	;ID=3300027157.a:Ga0255204_1000014_42
42	null	null	null	CGC1	3300027157.a:Ga0255204_1000014	35012	35728	3300027157.a:Ga0255204_1000014_43	+	;ID=3300027157.a:Ga0255204_1000014_43
43	CAZyme	0	2	CGC1	3300027157.a:Ga0255204_1000014	35716	36420	3300027157.a:Ga0255204_1000014_44	+	DB= GT26|GT26;ID=3300027157.a:Ga0255204_1000014_44	DB= GT26|GT26;ID=3300027157.a:Ga0255204_1000014_44
44	STP	6	0	CGC1	3300027157.a:Ga0255204_1000014	36430	38316	3300027157.a:Ga0255204_1000014_45	+	DB=STP|TPR_2,STP|TPR_2;ID=3300027157.a:Ga0255204_1000014_45	DB=STP|TPR_2,STP|TPR_2;ID=3300027157.a:Ga0255204_1000014_45
+++++
28	TC	2	4	CGC1	3300027157.a:Ga0255204_1000005	25584	25973	3300027157.a:Ga0255204_1000005_29	+	DB=gnl|TC-DB|Q5SKZ7|3.D.1.3.1;ID=3300027157.a:Ga0255204_1000005_29	DB=gnl|TC-DB|Q5SKZ7|3.D.1.3.1;ID=3300027157.a:Ga0255204_1000005_29
29	null	null	null	CGC1	3300027157.a:Ga0255204_1000005	25976	27073	3300027157.a:Ga0255204_1000005_30	-	;ID=3300027157.a:Ga0255204_1000005_30
30	null	null	null	CGC1	3300027157.a:Ga0255204_1000005	27066	27464	3300027157.a:Ga0255204_1000005_31	-	;ID=3300027157.a:Ga0255204_1000005_31
31	STP	2	2	CGC1	3300027157.a:Ga0255204_1000005	27454	27771	3300027157.a:Ga0255204_1000005_32	-	DB=STP|NTP_transf_2;ID=3300027157.a:Ga0255204_1000005_32	DB=STP|NTP_transf_2;ID=3300027157.a:Ga0255204_1000005_32
32	null	null	null	CGC1	3300027157.a:Ga0255204_1000005	27776	28996	3300027157.a:Ga0255204_1000005_33	-	;ID=3300027157.a:Ga0255204_1000005_33
33	null	null	null	CGC1	3300027157.a:Ga0255204_1000005	28981	29373	3300027157.a:Ga0255204_1000005_34	-	;ID=3300027157.a:Ga0255204_1000005_34
34	TF	0	2	CGC1	3300027157.a:Ga0255204_1000005	29373	29633	3300027157.a:Ga0255204_1000005_35	-	DB=DBD-Pfam|PSK_trans_fac;ID=3300027157.a:Ga0255204_1000005_35	DB=DBD-Pfam|PSK_trans_fac;ID=3300027157.a:Ga0255204_1000005_35
35	STP	1	0	CGC1	3300027157.a:Ga0255204_1000005	29666	30922	3300027157.a:Ga0255204_1000005_36	-	DB=STP|Fer4;ID=3300027157.a:Ga0255204_1000005_36	DB=STP|Fer4;ID=3300027157.a:Ga0255204_1000005_36
36	null	null	null	CGC1	3300027157.a:Ga0255204_1000005	30927	31970	3300027157.a:Ga0255204_1000005_37	-	;ID=3300027157.a:Ga0255204_1000005_37
37	CAZyme	1	1	CGC1	3300027157.a:Ga0255204_1000005	31957	33339	3300027157.a:Ga0255204_1000005_38	-	DB=AA4;ID=3300027157.a:Ga0255204_1000005_38	DB=AA4;ID=3300027157.a:Ga0255204_1000005_38
38	null	null	null	CGC1	3300027157.a:Ga0255204_1000005	33401	34963	3300027157.a:Ga0255204_1000005_39	-	;ID=3300027157.a:Ga0255204_1000005_39
39	TF	0	1	CGC1	3300027157.a:Ga0255204_1000005	35062	35820	3300027157.a:Ga0255204_1000005_40	+	DB=DBD-Pfam|TrmB,DBD-SUPERFAMILY|0040266;ID=3300027157.a:Ga0255204_1000005_40	DB=DBD-Pfam|TrmB,DBD-SUPERFAMILY|0040266;ID=3300027157.a:Ga0255204_1000005_40
40	TF	3	0	CGC1	3300027157.a:Ga0255204_1000005	35863	36564	3300027157.a:Ga0255204_1000005_41	+	DB=DBD-Pfam|MerR,DBD-Pfam|MerR,DBD-SUPERFAMILY|0042546,DBD-SUPERFAMILY|0042546;ID=3300027157.a:Ga0255204_1000005_41	DB=DBD-Pfam|MerR,DBD-Pfam|MerR,DBD-SUPERFAMILY|0042546,DBD-SUPERFAMILY|0042546;ID=3300027157.a:Ga0255204_1000005_41
+++++
33	TC	1	5	CGC1	3300027157.a:Ga0255204_1000011	38848	40329	3300027157.a:Ga0255204_1000011_34	+	DB=gnl|TC-DB|F9VN10|3.D.10.1.4;ID=3300027157.a:Ga0255204_1000011_34	DB=gnl|TC-DB|F9VN10|3.D.10.1.4;ID=3300027157.a:Ga0255204_1000011_34
34	null	null	null	CGC1	3300027157.a:Ga0255204_1000011	40417	40821	3300027157.a:Ga0255204_1000011_35	+	;ID=3300027157.a:Ga0255204_1000011_35
35	TF	1	1	CGC1	3300027157.a:Ga0255204_1000011	40823	41146	3300027157.a:Ga0255204_1000011_36	-	DB=DBD-Pfam|DUF24,DBD-SUPERFAMILY|0044258;ID=3300027157.a:Ga0255204_1000011_36	DB=DBD-Pfam|DUF24,DBD-SUPERFAMILY|0044258;ID=3300027157.a:Ga0255204_1000011_36
36	null	null	null	CGC1	3300027157.a:Ga0255204_1000011	41256	42347	3300027157.a:Ga0255204_1000011_37	+	;ID=3300027157.a:Ga0255204_1000011_37
37	STP	0	1	CGC1	3300027157.a:Ga0255204_1000011	42448	43743	3300027157.a:Ga0255204_1000011_38	+	DB=STP|SBP_bac_1;ID=3300027157.a:Ga0255204_1000011_38	DB=STP|SBP_bac_1;ID=3300027157.a:Ga0255204_1000011_38
38	CAZyme	0	0	CGC1	3300027157.a:Ga0255204_1000011	43780	45018	3300027157.a:Ga0255204_1000011_39	+	DB=GH63| GH63;ID=3300027157.a:Ga0255204_1000011_39	DB=GH63| GH63;ID=3300027157.a:Ga0255204_1000011_39
39	TC	0	0	CGC1	3300027157.a:Ga0255204_1000011	45015	45860	3300027157.a:Ga0255204_1000011_40	+	DB=gnl|TC-DB|Q72H67|3.A.1.1.25;ID=3300027157.a:Ga0255204_1000011_40	DB=gnl|TC-DB|Q72H67|3.A.1.1.25;ID=3300027157.a:Ga0255204_1000011_40
40	TC	0	0	CGC1	3300027157.a:Ga0255204_1000011	45857	46654	3300027157.a:Ga0255204_1000011_41	+	DB=gnl|TC-DB|Q72H66|3.A.1.1.25;ID=3300027157.a:Ga0255204_1000011_41	DB=gnl|TC-DB|Q72H66|3.A.1.1.25;ID=3300027157.a:Ga0255204_1000011_41
41	TC	1	0	CGC1	3300027157.a:Ga0255204_1000011	46664	47710	3300027157.a:Ga0255204_1000011_42	+	DB=gnl|TC-DB|Q9WYQ2|3.A.1.1.38;ID=3300027157.a:Ga0255204_1000011_42	DB=gnl|TC-DB|Q9WYQ2|3.A.1.1.38;ID=3300027157.a:Ga0255204_1000011_42
42	null	null	null	CGC1	3300027157.a:Ga0255204_1000011	47762	48703	3300027157.a:Ga0255204_1000011_43	+	;ID=3300027157.a:Ga0255204_1000011_43
43	STP	8	1	CGC1	3300027157.a:Ga0255204_1000011	48809	49420	3300027157.a:Ga0255204_1000011_44	+	DB=STP|TetR_N;ID=3300027157.a:Ga0255204_1000011_44	DB=STP|TetR_N;ID=3300027157.a:Ga0255204_1000011_44
+++++
