3300011145.a:Ga0122822_100077_2	gnl|TC-DB|A0L4L0|3.A.1.132.3	42.3	220	115	3	74	281	54	273	1.6e-37	153.3
3300011145.a:Ga0122822_100077_8	gnl|TC-DB|I7BV49|3.A.1.26.10	51.2	260	127	0	1	260	4	263	5.0e-68	254.2
3300011145.a:Ga0122822_100077_9	gnl|TC-DB|Q03PY6|3.A.1.26.9	53.4	266	122	2	1	265	1	265	2.2e-77	285.4
3300011145.a:Ga0122822_100077_10	gnl|TC-DB|Q839D5|3.A.1.26.7	50.5	277	134	2	1	276	1	275	7.3e-78	287.0
3300011145.a:Ga0122822_100077_19	gnl|TC-DB|P16336|3.A.5.2.1	62.3	430	161	1	1	429	1	430	3.2e-149	524.6
3300011145.a:Ga0122822_100077_52	gnl|TC-DB|Q9ZK21|1.C.82.1.1	51.3	226	107	1	3	225	4	229	1.4e-63	239.2
3300011145.a:Ga0122822_100077_68	gnl|TC-DB|Q9FI56|3.A.9.1.2	59.1	823	327	5	2	814	94	916	5.0e-276	946.8
3300011145.a:Ga0122822_100030_2	gnl|TC-DB|E8MFM3|3.A.1.135.6	48.4	595	299	4	26	613	13	606	3.2e-150	528.5
3300011145.a:Ga0122822_100030_3	gnl|TC-DB|J6RCW6|3.A.1.135.7	47.4	565	296	1	11	574	3	567	7.3e-141	497.3
3300011145.a:Ga0122822_100030_6	gnl|TC-DB|Q97PQ1|2.A.4.7.6	47.2	286	151	0	3	288	2	287	9.6e-73	270.0
3300011145.a:Ga0122822_100030_14	gnl|TC-DB|Q9UEF7|8.A.49.1.1	29.8	466	277	13	3	440	61	504	8.2e-55	211.1
3300011145.a:Ga0122822_100030_15	gnl|TC-DB|Q93J92|3.A.1.1.36	32.8	259	165	4	47	301	39	292	9.4e-34	140.6
3300011145.a:Ga0122822_100030_16	gnl|TC-DB|P29823|3.A.1.1.4	35.9	284	173	6	5	285	14	291	1.1e-39	160.2
3300011145.a:Ga0122822_100030_43	gnl|TC-DB|G0IP52|3.A.1.143.2	44.5	227	119	4	1	222	5	229	2.4e-42	168.7
3300011145.a:Ga0122822_100030_45	gnl|TC-DB|F8CVI0|1.B.52.2.2	30.8	224	138	5	334	548	74	289	2.2e-14	77.4
3300011145.a:Ga0122822_100030_48	gnl|TC-DB|D4ZZR3|9.B.34.1.3	35.2	179	110	3	183	355	215	393	6.5e-26	114.8
3300011145.a:Ga0122822_100030_59	gnl|TC-DB|B9DIS8|9.B.97.5.1	38.9	602	343	9	3	588	11	603	1.1e-110	397.1
3300011145.a:Ga0122822_100030_75	gnl|TC-DB|C7P777|1.A.43.1.4	41.5	118	62	3	4	119	6	118	3.6e-14	74.3
3300011145.a:Ga0122822_100030_76	gnl|TC-DB|Q9PHZ4|1.A.43.1.11	35.0	117	72	1	2	114	4	120	4.2e-11	63.9
3300011145.a:Ga0122822_100030_79	gnl|TC-DB|Q81JL2|9.B.33.1.1	23.3	589	402	11	1	554	1	574	1.1e-29	127.9
3300011145.a:Ga0122822_100030_80	gnl|TC-DB|P54428|9.A.40.2.1	49.9	435	196	5	7	428	4	429	2.1e-111	399.1
3300011145.a:Ga0122822_100030_81	gnl|TC-DB|P96797|3.D.7.1.1	29.0	428	257	10	279	699	17	404	1.2e-44	177.9
3300011145.a:Ga0122822_100030_86	gnl|TC-DB|Q07837|8.A.9.1.2	30.1	544	312	17	19	541	117	613	4.2e-64	242.3
3300011145.a:Ga0122822_100030_90	gnl|TC-DB|Q5HE38|2.A.1.3.39	45.4	416	227	0	8	423	7	422	3.0e-93	339.0
3300011145.a:Ga0122822_100030_92	gnl|TC-DB|Q7A3E6|3.A.3.5.19	53.7	728	305	12	3	702	72	795	1.2e-193	672.9
3300011145.a:Ga0122822_100030_95	gnl|TC-DB|M3JA40|1.B.52.2.1	39.5	129	70	2	274	398	278	402	9.8e-13	71.2
3300011145.a:Ga0122822_100030_103	gnl|TC-DB|P54417|2.A.15.1.1	52.2	502	218	8	9	504	5	490	3.0e-133	471.9
3300011145.a:Ga0122822_100030_109	gnl|TC-DB|P39141|2.A.41.1.2	68.1	392	124	1	1	391	1	392	8.0e-139	490.0
3300011145.a:Ga0122822_100030_118	gnl|TC-DB|I7FD23|2.A.1.2.97	42.1	382	219	2	5	385	11	391	3.8e-67	251.9
3300011145.a:Ga0122822_100030_120	gnl|TC-DB|O34997|2.A.109.1.4	54.8	250	103	4	1	246	61	304	1.4e-62	236.1
3300011145.a:Ga0122822_100030_121	gnl|TC-DB|O34997|2.A.109.1.4	54.6	280	102	3	4	283	61	315	1.8e-71	265.8
3300011145.a:Ga0122822_100030_122	gnl|TC-DB|P94398|9.B.10.1.1	53.2	295	134	3	10	301	7	300	1.7e-83	305.8
3300011145.a:Ga0122822_100030_123	gnl|TC-DB|Q81JL2|9.B.33.1.1	44.5	587	316	5	1	582	1	582	9.5e-128	453.8
3300011145.a:Ga0122822_100030_125	gnl|TC-DB|Q0P9Y2|2.A.114.1.5	44.1	617	311	9	1	593	32	638	5.0e-132	468.0
3300011145.a:Ga0122822_100030_126	gnl|TC-DB|Q74I61|3.A.1.29.1	44.9	272	148	2	4	274	5	275	6.6e-63	237.3
3300011145.a:Ga0122822_100030_127	gnl|TC-DB|Q74I62|3.A.1.29.1	45.6	563	299	5	4	561	5	565	1.1e-136	483.4
3300011145.a:Ga0122822_100030_128	gnl|TC-DB|Q74I63|3.A.1.29.1	50.8	181	89	0	2	182	5	185	5.0e-51	197.2
3300011145.a:Ga0122822_100030_132	gnl|TC-DB|M3JA40|1.B.52.2.1	46.5	129	61	2	432	557	249	372	2.9e-16	83.6
3300011145.a:Ga0122822_100030_134	gnl|TC-DB|P37460|2.A.3.1.6	50.1	441	214	2	1	436	1	440	4.0e-121	431.4
3300011145.a:Ga0122822_100030_135	gnl|TC-DB|P42086|2.A.40.3.1	53.7	423	196	0	1	423	1	423	4.9e-121	431.0
3300011145.a:Ga0122822_100030_141	gnl|TC-DB|Q981D4|1.A.62.3.1	36.6	202	118	6	1	196	3	200	2.4e-22	102.1
3300011145.a:Ga0122822_100030_143	gnl|TC-DB|L8DP77|2.A.7.5.5	63.7	284	101	2	2	283	1	284	5.2e-95	344.0
3300011145.a:Ga0122822_100030_146	gnl|TC-DB|Q5G3M2|3.A.7.19.1	44.6	175	86	3	14	178	18	191	6.7e-32	134.0
3300011145.a:Ga0122822_100030_151	gnl|TC-DB|Q8R706|2.A.3.3.22	52.5	461	216	3	3	461	9	468	5.4e-129	457.6
3300011145.a:Ga0122822_100030_155	gnl|TC-DB|P25737|2.A.3.1.2	67.8	488	156	1	6	492	2	489	8.1e-197	682.9
3300011145.a:Ga0122822_100030_157	gnl|TC-DB|D4ZZR3|9.B.34.1.3	40.5	163	91	3	194	350	230	392	1.4e-25	113.6
3300011145.a:Ga0122822_100030_160	gnl|TC-DB|Q5HE38|2.A.1.3.39	37.4	486	277	1	74	559	14	472	2.7e-87	319.3
3300011145.a:Ga0122822_100030_163	gnl|TC-DB|P39843|2.A.1.2.8	39.3	389	231	2	4	388	7	394	2.3e-80	295.8
3300011145.a:Ga0122822_100030_168	gnl|TC-DB|O31199|2.A.3.1.9	35.5	459	286	5	1	451	1	457	8.6e-76	280.8
3300011145.a:Ga0122822_100030_172	gnl|TC-DB|P23886|3.A.1.129.1	31.8	572	376	6	1	559	1	571	2.4e-67	253.1
3300011145.a:Ga0122822_100030_173	gnl|TC-DB|P29018|3.A.1.129.1	29.9	562	383	5	20	573	29	587	4.3e-72	268.9
3300011145.a:Ga0122822_100030_191	gnl|TC-DB|Q97DD1|2.A.7.21.8	32.6	141	95	0	4	144	3	143	1.8e-17	85.5
3300011145.a:Ga0122822_100078_17	gnl|TC-DB|Q97DD1|2.A.7.21.8	30.5	141	98	0	1	141	1	141	1.3e-14	75.9
3300011145.a:Ga0122822_100078_19	gnl|TC-DB|Q97DD1|2.A.7.21.8	32.9	140	94	0	2	141	1	140	2.4e-17	85.1
3300011145.a:Ga0122822_100078_27	gnl|TC-DB|P49856|2.A.7.1.5	60.8	102	40	0	5	106	3	104	7.5e-26	112.8
3300011145.a:Ga0122822_100078_28	gnl|TC-DB|P49857|2.A.7.1.5	49.5	103	52	0	1	103	2	104	1.3e-22	102.1
3300011145.a:Ga0122822_100078_30	gnl|TC-DB|P80874|8.A.5.1.4	30.9	207	116	8	7	191	8	209	3.7e-18	88.6
3300011145.a:Ga0122822_100078_37	gnl|TC-DB|Q8N1S5|2.A.5.5.2	44.0	336	111	5	11	270	8	342	2.5e-51	198.7
3300011145.a:Ga0122822_100078_50	gnl|TC-DB|Q9X051|3.A.1.2.19	40.2	497	283	6	8	493	13	506	7.0e-95	344.4
3300011145.a:Ga0122822_100078_51	gnl|TC-DB|A6VKS9|3.A.1.2.13	34.0	315	200	4	21	333	12	320	1.6e-34	143.3
3300011145.a:Ga0122822_100078_58	gnl|TC-DB|O34987|2.A.40.7.2	64.5	439	144	2	21	450	4	439	1.4e-131	466.1
3300011145.a:Ga0122822_100088_31	gnl|TC-DB|P55072|3.A.16.1.1	43.3	231	130	1	157	386	470	700	3.0e-53	206.5
3300011145.a:Ga0122822_100001_13	gnl|TC-DB|Q83XH1|3.A.1.121.4	31.6	554	358	6	3	548	1	541	8.0e-80	294.7
3300011145.a:Ga0122822_100001_15	gnl|TC-DB|O05522|2.A.64.3.2	63.6	55	20	0	12	66	3	57	1.0e-14	75.1
3300011145.a:Ga0122822_100001_16	gnl|TC-DB|O05523|2.A.64.3.2	53.0	232	109	0	6	237	8	239	1.2e-63	239.6
3300011145.a:Ga0122822_100001_23	gnl|TC-DB|Q06A41|3.A.1.14.14	37.5	304	190	0	31	334	40	343	6.0e-50	194.5
3300011145.a:Ga0122822_100001_24	gnl|TC-DB|Q9X664|3.A.1.14.7	46.4	321	167	3	12	331	24	340	3.4e-74	275.0
3300011145.a:Ga0122822_100001_25	gnl|TC-DB|Q99RY8|3.A.1.14.7	36.3	306	186	5	1	303	1	300	2.0e-49	192.6
3300011145.a:Ga0122822_100001_26	gnl|TC-DB|Q9X665|3.A.1.14.7	59.8	261	105	0	1	261	1	261	6.9e-94	340.1
3300011145.a:Ga0122822_100001_28	gnl|TC-DB|P24943|2.A.23.1.2	58.5	414	172	0	7	420	2	415	1.0e-131	466.5
3300011145.a:Ga0122822_100001_39	gnl|TC-DB|Q9HV74|2.A.21.9.1	28.1	253	158	8	569	805	730	974	1.5e-19	94.7
3300011145.a:Ga0122822_100001_43	gnl|TC-DB|G0LRW7|3.A.1.15.15	48.3	302	150	2	4	299	3	304	3.7e-83	304.7
3300011145.a:Ga0122822_100001_44	gnl|TC-DB|Q9RNI8|3.A.1.15.6	54.8	281	126	1	1	280	3	283	7.4e-78	287.0
3300011145.a:Ga0122822_100001_45	gnl|TC-DB|P96117|3.A.1.15.8	53.9	232	107	0	2	233	9	240	1.3e-65	246.1
3300011145.a:Ga0122822_100001_46	gnl|TC-DB|O34442|1.A.26.1.3	57.8	327	137	1	124	449	125	451	3.1e-102	368.6
3300011145.a:Ga0122822_100001_48	gnl|TC-DB|Q81HW2|1.A.1.21.1	47.5	99	52	0	1	99	1	99	1.8e-16	81.6
3300011145.a:Ga0122822_100001_49	gnl|TC-DB|P76330|9.B.34.1.4	34.1	182	112	4	46	220	382	562	2.0e-20	95.9
3300011145.a:Ga0122822_100001_56	gnl|TC-DB|Q6M0K5|2.A.7.21.3	29.5	139	93	3	7	141	8	145	2.3e-11	65.1
3300011145.a:Ga0122822_100001_62	gnl|TC-DB|Q72XQ1|4.A.3.2.8	38.3	94	58	0	14	107	9	102	4.2e-11	63.9
3300011145.a:Ga0122822_100001_63	gnl|TC-DB|Q72XP9|4.A.3.2.8	48.0	98	51	0	2	99	1	98	3.6e-22	100.5
3300011145.a:Ga0122822_100001_64	gnl|TC-DB|Q86Z14|8.A.49.1.2	31.9	470	260	14	4	461	82	503	5.7e-59	224.9
3300011145.a:Ga0122822_100001_65	gnl|TC-DB|Q72XQ0|4.A.3.2.8	41.5	427	238	3	11	430	9	430	2.9e-81	298.9
3300011145.a:Ga0122822_100001_79	gnl|TC-DB|P30750|3.A.1.24.1	51.8	338	160	1	1	335	1	338	4.4e-93	337.8
3300011145.a:Ga0122822_100001_80	gnl|TC-DB|Q8NSN3|3.A.1.24.4	46.1	206	111	0	10	215	16	221	3.5e-43	171.4
3300011145.a:Ga0122822_100001_81	gnl|TC-DB|P28635|3.A.1.24.1	40.5	264	152	4	2	261	6	268	3.5e-48	188.3
3300011145.a:Ga0122822_100001_88	gnl|TC-DB|M3JA40|1.B.52.2.1	30.5	226	133	8	350	567	251	460	1.4e-11	67.8
3300011145.a:Ga0122822_100001_89	gnl|TC-DB|Q6LX42|2.A.25.1.3	65.0	451	147	5	5	447	3	450	1.1e-147	519.6
3300011145.a:Ga0122822_100001_90	gnl|TC-DB|Q05839|8.A.9.1.1	29.7	549	300	11	7	525	110	602	8.2e-65	244.6
3300011145.a:Ga0122822_100001_91	gnl|TC-DB|P39794|4.A.1.2.8	52.6	458	212	3	9	462	8	464	4.3e-134	474.6
3300011145.a:Ga0122822_100001_96	gnl|TC-DB|Q52900|3.A.1.132.2	34.3	207	122	5	4	202	7	207	9.4e-20	94.0
3300011145.a:Ga0122822_100001_108	gnl|TC-DB|Q7A3X3|3.A.1.122.4	47.3	207	103	2	9	210	14	219	1.5e-46	182.6
3300011145.a:Ga0122822_100001_116	gnl|TC-DB|P0AB98|3.A.2.1.1	25.7	249	146	10	22	247	39	271	2.1e-12	69.3
3300011145.a:Ga0122822_100001_119	gnl|TC-DB|Q9RMB3|3.A.2.1.5	28.1	171	122	1	5	174	4	174	9.3e-18	86.7
3300011145.a:Ga0122822_100001_120	gnl|TC-DB|P29706|3.A.2.1.2	63.1	499	183	1	1	498	1	499	7.0e-180	626.7
3300011145.a:Ga0122822_100001_121	gnl|TC-DB|P50005|3.A.2.1.5	37.3	300	164	3	3	281	4	300	2.3e-50	195.7
3300011145.a:Ga0122822_100001_122	gnl|TC-DB|P50002|3.A.2.1.5	71.2	466	125	3	8	471	6	464	2.3e-188	654.8
3300011145.a:Ga0122822_100001_126	gnl|TC-DB|Q8F2L2|1.A.33.1.5	52.5	324	154	0	1	324	9	332	5.3e-96	347.4
3300011145.a:Ga0122822_100001_127	gnl|TC-DB|P25744|2.A.1.2.20	51.7	381	184	0	4	384	12	392	3.5e-105	378.3
3300011145.a:Ga0122822_100001_132	gnl|TC-DB|Q9HV74|2.A.21.9.1	27.2	235	152	7	599	821	730	957	1.2e-17	88.6
3300011145.a:Ga0122822_100001_133	gnl|TC-DB|O32095|2.A.86.1.8	35.1	365	233	1	4	368	1	361	4.9e-56	214.9
3300011145.a:Ga0122822_100001_140	gnl|TC-DB|D9SZH8|2.A.7.3.49	31.3	281	154	11	244	491	504	778	3.6e-14	76.3
3300011145.a:Ga0122822_100001_172	gnl|TC-DB|P0AGC0|2.A.1.4.1	49.1	458	225	3	1	456	2	453	3.3e-123	438.3
3300011145.a:Ga0122822_100001_176	gnl|TC-DB|P76330|9.B.34.1.4	36.0	164	99	2	177	334	395	558	1.8e-22	103.2
3300011145.a:Ga0122822_100001_181	gnl|TC-DB|A3RZV8|2.A.66.6.2	34.7	490	288	7	3	461	13	501	1.1e-65	247.3
3300011145.a:Ga0122822_100001_182	gnl|TC-DB|Q02PM3|2.A.66.6.1	25.9	464	330	5	1	462	1	452	2.8e-40	162.9
3300011145.a:Ga0122822_100001_190	gnl|TC-DB|P42953|3.A.1.104.1	43.1	276	148	3	2	269	1	275	1.6e-61	232.6
3300011145.a:Ga0122822_100001_191	gnl|TC-DB|P42954|3.A.1.104.1	50.6	249	121	1	4	252	5	251	2.0e-71	265.8
3300011145.a:Ga0122822_100001_205	gnl|TC-DB|Q6MMD5|9.B.18.2.1	40.9	506	269	10	72	559	79	572	6.4e-90	328.2
3300011145.a:Ga0122822_100001_211	gnl|TC-DB|P73948|2.A.38.4.5	29.5	200	120	7	167	356	170	358	2.9e-13	72.8
3300011145.a:Ga0122822_100001_212	gnl|TC-DB|917585193|9.B.18.1.3	34.0	188	116	3	1	180	265	452	2.0e-24	109.0
3300011145.a:Ga0122822_100001_217	gnl|TC-DB|Q814I5|1.A.29.1.6	39.4	193	116	1	1	192	1	193	2.6e-32	135.2
3300011145.a:Ga0122822_100001_229	gnl|TC-DB|Q1M605|3.A.3.7.2	42.2	564	299	9	2	546	6	561	7.3e-106	380.9
3300011145.a:Ga0122822_100001_230	gnl|TC-DB|P03960|3.A.3.7.1	61.5	662	244	5	34	685	16	676	1.4e-207	719.2
3300011145.a:Ga0122822_100001_231	gnl|TC-DB|P03961|3.A.3.7.1	38.6	184	99	3	1	170	4	187	1.0e-24	109.8
3300011145.a:Ga0122822_100001_233	gnl|TC-DB|O86919|1.C.105.2.7	48.1	214	96	4	916	1121	1256	1462	7.6e-49	192.6
3300011145.a:Ga0122822_100001_240	gnl|TC-DB|Q9HT68|3.A.1.24.5	38.0	263	151	4	6	267	7	258	6.3e-42	167.5
3300011145.a:Ga0122822_100001_241	gnl|TC-DB|Q9HT69|3.A.1.24.5	47.8	182	95	0	12	193	16	197	1.0e-34	143.3
3300011145.a:Ga0122822_100001_242	gnl|TC-DB|O32169|3.A.1.24.2	49.3	341	168	1	1	336	1	341	6.1e-87	317.4
3300011145.a:Ga0122822_100001_244	gnl|TC-DB|Q07837|8.A.9.1.2	31.2	523	281	13	6	491	118	598	2.0e-71	266.5
3300011145.a:Ga0122822_100001_253	gnl|TC-DB|D6XYZ9|2.A.102.6.2	40.1	242	132	5	1	233	1	238	1.5e-39	159.5
3300011145.a:Ga0122822_100001_256	gnl|TC-DB|Q97Q42|3.A.1.11.7	69.7	357	106	1	6	360	5	361	6.3e-146	513.5
3300011145.a:Ga0122822_100001_257	gnl|TC-DB|Q97Q43|3.A.1.11.7	58.6	268	108	1	1	265	8	275	8.1e-82	300.1
3300011145.a:Ga0122822_100001_258	gnl|TC-DB|Q97Q44|3.A.1.11.7	58.4	250	103	1	5	254	3	251	6.1e-74	273.9
3300011145.a:Ga0122822_100001_259	gnl|TC-DB|Q7A676|3.A.1.11.8	52.2	358	169	2	1	357	1	357	3.8e-111	397.9
3300011145.a:Ga0122822_100001_262	gnl|TC-DB|P76330|9.B.34.1.4	37.2	196	111	5	372	556	366	560	1.0e-25	114.8
3300011145.a:Ga0122822_100001_264	gnl|TC-DB|Q2FZR3|3.A.1.5.19	36.7	551	330	7	2	547	3	539	1.0e-99	360.5
3300011145.a:Ga0122822_100001_269	gnl|TC-DB|J7JIE8|2.A.21.2.4	52.3	476	219	2	15	490	1	468	4.2e-132	468.0
3300011145.a:Ga0122822_100001_270	gnl|TC-DB|P96593|2.A.55.3.3	50.0	390	192	3	16	402	33	422	2.4e-98	355.5
3300011145.a:Ga0122822_100001_272	gnl|TC-DB|Q9MUK5|3.A.9.1.1	24.9	397	273	9	66	455	59	437	6.2e-24	108.6
3300011145.a:Ga0122822_100001_278	gnl|TC-DB|F8CVI0|1.B.52.2.2	27.5	244	169	3	307	547	52	290	4.1e-14	76.6
3300011145.a:Ga0122822_100001_280	gnl|TC-DB|D4ZZR3|9.B.34.1.3	30.7	163	100	5	500	650	227	388	2.1e-12	71.2
3300011145.a:Ga0122822_100001_282	gnl|TC-DB|P20166|4.A.1.1.9	52.1	142	68	0	11	152	545	686	2.2e-37	151.8
3300011145.a:Ga0122822_100001_283	gnl|TC-DB|O34697|3.A.1.134.3	56.8	250	106	2	4	251	3	252	5.6e-77	283.9
3300011145.a:Ga0122822_100001_284	gnl|TC-DB|Q8Y5E9|3.A.1.134.12	29.5	662	422	11	1	637	1	642	8.9e-63	238.0
3300011145.a:Ga0122822_100001_287	gnl|TC-DB|P42423|3.A.1.134.6	50.6	253	124	1	1	252	4	256	4.2e-72	267.7
3300011145.a:Ga0122822_100001_292	gnl|TC-DB|J8ABC0|3.A.1.105.9	31.2	311	191	3	1	293	1	306	3.1e-42	168.7
3300011145.a:Ga0122822_100001_303	gnl|TC-DB|P10408|3.A.5.1.1	40.9	842	442	9	19	806	2	841	8.4e-175	610.5
3300011145.a:Ga0122822_100001_305	gnl|TC-DB|R6S968|9.B.146.1.4	27.3	359	218	10	1	322	6	358	4.3e-19	92.0
3300011145.a:Ga0122822_100001_306	gnl|TC-DB|P42107|9.B.169.1.1	32.5	397	224	14	1	363	4	390	2.3e-31	132.9
3300011145.a:Ga0122822_100001_307	gnl|TC-DB|P17551|2.A.51.1.1	26.0	392	264	6	2	383	21	396	5.8e-25	111.7
3300011145.a:Ga0122822_100001_314	gnl|TC-DB|P39145|3.A.11.1.1	37.4	404	212	9	78	448	58	453	3.5e-61	232.3
3300011145.a:Ga0122822_100001_315	gnl|TC-DB|G2JSZ8|3.A.11.1.4	35.1	174	107	5	2	171	47	218	3.3e-20	94.7
3300011145.a:Ga0122822_100001_336	gnl|TC-DB|Q2FZR3|3.A.1.5.19	35.8	279	156	6	3	260	6	282	1.0e-39	160.2
3300011145.a:Ga0122822_100001_337	gnl|TC-DB|O51307|3.A.1.5.18	29.5	237	150	7	2	224	295	528	1.5e-15	79.7
3300011145.a:Ga0122822_100001_345	gnl|TC-DB|D4ZZR3|9.B.34.1.3	34.9	169	102	4	412	572	223	391	1.1e-19	94.7
3300011145.a:Ga0122822_100001_355	gnl|TC-DB|P10408|3.A.5.1.1	47.7	886	399	7	14	837	16	899	1.7e-223	772.3
3300011145.a:Ga0122822_100001_359	gnl|TC-DB|P39803|2.A.115.1.1	28.6	269	180	4	15	276	12	275	7.5e-25	110.9
3300011145.a:Ga0122822_100001_361	gnl|TC-DB|P0A9R7|3.A.1.140.1	46.0	215	116	0	1	215	1	215	1.1e-52	203.0
3300011145.a:Ga0122822_100001_363	gnl|TC-DB|B7LEG0|1.A.34.1.2	37.1	132	63	6	331	460	263	376	3.0e-12	69.7
3300011145.a:Ga0122822_100001_364	gnl|TC-DB|O35002|9.B.174.1.1	47.0	423	222	2	49	470	54	475	4.5e-104	374.8
3300011145.a:Ga0122822_100001_367	gnl|TC-DB|A9WBR9|3.A.1.32.3	26.6	248	123	12	460	657	93	331	3.1e-11	67.4
3300011145.a:Ga0122822_100001_398	gnl|TC-DB|P04983|3.A.1.2.1	48.7	489	250	1	3	490	5	493	4.5e-131	464.5
3300011145.a:Ga0122822_100001_399	gnl|TC-DB|A6VKS9|3.A.1.2.13	55.9	295	128	2	25	317	19	313	1.7e-81	299.3
3300011145.a:Ga0122822_100001_400	gnl|TC-DB|P02925|3.A.1.2.1	54.4	296	129	2	9	303	3	293	4.7e-78	287.7
3300011145.a:Ga0122822_100001_423	gnl|TC-DB|P54176|1.C.113.1.1	54.2	214	98	0	20	233	3	216	5.7e-63	237.3
3300011145.a:Ga0122822_100001_424	gnl|TC-DB|P76219|9.B.27.1.1	37.5	152	94	1	36	186	32	183	6.0e-22	100.9
3300011145.a:Ga0122822_100001_440	gnl|TC-DB|O32169|3.A.1.24.2	61.4	337	130	0	1	337	1	337	5.4e-115	410.6
3300011145.a:Ga0122822_100001_441	gnl|TC-DB|O32168|3.A.1.24.2	53.2	218	102	0	4	221	5	222	1.4e-55	212.6
3300011145.a:Ga0122822_100001_442	gnl|TC-DB|O32167|3.A.1.24.2	54.2	275	121	5	5	277	3	274	1.9e-73	272.3
3300011145.a:Ga0122822_100001_445	gnl|TC-DB|Q9CES4|3.A.1.3.25	25.6	203	142	4	4	205	5	199	2.0e-13	72.8
3300011145.a:Ga0122822_100001_464	gnl|TC-DB|P50726|2.A.87.1.2	51.6	188	87	3	3	188	2	187	2.0e-47	185.3
3300011145.a:Ga0122822_100001_473	gnl|TC-DB|P20166|4.A.1.1.9	66.2	518	159	4	1	502	1	518	7.8e-195	676.4
3300011145.a:Ga0122822_100001_474	gnl|TC-DB|P20166|4.A.1.1.9	62.1	688	235	7	1	678	1	672	2.5e-236	814.7
3300011145.a:Ga0122822_100001_475	gnl|TC-DB|P96712|2.A.1.3.50	51.2	500	233	3	1	489	1	500	4.8e-136	481.1
3300011145.a:Ga0122822_100001_476	gnl|TC-DB|P08839|8.A.7.1.1	48.5	571	292	1	5	573	2	572	3.5e-151	531.6
3300011145.a:Ga0122822_100001_501	gnl|TC-DB|O34546|2.A.1.2.69	46.8	376	196	3	4	379	1	372	1.0e-93	340.1
3300011145.a:Ga0122822_100001_507	gnl|TC-DB|Q00758|2.A.66.2.14	23.6	488	339	8	17	496	6	467	3.3e-21	99.8
3300011145.a:Ga0122822_100001_512	gnl|TC-DB|Q45632|2.A.1.65.9	33.5	367	239	3	29	393	16	379	6.9e-45	177.9
3300011145.a:Ga0122822_100001_524	gnl|TC-DB|Q9K7V5|9.A.23.1.1	49.4	334	164	1	3	336	6	334	1.5e-77	286.2
3300011145.a:Ga0122822_100001_542	gnl|TC-DB|P69451|4.C.1.1.4	28.1	505	311	12	83	551	62	550	1.2e-42	171.0
3300011145.a:Ga0122822_100001_546	gnl|TC-DB|D5ARG8|2.A.88.1.3	43.1	174	84	4	4	163	3	175	1.8e-21	99.0
3300011145.a:Ga0122822_100001_578	gnl|TC-DB|Q9HV74|2.A.21.9.1	30.2	258	152	7	336	576	730	976	1.6e-23	107.5
3300011145.a:Ga0122822_100001_599	gnl|TC-DB|C2UR80|2.A.1.46.5	30.3	393	267	4	5	395	19	406	1.4e-42	170.2
3300011145.a:Ga0122822_100001_608	gnl|TC-DB|P94357|2.A.115.1.2	42.3	267	154	0	26	292	7	273	4.2e-63	238.0
3300011145.a:Ga0122822_100001_609	gnl|TC-DB|P69451|4.C.1.1.4	40.4	560	321	9	1	551	1	556	2.2e-113	406.0
3300011145.a:Ga0122822_100001_619	gnl|TC-DB|Q65GF3|3.D.10.1.1	58.2	201	84	0	1	201	1	201	3.9e-68	254.2
3300011145.a:Ga0122822_100001_620	gnl|TC-DB|Q65GF4|3.D.10.1.1	78.9	582	121	1	1	580	1	582	1.4e-280	961.4
3300011145.a:Ga0122822_100001_621	gnl|TC-DB|Q65GF5|3.D.10.1.1	80.2	247	49	0	12	258	5	251	1.7e-124	441.8
3300011145.a:Ga0122822_100001_634	gnl|TC-DB|O32095|2.A.86.1.8	38.6	363	218	2	3	365	1	358	5.5e-60	228.0
3300011145.a:Ga0122822_100001_649	gnl|TC-DB|Q8F3M7|3.A.15.4.1	42.1	554	311	5	6	549	2	555	4.9e-118	421.4
3300011145.a:Ga0122822_100001_650	gnl|TC-DB|P24559|3.A.15.2.1	47.9	328	170	1	10	337	3	329	3.6e-82	301.6
3300011145.a:Ga0122822_100001_651	gnl|TC-DB|Q8VRL3|3.A.11.1.3	37.8	389	237	4	3	388	48	434	1.6e-62	236.5
3300011145.a:Ga0122822_100001_653	gnl|TC-DB|R8YEH7|1.A.54.5.3	28.5	221	143	5	36	247	70	284	2.3e-14	75.9
3300011145.a:Ga0122822_100001_658	gnl|TC-DB|Q9K8H5|9.B.157.1.2	74.5	341	85	1	1	341	1	339	1.6e-138	488.8
3300011145.a:Ga0122822_100001_659	gnl|TC-DB|Q01466|9.B.157.1.1	37.7	289	173	4	7	290	3	289	3.4e-49	191.8
3300011145.a:Ga0122822_100001_669	gnl|TC-DB|Q0PBV6|9.A.40.2.2	26.1	421	292	6	1	404	23	441	4.3e-37	152.1
3300011145.a:Ga0122822_100001_672	gnl|TC-DB|F9VN10|3.D.10.1.4	28.2	471	296	14	5	443	2	462	1.6e-35	147.1
3300011145.a:Ga0122822_100001_680	gnl|TC-DB|O32047|2.A.6.4.2	57.5	433	182	2	2	434	1	431	1.7e-129	459.1
3300011145.a:Ga0122822_100001_681	gnl|TC-DB|O32047|2.A.6.4.2	46.9	292	149	2	7	298	446	731	7.8e-65	243.8
3300011145.a:Ga0122822_100001_698	gnl|TC-DB|Q6MDD6|3.A.7.16.1	33.1	740	445	14	6	728	3	709	5.4e-104	375.2
3300011145.a:Ga0122822_100001_711	gnl|TC-DB|Q2FZR3|3.A.1.5.19	28.1	556	343	14	4	518	1	540	1.6e-41	167.2
3300011145.a:Ga0122822_100001_712	gnl|TC-DB|Q2FZR3|3.A.1.5.19	36.7	539	323	6	14	545	12	539	5.2e-104	374.8
3300011145.a:Ga0122822_100001_715	gnl|TC-DB|Q2FZR3|3.A.1.5.19	39.8	500	291	7	46	536	40	538	3.2e-98	355.5
3300011145.a:Ga0122822_100001_716	gnl|TC-DB|Q2FZR7|3.A.1.5.19	50.0	308	153	1	1	308	1	307	1.0e-80	296.6
3300011145.a:Ga0122822_100001_717	gnl|TC-DB|Q2FZR6|3.A.1.5.19	48.9	348	168	3	3	343	12	356	2.5e-88	322.0
3300011145.a:Ga0122822_100001_718	gnl|TC-DB|Q2FZR5|3.A.1.5.19	65.9	334	114	0	2	335	3	336	1.3e-122	436.0
3300011145.a:Ga0122822_100001_719	gnl|TC-DB|Q2FZR4|3.A.1.5.19	65.3	308	99	1	1	308	1	300	1.8e-112	402.1
3300011145.a:Ga0122822_100001_732	gnl|TC-DB|H2J7Z5|2.A.103.1.6	30.6	373	219	9	9	374	19	358	4.5e-33	138.7
3300011145.a:Ga0122822_100001_740	gnl|TC-DB|P19072|2.A.26.1.1	43.0	416	231	5	6	420	8	418	3.5e-74	275.4
3300011145.a:Ga0122822_100001_755	gnl|TC-DB|P39760|2.A.38.4.4	64.7	221	78	0	1	221	1	221	1.0e-77	286.2
3300011145.a:Ga0122822_100001_778	gnl|TC-DB|P07373|2.A.103.1.3	34.5	406	205	11	8	395	4	366	1.3e-46	183.7
3300011145.a:Ga0122822_100001_779	gnl|TC-DB|Q03030|3.B.1.1.1	32.3	625	369	9	532	1141	3	588	5.3e-82	302.8
3300011145.a:Ga0122822_100001_781	gnl|TC-DB|P12946|3.D.4.4.1	41.6	298	150	7	1	281	1	291	8.4e-48	187.2
3300011145.a:Ga0122822_100001_783	gnl|TC-DB|P24011|3.D.4.4.1	44.6	354	166	8	13	343	8	354	8.4e-76	280.4
3300011145.a:Ga0122822_100001_784	gnl|TC-DB|P24010|3.D.4.4.1	67.8	605	194	1	13	617	13	616	1.1e-243	839.0
3300011145.a:Ga0122822_100001_785	gnl|TC-DB|P24012|3.D.4.4.1	67.7	195	61	2	15	208	13	206	1.4e-65	245.7
3300011145.a:Ga0122822_100001_808	gnl|TC-DB|P0A6W3|9.B.146.1.6	44.1	329	161	5	6	315	28	352	2.8e-57	218.8
3300011145.a:Ga0122822_100001_817	gnl|TC-DB|Q81WE1|9.A.4.2.1	53.6	84	38	1	6	89	1	83	1.9e-19	91.3
3300011145.a:Ga0122822_100001_821	gnl|TC-DB|B8I766|9.B.105.1.5	41.4	145	81	3	3	146	2	143	7.2e-22	100.1
3300011145.a:Ga0122822_100001_824	gnl|TC-DB|P39766|2.A.40.1.4	52.3	432	199	3	1	426	1	431	1.8e-123	439.1
3300011145.a:Ga0122822_100001_840	gnl|TC-DB|P71083|2.A.85.4.2	25.7	272	188	3	6	265	2	271	4.4e-20	95.1
3300011145.a:Ga0122822_100001_845	gnl|TC-DB|Q9ZKE4|3.A.11.3.1	33.9	501	315	6	241	741	104	588	8.5e-76	281.6
3300011145.a:Ga0122822_100001_849	gnl|TC-DB|D8HIS0|9.B.106.2.2	32.0	309	178	5	7	285	214	520	2.0e-33	140.6
3300011145.a:Ga0122822_100001_852	gnl|TC-DB|O32074|2.A.88.3.1	44.9	187	92	4	2	180	5	188	6.3e-33	137.1
3300011145.a:Ga0122822_100001_854	gnl|TC-DB|P39137|2.A.3.1.11	64.0	447	161	0	2	448	10	456	2.5e-163	571.6
3300011145.a:Ga0122822_100001_869	gnl|TC-DB|P10121|3.A.5.1.1	52.7	277	131	0	41	317	217	493	5.5e-80	294.3
3300011145.a:Ga0122822_100001_871	gnl|TC-DB|P0AGD7|3.A.5.1.1	53.9	438	198	3	3	438	2	437	8.9e-126	446.8
3300011145.a:Ga0122822_100001_896	gnl|TC-DB|O84676|3.A.6.3.1	55.6	414	178	3	24	432	25	437	1.6e-124	442.6
3300011145.a:Ga0122822_100001_905	gnl|TC-DB|P26419|3.A.6.2.1	50.5	95	47	0	280	374	39	133	1.8e-23	106.7
3300011145.a:Ga0122822_100001_908	gnl|TC-DB|P54700|3.A.6.2.1	52.5	202	96	0	19	220	41	242	1.2e-51	199.5
3300011145.a:Ga0122822_100001_909	gnl|TC-DB|P0A1L5|3.A.6.2.1	48.8	84	43	0	1	84	1	84	2.2e-15	77.8
3300011145.a:Ga0122822_100001_911	gnl|TC-DB|P40727|3.A.6.2.1	39.1	350	204	3	16	361	8	352	1.4e-60	229.9
3300011145.a:Ga0122822_100001_912	gnl|TC-DB|P76298|1.A.104.1.1	41.6	669	376	6	14	674	28	689	1.6e-134	476.5
3300011145.a:Ga0122822_100001_913	gnl|TC-DB|P66842|3.A.5.2.2	29.1	244	143	7	99	318	171	408	3.7e-15	79.0
3300011145.a:Ga0122822_100001_946	gnl|TC-DB|P21458|3.A.12.1.1	64.6	536	179	4	189	713	241	776	4.6e-185	644.4
3300011145.a:Ga0122822_100001_947	gnl|TC-DB|Q8DU36|3.A.1.2.12	48.6	350	166	5	1	337	1	349	1.0e-81	300.1
3300011145.a:Ga0122822_100001_949	gnl|TC-DB|Q8DU36|3.A.1.2.12	48.4	351	164	7	4	343	3	347	8.2e-82	300.4
3300011145.a:Ga0122822_100001_950	gnl|TC-DB|A2RKA7|3.A.1.2.17	59.3	504	204	1	2	505	4	506	3.7e-168	587.8
3300011145.a:Ga0122822_100001_951	gnl|TC-DB|A2RKA6|3.A.1.2.17	40.8	355	203	2	9	356	8	362	2.9e-71	265.4
3300011145.a:Ga0122822_100001_952	gnl|TC-DB|Q8DU39|3.A.1.2.12	56.1	319	138	2	1	318	1	318	2.1e-89	325.5
3300011145.a:Ga0122822_100001_955	gnl|TC-DB|Q5EAK4|2.A.16.2.2	27.2	368	227	11	5	339	1361	1720	4.7e-24	109.0
3300011145.a:Ga0122822_100001_983	gnl|TC-DB|P46911|3.D.3.4.1	64.0	161	57	1	7	167	6	165	7.1e-60	226.5
3300011145.a:Ga0122822_100001_984	gnl|TC-DB|P46912|3.D.3.4.1	82.1	224	39	1	1	223	1	224	7.4e-105	376.3
3300011145.a:Ga0122822_100001_985	gnl|TC-DB|P46913|3.D.3.4.1	62.1	253	93	2	1	253	1	250	3.5e-90	327.8
3300011145.a:Ga0122822_100001_988	gnl|TC-DB|P94357|2.A.115.1.2	40.1	274	160	1	10	283	4	273	2.6e-57	218.8
3300011145.a:Ga0122822_100001_1018	gnl|TC-DB|Q45460|3.A.1.12.3	55.8	240	105	1	20	258	1	240	1.9e-75	278.9
3300011145.a:Ga0122822_100001_1019	gnl|TC-DB|Q93A34|3.A.1.12.8	62.8	506	185	2	1	505	1	504	3.2e-172	601.3
3300011145.a:Ga0122822_100001_1021	gnl|TC-DB|Q9KDT3|2.A.22.5.3	41.4	442	246	6	6	442	12	445	2.7e-82	302.4
3300011145.a:Ga0122822_100001_1027	gnl|TC-DB|P94400|9.B.10.1.1	32.2	311	161	12	4	273	3	304	4.5e-31	131.7
3300011145.a:Ga0122822_100001_1029	gnl|TC-DB|Q0PBV6|9.A.40.2.2	26.7	427	301	5	3	423	23	443	6.5e-41	164.9
3300011145.a:Ga0122822_100001_1031	gnl|TC-DB|D4ZZR3|9.B.34.1.3	36.5	170	100	2	214	378	227	393	5.0e-24	109.0
3300011145.a:Ga0122822_100001_1035	gnl|TC-DB|Q07837|8.A.9.1.2	32.1	523	279	15	5	502	117	588	1.3e-70	263.8
3300011145.a:Ga0122822_100001_1037	gnl|TC-DB|P54163|2.A.88.8.2	44.9	227	120	3	2	226	3	226	6.6e-48	187.2
3300011145.a:Ga0122822_100001_1041	gnl|TC-DB|M1TZ79|2.A.21.2.5	63.1	483	176	1	6	486	7	489	9.9e-171	596.3
3300011145.a:Ga0122822_100001_1051	gnl|TC-DB|P42200|3.A.1.3.14	44.4	187	103	1	4	189	46	232	5.4e-40	160.6
3300011145.a:Ga0122822_100001_1052	gnl|TC-DB|P42199|3.A.1.3.14	36.3	281	153	9	1	268	1	268	2.7e-32	135.6
3300011145.a:Ga0122822_100001_1057	gnl|TC-DB|P42956|4.A.2.1.5	61.5	468	172	1	10	469	10	477	3.4e-160	561.2
3300011145.a:Ga0122822_100001_1058	gnl|TC-DB|P00550|4.A.2.1.2	40.6	138	79	1	7	141	496	633	2.1e-23	105.1
3300011145.a:Ga0122822_100001_1067	gnl|TC-DB|Q9CES5|3.A.1.3.25	37.5	240	148	2	17	255	243	481	4.9e-44	174.5
3300011145.a:Ga0122822_100001_1068	gnl|TC-DB|Q8YSA2|3.A.1.3.17	42.9	205	112	1	9	208	281	485	6.3e-37	150.6
3300011145.a:Ga0122822_100001_1069	gnl|TC-DB|P54537|3.A.1.3.15	66.7	240	80	0	3	242	1	240	2.6e-87	318.2
3300011145.a:Ga0122822_100001_1074	gnl|TC-DB|O05227|2.A.63.1.4	52.9	119	56	0	1	119	1	119	5.0e-26	113.6
3300011145.a:Ga0122822_100001_1076	gnl|TC-DB|Q7WY60|2.A.63.1.4	58.9	158	65	0	1	158	1	158	5.9e-48	186.8
3300011145.a:Ga0122822_100001_1077	gnl|TC-DB|O05229|2.A.63.1.4	53.0	492	231	0	1	492	1	492	5.6e-137	484.2
3300011145.a:Ga0122822_100001_1078	gnl|TC-DB|O05260|2.A.63.1.4	63.7	113	41	0	1	113	1	113	4.8e-36	146.7
3300011145.a:Ga0122822_100001_1079	gnl|TC-DB|O05259|2.A.63.1.4	58.2	141	59	0	6	146	3	143	2.8e-44	174.5
3300011145.a:Ga0122822_100001_1080	gnl|TC-DB|Q9K2S2|2.A.63.1.4	58.3	792	328	1	1	792	1	790	1.8e-246	848.6
3300011145.a:Ga0122822_100001_1099	gnl|TC-DB|O31543|1.A.35.3.3	45.5	319	167	3	1	315	1	316	3.5e-76	281.6
3300011145.a:Ga0122822_100001_1123	gnl|TC-DB|P0C0L7|2.A.1.6.4	39.7	451	260	4	8	449	15	462	1.3e-92	336.7
3300011145.a:Ga0122822_100001_1127	gnl|TC-DB|P08722|4.A.1.2.2	37.7	636	369	8	9	630	3	625	3.2e-105	379.0
3300011145.a:Ga0122822_100001_1128	gnl|TC-DB|Q86Z14|8.A.49.1.2	25.6	489	299	13	3	481	80	513	2.9e-37	152.9
3300011145.a:Ga0122822_100001_1135	gnl|TC-DB|O07535|2.A.37.5.2	45.7	164	89	0	1	164	1	164	1.4e-39	159.1
3300011145.a:Ga0122822_100001_1136	gnl|TC-DB|O07536|2.A.37.5.2	77.5	404	90	1	1	404	1	403	6.1e-166	580.1
3300011145.a:Ga0122822_100001_1139	gnl|TC-DB|O32212|2.A.36.3.2	34.7	683	412	12	1	666	1	666	3.8e-96	349.0
3300011145.a:Ga0122822_100001_1155	gnl|TC-DB|M5P071|9.B.72.1.7	36.5	104	66	0	5	108	4	107	1.5e-13	72.0
3300011145.a:Ga0122822_100001_1170	gnl|TC-DB|Q9C9W0|3.A.1.139.4	34.6	217	141	1	14	229	44	260	7.9e-33	137.1
3300011145.a:Ga0122822_100001_1171	gnl|TC-DB|P77307|3.A.1.139.2	36.8	250	156	2	6	254	11	259	2.2e-36	149.1
3300011145.a:Ga0122822_100001_1173	gnl|TC-DB|B3WEC1|3.A.1.134.9	49.1	234	116	3	1	233	1	232	7.0e-56	213.8
3300011145.a:Ga0122822_100001_1177	gnl|TC-DB|Q3SAW5|2.A.7.21.4	39.9	298	173	3	11	306	12	305	4.8e-54	208.0
3300011145.a:Ga0122822_100001_1189	gnl|TC-DB|Q8DNB9|3.A.1.142.1	31.9	204	119	6	12	205	14	207	2.6e-20	95.5
3300011145.a:Ga0122822_100001_1211	gnl|TC-DB|Q3Z8A7|3.A.1.105.6	26.5	200	146	1	137	335	42	241	2.4e-14	76.3
3300011145.a:Ga0122822_100001_1212	gnl|TC-DB|Q3Z8A8|3.A.1.105.6	41.4	232	132	3	3	231	6	236	4.4e-47	184.5
3300011145.a:Ga0122822_100001_1223	gnl|TC-DB|P75957|3.A.1.125.1	48.1	212	109	1	12	222	15	226	3.7e-51	198.0
3300011145.a:Ga0122822_100001_1225	gnl|TC-DB|O31711|3.A.1.122.2	49.8	223	112	0	3	225	1	223	2.0e-62	235.3
3300011145.a:Ga0122822_100001_1226	gnl|TC-DB|O31712|3.A.1.122.2	31.9	395	246	8	4	379	5	395	6.6e-45	177.9
3300011145.a:Ga0122822_100001_1247	gnl|TC-DB|P75957|3.A.1.125.1	48.4	215	110	1	6	219	7	221	3.6e-54	208.0
3300011145.a:Ga0122822_100001_1255	gnl|TC-DB|F8CVI0|1.B.52.2.2	33.3	177	98	5	75	231	113	289	4.0e-13	72.0
3300011145.a:Ga0122822_100001_1257	gnl|TC-DB|P75798|3.A.1.5.11	32.3	303	202	1	1	303	2	301	2.5e-42	169.1
3300011145.a:Ga0122822_100001_1258	gnl|TC-DB|I0C487|3.A.1.5.33	34.9	241	154	1	5	242	15	255	3.5e-40	161.8
3300011145.a:Ga0122822_100001_1259	gnl|TC-DB|O34992|3.A.1.12.4	35.5	214	118	7	16	217	18	223	1.4e-27	119.8
3300011145.a:Ga0122822_100001_1260	gnl|TC-DB|P77622|3.A.1.5.38	41.3	208	109	2	20	227	32	226	3.8e-38	154.8
3300011145.a:Ga0122822_100001_1261	gnl|TC-DB|P28303|2.A.66.1.4	35.3	422	271	2	9	428	27	448	9.3e-64	240.7
3300011145.a:Ga0122822_100001_1279	gnl|TC-DB|O34362|3.A.1.30.1	37.7	538	305	8	1	508	7	544	9.2e-87	317.4
3300011145.a:Ga0122822_100001_1280	gnl|TC-DB|O34738|3.A.1.30.1	42.4	184	106	0	1	184	1	184	1.2e-34	142.9
3300011145.a:Ga0122822_100001_1293	gnl|TC-DB|G2JNR0|3.A.11.1.4	33.9	239	155	3	39	276	44	280	3.7e-32	135.2
3300011145.a:Ga0122822_100001_1312	gnl|TC-DB|B3HWD6|2.A.108.2.10	35.1	282	167	6	285	553	359	637	6.7e-30	128.6
3300011145.a:Ga0122822_100001_1313	gnl|TC-DB|P31545|2.A.108.2.3	35.7	412	249	12	9	408	13	420	7.0e-61	231.1
3300011145.a:Ga0122822_100001_1314	gnl|TC-DB|P0AB24|2.A.108.2.3	45.7	234	123	1	41	270	139	372	1.2e-51	199.9
3300011145.a:Ga0122822_100001_1320	gnl|TC-DB|P76007|2.A.36.6.11	41.0	468	265	7	7	469	9	470	5.2e-79	291.6
3300011145.a:Ga0122822_100001_1323	gnl|TC-DB|K0ACJ7|9.B.182.1.4	75.5	196	48	0	1	196	1	196	1.7e-81	298.5
3300011145.a:Ga0122822_100001_1346	gnl|TC-DB|P54428|9.A.40.2.1	48.6	416	206	4	54	463	3	416	9.9e-107	383.6
3300011145.a:Ga0122822_100001_1349	gnl|TC-DB|P33449|2.A.1.2.70	73.8	382	99	1	1	381	1	382	1.3e-152	535.8
3300011145.a:Ga0122822_100001_1366	gnl|TC-DB|B1YFV8|3.E.1.6.5	89.0	246	27	0	1	246	1	246	4.6e-124	440.3
3300011145.a:Ga0122822_100001_1370	gnl|TC-DB|F8CVI0|1.B.52.2.2	27.2	261	148	5	186	427	52	289	2.4e-11	67.0
3300011145.a:Ga0122822_100001_1375	gnl|TC-DB|O32095|2.A.86.1.8	38.9	360	216	3	14	372	11	367	1.7e-56	216.5
3300011145.a:Ga0122822_100001_1381	gnl|TC-DB|F8CVI0|1.B.52.2.2	39.3	117	64	1	112	228	180	289	3.4e-12	68.9
3300011145.a:Ga0122822_100001_1397	gnl|TC-DB|Q86Z14|8.A.49.1.2	29.4	470	281	16	15	472	78	508	5.6e-46	181.8
3300011145.a:Ga0122822_100001_1398	gnl|TC-DB|P46317|4.A.3.2.2	41.9	430	242	4	10	432	7	435	3.4e-85	312.0
3300011145.a:Ga0122822_100001_1399	gnl|TC-DB|P46319|4.A.3.2.2	42.3	104	60	0	9	112	3	106	1.7e-17	85.1
3300011145.a:Ga0122822_100001_1400	gnl|TC-DB|P46318|4.A.3.2.2	40.6	96	54	1	4	96	3	98	5.3e-15	76.6
3300011145.a:Ga0122822_100001_1408	gnl|TC-DB|A8F6Z5|3.A.1.131.3	38.3	222	135	2	1	220	1	222	1.6e-41	166.4
3300011145.a:Ga0122822_100001_1409	gnl|TC-DB|Q8GRB1|3.A.1.14.8	39.3	321	193	2	1	320	2	321	3.2e-61	231.9
3300011145.a:Ga0122822_100001_1410	gnl|TC-DB|Q8GRB2|3.A.1.14.8	46.9	277	142	3	49	321	68	343	5.8e-58	221.1
3300011145.a:Ga0122822_100001_1411	gnl|TC-DB|P15028|3.A.1.14.1	35.9	270	168	4	36	302	23	290	9.0e-45	177.2
3300011145.a:Ga0122822_100001_1414	gnl|TC-DB|Q5SJX5|9.B.120.1.3	37.8	233	134	3	3	226	9	239	4.3e-39	157.9
3300011145.a:Ga0122822_100001_1430	gnl|TC-DB|O07084|2.A.4.1.3	63.2	291	107	0	17	307	13	303	7.6e-100	360.1
3300011145.a:Ga0122822_100001_1431	gnl|TC-DB|M3JA40|1.B.52.2.1	42.2	90	49	1	178	267	283	369	3.7e-11	65.5
3300011145.a:Ga0122822_100001_1437	gnl|TC-DB|D2BBE3|3.A.1.148.4	41.6	286	158	6	2	282	3	284	2.9e-53	205.3
3300011145.a:Ga0122822_100001_1450	gnl|TC-DB|D4ZZR3|9.B.34.1.3	38.8	183	108	4	194	373	212	393	2.6e-25	112.8
3300011145.a:Ga0122822_100001_1456	gnl|TC-DB|D4ZZR3|9.B.34.1.3	27.7	292	188	7	82	350	104	395	2.2e-21	99.8
3300011145.a:Ga0122822_100001_1479	gnl|TC-DB|P73329|3.A.1.141.1	38.1	323	191	2	11	331	5	320	5.2e-62	234.6
3300011145.a:Ga0122822_100001_1481	gnl|TC-DB|D4ZZR3|9.B.34.1.3	37.7	167	94	4	194	354	231	393	1.5e-22	103.6
3300011145.a:Ga0122822_100001_1484	gnl|TC-DB|F8D413|3.A.1.105.12	35.1	299	184	5	3	294	4	299	1.1e-42	170.2
3300011145.a:Ga0122822_100001_1491	gnl|TC-DB|P0A756|2.A.37.1.2	44.0	159	89	0	2	160	7	165	7.3e-31	130.2
3300011145.a:Ga0122822_100001_1508	gnl|TC-DB|Q5WGH2|2.A.1.62.3	42.7	391	211	4	1	387	7	388	1.0e-83	307.0
3300011145.a:Ga0122822_100001_1524	gnl|TC-DB|P0AAP1|9.B.34.1.2	29.3	188	127	3	425	610	177	360	3.0e-18	90.1
3300011145.a:Ga0122822_100001_1528	gnl|TC-DB|O50980|4.A.3.2.3	29.8	443	265	9	5	421	15	437	1.8e-54	209.9
3300011145.a:Ga0122822_100001_1529	gnl|TC-DB|P46319|4.A.3.2.2	55.0	100	45	0	4	103	3	102	2.3e-22	101.3
3300011145.a:Ga0122822_100001_1530	gnl|TC-DB|O50982|4.A.3.2.3	41.2	97	53	2	1	93	1	97	9.3e-15	75.9
3300011145.a:Ga0122822_100001_1546	gnl|TC-DB|P77389|2.A.1.2.65	39.3	377	223	3	21	396	7	378	6.8e-69	257.7
3300011145.a:Ga0122822_100001_1548	gnl|TC-DB|F0N2E7|2.A.109.1.2	40.5	304	169	4	80	371	16	319	9.0e-55	210.7
3300011145.a:Ga0122822_100001_1552	gnl|TC-DB|P38101|2.A.76.1.4	35.3	187	121	0	5	191	8	194	3.4e-26	114.8
3300011145.a:Ga0122822_100001_1555	gnl|TC-DB|B0SM05|2.A.25.1.6	30.7	270	161	3	5	253	464	728	7.4e-32	134.0
3300011145.a:Ga0122822_100001_1558	gnl|TC-DB|P0AGE4|2.A.23.4.1	62.9	383	142	0	11	393	17	399	1.2e-127	453.0
3300011145.a:Ga0122822_100001_1566	gnl|TC-DB|P80874|8.A.5.1.4	22.5	311	191	8	9	270	8	317	1.1e-14	77.0
3300011145.a:Ga0122822_100001_1570	gnl|TC-DB|A9T501|2.A.7.26.4	46.7	105	55	1	4	108	11	114	2.9e-22	100.9
3300011145.a:Ga0122822_100001_1571	gnl|TC-DB|Q60048|3.A.3.6.8	50.4	397	188	4	1	389	313	708	3.5e-102	368.2
3300011145.a:Ga0122822_100023_20	gnl|TC-DB|Q8DQ09|3.A.1.15.3	25.9	321	209	3	17	337	20	311	4.8e-23	105.1
3300011145.a:Ga0122822_100023_21	gnl|TC-DB|Q8EHX2|2.A.35.1.5	42.1	437	232	5	3	419	6	441	3.4e-82	302.0
3300011145.a:Ga0122822_100023_23	gnl|TC-DB|P80874|8.A.5.1.4	38.0	166	79	8	1	144	1	164	5.7e-19	91.3
3300011145.a:Ga0122822_100023_25	gnl|TC-DB|Q45068|2.A.25.1.5	52.2	477	215	7	1	477	1	464	3.9e-127	451.4
3300011145.a:Ga0122822_100023_34	gnl|TC-DB|P75901|2.A.108.2.3	28.4	282	169	6	3	280	2	254	1.2e-20	97.1
3300011145.a:Ga0122822_100023_45	gnl|TC-DB|C5KRH7|9.B.149.1.7	38.7	186	111	2	21	204	7	191	2.3e-28	122.9
3300011145.a:Ga0122822_100023_46	gnl|TC-DB|Q9KAX3|2.A.66.1.32	41.6	459	266	1	3	461	5	461	8.9e-97	350.5
3300011145.a:Ga0122822_100023_49	gnl|TC-DB|P65374|2.A.6.5.5	28.0	717	436	15	19	687	19	703	1.1e-53	208.0
3300011145.a:Ga0122822_100023_61	gnl|TC-DB|D4ZZR3|9.B.34.1.3	36.8	163	94	6	393	550	233	391	3.8e-17	86.3
3300011145.a:Ga0122822_100023_65	gnl|TC-DB|D4G310|9.B.136.2.1	48.9	90	46	0	19	108	9	98	7.2e-21	96.3
3300011145.a:Ga0122822_100023_66	gnl|TC-DB|O50471|2.A.21.7.1	49.2	518	252	3	1	510	1	515	2.5e-124	442.2
3300011145.a:Ga0122822_100023_67	gnl|TC-DB|B0R8P7|2.A.102.4.7	30.1	296	178	6	7	277	13	304	6.7e-18	87.8
3300011145.a:Ga0122822_100023_68	gnl|TC-DB|W0WFC6|2.A.25.1.9	44.8	442	228	3	11	449	15	443	4.7e-98	354.8
3300011145.a:Ga0122822_100023_70	gnl|TC-DB|P07001|3.D.2.1.1	31.5	381	223	10	1	354	1	370	2.9e-29	125.9
3300011145.a:Ga0122822_100023_76	gnl|TC-DB|Q93N33|2.A.21.9.2	30.6	229	142	5	485	702	788	1010	2.7e-20	97.1
3300011145.a:Ga0122822_100023_78	gnl|TC-DB|O32081|2.A.38.4.3	43.6	436	240	4	28	463	16	445	1.6e-90	329.7
3300011145.a:Ga0122822_100023_80	gnl|TC-DB|P28611|1.A.30.1.3	54.2	260	119	0	1	260	1	260	1.0e-73	273.1
3300011145.a:Ga0122822_100023_81	gnl|TC-DB|P28612|1.A.30.1.3	46.4	250	121	2	2	239	4	252	3.6e-55	211.5
3300011145.a:Ga0122822_100023_85	gnl|TC-DB|Q9HV74|2.A.21.9.1	32.3	217	138	5	246	457	762	974	8.8e-20	94.7
3300011145.a:Ga0122822_100023_96	gnl|TC-DB|D4G632|2.A.6.3.9	50.9	1075	494	6	1	1070	5	1050	1.2e-248	856.3
3300011145.a:Ga0122822_100023_101	gnl|TC-DB|D9RF44|2.A.20.1.7	65.2	296	100	2	40	332	40	335	7.1e-104	373.6
3300011145.a:Ga0122822_100023_110	gnl|TC-DB|Q63GK8|4.A.1.1.17	72.4	548	144	2	6	553	5	545	1.3e-227	785.4
3300011145.a:Ga0122822_100023_112	gnl|TC-DB|P05306|4.A.1.2.9	64.9	465	159	2	1	465	1	461	1.1e-166	582.8
3300011145.a:Ga0122822_100023_116	gnl|TC-DB|P77328|2.A.40.5.1	28.1	438	269	11	4	416	10	426	7.1e-32	134.8
3300011145.a:Ga0122822_100023_117	gnl|TC-DB|Q5KYD1|2.A.17.1.7	65.4	497	171	1	1	497	1	496	5.7e-182	633.6
3300011145.a:Ga0122822_100023_123	gnl|TC-DB|Q83XH1|3.A.1.121.4	30.6	510	337	5	3	504	1	501	9.2e-66	247.7
3300011145.a:Ga0122822_100023_131	gnl|TC-DB|P38919|3.A.18.1.1	36.3	372	235	2	3	373	39	409	1.6e-68	256.5
3300011145.a:Ga0122822_100023_136	gnl|TC-DB|A3QE50|8.A.59.4.2	39.6	187	95	3	313	484	206	389	1.4e-31	134.0
3300011145.a:Ga0122822_100023_144	gnl|TC-DB|F9Z4G3|2.A.118.1.3	35.3	524	263	9	16	464	4	526	1.7e-79	293.1
3300011145.a:Ga0122822_100023_147	gnl|TC-DB|P0A9T4|8.A.5.1.5	26.0	335	174	11	26	287	13	346	5.0e-16	81.6
3300011145.a:Ga0122822_100023_148	gnl|TC-DB|P80874|8.A.5.1.4	40.1	309	181	3	3	308	2	309	6.1e-57	217.6
3300011145.a:Ga0122822_100023_160	gnl|TC-DB|Q83XH1|3.A.1.121.4	68.1	533	168	2	1	533	1	531	1.3e-216	748.8
3300011145.a:Ga0122822_100023_169	gnl|TC-DB|E0U2C9|2.A.115.2.1	36.6	186	115	2	14	198	7	190	4.7e-27	117.9
3300011145.a:Ga0122822_100023_174	gnl|TC-DB|P38919|3.A.18.1.1	35.9	357	226	2	6	359	40	396	8.7e-63	237.7
3300011145.a:Ga0122822_100023_177	gnl|TC-DB|Q8RME1|3.A.1.126.1	45.3	300	147	5	1	291	1	292	4.2e-68	254.6
3300011145.a:Ga0122822_100023_181	gnl|TC-DB|Q8EI43|2.A.35.2.2	49.6	518	261	0	3	520	5	522	6.5e-136	480.7
3300011145.a:Ga0122822_100023_188	gnl|TC-DB|O06473|2.A.1.32.3	46.8	400	207	2	13	412	3	396	7.2e-90	327.4
3300011145.a:Ga0122822_100023_193	gnl|TC-DB|Q47689|2.A.3.1.10	62.2	455	169	1	8	462	11	462	6.1e-162	567.0
3300011145.a:Ga0122822_100023_197	gnl|TC-DB|P12012|2.A.8.1.1	83.3	448	75	0	1	448	1	448	1.9e-200	694.9
3300011145.a:Ga0122822_100023_206	gnl|TC-DB|P96704|2.A.3.1.16	57.7	449	189	1	1	448	10	458	1.4e-150	529.3
3300011145.a:Ga0122822_100023_209	gnl|TC-DB|F5VDV4|2.A.1.76.3	43.2	396	220	5	5	399	7	398	1.3e-86	316.6
3300011145.a:Ga0122822_100023_232	gnl|TC-DB|Q9HV74|2.A.21.9.1	25.4	389	251	12	242	606	601	974	2.9e-18	90.1
3300011145.a:Ga0122822_100023_239	gnl|TC-DB|Q5G3M3|3.A.7.19.1	42.4	172	77	1	1	172	1	150	1.1e-31	132.9
3300011145.a:Ga0122822_100023_243	gnl|TC-DB|P75783|1.A.23.3.2	28.7	216	152	2	70	283	501	716	9.1e-21	97.4
3300011145.a:Ga0122822_100023_248	gnl|TC-DB|D8RWR9|1.C.39.4.5	39.2	143	68	1	79	221	491	614	1.2e-19	94.7
3300011145.a:Ga0122822_100023_250	gnl|TC-DB|Q9RCA5|2.A.9.3.5	50.4	262	122	4	6	267	4	257	9.2e-60	226.9
3300011145.a:Ga0122822_100027_6	gnl|TC-DB|Q2G2M9|3.A.1.106.2	53.7	577	267	0	13	589	2	578	9.5e-176	613.2
3300011145.a:Ga0122822_100027_13	gnl|TC-DB|O07549|3.A.1.106.8	49.0	669	322	6	19	676	5	665	6.9e-178	620.5
3300011145.a:Ga0122822_100027_14	gnl|TC-DB|O07550|3.A.1.106.8	52.5	570	270	1	3	571	4	573	9.5e-173	603.2
3300011145.a:Ga0122822_100027_20	gnl|TC-DB|Q93N33|2.A.21.9.2	29.5	220	147	4	216	429	769	986	6.8e-20	95.1
3300011145.a:Ga0122822_100027_27	gnl|TC-DB|Q81B77|2.A.1.26.3	41.0	383	217	5	5	381	5	384	2.6e-73	272.3
3300011145.a:Ga0122822_100027_30	gnl|TC-DB|O31688|3.A.3.6.9	55.2	618	268	5	19	631	24	637	3.6e-176	614.8
3300011145.a:Ga0122822_100027_39	gnl|TC-DB|Q42524|4.C.1.1.7	26.3	495	300	14	25	457	66	557	5.1e-36	148.7
3300011145.a:Ga0122822_100027_44	gnl|TC-DB|P38919|3.A.18.1.1	38.8	356	217	1	3	357	39	394	4.7e-70	261.9
3300011145.a:Ga0122822_100027_50	gnl|TC-DB|P43672|3.A.1.120.6	33.8	518	332	8	12	523	13	525	4.8e-77	285.4
3300011145.a:Ga0122822_100027_51	gnl|TC-DB|P0AAP1|9.B.34.1.2	33.3	165	95	4	449	603	206	365	1.5e-14	77.8
3300011145.a:Ga0122822_100027_52	gnl|TC-DB|Q1J0W6|9.B.34.1.1	35.7	154	95	3	439	589	194	346	2.1e-18	90.5
3300011145.a:Ga0122822_100027_54	gnl|TC-DB|O00571|1.I.1.1.3	30.2	361	226	4	13	347	196	556	2.4e-42	169.5
3300011145.a:Ga0122822_100027_58	gnl|TC-DB|P39115|3.A.1.121.3	30.7	511	307	6	4	509	3	471	3.2e-64	242.7
3300011145.a:Ga0122822_100027_62	gnl|TC-DB|F0PUM6|9.B.116.1.2	31.9	251	151	4	14	251	3	246	2.2e-25	112.5
3300011145.a:Ga0122822_100027_66	gnl|TC-DB|Q5SJ79|3.D.4.2.1	40.3	556	304	10	25	563	18	562	2.1e-108	389.4
3300011145.a:Ga0122822_100027_67	gnl|TC-DB|Q5SJ80|3.D.4.2.1	38.3	154	91	2	7	156	15	168	6.7e-28	120.2
3300011145.a:Ga0122822_100027_69	gnl|TC-DB|D6ZSR9|1.A.1.5.25	23.4	209	157	1	16	221	25	233	4.9e-14	74.7
3300011145.a:Ga0122822_100027_76	gnl|TC-DB|F4LXP4|8.A.59.2.1	27.1	317	204	7	290	584	187	498	1.0e-28	124.8
3300011145.a:Ga0122822_100027_77	gnl|TC-DB|P31466|2.A.40.7.6	38.5	431	257	3	1	429	18	442	3.3e-77	285.4
3300011145.a:Ga0122822_100027_78	gnl|TC-DB|Q8NMV3|3.A.1.1.45	29.0	455	275	14	2	426	3	439	1.7e-41	166.8
3300011145.a:Ga0122822_100027_79	gnl|TC-DB|P76007|2.A.36.6.11	37.5	480	269	7	5	469	7	470	7.5e-78	287.7
3300011145.a:Ga0122822_100027_83	gnl|TC-DB|Q8NMV5|3.A.1.1.45	39.2	260	152	5	41	295	45	303	7.6e-49	190.7
3300011145.a:Ga0122822_100027_84	gnl|TC-DB|Q8NMV4|3.A.1.1.45	48.8	244	115	3	53	295	47	281	1.4e-58	223.0
3300011145.a:Ga0122822_100027_98	gnl|TC-DB|P27611|2.A.35.1.1	53.3	448	208	1	11	458	13	459	1.3e-127	453.0
3300011145.a:Ga0122822_100027_115	gnl|TC-DB|P39608|1.A.16.3.2	41.6	255	149	0	3	257	2	256	8.7e-55	210.3
3300011145.a:Ga0122822_100027_117	gnl|TC-DB|P94357|2.A.115.1.2	29.4	272	189	2	8	279	2	270	3.3e-33	138.7
3300011145.a:Ga0122822_100027_124	gnl|TC-DB|B7LEG0|1.A.34.1.2	37.1	132	64	5	295	425	263	376	2.4e-11	66.6
3300011145.a:Ga0122822_100027_130	gnl|TC-DB|P54428|9.A.40.2.1	51.0	418	196	4	27	438	20	434	5.4e-115	411.0
3300011145.a:Ga0122822_100027_132	gnl|TC-DB|A3XMH6|9.B.176.1.1	22.8	325	220	6	52	353	64	380	1.1e-21	100.9
3300011145.a:Ga0122822_100027_137	gnl|TC-DB|P32399|9.B.74.1.3	42.9	170	95	2	3	170	5	174	1.6e-37	154.5
3300011145.a:Ga0122822_100027_143	gnl|TC-DB|Q9K7V5|9.A.23.1.1	31.1	338	215	3	3	338	13	334	1.4e-35	146.7
3300011145.a:Ga0122822_100027_144	gnl|TC-DB|D4G632|2.A.6.3.9	39.8	1033	593	13	1	1016	5	1025	8.1e-154	541.2
3300011145.a:Ga0122822_100027_157	gnl|TC-DB|M4VNG9|2.A.7.3.62	38.8	307	166	7	4	289	16	321	7.7e-41	164.1
3300011145.a:Ga0122822_100027_158	gnl|TC-DB|O34521|4.A.1.1.7	52.7	499	185	6	28	526	1	448	2.0e-129	459.1
3300011145.a:Ga0122822_100027_162	gnl|TC-DB|P18275|2.A.3.2.3	44.8	478	249	3	2	464	5	482	1.0e-108	390.2
3300011145.a:Ga0122822_100027_163	gnl|TC-DB|P0AFV2|9.B.20.1.4	41.7	132	71	3	10	139	4	131	2.9e-16	82.0
3300011145.a:Ga0122822_100027_164	gnl|TC-DB|Q2FZR3|3.A.1.5.19	37.2	535	327	5	9	539	5	534	5.2e-104	374.8
3300011145.a:Ga0122822_100027_169	gnl|TC-DB|Q93A34|3.A.1.12.8	39.0	526	297	4	1	525	1	503	4.0e-101	365.2
3300011145.a:Ga0122822_100027_170	gnl|TC-DB|O34992|3.A.1.12.4	48.8	377	190	3	1	375	1	376	3.5e-99	358.2
3300011145.a:Ga0122822_100027_188	gnl|TC-DB|D1QCY9|2.A.1.3.35	31.9	844	563	8	5	845	6	840	2.4e-119	426.4
3300011145.a:Ga0122822_100027_189	gnl|TC-DB|Q8DPQ6|2.A.66.1.41	40.8	453	261	3	1	450	1	449	2.2e-87	319.3
3300011145.a:Ga0122822_100027_193	gnl|TC-DB|Q9SXJ7|3.A.9.1.2	45.1	875	398	14	3	856	115	928	7.7e-203	703.7
3300011145.a:Ga0122822_100027_205	gnl|TC-DB|O31658|2.A.38.4.4	46.9	452	234	1	8	459	4	449	4.5e-109	391.3
3300011145.a:Ga0122822_100004_50	gnl|TC-DB|F8CVI0|1.B.52.2.2	25.4	228	163	2	214	440	68	289	8.5e-12	68.6
3300011145.a:Ga0122822_100004_57	gnl|TC-DB|J8ABC0|3.A.1.105.9	34.6	211	133	2	1	206	1	211	1.0e-37	153.7
3300011145.a:Ga0122822_100004_59	gnl|TC-DB|P33594|3.A.1.5.3	39.7	174	101	1	1	170	58	231	3.2e-33	138.3
3300011145.a:Ga0122822_100004_60	gnl|TC-DB|Q9WXR4|3.A.1.5.29	46.0	261	132	3	7	258	1	261	1.1e-59	226.5
3300011145.a:Ga0122822_100004_61	gnl|TC-DB|Q93PJ7|3.A.1.5.40	42.8	250	143	0	31	280	24	273	8.0e-56	213.8
3300011145.a:Ga0122822_100004_62	gnl|TC-DB|P42062|3.A.1.5.20	36.6	317	187	3	1	306	1	314	5.6e-50	194.5
3300011145.a:Ga0122822_100004_63	gnl|TC-DB|P33590|3.A.1.5.3	41.5	496	287	3	39	533	26	519	6.9e-117	417.5
3300011145.a:Ga0122822_100004_67	gnl|TC-DB|Q9L179|3.A.1.14.12	27.6	279	188	7	63	333	422	694	8.2e-15	77.8
3300011145.a:Ga0122822_100004_69	gnl|TC-DB|Q9X665|3.A.1.14.7	39.0	241	145	1	5	243	7	247	2.1e-47	185.7
3300011145.a:Ga0122822_100004_82	gnl|TC-DB|P77272|4.A.1.2.7	38.1	441	233	12	7	421	9	435	1.8e-65	246.5
3300011145.a:Ga0122822_100004_86	gnl|TC-DB|P39649|2.A.7.3.4	54.3	278	127	0	8	285	8	285	3.8e-80	294.7
3300011145.a:Ga0122822_100004_98	gnl|TC-DB|D9SZH8|2.A.7.3.49	32.9	216	116	6	142	329	543	757	1.3e-12	70.9
3300011145.a:Ga0122822_100004_101	gnl|TC-DB|Q795M8|1.A.1.13.4	25.2	305	217	5	2	299	6	306	1.8e-22	103.2
3300011145.a:Ga0122822_100004_107	gnl|TC-DB|Q99ZC8|3.A.1.132.6	30.6	229	154	2	1	225	4	231	1.4e-31	132.9
3300011145.a:Ga0122822_100004_115	gnl|TC-DB|P94400|9.B.10.1.1	49.7	390	167	4	1	361	1	390	5.7e-102	367.5
3300011145.a:Ga0122822_100004_126	gnl|TC-DB|O32105|2.A.8.1.12	52.7	404	182	3	43	440	42	442	1.7e-105	379.4
3300011145.a:Ga0122822_100004_127	gnl|TC-DB|D6GX19|9.B.27.2.5	28.5	193	130	3	6	192	5	195	1.8e-14	75.9
3300011145.a:Ga0122822_100004_129	gnl|TC-DB|P27837|2.A.3.1.15	55.6	444	193	2	5	448	8	447	4.5e-141	497.7
3300011145.a:Ga0122822_100004_134	gnl|TC-DB|P32010|3.A.1.105.1	44.6	316	158	5	2	305	9	319	4.0e-61	231.5
3300011145.a:Ga0122822_100004_144	gnl|TC-DB|P30329|2.A.45.1.1	63.2	427	156	1	9	434	3	429	6.1e-148	520.4
3300011145.a:Ga0122822_100004_162	gnl|TC-DB|Q8ID54|3.A.25.2.1	27.5	244	166	6	1	236	87	327	5.1e-17	85.1
3300011145.a:Ga0122822_100004_169	gnl|TC-DB|P31141|2.A.1.2.32	27.5	374	254	5	18	380	8	375	3.5e-25	112.5
3300011145.a:Ga0122822_100004_174	gnl|TC-DB|Q8NR42|3.A.1.17.12	33.8	201	122	6	4	198	13	208	6.7e-21	97.4
3300011145.a:Ga0122822_100004_190	gnl|TC-DB|F2HK99|2.A.26.1.9	41.8	423	238	2	11	425	11	433	2.6e-85	312.4
3300011145.a:Ga0122822_100004_196	gnl|TC-DB|Q81E21|2.A.8.1.14	70.3	482	137	3	1	479	1	479	1.2e-176	615.9
3300011145.a:Ga0122822_100004_197	gnl|TC-DB|D4ZZR3|9.B.34.1.3	39.5	172	96	3	192	358	227	395	4.0e-23	105.5
3300011145.a:Ga0122822_100004_206	gnl|TC-DB|Q1D0V0|3.A.1.144.3	38.6	228	132	4	5	228	4	227	1.3e-42	169.9
3300011145.a:Ga0122822_100004_211	gnl|TC-DB|A4VGV1|1.C.113.1.3	43.4	212	112	4	4	215	2	205	5.4e-36	147.5
3300011145.a:Ga0122822_100004_216	gnl|TC-DB|Q93N33|2.A.21.9.2	29.6	226	152	2	323	542	788	1012	2.5e-21	100.1
3300011145.a:Ga0122822_100004_218	gnl|TC-DB|O06967|3.A.1.117.3	47.8	563	292	2	9	569	15	577	1.9e-144	509.2
3300011145.a:Ga0122822_100004_221	gnl|TC-DB|Q9NTM9|9.B.158.1.1	41.5	205	118	2	1	204	27	230	1.9e-36	149.1
3300011145.a:Ga0122822_100004_223	gnl|TC-DB|Q45064|9.B.31.1.2	51.9	189	87	1	7	195	6	190	2.9e-47	184.9
3300011145.a:Ga0122822_100004_226	gnl|TC-DB|O53687|3.A.24.3.1	34.5	293	158	4	469	740	323	602	2.1e-39	160.6
3300011145.a:Ga0122822_100004_234	gnl|TC-DB|P77328|2.A.40.5.1	27.9	412	268	7	6	391	13	421	7.6e-31	131.3
3300011145.a:Ga0122822_100004_238	gnl|TC-DB|Q9KYI2|2.A.1.2.89	24.9	385	261	10	28	396	28	400	7.7e-15	78.2
3300011145.a:Ga0122822_100004_247	gnl|TC-DB|P45706|5.A.1.2.1	50.2	233	114	2	2	232	3	235	1.9e-63	238.8
3300011145.a:Ga0122822_100004_251	gnl|TC-DB|O07549|3.A.1.106.8	46.0	528	273	4	61	582	146	667	5.8e-125	444.5
3300011145.a:Ga0122822_100004_252	gnl|TC-DB|P77265|3.A.1.106.13	47.1	586	307	2	1	584	1	585	2.0e-149	525.8
3300011145.a:Ga0122822_100004_256	gnl|TC-DB|Q07837|8.A.9.1.2	31.1	540	266	16	1	502	115	586	2.6e-66	249.6
3300011145.a:Ga0122822_100004_257	gnl|TC-DB|P05306|4.A.1.2.9	34.6	463	283	9	7	461	3	453	1.6e-61	233.4
3300011145.a:Ga0122822_100004_263	gnl|TC-DB|P18156|1.A.8.2.1	64.1	234	83	1	1	233	1	234	7.5e-84	306.6
3300011145.a:Ga0122822_100004_285	gnl|TC-DB|P42332|3.A.1.131.1	40.0	305	183	0	1	305	1	305	3.8e-59	224.9
3300011145.a:Ga0122822_100004_291	gnl|TC-DB|Q2G2M9|3.A.1.106.2	36.5	578	359	2	1	570	1	578	6.7e-94	341.3
3300011145.a:Ga0122822_100004_303	gnl|TC-DB|P71012|4.A.2.1.4	56.1	643	259	6	1	628	1	635	2.5e-174	608.6
3300011145.a:Ga0122822_100004_307	gnl|TC-DB|Q1J2S8|2.A.53.3.13	57.1	475	201	3	13	485	12	485	1.0e-138	490.0
3300011145.a:Ga0122822_100004_309	gnl|TC-DB|Q7A3S4|2.A.1.3.61	40.1	456	269	2	6	458	3	457	4.3e-89	325.1
3300011145.a:Ga0122822_100004_312	gnl|TC-DB|Q9HV74|2.A.21.9.1	29.7	263	160	9	422	669	722	974	3.0e-16	83.6
3300011145.a:Ga0122822_100004_314	gnl|TC-DB|P39590|2.A.122.1.5	39.0	218	133	0	8	225	8	225	5.1e-37	151.0
3300011145.a:Ga0122822_100004_315	gnl|TC-DB|B1YMD9|1.E.14.1.14	64.3	129	46	0	1	129	1	129	3.5e-38	154.1
3300011145.a:Ga0122822_100004_333	gnl|TC-DB|K0WKG7|4.F.1.1.8	36.2	185	99	5	1	180	1	171	1.5e-21	99.4
3300011145.a:Ga0122822_100004_342	gnl|TC-DB|B8ZT62|9.B.14.3.4	27.4	354	150	6	37	388	76	324	4.8e-27	118.6
3300011145.a:Ga0122822_100004_351	gnl|TC-DB|P49792|1.I.1.1.3	40.0	125	70	3	14	133	3079	3203	6.7e-14	73.6
3300011145.a:Ga0122822_100004_366	gnl|TC-DB|Q9KLQ5|3.A.1.20.2	46.5	215	109	2	3	211	7	221	3.5e-46	181.8
3300011145.a:Ga0122822_100004_390	gnl|TC-DB|Q9HV74|2.A.21.9.1	27.8	252	161	6	599	836	730	974	3.1e-18	90.5
3300011145.a:Ga0122822_100004_393	gnl|TC-DB|Q07711|3.A.7.7.1	32.6	717	443	18	3	700	4	699	2.9e-99	359.4
3300011145.a:Ga0122822_100004_394	gnl|TC-DB|G0HQP0|2.A.7.3.44	33.9	283	180	2	2	277	10	292	2.9e-32	135.6
3300011145.a:Ga0122822_100004_395	gnl|TC-DB|P96712|2.A.1.3.50	35.0	394	256	0	3	396	12	405	2.0e-67	253.1
3300011145.a:Ga0122822_100004_399	gnl|TC-DB|A9WBR9|3.A.1.32.3	26.5	226	108	6	144	313	286	509	7.9e-12	67.8
3300011145.a:Ga0122822_100004_407	gnl|TC-DB|P54538|2.A.85.5.1	37.3	311	194	1	2	312	3	312	2.9e-54	208.8
3300011145.a:Ga0122822_100004_411	gnl|TC-DB|B2IXR4|2.A.5.5.6	42.0	245	134	3	1	237	4	248	7.0e-45	177.2
3300011145.a:Ga0122822_100004_414	gnl|TC-DB|P54537|3.A.1.3.15	70.4	240	71	0	4	243	1	240	2.9e-94	341.3
3300011145.a:Ga0122822_100004_415	gnl|TC-DB|P54536|3.A.1.3.15	52.3	216	103	0	2	217	3	218	7.3e-57	216.9
3300011145.a:Ga0122822_100004_416	gnl|TC-DB|P54535|3.A.1.3.15	45.6	263	126	6	1	255	1	254	8.1e-55	210.3
3300011145.a:Ga0122822_100004_424	gnl|TC-DB|P43672|3.A.1.120.6	31.7	537	344	10	13	540	13	535	1.1e-70	264.2
3300011145.a:Ga0122822_100004_425	gnl|TC-DB|Q45068|2.A.25.1.5	57.8	465	185	5	12	475	9	463	1.2e-139	493.0
3300011145.a:Ga0122822_100004_446	gnl|TC-DB|Q9KN48|3.A.23.1.1	37.5	368	188	5	223	549	161	527	1.1e-53	207.6
3300011145.a:Ga0122822_100004_452	gnl|TC-DB|J8IXD8|1.C.109.1.5	63.9	244	87	1	3	245	2	245	2.6e-88	321.6
3300011145.a:Ga0122822_100004_481	gnl|TC-DB|G2JS07|3.A.14.1.2	33.0	261	165	4	2	252	3	263	8.0e-32	134.0
3300011145.a:Ga0122822_100004_498	gnl|TC-DB|O51236|3.A.1.7.5	62.4	250	94	0	26	275	11	260	1.2e-91	332.8
3300011145.a:Ga0122822_100004_499	gnl|TC-DB|P07654|3.A.1.7.1	33.7	273	177	3	20	291	17	286	2.3e-29	125.9
3300011145.a:Ga0122822_100004_500	gnl|TC-DB|O51234|3.A.1.7.5	35.3	241	148	5	69	305	56	292	1.6e-33	139.8
3300011145.a:Ga0122822_100004_505	gnl|TC-DB|M7AKZ4|2.A.58.2.2	30.2	543	362	7	7	540	4	538	4.6e-60	228.8
3300011145.a:Ga0122822_100004_509	gnl|TC-DB|D4ZZR3|9.B.34.1.3	35.4	161	96	3	200	352	232	392	2.9e-18	89.4
3300011145.a:Ga0122822_100004_513	gnl|TC-DB|O34610|3.A.1.15.11	34.2	269	168	2	8	275	6	266	7.0e-31	131.0
3300011145.a:Ga0122822_100004_514	gnl|TC-DB|P0A2U6|3.A.1.15.3	41.9	210	121	1	6	215	4	212	2.0e-45	179.1
3300011145.a:Ga0122822_100004_520	gnl|TC-DB|O00571|1.I.1.1.3	31.9	382	235	6	1	359	179	558	1.6e-53	206.8
3300011145.a:Ga0122822_100004_521	gnl|TC-DB|P39325|3.A.1.2.25	26.3	281	192	7	37	307	26	301	3.2e-21	99.0
3300011145.a:Ga0122822_100004_522	gnl|TC-DB|Q9HV74|2.A.21.9.1	25.0	236	162	6	352	577	745	975	2.8e-15	80.1
3300011145.a:Ga0122822_100004_526	gnl|TC-DB|P46913|3.D.3.4.1	50.7	67	28	3	47	110	186	250	3.2e-11	64.3
3300011145.a:Ga0122822_100004_545	gnl|TC-DB|O59010|2.A.23.1.5	40.1	387	213	8	30	402	35	416	1.7e-62	236.5
3300011145.a:Ga0122822_100004_549	gnl|TC-DB|P39580|2.A.50.2.1	31.3	259	159	7	119	362	119	373	2.7e-29	126.3
3300011145.a:Ga0122822_100004_552	gnl|TC-DB|P42954|3.A.1.104.1	57.8	249	102	2	4	251	5	251	2.6e-83	305.1
3300011145.a:Ga0122822_100004_567	gnl|TC-DB|F8CVI0|1.B.52.2.2	23.3	245	188	0	165	409	46	290	3.3e-13	73.2
3300011145.a:Ga0122822_100004_568	gnl|TC-DB|D2BKA1|3.A.1.2.17	33.5	343	200	8	5	323	9	347	5.4e-40	161.4
3300011145.a:Ga0122822_100004_570	gnl|TC-DB|P27844|2.A.7.7.2	39.3	285	172	1	5	288	9	293	5.8e-57	217.6
3300011145.a:Ga0122822_100004_571	gnl|TC-DB|P27844|2.A.7.7.2	33.7	282	183	2	3	280	7	288	9.8e-41	163.7
3300011145.a:Ga0122822_100004_577	gnl|TC-DB|G4NXA5|1.A.33.1.4	76.9	610	139	2	1	608	1	610	9.2e-259	889.0
3300011145.a:Ga0122822_100004_578	gnl|TC-DB|P38523|3.A.8.1.1	29.1	189	119	3	2	185	46	224	2.3e-11	65.5
3300011145.a:Ga0122822_100004_587	gnl|TC-DB|Q8DQ40|3.A.11.1.2	22.3	665	460	18	73	708	96	732	9.8e-34	141.7
3300011145.a:Ga0122822_100004_588	gnl|TC-DB|G2JTB5|3.A.11.1.4	34.4	183	110	4	72	251	35	210	1.2e-21	100.1
3300011145.a:Ga0122822_100004_597	gnl|TC-DB|P0A607|2.A.45.2.2	43.0	435	232	7	18	449	4	425	1.9e-83	306.2
3300011145.a:Ga0122822_100004_598	gnl|TC-DB|B0SM05|2.A.25.1.6	28.8	267	165	3	18	259	473	739	5.3e-30	127.9
3300011145.a:Ga0122822_100004_603	gnl|TC-DB|P39803|2.A.115.1.1	44.6	280	153	2	4	282	1	279	1.6e-64	242.7
3300011145.a:Ga0122822_100004_606	gnl|TC-DB|P08195|8.A.9.2.2	25.1	319	176	10	58	368	231	494	2.9e-16	83.2
3300011145.a:Ga0122822_100004_607	gnl|TC-DB|O07011|3.A.1.1.2	52.7	279	130	2	1	277	5	283	1.5e-78	289.3
3300011145.a:Ga0122822_100004_608	gnl|TC-DB|O32261|3.A.1.1.2	55.1	430	177	5	20	448	3	417	4.6e-130	461.1
3300011145.a:Ga0122822_100004_609	gnl|TC-DB|O07009|3.A.1.1.2	43.8	381	211	2	42	419	38	418	2.6e-87	318.9
3300011145.a:Ga0122822_100004_610	gnl|TC-DB|P08195|8.A.9.2.2	23.6	305	164	9	188	485	239	481	3.9e-12	69.7
3300011145.a:Ga0122822_100004_611	gnl|TC-DB|O50576|2.A.37.5.1	35.7	378	242	1	5	381	7	384	2.7e-62	235.7
3300011145.a:Ga0122822_100004_613	gnl|TC-DB|O34474|2.A.66.1.25	21.5	391	283	8	44	419	55	436	9.7e-19	91.3
3300011145.a:Ga0122822_100004_625	gnl|TC-DB|Q93N33|2.A.21.9.2	28.8	250	167	4	595	838	768	1012	7.3e-20	95.9
3300011145.a:Ga0122822_100004_637	gnl|TC-DB|P69451|4.C.1.1.4	34.3	534	319	10	4	511	25	552	2.9e-80	295.8
3300011145.a:Ga0122822_100004_643	gnl|TC-DB|P18156|1.A.8.2.1	62.8	253	94	0	1	253	1	253	1.3e-95	345.9
3300011145.a:Ga0122822_100004_647	gnl|TC-DB|Q09II0|3.A.1.124.5	38.7	302	174	7	1	294	5	303	4.9e-51	198.0
3300011145.a:Ga0122822_100004_649	gnl|TC-DB|P76330|9.B.34.1.4	34.2	155	93	4	376	521	401	555	1.3e-14	77.8
3300011145.a:Ga0122822_100004_653	gnl|TC-DB|P0A742|1.A.22.1.1	47.8	134	63	1	1	127	3	136	6.8e-26	113.2
3300011145.a:Ga0122822_100004_660	gnl|TC-DB|O28528|1.A.11.2.7	41.6	425	221	9	4	408	31	448	9.6e-69	257.3
3300011145.a:Ga0122822_100004_662	gnl|TC-DB|P55339|3.A.1.143.1	50.0	240	120	0	2	241	3	242	3.9e-67	251.1
3300011145.a:Ga0122822_100004_672	gnl|TC-DB|P40948|1.A.35.1.3	32.7	254	162	3	46	292	52	303	2.4e-34	142.5
3300011145.a:Ga0122822_100004_678	gnl|TC-DB|P94360|3.A.1.1.26	70.4	368	106	2	1	368	1	365	8.0e-149	523.1
3300011145.a:Ga0122822_100004_679	gnl|TC-DB|P0AEM9|3.A.1.3.10	37.5	259	157	4	2	255	8	266	5.6e-40	161.0
3300011145.a:Ga0122822_100004_680	gnl|TC-DB|P0AFT2|3.A.1.3.10	41.3	218	126	1	1	216	1	218	7.8e-35	143.7
3300011145.a:Ga0122822_100004_682	gnl|TC-DB|P76187|8.A.5.1.7	50.7	286	139	1	12	297	14	297	2.2e-80	295.4
