PUL0017	6.78e-182
PUL0017	9.52e-229
PUL0024	1.05e-215
PUL0024	7.56e-59
PUL0025	1.78e-136
PUL0028	4.89e-135
PUL0029	1.73e-178
PUL0058	3.48e-149
PUL0058	3.67e-203
PUL0106	6.48e-147
PUL0108	2.06e-39
PUL0143	1.81e-138
PUL0172	2.43e-89
PUL0213	4.84e-191
PUL0299	7.88e-82
PUL0324	7.80e-08
PUL0340	5.94e-112
PUL0370	6.61e-170
PUL0488	6.20e-14
PUL0519	3.26e-292
PUL0576	1.58e-213
PUL01060	4.74e-193
PUL01131	1.09e-167
PUL01249	5.59e-174
PUL02400	2.04e-108
PUL03390	1.14e-158
PUL04062	2.05e-32
PUL04066	2.28e-209
PUL04132	2.36e-157
PUL04135	8.43e-133
PUL04600	1.72e-30
PUL04600	6.07e-32
PUL05304	2.73e-28
