0040266	151	3300027043.a:Ga0207800_1000010_101	265	1.8e-08	18	90	9	74	0.4768211920529801
0040266	151	3300027043.a:Ga0207800_1000010_45	150	3.5e-16	13	129	3	114	0.7682119205298014
0042628	48	3300027043.a:Ga0207800_1000010_65	62	3e-09	1	46	6	52	0.9375
0043143	63	3300027043.a:Ga0207800_1000010_75	174	4.1e-06	9	51	26	69	0.6666666666666666
0041905	120	3300027043.a:Ga0207800_1000010_91	374	6.2e-05	5	61	291	347	0.4666666666666667
0040517	144	3300027043.a:Ga0207800_1000013_38	152	5.2e-29	4	131	18	145	0.8819444444444444
0040266	151	3300027043.a:Ga0207800_1000013_57	262	7.7e-13	22	142	9	121	0.7947019867549668
0044421	86	3300027043.a:Ga0207800_1000013_99	108	6.1e-05	15	74	18	76	0.686046511627907
0041905	120	3300027043.a:Ga0207800_1000014_121	257	5.2e-10	3	85	16	92	0.6833333333333333
0040266	151	3300027043.a:Ga0207800_1000014_17	273	3.6e-16	16	147	17	140	0.8675496688741722
0043669	98	3300027043.a:Ga0207800_1000014_22	229	2.5e-16	13	82	3	73	0.7040816326530612
0043095	94	3300027043.a:Ga0207800_1000014_22	229	5e-07	9	79	155	225	0.7446808510638298
0040266	151	3300027043.a:Ga0207800_1000018_105	103	1.1e-05	13	91	25	94	0.5165562913907285
0040266	151	3300027043.a:Ga0207800_1000018_44	264	5.5e-14	24	139	11	118	0.7615894039735099
0038173	46	3300027043.a:Ga0207800_1000018_50	203	6.3e-05	4	38	99	133	0.7391304347826086
0044258	100	3300027043.a:Ga0207800_1000018_77	117	9.1e-23	3	97	12	106	0.94
0040266	151	3300027043.a:Ga0207800_1000018_86	263	1e-13	18	142	5	121	0.8211920529801324
0043095	94	3300027043.a:Ga0207800_1000020_15	124	3.3e-22	3	78	28	103	0.7978723404255319
0043095	94	3300027043.a:Ga0207800_1000020_17	115	1.4e-25	6	80	3	77	0.7872340425531915
0043095	94	3300027043.a:Ga0207800_1000020_26	104	1.5e-21	3	87	5	102	0.8936170212765957
0043095	94	3300027043.a:Ga0207800_1000020_35	266	7.8e-08	7	67	7	65	0.6382978723404256
0039384	65	3300027043.a:Ga0207800_1000023_26	326	9.8e-10	6	62	3	60	0.8615384615384616
0043669	98	3300027043.a:Ga0207800_1000023_60	136	9.2e-07	26	70	46	91	0.4489795918367347
0043095	94	3300027043.a:Ga0207800_1000025_2	279	4e-10	13	88	115	191	0.7978723404255319
0040517	144	3300027043.a:Ga0207800_1000025_2	279	1.9e-09	25	111	192	275	0.5972222222222222
0044258	100	3300027043.a:Ga0207800_1000025_54	206	7.3e-12	10	91	7	85	0.81
0044258	100	3300027043.a:Ga0207800_1000025_56	246	5.3e-15	12	85	19	91	0.73
0040266	151	3300027043.a:Ga0207800_1000026_37	309	1.4e-10	21	91	237	304	0.46357615894039733
0043095	94	3300027043.a:Ga0207800_1000028_25	203	1.6e-08	8	78	120	191	0.7446808510638298
0043707	64	3300027043.a:Ga0207800_1000035_18	193	6.4e-13	3	61	7	66	0.90625
0041905	120	3300027043.a:Ga0207800_1000035_21	110	1.1e-06	6	79	21	89	0.6083333333333333
0043143	63	3300027043.a:Ga0207800_1000035_37	69	2.6e-16	4	60	3	60	0.8888888888888888
0040266	151	3300027043.a:Ga0207800_1000035_60	99	1.8e-10	25	106	25	98	0.5364238410596026
0040266	151	3300027043.a:Ga0207800_1000040_10	134	2.4e-08	31	108	7	76	0.5099337748344371
0039939	63	3300027043.a:Ga0207800_1000040_32	156	4.8e-05	22	55	76	109	0.5238095238095238
0040266	151	3300027043.a:Ga0207800_1000041_17	102	3.4e-08	15	110	3	88	0.6291390728476821
0040266	151	3300027043.a:Ga0207800_1000041_26	153	3.4e-05	44	144	23	96	0.6622516556291391
0043095	94	3300027043.a:Ga0207800_1000041_37	113	9.8e-13	2	82	25	105	0.851063829787234
0043095	94	3300027043.a:Ga0207800_1000049_8	133	1.8e-13	6	82	16	97	0.8085106382978723
0040266	151	3300027043.a:Ga0207800_1000054_29	313	1.1e-09	19	88	12	80	0.45695364238410596
0041150	134	3300027043.a:Ga0207800_1000056_2	328	1e-07	20	106	16	100	0.6417910447761194
0037861	115	3300027043.a:Ga0207800_1000056_6	120	2.7e-10	14	88	4	78	0.6434782608695652
0043707	64	3300027043.a:Ga0207800_1000057_20	188	8.7e-13	5	54	7	57	0.765625
0040517	144	3300027043.a:Ga0207800_1000063_28	160	3.5e-29	6	129	15	138	0.8541666666666666
0043095	94	3300027043.a:Ga0207800_1000068_18	116	1.2e-26	3	91	24	112	0.9361702127659575
0040266	151	3300027043.a:Ga0207800_1000068_24	222	1.4e-21	30	148	12	133	0.7814569536423841
0043935	94	3300027043.a:Ga0207800_1000068_31	372	4.7e-08	3	91	80	161	0.9361702127659575
0044258	100	3300027043.a:Ga0207800_1000075_10	131	2.4e-21	3	96	14	107	0.93
0038966	94	3300027043.a:Ga0207800_1000075_15	122	8.7e-07	34	71	22	59	0.39361702127659576
0044258	100	3300027043.a:Ga0207800_1000075_17	83	7.9e-12	12	88	11	80	0.76
0043935	94	3300027043.a:Ga0207800_1000075_2	112	5e-12	7	85	10	95	0.8297872340425532
0043095	94	3300027043.a:Ga0207800_1000075_28	118	2e-27	4	89	29	114	0.9042553191489362
0038966	94	3300027043.a:Ga0207800_1000075_36	247	4.2e-09	27	69	26	69	0.44680851063829785
0043669	98	3300027043.a:Ga0207800_1000078_14	263	2.9e-12	15	93	3	80	0.7959183673469388
0043095	94	3300027043.a:Ga0207800_1000078_15	174	6e-05	8	65	14	68	0.6063829787234043
0043758	87	3300027043.a:Ga0207800_1000096_16	311	2.4e-15	1	84	21	103	0.9540229885057471
0043143	63	3300027043.a:Ga0207800_1000096_21	185	5.1e-12	2	62	8	69	0.9523809523809523
0043143	63	3300027043.a:Ga0207800_1000099_24	66	2.9e-18	3	60	2	60	0.9047619047619048
0044258	100	3300027043.a:Ga0207800_1000105_27	93	3.8e-11	12	91	12	91	0.79
0043669	98	3300027043.a:Ga0207800_1000120_16	98	2.4e-16	9	70	4	65	0.6224489795918368
0040266	151	3300027043.a:Ga0207800_1000120_22	120	3.1e-15	24	128	18	110	0.6887417218543046
0043707	64	3300027043.a:Ga0207800_1000125_19	162	2e-10	4	57	78	132	0.828125
0044258	100	3300027043.a:Ga0207800_1000126_11	132	2e-05	3	85	14	99	0.82
0040517	144	3300027043.a:Ga0207800_1000140_12	153	1.8e-26	7	139	17	150	0.9166666666666666
0044258	100	3300027043.a:Ga0207800_1000140_7	119	4.5e-17	1	97	1	101	0.96
0040266	151	3300027043.a:Ga0207800_1000141_18	127	1.1e-05	17	111	20	108	0.6225165562913907
0043935	94	3300027043.a:Ga0207800_1000144_4	150	3.8e-17	3	91	14	105	0.9361702127659575
0044258	100	3300027043.a:Ga0207800_1000146_18	94	1.3e-08	10	73	5	67	0.63
0040266	151	3300027043.a:Ga0207800_1000146_2	265	1.2e-13	24	135	11	114	0.7350993377483444
0043707	64	3300027043.a:Ga0207800_1000149_10	328	3.4e-09	4	57	129	183	0.828125
0040586	141	3300027043.a:Ga0207800_1000154_1	153	1.3e-23	32	138	37	139	0.75177304964539
0041150	134	3300027043.a:Ga0207800_1000163_2	153	2.5e-35	3	134	13	142	0.9776119402985075
0040266	151	3300027043.a:Ga0207800_1000168_12	262	1.8e-16	20	142	7	122	0.8079470198675497
0040266	151	3300027043.a:Ga0207800_1000175_16	224	2.7e-09	42	121	22	99	0.5231788079470199
0040266	151	3300027043.a:Ga0207800_1000183_15	262	1.3e-13	29	144	16	123	0.7615894039735099
0040266	151	3300027043.a:Ga0207800_1000183_16	263	4.6e-14	18	143	5	122	0.8278145695364238
0040266	151	3300027043.a:Ga0207800_1000189_18	164	1.3e-10	25	129	2	109	0.6887417218543046
0043095	94	3300027043.a:Ga0207800_1000189_20	103	5e-19	3	84	10	99	0.8617021276595744
0040517	144	3300027043.a:Ga0207800_1000197_13	139	4.4e-25	24	130	31	137	0.7361111111111112
0043095	94	3300027043.a:Ga0207800_1000214_1	175	5e-12	18	88	6	77	0.7446808510638298
0043669	98	3300027043.a:Ga0207800_1000214_1	175	1.3e-14	18	83	77	143	0.6632653061224489
0038753	71	3300027043.a:Ga0207800_1000221_17	126	4.6e-06	4	58	65	112	0.7605633802816901
0040266	151	3300027043.a:Ga0207800_1000257_4	262	3.7e-14	18	136	6	116	0.7814569536423841
0044258	100	3300027043.a:Ga0207800_1000277_15	96	8.7e-08	9	78	4	72	0.69
0044258	100	3300027043.a:Ga0207800_1000277_7	119	1.5e-21	3	94	8	99	0.91
0043095	94	3300027043.a:Ga0207800_1000305_14	90	2.6e-12	9	79	5	76	0.7446808510638298
0040266	151	3300027043.a:Ga0207800_1000319_4	378	7.1e-09	19	78	296	355	0.39072847682119205
0040266	151	3300027043.a:Ga0207800_1000325_7	285	1.1e-13	24	139	11	117	0.7615894039735099
0040266	151	3300027043.a:Ga0207800_1000325_8	264	5.7e-15	22	142	11	123	0.7947019867549668
0040266	151	3300027043.a:Ga0207800_1000344_11	120	6e-13	17	95	7	82	0.5165562913907285
0040517	144	3300027043.a:Ga0207800_1000344_12	152	1.5e-26	23	136	34	144	0.7847222222222222
0040266	151	3300027043.a:Ga0207800_1000344_8	269	6.3e-15	18	141	5	120	0.8145695364238411
0039939	63	3300027043.a:Ga0207800_1000388_6	205	5.9e-05	20	56	8	44	0.5714285714285714
0041905	120	3300027043.a:Ga0207800_1000397_4	68	5e-07	6	61	6	58	0.4583333333333333
0037861	115	3300027043.a:Ga0207800_1000404_8	94	4.9e-09	34	113	12	91	0.6869565217391305
0040266	151	3300027043.a:Ga0207800_1000457_1	134	1.6e-06	17	114	27	118	0.6423841059602649
0040266	151	3300027043.a:Ga0207800_1000555_2	266	7.3e-17	18	142	5	121	0.8211920529801324
0040266	151	3300027043.a:Ga0207800_1000574_6	262	3.5e-11	22	142	9	121	0.7947019867549668
0040266	151	3300027043.a:Ga0207800_1000591_2	97	1.6e-08	22	89	22	88	0.44370860927152317
0040266	151	3300027043.a:Ga0207800_1000764_4	257	2.5e-13	25	141	7	115	0.7682119205298014
0040517	144	3300027043.a:Ga0207800_1000861_2	152	2.7e-28	4	131	18	145	0.8819444444444444
0043669	98	3300027043.a:Ga0207800_1000889_6	134	5.6e-05	27	80	78	132	0.5408163265306123
0040266	151	3300027043.a:Ga0207800_1000889_7	69	5.2e-06	25	78	7	58	0.3509933774834437
0044258	100	3300027043.a:Ga0207800_1000926_9	144	3.5e-08	17	76	83	139	0.59
0037861	115	3300027043.a:Ga0207800_1001235_5	94	3.9e-08	34	109	12	87	0.6521739130434783
0041905	120	3300027043.a:Ga0207800_1001235_6	133	2.2e-05	4	87	24	108	0.6916666666666667
0040517	144	3300027043.a:Ga0207800_1001247_3	144	1.2e-24	13	138	9	141	0.8680555555555556
0042628	48	3300027043.a:Ga0207800_1001256_5	136	2.5e-14	2	47	1	46	0.9375
0039939	63	3300027043.a:Ga0207800_1003919_1	116	4.7e-05	23	56	37	70	0.5238095238095238
