PUL0006	4.91e-18
PUL0007	1.95e-114
PUL0022	2.63e-45
PUL0024	6.86e-82
PUL0038	1.25e-167
PUL0058	3.03e-261
PUL0072	5.02e-61
PUL0227	4.45e-177
PUL0236	7.89e-108
PUL00241	2.46e-64
PUL00292	4.20e-83
PUL0297	6.23e-51
PUL0333	3.53e-121
PUL0335	4.49e-192
PUL0337	1.37e-161
PUL0337	1.90e-91
PUL0340	2.14e-151
PUL0340	2.49e-227
PUL0340	7.50e-160
PUL0349	4.12e-189
PUL0373	1.29e-62
PUL0501	1.98e-163
PUL01217	1.82e-88
PUL02250	1.27e-94
PUL02941	2.69e-92
PUL03412	1.04e-217
PUL03691	1.21e-43
PUL03904	1.81e-35
PUL04066	6.53e-158
PUL04600	3.57e-17
PUL05302	1.18e-276
PUL05324	8.40e-193
PUL06015	3.56e-26
