0043758	87	3300024043.a:Ga0222421_100007_110	341	3e-26	2	83	2	83	0.9310344827586207
0043707	64	3300024043.a:Ga0222421_100007_139	206	1.1e-15	3	61	15	74	0.90625
0036955	59	3300024043.a:Ga0222421_100007_149	356	3.1e-13	3	48	10	55	0.7627118644067796
0039384	65	3300024043.a:Ga0222421_100007_159	81	1.5e-05	19	45	6	32	0.4
0043707	64	3300024043.a:Ga0222421_100007_161	109	2.5e-13	3	57	42	97	0.84375
0039468	106	3300024043.a:Ga0222421_100007_163	75	2.6e-08	2	50	18	65	0.4528301886792453
0043669	98	3300024043.a:Ga0222421_100007_23	252	1.1e-11	15	76	8	70	0.6224489795918368
0037767	80	3300024043.a:Ga0222421_100007_232	504	2.2e-09	22	70	52	100	0.6
0040266	151	3300024043.a:Ga0222421_100007_250	109	3.2e-06	29	111	3	72	0.543046357615894
0043669	98	3300024043.a:Ga0222421_100007_354	424	2.9e-07	26	68	25	68	0.42857142857142855
0045030	74	3300024043.a:Ga0222421_100007_443	332	8.7e-06	3	57	4	56	0.7297297297297297
0036286	54	3300024043.a:Ga0222421_100007_456	143	2.1e-13	2	53	9	60	0.9444444444444444
0035607	54	3300024043.a:Ga0222421_100007_456	143	3.5e-11	3	53	62	110	0.9259259259259259
0042546	127	3300024043.a:Ga0222421_100007_460	196	1.1e-16	4	86	37	122	0.6456692913385826
0042546	127	3300024043.a:Ga0222421_100007_462	222	1.8e-16	12	85	17	90	0.5748031496062992
0036955	59	3300024043.a:Ga0222421_100007_471	330	6.9e-15	9	57	2	50	0.8135593220338984
0041905	120	3300024043.a:Ga0222421_100007_57	209	1.2e-06	4	58	139	187	0.45
0040586	141	3300024043.a:Ga0222421_100007_601	183	1.4e-19	8	137	30	161	0.9148936170212766
0040266	151	3300024043.a:Ga0222421_100007_658	273	2.1e-10	27	118	38	125	0.6026490066225165
0040266	151	3300024043.a:Ga0222421_100007_93	233	3.7e-17	24	147	15	145	0.8145695364238411
0043707	64	3300024043.a:Ga0222421_100022_102	113	3e-11	3	61	8	67	0.90625
0037767	80	3300024043.a:Ga0222421_100022_223	135	2.3e-08	16	76	22	82	0.75
0044258	100	3300024043.a:Ga0222421_100022_254	143	7.7e-21	5	96	30	121	0.91
0043669	98	3300024043.a:Ga0222421_100022_287	240	9.1e-05	27	75	15	63	0.4897959183673469
0044030	41	3300024043.a:Ga0222421_100022_43	153	2.5e-10	1	34	118	151	0.8048780487804879
0037456	76	3300024043.a:Ga0222421_100022_6	199	2.7e-20	1	68	35	102	0.881578947368421
0043758	87	3300024043.a:Ga0222421_100022_76	282	2.6e-11	2	69	61	127	0.7701149425287356
0036955	59	3300024043.a:Ga0222421_100024_10	355	8e-18	2	59	26	83	0.9661016949152542
0043669	98	3300024043.a:Ga0222421_100024_199	140	4.3e-18	8	92	15	99	0.8571428571428571
0042546	127	3300024043.a:Ga0222421_100024_206	325	4.7e-15	2	82	10	90	0.6299212598425197
0043758	87	3300024043.a:Ga0222421_100024_212	254	1.6e-15	4	66	5	60	0.7126436781609196
0040266	151	3300024043.a:Ga0222421_100024_264	372	7.4e-08	34	91	3	60	0.37748344370860926
0043669	98	3300024043.a:Ga0222421_100024_277	197	9.8e-14	13	82	21	96	0.7040816326530612
0043758	87	3300024043.a:Ga0222421_100024_280	285	9.5e-15	3	65	10	65	0.7126436781609196
0041150	134	3300024043.a:Ga0222421_100024_311	134	6.7e-33	11	133	3	125	0.9104477611940298
0043935	94	3300024043.a:Ga0222421_100024_312	210	7.3e-11	10	81	6	82	0.7553191489361702
0043707	64	3300024043.a:Ga0222421_100024_329	121	9.2e-10	3	56	22	76	0.828125
0045030	74	3300024043.a:Ga0222421_100024_33	261	1.2e-19	1	73	61	131	0.972972972972973
0037767	80	3300024043.a:Ga0222421_100024_334	328	0.0001	13	64	107	158	0.6375
0040586	141	3300024043.a:Ga0222421_100024_35	177	1.2e-22	5	140	30	167	0.9574468085106383
0040586	141	3300024043.a:Ga0222421_100024_364	156	1.6e-23	7	138	16	148	0.9290780141843972
0036955	59	3300024043.a:Ga0222421_100024_9	341	8.3e-19	3	59	10	66	0.9491525423728814
0036955	59	3300024043.a:Ga0222421_100024_97	336	1.5e-06	17	59	2	45	0.711864406779661
0043669	98	3300024043.a:Ga0222421_100030_10	329	1.1e-06	31	77	25	73	0.46938775510204084
0043935	94	3300024043.a:Ga0222421_100030_105	110	1.3e-10	6	91	10	101	0.9042553191489362
0036955	59	3300024043.a:Ga0222421_100030_11	362	6.8e-17	2	57	10	65	0.9322033898305084
0040517	144	3300024043.a:Ga0222421_100030_113	150	1.2e-24	27	135	33	141	0.75
0039939	63	3300024043.a:Ga0222421_100030_151	99	8.5e-06	13	52	3	43	0.6190476190476191
0036955	59	3300024043.a:Ga0222421_100030_16	377	2.4e-16	3	59	42	98	0.9491525423728814
0039939	63	3300024043.a:Ga0222421_100030_193	212	1.8e-05	15	55	126	166	0.6349206349206349
0037767	80	3300024043.a:Ga0222421_100030_229	262	1.2e-13	2	78	179	255	0.95
0037767	80	3300024043.a:Ga0222421_100030_252	218	2.2e-10	18	77	18	77	0.7375
0039468	106	3300024043.a:Ga0222421_100030_27	68	1.4e-08	2	48	11	56	0.4339622641509434
0036955	59	3300024043.a:Ga0222421_100030_286	337	1.5e-16	2	58	1	57	0.9491525423728814
0043935	94	3300024043.a:Ga0222421_100030_43	113	4.5e-17	2	89	11	104	0.925531914893617
0043669	98	3300024043.a:Ga0222421_100030_59	124	3e-21	5	92	4	91	0.8877551020408163
0040586	141	3300024043.a:Ga0222421_100030_64	181	5.6e-29	7	135	39	168	0.9078014184397163
0043669	98	3300024043.a:Ga0222421_100045_100	257	1.8e-13	13	77	68	137	0.6530612244897959
0039468	106	3300024043.a:Ga0222421_100045_135	69	2.9e-08	2	48	12	57	0.4339622641509434
0039939	63	3300024043.a:Ga0222421_100045_148	101	8.9e-06	13	52	3	43	0.6190476190476191
0036955	59	3300024043.a:Ga0222421_100045_17	346	4.2e-17	1	59	1	59	0.9830508474576272
0040586	141	3300024043.a:Ga0222421_100045_180	158	2.6e-26	5	139	5	139	0.950354609929078
0040586	141	3300024043.a:Ga0222421_100045_182	167	6.7e-20	15	138	28	150	0.8723404255319149
0036955	59	3300024043.a:Ga0222421_100045_29	345	7.1e-15	3	59	10	66	0.9491525423728814
0036955	59	3300024043.a:Ga0222421_100045_32	363	2.6e-14	2	50	32	80	0.8135593220338984
0040266	151	3300024043.a:Ga0222421_100045_34	247	1.6e-08	29	91	14	71	0.4105960264900662
0036955	59	3300024043.a:Ga0222421_100045_40	648	4.4e-17	3	58	11	66	0.9322033898305084
0044558	59	3300024043.a:Ga0222421_100045_50	342	1.4e-15	1	58	5	61	0.9661016949152542
0042628	48	3300024043.a:Ga0222421_100045_58	77	5.4e-07	2	42	3	43	0.8333333333333334
0043707	64	3300024043.a:Ga0222421_100045_60	114	2.1e-12	3	61	33	100	0.90625
0043707	64	3300024043.a:Ga0222421_100045_76	99	7.8e-10	3	56	7	60	0.828125
0044258	100	3300024043.a:Ga0222421_100045_90	343	5.4e-12	15	88	35	108	0.73
0036955	59	3300024043.a:Ga0222421_100053_118	333	5.9e-18	2	57	2	57	0.9322033898305084
0044258	100	3300024043.a:Ga0222421_100053_12	412	2e-07	17	84	14	84	0.67
0040266	151	3300024043.a:Ga0222421_100053_122	401	3.9e-09	33	91	24	82	0.3841059602649007
0043669	98	3300024043.a:Ga0222421_100053_130	123	3.2e-27	5	94	25	117	0.9081632653061225
0037767	80	3300024043.a:Ga0222421_100053_141	347	5.8e-05	31	77	163	209	0.575
0035318	53	3300024043.a:Ga0222421_100053_154	80	5.8e-05	14	43	9	38	0.5471698113207547
0036955	59	3300024043.a:Ga0222421_100053_40	334	2.8e-15	2	58	6	62	0.9491525423728814
0043935	94	3300024043.a:Ga0222421_100053_96	200	9e-16	7	87	10	93	0.851063829787234
0039384	65	3300024043.a:Ga0222421_100069_113	229	1.7e-08	6	63	23	80	0.8769230769230769
0036955	59	3300024043.a:Ga0222421_100069_120	339	1.7e-17	2	59	10	67	0.9661016949152542
0038753	71	3300024043.a:Ga0222421_100069_65	330	9.7e-07	25	61	16	52	0.5070422535211268
0036955	59	3300024043.a:Ga0222421_100069_84	347	1.6e-12	3	48	9	54	0.7627118644067796
0043669	98	3300024043.a:Ga0222421_100069_94	214	7.3e-06	26	85	16	79	0.6020408163265306
0045032	127	3300024043.a:Ga0222421_100070_107	156	2.9e-27	2	126	9	134	0.9763779527559056
0043935	94	3300024043.a:Ga0222421_100070_11	217	1.3e-11	7	79	8	93	0.7659574468085106
0043707	64	3300024043.a:Ga0222421_100070_52	72	2.8e-11	3	55	9	62	0.8125
0039939	63	3300024043.a:Ga0222421_100070_55	358	2.8e-07	13	58	28	73	0.7142857142857143
0043669	98	3300024043.a:Ga0222421_100090_29	396	3.4e-06	28	67	19	59	0.3979591836734694
0037244	118	3300024043.a:Ga0222421_100090_3	253	3e-27	5	108	4	98	0.8728813559322034
0036955	59	3300024043.a:Ga0222421_100090_31	339	7.5e-18	3	59	8	64	0.9491525423728814
0043095	94	3300024043.a:Ga0222421_100090_37	133	1.5e-19	9	86	15	93	0.8191489361702128
0042546	127	3300024043.a:Ga0222421_100090_66	143	2.9e-20	2	109	9	94	0.84251968503937
0040266	151	3300024043.a:Ga0222421_100090_72	500	4.6e-12	24	81	435	493	0.37748344370860926
0044258	100	3300024043.a:Ga0222421_100090_76	214	1.2e-14	3	96	9	99	0.93
0041905	120	3300024043.a:Ga0222421_100090_86	220	4.6e-05	5	52	158	199	0.39166666666666666
0043707	64	3300024043.a:Ga0222421_100090_94	83	1.3e-10	3	57	22	77	0.84375
0043669	98	3300024043.a:Ga0222421_100100_2	330	3.3e-07	21	70	17	68	0.5
0044258	100	3300024043.a:Ga0222421_100100_45	149	1.4e-08	15	71	3	59	0.56
0040266	151	3300024043.a:Ga0222421_100100_49	231	5.1e-14	45	143	28	129	0.6490066225165563
0040586	141	3300024043.a:Ga0222421_100100_53	125	2.6e-27	21	137	4	118	0.8226950354609929
0040586	141	3300024043.a:Ga0222421_100100_9	150	4.1e-30	10	137	15	140	0.900709219858156
0040586	141	3300024043.a:Ga0222421_100130_21	153	1.9e-15	11	138	15	139	0.900709219858156
0043669	98	3300024043.a:Ga0222421_100130_35	588	3.2e-05	28	82	525	581	0.5510204081632653
0040517	144	3300024043.a:Ga0222421_100140_36	446	4.7e-06	18	73	7	63	0.3819444444444444
0044258	100	3300024043.a:Ga0222421_100147_16	498	1.1e-05	21	95	270	343	0.74
0039384	65	3300024043.a:Ga0222421_100147_22	252	2.3e-08	17	63	35	81	0.7076923076923077
0036955	59	3300024043.a:Ga0222421_100147_37	342	7.1e-18	2	58	4	60	0.9491525423728814
0036955	59	3300024043.a:Ga0222421_100147_47	347	4.5e-17	2	59	1	58	0.9661016949152542
0036286	54	3300024043.a:Ga0222421_100147_54	177	3.7e-12	4	53	13	62	0.9074074074074074
0035607	54	3300024043.a:Ga0222421_100147_54	177	1.9e-10	3	53	64	112	0.9259259259259259
0038966	94	3300024043.a:Ga0222421_100179_22	1267	2.1e-05	25	78	21	74	0.5638297872340425
0036955	59	3300024043.a:Ga0222421_100202_11	350	2.5e-16	3	59	19	75	0.9491525423728814
0036955	59	3300024043.a:Ga0222421_100202_2	348	1.5e-13	4	48	10	54	0.7457627118644068
0037767	80	3300024043.a:Ga0222421_100228_22	226	1.2e-19	1	78	146	222	0.9625
0040517	144	3300024043.a:Ga0222421_100383_15	146	4.6e-22	2	134	11	143	0.9166666666666666
