PUL0005	1.50e-161
PUL0016	2.30e-231
PUL0017	9.58e-200
PUL0024	2.77e-212
PUL0029	9.16e-121
PUL0058	1.73e-178
PUL0071	1.46e-126
PUL0094	3.53e-94
PUL0124	2.26e-227
PUL0180	1.12e-151
PUL0213	1.42e-210
PUL0230	6.33e-126
PUL0256	3.18e-191
PUL0327	1.63e-207
PUL0333	2.75e-107
PUL0337	8.89e-199
PUL0340	7.47e-63
PUL0485	2.60e-114
PUL0519	4.19e-154
PUL0519	9.66e-313
PUL0575	7.04e-199
PUL0576	3.18e-216
PUL0576	3.48e-143
PUL0599	7.32e-127
PUL00706	4.58e-161
PUL01042	4.85e-63
PUL02814	8.90e-07
PUL03401	1.16e-277
PUL03990	8.92e-252
PUL04066	4.78e-222
