3300011819.a:Ga0119790_100005_1	gnl|TC-DB|B9DIS8|9.B.97.5.1	26.6	624	393	11	10	603	21	609	3.0e-44	176.4
3300011819.a:Ga0119790_100005_2	gnl|TC-DB|B0M926|3.A.10.1.5	58.4	668	263	6	5	670	20	674	1.2e-174	609.8
3300011819.a:Ga0119790_100005_11	gnl|TC-DB|Q9ZK21|1.C.82.1.1	52.2	226	108	0	1	226	1	226	3.3e-63	238.0
3300011819.a:Ga0119790_100005_25	gnl|TC-DB|O32219|3.A.3.6.10	50.6	609	298	2	7	613	94	701	3.2e-166	581.6
3300011819.a:Ga0119790_100005_26	gnl|TC-DB|Q38YQ0|2.A.118.1.7	39.8	490	289	2	2	485	11	500	2.4e-95	345.9
3300011819.a:Ga0119790_100005_29	gnl|TC-DB|P13794|1.B.6.1.2	40.2	112	64	3	49	158	221	331	2.4e-15	78.6
3300011819.a:Ga0119790_100005_38	gnl|TC-DB|H1XXY9|8.A.7.1.5	29.3	208	120	5	49	253	361	544	3.0e-20	95.5
3300011819.a:Ga0119790_100005_41	gnl|TC-DB|Q8RCC4|3.A.1.3.27	37.4	243	143	3	8	243	19	259	1.1e-37	153.3
3300011819.a:Ga0119790_100005_42	gnl|TC-DB|P54537|3.A.1.3.15	62.9	240	89	0	1	240	1	240	7.8e-84	306.6
3300011819.a:Ga0119790_100005_43	gnl|TC-DB|P54536|3.A.1.3.15	40.1	222	113	3	19	236	14	219	3.6e-33	138.3
3300011819.a:Ga0119790_100005_45	gnl|TC-DB|Q939U6|5.A.1.2.7	28.1	231	149	2	5	218	3	233	4.8e-24	107.8
3300011819.a:Ga0119790_100005_63	gnl|TC-DB|O31711|3.A.1.122.2	53.9	219	101	0	2	220	1	219	2.8e-64	241.5
3300011819.a:Ga0119790_100005_64	gnl|TC-DB|O31712|3.A.1.122.2	29.1	416	268	6	1	408	1	397	3.6e-33	139.0
3300011819.a:Ga0119790_100005_67	gnl|TC-DB|H8BDK1|1.B.14.9.4	27.6	735	457	25	2	698	9	706	1.4e-53	207.6
3300011819.a:Ga0119790_100005_93	gnl|TC-DB|P0AAC4|1.A.14.2.2	35.3	215	135	2	17	228	21	234	1.1e-28	123.2
3300011819.a:Ga0119790_100005_94	gnl|TC-DB|P69451|4.C.1.1.4	27.3	534	293	15	29	510	61	551	1.6e-35	147.9
3300011819.a:Ga0119790_100005_101	gnl|TC-DB|M4VAL8|8.A.21.2.4	29.6	223	144	2	281	499	39	252	9.5e-21	98.2
3300011819.a:Ga0119790_100005_108	gnl|TC-DB|P73329|3.A.1.141.1	39.3	326	191	3	13	338	1	319	4.7e-63	238.0
3300011819.a:Ga0119790_100005_111	gnl|TC-DB|Q9CF78|2.A.40.1.2	43.2	405	220	2	12	406	22	426	5.0e-83	304.7
3300011819.a:Ga0119790_100005_130	gnl|TC-DB|H8BDK1|1.B.14.9.4	26.4	728	445	23	2	664	5	706	1.3e-45	181.0
3300011819.a:Ga0119790_100005_131	gnl|TC-DB|Q7VJ34|3.A.1.5.40	34.4	270	176	1	36	304	2	271	4.0e-37	151.8
3300011819.a:Ga0119790_100005_132	gnl|TC-DB|P0AFA9|3.A.1.5.3	30.7	257	178	0	10	266	11	267	9.6e-35	143.7
3300011819.a:Ga0119790_100005_133	gnl|TC-DB|Q9CIK9|3.A.1.5.25	36.8	234	141	3	2	228	5	238	8.2e-36	147.1
3300011819.a:Ga0119790_100005_134	gnl|TC-DB|P33594|3.A.1.5.3	31.2	224	149	1	4	222	3	226	2.0e-33	139.0
3300011819.a:Ga0119790_100005_135	gnl|TC-DB|P33590|3.A.1.5.3	31.0	452	302	7	65	512	56	501	5.0e-59	225.3
3300011819.a:Ga0119790_100005_137	gnl|TC-DB|Q9KAX3|2.A.66.1.32	32.9	426	283	3	16	439	15	439	1.1e-46	184.1
3300011819.a:Ga0119790_100005_148	gnl|TC-DB|P69783|4.A.1.1.1	39.6	169	92	4	1	161	1	167	5.0e-34	140.6
3300011819.a:Ga0119790_100005_151	gnl|TC-DB|P23894|9.B.1.1.6	29.8	292	184	6	19	300	6	286	2.6e-28	122.5
3300011819.a:Ga0119790_100005_166	gnl|TC-DB|Q9KAX3|2.A.66.1.32	34.0	447	287	3	3	448	2	441	3.6e-66	248.8
3300011819.a:Ga0119790_100005_203	gnl|TC-DB|Q8PVB2|9.B.125.2.2	33.4	326	176	7	11	317	15	318	1.1e-35	147.1
3300011819.a:Ga0119790_100005_207	gnl|TC-DB|P54571|2.A.35.1.2	27.9	351	235	6	56	391	66	413	8.5e-28	121.3
3300011819.a:Ga0119790_100005_220	gnl|TC-DB|P0AFZ7|2.A.38.1.1	36.8	489	295	10	1	481	1	483	4.0e-71	265.4
3300011819.a:Ga0119790_100005_223	gnl|TC-DB|P33950|3.A.1.5.27	29.8	520	319	11	20	499	31	544	2.0e-62	236.5
3300011819.a:Ga0119790_100005_228	gnl|TC-DB|F2NY23|1.B.9.2.4	22.1	493	312	13	1	482	1	432	3.4e-22	102.8
3300011819.a:Ga0119790_100005_243	gnl|TC-DB|A9BJX0|3.A.3.2.21	39.9	879	501	7	4	857	3	879	7.6e-174	607.4
3300011819.a:Ga0119790_100005_246	gnl|TC-DB|P31466|2.A.40.7.6	42.3	428	245	2	3	429	14	440	5.8e-90	327.8
3300011819.a:Ga0119790_100005_248	gnl|TC-DB|P0ABG7|2.A.103.1.2	38.2	343	209	2	21	363	24	363	2.5e-57	219.2
3300011819.a:Ga0119790_100005_259	gnl|TC-DB|O07942|2.A.78.1.1	25.9	228	164	2	4	230	29	252	4.3e-23	104.8
3300011819.a:Ga0119790_100005_260	gnl|TC-DB|O07923|2.A.78.1.1	34.3	108	67	2	1	107	5	109	5.1e-11	63.5
3300011819.a:Ga0119790_100005_279	gnl|TC-DB|C0CGS2|2.A.26.1.5	32.6	433	278	7	3	430	6	429	1.1e-53	207.2
3300011819.a:Ga0119790_100005_293	gnl|TC-DB|P10121|3.A.5.1.1	47.3	296	155	1	48	343	199	493	8.2e-71	263.8
3300011819.a:Ga0119790_100013_2	gnl|TC-DB|P33950|3.A.1.5.27	29.8	520	319	11	20	499	31	544	2.0e-62	236.5
3300011819.a:Ga0119790_100013_5	gnl|TC-DB|P0AFZ7|2.A.38.1.1	36.8	489	295	10	1	481	1	483	4.0e-71	265.4
3300011819.a:Ga0119790_100013_18	gnl|TC-DB|P54571|2.A.35.1.2	27.9	351	235	6	56	391	66	413	8.5e-28	121.3
3300011819.a:Ga0119790_100013_22	gnl|TC-DB|Q8PVB2|9.B.125.2.2	33.4	326	176	7	11	317	15	318	1.1e-35	147.1
3300011819.a:Ga0119790_100013_59	gnl|TC-DB|Q9KAX3|2.A.66.1.32	34.0	447	287	3	3	448	2	441	3.6e-66	248.8
3300011819.a:Ga0119790_100013_74	gnl|TC-DB|P23894|9.B.1.1.6	29.8	292	184	6	19	300	6	286	2.6e-28	122.5
3300011819.a:Ga0119790_100013_77	gnl|TC-DB|P69783|4.A.1.1.1	39.6	169	92	4	1	161	1	167	5.0e-34	140.6
3300011819.a:Ga0119790_100013_88	gnl|TC-DB|Q9KAX3|2.A.66.1.32	32.9	426	283	3	16	439	15	439	1.1e-46	184.1
3300011819.a:Ga0119790_100013_90	gnl|TC-DB|P33590|3.A.1.5.3	31.0	452	302	7	65	512	56	501	5.0e-59	225.3
3300011819.a:Ga0119790_100013_91	gnl|TC-DB|P33594|3.A.1.5.3	31.2	224	149	1	4	222	3	226	2.0e-33	139.0
3300011819.a:Ga0119790_100013_92	gnl|TC-DB|Q9CIK9|3.A.1.5.25	36.8	234	141	3	2	228	5	238	8.2e-36	147.1
3300011819.a:Ga0119790_100013_93	gnl|TC-DB|P0AFA9|3.A.1.5.3	30.7	257	178	0	10	266	11	267	9.6e-35	143.7
3300011819.a:Ga0119790_100013_94	gnl|TC-DB|Q7VJ34|3.A.1.5.40	34.4	270	176	1	36	304	2	271	4.0e-37	151.8
3300011819.a:Ga0119790_100013_95	gnl|TC-DB|H8BDK1|1.B.14.9.4	26.4	728	445	23	2	664	5	706	1.3e-45	181.0
3300011819.a:Ga0119790_100013_114	gnl|TC-DB|Q9CF78|2.A.40.1.2	43.2	405	220	2	12	406	22	426	5.0e-83	304.7
3300011819.a:Ga0119790_100013_117	gnl|TC-DB|P73329|3.A.1.141.1	39.3	326	191	3	13	338	1	319	4.7e-63	238.0
3300011819.a:Ga0119790_100013_124	gnl|TC-DB|M4VAL8|8.A.21.2.4	29.6	223	144	2	281	499	39	252	9.5e-21	98.2
3300011819.a:Ga0119790_100013_131	gnl|TC-DB|P69451|4.C.1.1.4	27.3	534	293	15	29	510	61	551	1.6e-35	147.9
3300011819.a:Ga0119790_100013_132	gnl|TC-DB|P0AAC4|1.A.14.2.2	35.3	215	135	2	17	228	21	234	1.1e-28	123.2
3300011819.a:Ga0119790_100018_9	gnl|TC-DB|852074676|1.C.75.1.3	30.3	386	252	8	10	386	13	390	1.6e-35	147.1
3300011819.a:Ga0119790_100018_10	gnl|TC-DB|P15321|1.B.20.1.1	24.9	494	302	16	104	584	108	545	3.3e-19	93.2
3300011819.a:Ga0119790_100018_22	gnl|TC-DB|P0AEE5|3.A.1.2.3	59.1	303	122	2	39	340	28	329	2.9e-100	361.7
3300011819.a:Ga0119790_100018_30	gnl|TC-DB|Q9ZKE4|3.A.11.3.1	32.8	509	317	10	263	765	129	618	2.6e-61	233.4
3300011819.a:Ga0119790_100018_32	gnl|TC-DB|Q7P7W4|9.B.126.2.2	98.7	396	5	0	21	416	1	396	2.8e-198	687.6
3300011819.a:Ga0119790_100018_35	gnl|TC-DB|Q58119|2.A.66.1.26	26.4	421	301	6	5	420	5	421	2.5e-27	119.8
3300011819.a:Ga0119790_100018_46	gnl|TC-DB|F9A868|1.A.16.1.3	33.1	263	143	5	19	253	9	266	2.4e-27	119.0
3300011819.a:Ga0119790_100018_50	gnl|TC-DB|A0QQ68|3.A.1.9.2	23.0	483	366	3	40	520	53	531	2.1e-17	87.0
3300011819.a:Ga0119790_100018_51	gnl|TC-DB|P16677|3.A.1.9.1	34.9	252	157	3	1	246	1	251	3.0e-38	155.2
3300011819.a:Ga0119790_100018_52	gnl|TC-DB|A0QQ71|3.A.1.9.2	31.6	237	151	4	29	254	41	277	1.2e-27	120.2
3300011819.a:Ga0119790_100018_63	gnl|TC-DB|D5ERW9|9.B.186.1.3	43.5	108	59	1	286	391	101	208	2.1e-17	86.7
3300011819.a:Ga0119790_100018_65	gnl|TC-DB|Q42524|4.C.1.1.7	25.8	524	313	15	20	507	67	550	1.7e-29	127.9
3300011819.a:Ga0119790_100018_72	gnl|TC-DB|Q8REI7|2.A.113.1.8	96.3	244	9	0	20	263	1	244	4.1e-123	437.2
3300011819.a:Ga0119790_100018_80	gnl|TC-DB|Q8R9L8|3.A.1.33.1	25.0	460	275	17	458	908	120	518	8.7e-14	75.9
3300011819.a:Ga0119790_100018_91	gnl|TC-DB|E4RK11|2.A.124.1.3	39.3	183	107	3	3	182	113	294	3.6e-26	114.8
3300011819.a:Ga0119790_100018_94	gnl|TC-DB|Q9WYC4|3.A.1.135.5	34.6	563	364	3	2	561	25	586	4.8e-84	308.5
3300011819.a:Ga0119790_100116_3	gnl|TC-DB|L7KTB5|2.A.102.3.2	32.7	214	143	1	40	252	37	250	9.2e-27	117.1
3300011819.a:Ga0119790_100116_10	gnl|TC-DB|Q6MMD5|9.B.18.2.1	31.8	450	293	10	4	447	23	464	3.3e-48	189.1
3300011819.a:Ga0119790_100342_1	gnl|TC-DB|B4F2I9|1.B.12.5.3	23.3	540	265	20	222	634	208	725	3.8e-19	93.2
3300011819.a:Ga0119790_100342_3	gnl|TC-DB|Q6LX42|2.A.25.1.3	36.5	446	262	5	8	442	7	442	4.7e-74	275.0
3300011819.a:Ga0119790_100024_23	gnl|TC-DB|Q9WZS2|2.A.66.1.28	24.9	438	324	3	9	444	19	453	2.9e-28	122.9
3300011819.a:Ga0119790_100024_51	gnl|TC-DB|Q939U6|5.A.1.2.7	31.9	226	136	4	5	213	3	227	2.7e-27	118.6
3300011819.a:Ga0119790_100024_55	gnl|TC-DB|F4LXP4|8.A.59.2.1	28.4	313	171	7	286	550	187	494	1.3e-30	131.0
3300011819.a:Ga0119790_100024_56	gnl|TC-DB|Q8U1J8|3.A.1.5.6	24.5	543	340	17	8	495	8	535	3.4e-28	122.9
3300011819.a:Ga0119790_100024_57	gnl|TC-DB|Q9WYD7|3.A.1.5.30	30.9	317	214	2	4	315	14	330	7.4e-34	141.0
3300011819.a:Ga0119790_100024_58	gnl|TC-DB|P26904|3.A.1.5.2	28.2	266	184	5	2	264	50	311	4.3e-22	101.7
3300011819.a:Ga0119790_100024_59	gnl|TC-DB|Q97UG5|3.A.1.5.8	35.0	594	333	12	1	545	5	594	3.5e-87	318.9
3300011819.a:Ga0119790_100024_65	gnl|TC-DB|Q9ZAA6|3.B.1.1.3	61.3	372	144	0	2	373	3	374	8.8e-119	423.3
3300011819.a:Ga0119790_100024_68	gnl|TC-DB|Q06700|3.B.1.1.3	71.1	584	167	2	3	584	4	587	2.5e-253	870.9
3300011819.a:Ga0119790_100024_69	gnl|TC-DB|P0AER8|2.A.27.1.1	33.5	400	257	4	10	408	5	396	4.3e-58	221.9
3300011819.a:Ga0119790_100024_77	gnl|TC-DB|P0AFV2|9.B.20.1.4	29.4	231	141	6	20	247	1	212	1.9e-21	99.4
3300011819.a:Ga0119790_100024_82	gnl|TC-DB|Q81JL2|9.B.33.1.1	31.3	582	357	14	3	551	2	573	1.2e-63	240.7
3300011819.a:Ga0119790_100024_83	gnl|TC-DB|Q8XME6|2.A.114.1.4	63.1	434	157	1	1	431	1	434	4.2e-158	554.3
3300011819.a:Ga0119790_100024_85	gnl|TC-DB|P39695|3.A.11.1.1	26.7	202	145	1	125	326	204	402	3.6e-14	75.9
3300011819.a:Ga0119790_100024_90	gnl|TC-DB|A9WDR8|3.A.1.17.13	39.8	221	125	3	5	218	4	223	1.4e-40	162.9
3300011819.a:Ga0119790_100024_91	gnl|TC-DB|A7NH44|3.A.1.17.8	34.7	334	208	6	4	333	1	328	6.8e-54	207.6
3300011819.a:Ga0119790_100024_92	gnl|TC-DB|A9WDS0|3.A.1.17.13	32.1	234	159	0	14	247	36	269	9.3e-35	143.7
3300011819.a:Ga0119790_100024_100	gnl|TC-DB|P0AGI8|2.A.38.1.1	25.2	210	142	7	2	205	234	434	7.3e-11	65.1
3300011819.a:Ga0119790_100024_103	gnl|TC-DB|Q3MNJ6|3.A.3.5.15	44.1	780	403	7	6	769	45	807	2.9e-169	592.0
3300011819.a:Ga0119790_100208_3	gnl|TC-DB|Q6MMD5|9.B.18.2.1	37.5	283	158	6	3	268	290	570	7.9e-42	167.5
3300011819.a:Ga0119790_100208_5	gnl|TC-DB|H8E4X1|9.B.18.1.2	36.3	193	109	1	3	181	326	518	3.3e-27	118.2
3300011819.a:Ga0119790_100208_8	gnl|TC-DB|Q6MMD5|9.B.18.2.1	44.4	198	91	5	1	184	432	624	1.1e-37	152.9
3300011819.a:Ga0119790_100045_19	gnl|TC-DB|Q6A1F6|3.B.1.1.6	48.9	458	220	3	1	448	5	458	1.2e-125	446.4
3300011819.a:Ga0119790_100045_20	gnl|TC-DB|P31602|2.A.24.1.1	41.1	399	223	5	60	455	55	444	3.6e-74	275.4
3300011819.a:Ga0119790_100045_32	gnl|TC-DB|Q9X272|3.A.1.5.15	43.8	233	124	1	16	241	31	263	5.0e-54	207.6
3300011819.a:Ga0119790_100045_33	gnl|TC-DB|Q9CIK9|3.A.1.5.25	35.9	234	127	4	2	212	5	238	2.2e-35	145.6
3300011819.a:Ga0119790_100045_34	gnl|TC-DB|P42063|3.A.1.5.20	31.0	242	164	2	7	245	46	287	3.5e-26	115.2
3300011819.a:Ga0119790_100045_35	gnl|TC-DB|P75798|3.A.1.5.11	29.6	301	211	1	2	301	4	304	1.7e-35	146.4
3300011819.a:Ga0119790_100045_36	gnl|TC-DB|G8V0I4|3.A.1.5.33	23.7	503	337	13	26	485	28	526	6.3e-32	135.2
3300011819.a:Ga0119790_100060_1	gnl|TC-DB|P76264|2.A.107.1.1	29.9	184	125	3	1	182	1	182	3.0e-11	65.1
3300011819.a:Ga0119790_100054_3	gnl|TC-DB|P0AGD7|3.A.5.1.1	50.0	444	217	3	1	439	1	444	7.5e-117	417.2
3300011819.a:Ga0119790_100054_7	gnl|TC-DB|Q45068|2.A.25.1.5	51.0	473	215	6	3	474	4	460	8.8e-124	440.3
3300011819.a:Ga0119790_100054_11	gnl|TC-DB|Q8EHX2|2.A.35.1.5	35.7	431	257	5	6	421	15	440	8.7e-70	260.8
3300011819.a:Ga0119790_100054_17	gnl|TC-DB|Q8EHX2|2.A.35.1.5	45.7	433	222	3	6	429	11	439	2.1e-103	372.5
3300011819.a:Ga0119790_100050_3	gnl|TC-DB|Q73MJ4|3.A.1.122.8	58.7	426	175	1	3	428	1	425	5.1e-139	490.7
3300011819.a:Ga0119790_100050_4	gnl|TC-DB|Q73MJ3|3.A.1.122.8	45.7	396	191	3	6	400	1	373	1.4e-90	329.7
3300011819.a:Ga0119790_100050_5	gnl|TC-DB|Q73MJ2|3.A.1.122.8	68.7	214	67	0	7	220	3	216	7.4e-84	306.6
3300011819.a:Ga0119790_100050_8	gnl|TC-DB|Q73MJ0|3.A.1.136.1	39.4	396	239	1	2	396	6	401	6.0e-81	297.7
3300011819.a:Ga0119790_100050_9	gnl|TC-DB|Q58206|3.A.1.122.14	39.0	231	131	4	1	223	1	229	7.5e-41	163.7
3300011819.a:Ga0119790_100050_24	gnl|TC-DB|Q9V0A4|3.B.1.1.5	34.6	188	92	7	84	260	35	202	1.9e-15	79.7
3300011819.a:Ga0119790_100003_7	gnl|TC-DB|P53154|2.A.50.1.1	25.5	204	134	7	143	337	275	469	7.2e-11	64.7
3300011819.a:Ga0119790_100003_23	gnl|TC-DB|O34474|2.A.66.1.25	27.8	392	274	4	15	398	18	408	1.0e-41	167.5
3300011819.a:Ga0119790_100003_24	gnl|TC-DB|Q0P844|3.A.1.5.28	23.1	425	290	12	88	484	76	491	1.4e-15	80.9
3300011819.a:Ga0119790_100003_25	gnl|TC-DB|Q9CIL1|3.A.1.5.25	27.5	302	208	3	1	297	2	297	1.1e-23	107.1
3300011819.a:Ga0119790_100003_26	gnl|TC-DB|P51000|3.A.1.5.27	34.3	207	136	0	43	249	77	283	4.5e-26	114.8
3300011819.a:Ga0119790_100003_27	gnl|TC-DB|Q97VF5|3.A.1.5.9	37.9	261	149	5	4	258	45	298	6.5e-44	174.1
3300011819.a:Ga0119790_100003_28	gnl|TC-DB|Q2FZR4|3.A.1.5.19	46.0	250	124	3	2	240	5	254	1.1e-53	206.5
3300011819.a:Ga0119790_100003_54	gnl|TC-DB|P0AGA2|3.A.5.1.1	40.1	414	238	5	19	423	18	430	3.3e-85	312.0
3300011819.a:Ga0119790_100003_60	gnl|TC-DB|P0AA53|8.A.21.2.2	43.1	181	102	1	7	186	4	184	1.1e-36	150.2
3300011819.a:Ga0119790_100003_62	gnl|TC-DB|O34521|4.A.1.1.7	41.3	489	241	8	1	484	1	448	3.6e-96	348.6
3300011819.a:Ga0119790_100003_71	gnl|TC-DB|Q6KZR9|3.A.4.1.2	34.8	385	248	3	1	384	1	383	6.8e-61	231.1
3300011819.a:Ga0119790_100003_72	gnl|TC-DB|Q6KZR9|3.A.4.1.2	33.0	385	255	3	2	385	3	385	2.4e-55	212.6
3300011819.a:Ga0119790_100003_78	gnl|TC-DB|P94516|2.A.122.1.6	37.9	203	122	3	11	210	6	207	4.3e-31	131.3
3300011819.a:Ga0119790_100003_83	gnl|TC-DB|Q5V9R8|3.A.1.5.22	43.3	326	173	4	5	319	1	325	1.3e-73	273.1
3300011819.a:Ga0119790_100003_84	gnl|TC-DB|B1W1L9|3.A.1.5.37	41.9	260	147	2	1	256	7	266	2.1e-58	222.2
3300011819.a:Ga0119790_100003_85	gnl|TC-DB|P33590|3.A.1.5.3	27.5	459	314	9	71	513	55	510	1.8e-37	153.7
3300011819.a:Ga0119790_100003_86	gnl|TC-DB|P51000|3.A.1.5.27	40.3	273	157	2	6	272	20	292	3.8e-50	194.9
3300011819.a:Ga0119790_100003_87	gnl|TC-DB|P75798|3.A.1.5.11	36.4	305	190	2	4	308	3	303	1.0e-56	216.9
3300011819.a:Ga0119790_100003_99	gnl|TC-DB|G8V0I4|3.A.1.5.33	37.3	544	319	11	1	534	1	532	2.2e-91	332.8
3300011819.a:Ga0119790_100003_100	gnl|TC-DB|P75798|3.A.1.5.11	30.1	302	206	2	3	303	7	304	3.9e-40	161.8
3300011819.a:Ga0119790_100003_101	gnl|TC-DB|Q93PJ7|3.A.1.5.40	33.7	246	163	0	22	267	22	267	4.2e-38	154.8
3300011819.a:Ga0119790_100003_102	gnl|TC-DB|Q97VF5|3.A.1.5.9	37.4	265	153	6	3	259	45	304	9.4e-35	143.7
3300011819.a:Ga0119790_100003_103	gnl|TC-DB|P33594|3.A.1.5.3	37.7	231	128	2	12	227	21	250	1.0e-40	163.3
3300011819.a:Ga0119790_100003_105	gnl|TC-DB|Q5WDG6|2.A.7.3.42	30.3	304	183	6	11	297	13	304	4.0e-21	98.6
3300011819.a:Ga0119790_100003_110	gnl|TC-DB|P71012|4.A.2.1.4	38.7	150	89	2	5	153	1	148	2.8e-26	114.8
3300011819.a:Ga0119790_100003_115	gnl|TC-DB|P0A2L3|9.A.40.1.2	31.1	241	165	1	165	405	35	274	1.5e-37	153.7
3300011819.a:Ga0119790_100003_116	gnl|TC-DB|A2BTW4|9.B.150.1.3	30.3	221	141	6	3	222	20	228	3.5e-22	101.7
3300011819.a:Ga0119790_100003_121	gnl|TC-DB|Q5SMG8|1.A.26.1.2	36.0	331	208	2	112	441	120	447	3.9e-57	218.8
3300011819.a:Ga0119790_100003_128	gnl|TC-DB|P44543|2.A.56.1.3	66.6	616	204	2	1	615	1	615	1.9e-227	785.0
3300011819.a:Ga0119790_100003_129	gnl|TC-DB|P44542|2.A.56.1.3	65.9	328	108	4	1	326	2	327	3.6e-116	414.5
3300011819.a:Ga0119790_100003_137	gnl|TC-DB|Q7WZ38|2.A.66.1.37	33.7	424	277	3	12	434	16	436	4.4e-61	231.9
3300011819.a:Ga0119790_100003_140	gnl|TC-DB|Q9UYQ7|2.A.7.3.47	32.9	283	176	5	11	291	10	280	3.2e-23	105.5
3300011819.a:Ga0119790_100003_145	gnl|TC-DB|P80874|8.A.5.1.4	35.9	184	93	8	9	169	10	191	6.6e-18	87.8
3300011819.a:Ga0119790_100003_150	gnl|TC-DB|P0A6W3|9.B.146.1.6	45.2	365	188	5	1	358	1	360	6.4e-82	300.8
3300011819.a:Ga0119790_100003_159	gnl|TC-DB|O52005|2.A.81.2.1	29.0	465	237	8	11	472	10	384	7.8e-48	188.0
3300011819.a:Ga0119790_100003_171	gnl|TC-DB|Q1LZ59|4.A.2.1.7	43.5	660	324	9	1	619	1	652	1.0e-132	470.3
3300011819.a:Ga0119790_100003_175	gnl|TC-DB|Q832J9|3.A.1.135.9	48.9	597	293	4	4	597	2	589	2.6e-149	525.4
3300011819.a:Ga0119790_100003_176	gnl|TC-DB|Q832K0|3.A.1.135.9	41.3	578	334	1	1	578	1	573	2.0e-117	419.5
3300011819.a:Ga0119790_100003_179	gnl|TC-DB|Q8DQI1|3.A.1.4.10	36.8	389	234	7	1	382	1	384	1.2e-57	220.3
3300011819.a:Ga0119790_100003_180	gnl|TC-DB|Q8DQI0|3.A.1.4.10	49.3	292	144	2	4	295	5	292	4.3e-68	254.6
3300011819.a:Ga0119790_100003_181	gnl|TC-DB|Q8DQH9|3.A.1.4.10	45.7	210	110	2	112	320	109	315	5.8e-42	167.9
3300011819.a:Ga0119790_100003_182	gnl|TC-DB|Q8DQH8|3.A.1.4.10	57.4	251	107	0	7	257	3	253	2.4e-75	278.5
3300011819.a:Ga0119790_100003_183	gnl|TC-DB|Q8DQH7|3.A.1.4.10	58.8	240	92	2	1	237	1	236	5.5e-74	273.9
3300011819.a:Ga0119790_100003_196	gnl|TC-DB|M7AKZ4|2.A.58.2.2	100.0	539	0	0	1	539	1	539	3.1e-290	993.4
3300011819.a:Ga0119790_100003_199	gnl|TC-DB|P76506|3.A.1.27.3	38.5	135	77	3	54	183	30	163	3.5e-18	88.6
3300011819.a:Ga0119790_100003_218	gnl|TC-DB|P42061|3.A.1.5.20	28.4	496	300	15	71	541	74	539	9.4e-37	151.4
3300011819.a:Ga0119790_100003_219	gnl|TC-DB|P42062|3.A.1.5.20	37.4	305	185	3	14	317	15	314	3.5e-55	211.8
3300011819.a:Ga0119790_100003_220	gnl|TC-DB|W0WMS8|3.A.1.5.39	27.3	264	183	3	24	281	37	297	3.9e-26	115.2
3300011819.a:Ga0119790_100003_221	gnl|TC-DB|Q07733|3.A.1.5.10	30.3	274	166	8	2	258	5	270	2.7e-32	135.6
3300011819.a:Ga0119790_100003_222	gnl|TC-DB|Q92NE8|3.A.1.5.17	30.2	212	129	2	1	193	277	488	6.9e-25	110.5
3300011819.a:Ga0119790_100003_224	gnl|TC-DB|C9XJX0|3.A.1.147.6	46.2	80	42	1	3	82	23	101	3.6e-13	70.5
3300011819.a:Ga0119790_100003_225	gnl|TC-DB|Q55281|3.A.1.15.1	34.8	138	89	1	1	138	106	242	3.5e-19	91.3
3300011819.a:Ga0119790_100003_226	gnl|TC-DB|M4VF34|3.A.1.20.4	31.3	313	204	8	41	347	36	343	3.9e-36	148.7
3300011819.a:Ga0119790_100003_227	gnl|TC-DB|M4VB92|3.A.1.20.4	35.2	554	335	7	13	560	6	541	1.9e-85	313.2
3300011819.a:Ga0119790_100003_228	gnl|TC-DB|Q8TZQ3|3.A.1.1.16	45.5	354	172	7	1	336	1	351	1.5e-80	296.2
3300011819.a:Ga0119790_100003_231	gnl|TC-DB|H8BDK1|1.B.14.9.4	24.1	731	455	26	3	662	5	706	1.3e-35	147.9
3300011819.a:Ga0119790_100003_232	gnl|TC-DB|Q9WYC4|3.A.1.135.5	34.9	487	309	4	85	566	107	590	2.0e-69	260.0
3300011819.a:Ga0119790_100003_233	gnl|TC-DB|Q2G2M9|3.A.1.106.2	33.2	557	361	4	19	564	21	577	3.3e-64	242.7
3300011819.a:Ga0119790_100003_253	gnl|TC-DB|Q8EII1|2.A.25.1.4	41.7	446	239	7	5	443	7	438	5.5e-83	304.7
3300011819.a:Ga0119790_100003_257	gnl|TC-DB|Q9WZ31|1.A.35.3.2	36.6	344	216	2	7	350	9	350	2.8e-58	222.2
3300011819.a:Ga0119790_100003_260	gnl|TC-DB|Q1D4J4|9.B.153.3.1	36.1	119	73	2	62	179	491	607	2.6e-15	78.6
3300011819.a:Ga0119790_100003_264	gnl|TC-DB|Q5L082|9.A.5.2.1	52.2	429	194	4	7	430	16	438	1.6e-116	416.0
3300011819.a:Ga0119790_100003_265	gnl|TC-DB|O32105|2.A.8.1.12	46.1	399	200	5	53	442	50	442	3.3e-88	322.0
3300011819.a:Ga0119790_100003_266	gnl|TC-DB|F4K2G0|3.D.1.8.1	48.5	134	57	6	12	137	103	232	3.4e-22	101.3
3300011819.a:Ga0119790_100003_279	gnl|TC-DB|P29709|3.A.2.1.2	49.5	91	44	1	1	91	1	89	6.8e-21	96.7
3300011819.a:Ga0119790_100003_280	gnl|TC-DB|P29707|3.A.2.1.2	81.8	462	83	1	2	462	3	464	1.2e-218	755.4
3300011819.a:Ga0119790_100003_281	gnl|TC-DB|P29710|3.A.2.1.2	55.3	282	126	0	1	282	1	282	9.4e-81	296.6
3300011819.a:Ga0119790_100003_282	gnl|TC-DB|P29706|3.A.2.1.2	79.6	500	102	0	1	500	1	500	9.6e-230	792.3
3300011819.a:Ga0119790_100003_283	gnl|TC-DB|P29708|3.A.2.1.2	58.0	174	73	0	1	174	1	174	2.1e-51	198.4
3300011819.a:Ga0119790_100003_284	gnl|TC-DB|P21904|3.A.2.1.2	51.5	163	79	0	1	163	6	168	1.1e-12	69.7
3300011819.a:Ga0119790_100003_285	gnl|TC-DB|Q59166|3.A.2.1.5	69.3	75	23	0	10	84	7	81	1.3e-23	105.1
3300011819.a:Ga0119790_100003_286	gnl|TC-DB|P21903|3.A.2.1.2	54.7	265	101	1	2	247	22	286	4.1e-80	294.3
3300011819.a:Ga0119790_100003_294	gnl|TC-DB|Q9Z4R9|3.A.1.20.1	38.6	352	197	7	1	351	1	334	8.4e-63	237.3
3300011819.a:Ga0119790_100003_295	gnl|TC-DB|O54370|3.A.1.20.1	58.2	371	143	4	1	360	1	370	7.4e-110	393.7
3300011819.a:Ga0119790_100003_296	gnl|TC-DB|O54371|3.A.1.20.1	49.1	269	135	2	5	272	6	273	3.4e-71	265.8
3300011819.a:Ga0119790_100003_301	gnl|TC-DB|A3RZV8|2.A.66.6.2	31.5	499	307	12	2	471	11	503	1.8e-68	256.5
3300011819.a:Ga0119790_100003_302	gnl|TC-DB|A3RZV8|2.A.66.6.2	26.6	473	320	10	1	463	531	986	4.7e-26	116.3
3300011819.a:Ga0119790_100083_1	gnl|TC-DB|P0AAG8|3.A.1.2.3	67.3	496	162	0	5	500	11	506	2.6e-198	688.0
3300011819.a:Ga0119790_100083_2	gnl|TC-DB|P23200|3.A.1.2.3	68.0	322	103	0	18	339	15	336	1.8e-118	422.2
3300011819.a:Ga0119790_100083_3	gnl|TC-DB|C3WVU9|2.A.1.62.2	84.5	406	63	0	1	406	1	406	1.6e-174	608.6
3300011819.a:Ga0119790_100083_10	gnl|TC-DB|F7L041|1.E.19.1.9	91.3	127	11	0	3	129	2	128	1.2e-59	225.3
3300011819.a:Ga0119790_100008_59	gnl|TC-DB|P54535|3.A.1.3.15	36.4	250	136	5	7	236	5	251	1.8e-38	156.0
3300011819.a:Ga0119790_100008_62	gnl|TC-DB|Q8REB9|3.A.3.32.4	94.8	735	38	0	1	735	1	735	0.0e+00	1308.5
3300011819.a:Ga0119790_100008_90	gnl|TC-DB|Q8EHX2|2.A.35.1.5	39.9	426	246	3	13	429	17	441	7.2e-80	294.3
3300011819.a:Ga0119790_100008_94	gnl|TC-DB|P0C0S1|1.A.23.2.1	30.4	257	174	2	24	280	27	278	6.5e-29	124.4
3300011819.a:Ga0119790_100008_95	gnl|TC-DB|P0AFK9|3.A.1.11.1	33.8	334	204	8	15	338	18	344	2.2e-47	186.0
3300011819.a:Ga0119790_100008_98	gnl|TC-DB|A3DCU1|3.A.1.112.9	30.3	568	372	7	15	567	164	722	1.7e-57	220.3
3300011819.a:Ga0119790_100008_99	gnl|TC-DB|P63391|3.A.1.21.2	29.7	558	381	8	18	569	290	842	8.3e-68	254.6
3300011819.a:Ga0119790_100008_105	gnl|TC-DB|O35002|9.B.174.1.1	35.7	311	195	3	79	385	72	381	6.9e-54	208.0
3300011819.a:Ga0119790_100008_106	gnl|TC-DB|J8IXD8|1.C.109.1.5	47.2	252	129	3	8	257	5	254	1.1e-54	209.9
3300011819.a:Ga0119790_100008_146	gnl|TC-DB|O34987|2.A.40.7.2	40.0	452	244	7	5	445	1	436	1.2e-77	287.0
3300011819.a:Ga0119790_100008_147	gnl|TC-DB|O83937|2.A.108.2.11	40.4	386	202	6	31	411	65	427	3.4e-69	258.8
3300011819.a:Ga0119790_100008_148	gnl|TC-DB|K3SRD7|2.A.108.2.10	41.1	168	76	8	59	222	23	171	1.7e-24	109.4
3300011819.a:Ga0119790_100008_156	gnl|TC-DB|Q8FA80|2.A.56.1.8	37.8	423	262	1	1	423	1	422	9.9e-66	247.3
3300011819.a:Ga0119790_100008_158	gnl|TC-DB|Q8FA78|2.A.56.1.8	31.7	265	181	0	72	336	4	268	6.6e-36	147.9
3300011819.a:Ga0119790_100008_165	gnl|TC-DB|K1GHE1|9.B.186.1.2	84.4	212	33	0	1	212	1	212	4.3e-78	287.3
3300011819.a:Ga0119790_100008_175	gnl|TC-DB|Q8CX78|2.A.6.3.6	29.6	1026	692	8	1	1008	1	1014	1.3e-140	497.3
3300011819.a:Ga0119790_100008_177	gnl|TC-DB|C7N858|2.A.115.2.14	30.3	198	127	2	2	193	222	414	7.8e-26	113.6
3300011819.a:Ga0119790_100008_200	gnl|TC-DB|Q83XH1|3.A.1.121.4	61.2	534	204	3	1	533	1	532	2.2e-195	678.3
3300011819.a:Ga0119790_100008_203	gnl|TC-DB|Q5G3M3|3.A.7.19.1	40.0	110	63	2	1	109	2	109	4.1e-14	74.3
3300011819.a:Ga0119790_100008_206	gnl|TC-DB|D6I8Y6|4.F.1.3.3	37.2	196	120	2	3	196	1	195	8.0e-26	113.6
3300011819.a:Ga0119790_100008_211	gnl|TC-DB|Q8F192|1.A.30.2.9	32.7	199	122	4	7	200	71	262	3.1e-17	85.1
3300011819.a:Ga0119790_100008_212	gnl|TC-DB|P06202|3.A.1.5.1	26.0	362	237	12	45	380	52	408	2.2e-21	100.1
3300011819.a:Ga0119790_100008_219	gnl|TC-DB|Q9KN48|3.A.23.1.1	30.1	376	229	6	117	460	156	529	3.6e-45	179.1
3300011819.a:Ga0119790_100008_235	gnl|TC-DB|Q9X272|3.A.1.5.15	55.1	312	138	2	3	313	11	321	8.2e-97	350.1
3300011819.a:Ga0119790_100008_236	gnl|TC-DB|P42064|3.A.1.5.20	52.8	318	148	1	7	322	4	321	2.3e-94	342.0
3300011819.a:Ga0119790_100008_237	gnl|TC-DB|W0WMS8|3.A.1.5.39	43.2	234	127	1	61	288	67	300	7.7e-54	207.2
3300011819.a:Ga0119790_100008_238	gnl|TC-DB|P75798|3.A.1.5.11	42.8	304	174	0	1	304	1	304	3.1e-69	258.5
3300011819.a:Ga0119790_100008_239	gnl|TC-DB|P33950|3.A.1.5.27	32.3	551	326	14	1	510	1	545	8.7e-69	257.7
3300011819.a:Ga0119790_100008_240	gnl|TC-DB|Q7V7U0|2.A.7.28.11	25.5	278	193	5	4	272	13	285	2.0e-14	76.3
3300011819.a:Ga0119790_100004_1	gnl|TC-DB|P0AER8|2.A.27.1.1	41.0	393	225	4	4	390	2	393	3.2e-74	275.4
3300011819.a:Ga0119790_100004_5	gnl|TC-DB|C8X4B7|2.A.115.1.5	28.6	266	186	4	14	277	20	283	1.6e-27	119.8
3300011819.a:Ga0119790_100004_11	gnl|TC-DB|H1HDR4|2.A.79.1.4	98.4	252	4	0	1	252	1	252	2.0e-130	461.5
3300011819.a:Ga0119790_100004_12	gnl|TC-DB|Q73PT5|2.A.79.1.5	27.5	160	111	2	3	162	4	158	4.8e-13	70.9
3300011819.a:Ga0119790_100004_13	gnl|TC-DB|P94400|9.B.10.1.1	23.2	198	120	6	3	168	6	203	6.2e-11	64.7
3300011819.a:Ga0119790_100004_23	gnl|TC-DB|Q8GRB0|3.A.1.14.8	35.1	242	155	2	3	244	1	240	1.2e-42	169.9
3300011819.a:Ga0119790_100004_24	gnl|TC-DB|Q56992|3.A.1.14.5	35.5	321	197	6	10	322	14	332	2.5e-45	179.1
3300011819.a:Ga0119790_100004_25	gnl|TC-DB|H8BDK1|1.B.14.9.4	29.0	772	424	32	2	720	6	706	1.5e-61	234.2
3300011819.a:Ga0119790_100004_27	gnl|TC-DB|P94585|1.A.22.1.3	57.1	84	29	1	7	90	4	80	1.1e-21	99.4
3300011819.a:Ga0119790_100004_34	gnl|TC-DB|Q01465|9.B.157.1.1	52.7	332	155	1	8	337	1	332	2.2e-95	345.5
3300011819.a:Ga0119790_100004_38	gnl|TC-DB|Q9MUK5|3.A.9.1.1	47.4	114	60	0	106	219	97	210	2.9e-21	99.8
3300011819.a:Ga0119790_100004_65	gnl|TC-DB|Q8I553|3.A.16.1.3	31.4	140	91	2	9	147	8	143	6.3e-14	74.3
3300011819.a:Ga0119790_100004_82	gnl|TC-DB|Q73LW8|2.A.51.1.6	33.3	168	111	1	2	169	9	175	1.5e-20	95.9
3300011819.a:Ga0119790_100004_83	gnl|TC-DB|Q73LW8|2.A.51.1.6	32.9	173	116	0	9	181	13	185	6.5e-22	100.5
3300011819.a:Ga0119790_100004_86	gnl|TC-DB|P37169|2.A.66.4.1	34.0	424	274	4	1	419	16	438	3.3e-57	219.2
3300011819.a:Ga0119790_100004_92	gnl|TC-DB|Q5SKE6|2.A.6.4.3	37.4	273	159	8	18	285	455	720	2.9e-38	155.6
3300011819.a:Ga0119790_100004_93	gnl|TC-DB|O32047|2.A.6.4.2	36.6	418	230	10	1	392	1	409	3.0e-59	225.7
3300011819.a:Ga0119790_100004_96	gnl|TC-DB|P0A9V1|1.B.42.1.2	57.3	241	102	1	1	240	1	241	1.1e-77	286.2
3300011819.a:Ga0119790_100004_105	gnl|TC-DB|P16256|2.A.21.1.1	44.6	475	260	3	6	478	5	478	6.0e-112	401.0
3300011819.a:Ga0119790_100004_122	gnl|TC-DB|P96119|3.A.1.15.8	41.9	272	157	1	5	275	3	274	5.9e-43	171.0
3300011819.a:Ga0119790_100004_123	gnl|TC-DB|P96118|3.A.1.15.8	42.2	263	151	1	1	263	1	262	2.4e-50	195.7
3300011819.a:Ga0119790_100004_124	gnl|TC-DB|P96117|3.A.1.15.8	56.1	230	94	1	3	225	10	239	6.6e-69	256.9
3300011819.a:Ga0119790_100004_125	gnl|TC-DB|P96116|3.A.1.15.8	41.7	302	170	2	7	307	10	306	2.5e-63	238.8
3300011819.a:Ga0119790_100004_126	gnl|TC-DB|P29939|2.A.7.2.1	46.3	134	72	0	2	135	5	138	3.4e-28	120.9
3300011819.a:Ga0119790_100004_129	gnl|TC-DB|H8W9K8|2.A.46.1.8	42.2	436	249	2	22	457	3	435	1.5e-94	343.2
3300011819.a:Ga0119790_100004_130	gnl|TC-DB|H8W9K8|2.A.46.1.8	38.4	438	264	5	14	449	3	436	6.0e-80	294.7
3300011819.a:Ga0119790_100004_135	gnl|TC-DB|Q9KN48|3.A.23.1.1	37.9	264	161	3	115	376	156	418	7.3e-46	181.4
3300011819.a:Ga0119790_100004_136	gnl|TC-DB|I6L8P4|2.A.66.1.33	29.6	426	294	4	2	424	4	426	5.9e-45	178.3
3300011819.a:Ga0119790_100004_141	gnl|TC-DB|O32169|3.A.1.24.2	47.1	340	173	2	1	333	1	340	5.7e-85	310.8
3300011819.a:Ga0119790_100004_142	gnl|TC-DB|Q9HT69|3.A.1.24.5	41.5	207	121	0	24	230	19	225	7.3e-39	157.1
3300011819.a:Ga0119790_100004_143	gnl|TC-DB|Q9HT68|3.A.1.24.5	54.2	260	117	2	2	261	3	260	7.9e-74	273.5
3300011819.a:Ga0119790_100004_153	gnl|TC-DB|A3DCU1|3.A.1.112.9	31.9	564	379	5	14	575	158	718	7.6e-77	284.6
3300011819.a:Ga0119790_100004_166	gnl|TC-DB|Q58206|3.A.1.122.14	47.3	224	115	2	5	225	1	224	6.8e-50	193.7
3300011819.a:Ga0119790_100004_167	gnl|TC-DB|P0ADC3|3.A.1.125.1	28.4	384	252	8	18	389	27	399	1.4e-21	100.5
3300011819.a:Ga0119790_100004_170	gnl|TC-DB|Q5EAK4|2.A.16.2.2	26.9	439	245	19	9	411	1361	1759	4.6e-24	109.4
3300011819.a:Ga0119790_100004_188	gnl|TC-DB|Q8EG39|2.A.8.1.6	36.9	439	259	5	23	449	20	452	3.1e-70	262.3
3300011819.a:Ga0119790_100004_201	gnl|TC-DB|B8F5K7|4.D.1.3.2	39.4	249	147	3	2	246	3	251	4.2e-43	171.4
3300011819.a:Ga0119790_100004_206	gnl|TC-DB|Q45064|9.B.31.1.2	44.3	194	106	2	1	194	1	192	2.3e-38	155.2
3300011819.a:Ga0119790_100004_210	gnl|TC-DB|F3LB58|2.A.98.1.4	58.7	349	128	4	1	346	4	339	5.0e-100	360.9
3300011819.a:Ga0119790_100004_224	gnl|TC-DB|Q79MP5|2.A.6.2.31	23.6	318	211	7	47	344	68	373	2.0e-11	66.6
3300011819.a:Ga0119790_100004_225	gnl|TC-DB|Q9KRG9|2.A.6.2.38	33.1	1026	668	8	3	1020	22	1037	2.3e-161	566.2
3300011819.a:Ga0119790_100004_239	gnl|TC-DB|H8BDK1|1.B.14.9.4	26.1	762	480	22	4	749	12	706	8.9e-54	208.4
3300011819.a:Ga0119790_100004_256	gnl|TC-DB|B7LEG0|1.A.34.1.2	38.1	97	57	3	270	364	281	376	1.2e-11	67.4
3300011819.a:Ga0119790_100004_259	gnl|TC-DB|Q8CX78|2.A.6.3.6	28.4	1018	703	11	1	1002	1	1008	7.8e-122	434.9
3300011819.a:Ga0119790_100004_262	gnl|TC-DB|Q5F721|2.A.68.1.2	50.9	507	229	5	11	502	11	512	3.6e-131	464.9
3300011819.a:Ga0119790_100004_263	gnl|TC-DB|Q9NTM9|9.B.158.1.1	42.3	196	113	0	2	197	27	222	1.3e-44	176.0
3300011819.a:Ga0119790_100004_264	gnl|TC-DB|P42102|2.A.122.1.7	40.2	204	122	0	26	229	24	227	1.9e-39	159.1
3300011819.a:Ga0119790_100004_265	gnl|TC-DB|C3WD05|1.E.14.1.3	55.7	115	51	0	1	115	1	115	1.9e-27	118.2
3300011819.a:Ga0119790_100004_284	gnl|TC-DB|P42964|2.A.55.3.2	58.5	395	163	1	2	395	10	404	9.0e-122	433.3
3300011819.a:Ga0119790_100038_6	gnl|TC-DB|Q9I5F5|2.A.21.2.3	48.4	461	231	3	8	463	9	467	1.4e-116	416.4
3300011819.a:Ga0119790_100038_13	gnl|TC-DB|G4NXA5|1.A.33.1.4	64.8	577	200	3	1	576	1	575	1.0e-201	699.5
3300011819.a:Ga0119790_100038_25	gnl|TC-DB|O34966|3.A.1.15.11	27.8	259	168	5	20	266	35	286	1.2e-20	97.1
3300011819.a:Ga0119790_100038_26	gnl|TC-DB|O34966|3.A.1.15.11	26.9	260	165	4	21	265	35	284	2.8e-22	102.4
3300011819.a:Ga0119790_100038_27	gnl|TC-DB|Q56953|3.A.1.15.4	35.8	218	131	4	5	213	10	227	5.5e-31	131.0
3300011819.a:Ga0119790_100038_28	gnl|TC-DB|B2IWT1|3.A.1.15.13	33.7	270	172	3	12	281	14	276	1.8e-26	116.3
3300011819.a:Ga0119790_100038_38	gnl|TC-DB|P13794|1.B.6.1.2	48.0	102	50	3	67	166	242	342	4.7e-15	77.8
3300011819.a:Ga0119790_100038_41	gnl|TC-DB|Q9X9U1|9.B.141.1.1	25.4	358	245	4	8	365	144	479	1.2e-22	104.0
3300011819.a:Ga0119790_100038_43	gnl|TC-DB|P55072|3.A.16.1.1	41.4	239	139	1	251	488	462	700	7.9e-52	201.8
3300011819.a:Ga0119790_100038_46	gnl|TC-DB|P38919|3.A.18.1.1	34.8	336	216	3	2	335	32	366	1.6e-57	220.3
3300011819.a:Ga0119790_100038_53	gnl|TC-DB|H8BDK1|1.B.14.9.4	26.5	729	430	26	4	657	9	706	1.4e-47	187.6
3300011819.a:Ga0119790_100038_55	gnl|TC-DB|Q9HQ19|3.A.1.14.9	39.4	274	161	3	58	331	93	361	3.3e-48	188.7
3300011819.a:Ga0119790_100038_56	gnl|TC-DB|Q8GRB0|3.A.1.14.8	38.2	246	152	0	4	249	1	246	1.1e-46	183.3
3300011819.a:Ga0119790_100041_3	gnl|TC-DB|H1XXZ0|8.A.8.1.5	52.9	85	39	1	5	89	5	88	7.5e-16	79.3
3300011819.a:Ga0119790_100041_10	gnl|TC-DB|O34474|2.A.66.1.25	22.7	415	311	5	4	412	15	425	4.3e-19	92.4
3300011819.a:Ga0119790_100041_14	gnl|TC-DB|P08839|8.A.7.1.1	52.7	571	266	2	3	570	2	571	3.7e-161	564.7
3300011819.a:Ga0119790_100041_15	gnl|TC-DB|P0AA04|8.A.8.1.1	41.9	86	49	1	1	86	1	85	4.9e-12	66.6
3300011819.a:Ga0119790_100041_17	gnl|TC-DB|P69874|3.A.1.11.1	45.6	342	176	3	6	347	18	349	1.4e-76	283.1
3300011819.a:Ga0119790_100041_18	gnl|TC-DB|P0AFK4|3.A.1.11.1	34.6	263	170	1	18	278	8	270	1.3e-42	169.9
3300011819.a:Ga0119790_100041_19	gnl|TC-DB|P0AFK6|3.A.1.11.1	38.0	242	148	2	21	261	17	257	2.9e-44	175.3
3300011819.a:Ga0119790_100041_20	gnl|TC-DB|F4K2G0|3.D.1.8.1	40.1	152	79	7	53	193	103	253	2.9e-18	89.0
3300011819.a:Ga0119790_100041_21	gnl|TC-DB|Q9HZ58|2.A.27.1.3	38.9	383	230	2	29	407	21	403	2.6e-71	265.8
3300011819.a:Ga0119790_100041_26	gnl|TC-DB|Q8RHM5|2.A.22.5.2	94.7	438	23	0	1	438	1	438	2.3e-227	784.3
3300011819.a:Ga0119790_100041_33	gnl|TC-DB|P54163|2.A.88.8.2	45.1	233	116	3	4	234	3	225	1.0e-51	199.9
3300011819.a:Ga0119790_100041_37	gnl|TC-DB|Q8RHL2|9.B.8.2.10	84.6	570	88	0	32	601	1	570	6.1e-255	876.3
3300011819.a:Ga0119790_100041_38	gnl|TC-DB|Q6GUB0|2.A.88.1.1	47.7	172	85	1	1	167	1	172	1.1e-37	152.9
3300011819.a:Ga0119790_100041_39	gnl|TC-DB|Q839D5|3.A.1.26.7	36.9	274	161	4	1	263	4	276	2.6e-48	188.7
3300011819.a:Ga0119790_100041_40	gnl|TC-DB|Q03PY6|3.A.1.26.9	36.4	261	150	3	1	246	1	260	4.2e-46	181.4
3300011819.a:Ga0119790_100041_41	gnl|TC-DB|Q5M245|3.A.1.25.6	35.5	262	166	1	3	264	4	262	1.2e-37	153.3
3300011819.a:Ga0119790_100041_43	gnl|TC-DB|P33360|3.A.1.12.15	46.2	240	129	0	1	240	1	240	5.9e-60	227.3
3300011819.a:Ga0119790_100041_44	gnl|TC-DB|Q93A34|3.A.1.12.8	37.5	493	298	5	21	511	20	504	8.7e-85	310.8
3300011819.a:Ga0119790_100028_8	gnl|TC-DB|Q9K7V5|9.A.23.1.1	43.4	332	174	2	1	330	14	333	1.5e-69	259.6
3300011819.a:Ga0119790_100028_10	gnl|TC-DB|A2RKA7|3.A.1.2.17	37.3	525	299	13	2	522	3	501	6.4e-83	304.7
3300011819.a:Ga0119790_100028_18	gnl|TC-DB|P54176|1.C.113.1.1	35.3	187	120	1	11	197	14	199	7.3e-25	110.5
3300011819.a:Ga0119790_100028_25	gnl|TC-DB|P31466|2.A.40.7.6	34.2	424	276	3	13	435	15	436	7.8e-66	247.7
3300011819.a:Ga0119790_100028_41	gnl|TC-DB|Q8EHX2|2.A.35.1.5	24.3	370	226	7	68	423	48	377	2.9e-11	66.6
3300011819.a:Ga0119790_100028_42	gnl|TC-DB|Q47905|1.B.32.1.1	61.7	376	131	6	1	369	1	370	5.8e-123	437.2
3300011819.a:Ga0119790_100028_43	gnl|TC-DB|P76460|2.A.73.1.1	47.0	447	226	3	13	458	4	440	3.5e-117	418.3
3300011819.a:Ga0119790_100028_62	gnl|TC-DB|P18156|1.A.8.2.1	58.9	219	88	1	4	222	1	217	1.4e-64	242.7
3300011819.a:Ga0119790_100028_66	gnl|TC-DB|Q8F192|1.A.30.2.9	34.4	195	124	2	7	201	72	262	1.4e-17	86.3
3300011819.a:Ga0119790_100028_79	gnl|TC-DB|Q7NL25|3.A.1.106.11	27.3	550	379	5	13	557	29	562	4.3e-53	205.7
3300011819.a:Ga0119790_100028_80	gnl|TC-DB|Q9WYC4|3.A.1.135.5	29.4	489	332	7	85	565	107	590	9.4e-43	171.4
3300011819.a:Ga0119790_100028_81	gnl|TC-DB|Q3YL97|1.B.20.1.3	26.2	541	350	13	27	534	64	588	5.4e-45	178.7
3300011819.a:Ga0119790_100028_82	gnl|TC-DB|917745143|1.C.75.1.2	36.6	262	142	6	25	264	69	328	2.4e-37	155.2
3300011819.a:Ga0119790_100015_10	gnl|TC-DB|Q45068|2.A.25.1.5	35.8	450	264	8	7	451	8	437	2.4e-78	289.3
3300011819.a:Ga0119790_100015_26	gnl|TC-DB|C0CGS2|2.A.26.1.5	36.3	422	249	7	6	416	9	421	6.8e-59	224.6
3300011819.a:Ga0119790_100015_28	gnl|TC-DB|X5H3P0|3.D.10.1.6	27.8	468	250	13	129	565	12	422	2.6e-29	126.7
3300011819.a:Ga0119790_100015_38	gnl|TC-DB|P0ABG4|2.A.103.1.1	29.6	307	185	8	112	409	114	398	1.5e-26	117.1
3300011819.a:Ga0119790_100015_52	gnl|TC-DB|P39263|2.A.118.1.8	52.4	489	229	3	6	493	15	500	5.4e-140	494.2
3300011819.a:Ga0119790_100015_59	gnl|TC-DB|G4P6M9|9.B.120.1.2	33.3	228	136	3	2	225	3	218	7.5e-28	120.6
3300011819.a:Ga0119790_100015_63	gnl|TC-DB|F9VN10|3.D.10.1.4	33.1	429	257	13	1	406	1	422	1.0e-49	194.1
3300011819.a:Ga0119790_100015_68	gnl|TC-DB|Q9RCA5|2.A.9.3.5	41.1	202	108	3	3	200	42	236	2.7e-37	151.8
3300011819.a:Ga0119790_100015_87	gnl|TC-DB|Q38YQ0|2.A.118.1.7	46.0	511	270	2	1	505	7	517	1.9e-132	469.2
3300011819.a:Ga0119790_100015_88	gnl|TC-DB|Q9FA44|2.A.80.1.1	37.3	490	304	2	7	494	10	498	4.9e-85	311.6
3300011819.a:Ga0119790_100015_90	gnl|TC-DB|D0J060|2.A.80.1.3	39.5	286	169	4	28	309	26	311	3.2e-48	188.7
3300011819.a:Ga0119790_100015_91	gnl|TC-DB|P43672|3.A.1.120.6	30.5	557	352	12	1	542	1	537	9.1e-68	254.6
3300011819.a:Ga0119790_100015_92	gnl|TC-DB|P96661|2.A.7.3.31	34.4	291	189	2	4	292	5	295	1.7e-48	189.5
3300011819.a:Ga0119790_100015_95	gnl|TC-DB|A0L4L0|3.A.1.132.3	38.7	186	113	1	13	198	87	271	5.2e-38	154.5
3300011819.a:Ga0119790_100015_98	gnl|TC-DB|Q8F3M7|3.A.15.4.1	41.8	421	229	3	8	412	135	555	5.2e-88	321.2
3300011819.a:Ga0119790_100015_99	gnl|TC-DB|Q8F3M8|3.A.15.4.1	23.3	300	226	3	5	302	66	363	2.9e-15	79.3
3300011819.a:Ga0119790_100015_107	gnl|TC-DB|P15644|1.B.22.1.1	23.6	292	202	3	231	510	308	590	4.6e-17	85.9
3300011819.a:Ga0119790_100015_112	gnl|TC-DB|Q8PUP5|9.B.143.2.3	29.0	214	147	3	16	227	18	228	2.8e-17	85.5
3300011819.a:Ga0119790_100015_116	gnl|TC-DB|P27611|2.A.35.1.1	36.6	432	270	3	20	449	17	446	2.4e-81	299.3
3300011819.a:Ga0119790_100015_143	gnl|TC-DB|P41796|9.A.28.1.1	55.2	391	137	6	1	353	1	391	1.1e-97	353.2
3300011819.a:Ga0119790_100080_14	gnl|TC-DB|P24559|3.A.15.2.1	36.1	324	193	4	1	311	1	323	4.6e-44	174.9
3300011819.a:Ga0119790_100048_5	gnl|TC-DB|Q8ID54|3.A.25.2.1	26.6	192	132	4	19	202	106	296	2.6e-11	65.5
3300011819.a:Ga0119790_100048_10	gnl|TC-DB|P43439|3.A.2.2.2	30.9	660	424	10	1	637	1	651	5.1e-66	248.8
3300011819.a:Ga0119790_100048_11	gnl|TC-DB|P43457|3.A.2.2.2	60.3	146	58	0	10	155	8	153	7.8e-40	159.8
3300011819.a:Ga0119790_100048_13	gnl|TC-DB|P43456|3.A.2.2.2	25.0	324	232	5	13	332	10	326	2.8e-23	105.9
3300011819.a:Ga0119790_100048_14	gnl|TC-DB|P43455|3.A.2.2.2	52.5	101	48	0	2	102	3	103	1.2e-25	112.1
3300011819.a:Ga0119790_100048_15	gnl|TC-DB|Q08636|3.A.2.2.2	63.7	589	210	3	1	585	1	589	1.4e-219	758.8
3300011819.a:Ga0119790_100048_16	gnl|TC-DB|Q08637|3.A.2.2.2	74.6	456	116	0	1	456	1	456	2.0e-205	711.4
3300011819.a:Ga0119790_100048_17	gnl|TC-DB|P43435|3.A.2.2.2	55.8	199	87	1	3	200	2	200	2.8e-53	204.9
3300011819.a:Ga0119790_100048_23	gnl|TC-DB|P37019|2.A.49.5.1	30.8	422	278	9	18	430	35	451	2.4e-45	179.9
3300011819.a:Ga0119790_100048_24	gnl|TC-DB|Q9KAX3|2.A.66.1.32	36.3	435	269	3	10	441	12	441	1.1e-70	263.8
3300011819.a:Ga0119790_100048_25	gnl|TC-DB|O32081|2.A.38.4.3	38.2	440	268	2	9	448	10	445	1.3e-76	283.5
3300011819.a:Ga0119790_100048_26	gnl|TC-DB|P39760|2.A.38.4.4	42.2	218	122	3	2	218	3	217	1.3e-42	169.5
3300011819.a:Ga0119790_100048_30	gnl|TC-DB|Q6MR29|3.A.5.1.3	51.7	847	380	6	1	845	1	820	9.0e-239	823.2
3300011819.a:Ga0119790_100066_18	gnl|TC-DB|P55072|3.A.16.1.1	29.7	249	166	5	225	467	189	434	3.0e-24	109.8
3300011819.a:Ga0119790_100007_2	gnl|TC-DB|P13794|1.B.6.1.2	43.9	123	66	3	49	169	221	342	4.1e-19	91.3
3300011819.a:Ga0119790_100007_10	gnl|TC-DB|H1XXY9|8.A.7.1.5	23.2	595	342	16	271	838	38	544	3.5e-30	130.2
3300011819.a:Ga0119790_100007_13	gnl|TC-DB|Q8RCC4|3.A.1.3.27	37.4	243	143	3	8	243	19	259	1.1e-37	153.3
3300011819.a:Ga0119790_100007_14	gnl|TC-DB|P54537|3.A.1.3.15	62.9	240	89	0	1	240	1	240	7.8e-84	306.6
3300011819.a:Ga0119790_100007_15	gnl|TC-DB|P54536|3.A.1.3.15	40.1	222	113	3	19	236	14	219	3.6e-33	138.3
3300011819.a:Ga0119790_100007_17	gnl|TC-DB|Q939U6|5.A.1.2.7	28.1	231	149	2	5	218	3	233	4.8e-24	107.8
3300011819.a:Ga0119790_100007_35	gnl|TC-DB|O31711|3.A.1.122.2	53.9	219	101	0	2	220	1	219	2.8e-64	241.5
3300011819.a:Ga0119790_100007_36	gnl|TC-DB|O31712|3.A.1.122.2	29.1	416	268	6	1	408	1	397	3.6e-33	139.0
3300011819.a:Ga0119790_100007_39	gnl|TC-DB|H8BDK1|1.B.14.9.4	27.6	735	457	25	2	698	9	706	1.4e-53	207.6
3300011819.a:Ga0119790_100007_65	gnl|TC-DB|P0AAC4|1.A.14.2.2	35.3	215	135	2	17	228	21	234	1.1e-28	123.2
3300011819.a:Ga0119790_100007_66	gnl|TC-DB|P69451|4.C.1.1.4	27.3	534	293	15	29	510	61	551	1.6e-35	147.9
3300011819.a:Ga0119790_100007_73	gnl|TC-DB|M4VAL8|8.A.21.2.4	29.6	223	144	2	281	499	39	252	9.5e-21	98.2
3300011819.a:Ga0119790_100007_80	gnl|TC-DB|P73329|3.A.1.141.1	39.3	326	191	3	13	338	1	319	4.7e-63	238.0
3300011819.a:Ga0119790_100007_83	gnl|TC-DB|Q9CF78|2.A.40.1.2	43.2	405	220	2	12	406	22	426	5.0e-83	304.7
3300011819.a:Ga0119790_100007_102	gnl|TC-DB|H8BDK1|1.B.14.9.4	26.4	728	445	23	2	664	5	706	1.3e-45	181.0
3300011819.a:Ga0119790_100007_103	gnl|TC-DB|Q7VJ34|3.A.1.5.40	34.4	270	176	1	36	304	2	271	4.0e-37	151.8
3300011819.a:Ga0119790_100007_104	gnl|TC-DB|P0AFA9|3.A.1.5.3	30.7	257	178	0	10	266	11	267	9.6e-35	143.7
3300011819.a:Ga0119790_100007_105	gnl|TC-DB|Q9CIK9|3.A.1.5.25	36.8	234	141	3	2	228	5	238	8.2e-36	147.1
3300011819.a:Ga0119790_100007_106	gnl|TC-DB|P33594|3.A.1.5.3	31.2	224	149	1	4	222	3	226	2.0e-33	139.0
3300011819.a:Ga0119790_100007_107	gnl|TC-DB|P33590|3.A.1.5.3	31.0	452	302	7	65	512	56	501	5.0e-59	225.3
3300011819.a:Ga0119790_100007_109	gnl|TC-DB|Q9KAX3|2.A.66.1.32	32.9	426	283	3	16	439	15	439	1.1e-46	184.1
3300011819.a:Ga0119790_100007_120	gnl|TC-DB|P69783|4.A.1.1.1	39.6	169	92	4	1	161	1	167	5.0e-34	140.6
3300011819.a:Ga0119790_100007_123	gnl|TC-DB|P23894|9.B.1.1.6	29.8	292	184	6	19	300	6	286	2.6e-28	122.5
3300011819.a:Ga0119790_100007_138	gnl|TC-DB|Q9KAX3|2.A.66.1.32	34.0	447	287	3	3	448	2	441	3.6e-66	248.8
3300011819.a:Ga0119790_100007_175	gnl|TC-DB|Q8PVB2|9.B.125.2.2	33.4	326	176	7	11	317	15	318	1.1e-35	147.1
3300011819.a:Ga0119790_100007_179	gnl|TC-DB|P54571|2.A.35.1.2	27.9	351	235	6	56	391	66	413	8.5e-28	121.3
3300011819.a:Ga0119790_100007_192	gnl|TC-DB|P0AFZ7|2.A.38.1.1	36.8	489	295	10	1	481	1	483	4.0e-71	265.4
3300011819.a:Ga0119790_100007_195	gnl|TC-DB|P33950|3.A.1.5.27	29.8	520	319	11	20	499	31	544	2.0e-62	236.5
3300011819.a:Ga0119790_100007_200	gnl|TC-DB|F2NY23|1.B.9.2.4	22.1	493	312	13	1	482	1	432	3.4e-22	102.8
3300011819.a:Ga0119790_100007_215	gnl|TC-DB|A9BJX0|3.A.3.2.21	39.9	879	501	7	4	857	3	879	7.6e-174	607.4
3300011819.a:Ga0119790_100007_218	gnl|TC-DB|P31466|2.A.40.7.6	42.3	428	245	2	3	429	14	440	5.8e-90	327.8
3300011819.a:Ga0119790_100007_220	gnl|TC-DB|P0ABG7|2.A.103.1.2	38.2	343	209	2	21	363	24	363	2.5e-57	219.2
3300011819.a:Ga0119790_100037_3	gnl|TC-DB|Q01465|9.B.157.1.1	52.1	328	154	2	10	335	7	333	5.6e-96	347.4
3300011819.a:Ga0119790_100037_17	gnl|TC-DB|C4N8U5|3.D.6.1.2	44.4	99	55	0	1	99	2	100	2.9e-17	86.3
3300011819.a:Ga0119790_100037_18	gnl|TC-DB|C4N8U4|3.D.6.1.2	65.6	192	63	1	6	194	3	194	5.0e-65	243.8
3300011819.a:Ga0119790_100037_19	gnl|TC-DB|C4N8U3|3.D.6.1.2	59.3	189	77	0	7	195	7	195	4.8e-58	220.7
3300011819.a:Ga0119790_100037_20	gnl|TC-DB|C4N8U2|3.D.6.1.2	31.1	190	103	6	9	173	18	204	3.3e-15	78.2
3300011819.a:Ga0119790_100037_21	gnl|TC-DB|C4N8U1|3.D.6.1.2	42.3	310	166	4	5	307	6	309	2.6e-63	238.8
3300011819.a:Ga0119790_100037_22	gnl|TC-DB|C4N8U0|3.D.6.1.2	44.3	379	208	3	6	381	8	386	9.6e-93	337.0
3300011819.a:Ga0119790_100037_42	gnl|TC-DB|P0A607|2.A.45.2.2	32.5	425	280	3	4	424	3	424	3.6e-60	228.8
3300011819.a:Ga0119790_100037_43	gnl|TC-DB|P0A607|2.A.45.2.2	32.2	425	285	2	1	423	1	424	2.0e-63	239.6
3300011819.a:Ga0119790_100037_56	gnl|TC-DB|Q9WZS2|2.A.66.1.28	28.8	417	288	7	6	419	17	427	8.1e-42	167.9
3300011819.a:Ga0119790_100037_57	gnl|TC-DB|Q9FI56|3.A.9.1.2	42.2	877	401	9	6	849	97	900	7.0e-188	654.1
3300011819.a:Ga0119790_100037_60	gnl|TC-DB|Q8RHM5|2.A.22.5.2	39.0	441	253	6	10	444	8	438	4.6e-82	301.6
