CbiA	128	3300029373.a:Ga0243914_100002_100	306	2.6e-05	8	100	109	271	0.71875
HD	122	3300029373.a:Ga0243914_100002_104	196	1.4e-15	1	120	23	136	0.9754098360655737
HTH_3	55	3300029373.a:Ga0243914_100002_11	188	3.6e-19	1	55	6	60	0.9818181818181818
Response_reg	112	3300029373.a:Ga0243914_100002_115	260	4.9e-14	12	111	18	118	0.8839285714285714
Spo0A_C	104	3300029373.a:Ga0243914_100002_115	260	1.1e-48	1	104	148	251	0.9903846153846154
Sigma70_r2	71	3300029373.a:Ga0243914_100002_12	161	1.6e-13	1	69	12	78	0.9577464788732394
Sigma70_r4_2	54	3300029373.a:Ga0243914_100002_12	161	1.6e-13	3	54	101	152	0.9444444444444444
LacI	46	3300029373.a:Ga0243914_100002_127	331	2.5e-17	1	46	4	49	0.9782608695652174
Peripla_BP_3	164	3300029373.a:Ga0243914_100002_127	331	4.2e-21	5	163	172	329	0.9634146341463414
SBP_bac_1	315	3300029373.a:Ga0243914_100002_130	490	1.6e-33	7	314	88	400	0.9746031746031746
Sigma70_r4_2	54	3300029373.a:Ga0243914_100002_153	147	1.8e-10	2	54	83	135	0.9629629629629629
MarR	59	3300029373.a:Ga0243914_100002_156	150	3.7e-06	26	58	57	89	0.5423728813559322
SBP_bac_3	225	3300029373.a:Ga0243914_100002_158	936	1.4e-18	1	212	41	249	0.9377777777777778
SBP_bac_3	225	3300029373.a:Ga0243914_100002_158	936	1e-14	1	213	286	487	0.9422222222222222
HisKA	64	3300029373.a:Ga0243914_100002_158	936	9.7e-18	1	64	558	624	0.984375
HATPase_c	111	3300029373.a:Ga0243914_100002_158	936	1.2e-27	1	108	670	783	0.963963963963964
Response_reg	112	3300029373.a:Ga0243914_100002_158	936	5.8e-26	1	111	809	925	0.9821428571428571
HTH_18	81	3300029373.a:Ga0243914_100002_168	333	3.1e-20	5	80	252	326	0.9259259259259259
Fe_dep_repress	60	3300029373.a:Ga0243914_100002_174	124	5.4e-13	2	55	3	56	0.8833333333333333
Fe_dep_repr_C	70	3300029373.a:Ga0243914_100002_174	124	1.3e-12	1	56	64	118	0.7857142857142857
Sigma70_r4_2	54	3300029373.a:Ga0243914_100002_175	143	3.2e-08	6	54	90	137	0.8888888888888888
Sigma70_r4_2	54	3300029373.a:Ga0243914_100002_176	158	3.8e-09	4	53	97	146	0.9074074074074074
SBP_bac_1	315	3300029373.a:Ga0243914_100002_180	321	1.1e-07	106	313	29	222	0.6571428571428571
HD	122	3300029373.a:Ga0243914_100002_186	189	9.5e-06	3	117	51	150	0.9344262295081968
TetR_N	47	3300029373.a:Ga0243914_100002_187	206	4.1e-08	4	40	29	65	0.7659574468085106
Fer4	24	3300029373.a:Ga0243914_100002_19	66	1.9e-08	2	19	4	21	0.7083333333333334
TetR_N	47	3300029373.a:Ga0243914_100002_192	189	7.3e-09	2	46	10	54	0.9361702127659575
GGDEF	161	3300029373.a:Ga0243914_100002_193	1282	3.2e-32	3	160	559	710	0.9751552795031055
HisKA	64	3300029373.a:Ga0243914_100002_193	1282	5.7e-16	1	64	904	970	0.984375
HATPase_c	111	3300029373.a:Ga0243914_100002_193	1282	2e-27	2	109	1018	1132	0.963963963963964
Response_reg	112	3300029373.a:Ga0243914_100002_193	1282	2.4e-27	2	111	1162	1277	0.9732142857142857
MerR	38	3300029373.a:Ga0243914_100002_199	248	9.8e-18	1	38	3	40	0.9736842105263158
SBP_bac_1	315	3300029373.a:Ga0243914_100002_205	464	2.7e-41	23	314	86	374	0.9238095238095239
HTH_1	60	3300029373.a:Ga0243914_100002_207	307	1.5e-19	3	60	5	62	0.95
LysR_substrate	209	3300029373.a:Ga0243914_100002_207	307	3e-32	8	207	92	291	0.9521531100478469
Pribosyltran	159	3300029373.a:Ga0243914_100002_212	196	1.3e-17	7	132	42	155	0.7861635220125787
NTP_transf_2	95	3300029373.a:Ga0243914_100002_214	239	3.1e-09	4	70	12	88	0.6947368421052632
CbiA	128	3300029373.a:Ga0243914_100002_220	224	1.1e-09	6	99	12	142	0.7265625
Fer4	24	3300029373.a:Ga0243914_100002_221	69	1.9e-07	1	24	4	27	0.9583333333333334
Fer4	24	3300029373.a:Ga0243914_100002_221	69	9e-10	3	24	44	65	0.875
HD	122	3300029373.a:Ga0243914_100002_232	731	8.2e-13	3	122	58	155	0.9754098360655737
ACT	67	3300029373.a:Ga0243914_100002_232	731	5.7e-05	2	64	658	720	0.9253731343283582
AAA	132	3300029373.a:Ga0243914_100002_236	320	1.5e-05	1	43	58	100	0.3181818181818182
NUDIX	131	3300029373.a:Ga0243914_100002_24	178	7.4e-20	2	116	29	143	0.8702290076335878
AAA	132	3300029373.a:Ga0243914_100002_242	460	1.9e-08	1	112	95	221	0.8409090909090909
MarR	59	3300029373.a:Ga0243914_100002_246	395	3.7e-05	18	47	32	61	0.4915254237288136
AraC_binding	136	3300029373.a:Ga0243914_100002_25	111	9e-06	19	62	51	94	0.3161764705882353
TrkA_C	70	3300029373.a:Ga0243914_100002_26	481	5e-14	2	58	411	466	0.8
HTH_3	55	3300029373.a:Ga0243914_100002_261	160	1.2e-18	4	55	15	66	0.9272727272727272
HATPase_c	111	3300029373.a:Ga0243914_100002_266	330	3.7e-20	1	109	218	323	0.972972972972973
Response_reg	112	3300029373.a:Ga0243914_100002_267	214	8.9e-21	12	112	5	103	0.8928571428571429
Trans_reg_C	77	3300029373.a:Ga0243914_100002_267	214	5.2e-26	2	76	138	211	0.961038961038961
SBP_bac_1	315	3300029373.a:Ga0243914_100002_278	455	7.4e-16	17	307	65	356	0.9206349206349206
LacI	46	3300029373.a:Ga0243914_100002_279	351	1.1e-19	1	44	3	46	0.9347826086956522
Peripla_BP_3	164	3300029373.a:Ga0243914_100002_279	351	1.7e-29	2	164	176	337	0.9878048780487805
Arg_repressor	70	3300029373.a:Ga0243914_100002_286	151	1.2e-25	3	66	2	65	0.9
Peripla_BP_2	238	3300029373.a:Ga0243914_100002_3	440	4.7e-20	1	237	63	285	0.9915966386554622
T2SSE	273	3300029373.a:Ga0243914_100002_302	337	5.6e-09	102	247	133	283	0.5311355311355311
HTH_6	77	3300029373.a:Ga0243914_100002_310	292	4.5e-15	2	74	3	75	0.935064935064935
SIS	131	3300029373.a:Ga0243914_100002_310	292	3.9e-22	2	131	128	255	0.9847328244274809
TPR_2	34	3300029373.a:Ga0243914_100002_312	216	3e-05	2	34	125	157	0.9411764705882353
Fer4	24	3300029373.a:Ga0243914_100002_316	369	1.4e-05	1	24	190	213	0.9583333333333334
Fer4	24	3300029373.a:Ga0243914_100002_316	369	1e-05	2	24	220	242	0.9166666666666666
SBP_bac_1	315	3300029373.a:Ga0243914_100002_321	450	2.7e-37	4	312	63	357	0.9777777777777777
LacI	46	3300029373.a:Ga0243914_100002_322	333	7e-16	1	46	4	49	0.9782608695652174
Peripla_BP_3	164	3300029373.a:Ga0243914_100002_322	333	3.5e-38	1	164	169	328	0.9939024390243902
MarR	59	3300029373.a:Ga0243914_100002_324	153	4.3e-06	1	58	32	90	0.9661016949152542
Mga	87	3300029373.a:Ga0243914_100002_333	63	7e-06	27	62	2	37	0.40229885057471265
HTH_3	55	3300029373.a:Ga0243914_100002_334	178	1.4e-07	5	53	11	63	0.8727272727272727
SIS	131	3300029373.a:Ga0243914_100002_336	609	1e-35	2	130	289	416	0.9770992366412213
SIS	131	3300029373.a:Ga0243914_100002_336	609	2.8e-27	3	128	462	588	0.9541984732824428
Pribosyltran	159	3300029373.a:Ga0243914_100002_339	491	1.9e-08	17	120	291	398	0.6477987421383647
Pribosyltran	159	3300029373.a:Ga0243914_100002_34	473	7.1e-09	26	120	282	383	0.5911949685534591
Peptidase_M23	96	3300029373.a:Ga0243914_100002_350	329	7.2e-20	2	88	160	260	0.8958333333333334
AAA	132	3300029373.a:Ga0243914_100002_352	425	1.9e-13	1	123	42	145	0.9242424242424242
Aminotran_1_2	363	3300029373.a:Ga0243914_100002_353	417	4e-11	49	359	82	379	0.8539944903581267
HhH-GPD	108	3300029373.a:Ga0243914_100002_354	215	4.5e-19	2	103	36	165	0.9351851851851852
AAA	132	3300029373.a:Ga0243914_100002_355	771	1.8e-14	2	111	181	293	0.8257575757575758
AAA	132	3300029373.a:Ga0243914_100002_355	771	3.5e-12	2	119	512	639	0.8863636363636364
AAA	132	3300029373.a:Ga0243914_100002_364	351	4.7e-22	1	131	62	186	0.9848484848484849
Fer4	24	3300029373.a:Ga0243914_100002_369	240	6.4e-09	1	23	6	28	0.9166666666666666
Fer4	24	3300029373.a:Ga0243914_100002_369	240	2.5e-06	5	24	40	59	0.7916666666666666
cNMP_binding	88	3300029373.a:Ga0243914_100002_370	227	8.6e-12	1	82	31	113	0.9204545454545454
Aminotran_1_2	363	3300029373.a:Ga0243914_100002_376	363	8.3e-45	6	360	26	345	0.9752066115702479
Pyr_redox_2	292	3300029373.a:Ga0243914_100002_398	283	4.3e-26	3	292	4	266	0.9897260273972602
AAA	132	3300029373.a:Ga0243914_100002_4	435	2.4e-07	2	117	238	338	0.8712121212121212
HisKA	64	3300029373.a:Ga0243914_100002_417	683	4.2e-18	2	64	462	527	0.96875
HATPase_c	111	3300029373.a:Ga0243914_100002_417	683	5.2e-11	1	96	573	668	0.8558558558558559
Response_reg	112	3300029373.a:Ga0243914_100002_418	235	1.9e-29	1	112	5	114	0.9910714285714286
Trans_reg_C	77	3300029373.a:Ga0243914_100002_418	235	1.3e-25	1	77	153	229	0.987012987012987
HTH_3	55	3300029373.a:Ga0243914_100002_426	237	1.9e-12	4	55	12	63	0.9272727272727272
Pkinase	264	3300029373.a:Ga0243914_100002_427	564	3.2e-15	53	206	119	274	0.5795454545454546
HTH_DeoR	57	3300029373.a:Ga0243914_100002_435	257	1.2e-19	1	57	6	62	0.9824561403508771
DeoRC	160	3300029373.a:Ga0243914_100002_435	257	3e-46	2	160	75	233	0.9875
SBP_bac_3	225	3300029373.a:Ga0243914_100002_441	257	3e-57	1	218	32	243	0.9644444444444444
HTH_DeoR	57	3300029373.a:Ga0243914_100002_452	263	4.2e-21	1	56	14	69	0.9649122807017544
DeoRC	160	3300029373.a:Ga0243914_100002_452	263	2.2e-56	2	160	83	241	0.9875
SBP_bac_1	315	3300029373.a:Ga0243914_100002_461	462	4.5e-25	22	302	91	355	0.8888888888888888
HMA	62	3300029373.a:Ga0243914_100002_468	73	1.7e-11	2	46	5	54	0.7096774193548387
HTH_5	47	3300029373.a:Ga0243914_100002_469	119	2.5e-20	1	47	43	89	0.9787234042553191
MerR	38	3300029373.a:Ga0243914_100002_47	280	6.7e-08	1	29	2	29	0.7368421052631579
Fer4	24	3300029373.a:Ga0243914_100002_472	377	1.1e-05	5	20	345	360	0.625
Response_reg	112	3300029373.a:Ga0243914_100002_477	511	4.4e-16	1	107	15	121	0.9464285714285714
HD	122	3300029373.a:Ga0243914_100002_477	511	1e-22	3	122	327	447	0.9754098360655737
HisKA	64	3300029373.a:Ga0243914_100002_478	627	9.1e-06	1	36	375	424	0.546875
HATPase_c	111	3300029373.a:Ga0243914_100002_478	627	7.4e-19	1	109	503	611	0.972972972972973
HTH_DeoR	57	3300029373.a:Ga0243914_100002_485	256	3.1e-18	1	55	6	60	0.9473684210526315
DeoRC	160	3300029373.a:Ga0243914_100002_485	256	1.3e-47	4	159	76	231	0.96875
Pribosyltran	159	3300029373.a:Ga0243914_100002_5	213	3.6e-05	16	125	48	161	0.6855345911949685
Sigma70_r2	71	3300029373.a:Ga0243914_100002_50	241	9.9e-19	1	69	63	131	0.9577464788732394
Sigma70_r4	50	3300029373.a:Ga0243914_100002_50	241	1.4e-16	2	50	182	234	0.96
Response_reg	112	3300029373.a:Ga0243914_100002_500	522	2.5e-27	1	111	9	121	0.9821428571428571
HTH_18	81	3300029373.a:Ga0243914_100002_500	522	5.4e-19	1	80	440	517	0.9753086419753086
dCache_1	249	3300029373.a:Ga0243914_100002_501	582	9.1e-07	5	173	40	203	0.6746987951807228
HATPase_c	111	3300029373.a:Ga0243914_100002_501	582	6.5e-08	9	108	474	577	0.8918918918918919
Fer4	24	3300029373.a:Ga0243914_100002_503	285	1.7e-06	2	22	57	77	0.8333333333333334
SBP_bac_1	315	3300029373.a:Ga0243914_100002_508	461	1e-24	17	311	80	358	0.9333333333333333
Pribosyltran	159	3300029373.a:Ga0243914_100002_511	384	1.5e-13	15	124	196	302	0.6855345911949685
SBP_bac_3	225	3300029373.a:Ga0243914_100002_512	294	1.6e-64	1	225	57	287	0.9955555555555555
HTH_IclR	52	3300029373.a:Ga0243914_100002_523	269	4.1e-11	1	49	12	60	0.9230769230769231
IclR	129	3300029373.a:Ga0243914_100002_523	269	5.2e-26	11	128	137	254	0.9069767441860465
Response_reg	112	3300029373.a:Ga0243914_100002_527	693	1.3e-26	1	111	12	124	0.9821428571428571
HD	122	3300029373.a:Ga0243914_100002_527	693	2.1e-17	21	121	201	311	0.819672131147541
GGDEF	161	3300029373.a:Ga0243914_100002_527	693	4.9e-39	1	161	527	682	0.9937888198757764
Sigma70_r2	71	3300029373.a:Ga0243914_100002_54	261	1.9e-18	1	70	46	115	0.971830985915493
Sigma70_r3	78	3300029373.a:Ga0243914_100002_54	261	1.6e-12	4	61	127	184	0.7307692307692307
Sigma70_r4	50	3300029373.a:Ga0243914_100002_54	261	6.8e-14	1	49	209	257	0.96
Pribosyltran	159	3300029373.a:Ga0243914_100002_64	211	4.6e-09	75	131	116	169	0.3522012578616352
HMA	62	3300029373.a:Ga0243914_100002_7	868	3.9e-18	2	61	5	64	0.9516129032258065
HMA	62	3300029373.a:Ga0243914_100002_7	868	1.9e-14	3	62	805	862	0.9516129032258065
HTH_3	55	3300029373.a:Ga0243914_100002_8	141	3.1e-16	1	54	8	61	0.9636363636363636
ACT	67	3300029373.a:Ga0243914_100002_81	90	9e-11	2	65	4	67	0.9402985074626866
AsnC_trans_reg	75	3300029373.a:Ga0243914_100002_83	161	4.7e-17	1	74	64	137	0.9733333333333334
Aminotran_1_2	363	3300029373.a:Ga0243914_100002_84	399	6.4e-74	2	361	34	382	0.9889807162534435
Fer4	24	3300029373.a:Ga0243914_100004_103	57	1.8e-09	2	24	3	25	0.9166666666666666
Fer4	24	3300029373.a:Ga0243914_100004_103	57	2.9e-11	1	23	31	53	0.9166666666666666
LacI	46	3300029373.a:Ga0243914_100004_113	339	8.2e-21	1	46	3	48	0.9782608695652174
Peripla_BP_3	164	3300029373.a:Ga0243914_100004_113	339	4.2e-34	2	164	168	327	0.9878048780487805
HTH_IclR	52	3300029373.a:Ga0243914_100004_117	287	1.5e-16	1	51	36	86	0.9615384615384616
IclR	129	3300029373.a:Ga0243914_100004_117	287	1.2e-32	5	122	157	274	0.9069767441860465
HTH_3	55	3300029373.a:Ga0243914_100004_126	176	9.5e-10	1	55	9	64	0.9818181818181818
Fer4	24	3300029373.a:Ga0243914_100004_13	280	5.4e-06	6	23	207	224	0.7083333333333334
HTH_3	55	3300029373.a:Ga0243914_100004_140	76	9e-12	1	47	7	53	0.8363636363636363
Response_reg	112	3300029373.a:Ga0243914_100004_157	236	6.5e-28	1	112	5	117	0.9910714285714286
Trans_reg_C	77	3300029373.a:Ga0243914_100004_157	236	4.9e-32	1	77	152	228	0.987012987012987
HisKA	64	3300029373.a:Ga0243914_100004_158	582	2.3e-20	2	63	358	422	0.953125
HATPase_c	111	3300029373.a:Ga0243914_100004_158	582	6.5e-30	3	109	470	578	0.954954954954955
MarR	59	3300029373.a:Ga0243914_100004_159	165	2.1e-09	8	58	38	88	0.847457627118644
ACT	67	3300029373.a:Ga0243914_100004_164	390	2.9e-06	12	50	329	363	0.5671641791044776
HATPase_c	111	3300029373.a:Ga0243914_100004_167	142	1.2e-09	16	107	52	137	0.8198198198198198
Fer4	24	3300029373.a:Ga0243914_100004_168	439	2.8e-08	2	24	9	31	0.9166666666666666
Fer4	24	3300029373.a:Ga0243914_100004_168	439	1.1e-08	2	22	38	58	0.8333333333333334
FeS	33	3300029373.a:Ga0243914_100004_168	439	1.1e-14	1	33	374	406	0.9696969696969697
HATPase_c	111	3300029373.a:Ga0243914_100004_172	191	8.8e-17	12	109	3	104	0.8738738738738738
Fer4	24	3300029373.a:Ga0243914_100004_174	597	1.9e-08	2	24	542	564	0.9166666666666666
Fer4	24	3300029373.a:Ga0243914_100004_174	597	4.3e-08	2	23	572	593	0.875
Fer4	24	3300029373.a:Ga0243914_100004_175	581	5.3e-05	2	18	143	159	0.6666666666666666
Fer4	24	3300029373.a:Ga0243914_100004_175	581	1.2e-05	8	24	191	207	0.6666666666666666
HTH_11	55	3300029373.a:Ga0243914_100004_192	322	9.7e-19	2	54	2	54	0.9454545454545454
BTAD	146	3300029373.a:Ga0243914_100004_2	395	2.2e-16	2	146	113	254	0.9863013698630136
HD	122	3300029373.a:Ga0243914_100004_204	333	1.4e-21	1	121	75	185	0.9836065573770492
Sigma70_r2	71	3300029373.a:Ga0243914_100004_206	366	8e-25	3	70	134	201	0.9436619718309859
Sigma70_r3	78	3300029373.a:Ga0243914_100004_206	366	7.3e-31	1	77	211	287	0.9743589743589743
Sigma70_r4	50	3300029373.a:Ga0243914_100004_206	366	6.2e-22	1	50	300	353	0.98
Rrf2	83	3300029373.a:Ga0243914_100004_207	135	1.5e-22	1	83	1	81	0.9879518072289156
HD	122	3300029373.a:Ga0243914_100004_228	518	1.3e-20	1	121	333	425	0.9836065573770492
AraC_binding	136	3300029373.a:Ga0243914_100004_235	307	2.5e-07	12	84	52	126	0.5294117647058824
HTH_18	81	3300029373.a:Ga0243914_100004_235	307	1.8e-18	1	81	224	302	0.9876543209876543
SBP_bac_1	315	3300029373.a:Ga0243914_100004_237	469	7.6e-27	8	313	76	368	0.9682539682539683
Response_reg	112	3300029373.a:Ga0243914_100004_24	230	2.8e-33	1	112	6	115	0.9910714285714286
Trans_reg_C	77	3300029373.a:Ga0243914_100004_24	230	2.2e-27	3	77	152	225	0.961038961038961
HTH_DeoR	57	3300029373.a:Ga0243914_100004_242	253	1.5e-17	1	55	9	63	0.9473684210526315
DeoRC	160	3300029373.a:Ga0243914_100004_242	253	7.5e-49	2	160	77	233	0.9875
Fer4	24	3300029373.a:Ga0243914_100004_247	283	1.4e-05	3	22	59	78	0.7916666666666666
SBP_bac_1	315	3300029373.a:Ga0243914_100004_249	439	3.6e-31	16	314	71	354	0.946031746031746
HisKA	64	3300029373.a:Ga0243914_100004_25	475	2.7e-19	2	64	242	307	0.96875
HATPase_c	111	3300029373.a:Ga0243914_100004_25	475	1.1e-26	1	109	353	463	0.972972972972973
SBP_bac_1	315	3300029373.a:Ga0243914_100004_256	451	3.2e-34	10	315	69	358	0.9682539682539683
LacI	46	3300029373.a:Ga0243914_100004_260	346	1.1e-10	2	46	6	50	0.9565217391304348
Peripla_BP_3	164	3300029373.a:Ga0243914_100004_260	346	1.3e-39	1	164	173	334	0.9939024390243902
dCache_1	249	3300029373.a:Ga0243914_100004_262	588	4.7e-12	5	188	51	232	0.7349397590361446
HATPase_c	111	3300029373.a:Ga0243914_100004_262	588	3.3e-12	6	109	478	579	0.9279279279279279
Response_reg	112	3300029373.a:Ga0243914_100004_263	479	6.5e-27	1	111	4	116	0.9821428571428571
Fer4	24	3300029373.a:Ga0243914_100004_278	393	2.9e-06	2	20	40	58	0.75
SBP_bac_1	315	3300029373.a:Ga0243914_100004_290	444	3.6e-39	11	313	72	358	0.9587301587301588
AraC_binding	136	3300029373.a:Ga0243914_100004_291	281	1.8e-12	11	130	21	148	0.875
HTH_18	81	3300029373.a:Ga0243914_100004_291	281	2.3e-24	2	80	199	276	0.9629629629629629
SBP_bac_1	315	3300029373.a:Ga0243914_100004_292	447	1.2e-22	15	314	71	358	0.9492063492063492
Response_reg	112	3300029373.a:Ga0243914_100004_299	533	4.6e-21	1	101	5	109	0.8928571428571429
HTH_18	81	3300029373.a:Ga0243914_100004_299	533	5.4e-18	2	81	445	523	0.9753086419753086
dCache_1	249	3300029373.a:Ga0243914_100004_300	597	5.6e-11	7	234	43	280	0.9116465863453815
HATPase_c	111	3300029373.a:Ga0243914_100004_300	597	3e-08	10	110	484	583	0.9009009009009009
SIS	131	3300029373.a:Ga0243914_100004_313	187	2.2e-08	2	107	34	133	0.8015267175572519
PfkB	302	3300029373.a:Ga0243914_100004_317	319	4.7e-61	2	301	4	299	0.9900662251655629
Pyr_redox_2	292	3300029373.a:Ga0243914_100004_322	310	1e-42	2	291	6	289	0.9897260273972602
PfkB	302	3300029373.a:Ga0243914_100004_325	334	1.9e-34	3	298	4	318	0.9768211920529801
Sigma70_r2	71	3300029373.a:Ga0243914_100004_326	162	1.8e-13	3	69	17	81	0.9295774647887324
Sigma70_r4_2	54	3300029373.a:Ga0243914_100004_326	162	2.7e-14	4	53	102	151	0.9074074074074074
AraC_binding	136	3300029373.a:Ga0243914_100004_330	291	6.4e-13	17	135	26	156	0.8676470588235294
HTH_18	81	3300029373.a:Ga0243914_100004_330	291	1.4e-23	1	79	199	275	0.9629629629629629
Fer4	24	3300029373.a:Ga0243914_100004_339	385	1.3e-05	6	20	348	362	0.5833333333333334
MarR	59	3300029373.a:Ga0243914_100004_340	160	3.7e-13	19	59	55	95	0.6779661016949152
AAA	132	3300029373.a:Ga0243914_100004_342	614	2.3e-06	2	99	403	562	0.7348484848484849
HTH_6	77	3300029373.a:Ga0243914_100004_348	291	2.2e-23	1	74	12	85	0.948051948051948
SIS	131	3300029373.a:Ga0243914_100004_348	291	5.5e-19	5	131	139	265	0.9618320610687023
PfkB	302	3300029373.a:Ga0243914_100004_349	311	1.7e-37	3	295	2	292	0.9668874172185431
SBP_bac_1	315	3300029373.a:Ga0243914_100004_352	440	7.8e-41	14	315	78	356	0.9555555555555556
SIS	131	3300029373.a:Ga0243914_100004_355	349	6.7e-13	8	129	43	164	0.9236641221374046
SIS	131	3300029373.a:Ga0243914_100004_355	349	7e-10	8	128	207	328	0.916030534351145
MarR	59	3300029373.a:Ga0243914_100004_358	145	1.1e-17	7	58	35	86	0.864406779661017
PALP	294	3300029373.a:Ga0243914_100004_366	460	1.7e-45	5	294	80	417	0.9829931972789115
Glyoxalase	128	3300029373.a:Ga0243914_100004_46	156	3.6e-08	6	128	7	118	0.953125
HxlR	91	3300029373.a:Ga0243914_100004_49	112	5.4e-37	1	87	21	107	0.945054945054945
Fer4	24	3300029373.a:Ga0243914_100004_51	207	9.1e-06	5	23	156	174	0.75
Fer4	24	3300029373.a:Ga0243914_100004_51	207	4.5e-07	2	24	182	204	0.9166666666666666
Pyr_redox_2	292	3300029373.a:Ga0243914_100004_56	491	9.5e-08	1	107	7	191	0.363013698630137
LacI	46	3300029373.a:Ga0243914_100004_6	342	3e-18	1	46	4	49	0.9782608695652174
Peripla_BP_1	279	3300029373.a:Ga0243914_100004_6	342	7.2e-16	3	203	63	271	0.7168458781362007
Fer4	24	3300029373.a:Ga0243914_100004_60	581	1.9e-05	3	16	525	538	0.5416666666666666
Fer4	24	3300029373.a:Ga0243914_100004_60	581	3e-07	2	23	552	573	0.875
ACT	67	3300029373.a:Ga0243914_100004_63	144	3e-09	3	61	6	61	0.8656716417910447
ACT	67	3300029373.a:Ga0243914_100004_63	144	2e-08	2	53	71	122	0.7611940298507462
PadR	75	3300029373.a:Ga0243914_100004_67	114	2.7e-22	1	74	18	92	0.9733333333333334
FHA	69	3300029373.a:Ga0243914_100004_71	557	7.6e-18	2	69	65	128	0.9710144927536232
HTH_3	55	3300029373.a:Ga0243914_100004_75	97	1.8e-18	1	55	9	63	0.9818181818181818
EPSP_synthase	417	3300029373.a:Ga0243914_100004_88	427	1.3e-95	4	416	9	415	0.988009592326139
SKI	158	3300029373.a:Ga0243914_100004_92	182	4.5e-51	1	157	18	173	0.9873417721518988
CbiA	128	3300029373.a:Ga0243914_100006_108	249	3.6e-22	2	128	6	217	0.984375
SBP_bac_1	315	3300029373.a:Ga0243914_100006_11	452	1.2e-24	7	314	66	365	0.9746031746031746
HTH_psq	45	3300029373.a:Ga0243914_100006_114	89	5.2e-07	10	35	14	39	0.5555555555555556
GGDEF	161	3300029373.a:Ga0243914_100006_116	996	6.3e-36	2	159	570	725	0.9751552795031055
EAL	238	3300029373.a:Ga0243914_100006_116	996	3.8e-49	2	237	747	974	0.9873949579831933
Peptidase_M23	96	3300029373.a:Ga0243914_100006_117	262	1.9e-20	2	96	155	252	0.9791666666666666
LexA_DNA_bind	65	3300029373.a:Ga0243914_100006_118	197	1.7e-19	1	65	1	64	0.9846153846153847
FeoA	74	3300029373.a:Ga0243914_100006_121	78	3.7e-20	1	73	1	72	0.972972972972973
Pribosyltran	159	3300029373.a:Ga0243914_100006_132	320	3.4e-19	27	124	166	256	0.610062893081761
Aminotran_1_2	363	3300029373.a:Ga0243914_100006_141	418	6.1e-37	2	361	50	407	0.9889807162534435
AAA	132	3300029373.a:Ga0243914_100006_142	875	1e-14	2	111	207	320	0.8257575757575758
AAA	132	3300029373.a:Ga0243914_100006_142	875	4.2e-12	2	111	609	727	0.8257575757575758
CbiA	128	3300029373.a:Ga0243914_100006_147	283	7.1e-25	1	127	14	244	0.984375
HTH_3	55	3300029373.a:Ga0243914_100006_161	466	2e-14	3	53	16	66	0.9090909090909091
TetR_N	47	3300029373.a:Ga0243914_100006_180	209	6.2e-16	1	47	12	58	0.9787234042553191
Fe_dep_repress	60	3300029373.a:Ga0243914_100006_186	111	6.1e-16	2	49	3	50	0.7833333333333333
Fe_dep_repr_C	70	3300029373.a:Ga0243914_100006_186	111	6.3e-12	1	47	64	109	0.6571428571428571
Trans_reg_C	77	3300029373.a:Ga0243914_100006_187	174	5.4e-21	2	77	92	169	0.974025974025974
Sigma70_r4	50	3300029373.a:Ga0243914_100006_188	150	1.5e-12	1	50	97	146	0.98
HTH_8	42	3300029373.a:Ga0243914_100006_190	74	3.1e-05	21	36	7	22	0.35714285714285715
HTH_3	55	3300029373.a:Ga0243914_100006_20	115	1.5e-16	2	52	15	65	0.9090909090909091
Response_reg	112	3300029373.a:Ga0243914_100006_200	224	1.2e-30	2	111	5	112	0.9732142857142857
Trans_reg_C	77	3300029373.a:Ga0243914_100006_200	224	3.7e-25	1	77	147	220	0.987012987012987
HisKA	64	3300029373.a:Ga0243914_100006_201	515	6.6e-20	2	64	283	346	0.96875
HATPase_c	111	3300029373.a:Ga0243914_100006_201	515	1.6e-22	2	110	392	502	0.972972972972973
PfkB	302	3300029373.a:Ga0243914_100006_204	322	1.6e-58	3	301	3	309	0.9867549668874173
HTH_3	55	3300029373.a:Ga0243914_100006_21	101	1.8e-18	1	55	14	68	0.9818181818181818
ACT	67	3300029373.a:Ga0243914_100006_210	83	6e-14	3	64	7	68	0.9104477611940298
Citrate_synt	361	3300029373.a:Ga0243914_100006_212	455	1.6e-122	3	361	46	438	0.9916897506925207
cNMP_binding	88	3300029373.a:Ga0243914_100006_213	216	3.4e-20	2	87	25	110	0.9659090909090909
Crp	32	3300029373.a:Ga0243914_100006_213	216	1.3e-10	2	32	164	194	0.9375
PALP	294	3300029373.a:Ga0243914_100006_221	361	2.4e-05	44	138	173	263	0.3197278911564626
Fe_dep_repress	60	3300029373.a:Ga0243914_100006_223	373	1.3e-06	13	53	15	56	0.6666666666666666
Pyr_redox_2	292	3300029373.a:Ga0243914_100006_228	464	2.1e-73	1	292	5	318	0.9965753424657534
Sigma70_r4	50	3300029373.a:Ga0243914_100006_233	329	3.7e-05	14	46	18	50	0.64
Crp	32	3300029373.a:Ga0243914_100006_238	186	5.4e-05	3	20	28	45	0.53125
SBP_bac_1	315	3300029373.a:Ga0243914_100006_258	436	4.8e-24	5	313	64	353	0.9777777777777777
LacI	46	3300029373.a:Ga0243914_100006_259	353	1.1e-15	1	44	9	52	0.9347826086956522
Peripla_BP_3	164	3300029373.a:Ga0243914_100006_259	353	2.2e-32	2	164	183	344	0.9878048780487805
LacI	46	3300029373.a:Ga0243914_100006_266	347	3.5e-18	1	46	3	49	0.9782608695652174
Peripla_BP_3	164	3300029373.a:Ga0243914_100006_266	347	2.3e-31	3	164	183	340	0.9817073170731707
HTH_3	55	3300029373.a:Ga0243914_100006_268	93	3.6e-06	2	55	16	69	0.9636363636363636
SBP_bac_1	315	3300029373.a:Ga0243914_100006_27	465	3.2e-28	5	313	59	355	0.9777777777777777
LacI	46	3300029373.a:Ga0243914_100006_28	334	4e-11	2	43	5	46	0.8913043478260869
Peripla_BP_3	164	3300029373.a:Ga0243914_100006_28	334	5.1e-37	3	164	169	329	0.9817073170731707
HTH_3	55	3300029373.a:Ga0243914_100006_290	115	4.8e-06	2	55	16	69	0.9636363636363636
HTH_3	55	3300029373.a:Ga0243914_100006_291	114	1.6e-10	1	55	15	69	0.9818181818181818
HTH_3	55	3300029373.a:Ga0243914_100006_292	101	2.4e-16	1	55	21	75	0.9818181818181818
HTH_3	55	3300029373.a:Ga0243914_100006_30	108	3.2e-09	2	54	8	60	0.9454545454545454
HTH_3	55	3300029373.a:Ga0243914_100006_319	125	3e-17	1	55	9	63	0.9818181818181818
HTH_3	55	3300029373.a:Ga0243914_100006_323	100	1.7e-18	1	55	14	68	0.9818181818181818
Sigma70_r4_2	54	3300029373.a:Ga0243914_100006_33	150	3.1e-10	3	54	87	138	0.9444444444444444
Sigma70_r4_2	54	3300029373.a:Ga0243914_100006_336	146	4.7e-08	4	51	87	134	0.8703703703703703
Fer4	24	3300029373.a:Ga0243914_100006_34	254	2.3e-09	1	21	186	206	0.8333333333333334
TetR_N	47	3300029373.a:Ga0243914_100006_35	207	2e-13	1	47	17	63	0.9787234042553191
Fer4	24	3300029373.a:Ga0243914_100006_4	340	7.7e-06	6	21	305	320	0.625
Sigma70_r2	71	3300029373.a:Ga0243914_100006_46	383	7.7e-08	2	64	131	194	0.8732394366197183
Sigma70_r4	50	3300029373.a:Ga0243914_100006_46	383	1e-20	1	50	319	371	0.98
PfkB	302	3300029373.a:Ga0243914_100006_57	318	2.6e-64	4	297	10	301	0.9701986754966887
SBP_bac_1	315	3300029373.a:Ga0243914_100006_61	465	6.6e-14	56	282	123	339	0.7174603174603175
AraC_binding	136	3300029373.a:Ga0243914_100006_65	298	2.3e-11	17	77	39	99	0.4411764705882353
HTH_18	81	3300029373.a:Ga0243914_100006_65	298	7.5e-16	2	80	215	292	0.9629629629629629
SBP_bac_1	315	3300029373.a:Ga0243914_100006_71	458	2.1e-22	2	312	63	372	0.9841269841269841
GntR	64	3300029373.a:Ga0243914_100006_72	228	1.1e-21	3	64	12	73	0.953125
CBS	57	3300029373.a:Ga0243914_100006_75	493	2.1e-09	8	52	102	145	0.7719298245614035
CBS	57	3300029373.a:Ga0243914_100006_75	493	4e-13	2	54	157	210	0.9122807017543859
TrmB	68	3300029373.a:Ga0243914_100006_77	290	4.8e-05	10	46	128	164	0.5294117647058824
CbiA	128	3300029373.a:Ga0243914_100006_78	255	3.5e-31	1	128	5	229	0.9921875
Pyr_redox_2	292	3300029373.a:Ga0243914_100006_81	627	2e-10	1	106	8	157	0.3595890410958904
AAA	132	3300029373.a:Ga0243914_100006_88	439	1.8e-10	2	129	138	256	0.9621212121212122
HATPase_c	111	3300029373.a:Ga0243914_100006_95	647	3.8e-21	3	110	40	181	0.963963963963964
HTH_3	55	3300029373.a:Ga0243914_100021_101	187	3.8e-14	1	55	12	69	0.9818181818181818
AAA	132	3300029373.a:Ga0243914_100021_105	562	6.9e-14	2	126	41	171	0.9393939393939394
PfkB	302	3300029373.a:Ga0243914_100021_11	222	2.9e-31	24	232	11	221	0.6887417218543046
dCache_1	249	3300029373.a:Ga0243914_100021_110	615	4.8e-16	6	203	61	269	0.7911646586345381
HATPase_c	111	3300029373.a:Ga0243914_100021_110	615	3.9e-11	6	109	497	604	0.9279279279279279
Response_reg	112	3300029373.a:Ga0243914_100021_111	529	2.6e-28	1	105	6	113	0.9285714285714286
HTH_18	81	3300029373.a:Ga0243914_100021_111	529	6e-21	1	80	446	524	0.9753086419753086
SBP_bac_1	315	3300029373.a:Ga0243914_100021_112	429	9.2e-26	24	311	78	343	0.9111111111111111
Fer4	24	3300029373.a:Ga0243914_100021_119	301	1.9e-08	3	23	49	69	0.8333333333333334
Fer4	24	3300029373.a:Ga0243914_100021_119	301	9.3e-07	3	23	78	98	0.8333333333333334
SpoIIE	193	3300029373.a:Ga0243914_100021_131	243	6.1e-08	3	190	28	240	0.9689119170984456
Pkinase	264	3300029373.a:Ga0243914_100021_132	700	9.2e-59	1	258	13	265	0.9734848484848485
HTH_5	47	3300029373.a:Ga0243914_100021_14	324	1.5e-11	2	46	38	82	0.9361702127659575
Pyr_redox_2	292	3300029373.a:Ga0243914_100021_140	466	1e-37	1	291	141	447	0.9931506849315068
Fe_dep_repress	60	3300029373.a:Ga0243914_100021_145	125	1.3e-12	4	58	5	59	0.9
Fe_dep_repr_C	70	3300029373.a:Ga0243914_100021_145	125	4e-18	2	60	65	122	0.8285714285714286
HMA	62	3300029373.a:Ga0243914_100021_146	129	3.3e-06	2	61	60	117	0.9516129032258065
SBP_bac_1	315	3300029373.a:Ga0243914_100021_15	433	4.2e-33	9	311	60	344	0.9587301587301588
HTH_3	55	3300029373.a:Ga0243914_100021_150	45	2.4e-14	1	35	6	40	0.6181818181818182
HTH_3	55	3300029373.a:Ga0243914_100021_153	389	1.9e-10	1	40	10	49	0.7090909090909091
PALP	294	3300029373.a:Ga0243914_100021_162	504	5.1e-19	16	280	94	420	0.8979591836734694
AAA	132	3300029373.a:Ga0243914_100021_166	440	1.1e-17	1	110	117	244	0.8257575757575758
AAA	132	3300029373.a:Ga0243914_100021_167	808	2.2e-24	1	127	353	490	0.9545454545454546
Trp_repressor	88	3300029373.a:Ga0243914_100021_170	102	4.3e-29	3	87	10	93	0.9545454545454546
dCache_1	249	3300029373.a:Ga0243914_100021_179	765	5.8e-12	2	247	50	278	0.9839357429718876
GGDEF	161	3300029373.a:Ga0243914_100021_179	765	1.2e-14	1	154	330	481	0.9503105590062112
EAL	238	3300029373.a:Ga0243914_100021_179	765	2.5e-68	5	238	511	744	0.9789915966386554
Pyr_redox	81	3300029373.a:Ga0243914_100021_181	208	7.5e-07	1	45	2	46	0.5432098765432098
TrkA_C	70	3300029373.a:Ga0243914_100021_182	218	1.3e-16	3	69	151	216	0.9428571428571428
HD	122	3300029373.a:Ga0243914_100021_196	202	4.1e-08	3	121	39	148	0.9672131147540983
CBS	57	3300029373.a:Ga0243914_100021_205	450	4.2e-10	1	55	224	281	0.9473684210526315
CBS	57	3300029373.a:Ga0243914_100021_205	450	3e-05	12	56	301	345	0.7719298245614035
Fer4	24	3300029373.a:Ga0243914_100021_206	1189	3.2e-06	1	24	689	712	0.9583333333333334
Fer4	24	3300029373.a:Ga0243914_100021_206	1189	3.1e-06	2	19	744	761	0.7083333333333334
Response_reg	112	3300029373.a:Ga0243914_100021_209	219	5.7e-30	1	112	4	112	0.9910714285714286
Trans_reg_C	77	3300029373.a:Ga0243914_100021_209	219	8.9e-25	1	77	143	215	0.987012987012987
HisKA	64	3300029373.a:Ga0243914_100021_210	489	9e-13	1	59	264	326	0.90625
HATPase_c	111	3300029373.a:Ga0243914_100021_210	489	3.7e-25	3	110	375	484	0.963963963963964
MarR	59	3300029373.a:Ga0243914_100021_213	152	9.2e-13	1	57	34	90	0.9491525423728814
PfkB	302	3300029373.a:Ga0243914_100021_219	286	2.4e-05	170	283	123	245	0.3741721854304636
STAS	117	3300029373.a:Ga0243914_100021_230	121	8.2e-15	6	104	7	97	0.8376068376068376
HATPase_c	111	3300029373.a:Ga0243914_100021_231	148	3.6e-12	6	105	42	135	0.8918918918918919
Sigma70_r2	71	3300029373.a:Ga0243914_100021_232	218	2.3e-18	2	67	8	73	0.9154929577464789
Sigma70_r3	78	3300029373.a:Ga0243914_100021_232	218	4e-11	3	56	87	140	0.6794871794871795
Sigma70_r4	50	3300029373.a:Ga0243914_100021_232	218	8.8e-14	3	49	167	213	0.92
PfkB	302	3300029373.a:Ga0243914_100021_24	316	1.4e-57	1	300	1	298	0.9900662251655629
AraC_binding	136	3300029373.a:Ga0243914_100021_28	309	6.3e-14	13	112	38	147	0.7279411764705882
HTH_18	81	3300029373.a:Ga0243914_100021_28	309	1.2e-22	2	80	221	298	0.9629629629629629
SBP_bac_1	315	3300029373.a:Ga0243914_100021_29	450	8.5e-33	10	315	68	362	0.9682539682539683
Response_reg	112	3300029373.a:Ga0243914_100021_3	535	2.6e-24	2	101	24	125	0.8839285714285714
HTH_18	81	3300029373.a:Ga0243914_100021_3	535	8.3e-20	1	81	448	527	0.9876543209876543
dCache_1	249	3300029373.a:Ga0243914_100021_4	565	1.9e-15	4	173	35	207	0.678714859437751
HATPase_c	111	3300029373.a:Ga0243914_100021_4	565	4.3e-07	9	110	455	562	0.9099099099099099
FeoA	74	3300029373.a:Ga0243914_100021_41	81	5.9e-16	2	74	9	80	0.972972972972973
SBP_bac_1	315	3300029373.a:Ga0243914_100021_5	443	2e-11	19	302	70	331	0.8984126984126984
Sigma70_r4	50	3300029373.a:Ga0243914_100021_54	121	9.1e-11	5	44	18	57	0.78
CbiA	128	3300029373.a:Ga0243914_100021_55	457	7.7e-09	9	88	111	253	0.6171875
PTS-HPr	82	3300029373.a:Ga0243914_100021_60	88	2.3e-30	3	81	4	82	0.9512195121951219
HTH_3	55	3300029373.a:Ga0243914_100021_67	82	5.8e-11	4	55	14	66	0.9272727272727272
HTH_3	55	3300029373.a:Ga0243914_100021_68	98	4.5e-08	1	55	27	82	0.9818181818181818
HTH_3	55	3300029373.a:Ga0243914_100021_69	98	2.6e-10	3	55	29	82	0.9454545454545454
EPSP_synthase	417	3300029373.a:Ga0243914_100021_77	418	1.3e-89	2	417	7	407	0.9952038369304557
Sigma70_r2	71	3300029373.a:Ga0243914_100021_83	116	1e-16	1	57	53	109	0.7887323943661971
HTH_3	55	3300029373.a:Ga0243914_100021_84	180	2.2e-06	1	55	61	116	0.9818181818181818
HTH_3	55	3300029373.a:Ga0243914_100021_84	180	2.8e-10	1	44	132	175	0.7818181818181819
HATPase_c	111	3300029373.a:Ga0243914_100021_85	668	5.9e-06	11	78	28	103	0.6036036036036037
HTH_3	55	3300029373.a:Ga0243914_100021_88	235	3.8e-06	2	53	29	80	0.9272727272727272
HTH_3	55	3300029373.a:Ga0243914_100021_90	123	1.4e-16	1	55	7	61	0.9818181818181818
Sigma70_r4	50	3300029373.a:Ga0243914_100021_92	91	4.8e-12	3	37	45	83	0.68
HTH_3	55	3300029373.a:Ga0243914_100021_96	113	1.8e-16	1	55	7	61	0.9818181818181818
HD	122	3300029373.a:Ga0243914_100029_106	220	9.5e-13	2	120	34	133	0.9672131147540983
HTH_3	55	3300029373.a:Ga0243914_100029_112	153	1.7e-20	4	55	10	61	0.9272727272727272
Fer4	24	3300029373.a:Ga0243914_100029_121	570	8.9e-06	2	22	34	54	0.8333333333333334
FeS	33	3300029373.a:Ga0243914_100029_121	570	1.7e-10	4	33	371	400	0.8787878787878788
PAS	113	3300029373.a:Ga0243914_100029_121	570	1.2e-06	7	64	414	474	0.504424778761062
SpoIIE	193	3300029373.a:Ga0243914_100029_122	392	5e-17	2	192	31	219	0.9844559585492227
Fer4	24	3300029373.a:Ga0243914_100029_123	481	6.6e-10	2	24	125	147	0.9166666666666666
Fer4	24	3300029373.a:Ga0243914_100029_123	481	2e-09	3	24	172	193	0.875
HATPase_c	111	3300029373.a:Ga0243914_100029_129	748	5.5e-09	5	76	23	97	0.6396396396396397
Sigma70_r4	50	3300029373.a:Ga0243914_100029_142	153	3.2e-08	1	50	88	137	0.98
TetR_N	47	3300029373.a:Ga0243914_100029_145	214	9.4e-22	1	47	14	60	0.9787234042553191
HD	122	3300029373.a:Ga0243914_100029_149	518	6.6e-05	9	71	351	401	0.5081967213114754
ACT	67	3300029373.a:Ga0243914_100029_15	167	3.4e-18	1	65	3	67	0.9552238805970149
Response_reg	112	3300029373.a:Ga0243914_100029_157	234	1.3e-32	1	111	4	115	0.9821428571428571
Trans_reg_C	77	3300029373.a:Ga0243914_100029_157	234	2.6e-25	2	76	156	230	0.961038961038961
HisKA	64	3300029373.a:Ga0243914_100029_158	477	7.9e-18	1	63	246	312	0.96875
HATPase_c	111	3300029373.a:Ga0243914_100029_158	477	1.4e-25	2	109	360	465	0.963963963963964
HisKA	64	3300029373.a:Ga0243914_100029_173	899	5.2e-15	2	64	669	736	0.96875
HATPase_c	111	3300029373.a:Ga0243914_100029_173	899	1.1e-25	2	110	781	891	0.972972972972973
Response_reg	112	3300029373.a:Ga0243914_100029_174	233	2.1e-31	1	111	6	114	0.9821428571428571
Trans_reg_C	77	3300029373.a:Ga0243914_100029_174	233	1.4e-23	3	77	155	229	0.961038961038961
GntR	64	3300029373.a:Ga0243914_100029_182	467	3.1e-18	1	64	16	79	0.984375
Aminotran_1_2	363	3300029373.a:Ga0243914_100029_182	467	2.7e-13	20	294	121	380	0.7548209366391184
Nitro_FeMo-Co	95	3300029373.a:Ga0243914_100029_185	135	4.1e-24	1	94	8	96	0.9789473684210527
cNMP_binding	88	3300029373.a:Ga0243914_100029_189	228	4.1e-08	1	87	34	123	0.9772727272727273
Crp	32	3300029373.a:Ga0243914_100029_189	228	1.6e-10	1	31	174	204	0.9375
SBP_bac_1	315	3300029373.a:Ga0243914_100029_3	446	1.2e-31	7	315	71	364	0.9777777777777777
HTH_3	55	3300029373.a:Ga0243914_100029_30	251	1.8e-05	4	55	10	62	0.9272727272727272
HTH_3	55	3300029373.a:Ga0243914_100029_31	78	5.1e-06	1	55	7	63	0.9818181818181818
Y_Y_Y	66	3300029373.a:Ga0243914_100029_32	969	4e-08	6	52	629	677	0.696969696969697
PALP	294	3300029373.a:Ga0243914_100029_33	337	3e-61	3	292	14	300	0.9829931972789115
LacI	46	3300029373.a:Ga0243914_100029_34	335	8e-17	1	45	4	49	0.9565217391304348
Peripla_BP_3	164	3300029373.a:Ga0243914_100029_34	335	5.9e-40	2	164	173	333	0.9878048780487805
PfkB	302	3300029373.a:Ga0243914_100029_35	318	6.6e-63	1	301	1	296	0.9933774834437086
SBP_bac_1	315	3300029373.a:Ga0243914_100029_36	471	9.8e-25	12	281	75	332	0.8539682539682539
PfkB	302	3300029373.a:Ga0243914_100029_39	313	5.6e-60	3	300	5	298	0.9834437086092715
HTH_6	77	3300029373.a:Ga0243914_100029_46	283	3.6e-21	3	74	9	80	0.922077922077922
SIS	131	3300029373.a:Ga0243914_100029_46	283	4.1e-17	2	110	129	236	0.8244274809160306
MarR	59	3300029373.a:Ga0243914_100029_48	151	9e-09	1	48	33	81	0.7966101694915254
HTH_3	55	3300029373.a:Ga0243914_100029_51	112	9.5e-14	1	55	5	60	0.9818181818181818
Pribosyltran	159	3300029373.a:Ga0243914_100029_71	181	2e-19	14	135	37	168	0.7610062893081762
HTH_3	55	3300029373.a:Ga0243914_100029_76	190	5.8e-20	1	55	12	66	0.9818181818181818
Sigma70_r2	71	3300029373.a:Ga0243914_100029_83	272	5.9e-11	15	53	57	95	0.5352112676056338
Sigma70_r4	50	3300029373.a:Ga0243914_100029_83	272	1.8e-07	15	49	184	218	0.68
Sigma70_r4	50	3300029373.a:Ga0243914_100029_84	101	8.4e-05	1	48	45	94	0.94
LacI	46	3300029373.a:Ga0243914_100029_96	344	3.9e-08	1	43	6	48	0.9130434782608695
Peripla_BP_3	164	3300029373.a:Ga0243914_100029_96	344	6.3e-32	1	164	169	333	0.9939024390243902
SBP_bac_1	315	3300029373.a:Ga0243914_100029_97	472	7.2e-14	15	313	85	377	0.946031746031746
LacI	46	3300029373.a:Ga0243914_100036_111	336	1.3e-12	1	44	3	46	0.9347826086956522
Peripla_BP_3	164	3300029373.a:Ga0243914_100036_111	336	4.8e-28	1	164	172	328	0.9939024390243902
MarR	59	3300029373.a:Ga0243914_100036_114	401	5e-06	6	47	10	51	0.6949152542372882
PadR	75	3300029373.a:Ga0243914_100036_130	111	6.1e-22	1	72	14	81	0.9466666666666667
HTH_3	55	3300029373.a:Ga0243914_100036_145	102	1.6e-12	3	54	10	61	0.9272727272727272
HTH_DeoR	57	3300029373.a:Ga0243914_100036_150	345	2.6e-05	5	52	15	64	0.8245614035087719
HTH_18	81	3300029373.a:Ga0243914_100036_154	306	1.4e-17	2	80	200	277	0.9629629629629629
SBP_bac_1	315	3300029373.a:Ga0243914_100036_157	447	2.8e-28	9	305	75	350	0.9396825396825397
GntR	64	3300029373.a:Ga0243914_100036_167	125	1.9e-16	2	64	12	74	0.96875
HTH_3	55	3300029373.a:Ga0243914_100036_178	120	9.4e-06	1	55	8	63	0.9818181818181818
Sigma70_r4_2	54	3300029373.a:Ga0243914_100036_208	137	4e-05	14	37	90	113	0.42592592592592593
CBS	57	3300029373.a:Ga0243914_100036_41	150	5.5e-16	1	52	5	55	0.8947368421052632
CBS	57	3300029373.a:Ga0243914_100036_41	150	3.7e-15	3	54	72	122	0.8947368421052632
HxlR	91	3300029373.a:Ga0243914_100036_42	140	2e-26	2	88	47	137	0.945054945054945
HTH_3	55	3300029373.a:Ga0243914_100036_58	74	8.5e-16	1	44	7	50	0.7818181818181819
SBP_bac_1	315	3300029373.a:Ga0243914_100036_87	438	1e-32	9	312	66	347	0.9619047619047619
LacI	46	3300029373.a:Ga0243914_100036_90	345	1.2e-14	1	46	7	52	0.9782608695652174
Peripla_BP_3	164	3300029373.a:Ga0243914_100036_90	345	3.8e-27	2	162	176	335	0.975609756097561
AraC_binding	136	3300029373.a:Ga0243914_100036_95	278	2.3e-17	6	132	25	155	0.9264705882352942
HTH_18	81	3300029373.a:Ga0243914_100036_95	278	1.9e-22	3	79	198	273	0.9382716049382716
Nitroreductase	170	3300029373.a:Ga0243914_100036_96	176	2.2e-33	1	169	8	155	0.9882352941176471
SBP_bac_5	377	3300029373.a:Ga0243914_100036_98	542	3.6e-46	2	374	75	458	0.986737400530504
EPSP_synthase	417	3300029373.a:Ga0243914_100053_104	428	9.8e-102	2	417	7	406	0.9952038369304557
B12-binding	121	3300029373.a:Ga0243914_100053_107	487	4.4e-09	50	119	67	131	0.5702479338842975
AAA	132	3300029373.a:Ga0243914_100053_108	506	7.4e-05	1	74	206	304	0.553030303030303
Sigma70_r2	71	3300029373.a:Ga0243914_100053_109	197	1.4e-14	1	70	33	102	0.971830985915493
Sigma70_r4_2	54	3300029373.a:Ga0243914_100053_109	197	3e-11	9	54	148	192	0.8333333333333334
Response_reg	112	3300029373.a:Ga0243914_100053_118	227	1.1e-30	2	112	4	113	0.9821428571428571
Trans_reg_C	77	3300029373.a:Ga0243914_100053_118	227	5.9e-20	2	77	146	220	0.974025974025974
HisKA	64	3300029373.a:Ga0243914_100053_119	408	8.6e-12	2	63	195	255	0.953125
HATPase_c	111	3300029373.a:Ga0243914_100053_119	408	1.1e-14	2	96	302	396	0.8468468468468469
MarR	59	3300029373.a:Ga0243914_100053_133	154	1e-07	1	59	33	93	0.9830508474576272
ACT	67	3300029373.a:Ga0243914_100053_151	406	5e-10	5	63	266	321	0.8656716417910447
ACT	67	3300029373.a:Ga0243914_100053_151	406	2.4e-06	3	55	344	391	0.7761194029850746
AAA	132	3300029373.a:Ga0243914_100053_155	395	9.6e-11	1	88	170	249	0.6590909090909091
SpoIIE	193	3300029373.a:Ga0243914_100053_18	788	3.4e-28	3	192	605	783	0.9792746113989638
PadR	75	3300029373.a:Ga0243914_100053_20	106	3.2e-14	1	75	20	89	0.9866666666666667
HTH_3	55	3300029373.a:Ga0243914_100053_45	82	1.6e-14	1	55	12	66	0.9818181818181818
HTH_3	55	3300029373.a:Ga0243914_100053_46	103	1.7e-15	3	54	10	61	0.9272727272727272
Pribosyltran	159	3300029373.a:Ga0243914_100053_61	181	1.8e-28	12	158	16	160	0.9182389937106918
AAA	132	3300029373.a:Ga0243914_100053_62	661	1.4e-47	1	130	215	346	0.9772727272727273
HATPase_c	111	3300029373.a:Ga0243914_100053_63	663	4.2e-10	5	94	37	160	0.8018018018018018
AraC_binding	136	3300029373.a:Ga0243914_100053_74	280	1.1e-24	5	131	25	149	0.9264705882352942
HTH_18	81	3300029373.a:Ga0243914_100053_74	280	2.6e-24	1	81	195	274	0.9876543209876543
PTS-HPr	82	3300029373.a:Ga0243914_100053_78	76	4e-08	19	68	15	64	0.5975609756097561
B12-binding	121	3300029373.a:Ga0243914_100053_79	430	7.1e-06	48	111	34	97	0.5206611570247934
Aminotran_1_2	363	3300029373.a:Ga0243914_100053_85	396	6.7e-41	2	363	34	388	0.9944903581267218
CBS	57	3300029373.a:Ga0243914_100053_88	432	2.9e-06	3	56	203	259	0.9298245614035088
CBS	57	3300029373.a:Ga0243914_100053_88	432	6e-07	5	56	269	320	0.8947368421052632
PTS_EIIC	324	3300029373.a:Ga0243914_100053_92	398	4.8e-07	58	157	39	135	0.3055555555555556
SBP_bac_1	315	3300029373.a:Ga0243914_100060_100	436	7.1e-12	8	270	63	309	0.8317460317460318
SIS	131	3300029373.a:Ga0243914_100060_101	384	9.6e-13	2	125	46	171	0.9389312977099237
SIS	131	3300029373.a:Ga0243914_100060_101	384	1.1e-06	6	120	229	345	0.8702290076335878
SIS	131	3300029373.a:Ga0243914_100060_104	379	9.5e-10	6	127	45	171	0.9236641221374046
SIS	131	3300029373.a:Ga0243914_100060_104	379	1.5e-08	10	88	228	308	0.5954198473282443
HxlR	91	3300029373.a:Ga0243914_100060_106	110	1.6e-22	2	85	26	109	0.9120879120879121
HTH_6	77	3300029373.a:Ga0243914_100060_107	301	1.1e-09	21	66	28	73	0.5844155844155844
Response_reg	112	3300029373.a:Ga0243914_100060_108	497	4.3e-24	1	110	4	115	0.9732142857142857
HTH_18	81	3300029373.a:Ga0243914_100060_108	497	9.7e-20	2	80	416	494	0.9629629629629629
SBP_bac_1	315	3300029373.a:Ga0243914_100060_112	465	4.2e-28	12	308	69	352	0.9396825396825397
SBP_bac_1	315	3300029373.a:Ga0243914_100060_118	457	1.7e-25	4	231	65	282	0.7206349206349206
dCache_1	249	3300029373.a:Ga0243914_100060_119	590	2e-13	5	203	46	234	0.7951807228915663
HATPase_c	111	3300029373.a:Ga0243914_100060_119	590	3.7e-09	9	110	479	587	0.9099099099099099
Response_reg	112	3300029373.a:Ga0243914_100060_120	519	1.9e-25	1	111	4	116	0.9821428571428571
HTH_18	81	3300029373.a:Ga0243914_100060_120	519	6.3e-21	2	80	436	513	0.9629629629629629
SBP_bac_1	315	3300029373.a:Ga0243914_100060_124	448	4e-30	14	304	65	348	0.9206349206349206
dCache_1	249	3300029373.a:Ga0243914_100060_125	580	2.7e-24	11	248	52	281	0.9518072289156626
Response_reg	112	3300029373.a:Ga0243914_100060_126	542	4.3e-25	1	111	4	116	0.9821428571428571
HTH_18	81	3300029373.a:Ga0243914_100060_126	542	1.3e-17	1	80	456	534	0.9753086419753086
dCache_1	249	3300029373.a:Ga0243914_100060_131	578	6.8e-16	7	188	41	227	0.7269076305220884
HATPase_c	111	3300029373.a:Ga0243914_100060_131	578	4.4e-13	9	108	471	576	0.8918918918918919
Response_reg	112	3300029373.a:Ga0243914_100060_132	524	1.5e-26	1	102	17	120	0.9017857142857143
HTH_18	81	3300029373.a:Ga0243914_100060_132	524	4.5e-23	5	81	445	520	0.9382716049382716
Glyoxalase	128	3300029373.a:Ga0243914_100060_136	137	5.5e-19	2	128	5	123	0.984375
SBP_bac_1	315	3300029373.a:Ga0243914_100060_139	455	4.8e-10	6	309	71	345	0.9619047619047619
Sigma70_r4_2	54	3300029373.a:Ga0243914_100060_17	142	2.6e-07	17	54	101	137	0.6851851851851852
Trans_reg_C	77	3300029373.a:Ga0243914_100060_18	145	5.4e-10	1	64	58	122	0.8181818181818182
HTH_3	55	3300029373.a:Ga0243914_100060_19	120	6.3e-16	1	55	8	62	0.9818181818181818
TetR_N	47	3300029373.a:Ga0243914_100060_20	209	2.6e-11	1	44	12	55	0.9148936170212766
AAA	132	3300029373.a:Ga0243914_100060_21	586	8.6e-05	3	74	365	504	0.5378787878787878
SBP_bac_5	377	3300029373.a:Ga0243914_100060_27	552	2.1e-82	1	375	81	456	0.9920424403183024
Trans_reg_C	77	3300029373.a:Ga0243914_100060_28	134	1.3e-18	1	77	53	130	0.987012987012987
Peptidase_M23	96	3300029373.a:Ga0243914_100060_29	584	3.7e-33	2	95	477	574	0.96875
SBP_bac_1	315	3300029373.a:Ga0243914_100060_5	444	6.6e-22	5	314	63	360	0.9809523809523809
dCache_1	249	3300029373.a:Ga0243914_100060_6	635	1.1e-23	3	249	66	303	0.9879518072289156
HATPase_c	111	3300029373.a:Ga0243914_100060_6	635	2.2e-11	9	109	508	620	0.9009009009009009
Response_reg	112	3300029373.a:Ga0243914_100060_7	537	7.6e-27	1	111	4	116	0.9821428571428571
HTH_18	81	3300029373.a:Ga0243914_100060_7	537	2.1e-22	2	80	453	531	0.9629629629629629
CbiA	128	3300029373.a:Ga0243914_100060_71	540	1.5e-06	8	55	13	104	0.3671875
Response_reg	112	3300029373.a:Ga0243914_100060_72	190	4.9e-06	1	109	4	111	0.9642857142857143
ANTAR	54	3300029373.a:Ga0243914_100060_72	190	9.1e-17	2	54	132	184	0.9629629629629629
Pyr_redox_2	292	3300029373.a:Ga0243914_100060_75	411	7.1e-54	2	292	2	295	0.9931506849315068
Fer4	24	3300029373.a:Ga0243914_100060_76	143	1.1e-07	1	23	82	104	0.9166666666666666
Fer4	24	3300029373.a:Ga0243914_100060_77	502	3e-08	4	24	46	66	0.8333333333333334
GATase_2	420	3300029373.a:Ga0243914_100060_78	419	4.4e-11	100	246	138	278	0.3476190476190476
MerR	38	3300029373.a:Ga0243914_100060_8	277	1.6e-11	1	38	10	48	0.9736842105263158
Sigma70_r4_2	54	3300029373.a:Ga0243914_100060_81	175	2.5e-08	10	54	117	160	0.8148148148148148
GerE	57	3300029373.a:Ga0243914_100060_82	108	1.4e-10	2	37	33	68	0.6140350877192983
HTH_3	55	3300029373.a:Ga0243914_100060_84	129	1.2e-13	4	55	8	61	0.9272727272727272
SBP_bac_1	315	3300029373.a:Ga0243914_100060_93	455	8.2e-27	16	312	69	365	0.9396825396825397
Response_reg	112	3300029373.a:Ga0243914_100060_94	509	2.1e-28	1	111	4	116	0.9821428571428571
HTH_18	81	3300029373.a:Ga0243914_100060_94	509	2.4e-22	2	80	430	507	0.9629629629629629
dCache_1	249	3300029373.a:Ga0243914_100060_95	592	8e-20	7	208	50	252	0.8072289156626506
HATPase_c	111	3300029373.a:Ga0243914_100060_95	592	9.5e-14	8	110	480	585	0.918918918918919
PfkB	302	3300029373.a:Ga0243914_100060_96	311	5.3e-37	38	300	45	301	0.8675496688741722
HD	122	3300029373.a:Ga0243914_100165_11	196	9e-06	2	74	50	136	0.5901639344262295
HATPase_c	111	3300029373.a:Ga0243914_100165_19	621	8.3e-12	3	107	27	176	0.9369369369369369
HTH_3	55	3300029373.a:Ga0243914_100165_22	85	3.6e-07	9	55	28	79	0.8363636363636363
AAA	132	3300029373.a:Ga0243914_100165_25	821	3.3e-15	2	125	212	342	0.9318181818181818
AAA	132	3300029373.a:Ga0243914_100165_25	821	2e-11	2	115	549	671	0.8560606060606061
Peptidase_M23	96	3300029373.a:Ga0243914_100165_27	444	4e-29	1	96	339	437	0.9895833333333334
AAA	132	3300029373.a:Ga0243914_100165_33	331	2.4e-05	1	126	188	306	0.946969696969697
Citrate_synt	361	3300029373.a:Ga0243914_100165_47	452	4.9e-120	3	361	42	434	0.9916897506925207
HTH_3	55	3300029373.a:Ga0243914_100165_50	77	3.9e-15	1	55	5	59	0.9818181818181818
HTH_3	55	3300029373.a:Ga0243914_100165_53	200	1.8e-06	1	55	12	66	0.9818181818181818
LacI	46	3300029373.a:Ga0243914_100165_58	354	1.6e-19	2	45	4	47	0.9347826086956522
Peripla_BP_3	164	3300029373.a:Ga0243914_100165_58	354	5.8e-39	1	164	178	340	0.9939024390243902
HTH_3	55	3300029373.a:Ga0243914_100165_63	91	1.6e-12	1	53	13	66	0.9454545454545454
HTH_11	55	3300029373.a:Ga0243914_100165_67	153	1e-08	3	44	11	51	0.7454545454545455
AsnC_trans_reg	75	3300029373.a:Ga0243914_100165_67	153	6.8e-11	3	74	74	142	0.9466666666666667
Fer4	24	3300029373.a:Ga0243914_100165_69	301	9.8e-07	3	21	49	67	0.75
SBP_bac_1	315	3300029373.a:Ga0243914_100165_74	451	2.9e-25	12	311	70	359	0.9492063492063492
HTH_18	81	3300029373.a:Ga0243914_100165_75	265	5.1e-18	2	80	183	260	0.9629629629629629
Response_reg	112	3300029373.a:Ga0243914_100165_76	251	1.4e-28	1	111	8	120	0.9821428571428571
HTH_18	81	3300029373.a:Ga0243914_100165_76	251	2.2e-24	1	81	169	248	0.9876543209876543
dCache_1	249	3300029373.a:Ga0243914_100165_77	607	4.2e-12	11	204	49	254	0.7751004016064257
HATPase_c	111	3300029373.a:Ga0243914_100165_77	607	7.5e-08	10	97	493	588	0.7837837837837838
SBP_bac_1	315	3300029373.a:Ga0243914_100165_78	438	1.2e-18	16	312	60	344	0.9396825396825397
SBP_bac_1	315	3300029373.a:Ga0243914_100165_79	452	5.1e-22	9	312	67	357	0.9619047619047619
PfkB	302	3300029373.a:Ga0243914_100165_87	311	1.6e-54	17	297	16	291	0.9271523178807947
LacI	46	3300029373.a:Ga0243914_100165_90	331	6.1e-09	2	46	1	44	0.9565217391304348
Peripla_BP_3	164	3300029373.a:Ga0243914_100165_90	331	1.1e-34	4	164	169	326	0.975609756097561
PALP	294	3300029373.a:Ga0243914_100185_101	397	4.5e-51	4	294	52	377	0.9863945578231292
Glycos_trans_3N	63	3300029373.a:Ga0243914_100185_104	347	3.1e-21	1	63	3	68	0.9841269841269841
Pribosyltran	159	3300029373.a:Ga0243914_100185_14	228	1.5e-12	40	124	127	218	0.5283018867924528
Response_reg	112	3300029373.a:Ga0243914_100185_30	220	1.4e-30	1	112	4	112	0.9910714285714286
Trans_reg_C	77	3300029373.a:Ga0243914_100185_30	220	3.5e-22	4	77	146	215	0.948051948051948
HisKA	64	3300029373.a:Ga0243914_100185_31	479	1.5e-12	4	58	256	313	0.84375
HATPase_c	111	3300029373.a:Ga0243914_100185_31	479	8e-24	3	108	362	470	0.9459459459459459
FUR	120	3300029373.a:Ga0243914_100185_50	136	7.6e-23	6	118	7	119	0.9333333333333333
FeS	33	3300029373.a:Ga0243914_100185_54	271	8.9e-15	1	33	44	76	0.9696969696969697
Fer4	24	3300029373.a:Ga0243914_100185_54	271	3.6e-08	2	21	164	183	0.7916666666666666
Fer4	24	3300029373.a:Ga0243914_100185_54	271	7.9e-05	8	23	215	230	0.625
Fer4	24	3300029373.a:Ga0243914_100185_54	271	1.8e-09	2	24	238	260	0.9166666666666666
Fer4	24	3300029373.a:Ga0243914_100185_59	445	7e-05	5	20	369	384	0.625
Ammonium_transp	399	3300029373.a:Ga0243914_100185_6	583	1.2e-127	2	396	11	411	0.9874686716791979
HhH-GPD	108	3300029373.a:Ga0243914_100185_66	278	1.1e-13	2	90	119	249	0.8148148148148148
TOBE	64	3300029373.a:Ga0243914_100185_76	373	2.2e-10	2	64	302	359	0.96875
Diacid_rec	134	3300029373.a:Ga0243914_100185_77	362	2.4e-06	2	44	2	44	0.31343283582089554
Peptidase_M23	96	3300029373.a:Ga0243914_100185_80	458	2.1e-28	2	96	343	446	0.9791666666666666
Peptidase_M23	96	3300029373.a:Ga0243914_100185_81	393	2e-33	2	96	289	388	0.9791666666666666
Nitroreductase	170	3300029373.a:Ga0243914_100185_88	192	5.9e-09	17	169	25	169	0.8941176470588236
Fer4	24	3300029373.a:Ga0243914_100185_89	62	1e-10	1	23	36	58	0.9166666666666666
HTH_5	47	3300029373.a:Ga0243914_100185_90	98	2.2e-10	2	47	18	64	0.9574468085106383
Fer4	24	3300029373.a:Ga0243914_100185_91	273	5.7e-07	7	24	13	30	0.7083333333333334
HisKA	64	3300029373.a:Ga0243914_100185_96	451	3.3e-16	3	64	231	295	0.953125
HATPase_c	111	3300029373.a:Ga0243914_100185_96	451	1.2e-23	2	108	341	447	0.954954954954955
Response_reg	112	3300029373.a:Ga0243914_100185_97	226	9.2e-31	1	111	3	112	0.9821428571428571
Trans_reg_C	77	3300029373.a:Ga0243914_100185_97	226	2e-27	2	77	146	220	0.974025974025974
Rrf2	83	3300029373.a:Ga0243914_100284_4	142	2.6e-13	36	82	2	48	0.5542168674698795
TetR_N	47	3300029373.a:Ga0243914_100284_51	211	4e-10	1	47	16	62	0.9787234042553191
Fe_dep_repress	60	3300029373.a:Ga0243914_100284_67	85	5.5e-16	2	55	3	55	0.8833333333333333
Peripla_BP_2	238	3300029373.a:Ga0243914_100284_70	297	7.5e-38	2	237	42	271	0.9873949579831933
Fe_dep_repr_C	70	3300029373.a:Ga0243914_100284_73	280	5.8e-05	1	55	64	118	0.7714285714285715
TetR_N	47	3300029373.a:Ga0243914_100284_77	206	1.5e-17	3	46	14	57	0.9148936170212766
MarR	59	3300029373.a:Ga0243914_100284_8	85	1.2e-06	22	52	39	69	0.5084745762711864
MerR	38	3300029373.a:Ga0243914_100284_82	282	1.9e-09	2	38	8	45	0.9473684210526315
Sigma70_r2	71	3300029373.a:Ga0243914_100284_87	161	8.8e-11	2	67	11	74	0.9154929577464789
Sigma70_r4_2	54	3300029373.a:Ga0243914_100284_87	161	7.5e-16	2	54	98	150	0.9629629629629629
HTH_1	60	3300029373.a:Ga0243914_100284_96	305	7.9e-26	1	59	3	61	0.9666666666666667
LysR_substrate	209	3300029373.a:Ga0243914_100284_96	305	1.1e-25	4	206	89	293	0.9665071770334929
GGDEF	161	3300029373.a:Ga0243914_100533_12	455	1.2e-06	32	92	61	120	0.37267080745341613
EAL	238	3300029373.a:Ga0243914_100533_12	455	9.2e-59	6	238	204	435	0.9747899159663865
Nitroreductase	170	3300029373.a:Ga0243914_100533_26	171	3.1e-17	1	55	7	61	0.3176470588235294
Nitroreductase	170	3300029373.a:Ga0243914_100533_26	171	9.7e-13	89	170	68	146	0.4764705882352941
Fer4	24	3300029373.a:Ga0243914_100533_29	365	6.8e-05	4	21	331	348	0.7083333333333334
GAF	133	3300029373.a:Ga0243914_100533_37	180	1e-05	57	132	107	176	0.5639097744360902
NUDIX	131	3300029373.a:Ga0243914_100533_51	183	1.1e-16	4	116	44	155	0.8549618320610687
FUR	120	3300029373.a:Ga0243914_100533_53	136	2.2e-30	2	120	3	121	0.9833333333333333
B12-binding_2	75	3300029373.a:Ga0243914_100545_27	214	6e-20	2	75	4	77	0.9733333333333334
B12-binding	121	3300029373.a:Ga0243914_100545_27	214	7.3e-24	2	95	90	185	0.768595041322314
HhH-GPD	108	3300029373.a:Ga0243914_100545_28	362	2e-19	2	102	49	177	0.9259259259259259
LacI	46	3300029373.a:Ga0243914_100545_29	328	2e-19	2	45	4	47	0.9347826086956522
Peripla_BP_3	164	3300029373.a:Ga0243914_100545_29	328	2.9e-30	1	164	166	324	0.9939024390243902
Glycos_trans_3N	63	3300029373.a:Ga0243914_100545_33	442	3.6e-23	2	63	5	66	0.9682539682539683
HTH_3	55	3300029373.a:Ga0243914_100602_1	84	3.3e-17	1	50	11	60	0.8909090909090909
Aminotran_1_2	363	3300029373.a:Ga0243914_100602_11	352	7.8e-47	2	359	19	345	0.9834710743801653
PfkB	302	3300029373.a:Ga0243914_100602_13	255	5.9e-51	57	301	2	238	0.8079470198675497
CbiA	128	3300029373.a:Ga0243914_100602_18	281	1.2e-12	2	83	39	206	0.6328125
NUDIX	131	3300029373.a:Ga0243914_100602_21	274	8.8e-19	4	117	104	215	0.8625954198473282
Rrf2	83	3300029373.a:Ga0243914_100602_24	146	6.3e-27	1	81	1	81	0.963855421686747
Aminotran_1_2	363	3300029373.a:Ga0243914_100602_27	487	4.7e-17	38	202	62	214	0.45179063360881544
PALP	294	3300029373.a:Ga0243914_100602_32	311	9.8e-74	3	294	9	296	0.9897959183673469
Aminotran_1_2	363	3300029373.a:Ga0243914_100602_33	430	5.5e-13	17	234	36	223	0.5977961432506887
SBP_bac_1	315	3300029373.a:Ga0243914_100602_38	446	5.8e-32	12	309	59	346	0.9428571428571428
LacI	46	3300029373.a:Ga0243914_100602_42	337	2.4e-17	2	46	3	47	0.9565217391304348
Peripla_BP_3	164	3300029373.a:Ga0243914_100602_42	337	2.8e-30	2	164	174	335	0.9878048780487805
HTH_3	55	3300029373.a:Ga0243914_100602_5	58	2.9e-17	5	55	2	52	0.9090909090909091
HTH_3	55	3300029373.a:Ga0243914_100658_14	149	9.9e-16	1	55	7	61	0.9818181818181818
Sigma70_r2	71	3300029373.a:Ga0243914_100658_2	256	4.7e-11	15	53	43	81	0.5352112676056338
Sigma70_r4	50	3300029373.a:Ga0243914_100658_2	256	6.5e-09	15	50	170	205	0.7
Fe_dep_repress	60	3300029373.a:Ga0243914_100658_24	126	1.4e-14	1	58	1	58	0.95
FeoA	74	3300029373.a:Ga0243914_100658_27	75	1.4e-19	1	73	2	73	0.972972972972973
FeoA	74	3300029373.a:Ga0243914_100658_28	94	2.3e-16	2	70	25	90	0.918918918918919
HTH_11	55	3300029373.a:Ga0243914_100658_34	305	2.9e-17	1	53	5	56	0.9454545454545454
GyrI-like	155	3300029373.a:Ga0243914_100658_39	209	1e-22	2	155	19	204	0.9870967741935484
Response_reg	112	3300029373.a:Ga0243914_100658_40	211	3.9e-26	2	105	4	107	0.9196428571428571
GerE	57	3300029373.a:Ga0243914_100658_40	211	1.8e-19	4	56	149	201	0.9122807017543859
HTH_8	42	3300029373.a:Ga0243914_100658_5	126	8.7e-05	11	37	14	39	0.6190476190476191
TetR_N	47	3300029373.a:Ga0243914_100658_50	214	1.1e-11	12	46	32	66	0.723404255319149
NUDIX	131	3300029373.a:Ga0243914_100658_54	128	2e-21	2	130	2	122	0.9770992366412213
Glyoxalase	128	3300029373.a:Ga0243914_100658_57	127	1.2e-20	2	128	6	124	0.984375
Sigma70_r4	50	3300029373.a:Ga0243914_100693_2	59	4.2e-05	11	43	8	39	0.64
HTH_3	55	3300029373.a:Ga0243914_100693_48	74	1.2e-16	1	55	8	62	0.9818181818181818
HTH_3	55	3300029373.a:Ga0243914_100693_50	79	2e-07	4	53	14	63	0.8909090909090909
HTH_3	55	3300029373.a:Ga0243914_100693_58	113	8.6e-17	1	55	7	62	0.9818181818181818
SBP_bac_1	315	3300029373.a:Ga0243914_101161_10	441	4.9e-30	9	309	67	344	0.9523809523809523
Response_reg	112	3300029373.a:Ga0243914_101161_5	532	2.4e-30	2	111	5	116	0.9732142857142857
HTH_18	81	3300029373.a:Ga0243914_101161_5	532	1.4e-18	1	80	447	525	0.9753086419753086
dCache_1	249	3300029373.a:Ga0243914_101161_6	600	1.2e-11	29	238	84	292	0.8393574297188755
HATPase_c	111	3300029373.a:Ga0243914_101161_6	600	3.2e-10	9	108	478	583	0.8918918918918919
MerR	38	3300029373.a:Ga0243914_101169_12	261	3.9e-12	1	38	6	44	0.9736842105263158
SBP_bac_1	315	3300029373.a:Ga0243914_101169_5	452	1.9e-23	16	313	74	362	0.9428571428571428
LacI	46	3300029373.a:Ga0243914_101169_6	338	1.2e-11	3	44	5	46	0.8913043478260869
Peripla_BP_3	164	3300029373.a:Ga0243914_101169_6	338	3e-23	1	164	169	328	0.9939024390243902
AraC_binding	136	3300029373.a:Ga0243914_101169_7	280	1.9e-12	16	131	28	147	0.8455882352941176
HTH_18	81	3300029373.a:Ga0243914_101169_7	280	1e-21	2	80	192	269	0.9629629629629629
Rrf2	83	3300029373.a:Ga0243914_101242_15	154	9.9e-23	4	82	2	78	0.9397590361445783
T2SSE	273	3300029373.a:Ga0243914_101242_26	353	6.3e-37	127	267	123	266	0.5128205128205128
TrkA_C	70	3300029373.a:Ga0243914_101242_28	459	8.3e-17	1	68	152	220	0.9571428571428572
TrkA_C	70	3300029373.a:Ga0243914_101242_28	459	4.3e-10	14	66	396	448	0.7428571428571429
Peripla_BP_2	238	3300029373.a:Ga0243914_101700_6	346	2.1e-24	2	237	82	319	0.9873949579831933
Pyr_redox_2	292	3300029373.a:Ga0243914_101700_7	861	3e-67	2	279	2	290	0.9486301369863014
NIR_SIR_ferr	69	3300029373.a:Ga0243914_101700_7	861	2.2e-13	5	67	567	628	0.8985507246376812
NIR_SIR	159	3300029373.a:Ga0243914_101700_7	861	1.1e-32	2	151	638	835	0.9371069182389937
Sigma70_r4_2	54	3300029373.a:Ga0243914_101700_8	118	1.5e-06	17	53	38	74	0.6666666666666666
AraC_binding	136	3300029373.a:Ga0243914_101700_9	283	6.3e-13	22	135	48	158	0.8308823529411765
HTH_18	81	3300029373.a:Ga0243914_101700_9	283	1.1e-21	1	80	200	278	0.9753086419753086
dCache_1	249	3300029373.a:Ga0243914_102833_2	601	1e-12	4	205	40	250	0.8072289156626506
HATPase_c	111	3300029373.a:Ga0243914_102833_2	601	5.7e-06	10	108	497	598	0.8828828828828829
Response_reg	112	3300029373.a:Ga0243914_102833_3	515	1.2e-30	1	111	3	115	0.9821428571428571
HTH_18	81	3300029373.a:Ga0243914_102833_3	515	4.6e-22	1	80	433	511	0.9753086419753086
SBP_bac_1	315	3300029373.a:Ga0243914_102833_4	429	3.3e-30	5	312	68	342	0.9746031746031746
PadR	75	3300029373.a:Ga0243914_103009_3	114	1.5e-18	1	74	14	82	0.9733333333333334
