0035481	52	3300029661.a:Ga0245258_100013_102	93	2.6e-06	13	46	8	41	0.6346153846153846
0043707	64	3300029661.a:Ga0245258_100013_138	277	8.2e-08	24	63	2	42	0.609375
0038966	94	3300029661.a:Ga0245258_100013_169	98	4.3e-06	37	83	7	53	0.48936170212765956
0038966	94	3300029661.a:Ga0245258_100013_170	69	8.2e-15	30	90	2	62	0.6382978723404256
0043707	64	3300029661.a:Ga0245258_100013_21	72	5.7e-15	6	61	4	60	0.859375
0036955	59	3300029661.a:Ga0245258_100013_233	341	9.1e-18	3	58	11	66	0.9322033898305084
0042546	127	3300029661.a:Ga0245258_100013_308	196	6.4e-19	1	97	41	122	0.7559055118110236
0036955	59	3300029661.a:Ga0245258_100013_316	337	2.1e-16	2	59	2	59	0.9661016949152542
0036955	59	3300029661.a:Ga0245258_100013_320	345	1e-14	3	58	4	59	0.9322033898305084
0036955	59	3300029661.a:Ga0245258_100013_325	348	9.1e-19	2	59	1	58	0.9661016949152542
0036955	59	3300029661.a:Ga0245258_100013_328	340	6.7e-14	3	58	5	60	0.9322033898305084
0036955	59	3300029661.a:Ga0245258_100013_334	345	4.8e-19	2	58	4	60	0.9491525423728814
0036955	59	3300029661.a:Ga0245258_100013_337	362	3.7e-19	2	57	1	56	0.9322033898305084
0039384	65	3300029661.a:Ga0245258_100013_345	388	1.9e-05	7	49	188	230	0.6461538461538462
0036955	59	3300029661.a:Ga0245258_100013_352	257	1.4e-12	3	51	13	61	0.8135593220338984
0043758	87	3300029661.a:Ga0245258_100013_5	238	1.5e-09	38	75	2	39	0.42528735632183906
0036955	59	3300029661.a:Ga0245258_100013_53	352	4.5e-17	2	57	10	65	0.9322033898305084
0036955	59	3300029661.a:Ga0245258_100013_70	372	2.2e-19	2	58	10	66	0.9491525423728814
0042546	127	3300029661.a:Ga0245258_100013_85	143	1e-28	1	115	3	117	0.8976377952755905
0037767	80	3300029661.a:Ga0245258_100013_9	240	5.9e-18	1	77	159	234	0.95
0044558	59	3300029661.a:Ga0245258_100078_140	353	1.9e-13	5	57	2	52	0.8813559322033898
0036955	59	3300029661.a:Ga0245258_100078_146	349	8.3e-18	3	57	10	64	0.9152542372881356
0043707	64	3300029661.a:Ga0245258_100078_163	75	1.1e-11	7	55	3	55	0.75
0043707	64	3300029661.a:Ga0245258_100078_66	185	1.4e-09	4	54	15	66	0.78125
0040266	151	3300029661.a:Ga0245258_100078_83	493	1.4e-06	25	85	430	488	0.3973509933774834
0043143	63	3300029661.a:Ga0245258_100078_89	70	6.6e-08	6	60	7	63	0.8571428571428571
0036955	59	3300029661.a:Ga0245258_100080_100	338	3.8e-15	5	59	1	55	0.9152542372881356
0037767	80	3300029661.a:Ga0245258_100080_123	555	2.3e-08	5	72	16	78	0.8375
0041150	134	3300029661.a:Ga0245258_100080_138	143	2.5e-33	13	134	7	126	0.9029850746268657
0039939	63	3300029661.a:Ga0245258_100080_3	199	3.5e-05	5	52	120	167	0.746031746031746
0041150	134	3300029661.a:Ga0245258_100080_45	354	8.6e-05	26	78	302	349	0.3880597014925373
0043707	64	3300029661.a:Ga0245258_100080_95	80	2e-09	5	58	11	66	0.828125
0036955	59	3300029661.a:Ga0245258_100080_96	337	6.3e-20	3	59	7	63	0.9491525423728814
0043758	87	3300029661.a:Ga0245258_100086_156	526	7e-09	2	60	457	508	0.6666666666666666
0036955	59	3300029661.a:Ga0245258_100086_21	347	7.4e-15	2	59	1	60	0.9661016949152542
0040517	144	3300029661.a:Ga0245258_100117_109	178	2.6e-23	8	137	11	144	0.8958333333333334
0044558	59	3300029661.a:Ga0245258_100117_112	627	6.1e-14	2	54	2	52	0.8813559322033898
0044558	59	3300029661.a:Ga0245258_100117_124	337	9.3e-13	1	51	2	51	0.847457627118644
0040266	151	3300029661.a:Ga0245258_100117_37	390	7.8e-08	28	88	17	77	0.3973509933774834
0040586	141	3300029661.a:Ga0245258_100117_42	169	2.7e-19	37	136	45	152	0.7021276595744681
0036955	59	3300029661.a:Ga0245258_100117_50	347	4.5e-11	2	50	14	62	0.8135593220338984
0043758	87	3300029661.a:Ga0245258_100128_108	242	2.8e-12	2	70	17	84	0.7816091954022989
0043707	64	3300029661.a:Ga0245258_100128_4	172	7.6e-12	3	60	100	158	0.890625
0039384	65	3300029661.a:Ga0245258_100128_41	239	5.3e-05	15	48	57	90	0.5076923076923077
0043669	98	3300029661.a:Ga0245258_100128_71	375	5.7e-06	22	70	24	73	0.4897959183673469
0044258	100	3300029661.a:Ga0245258_100128_73	405	3e-08	15	77	16	81	0.62
0036955	59	3300029661.a:Ga0245258_100128_80	370	1.6e-13	2	57	16	71	0.9322033898305084
0043707	64	3300029661.a:Ga0245258_100129_11	149	3.4e-07	8	44	15	53	0.5625
0035347	75	3300029661.a:Ga0245258_100129_111	171	6.6e-16	2	61	16	75	0.7866666666666666
0040517	144	3300029661.a:Ga0245258_100129_139	218	4e-23	25	135	77	186	0.7638888888888888
0043707	64	3300029661.a:Ga0245258_100129_15	309	4.9e-06	7	60	15	72	0.828125
0043707	64	3300029661.a:Ga0245258_100129_15	309	3.2e-07	6	60	86	144	0.84375
0043707	64	3300029661.a:Ga0245258_100129_15	309	2.7e-08	4	60	163	223	0.875
0043758	87	3300029661.a:Ga0245258_100129_30	470	1.1e-05	22	59	38	73	0.42528735632183906
0038966	94	3300029661.a:Ga0245258_100129_39	168	4.5e-09	27	87	25	85	0.6382978723404256
0037767	80	3300029661.a:Ga0245258_100129_91	125	7.8e-10	6	73	17	79	0.8375
0036955	59	3300029661.a:Ga0245258_100178_18	353	6.6e-19	2	58	13	69	0.9491525423728814
0036955	59	3300029661.a:Ga0245258_100178_27	386	7.7e-17	2	59	5	62	0.9661016949152542
0036286	54	3300029661.a:Ga0245258_100178_28	322	2.7e-08	5	49	213	257	0.8148148148148148
0035607	54	3300029661.a:Ga0245258_100178_28	322	9.9e-13	3	52	263	310	0.9074074074074074
0040586	141	3300029661.a:Ga0245258_100178_40	174	3e-23	36	138	31	133	0.723404255319149
0045030	74	3300029661.a:Ga0245258_100178_43	493	2.5e-05	22	54	445	477	0.43243243243243246
0036955	59	3300029661.a:Ga0245258_100178_59	339	9.1e-16	3	59	3	59	0.9491525423728814
0036955	59	3300029661.a:Ga0245258_100186_43	348	1.2e-18	2	58	4	60	0.9491525423728814
0045032	127	3300029661.a:Ga0245258_100186_57	141	3.3e-25	4	126	6	131	0.9606299212598425
0043707	64	3300029661.a:Ga0245258_100303_27	162	4.3e-14	3	61	3	62	0.90625
0039939	63	3300029661.a:Ga0245258_100303_42	396	2.7e-05	11	55	67	111	0.6984126984126984
0040266	151	3300029661.a:Ga0245258_100303_46	145	2.2e-12	24	91	4	70	0.44370860927152317
0037767	80	3300029661.a:Ga0245258_100303_59	533	8e-08	28	73	75	120	0.5625
0036955	59	3300029661.a:Ga0245258_100303_70	338	2.2e-15	2	58	11	68	0.9491525423728814
0043707	64	3300029661.a:Ga0245258_100326_28	217	1.6e-09	5	61	154	214	0.875
0042546	127	3300029661.a:Ga0245258_100387_13	211	1.2e-11	4	90	43	132	0.6771653543307087
0043143	63	3300029661.a:Ga0245258_100387_47	138	5.7e-08	6	60	20	75	0.8571428571428571
0043707	64	3300029661.a:Ga0245258_100387_48	85	2.9e-06	3	61	8	67	0.90625
0043669	98	3300029661.a:Ga0245258_100408_18	267	1.2e-06	26	76	41	91	0.5102040816326531
0041905	120	3300029661.a:Ga0245258_100408_2	389	9.1e-08	4	67	321	380	0.525
0040266	151	3300029661.a:Ga0245258_100408_28	311	7e-05	33	122	10	96	0.5894039735099338
0043669	98	3300029661.a:Ga0245258_100408_6	292	8.1e-11	20	75	41	97	0.5612244897959183
0039939	63	3300029661.a:Ga0245258_100449_10	232	3.5e-06	6	55	161	210	0.7777777777777778
0043758	87	3300029661.a:Ga0245258_100568_26	373	8.5e-25	2	85	2	85	0.9540229885057471
0038966	94	3300029661.a:Ga0245258_100568_32	519	1.6e-07	27	88	4	70	0.648936170212766
0038753	71	3300029661.a:Ga0245258_100614_4	457	1.3e-08	4	65	23	77	0.8591549295774648
0043707	64	3300029661.a:Ga0245258_100614_8	72	1.4e-06	7	60	3	57	0.828125
0043707	64	3300029661.a:Ga0245258_100614_9	157	3.1e-09	6	61	27	83	0.859375
0040266	151	3300029661.a:Ga0245258_100798_14	251	9.5e-10	30	114	17	85	0.5562913907284768
0043707	64	3300029661.a:Ga0245258_100815_10	90	1.2e-09	3	57	9	63	0.84375
0036286	54	3300029661.a:Ga0245258_101817_6	297	1.1e-07	5	53	197	244	0.8888888888888888
0035607	54	3300029661.a:Ga0245258_101817_6	297	3.3e-10	3	53	246	294	0.9259259259259259
0040266	151	3300029661.a:Ga0245258_101817_8	381	2.5e-09	34	117	20	96	0.5496688741721855
