HTH_8	42	3300010280.a:Ga0129308_1000050_105	514	4.8e-05	16	41	457	482	0.5952380952380952
HTH_3	55	3300010280.a:Ga0129308_1000050_11	926	2.9e-06	7	33	898	924	0.4727272727272727
Rrf2	83	3300010280.a:Ga0129308_1000050_113	145	3.1e-23	1	83	1	81	0.9879518072289156
Arg_repressor	70	3300010280.a:Ga0129308_1000050_119	151	6.1e-24	3	67	2	66	0.9142857142857143
LacI	46	3300010280.a:Ga0129308_1000050_159	332	3.7e-09	1	46	3	51	0.9782608695652174
HTH_8	42	3300010280.a:Ga0129308_1000050_160	363	6e-05	20	42	305	327	0.5238095238095238
HTH_AraC	42	3300010280.a:Ga0129308_1000050_174	329	2.7e-10	7	41	281	316	0.8095238095238095
HTH_AraC	42	3300010280.a:Ga0129308_1000050_179	516	1.1e-09	1	42	419	461	0.9761904761904762
HTH_AraC	42	3300010280.a:Ga0129308_1000050_179	516	8e-10	8	41	476	510	0.7857142857142857
HTH_AraC	42	3300010280.a:Ga0129308_1000050_190	540	2.2e-08	1	40	443	483	0.9285714285714286
HTH_AraC	42	3300010280.a:Ga0129308_1000050_190	540	1.1e-05	13	40	505	533	0.6428571428571429
LacI	46	3300010280.a:Ga0129308_1000050_195	332	6.4e-11	2	46	1	44	0.9565217391304348
HTH_AraC	42	3300010280.a:Ga0129308_1000050_204	283	2.5e-07	1	42	190	231	0.9761904761904762
HTH_AraC	42	3300010280.a:Ga0129308_1000050_204	283	4.4e-10	6	40	244	279	0.8095238095238095
HTH_DeoR	57	3300010280.a:Ga0129308_1000050_213	258	2.3e-19	1	56	6	61	0.9649122807017544
Trans_reg_C	77	3300010280.a:Ga0129308_1000050_69	228	7e-27	1	77	149	222	0.987012987012987
GerE	57	3300010280.a:Ga0129308_1000050_70	173	3.8e-06	5	39	118	153	0.5964912280701754
Trans_reg_C	77	3300010280.a:Ga0129308_1000050_74	241	1.1e-22	1	77	156	232	0.987012987012987
GerE	57	3300010280.a:Ga0129308_1000050_88	260	1.8e-05	2	35	209	243	0.5789473684210527
HTH_3	55	3300010280.a:Ga0129308_1000064_108	68	2.2e-18	1	55	6	60	0.9818181818181818
MarR	59	3300010280.a:Ga0129308_1000064_150	146	2.1e-05	8	46	39	78	0.6440677966101694
MerR	38	3300010280.a:Ga0129308_1000064_154	251	5.8e-15	2	38	7	43	0.9473684210526315
GntR	64	3300010280.a:Ga0129308_1000064_163	122	6.9e-16	2	64	10	72	0.96875
GntR	64	3300010280.a:Ga0129308_1000064_165	243	8.6e-20	2	64	13	75	0.96875
Rrf2	83	3300010280.a:Ga0129308_1000064_25	134	3e-26	1	82	1	82	0.9759036144578314
GntR	64	3300010280.a:Ga0129308_1000064_81	124	1.3e-20	2	64	14	76	0.96875
HTH_AraC	42	3300010280.a:Ga0129308_1000064_83	405	1.8e-09	4	42	306	345	0.9047619047619048
HTH_AraC	42	3300010280.a:Ga0129308_1000064_83	405	4.2e-10	8	42	360	395	0.8095238095238095
MerR	38	3300010280.a:Ga0129308_1000114_16	253	5.1e-16	1	38	4	41	0.9736842105263158
MarR	59	3300010280.a:Ga0129308_1000114_90	164	7e-10	15	57	56	98	0.711864406779661
Trans_reg_C	77	3300010280.a:Ga0129308_1000126_14	230	5.3e-30	1	77	151	227	0.987012987012987
HTH_11	55	3300010280.a:Ga0129308_1000126_21	183	4.5e-10	1	54	6	58	0.9636363636363636
PadR	75	3300010280.a:Ga0129308_1000126_57	113	2.1e-21	1	74	19	91	0.9733333333333334
LacI	46	3300010280.a:Ga0129308_1000126_86	344	1.1e-12	1	44	3	46	0.9347826086956522
MerR	38	3300010280.a:Ga0129308_1000126_98	134	3.7e-14	1	38	3	39	0.9736842105263158
HTH_3	55	3300010280.a:Ga0129308_1000143_18	373	7.4e-16	5	55	14	64	0.9090909090909091
HTH_3	55	3300010280.a:Ga0129308_1000143_34	119	5.6e-05	10	34	48	72	0.43636363636363634
HTH_10	53	3300010280.a:Ga0129308_1000143_50	108	3.8e-05	24	49	34	59	0.4716981132075472
HTH_AraC	42	3300010280.a:Ga0129308_1000143_6	302	9.5e-07	2	42	205	245	0.9523809523809523
HTH_AraC	42	3300010280.a:Ga0129308_1000143_6	302	2e-10	2	41	257	294	0.9285714285714286
GATA	36	3300010280.a:Ga0129308_1000143_66	61	4.6e-05	19	35	40	56	0.4444444444444444
LacI	46	3300010280.a:Ga0129308_1000143_74	341	6e-15	1	46	8	53	0.9782608695652174
HTH_1	60	3300010280.a:Ga0129308_1000145_45	304	2.9e-19	3	60	6	63	0.95
GntR	64	3300010280.a:Ga0129308_1000145_65	236	7e-17	5	64	14	73	0.921875
Trans_reg_C	77	3300010280.a:Ga0129308_1000145_99	410	3e-10	11	72	44	107	0.7922077922077922
LacI	46	3300010280.a:Ga0129308_1000169_1	343	2.4e-17	2	46	16	60	0.9565217391304348
HTH_8	42	3300010280.a:Ga0129308_1000169_101	516	1.5e-05	18	41	462	485	0.5476190476190477
HTH_3	55	3300010280.a:Ga0129308_1000169_24	340	3e-16	1	54	7	60	0.9636363636363636
HTH_3	55	3300010280.a:Ga0129308_1000169_31	71	4.4e-17	1	55	6	60	0.9818181818181818
LytTR	98	3300010280.a:Ga0129308_1000169_53	239	1.1e-19	2	97	141	232	0.9693877551020408
Trans_reg_C	77	3300010280.a:Ga0129308_1000169_7	234	1e-23	1	77	153	229	0.987012987012987
PadR	75	3300010280.a:Ga0129308_1000169_82	110	1.9e-24	1	73	16	87	0.96
HTH_3	55	3300010280.a:Ga0129308_1000169_87	318	1.4e-19	1	55	10	64	0.9818181818181818
HTH_11	55	3300010280.a:Ga0129308_1000169_93	63	1.2e-06	12	43	5	36	0.5636363636363636
HTH_3	55	3300010280.a:Ga0129308_1000169_94	204	5.1e-16	1	52	7	58	0.9272727272727272
CodY	177	3300010280.a:Ga0129308_1000231_37	262	2.9e-34	1	177	4	175	0.9943502824858758
HTH_CodY	61	3300010280.a:Ga0129308_1000231_37	262	4.1e-37	1	61	194	254	0.9836065573770492
GntR	64	3300010280.a:Ga0129308_1000231_4	242	3.8e-17	2	62	6	66	0.9375
HTH_AraC	42	3300010280.a:Ga0129308_1000231_49	294	1.6e-08	1	41	187	227	0.9523809523809523
HTH_AraC	42	3300010280.a:Ga0129308_1000231_49	294	1.4e-10	7	42	242	278	0.8333333333333334
HTH_AraC	42	3300010280.a:Ga0129308_1000231_53	286	4.3e-10	1	41	186	226	0.9523809523809523
HTH_AraC	42	3300010280.a:Ga0129308_1000231_53	286	1.3e-10	2	41	239	276	0.9285714285714286
Trans_reg_C	77	3300010280.a:Ga0129308_1000231_81	234	1.9e-28	1	77	154	228	0.987012987012987
Crp	32	3300010280.a:Ga0129308_1000302_13	219	4.5e-10	1	31	167	197	0.9375
GerE	57	3300010280.a:Ga0129308_1000302_19	208	3.7e-20	4	56	150	202	0.9122807017543859
HLH	55	3300010280.a:Ga0129308_1000302_26	71	3.9e-06	13	50	17	55	0.6727272727272727
HTH_3	55	3300010280.a:Ga0129308_1000302_34	172	7.4e-06	4	49	16	62	0.8181818181818182
HTH_AraC	42	3300010280.a:Ga0129308_1000302_4	467	9.5e-10	1	41	372	412	0.9523809523809523
HTH_AraC	42	3300010280.a:Ga0129308_1000302_4	467	1.6e-13	8	41	428	462	0.7857142857142857
GerE	57	3300010280.a:Ga0129308_1000302_40	571	1.1e-07	5	38	45	78	0.5789473684210527
HTH_11	55	3300010280.a:Ga0129308_1000302_42	328	8.1e-05	28	54	45	73	0.4727272727272727
HTH_3	55	3300010280.a:Ga0129308_1000302_59	72	4.3e-10	4	54	11	60	0.9090909090909091
HTH_3	55	3300010280.a:Ga0129308_1000302_67	88	3.2e-12	1	54	8	65	0.9636363636363636
HTH_3	55	3300010280.a:Ga0129308_1000302_68	85	1.7e-09	1	55	16	71	0.9818181818181818
HTH_AraC	42	3300010280.a:Ga0129308_1000321_27	314	5.6e-06	2	40	197	235	0.9047619047619048
HTH_AraC	42	3300010280.a:Ga0129308_1000321_27	314	6.8e-12	7	40	251	285	0.7857142857142857
Trans_reg_C	77	3300010280.a:Ga0129308_1000321_29	223	2.3e-29	2	77	148	220	0.974025974025974
LytTR	98	3300010280.a:Ga0129308_1000321_33	238	6.3e-20	2	89	140	220	0.8877551020408163
HTH_1	60	3300010280.a:Ga0129308_1000321_40	298	1.4e-22	1	59	3	61	0.9666666666666667
HTH_DeoR	57	3300010280.a:Ga0129308_1000321_41	247	1.7e-18	1	55	6	60	0.9473684210526315
HTH_3	55	3300010280.a:Ga0129308_1000321_45	73	1.2e-12	1	34	10	43	0.6
HTH_3	55	3300010280.a:Ga0129308_1000321_47	296	2.3e-20	1	55	7	61	0.9818181818181818
Trans_reg_C	77	3300010280.a:Ga0129308_1000321_5	233	1.4e-27	1	76	154	230	0.974025974025974
bZIP_1	64	3300010280.a:Ga0129308_1000321_66	85	1.5e-05	24	60	30	66	0.5625
HTH_11	55	3300010280.a:Ga0129308_1000391_1	211	2.5e-12	1	52	4	54	0.9272727272727272
HTH_DeoR	57	3300010280.a:Ga0129308_1000391_10	261	3.3e-16	1	56	6	61	0.9649122807017544
LacI	46	3300010280.a:Ga0129308_1000391_3	336	9.9e-19	2	45	4	48	0.9347826086956522
HTH_5	47	3300010280.a:Ga0129308_1000391_30	371	6.3e-08	2	46	11	56	0.9361702127659575
LytTR	98	3300010280.a:Ga0129308_1000391_34	238	5.8e-15	2	91	134	218	0.9081632653061225
Pencillinase_R	115	3300010280.a:Ga0129308_1000391_46	130	8.7e-28	3	114	10	122	0.9652173913043478
HTH_3	55	3300010280.a:Ga0129308_1000391_55	84	3e-15	1	52	15	66	0.9272727272727272
HTH_11	55	3300010280.a:Ga0129308_1000391_8	341	3.8e-05	27	54	51	80	0.4909090909090909
HTH_AraC	42	3300010280.a:Ga0129308_1000426_12	290	1e-06	1	32	186	217	0.7380952380952381
HTH_AraC	42	3300010280.a:Ga0129308_1000426_12	290	9e-05	7	39	241	274	0.7619047619047619
HTH_AraC	42	3300010280.a:Ga0129308_1000426_17	297	2.8e-12	1	41	205	245	0.9523809523809523
HTH_AraC	42	3300010280.a:Ga0129308_1000426_17	297	6.8e-09	1	35	257	289	0.8095238095238095
HTH_AraC	42	3300010280.a:Ga0129308_1000426_19	254	3e-07	1	42	156	197	0.9761904761904762
HTH_AraC	42	3300010280.a:Ga0129308_1000426_19	254	3.6e-10	6	42	210	247	0.8571428571428571
HTH_AraC	42	3300010280.a:Ga0129308_1000426_28	258	1.6e-11	4	42	151	189	0.9047619047619048
HTH_AraC	42	3300010280.a:Ga0129308_1000426_28	258	7.4e-11	9	41	205	238	0.7619047619047619
HTH_AraC	42	3300010280.a:Ga0129308_1000426_33	542	3.3e-07	3	42	445	485	0.9285714285714286
HTH_AraC	42	3300010280.a:Ga0129308_1000426_33	542	1.1e-11	12	42	504	535	0.7142857142857143
HTH_5	47	3300010280.a:Ga0129308_1000435_20	121	6.8e-20	1	46	45	90	0.9574468085106383
Trp_repressor	88	3300010280.a:Ga0129308_1000435_4	108	2e-33	2	87	9	93	0.9659090909090909
HTH_AraC	42	3300010280.a:Ga0129308_1000435_41	188	4e-05	3	33	19	49	0.7142857142857143
zf-BED	44	3300010280.a:Ga0129308_1000435_56	247	3.3e-05	18	40	8	30	0.5
HTH_1	60	3300010280.a:Ga0129308_1000435_59	293	6.4e-24	1	59	3	61	0.9666666666666667
HTH_AraC	42	3300010280.a:Ga0129308_1000435_9	289	2.3e-11	1	41	187	227	0.9523809523809523
HTH_AraC	42	3300010280.a:Ga0129308_1000435_9	289	3.2e-12	1	42	239	278	0.9761904761904762
HTH_11	55	3300010280.a:Ga0129308_1000436_12	354	8.6e-06	3	47	14	60	0.8
HTH_3	55	3300010280.a:Ga0129308_1000436_30	210	2.4e-06	11	32	175	196	0.38181818181818183
Rrf2	83	3300010280.a:Ga0129308_1000436_46	145	1.2e-29	1	82	1	82	0.9759036144578314
HTH_3	55	3300010280.a:Ga0129308_1000483_12	161	1.5e-09	1	54	7	60	0.9636363636363636
TrmB	68	3300010280.a:Ga0129308_1000483_2	64	6.4e-08	23	60	7	48	0.5441176470588235
HTH_3	55	3300010280.a:Ga0129308_1000483_3	178	3e-15	1	52	6	57	0.9272727272727272
HTH_DeoR	57	3300010280.a:Ga0129308_1000483_34	264	7.9e-18	1	56	6	61	0.9649122807017544
MerR	38	3300010280.a:Ga0129308_1000483_45	267	2.3e-14	1	38	6	42	0.9736842105263158
HTH_11	55	3300010280.a:Ga0129308_1000491_18	698	2e-09	1	38	6	43	0.6727272727272727
Mga	87	3300010280.a:Ga0129308_1000491_18	698	2e-05	21	83	98	163	0.7126436781609196
LacI	46	3300010280.a:Ga0129308_1000491_7	342	1.5e-12	2	46	8	53	0.9565217391304348
HTH_3	55	3300010280.a:Ga0129308_1000505_12	241	1.4e-05	8	31	204	227	0.41818181818181815
PspC	53	3300010280.a:Ga0129308_1000505_28	62	7.5e-26	1	52	4	60	0.9622641509433962
PadR	75	3300010280.a:Ga0129308_1000505_31	107	2.5e-18	1	73	14	83	0.96
GntR	64	3300010280.a:Ga0129308_1000505_33	364	1.1e-18	1	64	5	68	0.984375
Trans_reg_C	77	3300010280.a:Ga0129308_1000546_14	227	4.6e-20	3	77	149	222	0.961038961038961
HTH_1	60	3300010280.a:Ga0129308_1000552_22	297	6.3e-20	1	60	3	62	0.9833333333333333
FUR	120	3300010280.a:Ga0129308_1000552_44	132	1.6e-27	3	116	3	115	0.9416666666666667
Trans_reg_C	77	3300010280.a:Ga0129308_1000552_45	231	6.1e-25	1	76	151	226	0.974025974025974
HTH_6	77	3300010280.a:Ga0129308_1000552_53	275	3.6e-14	2	66	7	71	0.8311688311688312
Trans_reg_C	77	3300010280.a:Ga0129308_1000564_16	220	7.3e-22	1	76	144	217	0.974025974025974
HTH_5	47	3300010280.a:Ga0129308_1000564_18	225	4.9e-05	10	37	20	50	0.574468085106383
Trans_reg_C	77	3300010280.a:Ga0129308_1000564_23	226	6.8e-26	2	76	145	220	0.961038961038961
GerE	57	3300010280.a:Ga0129308_1000564_46	530	4.2e-08	2	56	456	510	0.9473684210526315
HTH_1	60	3300010280.a:Ga0129308_1000616_31	293	2.5e-20	4	60	8	64	0.9333333333333333
Rrf2	83	3300010280.a:Ga0129308_1000616_4	136	1.3e-20	1	83	1	80	0.9879518072289156
GerE	57	3300010280.a:Ga0129308_1000628_2	172	5e-06	13	42	116	145	0.5087719298245614
HTH_11	55	3300010280.a:Ga0129308_1000628_40	327	3.5e-19	3	55	9	62	0.9454545454545454
LacI	46	3300010280.a:Ga0129308_1000628_52	334	1.5e-21	1	46	3	48	0.9782608695652174
MerR	38	3300010280.a:Ga0129308_1000628_6	305	1.1e-09	2	38	3	39	0.9473684210526315
HTH_3	55	3300010280.a:Ga0129308_1000638_49	244	4.7e-08	10	31	208	229	0.38181818181818183
HTH_3	55	3300010280.a:Ga0129308_1000702_17	72	1.3e-08	7	54	13	61	0.8545454545454545
GntR	64	3300010280.a:Ga0129308_1000702_25	234	9.6e-20	3	64	16	76	0.953125
HTH_3	55	3300010280.a:Ga0129308_1000819_23	504	3e-08	1	55	11	70	0.9818181818181818
Trans_reg_C	77	3300010280.a:Ga0129308_1000819_27	222	1.2e-28	2	77	147	219	0.974025974025974
SfsA	199	3300010280.a:Ga0129308_1000819_31	233	7.2e-82	1	198	12	217	0.9899497487437185
HTH_1	60	3300010280.a:Ga0129308_1000819_37	42	1.2e-13	1	38	3	40	0.6166666666666667
HTH_5	47	3300010280.a:Ga0129308_1000819_4	90	1.7e-15	1	45	12	56	0.9361702127659575
HTH_AraC	42	3300010280.a:Ga0129308_1000819_5	286	1e-07	7	42	199	234	0.8333333333333334
HTH_AraC	42	3300010280.a:Ga0129308_1000819_5	286	4.4e-10	10	41	251	283	0.7380952380952381
HTH_AraC	42	3300010280.a:Ga0129308_1000819_9	513	7.6e-07	3	41	411	449	0.9047619047619048
HTH_AraC	42	3300010280.a:Ga0129308_1000819_9	513	1.8e-11	2	42	462	500	0.9523809523809523
HTH_AraC	42	3300010280.a:Ga0129308_1000889_16	272	4e-10	1	42	183	224	0.9761904761904762
HTH_AraC	42	3300010280.a:Ga0129308_1000889_2	530	8e-07	2	41	486	523	0.9285714285714286
LytTR	98	3300010280.a:Ga0129308_1000924_4	237	2.2e-17	5	97	141	227	0.9387755102040817
HTH_AraC	42	3300010280.a:Ga0129308_1001121_22	288	2e-09	1	42	179	220	0.9761904761904762
HTH_AraC	42	3300010280.a:Ga0129308_1001121_22	288	2.5e-11	6	42	233	270	0.8571428571428571
HTH_1	60	3300010280.a:Ga0129308_1001121_24	296	4.9e-24	1	59	3	61	0.9666666666666667
HTH_3	55	3300010280.a:Ga0129308_1001121_28	80	1.1e-17	1	54	18	71	0.9636363636363636
HTH_AraC	42	3300010280.a:Ga0129308_1001131_17	541	5.6e-09	1	42	438	480	0.9761904761904762
HTH_AraC	42	3300010280.a:Ga0129308_1001131_17	541	2.5e-10	14	41	501	529	0.6428571428571429
MerR	38	3300010280.a:Ga0129308_1001131_5	277	3.5e-12	2	38	17	53	0.9473684210526315
Trans_reg_C	77	3300010280.a:Ga0129308_1001131_9	233	5.3e-24	1	76	154	228	0.974025974025974
LacI	46	3300010280.a:Ga0129308_1001138_12	342	2.9e-10	1	46	7	52	0.9782608695652174
HTH_3	55	3300010280.a:Ga0129308_1001138_16	70	9.6e-17	1	55	7	61	0.9818181818181818
Trans_reg_C	77	3300010280.a:Ga0129308_1001138_24	182	4.1e-23	1	77	105	177	0.987012987012987
MerR	38	3300010280.a:Ga0129308_1001207_11	178	1.6e-06	1	38	6	42	0.9736842105263158
HTH_AraC	42	3300010280.a:Ga0129308_1001207_23	265	1.6e-05	3	30	169	196	0.6428571428571429
HTH_AraC	42	3300010280.a:Ga0129308_1001207_23	265	1.8e-10	1	42	219	258	0.9761904761904762
HTH_AraC	42	3300010280.a:Ga0129308_1001207_26	294	1.3e-05	3	41	190	228	0.9047619047619048
HTH_AraC	42	3300010280.a:Ga0129308_1001207_26	294	5.2e-10	1	42	240	279	0.9761904761904762
MerR	38	3300010280.a:Ga0129308_1001228_2	88	2.4e-09	1	38	17	54	0.9736842105263158
HTH_3	55	3300010280.a:Ga0129308_1001278_28	77	6.7e-08	1	49	12	59	0.8727272727272727
SpoVT_AbrB	46	3300010280.a:Ga0129308_1001377_13	183	1.5e-11	2	43	9	51	0.8913043478260869
HTH_1	60	3300010280.a:Ga0129308_1001377_17	317	2.2e-17	3	59	4	60	0.9333333333333333
LacI	46	3300010280.a:Ga0129308_1001377_21	361	1.8e-20	2	46	4	48	0.9565217391304348
LacI	46	3300010280.a:Ga0129308_1001377_9	330	2.1e-18	2	46	3	46	0.9565217391304348
LexA_DNA_bind	65	3300010280.a:Ga0129308_1001408_17	207	3.6e-25	4	65	6	67	0.9384615384615385
HTH_3	55	3300010280.a:Ga0129308_1001408_27	492	9.8e-13	4	52	16	64	0.8727272727272727
GerE	57	3300010280.a:Ga0129308_1001476_6	198	3e-05	2	45	145	188	0.7543859649122807
HTH_DeoR	57	3300010280.a:Ga0129308_1001508_12	254	1.3e-19	1	53	6	58	0.9122807017543859
Trans_reg_C	77	3300010280.a:Ga0129308_1001508_5	230	2.3e-27	1	77	151	227	0.987012987012987
HTH_6	77	3300010280.a:Ga0129308_1001734_16	286	5.5e-24	4	74	6	76	0.9090909090909091
MarR	59	3300010280.a:Ga0129308_1001734_4	148	1.4e-09	16	59	49	92	0.7288135593220338
GntR	64	3300010280.a:Ga0129308_1001770_17	124	6.9e-14	3	64	15	76	0.953125
GntR	64	3300010280.a:Ga0129308_1001822_14	461	1.4e-14	1	64	29	92	0.984375
LytTR	98	3300010280.a:Ga0129308_1001900_17	239	1.2e-19	3	96	140	230	0.9489795918367347
GerE	57	3300010280.a:Ga0129308_1002229_12	222	1.9e-13	4	55	144	195	0.8947368421052632
GerE	57	3300010280.a:Ga0129308_1002229_9	540	1.6e-10	2	56	457	511	0.9473684210526315
HTH_3	55	3300010280.a:Ga0129308_1003334_12	85	9e-08	1	52	17	73	0.9272727272727272
Trans_reg_C	77	3300010280.a:Ga0129308_1003389_2	227	4.4e-24	1	76	145	221	0.974025974025974
GntR	64	3300010280.a:Ga0129308_1003389_5	125	1e-11	2	64	12	74	0.96875
GntR	64	3300010280.a:Ga0129308_1004001_5	207	6.4e-19	1	64	20	83	0.984375
HTH_3	55	3300010280.a:Ga0129308_1004203_4	588	5.1e-06	3	42	13	52	0.7090909090909091
LacI	46	3300010280.a:Ga0129308_1004226_3	364	6e-15	5	43	11	51	0.8260869565217391
LexA_DNA_bind	65	3300010280.a:Ga0129308_1004359_4	76	3.6e-19	2	65	8	71	0.9692307692307692
HTH_3	55	3300010280.a:Ga0129308_1004359_6	245	1.1e-07	4	50	11	62	0.8363636363636363
HTH_3	55	3300010280.a:Ga0129308_1004359_7	67	8.4e-14	1	55	7	61	0.9818181818181818
GntR	64	3300010280.a:Ga0129308_1006190_2	249	2.6e-20	1	64	10	73	0.984375
MarR	59	3300010280.a:Ga0129308_1007136_8	91	1.2e-13	1	58	27	84	0.9661016949152542
MarR	59	3300010280.a:Ga0129308_1008110_4	163	1.4e-16	4	58	39	93	0.9152542372881356
HTH_11	55	3300010280.a:Ga0129308_1008547_1	67	5.4e-18	1	52	5	55	0.9272727272727272
