Nitroreductase	170	3300005370.a:Ga0074244_11_100	206	1.3e-30	1	169	22	200	0.9882352941176471
MarR	59	3300005370.a:Ga0074244_11_1002	172	5.6e-09	2	58	41	97	0.9491525423728814
Fer4	24	3300005370.a:Ga0074244_11_1003	400	1.2e-05	8	23	256	271	0.625
Sigma70_r2	71	3300005370.a:Ga0074244_11_1011	157	5.7e-16	5	70	2	66	0.9154929577464789
Sigma70_r4_2	54	3300005370.a:Ga0074244_11_1011	157	4.6e-15	5	52	99	146	0.8703703703703703
TPR_1	34	3300005370.a:Ga0074244_11_1012	154	3.8e-05	3	28	88	113	0.7352941176470589
Response_reg	112	3300005370.a:Ga0074244_11_1013	240	1.7e-27	1	112	10	121	0.9910714285714286
Trans_reg_C	77	3300005370.a:Ga0074244_11_1013	240	7.3e-19	2	77	155	227	0.974025974025974
PAS	113	3300005370.a:Ga0074244_11_1014	539	1.1e-07	6	43	9	46	0.3274336283185841
HisKA	64	3300005370.a:Ga0074244_11_1014	539	2.2e-10	2	62	313	375	0.9375
HATPase_c	111	3300005370.a:Ga0074244_11_1014	539	2e-23	2	109	424	532	0.963963963963964
Response_reg	112	3300005370.a:Ga0074244_11_1018	227	2.2e-26	1	111	3	113	0.9821428571428571
Trans_reg_C	77	3300005370.a:Ga0074244_11_1018	227	1.4e-18	3	77	148	222	0.961038961038961
HisKA	64	3300005370.a:Ga0074244_11_1019	597	7e-09	5	60	360	418	0.859375
HATPase_c	111	3300005370.a:Ga0074244_11_1019	597	2.6e-21	2	110	469	577	0.972972972972973
Fer4	24	3300005370.a:Ga0074244_11_1031	85	3.2e-09	4	24	5	25	0.8333333333333334
Pyr_redox_2	292	3300005370.a:Ga0074244_11_1035	442	1.5e-12	2	109	11	171	0.3664383561643836
SIS	131	3300005370.a:Ga0074244_11_1046	217	2.4e-10	30	102	110	182	0.549618320610687
Fer4	24	3300005370.a:Ga0074244_11_1054	151	2.9e-07	5	24	16	35	0.7916666666666666
Fer4	24	3300005370.a:Ga0074244_11_1054	151	6.1e-06	2	19	48	65	0.7083333333333334
PIG-L	131	3300005370.a:Ga0074244_11_1056	251	1.1e-29	1	128	40	156	0.9694656488549618
Sigma70_r4_2	54	3300005370.a:Ga0074244_11_1058	118	2.3e-10	9	53	32	76	0.8148148148148148
Response_reg	112	3300005370.a:Ga0074244_11_1070	228	1.9e-28	2	111	4	113	0.9732142857142857
Trans_reg_C	77	3300005370.a:Ga0074244_11_1070	228	1.1e-17	4	77	150	223	0.948051948051948
HisKA	64	3300005370.a:Ga0074244_11_1071	608	2.4e-09	4	62	365	425	0.90625
HATPase_c	111	3300005370.a:Ga0074244_11_1071	608	1.3e-26	2	109	474	582	0.963963963963964
ACT	67	3300005370.a:Ga0074244_11_108	179	6.4e-16	1	65	6	70	0.9552238805970149
Peripla_BP_2	238	3300005370.a:Ga0074244_11_1089	367	7.6e-33	1	237	29	259	0.9915966386554622
cNMP_binding	88	3300005370.a:Ga0074244_11_1093	248	7.5e-23	3	88	32	118	0.9659090909090909
Crp	32	3300005370.a:Ga0074244_11_1093	248	1.1e-06	2	32	176	206	0.9375
Response_reg	112	3300005370.a:Ga0074244_11_1094	226	3.5e-24	2	112	4	114	0.9821428571428571
Trans_reg_C	77	3300005370.a:Ga0074244_11_1094	226	1.2e-18	2	77	148	223	0.974025974025974
PAS	113	3300005370.a:Ga0074244_11_1095	427	7.7e-12	8	112	24	129	0.9203539823008849
HisKA	64	3300005370.a:Ga0074244_11_1095	427	2.6e-09	1	60	198	259	0.921875
HATPase_c	111	3300005370.a:Ga0074244_11_1095	427	2.6e-33	2	109	310	418	0.963963963963964
Fer4	24	3300005370.a:Ga0074244_11_1096	515	2e-05	8	24	375	391	0.6666666666666666
Response_reg	112	3300005370.a:Ga0074244_11_1098	224	2.7e-26	1	112	4	115	0.9910714285714286
Trans_reg_C	77	3300005370.a:Ga0074244_11_1098	224	2.4e-14	3	77	146	220	0.961038961038961
PAS	113	3300005370.a:Ga0074244_11_1099	393	4.6e-06	19	95	53	128	0.672566371681416
HisKA	64	3300005370.a:Ga0074244_11_1099	393	3.9e-11	2	62	175	236	0.9375
HATPase_c	111	3300005370.a:Ga0074244_11_1099	393	1.1e-20	2	109	285	388	0.963963963963964
Fer4	24	3300005370.a:Ga0074244_11_1100	506	6.4e-07	6	24	389	407	0.75
Fer4	24	3300005370.a:Ga0074244_11_1104	516	4.4e-05	8	23	372	387	0.625
PAS	113	3300005370.a:Ga0074244_11_1108	535	4.7e-07	7	52	10	56	0.39823008849557523
PAS	113	3300005370.a:Ga0074244_11_1108	535	7.3e-05	21	113	182	272	0.8141592920353983
HisKA	64	3300005370.a:Ga0074244_11_1108	535	2.4e-06	2	62	303	365	0.9375
HATPase_c	111	3300005370.a:Ga0074244_11_1108	535	3.2e-27	2	109	414	522	0.963963963963964
Response_reg	112	3300005370.a:Ga0074244_11_1109	226	7.7e-25	2	111	4	113	0.9732142857142857
Trans_reg_C	77	3300005370.a:Ga0074244_11_1109	226	6.8e-15	3	77	148	222	0.961038961038961
Fer4	24	3300005370.a:Ga0074244_11_1110	496	9.7e-06	8	23	382	397	0.625
NTP_transf_2	95	3300005370.a:Ga0074244_11_1124	510	7.2e-05	4	43	33	76	0.4105263157894737
HD	122	3300005370.a:Ga0074244_11_1124	510	1.9e-09	25	120	315	420	0.7786885245901639
HTH_3	55	3300005370.a:Ga0074244_11_1125	134	8.2e-13	1	55	17	71	0.9818181818181818
AAA	132	3300005370.a:Ga0074244_11_1180	605	5.3e-48	1	129	191	321	0.9696969696969697
Aminotran_1_2	363	3300005370.a:Ga0074244_11_119	359	2.1e-58	3	363	34	353	0.9917355371900827
SBP_bac_3	225	3300005370.a:Ga0074244_11_1208	261	7.3e-65	1	222	41	256	0.9822222222222222
PAS	113	3300005370.a:Ga0074244_11_1217	358	2e-14	6	113	16	123	0.9469026548672567
HATPase_c	111	3300005370.a:Ga0074244_11_1217	358	2.8e-08	7	108	258	347	0.9099099099099099
GerE	57	3300005370.a:Ga0074244_11_1218	95	1.3e-22	2	55	16	69	0.9298245614035088
Response_reg	112	3300005370.a:Ga0074244_11_1219	81	1.7e-20	1	68	6	74	0.5982142857142857
Pribosyltran	159	3300005370.a:Ga0074244_11_1222	342	9.4e-10	15	124	171	273	0.6855345911949685
Aminotran_1_2	363	3300005370.a:Ga0074244_11_1223	416	1.2e-14	46	351	67	365	0.8402203856749312
T2SSE	273	3300005370.a:Ga0074244_11_1226	815	5.5e-06	31	151	401	523	0.43956043956043955
NUDIX	131	3300005370.a:Ga0074244_11_1243	177	2e-17	3	120	40	153	0.8931297709923665
ACT	67	3300005370.a:Ga0074244_11_1248	359	5.9e-08	2	66	275	339	0.9552238805970149
EPSP_synthase	417	3300005370.a:Ga0074244_11_1250	421	7.8e-99	9	417	12	409	0.9784172661870504
SKI	158	3300005370.a:Ga0074244_11_1251	177	4.8e-44	1	157	13	168	0.9873417721518988
SIS	131	3300005370.a:Ga0074244_11_1293	356	1.4e-07	3	88	48	129	0.648854961832061
SIS	131	3300005370.a:Ga0074244_11_1315	594	1.5e-30	8	129	285	404	0.9236641221374046
SIS	131	3300005370.a:Ga0074244_11_1315	594	1.2e-26	2	129	446	574	0.9694656488549618
AAA	132	3300005370.a:Ga0074244_11_1322	427	3.2e-08	2	124	84	199	0.9242424242424242
AAA	132	3300005370.a:Ga0074244_11_1322	427	5.8e-07	2	124	271	386	0.9242424242424242
Pyr_redox_2	292	3300005370.a:Ga0074244_11_1326	307	3.1e-45	1	292	6	293	0.9965753424657534
HD	122	3300005370.a:Ga0074244_11_1332	184	2.9e-11	3	93	21	94	0.7377049180327869
HTH_3	55	3300005370.a:Ga0074244_11_1333	68	5.8e-14	1	54	7	60	0.9636363636363636
Sigma70_r2	71	3300005370.a:Ga0074244_11_1336	521	5.5e-22	1	70	287	356	0.971830985915493
Sigma70_r3	78	3300005370.a:Ga0074244_11_1336	521	2.3e-30	1	77	366	442	0.9743589743589743
Sigma70_r4	50	3300005370.a:Ga0074244_11_1336	521	2.9e-22	1	50	455	508	0.98
HD	122	3300005370.a:Ga0074244_11_1338	346	9.1e-19	1	121	78	197	0.9836065573770492
SBP_bac_5	377	3300005370.a:Ga0074244_11_1357	531	1.1e-82	2	375	78	449	0.9893899204244032
Aminotran_1_2	363	3300005370.a:Ga0074244_11_1359	374	2.7e-42	38	348	53	351	0.8539944903581267
AAA	132	3300005370.a:Ga0074244_11_1368	563	1.6e-14	2	126	45	176	0.9393939393939394
AAA	132	3300005370.a:Ga0074244_11_1389	350	6.3e-21	1	130	59	182	0.9772727272727273
Fer4	24	3300005370.a:Ga0074244_11_139	641	2.1e-09	2	24	563	585	0.9166666666666666
Fer4	24	3300005370.a:Ga0074244_11_139	641	2.7e-07	2	20	593	611	0.75
Fer4	24	3300005370.a:Ga0074244_11_140	198	2.4e-05	3	18	120	135	0.625
Fer4	24	3300005370.a:Ga0074244_11_140	198	9.7e-06	7	24	165	182	0.7083333333333334
Response_reg	112	3300005370.a:Ga0074244_11_1406	335	1e-29	1	110	8	116	0.9732142857142857
HD	122	3300005370.a:Ga0074244_11_1406	335	1.5e-23	2	122	171	292	0.9836065573770492
PAS	113	3300005370.a:Ga0074244_11_1407	854	7.8e-07	5	94	267	355	0.7876106194690266
PAS	113	3300005370.a:Ga0074244_11_1407	854	6e-06	6	53	511	558	0.415929203539823
HisKA	64	3300005370.a:Ga0074244_11_1407	854	4.3e-18	2	62	633	695	0.9375
HATPase_c	111	3300005370.a:Ga0074244_11_1407	854	1.2e-20	5	108	743	847	0.9279279279279279
Pyr_redox_2	292	3300005370.a:Ga0074244_11_141	462	1.6e-16	137	292	213	379	0.5308219178082192
FUR	120	3300005370.a:Ga0074244_11_1412	144	3.7e-32	2	119	11	129	0.975
Fer4	24	3300005370.a:Ga0074244_11_143	115	1.2e-07	1	24	36	59	0.9583333333333334
Fer4	24	3300005370.a:Ga0074244_11_143	115	2.7e-07	1	18	67	84	0.7083333333333334
MarR	59	3300005370.a:Ga0074244_11_146	162	3e-18	1	59	41	99	0.9830508474576272
HTH_3	55	3300005370.a:Ga0074244_11_149	215	4e-14	1	54	8	62	0.9636363636363636
Fer4	24	3300005370.a:Ga0074244_11_151	511	8.3e-05	8	23	369	384	0.625
TetR_N	47	3300005370.a:Ga0074244_11_152	212	9.3e-08	1	40	11	50	0.8297872340425532
GerE	57	3300005370.a:Ga0074244_11_155	165	4.9e-14	2	56	28	82	0.9473684210526315
HTH_11	55	3300005370.a:Ga0074244_11_159	112	1.1e-10	6	54	14	61	0.8727272727272727
Fer4	24	3300005370.a:Ga0074244_11_16	99	4.4e-07	2	23	39	60	0.875
Fer4	24	3300005370.a:Ga0074244_11_16	99	3.5e-08	7	23	74	90	0.6666666666666666
Fer4	24	3300005370.a:Ga0074244_11_170	137	1.4e-10	2	23	80	101	0.875
Fer4	24	3300005370.a:Ga0074244_11_170	137	1.4e-07	2	23	111	132	0.875
T2SSE	273	3300005370.a:Ga0074244_11_172	364	1.7e-46	11	267	12	265	0.9377289377289377
Fer4	24	3300005370.a:Ga0074244_11_178	184	3.3e-08	1	23	47	69	0.9166666666666666
Fer4	24	3300005370.a:Ga0074244_11_178	184	8.5e-09	2	20	87	105	0.75
HhH-GPD	108	3300005370.a:Ga0074244_11_185	219	6.2e-23	1	107	38	173	0.9814814814814815
CbiA	128	3300005370.a:Ga0074244_11_186	507	5.7e-21	1	121	8	236	0.9375
CBS	57	3300005370.a:Ga0074244_11_199	163	4.9e-07	11	55	18	63	0.7719298245614035
CBS	57	3300005370.a:Ga0074244_11_199	163	2.3e-11	2	56	94	147	0.9473684210526315
Fer4	24	3300005370.a:Ga0074244_11_20	624	2e-07	3	23	569	589	0.8333333333333334
Fer4	24	3300005370.a:Ga0074244_11_20	624	8.6e-07	2	22	599	619	0.8333333333333334
HMA	62	3300005370.a:Ga0074244_11_203	829	2.5e-11	4	61	17	74	0.9193548387096774
HMA	62	3300005370.a:Ga0074244_11_203	829	5.6e-17	2	62	83	142	0.967741935483871
HTH_12	66	3300005370.a:Ga0074244_11_209	341	1.9e-19	2	66	15	81	0.9696969696969697
Fer4	24	3300005370.a:Ga0074244_11_21	241	3.6e-09	2	24	160	182	0.9166666666666666
Pyr_redox_2	292	3300005370.a:Ga0074244_11_22	490	1.9e-55	1	291	5	323	0.9931506849315068
PIG-L	131	3300005370.a:Ga0074244_11_246	238	6.7e-33	1	131	8	136	0.9923664122137404
HTH_5	47	3300005370.a:Ga0074244_11_249	113	2.1e-17	1	46	13	58	0.9574468085106383
ACT	67	3300005370.a:Ga0074244_11_256	130	6.1e-11	3	60	6	61	0.8507462686567164
PAS	113	3300005370.a:Ga0074244_11_258	1259	1e-11	2	113	14	123	0.9823008849557522
PAS	113	3300005370.a:Ga0074244_11_258	1259	8.3e-07	1	113	138	248	0.9911504424778761
PAS	113	3300005370.a:Ga0074244_11_258	1259	2.9e-09	3	113	517	627	0.9734513274336283
PAS	113	3300005370.a:Ga0074244_11_258	1259	1.1e-06	2	92	639	727	0.7964601769911505
PAS	113	3300005370.a:Ga0074244_11_258	1259	1.2e-08	20	113	785	876	0.8230088495575221
HisKA	64	3300005370.a:Ga0074244_11_258	1259	1.7e-18	3	61	903	964	0.90625
HATPase_c	111	3300005370.a:Ga0074244_11_258	1259	2.3e-19	2	109	1010	1118	0.963963963963964
Response_reg	112	3300005370.a:Ga0074244_11_258	1259	2.1e-22	1	110	1143	1249	0.9732142857142857
PALP	294	3300005370.a:Ga0074244_11_269	364	9.9e-39	22	294	5	324	0.9251700680272109
Aminotran_1_2	363	3300005370.a:Ga0074244_11_27	389	2.7e-67	2	362	31	380	0.9917355371900827
PAS	113	3300005370.a:Ga0074244_11_280	332	2.7e-15	4	113	8	114	0.9646017699115044
HD	122	3300005370.a:Ga0074244_11_280	332	6.9e-19	3	122	166	286	0.9754098360655737
Response_reg	112	3300005370.a:Ga0074244_11_288	228	1e-33	1	111	5	113	0.9821428571428571
Trans_reg_C	77	3300005370.a:Ga0074244_11_288	228	3.3e-25	1	77	148	223	0.987012987012987
HisKA	64	3300005370.a:Ga0074244_11_289	474	7.3e-17	1	64	246	310	0.984375
HATPase_c	111	3300005370.a:Ga0074244_11_289	474	5.1e-30	1	109	356	470	0.972972972972973
Response_reg	112	3300005370.a:Ga0074244_11_291	233	5.7e-29	1	111	4	115	0.9821428571428571
GerE	57	3300005370.a:Ga0074244_11_291	233	3.2e-24	2	57	152	207	0.9649122807017544
PAS	113	3300005370.a:Ga0074244_11_292	1102	1.1e-05	3	108	88	193	0.9292035398230089
PAS	113	3300005370.a:Ga0074244_11_292	1102	2.1e-06	2	113	384	496	0.9823008849557522
PAS	113	3300005370.a:Ga0074244_11_292	1102	2.9e-16	2	113	758	871	0.9823008849557522
HATPase_c	111	3300005370.a:Ga0074244_11_292	1102	5.6e-11	5	110	1001	1090	0.9459459459459459
Sigma70_r4	50	3300005370.a:Ga0074244_11_326	143	3e-06	7	45	92	130	0.76
HTH_3	55	3300005370.a:Ga0074244_11_342	75	8.9e-08	6	54	13	60	0.8727272727272727
GAF	133	3300005370.a:Ga0074244_11_35	472	1.1e-07	59	132	85	156	0.5488721804511278
Pribosyltran	159	3300005370.a:Ga0074244_11_35	472	1.6e-28	7	158	301	447	0.949685534591195
Ammonium_transp	399	3300005370.a:Ga0074244_11_358	409	2.3e-130	2	399	8	403	0.9949874686716792
Trans_reg_C	77	3300005370.a:Ga0074244_11_359	224	6.5e-29	4	77	148	219	0.948051948051948
Fer4	24	3300005370.a:Ga0074244_11_361	501	1.5e-07	5	23	46	64	0.75
Pyr_redox_2	292	3300005370.a:Ga0074244_11_364	436	1.2e-54	2	280	4	290	0.952054794520548
Fer4	24	3300005370.a:Ga0074244_11_366	144	8.5e-07	1	20	4	23	0.7916666666666666
Fer4	24	3300005370.a:Ga0074244_11_366	144	6.3e-09	4	23	87	106	0.7916666666666666
PALP	294	3300005370.a:Ga0074244_11_368	321	5.9e-73	2	293	21	306	0.9897959183673469
Response_reg	112	3300005370.a:Ga0074244_11_378	260	1.9e-26	1	111	36	147	0.9821428571428571
GerE	57	3300005370.a:Ga0074244_11_378	260	4.7e-18	1	51	197	247	0.8771929824561403
FUR	120	3300005370.a:Ga0074244_11_381	136	1e-31	2	114	10	121	0.9333333333333333
Nitro_FeMo-Co	95	3300005370.a:Ga0074244_11_385	135	5.9e-17	2	94	17	106	0.968421052631579
CbiA	128	3300005370.a:Ga0074244_11_392	275	1.6e-15	3	127	5	225	0.96875
SBP_bac_1	315	3300005370.a:Ga0074244_11_395	268	8.4e-09	187	314	147	254	0.4031746031746032
Trans_reg_C	77	3300005370.a:Ga0074244_11_396	240	4.9e-29	4	77	160	231	0.948051948051948
MarR	59	3300005370.a:Ga0074244_11_397	160	6.6e-16	1	59	43	103	0.9830508474576272
Fer4	24	3300005370.a:Ga0074244_11_398	103	1e-07	1	23	19	41	0.9166666666666666
Fer4	24	3300005370.a:Ga0074244_11_398	103	1.1e-07	3	23	73	93	0.8333333333333334
Fer4	24	3300005370.a:Ga0074244_11_402	533	4.8e-07	6	24	395	413	0.75
MarR	59	3300005370.a:Ga0074244_11_403	157	6e-07	2	55	40	93	0.8983050847457628
Peripla_BP_2	238	3300005370.a:Ga0074244_11_405	368	1.5e-20	15	237	68	302	0.9327731092436975
MarR	59	3300005370.a:Ga0074244_11_409	160	1.1e-12	1	59	43	103	0.9830508474576272
AAA	132	3300005370.a:Ga0074244_11_411	638	5.2e-06	2	98	422	580	0.7272727272727273
Pribosyltran	159	3300005370.a:Ga0074244_11_423	188	5e-22	7	148	38	166	0.8867924528301887
HATPase_c	111	3300005370.a:Ga0074244_11_425	567	2.1e-06	5	63	22	84	0.5225225225225225
Pribosyltran	159	3300005370.a:Ga0074244_11_427	183	1.3e-20	11	138	12	147	0.7987421383647799
PALP	294	3300005370.a:Ga0074244_11_434	349	6.1e-71	2	294	23	316	0.9931972789115646
ACT	67	3300005370.a:Ga0074244_11_435	434	1.4e-12	1	51	353	405	0.746268656716418
Response_reg	112	3300005370.a:Ga0074244_11_459	226	5.3e-28	2	111	6	114	0.9732142857142857
Trans_reg_C	77	3300005370.a:Ga0074244_11_459	226	4.8e-24	1	76	147	221	0.974025974025974
HisKA	64	3300005370.a:Ga0074244_11_460	449	1.7e-15	1	64	228	294	0.984375
HATPase_c	111	3300005370.a:Ga0074244_11_460	449	7e-25	3	110	341	446	0.963963963963964
Response_reg	112	3300005370.a:Ga0074244_11_461	223	6.4e-26	1	112	3	113	0.9910714285714286
Trans_reg_C	77	3300005370.a:Ga0074244_11_461	223	2.5e-23	2	77	146	220	0.974025974025974
ACT	67	3300005370.a:Ga0074244_11_465	285	1.2e-05	2	62	5	67	0.8955223880597015
HTH_5	47	3300005370.a:Ga0074244_11_473	99	8.1e-15	1	46	11	56	0.9574468085106383
T2SSE	273	3300005370.a:Ga0074244_11_479	359	9e-45	9	268	11	267	0.9487179487179487
AsnC_trans_reg	75	3300005370.a:Ga0074244_11_495	77	1e-11	2	73	8	76	0.9466666666666667
B12-binding	121	3300005370.a:Ga0074244_11_505	504	3.1e-10	11	120	29	127	0.9008264462809917
MerR	38	3300005370.a:Ga0074244_11_513	164	4.5e-15	1	38	12	49	0.9736842105263158
NUDIX	131	3300005370.a:Ga0074244_11_516	139	9.1e-10	4	117	10	122	0.8625954198473282
HisKA	64	3300005370.a:Ga0074244_11_519	395	1.4e-17	2	60	143	203	0.90625
HATPase_c	111	3300005370.a:Ga0074244_11_519	395	3.3e-21	6	110	254	359	0.9369369369369369
Response_reg	112	3300005370.a:Ga0074244_11_520	181	9.7e-30	1	110	61	169	0.9732142857142857
B12-binding	121	3300005370.a:Ga0074244_11_525	109	4.2e-05	18	63	33	81	0.371900826446281
CBS	57	3300005370.a:Ga0074244_11_53	381	5.7e-09	1	51	247	297	0.8771929824561403
CBS	57	3300005370.a:Ga0074244_11_53	381	2.1e-12	1	56	310	366	0.9649122807017544
AAA	132	3300005370.a:Ga0074244_11_533	453	2.3e-17	1	128	55	164	0.9621212121212122
HTH_3	55	3300005370.a:Ga0074244_11_558	70	4.6e-16	2	55	6	59	0.9636363636363636
AsnC_trans_reg	75	3300005370.a:Ga0074244_11_561	161	8.7e-17	1	74	65	138	0.9733333333333334
Aminotran_1_2	363	3300005370.a:Ga0074244_11_562	399	4e-68	4	363	39	387	0.9889807162534435
PfkB	302	3300005370.a:Ga0074244_11_566	311	3.9e-50	3	298	7	292	0.9768211920529801
Sigma70_r2	71	3300005370.a:Ga0074244_11_568	180	1.2e-20	1	70	22	91	0.971830985915493
Sigma70_r4	50	3300005370.a:Ga0074244_11_568	180	4.8e-12	4	50	128	174	0.92
MerR	38	3300005370.a:Ga0074244_11_569	73	4.1e-06	1	38	14	51	0.9736842105263158
Response_reg	112	3300005370.a:Ga0074244_11_570	226	5.5e-17	1	111	9	118	0.9821428571428571
GerE	57	3300005370.a:Ga0074244_11_570	226	5.6e-24	2	57	162	217	0.9649122807017544
T2SSE	273	3300005370.a:Ga0074244_11_571	555	2e-31	3	153	399	550	0.5494505494505495
T2SSE	273	3300005370.a:Ga0074244_11_580	372	4.1e-42	11	271	12	271	0.9523809523809523
GGDEF	161	3300005370.a:Ga0074244_11_599	842	2.6e-44	1	161	466	620	0.9937888198757764
HD	122	3300005370.a:Ga0074244_11_599	842	2.3e-26	1	121	663	784	0.9836065573770492
PfkB	302	3300005370.a:Ga0074244_11_6	329	1.7e-38	8	301	12	313	0.9701986754966887
AAA	132	3300005370.a:Ga0074244_11_61	510	1.8e-07	1	68	128	213	0.5075757575757576
Rhodanese	107	3300005370.a:Ga0074244_11_610	133	2.7e-22	2	105	31	124	0.9626168224299065
MerR	38	3300005370.a:Ga0074244_11_630	102	8.1e-11	2	38	11	46	0.9473684210526315
AAA	132	3300005370.a:Ga0074244_11_631	813	2.8e-15	3	112	205	320	0.8257575757575758
AAA	132	3300005370.a:Ga0074244_11_631	813	7.1e-10	2	116	541	665	0.8636363636363636
Pribosyltran	159	3300005370.a:Ga0074244_11_633	473	1e-08	20	121	267	375	0.6352201257861635
CBS	57	3300005370.a:Ga0074244_11_643	425	9.7e-09	1	56	203	261	0.9649122807017544
CBS	57	3300005370.a:Ga0074244_11_643	425	8.2e-10	1	56	271	325	0.9649122807017544
TetR_N	47	3300005370.a:Ga0074244_11_654	126	3.1e-19	1	47	21	67	0.9787234042553191
MerR	38	3300005370.a:Ga0074244_11_659	138	3.5e-09	1	28	7	33	0.7105263157894737
Glycos_trans_3N	63	3300005370.a:Ga0074244_11_691	342	3.4e-23	2	62	4	64	0.9523809523809523
PALP	294	3300005370.a:Ga0074244_11_695	400	1.5e-52	4	294	57	382	0.9863945578231292
CbiA	128	3300005370.a:Ga0074244_11_698	312	0.0001	6	84	48	225	0.609375
SBP_bac_5	377	3300005370.a:Ga0074244_11_702	544	1.2e-77	2	358	84	439	0.9442970822281167
Penicillinase_R	115	3300005370.a:Ga0074244_11_704	152	1.8e-07	6	65	42	97	0.5130434782608696
MarR	59	3300005370.a:Ga0074244_11_706	291	1.2e-06	4	48	44	89	0.7457627118644068
GyrI-like	155	3300005370.a:Ga0074244_11_707	173	1.4e-14	2	153	9	165	0.9741935483870968
FeoA	74	3300005370.a:Ga0074244_11_711	82	1.6e-20	1	73	6	77	0.972972972972973
FUR	120	3300005370.a:Ga0074244_11_712	142	2.1e-33	2	118	11	126	0.9666666666666667
AAA	132	3300005370.a:Ga0074244_11_721	441	2.5e-25	1	131	220	344	0.9848484848484849
HTH_11	55	3300005370.a:Ga0074244_11_723	331	1e-07	1	54	15	68	0.9636363636363636
HTH_5	47	3300005370.a:Ga0074244_11_724	204	1.8e-05	2	46	17	64	0.9361702127659575
NTP_transf_2	95	3300005370.a:Ga0074244_11_724	204	3e-08	15	79	112	173	0.6736842105263158
Fer4	24	3300005370.a:Ga0074244_11_727	506	1e-05	8	24	365	381	0.6666666666666666
Fer4	24	3300005370.a:Ga0074244_11_730	508	1.4e-05	8	23	391	406	0.625
Response_reg	112	3300005370.a:Ga0074244_11_731	210	1.7e-05	14	112	15	108	0.875
Trans_reg_C	77	3300005370.a:Ga0074244_11_731	210	2.7e-12	2	76	139	207	0.961038961038961
Response_reg	112	3300005370.a:Ga0074244_11_732	231	3e-09	1	104	3	106	0.9196428571428571
Trans_reg_C	77	3300005370.a:Ga0074244_11_732	231	7.2e-24	1	77	150	226	0.987012987012987
PAS	113	3300005370.a:Ga0074244_11_737	152	3.4e-07	6	52	26	73	0.40707964601769914
HATPase_c	111	3300005370.a:Ga0074244_11_738	192	9.6e-13	6	109	100	188	0.9279279279279279
Response_reg	112	3300005370.a:Ga0074244_11_739	220	2e-23	1	110	8	118	0.9732142857142857
GerE	57	3300005370.a:Ga0074244_11_739	220	3.5e-18	2	56	158	212	0.9473684210526315
Pribosyltran	159	3300005370.a:Ga0074244_11_74	245	2.7e-22	10	144	14	186	0.8427672955974843
Nitro_FeMo-Co	95	3300005370.a:Ga0074244_11_740	131	6.5e-18	1	94	9	118	0.9789473684210527
Fer4	24	3300005370.a:Ga0074244_11_742	495	4.6e-05	7	23	380	396	0.6666666666666666
MarR	59	3300005370.a:Ga0074244_11_743	98	1.1e-07	1	52	37	89	0.864406779661017
Fer4	24	3300005370.a:Ga0074244_11_746	493	7e-05	8	24	362	378	0.6666666666666666
PAS	113	3300005370.a:Ga0074244_11_747	393	2.8e-08	23	113	52	138	0.7964601769911505
HisKA	64	3300005370.a:Ga0074244_11_747	393	1.4e-11	3	62	170	231	0.921875
HATPase_c	111	3300005370.a:Ga0074244_11_747	393	1.5e-26	2	110	280	388	0.972972972972973
Response_reg	112	3300005370.a:Ga0074244_11_748	226	8e-27	1	112	3	114	0.9910714285714286
Trans_reg_C	77	3300005370.a:Ga0074244_11_748	226	2.3e-16	2	77	148	223	0.974025974025974
Pribosyltran	159	3300005370.a:Ga0074244_11_76	183	2e-28	15	135	20	140	0.7547169811320755
HTH_3	55	3300005370.a:Ga0074244_11_760	73	5.7e-22	1	55	15	69	0.9818181818181818
Fer4	24	3300005370.a:Ga0074244_11_765	483	1.4e-05	8	23	345	360	0.625
PAS	113	3300005370.a:Ga0074244_11_766	349	4.5e-09	5	89	22	103	0.7433628318584071
HATPase_c	111	3300005370.a:Ga0074244_11_766	349	5.8e-06	3	49	249	295	0.4144144144144144
Response_reg	112	3300005370.a:Ga0074244_11_767	227	1.2e-23	1	111	14	125	0.9821428571428571
GerE	57	3300005370.a:Ga0074244_11_767	227	2e-14	3	57	166	220	0.9473684210526315
Fer4	24	3300005370.a:Ga0074244_11_771	84	5.2e-07	3	23	15	35	0.8333333333333334
Fer4	24	3300005370.a:Ga0074244_11_771	84	1.7e-08	5	24	51	70	0.7916666666666666
MerR	38	3300005370.a:Ga0074244_11_772	241	6.5e-10	1	34	13	46	0.868421052631579
TetR_N	47	3300005370.a:Ga0074244_11_784	196	1.9e-19	1	47	15	61	0.9787234042553191
TrmB	68	3300005370.a:Ga0074244_11_786	74	5e-05	19	60	22	63	0.6029411764705882
Rrf2	83	3300005370.a:Ga0074244_11_796	149	4.3e-26	1	82	1	82	0.9759036144578314
ATPase_2	233	3300005370.a:Ga0074244_11_808	338	1.8e-07	22	118	61	187	0.41201716738197425
HD	122	3300005370.a:Ga0074244_11_810	523	2e-19	1	120	338	429	0.9754098360655737
HhH-GPD	108	3300005370.a:Ga0074244_11_814	221	9.5e-17	2	102	38	176	0.9259259259259259
TPR_1	34	3300005370.a:Ga0074244_11_832	269	2.3e-08	2	34	47	79	0.9411764705882353
ACT	67	3300005370.a:Ga0074244_11_834	406	1.1e-13	4	62	266	321	0.8656716417910447
ACT	67	3300005370.a:Ga0074244_11_834	406	3.5e-09	2	65	344	399	0.9402985074626866
LexA_DNA_bind	65	3300005370.a:Ga0074244_11_840	215	3.7e-16	3	65	4	66	0.9538461538461539
AAA	132	3300005370.a:Ga0074244_11_843	446	7.6e-06	2	125	141	257	0.9318181818181818
HATPase_c	111	3300005370.a:Ga0074244_11_846	643	4e-21	1	109	41	183	0.972972972972973
HD	122	3300005370.a:Ga0074244_11_847	729	6.7e-11	2	122	45	154	0.9836065573770492
ACT	67	3300005370.a:Ga0074244_11_847	729	1.1e-06	3	66	649	709	0.9402985074626866
FUR	120	3300005370.a:Ga0074244_11_861	143	4.1e-32	2	119	14	131	0.975
Pyr_redox	81	3300005370.a:Ga0074244_11_867	222	2.5e-05	2	46	3	47	0.5432098765432098
TrkA_C	70	3300005370.a:Ga0074244_11_867	222	2.5e-10	2	68	150	216	0.9428571428571428
TrkA_C	70	3300005370.a:Ga0074244_11_871	455	7.2e-16	6	69	169	230	0.9
TrkA_C	70	3300005370.a:Ga0074244_11_871	455	5.4e-12	2	69	387	453	0.9571428571428572
Pyr_redox_2	292	3300005370.a:Ga0074244_11_878	466	6.1e-37	2	291	145	450	0.9897260273972602
AAA	132	3300005370.a:Ga0074244_11_895	825	1.3e-16	3	127	208	335	0.9393939393939394
AAA	132	3300005370.a:Ga0074244_11_895	825	9.6e-11	2	111	544	662	0.8257575757575758
AAA	132	3300005370.a:Ga0074244_11_896	463	6.6e-06	1	115	90	220	0.8636363636363636
Sigma70_r4	50	3300005370.a:Ga0074244_11_909	145	7.5e-05	5	49	88	132	0.88
Fer4	24	3300005370.a:Ga0074244_11_925	555	9.9e-07	6	24	435	453	0.75
Fer4	24	3300005370.a:Ga0074244_11_925	555	1.2e-05	3	20	475	492	0.7083333333333334
Response_reg	112	3300005370.a:Ga0074244_11_936	237	3.2e-21	1	103	21	126	0.9107142857142857
GerE	57	3300005370.a:Ga0074244_11_936	237	3.7e-13	3	57	176	230	0.9473684210526315
FeoA	74	3300005370.a:Ga0074244_11_939	103	4.2e-19	2	73	5	74	0.9594594594594594
Fe_dep_repress	60	3300005370.a:Ga0074244_11_940	239	1.4e-14	3	58	8	63	0.9166666666666666
Fe_dep_repr_C	70	3300005370.a:Ga0074244_11_940	239	8.2e-18	1	58	68	125	0.8142857142857143
FeoA	74	3300005370.a:Ga0074244_11_940	239	2e-20	2	73	165	235	0.9594594594594594
Fer4	24	3300005370.a:Ga0074244_11_946	313	2.4e-05	2	18	96	112	0.6666666666666666
Fer4	24	3300005370.a:Ga0074244_11_946	313	5.6e-08	1	23	172	194	0.9166666666666666
CbiA	128	3300005370.a:Ga0074244_11_947	329	1.5e-12	1	124	92	307	0.9609375
Fer4	24	3300005370.a:Ga0074244_11_955	268	3.8e-08	1	22	98	119	0.875
TetR_N	47	3300005370.a:Ga0074244_11_959	181	3.4e-07	19	45	1	27	0.5531914893617021
Fer4	24	3300005370.a:Ga0074244_11_964	600	1.5e-09	3	24	36	57	0.875
Pyr_redox_2	292	3300005370.a:Ga0074244_11_964	600	2e-13	1	292	162	441	0.9965753424657534
Fer4	24	3300005370.a:Ga0074244_11_964	600	1.9e-08	3	24	528	549	0.875
Glycos_trans_3N	63	3300005370.a:Ga0074244_11_966	375	4.7e-14	3	60	12	69	0.9047619047619048
GAF	133	3300005370.a:Ga0074244_11_967	1062	4.3e-10	3	131	150	286	0.9624060150375939
PAS	113	3300005370.a:Ga0074244_11_967	1062	5.1e-09	10	112	318	422	0.9026548672566371
PAS	113	3300005370.a:Ga0074244_11_967	1062	1e-09	2	53	439	490	0.45132743362831856
PAS	113	3300005370.a:Ga0074244_11_967	1062	7.7e-17	2	113	574	684	0.9823008849557522
PAS	113	3300005370.a:Ga0074244_11_967	1062	6.8e-13	2	109	700	807	0.9469026548672567
HisKA	64	3300005370.a:Ga0074244_11_967	1062	1.3e-17	2	63	830	893	0.953125
HATPase_c	111	3300005370.a:Ga0074244_11_967	1062	3.8e-23	5	109	940	1044	0.9369369369369369
CbiA	128	3300005370.a:Ga0074244_11_968	464	3e-18	1	125	6	191	0.96875
Response_reg	112	3300005370.a:Ga0074244_11_970	124	2.2e-28	1	112	6	117	0.9910714285714286
Response_reg	112	3300005370.a:Ga0074244_11_971	131	1.7e-16	1	111	8	119	0.9821428571428571
Response_reg	112	3300005370.a:Ga0074244_11_975	231	2.6e-31	1	111	6	114	0.9821428571428571
Trans_reg_C	77	3300005370.a:Ga0074244_11_975	231	1.7e-29	1	77	152	228	0.987012987012987
dCache_1	249	3300005370.a:Ga0074244_11_976	582	2.5e-05	24	169	39	164	0.5823293172690763
PAS	113	3300005370.a:Ga0074244_11_976	582	1.4e-11	2	111	250	348	0.9646017699115044
HisKA	64	3300005370.a:Ga0074244_11_976	582	1.2e-15	2	64	360	426	0.96875
HATPase_c	111	3300005370.a:Ga0074244_11_976	582	1e-31	2	109	473	580	0.963963963963964
SBP_bac_1	315	3300005370.a:Ga0074244_11_978	289	7.6e-06	5	314	57	276	0.9809523809523809
Fer4	24	3300005370.a:Ga0074244_11_987	574	2.1e-06	2	18	141	157	0.6666666666666666
Fer4	24	3300005370.a:Ga0074244_11_987	574	1.8e-05	8	24	190	206	0.6666666666666666
