0040266	151	3300005370.a:Ga0074244_11_1002	172	4e-15	8	130	22	133	0.8079470198675497
0037767	80	3300005370.a:Ga0074244_11_1093	248	1.4e-13	1	66	147	212	0.8125
0043707	64	3300005370.a:Ga0074244_11_1125	134	6.4e-14	3	61	13	72	0.90625
0039939	63	3300005370.a:Ga0074244_11_1218	95	4e-05	20	53	21	54	0.5238095238095238
0043143	63	3300005370.a:Ga0074244_11_1333	68	2.9e-17	3	60	4	62	0.9047619047619048
0041150	134	3300005370.a:Ga0074244_11_1412	144	2.4e-37	4	133	5	134	0.9626865671641791
0040517	144	3300005370.a:Ga0074244_11_146	162	6.3e-26	23	134	37	148	0.7708333333333334
0043707	64	3300005370.a:Ga0074244_11_149	215	9.7e-12	3	61	4	64	0.90625
0043669	98	3300005370.a:Ga0074244_11_159	112	5.7e-12	27	83	12	69	0.5714285714285714
0043095	94	3300005370.a:Ga0074244_11_249	113	1.6e-25	6	80	2	76	0.7872340425531915
0043143	63	3300005370.a:Ga0074244_11_342	75	1e-06	6	59	8	61	0.8412698412698413
0041150	134	3300005370.a:Ga0074244_11_381	136	2e-37	2	134	2	132	0.9850746268656716
0040586	141	3300005370.a:Ga0074244_11_397	160	1.2e-25	6	138	15	149	0.9361702127659575
0040517	144	3300005370.a:Ga0074244_11_403	157	4.1e-24	4	133	16	144	0.8958333333333334
0040586	141	3300005370.a:Ga0074244_11_409	160	5.5e-24	9	138	19	149	0.9148936170212766
0043095	94	3300005370.a:Ga0074244_11_473	99	1.3e-25	10	91	4	85	0.8617021276595744
0037244	118	3300005370.a:Ga0074244_11_513	164	1.4e-29	3	115	10	121	0.9491525423728814
0043143	63	3300005370.a:Ga0074244_11_558	70	3.6e-17	3	61	2	61	0.9206349206349206
0039468	106	3300005370.a:Ga0074244_11_569	73	3.3e-09	1	48	12	59	0.44339622641509435
0044030	41	3300005370.a:Ga0074244_11_592	124	4.1e-11	1	32	88	119	0.7560975609756098
0041905	120	3300005370.a:Ga0074244_11_595	94	2.8e-08	9	109	9	89	0.8333333333333334
0043758	87	3300005370.a:Ga0074244_11_620	346	2.5e-20	1	80	1	80	0.9080459770114943
0042546	127	3300005370.a:Ga0074244_11_630	102	7.3e-20	1	104	9	97	0.8110236220472441
0042546	127	3300005370.a:Ga0074244_11_659	138	1.9e-08	1	110	6	112	0.8582677165354331
0042156	125	3300005370.a:Ga0074244_11_704	152	5.7e-16	2	125	6	123	0.984
0043669	98	3300005370.a:Ga0074244_11_706	291	5.9e-09	12	93	32	112	0.826530612244898
0041150	134	3300005370.a:Ga0074244_11_712	142	2.1e-36	9	133	10	132	0.9253731343283582
0039384	65	3300005370.a:Ga0074244_11_723	331	3.8e-06	6	64	13	72	0.8923076923076924
0043669	98	3300005370.a:Ga0074244_11_724	204	2.3e-11	19	83	13	80	0.6530612244897959
0040517	144	3300005370.a:Ga0074244_11_728	159	1.9e-21	3	132	16	144	0.8958333333333334
0040517	144	3300005370.a:Ga0074244_11_733	171	6.8e-22	3	132	22	152	0.8958333333333334
0038701	115	3300005370.a:Ga0074244_11_743	98	5.9e-16	2	85	9	91	0.7217391304347827
0043707	64	3300005370.a:Ga0074244_11_760	73	4.2e-19	3	61	11	70	0.90625
0042546	127	3300005370.a:Ga0074244_11_772	241	2.3e-17	1	108	12	101	0.84251968503937
0039468	106	3300005370.a:Ga0074244_11_772	241	9.8e-06	2	93	113	197	0.8584905660377359
0045030	74	3300005370.a:Ga0074244_11_784	196	3.5e-06	13	51	18	56	0.5135135135135135
0040266	151	3300005370.a:Ga0074244_11_786	74	3.8e-06	24	103	10	71	0.5231788079470199
0045032	127	3300005370.a:Ga0074244_11_796	149	6.3e-30	4	126	8	131	0.9606299212598425
0043758	87	3300005370.a:Ga0074244_11_840	215	7.7e-09	1	58	4	60	0.6551724137931034
0041150	134	3300005370.a:Ga0074244_11_861	143	2.4e-38	4	133	8	136	0.9626865671641791
0041905	120	3300005370.a:Ga0074244_11_926	178	2.9e-10	4	117	56	157	0.9416666666666667
0040266	151	3300005370.a:Ga0074244_11_940	239	4.4e-12	32	136	18	125	0.6887417218543046
