PUL0195	7
PUL0016	3
PUL0022	3
PUL0267	3
PUL0366	3
PUL0017	2
PUL0019	2
PUL0049	2
PUL01060	2
PUL01080	2
PUL01131	2
PUL0121	2
PUL0124	2
PUL01249	2
PUL0180	2
PUL0186	2
PUL0212	2
PUL0238	2
PUL0337	2
PUL0390	2
PUL0401	2
PUL0576	2
PUL0004	1
PUL00241	1
PUL0029	1
PUL00290	1
PUL0041	1
PUL0048	1
PUL00500	1
PUL00947	1
PUL01014	1
PUL0106	1
PUL01133	1
PUL01231	1
PUL01248	1
PUL0126	1
PUL01610	1
PUL0219	1
PUL0227	1
PUL0258	1
PUL03350	1
PUL03355	1
PUL03357	1
PUL03358	1
PUL0340	1
PUL0349	1
PUL0369	1
PUL0370	1
PUL0381	1
PUL04062	1
PUL04066	1
PUL04132	1
PUL04473	1
PUL0451	1
PUL04605	1
PUL0519	1
PUL05302	1
PUL05304	1
PUL05308	1
PUL0584	1
PUL0590	1
