PUL0004	1.97e-100
PUL0016	2.19e-152
PUL0016	2.68e-155
PUL0016	6.89e-134
PUL0017	4.09e-65
PUL0017	6.58e-184
PUL0019	3.28e-135
PUL0019	4.18e-177
PUL0022	1.36e-166
PUL0022	2.56e-62
PUL0022	3.85e-36
PUL0029	2.49e-139
PUL0041	2.20e-154
PUL0048	3.26e-203
PUL0049	1.66e-32
PUL0049	4.19e-140
PUL0106	1.48e-171
PUL0121	6.58e-36
PUL0121	6.98e-38
PUL0124	1.76e-219
PUL0124	8.92e-194
PUL0126	2.32e-23
PUL0180	1.92e-04
PUL0180	2.01e-142
PUL0186	4.06e-147
PUL0186	6.80e-152
PUL0195	1.83e-112
PUL0195	2.54e-117
PUL0195	2.91e-82
PUL0195	3.39e-76
PUL0195	4.77e-103
PUL0195	6.13e-137
PUL0195	9.20e-82
PUL0212	5.09e-144
PUL0212	9.83e-149
PUL0219	2.70e-91
PUL0227	2.03e-39
PUL0238	2.69e-188
PUL0238	4.63e-110
PUL00241	4.15e-97
PUL0258	1.82e-17
PUL0267	1.11e-74
PUL0267	6.41e-249
PUL0267	8.75e-126
PUL00290	7.29e-38
PUL0337	2.51e-120
PUL0337	2.93e-187
PUL0340	3.90e-45
PUL0349	8.67e-227
PUL0366	1.77e-41
PUL0366	4.14e-111
PUL0366	7.55e-56
PUL0369	8.22e-66
PUL0370	7.83e-119
PUL0381	1.56e-48
PUL0390	4.40e-112
PUL0390	5.81e-40
PUL0401	1.95e-16
PUL0401	2.01e-13
PUL0451	3.07e-72
PUL00500	1.39e-95
PUL0519	2.56e-269
PUL0576	1.64e-246
PUL0576	2.18e-124
PUL0584	8.70e-123
PUL0590	1.49e-45
PUL00947	1.91e-109
PUL01014	1.12e-41
PUL01060	1.09e-241
PUL01060	2.05e-118
PUL01080	4.30e-33
PUL01080	4.31e-43
PUL01131	1.46e-157
PUL01131	2.69e-195
PUL01133	1.74e-56
PUL01231	2.66e-31
PUL01248	5.23e-98
PUL01249	6.46e-172
PUL01249	7.03e-40
PUL01610	7.46e-77
PUL03350	9.27e-20
PUL03355	4.25e-175
PUL03357	3.64e-126
PUL03358	1.01e-154
PUL04062	9.94e-35
PUL04066	1.78e-231
PUL04132	8.37e-146
PUL04473	2.08e-147
PUL04605	3.23e-52
PUL05302	1.22e-42
PUL05304	5.47e-39
PUL05308	2.80e-97
