16	TC	1	5	CGC1	3300021400.a:Ga0224422_10613854	18008	19000	3300021400.a:Ga0224422_10613854_17	+	DB=gnl|TC-DB|Q9K0A9|2.A.28.2.4;ID=3300021400.a:Ga0224422_10613854_17	DB=gnl|TC-DB|Q9K0A9|2.A.28.2.4;ID=3300021400.a:Ga0224422_10613854_17
17	null	null	null	CGC1	3300021400.a:Ga0224422_10613854	19084	19971	3300021400.a:Ga0224422_10613854_18	-	;ID=3300021400.a:Ga0224422_10613854_18
18	TC	0	1	CGC1	3300021400.a:Ga0224422_10613854	20152	21150	3300021400.a:Ga0224422_10613854_19	+	DB=gnl|TC-DB|A6VIJ1|2.A.119.1.3;ID=3300021400.a:Ga0224422_10613854_19	DB=gnl|TC-DB|A6VIJ1|2.A.119.1.3;ID=3300021400.a:Ga0224422_10613854_19
19	TF	0	0	CGC1	3300021400.a:Ga0224422_10613854	21160	21492	3300021400.a:Ga0224422_10613854_20	+	DB=DBD-Pfam|HTH_5,DBD-SUPERFAMILY|0043095;ID=3300021400.a:Ga0224422_10613854_20	DB=DBD-Pfam|HTH_5,DBD-SUPERFAMILY|0043095;ID=3300021400.a:Ga0224422_10613854_20
20	TC	2	0	CGC1	3300021400.a:Ga0224422_10613854	21520	22572	3300021400.a:Ga0224422_10613854_21	+	DB=gnl|TC-DB|A6TLY3|2.A.59.1.6;ID=3300021400.a:Ga0224422_10613854_21	DB=gnl|TC-DB|A6TLY3|2.A.59.1.6;ID=3300021400.a:Ga0224422_10613854_21
21	null	null	null	CGC1	3300021400.a:Ga0224422_10613854	22559	22978	3300021400.a:Ga0224422_10613854_22	+	;ID=3300021400.a:Ga0224422_10613854_22
22	null	null	null	CGC1	3300021400.a:Ga0224422_10613854	22975	23208	3300021400.a:Ga0224422_10613854_23	+	;ID=3300021400.a:Ga0224422_10613854_23
23	STP	1	2	CGC1	3300021400.a:Ga0224422_10613854	23284	27834	3300021400.a:Ga0224422_10613854_24	-	DB=STP|GATase_2;ID=3300021400.a:Ga0224422_10613854_24	DB=STP|GATase_2;ID=3300021400.a:Ga0224422_10613854_24
24	null	null	null	CGC1	3300021400.a:Ga0224422_10613854	28196	28888	3300021400.a:Ga0224422_10613854_25	-	;ID=3300021400.a:Ga0224422_10613854_25
25	CAZyme	0	1	CGC1	3300021400.a:Ga0224422_10613854	28885	30510	3300021400.a:Ga0224422_10613854_26	-	DB=GT83| GT83;ID=3300021400.a:Ga0224422_10613854_26	DB=GT83| GT83;ID=3300021400.a:Ga0224422_10613854_26
26	TC	1	0	CGC1	3300021400.a:Ga0224422_10613854	30591	31202	3300021400.a:Ga0224422_10613854_27	-	DB=gnl|TC-DB|D6GX19|9.B.27.2.5;ID=3300021400.a:Ga0224422_10613854_27	DB=gnl|TC-DB|D6GX19|9.B.27.2.5;ID=3300021400.a:Ga0224422_10613854_27
27	null	null	null	CGC1	3300021400.a:Ga0224422_10613854	31316	32407	3300021400.a:Ga0224422_10613854_28	-	;ID=3300021400.a:Ga0224422_10613854_28
28	TC	0	1	CGC1	3300021400.a:Ga0224422_10613854	32562	33275	3300021400.a:Ga0224422_10613854_29	+	DB=gnl|TC-DB|P0AFV2|9.B.20.1.4;ID=3300021400.a:Ga0224422_10613854_29	DB=gnl|TC-DB|P0AFV2|9.B.20.1.4;ID=3300021400.a:Ga0224422_10613854_29
29	STP	1	0	CGC1	3300021400.a:Ga0224422_10613854	33361	34605	3300021400.a:Ga0224422_10613854_30	+	DB=STP|Aminotran_1_2;ID=3300021400.a:Ga0224422_10613854_30	DB=STP|Aminotran_1_2;ID=3300021400.a:Ga0224422_10613854_30
30	null	null	null	CGC1	3300021400.a:Ga0224422_10613854	34694	35068	3300021400.a:Ga0224422_10613854_31	-	;ID=3300021400.a:Ga0224422_10613854_31
31	TC	0	1	CGC1	3300021400.a:Ga0224422_10613854	35238	36539	3300021400.a:Ga0224422_10613854_32	-	DB=gnl|TC-DB|O67997|1.A.11.1.4;ID=3300021400.a:Ga0224422_10613854_32	DB=gnl|TC-DB|O67997|1.A.11.1.4;ID=3300021400.a:Ga0224422_10613854_32
32	TF	0	0	CGC1	3300021400.a:Ga0224422_10613854	37487	38218	3300021400.a:Ga0224422_10613854_33	+	DB=DBD-Pfam|LytTR;ID=3300021400.a:Ga0224422_10613854_33	DB=DBD-Pfam|LytTR;ID=3300021400.a:Ga0224422_10613854_33
33	TC	3	0	CGC1	3300021400.a:Ga0224422_10613854	38312	44971	3300021400.a:Ga0224422_10613854_34	+	DB=gnl|TC-DB|A1HRI2|1.B.23.1.4;ID=3300021400.a:Ga0224422_10613854_34	DB=gnl|TC-DB|A1HRI2|1.B.23.1.4;ID=3300021400.a:Ga0224422_10613854_34
+++++
113	TC	0	3	CGC1	3300021400.a:Ga0224422_10698053	125975	126799	3300021400.a:Ga0224422_10698053_114	-	DB=gnl|TC-DB|Q9HT68|3.A.1.24.5;ID=3300021400.a:Ga0224422_10698053_114	DB=gnl|TC-DB|Q9HT68|3.A.1.24.5;ID=3300021400.a:Ga0224422_10698053_114
114	TC	0	0	CGC1	3300021400.a:Ga0224422_10698053	127286	128332	3300021400.a:Ga0224422_10698053_115	+	DB=gnl|TC-DB|Q9Z4R9|3.A.1.20.1;ID=3300021400.a:Ga0224422_10698053_115	DB=gnl|TC-DB|Q9Z4R9|3.A.1.20.1;ID=3300021400.a:Ga0224422_10698053_115
115	TC	0	0	CGC1	3300021400.a:Ga0224422_10698053	128419	129528	3300021400.a:Ga0224422_10698053_116	+	DB=gnl|TC-DB|O54370|3.A.1.20.1;ID=3300021400.a:Ga0224422_10698053_116	DB=gnl|TC-DB|O54370|3.A.1.20.1;ID=3300021400.a:Ga0224422_10698053_116
116	TC	0	0	CGC1	3300021400.a:Ga0224422_10698053	129515	131179	3300021400.a:Ga0224422_10698053_117	+	DB=gnl|TC-DB|O54372|3.A.1.20.1;ID=3300021400.a:Ga0224422_10698053_117	DB=gnl|TC-DB|O54372|3.A.1.20.1;ID=3300021400.a:Ga0224422_10698053_117
117	STP	0	0	CGC1	3300021400.a:Ga0224422_10698053	131203	132921	3300021400.a:Ga0224422_10698053_118	+	DB=STP|HATPase_c;ID=3300021400.a:Ga0224422_10698053_118	DB=STP|HATPase_c;ID=3300021400.a:Ga0224422_10698053_118
118	TF	0	0	CGC1	3300021400.a:Ga0224422_10698053	132908	133681	3300021400.a:Ga0224422_10698053_119	+	DB=DBD-Pfam|HTH_AraC,DBD-Pfam|HTH_AraC,DBD-SUPERFAMILY|0036286,DBD-SUPERFAMILY|0035607;ID=3300021400.a:Ga0224422_10698053_119	DB=DBD-Pfam|HTH_AraC,DBD-Pfam|HTH_AraC,DBD-SUPERFAMILY|0036286,DBD-SUPERFAMILY|0035607;ID=3300021400.a:Ga0224422_10698053_119
119	TC	0	0	CGC1	3300021400.a:Ga0224422_10698053	133915	135075	3300021400.a:Ga0224422_10698053_120	+	DB=gnl|TC-DB|F2WVP9|2.A.1.60.3;ID=3300021400.a:Ga0224422_10698053_120	DB=gnl|TC-DB|F2WVP9|2.A.1.60.3;ID=3300021400.a:Ga0224422_10698053_120
120	CAZyme	2	0	CGC1	3300021400.a:Ga0224422_10698053	135172	136572	3300021400.a:Ga0224422_10698053_121	-	DB=AA4;ID=3300021400.a:Ga0224422_10698053_121	DB=AA4;ID=3300021400.a:Ga0224422_10698053_121
121	null	null	null	CGC1	3300021400.a:Ga0224422_10698053	136711	137481	3300021400.a:Ga0224422_10698053_122	+	;ID=3300021400.a:Ga0224422_10698053_122
122	null	null	null	CGC1	3300021400.a:Ga0224422_10698053	137904	138902	3300021400.a:Ga0224422_10698053_123	+	;ID=3300021400.a:Ga0224422_10698053_123
123	STP	0	2	CGC1	3300021400.a:Ga0224422_10698053	138943	139806	3300021400.a:Ga0224422_10698053_124	+	DB=STP|SBP_bac_3;ID=3300021400.a:Ga0224422_10698053_124	DB=STP|SBP_bac_3;ID=3300021400.a:Ga0224422_10698053_124
124	TC	0	0	CGC1	3300021400.a:Ga0224422_10698053	139826	140620	3300021400.a:Ga0224422_10698053_125	+	DB=gnl|TC-DB|O34315|3.A.1.3.13;ID=3300021400.a:Ga0224422_10698053_125	DB=gnl|TC-DB|O34315|3.A.1.3.13;ID=3300021400.a:Ga0224422_10698053_125
125	TC	0	0	CGC1	3300021400.a:Ga0224422_10698053	140637	141344	3300021400.a:Ga0224422_10698053_126	+	DB=gnl|TC-DB|P42200|3.A.1.3.14;ID=3300021400.a:Ga0224422_10698053_126	DB=gnl|TC-DB|P42200|3.A.1.3.14;ID=3300021400.a:Ga0224422_10698053_126
126	TC	null	0	CGC1	3300021400.a:Ga0224422_10698053	141362	142111	3300021400.a:Ga0224422_10698053_127	+	DB=gnl|TC-DB|O34900|3.A.1.3.13;ID=3300021400.a:Ga0224422_10698053_127	DB=gnl|TC-DB|O34900|3.A.1.3.13;ID=3300021400.a:Ga0224422_10698053_127
+++++
70	STP	1	3	CGC1	3300021400.a:Ga0224422_12745268	70038	71102	3300021400.a:Ga0224422_12745268_71	+	DB=STP|HhH-GPD;ID=3300021400.a:Ga0224422_12745268_71	DB=STP|HhH-GPD;ID=3300021400.a:Ga0224422_12745268_71
71	null	null	null	CGC1	3300021400.a:Ga0224422_12745268	71103	72362	3300021400.a:Ga0224422_12745268_72	+	;ID=3300021400.a:Ga0224422_12745268_72
72	TF	0	1	CGC1	3300021400.a:Ga0224422_12745268	72367	73263	3300021400.a:Ga0224422_12745268_73	+	DB=DBD-Pfam|HTH_1;ID=3300021400.a:Ga0224422_12745268_73	DB=DBD-Pfam|HTH_1;ID=3300021400.a:Ga0224422_12745268_73
73	STP	2	0	CGC1	3300021400.a:Ga0224422_12745268	73616	74005	3300021400.a:Ga0224422_12745268_74	-	DB=STP|Nitro_FeMo-Co;ID=3300021400.a:Ga0224422_12745268_74	DB=STP|Nitro_FeMo-Co;ID=3300021400.a:Ga0224422_12745268_74
74	null	null	null	CGC1	3300021400.a:Ga0224422_12745268	74118	75644	3300021400.a:Ga0224422_12745268_75	-	;ID=3300021400.a:Ga0224422_12745268_75
75	null	null	null	CGC1	3300021400.a:Ga0224422_12745268	75831	76223	3300021400.a:Ga0224422_12745268_76	+	;ID=3300021400.a:Ga0224422_12745268_76
76	CAZyme	1	2	CGC1	3300021400.a:Ga0224422_12745268	76312	77163	3300021400.a:Ga0224422_12745268_77	+	DB=CE4;ID=3300021400.a:Ga0224422_12745268_77	DB=CE4;ID=3300021400.a:Ga0224422_12745268_77
77	null	null	null	CGC1	3300021400.a:Ga0224422_12745268	77244	78098	3300021400.a:Ga0224422_12745268_78	+	;ID=3300021400.a:Ga0224422_12745268_78
78	TF	2	1	CGC1	3300021400.a:Ga0224422_12745268	78143	79549	3300021400.a:Ga0224422_12745268_79	-	DB=DBD-Pfam|GntR,DBD-SUPERFAMILY|0037767;ID=3300021400.a:Ga0224422_12745268_79	DB=DBD-Pfam|GntR,DBD-SUPERFAMILY|0037767;ID=3300021400.a:Ga0224422_12745268_79
79	null	null	null	CGC1	3300021400.a:Ga0224422_12745268	79671	80555	3300021400.a:Ga0224422_12745268_80	+	;ID=3300021400.a:Ga0224422_12745268_80
80	null	null	null	CGC1	3300021400.a:Ga0224422_12745268	80555	81142	3300021400.a:Ga0224422_12745268_81	+	;ID=3300021400.a:Ga0224422_12745268_81
81	STP	1	2	CGC1	3300021400.a:Ga0224422_12745268	81249	82811	3300021400.a:Ga0224422_12745268_82	-	DB=STP|NIR_SIR_ferr,STP|NIR_SIR;ID=3300021400.a:Ga0224422_12745268_82	DB=STP|NIR_SIR_ferr,STP|NIR_SIR;ID=3300021400.a:Ga0224422_12745268_82
82	null	null	null	CGC1	3300021400.a:Ga0224422_12745268	82994	83824	3300021400.a:Ga0224422_12745268_83	+	;ID=3300021400.a:Ga0224422_12745268_83
83	TC	1	1	CGC1	3300021400.a:Ga0224422_12745268	83766	84791	3300021400.a:Ga0224422_12745268_84	+	DB=gnl|TC-DB|Q9KLQ7|3.A.1.20.2;ID=3300021400.a:Ga0224422_12745268_84	DB=gnl|TC-DB|Q9KLQ7|3.A.1.20.2;ID=3300021400.a:Ga0224422_12745268_84
84	null	null	null	CGC1	3300021400.a:Ga0224422_12745268	84805	86532	3300021400.a:Ga0224422_12745268_85	+	;ID=3300021400.a:Ga0224422_12745268_85
85	TC	1	1	CGC1	3300021400.a:Ga0224422_12745268	86477	87505	3300021400.a:Ga0224422_12745268_86	+	DB=gnl|TC-DB|P74127|3.A.1.10.2;ID=3300021400.a:Ga0224422_12745268_86	DB=gnl|TC-DB|P74127|3.A.1.10.2;ID=3300021400.a:Ga0224422_12745268_86
86	null	null	null	CGC1	3300021400.a:Ga0224422_12745268	87520	88269	3300021400.a:Ga0224422_12745268_87	+	;ID=3300021400.a:Ga0224422_12745268_87
87	TC	12	1	CGC1	3300021400.a:Ga0224422_12745268	88440	90065	3300021400.a:Ga0224422_12745268_88	+	DB=gnl|TC-DB|C7N858|2.A.115.2.14;ID=3300021400.a:Ga0224422_12745268_88	DB=gnl|TC-DB|C7N858|2.A.115.2.14;ID=3300021400.a:Ga0224422_12745268_88
+++++
1	TC	2	null	CGC1	3300021400.a:Ga0224422_12745269	1062	2354	3300021400.a:Ga0224422_12745269_2	-	DB=gnl|TC-DB|P42308|2.A.11.1.2;ID=3300021400.a:Ga0224422_12745269_2	DB=gnl|TC-DB|P42308|2.A.11.1.2;ID=3300021400.a:Ga0224422_12745269_2
2	null	null	null	CGC1	3300021400.a:Ga0224422_12745269	2442	3818	3300021400.a:Ga0224422_12745269_3	-	;ID=3300021400.a:Ga0224422_12745269_3
3	null	null	null	CGC1	3300021400.a:Ga0224422_12745269	3815	4264	3300021400.a:Ga0224422_12745269_4	-	;ID=3300021400.a:Ga0224422_12745269_4
4	TC	2	2	CGC1	3300021400.a:Ga0224422_12745269	4283	5542	3300021400.a:Ga0224422_12745269_5	-	DB=gnl|TC-DB|Q6MMK1|2.A.6.6.11;ID=3300021400.a:Ga0224422_12745269_5	DB=gnl|TC-DB|Q6MMK1|2.A.6.6.11;ID=3300021400.a:Ga0224422_12745269_5
5	null	null	null	CGC1	3300021400.a:Ga0224422_12745269	5604	5924	3300021400.a:Ga0224422_12745269_6	-	;ID=3300021400.a:Ga0224422_12745269_6
6	null	null	null	CGC1	3300021400.a:Ga0224422_12745269	5929	7287	3300021400.a:Ga0224422_12745269_7	-	;ID=3300021400.a:Ga0224422_12745269_7
7	TF	0	2	CGC1	3300021400.a:Ga0224422_12745269	7519	8964	3300021400.a:Ga0224422_12745269_8	-	DB=DBD-Pfam|HTH_8,DBD-SUPERFAMILY|0037176;ID=3300021400.a:Ga0224422_12745269_8	DB=DBD-Pfam|HTH_8,DBD-SUPERFAMILY|0037176;ID=3300021400.a:Ga0224422_12745269_8
8	STP	1	0	CGC1	3300021400.a:Ga0224422_12745269	9265	9678	3300021400.a:Ga0224422_12745269_9	-	DB=STP|ACT;ID=3300021400.a:Ga0224422_12745269_9	DB=STP|ACT;ID=3300021400.a:Ga0224422_12745269_9
9	null	null	null	CGC1	3300021400.a:Ga0224422_12745269	9710	10750	3300021400.a:Ga0224422_12745269_10	-	;ID=3300021400.a:Ga0224422_12745269_10
10	TF	0	1	CGC1	3300021400.a:Ga0224422_12745269	10842	11534	3300021400.a:Ga0224422_12745269_11	-	DB=DBD-Pfam|Trans_reg_C;ID=3300021400.a:Ga0224422_12745269_11	DB=DBD-Pfam|Trans_reg_C;ID=3300021400.a:Ga0224422_12745269_11
11	STP	0	0	CGC1	3300021400.a:Ga0224422_12745269	11531	13003	3300021400.a:Ga0224422_12745269_12	-	DB=STP|HisKA,STP|HATPase_c;ID=3300021400.a:Ga0224422_12745269_12	DB=STP|HisKA,STP|HATPase_c;ID=3300021400.a:Ga0224422_12745269_12
12	CAZyme	1	0	CGC1	3300021400.a:Ga0224422_12745269	13171	14634	3300021400.a:Ga0224422_12745269_13	+	DB=GT83| GT83;ID=3300021400.a:Ga0224422_12745269_13	DB=GT83| GT83;ID=3300021400.a:Ga0224422_12745269_13
13	null	null	null	CGC1	3300021400.a:Ga0224422_12745269	14863	15294	3300021400.a:Ga0224422_12745269_14	+	;ID=3300021400.a:Ga0224422_12745269_14
14	TC	1	1	CGC1	3300021400.a:Ga0224422_12745269	15459	16625	3300021400.a:Ga0224422_12745269_15	-	DB=gnl|TC-DB|A1KWE6|2.A.39.1.3;ID=3300021400.a:Ga0224422_12745269_15	DB=gnl|TC-DB|A1KWE6|2.A.39.1.3;ID=3300021400.a:Ga0224422_12745269_15
15	null	null	null	CGC1	3300021400.a:Ga0224422_12745269	16668	17033	3300021400.a:Ga0224422_12745269_16	-	;ID=3300021400.a:Ga0224422_12745269_16
16	STP	0	1	CGC1	3300021400.a:Ga0224422_12745269	17124	17957	3300021400.a:Ga0224422_12745269_17	-	DB=STP|PfkB;ID=3300021400.a:Ga0224422_12745269_17	DB=STP|PfkB;ID=3300021400.a:Ga0224422_12745269_17
17	TC	2	0	CGC1	3300021400.a:Ga0224422_12745269	18054	19991	3300021400.a:Ga0224422_12745269_18	-	DB=gnl|TC-DB|Q83XH1|3.A.1.121.4;ID=3300021400.a:Ga0224422_12745269_18	DB=gnl|TC-DB|Q83XH1|3.A.1.121.4;ID=3300021400.a:Ga0224422_12745269_18
18	null	null	null	CGC1	3300021400.a:Ga0224422_12745269	20013	21197	3300021400.a:Ga0224422_12745269_19	-	;ID=3300021400.a:Ga0224422_12745269_19
19	null	null	null	CGC1	3300021400.a:Ga0224422_12745269	21310	22251	3300021400.a:Ga0224422_12745269_20	+	;ID=3300021400.a:Ga0224422_12745269_20
20	STP	0	2	CGC1	3300021400.a:Ga0224422_12745269	22813	24093	3300021400.a:Ga0224422_12745269_21	+	DB=STP|Aminotran_1_2;ID=3300021400.a:Ga0224422_12745269_21	DB=STP|Aminotran_1_2;ID=3300021400.a:Ga0224422_12745269_21
21	TC	0	0	CGC1	3300021400.a:Ga0224422_12745269	24205	25503	3300021400.a:Ga0224422_12745269_22	+	DB=gnl|TC-DB|C0CGS2|2.A.26.1.5;ID=3300021400.a:Ga0224422_12745269_22	DB=gnl|TC-DB|C0CGS2|2.A.26.1.5;ID=3300021400.a:Ga0224422_12745269_22
22	TC	0	0	CGC1	3300021400.a:Ga0224422_12745269	25621	25998	3300021400.a:Ga0224422_12745269_23	-	DB=gnl|TC-DB|Q3B199|1.A.43.1.6;ID=3300021400.a:Ga0224422_12745269_23	DB=gnl|TC-DB|Q3B199|1.A.43.1.6;ID=3300021400.a:Ga0224422_12745269_23
23	TC	3	0	CGC1	3300021400.a:Ga0224422_12745269	26058	27206	3300021400.a:Ga0224422_12745269_24	-	DB=gnl|TC-DB|C6ALC5|1.B.22.4.3;ID=3300021400.a:Ga0224422_12745269_24	DB=gnl|TC-DB|C6ALC5|1.B.22.4.3;ID=3300021400.a:Ga0224422_12745269_24
+++++
46	STP	0	7	CGC1	3300021400.a:Ga0224422_10823280	42482	43336	3300021400.a:Ga0224422_10823280_47	+	DB=STP|Fer4;ID=3300021400.a:Ga0224422_10823280_47	DB=STP|Fer4;ID=3300021400.a:Ga0224422_10823280_47
47	TC	2	0	CGC1	3300021400.a:Ga0224422_10823280	43424	44248	3300021400.a:Ga0224422_10823280_48	+	DB=gnl|TC-DB|Q9HT68|3.A.1.24.5;ID=3300021400.a:Ga0224422_10823280_48	DB=gnl|TC-DB|Q9HT68|3.A.1.24.5;ID=3300021400.a:Ga0224422_10823280_48
48	null	null	null	CGC1	3300021400.a:Ga0224422_10823280	44686	45024	3300021400.a:Ga0224422_10823280_49	+	;ID=3300021400.a:Ga0224422_10823280_49
49	null	null	null	CGC1	3300021400.a:Ga0224422_10823280	45350	46024	3300021400.a:Ga0224422_10823280_50	+	;ID=3300021400.a:Ga0224422_10823280_50
50	TC	0	2	CGC1	3300021400.a:Ga0224422_10823280	46008	47264	3300021400.a:Ga0224422_10823280_51	+	DB=gnl|TC-DB|P07373|2.A.103.1.3;ID=3300021400.a:Ga0224422_10823280_51	DB=gnl|TC-DB|P07373|2.A.103.1.3;ID=3300021400.a:Ga0224422_10823280_51
51	TC	1	0	CGC1	3300021400.a:Ga0224422_10823280	47286	48551	3300021400.a:Ga0224422_10823280_52	+	DB=gnl|TC-DB|P0AGM7|2.A.40.1.1;ID=3300021400.a:Ga0224422_10823280_52	DB=gnl|TC-DB|P0AGM7|2.A.40.1.1;ID=3300021400.a:Ga0224422_10823280_52
52	null	null	null	CGC1	3300021400.a:Ga0224422_10823280	48564	49673	3300021400.a:Ga0224422_10823280_53	+	;ID=3300021400.a:Ga0224422_10823280_53
53	STP	1	1	CGC1	3300021400.a:Ga0224422_10823280	50261	50866	3300021400.a:Ga0224422_10823280_54	-	DB=STP|TetR_N;ID=3300021400.a:Ga0224422_10823280_54	DB=STP|TetR_N;ID=3300021400.a:Ga0224422_10823280_54
54	null	null	null	CGC1	3300021400.a:Ga0224422_10823280	51027	51821	3300021400.a:Ga0224422_10823280_55	+	;ID=3300021400.a:Ga0224422_10823280_55
55	TF	0	1	CGC1	3300021400.a:Ga0224422_10823280	51818	52729	3300021400.a:Ga0224422_10823280_56	-	DB=DBD-Pfam|HTH_AraC,DBD-Pfam|HTH_AraC,DBD-SUPERFAMILY|0036286,DBD-SUPERFAMILY|0035607;ID=3300021400.a:Ga0224422_10823280_56	DB=DBD-Pfam|HTH_AraC,DBD-Pfam|HTH_AraC,DBD-SUPERFAMILY|0036286,DBD-SUPERFAMILY|0035607;ID=3300021400.a:Ga0224422_10823280_56
56	STP	0	0	CGC1	3300021400.a:Ga0224422_10823280	52890	53114	3300021400.a:Ga0224422_10823280_57	+	DB=STP|HMA;ID=3300021400.a:Ga0224422_10823280_57	DB=STP|HMA;ID=3300021400.a:Ga0224422_10823280_57
57	TC	2	0	CGC1	3300021400.a:Ga0224422_10823280	53136	55070	3300021400.a:Ga0224422_10823280_58	+	DB=gnl|TC-DB|O32219|3.A.3.6.10;ID=3300021400.a:Ga0224422_10823280_58	DB=gnl|TC-DB|O32219|3.A.3.6.10;ID=3300021400.a:Ga0224422_10823280_58
58	null	null	null	CGC1	3300021400.a:Ga0224422_10823280	55118	55534	3300021400.a:Ga0224422_10823280_59	+	;ID=3300021400.a:Ga0224422_10823280_59
59	null	null	null	CGC1	3300021400.a:Ga0224422_10823280	55841	56128	3300021400.a:Ga0224422_10823280_60	+	;ID=3300021400.a:Ga0224422_10823280_60
60	STP	2	2	CGC1	3300021400.a:Ga0224422_10823280	56267	57772	3300021400.a:Ga0224422_10823280_61	+	DB=STP|CBS;ID=3300021400.a:Ga0224422_10823280_61	DB=STP|CBS;ID=3300021400.a:Ga0224422_10823280_61
61	null	null	null	CGC1	3300021400.a:Ga0224422_10823280	57997	59721	3300021400.a:Ga0224422_10823280_62	+	;ID=3300021400.a:Ga0224422_10823280_62
62	null	null	null	CGC1	3300021400.a:Ga0224422_10823280	59796	60893	3300021400.a:Ga0224422_10823280_63	-	;ID=3300021400.a:Ga0224422_10823280_63
63	CAZyme	0	2	CGC1	3300021400.a:Ga0224422_10823280	61040	63055	3300021400.a:Ga0224422_10823280_64	-	DB=GT51| GT51;ID=3300021400.a:Ga0224422_10823280_64	DB=GT51| GT51;ID=3300021400.a:Ga0224422_10823280_64
64	TC	0	0	CGC1	3300021400.a:Ga0224422_10823280	63432	65834	3300021400.a:Ga0224422_10823280_65	+	DB=gnl|TC-DB|P77439|4.A.2.1.11;ID=3300021400.a:Ga0224422_10823280_65	DB=gnl|TC-DB|P77439|4.A.2.1.11;ID=3300021400.a:Ga0224422_10823280_65
65	TF	1	0	CGC1	3300021400.a:Ga0224422_10823280	65992	66633	3300021400.a:Ga0224422_10823280_66	+	DB=DBD-Pfam|HTH_11,DBD-SUPERFAMILY|0043758;ID=3300021400.a:Ga0224422_10823280_66	DB=DBD-Pfam|HTH_11,DBD-SUPERFAMILY|0043758;ID=3300021400.a:Ga0224422_10823280_66
66	null	null	null	CGC1	3300021400.a:Ga0224422_10823280	66634	67455	3300021400.a:Ga0224422_10823280_67	+	;ID=3300021400.a:Ga0224422_10823280_67
67	STP	4	1	CGC1	3300021400.a:Ga0224422_10823280	67510	72372	3300021400.a:Ga0224422_10823280_68	+	DB=STP|HD;ID=3300021400.a:Ga0224422_10823280_68	DB=STP|HD;ID=3300021400.a:Ga0224422_10823280_68
+++++
72	CAZyme	2	4	CGC2	3300021400.a:Ga0224422_10823280	77031	77759	3300021400.a:Ga0224422_10823280_73	+	DB=GT26| GT26;ID=3300021400.a:Ga0224422_10823280_73	DB=GT26| GT26;ID=3300021400.a:Ga0224422_10823280_73
73	null	null	null	CGC2	3300021400.a:Ga0224422_10823280	77776	78414	3300021400.a:Ga0224422_10823280_74	+	;ID=3300021400.a:Ga0224422_10823280_74
74	null	null	null	CGC2	3300021400.a:Ga0224422_10823280	78411	79085	3300021400.a:Ga0224422_10823280_75	+	;ID=3300021400.a:Ga0224422_10823280_75
75	CAZyme	1	2	CGC2	3300021400.a:Ga0224422_10823280	79107	80357	3300021400.a:Ga0224422_10823280_76	+	DB=GT2| GT2;ID=3300021400.a:Ga0224422_10823280_76	DB=GT2| GT2;ID=3300021400.a:Ga0224422_10823280_76
76	null	null	null	CGC2	3300021400.a:Ga0224422_10823280	80366	81121	3300021400.a:Ga0224422_10823280_77	+	;ID=3300021400.a:Ga0224422_10823280_77
77	TC	0	1	CGC2	3300021400.a:Ga0224422_10823280	81536	82921	3300021400.a:Ga0224422_10823280_78	+	DB=gnl|TC-DB|Q8EII1|2.A.25.1.4;ID=3300021400.a:Ga0224422_10823280_78	DB=gnl|TC-DB|Q8EII1|2.A.25.1.4;ID=3300021400.a:Ga0224422_10823280_78
78	TF	0	0	CGC2	3300021400.a:Ga0224422_10823280	83968	84219	3300021400.a:Ga0224422_10823280_79	+	DB=DBD-Pfam|HTH_3,DBD-SUPERFAMILY|0038966;ID=3300021400.a:Ga0224422_10823280_79	DB=DBD-Pfam|HTH_3,DBD-SUPERFAMILY|0038966;ID=3300021400.a:Ga0224422_10823280_79
79	STP	1	0	CGC2	3300021400.a:Ga0224422_10823280	84315	84818	3300021400.a:Ga0224422_10823280_80	+	DB=STP|Nitroreductase,STP|Nitroreductase;ID=3300021400.a:Ga0224422_10823280_80	DB=STP|Nitroreductase,STP|Nitroreductase;ID=3300021400.a:Ga0224422_10823280_80
80	null	null	null	CGC2	3300021400.a:Ga0224422_10823280	84885	85076	3300021400.a:Ga0224422_10823280_81	+	;ID=3300021400.a:Ga0224422_10823280_81
81	TC	0	1	CGC2	3300021400.a:Ga0224422_10823280	85051	85794	3300021400.a:Ga0224422_10823280_82	+	DB=gnl|TC-DB|P42252|2.A.64.3.1;ID=3300021400.a:Ga0224422_10823280_82	DB=gnl|TC-DB|P42252|2.A.64.3.1;ID=3300021400.a:Ga0224422_10823280_82
82	TC	0	0	CGC2	3300021400.a:Ga0224422_10823280	85950	89387	3300021400.a:Ga0224422_10823280_83	+	DB=gnl|TC-DB|Q03030|3.B.1.1.1;ID=3300021400.a:Ga0224422_10823280_83	DB=gnl|TC-DB|Q03030|3.B.1.1.1;ID=3300021400.a:Ga0224422_10823280_83
83	TC	0	0	CGC2	3300021400.a:Ga0224422_10823280	89568	90767	3300021400.a:Ga0224422_10823280_84	-	DB=gnl|TC-DB|P25744|2.A.1.2.20;ID=3300021400.a:Ga0224422_10823280_84	DB=gnl|TC-DB|P25744|2.A.1.2.20;ID=3300021400.a:Ga0224422_10823280_84
84	TC	0	0	CGC2	3300021400.a:Ga0224422_10823280	90974	91906	3300021400.a:Ga0224422_10823280_85	+	DB=gnl|TC-DB|P26903|3.A.1.5.2;ID=3300021400.a:Ga0224422_10823280_85	DB=gnl|TC-DB|P26903|3.A.1.5.2;ID=3300021400.a:Ga0224422_10823280_85
85	TC	0	0	CGC2	3300021400.a:Ga0224422_10823280	91909	92823	3300021400.a:Ga0224422_10823280_86	+	DB=gnl|TC-DB|P26904|3.A.1.5.2;ID=3300021400.a:Ga0224422_10823280_86	DB=gnl|TC-DB|P26904|3.A.1.5.2;ID=3300021400.a:Ga0224422_10823280_86
86	TC	0	0	CGC2	3300021400.a:Ga0224422_10823280	92820	93815	3300021400.a:Ga0224422_10823280_87	+	DB=gnl|TC-DB|P26905|3.A.1.5.2;ID=3300021400.a:Ga0224422_10823280_87	DB=gnl|TC-DB|P26905|3.A.1.5.2;ID=3300021400.a:Ga0224422_10823280_87
87	TC	0	0	CGC2	3300021400.a:Ga0224422_10823280	93802	94770	3300021400.a:Ga0224422_10823280_88	+	DB=gnl|TC-DB|P77737|3.A.1.5.41;ID=3300021400.a:Ga0224422_10823280_88	DB=gnl|TC-DB|P77737|3.A.1.5.41;ID=3300021400.a:Ga0224422_10823280_88
88	TC	2	0	CGC2	3300021400.a:Ga0224422_10823280	94770	96344	3300021400.a:Ga0224422_10823280_89	+	DB=gnl|TC-DB|P26906|3.A.1.5.2;ID=3300021400.a:Ga0224422_10823280_89	DB=gnl|TC-DB|P26906|3.A.1.5.2;ID=3300021400.a:Ga0224422_10823280_89
89	null	null	null	CGC2	3300021400.a:Ga0224422_10823280	96372	97301	3300021400.a:Ga0224422_10823280_90	+	;ID=3300021400.a:Ga0224422_10823280_90
90	null	null	null	CGC2	3300021400.a:Ga0224422_10823280	97344	98537	3300021400.a:Ga0224422_10823280_91	+	;ID=3300021400.a:Ga0224422_10823280_91
91	TC	2	2	CGC2	3300021400.a:Ga0224422_10823280	98647	100041	3300021400.a:Ga0224422_10823280_92	-	DB=gnl|TC-DB|P31466|2.A.40.7.6;ID=3300021400.a:Ga0224422_10823280_92	DB=gnl|TC-DB|P31466|2.A.40.7.6;ID=3300021400.a:Ga0224422_10823280_92
92	null	null	null	CGC2	3300021400.a:Ga0224422_10823280	100207	104511	3300021400.a:Ga0224422_10823280_93	-	;ID=3300021400.a:Ga0224422_10823280_93
93	null	null	null	CGC2	3300021400.a:Ga0224422_10823280	104682	104903	3300021400.a:Ga0224422_10823280_94	+	;ID=3300021400.a:Ga0224422_10823280_94
94	TC	1	2	CGC2	3300021400.a:Ga0224422_10823280	105198	106652	3300021400.a:Ga0224422_10823280_95	-	DB=gnl|TC-DB|Q8F285|2.A.111.1.1;ID=3300021400.a:Ga0224422_10823280_95	DB=gnl|TC-DB|Q8F285|2.A.111.1.1;ID=3300021400.a:Ga0224422_10823280_95
95	null	null	null	CGC2	3300021400.a:Ga0224422_10823280	106948	107394	3300021400.a:Ga0224422_10823280_96	+	;ID=3300021400.a:Ga0224422_10823280_96
96	TC	8	1	CGC2	3300021400.a:Ga0224422_10823280	107609	109363	3300021400.a:Ga0224422_10823280_97	+	DB=gnl|TC-DB|R7MUM0|9.B.8.4.2;ID=3300021400.a:Ga0224422_10823280_97	DB=gnl|TC-DB|R7MUM0|9.B.8.4.2;ID=3300021400.a:Ga0224422_10823280_97
+++++
146	TF	0	4	CGC3	3300021400.a:Ga0224422_10823280	158842	159519	3300021400.a:Ga0224422_10823280_147	+	DB=DBD-Pfam|Trans_reg_C;ID=3300021400.a:Ga0224422_10823280_147	DB=DBD-Pfam|Trans_reg_C;ID=3300021400.a:Ga0224422_10823280_147
147	TC	1	0	CGC3	3300021400.a:Ga0224422_10823280	159526	161247	3300021400.a:Ga0224422_10823280_148	+	DB=gnl|TC-DB|Q93N33|2.A.21.9.2;ID=3300021400.a:Ga0224422_10823280_148	DB=gnl|TC-DB|Q93N33|2.A.21.9.2;ID=3300021400.a:Ga0224422_10823280_148
148	null	null	null	CGC3	3300021400.a:Ga0224422_10823280	161259	162581	3300021400.a:Ga0224422_10823280_149	+	;ID=3300021400.a:Ga0224422_10823280_149
149	STP	0	1	CGC3	3300021400.a:Ga0224422_10823280	162850	163737	3300021400.a:Ga0224422_10823280_150	+	DB=STP|SBP_bac_1;ID=3300021400.a:Ga0224422_10823280_150	DB=STP|SBP_bac_1;ID=3300021400.a:Ga0224422_10823280_150
150	TC	0	0	CGC3	3300021400.a:Ga0224422_10823280	163814	164737	3300021400.a:Ga0224422_10823280_151	+	DB=gnl|TC-DB|P0AGH8|3.A.1.7.1;ID=3300021400.a:Ga0224422_10823280_151	DB=gnl|TC-DB|P0AGH8|3.A.1.7.1;ID=3300021400.a:Ga0224422_10823280_151
151	TC	0	0	CGC3	3300021400.a:Ga0224422_10823280	164739	165617	3300021400.a:Ga0224422_10823280_152	+	DB=gnl|TC-DB|P07654|3.A.1.7.1;ID=3300021400.a:Ga0224422_10823280_152	DB=gnl|TC-DB|P07654|3.A.1.7.1;ID=3300021400.a:Ga0224422_10823280_152
152	TC	1	0	CGC3	3300021400.a:Ga0224422_10823280	165617	166480	3300021400.a:Ga0224422_10823280_153	+	DB=gnl|TC-DB|O51236|3.A.1.7.5;ID=3300021400.a:Ga0224422_10823280_153	DB=gnl|TC-DB|O51236|3.A.1.7.5;ID=3300021400.a:Ga0224422_10823280_153
153	null	null	null	CGC3	3300021400.a:Ga0224422_10823280	166501	167151	3300021400.a:Ga0224422_10823280_154	+	;ID=3300021400.a:Ga0224422_10823280_154
154	TC	1	1	CGC3	3300021400.a:Ga0224422_10823280	167235	168170	3300021400.a:Ga0224422_10823280_155	-	DB=gnl|TC-DB|P39803|2.A.115.1.1;ID=3300021400.a:Ga0224422_10823280_155	DB=gnl|TC-DB|P39803|2.A.115.1.1;ID=3300021400.a:Ga0224422_10823280_155
155	null	null	null	CGC3	3300021400.a:Ga0224422_10823280	168408	169262	3300021400.a:Ga0224422_10823280_156	+	;ID=3300021400.a:Ga0224422_10823280_156
156	TF	2	1	CGC3	3300021400.a:Ga0224422_10823280	169268	170014	3300021400.a:Ga0224422_10823280_157	+	DB=DBD-Pfam|GntR,DBD-SUPERFAMILY|0039384;ID=3300021400.a:Ga0224422_10823280_157	DB=DBD-Pfam|GntR,DBD-SUPERFAMILY|0039384;ID=3300021400.a:Ga0224422_10823280_157
157	null	null	null	CGC3	3300021400.a:Ga0224422_10823280	170033	170194	3300021400.a:Ga0224422_10823280_158	+	;ID=3300021400.a:Ga0224422_10823280_158
158	null	null	null	CGC3	3300021400.a:Ga0224422_10823280	170191	171501	3300021400.a:Ga0224422_10823280_159	+	;ID=3300021400.a:Ga0224422_10823280_159
159	CAZyme	1	2	CGC3	3300021400.a:Ga0224422_10823280	171520	172920	3300021400.a:Ga0224422_10823280_160	+	DB=AA4;ID=3300021400.a:Ga0224422_10823280_160	DB=AA4;ID=3300021400.a:Ga0224422_10823280_160
160	null	null	null	CGC3	3300021400.a:Ga0224422_10823280	172980	173894	3300021400.a:Ga0224422_10823280_161	-	;ID=3300021400.a:Ga0224422_10823280_161
161	TF	0	1	CGC3	3300021400.a:Ga0224422_10823280	173940	174707	3300021400.a:Ga0224422_10823280_162	-	DB=DBD-Pfam|HTH_AraC,DBD-Pfam|HTH_AraC,DBD-SUPERFAMILY|0036286,DBD-SUPERFAMILY|0035607;ID=3300021400.a:Ga0224422_10823280_162	DB=DBD-Pfam|HTH_AraC,DBD-Pfam|HTH_AraC,DBD-SUPERFAMILY|0036286,DBD-SUPERFAMILY|0035607;ID=3300021400.a:Ga0224422_10823280_162
162	TC	5	0	CGC3	3300021400.a:Ga0224422_10823280	174719	175924	3300021400.a:Ga0224422_10823280_163	-	DB=gnl|TC-DB|F4LXP4|8.A.59.2.1;ID=3300021400.a:Ga0224422_10823280_163	DB=gnl|TC-DB|F4LXP4|8.A.59.2.1;ID=3300021400.a:Ga0224422_10823280_163
+++++
23	STP	0	5	CGC1	3300021400.a:Ga0224422_10405180	25845	26438	3300021400.a:Ga0224422_10405180_24	+	DB=STP|TetR_N;ID=3300021400.a:Ga0224422_10405180_24	DB=STP|TetR_N;ID=3300021400.a:Ga0224422_10405180_24
24	TF	0	0	CGC1	3300021400.a:Ga0224422_10405180	26447	26989	3300021400.a:Ga0224422_10405180_25	-	DB=DBD-Pfam|MarR,DBD-SUPERFAMILY|0040517;ID=3300021400.a:Ga0224422_10405180_25	DB=DBD-Pfam|MarR,DBD-SUPERFAMILY|0040517;ID=3300021400.a:Ga0224422_10405180_25
25	TF	2	0	CGC1	3300021400.a:Ga0224422_10405180	27040	27825	3300021400.a:Ga0224422_10405180_26	-	DB=DBD-Pfam|GerE;ID=3300021400.a:Ga0224422_10405180_26	DB=DBD-Pfam|GerE;ID=3300021400.a:Ga0224422_10405180_26
26	null	null	null	CGC1	3300021400.a:Ga0224422_10405180	28170	28769	3300021400.a:Ga0224422_10405180_27	+	;ID=3300021400.a:Ga0224422_10405180_27
27	null	null	null	CGC1	3300021400.a:Ga0224422_10405180	28786	29307	3300021400.a:Ga0224422_10405180_28	+	;ID=3300021400.a:Ga0224422_10405180_28
28	STP	0	2	CGC1	3300021400.a:Ga0224422_10405180	29475	29852	3300021400.a:Ga0224422_10405180_29	+	DB=STP|Sigma70_r4;ID=3300021400.a:Ga0224422_10405180_29	DB=STP|Sigma70_r4;ID=3300021400.a:Ga0224422_10405180_29
29	TC	0	0	CGC1	3300021400.a:Ga0224422_10405180	29849	30685	3300021400.a:Ga0224422_10405180_30	+	DB=gnl|TC-DB|A0L4L0|3.A.1.132.3;ID=3300021400.a:Ga0224422_10405180_30	DB=gnl|TC-DB|A0L4L0|3.A.1.132.3;ID=3300021400.a:Ga0224422_10405180_30
30	TC	0	0	CGC1	3300021400.a:Ga0224422_10405180	30815	31528	3300021400.a:Ga0224422_10405180_31	-	DB=gnl|TC-DB|Q8DQH7|3.A.1.4.10;ID=3300021400.a:Ga0224422_10405180_31	DB=gnl|TC-DB|Q8DQH7|3.A.1.4.10;ID=3300021400.a:Ga0224422_10405180_31
31	TC	0	0	CGC1	3300021400.a:Ga0224422_10405180	31528	32295	3300021400.a:Ga0224422_10405180_32	-	DB=gnl|TC-DB|Q8DQH8|3.A.1.4.10;ID=3300021400.a:Ga0224422_10405180_32	DB=gnl|TC-DB|Q8DQH8|3.A.1.4.10;ID=3300021400.a:Ga0224422_10405180_32
32	TC	0	0	CGC1	3300021400.a:Ga0224422_10405180	32295	33254	3300021400.a:Ga0224422_10405180_33	-	DB=gnl|TC-DB|P21628|3.A.1.4.8;ID=3300021400.a:Ga0224422_10405180_33	DB=gnl|TC-DB|P21628|3.A.1.4.8;ID=3300021400.a:Ga0224422_10405180_33
33	TC	0	0	CGC1	3300021400.a:Ga0224422_10405180	33254	34135	3300021400.a:Ga0224422_10405180_34	-	DB=gnl|TC-DB|Q8DQI0|3.A.1.4.10;ID=3300021400.a:Ga0224422_10405180_34	DB=gnl|TC-DB|Q8DQI0|3.A.1.4.10;ID=3300021400.a:Ga0224422_10405180_34
34	TC	1	0	CGC1	3300021400.a:Ga0224422_10405180	34172	35320	3300021400.a:Ga0224422_10405180_35	-	DB=gnl|TC-DB|P21175|3.A.1.4.8;ID=3300021400.a:Ga0224422_10405180_35	DB=gnl|TC-DB|P21175|3.A.1.4.8;ID=3300021400.a:Ga0224422_10405180_35
35	null	null	null	CGC1	3300021400.a:Ga0224422_10405180	35850	37694	3300021400.a:Ga0224422_10405180_36	-	;ID=3300021400.a:Ga0224422_10405180_36
36	CAZyme	0	1	CGC1	3300021400.a:Ga0224422_10405180	37925	39112	3300021400.a:Ga0224422_10405180_37	-	DB=GH3| GH3;ID=3300021400.a:Ga0224422_10405180_37	DB=GH3| GH3;ID=3300021400.a:Ga0224422_10405180_37
37	CAZyme	1	0	CGC1	3300021400.a:Ga0224422_10405180	39087	40250	3300021400.a:Ga0224422_10405180_38	-	DB= CE9|CE9;ID=3300021400.a:Ga0224422_10405180_38	DB= CE9|CE9;ID=3300021400.a:Ga0224422_10405180_38
38	null	null	null	CGC1	3300021400.a:Ga0224422_10405180	40653	41543	3300021400.a:Ga0224422_10405180_39	+	;ID=3300021400.a:Ga0224422_10405180_39
39	TF	9	1	CGC1	3300021400.a:Ga0224422_10405180	41549	41782	3300021400.a:Ga0224422_10405180_40	+	DB=DBD-Pfam|HTH_6;ID=3300021400.a:Ga0224422_10405180_40	DB=DBD-Pfam|HTH_6;ID=3300021400.a:Ga0224422_10405180_40
+++++
