0036286	54	3300029733.a:Ga0245176_100011_150	309	7.3e-10	3	53	194	244	0.9259259259259259
0035607	54	3300029733.a:Ga0245176_100011_150	309	9.5e-08	3	52	246	293	0.9074074074074074
0040517	144	3300029733.a:Ga0245176_100011_153	298	2.1e-05	28	107	2	75	0.5486111111111112
0043707	64	3300029733.a:Ga0245176_100011_198	82	2.8e-06	4	61	15	70	0.890625
0040266	151	3300029733.a:Ga0245176_100011_337	410	1.9e-05	25	83	221	280	0.3841059602649007
0043707	64	3300029733.a:Ga0245176_100011_378	194	3.9e-12	3	61	5	64	0.90625
0044258	100	3300029733.a:Ga0245176_100011_89	301	4.6e-06	15	91	3	73	0.76
0037767	80	3300029733.a:Ga0245176_100027_212	225	1.7e-08	3	72	20	80	0.8625
0042156	125	3300029733.a:Ga0245176_100027_240	130	6.8e-21	4	113	6	113	0.872
0041150	134	3300029733.a:Ga0245176_100027_249	140	1.8e-21	3	112	7	112	0.8134328358208955
0036955	59	3300029733.a:Ga0245176_100027_33	357	1.3e-16	2	58	21	77	0.9491525423728814
0037176	98	3300029733.a:Ga0245176_100027_72	452	1.3e-17	1	97	364	451	0.9795918367346939
0040517	144	3300029733.a:Ga0245176_100031_108	99	7.5e-18	45	136	2	93	0.6319444444444444
0036955	59	3300029733.a:Ga0245176_100031_114	358	9.6e-17	2	58	7	63	0.9491525423728814
0035607	54	3300029733.a:Ga0245176_100031_116	310	4.8e-07	11	53	190	232	0.7777777777777778
0035607	54	3300029733.a:Ga0245176_100031_116	310	8.8e-10	3	53	234	282	0.9259259259259259
0035607	54	3300029733.a:Ga0245176_100031_124	273	2.7e-12	4	54	224	272	0.9259259259259259
0035607	54	3300029733.a:Ga0245176_100031_211	295	1.2e-09	2	53	244	293	0.9444444444444444
0044558	59	3300029733.a:Ga0245176_100031_32	341	9.2e-15	2	58	4	60	0.9491525423728814
0043707	64	3300029733.a:Ga0245176_100031_42	233	6.9e-13	4	61	11	69	0.890625
0043707	64	3300029733.a:Ga0245176_100034_100	68	6.1e-11	5	61	6	63	0.875
0038966	94	3300029733.a:Ga0245176_100034_145	77	5.2e-09	28	88	13	70	0.6382978723404256
0037176	98	3300029733.a:Ga0245176_100034_21	453	8e-15	2	97	359	448	0.9693877551020408
0035607	54	3300029733.a:Ga0245176_100034_28	276	3.3e-08	3	53	225	273	0.9259259259259259
0045030	74	3300029733.a:Ga0245176_100035_133	215	1.2e-12	1	72	5	76	0.9594594594594594
0037767	80	3300029733.a:Ga0245176_100035_35	227	5.2e-10	18	71	8	61	0.6625
0036286	54	3300029733.a:Ga0245176_100035_37	305	5.3e-12	3	53	191	241	0.9259259259259259
0035607	54	3300029733.a:Ga0245176_100035_37	305	9.6e-10	4	53	244	291	0.9074074074074074
0041905	120	3300029733.a:Ga0245176_100035_64	125	2.2e-23	3	117	2	115	0.95
0041905	120	3300029733.a:Ga0245176_100035_68	147	3.5e-23	2	118	20	135	0.9666666666666667
0045032	127	3300029733.a:Ga0245176_100039_108	436	4.5e-09	9	78	320	393	0.5433070866141733
0044030	41	3300029733.a:Ga0245176_100039_140	128	3.5e-09	1	32	95	126	0.7560975609756098
0040586	141	3300029733.a:Ga0245176_100039_144	317	2e-16	10	136	14	139	0.8936170212765957
0035607	54	3300029733.a:Ga0245176_100039_148	278	4.3e-07	3	52	227	274	0.9074074074074074
0035607	54	3300029733.a:Ga0245176_100039_149	299	2.9e-10	2	52	247	295	0.9259259259259259
0044258	100	3300029733.a:Ga0245176_100039_158	114	3.5e-23	3	97	9	104	0.94
0038966	94	3300029733.a:Ga0245176_100039_17	82	6.5e-09	32	91	17	73	0.6276595744680851
0043707	64	3300029733.a:Ga0245176_100039_194	163	1.1e-08	5	62	3	62	0.890625
0035607	54	3300029733.a:Ga0245176_100039_74	240	3.4e-05	9	53	134	178	0.8148148148148148
0035607	54	3300029733.a:Ga0245176_100039_74	240	9.3e-07	4	51	181	226	0.8703703703703703
0037176	98	3300029733.a:Ga0245176_100039_80	407	5.7e-11	36	98	341	403	0.6326530612244898
0040266	151	3300029733.a:Ga0245176_100054_159	158	6.3e-13	21	122	3	104	0.6688741721854304
0043935	94	3300029733.a:Ga0245176_100054_17	114	2.5e-13	2	87	13	103	0.9042553191489362
0041150	134	3300029733.a:Ga0245176_100054_176	139	1.1e-28	2	133	4	131	0.9776119402985075
0036286	54	3300029733.a:Ga0245176_100054_2	1400	2.1e-06	5	53	1288	1337	0.8888888888888888
0035607	54	3300029733.a:Ga0245176_100054_2	1400	4.2e-10	2	51	1338	1385	0.9074074074074074
0043669	98	3300029733.a:Ga0245176_100054_212	198	7.6e-05	18	53	3	38	0.35714285714285715
0036286	54	3300029733.a:Ga0245176_100054_32	293	1.1e-05	3	53	190	240	0.9259259259259259
0035607	54	3300029733.a:Ga0245176_100054_32	293	5.1e-10	4	53	243	290	0.9074074074074074
0042546	127	3300029733.a:Ga0245176_100068_133	197	3e-18	4	99	2	98	0.7480314960629921
0040266	151	3300029733.a:Ga0245176_100068_144	410	7e-08	29	142	28	142	0.7483443708609272
0043707	64	3300029733.a:Ga0245176_100068_161	102	2.4e-12	3	61	16	75	0.90625
0037767	80	3300029733.a:Ga0245176_100068_43	221	1.3e-08	2	79	149	218	0.9625
0038966	94	3300029733.a:Ga0245176_100092_44	68	2.7e-05	28	88	1	58	0.6382978723404256
0037176	98	3300029733.a:Ga0245176_100092_57	445	1.8e-19	1	97	354	444	0.9795918367346939
0035607	54	3300029733.a:Ga0245176_100092_98	269	8.7e-08	4	52	221	267	0.8888888888888888
0035318	53	3300029733.a:Ga0245176_100124_98	67	6.7e-06	6	50	6	50	0.8301886792452831
