HTH_3	55	3300025280.a:Ga0208449_1000003_130	66	7.5e-17	4	55	8	59	0.9272727272727272
HTH_8	42	3300025280.a:Ga0208449_1000003_167	453	1.8e-16	2	41	412	451	0.9285714285714286
HTH_8	42	3300025280.a:Ga0208449_1000003_174	442	1.9e-14	3	40	404	441	0.8809523809523809
HTH_AraC	42	3300025280.a:Ga0208449_1000003_181	321	8.9e-10	1	42	278	317	0.9761904761904762
Trans_reg_C	77	3300025280.a:Ga0208449_1000003_200	233	6e-26	2	77	154	228	0.974025974025974
LacI	46	3300025280.a:Ga0208449_1000003_217	367	3.8e-16	1	46	30	75	0.9782608695652174
HTH_11	55	3300025280.a:Ga0208449_1000003_258	311	7.8e-05	12	43	88	119	0.5636363636363636
HTH_3	55	3300025280.a:Ga0208449_1000003_280	108	8.7e-06	21	51	50	80	0.5454545454545454
HTH_5	47	3300025280.a:Ga0208449_1000003_86	160	1.5e-06	4	47	28	72	0.9148936170212766
HTH_10	53	3300025280.a:Ga0208449_1000003_90	201	1.3e-06	22	48	21	47	0.49056603773584906
HTH_AraC	42	3300025280.a:Ga0208449_1000008_12	555	7.9e-06	13	38	515	541	0.5952380952380952
TrmB	68	3300025280.a:Ga0208449_1000008_142	299	7.3e-05	4	57	238	291	0.7794117647058824
HTH_AraC	42	3300025280.a:Ga0208449_1000008_15	262	1.3e-06	10	41	220	252	0.7380952380952381
HTH_11	55	3300025280.a:Ga0208449_1000008_16	75	5.7e-06	12	53	3	47	0.7454545454545455
HTH_3	55	3300025280.a:Ga0208449_1000008_160	234	8.2e-17	1	55	4	58	0.9818181818181818
LytTR	98	3300025280.a:Ga0208449_1000008_167	245	4e-21	2	97	150	243	0.9693877551020408
HTH_AraC	42	3300025280.a:Ga0208449_1000008_204	293	1.6e-08	8	42	254	289	0.8095238095238095
zf-LSD1	25	3300025280.a:Ga0208449_1000008_213	365	6.4e-05	1	24	15	38	0.92
DUF24	91	3300025280.a:Ga0208449_1000016_166	141	4.8e-25	3	87	42	127	0.9230769230769231
HTH_AraC	42	3300025280.a:Ga0208449_1000016_183	281	1.2e-07	4	40	189	225	0.8571428571428571
HTH_AraC	42	3300025280.a:Ga0208449_1000016_183	281	9.8e-08	11	41	246	277	0.7142857142857143
HTH_3	55	3300025280.a:Ga0208449_1000016_57	69	2.4e-14	1	55	9	63	0.9818181818181818
LytTR	98	3300025280.a:Ga0208449_1000016_91	112	7.6e-26	4	97	16	109	0.9489795918367347
LytTR	98	3300025280.a:Ga0208449_1000018_100	230	1e-19	4	95	140	226	0.9285714285714286
HTH_3	55	3300025280.a:Ga0208449_1000018_105	189	8e-14	1	55	12	66	0.9818181818181818
Crp	32	3300025280.a:Ga0208449_1000018_112	211	1.6e-06	4	29	170	195	0.78125
GerE	57	3300025280.a:Ga0208449_1000018_144	219	2.9e-21	3	57	158	212	0.9473684210526315
LytTR	98	3300025280.a:Ga0208449_1000018_23	245	1.3e-23	2	97	151	244	0.9693877551020408
CSD	66	3300025280.a:Ga0208449_1000018_47	65	3.4e-24	1	65	1	62	0.9696969696969697
HTH_10	53	3300025280.a:Ga0208449_1000018_55	202	9.2e-06	22	46	19	43	0.4528301886792453
Fe_dep_repress	60	3300025280.a:Ga0208449_1000018_64	232	6.5e-19	3	60	15	73	0.95
HTH_AraC	42	3300025280.a:Ga0208449_1000018_79	294	2.5e-10	6	42	249	286	0.8571428571428571
HTH_3	55	3300025280.a:Ga0208449_1000018_93	137	5.8e-15	3	52	16	64	0.8909090909090909
LytTR	98	3300025280.a:Ga0208449_1000020_121	154	5.3e-17	3	97	57	150	0.9591836734693877
CSD	66	3300025280.a:Ga0208449_1000020_138	66	3.3e-21	2	64	3	61	0.9393939393939394
HTH_AraC	42	3300025280.a:Ga0208449_1000020_143	180	6.8e-11	8	40	132	165	0.7619047619047619
Crp	32	3300025280.a:Ga0208449_1000020_57	230	8.5e-08	1	32	176	207	0.96875
Pencillinase_R	115	3300025280.a:Ga0208449_1000020_74	122	6.1e-30	1	114	3	115	0.9826086956521739
Pencillinase_R	115	3300025280.a:Ga0208449_1000020_92	121	1.1e-33	1	114	4	116	0.9826086956521739
HTH_1	60	3300025280.a:Ga0208449_1000020_95	296	1.2e-22	1	60	7	66	0.9833333333333333
GerE	57	3300025280.a:Ga0208449_1000028_126	210	7.9e-22	3	55	149	201	0.9122807017543859
HTH_3	55	3300025280.a:Ga0208449_1000028_16	98	1.8e-12	1	55	6	60	0.9818181818181818
HTH_AraC	42	3300025280.a:Ga0208449_1000028_3	267	2.7e-08	9	41	222	255	0.7619047619047619
Rrf2	83	3300025280.a:Ga0208449_1000028_81	137	7.7e-28	1	82	1	82	0.9759036144578314
HTH_AraC	42	3300025280.a:Ga0208449_1000028_89	306	1.5e-06	7	41	265	300	0.8095238095238095
GerE	57	3300025280.a:Ga0208449_1000028_97	240	6.3e-20	3	54	180	231	0.8947368421052632
LytTR	98	3300025280.a:Ga0208449_1000029_138	231	2.4e-22	5	97	141	227	0.9387755102040817
FMN_bind_2	168	3300025280.a:Ga0208449_1000029_14	204	2.9e-54	1	167	1	160	0.9880952380952381
LytTR	98	3300025280.a:Ga0208449_1000029_22	252	4.8e-23	4	97	154	250	0.9489795918367347
MarR	59	3300025280.a:Ga0208449_1000029_49	150	2.2e-12	2	59	31	88	0.9661016949152542
HTH_AraC	42	3300025280.a:Ga0208449_1000029_53	301	3.4e-11	2	41	259	296	0.9285714285714286
HTH_AraC	42	3300025280.a:Ga0208449_1000029_67	275	3.7e-09	7	41	231	266	0.8095238095238095
HTH_1	60	3300025280.a:Ga0208449_1000029_8	314	6.5e-19	2	59	4	61	0.95
PadR	75	3300025280.a:Ga0208449_1000029_80	110	3.4e-13	6	73	20	88	0.8933333333333333
HTH_AraC	42	3300025280.a:Ga0208449_1000029_93	278	2e-07	8	42	168	202	0.8095238095238095
HTH_AraC	42	3300025280.a:Ga0208449_1000029_93	278	1.2e-09	7	42	217	253	0.8333333333333334
MarR	59	3300025280.a:Ga0208449_1000034_116	153	1.7e-06	5	52	7	54	0.7966101694915254
HTH_AraC	42	3300025280.a:Ga0208449_1000034_5	295	1.4e-08	5	41	246	283	0.8571428571428571
HTH_3	55	3300025280.a:Ga0208449_1000034_52	269	8.5e-10	4	55	31	81	0.9272727272727272
HTH_1	60	3300025280.a:Ga0208449_1000038_24	311	6.4e-16	1	59	5	63	0.9666666666666667
GerE	57	3300025280.a:Ga0208449_1000038_25	219	2.7e-21	2	57	157	212	0.9649122807017544
PspC	53	3300025280.a:Ga0208449_1000038_57	153	5.3e-08	8	50	13	61	0.7924528301886793
LytTR	98	3300025280.a:Ga0208449_1000038_59	245	3.8e-18	3	95	150	239	0.9387755102040817
Crp	32	3300025280.a:Ga0208449_1000038_85	349	7.3e-06	1	32	298	329	0.96875
HTH_AraC	42	3300025280.a:Ga0208449_1000059_34	382	4.8e-06	1	42	281	322	0.9761904761904762
HTH_AraC	42	3300025280.a:Ga0208449_1000059_34	382	1.4e-11	2	40	334	370	0.9047619047619048
HTH_3	55	3300025280.a:Ga0208449_1000059_36	78	7.6e-06	1	55	19	70	0.9818181818181818
HTH_3	55	3300025280.a:Ga0208449_1000059_37	80	7e-12	1	53	20	72	0.9454545454545454
HTH_AraC	42	3300025280.a:Ga0208449_1000059_71	184	6.8e-09	2	40	132	168	0.9047619047619048
HTH_8	42	3300025280.a:Ga0208449_1000059_80	427	1.4e-12	5	42	387	424	0.8809523809523809
MarR	59	3300025280.a:Ga0208449_1000066_75	149	6.3e-13	2	59	44	103	0.9661016949152542
PspC	53	3300025280.a:Ga0208449_1000066_80	76	1.5e-05	15	48	18	59	0.6226415094339622
GerE	57	3300025280.a:Ga0208449_1000068_9	165	2e-05	16	46	129	159	0.5263157894736842
HTH_8	42	3300025280.a:Ga0208449_1000068_90	446	9.2e-14	2	39	407	444	0.8809523809523809
GerE	57	3300025280.a:Ga0208449_1000068_93	109	3.9e-05	12	39	44	71	0.47368421052631576
GerE	57	3300025280.a:Ga0208449_1000075_17	184	1.3e-08	16	43	148	175	0.47368421052631576
HTH_1	60	3300025280.a:Ga0208449_1000075_30	116	1.2e-11	5	59	27	86	0.9
HTH_5	47	3300025280.a:Ga0208449_1000075_42	110	8.9e-14	1	46	25	71	0.9574468085106383
GerE	57	3300025280.a:Ga0208449_1000075_55	215	1.4e-17	2	55	148	201	0.9298245614035088
LytTR	98	3300025280.a:Ga0208449_1000075_75	245	4.7e-17	4	96	140	231	0.9387755102040817
Trans_reg_C	77	3300025280.a:Ga0208449_1000077_7	234	2.4e-20	1	77	154	228	0.987012987012987
LacI	46	3300025280.a:Ga0208449_1000079_21	340	5.1e-15	1	46	6	51	0.9782608695652174
HTH_AraC	42	3300025280.a:Ga0208449_1000079_34	388	1.7e-10	2	41	342	382	0.9285714285714286
Trans_reg_C	77	3300025280.a:Ga0208449_1000079_50	229	5.4e-23	1	77	155	226	0.987012987012987
HTH_5	47	3300025280.a:Ga0208449_1000079_71	157	9.9e-07	6	46	16	57	0.851063829787234
HTH_3	55	3300025280.a:Ga0208449_1000084_23	111	1.5e-15	1	55	11	65	0.9818181818181818
HTH_3	55	3300025280.a:Ga0208449_1000084_24	125	2.3e-08	1	53	20	72	0.9454545454545454
HTH_AraC	42	3300025280.a:Ga0208449_1000084_31	321	6.7e-06	10	41	235	266	0.7380952380952381
HTH_AraC	42	3300025280.a:Ga0208449_1000084_31	321	1.2e-08	1	38	278	313	0.8809523809523809
HTH_11	55	3300025280.a:Ga0208449_1000084_4	231	6.1e-19	1	54	11	63	0.9636363636363636
HTH_AraC	42	3300025280.a:Ga0208449_1000084_47	254	5.4e-06	4	35	163	194	0.7380952380952381
GerE	57	3300025280.a:Ga0208449_1000084_59	305	1.8e-06	2	55	246	299	0.9298245614035088
HTH_3	55	3300025280.a:Ga0208449_1000084_66	180	9.7e-18	1	55	4	57	0.9818181818181818
HTH_3	55	3300025280.a:Ga0208449_1000086_43	199	1.4e-06	2	44	26	69	0.7636363636363637
LytTR	98	3300025280.a:Ga0208449_1000086_9	245	5.2e-22	5	94	153	240	0.9081632653061225
HTH_8	42	3300025280.a:Ga0208449_1000088_23	449	9.5e-16	4	42	406	444	0.9047619047619048
GerE	57	3300025280.a:Ga0208449_1000088_35	530	4.9e-06	18	56	487	525	0.6666666666666666
GntR	64	3300025280.a:Ga0208449_1000088_51	499	2.1e-13	2	64	24	86	0.96875
HTH_3	55	3300025280.a:Ga0208449_1000088_57	70	4.8e-07	7	54	13	61	0.8545454545454545
CSD	66	3300025280.a:Ga0208449_1000093_28	65	5e-21	2	65	3	62	0.9545454545454546
MarR	59	3300025280.a:Ga0208449_1000093_70	151	1.3e-06	6	51	8	53	0.7627118644067796
Pencillinase_R	115	3300025280.a:Ga0208449_1000093_89	120	2.1e-31	1	114	4	116	0.9826086956521739
HTH_AraC	42	3300025280.a:Ga0208449_1000094_10	507	1e-08	6	42	463	501	0.8571428571428571
GerE	57	3300025280.a:Ga0208449_1000094_2	932	2e-06	18	56	889	927	0.6666666666666666
MerR	38	3300025280.a:Ga0208449_1000094_21	110	8.2e-10	2	38	13	49	0.9473684210526315
GerE	57	3300025280.a:Ga0208449_1000094_54	347	5.9e-17	2	54	289	341	0.9122807017543859
HTH_AraC	42	3300025280.a:Ga0208449_1000094_9	161	3.9e-10	8	42	110	145	0.8095238095238095
MarR	59	3300025280.a:Ga0208449_1000097_14	160	9.1e-06	8	48	13	53	0.6779661016949152
HTH_3	55	3300025280.a:Ga0208449_1000097_16	133	9.3e-09	6	55	14	64	0.8909090909090909
FUR	120	3300025280.a:Ga0208449_1000097_68	126	7.4e-14	5	93	4	97	0.7333333333333333
HTH_AraC	42	3300025280.a:Ga0208449_1000098_10	321	3.2e-08	7	42	281	317	0.8333333333333334
HTH_1	60	3300025280.a:Ga0208449_1000098_16	303	5.5e-19	1	60	4	63	0.9833333333333333
HTH_3	55	3300025280.a:Ga0208449_1000098_3	116	5.8e-20	1	55	8	62	0.9818181818181818
GerE	57	3300025280.a:Ga0208449_1000098_38	197	4e-06	19	43	160	184	0.42105263157894735
GerE	57	3300025280.a:Ga0208449_1000098_71	179	1.3e-12	3	45	122	164	0.7368421052631579
LacI	46	3300025280.a:Ga0208449_1000098_77	340	1.1e-18	1	46	6	53	0.9782608695652174
LacI	46	3300025280.a:Ga0208449_1000105_14	381	2.3e-12	1	46	40	85	0.9782608695652174
HTH_AraC	42	3300025280.a:Ga0208449_1000105_20	325	1.5e-08	1	42	227	268	0.9761904761904762
HTH_AraC	42	3300025280.a:Ga0208449_1000105_20	325	2.8e-06	6	42	281	318	0.8571428571428571
HTH_11	55	3300025280.a:Ga0208449_1000105_34	343	3.4e-18	4	54	36	85	0.9090909090909091
GerE	57	3300025280.a:Ga0208449_1000105_36	921	2.8e-06	2	49	862	909	0.8245614035087719
PspC	53	3300025280.a:Ga0208449_1000105_66	577	5.5e-23	1	53	109	167	0.9811320754716981
PadR	75	3300025280.a:Ga0208449_1000105_67	101	8.1e-21	1	74	10	80	0.9733333333333334
HTH_AraC	42	3300025280.a:Ga0208449_1000109_13	291	4.7e-08	3	42	193	232	0.9285714285714286
HTH_AraC	42	3300025280.a:Ga0208449_1000109_13	291	3.1e-08	6	42	245	282	0.8571428571428571
MerR	38	3300025280.a:Ga0208449_1000109_55	301	7.9e-09	1	38	9	46	0.9736842105263158
GerE	57	3300025280.a:Ga0208449_1000109_58	187	1.9e-07	19	45	148	174	0.45614035087719296
LacI	46	3300025280.a:Ga0208449_1000109_69	350	4e-14	1	46	8	53	0.9782608695652174
HTH_DeoR	57	3300025280.a:Ga0208449_1000119_14	260	1e-14	1	54	14	67	0.9298245614035088
HTH_5	47	3300025280.a:Ga0208449_1000119_42	124	9.4e-19	1	47	43	90	0.9787234042553191
FUR	120	3300025280.a:Ga0208449_1000119_46	139	1.4e-10	2	100	11	113	0.8166666666666667
HTH_DeoR	57	3300025280.a:Ga0208449_1000119_7	250	1.7e-15	1	53	6	58	0.9122807017543859
GntR	64	3300025280.a:Ga0208449_1000127_19	243	5.3e-19	3	64	15	76	0.953125
GerE	57	3300025280.a:Ga0208449_1000127_2	180	4.2e-07	13	43	119	149	0.5263157894736842
GerE	57	3300025280.a:Ga0208449_1000127_23	78	2.7e-07	11	39	14	42	0.49122807017543857
Rrf2	83	3300025280.a:Ga0208449_1000127_24	144	1.5e-18	1	83	1	83	0.9879518072289156
Rrf2	83	3300025280.a:Ga0208449_1000127_35	146	1.7e-17	1	83	1	85	0.9879518072289156
LytTR	98	3300025280.a:Ga0208449_1000127_54	246	3.7e-22	5	93	150	235	0.8979591836734694
GerE	57	3300025280.a:Ga0208449_1000127_56	205	7.6e-08	2	45	127	171	0.7543859649122807
HTH_AraC	42	3300025280.a:Ga0208449_1000127_6	296	2.1e-08	8	42	259	294	0.8095238095238095
HTH_AraC	42	3300025280.a:Ga0208449_1000135_56	180	7.9e-05	17	41	92	116	0.5714285714285714
HTH_AraC	42	3300025280.a:Ga0208449_1000135_56	180	5.6e-08	8	40	132	165	0.7619047619047619
HTH_AraC	42	3300025280.a:Ga0208449_1000135_57	194	2.2e-06	13	40	150	178	0.6428571428571429
HTH_AraC	42	3300025280.a:Ga0208449_1000136_3	387	3.5e-06	1	42	340	382	0.9761904761904762
GerE	57	3300025280.a:Ga0208449_1000136_34	181	7.8e-07	15	44	142	171	0.5087719298245614
LytTR	98	3300025280.a:Ga0208449_1000136_37	244	3.3e-18	3	97	148	238	0.9591836734693877
LytTR	98	3300025280.a:Ga0208449_1000136_43	248	2e-19	3	94	155	242	0.9285714285714286
GerE	57	3300025280.a:Ga0208449_1000136_51	105	3.3e-06	19	43	68	92	0.42105263157894735
GntR	64	3300025280.a:Ga0208449_1000138_25	486	1.6e-18	1	64	21	84	0.984375
GerE	57	3300025280.a:Ga0208449_1000165_25	137	5.6e-20	4	57	75	128	0.9298245614035088
HTH_3	55	3300025280.a:Ga0208449_1000165_46	133	9.6e-15	2	52	15	64	0.9090909090909091
FUR	120	3300025280.a:Ga0208449_1000174_14	152	1.8e-29	1	120	20	140	0.9916666666666667
LytTR	98	3300025280.a:Ga0208449_1000193_30	252	4.5e-20	4	88	162	240	0.8571428571428571
FUR	120	3300025280.a:Ga0208449_1000215_12	145	7.8e-15	2	95	11	115	0.775
FUR	120	3300025280.a:Ga0208449_1000215_19	141	8.9e-10	3	100	12	113	0.8083333333333333
HTH_5	47	3300025280.a:Ga0208449_1000215_51	125	1.3e-09	1	46	29	74	0.9574468085106383
GerE	57	3300025280.a:Ga0208449_1000219_28	194	2.8e-10	15	47	150	182	0.5614035087719298
AraC_N	148	3300025280.a:Ga0208449_1000259_24	303	7.7e-33	5	145	30	182	0.9459459459459459
HTH_AraC	42	3300025280.a:Ga0208449_1000259_24	303	1.5e-12	1	42	206	247	0.9761904761904762
HTH_AraC	42	3300025280.a:Ga0208449_1000259_24	303	3.5e-08	10	41	264	296	0.7380952380952381
HTH_AraC	42	3300025280.a:Ga0208449_1000268_20	317	2.1e-12	1	41	232	272	0.9523809523809523
HTH_AraC	42	3300025280.a:Ga0208449_1000315_16	341	5.8e-12	1	40	292	329	0.9285714285714286
HTH_3	55	3300025280.a:Ga0208449_1000315_19	188	4.6e-05	6	44	87	124	0.6909090909090909
HTH_AraC	42	3300025280.a:Ga0208449_1000315_19	188	1.7e-10	6	40	136	171	0.8095238095238095
HTH_AraC	42	3300025280.a:Ga0208449_1000315_21	344	6.8e-05	10	42	253	285	0.7619047619047619
HTH_AraC	42	3300025280.a:Ga0208449_1000315_21	344	1.8e-12	2	40	297	333	0.9047619047619048
GerE	57	3300025280.a:Ga0208449_1000315_3	185	2.2e-10	16	47	147	178	0.543859649122807
HTH_5	47	3300025280.a:Ga0208449_1000315_9	108	1.6e-12	1	46	33	80	0.9574468085106383
HTH_5	47	3300025280.a:Ga0208449_1000320_3	124	1e-18	2	46	44	89	0.9361702127659575
HTH_AraC	42	3300025280.a:Ga0208449_1000320_30	228	3.7e-06	11	40	182	212	0.6904761904761905
HTH_AraC	42	3300025280.a:Ga0208449_1000320_4	189	6.5e-12	8	40	141	174	0.7619047619047619
HTH_AraC	42	3300025280.a:Ga0208449_1000378_19	194	1.8e-07	9	40	146	178	0.7380952380952381
HTH_AraC	42	3300025280.a:Ga0208449_1000378_32	196	1.4e-09	11	40	151	181	0.6904761904761905
HTH_3	55	3300025280.a:Ga0208449_1000386_5	585	4.8e-15	1	55	10	64	0.9818181818181818
HTH_3	55	3300025280.a:Ga0208449_1000446_10	123	1.4e-11	2	50	40	87	0.8727272727272727
HTH_3	55	3300025280.a:Ga0208449_1000446_11	116	5.4e-11	1	49	25	72	0.8727272727272727
GerE	57	3300025280.a:Ga0208449_1000446_7	197	3.2e-08	16	45	146	175	0.5087719298245614
HTH_AraC	42	3300025280.a:Ga0208449_1000455_13	270	4.3e-05	1	42	177	218	0.9761904761904762
HTH_AraC	42	3300025280.a:Ga0208449_1000455_13	270	2.4e-07	17	40	242	266	0.5476190476190477
FUR	120	3300025280.a:Ga0208449_1000455_20	127	4.5e-12	5	94	4	99	0.7416666666666667
HTH_AraC	42	3300025280.a:Ga0208449_1000455_25	304	3.7e-09	2	41	262	299	0.9285714285714286
HTH_AraC	42	3300025280.a:Ga0208449_1000455_31	342	7.5e-10	13	40	304	332	0.6428571428571429
Trans_reg_C	77	3300025280.a:Ga0208449_1000515_10	239	9.9e-18	2	77	157	230	0.974025974025974
HTH_AraC	42	3300025280.a:Ga0208449_1000536_19	120	2.9e-09	1	41	79	117	0.9523809523809523
Trans_reg_C	77	3300025280.a:Ga0208449_1000536_22	225	2.1e-21	3	77	147	221	0.961038961038961
HTH_AraC	42	3300025280.a:Ga0208449_1000536_5	304	1.7e-09	6	41	264	300	0.8333333333333334
GerE	57	3300025280.a:Ga0208449_1000544_19	185	1.7e-09	16	47	147	178	0.543859649122807
GntR	64	3300025280.a:Ga0208449_1000832_11	213	4.1e-14	2	64	8	69	0.96875
HTH_3	55	3300025280.a:Ga0208449_1000832_3	68	1.5e-13	1	55	8	62	0.9818181818181818
HTH_AraC	42	3300025280.a:Ga0208449_1000853_4	309	9.1e-12	1	41	269	307	0.9523809523809523
HTH_AraC	42	3300025280.a:Ga0208449_1000867_9	1350	8.1e-11	1	38	1310	1345	0.8809523809523809
Trans_reg_C	77	3300025280.a:Ga0208449_1001147_8	226	5.1e-18	1	77	145	222	0.987012987012987
HTH_3	55	3300025280.a:Ga0208449_1001192_6	100	6.5e-08	2	55	31	81	0.9636363636363636
LexA_DNA_bind	65	3300025280.a:Ga0208449_1001254_10	90	6.7e-10	2	59	24	75	0.8769230769230769
HTH_3	55	3300025280.a:Ga0208449_1002261_4	160	1e-05	1	52	17	67	0.9272727272727272
FUR	120	3300025280.a:Ga0208449_1002334_4	144	2.3e-09	2	101	11	114	0.825
FUR	120	3300025280.a:Ga0208449_1002334_8	149	6.1e-14	2	95	15	119	0.775
MarR	59	3300025280.a:Ga0208449_1002402_9	152	3.6e-13	2	57	38	94	0.9322033898305084
HTH_5	47	3300025280.a:Ga0208449_1003243_9	104	1.8e-09	6	46	45	86	0.851063829787234
FUR	120	3300025280.a:Ga0208449_1004208_6	143	1.5e-11	2	108	11	126	0.8833333333333333
HTH_3	55	3300025280.a:Ga0208449_1007052_4	132	2.1e-15	3	53	16	65	0.9090909090909091
