NUDIX	131	3300029329.a:Ga0242807_100057_1	214	1.6e-11	11	115	85	183	0.7938931297709924
HTH_6	77	3300029329.a:Ga0242807_100057_10	255	7.7e-21	12	73	12	73	0.7922077922077922
SIS	131	3300029329.a:Ga0242807_100057_10	255	1.5e-13	3	108	117	222	0.8015267175572519
HTH_6	77	3300029329.a:Ga0242807_100057_104	271	1.5e-13	12	71	10	69	0.7662337662337663
SIS	131	3300029329.a:Ga0242807_100057_104	271	6.3e-08	5	99	130	223	0.7175572519083969
CBS	57	3300029329.a:Ga0242807_100057_108	449	2.8e-06	5	51	226	273	0.8070175438596491
CBS	57	3300029329.a:Ga0242807_100057_108	449	1.2e-06	7	56	292	341	0.8596491228070176
HTH_18	81	3300029329.a:Ga0242807_100057_109	269	2.2e-14	2	80	181	256	0.9629629629629629
HTH_6	77	3300029329.a:Ga0242807_100057_11	251	4.3e-19	12	76	11	75	0.8311688311688312
SIS	131	3300029329.a:Ga0242807_100057_11	251	7.2e-09	6	106	113	212	0.7633587786259542
HTH_3	55	3300029329.a:Ga0242807_100057_112	265	8.7e-15	3	55	12	64	0.9454545454545454
SBP_bac_3	225	3300029329.a:Ga0242807_100057_114	274	9.4e-40	2	222	33	265	0.9777777777777777
PTS_EIIC	324	3300029329.a:Ga0242807_100057_12	509	1.5e-65	2	324	15	344	0.9938271604938271
HisKA	64	3300029329.a:Ga0242807_100057_121	897	4e-14	3	64	669	735	0.953125
HATPase_c	111	3300029329.a:Ga0242807_100057_121	897	3.3e-25	2	110	780	890	0.972972972972973
Response_reg	112	3300029329.a:Ga0242807_100057_122	237	4.5e-30	1	111	6	114	0.9821428571428571
Trans_reg_C	77	3300029329.a:Ga0242807_100057_122	237	2.1e-23	1	77	152	228	0.987012987012987
HisKA	64	3300029329.a:Ga0242807_100057_123	487	2.3e-13	2	64	259	326	0.96875
HATPase_c	111	3300029329.a:Ga0242807_100057_123	487	3.3e-22	3	110	372	481	0.963963963963964
Response_reg	112	3300029329.a:Ga0242807_100057_124	228	1e-28	1	112	6	115	0.9910714285714286
Trans_reg_C	77	3300029329.a:Ga0242807_100057_124	228	9.4e-22	1	77	149	225	0.987012987012987
HTH_11	55	3300029329.a:Ga0242807_100057_133	636	3.8e-12	1	55	5	61	0.9818181818181818
Mga	87	3300029329.a:Ga0242807_100057_133	636	3.5e-09	4	86	73	158	0.9425287356321839
PTS_EIIC	324	3300029329.a:Ga0242807_100057_137	456	1.8e-66	1	324	26	361	0.9969135802469136
HD	122	3300029329.a:Ga0242807_100057_143	323	3.2e-08	1	92	51	137	0.7459016393442623
GGDEF	161	3300029329.a:Ga0242807_100057_145	845	6.6e-33	1	159	124	279	0.9813664596273292
GGDEF	161	3300029329.a:Ga0242807_100057_145	845	5.7e-27	2	161	424	577	0.9875776397515528
EAL	238	3300029329.a:Ga0242807_100057_145	845	1.4e-65	11	238	608	833	0.9537815126050421
HTH_6	77	3300029329.a:Ga0242807_100057_146	256	2.9e-15	5	76	5	75	0.922077922077922
SIS	131	3300029329.a:Ga0242807_100057_146	256	1.2e-11	6	104	121	218	0.7480916030534351
PTS_EIIC	324	3300029329.a:Ga0242807_100057_147	470	1.6e-35	2	322	23	368	0.9876543209876543
CBS	57	3300029329.a:Ga0242807_100057_149	448	2.3e-08	2	52	133	187	0.8771929824561403
CBS	57	3300029329.a:Ga0242807_100057_149	448	2.6e-06	3	56	197	250	0.9298245614035088
Response_reg	112	3300029329.a:Ga0242807_100057_153	220	2.2e-24	1	111	3	111	0.9821428571428571
Trans_reg_C	77	3300029329.a:Ga0242807_100057_153	220	4.5e-22	2	77	144	218	0.974025974025974
HATPase_c	111	3300029329.a:Ga0242807_100057_154	337	1e-18	2	109	220	328	0.963963963963964
ACT	67	3300029329.a:Ga0242807_100057_159	157	4e-05	13	38	28	53	0.373134328358209
MerR	38	3300029329.a:Ga0242807_100057_17	121	1e-15	1	38	4	41	0.9736842105263158
GGDEF	161	3300029329.a:Ga0242807_100057_170	333	4.1e-38	3	161	175	326	0.9813664596273292
AAA	132	3300029329.a:Ga0242807_100057_171	666	3.5e-16	2	126	190	321	0.9393939393939394
AAA	132	3300029329.a:Ga0242807_100057_171	666	1.5e-09	1	111	456	572	0.8333333333333334
HTH_DeoR	57	3300029329.a:Ga0242807_100057_179	256	2.2e-21	4	56	9	61	0.9122807017543859
DeoRC	160	3300029329.a:Ga0242807_100057_179	256	7.4e-41	2	158	79	234	0.975
HTH_6	77	3300029329.a:Ga0242807_100057_188	258	3.5e-15	17	70	22	75	0.6883116883116883
HTH_6	77	3300029329.a:Ga0242807_100057_189	298	5.2e-14	8	74	6	72	0.8571428571428571
SIS	131	3300029329.a:Ga0242807_100057_189	298	1.9e-19	2	128	128	255	0.9618320610687023
GGDEF	161	3300029329.a:Ga0242807_100057_194	1149	5.5e-43	2	160	280	433	0.9813664596273292
GGDEF	161	3300029329.a:Ga0242807_100057_194	1149	4.8e-21	2	156	745	882	0.9565217391304348
EAL	238	3300029329.a:Ga0242807_100057_194	1149	3.1e-65	6	238	905	1136	0.9747899159663865
PfkB	302	3300029329.a:Ga0242807_100057_195	265	3.1e-09	147	282	88	232	0.4470198675496689
AAA	132	3300029329.a:Ga0242807_100057_24	449	1.1e-07	2	108	143	242	0.803030303030303
HATPase_c	111	3300029329.a:Ga0242807_100057_28	642	1.6e-21	3	108	37	177	0.9459459459459459
GGDEF	161	3300029329.a:Ga0242807_100057_36	969	3.1e-12	24	157	24	154	0.8260869565217391
EAL	238	3300029329.a:Ga0242807_100057_36	969	3.4e-59	3	238	179	413	0.9873949579831933
TetR_N	47	3300029329.a:Ga0242807_100057_37	203	4e-14	1	47	19	65	0.9787234042553191
LysR_substrate	209	3300029329.a:Ga0242807_100057_42	178	9e-10	23	109	3	86	0.41148325358851673
HTH_1	60	3300029329.a:Ga0242807_100057_43	41	7e-07	1	26	3	28	0.4166666666666667
LytTR	98	3300029329.a:Ga0242807_100057_45	144	7.8e-25	2	97	46	141	0.9693877551020408
AAA	132	3300029329.a:Ga0242807_100057_52	641	2.1e-15	2	127	42	171	0.946969696969697
AAA	132	3300029329.a:Ga0242807_100057_57	314	1.4e-05	26	126	72	155	0.7575757575757576
GGDEF	161	3300029329.a:Ga0242807_100057_6	639	9e-31	2	158	474	628	0.968944099378882
GntR	64	3300029329.a:Ga0242807_100057_64	234	4.7e-20	2	64	5	67	0.96875
dCache_1	249	3300029329.a:Ga0242807_100057_65	739	4.7e-14	2	247	45	266	0.9839357429718876
GGDEF	161	3300029329.a:Ga0242807_100057_65	739	1.2e-22	1	152	318	461	0.937888198757764
EAL	238	3300029329.a:Ga0242807_100057_65	739	1.1e-60	5	238	491	724	0.9789915966386554
GntR	64	3300029329.a:Ga0242807_100057_66	484	3.7e-13	5	64	11	70	0.921875
GntR	64	3300029329.a:Ga0242807_100057_66	484	3.4e-13	2	64	256	318	0.96875
B12-binding_2	75	3300029329.a:Ga0242807_100057_70	211	7.1e-21	2	75	2	75	0.9733333333333334
B12-binding	121	3300029329.a:Ga0242807_100057_70	211	7.5e-26	2	107	88	189	0.8677685950413223
PALP	294	3300029329.a:Ga0242807_100057_72	326	2.2e-43	3	294	9	312	0.9897959183673469
GGDEF	161	3300029329.a:Ga0242807_100057_74	866	1.6e-42	3	160	399	551	0.9751552795031055
SIS	131	3300029329.a:Ga0242807_100057_77	250	3.9e-09	36	92	90	145	0.42748091603053434
Mga	87	3300029329.a:Ga0242807_100057_79	700	3.5e-09	16	85	92	164	0.7931034482758621
Response_reg	112	3300029329.a:Ga0242807_100057_8	167	7.4e-13	1	102	5	107	0.9017857142857143
Response_reg	112	3300029329.a:Ga0242807_100057_84	254	2.5e-12	2	111	9	120	0.9732142857142857
Spo0A_C	104	3300029329.a:Ga0242807_100057_84	254	6.5e-34	1	104	146	246	0.9903846153846154
Response_reg	112	3300029329.a:Ga0242807_100057_85	272	2.6e-13	1	107	9	118	0.9464285714285714
Spo0A_C	104	3300029329.a:Ga0242807_100057_85	272	4.5e-46	1	104	153	256	0.9903846153846154
SBP_bac_3	225	3300029329.a:Ga0242807_100057_87	500	1.1e-05	88	160	118	191	0.32
SBP_bac_3	225	3300029329.a:Ga0242807_100057_88	503	1e-09	85	173	117	208	0.39111111111111113
PTS_EIIC	324	3300029329.a:Ga0242807_100057_96	453	1.9e-60	1	324	32	378	0.9969135802469136
HTH_6	77	3300029329.a:Ga0242807_100057_98	267	3.8e-17	13	73	16	76	0.7792207792207793
MerR	38	3300029329.a:Ga0242807_100057_99	388	3.5e-16	1	38	6	43	0.9736842105263158
CbiA	128	3300029329.a:Ga0242807_100083_1	107	2e-09	3	50	53	100	0.3671875
HTH_3	55	3300029329.a:Ga0242807_100083_10	107	4.3e-09	1	51	7	56	0.9090909090909091
LacI	46	3300029329.a:Ga0242807_100083_104	335	2.8e-18	1	45	3	49	0.9565217391304348
Peripla_BP_3	164	3300029329.a:Ga0242807_100083_104	335	1.5e-36	1	164	166	330	0.9939024390243902
PTS_EIIC	324	3300029329.a:Ga0242807_100083_106	454	7.4e-52	1	324	30	380	0.9969135802469136
PTS-HPr	82	3300029329.a:Ga0242807_100083_110	90	4.4e-27	4	81	6	83	0.9390243902439024
SBP_bac_1	315	3300029329.a:Ga0242807_100083_118	450	2.3e-26	2	314	40	347	0.9904761904761905
AraC_binding	136	3300029329.a:Ga0242807_100083_119	281	6.1e-12	12	80	30	99	0.5
HTH_18	81	3300029329.a:Ga0242807_100083_119	281	1.4e-20	1	80	195	273	0.9753086419753086
Glycos_trans_3N	63	3300029329.a:Ga0242807_100083_12	434	2e-20	1	63	4	66	0.9841269841269841
HATPase_c	111	3300029329.a:Ga0242807_100083_133	336	6e-19	2	109	221	328	0.963963963963964
Response_reg	112	3300029329.a:Ga0242807_100083_134	222	2.6e-24	1	111	4	112	0.9821428571428571
Trans_reg_C	77	3300029329.a:Ga0242807_100083_134	222	2e-24	2	76	146	219	0.961038961038961
GGDEF	161	3300029329.a:Ga0242807_100083_135	1003	2.9e-22	1	157	127	273	0.968944099378882
EAL	238	3300029329.a:Ga0242807_100083_135	1003	1.6e-67	3	238	298	532	0.9873949579831933
SBP_bac_1	315	3300029329.a:Ga0242807_100083_145	432	5.1e-19	11	260	52	282	0.7904761904761904
Response_reg	112	3300029329.a:Ga0242807_100083_146	228	6.3e-29	1	111	4	115	0.9821428571428571
GerE	57	3300029329.a:Ga0242807_100083_146	228	1.2e-16	3	57	160	214	0.9473684210526315
HATPase_c	111	3300029329.a:Ga0242807_100083_147	437	9.6e-07	2	54	344	396	0.46846846846846846
Peripla_BP_1	279	3300029329.a:Ga0242807_100083_148	322	2.7e-20	4	271	43	302	0.956989247311828
PTS_EIIC	324	3300029329.a:Ga0242807_100083_150	630	1.9e-55	1	323	107	405	0.9938271604938271
LacI	46	3300029329.a:Ga0242807_100083_151	333	9.7e-15	1	46	7	51	0.9782608695652174
Peripla_BP_3	164	3300029329.a:Ga0242807_100083_151	333	2.7e-24	7	164	175	327	0.9573170731707317
ACT	67	3300029329.a:Ga0242807_100083_154	441	1.2e-09	6	39	381	414	0.4925373134328358
Sigma70_r2	71	3300029329.a:Ga0242807_100083_31	418	4.7e-24	2	70	183	251	0.9577464788732394
Sigma70_r3	78	3300029329.a:Ga0242807_100083_31	418	1.2e-31	1	77	261	338	0.9743589743589743
Sigma70_r4	50	3300029329.a:Ga0242807_100083_31	418	3.2e-19	2	50	352	404	0.96
Trans_reg_C	77	3300029329.a:Ga0242807_100083_41	431	1.3e-05	7	72	51	117	0.8441558441558441
BTAD	146	3300029329.a:Ga0242807_100083_41	431	3.2e-07	2	132	130	258	0.8904109589041096
Trans_reg_C	77	3300029329.a:Ga0242807_100083_45	394	9.8e-06	13	68	37	93	0.7142857142857143
BTAD	146	3300029329.a:Ga0242807_100083_45	394	5.7e-11	4	146	112	251	0.9726027397260274
T2SSE	273	3300029329.a:Ga0242807_100083_46	352	2.5e-40	8	268	11	268	0.9523809523809523
CbiA	128	3300029329.a:Ga0242807_100083_5	242	1.9e-08	11	88	61	232	0.6015625
Aminotran_1_2	363	3300029329.a:Ga0242807_100083_55	396	2.6e-05	130	315	168	341	0.509641873278237
MarR	59	3300029329.a:Ga0242807_100083_63	143	2.1e-11	17	58	50	91	0.6949152542372882
Nitroreductase	170	3300029329.a:Ga0242807_100083_64	254	1.6e-25	3	170	10	165	0.9823529411764705
PadR	75	3300029329.a:Ga0242807_100083_70	106	9.9e-17	2	75	17	85	0.9733333333333334
MerR	38	3300029329.a:Ga0242807_100083_72	277	6.1e-11	1	38	5	43	0.9736842105263158
Pribosyltran	159	3300029329.a:Ga0242807_100083_85	210	6.4e-08	38	126	111	202	0.5534591194968553
MarR	59	3300029329.a:Ga0242807_100083_86	152	3.4e-09	1	58	34	91	0.9661016949152542
TrkA_C	70	3300029329.a:Ga0242807_100083_87	520	8e-13	4	61	447	503	0.8142857142857143
PTS_EIIC	324	3300029329.a:Ga0242807_100083_89	426	8.7e-42	1	324	26	351	0.9969135802469136
HTH_6	77	3300029329.a:Ga0242807_100083_91	230	1.2e-13	11	73	9	71	0.8051948051948052
SIS	131	3300029329.a:Ga0242807_100083_91	230	1.2e-10	4	99	97	188	0.7251908396946565
Fe_dep_repress	60	3300029329.a:Ga0242807_100083_96	121	2.2e-10	5	54	5	54	0.8166666666666667
TetR_N	47	3300029329.a:Ga0242807_100083_98	193	7.2e-18	1	45	16	60	0.9361702127659575
PTS_EIIC	324	3300029329.a:Ga0242807_100085_100	530	8e-60	2	323	10	345	0.9907407407407407
LacI	46	3300029329.a:Ga0242807_100085_106	340	1.5e-20	1	46	8	53	0.9782608695652174
Peripla_BP_3	164	3300029329.a:Ga0242807_100085_106	340	7.4e-32	1	164	172	338	0.9939024390243902
HTH_IclR	52	3300029329.a:Ga0242807_100085_111	254	2.1e-11	2	51	7	56	0.9423076923076923
IclR	129	3300029329.a:Ga0242807_100085_111	254	5.8e-30	6	102	127	223	0.7441860465116279
HTH_IclR	52	3300029329.a:Ga0242807_100085_113	264	6.6e-10	3	51	8	56	0.9230769230769231
IclR	129	3300029329.a:Ga0242807_100085_113	264	1.8e-31	5	103	126	225	0.7596899224806202
PTS_EIIC	324	3300029329.a:Ga0242807_100085_114	440	7e-44	2	324	29	365	0.9938271604938271
MarR	59	3300029329.a:Ga0242807_100085_116	144	3.8e-07	1	57	33	91	0.9491525423728814
HTH_18	81	3300029329.a:Ga0242807_100085_117	59	4.5e-10	49	81	5	37	0.3950617283950617
SBP_bac_3	225	3300029329.a:Ga0242807_100085_120	499	6.8e-06	90	177	119	207	0.38666666666666666
HTH_6	77	3300029329.a:Ga0242807_100085_125	265	5e-06	16	67	20	71	0.6623376623376623
PTS_EIIC	324	3300029329.a:Ga0242807_100085_130	549	1.7e-67	1	324	28	347	0.9969135802469136
TrmB	68	3300029329.a:Ga0242807_100085_132	878	4.6e-05	20	66	24	70	0.6764705882352942
MerR	38	3300029329.a:Ga0242807_100085_135	276	5e-12	1	38	10	48	0.9736842105263158
GyrI-like	155	3300029329.a:Ga0242807_100085_135	276	3.8e-15	4	154	124	273	0.967741935483871
TetR_N	47	3300029329.a:Ga0242807_100085_142	171	7.7e-14	1	46	7	52	0.9574468085106383
HATPase_c	111	3300029329.a:Ga0242807_100085_147	333	7.6e-15	2	107	214	321	0.9459459459459459
Response_reg	112	3300029329.a:Ga0242807_100085_148	224	1e-21	1	111	3	111	0.9821428571428571
Trans_reg_C	77	3300029329.a:Ga0242807_100085_148	224	6.4e-22	3	76	148	221	0.948051948051948
MerR	38	3300029329.a:Ga0242807_100085_151	273	7.3e-15	1	38	7	45	0.9736842105263158
GyrI-like	155	3300029329.a:Ga0242807_100085_151	273	5.6e-13	4	155	123	270	0.9741935483870968
HxlR	91	3300029329.a:Ga0242807_100085_152	111	6.2e-33	1	89	16	105	0.967032967032967
Sigma70_r4_2	54	3300029329.a:Ga0242807_100085_157	246	6.9e-08	18	54	38	74	0.6666666666666666
Nitro_FeMo-Co	95	3300029329.a:Ga0242807_100085_157	246	8.2e-21	2	94	127	214	0.968421052631579
PTS_EIIC	324	3300029329.a:Ga0242807_100085_161	429	1.1e-21	51	322	64	343	0.8364197530864198
HTH_Mga	60	3300029329.a:Ga0242807_100085_163	639	4.1e-09	7	53	5	51	0.7666666666666667
Mga	87	3300029329.a:Ga0242807_100085_163	639	9.9e-12	14	83	79	151	0.7931034482758621
Rrf2	83	3300029329.a:Ga0242807_100085_2	132	4.1e-19	1	81	1	79	0.963855421686747
T2SSE	273	3300029329.a:Ga0242807_100085_20	348	1.6e-46	6	268	7	262	0.9597069597069597
T2SSE	273	3300029329.a:Ga0242807_100085_21	557	3e-79	12	272	190	448	0.9523809523809523
HTH_3	55	3300029329.a:Ga0242807_100085_31	276	2e-19	3	55	11	63	0.9454545454545454
PTS_EIIC	324	3300029329.a:Ga0242807_100085_34	631	7.5e-40	2	322	111	408	0.9876543209876543
GntR	64	3300029329.a:Ga0242807_100085_36	238	2.9e-16	1	64	4	67	0.984375
Pyr_redox_2	292	3300029329.a:Ga0242807_100085_4	443	1.3e-64	2	292	3	305	0.9931506849315068
Aminotran_1_2	363	3300029329.a:Ga0242807_100085_41	394	3.9e-39	32	356	57	380	0.8925619834710744
NUDIX	131	3300029329.a:Ga0242807_100085_45	140	4.1e-13	17	107	27	110	0.6870229007633588
GntR	64	3300029329.a:Ga0242807_100085_51	122	2.5e-16	2	64	12	74	0.96875
MerR	38	3300029329.a:Ga0242807_100085_64	90	7.4e-15	3	38	4	38	0.9210526315789473
HTH_3	55	3300029329.a:Ga0242807_100085_65	416	2.7e-15	4	55	14	64	0.9272727272727272
Response_reg	112	3300029329.a:Ga0242807_100085_66	231	3e-32	1	111	5	113	0.9821428571428571
Trans_reg_C	77	3300029329.a:Ga0242807_100085_66	231	4.4e-27	1	76	153	228	0.974025974025974
HisKA	64	3300029329.a:Ga0242807_100085_67	362	5.9e-13	2	60	141	203	0.90625
HATPase_c	111	3300029329.a:Ga0242807_100085_67	362	1.7e-17	2	109	253	359	0.963963963963964
Pyr_redox_2	292	3300029329.a:Ga0242807_100085_7	415	2.4e-31	1	276	3	295	0.9417808219178082
HTH_6	77	3300029329.a:Ga0242807_100085_71	275	3.9e-10	25	73	28	76	0.6233766233766234
FUR	120	3300029329.a:Ga0242807_100085_79	130	3.8e-27	4	110	4	110	0.8833333333333333
HTH_6	77	3300029329.a:Ga0242807_100085_87	251	7.2e-08	16	71	19	74	0.7142857142857143
SIS	131	3300029329.a:Ga0242807_100085_87	251	2.3e-07	2	105	120	221	0.7862595419847328
HTH_3	55	3300029329.a:Ga0242807_100093_10	73	4e-17	1	55	6	60	0.9818181818181818
PALP	294	3300029329.a:Ga0242807_100093_12	495	3.8e-16	24	293	97	424	0.9149659863945578
CBS	57	3300029329.a:Ga0242807_100093_122	547	6e-06	1	53	70	122	0.9122807017543859
CBS	57	3300029329.a:Ga0242807_100093_122	547	6.2e-07	11	54	260	303	0.7543859649122807
HTH_6	77	3300029329.a:Ga0242807_100093_123	222	1.5e-05	17	58	177	219	0.5324675324675324
HTH_3	55	3300029329.a:Ga0242807_100093_124	385	4.2e-18	1	55	7	61	0.9818181818181818
HTH_3	55	3300029329.a:Ga0242807_100093_125	292	2.3e-18	1	55	7	61	0.9818181818181818
Pyr_redox_2	292	3300029329.a:Ga0242807_100093_129	463	7.9e-40	2	291	142	447	0.9897260273972602
Response_reg	112	3300029329.a:Ga0242807_100093_132	235	1.3e-12	1	108	4	111	0.9553571428571429
LytTR	98	3300029329.a:Ga0242807_100093_132	235	1.5e-12	3	91	136	220	0.8979591836734694
HATPase_c	111	3300029329.a:Ga0242807_100093_151	412	1.8e-07	3	94	318	397	0.8198198198198198
LytTR	98	3300029329.a:Ga0242807_100093_152	57	3.4e-05	46	95	4	49	0.5
dCache_1	249	3300029329.a:Ga0242807_100093_16	725	4.2e-24	7	249	38	250	0.9718875502008032
GGDEF	161	3300029329.a:Ga0242807_100093_16	725	2.1e-10	4	130	303	421	0.782608695652174
EAL	238	3300029329.a:Ga0242807_100093_16	725	2.2e-66	2	238	471	707	0.9915966386554622
HxlR	91	3300029329.a:Ga0242807_100093_17	144	8.2e-24	1	89	17	105	0.967032967032967
Pyr_redox_2	292	3300029329.a:Ga0242807_100093_20	440	7.1e-60	1	280	4	295	0.9554794520547946
Nitroreductase	170	3300029329.a:Ga0242807_100093_21	227	5.3e-07	119	170	85	133	0.3
HTH_5	47	3300029329.a:Ga0242807_100093_22	120	6.4e-12	1	46	27	75	0.9574468085106383
Response_reg	112	3300029329.a:Ga0242807_100093_24	237	1.3e-28	1	111	6	114	0.9821428571428571
Trans_reg_C	77	3300029329.a:Ga0242807_100093_24	237	8e-26	1	77	158	233	0.987012987012987
HisKA	64	3300029329.a:Ga0242807_100093_25	696	6.9e-19	1	64	476	542	0.984375
HATPase_c	111	3300029329.a:Ga0242807_100093_25	696	4.4e-11	2	95	589	681	0.8378378378378378
HisKA	64	3300029329.a:Ga0242807_100093_28	566	2.8e-20	1	63	339	405	0.96875
HATPase_c	111	3300029329.a:Ga0242807_100093_28	566	1.3e-27	4	110	453	561	0.954954954954955
Response_reg	112	3300029329.a:Ga0242807_100093_29	228	8.3e-28	1	111	5	114	0.9821428571428571
Trans_reg_C	77	3300029329.a:Ga0242807_100093_29	228	2.9e-29	2	77	146	219	0.974025974025974
Trans_reg_C	77	3300029329.a:Ga0242807_100093_35	329	1.4e-05	19	76	13	69	0.7402597402597403
HTH_1	60	3300029329.a:Ga0242807_100093_40	307	8.7e-23	2	60	4	62	0.9666666666666667
LysR_substrate	209	3300029329.a:Ga0242807_100093_40	307	1.2e-11	37	206	121	301	0.8086124401913876
Aminotran_1_2	363	3300029329.a:Ga0242807_100093_41	390	7.6e-75	2	363	31	380	0.9944903581267218
MarR	59	3300029329.a:Ga0242807_100093_42	164	4.1e-05	7	44	5	42	0.6271186440677966
AsnC_trans_reg	75	3300029329.a:Ga0242807_100093_42	164	2.1e-15	2	75	67	140	0.9733333333333334
AraC_binding	136	3300029329.a:Ga0242807_100093_48	277	4.9e-10	9	82	26	98	0.5367647058823529
HTH_18	81	3300029329.a:Ga0242807_100093_48	277	6.2e-22	1	80	194	272	0.9753086419753086
dCache_1	249	3300029329.a:Ga0242807_100093_51	478	4.9e-23	3	248	38	270	0.9839357429718876
GGDEF	161	3300029329.a:Ga0242807_100093_51	478	9.5e-41	1	161	321	473	0.9937888198757764
PALP	294	3300029329.a:Ga0242807_100093_61	401	5e-85	4	294	17	301	0.9863945578231292
SBP_bac_3	225	3300029329.a:Ga0242807_100093_66	826	2.9e-18	15	223	42	252	0.9244444444444444
SBP_bac_3	225	3300029329.a:Ga0242807_100093_66	826	2.8e-18	3	217	277	481	0.9511111111111111
GGDEF	161	3300029329.a:Ga0242807_100093_66	826	1.6e-38	2	161	660	812	0.9875776397515528
dCache_1	249	3300029329.a:Ga0242807_100093_70	744	1.2e-12	4	249	36	270	0.9839357429718876
GGDEF	161	3300029329.a:Ga0242807_100093_70	744	1.3e-18	28	152	344	465	0.7701863354037267
EAL	238	3300029329.a:Ga0242807_100093_70	744	2.3e-66	4	238	496	729	0.9831932773109243
HTH_6	77	3300029329.a:Ga0242807_100093_73	282	2.7e-15	10	76	9	75	0.8571428571428571
HTH_3	55	3300029329.a:Ga0242807_100093_9	77	2.7e-19	1	55	6	60	0.9818181818181818
Sigma70_r2	71	3300029329.a:Ga0242807_100093_92	202	1.3e-09	11	68	38	95	0.8028169014084507
NUDIX	131	3300029329.a:Ga0242807_100163_10	136	9.2e-19	4	89	3	85	0.648854961832061
PALP	294	3300029329.a:Ga0242807_100163_101	395	1.4e-47	4	292	50	373	0.9795918367346939
Glycos_trans_3N	63	3300029329.a:Ga0242807_100163_104	336	2.7e-20	2	62	4	64	0.9523809523809523
AraC_binding	136	3300029329.a:Ga0242807_100163_111	273	1.4e-19	13	132	23	141	0.875
HTH_18	81	3300029329.a:Ga0242807_100163_111	273	4.3e-22	2	80	188	264	0.9629629629629629
HTH_1	60	3300029329.a:Ga0242807_100163_112	306	3.7e-18	1	59	3	61	0.9666666666666667
LysR_substrate	209	3300029329.a:Ga0242807_100163_112	306	7.9e-08	38	207	121	297	0.8086124401913876
MerR	38	3300029329.a:Ga0242807_100163_115	270	1.4e-10	1	38	10	47	0.9736842105263158
cNMP_binding	88	3300029329.a:Ga0242807_100163_12	204	9.2e-20	2	81	18	98	0.8977272727272727
Crp	32	3300029329.a:Ga0242807_100163_12	204	7.5e-05	4	32	154	182	0.875
Sigma70_r2	71	3300029329.a:Ga0242807_100163_129	241	4.2e-19	2	68	25	91	0.9295774647887324
Sigma70_r3	78	3300029329.a:Ga0242807_100163_129	241	4.2e-12	1	63	102	163	0.7948717948717948
Sigma70_r4	50	3300029329.a:Ga0242807_100163_129	241	1e-13	2	49	187	234	0.94
HATPase_c	111	3300029329.a:Ga0242807_100163_130	145	9.6e-10	6	109	39	138	0.9279279279279279
STAS	117	3300029329.a:Ga0242807_100163_131	108	4.3e-14	4	106	7	100	0.8717948717948718
HTH_1	60	3300029329.a:Ga0242807_100163_15	310	5.6e-17	3	59	5	61	0.9333333333333333
LysR_substrate	209	3300029329.a:Ga0242807_100163_15	310	3e-05	33	104	118	199	0.3397129186602871
HATPase_c	111	3300029329.a:Ga0242807_100163_18	135	1.6e-06	22	105	44	132	0.7477477477477478
Fer4	24	3300029329.a:Ga0242807_100163_19	388	8.8e-07	1	20	34	53	0.7916666666666666
FeS	33	3300029329.a:Ga0242807_100163_19	388	6.8e-13	1	32	352	383	0.9393939393939394
HATPase_c	111	3300029329.a:Ga0242807_100163_22	178	3.3e-15	9	104	4	99	0.8558558558558559
Fer4	24	3300029329.a:Ga0242807_100163_24	418	1.1e-10	1	24	361	384	0.9583333333333334
Fer4	24	3300029329.a:Ga0242807_100163_24	418	1.7e-08	1	23	392	414	0.9166666666666666
Fer4	24	3300029329.a:Ga0242807_100163_25	583	3.3e-05	2	18	142	158	0.6666666666666666
Fer4	24	3300029329.a:Ga0242807_100163_25	583	3.6e-07	7	23	190	206	0.6666666666666666
GGDEF	161	3300029329.a:Ga0242807_100163_28	348	2.5e-30	2	160	191	339	0.9813664596273292
TrkA_C	70	3300029329.a:Ga0242807_100163_37	537	4.8e-09	2	57	408	462	0.7857142857142857
TrkA_C	70	3300029329.a:Ga0242807_100163_37	537	1.5e-08	6	55	477	525	0.7
HD	122	3300029329.a:Ga0242807_100163_41	297	1.2e-15	2	120	86	231	0.9672131147540983
TrkA_C	70	3300029329.a:Ga0242807_100163_43	454	9.2e-15	1	66	152	218	0.9285714285714286
TrkA_C	70	3300029329.a:Ga0242807_100163_43	454	6e-13	12	68	395	450	0.8
TrkA_C	70	3300029329.a:Ga0242807_100163_44	222	8.1e-11	4	65	151	216	0.8714285714285714
Pyr_redox_2	292	3300029329.a:Ga0242807_100163_47	524	8.4e-10	2	112	91	263	0.3767123287671233
Pyr_redox_2	292	3300029329.a:Ga0242807_100163_48	375	3.5e-08	3	115	4	159	0.3835616438356164
Glyoxalase	128	3300029329.a:Ga0242807_100163_52	123	3.8e-11	4	128	7	118	0.96875
Rrf2	83	3300029329.a:Ga0242807_100163_59	147	4e-25	1	83	1	83	0.9879518072289156
GGDEF	161	3300029329.a:Ga0242807_100163_6	1766	1.6e-17	3	157	221	364	0.9565217391304348
EAL	238	3300029329.a:Ga0242807_100163_6	1766	1.4e-62	5	238	391	624	0.9789915966386554
GGDEF	161	3300029329.a:Ga0242807_100163_6	1766	2e-41	1	158	1598	1749	0.9751552795031055
CHASE3	138	3300029329.a:Ga0242807_100163_65	144	1.9e-06	29	133	8	111	0.7536231884057971
Sigma70_r2	71	3300029329.a:Ga0242807_100163_69	259	1.5e-18	1	68	42	109	0.9436619718309859
Sigma70_r3	78	3300029329.a:Ga0242807_100163_69	259	6.5e-12	3	62	122	181	0.7564102564102564
Sigma70_r4	50	3300029329.a:Ga0242807_100163_69	259	9.3e-17	1	48	206	253	0.94
Sigma70_r2	71	3300029329.a:Ga0242807_100163_70	232	6.5e-18	1	70	51	121	0.971830985915493
Sigma70_r4	50	3300029329.a:Ga0242807_100163_70	232	7.2e-17	1	50	170	223	0.98
HTH_6	77	3300029329.a:Ga0242807_100163_81	268	2.4e-09	20	64	23	67	0.5714285714285714
HTH_6	77	3300029329.a:Ga0242807_100163_82	261	2.5e-10	21	72	24	75	0.6623376623376623
SIS	131	3300029329.a:Ga0242807_100163_82	261	2.4e-05	2	94	126	217	0.7022900763358778
PTS-HPr	82	3300029329.a:Ga0242807_100163_85	90	5e-22	3	80	5	82	0.9390243902439024
HTH_3	55	3300029329.a:Ga0242807_100163_90	143	7.3e-17	4	53	9	58	0.8909090909090909
Response_reg	112	3300029329.a:Ga0242807_100163_95	233	1.3e-30	1	111	6	114	0.9821428571428571
Trans_reg_C	77	3300029329.a:Ga0242807_100163_95	233	5.1e-23	1	77	152	228	0.987012987012987
HisKA	64	3300029329.a:Ga0242807_100163_96	640	7.9e-14	3	64	412	478	0.953125
HATPase_c	111	3300029329.a:Ga0242807_100163_96	640	1.7e-23	4	109	525	632	0.9459459459459459
TrkA_C	70	3300029329.a:Ga0242807_100163_97	215	1.6e-08	2	66	149	213	0.9142857142857143
PTS_EIIC	324	3300029329.a:Ga0242807_100191_14	629	6e-14	2	313	294	558	0.9598765432098766
PfkB	302	3300029329.a:Ga0242807_100191_15	304	8.1e-57	12	293	11	284	0.9304635761589404
AraC_binding	136	3300029329.a:Ga0242807_100191_17	360	1.2e-10	15	71	99	155	0.4117647058823529
HTH_18	81	3300029329.a:Ga0242807_100191_17	360	1.2e-17	2	80	278	355	0.9629629629629629
PTS_EIIC	324	3300029329.a:Ga0242807_100191_23	457	5.8e-26	3	324	114	392	0.9907407407407407
AraC_binding	136	3300029329.a:Ga0242807_100191_24	323	2.9e-10	15	69	62	116	0.39705882352941174
HTH_18	81	3300029329.a:Ga0242807_100191_24	323	7.8e-18	1	80	240	318	0.9753086419753086
AraC_binding	136	3300029329.a:Ga0242807_100191_25	327	3.7e-09	15	69	64	118	0.39705882352941174
HTH_18	81	3300029329.a:Ga0242807_100191_25	327	3.7e-19	2	81	244	322	0.9753086419753086
PTS_EIIC	324	3300029329.a:Ga0242807_100191_27	440	9.3e-46	2	322	33	349	0.9876543209876543
AraC_binding	136	3300029329.a:Ga0242807_100191_28	329	2.6e-08	16	68	67	120	0.38235294117647056
HTH_18	81	3300029329.a:Ga0242807_100191_28	329	2.6e-18	2	81	248	326	0.9753086419753086
PTS_EIIC	324	3300029329.a:Ga0242807_100191_3	611	2.4e-29	2	324	105	385	0.9938271604938271
PTS_EIIC	324	3300029329.a:Ga0242807_100191_30	432	2.2e-57	2	323	30	349	0.9907407407407407
HTH_6	77	3300029329.a:Ga0242807_100191_33	300	4.4e-16	9	73	11	75	0.8311688311688312
SIS	131	3300029329.a:Ga0242807_100191_33	300	1.9e-19	1	129	131	260	0.9770992366412213
GGDEF	161	3300029329.a:Ga0242807_100191_34	1228	6.6e-17	5	156	246	387	0.937888198757764
EAL	238	3300029329.a:Ga0242807_100191_34	1228	8.2e-68	4	238	414	648	0.9831932773109243
HD	122	3300029329.a:Ga0242807_100191_39	233	1.4e-15	2	121	14	133	0.9754098360655737
HD	122	3300029329.a:Ga0242807_100191_40	209	5.5e-10	2	120	34	145	0.9672131147540983
HTH_6	77	3300029329.a:Ga0242807_100191_44	285	2.5e-16	11	74	10	73	0.8181818181818182
SIS	131	3300029329.a:Ga0242807_100191_44	285	1.5e-12	21	128	148	253	0.816793893129771
AraC_binding	136	3300029329.a:Ga0242807_100191_47	262	5.1e-09	14	65	27	78	0.375
HTH_18	81	3300029329.a:Ga0242807_100191_47	262	5.7e-24	1	80	182	260	0.9753086419753086
Pribosyltran	159	3300029329.a:Ga0242807_100191_48	473	2.9e-06	15	120	259	369	0.660377358490566
GGDEF	161	3300029329.a:Ga0242807_100191_52	508	5e-24	1	147	84	225	0.906832298136646
EAL	238	3300029329.a:Ga0242807_100191_52	508	3.3e-59	2	238	259	493	0.9915966386554622
HTH_6	77	3300029329.a:Ga0242807_100191_55	270	5.1e-13	15	68	21	74	0.6883116883116883
TetR_N	47	3300029329.a:Ga0242807_100191_58	204	2.8e-13	1	46	16	61	0.9574468085106383
STAS	117	3300029329.a:Ga0242807_100191_69	543	4.1e-16	6	110	433	527	0.8888888888888888
ACT	67	3300029329.a:Ga0242807_100191_7	388	1.8e-07	7	64	322	375	0.8507462686567164
HTH_1	60	3300029329.a:Ga0242807_100191_70	289	3.3e-21	1	60	3	62	0.9833333333333333
LysR_substrate	209	3300029329.a:Ga0242807_100191_70	289	1.3e-37	6	206	89	286	0.9569377990430622
Pyr_redox_2	292	3300029329.a:Ga0242807_100191_73	809	1e-58	2	290	6	309	0.9863013698630136
Rhodanese	107	3300029329.a:Ga0242807_100191_73	809	1.3e-12	5	104	463	546	0.9252336448598131
LacI	46	3300029329.a:Ga0242807_100191_75	341	1e-10	1	44	4	47	0.9347826086956522
Peripla_BP_3	164	3300029329.a:Ga0242807_100191_75	341	5.1e-34	2	163	168	337	0.9817073170731707
cNMP_binding	88	3300029329.a:Ga0242807_100191_77	223	3.2e-06	3	88	32	120	0.9659090909090909
Crp	32	3300029329.a:Ga0242807_100191_77	223	2.2e-10	1	30	170	199	0.90625
LytTR	98	3300029329.a:Ga0242807_100191_79	236	1.4e-11	2	94	129	218	0.9387755102040817
Fer4	24	3300029329.a:Ga0242807_100191_82	256	7.3e-09	6	24	182	200	0.75
Sigma70_r2	71	3300029329.a:Ga0242807_100191_96	156	2e-10	4	67	12	73	0.8873239436619719
Sigma70_r4_2	54	3300029329.a:Ga0242807_100191_96	156	2.2e-12	8	54	99	145	0.8518518518518519
Fer4	24	3300029329.a:Ga0242807_100191_99	203	2e-05	4	24	151	171	0.8333333333333334
Fer4	24	3300029329.a:Ga0242807_100191_99	203	9e-09	2	24	177	199	0.9166666666666666
HTH_IclR	52	3300029329.a:Ga0242807_100194_102	271	7.6e-06	18	48	19	51	0.5769230769230769
Peripla_BP_2	238	3300029329.a:Ga0242807_100194_106	303	3.3e-29	11	237	54	276	0.9495798319327731
HTH_18	81	3300029329.a:Ga0242807_100194_107	332	6.9e-18	1	79	250	327	0.9629629629629629
HTH_1	60	3300029329.a:Ga0242807_100194_109	295	1.1e-22	1	59	3	61	0.9666666666666667
LysR_substrate	209	3300029329.a:Ga0242807_100194_109	295	4.2e-20	4	206	89	288	0.9665071770334929
HTH_6	77	3300029329.a:Ga0242807_100194_111	297	3.8e-14	8	68	7	67	0.7792207792207793
SIS	131	3300029329.a:Ga0242807_100194_111	297	1e-21	2	129	129	257	0.9694656488549618
Pribosyltran	159	3300029329.a:Ga0242807_100194_113	319	6.8e-22	19	138	152	266	0.7484276729559748
GGDEF	161	3300029329.a:Ga0242807_100194_15	570	6.4e-40	1	160	410	563	0.9875776397515528
MerR	38	3300029329.a:Ga0242807_100194_20	276	5.3e-14	1	38	3	41	0.9736842105263158
GyrI-like	155	3300029329.a:Ga0242807_100194_20	276	4e-12	2	154	125	270	0.9806451612903225
SIS	131	3300029329.a:Ga0242807_100194_22	185	9.6e-12	3	125	29	149	0.9312977099236641
HTH_6	77	3300029329.a:Ga0242807_100194_23	89	9.3e-20	9	68	7	66	0.7662337662337663
PTS_EIIC	324	3300029329.a:Ga0242807_100194_25	436	2.8e-48	2	324	29	365	0.9938271604938271
PTS_EIIC	324	3300029329.a:Ga0242807_100194_28	435	7.2e-39	2	324	26	358	0.9938271604938271
Fer4	24	3300029329.a:Ga0242807_100194_34	258	2e-07	5	23	177	195	0.75
HTH_3	55	3300029329.a:Ga0242807_100194_35	326	6.5e-06	5	27	179	201	0.4
CbiA	128	3300029329.a:Ga0242807_100194_36	257	1.6e-28	1	126	5	228	0.9765625
PTS_EIIC	324	3300029329.a:Ga0242807_100194_39	599	1.7e-37	2	324	106	386	0.9938271604938271
HTH_6	77	3300029329.a:Ga0242807_100194_41	261	1.2e-13	19	73	22	76	0.7012987012987013
SIS	131	3300029329.a:Ga0242807_100194_41	261	1.1e-06	2	110	126	232	0.8244274809160306
cNMP_binding	88	3300029329.a:Ga0242807_100194_46	220	1.8e-14	3	85	29	112	0.9318181818181818
PIG-L	131	3300029329.a:Ga0242807_100194_50	227	2.5e-13	2	129	43	154	0.9694656488549618
HTH_6	77	3300029329.a:Ga0242807_100194_51	286	5.7e-19	1	74	1	73	0.948051948051948
SIS	131	3300029329.a:Ga0242807_100194_51	286	3.3e-11	5	124	132	252	0.9083969465648855
Response_reg	112	3300029329.a:Ga0242807_100194_60	234	1.2e-29	1	112	6	114	0.9910714285714286
Trans_reg_C	77	3300029329.a:Ga0242807_100194_60	234	6.8e-26	1	76	155	231	0.974025974025974
HisKA	64	3300029329.a:Ga0242807_100194_61	443	6.7e-11	4	57	239	296	0.828125
HisKA	64	3300029329.a:Ga0242807_100194_65	232	1.5e-15	3	61	40	101	0.90625
HATPase_c	111	3300029329.a:Ga0242807_100194_65	232	6.9e-11	2	87	150	229	0.7657657657657657
Response_reg	112	3300029329.a:Ga0242807_100194_69	227	6.6e-25	1	111	4	111	0.9821428571428571
Trans_reg_C	77	3300029329.a:Ga0242807_100194_69	227	3.1e-27	3	77	150	224	0.961038961038961
HTH_6	77	3300029329.a:Ga0242807_100194_7	250	9.1e-09	21	67	22	68	0.5974025974025974
AAA	132	3300029329.a:Ga0242807_100194_70	593	1e-05	2	99	382	541	0.7348484848484849
MerR	38	3300029329.a:Ga0242807_100194_72	270	2.2e-08	3	38	9	44	0.9210526315789473
GyrI-like	155	3300029329.a:Ga0242807_100194_72	270	4.6e-05	43	137	162	248	0.6064516129032258
HTH_11	55	3300029329.a:Ga0242807_100194_75	613	3.1e-06	4	54	7	57	0.9090909090909091
Mga	87	3300029329.a:Ga0242807_100194_75	613	2.1e-13	15	86	81	155	0.8160919540229885
PTS_EIIC	324	3300029329.a:Ga0242807_100194_76	428	9.7e-49	2	324	30	350	0.9938271604938271
LytTR	98	3300029329.a:Ga0242807_100194_80	210	1.2e-19	3	95	121	208	0.9387755102040817
HD	122	3300029329.a:Ga0242807_100194_83	164	1.8e-09	2	97	21	115	0.7786885245901639
TrkA_C	70	3300029329.a:Ga0242807_100194_95	216	3.5e-11	4	69	150	214	0.9285714285714286
TrkA_C	70	3300029329.a:Ga0242807_100194_96	222	2.9e-15	1	69	152	219	0.9714285714285714
Peripla_BP_2	238	3300029329.a:Ga0242807_100194_99	296	1.1e-43	1	237	35	270	0.9915966386554622
HTH_18	81	3300029329.a:Ga0242807_100207_110	281	2.2e-17	1	80	27	105	0.9753086419753086
GyrI-like	155	3300029329.a:Ga0242807_100207_110	281	3.5e-16	3	154	130	277	0.9741935483870968
Fer4	24	3300029329.a:Ga0242807_100207_113	337	3.3e-06	6	21	302	317	0.625
TPR_1	34	3300029329.a:Ga0242807_100207_114	506	5.7e-05	4	29	125	150	0.7352941176470589
GGDEF	161	3300029329.a:Ga0242807_100207_114	506	1.3e-28	2	160	353	497	0.9813664596273292
PTS_EIIC	324	3300029329.a:Ga0242807_100207_16	447	3e-43	2	324	30	365	0.9938271604938271
SIS	131	3300029329.a:Ga0242807_100207_19	201	3.8e-11	2	107	61	165	0.8015267175572519
Aminotran_1_2	363	3300029329.a:Ga0242807_100207_36	395	3.6e-45	3	356	30	377	0.9724517906336089
EPSP_synthase	417	3300029329.a:Ga0242807_100207_38	423	3e-87	2	417	8	408	0.9952038369304557
GGDEF	161	3300029329.a:Ga0242807_100207_44	711	5.8e-45	1	160	548	702	0.9875776397515528
SpoIIE	193	3300029329.a:Ga0242807_100207_5	731	2.2e-24	7	192	556	727	0.9585492227979274
Aminotran_1_2	363	3300029329.a:Ga0242807_100207_50	397	1.8e-36	19	361	46	384	0.9421487603305785
GyrI-like	155	3300029329.a:Ga0242807_100207_52	205	1.1e-15	4	154	22	197	0.967741935483871
GntR	64	3300029329.a:Ga0242807_100207_55	239	2.1e-15	2	64	4	66	0.96875
PTS_EIIC	324	3300029329.a:Ga0242807_100207_56	415	2.1e-24	2	277	26	327	0.8487654320987654
MarR	59	3300029329.a:Ga0242807_100207_62	166	6.3e-07	2	58	42	99	0.9491525423728814
Pribosyltran	159	3300029329.a:Ga0242807_100207_7	600	6.7e-30	9	158	436	580	0.9371069182389937
HhH-GPD	108	3300029329.a:Ga0242807_100207_77	219	2.6e-15	1	101	44	179	0.9259259259259259
HTH_6	77	3300029329.a:Ga0242807_100207_78	244	4.2e-18	1	76	1	76	0.974025974025974
SIS	131	3300029329.a:Ga0242807_100207_78	244	2.9e-10	2	110	107	214	0.8244274809160306
PTS_EIIC	324	3300029329.a:Ga0242807_100207_79	629	2.4e-07	3	304	293	543	0.9290123456790124
AAA	132	3300029329.a:Ga0242807_100207_8	655	8.6e-46	1	130	205	336	0.9772727272727273
GGDEF	161	3300029329.a:Ga0242807_100207_85	390	5.5e-43	1	161	224	383	0.9937888198757764
MerR	38	3300029329.a:Ga0242807_100207_94	133	1.7e-09	1	37	3	39	0.9473684210526315
Fe_dep_repress	60	3300029329.a:Ga0242807_100207_96	144	2e-21	2	58	22	78	0.9333333333333333
Fe_dep_repr_C	70	3300029329.a:Ga0242807_100207_96	144	1.1e-08	1	57	83	137	0.8
FeoA	74	3300029329.a:Ga0242807_100207_97	86	2.4e-12	3	73	7	76	0.9459459459459459
NUDIX	131	3300029329.a:Ga0242807_100265_13	178	1.1e-18	2	115	38	149	0.8625954198473282
Fe_dep_repress	60	3300029329.a:Ga0242807_100265_36	125	1.5e-17	5	58	7	60	0.8833333333333333
Fe_dep_repr_C	70	3300029329.a:Ga0242807_100265_36	125	1.7e-17	1	58	65	122	0.8142857142857143
HTH_6	77	3300029329.a:Ga0242807_100265_45	292	5.6e-20	13	75	12	74	0.8051948051948052
SIS	131	3300029329.a:Ga0242807_100265_45	292	2.4e-21	2	129	129	257	0.9694656488549618
FeoA	74	3300029329.a:Ga0242807_100265_47	72	3.2e-15	1	72	3	71	0.9594594594594594
FeoA	74	3300029329.a:Ga0242807_100265_48	74	3.3e-18	2	72	3	72	0.9459459459459459
HATPase_c	111	3300029329.a:Ga0242807_100265_53	630	1.6e-14	2	109	26	175	0.963963963963964
GGDEF	161	3300029329.a:Ga0242807_100265_56	845	6.2e-37	2	161	465	620	0.9875776397515528
HD	122	3300029329.a:Ga0242807_100265_56	845	1.6e-22	1	122	669	791	0.9918032786885246
Nitroreductase	170	3300029329.a:Ga0242807_100265_57	179	1.8e-15	1	63	7	69	0.36470588235294116
Nitroreductase	170	3300029329.a:Ga0242807_100265_57	179	1.7e-13	82	169	67	157	0.5117647058823529
HMA	62	3300029329.a:Ga0242807_100265_58	813	3.1e-15	2	61	5	64	0.9516129032258065
HMA	62	3300029329.a:Ga0242807_100265_58	813	6.3e-12	4	62	751	805	0.9354838709677419
GGDEF	161	3300029329.a:Ga0242807_100265_74	397	3e-25	2	157	27	165	0.9627329192546584
EAL	238	3300029329.a:Ga0242807_100265_74	397	1.6e-44	85	238	232	384	0.6428571428571429
SBP_bac_3	225	3300029329.a:Ga0242807_100265_80	248	1.2e-40	2	223	33	246	0.9822222222222222
Aminotran_1_2	363	3300029329.a:Ga0242807_100265_83	370	4.8e-43	34	354	51	353	0.8815426997245179
Pribosyltran	159	3300029329.a:Ga0242807_100265_87	173	2.1e-19	8	125	30	151	0.7358490566037735
HD	122	3300029329.a:Ga0242807_100265_88	742	2.4e-09	3	122	57	154	0.9754098360655737
LacI	46	3300029329.a:Ga0242807_100265_95	335	1.4e-20	1	46	5	50	0.9782608695652174
Peripla_BP_3	164	3300029329.a:Ga0242807_100265_95	335	1.6e-20	2	164	173	332	0.9878048780487805
Sigma70_r2	71	3300029329.a:Ga0242807_100265_96	154	5.6e-15	1	70	9	75	0.971830985915493
Sigma70_r4_2	54	3300029329.a:Ga0242807_100265_96	154	8.4e-16	3	54	94	145	0.9444444444444444
GntR	64	3300029329.a:Ga0242807_100284_10	124	1.7e-17	2	64	14	76	0.96875
HTH_6	77	3300029329.a:Ga0242807_100284_2	252	2.5e-22	1	75	1	75	0.961038961038961
SIS	131	3300029329.a:Ga0242807_100284_2	252	7.3e-14	2	108	109	215	0.8091603053435115
Response_reg	112	3300029329.a:Ga0242807_100284_27	219	3.4e-31	1	112	4	112	0.9910714285714286
Trans_reg_C	77	3300029329.a:Ga0242807_100284_27	219	1.7e-20	2	77	144	215	0.974025974025974
HisKA	64	3300029329.a:Ga0242807_100284_28	480	7.1e-11	4	58	258	315	0.84375
HATPase_c	111	3300029329.a:Ga0242807_100284_28	480	4.8e-21	6	107	368	471	0.9099099099099099
HTH_6	77	3300029329.a:Ga0242807_100284_3	253	2.8e-25	2	77	2	77	0.974025974025974
SIS	131	3300029329.a:Ga0242807_100284_3	253	2.1e-16	1	110	110	219	0.8320610687022901
Peptidase_M23	96	3300029329.a:Ga0242807_100284_40	214	2.4e-20	2	96	103	200	0.9791666666666666
HTH_6	77	3300029329.a:Ga0242807_100284_45	289	6.9e-19	1	75	1	74	0.961038961038961
SIS	131	3300029329.a:Ga0242807_100284_45	289	9.2e-21	2	121	129	252	0.9083969465648855
HTH_6	77	3300029329.a:Ga0242807_100284_47	293	3.1e-17	1	75	1	74	0.961038961038961
SIS	131	3300029329.a:Ga0242807_100284_47	293	2.4e-18	1	120	128	248	0.9083969465648855
PTS_EIIC	324	3300029329.a:Ga0242807_100284_59	709	8e-26	2	324	21	338	0.9938271604938271
EAL	238	3300029329.a:Ga0242807_100284_59	709	4.8e-63	3	237	450	681	0.9831932773109243
PTS_EIIC	324	3300029329.a:Ga0242807_100284_63	425	2.2e-52	1	323	26	348	0.9938271604938271
HTH_6	77	3300029329.a:Ga0242807_100284_66	274	7.8e-16	4	74	9	78	0.9090909090909091
SIS	131	3300029329.a:Ga0242807_100284_66	274	2.3e-16	3	86	119	201	0.6335877862595419
HTH_1	60	3300029329.a:Ga0242807_100284_67	293	1.1e-22	2	59	4	61	0.95
LysR_substrate	209	3300029329.a:Ga0242807_100284_67	293	3.9e-26	3	207	88	290	0.9760765550239234
HTH_1	60	3300029329.a:Ga0242807_100284_76	292	2.8e-24	1	59	3	61	0.9666666666666667
LysR_substrate	209	3300029329.a:Ga0242807_100284_76	292	9.3e-19	4	207	89	289	0.9712918660287081
HTH_18	81	3300029329.a:Ga0242807_100284_78	212	3.7e-19	2	80	28	105	0.9629629629629629
GyrI-like	155	3300029329.a:Ga0242807_100284_78	212	4.5e-06	1	83	128	203	0.5290322580645161
GntR	64	3300029329.a:Ga0242807_100284_8	233	4.5e-17	1	64	3	66	0.984375
AAA	132	3300029329.a:Ga0242807_100284_80	311	4.1e-06	2	125	37	164	0.9318181818181818
GGDEF	161	3300029329.a:Ga0242807_100374_13	1846	5.1e-31	1	156	126	277	0.9627329192546584
GGDEF	161	3300029329.a:Ga0242807_100374_13	1846	1.3e-23	1	161	990	1147	0.9937888198757764
GGDEF	161	3300029329.a:Ga0242807_100374_13	1846	5.5e-10	2	96	1437	1527	0.5838509316770186
EAL	238	3300029329.a:Ga0242807_100374_13	1846	2.8e-61	2	238	1594	1829	0.9915966386554622
Nitroreductase	170	3300029329.a:Ga0242807_100374_22	173	3e-21	3	170	10	153	0.9823529411764705
SpoIIE	193	3300029329.a:Ga0242807_100374_26	246	5.2e-06	3	141	28	202	0.7150259067357513
Pkinase	264	3300029329.a:Ga0242807_100374_27	649	3.7e-57	1	258	9	261	0.9734848484848485
PTS_EIIC	324	3300029329.a:Ga0242807_100374_33	487	1.3e-77	1	324	9	317	0.9969135802469136
Pyr_redox_2	292	3300029329.a:Ga0242807_100374_39	248	3.8e-06	126	221	80	193	0.3253424657534247
HATPase_c	111	3300029329.a:Ga0242807_100374_58	315	2.5e-23	1	108	32	174	0.963963963963964
Sigma70_r2	71	3300029329.a:Ga0242807_100374_61	229	5.3e-18	1	70	50	119	0.971830985915493
Sigma70_r4	50	3300029329.a:Ga0242807_100374_61	229	1.1e-14	3	48	170	219	0.9
HD	122	3300029329.a:Ga0242807_100374_64	367	3.9e-15	1	120	198	308	0.9754098360655737
HTH_3	55	3300029329.a:Ga0242807_100374_69	114	1e-13	1	55	10	64	0.9818181818181818
ACT	67	3300029329.a:Ga0242807_100374_74	48	1.2e-10	2	38	5	41	0.5373134328358209
HTH_3	55	3300029329.a:Ga0242807_100382_19	72	2.3e-20	1	55	7	61	0.9818181818181818
Spo0A_C	104	3300029329.a:Ga0242807_100382_2	141	8e-35	3	104	33	131	0.9711538461538461
HTH_3	55	3300029329.a:Ga0242807_100382_21	70	3.3e-18	3	55	7	59	0.9454545454545454
Spo0A_C	104	3300029329.a:Ga0242807_100382_3	166	3.7e-43	1	104	51	154	0.9903846153846154
HTH_11	55	3300029329.a:Ga0242807_100382_30	305	8.4e-15	1	53	5	57	0.9454545454545454
GyrI-like	155	3300029329.a:Ga0242807_100382_32	211	1.4e-29	3	155	20	210	0.9806451612903225
HTH_6	77	3300029329.a:Ga0242807_100382_38	295	1.8e-13	11	73	9	71	0.8051948051948052
SIS	131	3300029329.a:Ga0242807_100382_38	295	1.7e-14	2	108	127	232	0.8091603053435115
Fer4	24	3300029329.a:Ga0242807_100382_43	117	1.2e-05	6	20	86	100	0.5833333333333334
Nitroreductase	170	3300029329.a:Ga0242807_100382_45	167	2.1e-16	1	54	5	58	0.31176470588235294
Nitroreductase	170	3300029329.a:Ga0242807_100382_45	167	8.6e-13	85	170	65	146	0.5
HTH_1	60	3300029329.a:Ga0242807_100382_57	291	1.8e-23	1	59	3	61	0.9666666666666667
LysR_substrate	209	3300029329.a:Ga0242807_100382_57	291	2.3e-17	3	200	88	282	0.9425837320574163
MerR	38	3300029329.a:Ga0242807_100382_59	128	1.3e-12	1	37	4	39	0.9473684210526315
Aminotran_1_2	363	3300029329.a:Ga0242807_100382_62	456	3.2e-34	12	354	34	369	0.9421487603305785
HTH_1	60	3300029329.a:Ga0242807_100382_64	294	3.5e-23	1	59	3	61	0.9666666666666667
LysR_substrate	209	3300029329.a:Ga0242807_100382_64	294	6.4e-27	4	208	89	291	0.9760765550239234
MerR	38	3300029329.a:Ga0242807_100382_66	124	7.1e-12	1	38	2	38	0.9736842105263158
AraC_binding	136	3300029329.a:Ga0242807_100382_69	137	4.2e-06	20	69	58	107	0.3602941176470588
HTH_11	55	3300029329.a:Ga0242807_100382_81	628	6.7e-07	1	54	5	63	0.9636363636363636
Mga	87	3300029329.a:Ga0242807_100382_81	628	7.1e-12	7	84	75	166	0.8850574712643678
PTS_EIIC	324	3300029329.a:Ga0242807_100382_83	439	6.9e-55	1	324	29	358	0.9969135802469136
PTS_EIIC	324	3300029329.a:Ga0242807_100382_91	430	1.2e-40	2	322	30	344	0.9876543209876543
HTH_18	81	3300029329.a:Ga0242807_100382_94	398	1.1e-19	1	80	318	396	0.9753086419753086
HTH_1	60	3300029329.a:Ga0242807_100382_96	297	4e-25	1	60	3	62	0.9833333333333333
LysR_substrate	209	3300029329.a:Ga0242807_100382_96	297	2.6e-19	5	206	90	291	0.9617224880382775
HD	122	3300029329.a:Ga0242807_100417_11	203	1.1e-17	1	121	31	145	0.9836065573770492
HTH_1	60	3300029329.a:Ga0242807_100417_15	298	7.3e-16	4	60	6	62	0.9333333333333333
LysR_substrate	209	3300029329.a:Ga0242807_100417_15	298	3.8e-32	5	191	88	275	0.8899521531100478
AAA	132	3300029329.a:Ga0242807_100417_19	774	4.9e-23	1	127	352	489	0.9545454545454546
CbiA	128	3300029329.a:Ga0242807_100417_32	260	1e-20	1	128	5	218	0.9921875
Peptidase_M23	96	3300029329.a:Ga0242807_100417_33	193	1.1e-09	8	83	104	179	0.78125
AAA	132	3300029329.a:Ga0242807_100417_40	330	1.7e-18	1	131	53	177	0.9848484848484849
GerE	57	3300029329.a:Ga0242807_100417_5	68	1.4e-21	2	54	4	56	0.9122807017543859
HTH_1	60	3300029329.a:Ga0242807_100417_58	295	1.5e-24	2	59	4	61	0.95
LysR_substrate	209	3300029329.a:Ga0242807_100417_58	295	6.5e-22	3	207	88	290	0.9760765550239234
Pyr_redox	81	3300029329.a:Ga0242807_100417_59	369	2.6e-06	1	39	168	206	0.4691358024691358
HTH_3	55	3300029329.a:Ga0242807_100417_75	178	2.7e-14	1	55	7	61	0.9818181818181818
AraC_binding	136	3300029329.a:Ga0242807_100417_75	178	7.6e-06	7	63	104	160	0.4117647058823529
SBP_bac_1	315	3300029329.a:Ga0242807_100417_78	617	4.5e-16	17	312	314	551	0.9365079365079365
HTH_6	77	3300029329.a:Ga0242807_100437_10	259	4.1e-16	13	73	10	70	0.7792207792207793
SIS	131	3300029329.a:Ga0242807_100437_10	259	9.7e-09	3	110	123	228	0.816793893129771
HTH_11	55	3300029329.a:Ga0242807_100437_2	635	2.4e-05	2	55	7	64	0.9636363636363636
Mga	87	3300029329.a:Ga0242807_100437_2	635	6.1e-09	6	83	88	168	0.8850574712643678
MerR	38	3300029329.a:Ga0242807_100437_25	259	3.3e-16	1	38	7	44	0.9736842105263158
PTS_EIIC	324	3300029329.a:Ga0242807_100437_3	444	4e-34	2	323	37	364	0.9907407407407407
ACT	67	3300029329.a:Ga0242807_100437_31	170	1.1e-12	2	66	5	69	0.9552238805970149
TetR_N	47	3300029329.a:Ga0242807_100437_41	186	6.1e-09	7	45	17	55	0.8085106382978723
Response_reg	112	3300029329.a:Ga0242807_100437_46	235	3.5e-13	2	107	5	109	0.9375
LytTR	98	3300029329.a:Ga0242807_100437_46	235	5.8e-15	4	96	136	225	0.9387755102040817
AAA	132	3300029329.a:Ga0242807_100437_53	375	1.2e-05	1	110	30	194	0.8257575757575758
CBS	57	3300029329.a:Ga0242807_100437_53	375	7.3e-07	1	46	250	295	0.7894736842105263
CBS	57	3300029329.a:Ga0242807_100437_53	375	2.5e-12	1	55	310	364	0.9473684210526315
Rhodanese	107	3300029329.a:Ga0242807_100437_54	104	3.1e-09	6	103	13	93	0.9065420560747663
Glyoxalase	128	3300029329.a:Ga0242807_100437_9	160	1e-11	4	128	8	144	0.96875
Fer4	24	3300029329.a:Ga0242807_100482_1	59	7.7e-05	5	15	7	17	0.4166666666666667
CBS	57	3300029329.a:Ga0242807_100482_14	429	1.4e-07	1	54	205	261	0.9298245614035088
CBS	57	3300029329.a:Ga0242807_100482_14	429	4.1e-06	1	56	270	324	0.9649122807017544
HMA	62	3300029329.a:Ga0242807_100482_34	86	1.9e-08	1	62	5	65	0.9838709677419355
MerR	38	3300029329.a:Ga0242807_100482_36	202	1.6e-11	1	38	2	38	0.9736842105263158
Pyr_redox_2	292	3300029329.a:Ga0242807_100482_47	536	6.3e-46	1	292	5	296	0.9965753424657534
Peripla_BP_3	164	3300029329.a:Ga0242807_100482_50	98	5e-26	75	164	3	93	0.5426829268292683
LacI	46	3300029329.a:Ga0242807_100482_51	257	1e-19	1	44	3	48	0.9347826086956522
Peripla_BP_3	164	3300029329.a:Ga0242807_100482_51	257	3.4e-07	2	82	164	245	0.4878048780487805
MarR	59	3300029329.a:Ga0242807_100482_59	145	5.5e-11	1	58	30	88	0.9661016949152542
Aminotran_1_2	363	3300029329.a:Ga0242807_100482_66	343	1.9e-52	35	355	14	325	0.8815426997245179
PTS_EIIC	324	3300029329.a:Ga0242807_100547_2	520	4.1e-61	2	323	10	345	0.9907407407407407
B12-binding	121	3300029329.a:Ga0242807_100547_27	153	9.6e-17	7	120	9	121	0.9338842975206612
HTH_6	77	3300029329.a:Ga0242807_100547_31	272	9.4e-12	19	69	22	72	0.6493506493506493
SIS	131	3300029329.a:Ga0242807_100547_31	272	9e-06	2	94	132	224	0.7022900763358778
GntR	64	3300029329.a:Ga0242807_100547_43	238	6.2e-15	2	64	4	66	0.96875
HTH_6	77	3300029329.a:Ga0242807_100547_45	262	6.6e-11	14	69	17	72	0.7142857142857143
SIS	131	3300029329.a:Ga0242807_100547_45	262	5.4e-06	14	92	141	221	0.5954198473282443
PTS_EIIC	324	3300029329.a:Ga0242807_100547_50	444	1.2e-43	2	322	29	356	0.9876543209876543
HTH_11	55	3300029329.a:Ga0242807_100547_51	641	5.6e-11	1	54	4	61	0.9636363636363636
Mga	87	3300029329.a:Ga0242807_100547_51	641	1.9e-10	22	87	97	166	0.7471264367816092
Glyoxalase	128	3300029329.a:Ga0242807_100558_15	165	9.8e-15	2	128	6	143	0.984375
HTH_11	55	3300029329.a:Ga0242807_100558_2	676	1e-06	3	42	87	127	0.7090909090909091
PTS_EIIC	324	3300029329.a:Ga0242807_100558_22	411	2.6e-42	3	322	27	330	0.9845679012345679
Pyr_redox_2	292	3300029329.a:Ga0242807_100558_23	665	3.6e-29	1	242	403	628	0.8253424657534246
HTH_11	55	3300029329.a:Ga0242807_100558_24	634	7.3e-11	1	55	7	62	0.9818181818181818
Mga	87	3300029329.a:Ga0242807_100558_24	634	3.8e-13	20	86	88	156	0.7586206896551724
HTH_18	81	3300029329.a:Ga0242807_100558_27	293	6.4e-19	2	80	211	287	0.9629629629629629
Pyr_redox_2	292	3300029329.a:Ga0242807_100558_28	652	2.4e-29	2	250	386	625	0.8493150684931506
Pyr_redox_2	292	3300029329.a:Ga0242807_100558_29	642	4.3e-36	1	240	381	602	0.8184931506849316
PTS_EIIC	324	3300029329.a:Ga0242807_100558_3	352	1.5e-20	3	324	17	287	0.9907407407407407
PTS_EIIC	324	3300029329.a:Ga0242807_100558_31	442	5.5e-38	2	324	27	354	0.9938271604938271
HTH_6	77	3300029329.a:Ga0242807_100558_32	229	3.2e-12	9	73	9	73	0.8311688311688312
HTH_6	77	3300029329.a:Ga0242807_100558_33	255	5.5e-09	21	74	24	77	0.6883116883116883
Pyr_redox_2	292	3300029329.a:Ga0242807_100558_37	647	1.7e-32	1	244	384	609	0.8321917808219178
MerR	38	3300029329.a:Ga0242807_100558_38	273	7.3e-14	1	38	6	43	0.9736842105263158
Aminotran_1_2	363	3300029329.a:Ga0242807_100558_39	397	2e-40	38	362	61	386	0.8925619834710744
Aminotran_1_2	363	3300029329.a:Ga0242807_100558_40	386	3.1e-11	67	220	69	212	0.4214876033057851
MarR	59	3300029329.a:Ga0242807_100558_54	154	1.7e-16	1	58	39	96	0.9661016949152542
PTS_EIIC	324	3300029329.a:Ga0242807_100558_9	470	1.2e-22	4	316	120	393	0.9629629629629629
Response_reg	112	3300029329.a:Ga0242807_100672_1	167	6.3e-11	2	111	5	104	0.9732142857142857
Pyr_redox_2	292	3300029329.a:Ga0242807_100672_15	494	2.3e-32	1	292	153	476	0.9965753424657534
GATase_2	420	3300029329.a:Ga0242807_100672_16	1504	1.1e-166	1	420	19	430	0.9976190476190476
AraC_binding	136	3300029329.a:Ga0242807_100672_20	278	4.2e-08	13	135	27	148	0.8970588235294118
HTH_18	81	3300029329.a:Ga0242807_100672_20	278	1.9e-21	1	80	195	273	0.9753086419753086
Aminotran_1_2	363	3300029329.a:Ga0242807_100672_23	343	1.6e-09	9	189	6	171	0.49586776859504134
HTH_6	77	3300029329.a:Ga0242807_100672_24	277	1e-08	21	71	31	81	0.6493506493506493
SIS	131	3300029329.a:Ga0242807_100672_24	277	3.4e-14	2	129	139	266	0.9694656488549618
Peripla_BP_3	164	3300029329.a:Ga0242807_100672_26	740	6.5e-29	5	163	132	288	0.9634146341463414
GGDEF	161	3300029329.a:Ga0242807_100672_26	740	1.7e-32	2	159	581	730	0.9751552795031055
AAA	132	3300029329.a:Ga0242807_100672_33	277	1.4e-05	3	117	36	204	0.8636363636363636
HTH_1	60	3300029329.a:Ga0242807_100672_7	294	3.8e-22	3	60	5	62	0.95
LysR_substrate	209	3300029329.a:Ga0242807_100672_7	294	9.5e-28	6	187	88	269	0.8660287081339713
HisKA	64	3300029329.a:Ga0242807_100672_8	446	8.4e-11	2	62	240	303	0.9375
HATPase_c	111	3300029329.a:Ga0242807_100672_8	446	1.2e-10	2	103	348	438	0.9099099099099099
Response_reg	112	3300029329.a:Ga0242807_100672_9	218	6.5e-24	1	111	5	113	0.9821428571428571
Trans_reg_C	77	3300029329.a:Ga0242807_100672_9	218	2.2e-21	1	77	145	216	0.987012987012987
AAA	132	3300029329.a:Ga0242807_100738_1	849	2.1e-16	2	126	198	330	0.9393939393939394
AAA	132	3300029329.a:Ga0242807_100738_1	849	2.1e-12	2	111	597	715	0.8257575757575758
PadR	75	3300029329.a:Ga0242807_100738_13	106	4e-18	1	74	14	84	0.9733333333333334
SBP_bac_5	377	3300029329.a:Ga0242807_100738_26	304	2.4e-38	2	197	70	294	0.5172413793103449
SBP_bac_5	377	3300029329.a:Ga0242807_100738_27	258	1.5e-25	210	375	11	178	0.4376657824933687
Aminotran_1_2	363	3300029329.a:Ga0242807_100738_29	405	1.1e-52	18	359	51	386	0.9393939393939394
LytTR	98	3300029329.a:Ga0242807_100738_36	212	3.4e-16	3	96	120	208	0.9489795918367347
MerR	38	3300029329.a:Ga0242807_100738_37	308	1.1e-10	8	38	9	38	0.7894736842105263
Aminotran_1_2	363	3300029329.a:Ga0242807_100738_41	420	2.8e-11	90	361	122	403	0.7465564738292011
MerR	38	3300029329.a:Ga0242807_100738_44	130	1.2e-14	1	38	2	39	0.9736842105263158
LytTR	98	3300029329.a:Ga0242807_100738_48	107	1.4e-06	2	40	68	106	0.3877551020408163
Peripla_BP_3	164	3300029329.a:Ga0242807_100738_50	298	2.5e-32	1	164	130	294	0.9939024390243902
HTH_1	60	3300029329.a:Ga0242807_100753_14	298	1.1e-20	3	59	5	61	0.9333333333333333
LysR_substrate	209	3300029329.a:Ga0242807_100753_14	298	4.9e-08	5	121	90	214	0.5550239234449761
cNMP_binding	88	3300029329.a:Ga0242807_100753_19	221	2e-11	2	85	33	118	0.9431818181818182
HTH_6	77	3300029329.a:Ga0242807_100753_2	254	1e-08	14	67	17	70	0.6883116883116883
Hemerythrin	131	3300029329.a:Ga0242807_100753_22	163	6.3e-12	2	131	5	143	0.9847328244274809
CHASE	188	3300029329.a:Ga0242807_100753_23	439	5.7e-18	53	162	98	190	0.5797872340425532
GGDEF	161	3300029329.a:Ga0242807_100753_23	439	3.2e-38	2	158	290	436	0.968944099378882
HTH_6	77	3300029329.a:Ga0242807_100753_3	230	2.1e-08	13	72	14	73	0.7662337662337663
HxlR	91	3300029329.a:Ga0242807_100753_30	108	4.8e-37	1	90	15	104	0.978021978021978
HTH_9	62	3300029329.a:Ga0242807_100753_36	332	8.6e-06	20	58	19	57	0.6129032258064516
GntR	64	3300029329.a:Ga0242807_100753_38	131	5.7e-15	2	64	14	76	0.96875
HTH_3	55	3300029329.a:Ga0242807_100753_42	154	3.9e-17	1	55	6	60	0.9818181818181818
HTH_11	55	3300029329.a:Ga0242807_100753_44	321	1.3e-20	3	54	5	57	0.9272727272727272
CbiA	128	3300029329.a:Ga0242807_100753_47	221	1e-10	2	120	6	212	0.921875
HTH_3	55	3300029329.a:Ga0242807_100753_48	368	3.3e-15	3	54	9	60	0.9272727272727272
Fer4	24	3300029329.a:Ga0242807_100753_49	368	3.3e-06	1	18	188	205	0.7083333333333334
Fer4	24	3300029329.a:Ga0242807_100753_49	368	3.1e-10	2	23	218	239	0.875
HTH_6	77	3300029329.a:Ga0242807_100753_51	253	6.5e-25	1	76	1	76	0.974025974025974
SIS	131	3300029329.a:Ga0242807_100753_51	253	1.9e-21	2	118	111	229	0.8854961832061069
Aminotran_1_2	363	3300029329.a:Ga0242807_100753_6	428	9.3e-12	25	251	43	239	0.6225895316804407
HTH_5	47	3300029329.a:Ga0242807_100753_9	92	7e-17	1	46	17	62	0.9574468085106383
MarR	59	3300029329.a:Ga0242807_100802_12	142	7.2e-09	1	58	30	89	0.9661016949152542
CYTH	179	3300029329.a:Ga0242807_100802_30	189	9.8e-20	2	159	5	161	0.8770949720670391
GntR	64	3300029329.a:Ga0242807_100802_32	119	1.3e-15	2	64	12	74	0.96875
HisKA	64	3300029329.a:Ga0242807_100802_38	316	8.3e-12	2	62	99	166	0.9375
HATPase_c	111	3300029329.a:Ga0242807_100802_38	316	1.5e-14	4	107	215	313	0.9279279279279279
Trans_reg_C	77	3300029329.a:Ga0242807_100802_4	406	3.9e-08	8	75	31	99	0.8701298701298701
BTAD	146	3300029329.a:Ga0242807_100802_4	406	2.2e-08	34	145	140	251	0.7602739726027398
Response_reg	112	3300029329.a:Ga0242807_100802_40	224	2.1e-29	1	111	4	111	0.9821428571428571
Trans_reg_C	77	3300029329.a:Ga0242807_100802_40	224	8.5e-22	2	76	147	220	0.961038961038961
Aminotran_1_2	363	3300029329.a:Ga0242807_100802_42	397	5.2e-36	2	361	28	385	0.9889807162534435
PALP	294	3300029329.a:Ga0242807_100812_10	311	7.2e-72	2	294	8	296	0.9931972789115646
PALP	294	3300029329.a:Ga0242807_100812_11	305	3e-70	3	293	9	291	0.9863945578231292
GntR	64	3300029329.a:Ga0242807_100812_12	440	3.9e-15	2	64	6	68	0.96875
Ammonium_transp	399	3300029329.a:Ga0242807_100812_17	414	3e-132	1	399	8	407	0.9974937343358395
Aminotran_1_2	363	3300029329.a:Ga0242807_100812_18	427	8.7e-14	10	188	28	185	0.4903581267217631
HTH_6	77	3300029329.a:Ga0242807_100812_35	261	3.8e-09	17	68	21	73	0.6623376623376623
SIS	131	3300029329.a:Ga0242807_100812_35	261	1.2e-05	2	64	127	188	0.4732824427480916
NUDIX	131	3300029329.a:Ga0242807_100812_6	142	4.2e-21	7	122	12	120	0.8778625954198473
Rrf2	83	3300029329.a:Ga0242807_100812_9	145	2.2e-26	1	82	1	82	0.9759036144578314
HhH-GPD	108	3300029329.a:Ga0242807_100846_11	214	1.1e-24	1	105	34	167	0.9629629629629629
HTH_3	55	3300029329.a:Ga0242807_100846_15	136	4.3e-16	1	55	7	61	0.9818181818181818
MarR	59	3300029329.a:Ga0242807_100846_18	146	1.9e-09	5	58	37	91	0.8983050847457628
TetR_N	47	3300029329.a:Ga0242807_100846_19	185	9.2e-09	8	44	18	54	0.7659574468085106
HTH_3	55	3300029329.a:Ga0242807_100846_21	331	1.4e-05	1	34	8	41	0.6
ATPase_2	233	3300029329.a:Ga0242807_100846_24	346	4.1e-07	21	92	69	165	0.30472103004291845
HD	122	3300029329.a:Ga0242807_100846_26	519	1.1e-19	2	121	335	426	0.9754098360655737
HATPase_c	111	3300029329.a:Ga0242807_100846_35	611	4.8e-08	5	63	23	83	0.5225225225225225
HTH_3	55	3300029329.a:Ga0242807_100846_38	243	1e-22	3	55	9	61	0.9454545454545454
AAA	132	3300029329.a:Ga0242807_100846_40	422	4.4e-16	1	126	42	144	0.946969696969697
AraC_binding	136	3300029329.a:Ga0242807_100846_5	289	1.7e-25	3	102	18	113	0.7279411764705882
HTH_18	81	3300029329.a:Ga0242807_100846_5	289	2.5e-23	1	81	192	271	0.9876543209876543
Aminotran_1_2	363	3300029329.a:Ga0242807_100887_10	432	7.6e-05	72	192	110	241	0.3305785123966942
HEM4	232	3300029329.a:Ga0242807_100887_12	479	8.4e-21	38	231	297	468	0.8318965517241379
NIR_SIR_ferr	69	3300029329.a:Ga0242807_100887_15	346	1.1e-12	5	68	20	82	0.9130434782608695
NIR_SIR	159	3300029329.a:Ga0242807_100887_15	346	9.6e-19	5	151	108	303	0.9182389937106918
Fer4	24	3300029329.a:Ga0242807_100887_17	347	2.3e-05	4	20	304	320	0.6666666666666666
HTH_1	60	3300029329.a:Ga0242807_100887_18	291	4.1e-18	2	60	5	63	0.9666666666666667
LysR_substrate	209	3300029329.a:Ga0242807_100887_18	291	5.4e-44	8	205	91	288	0.9425837320574163
Pyr_redox_2	292	3300029329.a:Ga0242807_100887_19	303	7.3e-51	1	292	2	289	0.9965753424657534
HTH_3	55	3300029329.a:Ga0242807_100887_2	71	1.5e-19	1	55	12	66	0.9818181818181818
HTH_18	81	3300029329.a:Ga0242807_100887_22	291	5.6e-24	1	80	208	286	0.9753086419753086
HTH_3	55	3300029329.a:Ga0242807_100887_24	222	2e-15	3	53	8	58	0.9090909090909091
HisKA	64	3300029329.a:Ga0242807_100887_30	352	4.2e-13	2	63	133	197	0.953125
HATPase_c	111	3300029329.a:Ga0242807_100887_30	352	2.2e-24	2	110	243	350	0.972972972972973
Response_reg	112	3300029329.a:Ga0242807_100887_31	227	2e-32	1	111	4	113	0.9821428571428571
Trans_reg_C	77	3300029329.a:Ga0242807_100887_31	227	2.3e-19	5	76	150	219	0.922077922077922
PTS_EIIC	324	3300029329.a:Ga0242807_100887_37	702	1.7e-86	2	324	14	360	0.9938271604938271
SKI	158	3300029329.a:Ga0242807_100887_4	283	9e-05	85	150	79	146	0.41139240506329117
HTH_6	77	3300029329.a:Ga0242807_100957_1	278	1.4e-20	1	73	1	73	0.935064935064935
SIS	131	3300029329.a:Ga0242807_100957_1	278	1.8e-22	1	129	124	252	0.9770992366412213
Aminotran_1_2	363	3300029329.a:Ga0242807_100957_12	413	7.3e-10	49	353	69	361	0.837465564738292
Pribosyltran	159	3300029329.a:Ga0242807_100957_13	208	3.6e-10	83	134	118	169	0.32075471698113206
SIS	131	3300029329.a:Ga0242807_100957_2	303	2.4e-09	51	128	129	208	0.5877862595419847
Aminotran_1_2	363	3300029329.a:Ga0242807_100957_25	484	8.3e-15	37	286	59	292	0.6859504132231405
HD	122	3300029329.a:Ga0242807_100957_36	452	1.5e-08	2	93	255	339	0.7459016393442623
PTS_EIIC	324	3300029329.a:Ga0242807_100957_4	451	3.4e-53	1	324	30	369	0.9969135802469136
Rhodanese	107	3300029329.a:Ga0242807_101029_13	128	8.6e-19	1	102	31	119	0.9439252336448598
HTH_3	55	3300029329.a:Ga0242807_101029_15	207	8.2e-17	1	55	6	61	0.9818181818181818
LytTR	98	3300029329.a:Ga0242807_101029_17	148	1.2e-19	2	97	50	145	0.9693877551020408
GGDEF	161	3300029329.a:Ga0242807_101029_27	583	6.4e-41	2	161	415	570	0.9875776397515528
HTH_6	77	3300029329.a:Ga0242807_101029_30	264	1.7e-18	1	73	1	73	0.935064935064935
SIS	131	3300029329.a:Ga0242807_101029_30	264	1.9e-18	2	125	113	237	0.9389312977099237
LacI	46	3300029329.a:Ga0242807_101029_31	339	3.1e-16	1	46	9	54	0.9782608695652174
Peripla_BP_3	164	3300029329.a:Ga0242807_101029_31	339	2.8e-33	1	164	173	337	0.9939024390243902
PTS_EIIC	324	3300029329.a:Ga0242807_101029_32	454	1.7e-29	3	320	112	389	0.9783950617283951
HTH_DeoR	57	3300029329.a:Ga0242807_101029_8	254	9.1e-16	1	54	6	59	0.9298245614035088
DeoRC	160	3300029329.a:Ga0242807_101029_8	254	8.7e-37	2	159	75	234	0.98125
SIS	131	3300029329.a:Ga0242807_101051_22	606	3.4e-32	6	130	293	416	0.9465648854961832
SIS	131	3300029329.a:Ga0242807_101051_22	606	4.5e-21	2	128	460	585	0.9618320610687023
CBS	57	3300029329.a:Ga0242807_101051_24	447	2.7e-07	5	52	133	185	0.8245614035087719
CBS	57	3300029329.a:Ga0242807_101051_24	447	4e-11	2	55	194	247	0.9298245614035088
Fer4	24	3300029329.a:Ga0242807_101051_30	252	1.1e-07	5	20	182	197	0.625
Fer4	24	3300029329.a:Ga0242807_101051_30	252	1.3e-06	3	24	208	229	0.875
GGDEF	161	3300029329.a:Ga0242807_101051_33	464	1.2e-39	4	161	303	456	0.9751552795031055
Fer4	24	3300029329.a:Ga0242807_101051_35	390	3.3e-06	5	22	357	374	0.7083333333333334
HTH_5	47	3300029329.a:Ga0242807_101076_11	92	1e-15	1	45	12	56	0.9361702127659575
PfkB	302	3300029329.a:Ga0242807_101076_15	323	3.4e-57	1	300	1	300	0.9900662251655629
GntR	64	3300029329.a:Ga0242807_101076_18	227	1.8e-17	6	64	15	73	0.90625
HD	122	3300029329.a:Ga0242807_101076_19	152	1.5e-11	2	118	28	124	0.9508196721311475
Fer4	24	3300029329.a:Ga0242807_101076_2	508	3.3e-10	2	23	144	165	0.875
Fer4	24	3300029329.a:Ga0242807_101076_2	508	3.2e-09	2	23	190	211	0.875
PfkB	302	3300029329.a:Ga0242807_101076_22	293	2.4e-50	3	301	2	285	0.9867549668874173
GGDEF	161	3300029329.a:Ga0242807_101076_23	437	3.3e-37	1	160	275	428	0.9875776397515528
HTH_3	55	3300029329.a:Ga0242807_101076_24	140	3.7e-12	1	55	13	71	0.9818181818181818
Response_reg	112	3300029329.a:Ga0242807_101076_30	225	8.7e-25	2	111	5	113	0.9732142857142857
Trans_reg_C	77	3300029329.a:Ga0242807_101076_30	225	7.3e-21	3	77	148	219	0.961038961038961
HisKA	64	3300029329.a:Ga0242807_101076_31	406	1.5e-17	2	63	185	250	0.953125
HATPase_c	111	3300029329.a:Ga0242807_101076_31	406	6.9e-29	4	108	299	403	0.9369369369369369
HTH_3	55	3300029329.a:Ga0242807_101076_36	75	2.3e-15	1	55	5	59	0.9818181818181818
HTH_18	81	3300029329.a:Ga0242807_101088_15	318	7.9e-19	1	80	232	310	0.9753086419753086
TetR_N	47	3300029329.a:Ga0242807_101088_2	186	4.5e-11	7	44	17	54	0.7872340425531915
Fe_dep_repress	60	3300029329.a:Ga0242807_101088_20	119	1.1e-09	4	60	3	59	0.9333333333333333
Fe_dep_repr_C	70	3300029329.a:Ga0242807_101088_20	119	8.4e-15	1	58	62	118	0.8142857142857143
TetR_N	47	3300029329.a:Ga0242807_101088_23	205	2.8e-14	1	47	12	58	0.9787234042553191
Diacid_rec	134	3300029329.a:Ga0242807_101088_30	335	1.2e-36	12	133	2	121	0.9029850746268657
HTH_6	77	3300029329.a:Ga0242807_101088_5	267	1.6e-11	21	68	24	71	0.6103896103896104
TetR_N	47	3300029329.a:Ga0242807_101091_12	191	4.2e-15	1	45	9	53	0.9361702127659575
Pyr_redox_2	292	3300029329.a:Ga0242807_101091_13	638	4.5e-36	2	242	379	600	0.821917808219178
HTH_6	77	3300029329.a:Ga0242807_101091_21	265	4.8e-10	11	72	18	79	0.7922077922077922
PTS_EIIC	324	3300029329.a:Ga0242807_101091_23	617	2.9e-25	6	318	111	389	0.9629629629629629
PTS_EIIC	324	3300029329.a:Ga0242807_101091_27	434	1.1e-39	1	324	29	361	0.9969135802469136
HTH_6	77	3300029329.a:Ga0242807_101091_29	251	5.3e-08	24	72	25	73	0.6233766233766234
Aminotran_1_2	363	3300029329.a:Ga0242807_101091_5	352	1.4e-59	2	361	23	343	0.9889807162534435
Response_reg	112	3300029329.a:Ga0242807_101130_10	224	1.9e-35	1	112	5	114	0.9910714285714286
Trans_reg_C	77	3300029329.a:Ga0242807_101130_10	224	1.2e-21	4	76	149	219	0.935064935064935
HisKA	64	3300029329.a:Ga0242807_101130_12	398	1.1e-15	2	62	163	226	0.9375
HATPase_c	111	3300029329.a:Ga0242807_101130_12	398	1.3e-30	1	110	274	383	0.9819819819819819
Pribosyltran	159	3300029329.a:Ga0242807_101130_13	191	7.1e-09	18	128	38	159	0.6918238993710691
Sigma70_r4	50	3300029329.a:Ga0242807_101130_16	110	3.4e-10	5	48	22	65	0.86
CbiA	128	3300029329.a:Ga0242807_101130_17	465	7.1e-06	9	88	110	254	0.6171875
Pyr_redox_2	292	3300029329.a:Ga0242807_101130_29	435	6e-07	3	107	5	136	0.3561643835616438
Aminotran_1_2	363	3300029329.a:Ga0242807_101130_4	379	7.1e-09	63	360	56	364	0.8181818181818182
MarR	59	3300029329.a:Ga0242807_101148_22	56	1.6e-06	11	44	17	50	0.559322033898305
Fer4	24	3300029329.a:Ga0242807_101148_26	372	3.8e-05	5	20	255	270	0.625
Fer4	24	3300029329.a:Ga0242807_101148_26	372	2.2e-07	4	23	292	311	0.7916666666666666
TetR_N	47	3300029329.a:Ga0242807_101148_3	190	1.2e-09	1	42	16	57	0.8723404255319149
HTH_DeoR	57	3300029329.a:Ga0242807_101148_30	251	1.1e-18	1	56	4	59	0.9649122807017544
DeoRC	160	3300029329.a:Ga0242807_101148_30	251	4.9e-44	2	160	69	228	0.9875
Fer4	24	3300029329.a:Ga0242807_101148_31	300	2.2e-09	2	24	50	72	0.9166666666666666
Fer4	24	3300029329.a:Ga0242807_101148_31	300	5.9e-07	1	19	78	96	0.75
Pyr_redox_2	292	3300029329.a:Ga0242807_101148_4	667	5.2e-32	1	246	406	633	0.839041095890411
PTS_EIIC	324	3300029329.a:Ga0242807_101148_5	414	3.2e-41	2	322	30	333	0.9876543209876543
SIS	131	3300029329.a:Ga0242807_101148_7	344	4.9e-18	3	130	31	158	0.9694656488549618
SIS	131	3300029329.a:Ga0242807_101148_7	344	3.1e-07	6	72	201	267	0.5038167938931297
HTH_11	55	3300029329.a:Ga0242807_101148_8	620	5.2e-14	1	55	7	64	0.9818181818181818
Mga	87	3300029329.a:Ga0242807_101148_8	620	2.5e-13	16	86	94	168	0.8045977011494253
HTH_6	77	3300029329.a:Ga0242807_101263_13	258	1.2e-13	18	70	21	73	0.6753246753246753
HTH_3	55	3300029329.a:Ga0242807_101263_15	345	1.2e-15	1	53	7	59	0.9454545454545454
dCache_1	249	3300029329.a:Ga0242807_101263_5	991	8.9e-10	25	248	76	354	0.8955823293172691
GGDEF	161	3300029329.a:Ga0242807_101263_5	991	4.9e-34	2	159	560	716	0.9751552795031055
EAL	238	3300029329.a:Ga0242807_101263_5	991	3.6e-44	3	238	739	969	0.9873949579831933
MarR	59	3300029329.a:Ga0242807_101263_9	142	1.1e-11	4	59	32	88	0.9322033898305084
FeS	33	3300029329.a:Ga0242807_101298_17	264	3.7e-17	1	33	44	76	0.9696969696969697
Fer4	24	3300029329.a:Ga0242807_101298_17	264	1.7e-09	2	24	165	187	0.9166666666666666
Fer4	24	3300029329.a:Ga0242807_101298_17	264	4.8e-07	8	23	216	231	0.625
Fer4	24	3300029329.a:Ga0242807_101298_17	264	1.9e-07	2	23	239	260	0.875
Fer4	24	3300029329.a:Ga0242807_101298_22	443	7.3e-07	5	21	364	380	0.6666666666666666
Pribosyltran	159	3300029329.a:Ga0242807_101298_28	211	2.7e-18	9	135	44	164	0.7924528301886793
GGDEF	161	3300029329.a:Ga0242807_101298_3	275	3.6e-13	90	160	3	70	0.43478260869565216
GGDEF	161	3300029329.a:Ga0242807_101298_4	484	1.5e-17	2	68	398	462	0.40993788819875776
HD	122	3300029329.a:Ga0242807_101398_12	411	3.1e-13	1	121	66	184	0.9836065573770492
Response_reg	112	3300029329.a:Ga0242807_101398_21	228	1.1e-14	3	107	5	106	0.9285714285714286
LytTR	98	3300029329.a:Ga0242807_101398_21	228	2e-17	3	97	131	221	0.9591836734693877
GntR	64	3300029329.a:Ga0242807_101398_22	228	3.6e-18	3	64	16	76	0.953125
HisKA	64	3300029329.a:Ga0242807_101398_4	699	3.7e-15	1	64	476	542	0.984375
HATPase_c	111	3300029329.a:Ga0242807_101398_4	699	1.2e-09	3	93	590	680	0.8108108108108109
Response_reg	112	3300029329.a:Ga0242807_101398_5	237	1.4e-29	1	112	5	114	0.9910714285714286
Trans_reg_C	77	3300029329.a:Ga0242807_101398_5	237	2.7e-27	3	77	159	232	0.961038961038961
Fer4	24	3300029329.a:Ga0242807_101446_13	375	2.1e-06	6	20	343	357	0.5833333333333334
HTH_6	77	3300029329.a:Ga0242807_101446_14	299	5.6e-16	11	71	9	69	0.7792207792207793
SIS	131	3300029329.a:Ga0242807_101446_14	299	6.3e-19	2	110	128	235	0.8244274809160306
Fer4	24	3300029329.a:Ga0242807_101446_16	285	3.7e-07	2	23	5	26	0.875
Fer4	24	3300029329.a:Ga0242807_101446_16	285	2.7e-08	2	24	35	57	0.9166666666666666
HTH_6	77	3300029329.a:Ga0242807_101446_19	265	1.7e-18	11	69	10	68	0.7532467532467533
SIS	131	3300029329.a:Ga0242807_101446_19	265	4.2e-14	6	122	133	245	0.8854961832061069
HxlR	91	3300029329.a:Ga0242807_101446_23	108	4.8e-34	1	89	18	106	0.967032967032967
Fer4	24	3300029329.a:Ga0242807_101446_24	287	5.7e-08	2	20	7	25	0.75
Fer4	24	3300029329.a:Ga0242807_101446_24	287	6.6e-06	6	24	47	65	0.75
Nitroreductase	170	3300029329.a:Ga0242807_101446_24	287	4.7e-25	1	170	91	261	0.9941176470588236
HTH_6	77	3300029329.a:Ga0242807_101446_25	276	8.3e-14	9	74	8	73	0.8441558441558441
SIS	131	3300029329.a:Ga0242807_101446_25	276	4.4e-12	53	104	173	225	0.3893129770992366
PfkB	302	3300029329.a:Ga0242807_101456_12	271	1.4e-12	172	295	118	252	0.40728476821192056
MarR	59	3300029329.a:Ga0242807_101456_15	143	1.7e-15	1	57	28	84	0.9491525423728814
PadR	75	3300029329.a:Ga0242807_101456_2	111	6.6e-25	1	74	16	87	0.9733333333333334
dCache_1	249	3300029329.a:Ga0242807_101456_20	379	6.2e-05	11	171	44	192	0.642570281124498
GGDEF	161	3300029329.a:Ga0242807_101456_20	379	2.5e-34	1	159	226	371	0.9813664596273292
SKI	158	3300029329.a:Ga0242807_101456_21	169	6.3e-42	1	157	10	161	0.9873417721518988
ACT	67	3300029329.a:Ga0242807_101456_22	373	1.5e-08	2	64	293	355	0.9253731343283582
EPSP_synthase	417	3300029329.a:Ga0242807_101456_24	220	5e-53	218	415	10	203	0.4724220623501199
EPSP_synthase	417	3300029329.a:Ga0242807_101456_25	231	1.8e-39	4	213	8	213	0.5011990407673861
Mga	87	3300029329.a:Ga0242807_101466_12	510	1.1e-15	3	87	75	158	0.9655172413793104
HTH_6	77	3300029329.a:Ga0242807_101466_23	289	4.5e-18	6	76	8	78	0.9090909090909091
SIS	131	3300029329.a:Ga0242807_101466_23	289	1.3e-15	2	129	130	256	0.9694656488549618
PTS_EIIC	324	3300029329.a:Ga0242807_101466_27	248	5.8e-23	183	324	28	169	0.4351851851851852
HisKA	64	3300029329.a:Ga0242807_101466_3	351	5.6e-15	2	60	136	198	0.90625
HATPase_c	111	3300029329.a:Ga0242807_101466_3	351	4.4e-18	4	107	245	347	0.9279279279279279
Response_reg	112	3300029329.a:Ga0242807_101466_4	218	2.8e-30	1	112	3	112	0.9910714285714286
Trans_reg_C	77	3300029329.a:Ga0242807_101466_4	218	2.1e-27	2	77	146	216	0.974025974025974
Ammonium_transp	399	3300029329.a:Ga0242807_101466_9	414	4.5e-124	2	399	9	406	0.9949874686716792
Mga	87	3300029329.a:Ga0242807_101560_1	484	1.4e-09	10	83	53	130	0.8390804597701149
HTH_6	77	3300029329.a:Ga0242807_101560_12	256	2.3e-16	12	71	9	68	0.7662337662337663
SIS	131	3300029329.a:Ga0242807_101560_12	256	1e-18	2	125	109	228	0.9389312977099237
GGDEF	161	3300029329.a:Ga0242807_101560_3	644	8.7e-24	2	152	222	361	0.9316770186335404
EAL	238	3300029329.a:Ga0242807_101560_3	644	1.8e-60	5	238	393	625	0.9789915966386554
HTH_18	81	3300029329.a:Ga0242807_101560_4	287	4.7e-22	1	81	27	106	0.9876543209876543
GyrI-like	155	3300029329.a:Ga0242807_101560_4	287	3.8e-08	62	154	193	284	0.5935483870967742
T2SSE	273	3300029329.a:Ga0242807_101582_21	329	3.3e-58	3	268	8	268	0.9706959706959707
dCache_1	249	3300029329.a:Ga0242807_101609_2	755	2.2e-15	10	247	42	278	0.9518072289156626
GGDEF	161	3300029329.a:Ga0242807_101609_2	755	1.2e-23	1	157	330	477	0.968944099378882
EAL	238	3300029329.a:Ga0242807_101609_2	755	8.5e-61	3	238	502	738	0.9873949579831933
Aminotran_1_2	363	3300029329.a:Ga0242807_101666_16	405	8.1e-11	48	189	71	201	0.3884297520661157
HD	122	3300029329.a:Ga0242807_101666_5	315	1.1e-12	2	121	162	279	0.9754098360655737
SBP_bac_1	315	3300029329.a:Ga0242807_101891_12	421	7.4e-22	9	313	51	342	0.9650793650793651
dCache_1	249	3300029329.a:Ga0242807_101891_13	740	5.6e-08	26	248	35	262	0.891566265060241
GGDEF	161	3300029329.a:Ga0242807_101891_13	740	3.3e-24	1	137	313	443	0.84472049689441
EAL	238	3300029329.a:Ga0242807_101891_13	740	3e-65	3	238	490	724	0.9873949579831933
HD	122	3300029329.a:Ga0242807_101891_5	261	7.9e-11	2	120	29	146	0.9672131147540983
PTS_EIIC	324	3300029329.a:Ga0242807_101935_12	366	4.9e-14	3	323	15	288	0.9876543209876543
Pyr_redox_2	292	3300029329.a:Ga0242807_101935_4	644	2.7e-27	2	245	382	608	0.8321917808219178
NUDIX	131	3300029329.a:Ga0242807_101935_6	135	7.7e-17	3	115	3	108	0.8549618320610687
Mga	87	3300029329.a:Ga0242807_101935_8	562	2.3e-11	14	83	11	83	0.7931034482758621
HTH_11	55	3300029329.a:Ga0242807_101935_9	95	4.9e-11	1	54	7	63	0.9636363636363636
SIS	131	3300029329.a:Ga0242807_102515_13	185	5.2e-05	42	86	123	167	0.33587786259541985
Fer4	24	3300029329.a:Ga0242807_102515_7	373	5.8e-05	6	20	341	355	0.5833333333333334
Glyoxalase	128	3300029329.a:Ga0242807_102574_10	123	8e-06	5	66	9	62	0.4765625
B12-binding_2	75	3300029329.a:Ga0242807_102574_5	785	3.7e-14	7	74	587	653	0.8933333333333333
B12-binding	121	3300029329.a:Ga0242807_102574_5	785	6.5e-25	3	120	667	776	0.9669421487603306
Fer4	24	3300029329.a:Ga0242807_102587_1	1097	6.3e-08	2	23	684	705	0.875
Fer4	24	3300029329.a:Ga0242807_102587_1	1097	7.1e-07	1	19	741	759	0.75
AAA	132	3300029329.a:Ga0242807_102877_10	442	1.2e-20	1	128	54	162	0.9621212121212122
MarR	59	3300029329.a:Ga0242807_102877_7	151	2.4e-18	1	58	36	93	0.9661016949152542
AAA	132	3300029329.a:Ga0242807_102877_9	618	1e-05	2	98	406	564	0.7272727272727273
FeoA	74	3300029329.a:Ga0242807_103316_3	79	2.9e-15	1	73	1	72	0.972972972972973
Fer4	24	3300029329.a:Ga0242807_103414_3	373	3.1e-06	7	24	9	26	0.7083333333333334
Fer4	24	3300029329.a:Ga0242807_103414_3	373	3.5e-06	1	19	37	55	0.75
HTH_6	77	3300029329.a:Ga0242807_103942_10	286	6.7e-13	3	73	3	72	0.9090909090909091
SIS	131	3300029329.a:Ga0242807_103942_10	286	1.2e-13	3	110	128	234	0.816793893129771
MarR	59	3300029329.a:Ga0242807_103942_4	154	7.1e-16	1	58	35	92	0.9661016949152542
Aminotran_1_2	363	3300029329.a:Ga0242807_103942_5	398	1.9e-41	20	363	46	386	0.9449035812672176
HTH_6	77	3300029329.a:Ga0242807_103942_9	279	8.5e-19	3	74	2	72	0.922077922077922
SIS	131	3300029329.a:Ga0242807_103942_9	279	9.1e-16	2	130	127	254	0.9770992366412213
PTS_EIIC	324	3300029329.a:Ga0242807_104203_8	298	3.8e-27	1	241	27	257	0.7407407407407407
GAF	133	3300029329.a:Ga0242807_104309_1	144	4.4e-09	36	128	51	138	0.6917293233082706
Citrate_synt	361	3300029329.a:Ga0242807_104309_6	447	1e-108	3	361	39	429	0.9916897506925207
HTH_1	60	3300029329.a:Ga0242807_104862_3	296	3.1e-19	1	60	5	64	0.9833333333333333
LysR_substrate	209	3300029329.a:Ga0242807_104862_3	296	5.6e-33	4	205	91	288	0.9617224880382775
Aminotran_1_2	363	3300029329.a:Ga0242807_105796_3	423	5.1e-05	48	189	43	176	0.3884297520661157
HTH_3	55	3300029329.a:Ga0242807_106143_1	114	6.5e-17	1	53	11	63	0.9454545454545454
PadR	75	3300029329.a:Ga0242807_106396_1	168	1.5e-05	25	73	27	72	0.64
HTH_3	55	3300029329.a:Ga0242807_106588_6	164	5.2e-12	1	55	103	158	0.9818181818181818
HTH_3	55	3300029329.a:Ga0242807_108256_2	81	2.3e-08	1	52	7	58	0.9272727272727272
