Aminotran_1_2	363	3300029719.a:Ga0245179_1000022_100	397	1.4e-98	3	363	28	392	0.9917355371900827
EPSP_synthase	417	3300029719.a:Ga0245179_1000022_120	428	1.6e-156	2	417	7	420	0.9952038369304557
HTH_1	60	3300029719.a:Ga0245179_1000022_128	303	4.1e-21	3	59	7	63	0.9333333333333333
LysR_substrate	209	3300029719.a:Ga0245179_1000022_128	303	6.4e-36	4	206	91	290	0.9665071770334929
Fer4	24	3300029719.a:Ga0245179_1000022_133	206	4.3e-06	2	18	8	24	0.6666666666666666
Fer4	24	3300029719.a:Ga0245179_1000022_133	206	1.5e-09	1	23	92	114	0.9166666666666666
AAA	132	3300029719.a:Ga0245179_1000022_136	448	2.7e-19	1	126	53	159	0.946969696969697
MarR	59	3300029719.a:Ga0245179_1000022_139	165	6.3e-05	8	48	19	59	0.6779661016949152
AsnC_trans_reg	75	3300029719.a:Ga0245179_1000022_139	165	1.2e-26	1	75	78	152	0.9866666666666667
Pyr_redox_2	292	3300029719.a:Ga0245179_1000022_140	322	3.7e-54	2	290	8	301	0.9863013698630136
AAA	132	3300029719.a:Ga0245179_1000022_145	759	7.8e-15	2	125	211	342	0.9318181818181818
AAA	132	3300029719.a:Ga0245179_1000022_145	759	7.2e-10	2	111	492	607	0.8257575757575758
Aminotran_1_2	363	3300029719.a:Ga0245179_1000022_157	334	1.6e-10	38	327	28	303	0.7961432506887053
TetR_N	47	3300029719.a:Ga0245179_1000022_16	213	5.4e-17	1	47	23	69	0.9787234042553191
SBP_bac_3	225	3300029719.a:Ga0245179_1000022_164	244	3.5e-69	1	224	23	242	0.9911111111111112
SBP_bac_3	225	3300029719.a:Ga0245179_1000022_167	244	7.9e-73	1	224	23	242	0.9911111111111112
SBP_bac_1	315	3300029719.a:Ga0245179_1000022_173	371	9.9e-19	17	312	44	303	0.9365079365079365
Nitroreductase	170	3300029719.a:Ga0245179_1000022_176	241	2.6e-19	4	170	11	159	0.9764705882352941
TrkA_C	70	3300029719.a:Ga0245179_1000022_180	562	1.5e-10	13	64	229	281	0.7285714285714285
TrkA_C	70	3300029719.a:Ga0245179_1000022_180	562	6.3e-11	2	69	304	371	0.9571428571428572
TetR_N	47	3300029719.a:Ga0245179_1000022_181	179	1.5e-10	1	47	13	59	0.9787234042553191
HTH_DeoR	57	3300029719.a:Ga0245179_1000022_187	253	1.1e-16	1	55	8	59	0.9473684210526315
DeoRC	160	3300029719.a:Ga0245179_1000022_187	253	1.7e-47	3	159	76	232	0.975
GGDEF	161	3300029719.a:Ga0245179_1000022_193	443	8.2e-27	1	160	295	437	0.9875776397515528
dCache_1	249	3300029719.a:Ga0245179_1000022_194	783	4.2e-07	7	196	39	243	0.7590361445783133
EAL	238	3300029719.a:Ga0245179_1000022_194	783	1.6e-67	2	238	532	767	0.9915966386554622
SBP_bac_5	377	3300029719.a:Ga0245179_1000022_197	513	9e-99	2	375	71	429	0.9893899204244032
CbiA	128	3300029719.a:Ga0245179_1000022_198	624	3.3e-05	6	55	49	202	0.3828125
Nitroreductase	170	3300029719.a:Ga0245179_1000022_21	197	2.6e-15	5	170	18	174	0.9705882352941176
Fe_dep_repress	60	3300029719.a:Ga0245179_1000022_210	156	1.2e-12	6	60	38	92	0.9
Fe_dep_repr_C	70	3300029719.a:Ga0245179_1000022_210	156	1.2e-16	1	56	95	149	0.7857142857142857
SBP_bac_3	225	3300029719.a:Ga0245179_1000022_216	249	1.1e-72	1	224	27	244	0.9911111111111112
Glycos_trans_3N	63	3300029719.a:Ga0245179_1000022_227	321	2.1e-12	2	62	5	69	0.9523809523809523
TetR_N	47	3300029719.a:Ga0245179_1000022_231	224	9.1e-16	1	47	17	62	0.9787234042553191
CbiA	128	3300029719.a:Ga0245179_1000022_249	226	7.2e-16	2	126	6	218	0.96875
Aminotran_1_2	363	3300029719.a:Ga0245179_1000022_251	385	1.5e-71	2	363	40	380	0.9944903581267218
HTH_1	60	3300029719.a:Ga0245179_1000022_259	318	1.4e-21	2	60	6	64	0.9666666666666667
LysR_substrate	209	3300029719.a:Ga0245179_1000022_259	318	4.2e-45	4	205	91	291	0.9617224880382775
TOBE	64	3300029719.a:Ga0245179_1000022_262	353	2e-19	1	62	290	350	0.953125
SBP_bac_1	315	3300029719.a:Ga0245179_1000022_264	258	5.4e-19	1	314	34	246	0.9936507936507937
HTH_1	60	3300029719.a:Ga0245179_1000022_266	263	1.2e-15	2	60	20	83	0.9666666666666667
TOBE	64	3300029719.a:Ga0245179_1000022_266	263	7.3e-14	1	62	125	187	0.953125
TOBE	64	3300029719.a:Ga0245179_1000022_266	263	9.9e-16	3	63	199	257	0.9375
TPR_2	34	3300029719.a:Ga0245179_1000022_278	264	4.1e-05	2	33	181	212	0.9117647058823529
PTS_EIIC	324	3300029719.a:Ga0245179_1000022_290	639	5.6e-11	3	249	293	554	0.7592592592592593
GntR	64	3300029719.a:Ga0245179_1000022_291	241	1.4e-26	1	64	6	69	0.984375
Citrate_synt	361	3300029719.a:Ga0245179_1000022_301	428	8.3e-134	1	361	46	410	0.997229916897507
Response_reg	112	3300029719.a:Ga0245179_1000022_34	231	2.7e-29	1	111	5	113	0.9821428571428571
Trans_reg_C	77	3300029719.a:Ga0245179_1000022_34	231	1.3e-18	1	77	153	225	0.987012987012987
Peripla_BP_1	279	3300029719.a:Ga0245179_1000022_35	343	1.1e-96	1	279	44	337	0.996415770609319
HisKA	64	3300029719.a:Ga0245179_1000022_36	900	1.4e-18	1	64	428	493	0.984375
HATPase_c	111	3300029719.a:Ga0245179_1000022_36	900	9.1e-28	1	110	542	648	0.9819819819819819
Response_reg	112	3300029719.a:Ga0245179_1000022_36	900	7.5e-16	2	109	670	777	0.9553571428571429
Fer4	24	3300029719.a:Ga0245179_1000022_37	358	4.3e-06	3	20	246	263	0.7083333333333334
Fer4	24	3300029719.a:Ga0245179_1000022_37	358	1.1e-05	7	20	277	290	0.5416666666666666
CbiA	128	3300029719.a:Ga0245179_1000022_47	727	7.8e-08	1	87	534	706	0.671875
GGDEF	161	3300029719.a:Ga0245179_1000022_5	453	4.7e-51	1	161	282	439	0.9937888198757764
TPR_2	34	3300029719.a:Ga0245179_1000022_6	808	1.2e-05	1	34	98	131	0.9705882352941176
LysR_substrate	209	3300029719.a:Ga0245179_1000022_92	320	1.2e-05	8	130	29	155	0.583732057416268
SBP_bac_3	225	3300029719.a:Ga0245179_1000022_92	320	1.8e-11	87	207	111	231	0.5333333333333333
Response_reg	112	3300029719.a:Ga0245179_1000027_106	216	5.7e-33	1	112	9	121	0.9910714285714286
GerE	57	3300029719.a:Ga0245179_1000027_106	216	1.7e-26	2	56	153	207	0.9473684210526315
Fer4	24	3300029719.a:Ga0245179_1000027_117	288	8.2e-05	6	21	258	273	0.625
Fer4	24	3300029719.a:Ga0245179_1000027_118	232	3.2e-08	6	23	59	76	0.7083333333333334
Fer4	24	3300029719.a:Ga0245179_1000027_118	232	3.6e-06	2	18	180	196	0.6666666666666666
Fer4	24	3300029719.a:Ga0245179_1000027_121	165	4.6e-05	7	23	36	52	0.6666666666666666
Fer4	24	3300029719.a:Ga0245179_1000027_121	165	2.7e-05	6	19	67	80	0.5416666666666666
Fer4	24	3300029719.a:Ga0245179_1000027_121	165	5.3e-09	3	24	136	157	0.875
Ada_Zn_binding	65	3300029719.a:Ga0245179_1000027_127	355	5.9e-34	1	65	11	75	0.9846153846153847
HTH_18	81	3300029719.a:Ga0245179_1000027_127	355	1.1e-17	1	79	105	181	0.9629629629629629
HATPase_c	111	3300029719.a:Ga0245179_1000027_130	891	1e-12	1	108	565	675	0.963963963963964
Response_reg	112	3300029719.a:Ga0245179_1000027_131	217	1.3e-26	1	111	6	120	0.9821428571428571
GerE	57	3300029719.a:Ga0245179_1000027_131	217	1.2e-20	2	56	150	204	0.9473684210526315
HisKA	64	3300029719.a:Ga0245179_1000027_132	950	5.6e-18	1	63	469	533	0.96875
HATPase_c	111	3300029719.a:Ga0245179_1000027_132	950	3.8e-32	1	109	581	690	0.972972972972973
Response_reg	112	3300029719.a:Ga0245179_1000027_132	950	2.7e-31	1	111	827	936	0.9821428571428571
PAS	113	3300029719.a:Ga0245179_1000027_133	609	1.2e-23	4	112	265	369	0.9557522123893806
HisKA	64	3300029719.a:Ga0245179_1000027_133	609	6.7e-19	2	61	389	450	0.921875
HATPase_c	111	3300029719.a:Ga0245179_1000027_133	609	2.5e-23	2	108	496	599	0.954954954954955
Response_reg	112	3300029719.a:Ga0245179_1000027_134	462	2.1e-32	1	110	7	115	0.9732142857142857
AAA	132	3300029719.a:Ga0245179_1000027_134	462	3.4e-07	1	112	169	290	0.8409090909090909
HTH_8	42	3300029719.a:Ga0245179_1000027_134	462	5.1e-16	3	42	415	454	0.9285714285714286
PfkB	302	3300029719.a:Ga0245179_1000027_14	322	3.6e-55	4	296	19	306	0.9668874172185431
GntR	64	3300029719.a:Ga0245179_1000027_15	249	5.3e-18	6	64	29	87	0.90625
Fer4	24	3300029719.a:Ga0245179_1000027_156	397	3.3e-05	7	21	55	69	0.5833333333333334
IclR	129	3300029719.a:Ga0245179_1000027_162	137	5.1e-44	6	128	2	123	0.9457364341085271
HTH_IclR	52	3300029719.a:Ga0245179_1000027_163	108	3.3e-11	1	51	9	58	0.9615384615384616
NUDIX	131	3300029719.a:Ga0245179_1000027_166	142	2.7e-23	1	128	1	135	0.9694656488549618
Aminotran_1_2	363	3300029719.a:Ga0245179_1000027_168	386	4.4e-11	46	197	41	170	0.41597796143250687
PfkB	302	3300029719.a:Ga0245179_1000027_17	267	2.6e-08	138	282	81	236	0.4768211920529801
Fer4	24	3300029719.a:Ga0245179_1000027_197	181	8.1e-07	5	24	57	76	0.7916666666666666
Fer4	24	3300029719.a:Ga0245179_1000027_197	181	7e-11	2	24	93	115	0.9166666666666666
HTH_1	60	3300029719.a:Ga0245179_1000027_206	313	8.1e-20	1	59	13	71	0.9666666666666667
LysR_substrate	209	3300029719.a:Ga0245179_1000027_206	313	6.7e-29	4	201	97	281	0.9425837320574163
Aminotran_1_2	363	3300029719.a:Ga0245179_1000027_207	406	9.4e-49	30	353	58	387	0.8898071625344353
HD	122	3300029719.a:Ga0245179_1000027_208	200	1.5e-09	2	119	31	139	0.9590163934426229
TrkA_C	70	3300029719.a:Ga0245179_1000027_209	611	7.1e-15	2	68	231	304	0.9428571428571428
TrkA_C	70	3300029719.a:Ga0245179_1000027_209	611	1.4e-12	1	63	326	390	0.8857142857142857
NUDIX	131	3300029719.a:Ga0245179_1000027_216	181	3.4e-20	2	121	36	154	0.9083969465648855
SBP_bac_3	225	3300029719.a:Ga0245179_1000027_226	261	2.1e-65	1	224	28	254	0.9911111111111112
SBP_bac_3	225	3300029719.a:Ga0245179_1000027_227	261	7.2e-65	1	224	28	254	0.9911111111111112
Pribosyltran	159	3300029719.a:Ga0245179_1000027_229	506	1.3e-09	21	121	286	394	0.6289308176100629
HTH_1	60	3300029719.a:Ga0245179_1000027_264	312	3.3e-22	2	60	18	76	0.9666666666666667
LysR_substrate	209	3300029719.a:Ga0245179_1000027_264	312	4.6e-31	2	208	99	307	0.9856459330143541
PALP	294	3300029719.a:Ga0245179_1000027_266	443	1e-72	2	285	73	404	0.9625850340136054
Response_reg	112	3300029719.a:Ga0245179_1000027_269	205	4.4e-29	2	112	4	114	0.9821428571428571
GerE	57	3300029719.a:Ga0245179_1000027_269	205	8.8e-24	1	57	142	198	0.9824561403508771
SBP_bac_3	225	3300029719.a:Ga0245179_1000027_270	1198	1.4e-14	16	223	74	276	0.92
SBP_bac_3	225	3300029719.a:Ga0245179_1000027_270	1198	1.8e-26	3	224	306	520	0.9822222222222222
HisKA	64	3300029719.a:Ga0245179_1000027_270	1198	1.2e-16	1	64	711	777	0.984375
HATPase_c	111	3300029719.a:Ga0245179_1000027_270	1198	1.7e-27	2	110	825	937	0.972972972972973
Response_reg	112	3300029719.a:Ga0245179_1000027_270	1198	1.7e-31	1	111	961	1070	0.9821428571428571
Aminotran_1_2	363	3300029719.a:Ga0245179_1000027_279	413	2.5e-62	2	348	37	376	0.953168044077135
CbiA	128	3300029719.a:Ga0245179_1000027_28	370	2.2e-14	1	125	110	326	0.96875
GAF	133	3300029719.a:Ga0245179_1000027_280	566	3.1e-06	6	131	228	346	0.9398496240601504
HATPase_c	111	3300029719.a:Ga0245179_1000027_280	566	4e-09	9	109	456	552	0.9009009009009009
Response_reg	112	3300029719.a:Ga0245179_1000027_281	245	1.8e-25	1	111	3	112	0.9821428571428571
LytTR	98	3300029719.a:Ga0245179_1000027_281	245	2.2e-35	2	97	146	242	0.9693877551020408
HTH_AraC	42	3300029719.a:Ga0245179_1000027_283	47	4.5e-14	6	40	7	40	0.8095238095238095
PTS-HPr	82	3300029719.a:Ga0245179_1000027_284	832	5.2e-14	6	80	7	83	0.9024390243902439
PTS_EIIC	324	3300029719.a:Ga0245179_1000027_287	416	9.5e-15	2	319	41	343	0.9783950617283951
Glucokinase	316	3300029719.a:Ga0245179_1000027_289	322	4.4e-126	1	315	6	315	0.9936708860759493
MASE1	300	3300029719.a:Ga0245179_1000027_294	730	4.7e-62	2	298	16	314	0.9866666666666667
GGDEF	161	3300029719.a:Ga0245179_1000027_294	730	4e-05	1	110	326	424	0.6770186335403726
EAL	238	3300029719.a:Ga0245179_1000027_294	730	3.8e-61	2	238	493	724	0.9915966386554622
HTH_3	55	3300029719.a:Ga0245179_1000027_295	120	7e-06	10	35	6	31	0.45454545454545453
Response_reg	112	3300029719.a:Ga0245179_1000027_40	240	1.3e-27	1	111	4	112	0.9821428571428571
LytTR	98	3300029719.a:Ga0245179_1000027_40	240	1.4e-26	2	97	144	237	0.9693877551020408
MerR	38	3300029719.a:Ga0245179_1000027_42	183	6.3e-15	1	38	5	42	0.9736842105263158
CBS	57	3300029719.a:Ga0245179_1000027_45	309	3.9e-05	12	52	265	305	0.7017543859649122
Sigma70_r4_2	54	3300029719.a:Ga0245179_1000027_6	314	8.9e-05	21	51	18	48	0.5555555555555556
Pyr_redox_2	292	3300029719.a:Ga0245179_1000027_61	413	2.7e-27	2	291	126	394	0.9897260273972602
Fer4	24	3300029719.a:Ga0245179_1000027_62	412	4.6e-06	2	18	338	354	0.6666666666666666
Fer4	24	3300029719.a:Ga0245179_1000027_62	412	1.6e-06	4	24	374	394	0.8333333333333334
Peripla_BP_1	279	3300029719.a:Ga0245179_1000027_65	333	3.8e-11	6	208	30	254	0.7240143369175627
LacI	46	3300029719.a:Ga0245179_1000027_66	347	2.4e-23	1	46	3	48	0.9782608695652174
Peripla_BP_3	164	3300029719.a:Ga0245179_1000027_66	347	5e-35	2	164	169	329	0.9878048780487805
LacI	46	3300029719.a:Ga0245179_1000027_7	344	3.8e-17	1	46	11	59	0.9782608695652174
Peripla_BP_1	279	3300029719.a:Ga0245179_1000027_7	344	3.8e-11	2	156	71	228	0.5519713261648745
HTH_1	60	3300029719.a:Ga0245179_1000027_72	294	2.2e-17	1	60	5	64	0.9833333333333333
LysR_substrate	209	3300029719.a:Ga0245179_1000027_72	294	1.2e-55	3	204	86	286	0.9617224880382775
HTH_11	55	3300029719.a:Ga0245179_1000027_75	363	3e-06	1	49	4	50	0.8727272727272727
PfkB	302	3300029719.a:Ga0245179_1000027_75	363	5.9e-67	2	298	58	348	0.9801324503311258
cNMP_binding	88	3300029719.a:Ga0245179_1000027_78	233	5.3e-14	3	85	35	118	0.9318181818181818
PfkB	302	3300029719.a:Ga0245179_1000027_81	314	9.3e-68	2	298	5	295	0.9801324503311258
PTS_EIIC	324	3300029719.a:Ga0245179_1000027_82	564	4.3e-21	3	324	233	496	0.9907407407407407
PfkB	302	3300029719.a:Ga0245179_1000027_83	313	2.1e-70	12	297	14	293	0.9437086092715232
PTS-HPr	82	3300029719.a:Ga0245179_1000027_84	377	3.7e-27	2	80	287	368	0.9512195121951219
EAL	238	3300029719.a:Ga0245179_1000027_92	519	2e-69	3	238	267	500	0.9873949579831933
SBP_bac_5	377	3300029719.a:Ga0245179_1000027_93	605	7.8e-72	2	373	98	504	0.9840848806366048
HATPase_c	111	3300029719.a:Ga0245179_1000047_102	616	5.5e-09	5	62	22	77	0.5135135135135135
Fer4	24	3300029719.a:Ga0245179_1000047_116	245	3.5e-06	7	19	148	160	0.5
TetR_N	47	3300029719.a:Ga0245179_1000047_136	192	6.3e-06	4	44	9	49	0.851063829787234
Trans_reg_C	77	3300029719.a:Ga0245179_1000047_137	513	5e-21	1	77	24	100	0.987012987012987
dCache_1	249	3300029719.a:Ga0245179_1000047_146	544	2.6e-07	28	170	55	179	0.570281124497992
PAS	113	3300029719.a:Ga0245179_1000047_146	544	4.7e-16	1	112	222	323	0.9823008849557522
HATPase_c	111	3300029719.a:Ga0245179_1000047_146	544	4.1e-20	5	108	434	535	0.9279279279279279
Response_reg	112	3300029719.a:Ga0245179_1000047_147	240	5e-21	1	111	4	117	0.9821428571428571
HTH_18	81	3300029719.a:Ga0245179_1000047_153	303	8.3e-21	2	80	214	291	0.9629629629629629
Aminotran_1_2	363	3300029719.a:Ga0245179_1000047_154	757	8.6e-05	55	198	217	359	0.3939393939393939
HTH_18	81	3300029719.a:Ga0245179_1000047_155	254	1.2e-15	2	79	169	244	0.9506172839506173
Response_reg	112	3300029719.a:Ga0245179_1000047_158	223	1.4e-27	1	112	3	113	0.9910714285714286
Trans_reg_C	77	3300029719.a:Ga0245179_1000047_158	223	1.7e-22	1	77	145	216	0.987012987012987
HisKA	64	3300029719.a:Ga0245179_1000047_159	367	6e-11	3	62	147	203	0.921875
HATPase_c	111	3300029719.a:Ga0245179_1000047_159	367	3.1e-19	1	110	252	359	0.9819819819819819
Glyoxalase	128	3300029719.a:Ga0245179_1000047_165	148	4.7e-07	7	128	8	138	0.9453125
SBP_bac_3	225	3300029719.a:Ga0245179_1000047_167	339	5.9e-05	29	177	54	219	0.6577777777777778
GntR	64	3300029719.a:Ga0245179_1000047_169	242	9.8e-24	2	64	14	75	0.96875
HTH_6	77	3300029719.a:Ga0245179_1000047_182	297	9.7e-29	2	77	15	90	0.974025974025974
SIS	131	3300029719.a:Ga0245179_1000047_182	297	2.8e-34	2	130	138	266	0.9770992366412213
Peripla_BP_1	279	3300029719.a:Ga0245179_1000047_183	312	2.5e-21	5	207	28	241	0.7240143369175627
TPR_1	34	3300029719.a:Ga0245179_1000047_197	199	1e-05	2	32	74	104	0.8823529411764706
Fer4	24	3300029719.a:Ga0245179_1000047_201	224	1.8e-06	2	18	40	56	0.6666666666666666
Fer4	24	3300029719.a:Ga0245179_1000047_201	224	5e-08	2	21	119	138	0.7916666666666666
TetR_N	47	3300029719.a:Ga0245179_1000047_21	198	4.9e-14	2	46	22	66	0.9361702127659575
MerR	38	3300029719.a:Ga0245179_1000047_210	155	1.5e-15	1	38	13	49	0.9736842105263158
HTH_18	81	3300029719.a:Ga0245179_1000047_211	108	8.6e-26	1	81	27	106	0.9876543209876543
EAL	238	3300029719.a:Ga0245179_1000047_212	529	9.9e-73	2	237	273	505	0.9873949579831933
Aminotran_1_2	363	3300029719.a:Ga0245179_1000047_220	398	1.6e-88	2	362	27	392	0.9917355371900827
FUR	120	3300029719.a:Ga0245179_1000047_228	172	6.5e-17	2	118	20	138	0.9666666666666667
LexA_DNA_bind	65	3300029719.a:Ga0245179_1000047_231	203	1.4e-33	1	65	1	65	0.9846153846153847
SBP_bac_1	315	3300029719.a:Ga0245179_1000047_243	397	1.8e-44	9	313	45	315	0.9650793650793651
ACT	67	3300029719.a:Ga0245179_1000047_253	450	2.3e-08	12	66	323	378	0.8059701492537313
B12-binding_2	75	3300029719.a:Ga0245179_1000047_258	1228	3.3e-27	2	75	660	733	0.9733333333333334
B12-binding	121	3300029719.a:Ga0245179_1000047_258	1228	3.9e-20	2	94	748	840	0.7603305785123967
HTH_IclR	52	3300029719.a:Ga0245179_1000047_259	275	1.2e-20	1	51	26	76	0.9615384615384616
IclR	129	3300029719.a:Ga0245179_1000047_259	275	1.5e-43	4	127	145	267	0.9534883720930233
LacI	46	3300029719.a:Ga0245179_1000047_28	316	4.3e-23	1	46	6	51	0.9782608695652174
Peripla_BP_3	164	3300029719.a:Ga0245179_1000047_28	316	3.1e-21	2	156	168	312	0.9390243902439024
PTS_EIIC	324	3300029719.a:Ga0245179_1000047_29	474	1.8e-33	2	323	113	405	0.9907407407407407
Peripla_BP_1	279	3300029719.a:Ga0245179_1000047_41	319	1.7e-18	15	224	37	253	0.7491039426523297
CBS	57	3300029719.a:Ga0245179_1000047_47	448	2.7e-05	7	56	284	333	0.8596491228070176
HxlR	91	3300029719.a:Ga0245179_1000047_52	127	6.7e-34	2	88	29	115	0.945054945054945
Hemerythrin	131	3300029719.a:Ga0245179_1000047_55	221	1.2e-29	3	131	77	216	0.9770992366412213
TetR_N	47	3300029719.a:Ga0245179_1000047_59	216	1.1e-16	5	47	19	61	0.8936170212765957
DctP	286	3300029719.a:Ga0245179_1000047_68	324	4.9e-83	2	285	29	307	0.9895104895104895
HTH_DeoR	57	3300029719.a:Ga0245179_1000047_81	252	2.5e-22	1	57	6	62	0.9824561403508771
DeoRC	160	3300029719.a:Ga0245179_1000047_81	252	2.4e-39	2	159	76	230	0.98125
HTH_12	66	3300029719.a:Ga0245179_1000047_93	814	3.7e-15	2	64	23	83	0.9393939393939394
Rrf2	83	3300029719.a:Ga0245179_1000047_94	142	4.9e-27	1	82	1	82	0.9759036144578314
AAA	132	3300029719.a:Ga0245179_1000072_103	425	3.7e-17	1	98	115	220	0.7348484848484849
AAA	132	3300029719.a:Ga0245179_1000072_104	785	1.6e-19	1	128	352	489	0.9621212121212122
HTH_1	60	3300029719.a:Ga0245179_1000072_11	300	3.2e-29	2	60	4	62	0.9666666666666667
LysR_substrate	209	3300029719.a:Ga0245179_1000072_11	300	3e-55	3	208	88	290	0.9808612440191388
SBP_bac_5	377	3300029719.a:Ga0245179_1000072_110	567	1.5e-17	2	161	165	303	0.4217506631299735
HTH_11	55	3300029719.a:Ga0245179_1000072_112	153	2.1e-06	3	46	7	49	0.7818181818181819
AsnC_trans_reg	75	3300029719.a:Ga0245179_1000072_112	153	7.8e-24	1	75	68	142	0.9866666666666667
Ammonium_transp	399	3300029719.a:Ga0245179_1000072_116	429	2.9e-133	1	399	33	426	0.9974937343358395
EAL	238	3300029719.a:Ga0245179_1000072_121	517	4.9e-67	3	237	274	501	0.9831932773109243
TetR_N	47	3300029719.a:Ga0245179_1000072_128	216	1.5e-21	1	47	16	62	0.9787234042553191
Cyanate_lyase	69	3300029719.a:Ga0245179_1000072_13	157	4.4e-34	2	68	87	154	0.9565217391304348
Pribosyltran	159	3300029719.a:Ga0245179_1000072_133	184	2.4e-17	2	124	31	156	0.7672955974842768
AAA	132	3300029719.a:Ga0245179_1000072_134	644	5.6e-13	2	125	42	171	0.9318181818181818
HATPase_c	111	3300029719.a:Ga0245179_1000072_137	625	5e-16	1	109	27	182	0.972972972972973
PfkB	302	3300029719.a:Ga0245179_1000072_141	435	6e-11	24	235	79	293	0.6986754966887417
HTH_3	55	3300029719.a:Ga0245179_1000072_147	132	7.2e-12	1	54	34	87	0.9636363636363636
HMA	62	3300029719.a:Ga0245179_1000072_148	835	2.8e-13	3	62	8	62	0.9516129032258065
HMA	62	3300029719.a:Ga0245179_1000072_148	835	3.7e-17	4	61	105	159	0.9193548387096774
MerR	38	3300029719.a:Ga0245179_1000072_151	136	7.1e-18	1	38	2	39	0.9736842105263158
AAA	132	3300029719.a:Ga0245179_1000072_154	226	5.4e-07	2	118	37	204	0.8787878787878788
HTH_7	45	3300029719.a:Ga0245179_1000072_165	124	6.6e-07	19	41	20	42	0.4888888888888889
HTH_1	60	3300029719.a:Ga0245179_1000072_167	309	1.5e-21	3	60	6	63	0.95
LysR_substrate	209	3300029719.a:Ga0245179_1000072_167	309	2.1e-22	5	205	91	290	0.9569377990430622
HTH_IclR	52	3300029719.a:Ga0245179_1000072_169	272	7.1e-14	1	51	23	73	0.9615384615384616
IclR	129	3300029719.a:Ga0245179_1000072_169	272	2.7e-43	3	128	141	263	0.9689922480620154
LacI	46	3300029719.a:Ga0245179_1000072_18	364	2.1e-24	1	46	8	53	0.9782608695652174
Peripla_BP_3	164	3300029719.a:Ga0245179_1000072_18	364	1.2e-34	1	164	174	332	0.9939024390243902
HTH_IclR	52	3300029719.a:Ga0245179_1000072_19	278	4.6e-17	2	52	15	65	0.9615384615384616
IclR	129	3300029719.a:Ga0245179_1000072_19	278	3.1e-14	7	127	135	257	0.9302325581395349
Response_reg	112	3300029719.a:Ga0245179_1000072_197	211	5.4e-29	1	111	6	117	0.9821428571428571
GerE	57	3300029719.a:Ga0245179_1000072_197	211	1.6e-25	2	57	149	204	0.9649122807017544
HTH_18	81	3300029719.a:Ga0245179_1000072_198	254	5.8e-17	2	80	169	245	0.9629629629629629
Pyr_redox	81	3300029719.a:Ga0245179_1000072_20	555	4.8e-06	2	35	18	51	0.4074074074074074
TPR_1	34	3300029719.a:Ga0245179_1000072_200	991	4.4e-05	1	34	612	645	0.9705882352941176
HisKA	64	3300029719.a:Ga0245179_1000072_202	481	3.8e-13	2	63	262	326	0.953125
HATPase_c	111	3300029719.a:Ga0245179_1000072_202	481	8.2e-23	1	108	371	479	0.963963963963964
Response_reg	112	3300029719.a:Ga0245179_1000072_203	228	5.7e-29	2	112	4	113	0.9821428571428571
Trans_reg_C	77	3300029719.a:Ga0245179_1000072_203	228	6.9e-28	1	77	146	221	0.987012987012987
Nitroreductase	170	3300029719.a:Ga0245179_1000072_210	218	1.9e-35	2	170	8	193	0.9882352941176471
PIG-L	131	3300029719.a:Ga0245179_1000072_33	224	3.8e-25	1	130	20	141	0.9847328244274809
AAA	132	3300029719.a:Ga0245179_1000072_35	256	4.2e-05	2	96	31	178	0.7121212121212122
AAA	132	3300029719.a:Ga0245179_1000072_4	529	6.7e-05	1	110	242	368	0.8257575757575758
HTH_8	42	3300029719.a:Ga0245179_1000072_4	529	2.7e-12	11	40	498	527	0.6904761904761905
Rrf2	83	3300029719.a:Ga0245179_1000072_40	208	1e-05	26	61	161	196	0.42168674698795183
MASE2	89	3300029719.a:Ga0245179_1000072_51	372	2.4e-30	1	89	40	128	0.9887640449438202
GGDEF	161	3300029719.a:Ga0245179_1000072_51	372	4.9e-49	2	161	211	366	0.9875776397515528
SKI	158	3300029719.a:Ga0245179_1000072_54	175	5.7e-50	1	157	11	168	0.9873417721518988
Citrate_synt	361	3300029719.a:Ga0245179_1000072_6	390	2.1e-117	2	360	22	370	0.9916897506925207
Glucokinase	316	3300029719.a:Ga0245179_1000072_60	303	6.8e-12	4	235	6	237	0.7310126582278481
Response_reg	112	3300029719.a:Ga0245179_1000072_64	230	4.8e-31	1	112	5	117	0.9910714285714286
Trans_reg_C	77	3300029719.a:Ga0245179_1000072_64	230	1.3e-30	2	77	151	225	0.974025974025974
PAS	113	3300029719.a:Ga0245179_1000072_65	432	1.2e-12	2	113	99	194	0.9823008849557522
HisKA	64	3300029719.a:Ga0245179_1000072_65	432	3e-20	1	63	203	268	0.96875
HATPase_c	111	3300029719.a:Ga0245179_1000072_65	432	2.6e-28	1	109	313	423	0.972972972972973
HTH_1	60	3300029719.a:Ga0245179_1000082_122	300	1.4e-17	2	60	7	65	0.9666666666666667
LysR_substrate	209	3300029719.a:Ga0245179_1000082_122	300	4.8e-12	10	199	97	284	0.9043062200956937
PALP	294	3300029719.a:Ga0245179_1000082_135	429	5.3e-26	30	281	99	369	0.8537414965986394
ACT	67	3300029719.a:Ga0245179_1000082_137	821	7.7e-10	6	61	324	376	0.8208955223880597
ACT	67	3300029719.a:Ga0245179_1000082_137	821	1.8e-08	6	51	405	447	0.6716417910447762
Response_reg	112	3300029719.a:Ga0245179_1000082_139	239	9.1e-29	1	110	6	113	0.9732142857142857
Trans_reg_C	77	3300029719.a:Ga0245179_1000082_139	239	2.7e-20	1	77	156	232	0.987012987012987
dCache_1	249	3300029719.a:Ga0245179_1000082_141	475	0.0001	59	154	81	164	0.3815261044176707
HisKA	64	3300029719.a:Ga0245179_1000082_141	475	1.3e-13	5	63	259	319	0.90625
HATPase_c	111	3300029719.a:Ga0245179_1000082_141	475	1e-18	5	100	367	462	0.8558558558558559
Response_reg	112	3300029719.a:Ga0245179_1000082_142	230	2.5e-28	1	111	6	115	0.9821428571428571
Trans_reg_C	77	3300029719.a:Ga0245179_1000082_142	230	1.6e-25	2	77	151	226	0.974025974025974
HTH_18	81	3300029719.a:Ga0245179_1000082_144	290	1.5e-21	1	80	27	105	0.9753086419753086
GyrI-like	155	3300029719.a:Ga0245179_1000082_144	290	8.7e-24	2	155	127	288	0.9870967741935484
Trp_repressor	88	3300029719.a:Ga0245179_1000082_147	99	1.6e-30	1	86	7	92	0.9659090909090909
HTH_3	55	3300029719.a:Ga0245179_1000082_150	411	5.7e-11	1	52	7	59	0.9272727272727272
Glycos_trans_3N	63	3300029719.a:Ga0245179_1000082_158	441	9.8e-21	2	63	6	67	0.9682539682539683
Pribosyltran	159	3300029719.a:Ga0245179_1000082_16	179	3.9e-25	10	158	13	160	0.9308176100628931
GerE	57	3300029719.a:Ga0245179_1000082_173	226	1.7e-17	2	54	152	204	0.9122807017543859
GerE	57	3300029719.a:Ga0245179_1000082_174	141	2.2e-12	2	56	52	106	0.9473684210526315
NTP_transf_2	95	3300029719.a:Ga0245179_1000082_179	263	2e-07	14	81	28	98	0.7052631578947368
AAA	132	3300029719.a:Ga0245179_1000082_186	556	3.2e-06	1	120	132	280	0.9015151515151515
AAA	132	3300029719.a:Ga0245179_1000082_193	246	2.6e-08	2	120	103	214	0.8939393939393939
Pyr_redox_2	292	3300029719.a:Ga0245179_1000082_25	475	4.1e-65	2	292	8	328	0.9931506849315068
GntR	64	3300029719.a:Ga0245179_1000082_28	255	1.6e-27	2	64	12	74	0.96875
T2SSE	273	3300029719.a:Ga0245179_1000082_34	462	1.1e-89	4	272	89	353	0.9816849816849816
NUDIX	131	3300029719.a:Ga0245179_1000082_40	130	4.1e-23	3	130	5	125	0.9694656488549618
LacI	46	3300029719.a:Ga0245179_1000082_59	335	5.3e-21	1	46	2	50	0.9782608695652174
Peripla_BP_1	279	3300029719.a:Ga0245179_1000082_59	335	5e-16	2	267	62	312	0.9498207885304659
ACT	67	3300029719.a:Ga0245179_1000082_60	164	8.9e-17	2	66	4	68	0.9552238805970149
HTH_1	60	3300029719.a:Ga0245179_1000082_62	315	5e-20	1	58	24	81	0.95
LysR_substrate	209	3300029719.a:Ga0245179_1000082_62	315	4.2e-18	31	205	137	309	0.8325358851674641
SBP_bac_5	377	3300029719.a:Ga0245179_1000082_69	552	6.2e-21	3	162	165	306	0.4217506631299735
SBP_bac_1	315	3300029719.a:Ga0245179_1000082_70	328	3.1e-18	14	314	40	272	0.9523809523809523
AraC_binding	136	3300029719.a:Ga0245179_1000082_74	293	8.9e-29	4	136	23	160	0.9705882352941176
HTH_18	81	3300029719.a:Ga0245179_1000082_74	293	5.8e-22	1	80	200	278	0.9753086419753086
HTH_1	60	3300029719.a:Ga0245179_1000103_1	295	1e-23	1	60	9	68	0.9833333333333333
LysR_substrate	209	3300029719.a:Ga0245179_1000103_1	295	1.9e-39	2	203	93	291	0.9617224880382775
HTH_3	55	3300029719.a:Ga0245179_1000103_107	338	1.9e-09	1	35	19	53	0.6181818181818182
PALP	294	3300029719.a:Ga0245179_1000103_11	324	3.8e-71	3	293	10	300	0.9863945578231292
Rhodanese	107	3300029719.a:Ga0245179_1000103_112	282	1.7e-20	2	106	9	128	0.9719626168224299
Rhodanese	107	3300029719.a:Ga0245179_1000103_112	282	1.8e-15	10	105	165	270	0.8878504672897196
PTS-HPr	82	3300029719.a:Ga0245179_1000103_12	86	1.3e-30	2	81	3	82	0.9634146341463414
Rrf2	83	3300029719.a:Ga0245179_1000103_122	163	3.1e-29	1	83	1	83	0.9879518072289156
HTH_1	60	3300029719.a:Ga0245179_1000103_128	297	1e-25	1	60	3	62	0.9833333333333333
LysR_substrate	209	3300029719.a:Ga0245179_1000103_128	297	1.5e-45	4	208	88	291	0.9760765550239234
Pyr_redox_2	292	3300029719.a:Ga0245179_1000103_133	401	3.1e-53	2	292	5	299	0.9931506849315068
Peripla_BP_1	279	3300029719.a:Ga0245179_1000103_139	328	7.3e-19	3	279	32	312	0.989247311827957
TPR_1	34	3300029719.a:Ga0245179_1000103_140	1094	8.1e-05	7	28	541	562	0.6176470588235294
MarR	59	3300029719.a:Ga0245179_1000103_141	398	2.1e-06	4	43	14	53	0.6610169491525424
Aminotran_1_2	363	3300029719.a:Ga0245179_1000103_142	418	2.2e-12	55	350	84	368	0.8126721763085399
Response_reg	112	3300029719.a:Ga0245179_1000103_145	445	5.1e-32	2	111	9	117	0.9732142857142857
AAA	132	3300029719.a:Ga0245179_1000103_145	445	2.9e-06	1	127	160	292	0.9545454545454546
HisKA	64	3300029719.a:Ga0245179_1000103_147	461	2e-16	2	63	235	301	0.953125
HATPase_c	111	3300029719.a:Ga0245179_1000103_147	461	2.2e-18	4	109	348	455	0.9459459459459459
SBP_bac_3	225	3300029719.a:Ga0245179_1000103_149	519	8e-33	10	225	52	268	0.9555555555555556
PfkB	302	3300029719.a:Ga0245179_1000103_15	284	4.3e-15	165	282	136	256	0.38741721854304634
HTH_6	77	3300029719.a:Ga0245179_1000103_152	283	3.4e-32	1	77	1	77	0.987012987012987
SIS	131	3300029719.a:Ga0245179_1000103_152	283	5.4e-33	1	131	128	258	0.9923664122137404
Fer4	24	3300029719.a:Ga0245179_1000103_153	87	4.4e-08	5	24	6	25	0.7916666666666666
RseA_N	87	3300029719.a:Ga0245179_1000103_163	217	7.2e-39	1	87	1	87	0.9885057471264368
Sigma70_r2	71	3300029719.a:Ga0245179_1000103_164	192	4.6e-20	1	70	25	91	0.971830985915493
Sigma70_r4_2	54	3300029719.a:Ga0245179_1000103_164	192	4.8e-21	2	53	129	180	0.9444444444444444
Pyr_redox_2	292	3300029719.a:Ga0245179_1000103_165	541	1.1e-07	2	110	10	209	0.3698630136986301
HTH_1	60	3300029719.a:Ga0245179_1000103_168	294	6.4e-18	1	60	3	62	0.9833333333333333
LysR_substrate	209	3300029719.a:Ga0245179_1000103_168	294	4.4e-45	3	207	87	289	0.9760765550239234
PALP	294	3300029719.a:Ga0245179_1000103_18	304	1e-70	2	294	5	281	0.9931972789115646
SBP_bac_1	315	3300029719.a:Ga0245179_1000103_22	339	3e-21	5	314	37	277	0.9809523809523809
HTH_6	77	3300029719.a:Ga0245179_1000103_24	286	1.3e-30	1	76	1	76	0.974025974025974
SIS	131	3300029719.a:Ga0245179_1000103_24	286	2.7e-23	2	130	132	260	0.9770992366412213
SIS	131	3300029719.a:Ga0245179_1000103_25	299	1.7e-10	50	128	128	208	0.5954198473282443
PTS_EIIC	324	3300029719.a:Ga0245179_1000103_26	475	3e-43	3	324	120	401	0.9907407407407407
HTH_18	81	3300029719.a:Ga0245179_1000103_34	351	5.3e-25	1	79	262	342	0.9629629629629629
HTH_IclR	52	3300029719.a:Ga0245179_1000103_35	167	7.8e-05	7	50	113	156	0.8269230769230769
HTH_1	60	3300029719.a:Ga0245179_1000103_5	309	1.3e-24	1	60	5	64	0.9833333333333333
LysR_substrate	209	3300029719.a:Ga0245179_1000103_5	309	3.8e-47	2	207	89	292	0.9808612440191388
NUDIX	131	3300029719.a:Ga0245179_1000103_55	192	2.9e-11	3	115	45	163	0.8549618320610687
Fer4	24	3300029719.a:Ga0245179_1000103_56	660	1.1e-08	1	21	80	100	0.8333333333333334
Pyr_redox_2	292	3300029719.a:Ga0245179_1000103_56	660	1.5e-25	1	292	328	640	0.9965753424657534
HATPase_c	111	3300029719.a:Ga0245179_1000103_57	567	1.2e-11	4	107	468	555	0.9279279279279279
ACT	67	3300029719.a:Ga0245179_1000103_69	191	4.3e-09	2	66	97	166	0.9552238805970149
Fer4	24	3300029719.a:Ga0245179_1000103_71	206	3.7e-11	2	24	76	98	0.9166666666666666
Fer4	24	3300029719.a:Ga0245179_1000103_78	182	1.5e-07	4	24	36	56	0.8333333333333334
Fer4	24	3300029719.a:Ga0245179_1000103_78	182	3.2e-10	6	24	73	91	0.75
GAF	133	3300029719.a:Ga0245179_1000103_81	671	4.3e-14	1	133	169	311	0.9924812030075187
AAA	132	3300029719.a:Ga0245179_1000103_81	671	1.4e-07	1	115	371	495	0.8636363636363636
HTH_8	42	3300029719.a:Ga0245179_1000103_81	671	1.3e-06	4	42	621	662	0.9047619047619048
Pribosyltran	159	3300029719.a:Ga0245179_1000103_88	209	2e-14	24	130	64	166	0.6666666666666666
MASE1	300	3300029719.a:Ga0245179_1000103_93	748	2.6e-69	1	300	15	320	0.9966666666666667
EAL	238	3300029719.a:Ga0245179_1000103_93	748	2.7e-68	2	238	498	730	0.9915966386554622
CBS	57	3300029719.a:Ga0245179_1000103_99	489	5.8e-11	7	52	95	140	0.7894736842105263
CBS	57	3300029719.a:Ga0245179_1000103_99	489	1.6e-06	5	52	153	202	0.8245614035087719
Pyr_redox_2	292	3300029719.a:Ga0245179_1000114_108	423	5.1e-09	4	117	7	165	0.386986301369863
NIR_SIR_ferr	69	3300029719.a:Ga0245179_1000114_111	571	1.6e-14	11	67	81	138	0.8115942028985508
NIR_SIR	159	3300029719.a:Ga0245179_1000114_111	571	1.1e-49	2	159	173	331	0.9874213836477987
NIR_SIR_ferr	69	3300029719.a:Ga0245179_1000114_111	571	1.1e-16	7	68	355	417	0.8840579710144928
CbiA	128	3300029719.a:Ga0245179_1000114_124	202	4e-05	6	99	35	120	0.7265625
Peptidase_M23	96	3300029719.a:Ga0245179_1000114_132	380	1.3e-33	3	96	279	372	0.96875
Sigma70_r2	71	3300029719.a:Ga0245179_1000114_133	331	3.8e-23	1	70	94	163	0.971830985915493
Sigma70_r3	78	3300029719.a:Ga0245179_1000114_133	331	1.3e-22	2	76	174	248	0.9487179487179487
Sigma70_r4	50	3300029719.a:Ga0245179_1000114_133	331	2.8e-17	1	50	262	315	0.98
HTH_DeoR	57	3300029719.a:Ga0245179_1000114_139	256	2.3e-18	1	54	6	59	0.9298245614035088
DeoRC	160	3300029719.a:Ga0245179_1000114_139	256	5.3e-53	3	159	76	231	0.975
GAF	133	3300029719.a:Ga0245179_1000114_144	693	2.2e-14	1	133	202	344	0.9924812030075187
AAA	132	3300029719.a:Ga0245179_1000114_144	693	1e-07	1	112	405	525	0.8409090909090909
HTH_8	42	3300029719.a:Ga0245179_1000114_144	693	3.2e-07	6	42	645	684	0.8571428571428571
Fer4	24	3300029719.a:Ga0245179_1000114_151	204	9.7e-09	2	24	76	98	0.9166666666666666
Fer4	24	3300029719.a:Ga0245179_1000114_155	181	6.9e-09	4	24	36	56	0.8333333333333334
Fer4	24	3300029719.a:Ga0245179_1000114_155	181	3.4e-10	3	24	70	91	0.875
PTS_EIIC	324	3300029719.a:Ga0245179_1000114_160	486	3.8e-44	3	324	113	396	0.9907407407407407
LacI	46	3300029719.a:Ga0245179_1000114_161	338	1.9e-23	1	46	4	49	0.9782608695652174
Peripla_BP_3	164	3300029719.a:Ga0245179_1000114_161	338	1.8e-36	1	163	172	331	0.9878048780487805
Fer4	24	3300029719.a:Ga0245179_1000114_162	176	6.7e-05	3	18	7	22	0.625
Fer4	24	3300029719.a:Ga0245179_1000114_162	176	6.5e-10	2	23	83	104	0.875
Pyr_redox_2	292	3300029719.a:Ga0245179_1000114_164	378	5.7e-54	3	277	5	278	0.9383561643835616
GAF	133	3300029719.a:Ga0245179_1000114_166	505	1.7e-11	4	127	23	154	0.924812030075188
AAA	132	3300029719.a:Ga0245179_1000114_166	505	1.8e-07	1	126	211	342	0.946969696969697
SIS	131	3300029719.a:Ga0245179_1000114_167	322	4.8e-31	2	130	39	169	0.9770992366412213
CBS	57	3300029719.a:Ga0245179_1000114_167	322	5.5e-06	18	51	282	315	0.5789473684210527
HTH_DeoR	57	3300029719.a:Ga0245179_1000114_168	258	2.2e-23	1	56	6	61	0.9649122807017544
DeoRC	160	3300029719.a:Ga0245179_1000114_168	258	3.8e-54	2	159	74	231	0.98125
CsrA	53	3300029719.a:Ga0245179_1000114_179	62	2.8e-29	1	52	1	52	0.9622641509433962
Response_reg	112	3300029719.a:Ga0245179_1000114_18	148	2.6e-05	58	111	2	55	0.4732142857142857
GerE	57	3300029719.a:Ga0245179_1000114_18	148	5.8e-24	2	56	84	138	0.9473684210526315
Trans_reg_C	77	3300029719.a:Ga0245179_1000114_21	459	1.6e-14	2	77	28	101	0.974025974025974
TPR_2	34	3300029719.a:Ga0245179_1000114_21	459	1e-06	2	33	373	404	0.9117647058823529
TPR_3	36	3300029719.a:Ga0245179_1000114_22	164	4.9e-13	1	36	40	73	0.9722222222222222
TPR_3	36	3300029719.a:Ga0245179_1000114_22	164	5.5e-13	1	36	74	107	0.9722222222222222
Trans_reg_C	77	3300029719.a:Ga0245179_1000114_27	270	4.1e-11	4	76	28	102	0.935064935064935
GerE	57	3300029719.a:Ga0245179_1000114_29	211	2.4e-07	2	46	151	195	0.7719298245614035
HTH_1	60	3300029719.a:Ga0245179_1000114_36	312	6.1e-19	1	59	6	64	0.9666666666666667
LysR_substrate	209	3300029719.a:Ga0245179_1000114_36	312	7.3e-45	4	207	92	293	0.9712918660287081
LacI	46	3300029719.a:Ga0245179_1000114_38	344	7.8e-23	1	46	3	48	0.9782608695652174
Peripla_BP_3	164	3300029719.a:Ga0245179_1000114_38	344	4.6e-38	1	164	168	329	0.9939024390243902
NUDIX	131	3300029719.a:Ga0245179_1000114_46	177	5.6e-29	2	130	7	146	0.9770992366412213
GAF	133	3300029719.a:Ga0245179_1000114_47	749	6.6e-17	2	131	18	152	0.9699248120300752
HTH_1	60	3300029719.a:Ga0245179_1000114_65	306	1.3e-23	1	60	8	67	0.9833333333333333
LysR_substrate	209	3300029719.a:Ga0245179_1000114_65	306	5.6e-44	3	208	91	292	0.9808612440191388
HTH_DeoR	57	3300029719.a:Ga0245179_1000114_68	244	2.3e-23	1	56	5	60	0.9649122807017544
DeoRC	160	3300029719.a:Ga0245179_1000114_68	244	1.8e-46	2	160	76	233	0.9875
HisKA	64	3300029719.a:Ga0245179_1000114_88	919	2.4e-22	2	64	293	357	0.96875
HATPase_c	111	3300029719.a:Ga0245179_1000114_88	919	4.3e-34	1	110	404	519	0.9819819819819819
Response_reg	112	3300029719.a:Ga0245179_1000114_88	919	3.7e-31	1	110	670	780	0.9732142857142857
GerE	57	3300029719.a:Ga0245179_1000114_9	167	5.7e-08	3	54	96	146	0.8947368421052632
ACT	67	3300029719.a:Ga0245179_1000114_90	745	2.9e-11	2	66	668	733	0.9552238805970149
Aminotran_1_2	363	3300029719.a:Ga0245179_1000129_104	362	5.7e-11	46	259	52	232	0.5867768595041323
GntR	64	3300029719.a:Ga0245179_1000129_105	244	1.5e-25	1	64	12	75	0.984375
PfkB	302	3300029719.a:Ga0245179_1000129_106	262	3.6e-40	35	295	23	260	0.8609271523178808
SIS	131	3300029719.a:Ga0245179_1000129_108	341	2.9e-09	5	107	44	146	0.7786259541984732
SIS	131	3300029719.a:Ga0245179_1000129_108	341	2.1e-07	4	87	207	292	0.6335877862595419
Pyr_redox_2	292	3300029719.a:Ga0245179_1000129_114	848	3.7e-53	2	277	5	292	0.9417808219178082
NIR_SIR_ferr	69	3300029719.a:Ga0245179_1000129_114	848	1.1e-13	3	68	560	622	0.9420289855072463
NIR_SIR	159	3300029719.a:Ga0245179_1000129_114	848	7.7e-17	3	142	633	757	0.8742138364779874
Aminotran_1_2	363	3300029719.a:Ga0245179_1000129_120	407	4.3e-08	104	306	155	338	0.5564738292011019
cNMP_binding	88	3300029719.a:Ga0245179_1000129_122	211	7e-26	3	87	23	109	0.9545454545454546
Crp	32	3300029719.a:Ga0245179_1000129_122	211	1.9e-17	1	32	166	197	0.96875
HTH_7	45	3300029719.a:Ga0245179_1000129_134	241	1e-05	14	41	194	226	0.6
HMA	62	3300029719.a:Ga0245179_1000129_14	733	1.2e-13	3	61	53	109	0.9354838709677419
NUDIX	131	3300029719.a:Ga0245179_1000129_158	258	1.7e-19	7	116	132	234	0.8320610687022901
HisKA	64	3300029719.a:Ga0245179_1000129_165	466	5.8e-15	1	60	244	306	0.921875
HATPase_c	111	3300029719.a:Ga0245179_1000129_165	466	2.5e-27	2	110	353	457	0.972972972972973
Response_reg	112	3300029719.a:Ga0245179_1000129_166	442	2.5e-32	1	111	8	117	0.9821428571428571
AAA	132	3300029719.a:Ga0245179_1000129_166	442	4.3e-07	1	126	165	296	0.946969696969697
HTH_8	42	3300029719.a:Ga0245179_1000129_166	442	4e-17	3	41	403	441	0.9047619047619048
CbiA	128	3300029719.a:Ga0245179_1000129_19	498	6e-05	9	73	303	375	0.5
Sigma70_r2	71	3300029719.a:Ga0245179_1000129_22	285	1.2e-18	1	70	53	122	0.971830985915493
Sigma70_r4	50	3300029719.a:Ga0245179_1000129_22	285	7e-19	1	50	228	280	0.98
SBP_bac_1	315	3300029719.a:Ga0245179_1000129_30	439	1.9e-40	10	314	41	337	0.9650793650793651
LacI	46	3300029719.a:Ga0245179_1000129_44	332	6.4e-20	2	46	8	52	0.9565217391304348
Peripla_BP_1	279	3300029719.a:Ga0245179_1000129_44	332	9.2e-33	2	259	64	309	0.921146953405018
SKI	158	3300029719.a:Ga0245179_1000129_45	176	2.8e-14	1	157	17	171	0.9873417721518988
Rhodanese	107	3300029719.a:Ga0245179_1000129_56	109	4.7e-15	4	106	11	98	0.9532710280373832
HTH_DeoR	57	3300029719.a:Ga0245179_1000129_58	253	8.6e-28	1	56	6	61	0.9649122807017544
DeoRC	160	3300029719.a:Ga0245179_1000129_58	253	8.8e-58	2	159	74	231	0.98125
AAA	132	3300029719.a:Ga0245179_1000129_59	533	2.1e-09	1	100	211	321	0.75
GerE	57	3300029719.a:Ga0245179_1000129_62	902	7.1e-22	2	57	835	890	0.9649122807017544
SBP_bac_5	377	3300029719.a:Ga0245179_1000129_7	525	1.3e-94	2	369	68	433	0.9734748010610079
TrmB	68	3300029719.a:Ga0245179_1000129_70	79	4e-08	18	59	11	53	0.6029411764705882
FeoA	74	3300029719.a:Ga0245179_1000129_72	76	3.7e-10	8	73	5	71	0.8783783783783784
Response_reg	112	3300029719.a:Ga0245179_1000129_75	240	1.4e-31	1	112	7	117	0.9910714285714286
Trans_reg_C	77	3300029719.a:Ga0245179_1000129_75	240	2.4e-24	2	77	157	232	0.974025974025974
HisKA	64	3300029719.a:Ga0245179_1000129_76	451	2.3e-12	3	60	235	289	0.890625
HATPase_c	111	3300029719.a:Ga0245179_1000129_76	451	3.9e-21	6	109	337	438	0.9279279279279279
NUDIX	131	3300029719.a:Ga0245179_1000129_83	187	3.9e-15	2	109	46	150	0.816793893129771
SKI	158	3300029719.a:Ga0245179_1000129_90	174	1.1e-58	1	157	13	170	0.9873417721518988
HTH_1	60	3300029719.a:Ga0245179_1000133_113	308	4.5e-18	1	60	7	66	0.9833333333333333
LysR_substrate	209	3300029719.a:Ga0245179_1000133_113	308	2.4e-38	2	208	91	295	0.9856459330143541
GAF	133	3300029719.a:Ga0245179_1000133_118	342	4.1e-08	69	131	82	152	0.46616541353383456
GGDEF	161	3300029719.a:Ga0245179_1000133_118	342	2.2e-43	2	160	175	330	0.9813664596273292
AraC_binding	136	3300029719.a:Ga0245179_1000133_122	273	5.5e-07	5	79	21	95	0.5441176470588235
HTH_18	81	3300029719.a:Ga0245179_1000133_122	273	1.3e-19	1	80	179	256	0.9753086419753086
dCache_1	249	3300029719.a:Ga0245179_1000133_125	497	4.9e-07	78	167	156	249	0.357429718875502
GGDEF	161	3300029719.a:Ga0245179_1000133_125	497	1.8e-41	3	160	346	494	0.9751552795031055
GGDEF	161	3300029719.a:Ga0245179_1000133_126	492	3.2e-46	1	161	328	485	0.9937888198757764
Peripla_BP_1	279	3300029719.a:Ga0245179_1000133_13	330	2.6e-98	2	278	26	319	0.989247311827957
PfkB	302	3300029719.a:Ga0245179_1000133_139	318	5.6e-72	3	299	5	302	0.9801324503311258
HTH_DeoR	57	3300029719.a:Ga0245179_1000133_141	253	2.8e-19	1	55	6	60	0.9473684210526315
DeoRC	160	3300029719.a:Ga0245179_1000133_141	253	1.9e-50	3	160	77	233	0.98125
Nitroreductase	170	3300029719.a:Ga0245179_1000133_146	184	5.7e-29	3	169	9	161	0.9764705882352941
NUDIX	131	3300029719.a:Ga0245179_1000133_152	136	1.2e-23	5	131	5	125	0.9618320610687023
Rhodanese	107	3300029719.a:Ga0245179_1000133_154	436	2.5e-05	7	99	34	128	0.8598130841121495
Rhodanese	107	3300029719.a:Ga0245179_1000133_154	436	1.1e-13	23	106	179	263	0.7757009345794392
Rhodanese	107	3300029719.a:Ga0245179_1000133_154	436	1.8e-13	3	106	297	418	0.9626168224299065
SBP_bac_1	315	3300029719.a:Ga0245179_1000133_157	389	1.9e-07	19	314	57	326	0.9365079365079365
Aminotran_1_2	363	3300029719.a:Ga0245179_1000133_163	407	1.8e-08	61	327	78	361	0.7327823691460055
CheY-binding	63	3300029719.a:Ga0245179_1000133_23	655	5e-20	1	63	161	223	0.9841269841269841
H-kinase_dim	69	3300029719.a:Ga0245179_1000133_23	655	1.4e-19	2	69	262	324	0.9710144927536232
HATPase_c	111	3300029719.a:Ga0245179_1000133_23	655	8.5e-20	4	110	372	508	0.954954954954955
CheW	138	3300029719.a:Ga0245179_1000133_23	655	4.4e-29	2	133	514	640	0.9492753623188406
CheW	138	3300029719.a:Ga0245179_1000133_24	168	8.2e-38	1	137	18	154	0.9855072463768116
MCPsignal	172	3300029719.a:Ga0245179_1000133_25	554	1.9e-62	1	172	325	482	0.9941860465116279
MCPsignal	172	3300029719.a:Ga0245179_1000133_26	534	1.6e-56	1	172	323	480	0.9941860465116279
CheR_N	53	3300029719.a:Ga0245179_1000133_27	287	3.3e-20	2	53	26	77	0.9622641509433962
CheR	195	3300029719.a:Ga0245179_1000133_27	287	1.4e-64	1	193	92	280	0.9846153846153847
Response_reg	112	3300029719.a:Ga0245179_1000133_28	350	9.6e-27	1	102	6	109	0.9017857142857143
CheB_methylest	170	3300029719.a:Ga0245179_1000133_28	350	3.1e-64	1	170	159	337	0.9941176470588236
Response_reg	112	3300029719.a:Ga0245179_1000133_29	130	6.8e-34	2	111	9	120	0.9732142857142857
CheZ	202	3300029719.a:Ga0245179_1000133_30	215	7.2e-79	3	202	17	214	0.9851485148514851
NUDIX	131	3300029719.a:Ga0245179_1000133_46	170	2.1e-19	2	130	27	163	0.9770992366412213
AAA	132	3300029719.a:Ga0245179_1000133_51	337	1.9e-21	1	130	58	181	0.9772727272727273
Peptidase_M23	96	3300029719.a:Ga0245179_1000133_55	441	4.9e-35	2	96	313	407	0.9791666666666666
HTH_6	77	3300029719.a:Ga0245179_1000133_58	290	6.9e-35	1	76	1	76	0.974025974025974
SIS	131	3300029719.a:Ga0245179_1000133_58	290	5.5e-30	1	130	124	252	0.9847328244274809
GAF	133	3300029719.a:Ga0245179_1000133_81	184	9e-11	12	132	53	168	0.9022556390977443
HTH_IclR	52	3300029719.a:Ga0245179_1000133_86	264	2.4e-15	1	52	15	65	0.9807692307692307
IclR	129	3300029719.a:Ga0245179_1000133_86	264	1.4e-50	2	128	129	254	0.9767441860465116
EAL	238	3300029719.a:Ga0245179_1000133_97	533	2.8e-60	3	238	272	501	0.9873949579831933
NUDIX	131	3300029719.a:Ga0245179_1000133_99	193	1.4e-16	2	115	30	143	0.8625954198473282
PAS	113	3300029719.a:Ga0245179_1000135_100	507	1.2e-08	14	106	21	111	0.8141592920353983
MCPsignal	172	3300029719.a:Ga0245179_1000135_100	507	6e-48	3	169	319	471	0.9651162790697675
LacI	46	3300029719.a:Ga0245179_1000135_103	328	1.1e-19	1	45	3	49	0.9565217391304348
Peripla_BP_3	164	3300029719.a:Ga0245179_1000135_103	328	1.7e-32	3	164	168	326	0.9817073170731707
Pyr_redox_2	292	3300029719.a:Ga0245179_1000135_109	673	1.1e-26	2	243	376	635	0.8253424657534246
HTH_3	55	3300029719.a:Ga0245179_1000135_110	139	4.8e-09	1	54	84	135	0.9636363636363636
Aminotran_1_2	363	3300029719.a:Ga0245179_1000135_12	391	5.2e-56	2	362	44	384	0.9917355371900827
GntR	64	3300029719.a:Ga0245179_1000135_122	259	1.7e-24	1	64	9	72	0.984375
HTH_1	60	3300029719.a:Ga0245179_1000135_133	299	5.3e-18	1	60	9	68	0.9833333333333333
LysR_substrate	209	3300029719.a:Ga0245179_1000135_133	299	2.8e-20	5	192	96	280	0.8947368421052632
PALP	294	3300029719.a:Ga0245179_1000135_143	330	7.6e-81	5	294	25	312	0.9829931972789115
HTH_1	60	3300029719.a:Ga0245179_1000135_144	313	9.1e-20	2	60	10	68	0.9666666666666667
LysR_substrate	209	3300029719.a:Ga0245179_1000135_144	313	1.7e-33	7	206	98	296	0.9521531100478469
HTH_DeoR	57	3300029719.a:Ga0245179_1000135_154	270	7.1e-23	1	57	18	74	0.9824561403508771
DeoRC	160	3300029719.a:Ga0245179_1000135_154	270	3.9e-58	2	160	89	247	0.9875
SIS	131	3300029719.a:Ga0245179_1000135_161	385	7.9e-33	1	130	48	188	0.9847328244274809
SIS	131	3300029719.a:Ga0245179_1000135_161	385	3.8e-26	2	131	221	357	0.9847328244274809
Fer4	24	3300029719.a:Ga0245179_1000135_30	329	0.0001	3	18	42	57	0.625
Fer4	24	3300029719.a:Ga0245179_1000135_30	329	8.2e-08	2	23	139	160	0.875
HTH_18	81	3300029719.a:Ga0245179_1000135_43	319	1.9e-23	1	77	232	307	0.9382716049382716
SBP_bac_5	377	3300029719.a:Ga0245179_1000135_52	536	2.6e-81	1	374	75	453	0.9893899204244032
HTH_3	55	3300029719.a:Ga0245179_1000135_53	132	1.3e-05	3	44	76	117	0.7454545454545455
GyrI-like	155	3300029719.a:Ga0245179_1000135_55	161	4.7e-33	2	154	7	159	0.9806451612903225
Response_reg	112	3300029719.a:Ga0245179_1000135_57	220	8.3e-24	1	111	3	112	0.9821428571428571
Trans_reg_C	77	3300029719.a:Ga0245179_1000135_57	220	1.1e-24	1	77	145	216	0.987012987012987
HisKA	64	3300029719.a:Ga0245179_1000135_58	450	3.9e-14	3	63	238	301	0.9375
HATPase_c	111	3300029719.a:Ga0245179_1000135_58	450	3.3e-18	6	100	353	442	0.8468468468468469
HATPase_c	111	3300029719.a:Ga0245179_1000135_61	631	3.5e-18	2	109	28	171	0.963963963963964
NUDIX	131	3300029719.a:Ga0245179_1000135_65	210	1.5e-13	5	116	59	179	0.8473282442748091
GntR	64	3300029719.a:Ga0245179_1000135_7	255	1.4e-15	4	62	11	69	0.90625
PfkB	302	3300029719.a:Ga0245179_1000135_81	478	5.4e-62	3	300	12	305	0.9834437086092715
CYTH	179	3300029719.a:Ga0245179_1000135_83	434	6e-41	2	179	3	196	0.9888268156424581
HD	122	3300029719.a:Ga0245179_1000135_85	413	3.4e-14	2	121	229	328	0.9754098360655737
HTH_1	60	3300029719.a:Ga0245179_1000135_89	311	2.9e-17	2	60	9	67	0.9666666666666667
LysR_substrate	209	3300029719.a:Ga0245179_1000135_89	311	9.5e-37	3	208	93	296	0.9808612440191388
Sigma70_r2	71	3300029719.a:Ga0245179_1000135_96	614	1.8e-23	1	70	379	448	0.971830985915493
Sigma70_r3	78	3300029719.a:Ga0245179_1000135_96	614	3.8e-31	1	76	458	533	0.9615384615384616
Sigma70_r4	50	3300029719.a:Ga0245179_1000135_96	614	1.1e-20	1	50	547	600	0.98
PadR	75	3300029719.a:Ga0245179_1000135_99	208	6.6e-18	1	74	67	136	0.9733333333333334
PTS_EIIC	324	3300029719.a:Ga0245179_1000140_1	357	8.5e-43	67	322	6	267	0.7870370370370371
PfkB	302	3300029719.a:Ga0245179_1000140_102	287	5e-12	175	284	130	248	0.3609271523178808
HhH-GPD	108	3300029719.a:Ga0245179_1000140_106	212	2.4e-22	1	107	34	168	0.9814814814814815
Fer4	24	3300029719.a:Ga0245179_1000140_110	741	7.4e-06	6	21	375	390	0.625
Fer4	24	3300029719.a:Ga0245179_1000140_110	741	3.6e-06	7	22	415	430	0.625
FeS	33	3300029719.a:Ga0245179_1000140_111	193	1.5e-14	1	33	44	76	0.9696969696969697
Fer4	24	3300029719.a:Ga0245179_1000140_111	193	1.9e-09	2	23	111	132	0.875
Fer4	24	3300029719.a:Ga0245179_1000140_111	193	5e-08	2	24	141	163	0.9166666666666666
Aminotran_1_2	363	3300029719.a:Ga0245179_1000140_117	391	6e-62	3	360	30	379	0.9834710743801653
PTS_EIIC	324	3300029719.a:Ga0245179_1000140_118	531	1.6e-89	1	324	19	361	0.9969135802469136
LacI	46	3300029719.a:Ga0245179_1000140_119	343	9.2e-21	1	46	8	53	0.9782608695652174
Peripla_BP_1	279	3300029719.a:Ga0245179_1000140_119	343	1.8e-103	2	278	65	341	0.989247311827957
TetR_N	47	3300029719.a:Ga0245179_1000140_121	193	7.5e-20	1	47	12	58	0.9787234042553191
HisKA	64	3300029719.a:Ga0245179_1000140_131	434	1.4e-09	1	63	211	270	0.96875
HATPase_c	111	3300029719.a:Ga0245179_1000140_131	434	1.7e-21	6	109	320	423	0.9279279279279279
Response_reg	112	3300029719.a:Ga0245179_1000140_132	240	5.8e-22	1	111	4	112	0.9821428571428571
Trans_reg_C	77	3300029719.a:Ga0245179_1000140_132	240	8e-23	2	77	158	233	0.974025974025974
HTH_1	60	3300029719.a:Ga0245179_1000140_145	298	7e-24	1	60	5	64	0.9833333333333333
LysR_substrate	209	3300029719.a:Ga0245179_1000140_145	298	6.4e-48	1	208	88	296	0.9904306220095693
Fe_dep_repress	60	3300029719.a:Ga0245179_1000140_146	407	8.2e-05	12	53	20	61	0.6833333333333333
CbiA	128	3300029719.a:Ga0245179_1000140_147	232	5.7e-14	2	116	6	204	0.890625
PfkB	302	3300029719.a:Ga0245179_1000140_15	310	2.7e-67	6	299	12	296	0.9701986754966887
Fer4	24	3300029719.a:Ga0245179_1000140_151	206	4.3e-06	2	18	8	24	0.6666666666666666
Fer4	24	3300029719.a:Ga0245179_1000140_151	206	1.5e-09	1	23	92	114	0.9166666666666666
AraC_binding	136	3300029719.a:Ga0245179_1000140_3	280	1.3e-06	17	60	37	80	0.3161764705882353
HTH_18	81	3300029719.a:Ga0245179_1000140_3	280	1.4e-21	6	80	199	272	0.9135802469135802
EAL	238	3300029719.a:Ga0245179_1000140_31	238	4.4e-11	15	234	13	222	0.9201680672268907
AraC_binding	136	3300029719.a:Ga0245179_1000140_43	304	5.1e-14	8	135	27	157	0.9338235294117647
HTH_18	81	3300029719.a:Ga0245179_1000140_43	304	1.5e-20	1	81	202	281	0.9876543209876543
Fer4	24	3300029719.a:Ga0245179_1000140_65	209	2.5e-07	1	20	149	168	0.7916666666666666
Fer4	24	3300029719.a:Ga0245179_1000140_65	209	1.7e-09	6	24	181	199	0.75
Fer4	24	3300029719.a:Ga0245179_1000140_68	223	5.7e-06	2	18	40	56	0.6666666666666666
Fer4	24	3300029719.a:Ga0245179_1000140_68	223	1.7e-06	3	22	119	138	0.7916666666666666
Pyr_redox_2	292	3300029719.a:Ga0245179_1000140_71	535	1.4e-05	1	161	2	212	0.547945205479452
HTH_1	60	3300029719.a:Ga0245179_1000140_78	311	7.6e-22	4	59	7	62	0.9166666666666666
LysR_substrate	209	3300029719.a:Ga0245179_1000140_78	311	3.4e-27	2	206	88	290	0.9760765550239234
LacI	46	3300029719.a:Ga0245179_1000140_79	342	5.8e-21	1	46	3	48	0.9782608695652174
Peripla_BP_3	164	3300029719.a:Ga0245179_1000140_79	342	1.2e-42	2	164	171	331	0.9878048780487805
Glyoxalase	128	3300029719.a:Ga0245179_1000140_87	136	5.1e-27	2	128	3	123	0.984375
TetR_N	47	3300029719.a:Ga0245179_1000140_89	200	2.5e-12	1	43	13	55	0.8936170212765957
MarR	59	3300029719.a:Ga0245179_1000140_96	145	1.5e-20	1	58	29	87	0.9661016949152542
NUDIX	131	3300029719.a:Ga0245179_1000165_100	154	8.9e-21	2	116	4	114	0.8702290076335878
MerR	38	3300029719.a:Ga0245179_1000165_104	244	1.6e-15	1	38	5	42	0.9736842105263158
BLUF	92	3300029719.a:Ga0245179_1000165_105	404	2e-26	1	91	2	92	0.9782608695652174
EAL	238	3300029719.a:Ga0245179_1000165_105	404	5.5e-51	14	237	173	388	0.9369747899159664
EAL	238	3300029719.a:Ga0245179_1000165_109	508	2.1e-66	2	238	251	486	0.9915966386554622
CbiA	128	3300029719.a:Ga0245179_1000165_117	271	7.9e-22	1	128	5	227	0.9921875
GntR	64	3300029719.a:Ga0245179_1000165_129	240	6.2e-22	4	64	11	71	0.9375
Pyr_redox	81	3300029719.a:Ga0245179_1000165_131	433	6.1e-07	1	32	2	33	0.38271604938271603
TrkA_C	70	3300029719.a:Ga0245179_1000165_133	579	2.8e-13	6	69	421	483	0.9
PTS-HPr	82	3300029719.a:Ga0245179_1000165_140	473	9e-18	5	81	160	236	0.926829268292683
GAF	133	3300029719.a:Ga0245179_1000165_143	640	7.3e-06	4	131	55	187	0.9548872180451128
PAS	113	3300029719.a:Ga0245179_1000165_143	640	2.1e-15	2	113	204	306	0.9823008849557522
HTH_8	42	3300029719.a:Ga0245179_1000165_143	640	3.7e-16	3	42	589	628	0.9285714285714286
STAS	117	3300029719.a:Ga0245179_1000165_149	551	7.2e-14	4	115	444	544	0.9487179487179487
Pribosyltran	159	3300029719.a:Ga0245179_1000165_150	338	4.5e-21	27	122	182	270	0.5974842767295597
Rhodanese	107	3300029719.a:Ga0245179_1000165_22	351	9e-16	2	106	138	233	0.9719626168224299
Pyr_redox_2	292	3300029719.a:Ga0245179_1000165_26	373	6.4e-05	1	112	3	207	0.3801369863013699
PTS_EIIC	324	3300029719.a:Ga0245179_1000165_67	478	7.3e-87	1	324	13	320	0.9969135802469136
Pyr_redox_2	292	3300029719.a:Ga0245179_1000165_75	435	1.3e-74	1	292	6	338	0.9965753424657534
TetR_N	47	3300029719.a:Ga0245179_1000165_77	232	2.2e-17	2	47	46	91	0.9574468085106383
GerE	57	3300029719.a:Ga0245179_1000165_8	217	2.1e-22	2	57	155	210	0.9649122807017544
Glucokinase	316	3300029719.a:Ga0245179_1000165_85	304	3e-11	4	265	6	256	0.8259493670886076
SBP_bac_1	315	3300029719.a:Ga0245179_1000165_89	349	3.8e-15	13	314	41	284	0.9555555555555556
HisKA	64	3300029719.a:Ga0245179_1000165_95	487	1.4e-05	6	64	272	330	0.90625
HATPase_c	111	3300029719.a:Ga0245179_1000165_95	487	4.1e-13	3	97	376	466	0.8468468468468469
Response_reg	112	3300029719.a:Ga0245179_1000165_96	224	2.8e-27	1	111	3	112	0.9821428571428571
Trans_reg_C	77	3300029719.a:Ga0245179_1000165_96	224	1.7e-21	2	77	146	220	0.974025974025974
HTH_1	60	3300029719.a:Ga0245179_1000205_10	320	6.7e-15	1	57	10	66	0.9333333333333333
LysR_substrate	209	3300029719.a:Ga0245179_1000205_10	320	7.4e-18	17	206	108	313	0.9043062200956937
Aminotran_1_2	363	3300029719.a:Ga0245179_1000205_103	399	3.9e-81	2	363	43	387	0.9944903581267218
Peptidase_M23	96	3300029719.a:Ga0245179_1000205_107	420	5.9e-28	3	96	320	413	0.96875
Rhodanese	107	3300029719.a:Ga0245179_1000205_109	144	9.4e-19	3	105	43	133	0.9532710280373832
GntR	64	3300029719.a:Ga0245179_1000205_116	259	5.5e-24	1	64	8	71	0.984375
PTS_EIIC	324	3300029719.a:Ga0245179_1000205_122	638	2.1e-22	1	324	17	277	0.9969135802469136
Aminotran_1_2	363	3300029719.a:Ga0245179_1000205_13	472	2.1e-05	32	189	66	229	0.4325068870523416
AAA	132	3300029719.a:Ga0245179_1000205_18	468	1.5e-07	2	111	169	270	0.8257575757575758
HATPase_c	111	3300029719.a:Ga0245179_1000205_21	805	1.7e-23	2	110	32	174	0.972972972972973
GntR	64	3300029719.a:Ga0245179_1000205_25	230	5.1e-16	3	64	7	68	0.953125
Pyr_redox_2	292	3300029719.a:Ga0245179_1000205_30	355	1.2e-05	1	109	4	159	0.3698630136986301
TrkA_C	70	3300029719.a:Ga0245179_1000205_35	554	8e-09	8	65	212	270	0.8142857142857143
TrkA_C	70	3300029719.a:Ga0245179_1000205_35	554	8.7e-13	2	70	291	360	0.9714285714285714
GntR	64	3300029719.a:Ga0245179_1000205_36	239	4.9e-23	2	63	3	64	0.953125
PTS_EIIC	324	3300029719.a:Ga0245179_1000205_37	539	1.9e-75	2	323	10	346	0.9907407407407407
AraC_binding	136	3300029719.a:Ga0245179_1000205_40	298	1.6e-08	27	90	65	128	0.4632352941176471
HTH_18	81	3300029719.a:Ga0245179_1000205_40	298	7.9e-19	2	80	207	284	0.9629629629629629
ACT	67	3300029719.a:Ga0245179_1000205_51	97	6e-12	2	66	10	73	0.9552238805970149
Response_reg	112	3300029719.a:Ga0245179_1000205_52	197	2.7e-26	1	111	4	112	0.9821428571428571
GerE	57	3300029719.a:Ga0245179_1000205_52	197	6.7e-25	2	55	137	190	0.9298245614035088
MASE1	300	3300029719.a:Ga0245179_1000205_53	501	7.9e-16	3	299	12	276	0.9866666666666667
HATPase_c	111	3300029719.a:Ga0245179_1000205_53	501	1.4e-08	4	109	412	497	0.9459459459459459
HD	122	3300029719.a:Ga0245179_1000205_71	703	6.1e-15	1	122	45	144	0.9918032786885246
Pribosyltran	159	3300029719.a:Ga0245179_1000205_79	214	1.4e-13	13	129	48	159	0.7295597484276729
TetR_N	47	3300029719.a:Ga0245179_1000205_80	199	5.4e-11	5	46	20	61	0.8723404255319149
HTH_1	60	3300029719.a:Ga0245179_1000211_10	325	5e-14	2	59	9	66	0.95
LysR_substrate	209	3300029719.a:Ga0245179_1000211_10	325	5.1e-19	5	207	95	303	0.9665071770334929
DctP	286	3300029719.a:Ga0245179_1000211_16	329	3.7e-106	1	285	30	312	0.993006993006993
HTH_IclR	52	3300029719.a:Ga0245179_1000211_21	283	4.6e-16	1	50	25	74	0.9423076923076923
IclR	129	3300029719.a:Ga0245179_1000211_21	283	5.8e-47	2	128	143	268	0.9767441860465116
Fer4	24	3300029719.a:Ga0245179_1000211_22	158	4.1e-09	3	23	84	104	0.8333333333333334
Aminotran_1_2	363	3300029719.a:Ga0245179_1000211_23	418	7.5e-23	126	348	165	391	0.6115702479338843
Peripla_BP_3	164	3300029719.a:Ga0245179_1000211_26	393	2.1e-39	3	164	113	277	0.9817073170731707
HTH_18	81	3300029719.a:Ga0245179_1000211_26	393	2.4e-21	3	79	309	384	0.9382716049382716
Peripla_BP_1	279	3300029719.a:Ga0245179_1000211_29	331	9.7e-15	23	214	47	244	0.6845878136200717
Peripla_BP_3	164	3300029719.a:Ga0245179_1000211_29	331	2.4e-07	66	152	200	292	0.524390243902439
HTH_3	55	3300029719.a:Ga0245179_1000211_42	97	1.5e-07	1	43	38	80	0.7636363636363637
SBP_bac_5	377	3300029719.a:Ga0245179_1000211_52	536	4.6e-110	1	375	73	453	0.9920424403183024
TPR_2	34	3300029719.a:Ga0245179_1000211_68	1158	9.1e-07	2	33	304	335	0.9117647058823529
GGDEF	161	3300029719.a:Ga0245179_1000211_69	650	2.8e-13	6	161	234	381	0.9627329192546584
EAL	238	3300029719.a:Ga0245179_1000211_69	650	6.3e-62	3	238	402	635	0.9873949579831933
PfkB	302	3300029719.a:Ga0245179_1000211_72	310	1.6e-76	2	300	3	305	0.9867549668874173
EAL	238	3300029719.a:Ga0245179_1000211_73	256	8.8e-32	10	238	27	242	0.957983193277311
HTH_1	60	3300029719.a:Ga0245179_1000211_77	324	6.2e-20	2	59	29	86	0.95
LysR_substrate	209	3300029719.a:Ga0245179_1000211_77	324	4.9e-45	3	206	113	316	0.9712918660287081
GerE	57	3300029719.a:Ga0245179_1000211_78	201	1.6e-23	1	57	140	196	0.9824561403508771
GGDEF	161	3300029719.a:Ga0245179_1000211_84	461	2.4e-52	3	161	297	452	0.9813664596273292
PAS	113	3300029719.a:Ga0245179_1000211_85	800	3.1e-11	13	112	24	124	0.8761061946902655
PAS	113	3300029719.a:Ga0245179_1000211_85	800	2.9e-10	7	113	142	248	0.9380530973451328
GGDEF	161	3300029719.a:Ga0245179_1000211_85	800	9.3e-24	2	160	377	525	0.9813664596273292
EAL	238	3300029719.a:Ga0245179_1000211_85	800	1.1e-69	3	238	547	781	0.9873949579831933
SBP_bac_5	377	3300029719.a:Ga0245179_1000211_87	517	1.3e-95	2	374	78	432	0.986737400530504
AAA	132	3300029719.a:Ga0245179_1000211_91	309	9.3e-05	3	113	47	204	0.8333333333333334
HTH_3	55	3300029719.a:Ga0245179_1000211_97	95	2.5e-10	2	53	14	65	0.9272727272727272
Fer4	24	3300029719.a:Ga0245179_1000211_99	295	6.5e-07	5	22	130	147	0.7083333333333334
FUR	120	3300029719.a:Ga0245179_1000216_103	149	7.6e-51	1	120	10	130	0.9916666666666667
Response_reg	112	3300029719.a:Ga0245179_1000216_116	226	2.2e-31	1	111	4	112	0.9821428571428571
Trans_reg_C	77	3300029719.a:Ga0245179_1000216_116	226	8e-24	2	77	148	223	0.974025974025974
HisKA	64	3300029719.a:Ga0245179_1000216_117	895	1.6e-12	2	64	664	730	0.96875
HATPase_c	111	3300029719.a:Ga0245179_1000216_117	895	7.2e-25	5	110	777	882	0.9459459459459459
Peripla_BP_2	238	3300029719.a:Ga0245179_1000216_21	319	3.6e-32	1	236	49	297	0.9873949579831933
Aminotran_1_2	363	3300029719.a:Ga0245179_1000216_30	387	2.9e-60	3	363	32	383	0.9917355371900827
HTH_1	60	3300029719.a:Ga0245179_1000216_33	301	7e-21	1	59	12	70	0.9666666666666667
LysR_substrate	209	3300029719.a:Ga0245179_1000216_33	301	3.5e-11	41	207	134	299	0.7942583732057417
Pyr_redox_2	292	3300029719.a:Ga0245179_1000216_36	532	4.7e-46	1	291	223	513	0.9931506849315068
dCache_1	249	3300029719.a:Ga0245179_1000216_49	553	4.8e-06	14	164	37	173	0.6024096385542169
PAS	113	3300029719.a:Ga0245179_1000216_49	553	2e-07	4	64	225	285	0.5309734513274337
HATPase_c	111	3300029719.a:Ga0245179_1000216_49	553	2e-16	2	109	429	539	0.963963963963964
Response_reg	112	3300029719.a:Ga0245179_1000216_50	227	2.9e-21	2	110	8	117	0.9642857142857143
HTH_1	60	3300029719.a:Ga0245179_1000216_59	318	2.1e-16	1	58	31	88	0.95
LysR_substrate	209	3300029719.a:Ga0245179_1000216_59	318	3.7e-19	5	207	116	316	0.9665071770334929
SBP_bac_3	225	3300029719.a:Ga0245179_1000216_85	303	7.7e-49	1	224	42	271	0.9911111111111112
CBS	57	3300029719.a:Ga0245179_1000216_87	293	7e-10	1	53	69	124	0.9122807017543859
CBS	57	3300029719.a:Ga0245179_1000216_87	293	6.6e-07	8	56	141	189	0.8421052631578947
MarR	59	3300029719.a:Ga0245179_1000216_95	407	6e-09	10	48	25	63	0.6440677966101694
PTS_EIIC	324	3300029719.a:Ga0245179_1000216_98	649	5.2e-77	2	324	12	300	0.9938271604938271
TPR_1	34	3300029719.a:Ga0245179_1000219_105	295	1.1e-05	1	33	62	94	0.9411764705882353
TPR_1	34	3300029719.a:Ga0245179_1000219_105	295	1.2e-07	2	34	97	129	0.9411764705882353
SIS	131	3300029719.a:Ga0245179_1000219_119	197	1.9e-07	48	108	104	167	0.4580152671755725
HTH_8	42	3300029719.a:Ga0245179_1000219_12	99	4.1e-16	2	42	55	95	0.9523809523809523
GGDEF	161	3300029719.a:Ga0245179_1000219_20	647	1.6e-34	1	160	224	380	0.9875776397515528
EAL	238	3300029719.a:Ga0245179_1000219_20	647	1.5e-38	4	236	403	628	0.9747899159663865
HTH_1	60	3300029719.a:Ga0245179_1000219_28	310	1.7e-21	1	60	4	63	0.9833333333333333
LysR_substrate	209	3300029719.a:Ga0245179_1000219_28	310	8.9e-41	4	206	90	290	0.9665071770334929
Arg_repressor	70	3300029719.a:Ga0245179_1000219_34	157	2e-28	1	69	5	74	0.9714285714285714
SBP_bac_3	225	3300029719.a:Ga0245179_1000219_4	342	1.5e-34	1	213	37	253	0.9422222222222222
GntR	64	3300029719.a:Ga0245179_1000219_45	264	1e-22	1	64	32	95	0.984375
Glucokinase	316	3300029719.a:Ga0245179_1000219_49	292	7.8e-05	1	109	4	114	0.34177215189873417
Pyr_redox_2	292	3300029719.a:Ga0245179_1000219_57	473	8.4e-28	1	292	147	459	0.9965753424657534
GATase_2	420	3300029719.a:Ga0245179_1000219_58	1518	9e-179	1	420	43	456	0.9976190476190476
PAS	113	3300029719.a:Ga0245179_1000219_60	779	1.2e-19	2	113	156	266	0.9823008849557522
HisKA	64	3300029719.a:Ga0245179_1000219_60	779	2.7e-17	2	63	283	346	0.953125
HATPase_c	111	3300029719.a:Ga0245179_1000219_60	779	4.4e-33	2	108	395	504	0.954954954954955
Response_reg	112	3300029719.a:Ga0245179_1000219_60	779	6.3e-24	1	111	528	639	0.9821428571428571
Pkinase	264	3300029719.a:Ga0245179_1000219_63	211	1.9e-05	9	133	12	140	0.4696969696969697
PTS-HPr	82	3300029719.a:Ga0245179_1000219_64	91	6.5e-25	2	81	4	84	0.9634146341463414
SIS	131	3300029719.a:Ga0245179_1000219_73	329	1e-37	2	131	46	177	0.9847328244274809
CBS	57	3300029719.a:Ga0245179_1000219_73	329	7e-07	1	54	206	261	0.9298245614035088
CBS	57	3300029719.a:Ga0245179_1000219_73	329	2.1e-07	2	54	274	325	0.9122807017543859
STAS	117	3300029719.a:Ga0245179_1000219_79	98	1.5e-07	53	103	42	92	0.42735042735042733
EPSP_synthase	417	3300029719.a:Ga0245179_1000219_81	420	8.6e-132	1	417	6	406	0.9976019184652278
TetR_N	47	3300029719.a:Ga0245179_1000219_9	221	7.9e-20	1	47	16	62	0.9787234042553191
AAA	132	3300029719.a:Ga0245179_1000219_92	648	6.9e-48	1	131	191	323	0.9848484848484849
Pyr_redox_2	292	3300029719.a:Ga0245179_1000221_101	1033	2.8e-48	2	292	552	840	0.9931506849315068
PALP	294	3300029719.a:Ga0245179_1000221_108	399	1.2e-51	4	292	41	375	0.9795918367346939
PAS	113	3300029719.a:Ga0245179_1000221_110	593	1.1e-06	3	46	162	205	0.3805309734513274
AAA	132	3300029719.a:Ga0245179_1000221_110	593	2.2e-06	1	111	296	415	0.8333333333333334
HTH_8	42	3300029719.a:Ga0245179_1000221_110	593	2.8e-15	2	42	548	587	0.9523809523809523
Peptidase_M23	96	3300029719.a:Ga0245179_1000221_114	252	1.4e-32	3	96	145	238	0.96875
HhH-GPD	108	3300029719.a:Ga0245179_1000221_22	351	2e-25	2	106	36	168	0.9629629629629629
T2SSE	273	3300029719.a:Ga0245179_1000221_33	327	1.8e-43	76	264	74	258	0.6886446886446886
PTS_EIIC	324	3300029719.a:Ga0245179_1000221_48	463	5.6e-25	3	324	20	277	0.9907407407407407
HTH_1	60	3300029719.a:Ga0245179_1000221_59	299	6.6e-14	3	60	8	65	0.95
LysR_substrate	209	3300029719.a:Ga0245179_1000221_59	299	5.6e-13	2	193	89	281	0.9138755980861244
CbiA	128	3300029719.a:Ga0245179_1000221_62	332	8.4e-07	6	91	61	209	0.6640625
B12-binding	121	3300029719.a:Ga0245179_1000221_63	715	8.1e-18	2	117	586	699	0.9504132231404959
HTH_1	60	3300029719.a:Ga0245179_1000221_64	298	1.1e-20	2	60	7	64	0.9666666666666667
LysR_substrate	209	3300029719.a:Ga0245179_1000221_64	298	1.3e-13	8	206	93	288	0.9473684210526315
ACT	67	3300029719.a:Ga0245179_1000221_67	411	5.7e-09	8	66	345	401	0.8656716417910447
T2SSE	273	3300029719.a:Ga0245179_1000221_7	419	1.5e-94	2	272	123	389	0.989010989010989
Pyr_redox	81	3300029719.a:Ga0245179_1000221_73	401	6.4e-05	2	31	6	35	0.35802469135802467
NUDIX	131	3300029719.a:Ga0245179_1000221_90	183	2.2e-21	2	130	31	161	0.9770992366412213
Fer4	24	3300029719.a:Ga0245179_1000221_93	640	1.3e-08	2	23	81	102	0.875
Pyr_redox_2	292	3300029719.a:Ga0245179_1000221_93	640	1.3e-22	2	292	312	623	0.9931506849315068
Fer4	24	3300029719.a:Ga0245179_1000221_94	163	6.3e-05	1	18	5	22	0.7083333333333334
Fer4	24	3300029719.a:Ga0245179_1000221_94	163	3e-09	3	24	81	102	0.875
PAS	113	3300029719.a:Ga0245179_1000229_101	350	3.1e-09	5	96	11	99	0.8053097345132744
HisKA	64	3300029719.a:Ga0245179_1000229_101	350	3.9e-16	3	56	131	186	0.828125
HATPase_c	111	3300029719.a:Ga0245179_1000229_101	350	3.2e-19	2	109	234	347	0.963963963963964
Response_reg	112	3300029719.a:Ga0245179_1000229_102	470	6.4e-33	1	111	6	115	0.9821428571428571
AAA	132	3300029719.a:Ga0245179_1000229_102	470	2.7e-05	1	111	164	282	0.8333333333333334
HTH_8	42	3300029719.a:Ga0245179_1000229_102	470	2.1e-17	3	42	427	466	0.9285714285714286
HTH_18	81	3300029719.a:Ga0245179_1000229_15	284	4.5e-23	1	81	191	270	0.9876543209876543
PTS-HPr	82	3300029719.a:Ga0245179_1000229_21	834	4.4e-14	5	80	7	84	0.9146341463414634
peroxidase	229	3300029719.a:Ga0245179_1000229_26	727	3.2e-50	4	229	77	396	0.982532751091703
peroxidase	229	3300029719.a:Ga0245179_1000229_26	727	4.9e-37	3	229	403	700	0.9868995633187773
Aminotran_1_2	363	3300029719.a:Ga0245179_1000229_29	387	1.7e-09	49	192	57	178	0.3939393939393939
LacI	46	3300029719.a:Ga0245179_1000229_34	342	1.1e-21	1	46	11	56	0.9782608695652174
Peripla_BP_3	164	3300029719.a:Ga0245179_1000229_34	342	2.6e-46	1	164	176	337	0.9939024390243902
AAA	132	3300029719.a:Ga0245179_1000229_37	444	7e-09	1	56	53	106	0.4166666666666667
AAA	132	3300029719.a:Ga0245179_1000229_37	444	2.4e-08	39	130	226	332	0.6893939393939394
SBP_bac_1	315	3300029719.a:Ga0245179_1000229_51	330	4.5e-20	4	315	32	272	0.9873015873015873
Response_reg	112	3300029719.a:Ga0245179_1000229_55	233	4.8e-31	1	112	4	112	0.9910714285714286
Trans_reg_C	77	3300029719.a:Ga0245179_1000229_55	233	1.6e-23	1	77	152	228	0.987012987012987
HisKA	64	3300029719.a:Ga0245179_1000229_56	458	2.7e-16	1	63	238	299	0.96875
HATPase_c	111	3300029719.a:Ga0245179_1000229_56	458	5.4e-22	2	110	346	454	0.972972972972973
TetR_N	47	3300029719.a:Ga0245179_1000229_6	235	4e-10	7	43	41	77	0.7659574468085106
AraC_binding	136	3300029719.a:Ga0245179_1000229_61	313	1.6e-24	7	120	52	170	0.8308823529411765
HTH_18	81	3300029719.a:Ga0245179_1000229_61	313	1.5e-23	2	79	229	305	0.9506172839506173
AraC_binding	136	3300029719.a:Ga0245179_1000229_62	279	9.4e-26	4	136	16	154	0.9705882352941176
HTH_18	81	3300029719.a:Ga0245179_1000229_62	279	1e-27	2	80	194	271	0.9629629629629629
PTS_EIIC	324	3300029719.a:Ga0245179_1000229_68	484	8.6e-30	3	321	135	406	0.9814814814814815
Pyr_redox_2	292	3300029719.a:Ga0245179_1000229_7	467	3.7e-60	1	292	7	326	0.9965753424657534
HTH_11	55	3300029719.a:Ga0245179_1000229_70	583	2.7e-11	1	55	5	60	0.9818181818181818
Fer4	24	3300029719.a:Ga0245179_1000229_75	301	1e-06	5	22	130	147	0.7083333333333334
HTH_1	60	3300029719.a:Ga0245179_1000229_8	306	1.1e-22	1	59	3	61	0.9666666666666667
LysR_substrate	209	3300029719.a:Ga0245179_1000229_8	306	5.1e-56	4	208	89	293	0.9760765550239234
HTH_DeoR	57	3300029719.a:Ga0245179_1000229_86	262	7.2e-25	1	56	11	66	0.9649122807017544
DeoRC	160	3300029719.a:Ga0245179_1000229_86	262	2e-51	2	160	79	237	0.9875
PfkB	302	3300029719.a:Ga0245179_1000229_87	299	5.6e-69	2	301	2	286	0.9900662251655629
GntR	64	3300029719.a:Ga0245179_1000229_98	237	1.2e-21	2	64	8	70	0.96875
HTH_1	60	3300029719.a:Ga0245179_1000277_100	294	2.5e-19	1	59	3	61	0.9666666666666667
LysR_substrate	209	3300029719.a:Ga0245179_1000277_100	294	1.8e-46	2	204	85	282	0.9665071770334929
GGDEF	161	3300029719.a:Ga0245179_1000277_104	316	1.1e-43	1	161	146	304	0.9937888198757764
Sigma70_r4	50	3300029719.a:Ga0245179_1000277_114	318	5.1e-06	16	44	26	54	0.56
HTH_3	55	3300029719.a:Ga0245179_1000277_118	89	1.4e-16	2	53	18	69	0.9272727272727272
ACT	67	3300029719.a:Ga0245179_1000277_15	281	6.1e-10	2	64	8	69	0.9253731343283582
Response_reg	112	3300029719.a:Ga0245179_1000277_18	338	2.8e-30	1	111	10	120	0.9821428571428571
SBP_bac_5	377	3300029719.a:Ga0245179_1000277_28	559	4.9e-90	3	376	98	478	0.9893899204244032
HTH_3	55	3300029719.a:Ga0245179_1000277_51	136	2.9e-18	1	55	12	66	0.9818181818181818
Response_reg	112	3300029719.a:Ga0245179_1000277_6	217	9.1e-33	1	111	9	120	0.9821428571428571
GerE	57	3300029719.a:Ga0245179_1000277_6	217	9.7e-25	2	56	155	209	0.9473684210526315
HATPase_c	111	3300029719.a:Ga0245179_1000277_7	599	3.6e-13	4	107	497	583	0.9279279279279279
HTH_7	45	3300029719.a:Ga0245179_1000277_80	197	3.5e-13	1	44	147	190	0.9555555555555556
GntR	64	3300029719.a:Ga0245179_1000277_85	229	3.2e-19	3	64	15	75	0.953125
GGDEF	161	3300029719.a:Ga0245179_1000277_90	297	1.3e-46	2	161	130	283	0.9875776397515528
HTH_18	81	3300029719.a:Ga0245179_1000277_95	128	5.6e-20	2	79	32	108	0.9506172839506173
MarR	59	3300029719.a:Ga0245179_1000277_96	145	4.5e-20	1	59	38	96	0.9830508474576272
HTH_1	60	3300029719.a:Ga0245179_1000395_1	280	2.6e-22	2	60	4	62	0.9666666666666667
LysR_substrate	209	3300029719.a:Ga0245179_1000395_1	280	1e-15	4	201	87	270	0.9425837320574163
AAA	132	3300029719.a:Ga0245179_1000395_17	420	7.5e-05	2	74	175	274	0.5454545454545454
Aminotran_1_2	363	3300029719.a:Ga0245179_1000395_26	377	2.2e-12	67	189	46	154	0.33608815426997246
TPR_2	34	3300029719.a:Ga0245179_1000395_34	399	1.9e-07	2	33	329	360	0.9117647058823529
HEM4	232	3300029719.a:Ga0245179_1000395_36	247	2.7e-42	2	231	14	242	0.9870689655172413
HTH_1	60	3300029719.a:Ga0245179_1000395_59	318	3.9e-18	2	60	5	63	0.9666666666666667
LysR_substrate	209	3300029719.a:Ga0245179_1000395_59	318	1.5e-45	3	207	86	288	0.9760765550239234
PALP	294	3300029719.a:Ga0245179_1000395_8	515	2e-79	5	294	29	316	0.9829931972789115
HTH_1	60	3300029719.a:Ga0245179_1000395_9	298	1.9e-23	1	60	3	62	0.9833333333333333
LysR_substrate	209	3300029719.a:Ga0245179_1000395_9	298	4e-39	4	204	89	293	0.9569377990430622
Pribosyltran	159	3300029719.a:Ga0245179_1000419_20	153	1.6e-17	4	157	11	144	0.9622641509433962
GntR	64	3300029719.a:Ga0245179_1000419_36	314	8.6e-09	25	60	41	76	0.546875
LexA_DNA_bind	65	3300029719.a:Ga0245179_1000419_39	109	2.8e-21	1	65	1	65	0.9846153846153847
SIS	131	3300029719.a:Ga0245179_1000419_4	193	2.4e-10	52	105	110	163	0.40458015267175573
Phage_AlpA	51	3300029719.a:Ga0245179_1000419_49	97	4.7e-06	15	38	30	53	0.45098039215686275
LysR_substrate	209	3300029719.a:Ga0245179_1000419_58	137	5.5e-18	103	207	24	131	0.49760765550239233
GerE	57	3300029719.a:Ga0245179_1000419_69	181	5.9e-14	3	45	129	171	0.7368421052631579
HTH_18	81	3300029719.a:Ga0245179_1000419_75	284	2.2e-22	1	81	27	106	0.9876543209876543
GyrI-like	155	3300029719.a:Ga0245179_1000419_75	284	9e-10	3	155	128	281	0.9806451612903225
Pyr_redox_2	292	3300029719.a:Ga0245179_1000419_77	442	8.4e-60	2	282	5	297	0.958904109589041
AraC_binding	136	3300029719.a:Ga0245179_1000419_78	285	1.9e-05	26	67	41	83	0.3014705882352941
HTH_18	81	3300029719.a:Ga0245179_1000419_78	285	1.3e-22	1	81	199	278	0.9876543209876543
Fer4	24	3300029719.a:Ga0245179_1000419_80	476	5e-06	6	20	310	324	0.5833333333333334
PALP	294	3300029719.a:Ga0245179_1000476_10	329	9.9e-56	5	294	16	316	0.9829931972789115
SBP_bac_3	225	3300029719.a:Ga0245179_1000476_11	286	2.2e-73	2	224	63	280	0.9866666666666667
Sigma70_r3	78	3300029719.a:Ga0245179_1000476_13	162	2.6e-22	3	72	19	88	0.8846153846153846
Sigma70_r4	50	3300029719.a:Ga0245179_1000476_13	162	3e-19	1	49	107	155	0.96
HTH_18	81	3300029719.a:Ga0245179_1000476_25	266	8.1e-18	1	80	184	261	0.9753086419753086
GerE	57	3300029719.a:Ga0245179_1000476_42	208	3.4e-21	2	56	137	191	0.9473684210526315
GGDEF	161	3300029719.a:Ga0245179_1000476_46	552	6.9e-46	1	155	398	551	0.9565217391304348
Response_reg	112	3300029719.a:Ga0245179_1000476_5	219	8.3e-33	1	111	4	115	0.9821428571428571
GerE	57	3300029719.a:Ga0245179_1000476_5	219	6.1e-23	2	57	149	204	0.9649122807017544
HD	122	3300029719.a:Ga0245179_1000476_52	232	4.6e-17	4	121	29	131	0.9590163934426229
HisKA	64	3300029719.a:Ga0245179_1000476_56	453	1.5e-11	2	62	236	299	0.9375
HATPase_c	111	3300029719.a:Ga0245179_1000476_56	453	1.3e-14	2	109	345	450	0.963963963963964
Response_reg	112	3300029719.a:Ga0245179_1000476_57	261	2.8e-28	1	112	40	149	0.9910714285714286
Trans_reg_C	77	3300029719.a:Ga0245179_1000476_57	261	2.6e-26	4	77	183	255	0.948051948051948
Autoind_bind	149	3300029719.a:Ga0245179_1000476_7	241	1.5e-34	2	142	23	158	0.9395973154362416
GerE	57	3300029719.a:Ga0245179_1000476_7	241	6.1e-25	2	57	179	234	0.9649122807017544
HTH_1	60	3300029719.a:Ga0245179_1000476_71	317	1.6e-14	1	59	3	63	0.9666666666666667
LysR_substrate	209	3300029719.a:Ga0245179_1000476_71	317	6.4e-43	3	206	90	293	0.9712918660287081
HTH_1	60	3300029719.a:Ga0245179_1000476_72	306	1.5e-23	1	60	3	62	0.9833333333333333
LysR_substrate	209	3300029719.a:Ga0245179_1000476_72	306	2.7e-34	2	206	87	289	0.9760765550239234
Glyoxalase	128	3300029719.a:Ga0245179_1000535_15	130	1e-24	2	128	7	126	0.984375
NTP_transf_2	95	3300029719.a:Ga0245179_1000535_36	891	1.9e-08	14	70	86	137	0.5894736842105263
HD	122	3300029719.a:Ga0245179_1000535_36	891	1.6e-16	1	121	468	601	0.9836065573770492
ACT	67	3300029719.a:Ga0245179_1000535_36	891	3.9e-09	2	54	709	759	0.7761194029850746
ACT	67	3300029719.a:Ga0245179_1000535_36	891	1.3e-10	3	64	817	874	0.9104477611940298
Diacid_rec	134	3300029719.a:Ga0245179_1000535_40	386	5.2e-51	1	133	6	138	0.9850746268656716
HD	122	3300029719.a:Ga0245179_1000535_42	506	2.2e-12	1	64	66	146	0.5163934426229508
Peripla_BP_2	238	3300029719.a:Ga0245179_1000535_44	267	4.1e-26	1	202	26	217	0.8445378151260504
Peripla_BP_2	238	3300029719.a:Ga0245179_1000535_51	297	5.5e-29	1	234	38	269	0.9789915966386554
HTH_18	81	3300029719.a:Ga0245179_1000644_17	302	9.1e-23	1	80	219	298	0.9753086419753086
Fer4	24	3300029719.a:Ga0245179_1000644_24	1175	2.5e-07	2	24	683	705	0.9166666666666666
Fer4	24	3300029719.a:Ga0245179_1000644_24	1175	9.3e-07	3	20	740	757	0.7083333333333334
GGDEF	161	3300029719.a:Ga0245179_1000644_31	411	1.1e-47	1	161	253	406	0.9937888198757764
HTH_1	60	3300029719.a:Ga0245179_1000644_33	303	4.8e-22	1	60	7	66	0.9833333333333333
LysR_substrate	209	3300029719.a:Ga0245179_1000644_33	303	4.3e-40	2	208	91	297	0.9856459330143541
cNMP_binding	88	3300029719.a:Ga0245179_1000644_38	251	1.1e-17	3	84	51	132	0.9204545454545454
Crp	32	3300029719.a:Ga0245179_1000644_38	251	2.9e-17	1	32	193	224	0.96875
MASE1	300	3300029719.a:Ga0245179_1000644_41	344	2.1e-05	76	179	9	116	0.3433333333333333
SBP_bac_5	377	3300029719.a:Ga0245179_1000644_42	538	6.9e-90	1	372	77	453	0.9840848806366048
HTH_1	60	3300029719.a:Ga0245179_1000644_43	300	1.1e-21	3	60	8	65	0.95
LysR_substrate	209	3300029719.a:Ga0245179_1000644_43	300	5.5e-39	2	205	90	294	0.9712918660287081
ACT	67	3300029719.a:Ga0245179_1000644_49	514	1.7e-05	2	65	2	61	0.9402985074626866
AAA	132	3300029719.a:Ga0245179_1000644_49	514	1e-06	1	111	230	341	0.8333333333333334
LacI	46	3300029719.a:Ga0245179_1000644_52	333	3.1e-23	1	46	4	49	0.9782608695652174
Peripla_BP_1	279	3300029719.a:Ga0245179_1000644_52	333	2.9e-25	13	267	77	321	0.910394265232975
MCPsignal	172	3300029719.a:Ga0245179_1000729_16	547	5.1e-59	1	172	335	492	0.9941860465116279
HTH_1	60	3300029719.a:Ga0245179_1000729_17	308	4.3e-21	1	60	13	72	0.9833333333333333
LysR_substrate	209	3300029719.a:Ga0245179_1000729_17	308	7.7e-34	6	207	101	304	0.9617224880382775
HTH_3	55	3300029719.a:Ga0245179_1000729_30	179	1.1e-18	1	53	12	64	0.9454545454545454
HTH_3	55	3300029719.a:Ga0245179_1000729_34	146	4.3e-09	7	53	95	141	0.8363636363636363
GntR	64	3300029719.a:Ga0245179_1000729_35	469	2.6e-16	1	64	3	66	0.984375
Aminotran_1_2	363	3300029719.a:Ga0245179_1000729_35	469	9.6e-34	44	348	145	445	0.837465564738292
SBP_bac_1	315	3300029719.a:Ga0245179_1000729_36	382	1.9e-22	14	314	56	312	0.9523809523809523
GntR	64	3300029719.a:Ga0245179_1000729_46	222	3.5e-13	2	64	13	74	0.96875
HTH_DeoR	57	3300029719.a:Ga0245179_1000792_12	250	9.5e-18	1	56	4	59	0.9649122807017544
DeoRC	160	3300029719.a:Ga0245179_1000792_12	250	1.1e-47	2	160	69	227	0.9875
PAS	113	3300029719.a:Ga0245179_1000792_14	662	2.3e-08	4	107	114	217	0.911504424778761
GGDEF	161	3300029719.a:Ga0245179_1000792_14	662	2.5e-48	1	160	237	390	0.9875776397515528
EAL	238	3300029719.a:Ga0245179_1000792_14	662	1.4e-66	3	238	412	644	0.9873949579831933
SBP_bac_5	377	3300029719.a:Ga0245179_1000792_22	548	1.4e-85	2	375	79	457	0.9893899204244032
HTH_3	55	3300029719.a:Ga0245179_1000792_27	186	2.1e-16	2	55	13	66	0.9636363636363636
AraC_binding	136	3300029719.a:Ga0245179_1000792_27	186	2.6e-06	19	64	124	169	0.33088235294117646
Aminotran_1_2	363	3300029719.a:Ga0245179_1000792_30	422	1.8e-06	125	281	159	326	0.4297520661157025
AAA	132	3300029719.a:Ga0245179_1000792_31	326	6.1e-05	1	123	32	165	0.9242424242424242
HTH_8	42	3300029719.a:Ga0245179_1000792_31	326	5.5e-07	5	41	286	322	0.8571428571428571
Rhodanese	107	3300029719.a:Ga0245179_1000792_36	105	4e-14	15	100	22	93	0.794392523364486
SBP_bac_1	315	3300029719.a:Ga0245179_1000792_38	431	1.4e-40	7	311	43	325	0.9650793650793651
TOBE	64	3300029719.a:Ga0245179_1000792_46	361	1.7e-07	4	64	295	350	0.9375
Pyr_redox_2	292	3300029719.a:Ga0245179_1000892_11	401	1.4e-10	2	107	5	161	0.3595890410958904
Pyr_redox_2	292	3300029719.a:Ga0245179_1000892_19	451	9e-72	1	292	5	318	0.9965753424657534
HTH_5	47	3300029719.a:Ga0245179_1000892_21	118	3.9e-19	1	45	15	60	0.9361702127659575
GerE	57	3300029719.a:Ga0245179_1000892_26	177	5.5e-11	2	55	115	168	0.9298245614035088
GerE	57	3300029719.a:Ga0245179_1000892_31	176	8.9e-08	4	54	117	167	0.8771929824561403
HTH_18	81	3300029719.a:Ga0245179_1000892_34	243	2.7e-14	1	80	158	235	0.9753086419753086
HTH_18	81	3300029719.a:Ga0245179_1000892_35	275	9.4e-18	1	81	164	242	0.9876543209876543
T2SSE	273	3300029719.a:Ga0245179_1000917_14	494	1.2e-94	2	272	114	380	0.989010989010989
MerR	38	3300029719.a:Ga0245179_1000917_48	142	2.9e-14	1	38	3	40	0.9736842105263158
TrkA_C	70	3300029719.a:Ga0245179_1000917_51	459	1.8e-12	3	69	157	225	0.9428571428571428
TrkA_C	70	3300029719.a:Ga0245179_1000917_51	459	1.4e-11	8	69	390	451	0.8714285714285714
CBS	57	3300029719.a:Ga0245179_1001026_17	414	1.2e-06	8	56	263	311	0.8421052631578947
CbiA	128	3300029719.a:Ga0245179_1001026_19	454	1.4e-08	9	89	110	255	0.625
GGDEF	161	3300029719.a:Ga0245179_1001026_25	409	6.5e-47	1	159	249	403	0.9813664596273292
AAA	132	3300029719.a:Ga0245179_1001026_35	858	1.4e-15	2	128	203	337	0.9545454545454546
AAA	132	3300029719.a:Ga0245179_1001026_35	858	1.6e-12	2	117	602	727	0.8712121212121212
HTH_1	60	3300029719.a:Ga0245179_1001128_13	304	2.3e-15	4	59	16	71	0.9166666666666666
LysR_substrate	209	3300029719.a:Ga0245179_1001128_13	304	8.6e-27	4	206	99	297	0.9665071770334929
GntR	64	3300029719.a:Ga0245179_1001128_16	242	1.2e-22	9	64	2	57	0.859375
AlkA_N	116	3300029719.a:Ga0245179_1001133_10	286	2.6e-31	3	116	3	112	0.9741379310344828
HhH-GPD	108	3300029719.a:Ga0245179_1001133_10	286	8e-12	1	78	118	240	0.7129629629629629
HisKA	64	3300029719.a:Ga0245179_1001133_20	468	3.9e-15	1	64	240	304	0.984375
HATPase_c	111	3300029719.a:Ga0245179_1001133_20	468	1.6e-22	1	110	349	460	0.9819819819819819
Response_reg	112	3300029719.a:Ga0245179_1001133_21	241	1.2e-26	1	111	13	121	0.9821428571428571
Trans_reg_C	77	3300029719.a:Ga0245179_1001133_21	241	1.7e-25	2	76	157	231	0.961038961038961
CBS	57	3300029719.a:Ga0245179_1001133_3	543	8.7e-07	1	53	317	373	0.9122807017543859
CBS	57	3300029719.a:Ga0245179_1001133_3	543	1.1e-08	6	56	387	437	0.8771929824561403
HTH_3	55	3300029719.a:Ga0245179_1001133_5	97	8e-09	5	47	37	80	0.7636363636363637
MASE1	300	3300029719.a:Ga0245179_1001133_9	1106	1.3e-35	2	299	19	294	0.99
PAS	113	3300029719.a:Ga0245179_1001133_9	1106	8e-11	2	113	303	414	0.9823008849557522
PAS	113	3300029719.a:Ga0245179_1001133_9	1106	1.2e-09	7	113	561	668	0.9380530973451328
GGDEF	161	3300029719.a:Ga0245179_1001133_9	1106	4.3e-47	1	160	682	838	0.9875776397515528
EAL	238	3300029719.a:Ga0245179_1001133_9	1106	4.7e-20	38	236	897	1088	0.8319327731092437
GntR	64	3300029719.a:Ga0245179_1001267_1	231	5.7e-21	5	64	18	77	0.921875
AAA	132	3300029719.a:Ga0245179_1001267_10	499	2e-05	1	128	42	175	0.9621212121212122
HTH_11	55	3300029719.a:Ga0245179_1001267_13	153	1.1e-06	19	54	26	66	0.6363636363636364
AsnC_trans_reg	75	3300029719.a:Ga0245179_1001267_13	153	7.3e-20	5	74	76	143	0.92
SIS	131	3300029719.a:Ga0245179_1001267_27	610	2.3e-36	1	130	289	418	0.9847328244274809
SIS	131	3300029719.a:Ga0245179_1001267_27	610	5.1e-33	2	130	462	591	0.9770992366412213
LacI	46	3300029719.a:Ga0245179_1001267_3	331	5.6e-23	1	46	3	48	0.9782608695652174
Peripla_BP_3	164	3300029719.a:Ga0245179_1001267_3	331	1.6e-42	1	163	169	329	0.9878048780487805
PfkB	302	3300029719.a:Ga0245179_1001267_4	310	3.9e-80	3	301	6	297	0.9867549668874173
Peripla_BP_1	279	3300029719.a:Ga0245179_1001267_5	297	3.6e-29	2	250	27	268	0.8888888888888888
HTH_1	60	3300029719.a:Ga0245179_1001387_13	310	1.3e-14	3	59	7	63	0.9333333333333333
LysR_substrate	209	3300029719.a:Ga0245179_1001387_13	310	5.4e-25	2	205	89	290	0.9712918660287081
GyrI-like	155	3300029719.a:Ga0245179_1001387_19	158	1.9e-31	1	154	1	152	0.9870967741935484
HTH_7	45	3300029719.a:Ga0245179_1001387_31	460	2.3e-05	4	38	293	326	0.7555555555555555
Aminotran_1_2	363	3300029719.a:Ga0245179_1001387_7	357	2.5e-69	31	363	46	351	0.9146005509641874
HTH_1	60	3300029719.a:Ga0245179_1001413_24	305	3.8e-22	3	60	7	64	0.95
LysR_substrate	209	3300029719.a:Ga0245179_1001413_24	305	1.3e-46	2	208	89	293	0.9856459330143541
GntR	64	3300029719.a:Ga0245179_1001618_1	221	2.8e-14	7	64	10	66	0.890625
CBS	57	3300029719.a:Ga0245179_1001618_14	401	1.3e-07	9	56	347	393	0.8245614035087719
MarR	59	3300029719.a:Ga0245179_1001618_20	177	1.5e-18	1	58	53	112	0.9661016949152542
HTH_5	47	3300029719.a:Ga0245179_1001618_4	100	1.2e-16	1	47	23	70	0.9787234042553191
Rhodanese	107	3300029719.a:Ga0245179_1001618_5	175	1.6e-12	1	107	7	99	0.9906542056074766
HTH_1	60	3300029719.a:Ga0245179_1001632_1	325	5.9e-17	1	60	3	64	0.9833333333333333
LysR_substrate	209	3300029719.a:Ga0245179_1001632_1	325	9.4e-45	5	205	92	292	0.9569377990430622
Glycos_trans_3N	63	3300029719.a:Ga0245179_1001632_12	532	2.1e-16	2	62	202	262	0.9523809523809523
PALP	294	3300029719.a:Ga0245179_1001632_14	398	2.5e-51	3	291	52	375	0.9795918367346939
PAS	113	3300029719.a:Ga0245179_1002044_12	638	4.9e-09	2	52	198	248	0.4424778761061947
AAA	132	3300029719.a:Ga0245179_1002044_12	638	1.5e-07	1	113	348	470	0.8484848484848485
HTH_8	42	3300029719.a:Ga0245179_1002044_12	638	1.3e-05	2	38	595	631	0.8571428571428571
HTH_7	45	3300029719.a:Ga0245179_1002044_14	341	1.2e-10	13	44	9	40	0.6888888888888889
AAA	132	3300029719.a:Ga0245179_1002044_15	260	6.9e-07	1	74	105	180	0.553030303030303
LacI	46	3300029719.a:Ga0245179_1002044_5	344	1.7e-20	1	46	14	59	0.9782608695652174
Peripla_BP_3	164	3300029719.a:Ga0245179_1002044_5	344	1.7e-26	1	164	179	343	0.9939024390243902
HTH_7	45	3300029719.a:Ga0245179_1002277_2	119	5.4e-06	7	42	3	38	0.7777777777777778
PTS_EIIC	324	3300029719.a:Ga0245179_1002555_7	626	6e-32	2	323	106	389	0.9907407407407407
PfkB	302	3300029719.a:Ga0245179_1003008_4	307	1.7e-65	3	301	2	294	0.9867549668874173
HTH_DeoR	57	3300029719.a:Ga0245179_1003008_5	261	1.1e-10	1	45	8	52	0.7719298245614035
DeoRC	160	3300029719.a:Ga0245179_1003008_5	261	1.4e-31	9	160	84	235	0.94375
TetR_N	47	3300029719.a:Ga0245179_1003008_7	219	1.2e-14	2	42	26	66	0.851063829787234
Sigma70_r2	71	3300029719.a:Ga0245179_1003198_4	174	4.9e-14	1	69	16	81	0.9577464788732394
Sigma70_r4_2	54	3300029719.a:Ga0245179_1003198_4	174	6.7e-17	2	54	112	164	0.9629629629629629
FecR	96	3300029719.a:Ga0245179_1003198_5	318	3.7e-18	2	95	110	202	0.96875
Peripla_BP_2	238	3300029719.a:Ga0245179_1003198_7	301	1.1e-31	1	237	40	269	0.9915966386554622
GntR	64	3300029719.a:Ga0245179_1003738_1	98	9.8e-09	11	55	17	59	0.6875
GntR	64	3300029719.a:Ga0245179_1003738_2	208	7.2e-06	12	59	1	47	0.734375
MCPsignal	172	3300029719.a:Ga0245179_1003738_4	552	1.3e-62	1	172	327	484	0.9941860465116279
HTH_11	55	3300029719.a:Ga0245179_1007040_2	322	9.8e-15	4	54	9	58	0.9090909090909091
