GerE	57	3300029703.a:Ga0245234_100003_109	185	5e-08	2	44	127	170	0.7368421052631579
HTH_11	55	3300029703.a:Ga0245234_100003_140	154	3e-06	3	41	9	46	0.6909090909090909
GerE	57	3300029703.a:Ga0245234_100003_162	213	1e-07	6	43	157	193	0.6491228070175439
GerE	57	3300029703.a:Ga0245234_100003_173	163	3.1e-07	18	42	111	135	0.42105263157894735
HTH_DeoR	57	3300029703.a:Ga0245234_100003_189	372	2.1e-06	1	49	312	360	0.8421052631578947
HTH_3	55	3300029703.a:Ga0245234_100003_206	448	1e-12	1	51	8	58	0.9090909090909091
MerR	38	3300029703.a:Ga0245234_100003_265	113	3.1e-11	1	38	14	51	0.9736842105263158
HTH_AraC	42	3300029703.a:Ga0245234_100003_28	290	1.3e-06	4	42	187	225	0.9047619047619048
HTH_AraC	42	3300029703.a:Ga0245234_100003_28	290	1.9e-08	2	42	237	275	0.9523809523809523
HTH_5	47	3300029703.a:Ga0245234_100003_284	406	3.8e-08	2	46	250	297	0.9361702127659575
GerE	57	3300029703.a:Ga0245234_100003_331	186	2.9e-05	18	42	137	161	0.42105263157894735
HTH_AraC	42	3300029703.a:Ga0245234_100003_364	353	4.2e-05	8	42	260	294	0.8095238095238095
HTH_AraC	42	3300029703.a:Ga0245234_100003_364	353	2.1e-12	11	42	314	346	0.7380952380952381
MarR	59	3300029703.a:Ga0245234_100003_367	116	4e-14	4	58	30	84	0.9152542372881356
GntR	64	3300029703.a:Ga0245234_100007_124	131	3.7e-15	2	64	10	72	0.96875
HTH_AraC	42	3300029703.a:Ga0245234_100007_193	299	3.3e-05	15	41	219	245	0.6190476190476191
HTH_AraC	42	3300029703.a:Ga0245234_100007_193	299	1.3e-08	7	41	260	295	0.8095238095238095
MarR	59	3300029703.a:Ga0245234_100007_256	402	8.4e-06	14	49	28	63	0.5932203389830508
HTH_AraC	42	3300029703.a:Ga0245234_100007_294	1320	2.5e-10	6	41	1274	1310	0.8333333333333334
HTH_8	42	3300029703.a:Ga0245234_100007_295	421	3.5e-14	1	42	376	417	0.9761904761904762
HTH_AraC	42	3300029703.a:Ga0245234_100007_302	299	5.1e-07	10	41	257	289	0.7380952380952381
LytTR	98	3300029703.a:Ga0245234_100007_35	239	2.4e-19	4	93	136	222	0.9081632653061225
GerE	57	3300029703.a:Ga0245234_100007_38	206	4.1e-18	2	57	130	185	0.9649122807017544
GerE	57	3300029703.a:Ga0245234_100007_70	601	2.4e-06	7	47	548	588	0.7017543859649122
GerE	57	3300029703.a:Ga0245234_100007_79	202	5.5e-06	18	41	157	180	0.40350877192982454
HTH_8	42	3300029703.a:Ga0245234_100007_89	473	9.5e-15	2	42	430	470	0.9523809523809523
HTH_AraC	42	3300029703.a:Ga0245234_100027_149	308	9e-12	8	41	263	297	0.7857142857142857
GerE	57	3300029703.a:Ga0245234_100027_159	184	1.1e-07	18	46	144	172	0.49122807017543857
HTH_3	55	3300029703.a:Ga0245234_100027_188	293	8.8e-05	6	31	140	165	0.45454545454545453
Arg_repressor	70	3300029703.a:Ga0245234_100027_191	162	2.3e-22	2	67	3	68	0.9285714285714286
HTH_AraC	42	3300029703.a:Ga0245234_100027_215	302	7e-09	1	40	202	241	0.9285714285714286
HTH_AraC	42	3300029703.a:Ga0245234_100027_215	302	2.7e-07	1	42	254	293	0.9761904761904762
DUF24	91	3300029703.a:Ga0245234_100027_46	123	8.5e-31	2	88	23	110	0.945054945054945
HTH_AraC	42	3300029703.a:Ga0245234_100027_48	302	5.4e-05	14	42	219	247	0.6666666666666666
HTH_AraC	42	3300029703.a:Ga0245234_100027_48	302	5.2e-09	11	42	265	297	0.7380952380952381
HTH_AraC	42	3300029703.a:Ga0245234_100027_70	290	1.1e-09	2	42	245	283	0.9523809523809523
KilA-N	111	3300029703.a:Ga0245234_100029_140	280	7.8e-28	2	110	16	146	0.972972972972973
MarR	59	3300029703.a:Ga0245234_100029_152	183	3.3e-09	4	50	36	82	0.7796610169491526
HTH_AraC	42	3300029703.a:Ga0245234_100029_2	290	3.4e-11	7	41	245	279	0.8095238095238095
HTH_AraC	42	3300029703.a:Ga0245234_100029_39	298	7.1e-08	8	42	210	244	0.8095238095238095
HTH_AraC	42	3300029703.a:Ga0245234_100029_39	298	6.8e-08	2	42	256	294	0.9523809523809523
HTH_DeoR	57	3300029703.a:Ga0245234_100029_50	274	2.3e-16	1	52	26	77	0.8947368421052632
HTH_DeoR	57	3300029703.a:Ga0245234_100029_86	264	3e-18	1	53	10	62	0.9122807017543859
HTH_AraC	42	3300029703.a:Ga0245234_100032_106	295	5.1e-07	3	42	195	234	0.9285714285714286
HTH_AraC	42	3300029703.a:Ga0245234_100032_106	295	9.6e-07	7	41	248	283	0.8095238095238095
Trans_reg_C	77	3300029703.a:Ga0245234_100032_26	228	3.7e-17	2	77	146	222	0.974025974025974
HTH_3	55	3300029703.a:Ga0245234_100032_53	67	1.5e-13	2	53	6	57	0.9272727272727272
Trans_reg_C	77	3300029703.a:Ga0245234_100032_66	237	4.9e-19	2	77	153	226	0.974025974025974
HTH_psq	45	3300029703.a:Ga0245234_100032_9	164	8.8e-06	13	38	43	68	0.5555555555555556
HTH_8	42	3300029703.a:Ga0245234_100032_93	440	7.2e-15	4	40	398	434	0.8571428571428571
HTH_10	53	3300029703.a:Ga0245234_100058_101	204	7e-06	2	43	3	44	0.7735849056603774
HTH_AraC	42	3300029703.a:Ga0245234_100058_106	295	4.8e-10	2	42	255	293	0.9523809523809523
HTH_3	55	3300029703.a:Ga0245234_100058_14	154	1.3e-06	7	49	20	61	0.7636363636363637
GerE	57	3300029703.a:Ga0245234_100058_35	198	5.4e-07	16	48	155	187	0.5614035087719298
MarR	59	3300029703.a:Ga0245234_100058_54	152	3.1e-14	1	58	38	95	0.9661016949152542
HTH_1	60	3300029703.a:Ga0245234_100058_78	296	2.7e-20	3	60	5	62	0.95
PspC	53	3300029703.a:Ga0245234_100058_87	65	5.4e-24	1	52	5	62	0.9622641509433962
FUR	120	3300029703.a:Ga0245234_100066_122	157	4.7e-30	2	120	21	138	0.9833333333333333
GerE	57	3300029703.a:Ga0245234_100066_136	287	7.2e-05	2	54	225	281	0.9122807017543859
HTH_3	55	3300029703.a:Ga0245234_100066_16	73	7.2e-06	7	54	13	61	0.8545454545454545
GerE	57	3300029703.a:Ga0245234_100066_18	185	6e-21	2	48	117	163	0.8070175438596491
Pencillinase_R	115	3300029703.a:Ga0245234_100066_72	123	2.5e-29	1	114	4	116	0.9826086956521739
PspC	53	3300029703.a:Ga0245234_100149_110	355	5.8e-23	1	53	120	177	0.9811320754716981
PadR	75	3300029703.a:Ga0245234_100149_111	109	1e-19	2	74	20	89	0.96
HTH_3	55	3300029703.a:Ga0245234_100149_16	184	1.5e-06	4	53	15	64	0.8909090909090909
HTH_AraC	42	3300029703.a:Ga0245234_100161_28	563	3.6e-08	6	42	516	553	0.8571428571428571
Trans_reg_C	77	3300029703.a:Ga0245234_100161_55	227	5.3e-25	2	77	151	223	0.974025974025974
HTH_10	53	3300029703.a:Ga0245234_100161_77	99	7.3e-06	25	51	64	90	0.49056603773584906
GntR	64	3300029703.a:Ga0245234_100169_23	251	1.7e-23	1	64	29	92	0.984375
HTH_AraC	42	3300029703.a:Ga0245234_100169_28	276	2.5e-08	1	42	231	270	0.9761904761904762
HTH_AraC	42	3300029703.a:Ga0245234_100169_34	299	5.2e-12	6	41	259	295	0.8333333333333334
HTH_3	55	3300029703.a:Ga0245234_100169_50	98	2.9e-11	1	52	4	53	0.9272727272727272
HTH_3	55	3300029703.a:Ga0245234_100169_56	111	7.1e-15	1	53	45	97	0.9454545454545454
HTH_11	55	3300029703.a:Ga0245234_100169_93	159	5.5e-05	4	48	12	61	0.8
HTH_AraC	42	3300029703.a:Ga0245234_100218_84	278	1e-08	1	38	234	269	0.8809523809523809
HTH_3	55	3300029703.a:Ga0245234_100301_12	68	1.2e-10	1	55	6	60	0.9818181818181818
HTH_AraC	42	3300029703.a:Ga0245234_100301_46	287	7.1e-08	1	41	246	284	0.9523809523809523
Pencillinase_R	115	3300029703.a:Ga0245234_100301_62	121	1.6e-31	1	114	4	116	0.9826086956521739
GerE	57	3300029703.a:Ga0245234_100316_62	214	3.3e-10	18	48	152	182	0.5263157894736842
FUR	120	3300029703.a:Ga0245234_100319_13	137	5.9e-27	3	98	13	107	0.7916666666666666
GerE	57	3300029703.a:Ga0245234_100463_32	180	3e-08	14	46	138	170	0.5614035087719298
LytTR	98	3300029703.a:Ga0245234_100463_34	243	7.7e-20	2	97	142	233	0.9693877551020408
HTH_AraC	42	3300029703.a:Ga0245234_100463_43	51	1.2e-10	6	41	11	47	0.8333333333333334
GerE	57	3300029703.a:Ga0245234_107760_1	54	3.1e-11	18	57	1	40	0.6842105263157895
