PUL0017	3.26e-157
PUL0017	7.25e-176
PUL0037	1.28e-15
PUL0071	1.36e-70
PUL0106	1.65e-47
PUL00121	6.87e-09
PUL0121	1.16e-115
PUL0121	2.79e-18
PUL0121	7.80e-11
PUL0132	4.64e-15
PUL0152	4.28e-109
PUL0180	9.34e-147
PUL0199	1.82e-38
PUL0210	8.41e-11
PUL0216	9.41e-31
PUL0225	1.22e-35
PUL0225	8.34e-35
PUL0236	3.25e-79
PUL0267	1.04e-146
PUL0267	7.66e-78
PUL0267	9.41e-09
PUL0269	2.45e-40
PUL0270	1.16e-75
PUL0281	2.96e-123
PUL0282	3.77e-15
PUL00290	1.04e-40
PUL0333	1.31e-93
PUL0333	8.19e-05
PUL0333	8.74e-36
PUL0335	1.17e-81
PUL0335	2.35e-06
PUL0335	4.85e-80
PUL0335	4.92e-140
PUL0335	5.68e-69
PUL0340	8.01e-09
PUL0396	7.96e-137
PUL0401	3.32e-19
PUL0409	1.58e-42
PUL0414	1.39e-21
PUL0414	3.24e-39
PUL0431	1.19e-96
PUL0443	6.52e-10
PUL00474	2.10e-19
PUL00475	7.05e-58
PUL00500	9.84e-86
PUL0506	1.28e-133
PUL0506	2.24e-135
PUL0527	1.68e-26
PUL0527	2.42e-74
PUL0584	5.76e-129
PUL01016	3.12e-63
PUL01060	3.33e-16
PUL01060	7.15e-116
PUL01080	3.22e-29
PUL01080	3.54e-36
PUL01212	1.44e-14
PUL01212	2.13e-31
PUL01249	1.82e-174
PUL01455	8.78e-208
PUL01794	7.54e-13
PUL01795	1.12e-11
PUL02300	2.00e-54
PUL02475	3.93e-16
PUL02509	4.77e-42
PUL02509	8.97e-41
PUL02814	6.59e-128
PUL03004	1.51e-103
PUL03004	1.70e-69
PUL03004	2.30e-70
PUL03246	1.97e-59
PUL03298	1.25e-12
PUL03298	2.98e-16
PUL03367	1.37e-31
PUL03391	1.09e-85
PUL03412	4.97e-172
PUL04132	2.98e-159
PUL04134	1.75e-37
PUL04134	6.15e-46
PUL04135	9.83e-129
PUL04293	1.41e-56
PUL04548	8.94e-28
PUL04581	4.14e-14
PUL04592	6.91e-51
PUL04671	7.01e-15
PUL04930	4.92e-73
PUL05304	1.80e-41
PUL05308	6.25e-27
