24	STP	0	5	CGC1	3300025528.a:Ga0207867_1000372	23763	25055	3300025528.a:Ga0207867_1000372_25	+	DB=STP|Aminotran_1_2;ID=3300025528.a:Ga0207867_1000372_25	DB=STP|Aminotran_1_2;ID=3300025528.a:Ga0207867_1000372_25
25	CAZyme	2	0	CGC1	3300025528.a:Ga0207867_1000372	25125	27866	3300025528.a:Ga0207867_1000372_26	+	DB=GH78| GH78|CBM67;ID=3300025528.a:Ga0207867_1000372_26	DB=GH78| GH78|CBM67;ID=3300025528.a:Ga0207867_1000372_26
26	null	null	null	CGC1	3300025528.a:Ga0207867_1000372	27925	28236	3300025528.a:Ga0207867_1000372_27	+	;ID=3300025528.a:Ga0207867_1000372_27
27	null	null	null	CGC1	3300025528.a:Ga0207867_1000372	28302	28952	3300025528.a:Ga0207867_1000372_28	-	;ID=3300025528.a:Ga0207867_1000372_28
28	TF	0	2	CGC1	3300025528.a:Ga0207867_1000372	28991	29401	3300025528.a:Ga0207867_1000372_29	-	DB=DBD-Pfam|Rrf2,DBD-SUPERFAMILY|0045032;ID=3300025528.a:Ga0207867_1000372_29	DB=DBD-Pfam|Rrf2,DBD-SUPERFAMILY|0045032;ID=3300025528.a:Ga0207867_1000372_29
29	TC	3	0	CGC1	3300025528.a:Ga0207867_1000372	29867	31363	3300025528.a:Ga0207867_1000372_30	+	DB=gnl|TC-DB|Q9UM01|2.A.3.8.22;ID=3300025528.a:Ga0207867_1000372_30	DB=gnl|TC-DB|Q9UM01|2.A.3.8.22;ID=3300025528.a:Ga0207867_1000372_30
+++++
58	CAZyme	0	9	CGC1	3300025528.a:Ga0207867_1000058	72961	74457	3300025528.a:Ga0207867_1000058_59	-	DB=GH0|GH32;ID=3300025528.a:Ga0207867_1000058_59	DB=GH0|GH32;ID=3300025528.a:Ga0207867_1000058_59
59	CAZyme	0	0	CGC1	3300025528.a:Ga0207867_1000058	74510	76717	3300025528.a:Ga0207867_1000058_60	+	DB= GT4|GT4;ID=3300025528.a:Ga0207867_1000058_60	DB= GT4|GT4;ID=3300025528.a:Ga0207867_1000058_60
60	CAZyme	1	0	CGC1	3300025528.a:Ga0207867_1000058	76769	79054	3300025528.a:Ga0207867_1000058_61	-	DB=GH3| GH3;ID=3300025528.a:Ga0207867_1000058_61	DB=GH3| GH3;ID=3300025528.a:Ga0207867_1000058_61
61	null	null	null	CGC1	3300025528.a:Ga0207867_1000058	79098	79772	3300025528.a:Ga0207867_1000058_62	-	;ID=3300025528.a:Ga0207867_1000058_62
62	CAZyme	0	1	CGC1	3300025528.a:Ga0207867_1000058	79841	81619	3300025528.a:Ga0207867_1000058_63	-	DB=GH43_28|CBM32| GH43_28;ID=3300025528.a:Ga0207867_1000058_63	DB=GH43_28|CBM32| GH43_28;ID=3300025528.a:Ga0207867_1000058_63
63	CAZyme	2	0	CGC1	3300025528.a:Ga0207867_1000058	81622	82449	3300025528.a:Ga0207867_1000058_64	-	DB=GH16_3;ID=3300025528.a:Ga0207867_1000058_64	DB=GH16_3;ID=3300025528.a:Ga0207867_1000058_64
64	null	null	null	CGC1	3300025528.a:Ga0207867_1000058	82570	83652	3300025528.a:Ga0207867_1000058_65	-	;ID=3300025528.a:Ga0207867_1000058_65
65	null	null	null	CGC1	3300025528.a:Ga0207867_1000058	83689	85236	3300025528.a:Ga0207867_1000058_66	-	;ID=3300025528.a:Ga0207867_1000058_66
66	TC	0	2	CGC1	3300025528.a:Ga0207867_1000058	85329	88433	3300025528.a:Ga0207867_1000058_67	-	DB=gnl|TC-DB|Q45780|1.B.14.6.1;ID=3300025528.a:Ga0207867_1000058_67	DB=gnl|TC-DB|Q45780|1.B.14.6.1;ID=3300025528.a:Ga0207867_1000058_67
67	CAZyme	0	0	CGC1	3300025528.a:Ga0207867_1000058	88625	89971	3300025528.a:Ga0207867_1000058_68	-	DB=GH144| GH144;ID=3300025528.a:Ga0207867_1000058_68	DB=GH144| GH144;ID=3300025528.a:Ga0207867_1000058_68
68	CAZyme	0	0	CGC1	3300025528.a:Ga0207867_1000058	89995	91695	3300025528.a:Ga0207867_1000058_69	-	DB=GH144| GH144;ID=3300025528.a:Ga0207867_1000058_69	DB=GH144| GH144;ID=3300025528.a:Ga0207867_1000058_69
69	TC	0	0	CGC1	3300025528.a:Ga0207867_1000058	91853	93364	3300025528.a:Ga0207867_1000058_70	-	DB=gnl|TC-DB|C6Y217|8.A.46.1.3;ID=3300025528.a:Ga0207867_1000058_70	DB=gnl|TC-DB|C6Y217|8.A.46.1.3;ID=3300025528.a:Ga0207867_1000058_70
70	TC	0	0	CGC1	3300025528.a:Ga0207867_1000058	93424	96681	3300025528.a:Ga0207867_1000058_71	-	DB=gnl|TC-DB|Q45780|1.B.14.6.1;ID=3300025528.a:Ga0207867_1000058_71	DB=gnl|TC-DB|Q45780|1.B.14.6.1;ID=3300025528.a:Ga0207867_1000058_71
71	STP	0	0	CGC1	3300025528.a:Ga0207867_1000058	96807	97868	3300025528.a:Ga0207867_1000058_72	-	DB=STP|FecR;ID=3300025528.a:Ga0207867_1000058_72	DB=STP|FecR;ID=3300025528.a:Ga0207867_1000058_72
72	TF	1	0	CGC1	3300025528.a:Ga0207867_1000058	97937	98536	3300025528.a:Ga0207867_1000058_73	-	DB=DBD-Pfam|GerE;ID=3300025528.a:Ga0207867_1000058_73	DB=DBD-Pfam|GerE;ID=3300025528.a:Ga0207867_1000058_73
73	null	null	null	CGC1	3300025528.a:Ga0207867_1000058	98752	100251	3300025528.a:Ga0207867_1000058_74	+	;ID=3300025528.a:Ga0207867_1000058_74
74	STP	4	1	CGC1	3300025528.a:Ga0207867_1000058	100390	101304	3300025528.a:Ga0207867_1000058_75	+	DB=STP|PfkB;ID=3300025528.a:Ga0207867_1000058_75	DB=STP|PfkB;ID=3300025528.a:Ga0207867_1000058_75
+++++
11	STP	0	8	CGC1	3300025528.a:Ga0207867_1000252	11778	13061	3300025528.a:Ga0207867_1000252_12	+	DB=STP|Pyr_redox_2;ID=3300025528.a:Ga0207867_1000252_12	DB=STP|Pyr_redox_2;ID=3300025528.a:Ga0207867_1000252_12
12	CAZyme	0	0	CGC1	3300025528.a:Ga0207867_1000252	13139	14716	3300025528.a:Ga0207867_1000252_13	-	DB=GH20| GH20;ID=3300025528.a:Ga0207867_1000252_13	DB=GH20| GH20;ID=3300025528.a:Ga0207867_1000252_13
13	TF	0	0	CGC1	3300025528.a:Ga0207867_1000252	15052	15729	3300025528.a:Ga0207867_1000252_14	+	DB=DBD-Pfam|Trans_reg_C;ID=3300025528.a:Ga0207867_1000252_14	DB=DBD-Pfam|Trans_reg_C;ID=3300025528.a:Ga0207867_1000252_14
14	STP	1	0	CGC1	3300025528.a:Ga0207867_1000252	15731	17068	3300025528.a:Ga0207867_1000252_15	+	DB=STP|HisKA,STP|HATPase_c;ID=3300025528.a:Ga0207867_1000252_15	DB=STP|HisKA,STP|HATPase_c;ID=3300025528.a:Ga0207867_1000252_15
15	null	null	null	CGC1	3300025528.a:Ga0207867_1000252	17156	18415	3300025528.a:Ga0207867_1000252_16	+	;ID=3300025528.a:Ga0207867_1000252_16
16	TC	0	1	CGC1	3300025528.a:Ga0207867_1000252	18417	19517	3300025528.a:Ga0207867_1000252_17	+	DB=gnl|TC-DB|Q88RT5|2.A.6.1.5;ID=3300025528.a:Ga0207867_1000252_17	DB=gnl|TC-DB|Q88RT5|2.A.6.1.5;ID=3300025528.a:Ga0207867_1000252_17
17	TC	4	0	CGC1	3300025528.a:Ga0207867_1000252	19514	22609	3300025528.a:Ga0207867_1000252_18	+	DB=gnl|TC-DB|Q1LCE8|2.A.6.1.17;ID=3300025528.a:Ga0207867_1000252_18	DB=gnl|TC-DB|Q1LCE8|2.A.6.1.17;ID=3300025528.a:Ga0207867_1000252_18
+++++
42	TC	0	3	CGC1	3300025528.a:Ga0207867_1000013	47686	48618	3300025528.a:Ga0207867_1000013_43	-	DB=gnl|TC-DB|D2QPR7|9.B.168.1.3;ID=3300025528.a:Ga0207867_1000013_43	DB=gnl|TC-DB|D2QPR7|9.B.168.1.3;ID=3300025528.a:Ga0207867_1000013_43
43	TF	1	0	CGC1	3300025528.a:Ga0207867_1000013	49246	49713	3300025528.a:Ga0207867_1000013_44	+	DB=DBD-Pfam|HTH_11,DBD-SUPERFAMILY|0040266;ID=3300025528.a:Ga0207867_1000013_44	DB=DBD-Pfam|HTH_11,DBD-SUPERFAMILY|0040266;ID=3300025528.a:Ga0207867_1000013_44
44	null	null	null	CGC1	3300025528.a:Ga0207867_1000013	49734	51833	3300025528.a:Ga0207867_1000013_45	-	;ID=3300025528.a:Ga0207867_1000013_45
45	CAZyme	0	1	CGC1	3300025528.a:Ga0207867_1000013	51971	54559	3300025528.a:Ga0207867_1000013_46	-	DB=GH13_10|GH13|CBM48;ID=3300025528.a:Ga0207867_1000013_46	DB=GH13_10|GH13|CBM48;ID=3300025528.a:Ga0207867_1000013_46
46	STP	0	0	CGC1	3300025528.a:Ga0207867_1000013	54721	55428	3300025528.a:Ga0207867_1000013_47	+	DB=STP|NUDIX;ID=3300025528.a:Ga0207867_1000013_47	DB=STP|NUDIX;ID=3300025528.a:Ga0207867_1000013_47
47	TC	0	0	CGC1	3300025528.a:Ga0207867_1000013	55549	58548	3300025528.a:Ga0207867_1000013_48	+	DB=gnl|TC-DB|Q45780|1.B.14.6.1;ID=3300025528.a:Ga0207867_1000013_48	DB=gnl|TC-DB|Q45780|1.B.14.6.1;ID=3300025528.a:Ga0207867_1000013_48
48	TC	7	0	CGC1	3300025528.a:Ga0207867_1000013	58569	60185	3300025528.a:Ga0207867_1000013_49	+	DB=gnl|TC-DB|Q8A1G2|8.A.46.1.1;ID=3300025528.a:Ga0207867_1000013_49	DB=gnl|TC-DB|Q8A1G2|8.A.46.1.1;ID=3300025528.a:Ga0207867_1000013_49
+++++
103	TF	0	5	CGC1	3300025528.a:Ga0207867_1000019	136438	136878	3300025528.a:Ga0207867_1000019_104	-	DB=DBD-Pfam|MarR,DBD-SUPERFAMILY|0040517;ID=3300025528.a:Ga0207867_1000019_104	DB=DBD-Pfam|MarR,DBD-SUPERFAMILY|0040517;ID=3300025528.a:Ga0207867_1000019_104
104	CAZyme	0	0	CGC1	3300025528.a:Ga0207867_1000019	137026	138156	3300025528.a:Ga0207867_1000019_105	+	DB=GT2| GT2;ID=3300025528.a:Ga0207867_1000019_105	DB=GT2| GT2;ID=3300025528.a:Ga0207867_1000019_105
105	TC	0	0	CGC1	3300025528.a:Ga0207867_1000019	138211	139287	3300025528.a:Ga0207867_1000019_106	+	DB=gnl|TC-DB|P42063|3.A.1.5.20;ID=3300025528.a:Ga0207867_1000019_106	DB=gnl|TC-DB|P42063|3.A.1.5.20;ID=3300025528.a:Ga0207867_1000019_106
106	STP	7	0	CGC1	3300025528.a:Ga0207867_1000019	139325	140236	3300025528.a:Ga0207867_1000019_107	-	DB=STP|PALP;ID=3300025528.a:Ga0207867_1000019_107	DB=STP|PALP;ID=3300025528.a:Ga0207867_1000019_107
+++++
107	TC	1	6	CGC1	3300025528.a:Ga0207867_1000035	135563	136702	3300025528.a:Ga0207867_1000035_108	+	DB=gnl|TC-DB|Q74FY6|5.B.3.1.1;ID=3300025528.a:Ga0207867_1000035_108	DB=gnl|TC-DB|Q74FY6|5.B.3.1.1;ID=3300025528.a:Ga0207867_1000035_108
108	null	null	null	CGC1	3300025528.a:Ga0207867_1000035	136761	138125	3300025528.a:Ga0207867_1000035_109	-	;ID=3300025528.a:Ga0207867_1000035_109
109	STP	2	1	CGC1	3300025528.a:Ga0207867_1000035	138252	139427	3300025528.a:Ga0207867_1000035_110	-	DB=STP|Aminotran_1_2;ID=3300025528.a:Ga0207867_1000035_110	DB=STP|Aminotran_1_2;ID=3300025528.a:Ga0207867_1000035_110
110	null	null	null	CGC1	3300025528.a:Ga0207867_1000035	139458	140105	3300025528.a:Ga0207867_1000035_111	-	;ID=3300025528.a:Ga0207867_1000035_111
111	null	null	null	CGC1	3300025528.a:Ga0207867_1000035	140179	141429	3300025528.a:Ga0207867_1000035_112	-	;ID=3300025528.a:Ga0207867_1000035_112
112	TC	2	2	CGC1	3300025528.a:Ga0207867_1000035	141562	141798	3300025528.a:Ga0207867_1000035_113	-	DB=gnl|TC-DB|P11943|3.D.1.6.2;ID=3300025528.a:Ga0207867_1000035_113	DB=gnl|TC-DB|P11943|3.D.1.6.2;ID=3300025528.a:Ga0207867_1000035_113
113	null	null	null	CGC1	3300025528.a:Ga0207867_1000035	141949	142377	3300025528.a:Ga0207867_1000035_114	+	;ID=3300025528.a:Ga0207867_1000035_114
114	null	null	null	CGC1	3300025528.a:Ga0207867_1000035	142389	142862	3300025528.a:Ga0207867_1000035_115	-	;ID=3300025528.a:Ga0207867_1000035_115
115	TF	2	2	CGC1	3300025528.a:Ga0207867_1000035	142990	143850	3300025528.a:Ga0207867_1000035_116	-	DB=DBD-SUPERFAMILY|0044030;ID=3300025528.a:Ga0207867_1000035_116	DB=DBD-SUPERFAMILY|0044030;ID=3300025528.a:Ga0207867_1000035_116
116	null	null	null	CGC1	3300025528.a:Ga0207867_1000035	143856	147218	3300025528.a:Ga0207867_1000035_117	-	;ID=3300025528.a:Ga0207867_1000035_117
117	null	null	null	CGC1	3300025528.a:Ga0207867_1000035	147504	149213	3300025528.a:Ga0207867_1000035_118	-	;ID=3300025528.a:Ga0207867_1000035_118
118	TC	0	2	CGC1	3300025528.a:Ga0207867_1000035	149264	150514	3300025528.a:Ga0207867_1000035_119	-	DB=gnl|TC-DB|A7LYG9|2.A.1.33.2;ID=3300025528.a:Ga0207867_1000035_119	DB=gnl|TC-DB|A7LYG9|2.A.1.33.2;ID=3300025528.a:Ga0207867_1000035_119
119	CAZyme	0	0	CGC1	3300025528.a:Ga0207867_1000035	150519	151571	3300025528.a:Ga0207867_1000035_120	-	DB=GH130| GH130;ID=3300025528.a:Ga0207867_1000035_120	DB=GH130| GH130;ID=3300025528.a:Ga0207867_1000035_120
120	TC	0	0	CGC1	3300025528.a:Ga0207867_1000035	151674	153152	3300025528.a:Ga0207867_1000035_121	-	DB=gnl|TC-DB|C6Y217|8.A.46.1.3;ID=3300025528.a:Ga0207867_1000035_121	DB=gnl|TC-DB|C6Y217|8.A.46.1.3;ID=3300025528.a:Ga0207867_1000035_121
121	TC	0	0	CGC1	3300025528.a:Ga0207867_1000035	153171	156308	3300025528.a:Ga0207867_1000035_122	-	DB=gnl|TC-DB|Q45780|1.B.14.6.1;ID=3300025528.a:Ga0207867_1000035_122	DB=gnl|TC-DB|Q45780|1.B.14.6.1;ID=3300025528.a:Ga0207867_1000035_122
122	TF	null	0	CGC1	3300025528.a:Ga0207867_1000035	156516	160628	3300025528.a:Ga0207867_1000035_123	-	DB=DBD-Pfam|HTH_AraC,DBD-SUPERFAMILY|0035607;ID=3300025528.a:Ga0207867_1000035_123	DB=DBD-Pfam|HTH_AraC,DBD-SUPERFAMILY|0035607;ID=3300025528.a:Ga0207867_1000035_123
+++++
12	CAZyme	0	5	CGC1	3300025528.a:Ga0207867_1000249	11467	12510	3300025528.a:Ga0207867_1000249_13	-	DB= GH43_26|GH43_26|GH43_34;ID=3300025528.a:Ga0207867_1000249_13	DB= GH43_26|GH43_26|GH43_34;ID=3300025528.a:Ga0207867_1000249_13
13	CAZyme	0	0	CGC1	3300025528.a:Ga0207867_1000249	12558	13502	3300025528.a:Ga0207867_1000249_14	-	DB=GH43_31;ID=3300025528.a:Ga0207867_1000249_14	DB=GH43_31;ID=3300025528.a:Ga0207867_1000249_14
14	CAZyme	0	0	CGC1	3300025528.a:Ga0207867_1000249	13533	14684	3300025528.a:Ga0207867_1000249_15	-	DB=GH5_13| GH5_13;ID=3300025528.a:Ga0207867_1000249_15	DB=GH5_13| GH5_13;ID=3300025528.a:Ga0207867_1000249_15
15	CAZyme	0	0	CGC1	3300025528.a:Ga0207867_1000249	14755	16830	3300025528.a:Ga0207867_1000249_16	-	DB=CBM13|GH127;ID=3300025528.a:Ga0207867_1000249_16	DB=CBM13|GH127;ID=3300025528.a:Ga0207867_1000249_16
16	CAZyme	0	0	CGC1	3300025528.a:Ga0207867_1000249	16850	18706	3300025528.a:Ga0207867_1000249_17	-	DB=GH2| GH2;ID=3300025528.a:Ga0207867_1000249_17	DB=GH2| GH2;ID=3300025528.a:Ga0207867_1000249_17
17	CAZyme	0	0	CGC1	3300025528.a:Ga0207867_1000249	18938	19909	3300025528.a:Ga0207867_1000249_18	-	DB= GH43_3|GH43_3;ID=3300025528.a:Ga0207867_1000249_18	DB= GH43_3|GH43_3;ID=3300025528.a:Ga0207867_1000249_18
18	CAZyme	1	0	CGC1	3300025528.a:Ga0207867_1000249	19938	21128	3300025528.a:Ga0207867_1000249_19	-	DB=GH93|GH43_31;ID=3300025528.a:Ga0207867_1000249_19	DB=GH93|GH43_31;ID=3300025528.a:Ga0207867_1000249_19
19	null	null	null	CGC1	3300025528.a:Ga0207867_1000249	21161	22687	3300025528.a:Ga0207867_1000249_20	-	;ID=3300025528.a:Ga0207867_1000249_20
20	TC	0	1	CGC1	3300025528.a:Ga0207867_1000249	22718	25762	3300025528.a:Ga0207867_1000249_21	-	DB=gnl|TC-DB|Q45780|1.B.14.6.1;ID=3300025528.a:Ga0207867_1000249_21	DB=gnl|TC-DB|Q45780|1.B.14.6.1;ID=3300025528.a:Ga0207867_1000249_21
21	CAZyme	0	0	CGC1	3300025528.a:Ga0207867_1000249	25840	26922	3300025528.a:Ga0207867_1000249_22	-	DB= GH43_3|GH43_3;ID=3300025528.a:Ga0207867_1000249_22	DB= GH43_3|GH43_3;ID=3300025528.a:Ga0207867_1000249_22
22	STP	0	0	CGC1	3300025528.a:Ga0207867_1000249	27153	30248	3300025528.a:Ga0207867_1000249_23	+	DB=STP|Reg_prop,STP|Reg_prop,STP|Reg_prop,STP|Y_Y_Y,STP|HisKA,STP|HATPase_c;ID=3300025528.a:Ga0207867_1000249_23	DB=STP|Reg_prop,STP|Reg_prop,STP|Reg_prop,STP|Y_Y_Y,STP|HisKA,STP|HATPase_c;ID=3300025528.a:Ga0207867_1000249_23
23	TF	3	0	CGC1	3300025528.a:Ga0207867_1000249	30255	31034	3300025528.a:Ga0207867_1000249_24	+	DB=DBD-Pfam|HTH_AraC,DBD-SUPERFAMILY|0036286,DBD-SUPERFAMILY|0035607;ID=3300025528.a:Ga0207867_1000249_24	DB=DBD-Pfam|HTH_AraC,DBD-SUPERFAMILY|0036286,DBD-SUPERFAMILY|0035607;ID=3300025528.a:Ga0207867_1000249_24
+++++
35	CAZyme	0	3	CGC1	3300025528.a:Ga0207867_1000216	33709	34686	3300025528.a:Ga0207867_1000216_36	+	DB=GH73;ID=3300025528.a:Ga0207867_1000216_36	DB=GH73;ID=3300025528.a:Ga0207867_1000216_36
36	STP	1	0	CGC1	3300025528.a:Ga0207867_1000216	34708	35244	3300025528.a:Ga0207867_1000216_37	+	DB=STP|Pribosyltran;ID=3300025528.a:Ga0207867_1000216_37	DB=STP|Pribosyltran;ID=3300025528.a:Ga0207867_1000216_37
37	null	null	null	CGC1	3300025528.a:Ga0207867_1000216	35261	35704	3300025528.a:Ga0207867_1000216_38	+	;ID=3300025528.a:Ga0207867_1000216_38
38	TF	1	1	CGC1	3300025528.a:Ga0207867_1000216	35748	36110	3300025528.a:Ga0207867_1000216_39	-	DB=DBD-Pfam|Pencillinase_R,DBD-SUPERFAMILY|0041905;ID=3300025528.a:Ga0207867_1000216_39	DB=DBD-Pfam|Pencillinase_R,DBD-SUPERFAMILY|0041905;ID=3300025528.a:Ga0207867_1000216_39
39	null	null	null	CGC1	3300025528.a:Ga0207867_1000216	36233	36715	3300025528.a:Ga0207867_1000216_40	+	;ID=3300025528.a:Ga0207867_1000216_40
40	TC	0	1	CGC1	3300025528.a:Ga0207867_1000216	36779	38203	3300025528.a:Ga0207867_1000216_41	-	DB=gnl|TC-DB|Q8TZX5|2.A.66.1.45;ID=3300025528.a:Ga0207867_1000216_41	DB=gnl|TC-DB|Q8TZX5|2.A.66.1.45;ID=3300025528.a:Ga0207867_1000216_41
41	TC	1	0	CGC1	3300025528.a:Ga0207867_1000216	38495	40396	3300025528.a:Ga0207867_1000216_42	-	DB=gnl|TC-DB|P0A6Y8|1.A.33.1.2;ID=3300025528.a:Ga0207867_1000216_42	DB=gnl|TC-DB|P0A6Y8|1.A.33.1.2;ID=3300025528.a:Ga0207867_1000216_42
42	null	null	null	CGC1	3300025528.a:Ga0207867_1000216	40652	41353	3300025528.a:Ga0207867_1000216_43	+	;ID=3300025528.a:Ga0207867_1000216_43
43	STP	2	1	CGC1	3300025528.a:Ga0207867_1000216	41596	42156	3300025528.a:Ga0207867_1000216_44	+	DB=STP|Sigma70_r2,STP|Sigma70_r4_2;ID=3300025528.a:Ga0207867_1000216_44	DB=STP|Sigma70_r2,STP|Sigma70_r4_2;ID=3300025528.a:Ga0207867_1000216_44
44	null	null	null	CGC1	3300025528.a:Ga0207867_1000216	42160	43509	3300025528.a:Ga0207867_1000216_45	+	;ID=3300025528.a:Ga0207867_1000216_45
45	null	null	null	CGC1	3300025528.a:Ga0207867_1000216	43911	45014	3300025528.a:Ga0207867_1000216_46	-	;ID=3300025528.a:Ga0207867_1000216_46
46	STP	3	2	CGC1	3300025528.a:Ga0207867_1000216	45301	46470	3300025528.a:Ga0207867_1000216_47	+	DB=STP|HD;ID=3300025528.a:Ga0207867_1000216_47	DB=STP|HD;ID=3300025528.a:Ga0207867_1000216_47
+++++
53	TC	1	6	CGC1	3300025528.a:Ga0207867_1000028	64885	68046	3300025528.a:Ga0207867_1000028_54	-	DB=gnl|TC-DB|Q45780|1.B.14.6.1;ID=3300025528.a:Ga0207867_1000028_54	DB=gnl|TC-DB|Q45780|1.B.14.6.1;ID=3300025528.a:Ga0207867_1000028_54
54	null	null	null	CGC1	3300025528.a:Ga0207867_1000028	68451	69854	3300025528.a:Ga0207867_1000028_55	+	;ID=3300025528.a:Ga0207867_1000028_55
55	CAZyme	1	1	CGC1	3300025528.a:Ga0207867_1000028	69938	71014	3300025528.a:Ga0207867_1000028_56	+	DB=GH43_33| GH43_33;ID=3300025528.a:Ga0207867_1000028_56	DB=GH43_33| GH43_33;ID=3300025528.a:Ga0207867_1000028_56
56	null	null	null	CGC1	3300025528.a:Ga0207867_1000028	71017	71850	3300025528.a:Ga0207867_1000028_57	-	;ID=3300025528.a:Ga0207867_1000028_57
57	CAZyme	0	1	CGC1	3300025528.a:Ga0207867_1000028	71904	74147	3300025528.a:Ga0207867_1000028_58	-	DB=GH2| GH2;ID=3300025528.a:Ga0207867_1000028_58	DB=GH2| GH2;ID=3300025528.a:Ga0207867_1000028_58
58	CAZyme	0	0	CGC1	3300025528.a:Ga0207867_1000028	74339	77062	3300025528.a:Ga0207867_1000028_59	-	DB=GH78| GH78|CBM67;ID=3300025528.a:Ga0207867_1000028_59	DB=GH78| GH78|CBM67;ID=3300025528.a:Ga0207867_1000028_59
59	CAZyme	0	0	CGC1	3300025528.a:Ga0207867_1000028	77070	79880	3300025528.a:Ga0207867_1000028_60	-	DB=GH2| GH2;ID=3300025528.a:Ga0207867_1000028_60	DB=GH2| GH2;ID=3300025528.a:Ga0207867_1000028_60
60	CAZyme	0	0	CGC1	3300025528.a:Ga0207867_1000028	79903	81441	3300025528.a:Ga0207867_1000028_61	-	DB=GH142| GH142;ID=3300025528.a:Ga0207867_1000028_61	DB=GH142| GH142;ID=3300025528.a:Ga0207867_1000028_61
61	CAZyme	0	0	CGC1	3300025528.a:Ga0207867_1000028	81445	83277	3300025528.a:Ga0207867_1000028_62	-	DB= GH143|GH143;ID=3300025528.a:Ga0207867_1000028_62	DB= GH143|GH143;ID=3300025528.a:Ga0207867_1000028_62
62	CAZyme	0	0	CGC1	3300025528.a:Ga0207867_1000028	83277	84200	3300025528.a:Ga0207867_1000028_63	-	DB=GH43_18| GH43_18;ID=3300025528.a:Ga0207867_1000028_63	DB=GH43_18| GH43_18;ID=3300025528.a:Ga0207867_1000028_63
63	CAZyme	0	0	CGC1	3300025528.a:Ga0207867_1000028	84224	85594	3300025528.a:Ga0207867_1000028_64	-	DB=GH140| GH140;ID=3300025528.a:Ga0207867_1000028_64	DB=GH140| GH140;ID=3300025528.a:Ga0207867_1000028_64
64	TC	0	0	CGC1	3300025528.a:Ga0207867_1000028	85897	87657	3300025528.a:Ga0207867_1000028_65	-	DB=gnl|TC-DB|G0IYY9|8.A.46.1.6;ID=3300025528.a:Ga0207867_1000028_65	DB=gnl|TC-DB|G0IYY9|8.A.46.1.6;ID=3300025528.a:Ga0207867_1000028_65
65	TC	0	0	CGC1	3300025528.a:Ga0207867_1000028	87788	91153	3300025528.a:Ga0207867_1000028_66	-	DB=gnl|TC-DB|Q45780|1.B.14.6.1;ID=3300025528.a:Ga0207867_1000028_66	DB=gnl|TC-DB|Q45780|1.B.14.6.1;ID=3300025528.a:Ga0207867_1000028_66
66	STP	0	0	CGC1	3300025528.a:Ga0207867_1000028	91293	92378	3300025528.a:Ga0207867_1000028_67	-	DB=STP|FecR;ID=3300025528.a:Ga0207867_1000028_67	DB=STP|FecR;ID=3300025528.a:Ga0207867_1000028_67
67	TF	1	0	CGC1	3300025528.a:Ga0207867_1000028	92439	93002	3300025528.a:Ga0207867_1000028_68	-	DB=DBD-Pfam|GerE;ID=3300025528.a:Ga0207867_1000028_68	DB=DBD-Pfam|GerE;ID=3300025528.a:Ga0207867_1000028_68
68	null	null	null	CGC1	3300025528.a:Ga0207867_1000028	93056	96304	3300025528.a:Ga0207867_1000028_69	-	;ID=3300025528.a:Ga0207867_1000028_69
69	CAZyme	1	1	CGC1	3300025528.a:Ga0207867_1000028	96308	97948	3300025528.a:Ga0207867_1000028_70	-	DB= PL1_2|PL1_2;ID=3300025528.a:Ga0207867_1000028_70	DB= PL1_2|PL1_2;ID=3300025528.a:Ga0207867_1000028_70
70	null	null	null	CGC1	3300025528.a:Ga0207867_1000028	98026	100002	3300025528.a:Ga0207867_1000028_71	-	;ID=3300025528.a:Ga0207867_1000028_71
71	TC	2	1	CGC1	3300025528.a:Ga0207867_1000028	100039	103371	3300025528.a:Ga0207867_1000028_72	-	DB=gnl|TC-DB|Q45780|1.B.14.6.1;ID=3300025528.a:Ga0207867_1000028_72	DB=gnl|TC-DB|Q45780|1.B.14.6.1;ID=3300025528.a:Ga0207867_1000028_72
72	null	null	null	CGC1	3300025528.a:Ga0207867_1000028	103398	104060	3300025528.a:Ga0207867_1000028_73	-	;ID=3300025528.a:Ga0207867_1000028_73
73	null	null	null	CGC1	3300025528.a:Ga0207867_1000028	104116	104232	3300025528.a:Ga0207867_1000028_74	+	;ID=3300025528.a:Ga0207867_1000028_74
74	CAZyme	0	2	CGC1	3300025528.a:Ga0207867_1000028	104216	106615	3300025528.a:Ga0207867_1000028_75	-	DB=GH2| GH2;ID=3300025528.a:Ga0207867_1000028_75	DB=GH2| GH2;ID=3300025528.a:Ga0207867_1000028_75
75	CAZyme	0	0	CGC1	3300025528.a:Ga0207867_1000028	106657	107745	3300025528.a:Ga0207867_1000028_76	-	DB= GH137|GH137;ID=3300025528.a:Ga0207867_1000028_76	DB= GH137|GH137;ID=3300025528.a:Ga0207867_1000028_76
76	CAZyme	0	0	CGC1	3300025528.a:Ga0207867_1000028	107742	110456	3300025528.a:Ga0207867_1000028_77	-	DB=GH78| GH78|CBM67;ID=3300025528.a:Ga0207867_1000028_77	DB=GH78| GH78|CBM67;ID=3300025528.a:Ga0207867_1000028_77
77	CAZyme	0	0	CGC1	3300025528.a:Ga0207867_1000028	110479	113301	3300025528.a:Ga0207867_1000028_78	-	DB= GH95|GH95;ID=3300025528.a:Ga0207867_1000028_78	DB= GH95|GH95;ID=3300025528.a:Ga0207867_1000028_78
78	CAZyme	0	0	CGC1	3300025528.a:Ga0207867_1000028	113310	114866	3300025528.a:Ga0207867_1000028_79	-	DB=GH28| GH28;ID=3300025528.a:Ga0207867_1000028_79	DB=GH28| GH28;ID=3300025528.a:Ga0207867_1000028_79
79	CAZyme	1	0	CGC1	3300025528.a:Ga0207867_1000028	114891	117626	3300025528.a:Ga0207867_1000028_80	-	DB=GH138| GH138;ID=3300025528.a:Ga0207867_1000028_80	DB=GH138| GH138;ID=3300025528.a:Ga0207867_1000028_80
80	null	null	null	CGC1	3300025528.a:Ga0207867_1000028	117633	118688	3300025528.a:Ga0207867_1000028_81	-	;ID=3300025528.a:Ga0207867_1000028_81
81	TC	3	1	CGC1	3300025528.a:Ga0207867_1000028	118685	119716	3300025528.a:Ga0207867_1000028_82	-	DB=gnl|TC-DB|P27125|2.A.7.6.1;ID=3300025528.a:Ga0207867_1000028_82	DB=gnl|TC-DB|P27125|2.A.7.6.1;ID=3300025528.a:Ga0207867_1000028_82
+++++
41	CAZyme	0	6	CGC1	3300025528.a:Ga0207867_1000170	47542	50070	3300025528.a:Ga0207867_1000170_42	+	DB= GH141|GH141;ID=3300025528.a:Ga0207867_1000170_42	DB= GH141|GH141;ID=3300025528.a:Ga0207867_1000170_42
42	CAZyme	0	0	CGC1	3300025528.a:Ga0207867_1000170	50097	51182	3300025528.a:Ga0207867_1000170_43	+	DB=GH109;ID=3300025528.a:Ga0207867_1000170_43	DB=GH109;ID=3300025528.a:Ga0207867_1000170_43
43	TC	0	0	CGC1	3300025528.a:Ga0207867_1000170	51242	52816	3300025528.a:Ga0207867_1000170_44	+	DB=gnl|TC-DB|Q2M3M2|2.A.21.3.17;ID=3300025528.a:Ga0207867_1000170_44	DB=gnl|TC-DB|Q2M3M2|2.A.21.3.17;ID=3300025528.a:Ga0207867_1000170_44
44	CAZyme	0	0	CGC1	3300025528.a:Ga0207867_1000170	52818	54989	3300025528.a:Ga0207867_1000170_45	+	DB=GH78| GH78;ID=3300025528.a:Ga0207867_1000170_45	DB=GH78| GH78;ID=3300025528.a:Ga0207867_1000170_45
45	CAZyme	0	0	CGC1	3300025528.a:Ga0207867_1000170	55024	57033	3300025528.a:Ga0207867_1000170_46	+	DB=GH127| GH127;ID=3300025528.a:Ga0207867_1000170_46	DB=GH127| GH127;ID=3300025528.a:Ga0207867_1000170_46
46	CAZyme	1	0	CGC1	3300025528.a:Ga0207867_1000170	57113	60478	3300025528.a:Ga0207867_1000170_47	+	DB= GH106|GH106;ID=3300025528.a:Ga0207867_1000170_47	DB= GH106|GH106;ID=3300025528.a:Ga0207867_1000170_47
47	null	null	null	CGC1	3300025528.a:Ga0207867_1000170	60592	61914	3300025528.a:Ga0207867_1000170_48	+	;ID=3300025528.a:Ga0207867_1000170_48
48	CAZyme	0	1	CGC1	3300025528.a:Ga0207867_1000170	61961	64255	3300025528.a:Ga0207867_1000170_49	-	DB= GH139|GH139;ID=3300025528.a:Ga0207867_1000170_49	DB= GH139|GH139;ID=3300025528.a:Ga0207867_1000170_49
49	TF	0	0	CGC1	3300025528.a:Ga0207867_1000170	64457	65362	3300025528.a:Ga0207867_1000170_50	+	DB=DBD-Pfam|HTH_AraC,DBD-Pfam|HTH_AraC,DBD-SUPERFAMILY|0036286,DBD-SUPERFAMILY|0035607;ID=3300025528.a:Ga0207867_1000170_50	DB=DBD-Pfam|HTH_AraC,DBD-Pfam|HTH_AraC,DBD-SUPERFAMILY|0036286,DBD-SUPERFAMILY|0035607;ID=3300025528.a:Ga0207867_1000170_50
50	TF	0	0	CGC1	3300025528.a:Ga0207867_1000170	65367	66131	3300025528.a:Ga0207867_1000170_51	-	DB=DBD-Pfam|HTH_DeoR,DBD-SUPERFAMILY|0043758;ID=3300025528.a:Ga0207867_1000170_51	DB=DBD-Pfam|HTH_DeoR,DBD-SUPERFAMILY|0043758;ID=3300025528.a:Ga0207867_1000170_51
51	TC	0	0	CGC1	3300025528.a:Ga0207867_1000170	66469	69657	3300025528.a:Ga0207867_1000170_52	+	DB=gnl|TC-DB|Q45780|1.B.14.6.1;ID=3300025528.a:Ga0207867_1000170_52	DB=gnl|TC-DB|Q45780|1.B.14.6.1;ID=3300025528.a:Ga0207867_1000170_52
52	TC	1	0	CGC1	3300025528.a:Ga0207867_1000170	69709	71490	3300025528.a:Ga0207867_1000170_53	+	DB=gnl|TC-DB|C6Y217|8.A.46.1.3;ID=3300025528.a:Ga0207867_1000170_53	DB=gnl|TC-DB|C6Y217|8.A.46.1.3;ID=3300025528.a:Ga0207867_1000170_53
53	null	null	null	CGC1	3300025528.a:Ga0207867_1000170	71557	73077	3300025528.a:Ga0207867_1000170_54	+	;ID=3300025528.a:Ga0207867_1000170_54
54	CAZyme	2	1	CGC1	3300025528.a:Ga0207867_1000170	73082	74521	3300025528.a:Ga0207867_1000170_55	+	DB= PL1_2|PL1_2;ID=3300025528.a:Ga0207867_1000170_55	DB= PL1_2|PL1_2;ID=3300025528.a:Ga0207867_1000170_55
55	null	null	null	CGC1	3300025528.a:Ga0207867_1000170	74793	75500	3300025528.a:Ga0207867_1000170_56	+	;ID=3300025528.a:Ga0207867_1000170_56
56	null	null	null	CGC1	3300025528.a:Ga0207867_1000170	75617	76717	3300025528.a:Ga0207867_1000170_57	+	;ID=3300025528.a:Ga0207867_1000170_57
57	STP	null	2	CGC1	3300025528.a:Ga0207867_1000170	76714	77160	3300025528.a:Ga0207867_1000170_58	-	DB=STP|NUDIX;ID=3300025528.a:Ga0207867_1000170_58	DB=STP|NUDIX;ID=3300025528.a:Ga0207867_1000170_58
+++++
43	TF	0	23	CGC1	3300025528.a:Ga0207867_1000029	48052	49080	3300025528.a:Ga0207867_1000029_44	+	DB=DBD-Pfam|LacI,DBD-SUPERFAMILY|0036955;ID=3300025528.a:Ga0207867_1000029_44	DB=DBD-Pfam|LacI,DBD-SUPERFAMILY|0036955;ID=3300025528.a:Ga0207867_1000029_44
44	STP	2	0	CGC1	3300025528.a:Ga0207867_1000029	49326	49955	3300025528.a:Ga0207867_1000029_45	-	DB=STP|Nitroreductase;ID=3300025528.a:Ga0207867_1000029_45	DB=STP|Nitroreductase;ID=3300025528.a:Ga0207867_1000029_45
45	null	null	null	CGC1	3300025528.a:Ga0207867_1000029	49958	50674	3300025528.a:Ga0207867_1000029_46	-	;ID=3300025528.a:Ga0207867_1000029_46
46	null	null	null	CGC1	3300025528.a:Ga0207867_1000029	50671	51588	3300025528.a:Ga0207867_1000029_47	-	;ID=3300025528.a:Ga0207867_1000029_47
47	STP	0	2	CGC1	3300025528.a:Ga0207867_1000029	51687	52274	3300025528.a:Ga0207867_1000029_48	-	DB=STP|cNMP_binding;ID=3300025528.a:Ga0207867_1000029_48	DB=STP|cNMP_binding;ID=3300025528.a:Ga0207867_1000029_48
48	TF	0	0	CGC1	3300025528.a:Ga0207867_1000029	52535	53581	3300025528.a:Ga0207867_1000029_49	+	DB=DBD-Pfam|LacI,DBD-SUPERFAMILY|0044558;ID=3300025528.a:Ga0207867_1000029_49	DB=DBD-Pfam|LacI,DBD-SUPERFAMILY|0044558;ID=3300025528.a:Ga0207867_1000029_49
49	TC	0	0	CGC1	3300025528.a:Ga0207867_1000029	53610	54626	3300025528.a:Ga0207867_1000029_50	+	DB=gnl|TC-DB|Q9X053|3.A.1.2.19;ID=3300025528.a:Ga0207867_1000029_50	DB=gnl|TC-DB|Q9X053|3.A.1.2.19;ID=3300025528.a:Ga0207867_1000029_50
50	TC	0	0	CGC1	3300025528.a:Ga0207867_1000029	54630	56135	3300025528.a:Ga0207867_1000029_51	+	DB=gnl|TC-DB|Q9X051|3.A.1.2.19;ID=3300025528.a:Ga0207867_1000029_51	DB=gnl|TC-DB|Q9X051|3.A.1.2.19;ID=3300025528.a:Ga0207867_1000029_51
51	TC	2	0	CGC1	3300025528.a:Ga0207867_1000029	56116	57045	3300025528.a:Ga0207867_1000029_52	+	DB=gnl|TC-DB|A6VKS9|3.A.1.2.13;ID=3300025528.a:Ga0207867_1000029_52	DB=gnl|TC-DB|A6VKS9|3.A.1.2.13;ID=3300025528.a:Ga0207867_1000029_52
52	null	null	null	CGC1	3300025528.a:Ga0207867_1000029	57054	58535	3300025528.a:Ga0207867_1000029_53	+	;ID=3300025528.a:Ga0207867_1000029_53
53	null	null	null	CGC1	3300025528.a:Ga0207867_1000029	58580	59464	3300025528.a:Ga0207867_1000029_54	+	;ID=3300025528.a:Ga0207867_1000029_54
54	CAZyme	3	2	CGC1	3300025528.a:Ga0207867_1000029	59591	60619	3300025528.a:Ga0207867_1000029_55	+	DB= CE8|CE8;ID=3300025528.a:Ga0207867_1000029_55	DB= CE8|CE8;ID=3300025528.a:Ga0207867_1000029_55
+++++
77	CAZyme	0	4	CGC1	3300025528.a:Ga0207867_1000025	77887	79293	3300025528.a:Ga0207867_1000025_78	+	DB= CE11|CE11;ID=3300025528.a:Ga0207867_1000025_78	DB= CE11|CE11;ID=3300025528.a:Ga0207867_1000025_78
78	STP	0	0	CGC1	3300025528.a:Ga0207867_1000025	79511	81490	3300025528.a:Ga0207867_1000025_79	+	DB=STP|HATPase_c;ID=3300025528.a:Ga0207867_1000025_79	DB=STP|HATPase_c;ID=3300025528.a:Ga0207867_1000025_79
79	TF	0	0	CGC1	3300025528.a:Ga0207867_1000025	81645	82544	3300025528.a:Ga0207867_1000025_80	-	DB=DBD-Pfam|HTH_AraC,DBD-Pfam|HTH_AraC,DBD-SUPERFAMILY|0036286,DBD-SUPERFAMILY|0035607;ID=3300025528.a:Ga0207867_1000025_80	DB=DBD-Pfam|HTH_AraC,DBD-Pfam|HTH_AraC,DBD-SUPERFAMILY|0036286,DBD-SUPERFAMILY|0035607;ID=3300025528.a:Ga0207867_1000025_80
80	TC	1	0	CGC1	3300025528.a:Ga0207867_1000025	83020	86190	3300025528.a:Ga0207867_1000025_81	+	DB=gnl|TC-DB|Q45780|1.B.14.6.1;ID=3300025528.a:Ga0207867_1000025_81	DB=gnl|TC-DB|Q45780|1.B.14.6.1;ID=3300025528.a:Ga0207867_1000025_81
81	null	null	null	CGC1	3300025528.a:Ga0207867_1000025	86208	88001	3300025528.a:Ga0207867_1000025_82	+	;ID=3300025528.a:Ga0207867_1000025_82
82	TC	2	1	CGC1	3300025528.a:Ga0207867_1000025	88028	90871	3300025528.a:Ga0207867_1000025_83	+	DB=gnl|TC-DB|Q45780|1.B.14.6.1;ID=3300025528.a:Ga0207867_1000025_83	DB=gnl|TC-DB|Q45780|1.B.14.6.1;ID=3300025528.a:Ga0207867_1000025_83
83	null	null	null	CGC1	3300025528.a:Ga0207867_1000025	90918	92621	3300025528.a:Ga0207867_1000025_84	+	;ID=3300025528.a:Ga0207867_1000025_84
84	null	null	null	CGC1	3300025528.a:Ga0207867_1000025	92713	94311	3300025528.a:Ga0207867_1000025_85	+	;ID=3300025528.a:Ga0207867_1000025_85
85	CAZyme	0	2	CGC1	3300025528.a:Ga0207867_1000025	94342	95910	3300025528.a:Ga0207867_1000025_86	+	DB=GH30_4| GH30_4;ID=3300025528.a:Ga0207867_1000025_86	DB=GH30_4| GH30_4;ID=3300025528.a:Ga0207867_1000025_86
86	CAZyme	0	0	CGC1	3300025528.a:Ga0207867_1000025	95973	98720	3300025528.a:Ga0207867_1000025_87	+	DB=GH2| GH2;ID=3300025528.a:Ga0207867_1000025_87	DB=GH2| GH2;ID=3300025528.a:Ga0207867_1000025_87
87	CAZyme	0	0	CGC1	3300025528.a:Ga0207867_1000025	98730	99992	3300025528.a:Ga0207867_1000025_88	+	DB= GH88|GH88;ID=3300025528.a:Ga0207867_1000025_88	DB= GH88|GH88;ID=3300025528.a:Ga0207867_1000025_88
88	CAZyme	1	0	CGC1	3300025528.a:Ga0207867_1000025	99995	102025	3300025528.a:Ga0207867_1000025_89	+	DB= PL8|PL8;ID=3300025528.a:Ga0207867_1000025_89	DB= PL8|PL8;ID=3300025528.a:Ga0207867_1000025_89
89	null	null	null	CGC1	3300025528.a:Ga0207867_1000025	102045	102749	3300025528.a:Ga0207867_1000025_90	+	;ID=3300025528.a:Ga0207867_1000025_90
90	CAZyme	0	1	CGC1	3300025528.a:Ga0207867_1000025	102771	103967	3300025528.a:Ga0207867_1000025_91	+	DB= GH88|GH88;ID=3300025528.a:Ga0207867_1000025_91	DB= GH88|GH88;ID=3300025528.a:Ga0207867_1000025_91
91	CAZyme	0	0	CGC1	3300025528.a:Ga0207867_1000025	104100	106931	3300025528.a:Ga0207867_1000025_92	+	DB=GH2| GH2;ID=3300025528.a:Ga0207867_1000025_92	DB=GH2| GH2;ID=3300025528.a:Ga0207867_1000025_92
92	CAZyme	0	0	CGC1	3300025528.a:Ga0207867_1000025	106946	109711	3300025528.a:Ga0207867_1000025_93	+	DB=GH2| GH2;ID=3300025528.a:Ga0207867_1000025_93	DB=GH2| GH2;ID=3300025528.a:Ga0207867_1000025_93
93	TC	0	0	CGC1	3300025528.a:Ga0207867_1000025	109875	111212	3300025528.a:Ga0207867_1000025_94	+	DB=gnl|TC-DB|P46333|2.A.1.1.106;ID=3300025528.a:Ga0207867_1000025_94	DB=gnl|TC-DB|P46333|2.A.1.1.106;ID=3300025528.a:Ga0207867_1000025_94
94	STP	10	0	CGC1	3300025528.a:Ga0207867_1000025	111251	114577	3300025528.a:Ga0207867_1000025_95	+	DB=STP|TPR_1,STP|TPR_2,STP|TPR_2;ID=3300025528.a:Ga0207867_1000025_95	DB=STP|TPR_1,STP|TPR_2,STP|TPR_2;ID=3300025528.a:Ga0207867_1000025_95
+++++
137	CAZyme	1	8	CGC1	3300025528.a:Ga0207867_1000026	164948	167419	3300025528.a:Ga0207867_1000026_138	+	DB=GH9|CE0| GH9;ID=3300025528.a:Ga0207867_1000026_138	DB=GH9|CE0| GH9;ID=3300025528.a:Ga0207867_1000026_138
138	null	null	null	CGC1	3300025528.a:Ga0207867_1000026	167748	168158	3300025528.a:Ga0207867_1000026_139	-	;ID=3300025528.a:Ga0207867_1000026_139
139	STP	0	1	CGC1	3300025528.a:Ga0207867_1000026	168163	168687	3300025528.a:Ga0207867_1000026_140	-	DB=STP|TetR_N;ID=3300025528.a:Ga0207867_1000026_140	DB=STP|TetR_N;ID=3300025528.a:Ga0207867_1000026_140
140	TF	2	0	CGC1	3300025528.a:Ga0207867_1000026	168948	169292	3300025528.a:Ga0207867_1000026_141	-	DB=DBD-Pfam|DUF24,DBD-SUPERFAMILY|0044258;ID=3300025528.a:Ga0207867_1000026_141	DB=DBD-Pfam|DUF24,DBD-SUPERFAMILY|0044258;ID=3300025528.a:Ga0207867_1000026_141
141	null	null	null	CGC1	3300025528.a:Ga0207867_1000026	169383	169757	3300025528.a:Ga0207867_1000026_142	+	;ID=3300025528.a:Ga0207867_1000026_142
142	null	null	null	CGC1	3300025528.a:Ga0207867_1000026	169770	170852	3300025528.a:Ga0207867_1000026_143	-	;ID=3300025528.a:Ga0207867_1000026_143
143	CAZyme	0	2	CGC1	3300025528.a:Ga0207867_1000026	170950	171684	3300025528.a:Ga0207867_1000026_144	-	DB=CE14| CE14;ID=3300025528.a:Ga0207867_1000026_144	DB=CE14| CE14;ID=3300025528.a:Ga0207867_1000026_144
144	TC	1	0	CGC1	3300025528.a:Ga0207867_1000026	171745	172989	3300025528.a:Ga0207867_1000026_145	-	DB=gnl|TC-DB|H8XVA7|1.B.16.2.1;ID=3300025528.a:Ga0207867_1000026_145	DB=gnl|TC-DB|H8XVA7|1.B.16.2.1;ID=3300025528.a:Ga0207867_1000026_145
145	null	null	null	CGC1	3300025528.a:Ga0207867_1000026	173013	175676	3300025528.a:Ga0207867_1000026_146	-	;ID=3300025528.a:Ga0207867_1000026_146
146	STP	0	1	CGC1	3300025528.a:Ga0207867_1000026	175738	176379	3300025528.a:Ga0207867_1000026_147	-	DB=STP|NUDIX;ID=3300025528.a:Ga0207867_1000026_147	DB=STP|NUDIX;ID=3300025528.a:Ga0207867_1000026_147
147	STP	1	0	CGC1	3300025528.a:Ga0207867_1000026	176522	177154	3300025528.a:Ga0207867_1000026_148	+	DB=STP|Pribosyltran;ID=3300025528.a:Ga0207867_1000026_148	DB=STP|Pribosyltran;ID=3300025528.a:Ga0207867_1000026_148
148	null	null	null	CGC1	3300025528.a:Ga0207867_1000026	177955	179106	3300025528.a:Ga0207867_1000026_149	-	;ID=3300025528.a:Ga0207867_1000026_149
149	STP	null	1	CGC1	3300025528.a:Ga0207867_1000026	179093	179671	3300025528.a:Ga0207867_1000026_150	-	DB=STP|Sigma70_r2,STP|Sigma70_r4_2;ID=3300025528.a:Ga0207867_1000026_150	DB=STP|Sigma70_r2,STP|Sigma70_r4_2;ID=3300025528.a:Ga0207867_1000026_150
+++++
135	TF	1	9	CGC1	3300025528.a:Ga0207867_1000016	155392	156357	3300025528.a:Ga0207867_1000016_136	+	DB=DBD-Pfam|HTH_11,DBD-SUPERFAMILY|0039384;ID=3300025528.a:Ga0207867_1000016_136	DB=DBD-Pfam|HTH_11,DBD-SUPERFAMILY|0039384;ID=3300025528.a:Ga0207867_1000016_136
136	null	null	null	CGC1	3300025528.a:Ga0207867_1000016	156417	156914	3300025528.a:Ga0207867_1000016_137	+	;ID=3300025528.a:Ga0207867_1000016_137
137	TC	0	1	CGC1	3300025528.a:Ga0207867_1000016	156987	157760	3300025528.a:Ga0207867_1000016_138	-	DB=gnl|TC-DB|Q8KAA1|3.D.10.1.5;ID=3300025528.a:Ga0207867_1000016_138	DB=gnl|TC-DB|Q8KAA1|3.D.10.1.5;ID=3300025528.a:Ga0207867_1000016_138
138	TC	0	0	CGC1	3300025528.a:Ga0207867_1000016	157863	159842	3300025528.a:Ga0207867_1000016_139	-	DB=gnl|TC-DB|Q8KAA0|3.D.10.1.5;ID=3300025528.a:Ga0207867_1000016_139	DB=gnl|TC-DB|Q8KAA0|3.D.10.1.5;ID=3300025528.a:Ga0207867_1000016_139
139	TC	1	0	CGC1	3300025528.a:Ga0207867_1000016	159954	160679	3300025528.a:Ga0207867_1000016_140	-	DB=gnl|TC-DB|Q8KA99|3.D.10.1.5;ID=3300025528.a:Ga0207867_1000016_140	DB=gnl|TC-DB|Q8KA99|3.D.10.1.5;ID=3300025528.a:Ga0207867_1000016_140
140	null	null	null	CGC1	3300025528.a:Ga0207867_1000016	160775	161371	3300025528.a:Ga0207867_1000016_141	-	;ID=3300025528.a:Ga0207867_1000016_141
141	STP	1	1	CGC1	3300025528.a:Ga0207867_1000016	161406	162710	3300025528.a:Ga0207867_1000016_142	-	DB=STP|PALP;ID=3300025528.a:Ga0207867_1000016_142	DB=STP|PALP;ID=3300025528.a:Ga0207867_1000016_142
142	null	null	null	CGC1	3300025528.a:Ga0207867_1000016	162770	163687	3300025528.a:Ga0207867_1000016_143	-	;ID=3300025528.a:Ga0207867_1000016_143
143	STP	1	1	CGC1	3300025528.a:Ga0207867_1000016	163721	166177	3300025528.a:Ga0207867_1000016_144	-	DB=STP|ACT,STP|ACT;ID=3300025528.a:Ga0207867_1000016_144	DB=STP|ACT,STP|ACT;ID=3300025528.a:Ga0207867_1000016_144
144	null	null	null	CGC1	3300025528.a:Ga0207867_1000016	166508	169291	3300025528.a:Ga0207867_1000016_145	-	;ID=3300025528.a:Ga0207867_1000016_145
145	CAZyme	1	1	CGC1	3300025528.a:Ga0207867_1000016	169300	171324	3300025528.a:Ga0207867_1000016_146	-	DB=CBM66|GH127;ID=3300025528.a:Ga0207867_1000016_146	DB=CBM66|GH127;ID=3300025528.a:Ga0207867_1000016_146
146	null	null	null	CGC1	3300025528.a:Ga0207867_1000016	171359	174112	3300025528.a:Ga0207867_1000016_147	-	;ID=3300025528.a:Ga0207867_1000016_147
147	TF	3	1	CGC1	3300025528.a:Ga0207867_1000016	174234	175235	3300025528.a:Ga0207867_1000016_148	-	DB=DBD-Pfam|LacI,DBD-SUPERFAMILY|0036955;ID=3300025528.a:Ga0207867_1000016_148	DB=DBD-Pfam|LacI,DBD-SUPERFAMILY|0036955;ID=3300025528.a:Ga0207867_1000016_148
+++++
8	TC	1	null	CGC1	3300025528.a:Ga0207867_1001023	9096	9845	3300025528.a:Ga0207867_1001023_9	+	DB=gnl|TC-DB|O58953|3.A.1.128.6;ID=3300025528.a:Ga0207867_1001023_9	DB=gnl|TC-DB|O58953|3.A.1.128.6;ID=3300025528.a:Ga0207867_1001023_9
9	null	null	null	CGC1	3300025528.a:Ga0207867_1001023	9899	11203	3300025528.a:Ga0207867_1001023_10	+	;ID=3300025528.a:Ga0207867_1001023_10
10	STP	2	1	CGC1	3300025528.a:Ga0207867_1001023	11326	12573	3300025528.a:Ga0207867_1001023_11	+	DB=STP|Aminotran_1_2;ID=3300025528.a:Ga0207867_1001023_11	DB=STP|Aminotran_1_2;ID=3300025528.a:Ga0207867_1001023_11
11	null	null	null	CGC1	3300025528.a:Ga0207867_1001023	12621	13055	3300025528.a:Ga0207867_1001023_12	+	;ID=3300025528.a:Ga0207867_1001023_12
12	null	null	null	CGC1	3300025528.a:Ga0207867_1001023	13079	13390	3300025528.a:Ga0207867_1001023_13	+	;ID=3300025528.a:Ga0207867_1001023_13
13	TF	1	2	CGC1	3300025528.a:Ga0207867_1001023	13401	13862	3300025528.a:Ga0207867_1001023_14	+	DB=DBD-Pfam|Rrf2,DBD-SUPERFAMILY|0045032;ID=3300025528.a:Ga0207867_1001023_14	DB=DBD-Pfam|Rrf2,DBD-SUPERFAMILY|0045032;ID=3300025528.a:Ga0207867_1001023_14
14	null	null	null	CGC1	3300025528.a:Ga0207867_1001023	14008	14217	3300025528.a:Ga0207867_1001023_15	+	;ID=3300025528.a:Ga0207867_1001023_15
15	TC	1	1	CGC1	3300025528.a:Ga0207867_1001023	14303	18058	3300025528.a:Ga0207867_1001023_16	-	DB=gnl|TC-DB|Q9HV74|2.A.21.9.1;ID=3300025528.a:Ga0207867_1001023_16	DB=gnl|TC-DB|Q9HV74|2.A.21.9.1;ID=3300025528.a:Ga0207867_1001023_16
16	null	null	null	CGC1	3300025528.a:Ga0207867_1001023	18045	18845	3300025528.a:Ga0207867_1001023_17	-	;ID=3300025528.a:Ga0207867_1001023_17
17	CAZyme	null	1	CGC1	3300025528.a:Ga0207867_1001023	18885	19697	3300025528.a:Ga0207867_1001023_18	-	DB=CE1;ID=3300025528.a:Ga0207867_1001023_18	DB=CE1;ID=3300025528.a:Ga0207867_1001023_18
+++++
154	TF	0	3	CGC1	3300025528.a:Ga0207867_1000018	181453	182313	3300025528.a:Ga0207867_1000018_155	+	DB=DBD-Pfam|HTH_AraC,DBD-SUPERFAMILY|0035607;ID=3300025528.a:Ga0207867_1000018_155	DB=DBD-Pfam|HTH_AraC,DBD-SUPERFAMILY|0035607;ID=3300025528.a:Ga0207867_1000018_155
155	TF	2	0	CGC1	3300025528.a:Ga0207867_1000018	182375	182797	3300025528.a:Ga0207867_1000018_156	-	DB=DBD-Pfam|DUF24,DBD-SUPERFAMILY|0044258;ID=3300025528.a:Ga0207867_1000018_156	DB=DBD-Pfam|DUF24,DBD-SUPERFAMILY|0044258;ID=3300025528.a:Ga0207867_1000018_156
156	null	null	null	CGC1	3300025528.a:Ga0207867_1000018	183031	183486	3300025528.a:Ga0207867_1000018_157	-	;ID=3300025528.a:Ga0207867_1000018_157
157	null	null	null	CGC1	3300025528.a:Ga0207867_1000018	183680	184522	3300025528.a:Ga0207867_1000018_158	+	;ID=3300025528.a:Ga0207867_1000018_158
158	CAZyme	2	2	CGC1	3300025528.a:Ga0207867_1000018	184544	185689	3300025528.a:Ga0207867_1000018_159	+	DB=GT19| GT19;ID=3300025528.a:Ga0207867_1000018_159	DB=GT19| GT19;ID=3300025528.a:Ga0207867_1000018_159
159	null	null	null	CGC1	3300025528.a:Ga0207867_1000018	185675	185839	3300025528.a:Ga0207867_1000018_160	-	;ID=3300025528.a:Ga0207867_1000018_160
160	null	null	null	CGC1	3300025528.a:Ga0207867_1000018	185913	186590	3300025528.a:Ga0207867_1000018_161	-	;ID=3300025528.a:Ga0207867_1000018_161
161	CAZyme	0	2	CGC1	3300025528.a:Ga0207867_1000018	186675	188084	3300025528.a:Ga0207867_1000018_162	-	DB=AA4;ID=3300025528.a:Ga0207867_1000018_162	DB=AA4;ID=3300025528.a:Ga0207867_1000018_162
162	STP	1	0	CGC1	3300025528.a:Ga0207867_1000018	188186	189067	3300025528.a:Ga0207867_1000018_163	+	DB=STP|PALP;ID=3300025528.a:Ga0207867_1000018_163	DB=STP|PALP;ID=3300025528.a:Ga0207867_1000018_163
163	null	null	null	CGC1	3300025528.a:Ga0207867_1000018	189064	189399	3300025528.a:Ga0207867_1000018_164	-	;ID=3300025528.a:Ga0207867_1000018_164
164	CAZyme	0	1	CGC1	3300025528.a:Ga0207867_1000018	189850	191301	3300025528.a:Ga0207867_1000018_165	+	DB=CE20| CE20;ID=3300025528.a:Ga0207867_1000018_165	DB=CE20| CE20;ID=3300025528.a:Ga0207867_1000018_165
165	TC	null	0	CGC1	3300025528.a:Ga0207867_1000018	191332	193824	3300025528.a:Ga0207867_1000018_166	-	DB=gnl|TC-DB|Q9ZKE4|3.A.11.3.1;ID=3300025528.a:Ga0207867_1000018_166	DB=gnl|TC-DB|Q9ZKE4|3.A.11.3.1;ID=3300025528.a:Ga0207867_1000018_166
+++++
