3300025528.a:Ga0207867_1000372_6	gnl|TC-DB|Q93N33|2.A.21.9.2	28.6	238	160	5	113	345	779	1011	2.7e-21	99.4
3300025528.a:Ga0207867_1000372_13	gnl|TC-DB|Q9RMB3|3.A.2.1.5	29.9	174	121	1	6	179	4	176	1.0e-19	93.2
3300025528.a:Ga0207867_1000372_14	gnl|TC-DB|P60844|1.A.8.3.1	65.5	235	76	3	1	234	1	231	2.4e-77	285.0
3300025528.a:Ga0207867_1000372_30	gnl|TC-DB|Q9UM01|2.A.3.8.22	29.4	494	282	13	5	494	32	462	1.2e-41	167.5
3300025528.a:Ga0207867_1000372_34	gnl|TC-DB|Q4VSJ5|2.A.6.2.20	23.8	421	286	11	42	446	64	465	3.6e-18	89.4
3300025528.a:Ga0207867_1000372_35	gnl|TC-DB|Q9RBY9|2.A.6.2.41	30.0	377	247	5	10	374	18	389	1.6e-35	146.7
3300025528.a:Ga0207867_1000372_36	gnl|TC-DB|Q9I0Y8|2.A.6.2.16	41.4	1049	601	9	6	1044	7	1051	3.6e-218	755.0
3300025528.a:Ga0207867_1000058_3	gnl|TC-DB|Q9LAE4|1.B.14.8.1	24.9	787	472	24	101	858	30	726	2.6e-49	193.7
3300025528.a:Ga0207867_1000058_4	gnl|TC-DB|Q8NLX4|2.A.102.4.8	34.5	249	146	6	285	522	6	248	1.0e-27	121.3
3300025528.a:Ga0207867_1000058_13	gnl|TC-DB|Q93N33|2.A.21.9.2	25.5	247	159	9	524	752	771	1010	9.3e-11	65.5
3300025528.a:Ga0207867_1000058_25	gnl|TC-DB|Q92N44|2.A.4.7.7	34.2	281	184	1	11	290	10	290	8.5e-41	164.1
3300025528.a:Ga0207867_1000058_29	gnl|TC-DB|P0AGD7|3.A.5.1.1	49.7	453	216	5	1	442	1	452	2.4e-115	412.1
3300025528.a:Ga0207867_1000058_35	gnl|TC-DB|P60752|3.A.1.106.1	36.4	599	345	9	4	598	13	579	6.0e-93	338.2
3300025528.a:Ga0207867_1000058_45	gnl|TC-DB|Q9K1H0|1.B.33.1.1	23.3	768	427	29	48	780	22	662	8.9e-32	135.6
3300025528.a:Ga0207867_1000058_67	gnl|TC-DB|Q45780|1.B.14.6.1	26.2	1086	624	31	39	1034	40	1038	2.1e-82	303.9
3300025528.a:Ga0207867_1000058_70	gnl|TC-DB|C6Y217|8.A.46.1.3	27.0	429	262	16	11	416	16	416	1.8e-18	90.5
3300025528.a:Ga0207867_1000058_71	gnl|TC-DB|Q45780|1.B.14.6.1	27.4	1119	634	37	61	1085	4	1038	4.4e-86	316.2
3300025528.a:Ga0207867_1000252_17	gnl|TC-DB|Q88RT5|2.A.6.1.5	25.0	308	223	5	59	362	104	407	2.0e-19	93.2
3300025528.a:Ga0207867_1000252_18	gnl|TC-DB|Q1LCE8|2.A.6.1.17	37.1	1038	628	12	4	1019	1	1035	4.2e-187	651.7
3300025528.a:Ga0207867_1000252_23	gnl|TC-DB|P02982|2.A.1.2.4	40.9	391	223	3	6	396	4	386	1.2e-74	276.9
3300025528.a:Ga0207867_1000252_25	gnl|TC-DB|K1LZ89|1.B.6.1.14	24.8	218	154	3	358	574	430	638	3.3e-16	83.2
3300025528.a:Ga0207867_1000252_27	gnl|TC-DB|P24520|4.B.1.1.1	24.7	215	130	3	21	209	26	234	1.3e-15	79.7
3300025528.a:Ga0207867_1000252_45	gnl|TC-DB|Q9WZ31|1.A.35.3.2	40.6	318	187	2	51	367	34	350	2.0e-70	262.7
3300025528.a:Ga0207867_1000252_50	gnl|TC-DB|Q5XPH7|9.A.8.1.4	38.3	708	401	7	12	710	5	685	1.4e-128	456.8
3300025528.a:Ga0207867_1000252_51	gnl|TC-DB|K1LZ89|1.B.6.1.14	44.8	105	57	1	346	450	530	633	3.7e-18	89.4
3300025528.a:Ga0207867_1000252_56	gnl|TC-DB|Q21EL3|1.B.14.1.24	26.2	706	441	26	137	822	54	699	1.3e-42	171.4
3300025528.a:Ga0207867_1000013_5	gnl|TC-DB|Q57574|2.A.123.2.5	41.8	79	46	0	4	82	9	87	2.8e-12	67.4
3300025528.a:Ga0207867_1000013_6	gnl|TC-DB|F9YSZ3|1.B.14.6.10	24.4	862	552	26	12	813	6	827	1.7e-50	197.6
3300025528.a:Ga0207867_1000013_9	gnl|TC-DB|P23910|2.A.1.2.14	39.8	374	221	2	1	370	1	374	1.4e-71	266.5
3300025528.a:Ga0207867_1000013_20	gnl|TC-DB|Q24HY8|3.A.2.1.4	58.0	526	194	6	3	524	33	535	4.2e-167	584.3
3300025528.a:Ga0207867_1000013_21	gnl|TC-DB|P39695|3.A.11.1.1	28.3	315	203	6	160	469	136	432	2.0e-23	107.5
3300025528.a:Ga0207867_1000013_27	gnl|TC-DB|T2KLL7|9.B.143.3.4	53.3	240	110	1	1	238	1	240	4.8e-65	244.2
3300025528.a:Ga0207867_1000013_28	gnl|TC-DB|Q9WYC4|3.A.1.135.5	36.1	571	361	2	13	583	25	591	3.7e-95	345.5
3300025528.a:Ga0207867_1000013_35	gnl|TC-DB|Q54318|9.A.40.1.1	33.3	261	166	3	182	442	3	255	1.5e-35	147.1
3300025528.a:Ga0207867_1000013_36	gnl|TC-DB|Q5G3M3|3.A.7.19.1	34.3	137	84	3	4	140	2	132	1.0e-14	76.3
3300025528.a:Ga0207867_1000013_43	gnl|TC-DB|D2QPR7|9.B.168.1.3	34.5	278	151	9	47	305	42	307	3.6e-33	138.7
3300025528.a:Ga0207867_1000013_48	gnl|TC-DB|Q45780|1.B.14.6.1	37.4	1052	566	23	9	999	19	1038	1.1e-181	633.6
3300025528.a:Ga0207867_1000013_49	gnl|TC-DB|Q8A1G2|8.A.46.1.1	36.3	579	297	16	1	535	1	551	4.4e-87	318.5
3300025528.a:Ga0207867_1000013_60	gnl|TC-DB|P80874|8.A.5.1.4	39.1	327	175	6	5	323	6	316	3.6e-60	228.4
3300025528.a:Ga0207867_1000013_73	gnl|TC-DB|F9VN10|3.D.10.1.4	33.5	546	316	13	5	528	7	527	1.3e-70	263.8
3300025528.a:Ga0207867_1000013_74	gnl|TC-DB|I6ZUE8|9.B.156.3.1	39.6	379	222	3	91	465	146	521	5.7e-67	251.5
3300025528.a:Ga0207867_1000013_80	gnl|TC-DB|A6ECX8|9.B.116.3.2	35.8	246	143	5	28	260	8	251	4.5e-37	151.4
3300025528.a:Ga0207867_1000013_81	gnl|TC-DB|Q81JL2|9.B.33.1.1	30.5	187	119	1	151	326	371	557	5.4e-22	101.7
3300025528.a:Ga0207867_1000013_86	gnl|TC-DB|B3EE21|2.A.37.2.5	46.7	675	355	3	9	680	8	680	3.5e-172	601.7
3300025528.a:Ga0207867_1000013_89	gnl|TC-DB|F0N2E7|2.A.109.1.2	40.8	314	168	4	8	309	13	320	2.1e-52	202.6
3300025528.a:Ga0207867_1000013_95	gnl|TC-DB|B2FPS5|2.A.88.8.5	49.6	256	122	1	6	261	10	258	1.1e-67	253.1
3300025528.a:Ga0207867_1000013_96	gnl|TC-DB|L1NJ33|9.B.144.1.4	33.5	847	510	20	6	821	4	828	8.5e-122	434.5
3300025528.a:Ga0207867_1000013_111	gnl|TC-DB|P96169|2.A.21.3.2	40.5	588	283	10	5	577	8	543	7.5e-109	391.0
3300025528.a:Ga0207867_1000013_112	gnl|TC-DB|P55341|3.A.1.143.1	42.0	238	130	2	6	242	5	235	1.6e-49	192.6
3300025528.a:Ga0207867_1000013_114	gnl|TC-DB|R6S968|9.B.146.1.4	33.4	311	187	4	1	292	4	313	1.3e-32	137.1
3300025528.a:Ga0207867_1000013_116	gnl|TC-DB|Q5N075|1.A.22.1.7	45.3	128	62	4	1	123	9	133	2.0e-19	91.7
3300025528.a:Ga0207867_1000013_118	gnl|TC-DB|J0XUX4|1.B.9.4.4	29.1	526	333	14	1	505	1	507	5.6e-52	201.8
3300025528.a:Ga0207867_1000013_131	gnl|TC-DB|Q5KYD1|2.A.17.1.7	29.7	580	296	12	15	585	20	496	4.2e-59	225.7
3300025528.a:Ga0207867_1000013_132	gnl|TC-DB|Q5KYD1|2.A.17.1.7	32.2	506	300	12	31	523	21	496	2.4e-61	233.0
3300025528.a:Ga0207867_1000013_134	gnl|TC-DB|Q5EGM5|9.A.25.1.1	31.1	167	89	5	119	261	269	433	6.7e-11	64.7
3300025528.a:Ga0207867_1000013_139	gnl|TC-DB|P0ADC3|3.A.1.125.1	21.7	392	290	8	8	397	12	388	8.9e-16	81.3
3300025528.a:Ga0207867_1000013_152	gnl|TC-DB|P11024|3.D.2.3.1	28.0	350	213	7	30	350	57	396	2.6e-31	132.9
3300025528.a:Ga0207867_1000013_161	gnl|TC-DB|Q9K8H5|9.B.157.1.2	47.1	331	171	3	3	332	1	328	1.9e-80	295.8
3300025528.a:Ga0207867_1000013_165	gnl|TC-DB|P0ABG7|2.A.103.1.2	35.4	254	135	6	193	444	140	366	1.6e-29	127.1
3300025528.a:Ga0207867_1000013_170	gnl|TC-DB|Q5EGM5|9.A.25.1.1	27.0	374	205	11	23	370	121	452	4.5e-22	102.1
3300025528.a:Ga0207867_1000013_185	gnl|TC-DB|Q9KZC0|2.A.102.2.5	32.0	241	156	3	16	249	17	256	3.4e-26	115.2
3300025528.a:Ga0207867_1000013_190	gnl|TC-DB|P33116|3.A.1.111.2	31.3	582	387	5	6	579	5	581	1.2e-69	260.8
3300025528.a:Ga0207867_1000013_198	gnl|TC-DB|Q9ZK21|1.C.82.1.1	49.3	215	109	0	12	226	14	228	2.9e-56	214.9
3300025528.a:Ga0207867_1000019_21	gnl|TC-DB|L5DDD7|2.A.109.2.3	47.7	220	115	0	8	227	382	601	6.8e-56	213.8
3300025528.a:Ga0207867_1000019_34	gnl|TC-DB|P0A9V1|1.B.42.1.2	56.1	239	104	1	2	239	3	241	9.1e-75	276.6
3300025528.a:Ga0207867_1000019_37	gnl|TC-DB|Q93TH9|1.B.14.6.2	27.1	1141	706	36	16	1074	15	1111	1.1e-89	328.2
3300025528.a:Ga0207867_1000019_38	gnl|TC-DB|Q8A8X0|8.A.46.2.1	25.0	559	329	27	1	518	1	510	2.2e-19	93.6
3300025528.a:Ga0207867_1000019_42	gnl|TC-DB|D7V8E7|1.A.8.2.6	53.5	228	105	1	7	234	13	239	3.5e-65	244.6
3300025528.a:Ga0207867_1000019_45	gnl|TC-DB|P75870|2.A.85.1.1	22.2	659	472	12	45	690	44	674	6.4e-36	149.1
3300025528.a:Ga0207867_1000019_56	gnl|TC-DB|P80874|8.A.5.1.4	33.9	221	137	4	1	214	1	219	1.4e-29	126.7
3300025528.a:Ga0207867_1000019_59	gnl|TC-DB|A0Q8A4|2.A.6.2.28	24.2	359	245	6	1	348	62	404	3.1e-20	95.9
3300025528.a:Ga0207867_1000019_60	gnl|TC-DB|A9CGX6|2.A.6.3.2	31.6	1049	692	10	1	1036	1	1037	1.7e-135	480.3
3300025528.a:Ga0207867_1000019_67	gnl|TC-DB|Q74FY6|5.B.3.1.1	28.8	285	178	6	56	330	53	322	4.3e-24	108.6
3300025528.a:Ga0207867_1000019_68	gnl|TC-DB|Q5E733|2.A.21.3.7	31.5	517	303	9	7	516	9	481	3.5e-65	245.7
3300025528.a:Ga0207867_1000019_69	gnl|TC-DB|Q9HV74|2.A.21.9.1	24.7	255	159	5	856	1102	745	974	4.7e-11	67.4
3300025528.a:Ga0207867_1000019_71	gnl|TC-DB|Q45780|1.B.14.6.1	26.2	1064	665	38	15	1014	31	1038	3.6e-74	276.6
3300025528.a:Ga0207867_1000019_72	gnl|TC-DB|C6Y217|8.A.46.1.3	23.7	434	296	12	13	430	9	423	7.3e-23	105.1
3300025528.a:Ga0207867_1000019_75	gnl|TC-DB|W5L187|9.B.207.2.1	32.1	81	54	1	513	592	14	94	2.0e-11	67.4
3300025528.a:Ga0207867_1000019_105	gnl|TC-DB|P75905|4.D.1.1.3	27.7	278	174	10	3	272	39	297	1.3e-13	73.9
3300025528.a:Ga0207867_1000019_106	gnl|TC-DB|P42063|3.A.1.5.20	45.2	219	119	1	138	355	82	300	4.3e-46	181.8
3300025528.a:Ga0207867_1000019_115	gnl|TC-DB|P55072|3.A.16.1.1	41.0	229	134	1	208	435	474	702	9.9e-52	201.4
3300025528.a:Ga0207867_1000019_119	gnl|TC-DB|A1S4V0|2.A.1.7.9	47.7	434	201	6	10	422	9	437	3.2e-101	365.2
3300025528.a:Ga0207867_1000019_121	gnl|TC-DB|A6P7H3|2.A.6.2.30	27.9	1134	696	23	20	1146	8	1026	4.5e-100	362.8
3300025528.a:Ga0207867_1000019_131	gnl|TC-DB|Q9CHU5|2.A.72.1.3	44.7	657	345	6	6	652	10	658	1.1e-156	550.1
3300025528.a:Ga0207867_1000019_135	gnl|TC-DB|Q0PBV6|9.A.40.2.2	29.2	425	286	7	3	418	25	443	3.3e-45	179.1
3300025528.a:Ga0207867_1000019_150	gnl|TC-DB|Q9A7T5|1.B.33.1.4	29.0	176	89	1	52	227	42	181	1.8e-18	89.4
3300025528.a:Ga0207867_1000182_7	gnl|TC-DB|A4PCH7|3.A.1.27.1	34.0	200	131	1	38	237	105	303	2.2e-17	85.9
3300025528.a:Ga0207867_1000182_8	gnl|TC-DB|P63357|3.A.1.27.5	37.6	237	147	1	2	238	28	263	3.9e-42	168.3
3300025528.a:Ga0207867_1000182_13	gnl|TC-DB|Q0HZ17|1.B.14.3.7	22.1	712	423	21	131	761	58	718	1.5e-27	121.3
3300025528.a:Ga0207867_1000182_24	gnl|TC-DB|Q4VSJ3|2.A.6.2.20	27.8	306	213	3	50	347	49	354	2.5e-30	129.4
3300025528.a:Ga0207867_1000182_25	gnl|TC-DB|Q9HW27|2.A.6.2.33	35.3	1012	644	8	1	1010	1	1003	1.9e-163	573.2
3300025528.a:Ga0207867_1000182_33	gnl|TC-DB|C7QBX7|3.A.1.109.19	45.5	220	119	1	6	224	461	680	6.5e-49	190.7
3300025528.a:Ga0207867_1000182_38	gnl|TC-DB|P38523|3.A.8.1.1	32.9	155	97	3	46	194	71	224	1.3e-12	69.7
3300025528.a:Ga0207867_1000182_49	gnl|TC-DB|P38919|3.A.18.1.1	34.9	367	236	3	3	368	39	403	1.3e-62	237.3
3300025528.a:Ga0207867_1000182_54	gnl|TC-DB|Q9SXJ7|3.A.9.1.2	43.5	867	410	12	6	856	118	920	8.4e-189	657.1
3300025528.a:Ga0207867_1000182_63	gnl|TC-DB|Q93TH9|1.B.14.6.2	24.3	834	539	30	1	813	80	842	1.3e-35	148.3
3300025528.a:Ga0207867_1000067_2	gnl|TC-DB|F8EJS5|9.B.8.3.3	41.5	342	197	2	1	341	1	340	1.5e-69	259.6
3300025528.a:Ga0207867_1000067_4	gnl|TC-DB|P77757|4.D.2.1.8	31.9	313	201	6	3	311	10	314	9.9e-39	157.1
3300025528.a:Ga0207867_1000067_12	gnl|TC-DB|Q45780|1.B.14.6.1	27.4	1078	602	34	39	1023	47	1036	2.7e-85	313.5
3300025528.a:Ga0207867_1000067_18	gnl|TC-DB|P37340|2.A.66.1.3	29.2	448	307	5	1	440	1	446	1.9e-51	199.9
3300025528.a:Ga0207867_1000067_28	gnl|TC-DB|Q81JL2|9.B.33.1.1	29.6	203	130	1	163	352	372	574	1.5e-22	103.6
3300025528.a:Ga0207867_1000067_34	gnl|TC-DB|G0ENB6|2.A.7.34.6	63.9	122	43	1	1	122	1	121	4.8e-37	150.2
3300025528.a:Ga0207867_1000067_44	gnl|TC-DB|Q45780|1.B.14.6.1	21.8	996	601	37	49	942	118	1037	4.7e-28	123.2
3300025528.a:Ga0207867_1000067_45	gnl|TC-DB|C6Y217|8.A.46.1.3	25.9	463	263	20	10	449	9	414	5.0e-17	85.9
3300025528.a:Ga0207867_1000067_46	gnl|TC-DB|Q45780|1.B.14.6.1	23.9	1107	670	39	2	1026	22	1038	2.6e-56	217.2
3300025528.a:Ga0207867_1000067_47	gnl|TC-DB|C6Y217|8.A.46.1.3	25.9	471	273	22	6	462	6	414	7.1e-19	92.0
3300025528.a:Ga0207867_1000067_54	gnl|TC-DB|Q93TH9|1.B.14.6.2	23.5	841	529	31	1	772	9	804	6.6e-31	132.9
3300025528.a:Ga0207867_1000067_58	gnl|TC-DB|Q45780|1.B.14.6.1	24.9	1087	655	33	32	1046	39	1036	3.7e-66	250.0
3300025528.a:Ga0207867_1000067_65	gnl|TC-DB|Q8R706|2.A.3.3.22	33.9	563	264	8	5	562	11	470	1.4e-80	297.0
3300025528.a:Ga0207867_1000067_72	gnl|TC-DB|P39344|2.A.8.1.2	44.1	435	242	1	3	437	2	435	2.2e-100	362.5
3300025528.a:Ga0207867_1000067_80	gnl|TC-DB|Q89K67|2.A.55.2.6	57.7	392	163	1	1	389	59	450	3.5e-114	408.7
3300025528.a:Ga0207867_1000223_5	gnl|TC-DB|Q45780|1.B.14.6.1	29.3	263	141	7	3	261	214	435	5.9e-19	91.3
3300025528.a:Ga0207867_1000223_6	gnl|TC-DB|Q45780|1.B.14.6.1	23.7	569	358	16	34	575	517	1036	1.2e-29	127.9
3300025528.a:Ga0207867_1000223_10	gnl|TC-DB|P10408|3.A.5.1.1	39.1	1143	405	20	5	1105	6	899	3.0e-191	665.6
3300025528.a:Ga0207867_1000223_13	gnl|TC-DB|Q8WYK0|4.C.3.1.2	33.3	138	92	0	1	138	11	148	1.7e-18	89.0
3300025528.a:Ga0207867_1000223_20	gnl|TC-DB|B2GH49|9.B.160.1.10	30.9	178	109	5	114	291	213	376	2.2e-11	67.0
3300025528.a:Ga0207867_1000223_26	gnl|TC-DB|Q8A552|1.B.14.14.1	38.5	771	422	16	1	747	1	743	3.8e-137	485.3
3300025528.a:Ga0207867_1000223_33	gnl|TC-DB|P10121|3.A.5.1.1	49.5	305	148	2	16	320	199	497	9.4e-77	283.5
3300025528.a:Ga0207867_1000223_49	gnl|TC-DB|F2KQZ0|4.D.2.1.6	30.3	244	153	9	5	242	9	241	7.7e-18	87.4
3300025528.a:Ga0207867_1000035_4	gnl|TC-DB|Q5EGM3|9.A.25.1.1	29.7	526	318	20	7	501	8	512	5.3e-34	142.1
3300025528.a:Ga0207867_1000035_6	gnl|TC-DB|Q5EGM5|9.A.25.1.1	30.1	418	220	10	1	355	42	450	1.6e-45	179.9
3300025528.a:Ga0207867_1000035_8	gnl|TC-DB|Q9UM01|2.A.3.8.22	23.5	451	320	9	1	442	33	467	1.5e-21	100.5
3300025528.a:Ga0207867_1000035_9	gnl|TC-DB|Q6MNF2|2.A.102.4.11	38.4	255	154	2	1	254	4	256	1.1e-40	163.3
3300025528.a:Ga0207867_1000035_10	gnl|TC-DB|C6Y2I5|9.B.102.1.19	48.6	185	93	2	1	184	3	186	1.4e-43	172.6
3300025528.a:Ga0207867_1000035_11	gnl|TC-DB|K4IG61|9.B.102.5.6	49.3	136	68	1	26	160	2	137	2.8e-37	151.4
3300025528.a:Ga0207867_1000035_13	gnl|TC-DB|P06129|1.B.14.3.1	23.8	629	409	21	29	640	26	601	3.9e-29	126.3
3300025528.a:Ga0207867_1000035_15	gnl|TC-DB|D2QXG0|2.A.49.9.1	49.0	416	202	4	18	423	19	434	1.5e-104	376.3
3300025528.a:Ga0207867_1000035_17	gnl|TC-DB|Q1D3D8|1.A.30.2.4	31.1	206	118	4	69	265	5	195	3.8e-13	72.0
3300025528.a:Ga0207867_1000035_25	gnl|TC-DB|I7FD23|2.A.1.2.97	33.9	387	238	4	10	387	19	396	2.9e-54	209.1
3300025528.a:Ga0207867_1000035_36	gnl|TC-DB|Q9HV74|2.A.21.9.1	27.2	224	145	7	203	419	765	977	4.7e-12	68.9
3300025528.a:Ga0207867_1000035_42	gnl|TC-DB|Q8NLX4|2.A.102.4.8	40.7	214	113	6	192	394	3	213	5.6e-32	135.2
3300025528.a:Ga0207867_1000035_44	gnl|TC-DB|Q7URC1|2.A.109.2.2	39.3	267	129	5	11	250	33	293	9.8e-43	170.2
3300025528.a:Ga0207867_1000035_47	gnl|TC-DB|Q2G2M9|3.A.1.106.2	31.1	578	385	8	14	583	1	573	8.7e-68	254.6
3300025528.a:Ga0207867_1000035_53	gnl|TC-DB|Q8A8X1|1.B.14.6.13	25.5	1025	597	32	83	1041	17	940	2.7e-61	233.8
3300025528.a:Ga0207867_1000035_54	gnl|TC-DB|Q8A8X0|8.A.46.2.1	23.0	548	336	23	7	531	4	488	4.9e-17	85.9
3300025528.a:Ga0207867_1000035_57	gnl|TC-DB|Q93TH9|1.B.14.6.2	29.7	954	586	27	1	897	12	937	5.5e-102	369.0
3300025528.a:Ga0207867_1000035_64	gnl|TC-DB|Q45780|1.B.14.6.1	28.5	418	235	11	9	415	23	387	1.4e-34	145.2
3300025528.a:Ga0207867_1000035_69	gnl|TC-DB|Q93TH9|1.B.14.6.2	26.4	1109	679	34	10	1001	15	1103	9.3e-78	288.5
3300025528.a:Ga0207867_1000035_72	gnl|TC-DB|Q93TH9|1.B.14.6.2	27.6	1149	703	34	3	1055	10	1125	2.1e-93	340.5
3300025528.a:Ga0207867_1000035_88	gnl|TC-DB|Q7WY60|2.A.63.1.4	35.3	153	98	1	1	153	7	158	7.0e-22	100.1
3300025528.a:Ga0207867_1000035_89	gnl|TC-DB|Q9KD98|2.A.63.1.2	39.1	501	295	4	2	500	1	493	4.6e-99	358.2
3300025528.a:Ga0207867_1000035_90	gnl|TC-DB|Q7AJW0|2.A.63.1.2	44.1	111	56	2	1	110	1	106	4.0e-17	84.0
3300025528.a:Ga0207867_1000035_91	gnl|TC-DB|Q7AJV9|2.A.63.1.2	44.0	134	73	1	5	136	12	145	1.0e-16	82.8
3300025528.a:Ga0207867_1000035_92	gnl|TC-DB|Q7AJV8|2.A.63.1.2	37.1	792	450	12	14	766	20	802	8.9e-126	447.6
3300025528.a:Ga0207867_1000035_93	gnl|TC-DB|Q5EAK4|2.A.16.2.2	27.3	355	220	13	22	347	1361	1706	9.2e-23	105.1
3300025528.a:Ga0207867_1000035_97	gnl|TC-DB|Q45780|1.B.14.6.1	30.8	1069	572	36	31	1003	39	1035	8.7e-105	378.3
3300025528.a:Ga0207867_1000035_98	gnl|TC-DB|Q8A1G2|8.A.46.1.1	25.8	582	342	24	1	524	1	550	1.7e-22	104.0
3300025528.a:Ga0207867_1000035_100	gnl|TC-DB|Q07XD1|2.A.1.7.12	45.1	406	208	5	15	412	14	412	1.4e-85	313.2
3300025528.a:Ga0207867_1000035_101	gnl|TC-DB|P32113|3.A.3.5.1	36.6	745	422	19	1	714	1	726	1.8e-112	403.3
3300025528.a:Ga0207867_1000035_108	gnl|TC-DB|Q74FY6|5.B.3.1.1	32.9	304	173	5	82	378	55	334	5.3e-39	158.3
3300025528.a:Ga0207867_1000035_113	gnl|TC-DB|P11943|3.D.1.6.2	43.8	73	38	2	3	73	56	127	6.4e-11	62.8
3300025528.a:Ga0207867_1000035_119	gnl|TC-DB|A7LYG9|2.A.1.33.2	46.6	410	214	1	1	405	1	410	1.7e-107	386.0
3300025528.a:Ga0207867_1000035_121	gnl|TC-DB|C6Y217|8.A.46.1.3	27.4	452	237	16	7	404	6	420	1.1e-23	107.8
3300025528.a:Ga0207867_1000035_122	gnl|TC-DB|Q45780|1.B.14.6.1	28.4	1114	653	28	1	1045	1	1038	1.2e-93	341.3
3300025528.a:Ga0207867_1000329_3	gnl|TC-DB|Q9FI56|3.A.9.1.2	47.2	839	403	6	1	827	94	904	6.4e-218	753.8
3300025528.a:Ga0207867_1000329_14	gnl|TC-DB|P45562|2.A.1.10.2	54.9	412	184	2	1	410	1	412	5.7e-127	450.7
3300025528.a:Ga0207867_1000329_22	gnl|TC-DB|Q8F4J3|9.B.146.1.3	38.1	423	207	9	1	423	1	368	7.7e-63	237.7
3300025528.a:Ga0207867_1000329_24	gnl|TC-DB|P07373|2.A.103.1.3	30.5	400	233	9	22	416	3	362	1.1e-38	157.5
3300025528.a:Ga0207867_1000329_34	gnl|TC-DB|Q83XH1|3.A.1.121.4	33.5	541	347	5	2	537	1	533	2.8e-88	322.8
3300025528.a:Ga0207867_1000329_36	gnl|TC-DB|O84072|3.A.1.15.12	30.9	139	88	3	2	135	307	442	2.9e-13	72.0
3300025528.a:Ga0207867_1000329_44	gnl|TC-DB|Q7URM2|2.A.7.30.1	31.5	289	191	3	3	287	9	294	6.3e-35	144.4
3300025528.a:Ga0207867_1003807_1	gnl|TC-DB|Q6MMD5|9.B.18.2.1	40.8	184	97	4	1	173	390	572	1.8e-27	119.4
3300025528.a:Ga0207867_1000343_1	gnl|TC-DB|P0A932|1.B.18.3.8	29.3	191	125	6	188	374	120	304	2.8e-11	66.2
3300025528.a:Ga0207867_1000343_2	gnl|TC-DB|P23865|9.B.174.1.2	34.1	618	372	13	31	642	36	624	7.3e-82	301.6
3300025528.a:Ga0207867_1000343_6	gnl|TC-DB|O32169|3.A.1.24.2	37.4	211	131	1	14	224	16	225	6.7e-37	150.6
3300025528.a:Ga0207867_1000343_12	gnl|TC-DB|Q8F8H7|2.A.53.3.8	53.8	210	94	3	2	210	539	746	1.2e-59	226.1
3300025528.a:Ga0207867_1000343_13	gnl|TC-DB|Q8F8H7|2.A.53.3.8	38.4	531	315	3	14	540	24	546	4.6e-92	335.1
3300025528.a:Ga0207867_1000343_16	gnl|TC-DB|F8SVK1|2.A.1.6.11	47.6	548	226	10	8	507	14	548	1.8e-122	436.0
3300025528.a:Ga0207867_1000343_17	gnl|TC-DB|P75957|3.A.1.125.1	50.7	209	101	1	12	218	18	226	2.3e-55	211.8
3300025528.a:Ga0207867_1000343_24	gnl|TC-DB|Q5SMG8|1.A.26.1.2	37.8	349	207	1	110	458	109	447	8.8e-60	227.6
3300025528.a:Ga0207867_1000343_32	gnl|TC-DB|O07550|3.A.1.106.8	41.4	473	267	6	136	604	108	574	3.3e-91	332.4
3300025528.a:Ga0207867_1000249_6	gnl|TC-DB|Q9I3N2|9.B.14.1.7	30.1	365	209	8	12	368	4	330	3.9e-37	153.3
3300025528.a:Ga0207867_1000249_7	gnl|TC-DB|A1B8N9|3.A.2.1.7	40.1	299	155	7	5	291	4	290	8.9e-50	193.7
3300025528.a:Ga0207867_1000249_21	gnl|TC-DB|Q45780|1.B.14.6.1	29.2	1077	627	37	23	1014	12	1038	9.8e-88	321.6
3300025528.a:Ga0207867_1000249_28	gnl|TC-DB|O31711|3.A.1.122.2	61.7	206	79	0	1	206	13	218	2.4e-68	255.0
3300025528.a:Ga0207867_1000249_30	gnl|TC-DB|P69451|4.C.1.1.4	24.6	594	346	18	73	628	30	559	2.8e-27	120.2
3300025528.a:Ga0207867_1000249_40	gnl|TC-DB|A6TAG3|1.E.43.1.1	54.5	77	35	0	1	77	1	77	3.7e-20	93.6
3300025528.a:Ga0207867_1000216_16	gnl|TC-DB|W0RFP8|9.B.196.1.3	41.9	160	82	5	102	250	58	217	7.9e-23	104.0
3300025528.a:Ga0207867_1000216_20	gnl|TC-DB|Q1LJ96|9.B.27.2.4	36.5	249	112	9	2	241	5	216	6.3e-33	137.5
3300025528.a:Ga0207867_1000216_21	gnl|TC-DB|P21345|2.A.23.1.1	40.0	423	236	4	60	465	5	426	2.8e-82	302.4
3300025528.a:Ga0207867_1000216_22	gnl|TC-DB|Q8R706|2.A.3.3.22	44.7	492	244	4	3	494	9	472	1.5e-109	393.3
3300025528.a:Ga0207867_1000216_30	gnl|TC-DB|Q8ZQ35|2.A.21.3.10	29.2	312	208	6	31	338	9	311	1.6e-26	117.5
3300025528.a:Ga0207867_1000216_36	gnl|TC-DB|Q15HU6|3.A.7.14.2	34.2	161	90	2	22	170	40	196	3.2e-16	82.4
3300025528.a:Ga0207867_1000216_41	gnl|TC-DB|Q8TZX5|2.A.66.1.45	28.2	457	307	7	34	474	4	455	3.4e-35	146.0
3300025528.a:Ga0207867_1000216_42	gnl|TC-DB|P0A6Y8|1.A.33.1.2	59.8	639	247	3	1	633	1	635	3.5e-208	721.1
3300025528.a:Ga0207867_1000216_52	gnl|TC-DB|W0RFP8|9.B.196.1.3	31.7	180	114	4	105	275	38	217	1.5e-14	76.6
3300025528.a:Ga0207867_1000028_7	gnl|TC-DB|Q5SKE6|2.A.6.4.3	28.5	650	415	10	379	1013	110	724	2.3e-68	257.3
3300025528.a:Ga0207867_1000028_12	gnl|TC-DB|Q9HC98|1.I.1.1.3	28.4	264	169	8	11	261	47	303	2.3e-21	100.1
3300025528.a:Ga0207867_1000028_17	gnl|TC-DB|M5BEH1|9.B.106.3.1	27.3	231	141	6	5	232	8	214	2.7e-16	83.2
3300025528.a:Ga0207867_1000028_31	gnl|TC-DB|N1WTL5|9.A.55.1.9	42.8	145	78	2	6	147	2	144	4.4e-21	97.4
3300025528.a:Ga0207867_1000028_54	gnl|TC-DB|Q45780|1.B.14.6.1	28.2	1111	649	36	2	1053	18	1038	5.9e-88	322.4
3300025528.a:Ga0207867_1000028_65	gnl|TC-DB|G0IYY9|8.A.46.1.6	27.8	514	280	20	108	586	115	572	5.6e-27	119.0
3300025528.a:Ga0207867_1000028_66	gnl|TC-DB|Q45780|1.B.14.6.1	27.5	1064	633	31	127	1121	44	1038	9.4e-92	335.1
3300025528.a:Ga0207867_1000028_72	gnl|TC-DB|Q45780|1.B.14.6.1	25.6	859	520	35	6	836	20	787	8.0e-51	199.1
3300025528.a:Ga0207867_1000028_82	gnl|TC-DB|P27125|2.A.7.6.1	33.2	334	219	3	6	335	8	341	3.2e-51	198.7
3300025528.a:Ga0207867_1000028_88	gnl|TC-DB|F0SA49|1.B.72.1.4	29.9	294	200	2	15	304	7	298	3.3e-39	158.7
3300025528.a:Ga0207867_1000028_92	gnl|TC-DB|O66515|1.A.11.1.5	45.3	402	210	6	38	437	25	418	3.6e-87	318.5
3300025528.a:Ga0207867_1000028_98	gnl|TC-DB|B4F2I9|1.B.12.5.3	27.4	266	133	10	280	491	136	395	9.0e-11	65.1
3300025528.a:Ga0207867_1000028_100	gnl|TC-DB|B3ECG6|3.A.10.1.6	51.5	707	323	5	2	704	4	694	5.2e-171	597.8
3300025528.a:Ga0207867_1000028_120	gnl|TC-DB|Q9RLI8|2.A.6.1.13	47.9	1046	525	10	1	1035	1	1037	5.0e-255	877.9
3300025528.a:Ga0207867_1000294_4	gnl|TC-DB|I7FD23|2.A.1.2.97	27.4	350	250	3	14	359	20	369	7.4e-23	104.8
3300025528.a:Ga0207867_1000294_12	gnl|TC-DB|W0WN20|3.A.1.5.39	33.5	367	194	6	1	349	1	335	3.0e-44	175.6
3300025528.a:Ga0207867_1000294_22	gnl|TC-DB|Q83XH1|3.A.1.121.4	52.0	537	254	1	1	537	1	533	9.0e-173	603.2
3300025528.a:Ga0207867_1000294_24	gnl|TC-DB|M4VAL8|8.A.21.2.4	30.6	252	160	5	293	539	32	273	2.1e-26	117.1
3300025528.a:Ga0207867_1000294_25	gnl|TC-DB|Q7AKK5|3.A.1.105.14	29.2	195	135	1	172	366	77	268	1.6e-11	67.0
3300025528.a:Ga0207867_1000294_41	gnl|TC-DB|H6L5X3|1.B.14.6.12	47.4	757	392	4	18	771	21	774	4.8e-220	760.8
3300025528.a:Ga0207867_1000294_44	gnl|TC-DB|Q45780|1.B.14.6.1	24.4	1089	685	35	8	1030	22	1038	6.3e-58	222.6
3300025528.a:Ga0207867_1003631_4	gnl|TC-DB|P15729|2.A.1.1.32	32.8	476	288	7	4	456	2	468	1.6e-66	250.0
3300025528.a:Ga0207867_1001009_9	gnl|TC-DB|Q9AEL8|3.D.4.4.2	32.4	176	107	5	23	188	31	204	2.5e-13	72.0
3300025528.a:Ga0207867_1001009_11	gnl|TC-DB|P33517|3.D.4.6.2	38.5	576	313	10	22	578	7	560	3.5e-101	365.5
3300025528.a:Ga0207867_1001009_12	gnl|TC-DB|Q5SLI2|3.D.4.4.3	28.9	228	112	5	92	319	51	228	8.8e-20	94.4
3300025528.a:Ga0207867_1000170_16	gnl|TC-DB|P73239|3.A.1.106.14	29.9	602	387	11	4	593	11	589	3.0e-60	229.6
3300025528.a:Ga0207867_1000170_35	gnl|TC-DB|O05390|2.A.1.18.3	51.5	408	195	2	1	406	1	407	6.3e-126	447.2
3300025528.a:Ga0207867_1000170_44	gnl|TC-DB|Q2M3M2|2.A.21.3.17	30.0	476	291	6	8	447	33	502	1.3e-54	210.7
3300025528.a:Ga0207867_1000170_52	gnl|TC-DB|Q45780|1.B.14.6.1	28.7	1136	619	37	1	1062	20	1038	2.2e-90	330.5
3300025528.a:Ga0207867_1000170_53	gnl|TC-DB|C6Y217|8.A.46.1.3	27.2	438	274	17	12	433	7	415	4.3e-27	119.4
3300025528.a:Ga0207867_1000687_4	gnl|TC-DB|P0C105|2.A.1.7.2	34.4	419	246	4	13	429	20	411	5.3e-59	224.9
3300025528.a:Ga0207867_1000687_6	gnl|TC-DB|Q56725|2.A.33.1.2	47.2	377	195	3	6	378	4	380	2.5e-84	308.9
3300025528.a:Ga0207867_1000687_28	gnl|TC-DB|B3XQE5|9.B.33.1.2	31.7	208	119	6	133	323	344	545	7.0e-17	84.7
3300025528.a:Ga0207867_1000687_32	gnl|TC-DB|P0A754|2.A.37.1.1	32.9	152	90	4	4	151	3	146	2.4e-18	88.6
3300025528.a:Ga0207867_1000029_7	gnl|TC-DB|Q45780|1.B.14.6.1	24.3	1101	690	33	14	1063	31	1038	9.3e-65	245.4
3300025528.a:Ga0207867_1000029_8	gnl|TC-DB|F3PRQ4|8.A.46.3.2	28.8	525	318	16	11	500	1	504	3.7e-32	136.0
3300025528.a:Ga0207867_1000029_11	gnl|TC-DB|D5CES3|2.A.7.1.10	41.7	108	60	1	1	108	1	105	1.5e-15	78.6
3300025528.a:Ga0207867_1000029_15	gnl|TC-DB|Q8VRK4|3.A.11.1.3	31.3	358	212	7	11	364	4	331	3.6e-32	135.6
3300025528.a:Ga0207867_1000029_17	gnl|TC-DB|J8ABC0|3.A.1.105.9	46.3	203	109	0	15	217	12	214	3.2e-53	204.9
3300025528.a:Ga0207867_1000029_20	gnl|TC-DB|F4LLK3|2.A.6.7.7	23.2	607	403	13	199	779	218	787	2.2e-23	107.5
3300025528.a:Ga0207867_1000029_50	gnl|TC-DB|Q9X053|3.A.1.2.19	26.2	290	190	5	53	331	39	315	7.9e-26	114.4
3300025528.a:Ga0207867_1000029_51	gnl|TC-DB|Q9X051|3.A.1.2.19	41.5	513	284	7	1	500	12	521	1.6e-107	386.3
3300025528.a:Ga0207867_1000029_52	gnl|TC-DB|A6VKS9|3.A.1.2.13	40.5	304	178	2	5	305	8	311	1.4e-50	196.4
3300025528.a:Ga0207867_1000029_59	gnl|TC-DB|O30499|2.A.20.1.4	40.0	400	167	6	2	400	7	334	1.2e-60	230.3
3300025528.a:Ga0207867_1000029_64	gnl|TC-DB|P94488|2.A.2.3.2	44.9	457	237	8	16	469	8	452	1.8e-105	379.4
3300025528.a:Ga0207867_1000029_69	gnl|TC-DB|Q45780|1.B.14.6.1	27.4	1062	647	29	38	1034	36	1038	1.4e-89	327.8
3300025528.a:Ga0207867_1000029_70	gnl|TC-DB|G0IYY9|8.A.46.1.6	28.1	242	145	11	1	224	6	236	4.8e-11	66.2
3300025528.a:Ga0207867_1000029_72	gnl|TC-DB|A1S2A8|2.A.21.3.8	50.6	607	289	2	1	607	1	596	7.5e-179	623.6
3300025528.a:Ga0207867_1000029_76	gnl|TC-DB|Q45780|1.B.14.6.1	25.1	792	436	29	1	727	24	723	1.7e-47	188.0
3300025528.a:Ga0207867_1000029_99	gnl|TC-DB|A9WGR7|2.A.1.24.3	31.0	426	280	5	8	426	8	426	4.6e-58	221.9
3300025528.a:Ga0207867_1000029_104	gnl|TC-DB|D5ERW9|9.B.186.1.3	39.8	103	61	1	321	423	107	208	2.0e-13	73.6
3300025528.a:Ga0207867_1000029_112	gnl|TC-DB|C5D215|2.A.49.6.2	24.6	406	275	5	90	492	82	459	2.1e-16	84.0
3300025528.a:Ga0207867_1000029_118	gnl|TC-DB|O30489|3.A.1.132.1	27.2	202	145	2	1	201	1	201	2.0e-16	82.4
3300025528.a:Ga0207867_1000029_133	gnl|TC-DB|Q46G03|9.B.104.1.2	33.3	147	86	3	56	200	51	187	8.8e-15	77.0
3300025528.a:Ga0207867_1000452_1	gnl|TC-DB|Q8EG39|2.A.8.1.6	46.2	156	84	0	9	164	297	452	8.0e-32	133.3
3300025528.a:Ga0207867_1000452_6	gnl|TC-DB|P0C105|2.A.1.7.2	32.2	479	241	7	1	473	11	411	5.8e-62	235.0
3300025528.a:Ga0207867_1000452_9	gnl|TC-DB|Q8EEC4|2.A.2.6.3	39.2	510	227	7	9	447	26	523	6.5e-92	334.3
3300025528.a:Ga0207867_1000452_18	gnl|TC-DB|L8K070|1.B.6.9.4	39.5	157	77	5	5	157	3	145	3.2e-19	91.7
3300025528.a:Ga0207867_1000452_29	gnl|TC-DB|Q9JZN9|1.B.14.2.9	22.1	756	469	27	105	775	31	751	1.8e-20	97.8
3300025528.a:Ga0207867_1000452_43	gnl|TC-DB|P13794|1.B.6.1.2	46.7	105	55	1	186	289	238	342	4.8e-19	91.7
3300025528.a:Ga0207867_1000025_2	gnl|TC-DB|P80874|8.A.5.1.4	32.0	306	201	5	5	304	6	310	4.0e-35	145.2
3300025528.a:Ga0207867_1000025_17	gnl|TC-DB|Q8A0N7|8.A.46.2.2	24.7	312	200	10	7	302	6	298	1.2e-11	68.2
3300025528.a:Ga0207867_1000025_18	gnl|TC-DB|Q93TH9|1.B.14.6.2	28.9	1123	657	32	1	1014	7	1097	8.4e-111	398.3
3300025528.a:Ga0207867_1000025_32	gnl|TC-DB|V5FN92|9.B.169.1.12	35.8	388	229	10	6	388	20	392	2.2e-48	189.5
3300025528.a:Ga0207867_1000025_39	gnl|TC-DB|Q9KN48|3.A.23.1.1	44.7	226	125	0	12	237	193	418	2.6e-50	196.1
3300025528.a:Ga0207867_1000025_44	gnl|TC-DB|Q9XIA9|4.C.1.1.14	27.9	596	378	16	33	593	79	657	9.8e-56	214.5
3300025528.a:Ga0207867_1000025_50	gnl|TC-DB|F8CM01|1.A.13.4.1	33.6	277	154	9	68	324	78	344	5.5e-27	118.2
3300025528.a:Ga0207867_1000025_61	gnl|TC-DB|E8R694|3.A.1.147.3	35.8	218	140	0	3	220	1	218	2.5e-42	169.1
3300025528.a:Ga0207867_1000025_81	gnl|TC-DB|Q45780|1.B.14.6.1	23.5	1073	687	34	41	1056	43	1038	5.6e-54	209.5
3300025528.a:Ga0207867_1000025_83	gnl|TC-DB|Q45780|1.B.14.6.1	21.7	968	642	32	49	947	118	1038	1.5e-45	181.4
3300025528.a:Ga0207867_1000025_94	gnl|TC-DB|P46333|2.A.1.1.106	38.8	433	256	5	14	440	10	439	4.0e-78	288.5
3300025528.a:Ga0207867_1000025_106	gnl|TC-DB|A8YQR6|3.A.23.2.1	74.7	99	22	2	1	96	1	99	5.3e-20	94.4
3300025528.a:Ga0207867_1000025_146	gnl|TC-DB|P0A5Z2|3.A.5.2.2	40.9	450	238	10	1	432	2	441	2.5e-88	322.4
3300025528.a:Ga0207867_1000025_151	gnl|TC-DB|L7WGX6|1.B.42.1.8	27.3	867	536	24	119	956	87	888	3.6e-76	283.1
3300025528.a:Ga0207867_1000025_155	gnl|TC-DB|O31712|3.A.1.122.2	27.6	409	265	9	14	413	9	395	6.5e-30	128.3
3300025528.a:Ga0207867_1000026_8	gnl|TC-DB|O35002|9.B.174.1.1	32.3	319	208	5	41	354	51	366	7.2e-42	168.3
3300025528.a:Ga0207867_1000026_23	gnl|TC-DB|Q9FI56|3.A.9.1.2	39.4	675	377	6	152	811	245	902	2.3e-135	479.6
3300025528.a:Ga0207867_1000026_27	gnl|TC-DB|I6ZP97|9.B.14.2.5	31.0	242	142	5	3	230	2	232	4.0e-29	124.8
3300025528.a:Ga0207867_1000026_60	gnl|TC-DB|P76417|2.A.1.10.4	42.2	408	218	6	5	403	3	401	2.3e-83	305.8
3300025528.a:Ga0207867_1000026_77	gnl|TC-DB|P0AA78|2.A.1.14.2	28.4	440	288	5	1	439	41	454	3.0e-49	192.6
3300025528.a:Ga0207867_1000026_89	gnl|TC-DB|p0aa70|2.A.7.3.22	36.2	287	170	7	15	299	12	287	2.1e-33	139.4
3300025528.a:Ga0207867_1000026_95	gnl|TC-DB|O31712|3.A.1.122.2	23.4	428	294	7	1	425	1	397	3.2e-24	109.4
3300025528.a:Ga0207867_1000026_96	gnl|TC-DB|C6Y217|8.A.46.1.3	27.5	447	270	20	11	441	6	414	1.8e-24	110.5
3300025528.a:Ga0207867_1000026_97	gnl|TC-DB|Q45780|1.B.14.6.1	28.3	1076	631	29	133	1149	44	1038	3.3e-100	363.2
3300025528.a:Ga0207867_1000026_100	gnl|TC-DB|P0AFF0|3.D.1.1.1	34.5	476	273	11	4	453	14	476	3.4e-56	215.7
3300025528.a:Ga0207867_1000026_101	gnl|TC-DB|P29925|3.D.1.2.1	33.4	482	290	9	5	463	7	480	3.7e-69	258.8
3300025528.a:Ga0207867_1000026_102	gnl|TC-DB|Q56227|3.D.1.3.1	45.8	622	303	12	10	626	8	600	5.5e-129	458.0
3300025528.a:Ga0207867_1000026_103	gnl|TC-DB|Q56226|3.D.1.3.1	42.7	103	48	1	6	108	3	94	2.5e-13	71.2
3300025528.a:Ga0207867_1000026_104	gnl|TC-DB|Q9P9F7|3.D.9.1.1	37.7	162	92	4	7	164	15	171	1.3e-16	82.8
3300025528.a:Ga0207867_1000026_105	gnl|TC-DB|Q9FX83|3.D.1.6.3	45.5	88	44	1	9	92	53	140	4.0e-16	81.3
3300025528.a:Ga0207867_1000026_106	gnl|TC-DB|Q746T2|3.D.1.5.1	50.3	330	149	3	18	347	15	329	9.2e-86	313.5
3300025528.a:Ga0207867_1000026_107	gnl|TC-DB|Q9FGI6|3.D.1.6.3	42.7	279	141	6	14	292	75	334	2.8e-56	215.7
3300025528.a:Ga0207867_1000026_108	gnl|TC-DB|Q56222|3.D.1.3.1	51.0	420	192	5	4	422	15	421	8.4e-124	440.3
3300025528.a:Ga0207867_1000026_109	gnl|TC-DB|P04394|3.D.1.6.1	53.5	155	72	0	4	158	55	209	1.4e-44	175.6
3300025528.a:Ga0207867_1000026_110	gnl|TC-DB|Q74GA5|3.D.1.5.1	42.5	388	217	1	21	408	8	389	9.4e-98	353.6
3300025528.a:Ga0207867_1000026_111	gnl|TC-DB|Q74GA6|3.D.1.5.1	35.4	147	93	1	11	157	10	154	3.6e-20	94.7
3300025528.a:Ga0207867_1000026_112	gnl|TC-DB|Q74GA7|3.D.1.5.1	57.5	146	61	1	30	175	8	152	1.6e-47	185.7
3300025528.a:Ga0207867_1000026_113	gnl|TC-DB|Q9P9G3|3.D.9.1.1	39.5	119	64	4	16	129	7	122	8.7e-13	69.7
3300025528.a:Ga0207867_1000026_125	gnl|TC-DB|G8TQP6|1.B.14.15.4	47.5	689	344	10	3	684	10	687	1.7e-181	632.5
3300025528.a:Ga0207867_1000026_145	gnl|TC-DB|H8XVA7|1.B.16.2.1	37.2	355	203	9	38	387	36	375	3.6e-57	218.8
3300025528.a:Ga0207867_1000016_9	gnl|TC-DB|Q45780|1.B.14.6.1	30.3	1058	632	31	27	1037	39	1038	7.3e-107	385.2
3300025528.a:Ga0207867_1000016_10	gnl|TC-DB|Q5LEN2|8.A.46.1.4	27.2	529	306	20	12	485	6	510	2.0e-30	130.2
3300025528.a:Ga0207867_1000016_12	gnl|TC-DB|P96710|2.A.1.1.55	44.2	452	247	2	2	448	11	462	1.5e-109	392.9
3300025528.a:Ga0207867_1000016_24	gnl|TC-DB|Q45780|1.B.14.6.1	30.1	1094	628	29	60	1108	37	1038	2.4e-111	400.2
3300025528.a:Ga0207867_1000016_25	gnl|TC-DB|C6Y217|8.A.46.1.3	38.2	610	286	12	8	539	7	603	9.4e-106	380.6
3300025528.a:Ga0207867_1000016_33	gnl|TC-DB|Q5LEN2|8.A.46.1.4	24.3	503	281	18	25	466	13	476	1.9e-15	80.5
3300025528.a:Ga0207867_1000016_37	gnl|TC-DB|Q45780|1.B.14.6.1	23.9	1104	711	35	11	1073	21	1036	1.3e-66	251.5
3300025528.a:Ga0207867_1000016_39	gnl|TC-DB|G8GB89|2.A.1.49.9	24.6	329	211	10	55	357	109	426	1.1e-13	74.3
3300025528.a:Ga0207867_1000016_69	gnl|TC-DB|H8I779|3.A.1.132.8	37.1	313	189	5	6	317	4	309	7.9e-50	194.1
3300025528.a:Ga0207867_1000016_85	gnl|TC-DB|P21458|3.A.12.1.1	42.1	570	291	12	282	843	242	780	5.5e-108	388.7
3300025528.a:Ga0207867_1000016_95	gnl|TC-DB|Q11NP8|1.B.66.1.2	32.1	414	215	13	1	358	1	404	8.0e-45	177.6
3300025528.a:Ga0207867_1000016_100	gnl|TC-DB|A0L4L0|3.A.1.132.3	41.0	327	172	8	21	346	22	328	5.8e-56	214.5
3300025528.a:Ga0207867_1000016_106	gnl|TC-DB|A5FNR0|1.B.44.2.1	34.5	148	85	4	53	196	51	190	2.6e-13	72.0
3300025528.a:Ga0207867_1000016_114	gnl|TC-DB|A6H1F5|1.B.23.4.2	32.7	452	282	8	123	556	247	694	1.1e-64	244.2
3300025528.a:Ga0207867_1000016_115	gnl|TC-DB|B4AEM5|1.E.43.3.1	49.4	83	42	0	85	167	96	178	4.0e-18	87.8
3300025528.a:Ga0207867_1000016_118	gnl|TC-DB|O07221|9.B.20.1.2	33.3	183	112	2	8	182	8	188	3.2e-20	95.1
3300025528.a:Ga0207867_1000016_126	gnl|TC-DB|P96797|3.D.7.1.1	36.5	249	143	8	17	258	164	404	8.5e-36	147.1
3300025528.a:Ga0207867_1000016_138	gnl|TC-DB|Q8KAA1|3.D.10.1.5	64.4	250	89	0	6	255	1	250	1.2e-95	345.9
3300025528.a:Ga0207867_1000016_139	gnl|TC-DB|Q8KAA0|3.D.10.1.5	67.2	667	189	3	1	659	2	646	4.5e-267	916.8
3300025528.a:Ga0207867_1000016_140	gnl|TC-DB|Q8KA99|3.D.10.1.5	33.5	227	133	4	9	235	28	236	1.5e-26	116.3
3300025528.a:Ga0207867_1000016_152	gnl|TC-DB|C6Y217|8.A.46.1.3	24.6	467	280	21	23	470	1	414	3.8e-17	86.3
3300025528.a:Ga0207867_1000016_153	gnl|TC-DB|Q45780|1.B.14.6.1	24.5	1118	691	32	10	1077	24	1038	1.2e-70	265.0
3300025528.a:Ga0207867_1000016_157	gnl|TC-DB|P27125|2.A.7.6.1	32.6	368	209	7	5	366	7	341	2.2e-53	206.1
3300025528.a:Ga0207867_1000016_160	gnl|TC-DB|Q45780|1.B.14.6.1	25.8	1065	644	36	63	1051	44	1038	4.6e-72	269.6
3300025528.a:Ga0207867_1000016_161	gnl|TC-DB|G8TGS7|8.A.46.3.3	26.2	462	304	14	1	438	1	449	7.1e-25	111.7
3300025528.a:Ga0207867_1000647_22	gnl|TC-DB|P65526|2.A.36.3.3	32.8	412	264	6	6	414	18	419	2.4e-43	172.9
3300025528.a:Ga0207867_1001023_9	gnl|TC-DB|O58953|3.A.1.128.6	29.3	256	148	10	1	245	1	234	6.5e-17	84.3
3300025528.a:Ga0207867_1001023_16	gnl|TC-DB|Q9HV74|2.A.21.9.1	30.8	237	145	9	1022	1247	746	974	1.5e-13	75.5
3300025528.a:Ga0207867_1000743_5	gnl|TC-DB|Q45780|1.B.14.6.1	25.2	1134	669	47	4	1073	20	1038	1.4e-52	204.9
3300025528.a:Ga0207867_1000743_9	gnl|TC-DB|P0C105|2.A.1.7.2	46.1	393	202	4	13	399	18	406	4.5e-84	308.1
3300025528.a:Ga0207867_1000743_23	gnl|TC-DB|Q9NTM9|9.B.158.1.1	41.7	242	134	3	3	240	26	264	3.8e-46	181.4
3300025528.a:Ga0207867_1004604_4	gnl|TC-DB|P77735|8.A.5.1.6	31.5	311	195	8	13	314	1	302	2.4e-35	146.0
3300025528.a:Ga0207867_1000958_3	gnl|TC-DB|P33950|3.A.1.5.27	29.7	555	318	19	17	533	9	529	2.0e-47	186.8
3300025528.a:Ga0207867_1000958_6	gnl|TC-DB|Q93TH9|1.B.14.6.2	26.0	1179	697	41	1	1067	11	1125	7.9e-72	268.9
3300025528.a:Ga0207867_1000065_8	gnl|TC-DB|P40290|3.A.6.1.1	27.6	268	172	5	313	568	141	398	4.8e-15	79.3
3300025528.a:Ga0207867_1000065_16	gnl|TC-DB|Q5EAK4|2.A.16.2.2	24.1	407	260	14	31	401	1360	1753	1.2e-18	91.7
3300025528.a:Ga0207867_1000065_17	gnl|TC-DB|D8RWR9|1.C.39.4.5	33.7	178	98	2	47	223	462	620	2.7e-16	83.6
3300025528.a:Ga0207867_1000065_53	gnl|TC-DB|O05523|2.A.64.3.2	31.1	264	150	7	15	276	7	240	1.1e-23	107.1
3300025528.a:Ga0207867_1000065_54	gnl|TC-DB|Q54318|9.A.40.1.1	31.0	229	154	2	191	415	31	259	2.9e-30	129.4
3300025528.a:Ga0207867_1000065_56	gnl|TC-DB|B7K217|1.A.46.2.3	31.3	297	184	6	7	297	14	296	2.2e-35	146.0
3300025528.a:Ga0207867_1000065_63	gnl|TC-DB|P95494|1.B.14.10.1	23.7	465	303	12	156	595	42	479	1.9e-19	94.4
3300025528.a:Ga0207867_1000065_68	gnl|TC-DB|Q45780|1.B.14.6.1	27.7	1155	631	35	1	1081	14	1038	6.7e-95	345.5
3300025528.a:Ga0207867_1000065_69	gnl|TC-DB|E4RVP8|8.A.46.1.5	26.1	606	348	25	1	568	1	544	2.7e-18	90.1
3300025528.a:Ga0207867_1000065_75	gnl|TC-DB|Q1D027|1.A.1.24.3	45.0	262	140	3	27	287	14	272	8.7e-45	177.2
3300025528.a:Ga0207867_1000065_79	gnl|TC-DB|Q57634|1.A.23.4.2	26.5	351	238	6	12	356	8	344	2.0e-22	103.2
3300025528.a:Ga0207867_1000065_91	gnl|TC-DB|Q9I3R2|2.A.6.2.35	24.7	328	234	6	35	356	48	368	4.1e-20	95.5
3300025528.a:Ga0207867_1000065_92	gnl|TC-DB|Q9I0Y8|2.A.6.2.16	42.0	1036	587	6	3	1026	5	1038	1.2e-218	756.5
3300025528.a:Ga0207867_1000065_93	gnl|TC-DB|Q0VQY7|2.A.6.2.46	25.9	471	308	11	22	478	18	461	2.9e-29	126.3
3300025528.a:Ga0207867_1000065_110	gnl|TC-DB|E5AN59|1.E.40.3.1	41.1	112	66	0	1	112	1	112	5.3e-14	73.6
3300025528.a:Ga0207867_1000018_10	gnl|TC-DB|Q9KN48|3.A.23.1.1	42.1	242	135	1	149	390	193	429	1.0e-48	190.7
3300025528.a:Ga0207867_1000018_15	gnl|TC-DB|Q45064|9.B.31.1.2	45.4	196	97	3	5	200	5	190	1.4e-31	132.9
3300025528.a:Ga0207867_1000018_18	gnl|TC-DB|C7PU69|1.B.6.6.6	41.9	191	102	4	18	199	2	192	1.3e-36	149.4
3300025528.a:Ga0207867_1000018_23	gnl|TC-DB|F8L1Z0|3.A.2.1.6	39.7	78	45	2	3	80	4	79	3.1e-11	63.9
3300025528.a:Ga0207867_1000018_24	gnl|TC-DB|A1B8P0|3.A.2.1.7	67.0	494	138	3	5	498	6	474	2.6e-182	634.8
3300025528.a:Ga0207867_1000018_40	gnl|TC-DB|P25714|2.A.9.3.1	38.3	214	111	5	357	566	335	531	2.1e-29	127.1
3300025528.a:Ga0207867_1000018_54	gnl|TC-DB|Q2NFA8|3.A.1.32.2	23.7	556	321	18	1	479	1	530	1.2e-22	104.4
3300025528.a:Ga0207867_1000018_63	gnl|TC-DB|P38370|1.B.14.6.3	23.5	446	265	15	24	419	28	447	5.0e-13	73.6
3300025528.a:Ga0207867_1000018_71	gnl|TC-DB|Q07YH1|2.A.1.14.25	30.8	409	263	4	9	401	12	416	9.2e-53	204.1
3300025528.a:Ga0207867_1000018_95	gnl|TC-DB|B8HSD7|9.B.126.2.6	41.4	295	171	2	15	308	6	299	4.0e-51	198.4
3300025528.a:Ga0207867_1000018_96	gnl|TC-DB|A5FGV9|3.A.3.29.2	43.1	770	420	9	2	766	34	790	9.8e-173	603.6
3300025528.a:Ga0207867_1000018_98	gnl|TC-DB|H7F0T0|3.D.4.3.3	53.7	462	213	1	8	468	9	470	7.2e-154	540.8
3300025528.a:Ga0207867_1000018_103	gnl|TC-DB|K9ZHC0|5.A.1.6.4	33.5	221	121	8	13	210	10	227	1.2e-17	86.7
3300025528.a:Ga0207867_1000018_104	gnl|TC-DB|Q01857|2.A.23.1.3	68.8	413	129	0	12	424	15	427	8.7e-155	543.1
3300025528.a:Ga0207867_1000018_111	gnl|TC-DB|I9SUL5|9.B.196.1.2	40.1	324	168	4	84	404	1	301	3.9e-57	218.8
3300025528.a:Ga0207867_1000018_112	gnl|TC-DB|P43672|3.A.1.120.6	30.1	538	360	6	1	529	1	531	4.2e-73	272.3
3300025528.a:Ga0207867_1000018_128	gnl|TC-DB|P75796|3.A.1.5.11	48.7	567	274	7	5	564	12	568	1.6e-151	532.7
3300025528.a:Ga0207867_1000018_166	gnl|TC-DB|Q9ZKE4|3.A.11.3.1	35.8	509	293	10	293	794	111	592	5.9e-75	278.9
3300025528.a:Ga0207867_1001467_6	gnl|TC-DB|Q45780|1.B.14.6.1	28.2	1101	653	24	20	1082	37	1038	1.1e-100	364.8
3300025528.a:Ga0207867_1001467_7	gnl|TC-DB|C6Y217|8.A.46.1.3	22.7	669	355	16	1	573	1	603	4.5e-21	99.4
3300025528.a:Ga0207867_1005368_2	gnl|TC-DB|K1GHE1|9.B.186.1.2	40.2	117	70	0	88	204	89	205	7.3e-20	94.0
3300025528.a:Ga0207867_1000880_22	gnl|TC-DB|F8CM01|1.A.13.4.1	35.5	259	152	6	88	337	100	352	6.2e-31	131.3
