PUL0335	14
PUL0121	8
PUL0267	3
PUL0340	3
PUL0527	3
PUL0572	3
PUL0049	2
PUL0058	2
PUL01073	2
PUL01081	2
PUL0180	2
PUL0216	2
PUL0281	2
PUL0375	2
PUL0390	2
PUL0396	2
PUL04134	2
PUL04582	2
PUL0017	1
PUL00290	1
PUL0038	1
PUL00601	1
PUL00615	1
PUL00706	1
PUL0093	1
PUL0103	1
PUL0106	1
PUL01060	1
PUL01080	1
PUL01083	1
PUL01087	1
PUL01212	1
PUL01237	1
PUL0124	1
PUL01247	1
PUL01248	1
PUL01249	1
PUL0130	1
PUL01344	1
PUL01346	1
PUL0136	1
PUL01455	1
PUL01622	1
PUL0178	1
PUL01808	1
PUL01845	1
PUL0225	1
PUL0227	1
PUL02300	1
PUL0236	1
PUL02670	1
PUL0269	1
PUL0270	1
PUL02700	1
PUL02805	1
PUL0290	1
PUL02910	1
PUL02941	1
PUL03341	1
PUL03356	1
PUL03363	1
PUL03368	1
PUL03390	1
PUL0401	1
PUL0404	1
PUL04132	1
PUL04133	1
PUL04135	1
PUL0414	1
PUL0429	1
PUL0430	1
PUL0454	1
PUL0495	1
PUL05020	1
PUL05021	1
PUL0509	1
PUL0519	1
PUL05308	1
PUL0541	1
PUL05771	1
PUL0584	1
PUL0588	1
PUL0599	1
