PUL0017	2.41e-199
PUL0017	4.98e-186
PUL0017	8.19e-159
PUL0049	1.58e-158
PUL0058	1.08e-191
PUL0058	3.96e-109
PUL0072	1.52e-166
PUL0088	4.86e-23
PUL0106	7.58e-163
PUL0121	6.30e-121
PUL0236	1.38e-83
PUL0247	1.33e-75
PUL0267	1.85e-242
PUL0267	2.10e-58
PUL0282	3.83e-09
PUL0282	9.80e-21
PUL00290	7.45e-43
PUL0309	5.65e-28
PUL0335	1.18e-67
PUL0335	3.14e-83
PUL0335	8.07e-72
PUL0339	2.74e-07
PUL0339	7.00e-12
PUL0339	8.88e-43
PUL0340	2.78e-140
PUL0390	3.39e-53
PUL0390	3.47e-74
PUL0390	6.25e-68
PUL0401	3.92e-24
PUL0406	4.75e-06
PUL0406	9.93e-31
PUL0423	1.62e-67
PUL0489	6.37e-44
PUL00495	1.03e-245
PUL0584	8.36e-149
PUL01060	1.01e-186
PUL01060	1.47e-57
PUL01247	2.36e-78
PUL01249	1.77e-33
PUL01731	6.87e-123
PUL02020	3.00e-130
PUL02500	5.22e-75
PUL02506	1.62e-127
PUL02670	8.51e-217
PUL02670	9.67e-262
PUL03332	9.41e-36
PUL03355	5.29e-158
PUL03992	4.86e-99
PUL04062	3.72e-26
PUL04132	5.21e-164
PUL04290	4.19e-108
PUL04463	1.46e-93
PUL04934	1.91e-184
PUL05054	3.32e-191
PUL05160	2.84e-143
PUL05609	3.59e-32
PUL06012	6.83e-47
