GerE	57	3300029856.a:Ga0245296_100002_145	186	1.1e-05	18	43	137	162	0.43859649122807015
HTH_AraC	42	3300029856.a:Ga0245296_100002_176	353	4.2e-05	8	42	260	294	0.8095238095238095
HTH_AraC	42	3300029856.a:Ga0245296_100002_176	353	2.1e-12	11	42	314	346	0.7380952380952381
MarR	59	3300029856.a:Ga0245296_100002_179	116	2.7e-13	4	58	30	84	0.9152542372881356
Pencillinase_R	115	3300029856.a:Ga0245296_100002_2	121	1.6e-31	1	114	4	116	0.9826086956521739
HTH_3	55	3300029856.a:Ga0245296_100002_20	448	1e-12	1	51	8	58	0.9090909090909091
MarR	59	3300029856.a:Ga0245296_100002_258	183	3.2e-09	4	50	36	82	0.7796610169491526
KilA-N	111	3300029856.a:Ga0245296_100002_271	284	1e-33	2	110	18	150	0.972972972972973
HTH_DeoR	57	3300029856.a:Ga0245296_100002_325	264	3e-18	1	53	10	62	0.9122807017543859
HTH_DeoR	57	3300029856.a:Ga0245296_100002_360	274	2.3e-16	1	52	26	77	0.8947368421052632
HTH_AraC	42	3300029856.a:Ga0245296_100002_371	298	7.1e-08	8	42	210	244	0.8095238095238095
HTH_AraC	42	3300029856.a:Ga0245296_100002_371	298	6.8e-08	2	42	256	294	0.9523809523809523
HTH_AraC	42	3300029856.a:Ga0245296_100002_409	290	3.4e-11	7	41	245	279	0.8095238095238095
MerR	38	3300029856.a:Ga0245296_100002_77	113	3.1e-11	1	38	14	51	0.9736842105263158
HTH_5	47	3300029856.a:Ga0245296_100002_96	406	3.8e-08	2	46	250	297	0.9361702127659575
HTH_10	53	3300029856.a:Ga0245296_100005_109	99	7.3e-06	25	51	64	90	0.49056603773584906
Trans_reg_C	77	3300029856.a:Ga0245296_100005_131	227	6.8e-25	2	77	151	223	0.974025974025974
HTH_AraC	42	3300029856.a:Ga0245296_100005_158	563	3.6e-08	6	42	516	553	0.8571428571428571
MarR	59	3300029856.a:Ga0245296_100005_20	152	3.1e-14	1	58	38	95	0.9661016949152542
FUR	120	3300029856.a:Ga0245296_100005_206	137	5.9e-27	3	98	13	107	0.7916666666666666
GerE	57	3300029856.a:Ga0245296_100005_287	287	7.2e-05	2	54	225	281	0.9122807017543859
FUR	120	3300029856.a:Ga0245296_100005_301	157	4.7e-30	2	120	21	138	0.9833333333333333
Pencillinase_R	115	3300029856.a:Ga0245296_100005_350	123	1.2e-29	1	114	4	116	0.9826086956521739
GerE	57	3300029856.a:Ga0245296_100005_38	198	5.4e-07	16	48	155	187	0.5614035087719298
GerE	57	3300029856.a:Ga0245296_100005_403	185	6e-21	2	48	117	163	0.8070175438596491
HTH_3	55	3300029856.a:Ga0245296_100005_405	73	7.2e-06	7	54	13	61	0.8545454545454545
HTH_3	55	3300029856.a:Ga0245296_100005_60	154	1.3e-06	7	49	20	61	0.7636363636363637
PadR	75	3300029856.a:Ga0245296_100023_122	109	1e-19	2	74	20	89	0.96
PspC	53	3300029856.a:Ga0245296_100023_123	355	5.8e-23	1	53	120	177	0.9811320754716981
HTH_3	55	3300029856.a:Ga0245296_100023_213	155	4.3e-05	8	31	19	42	0.41818181818181815
SRF-TF	48	3300029856.a:Ga0245296_100023_215	77	6.3e-05	9	43	7	41	0.7083333333333334
HTH_3	55	3300029856.a:Ga0245296_100023_263	184	1e-06	4	53	15	64	0.8909090909090909
LytTR	98	3300029856.a:Ga0245296_100023_34	239	2.4e-19	4	93	136	222	0.9081632653061225
GerE	57	3300029856.a:Ga0245296_100023_37	206	4.1e-18	2	57	130	185	0.9649122807017544
HTH_3	55	3300029856.a:Ga0245296_100023_52	293	8.8e-05	6	31	140	165	0.45454545454545453
Arg_repressor	70	3300029856.a:Ga0245296_100023_55	162	2.3e-22	2	67	3	68	0.9285714285714286
HTH_AraC	42	3300029856.a:Ga0245296_100023_79	302	7e-09	1	40	202	241	0.9285714285714286
HTH_AraC	42	3300029856.a:Ga0245296_100023_79	302	2.7e-07	1	42	254	293	0.9761904761904762
HTH_AraC	42	3300029856.a:Ga0245296_100031_144	299	3.3e-05	15	41	219	245	0.6190476190476191
HTH_AraC	42	3300029856.a:Ga0245296_100031_144	299	1.3e-08	7	41	260	295	0.8095238095238095
HTH_8	42	3300029856.a:Ga0245296_100031_40	421	3.5e-14	1	42	376	417	0.9761904761904762
HTH_AraC	42	3300029856.a:Ga0245296_100031_41	1320	2.5e-10	6	41	1274	1310	0.8333333333333334
MarR	59	3300029856.a:Ga0245296_100031_82	402	8.4e-06	14	49	28	63	0.5932203389830508
HTH_AraC	42	3300029856.a:Ga0245296_100032_107	290	3.7e-07	4	42	187	225	0.9047619047619048
HTH_AraC	42	3300029856.a:Ga0245296_100032_107	290	1.9e-08	2	42	237	275	0.9523809523809523
HTH_AraC	42	3300029856.a:Ga0245296_100032_149	278	1e-08	1	38	234	269	0.8809523809523809
GerE	57	3300029856.a:Ga0245296_100032_25	185	5e-08	2	44	127	170	0.7368421052631579
KilA-N	111	3300029856.a:Ga0245296_100032_37	267	4.8e-36	1	110	4	135	0.9819819819819819
HTH_3	55	3300029856.a:Ga0245296_100046_114	68	1.2e-10	1	55	6	60	0.9818181818181818
GerE	57	3300029856.a:Ga0245296_100046_185	214	3.3e-10	18	48	152	182	0.5263157894736842
GerE	57	3300029856.a:Ga0245296_100046_36	213	1e-07	6	43	157	193	0.6491228070175439
GerE	57	3300029856.a:Ga0245296_100046_47	163	3.1e-07	18	42	111	135	0.42105263157894735
HTH_DeoR	57	3300029856.a:Ga0245296_100046_63	372	1.2e-06	1	49	312	360	0.8421052631578947
HTH_AraC	42	3300029856.a:Ga0245296_100046_79	287	7.1e-08	1	41	246	284	0.9523809523809523
HTH_11	55	3300029856.a:Ga0245296_100046_9	154	3e-06	3	41	9	46	0.6909090909090909
HTH_3	55	3300029856.a:Ga0245296_100051_108	67	6.3e-15	2	53	6	57	0.9272727272727272
Trans_reg_C	77	3300029856.a:Ga0245296_100051_135	228	3.7e-17	2	77	146	222	0.974025974025974
HTH_psq	45	3300029856.a:Ga0245296_100051_154	172	9.5e-06	13	38	51	76	0.5555555555555556
HTH_AraC	42	3300029856.a:Ga0245296_100051_65	295	5.1e-07	3	42	195	234	0.9285714285714286
HTH_AraC	42	3300029856.a:Ga0245296_100051_65	295	9.6e-07	7	41	248	283	0.8095238095238095
HTH_8	42	3300029856.a:Ga0245296_100051_80	440	7.2e-15	4	40	398	434	0.8571428571428571
Trans_reg_C	77	3300029856.a:Ga0245296_100051_96	237	4.9e-19	2	77	153	226	0.974025974025974
HTH_AraC	42	3300029856.a:Ga0245296_100055_112	290	1.1e-09	2	42	245	283	0.9523809523809523
HTH_AraC	42	3300029856.a:Ga0245296_100055_132	302	5.4e-05	14	42	219	247	0.6666666666666666
HTH_AraC	42	3300029856.a:Ga0245296_100055_132	302	8.1e-09	11	42	265	297	0.7380952380952381
DUF24	91	3300029856.a:Ga0245296_100055_134	123	8.5e-31	2	88	23	110	0.945054945054945
GerE	57	3300029856.a:Ga0245296_100055_24	184	1.1e-07	18	46	144	172	0.49122807017543857
HTH_AraC	42	3300029856.a:Ga0245296_100055_33	308	9e-12	8	41	263	297	0.7857142857142857
GerE	57	3300029856.a:Ga0245296_100144_24	578	2.3e-06	7	47	525	565	0.7017543859649122
GerE	57	3300029856.a:Ga0245296_100144_34	202	5.5e-06	18	41	157	180	0.40350877192982454
HTH_8	42	3300029856.a:Ga0245296_100144_44	473	9.5e-15	2	42	430	470	0.9523809523809523
HTH_3	55	3300029856.a:Ga0245296_100144_64	68	1.9e-13	7	55	13	61	0.8727272727272727
GntR	64	3300029856.a:Ga0245296_100144_93	131	6.4e-16	2	64	10	72	0.96875
GntR	64	3300029856.a:Ga0245296_100149_23	251	1.7e-23	1	64	29	92	0.984375
HTH_AraC	42	3300029856.a:Ga0245296_100149_28	276	2.5e-08	1	42	231	270	0.9761904761904762
HTH_AraC	42	3300029856.a:Ga0245296_100149_34	299	5.2e-12	6	41	259	295	0.8333333333333334
HTH_11	55	3300029856.a:Ga0245296_100149_72	159	5.5e-05	4	48	12	61	0.8
HTH_10	53	3300029856.a:Ga0245296_100188_64	204	7e-06	2	43	3	44	0.7735849056603774
PspC	53	3300029856.a:Ga0245296_100188_78	65	5.4e-24	1	52	5	62	0.9622641509433962
HTH_1	60	3300029856.a:Ga0245296_100188_87	296	2.7e-20	3	60	5	62	0.95
LytTR	98	3300029856.a:Ga0245296_100326_26	243	7.7e-20	2	97	142	233	0.9693877551020408
GerE	57	3300029856.a:Ga0245296_100326_28	180	3.3e-08	14	46	138	170	0.5614035087719298
