HTH_3	55	3300028975.a:Ga0169659_10003_1	93	2e-07	1	30	7	36	0.5272727272727272
FUR	120	3300028975.a:Ga0169659_10003_163	163	5.1e-41	2	120	15	137	0.9833333333333333
HTH_AraC	42	3300028975.a:Ga0169659_10003_25	283	7.9e-05	6	42	195	231	0.8571428571428571
HTH_AraC	42	3300028975.a:Ga0169659_10003_25	283	7.7e-11	2	42	243	281	0.9523809523809523
HTH_AraC	42	3300028975.a:Ga0169659_10003_73	343	5.4e-06	1	41	183	223	0.9523809523809523
HTH_AraC	42	3300028975.a:Ga0169659_10003_73	343	4.4e-07	7	42	238	274	0.8333333333333334
HTH_3	55	3300028975.a:Ga0169659_10005_102	128	9e-14	2	52	33	85	0.9090909090909091
GntR	64	3300028975.a:Ga0169659_10005_103	236	5.2e-18	1	64	23	85	0.984375
Rrf2	83	3300028975.a:Ga0169659_10005_14	150	8.3e-28	1	82	1	82	0.9759036144578314
Trans_reg_C	77	3300028975.a:Ga0169659_10005_142	225	1.2e-28	1	77	145	220	0.987012987012987
DUF24	91	3300028975.a:Ga0169659_10005_147	96	7.2e-31	3	88	2	87	0.9340659340659341
HTH_3	55	3300028975.a:Ga0169659_10005_153	92	6.1e-12	4	42	26	64	0.6909090909090909
MerR	38	3300028975.a:Ga0169659_10005_162	121	1.9e-13	1	38	2	37	0.9736842105263158
HTH_5	47	3300028975.a:Ga0169659_10005_181	115	2.9e-16	1	47	18	64	0.9787234042553191
MarR	59	3300028975.a:Ga0169659_10005_210	173	1.5e-16	1	59	52	110	0.9830508474576272
Rrf2	83	3300028975.a:Ga0169659_10005_54	140	9.9e-28	1	82	1	82	0.9759036144578314
MarR	59	3300028975.a:Ga0169659_10005_59	130	4.8e-13	1	58	20	81	0.9661016949152542
HTH_11	55	3300028975.a:Ga0169659_10014_126	170	2.3e-05	9	43	12	46	0.6181818181818182
CSD	66	3300028975.a:Ga0169659_10014_154	66	4.7e-34	2	65	2	64	0.9545454545454546
LexA_DNA_bind	65	3300028975.a:Ga0169659_10014_18	224	8.6e-21	4	65	8	69	0.9384615384615385
Arg_repressor	70	3300028975.a:Ga0169659_10014_26	152	2.8e-26	3	69	2	68	0.9428571428571428
Trp_repressor	88	3300028975.a:Ga0169659_10021_29	99	1e-33	2	87	11	95	0.9659090909090909
PadR	75	3300028975.a:Ga0169659_10021_52	110	4.5e-24	1	74	14	83	0.9733333333333334
Trans_reg_C	77	3300028975.a:Ga0169659_10021_54	230	5.2e-28	2	77	153	228	0.974025974025974
HTH_3	55	3300028975.a:Ga0169659_10021_71	126	1.2e-15	1	53	9	62	0.9454545454545454
HTH_1	60	3300028975.a:Ga0169659_10021_91	302	8.4e-20	3	60	7	64	0.95
HTH_1	60	3300028975.a:Ga0169659_10023_87	295	3.3e-18	5	60	7	62	0.9166666666666666
HTH_1	60	3300028975.a:Ga0169659_10027_24	313	1.5e-18	1	60	3	62	0.9833333333333333
HTH_5	47	3300028975.a:Ga0169659_10028_29	97	6.2e-20	1	47	20	66	0.9787234042553191
Fez1	198	3300028975.a:Ga0169659_10031_5	402	6.5e-06	15	125	81	187	0.5555555555555556
HTH_11	55	3300028975.a:Ga0169659_10031_50	325	2.7e-17	4	55	4	56	0.9272727272727272
Rrf2	83	3300028975.a:Ga0169659_10031_79	144	3.2e-25	1	83	1	83	0.9879518072289156
HTH_11	55	3300028975.a:Ga0169659_10033_76	210	4.1e-13	1	54	6	57	0.9636363636363636
SfsA	199	3300028975.a:Ga0169659_10043_14	421	3.3e-53	1	178	14	206	0.8894472361809045
MarR	59	3300028975.a:Ga0169659_10043_40	229	7.3e-06	11	53	13	55	0.711864406779661
HTH_3	55	3300028975.a:Ga0169659_10043_62	107	5.7e-13	3	55	17	69	0.9454545454545454
FMN_bind_2	168	3300028975.a:Ga0169659_10045_65	160	1.3e-06	3	83	5	83	0.47619047619047616
bZIP_1	64	3300028975.a:Ga0169659_10046_27	470	9e-06	28	57	439	468	0.453125
HTH_1	60	3300028975.a:Ga0169659_10051_14	304	2e-20	3	60	5	62	0.95
HTH_3	55	3300028975.a:Ga0169659_10051_26	154	3e-19	1	55	7	61	0.9818181818181818
HTH_1	60	3300028975.a:Ga0169659_10051_3	308	2.2e-23	2	59	4	61	0.95
HTH_1	60	3300028975.a:Ga0169659_10051_59	300	1.2e-20	2	60	8	66	0.9666666666666667
HTH_1	60	3300028975.a:Ga0169659_10082_13	297	1.7e-18	7	60	9	66	0.8833333333333333
HTH_11	55	3300028975.a:Ga0169659_10082_19	112	7e-08	9	38	28	56	0.5272727272727272
HTH_DeoR	57	3300028975.a:Ga0169659_10086_30	187	3e-06	1	34	9	42	0.5789473684210527
HTH_3	55	3300028975.a:Ga0169659_10086_4	58	7.6e-09	8	54	5	50	0.8363636363636363
HTH_3	55	3300028975.a:Ga0169659_10086_7	72	2.4e-14	1	44	7	50	0.7818181818181819
HTH_1	60	3300028975.a:Ga0169659_10088_11	302	2.6e-19	2	59	4	61	0.95
HTH_3	55	3300028975.a:Ga0169659_10088_39	70	1.7e-05	5	53	12	59	0.8727272727272727
MarR	59	3300028975.a:Ga0169659_10122_7	154	3.7e-05	18	52	45	79	0.576271186440678
CtsR	149	3300028975.a:Ga0169659_10131_25	160	9.3e-44	2	149	3	156	0.9865771812080537
GerE	57	3300028975.a:Ga0169659_10135_25	225	5.8e-07	2	46	163	207	0.7719298245614035
GntR	64	3300028975.a:Ga0169659_10137_18	231	3e-20	2	64	17	78	0.96875
Crp	32	3300028975.a:Ga0169659_10142_1	229	6.4e-09	1	29	163	191	0.875
HTH_1	60	3300028975.a:Ga0169659_10142_10	295	1e-23	1	60	3	62	0.9833333333333333
FUR	120	3300028975.a:Ga0169659_10142_18	137	2.8e-23	2	119	8	124	0.975
FUR	120	3300028975.a:Ga0169659_10171_15	140	1.1e-30	2	117	10	124	0.9583333333333334
Fe_dep_repress	60	3300028975.a:Ga0169659_10285_12	242	1.5e-05	7	55	170	221	0.8
MarR	59	3300028975.a:Ga0169659_10553_2	129	2.6e-08	15	58	32	75	0.7288135593220338
