HTH_3	55	3300025632.a:Ga0209194_1000007_132	59	1.2e-06	6	53	2	48	0.8545454545454545
MarR	59	3300025632.a:Ga0209194_1000007_159	149	1.2e-10	1	58	33	92	0.9661016949152542
GerE	57	3300025632.a:Ga0209194_1000007_269	575	1.4e-05	20	55	534	569	0.6140350877192983
GerE	57	3300025632.a:Ga0209194_1000007_27	163	4.5e-06	3	47	115	159	0.7719298245614035
HTH_1	60	3300025632.a:Ga0209194_1000007_32	310	5.7e-22	1	59	3	61	0.9666666666666667
PadR	75	3300025632.a:Ga0209194_1000007_34	110	1.3e-21	1	75	19	90	0.9866666666666667
PspC	53	3300025632.a:Ga0209194_1000007_35	556	4.1e-23	1	53	101	159	0.9811320754716981
HTH_3	55	3300025632.a:Ga0209194_1000007_41	298	1.9e-05	7	31	151	175	0.43636363636363634
FUR	120	3300025632.a:Ga0209194_1000007_67	148	2e-29	3	120	23	141	0.975
HTH_3	55	3300025632.a:Ga0209194_1000008_128	130	3.1e-11	1	55	11	66	0.9818181818181818
MarR	59	3300025632.a:Ga0209194_1000008_130	160	8.4e-06	4	48	9	53	0.7457627118644068
Crp	32	3300025632.a:Ga0209194_1000008_177	118	1.5e-09	3	32	76	105	0.90625
HTH_AraC	42	3300025632.a:Ga0209194_1000008_208	349	1.9e-09	6	42	309	346	0.8571428571428571
LacI	46	3300025632.a:Ga0209194_1000018_102	339	1.7e-13	1	46	5	50	0.9782608695652174
GntR	64	3300025632.a:Ga0209194_1000018_155	231	2.3e-19	2	64	11	73	0.96875
HTH_AraC	42	3300025632.a:Ga0209194_1000018_42	296	2.7e-10	2	41	252	289	0.9285714285714286
Rrf2	83	3300025632.a:Ga0209194_1000018_81	137	1.6e-26	1	83	1	83	0.9879518072289156
GerE	57	3300025632.a:Ga0209194_1000020_114	566	4e-08	3	51	508	556	0.8421052631578947
DUF24	91	3300025632.a:Ga0209194_1000020_130	150	1.4e-15	2	87	22	108	0.9340659340659341
HTH_1	60	3300025632.a:Ga0209194_1000020_159	295	1.6e-25	1	59	7	65	0.9666666666666667
HTH_5	47	3300025632.a:Ga0209194_1000020_51	85	7.3e-16	1	46	10	55	0.9574468085106383
Pencillinase_R	115	3300025632.a:Ga0209194_1000020_76	120	7.4e-31	1	114	4	116	0.9826086956521739
FMN_bind_2	168	3300025632.a:Ga0209194_1000030_27	208	1.4e-38	2	167	3	161	0.9821428571428571
CSD	66	3300025632.a:Ga0209194_1000031_104	64	1e-22	1	65	1	62	0.9696969696969697
LytTR	98	3300025632.a:Ga0209194_1000034_9	725	8.5e-19	4	97	632	719	0.9489795918367347
Fe_dep_repress	60	3300025632.a:Ga0209194_1000050_10	137	2.8e-18	5	59	6	60	0.9
LytTR	98	3300025632.a:Ga0209194_1000050_107	239	9.6e-18	2	97	140	235	0.9693877551020408
LytTR	98	3300025632.a:Ga0209194_1000050_108	246	6e-05	5	97	146	241	0.9387755102040817
Crp	32	3300025632.a:Ga0209194_1000050_3	211	7.7e-06	4	30	170	196	0.8125
HTH_11	55	3300025632.a:Ga0209194_1000050_65	157	2.2e-05	9	42	21	53	0.6
Trans_reg_C	77	3300025632.a:Ga0209194_1000050_75	231	1.2e-23	1	77	153	224	0.987012987012987
HTH_AraC	42	3300025632.a:Ga0209194_1000076_24	284	1.2e-06	1	42	187	228	0.9761904761904762
HTH_AraC	42	3300025632.a:Ga0209194_1000076_24	284	7.5e-06	10	35	244	270	0.5952380952380952
CSD	66	3300025632.a:Ga0209194_1000076_30	66	1.6e-21	2	64	5	62	0.9393939393939394
DUF24	91	3300025632.a:Ga0209194_1000087_14	146	2.9e-17	1	88	15	102	0.9560439560439561
MarR	59	3300025632.a:Ga0209194_1000119_42	146	9.3e-13	17	59	45	87	0.711864406779661
LytTR	98	3300025632.a:Ga0209194_1000119_8	233	3.5e-22	3	97	140	228	0.9591836734693877
MerR	38	3300025632.a:Ga0209194_1000172_15	110	1.7e-09	1	38	12	49	0.9736842105263158
HTH_3	55	3300025632.a:Ga0209194_1000172_18	71	9.1e-14	1	55	12	66	0.9818181818181818
HTH_8	42	3300025632.a:Ga0209194_1000172_34	422	3.2e-14	6	42	377	413	0.8571428571428571
HTH_3	55	3300025632.a:Ga0209194_1000215_36	76	1e-16	4	55	20	71	0.9272727272727272
MerR	38	3300025632.a:Ga0209194_1000342_21	308	1.2e-09	2	38	10	46	0.9473684210526315
Trans_reg_C	77	3300025632.a:Ga0209194_1000538_24	238	2.8e-19	2	77	157	230	0.974025974025974
HTH_3	55	3300025632.a:Ga0209194_1001551_3	71	2.9e-15	1	54	12	65	0.9636363636363636
HTH_AraC	42	3300025632.a:Ga0209194_1001679_2	366	4.8e-08	9	40	327	359	0.7380952380952381
HTH_11	55	3300025632.a:Ga0209194_1001679_6	155	3.2e-05	4	43	10	48	0.7090909090909091
HTH_AraC	42	3300025632.a:Ga0209194_1001699_15	303	2.4e-10	8	41	265	299	0.7857142857142857
HTH_3	55	3300025632.a:Ga0209194_1001699_9	71	1.8e-15	1	54	5	58	0.9636363636363636
