3300008431.a:Ga0115308_100004_1  0.289  32  0.475  25  0.936  18  0.826   0.640 Y  0.570      SignalP-noTM
3300008431.a:Ga0115308_100004_1  0.344  25  0.507  25  0.880  19  0.737   0.631 Y  0.450      SignalP-noTM
3300008431.a:Ga0115308_100004_10  0.194  35  0.370  25  0.952   8  0.856   0.560 Y  0.450      SignalP-TM
3300008431.a:Ga0115308_100004_10  0.298  25  0.420  25  0.798  19  0.580   0.506 Y  0.450      SignalP-noTM
3300008431.a:Ga0115308_100004_10  0.477  25  0.660  25  0.963  19  0.896   0.771 Y  0.570      SignalP-noTM
3300008431.a:Ga0115308_100004_11  0.224  28  0.364  28  0.776  17  0.583   0.482 Y  0.450      SignalP-noTM
3300008431.a:Ga0115308_100004_11  0.432  26  0.580  26  0.941  11  0.836   0.679 Y  0.450      SignalP-TM
3300008431.a:Ga0115308_100004_11  0.704  26  0.753  26  0.955  21  0.863   0.805 Y  0.570      SignalP-noTM
3300008431.a:Ga0115308_100004_110  0.315  30  0.425  28  0.839   6  0.718   0.539 Y  0.450      SignalP-TM
3300008431.a:Ga0115308_100004_110  0.510  30  0.622  30  0.981  13  0.806   0.721 Y  0.450      SignalP-noTM
3300008431.a:Ga0115308_100004_111  0.226  33  0.364  20  0.920  19  0.866   0.560 Y  0.450      SignalP-TM
3300008431.a:Ga0115308_100004_111  0.597  24  0.740  21  0.989  15  0.951   0.854 Y  0.450      SignalP-noTM
3300008431.a:Ga0115308_100004_111  0.815  20  0.887  20  0.978  11  0.956   0.919 Y  0.570      SignalP-noTM
3300008431.a:Ga0115308_100004_114  0.236  32  0.438  24  0.876  22  0.761   0.564 Y  0.450      SignalP-TM
3300008431.a:Ga0115308_100004_114  0.393  26  0.515  24  0.795  17  0.697   0.613 Y  0.450      SignalP-noTM
3300008431.a:Ga0115308_100004_114  0.537  24  0.666  24  0.880  22  0.799   0.729 Y  0.570      SignalP-noTM
3300008431.a:Ga0115308_100004_115  0.191  23  0.390  23  0.931  11  0.847   0.605 Y  0.570      SignalP-noTM
3300008431.a:Ga0115308_100004_115  0.257  25  0.425  23  0.929   2  0.757   0.604 Y  0.450      SignalP-noTM
3300008431.a:Ga0115308_100004_115  0.383  25  0.555  25  0.931   2  0.846   0.668 Y  0.450      SignalP-TM
3300008431.a:Ga0115308_100004_42  0.264  25  0.404  25  0.787  24  0.576   0.471 Y  0.450      SignalP-TM
3300008431.a:Ga0115308_100004_42  0.310  20  0.463  20  0.830  13  0.681   0.581 Y  0.450      SignalP-noTM
3300008431.a:Ga0115308_100004_5  0.225  23  0.353  23  0.809   1  0.609   0.453 Y  0.450      SignalP-TM
3300008431.a:Ga0115308_100004_51  0.358  22  0.525  22  0.891   2  0.806   0.635 Y  0.450      SignalP-TM
3300008431.a:Ga0115308_100004_51  0.671  22  0.794  22  0.979  14  0.941   0.873 Y  0.450      SignalP-noTM
3300008431.a:Ga0115308_100004_51  0.795  22  0.868  22  0.961  18  0.947   0.905 Y  0.570      SignalP-noTM
3300008431.a:Ga0115308_100004_53  0.282  18  0.429  18  0.773   1  0.664   0.523 Y  0.500      SignalP-TM
3300008431.a:Ga0115308_100004_55  0.242  29  0.389  29  0.801   8  0.632   0.521 Y  0.450      SignalP-noTM
3300008431.a:Ga0115308_100004_55  0.324  29  0.471  29  0.845  11  0.726   0.570 Y  0.450      SignalP-TM
3300008431.a:Ga0115308_100004_56  0.379  30  0.590  30  0.975  11  0.935   0.725 Y  0.450      SignalP-TM
3300008431.a:Ga0115308_100004_56  0.734  30  0.825  30  0.976  13  0.929   0.874 Y  0.570      SignalP-noTM
3300008431.a:Ga0115308_100004_56  0.824  30  0.819  30  0.931  26  0.793   0.805 Y  0.450      SignalP-noTM
3300008431.a:Ga0115308_100004_57  0.345  26  0.468  26  0.798  14  0.638   0.560 Y  0.450      SignalP-noTM
3300008431.a:Ga0115308_100004_57  0.653  26  0.656  26  0.887   1  0.721   0.681 Y  0.450      SignalP-TM
3300008431.a:Ga0115308_100004_57  0.728  26  0.769  26  0.924  15  0.832   0.799 Y  0.570      SignalP-noTM
3300008431.a:Ga0115308_100004_82  0.202  24  0.354  24  0.778  21  0.611   0.493 Y  0.450      SignalP-noTM
3300008431.a:Ga0115308_100004_83  0.268  22  0.498  22  0.963  15  0.926   0.729 Y  0.450      SignalP-noTM
3300008431.a:Ga0115308_100004_83  0.279  26  0.410  26  0.844  20  0.556   0.467 Y  0.450      SignalP-TM
3300008431.a:Ga0115308_100004_85  0.623  20  0.660  20  0.874   1  0.741   0.692 Y  0.500      SignalP-TM
3300008431.a:Ga0115308_100004_88  0.152  40  0.335  20  0.946   9  0.899   0.555 Y  0.450      SignalP-TM
3300008431.a:Ga0115308_100004_88  0.242  20  0.473  20  0.966  17  0.920   0.683 Y  0.570      SignalP-noTM
3300008431.a:Ga0115308_100004_88  0.269  20  0.482  19  0.937   3  0.881   0.698 Y  0.450      SignalP-noTM
3300008431.a:Ga0115308_100004_94  0.253  23  0.446  23  0.910  16  0.785   0.629 Y  0.450      SignalP-noTM
3300008431.a:Ga0115308_100004_94  0.276  23  0.447  23  0.867   2  0.743   0.562 Y  0.450      SignalP-TM
3300008431.a:Ga0115308_100004_94  0.631  23  0.712  23  0.911  16  0.802   0.754 Y  0.570      SignalP-noTM
3300008431.a:Ga0115308_100004_95  0.163  19  0.356  19  0.951   2  0.816   0.536 Y  0.450      SignalP-TM
3300008431.a:Ga0115308_100004_95  0.323  19  0.523  19  0.922  16  0.851   0.677 Y  0.570      SignalP-noTM
3300008431.a:Ga0115308_100004_95  0.542  19  0.674  19  0.896   2  0.831   0.759 Y  0.450      SignalP-noTM
3300008431.a:Ga0115308_100004_97  0.232  35  0.351  28  0.829  18  0.650   0.467 Y  0.450      SignalP-TM
3300008431.a:Ga0115308_100004_97  0.233  20  0.432  20  0.914   7  0.816   0.612 Y  0.570      SignalP-noTM
3300008431.a:Ga0115308_100004_97  0.564  20  0.691  20  0.885   5  0.852   0.778 Y  0.450      SignalP-noTM
3300008431.a:Ga0115308_100005_104  0.292  22  0.462  22  0.897   3  0.785   0.588 Y  0.450      SignalP-TM
3300008431.a:Ga0115308_100005_104  0.396  22  0.571  22  0.927   3  0.820   0.705 Y  0.450      SignalP-noTM
3300008431.a:Ga0115308_100005_104  0.816  22  0.849  22  0.938   9  0.901   0.873 Y  0.570      SignalP-noTM
3300008431.a:Ga0115308_100005_106  0.340  22  0.428  22  0.689   1  0.545   0.474 Y  0.450      SignalP-TM
3300008431.a:Ga0115308_100005_106  0.428  22  0.531  22  0.773  19  0.657   0.599 Y  0.450      SignalP-noTM
3300008431.a:Ga0115308_100005_106  0.526  22  0.643  22  0.890   2  0.800   0.717 Y  0.570      SignalP-noTM
3300008431.a:Ga0115308_100005_112  0.152  24  0.355  24  0.888   8  0.821   0.537 Y  0.450      SignalP-TM
3300008431.a:Ga0115308_100005_112  0.549  24  0.691  24  0.940  19  0.869   0.787 Y  0.450      SignalP-noTM
3300008431.a:Ga0115308_100005_112  0.698  24  0.807  24  0.974  20  0.928   0.864 Y  0.570      SignalP-noTM
3300008431.a:Ga0115308_100005_117  0.230  25  0.408  25  0.932  15  0.803   0.594 Y  0.570      SignalP-noTM
3300008431.a:Ga0115308_100005_117  0.348  25  0.534  25  0.927  14  0.833   0.651 Y  0.450      SignalP-TM
3300008431.a:Ga0115308_100005_117  0.485  22  0.637  22  0.924   5  0.837   0.745 Y  0.450      SignalP-noTM
3300008431.a:Ga0115308_100005_19  0.510  29  0.570  29  0.930   6  0.784   0.671 Y  0.570      SignalP-noTM
3300008431.a:Ga0115308_100005_19  0.678  29  0.644  29  0.869  10  0.718   0.673 Y  0.450      SignalP-TM
3300008431.a:Ga0115308_100005_19  0.773  29  0.617  29  0.783  12  0.547   0.589 Y  0.500      SignalP-TM
3300008431.a:Ga0115308_100005_2  0.421  21  0.597  21  0.934  14  0.841   0.729 Y  0.450      SignalP-noTM
3300008431.a:Ga0115308_100005_3  0.310  19  0.534  19  0.943   2  0.913   0.739 Y  0.450      SignalP-noTM
3300008431.a:Ga0115308_100005_34  0.713  23  0.794  23  0.962   3  0.883   0.842 Y  0.450      SignalP-noTM
3300008431.a:Ga0115308_100005_34  0.724  23  0.708  23  0.856  18  0.708   0.708 Y  0.450      SignalP-TM
3300008431.a:Ga0115308_100005_34  0.851  23  0.819  23  0.936   2  0.823   0.820 Y  0.570      SignalP-noTM
3300008431.a:Ga0115308_100005_42  0.134  21  0.309  19  0.909   2  0.809   0.504 Y  0.450      SignalP-TM
3300008431.a:Ga0115308_100005_42  0.323  24  0.480  24  0.892  15  0.718   0.609 Y  0.450      SignalP-noTM
3300008431.a:Ga0115308_100005_42  0.353  19  0.501  19  0.897   1  0.740   0.613 Y  0.570      SignalP-noTM
3300008431.a:Ga0115308_100005_43  0.366  29  0.509  29  0.884  19  0.736   0.597 Y  0.450      SignalP-TM
3300008431.a:Ga0115308_100005_43  0.437  20  0.578  20  0.856  12  0.772   0.683 Y  0.450      SignalP-noTM
3300008431.a:Ga0115308_100005_43  0.600  20  0.654  20  0.825   6  0.744   0.696 Y  0.570      SignalP-noTM
3300008431.a:Ga0115308_100005_52  0.781  19  0.796  19  0.902  12  0.827   0.813 Y  0.450      SignalP-noTM
3300008431.a:Ga0115308_100005_55  0.393  26  0.484  26  0.905   2  0.691   0.565 Y  0.450      SignalP-TM
3300008431.a:Ga0115308_100005_55  0.623  20  0.698  20  0.896  12  0.778   0.742 Y  0.450      SignalP-noTM
3300008431.a:Ga0115308_100005_55  0.861  20  0.896  20  0.950  12  0.923   0.909 Y  0.570      SignalP-noTM
3300008431.a:Ga0115308_100005_77  0.215  20  0.376  20  0.920   2  0.725   0.512 Y  0.450      SignalP-TM
3300008431.a:Ga0115308_100005_77  0.408  20  0.579  20  0.912   2  0.812   0.705 Y  0.450      SignalP-noTM
3300008431.a:Ga0115308_100005_77  0.780  20  0.826  20  0.928  16  0.866   0.845 Y  0.570      SignalP-noTM
3300008431.a:Ga0115308_100005_80  0.355  22  0.550  22  0.904  18  0.862   0.672 Y  0.450      SignalP-TM
3300008431.a:Ga0115308_100005_80  0.487  22  0.579  22  0.813   4  0.684   0.635 Y  0.450      SignalP-noTM
3300008431.a:Ga0115308_100005_80  0.810  22  0.848  22  0.957  17  0.898   0.871 Y  0.570      SignalP-noTM
3300008431.a:Ga0115308_100005_83  0.204  30  0.322  25  0.812   4  0.674   0.460 Y  0.450      SignalP-TM
3300008431.a:Ga0115308_100005_83  0.467  25  0.633  25  0.937   5  0.875   0.747 Y  0.570      SignalP-noTM
3300008431.a:Ga0115308_100009_11  0.307  27  0.459  27  0.931  18  0.778   0.583 Y  0.450      SignalP-TM
3300008431.a:Ga0115308_100009_11  0.540  19  0.703  19  0.957  12  0.919   0.820 Y  0.450      SignalP-noTM
3300008431.a:Ga0115308_100009_11  0.818  19  0.880  19  0.963  14  0.939   0.908 Y  0.570      SignalP-noTM
3300008431.a:Ga0115308_100009_13  0.799  38  0.584  38  0.609   7  0.446   0.530 Y  0.450      SignalP-TM
3300008431.a:Ga0115308_100009_14  0.392  33  0.428  33  0.787  16  0.575   0.485 Y  0.450      SignalP-TM
3300008431.a:Ga0115308_100009_24  0.191  23  0.407  23  0.934   6  0.880   0.629 Y  0.570      SignalP-noTM
3300008431.a:Ga0115308_100009_24  0.372  32  0.501  32  0.919  18  0.789   0.614 Y  0.450      SignalP-TM
3300008431.a:Ga0115308_100009_24  0.384  25  0.529  25  0.868  14  0.732   0.639 Y  0.450      SignalP-noTM
3300008431.a:Ga0115308_100009_35  0.194  20  0.428  20  0.984  13  0.945   0.707 Y  0.450      SignalP-noTM
3300008431.a:Ga0115308_100009_36  0.607  20  0.699  20  0.878  17  0.808   0.742 Y  0.450      SignalP-TM
3300008431.a:Ga0115308_100009_36  0.853  20  0.856  20  0.910  15  0.855   0.855 Y  0.450      SignalP-noTM
3300008431.a:Ga0115308_100009_36  0.895  20  0.883  20  0.925  18  0.873   0.878 Y  0.570      SignalP-noTM
3300008431.a:Ga0115308_100009_37  0.462  24  0.599  24  0.878  19  0.795   0.675 Y  0.450      SignalP-TM
3300008431.a:Ga0115308_100009_37  0.486  24  0.608  24  0.891  12  0.756   0.688 Y  0.450      SignalP-noTM
3300008431.a:Ga0115308_100009_37  0.685  24  0.776  24  0.960  16  0.896   0.832 Y  0.570      SignalP-noTM
3300008431.a:Ga0115308_100009_4  0.712  20  0.763  20  0.938   2  0.798   0.782 Y  0.450      SignalP-noTM
3300008431.a:Ga0115308_100009_69  0.197  25  0.339  25  0.863   7  0.677   0.471 Y  0.450      SignalP-TM
3300008431.a:Ga0115308_100009_69  0.371  25  0.491  25  0.899   2  0.720   0.598 Y  0.570      SignalP-noTM
3300008431.a:Ga0115308_100009_69  0.427  22  0.624  22  0.958  12  0.910   0.778 Y  0.450      SignalP-noTM
3300008431.a:Ga0115308_100009_77  0.297  30  0.479  30  0.939  18  0.791   0.601 Y  0.450      SignalP-TM
3300008431.a:Ga0115308_100009_77  0.540  24  0.678  24  0.929  18  0.852   0.760 Y  0.570      SignalP-noTM
3300008431.a:Ga0115308_100009_77  0.755  24  0.801  24  0.918  14  0.849   0.827 Y  0.450      SignalP-noTM
3300008431.a:Ga0115308_100009_85  0.268  23  0.499  23  0.955   8  0.933   0.668 Y  0.450      SignalP-TM
3300008431.a:Ga0115308_100009_85  0.310  23  0.514  23  0.921  14  0.851   0.696 Y  0.450      SignalP-noTM
3300008431.a:Ga0115308_100009_85  0.718  23  0.839  23  0.986  15  0.969   0.900 Y  0.570      SignalP-noTM
3300008431.a:Ga0115308_100009_97  0.696  22  0.743  22  0.914  19  0.778   0.756 Y  0.450      SignalP-TM
3300008431.a:Ga0115308_100009_97  0.811  22  0.850  22  0.943  14  0.892   0.872 Y  0.450      SignalP-noTM
3300008431.a:Ga0115308_100009_97  0.869  22  0.894  22  0.941   2  0.922   0.907 Y  0.570      SignalP-noTM
3300008431.a:Ga0115308_100010_38  0.610  23  0.716  23  0.954  13  0.840   0.783 Y  0.450      SignalP-noTM
3300008431.a:Ga0115308_100010_38  0.694  23  0.804  23  0.974  10  0.940   0.868 Y  0.570      SignalP-noTM
3300008431.a:Ga0115308_100010_38  0.823  28  0.830  28  0.956  19  0.888   0.853 Y  0.450      SignalP-TM
3300008431.a:Ga0115308_100010_45  0.148  20  0.345  20  0.853   9  0.799   0.522 Y  0.450      SignalP-TM
3300008431.a:Ga0115308_100010_45  0.433  20  0.587  20  0.894  16  0.794   0.699 Y  0.450      SignalP-noTM
3300008431.a:Ga0115308_100010_45  0.775  20  0.834  20  0.945  16  0.889   0.860 Y  0.570      SignalP-noTM
3300008431.a:Ga0115308_100010_50  0.701  17  0.792  17  0.942   8  0.886   0.843 Y  0.450      SignalP-noTM
3300008431.a:Ga0115308_100010_55  0.686  26  0.604  26  0.781  22  0.500   0.563 Y  0.450      SignalP-TM
3300008431.a:Ga0115308_100010_55  0.755  26  0.559  26  0.577   9  0.400   0.474 Y  0.450      SignalP-noTM
3300008431.a:Ga0115308_100010_59  0.211  17  0.423  17  0.907   2  0.831   0.643 Y  0.450      SignalP-noTM
3300008431.a:Ga0115308_100010_59  0.396  24  0.503  24  0.880   1  0.711   0.584 Y  0.450      SignalP-TM
3300008431.a:Ga0115308_100010_59  0.770  19  0.809  19  0.906  15  0.860   0.833 Y  0.570      SignalP-noTM
3300008431.a:Ga0115308_100010_6  0.416  24  0.632  24  0.985   8  0.965   0.762 Y  0.450      SignalP-TM
3300008431.a:Ga0115308_100010_6  0.550  24  0.691  24  0.967  14  0.865   0.785 Y  0.450      SignalP-noTM
3300008431.a:Ga0115308_100010_6  0.832  24  0.891  24  0.985  11  0.955   0.921 Y  0.570      SignalP-noTM
3300008431.a:Ga0115308_100010_62  0.184  19  0.349  19  0.802   2  0.697   0.484 Y  0.450      SignalP-TM
3300008431.a:Ga0115308_100010_62  0.391  21  0.467  21  0.731   9  0.546   0.509 Y  0.450      SignalP-noTM
3300008431.a:Ga0115308_100010_62  0.615  19  0.724  19  0.911  16  0.843   0.780 Y  0.570      SignalP-noTM
3300008431.a:Ga0115308_100010_63  0.452  21  0.586  21  0.926  18  0.761   0.654 Y  0.450      SignalP-TM
3300008431.a:Ga0115308_100010_63  0.839  21  0.831  21  0.919  16  0.832   0.832 Y  0.570      SignalP-noTM
3300008431.a:Ga0115308_100010_63  0.894  21  0.895  21  0.944   3  0.893   0.894 Y  0.450      SignalP-noTM
3300008431.a:Ga0115308_100010_64  0.415  23  0.590  23  0.922  16  0.847   0.690 Y  0.450      SignalP-TM
3300008431.a:Ga0115308_100010_64  0.560  23  0.662  23  0.932   2  0.782   0.727 Y  0.450      SignalP-noTM
3300008431.a:Ga0115308_100010_64  0.693  23  0.766  23  0.938  16  0.882   0.820 Y  0.570      SignalP-noTM
3300008431.a:Ga0115308_100010_66  0.656  24  0.757  24  0.966  20  0.870   0.810 Y  0.570      SignalP-noTM
3300008431.a:Ga0115308_100010_66  0.762  24  0.812  24  0.933  18  0.849   0.826 Y  0.450      SignalP-TM
3300008431.a:Ga0115308_100010_66  0.868  24  0.846  24  0.936  20  0.827   0.836 Y  0.450      SignalP-noTM
3300008431.a:Ga0115308_100010_83  0.240  22  0.455  22  0.931   6  0.884   0.623 Y  0.450      SignalP-TM
3300008431.a:Ga0115308_100010_83  0.566  22  0.695  22  0.931  15  0.853   0.780 Y  0.450      SignalP-noTM
3300008431.a:Ga0115308_100010_83  0.724  22  0.817  22  0.954  14  0.915   0.863 Y  0.570      SignalP-noTM
3300008431.a:Ga0115308_100014_11  0.200  23  0.415  23  0.935   3  0.885   0.636 Y  0.570      SignalP-noTM
3300008431.a:Ga0115308_100014_11  0.290  31  0.434  31  0.887  17  0.757   0.560 Y  0.450      SignalP-TM
3300008431.a:Ga0115308_100014_11  0.302  24  0.493  24  0.920   5  0.806   0.662 Y  0.450      SignalP-noTM
3300008431.a:Ga0115308_100014_39  0.232  21  0.382  21  0.696   8  0.629   0.478 Y  0.450      SignalP-TM
3300008431.a:Ga0115308_100014_39  0.552  21  0.630  21  0.857  17  0.742   0.682 Y  0.570      SignalP-noTM
3300008431.a:Ga0115308_100014_39  0.823  21  0.811  21  0.888  15  0.797   0.803 Y  0.450      SignalP-noTM
3300008431.a:Ga0115308_100014_64  0.215  21  0.424  21  0.902   4  0.835   0.646 Y  0.450      SignalP-noTM
3300008431.a:Ga0115308_100014_64  0.352  19  0.542  19  0.895  18  0.822   0.645 Y  0.510      SignalP-TM
3300008431.a:Ga0115308_100014_64  0.379  35  0.400  35  0.921  16  0.684   0.511 Y  0.450      SignalP-TM
3300008431.a:Ga0115308_100014_78  0.264  23  0.476  23  0.916   6  0.871   0.630 Y  0.450      SignalP-TM
3300008431.a:Ga0115308_100014_78  0.344  23  0.527  23  0.931  11  0.806   0.678 Y  0.450      SignalP-noTM
3300008431.a:Ga0115308_100014_78  0.583  23  0.708  23  0.928  10  0.886   0.791 Y  0.570      SignalP-noTM
3300008431.a:Ga0115308_100014_82  0.197  26  0.380  20  0.941  16  0.888   0.578 Y  0.450      SignalP-TM
3300008431.a:Ga0115308_100014_82  0.451  20  0.640  20  0.930  15  0.905   0.765 Y  0.570      SignalP-noTM
3300008431.a:Ga0115308_100014_82  0.479  20  0.656  20  0.946  11  0.902   0.789 Y  0.450      SignalP-noTM
3300008431.a:Ga0115308_100014_87  0.619  20  0.730  20  0.926  10  0.857   0.799 Y  0.450      SignalP-noTM
3300008431.a:Ga0115308_100014_88  0.177  25  0.374  25  0.953  12  0.861   0.603 Y  0.570      SignalP-noTM
3300008431.a:Ga0115308_100014_88  0.230  30  0.383  30  0.969   9  0.808   0.549 Y  0.450      SignalP-TM
3300008431.a:Ga0115308_100014_88  0.340  21  0.538  21  0.954  11  0.851   0.707 Y  0.450      SignalP-noTM
3300008431.a:Ga0115308_100014_93  0.385  24  0.540  24  0.872  21  0.748   0.638 Y  0.570      SignalP-noTM
3300008431.a:Ga0115308_100014_94  0.153  35  0.318  25  0.808  18  0.719   0.474 Y  0.450      SignalP-TM
3300008431.a:Ga0115308_100017_30  0.151  29  0.280  12  0.820   1  0.768   0.471 Y  0.450      SignalP-TM
3300008431.a:Ga0115308_100017_30  0.342  24  0.509  24  0.866  15  0.762   0.646 Y  0.450      SignalP-noTM
3300008431.a:Ga0115308_100017_36  0.253  30  0.448  20  0.882  13  0.840   0.601 Y  0.450      SignalP-TM
3300008431.a:Ga0115308_100017_36  0.691  20  0.807  20  0.977  10  0.938   0.869 Y  0.570      SignalP-noTM
3300008431.a:Ga0115308_100017_36  0.708  20  0.821  20  0.983  12  0.953   0.892 Y  0.450      SignalP-noTM
3300008431.a:Ga0115308_100017_50  0.366  20  0.526  20  0.851  11  0.749   0.646 Y  0.450      SignalP-noTM
3300008431.a:Ga0115308_100017_50  0.535  22  0.616  22  0.870  18  0.750   0.668 Y  0.450      SignalP-TM
3300008431.a:Ga0115308_100017_50  0.721  22  0.763  22  0.911  11  0.832   0.795 Y  0.570      SignalP-noTM
3300008431.a:Ga0115308_100017_53  0.438  25  0.593  25  0.912  14  0.804   0.707 Y  0.450      SignalP-noTM
3300008431.a:Ga0115308_100017_53  0.544  25  0.675  25  0.963   7  0.881   0.755 Y  0.450      SignalP-TM
3300008431.a:Ga0115308_100017_53  0.809  25  0.775  25  0.900   7  0.806   0.790 Y  0.570      SignalP-noTM
3300008431.a:Ga0115308_100017_58  0.188  27  0.387  27  0.912  17  0.822   0.557 Y  0.450      SignalP-TM
3300008431.a:Ga0115308_100017_58  0.200  27  0.375  20  0.947  11  0.925   0.633 Y  0.570      SignalP-noTM
3300008431.a:Ga0115308_100017_58  0.603  20  0.758  20  0.983  12  0.953   0.863 Y  0.450      SignalP-noTM
3300008431.a:Ga0115308_100017_62  0.213  21  0.428  21  0.915   1  0.860   0.631 Y  0.570      SignalP-noTM
3300008431.a:Ga0115308_100017_62  0.269  24  0.480  24  0.931  12  0.882   0.637 Y  0.450      SignalP-TM
3300008431.a:Ga0115308_100017_62  0.307  24  0.486  24  0.937  10  0.775   0.642 Y  0.450      SignalP-noTM
3300008431.a:Ga0115308_100018_23  0.313  20  0.469  20  0.846  17  0.697   0.592 Y  0.450      SignalP-noTM
3300008431.a:Ga0115308_100018_24  0.190  37  0.332  19  0.843  18  0.747   0.494 Y  0.450      SignalP-TM
3300008431.a:Ga0115308_100018_24  0.513  19  0.665  19  0.963  18  0.876   0.764 Y  0.570      SignalP-noTM
3300008431.a:Ga0115308_100018_24  0.879  21  0.862  21  0.913   4  0.850   0.856 Y  0.450      SignalP-noTM
3300008431.a:Ga0115308_100018_29  0.396  24  0.589  24  0.925  16  0.874   0.700 Y  0.450      SignalP-TM
3300008431.a:Ga0115308_100018_29  0.775  24  0.837  24  0.956  17  0.914   0.873 Y  0.570      SignalP-noTM
3300008431.a:Ga0115308_100018_29  0.807  24  0.852  24  0.964  14  0.898   0.877 Y  0.450      SignalP-noTM
3300008431.a:Ga0115308_100018_50  0.308  34  0.423  34  0.755  29  0.545   0.471 Y  0.450      SignalP-TM
3300008431.a:Ga0115308_100018_50  0.740  31  0.817  31  0.948  13  0.846   0.832 Y  0.450      SignalP-noTM
3300008431.a:Ga0115308_100018_55  0.185  29  0.321  29  0.850   4  0.685   0.463 Y  0.450      SignalP-TM
3300008431.a:Ga0115308_100018_55  0.218  30  0.372  22  0.831   1  0.705   0.552 Y  0.450      SignalP-noTM
3300008431.a:Ga0115308_100018_55  0.235  29  0.391  25  0.893  13  0.779   0.573 Y  0.570      SignalP-noTM
3300008431.a:Ga0115308_100018_60  0.258  30  0.475  30  0.988  14  0.924   0.686 Y  0.570      SignalP-noTM
3300008431.a:Ga0115308_100018_60  0.267  30  0.485  30  0.973  16  0.919   0.654 Y  0.450      SignalP-TM
3300008431.a:Ga0115308_100018_60  0.623  28  0.703  28  0.931   8  0.785   0.747 Y  0.450      SignalP-noTM
3300008431.a:Ga0115308_100018_64  0.315  31  0.519  31  0.956  28  0.715   0.595 Y  0.450      SignalP-TM
3300008431.a:Ga0115308_100018_68  0.135  22  0.310  22  0.840   3  0.739   0.477 Y  0.450      SignalP-TM
3300008431.a:Ga0115308_100018_68  0.294  22  0.452  22  0.906  18  0.746   0.590 Y  0.570      SignalP-noTM
3300008431.a:Ga0115308_100018_68  0.434  21  0.579  21  0.886   1  0.760   0.677 Y  0.450      SignalP-noTM
3300008431.a:Ga0115308_100020_12  0.511  24  0.696  24  0.991  13  0.947   0.832 Y  0.450      SignalP-noTM
3300008431.a:Ga0115308_100020_23  0.179  24  0.369  24  0.893   5  0.811   0.542 Y  0.450      SignalP-TM
3300008431.a:Ga0115308_100020_23  0.384  24  0.534  24  0.970   9  0.844   0.680 Y  0.570      SignalP-noTM
3300008431.a:Ga0115308_100020_23  0.448  17  0.657  17  0.980  11  0.963   0.822 Y  0.450      SignalP-noTM
3300008431.a:Ga0115308_100020_25  0.233  23  0.435  23  0.845  21  0.795   0.576 Y  0.450      SignalP-TM
3300008431.a:Ga0115308_100020_25  0.765  23  0.810  23  0.896  18  0.841   0.825 Y  0.570      SignalP-noTM
3300008431.a:Ga0115308_100020_25  0.848  23  0.874  23  0.961  14  0.900   0.888 Y  0.450      SignalP-noTM
3300008431.a:Ga0115308_100020_26  0.282  28  0.469  28  0.914  12  0.819   0.606 Y  0.450      SignalP-TM
3300008431.a:Ga0115308_100020_28  0.234  27  0.407  27  0.930   1  0.807   0.563 Y  0.450      SignalP-TM
3300008431.a:Ga0115308_100020_28  0.383  20  0.587  20  0.946  13  0.897   0.755 Y  0.450      SignalP-noTM
3300008431.a:Ga0115308_100020_28  0.810  20  0.881  20  0.980  10  0.957   0.917 Y  0.570      SignalP-noTM
3300008431.a:Ga0115308_100020_29  0.320  24  0.507  24  0.919   5  0.807   0.669 Y  0.450      SignalP-noTM
3300008431.a:Ga0115308_100020_45  0.292  19  0.452  19  0.823  12  0.695   0.549 Y  0.500      SignalP-TM
3300008431.a:Ga0115308_100020_47  0.197  30  0.330  30  0.867   4  0.695   0.472 Y  0.450      SignalP-TM
3300008431.a:Ga0115308_100020_47  0.204  24  0.410  24  0.949   5  0.828   0.636 Y  0.450      SignalP-noTM
3300008431.a:Ga0115308_100020_47  0.282  22  0.493  22  0.931   9  0.887   0.678 Y  0.570      SignalP-noTM
3300008431.a:Ga0115308_100020_53  0.184  57  0.311  23  0.820   3  0.722   0.471 Y  0.450      SignalP-TM
3300008431.a:Ga0115308_100020_53  0.406  23  0.565  23  0.947   2  0.835   0.692 Y  0.570      SignalP-noTM
3300008431.a:Ga0115308_100020_53  0.560  20  0.697  20  0.918  14  0.867   0.789 Y  0.450      SignalP-noTM
3300008431.a:Ga0115308_100020_54  0.296  26  0.465  19  0.944   1  0.898   0.668 Y  0.570      SignalP-noTM
3300008431.a:Ga0115308_100020_54  0.300  24  0.506  24  0.970  11  0.855   0.694 Y  0.450      SignalP-noTM
3300008431.a:Ga0115308_100020_54  0.421  26  0.576  26  0.938  17  0.831   0.676 Y  0.450      SignalP-TM
3300008431.a:Ga0115308_100021_10  0.468  25  0.580  25  0.885   2  0.777   0.657 Y  0.450      SignalP-TM
3300008431.a:Ga0115308_100021_10  0.485  27  0.567  27  0.916   4  0.699   0.638 Y  0.450      SignalP-noTM
3300008431.a:Ga0115308_100021_13  0.760  21  0.811  21  0.933   4  0.868   0.841 Y  0.450      SignalP-noTM
3300008431.a:Ga0115308_100021_13  0.804  21  0.817  21  0.915  17  0.816   0.817 Y  0.570      SignalP-noTM
3300008431.a:Ga0115308_100021_24  0.448  19  0.633  19  0.939  10  0.890   0.772 Y  0.450      SignalP-noTM
3300008431.a:Ga0115308_100021_24  0.493  19  0.608  19  0.849  14  0.759   0.679 Y  0.570      SignalP-noTM
3300008431.a:Ga0115308_100021_4  0.187  22  0.378  22  0.900   4  0.758   0.583 Y  0.450      SignalP-noTM
3300008431.a:Ga0115308_100021_4  0.420  30  0.502  30  0.854   4  0.699   0.579 Y  0.450      SignalP-TM
3300008431.a:Ga0115308_100021_46  0.261  24  0.434  24  0.892  12  0.726   0.592 Y  0.450      SignalP-noTM
3300008431.a:Ga0115308_100021_46  0.602  24  0.698  24  0.949  15  0.859   0.774 Y  0.570      SignalP-noTM
3300008431.a:Ga0115308_100021_46  0.659  24  0.733  24  0.908  18  0.808   0.762 Y  0.450      SignalP-TM
3300008431.a:Ga0115308_100021_52  0.241  24  0.405  24  0.884   6  0.750   0.539 Y  0.450      SignalP-TM
3300008431.a:Ga0115308_100021_52  0.586  24  0.704  24  0.944  12  0.848   0.782 Y  0.450      SignalP-noTM
3300008431.a:Ga0115308_100021_52  0.844  24  0.859  24  0.952   8  0.906   0.881 Y  0.570      SignalP-noTM
3300008431.a:Ga0115308_100022_10  0.583  23  0.707  23  0.906   6  0.858   0.789 Y  0.450      SignalP-noTM
3300008431.a:Ga0115308_100022_10  0.782  23  0.812  23  0.943  19  0.860   0.835 Y  0.570      SignalP-noTM
3300008431.a:Ga0115308_100022_2  0.266  20  0.489  20  0.944  10  0.893   0.707 Y  0.450      SignalP-noTM
3300008431.a:Ga0115308_100022_27  0.438  22  0.566  22  0.837   3  0.762   0.642 Y  0.450      SignalP-TM
3300008431.a:Ga0115308_100022_27  0.833  22  0.843  22  0.922  15  0.854   0.849 Y  0.450      SignalP-noTM
3300008431.a:Ga0115308_100022_27  0.879  22  0.911  22  0.977  17  0.923   0.917 Y  0.570      SignalP-noTM
3300008431.a:Ga0115308_100022_29  0.239  22  0.359  22  0.849   5  0.637   0.468 Y  0.450      SignalP-TM
3300008431.a:Ga0115308_100022_29  0.518  21  0.672  21  0.944   9  0.866   0.776 Y  0.450      SignalP-noTM
3300008431.a:Ga0115308_100022_29  0.716  21  0.798  21  0.943  11  0.898   0.845 Y  0.570      SignalP-noTM
3300008431.a:Ga0115308_100022_34  0.238  26  0.433  26  0.893   8  0.814   0.582 Y  0.450      SignalP-TM
3300008431.a:Ga0115308_100022_34  0.482  26  0.582  26  0.818  12  0.712   0.652 Y  0.450      SignalP-noTM
3300008431.a:Ga0115308_100022_34  0.776  26  0.809  26  0.930  17  0.838   0.823 Y  0.570      SignalP-noTM
3300008431.a:Ga0115308_100022_45  0.478  27  0.561  27  0.788   3  0.685   0.609 Y  0.450      SignalP-TM
3300008431.a:Ga0115308_100022_49  0.620  28  0.624  28  0.835  17  0.661   0.641 Y  0.570      SignalP-noTM
3300008431.a:Ga0115308_100023_10  0.396  18  0.599  18  0.943  10  0.901   0.762 Y  0.450      SignalP-noTM
3300008431.a:Ga0115308_100023_10  0.538  26  0.539  26  0.879  11  0.679   0.604 Y  0.570      SignalP-noTM
3300008431.a:Ga0115308_100023_10  0.573  26  0.654  26  0.903  11  0.797   0.710 Y  0.450      SignalP-TM
3300008431.a:Ga0115308_100023_18  0.225  25  0.390  25  0.924   3  0.766   0.537 Y  0.450      SignalP-TM
3300008431.a:Ga0115308_100023_18  0.340  19  0.544  19  0.915  11  0.871   0.721 Y  0.450      SignalP-noTM
3300008431.a:Ga0115308_100023_18  0.421  19  0.597  19  0.915   2  0.860   0.721 Y  0.570      SignalP-noTM
3300008431.a:Ga0115308_100023_19  0.628  21  0.655  21  0.854  17  0.686   0.670 Y  0.570      SignalP-noTM
3300008431.a:Ga0115308_100023_19  0.834  21  0.812  21  0.902   7  0.784   0.797 Y  0.450      SignalP-noTM
3300008431.a:Ga0115308_100023_29  0.164  27  0.360  18  0.901  15  0.846   0.622 Y  0.450      SignalP-noTM
3300008431.a:Ga0115308_100023_34  0.125  24  0.296  16  0.854   8  0.805   0.495 Y  0.450      SignalP-TM
3300008431.a:Ga0115308_100023_34  0.132  26  0.325  19  0.944  13  0.890   0.590 Y  0.570      SignalP-noTM
3300008431.a:Ga0115308_100023_34  0.228  24  0.441  16  0.963   4  0.942   0.711 Y  0.450      SignalP-noTM
3300008431.a:Ga0115308_100023_46  0.378  28  0.576  28  0.924  20  0.858   0.686 Y  0.450      SignalP-TM
3300008431.a:Ga0115308_100023_46  0.776  28  0.766  28  0.956  19  0.827   0.794 Y  0.570      SignalP-noTM
3300008431.a:Ga0115308_100023_46  0.891  28  0.860  28  0.946   7  0.841   0.850 Y  0.450      SignalP-noTM
3300008431.a:Ga0115308_100023_48  0.253  29  0.407  29  0.938  10  0.773   0.550 Y  0.450      SignalP-TM
3300008431.a:Ga0115308_100023_48  0.275  29  0.443  29  0.914   6  0.742   0.604 Y  0.450      SignalP-noTM
3300008431.a:Ga0115308_100023_48  0.592  27  0.685  27  0.940   7  0.860   0.767 Y  0.570      SignalP-noTM
3300008431.a:Ga0115308_100023_5  0.385  30  0.442  30  0.780  18  0.581   0.496 Y  0.450      SignalP-TM
3300008431.a:Ga0115308_100024_10  0.180  24  0.386  24  0.954   6  0.880   0.618 Y  0.570      SignalP-noTM
3300008431.a:Ga0115308_100024_10  0.193  31  0.343  31  0.920   1  0.756   0.504 Y  0.450      SignalP-TM
3300008431.a:Ga0115308_100024_10  0.380  21  0.579  21  0.953   6  0.887   0.745 Y  0.450      SignalP-noTM
3300008431.a:Ga0115308_100024_11  0.437  25  0.461  25  0.735   7  0.563   0.501 Y  0.450      SignalP-TM
3300008431.a:Ga0115308_100024_11  0.525  25  0.534  25  0.667  19  0.533   0.533 Y  0.510      SignalP-TM
3300008431.a:Ga0115308_100024_11  0.595  25  0.728  25  0.950   6  0.892   0.817 Y  0.450      SignalP-noTM
3300008431.a:Ga0115308_100024_19  0.405  25  0.600  25  0.942  15  0.887   0.712 Y  0.450      SignalP-TM
3300008431.a:Ga0115308_100024_19  0.572  25  0.659  25  0.908  15  0.763   0.715 Y  0.450      SignalP-noTM
3300008431.a:Ga0115308_100024_19  0.859  25  0.834  25  0.936   5  0.859   0.846 Y  0.570      SignalP-noTM
3300008431.a:Ga0115308_100024_24  0.551  24  0.547  24  0.789  20  0.553   0.550 Y  0.450      SignalP-noTM
3300008431.a:Ga0115308_100024_27  0.203  19  0.435  19  0.953   1  0.934   0.669 Y  0.570      SignalP-noTM
3300008431.a:Ga0115308_100024_27  0.432  26  0.587  26  0.956  11  0.813   0.709 Y  0.450      SignalP-noTM
3300008431.a:Ga0115308_100024_27  0.466  27  0.651  27  0.962  16  0.903   0.749 Y  0.450      SignalP-TM
3300008431.a:Ga0115308_100024_30  0.587  24  0.617  24  0.838   1  0.706   0.652 Y  0.450      SignalP-TM
3300008431.a:Ga0115308_100024_30  0.765  24  0.832  24  0.954   5  0.904   0.871 Y  0.450      SignalP-noTM
3300008431.a:Ga0115308_100024_30  0.897  24  0.896  24  0.963  20  0.905   0.901 Y  0.570      SignalP-noTM
3300008431.a:Ga0115308_100024_37  0.143  22  0.348  22  0.913   4  0.867   0.592 Y  0.570      SignalP-noTM
3300008431.a:Ga0115308_100024_37  0.150  32  0.316  21  0.842   9  0.756   0.487 Y  0.450      SignalP-TM
3300008431.a:Ga0115308_100024_37  0.300  20  0.511  20  0.922  14  0.872   0.706 Y  0.450      SignalP-noTM
3300008431.a:Ga0115308_100024_38  0.511  19  0.702  19  0.988  14  0.969   0.846 Y  0.450      SignalP-noTM
3300008431.a:Ga0115308_100024_44  0.350  25  0.511  25  0.852   6  0.770   0.612 Y  0.450      SignalP-TM
3300008431.a:Ga0115308_100024_44  0.733  25  0.749  25  0.901   3  0.816   0.780 Y  0.570      SignalP-noTM
3300008431.a:Ga0115308_100024_44  0.849  25  0.855  25  0.927  15  0.861   0.858 Y  0.450      SignalP-noTM
3300008431.a:Ga0115308_100024_52  0.234  19  0.386  19  0.791   3  0.671   0.497 Y  0.450      SignalP-TM
3300008431.a:Ga0115308_100024_52  0.299  19  0.524  19  0.958  11  0.918   0.737 Y  0.450      SignalP-noTM
3300008431.a:Ga0115308_100024_52  0.880  19  0.879  19  0.915   1  0.886   0.882 Y  0.570      SignalP-noTM
3300008431.a:Ga0115308_100024_6  0.381  18  0.570  18  0.902  15  0.848   0.681 Y  0.500      SignalP-TM
3300008431.a:Ga0115308_100024_60  0.339  27  0.446  27  0.861  14  0.658   0.529 Y  0.450      SignalP-TM
3300008431.a:Ga0115308_100024_60  0.604  27  0.645  27  0.895   9  0.777   0.707 Y  0.570      SignalP-noTM
3300008431.a:Ga0115308_100026_25  0.267  23  0.479  23  0.931  12  0.858   0.684 Y  0.450      SignalP-noTM
3300008431.a:Ga0115308_100026_25  0.285  19  0.490  19  0.925   3  0.863   0.665 Y  0.570      SignalP-noTM
3300008431.a:Ga0115308_100026_30  0.232  19  0.447  19  0.930   3  0.877   0.649 Y  0.570      SignalP-noTM
3300008431.a:Ga0115308_100026_30  0.290  29  0.463  29  0.947  14  0.832   0.607 Y  0.450      SignalP-TM
3300008431.a:Ga0115308_100026_30  0.455  19  0.630  19  0.924  12  0.864   0.756 Y  0.450      SignalP-noTM
3300008431.a:Ga0115308_100026_36  0.202  20  0.412  20  0.928   1  0.855   0.620 Y  0.570      SignalP-noTM
3300008431.a:Ga0115308_100026_36  0.258  33  0.402  24  0.935   1  0.853   0.578 Y  0.450      SignalP-TM
3300008431.a:Ga0115308_100026_36  0.340  21  0.542  21  0.949  12  0.857   0.712 Y  0.450      SignalP-noTM
3300008431.a:Ga0115308_100026_41  0.234  26  0.377  21  0.833  18  0.712   0.507 Y  0.450      SignalP-TM
3300008431.a:Ga0115308_100026_41  0.593  21  0.663  21  0.852  15  0.756   0.707 Y  0.570      SignalP-noTM
3300008431.a:Ga0115308_100026_41  0.740  21  0.787  21  0.932  10  0.832   0.812 Y  0.450      SignalP-noTM
3300008431.a:Ga0115308_100026_42  0.215  30  0.352  24  0.844  17  0.718   0.495 Y  0.450      SignalP-TM
3300008431.a:Ga0115308_100026_42  0.265  22  0.487  22  0.963  11  0.892   0.705 Y  0.450      SignalP-noTM
3300008431.a:Ga0115308_100026_46  0.259  27  0.450  27  0.858  15  0.775   0.577 Y  0.450      SignalP-TM
3300008431.a:Ga0115308_100026_46  0.273  27  0.395  27  0.708  11  0.569   0.489 Y  0.450      SignalP-noTM
3300008431.a:Ga0115308_100026_46  0.676  27  0.762  27  0.921  18  0.860   0.808 Y  0.570      SignalP-noTM
3300008431.a:Ga0115308_100026_54  0.233  23  0.419  23  0.899   7  0.793   0.565 Y  0.450      SignalP-TM
3300008431.a:Ga0115308_100026_54  0.257  23  0.448  23  0.921   3  0.779   0.627 Y  0.450      SignalP-noTM
3300008431.a:Ga0115308_100026_54  0.325  23  0.460  23  0.913   2  0.731   0.588 Y  0.570      SignalP-noTM
3300008431.a:Ga0115308_100027_1  0.141  42  0.342  20  0.954  12  0.917   0.567 Y  0.450      SignalP-TM
3300008431.a:Ga0115308_100027_1  0.221  25  0.427  25  0.907   6  0.827   0.643 Y  0.450      SignalP-noTM
3300008431.a:Ga0115308_100027_1  0.234  26  0.409  26  0.918  18  0.789   0.588 Y  0.570      SignalP-noTM
3300008431.a:Ga0115308_100027_29  0.436  29  0.535  21  0.929  11  0.864   0.663 Y  0.450      SignalP-TM
3300008431.a:Ga0115308_100027_29  0.535  29  0.545  29  0.838  20  0.680   0.608 Y  0.570      SignalP-noTM
3300008431.a:Ga0115308_100027_30  0.273  31  0.415  24  0.861  16  0.723   0.535 Y  0.450      SignalP-TM
3300008431.a:Ga0115308_100027_30  0.288  19  0.508  19  0.934  12  0.898   0.719 Y  0.450      SignalP-noTM
3300008431.a:Ga0115308_100027_30  0.323  19  0.503  19  0.908   2  0.809   0.647 Y  0.570      SignalP-noTM
3300008431.a:Ga0115308_100027_32  0.376  27  0.540  27  0.952  10  0.849   0.661 Y  0.450      SignalP-TM
3300008431.a:Ga0115308_100027_32  0.815  27  0.839  27  0.951  13  0.893   0.864 Y  0.570      SignalP-noTM
3300008431.a:Ga0115308_100027_39  0.521  21  0.546  21  0.765   1  0.592   0.565 Y  0.500      SignalP-TM
3300008431.a:Ga0115308_100027_47  0.157  26  0.328  26  0.869  12  0.695   0.526 Y  0.450      SignalP-noTM
3300008431.a:Ga0115308_100027_56  0.116  23  0.288  12  0.859   4  0.817   0.495 Y  0.450      SignalP-TM
3300008431.a:Ga0115308_100027_56  0.590  20  0.744  20  0.978   2  0.933   0.846 Y  0.450      SignalP-noTM
3300008431.a:Ga0115308_100027_7  0.173  23  0.390  16  0.943  15  0.907   0.669 Y  0.450      SignalP-noTM
3300008431.a:Ga0115308_100027_7  0.179  28  0.376  23  0.970  11  0.900   0.622 Y  0.570      SignalP-noTM
3300008431.a:Ga0115308_100027_7  0.435  34  0.472  34  0.942  10  0.739   0.576 Y  0.450      SignalP-TM
3300008431.a:Ga0115308_100029_14  0.386  24  0.474  24  0.758   6  0.619   0.530 Y  0.450      SignalP-TM
3300008431.a:Ga0115308_100029_14  0.713  24  0.758  24  0.931   7  0.849   0.801 Y  0.570      SignalP-noTM
3300008431.a:Ga0115308_100029_14  0.719  24  0.745  24  0.904   7  0.770   0.759 Y  0.450      SignalP-noTM
3300008431.a:Ga0115308_100029_3  0.238  26  0.370  20  0.787   2  0.669   0.531 Y  0.450      SignalP-noTM
3300008431.a:Ga0115308_100029_30  0.546  24  0.515  24  0.658   6  0.519   0.517 Y  0.510      SignalP-TM
3300008431.a:Ga0115308_100029_30  0.649  24  0.565  24  0.607  20  0.479   0.532 Y  0.450      SignalP-TM
3300008431.a:Ga0115308_100029_31  0.624  27  0.518  27  0.828   6  0.581   0.543 Y  0.500      SignalP-TM
3300008431.a:Ga0115308_100029_34  0.439  24  0.581  24  0.929   6  0.822   0.675 Y  0.450      SignalP-TM
3300008431.a:Ga0115308_100029_34  0.549  24  0.596  24  0.774   5  0.652   0.627 Y  0.450      SignalP-noTM
3300008431.a:Ga0115308_100029_34  0.665  24  0.783  24  0.978  20  0.916   0.845 Y  0.570      SignalP-noTM
3300008431.a:Ga0115308_100029_36  0.274  34  0.506  23  0.989  16  0.942   0.676 Y  0.450      SignalP-TM
3300008431.a:Ga0115308_100029_36  0.361  23  0.562  23  0.954  16  0.874   0.731 Y  0.450      SignalP-noTM
3300008431.a:Ga0115308_100029_36  0.496  23  0.688  23  0.969  15  0.943   0.808 Y  0.570      SignalP-noTM
3300008431.a:Ga0115308_100029_37  0.697  29  0.641  29  0.810  25  0.411   0.551 Y  0.450      SignalP-TM
3300008431.a:Ga0115308_100029_37  0.702  29  0.606  29  0.710  24  0.387   0.525 Y  0.510      SignalP-TM
3300008431.a:Ga0115308_100029_37  0.781  29  0.719  29  0.907  24  0.630   0.671 Y  0.450      SignalP-noTM
3300008431.a:Ga0115308_100030_20  0.208  24  0.395  24  0.942  15  0.755   0.589 Y  0.450      SignalP-noTM
3300008431.a:Ga0115308_100030_20  0.302  28  0.495  28  0.958  18  0.860   0.638 Y  0.450      SignalP-TM
3300008431.a:Ga0115308_100030_20  0.369  28  0.579  19  0.953  10  0.933   0.746 Y  0.570      SignalP-noTM
3300008431.a:Ga0115308_100030_21  0.689  24  0.694  24  0.906   8  0.767   0.722 Y  0.450      SignalP-TM
3300008431.a:Ga0115308_100030_21  0.695  24  0.766  24  0.954  18  0.884   0.822 Y  0.570      SignalP-noTM
3300008431.a:Ga0115308_100030_21  0.849  24  0.861  24  0.953  15  0.873   0.867 Y  0.450      SignalP-noTM
3300008431.a:Ga0115308_100030_30  0.323  22  0.555  22  0.972  14  0.945   0.707 Y  0.450      SignalP-TM
3300008431.a:Ga0115308_100030_30  0.458  22  0.640  22  0.950   6  0.895   0.778 Y  0.450      SignalP-noTM
3300008431.a:Ga0115308_100030_30  0.810  22  0.885  22  0.985  12  0.962   0.921 Y  0.570      SignalP-noTM
3300008431.a:Ga0115308_100030_34  0.151  20  0.368  20  0.951  11  0.902   0.656 Y  0.450      SignalP-noTM
3300008431.a:Ga0115308_100030_34  0.235  21  0.469  21  0.964  17  0.939   0.652 Y  0.450      SignalP-TM
3300008431.a:Ga0115308_100030_34  0.626  21  0.764  21  0.961   3  0.938   0.846 Y  0.570      SignalP-noTM
3300008431.a:Ga0115308_100030_7  0.398  20  0.569  20  0.864  10  0.818   0.703 Y  0.450      SignalP-noTM
3300008431.a:Ga0115308_100030_7  0.539  25  0.622  25  0.803  19  0.739   0.668 Y  0.450      SignalP-TM
3300008431.a:Ga0115308_100030_7  0.713  25  0.748  25  0.937  18  0.844   0.793 Y  0.570      SignalP-noTM
3300008431.a:Ga0115308_100031_20  0.561  20  0.601  20  0.743   2  0.641   0.623 Y  0.450      SignalP-noTM
3300008431.a:Ga0115308_100031_20  0.841  20  0.784  20  0.829  16  0.695   0.742 Y  0.570      SignalP-noTM
3300008431.a:Ga0115308_100031_22  0.753  20  0.804  20  0.913   4  0.852   0.830 Y  0.450      SignalP-noTM
3300008431.a:Ga0115308_100031_22  0.839  20  0.831  20  0.920  18  0.810   0.821 Y  0.570      SignalP-noTM
3300008431.a:Ga0115308_100031_29  0.501  21  0.619  21  0.845   5  0.762   0.696 Y  0.450      SignalP-noTM
3300008431.a:Ga0115308_100032_13  0.668  30  0.532  30  0.801   7  0.535   0.533 Y  0.450      SignalP-TM
3300008431.a:Ga0115308_100032_13  0.852  30  0.728  30  0.899   7  0.730   0.729 Y  0.570      SignalP-noTM
3300008431.a:Ga0115308_100032_17  0.200  18  0.418  18  0.908  14  0.865   0.660 Y  0.450      SignalP-noTM
3300008431.a:Ga0115308_100032_26  0.134  27  0.318  24  0.946   8  0.852   0.526 Y  0.450      SignalP-TM
3300008431.a:Ga0115308_100032_26  0.221  24  0.409  24  0.941   1  0.821   0.603 Y  0.570      SignalP-noTM
3300008431.a:Ga0115308_100032_26  0.237  23  0.452  23  0.963   4  0.862   0.674 Y  0.450      SignalP-noTM
3300008431.a:Ga0115308_100032_27  0.294  18  0.518  18  0.953   9  0.914   0.732 Y  0.450      SignalP-noTM
3300008431.a:Ga0115308_100032_27  0.399  26  0.519  20  0.959  11  0.924   0.709 Y  0.570      SignalP-noTM
3300008431.a:Ga0115308_100032_27  0.467  26  0.536  26  0.917   6  0.744   0.617 Y  0.450      SignalP-TM
3300008431.a:Ga0115308_100032_28  0.187  23  0.366  22  0.917  11  0.809   0.574 Y  0.570      SignalP-noTM
3300008431.a:Ga0115308_100032_28  0.239  25  0.406  25  0.938   6  0.792   0.556 Y  0.450      SignalP-TM
3300008431.a:Ga0115308_100032_28  0.291  23  0.464  23  0.945   9  0.740   0.613 Y  0.450      SignalP-noTM
3300008431.a:Ga0115308_100032_38  0.238  21  0.453  21  0.921   1  0.868   0.648 Y  0.570      SignalP-noTM
3300008431.a:Ga0115308_100032_38  0.301  24  0.487  24  0.946  17  0.824   0.619 Y  0.450      SignalP-TM
3300008431.a:Ga0115308_100032_38  0.535  19  0.712  19  0.972  11  0.946   0.838 Y  0.450      SignalP-noTM
3300008431.a:Ga0115308_100032_6  0.243  21  0.441  21  0.927  19  0.826   0.591 Y  0.450      SignalP-TM
3300008431.a:Ga0115308_100032_6  0.688  21  0.758  21  0.931  12  0.836   0.800 Y  0.450      SignalP-noTM
3300008431.a:Ga0115308_100032_6  0.775  21  0.845  21  0.956   8  0.929   0.884 Y  0.570      SignalP-noTM
3300008431.a:Ga0115308_100033_30  0.150  25  0.341  25  0.933  16  0.789   0.516 Y  0.450      SignalP-TM
3300008431.a:Ga0115308_100033_30  0.171  22  0.388  22  0.926  17  0.879   0.618 Y  0.570      SignalP-noTM
3300008431.a:Ga0115308_100033_30  0.398  23  0.568  23  0.906  14  0.811   0.699 Y  0.450      SignalP-noTM
3300008431.a:Ga0115308_100033_33  0.141  37  0.282  13  0.853   8  0.800   0.484 Y  0.450      SignalP-TM
3300008431.a:Ga0115308_100033_33  0.466  20  0.651  20  0.959   5  0.917   0.795 Y  0.450      SignalP-noTM
3300008431.a:Ga0115308_100033_34  0.141  21  0.299  16  0.756   2  0.651   0.489 Y  0.450      SignalP-noTM
3300008431.a:Ga0115308_100033_37  0.773  43  0.611  43  0.709  28  0.491   0.564 Y  0.450      SignalP-TM
3300008431.a:Ga0115308_100033_5  0.594  30  0.482  20  0.739   2  0.548   0.509 Y  0.500      SignalP-TM
3300008431.a:Ga0115308_100033_8  0.194  23  0.409  22  0.960   5  0.869   0.657 Y  0.450      SignalP-noTM
3300008431.a:Ga0115308_100033_8  0.198  31  0.366  24  0.965  12  0.908   0.577 Y  0.450      SignalP-TM
3300008431.a:Ga0115308_100033_8  0.543  22  0.724  22  0.979  10  0.955   0.833 Y  0.570      SignalP-noTM
3300008431.a:Ga0115308_100034_1  0.442  27  0.522  27  0.789   9  0.668   0.591 Y  0.570      SignalP-noTM
3300008431.a:Ga0115308_100034_17  0.348  24  0.423  24  0.651   3  0.511   0.470 Y  0.450      SignalP-noTM
3300008431.a:Ga0115308_100034_17  0.637  24  0.656  24  0.792  18  0.644   0.651 Y  0.570      SignalP-noTM
3300008431.a:Ga0115308_100034_2  0.291  32  0.463  32  0.906  12  0.817   0.601 Y  0.450      SignalP-TM
3300008431.a:Ga0115308_100034_2  0.732  32  0.780  32  0.958  17  0.876   0.825 Y  0.570      SignalP-noTM
3300008431.a:Ga0115308_100034_24  0.195  24  0.335  24  0.821   6  0.660   0.462 Y  0.450      SignalP-TM
3300008431.a:Ga0115308_100034_24  0.197  20  0.401  20  0.899   2  0.823   0.570 Y  0.500      SignalP-TM
3300008431.a:Ga0115308_100034_37  0.223  26  0.360  26  0.773   1  0.621   0.462 Y  0.450      SignalP-TM
3300008431.a:Ga0115308_100034_37  0.528  21  0.682  21  0.928   2  0.876   0.787 Y  0.450      SignalP-noTM
3300008431.a:Ga0115308_100034_4  0.268  26  0.488  26  0.988  16  0.923   0.657 Y  0.450      SignalP-TM
3300008431.a:Ga0115308_100034_4  0.717  19  0.823  19  0.971  12  0.946   0.889 Y  0.450      SignalP-noTM
3300008431.a:Ga0115308_100034_4  0.746  19  0.853  19  0.985  16  0.967   0.906 Y  0.570      SignalP-noTM
3300008431.a:Ga0115308_100034_6  0.357  29  0.471  29  0.930  10  0.756   0.582 Y  0.450      SignalP-TM
3300008431.a:Ga0115308_100034_6  0.858  29  0.847  29  0.931   7  0.861   0.854 Y  0.570      SignalP-noTM
3300008431.a:Ga0115308_100036_10  0.396  32  0.478  32  0.940  12  0.766   0.590 Y  0.450      SignalP-TM
3300008431.a:Ga0115308_100036_10  0.453  33  0.559  33  0.969  15  0.756   0.665 Y  0.450      SignalP-noTM
3300008431.a:Ga0115308_100036_10  0.765  25  0.858  25  0.989  12  0.960   0.906 Y  0.570      SignalP-noTM
3300008431.a:Ga0115308_100036_13  0.183  22  0.400  22  0.933  19  0.855   0.577 Y  0.450      SignalP-TM
3300008431.a:Ga0115308_100036_13  0.216  22  0.423  22  0.893  11  0.824   0.639 Y  0.450      SignalP-noTM
3300008431.a:Ga0115308_100036_13  0.475  22  0.617  22  0.894   2  0.807   0.706 Y  0.570      SignalP-noTM
3300008431.a:Ga0115308_100036_18  0.574  22  0.692  22  0.922  11  0.831   0.767 Y  0.450      SignalP-noTM
3300008431.a:Ga0115308_100036_18  0.665  22  0.760  22  0.936  18  0.880   0.807 Y  0.450      SignalP-TM
3300008431.a:Ga0115308_100036_18  0.844  22  0.889  22  0.963  11  0.936   0.911 Y  0.570      SignalP-noTM
3300008431.a:Ga0115308_100036_19  0.442  29  0.462  29  0.582   3  0.476   0.467 Y  0.450      SignalP-TM
3300008431.a:Ga0115308_100036_21  0.489  26  0.669  26  0.940  17  0.877   0.750 Y  0.450      SignalP-TM
3300008431.a:Ga0115308_100036_21  0.684  26  0.791  26  0.952  25  0.901   0.850 Y  0.450      SignalP-noTM
3300008431.a:Ga0115308_100036_21  0.685  26  0.798  26  0.961  14  0.922   0.856 Y  0.570      SignalP-noTM
3300008431.a:Ga0115308_100036_23  0.434  23  0.594  23  0.897   7  0.832   0.687 Y  0.450      SignalP-TM
3300008431.a:Ga0115308_100036_23  0.465  23  0.591  23  0.885  14  0.751   0.677 Y  0.450      SignalP-noTM
3300008431.a:Ga0115308_100036_23  0.763  23  0.823  23  0.962   9  0.908   0.863 Y  0.570      SignalP-noTM
3300008431.a:Ga0115308_100036_28  0.630  23  0.532  23  0.647  20  0.459   0.503 Y  0.500      SignalP-TM
3300008431.a:Ga0115308_100036_38  0.445  21  0.634  21  0.939  18  0.877   0.729 Y  0.450      SignalP-TM
3300008431.a:Ga0115308_100036_38  0.694  24  0.813  24  0.988  18  0.945   0.875 Y  0.570      SignalP-noTM
3300008431.a:Ga0115308_100037_13  0.392  24  0.559  24  0.923  14  0.801   0.690 Y  0.450      SignalP-noTM
3300008431.a:Ga0115308_100037_13  0.483  19  0.661  19  0.944   3  0.915   0.781 Y  0.570      SignalP-noTM
3300008431.a:Ga0115308_100037_13  0.496  33  0.439  33  0.943  16  0.690   0.537 Y  0.450      SignalP-TM
3300008431.a:Ga0115308_100037_24  0.377  23  0.553  23  0.904  19  0.829   0.683 Y  0.570      SignalP-noTM
3300008431.a:Ga0115308_100037_24  0.463  23  0.612  23  0.920  19  0.819   0.693 Y  0.450      SignalP-TM
3300008431.a:Ga0115308_100037_24  0.552  21  0.710  21  0.958   2  0.910   0.818 Y  0.450      SignalP-noTM
3300008431.a:Ga0115308_100037_29  0.126  23  0.293  23  0.839   6  0.734   0.465 Y  0.450      SignalP-TM
3300008431.a:Ga0115308_100037_29  0.660  21  0.789  21  0.980   3  0.941   0.871 Y  0.450      SignalP-noTM
3300008431.a:Ga0115308_100037_29  0.671  21  0.787  21  0.954  17  0.922   0.850 Y  0.570      SignalP-noTM
3300008431.a:Ga0115308_100037_35  0.590  21  0.521  21  0.712   5  0.518   0.520 Y  0.500      SignalP-TM
3300008431.a:Ga0115308_100037_4  0.174  42  0.346  22  0.830  17  0.662   0.469 Y  0.450      SignalP-TM
3300008431.a:Ga0115308_100037_45  0.149  27  0.299  27  0.858   2  0.688   0.451 Y  0.450      SignalP-TM
3300008431.a:Ga0115308_100037_45  0.361  20  0.557  20  0.935  11  0.857   0.719 Y  0.450      SignalP-noTM
3300008431.a:Ga0115308_100038_14  0.227  27  0.430  27  0.942  18  0.864   0.599 Y  0.450      SignalP-TM
3300008431.a:Ga0115308_100038_14  0.233  24  0.427  24  0.937  10  0.842   0.622 Y  0.570      SignalP-noTM
3300008431.a:Ga0115308_100038_14  0.264  21  0.472  21  0.949  10  0.838   0.670 Y  0.450      SignalP-noTM
3300008431.a:Ga0115308_100038_2  0.394  26  0.572  26  0.936  16  0.826   0.709 Y  0.450      SignalP-noTM
3300008431.a:Ga0115308_100038_2  0.501  24  0.664  24  0.930  21  0.864   0.742 Y  0.450      SignalP-TM
3300008431.a:Ga0115308_100038_2  0.835  24  0.857  24  0.916  10  0.886   0.871 Y  0.570      SignalP-noTM
3300008431.a:Ga0115308_100038_26  0.387  26  0.560  26  0.960  19  0.850   0.673 Y  0.450      SignalP-TM
3300008431.a:Ga0115308_100038_26  0.564  21  0.709  21  0.952  12  0.889   0.806 Y  0.450      SignalP-noTM
3300008431.a:Ga0115308_100038_26  0.862  21  0.870  21  0.927   1  0.887   0.878 Y  0.570      SignalP-noTM
3300008431.a:Ga0115308_100038_9  0.643  38  0.520  38  0.658   2  0.462   0.498 Y  0.450      SignalP-TM
3300008431.a:Ga0115308_100039_6  0.214  28  0.385  28  0.953   8  0.815   0.553 Y  0.450      SignalP-TM
3300008431.a:Ga0115308_100039_6  0.274  21  0.501  21  0.967  16  0.920   0.698 Y  0.570      SignalP-noTM
3300008431.a:Ga0115308_100039_6  0.302  20  0.534  20  0.977  13  0.943   0.755 Y  0.450      SignalP-noTM
3300008431.a:Ga0115308_100040_13  0.233  19  0.417  19  0.831  17  0.745   0.545 Y  0.450      SignalP-TM
3300008431.a:Ga0115308_100040_13  0.651  19  0.771  19  0.953   3  0.915   0.849 Y  0.450      SignalP-noTM
3300008431.a:Ga0115308_100040_13  0.850  19  0.859  19  0.952  17  0.857   0.858 Y  0.570      SignalP-noTM
3300008431.a:Ga0115308_100040_14  0.496  25  0.587  25  0.866   2  0.728   0.653 Y  0.570      SignalP-noTM
3300008431.a:Ga0115308_100040_14  0.550  25  0.627  25  0.882   4  0.723   0.679 Y  0.450      SignalP-noTM
3300008431.a:Ga0115308_100040_16  0.307  29  0.477  29  0.962   9  0.847   0.622 Y  0.450      SignalP-TM
3300008431.a:Ga0115308_100040_16  0.366  23  0.569  23  0.956   6  0.885   0.740 Y  0.450      SignalP-noTM
3300008431.a:Ga0115308_100040_16  0.743  23  0.842  23  0.974   9  0.957   0.896 Y  0.570      SignalP-noTM
3300008431.a:Ga0115308_100040_20  0.489  27  0.564  27  0.864  19  0.660   0.609 Y  0.570      SignalP-noTM
3300008431.a:Ga0115308_100040_20  0.599  27  0.671  27  0.902  15  0.751   0.714 Y  0.450      SignalP-noTM
3300008431.a:Ga0115308_100040_20  0.630  27  0.708  27  0.887  20  0.760   0.728 Y  0.450      SignalP-TM
3300008431.a:Ga0115308_100040_22  0.372  25  0.505  25  0.877   8  0.749   0.600 Y  0.450      SignalP-TM
3300008431.a:Ga0115308_100040_22  0.636  25  0.745  25  0.949  19  0.872   0.814 Y  0.450      SignalP-noTM
3300008431.a:Ga0115308_100040_22  0.869  25  0.897  25  0.978  18  0.923   0.909 Y  0.570      SignalP-noTM
3300008431.a:Ga0115308_100040_26  0.537  23  0.597  23  0.820   5  0.710   0.641 Y  0.450      SignalP-TM
3300008431.a:Ga0115308_100040_26  0.798  23  0.786  23  0.911   1  0.799   0.792 Y  0.570      SignalP-noTM
3300008431.a:Ga0115308_100040_26  0.910  23  0.905  23  0.963  12  0.900   0.902 Y  0.450      SignalP-noTM
3300008431.a:Ga0115308_100040_28  0.400  21  0.547  21  0.925   1  0.785   0.640 Y  0.450      SignalP-TM
3300008431.a:Ga0115308_100040_28  0.817  21  0.859  21  0.946  11  0.909   0.883 Y  0.570      SignalP-noTM
3300008431.a:Ga0115308_100040_28  0.822  21  0.807  21  0.905   2  0.780   0.792 Y  0.450      SignalP-noTM
3300008431.a:Ga0115308_100040_39  0.184  19  0.363  19  0.780   5  0.703   0.546 Y  0.450      SignalP-noTM
3300008431.a:Ga0115308_100040_4  0.177  25  0.362  25  0.920  11  0.749   0.571 Y  0.450      SignalP-noTM
3300008431.a:Ga0115308_100040_4  0.469  23  0.657  23  0.953  17  0.915   0.758 Y  0.450      SignalP-TM
3300008431.a:Ga0115308_100040_4  0.486  23  0.670  23  0.981   9  0.939   0.796 Y  0.570      SignalP-noTM
3300008431.a:Ga0115308_100040_40  0.138  31  0.298  20  0.857   4  0.754   0.476 Y  0.450      SignalP-TM
3300008431.a:Ga0115308_100040_40  0.164  21  0.363  21  0.861  15  0.798   0.524 Y  0.510      SignalP-TM
3300008431.a:Ga0115308_100040_40  0.533  21  0.676  21  0.924   4  0.857   0.774 Y  0.450      SignalP-noTM
3300008431.a:Ga0115308_100040_5  0.255  23  0.456  23  0.926  11  0.813   0.624 Y  0.570      SignalP-noTM
3300008431.a:Ga0115308_100040_5  0.424  24  0.615  24  0.942  15  0.886   0.761 Y  0.450      SignalP-noTM
3300008431.a:Ga0115308_100040_6  0.455  28  0.464  28  0.709   4  0.533   0.491 Y  0.450      SignalP-TM
3300008431.a:Ga0115308_100040_6  0.661  22  0.546  22  0.848   1  0.525   0.537 Y  0.500      SignalP-TM
3300008431.a:Ga0115308_100040_7  0.247  18  0.420  18  0.801   9  0.714   0.529 Y  0.510      SignalP-TM
3300008431.a:Ga0115308_100040_7  0.387  30  0.430  30  0.796  17  0.556   0.479 Y  0.450      SignalP-TM
3300008431.a:Ga0115308_100040_7  0.734  18  0.772  18  0.900   1  0.824   0.793 Y  0.500      SignalP-TM
3300008431.a:Ga0115308_100040_9  0.193  20  0.374  20  0.846  12  0.721   0.513 Y  0.500      SignalP-TM
3300008431.a:Ga0115308_100044_14  0.667  34  0.704  34  0.881  30  0.605   0.665 Y  0.450      SignalP-TM
3300008431.a:Ga0115308_100044_17  0.243  21  0.431  19  0.901  15  0.837   0.622 Y  0.570      SignalP-noTM
3300008431.a:Ga0115308_100044_17  0.490  19  0.665  19  0.970  10  0.890   0.786 Y  0.450      SignalP-noTM
3300008431.a:Ga0115308_100045_10  0.590  24  0.600  24  0.745   8  0.654   0.621 Y  0.450      SignalP-TM
3300008431.a:Ga0115308_100045_10  0.831  24  0.814  24  0.926   3  0.838   0.826 Y  0.570      SignalP-noTM
3300008431.a:Ga0115308_100045_10  0.874  24  0.821  24  0.892  17  0.774   0.796 Y  0.450      SignalP-noTM
3300008431.a:Ga0115308_100045_13  0.252  22  0.427  22  0.923  17  0.737   0.548 Y  0.450      SignalP-TM
3300008431.a:Ga0115308_100045_13  0.435  19  0.608  19  0.905  15  0.844   0.735 Y  0.450      SignalP-noTM
3300008431.a:Ga0115308_100045_13  0.808  19  0.854  19  0.949  17  0.889   0.870 Y  0.570      SignalP-noTM
3300008431.a:Ga0115308_100045_15  0.166  21  0.374  21  0.888   5  0.839   0.625 Y  0.450      SignalP-noTM
3300008431.a:Ga0115308_100045_15  0.358  31  0.465  31  0.915  19  0.744   0.574 Y  0.450      SignalP-TM
3300008431.a:Ga0115308_100045_16  0.323  26  0.520  26  0.948  15  0.835   0.690 Y  0.450      SignalP-noTM
3300008431.a:Ga0115308_100045_16  0.416  26  0.577  26  0.871  17  0.783   0.657 Y  0.450      SignalP-TM
3300008431.a:Ga0115308_100045_16  0.646  26  0.747  26  0.955  13  0.894   0.816 Y  0.570      SignalP-noTM
3300008431.a:Ga0115308_100045_17  0.301  28  0.452  27  0.829  14  0.699   0.548 Y  0.450      SignalP-TM
3300008431.a:Ga0115308_100045_17  0.623  22  0.689  22  0.876  11  0.760   0.727 Y  0.450      SignalP-noTM
3300008431.a:Ga0115308_100045_21  0.222  32  0.387  21  0.824  11  0.728   0.523 Y  0.500      SignalP-TM
3300008431.a:Ga0115308_100045_22  0.414  23  0.559  23  0.896  10  0.754   0.664 Y  0.450      SignalP-noTM
3300008431.a:Ga0115308_100045_22  0.501  23  0.564  23  0.813   6  0.680   0.609 Y  0.450      SignalP-TM
3300008431.a:Ga0115308_100045_22  0.782  23  0.798  23  0.931  16  0.857   0.825 Y  0.570      SignalP-noTM
3300008431.a:Ga0115308_100045_23  0.195  54  0.311  24  0.846   7  0.710   0.466 Y  0.450      SignalP-TM
3300008431.a:Ga0115308_100045_23  0.651  24  0.785  24  0.987  14  0.946   0.872 Y  0.450      SignalP-noTM
3300008431.a:Ga0115308_100045_23  0.824  24  0.858  24  0.951  16  0.913   0.884 Y  0.570      SignalP-noTM
3300008431.a:Ga0115308_100045_8  0.176  28  0.380  28  0.965  14  0.890   0.619 Y  0.570      SignalP-noTM
3300008431.a:Ga0115308_100045_8  0.238  24  0.445  24  0.938  14  0.834   0.655 Y  0.450      SignalP-noTM
3300008431.a:Ga0115308_100045_8  0.260  32  0.416  32  0.975  12  0.830   0.577 Y  0.450      SignalP-TM
3300008431.a:Ga0115308_100045_9  0.373  23  0.448  23  0.656  20  0.518   0.475 Y  0.450      SignalP-TM
3300008431.a:Ga0115308_100045_9  0.749  23  0.778  23  0.905   3  0.808   0.794 Y  0.450      SignalP-noTM
3300008431.a:Ga0115308_100045_9  0.868  23  0.803  23  0.865  16  0.769   0.787 Y  0.570      SignalP-noTM
3300008431.a:Ga0115308_100048_14  0.270  18  0.400  18  0.784   2  0.584   0.500 Y  0.450      SignalP-noTM
3300008431.a:Ga0115308_100048_18  0.184  33  0.327  16  0.938   6  0.914   0.556 Y  0.450      SignalP-TM
3300008431.a:Ga0115308_100048_18  0.194  20  0.421  20  0.970  12  0.912   0.686 Y  0.450      SignalP-noTM
3300008431.a:Ga0115308_100048_18  0.203  22  0.417  22  0.935   4  0.878   0.634 Y  0.570      SignalP-noTM
3300008431.a:Ga0115308_100048_20  0.534  24  0.672  24  0.926  18  0.857   0.744 Y  0.450      SignalP-TM
3300008431.a:Ga0115308_100048_20  0.582  24  0.679  24  0.904  14  0.808   0.740 Y  0.570      SignalP-noTM
3300008431.a:Ga0115308_100048_20  0.874  24  0.879  24  0.947  13  0.884   0.882 Y  0.450      SignalP-noTM
3300008431.a:Ga0115308_100048_27  0.375  26  0.562  26  0.963   6  0.887   0.689 Y  0.450      SignalP-TM
3300008431.a:Ga0115308_100048_27  0.686  26  0.740  26  0.935   6  0.799   0.772 Y  0.450      SignalP-noTM
3300008431.a:Ga0115308_100048_27  0.741  24  0.842  24  0.981  11  0.959   0.897 Y  0.570      SignalP-noTM
3300008431.a:Ga0115308_100049_10  0.413  22  0.589  22  0.916  10  0.842   0.688 Y  0.450      SignalP-TM
3300008431.a:Ga0115308_100049_10  0.702  22  0.814  22  0.981  12  0.943   0.875 Y  0.570      SignalP-noTM
3300008431.a:Ga0115308_100049_10  0.761  22  0.840  22  0.972  14  0.928   0.888 Y  0.450      SignalP-noTM
3300008431.a:Ga0115308_100049_21  0.393  29  0.401  20  0.734   6  0.667   0.508 Y  0.500      SignalP-TM
3300008431.a:Ga0115308_100049_31  0.212  27  0.404  27  0.930  16  0.774   0.604 Y  0.450      SignalP-noTM
3300008431.a:Ga0115308_100049_31  0.497  27  0.653  27  0.924  18  0.839   0.725 Y  0.450      SignalP-TM
3300008431.a:Ga0115308_100049_31  0.843  27  0.853  27  0.970  18  0.895   0.873 Y  0.570      SignalP-noTM
3300008431.a:Ga0115308_100049_9  0.200  25  0.337  20  0.802  16  0.708   0.482 Y  0.450      SignalP-TM
3300008431.a:Ga0115308_100049_9  0.705  20  0.755  20  0.890  13  0.817   0.788 Y  0.450      SignalP-noTM
3300008431.a:Ga0115308_100049_9  0.709  20  0.768  20  0.909   1  0.844   0.804 Y  0.570      SignalP-noTM
3300008431.a:Ga0115308_100051_5  0.160  34  0.305  22  0.926   8  0.850   0.517 Y  0.450      SignalP-TM
3300008431.a:Ga0115308_100051_5  0.242  22  0.467  22  0.940   5  0.912   0.676 Y  0.570      SignalP-noTM
3300008431.a:Ga0115308_100051_5  0.255  23  0.474  23  0.934   8  0.881   0.694 Y  0.450      SignalP-noTM
3300008431.a:Ga0115308_100052_13  0.309  25  0.502  25  0.931  15  0.813   0.670 Y  0.450      SignalP-noTM
3300008431.a:Ga0115308_100052_13  0.322  23  0.544  23  0.932  15  0.910   0.687 Y  0.450      SignalP-TM
3300008431.a:Ga0115308_100052_13  0.434  23  0.630  23  0.957  17  0.923   0.768 Y  0.570      SignalP-noTM
3300008431.a:Ga0115308_100052_18  0.200  24  0.387  24  0.909   7  0.806   0.550 Y  0.450      SignalP-TM
3300008431.a:Ga0115308_100052_18  0.343  24  0.544  24  0.946   8  0.894   0.709 Y  0.570      SignalP-noTM
3300008431.a:Ga0115308_100052_18  0.472  22  0.646  22  0.972  12  0.880   0.772 Y  0.450      SignalP-noTM
3300008431.a:Ga0115308_100052_9  0.508  28  0.646  28  0.955  12  0.842   0.723 Y  0.450      SignalP-TM
3300008431.a:Ga0115308_100052_9  0.684  28  0.789  28  0.986  15  0.923   0.852 Y  0.570      SignalP-noTM
3300008431.a:Ga0115308_100054_16  0.629  28  0.688  28  0.913  22  0.794   0.738 Y  0.570      SignalP-noTM
3300008431.a:Ga0115308_100054_17  0.507  26  0.676  26  0.940  21  0.904   0.765 Y  0.450      SignalP-TM
3300008431.a:Ga0115308_100054_17  0.519  26  0.672  26  0.942  14  0.866   0.777 Y  0.450      SignalP-noTM
3300008431.a:Ga0115308_100054_17  0.843  26  0.860  26  0.953  17  0.890   0.874 Y  0.570      SignalP-noTM
3300008431.a:Ga0115308_100054_18  0.730  31  0.631  31  0.703  20  0.504   0.581 Y  0.450      SignalP-TM
3300008431.a:Ga0115308_100054_2  0.180  24  0.358  24  0.811  20  0.719   0.499 Y  0.450      SignalP-TM
3300008431.a:Ga0115308_100054_2  0.317  21  0.443  21  0.734   4  0.612   0.534 Y  0.450      SignalP-noTM
3300008431.a:Ga0115308_100054_2  0.699  21  0.746  21  0.873  20  0.814   0.778 Y  0.570      SignalP-noTM
3300008431.a:Ga0115308_100054_24  0.188  21  0.385  21  0.909   3  0.779   0.598 Y  0.450      SignalP-noTM
3300008431.a:Ga0115308_100054_24  0.210  20  0.394  20  0.903   1  0.774   0.573 Y  0.570      SignalP-noTM
3300008431.a:Ga0115308_100054_24  0.347  26  0.487  26  0.852   3  0.720   0.578 Y  0.450      SignalP-TM
3300008431.a:Ga0115308_100054_9  0.477  26  0.620  19  0.942  14  0.893   0.768 Y  0.450      SignalP-noTM
3300008431.a:Ga0115308_100054_9  0.566  28  0.695  28  0.907  18  0.853   0.757 Y  0.450      SignalP-TM
3300008431.a:Ga0115308_100054_9  0.689  26  0.722  26  0.937   1  0.833   0.774 Y  0.570      SignalP-noTM
3300008431.a:Ga0115308_100057_16  0.292  24  0.436  24  0.798  16  0.581   0.493 Y  0.450      SignalP-TM
3300008431.a:Ga0115308_100057_17  0.245  28  0.420  28  0.912   5  0.739   0.592 Y  0.450      SignalP-noTM
3300008431.a:Ga0115308_100057_17  0.268  28  0.435  28  0.961  10  0.818   0.584 Y  0.450      SignalP-TM
3300008431.a:Ga0115308_100057_17  0.705  28  0.719  28  0.980  12  0.854   0.783 Y  0.570      SignalP-noTM
3300008431.a:Ga0115308_100057_18  0.302  27  0.469  27  0.857   1  0.739   0.615 Y  0.450      SignalP-noTM
3300008431.a:Ga0115308_100057_18  0.780  27  0.732  27  0.834  10  0.667   0.706 Y  0.450      SignalP-TM
3300008431.a:Ga0115308_100057_18  0.855  27  0.780  27  0.864  16  0.765   0.773 Y  0.570      SignalP-noTM
3300008431.a:Ga0115308_100057_19  0.808  31  0.632  31  0.690  30  0.468   0.566 Y  0.500      SignalP-TM
3300008431.a:Ga0115308_100057_5  0.384  34  0.416  34  0.934  17  0.700   0.526 Y  0.450      SignalP-TM
3300008431.a:Ga0115308_100057_5  0.675  34  0.561  34  0.964  17  0.723   0.637 Y  0.570      SignalP-noTM
3300008431.a:Ga0115308_100057_7  0.500  27  0.595  27  0.858   7  0.719   0.662 Y  0.450      SignalP-noTM
3300008431.a:Ga0115308_100057_7  0.604  27  0.646  27  0.887   1  0.762   0.691 Y  0.450      SignalP-TM
3300008431.a:Ga0115308_100057_7  0.712  27  0.721  27  0.939  16  0.821   0.768 Y  0.570      SignalP-noTM
3300008431.a:Ga0115308_100058_13  0.167  24  0.329  16  0.807   4  0.762   0.503 Y  0.500      SignalP-TM
3300008431.a:Ga0115308_100058_20  0.348  30  0.480  24  0.872  16  0.656   0.549 Y  0.450      SignalP-TM
3300008431.a:Ga0115308_100058_20  0.724  19  0.785  19  0.912  13  0.855   0.823 Y  0.450      SignalP-noTM
3300008431.a:Ga0115308_100058_20  0.736  19  0.802  19  0.935  16  0.848   0.824 Y  0.570      SignalP-noTM
3300008431.a:Ga0115308_100058_5  0.211  26  0.410  26  0.869   7  0.812   0.567 Y  0.450      SignalP-TM
3300008431.a:Ga0115308_100058_5  0.640  26  0.698  26  0.924   6  0.761   0.732 Y  0.450      SignalP-noTM
3300008431.a:Ga0115308_100058_5  0.662  26  0.751  26  0.955  16  0.868   0.806 Y  0.570      SignalP-noTM
3300008431.a:Ga0115308_100058_7  0.658  22  0.797  22  0.991  17  0.967   0.889 Y  0.450      SignalP-noTM
3300008431.a:Ga0115308_100062_1  0.309  25  0.494  25  0.881  18  0.646   0.553 Y  0.450      SignalP-TM
3300008431.a:Ga0115308_100062_1  0.652  25  0.672  25  0.857  12  0.694   0.684 Y  0.450      SignalP-noTM
3300008431.a:Ga0115308_100062_16  0.269  19  0.464  19  0.852  16  0.812   0.652 Y  0.450      SignalP-noTM
3300008431.a:Ga0115308_100062_16  0.536  19  0.693  19  0.923   2  0.900   0.790 Y  0.570      SignalP-noTM
3300008431.a:Ga0115308_100062_2  0.292  26  0.471  26  0.888  21  0.758   0.626 Y  0.450      SignalP-noTM
3300008431.a:Ga0115308_100062_2  0.608  26  0.741  26  0.951  21  0.894   0.801 Y  0.450      SignalP-TM
3300008431.a:Ga0115308_100062_2  0.859  26  0.875  26  0.957   9  0.907   0.890 Y  0.570      SignalP-noTM
3300008431.a:Ga0115308_100062_5  0.580  22  0.734  22  0.963  14  0.928   0.839 Y  0.450      SignalP-noTM
3300008431.a:Ga0115308_100062_6  0.158  29  0.373  21  0.921  15  0.890   0.652 Y  0.450      SignalP-noTM
3300008431.a:Ga0115308_100064_11  0.359  34  0.579  24  0.970  15  0.891   0.701 Y  0.450      SignalP-TM
3300008431.a:Ga0115308_100064_11  0.553  24  0.664  24  0.914  18  0.792   0.733 Y  0.450      SignalP-noTM
3300008431.a:Ga0115308_100064_11  0.761  24  0.854  24  0.984  20  0.944   0.896 Y  0.570      SignalP-noTM
3300008431.a:Ga0115308_100093_3  0.474  20  0.632  20  0.945   2  0.870   0.724 Y  0.450      SignalP-TM
3300008431.a:Ga0115308_100093_3  0.848  20  0.833  20  0.928   2  0.805   0.818 Y  0.450      SignalP-noTM
3300008431.a:Ga0115308_100093_3  0.859  20  0.875  20  0.943  10  0.897   0.885 Y  0.570      SignalP-noTM
3300008431.a:Ga0115308_100093_4  0.266  19  0.420  19  0.770   5  0.672   0.520 Y  0.500      SignalP-TM
3300008431.a:Ga0115308_100097_4  0.430  25  0.494  25  0.740  17  0.588   0.531 Y  0.500      SignalP-TM
3300008431.a:Ga0115308_100097_6  0.340  34  0.487  34  0.833  21  0.748   0.588 Y  0.450      SignalP-TM
3300008431.a:Ga0115308_100097_6  0.479  29  0.618  29  0.963  14  0.883   0.743 Y  0.570      SignalP-noTM
3300008431.a:Ga0115308_100097_6  0.500  29  0.647  29  0.972  16  0.852   0.757 Y  0.450      SignalP-noTM
3300008431.a:Ga0115308_100099_6  0.282  45  0.317  32  0.804  11  0.672   0.455 Y  0.450      SignalP-TM
3300008431.a:Ga0115308_100099_9  0.183  25  0.405  25  0.935  24  0.841   0.575 Y  0.450      SignalP-TM
3300008431.a:Ga0115308_100099_9  0.383  25  0.602  25  0.973  17  0.914   0.749 Y  0.570      SignalP-noTM
3300008431.a:Ga0115308_100099_9  0.613  25  0.736  25  0.934  11  0.865   0.806 Y  0.450      SignalP-noTM
3300008431.a:Ga0115308_100117_4  0.604  22  0.744  22  0.961  13  0.919   0.839 Y  0.450      SignalP-noTM
3300008431.a:Ga0115308_100117_4  0.688  22  0.735  22  0.832  20  0.766   0.747 Y  0.450      SignalP-TM
3300008431.a:Ga0115308_100117_4  0.827  22  0.853  22  0.929  11  0.873   0.862 Y  0.570      SignalP-noTM
3300008431.a:Ga0115308_100118_6  0.337  27  0.487  27  0.911  14  0.718   0.612 Y  0.450      SignalP-noTM
3300008431.a:Ga0115308_100118_6  0.518  27  0.590  27  0.897   9  0.766   0.673 Y  0.570      SignalP-noTM
3300008431.a:Ga0115308_100118_6  0.621  27  0.608  27  0.779   8  0.655   0.626 Y  0.450      SignalP-TM
3300008431.a:Ga0115308_100286_4  0.419  22  0.612  22  0.940  15  0.894   0.764 Y  0.450      SignalP-noTM
3300008431.a:Ga0115308_100286_4  0.429  22  0.643  22  0.975  13  0.944   0.761 Y  0.450      SignalP-TM
3300008431.a:Ga0115308_100286_4  0.887  22  0.917  22  0.960  15  0.943   0.929 Y  0.570      SignalP-noTM
