0	STP	0	null	CGC1	3300029475.a:Ga0244097_102032	532	2040	3300029475.a:Ga0244097_102032_1	-	DB=STP|Pyr_redox_2;ID=3300029475.a:Ga0244097_102032_1	DB=STP|Pyr_redox_2;ID=3300029475.a:Ga0244097_102032_1
1	TF	1	0	CGC1	3300029475.a:Ga0244097_102032	2061	2468	3300029475.a:Ga0244097_102032_2	-	DB=DBD-Pfam|MarR,DBD-SUPERFAMILY|0040517;ID=3300029475.a:Ga0244097_102032_2	DB=DBD-Pfam|MarR,DBD-SUPERFAMILY|0040517;ID=3300029475.a:Ga0244097_102032_2
2	null	null	null	CGC1	3300029475.a:Ga0244097_102032	4060	4548	3300029475.a:Ga0244097_102032_3	-	;ID=3300029475.a:Ga0244097_102032_3
3	CAZyme	0	1	CGC1	3300029475.a:Ga0244097_102032	4560	6197	3300029475.a:Ga0244097_102032_4	-	DB=GT83| GT83;ID=3300029475.a:Ga0244097_102032_4	DB=GT83| GT83;ID=3300029475.a:Ga0244097_102032_4
4	TC	3	0	CGC1	3300029475.a:Ga0244097_102032	6332	7537	3300029475.a:Ga0244097_102032_5	-	DB=gnl|TC-DB|P31602|2.A.24.1.1;ID=3300029475.a:Ga0244097_102032_5	DB=gnl|TC-DB|P31602|2.A.24.1.1;ID=3300029475.a:Ga0244097_102032_5
+++++
15	STP	0	5	CGC1	3300029475.a:Ga0244097_100277	17161	17700	3300029475.a:Ga0244097_100277_16	+	DB=STP|Pribosyltran;ID=3300029475.a:Ga0244097_100277_16	DB=STP|Pribosyltran;ID=3300029475.a:Ga0244097_100277_16
16	TC	0	0	CGC1	3300029475.a:Ga0244097_100277	17745	19685	3300029475.a:Ga0244097_100277_17	+	DB=gnl|TC-DB|B7G1T3|3.A.25.1.1;ID=3300029475.a:Ga0244097_100277_17	DB=gnl|TC-DB|B7G1T3|3.A.25.1.1;ID=3300029475.a:Ga0244097_100277_17
17	TF	2	0	CGC1	3300029475.a:Ga0244097_100277	19759	20754	3300029475.a:Ga0244097_100277_18	+	DB=DBD-Pfam|HTH_11,DBD-SUPERFAMILY|0039384;ID=3300029475.a:Ga0244097_100277_18	DB=DBD-Pfam|HTH_11,DBD-SUPERFAMILY|0039384;ID=3300029475.a:Ga0244097_100277_18
18	null	null	null	CGC1	3300029475.a:Ga0244097_100277	20963	21739	3300029475.a:Ga0244097_100277_19	+	;ID=3300029475.a:Ga0244097_100277_19
19	null	null	null	CGC1	3300029475.a:Ga0244097_100277	21804	22769	3300029475.a:Ga0244097_100277_20	+	;ID=3300029475.a:Ga0244097_100277_20
20	TC	0	2	CGC1	3300029475.a:Ga0244097_100277	22930	25695	3300029475.a:Ga0244097_100277_21	+	DB=gnl|TC-DB|Q3MNJ6|3.A.3.5.15;ID=3300029475.a:Ga0244097_100277_21	DB=gnl|TC-DB|Q3MNJ6|3.A.3.5.15;ID=3300029475.a:Ga0244097_100277_21
21	STP	0	0	CGC1	3300029475.a:Ga0244097_100277	26431	27723	3300029475.a:Ga0244097_100277_22	+	DB=STP|GGDEF;ID=3300029475.a:Ga0244097_100277_22	DB=STP|GGDEF;ID=3300029475.a:Ga0244097_100277_22
22	STP	2	0	CGC1	3300029475.a:Ga0244097_100277	27755	30859	3300029475.a:Ga0244097_100277_23	+	DB=STP|EAL,STP|GGDEF;ID=3300029475.a:Ga0244097_100277_23	DB=STP|EAL,STP|GGDEF;ID=3300029475.a:Ga0244097_100277_23
23	null	null	null	CGC1	3300029475.a:Ga0244097_100277	30861	32546	3300029475.a:Ga0244097_100277_24	+	;ID=3300029475.a:Ga0244097_100277_24
24	null	null	null	CGC1	3300029475.a:Ga0244097_100277	32601	33932	3300029475.a:Ga0244097_100277_25	+	;ID=3300029475.a:Ga0244097_100277_25
25	CAZyme	0	2	CGC1	3300029475.a:Ga0244097_100277	33945	34832	3300029475.a:Ga0244097_100277_26	+	DB=CE4;ID=3300029475.a:Ga0244097_100277_26	DB=CE4;ID=3300029475.a:Ga0244097_100277_26
26	CAZyme	1	0	CGC1	3300029475.a:Ga0244097_100277	34843	36645	3300029475.a:Ga0244097_100277_27	+	DB=GT2| GT2;ID=3300029475.a:Ga0244097_100277_27	DB=GT2| GT2;ID=3300029475.a:Ga0244097_100277_27
27	null	null	null	CGC1	3300029475.a:Ga0244097_100277	36642	38525	3300029475.a:Ga0244097_100277_28	+	;ID=3300029475.a:Ga0244097_100277_28
28	CAZyme	0	1	CGC1	3300029475.a:Ga0244097_100277	38549	39574	3300029475.a:Ga0244097_100277_29	+	DB= GH18|GH18;ID=3300029475.a:Ga0244097_100277_29	DB= GH18|GH18;ID=3300029475.a:Ga0244097_100277_29
29	CAZyme	1	0	CGC1	3300029475.a:Ga0244097_100277	39578	41215	3300029475.a:Ga0244097_100277_30	+	DB=CE4;ID=3300029475.a:Ga0244097_100277_30	DB=CE4;ID=3300029475.a:Ga0244097_100277_30
30	null	null	null	CGC1	3300029475.a:Ga0244097_100277	41272	42039	3300029475.a:Ga0244097_100277_31	-	;ID=3300029475.a:Ga0244097_100277_31
31	TF	1	1	CGC1	3300029475.a:Ga0244097_100277	42178	42507	3300029475.a:Ga0244097_100277_32	+	DB=DBD-Pfam|DUF24,DBD-SUPERFAMILY|0044258;ID=3300029475.a:Ga0244097_100277_32	DB=DBD-Pfam|DUF24,DBD-SUPERFAMILY|0044258;ID=3300029475.a:Ga0244097_100277_32
32	null	null	null	CGC1	3300029475.a:Ga0244097_100277	42593	43606	3300029475.a:Ga0244097_100277_33	+	;ID=3300029475.a:Ga0244097_100277_33
33	TC	0	1	CGC1	3300029475.a:Ga0244097_100277	43612	44940	3300029475.a:Ga0244097_100277_34	+	DB=gnl|TC-DB|O32081|2.A.38.4.3;ID=3300029475.a:Ga0244097_100277_34	DB=gnl|TC-DB|O32081|2.A.38.4.3;ID=3300029475.a:Ga0244097_100277_34
34	TC	3	0	CGC1	3300029475.a:Ga0244097_100277	44951	45610	3300029475.a:Ga0244097_100277_35	+	DB=gnl|TC-DB|G8V089|2.A.38.4.6;ID=3300029475.a:Ga0244097_100277_35	DB=gnl|TC-DB|G8V089|2.A.38.4.6;ID=3300029475.a:Ga0244097_100277_35
+++++
21	TC	0	9	CGC1	3300029475.a:Ga0244097_100630	24722	25594	3300029475.a:Ga0244097_100630_22	+	DB=gnl|TC-DB|C8X4B7|2.A.115.1.5;ID=3300029475.a:Ga0244097_100630_22	DB=gnl|TC-DB|C8X4B7|2.A.115.1.5;ID=3300029475.a:Ga0244097_100630_22
22	TF	0	0	CGC1	3300029475.a:Ga0244097_100630	25870	26301	3300029475.a:Ga0244097_100630_23	+	DB=DBD-Pfam|CtsR;ID=3300029475.a:Ga0244097_100630_23	DB=DBD-Pfam|CtsR;ID=3300029475.a:Ga0244097_100630_23
23	STP	2	0	CGC1	3300029475.a:Ga0244097_100630	26304	27668	3300029475.a:Ga0244097_100630_24	+	DB=STP|AAA;ID=3300029475.a:Ga0244097_100630_24	DB=STP|AAA;ID=3300029475.a:Ga0244097_100630_24
24	null	null	null	CGC1	3300029475.a:Ga0244097_100630	27728	28495	3300029475.a:Ga0244097_100630_25	-	;ID=3300029475.a:Ga0244097_100630_25
25	null	null	null	CGC1	3300029475.a:Ga0244097_100630	29001	29318	3300029475.a:Ga0244097_100630_26	+	;ID=3300029475.a:Ga0244097_100630_26
26	CAZyme	0	2	CGC1	3300029475.a:Ga0244097_100630	29315	30292	3300029475.a:Ga0244097_100630_27	+	DB=GT2| GT2;ID=3300029475.a:Ga0244097_100630_27	DB=GT2| GT2;ID=3300029475.a:Ga0244097_100630_27
27	TC	1	0	CGC1	3300029475.a:Ga0244097_100630	30789	31478	3300029475.a:Ga0244097_100630_28	+	DB=gnl|TC-DB|E9RJ18|3.A.7.13.2;ID=3300029475.a:Ga0244097_100630_28	DB=gnl|TC-DB|E9RJ18|3.A.7.13.2;ID=3300029475.a:Ga0244097_100630_28
28	null	null	null	CGC1	3300029475.a:Ga0244097_100630	31566	32477	3300029475.a:Ga0244097_100630_29	+	;ID=3300029475.a:Ga0244097_100630_29
29	TF	null	1	CGC1	3300029475.a:Ga0244097_100630	32562	33491	3300029475.a:Ga0244097_100630_30	+	DB=DBD-Pfam|HTH_AraC,DBD-SUPERFAMILY|0036286,DBD-SUPERFAMILY|0035607;ID=3300029475.a:Ga0244097_100630_30	DB=DBD-Pfam|HTH_AraC,DBD-SUPERFAMILY|0036286,DBD-SUPERFAMILY|0035607;ID=3300029475.a:Ga0244097_100630_30
+++++
55	STP	1	5	CGC1	3300029475.a:Ga0244097_100273	57987	58568	3300029475.a:Ga0244097_100273_56	-	DB=STP|HD;ID=3300029475.a:Ga0244097_100273_56	DB=STP|HD;ID=3300029475.a:Ga0244097_100273_56
56	null	null	null	CGC1	3300029475.a:Ga0244097_100273	58907	59515	3300029475.a:Ga0244097_100273_57	-	;ID=3300029475.a:Ga0244097_100273_57
57	TF	2	1	CGC1	3300029475.a:Ga0244097_100273	59992	61251	3300029475.a:Ga0244097_100273_58	-	DB=DBD-Pfam|TrmB,DBD-SUPERFAMILY|0040266;ID=3300029475.a:Ga0244097_100273_58	DB=DBD-Pfam|TrmB,DBD-SUPERFAMILY|0040266;ID=3300029475.a:Ga0244097_100273_58
58	null	null	null	CGC1	3300029475.a:Ga0244097_100273	61462	62235	3300029475.a:Ga0244097_100273_59	-	;ID=3300029475.a:Ga0244097_100273_59
59	null	null	null	CGC1	3300029475.a:Ga0244097_100273	62252	63361	3300029475.a:Ga0244097_100273_60	-	;ID=3300029475.a:Ga0244097_100273_60
60	TC	0	2	CGC1	3300029475.a:Ga0244097_100273	63629	65014	3300029475.a:Ga0244097_100273_61	-	DB=gnl|TC-DB|Q45121|1.A.26.1.1;ID=3300029475.a:Ga0244097_100273_61	DB=gnl|TC-DB|Q45121|1.A.26.1.1;ID=3300029475.a:Ga0244097_100273_61
61	CAZyme	0	0	CGC1	3300029475.a:Ga0244097_100273	65352	66413	3300029475.a:Ga0244097_100273_62	-	DB= GH170|GH170;ID=3300029475.a:Ga0244097_100273_62	DB= GH170|GH170;ID=3300029475.a:Ga0244097_100273_62
62	TC	0	0	CGC1	3300029475.a:Ga0244097_100273	66413	67822	3300029475.a:Ga0244097_100273_63	-	DB=gnl|TC-DB|P77272|4.A.1.2.7;ID=3300029475.a:Ga0244097_100273_63	DB=gnl|TC-DB|P77272|4.A.1.2.7;ID=3300029475.a:Ga0244097_100273_63
63	STP	0	0	CGC1	3300029475.a:Ga0244097_100273	67812	68651	3300029475.a:Ga0244097_100273_64	-	DB=STP|SIS;ID=3300029475.a:Ga0244097_100273_64	DB=STP|SIS;ID=3300029475.a:Ga0244097_100273_64
64	CAZyme	0	0	CGC1	3300029475.a:Ga0244097_100273	68728	69870	3300029475.a:Ga0244097_100273_65	+	DB=CE9| CE9;ID=3300029475.a:Ga0244097_100273_65	DB=CE9| CE9;ID=3300029475.a:Ga0244097_100273_65
65	TF	1	0	CGC1	3300029475.a:Ga0244097_100273	69977	70684	3300029475.a:Ga0244097_100273_66	+	DB=DBD-Pfam|HTH_3,DBD-SUPERFAMILY|0043707;ID=3300029475.a:Ga0244097_100273_66	DB=DBD-Pfam|HTH_3,DBD-SUPERFAMILY|0043707;ID=3300029475.a:Ga0244097_100273_66
66	null	null	null	CGC1	3300029475.a:Ga0244097_100273	70874	71245	3300029475.a:Ga0244097_100273_67	-	;ID=3300029475.a:Ga0244097_100273_67
67	STP	null	1	CGC1	3300029475.a:Ga0244097_100273	71259	72479	3300029475.a:Ga0244097_100273_68	-	DB=STP|Aminotran_1_2;ID=3300029475.a:Ga0244097_100273_68	DB=STP|Aminotran_1_2;ID=3300029475.a:Ga0244097_100273_68
+++++
