PTS_EIIC	324	3300029815.a:Ga0244882_1000009_10	667	1.1e-16	2	324	137	433	0.9938271604938271
Crp	32	3300029815.a:Ga0244882_1000009_107	228	9.8e-09	1	32	172	204	0.96875
HTH_6	77	3300029815.a:Ga0244882_1000009_11	289	8.8e-20	12	76	18	82	0.8311688311688312
SIS	131	3300029815.a:Ga0244882_1000009_11	289	1.2e-15	2	118	132	249	0.8854961832061069
HTH_5	47	3300029815.a:Ga0244882_1000009_111	120	3.4e-18	1	46	44	89	0.9574468085106383
HMA	62	3300029815.a:Ga0244882_1000009_112	73	2.7e-14	1	57	4	58	0.9032258064516129
Aminotran_1_2	363	3300029815.a:Ga0244882_1000009_115	421	1.5e-09	49	350	79	368	0.8292011019283747
TPR_2	34	3300029815.a:Ga0244882_1000009_125	325	8.5e-06	3	32	84	113	0.8529411764705882
T2SSE	273	3300029815.a:Ga0244882_1000009_128	405	7.5e-06	66	162	137	235	0.3516483516483517
Citrate_synt	361	3300029815.a:Ga0244882_1000009_134	483	2.2e-111	3	361	65	457	0.9916897506925207
ACT	67	3300029815.a:Ga0244882_1000009_135	96	8.7e-13	2	56	10	60	0.8059701492537313
Arg_repressor	70	3300029815.a:Ga0244882_1000009_143	146	2.2e-20	2	67	4	65	0.9285714285714286
FHA	69	3300029815.a:Ga0244882_1000009_166	382	1.1e-13	1	68	307	371	0.9710144927536232
FHA	69	3300029815.a:Ga0244882_1000009_188	1448	1.7e-17	2	68	28	92	0.9565217391304348
Pkinase	264	3300029815.a:Ga0244882_1000009_192	578	1.7e-47	1	198	23	233	0.7462121212121212
SBP_bac_3	225	3300029815.a:Ga0244882_1000009_21	277	1.5e-61	2	222	54	273	0.9777777777777777
HTH_3	55	3300029815.a:Ga0244882_1000009_23	313	1.1e-15	3	54	9	60	0.9272727272727272
FeoA	74	3300029815.a:Ga0244882_1000009_241	787	7.7e-15	1	71	1	71	0.9459459459459459
HTH_5	47	3300029815.a:Ga0244882_1000009_244	93	3.4e-18	1	46	11	56	0.9574468085106383
HisKA	64	3300029815.a:Ga0244882_1000009_254	362	4.6e-07	2	54	290	346	0.8125
Response_reg	112	3300029815.a:Ga0244882_1000009_255	231	6.3e-28	1	112	3	113	0.9910714285714286
Trans_reg_C	77	3300029815.a:Ga0244882_1000009_255	231	2.4e-20	4	77	151	223	0.948051948051948
MerR	38	3300029815.a:Ga0244882_1000009_256	284	1.5e-18	3	38	4	39	0.9210526315789473
PadR	75	3300029815.a:Ga0244882_1000009_263	117	2.5e-24	1	73	19	91	0.96
AAA	132	3300029815.a:Ga0244882_1000009_276	877	1.4e-15	2	111	228	340	0.8257575757575758
AAA	132	3300029815.a:Ga0244882_1000009_276	877	6.8e-11	2	111	565	683	0.8257575757575758
GntR	64	3300029815.a:Ga0244882_1000009_279	217	2.3e-21	1	64	8	70	0.984375
PadR	75	3300029815.a:Ga0244882_1000009_282	131	3.7e-23	1	74	15	86	0.9733333333333334
Fer4	24	3300029815.a:Ga0244882_1000009_301	266	4e-07	2	24	221	243	0.9166666666666666
BTAD	146	3300029815.a:Ga0244882_1000009_307	924	1.2e-12	35	145	802	913	0.7534246575342466
FUR	120	3300029815.a:Ga0244882_1000009_32	139	7.3e-27	5	118	13	124	0.9416666666666667
HTH_3	55	3300029815.a:Ga0244882_1000009_324	255	1.3e-14	1	54	57	110	0.9636363636363636
HTH_3	55	3300029815.a:Ga0244882_1000009_325	202	1.1e-15	1	55	11	65	0.9818181818181818
Fer4	24	3300029815.a:Ga0244882_1000009_331	448	5e-07	4	19	361	376	0.625
Fer4	24	3300029815.a:Ga0244882_1000009_334	422	3.1e-06	10	24	68	82	0.5833333333333334
Fer4	24	3300029815.a:Ga0244882_1000009_334	422	4.5e-07	6	23	92	109	0.7083333333333334
Fer4	24	3300029815.a:Ga0244882_1000009_334	422	1.7e-08	1	22	315	336	0.875
Fer4	24	3300029815.a:Ga0244882_1000009_334	422	3.3e-07	3	23	347	367	0.8333333333333334
PfkB	302	3300029815.a:Ga0244882_1000009_47	317	2.7e-43	1	297	1	305	0.9801324503311258
Pyr_redox_2	292	3300029815.a:Ga0244882_1000009_5	566	1.2e-62	2	277	2	293	0.9417808219178082
Rhodanese	107	3300029815.a:Ga0244882_1000009_5	566	4.7e-08	4	101	459	541	0.9065420560747663
SIS	131	3300029815.a:Ga0244882_1000009_55	354	3.7e-05	30	91	68	131	0.46564885496183206
GntR	64	3300029815.a:Ga0244882_1000009_56	263	1.1e-19	2	64	36	98	0.96875
GntR	64	3300029815.a:Ga0244882_1000009_57	257	4.6e-17	3	64	12	73	0.953125
SIS	131	3300029815.a:Ga0244882_1000009_59	373	3.1e-08	6	129	46	168	0.9389312977099237
GntR	64	3300029815.a:Ga0244882_1000009_64	253	6.4e-20	1	64	13	76	0.984375
HMA	62	3300029815.a:Ga0244882_1000009_76	785	5.1e-16	1	61	5	65	0.967741935483871
HMA	62	3300029815.a:Ga0244882_1000009_77	74	1.1e-13	5	60	8	62	0.8870967741935484
Aminotran_1_2	363	3300029815.a:Ga0244882_1000009_8	389	2.1e-56	3	363	32	381	0.9917355371900827
TetR_N	47	3300029815.a:Ga0244882_1000009_86	242	1e-11	6	46	44	84	0.851063829787234
PfkB	302	3300029815.a:Ga0244882_1000009_9	356	3.6e-40	13	296	40	320	0.9370860927152318
MerR	38	3300029815.a:Ga0244882_1000009_91	256	4.8e-19	2	38	9	44	0.9473684210526315
Sigma70_r4	50	3300029815.a:Ga0244882_1000037_112	144	7e-06	21	45	86	110	0.48
cNMP_binding	88	3300029815.a:Ga0244882_1000037_122	226	3.3e-05	2	45	108	153	0.48863636363636365
AAA	132	3300029815.a:Ga0244882_1000037_14	227	2.9e-05	5	74	7	88	0.5227272727272727
HTH_3	55	3300029815.a:Ga0244882_1000037_142	70	4.7e-10	3	55	9	62	0.9454545454545454
EPSP_synthase	417	3300029815.a:Ga0244882_1000037_146	439	4.3e-94	4	415	7	424	0.9856115107913669
SKI	158	3300029815.a:Ga0244882_1000037_148	502	1.9e-34	1	149	350	488	0.9367088607594937
SKI	158	3300029815.a:Ga0244882_1000037_176	178	8.4e-40	2	153	19	167	0.9556962025316456
Sigma70_r2	71	3300029815.a:Ga0244882_1000037_182	262	4.8e-21	1	70	35	104	0.971830985915493
Sigma70_r3	78	3300029815.a:Ga0244882_1000037_182	262	5.7e-16	1	64	114	177	0.8076923076923077
Sigma70_r4	50	3300029815.a:Ga0244882_1000037_182	262	2e-17	1	49	202	250	0.96
AAA	132	3300029815.a:Ga0244882_1000037_185	442	4.3e-19	1	124	56	163	0.9318181818181818
HD	122	3300029815.a:Ga0244882_1000037_186	413	7.3e-12	4	120	101	241	0.9508196721311475
GyrI-like	155	3300029815.a:Ga0244882_1000037_2	211	7.9e-33	2	154	18	205	0.9806451612903225
Pribosyltran	159	3300029815.a:Ga0244882_1000037_208	193	6.1e-23	7	155	10	163	0.9308176100628931
Sigma70_r2	71	3300029815.a:Ga0244882_1000037_210	449	7.4e-25	1	70	213	282	0.971830985915493
Sigma70_r3	78	3300029815.a:Ga0244882_1000037_210	449	3.1e-31	1	77	292	368	0.9743589743589743
Sigma70_r4	50	3300029815.a:Ga0244882_1000037_210	449	6.1e-22	1	50	381	434	0.98
CBS	57	3300029815.a:Ga0244882_1000037_222	504	1.7e-07	11	50	109	151	0.6842105263157895
CBS	57	3300029815.a:Ga0244882_1000037_222	504	5.8e-08	1	50	163	214	0.8596491228070176
HTH_1	60	3300029815.a:Ga0244882_1000037_223	110	9.1e-17	6	60	29	84	0.9
Pyr_redox_2	292	3300029815.a:Ga0244882_1000037_229	432	6.8e-39	1	287	9	314	0.9794520547945206
AAA	132	3300029815.a:Ga0244882_1000037_235	469	1.3e-16	1	110	164	291	0.8257575757575758
FHA	69	3300029815.a:Ga0244882_1000037_27	137	2.4e-18	1	69	55	118	0.9855072463768116
MerR	38	3300029815.a:Ga0244882_1000037_28	299	2.4e-11	2	38	12	52	0.9473684210526315
Pribosyltran	159	3300029815.a:Ga0244882_1000037_29	178	2.9e-13	19	124	43	151	0.660377358490566
Pyr_redox_2	292	3300029815.a:Ga0244882_1000037_31	314	1.6e-43	2	292	8	297	0.9931506849315068
LexA_DNA_bind	65	3300029815.a:Ga0244882_1000037_37	213	2e-26	2	65	3	66	0.9692307692307692
HATPase_c	111	3300029815.a:Ga0244882_1000037_42	363	2.6e-07	2	109	46	154	0.963963963963964
HD	122	3300029815.a:Ga0244882_1000037_43	520	5e-19	2	121	336	427	0.9754098360655737
TetR_N	47	3300029815.a:Ga0244882_1000037_5	208	4.5e-20	1	47	14	61	0.9787234042553191
HD	122	3300029815.a:Ga0244882_1000037_65	201	3.2e-12	1	120	28	141	0.9754098360655737
TPR_2	34	3300029815.a:Ga0244882_1000037_78	473	1.8e-05	6	29	41	64	0.6764705882352942
TPR_1	34	3300029815.a:Ga0244882_1000037_78	473	6.3e-05	3	29	146	172	0.7647058823529411
Pkinase	264	3300029815.a:Ga0244882_1000130_10	634	7.9e-19	9	202	88	326	0.7310606060606061
FeoA	74	3300029815.a:Ga0244882_1000130_100	78	5.6e-17	1	71	8	75	0.9459459459459459
FHA	69	3300029815.a:Ga0244882_1000130_11	325	2.7e-10	16	69	246	308	0.7681159420289855
Fer4	24	3300029815.a:Ga0244882_1000130_13	1182	4.7e-08	2	23	694	715	0.875
Fer4	24	3300029815.a:Ga0244882_1000130_13	1182	2.4e-06	3	24	751	772	0.875
GerE	57	3300029815.a:Ga0244882_1000130_15	322	8.4e-14	3	55	264	316	0.9122807017543859
FHA	69	3300029815.a:Ga0244882_1000130_2	138	9e-20	1	69	64	128	0.9855072463768116
HATPase_c	111	3300029815.a:Ga0244882_1000130_23	496	2.1e-09	10	107	345	479	0.8738738738738738
Response_reg	112	3300029815.a:Ga0244882_1000130_24	246	3.6e-25	1	111	8	117	0.9821428571428571
LytTR	98	3300029815.a:Ga0244882_1000130_24	246	1.2e-24	4	97	147	242	0.9489795918367347
CBS	57	3300029815.a:Ga0244882_1000130_26	486	1.4e-08	2	52	216	269	0.8771929824561403
CBS	57	3300029815.a:Ga0244882_1000130_26	486	2.4e-06	1	56	281	335	0.9649122807017544
FHA	69	3300029815.a:Ga0244882_1000130_3	330	4.6e-22	2	69	258	321	0.9710144927536232
AAA	132	3300029815.a:Ga0244882_1000130_35	1142	3.5e-05	3	56	351	407	0.4015151515151515
AAA	132	3300029815.a:Ga0244882_1000130_36	557	3.4e-11	2	82	61	140	0.6060606060606061
Pkinase	264	3300029815.a:Ga0244882_1000130_4	622	1.1e-48	9	212	45	254	0.7689393939393939
Rhodanese	107	3300029815.a:Ga0244882_1000130_43	159	1.4e-18	2	104	63	152	0.9532710280373832
HATPase_c	111	3300029815.a:Ga0244882_1000130_52	702	7.9e-09	7	110	75	220	0.9279279279279279
GyrI-like	155	3300029815.a:Ga0244882_1000130_56	212	1.6e-28	5	153	21	207	0.9548387096774194
GntR	64	3300029815.a:Ga0244882_1000130_59	253	5e-22	1	64	12	75	0.984375
AAA	132	3300029815.a:Ga0244882_1000130_6	823	2.5e-14	2	126	40	179	0.9393939393939394
MarR	59	3300029815.a:Ga0244882_1000130_69	146	2e-15	4	58	35	89	0.9152542372881356
TrmB	68	3300029815.a:Ga0244882_1000130_87	914	3e-06	22	62	38	78	0.5882352941176471
HTH_3	55	3300029815.a:Ga0244882_1000130_92	70	4.7e-11	3	51	15	63	0.8727272727272727
Trans_reg_C	77	3300029815.a:Ga0244882_1000130_94	221	6.1e-24	1	77	144	218	0.987012987012987
FeoA	74	3300029815.a:Ga0244882_1000130_99	74	1.8e-18	2	72	3	72	0.9459459459459459
Pyr_redox_2	292	3300029815.a:Ga0244882_1000180_17	650	1.4e-29	1	250	382	623	0.8527397260273972
Nitroreductase	170	3300029815.a:Ga0244882_1000180_22	264	3.5e-23	1	169	12	179	0.9882352941176471
GntR	64	3300029815.a:Ga0244882_1000180_27	126	1.9e-16	2	64	14	76	0.96875
Pribosyltran	159	3300029815.a:Ga0244882_1000180_34	550	2.3e-10	29	120	335	433	0.5723270440251572
PfkB	302	3300029815.a:Ga0244882_1000180_38	289	3.2e-11	154	282	114	252	0.423841059602649
HTH_1	60	3300029815.a:Ga0244882_1000180_4	313	4e-20	5	59	7	61	0.9
LysR_substrate	209	3300029815.a:Ga0244882_1000180_4	313	4.2e-39	5	205	94	309	0.9569377990430622
NUDIX	131	3300029815.a:Ga0244882_1000180_41	215	9e-22	4	116	78	189	0.8549618320610687
SIS	131	3300029815.a:Ga0244882_1000180_5	647	8.3e-33	5	130	329	453	0.9541984732824428
SIS	131	3300029815.a:Ga0244882_1000180_5	647	1.2e-24	4	130	501	628	0.9618320610687023
LacI	46	3300029815.a:Ga0244882_1000180_6	356	1.1e-13	1	46	8	53	0.9782608695652174
Peripla_BP_3	164	3300029815.a:Ga0244882_1000180_6	356	2.9e-19	2	164	172	336	0.9878048780487805
CbiA	128	3300029815.a:Ga0244882_1000180_65	267	6.2e-29	1	128	18	242	0.9921875
HATPase_c	111	3300029815.a:Ga0244882_1000180_70	474	5.3e-13	9	109	93	190	0.9009009009009009
HATPase_c	111	3300029815.a:Ga0244882_1000180_75	675	4.5e-27	3	110	34	175	0.963963963963964
LacI	46	3300029815.a:Ga0244882_1000182_10	335	3.2e-15	1	46	3	47	0.9782608695652174
Peripla_BP_3	164	3300029815.a:Ga0244882_1000182_10	335	5.1e-23	2	147	168	310	0.8841463414634146
PTS_EIIC	324	3300029815.a:Ga0244882_1000182_15	481	2.7e-56	1	324	33	397	0.9969135802469136
SBP_bac_3	225	3300029815.a:Ga0244882_1000182_26	307	1.4e-32	21	212	101	291	0.8488888888888889
HTH_3	55	3300029815.a:Ga0244882_1000182_38	218	4.8e-18	1	55	10	64	0.9818181818181818
SBP_bac_1	315	3300029815.a:Ga0244882_1000182_5	311	1.5e-08	8	314	56	282	0.9714285714285714
PglZ	176	3300029815.a:Ga0244882_1000182_60	865	1.7e-45	1	175	467	647	0.9886363636363636
AAA	132	3300029815.a:Ga0244882_1000182_62	356	1.1e-20	1	130	78	201	0.9772727272727273
Trp_repressor	88	3300029815.a:Ga0244882_1000182_70	109	4.4e-22	3	85	22	103	0.9318181818181818
Rrf2	83	3300029815.a:Ga0244882_1000182_73	147	5.3e-27	1	82	1	82	0.9759036144578314
PALP	294	3300029815.a:Ga0244882_1000182_74	312	1.4e-70	4	294	11	299	0.9863945578231292
HTH_3	55	3300029815.a:Ga0244882_1000182_87	82	1.7e-09	7	54	13	61	0.8545454545454545
HD	122	3300029815.a:Ga0244882_1000182_96	175	7.8e-14	4	121	36	150	0.9590163934426229
Response_reg	112	3300029815.a:Ga0244882_1000218_10	240	1.9e-31	1	112	8	117	0.9910714285714286
Trans_reg_C	77	3300029815.a:Ga0244882_1000218_10	240	5.3e-28	1	77	152	228	0.987012987012987
HisKA	64	3300029815.a:Ga0244882_1000218_11	503	2.6e-18	3	63	269	330	0.9375
HATPase_c	111	3300029815.a:Ga0244882_1000218_11	503	2.8e-28	2	110	380	490	0.972972972972973
Pyr_redox_2	292	3300029815.a:Ga0244882_1000218_24	469	1.5e-34	1	291	147	453	0.9931506849315068
Pribosyltran	159	3300029815.a:Ga0244882_1000218_28	329	1.3e-12	26	124	173	263	0.6163522012578616
MarR	59	3300029815.a:Ga0244882_1000218_43	164	1.2e-14	5	58	54	108	0.8983050847457628
Fer4	24	3300029815.a:Ga0244882_1000218_5	242	5.7e-10	2	20	155	173	0.75
Fer4	24	3300029815.a:Ga0244882_1000218_5	242	9.3e-09	6	24	186	204	0.75
HTH_3	55	3300029815.a:Ga0244882_1000218_52	103	5.7e-11	3	53	17	67	0.9090909090909091
Aminotran_1_2	363	3300029815.a:Ga0244882_1000218_53	406	1.2e-34	19	363	54	398	0.9476584022038568
Pribosyltran	159	3300029815.a:Ga0244882_1000218_57	216	1.6e-13	27	136	74	179	0.6855345911949685
EPSP_synthase	417	3300029815.a:Ga0244882_1000218_67	428	3.5e-98	2	417	7	409	0.9952038369304557
Fe_dep_repress	60	3300029815.a:Ga0244882_1000218_70	143	1.1e-10	1	58	11	73	0.95
Fe_dep_repr_C	70	3300029815.a:Ga0244882_1000218_70	143	1e-19	1	56	78	133	0.7857142857142857
Fer4	24	3300029815.a:Ga0244882_1000381_11	411	2.3e-06	2	22	207	227	0.8333333333333334
Fer4	24	3300029815.a:Ga0244882_1000381_11	411	1.2e-07	2	24	250	272	0.9166666666666666
ATPase_2	233	3300029815.a:Ga0244882_1000381_13	244	4.5e-05	13	167	25	197	0.6609442060085837
SBP_bac_3	225	3300029815.a:Ga0244882_1000381_14	317	3e-34	1	223	84	314	0.9866666666666667
HTH_11	55	3300029815.a:Ga0244882_1000381_22	612	1.2e-09	1	53	6	64	0.9454545454545454
Pribosyltran	159	3300029815.a:Ga0244882_1000381_26	183	1.7e-26	5	158	12	163	0.9622641509433962
AAA	132	3300029815.a:Ga0244882_1000381_27	748	5.9e-49	1	131	250	382	0.9848484848484849
SBP_bac_3	225	3300029815.a:Ga0244882_1000381_33	316	3.1e-53	1	223	84	303	0.9866666666666667
TPR_2	34	3300029815.a:Ga0244882_1000381_36	795	6.4e-05	4	33	602	631	0.8529411764705882
Pribosyltran	159	3300029815.a:Ga0244882_1000399_10	204	7.1e-12	38	119	105	194	0.5094339622641509
STAS	117	3300029815.a:Ga0244882_1000399_17	105	1.8e-16	10	105	11	99	0.811965811965812
TPR_1	34	3300029815.a:Ga0244882_1000399_18	266	4.5e-07	1	28	214	241	0.7941176470588235
Aminotran_1_2	363	3300029815.a:Ga0244882_1000399_19	435	4.5e-15	36	362	68	416	0.8980716253443526
HATPase_c	111	3300029815.a:Ga0244882_1000399_23	675	1.7e-13	1	109	22	175	0.972972972972973
HisKA	64	3300029815.a:Ga0244882_1000399_28	476	2.2e-18	1	63	233	299	0.96875
HATPase_c	111	3300029815.a:Ga0244882_1000399_28	476	2.6e-21	5	109	357	469	0.9369369369369369
Response_reg	112	3300029815.a:Ga0244882_1000399_29	238	4.4e-23	2	110	3	112	0.9642857142857143
Trans_reg_C	77	3300029815.a:Ga0244882_1000399_29	238	3.3e-29	1	77	149	222	0.987012987012987
HisKA	64	3300029815.a:Ga0244882_1000399_31	459	3.4e-14	2	61	238	301	0.921875
HATPase_c	111	3300029815.a:Ga0244882_1000399_31	459	8.9e-20	3	108	351	457	0.9459459459459459
Response_reg	112	3300029815.a:Ga0244882_1000399_32	238	2.2e-29	1	110	6	113	0.9732142857142857
Trans_reg_C	77	3300029815.a:Ga0244882_1000399_32	238	5.2e-26	2	76	159	234	0.961038961038961
T2SSE	273	3300029815.a:Ga0244882_1000399_49	456	8.7e-72	3	271	106	382	0.9816849816849816
CbiA	128	3300029815.a:Ga0244882_1000399_50	497	1.8e-12	1	87	222	399	0.671875
GntR	64	3300029815.a:Ga0244882_1000399_52	240	2.5e-22	1	64	8	71	0.984375
Pyr_redox	81	3300029815.a:Ga0244882_1000399_54	348	5.6e-05	2	35	170	203	0.4074074074074074
SBP_bac_3	225	3300029815.a:Ga0244882_1000399_9	320	9.7e-28	1	224	60	273	0.9911111111111112
HTH_11	55	3300029815.a:Ga0244882_1000400_17	650	5.9e-07	5	54	8	59	0.8909090909090909
Mga	87	3300029815.a:Ga0244882_1000400_17	650	2.8e-09	14	84	89	162	0.8045977011494253
PTS_EIIC	324	3300029815.a:Ga0244882_1000400_20	435	1.4e-37	1	323	33	352	0.9938271604938271
Pyr_redox_2	292	3300029815.a:Ga0244882_1000400_28	468	1.4e-49	2	292	9	324	0.9931506849315068
GntR	64	3300029815.a:Ga0244882_1000400_41	244	1.3e-18	1	64	10	72	0.984375
SIS	131	3300029815.a:Ga0244882_1000400_42	388	2.1e-10	7	124	58	187	0.8931297709923665
HTH_DeoR	57	3300029815.a:Ga0244882_1000400_44	254	1.1e-17	1	53	6	58	0.9122807017543859
DeoRC	160	3300029815.a:Ga0244882_1000400_44	254	4.4e-49	4	159	79	232	0.96875
HTH_DeoR	57	3300029815.a:Ga0244882_1000400_45	255	4.6e-24	1	56	5	60	0.9649122807017544
DeoRC	160	3300029815.a:Ga0244882_1000400_45	255	5.8e-34	2	156	79	231	0.9625
PfkB	302	3300029815.a:Ga0244882_1000400_58	312	1.5e-52	31	296	30	292	0.8774834437086093
HTH_DeoR	57	3300029815.a:Ga0244882_1000400_59	270	3.7e-18	1	57	13	69	0.9824561403508771
DeoRC	160	3300029815.a:Ga0244882_1000400_59	270	7.7e-42	2	160	82	241	0.9875
NUDIX	131	3300029815.a:Ga0244882_1000400_6	277	9.9e-20	3	117	5	113	0.8702290076335878
TetR_N	47	3300029815.a:Ga0244882_1000416_24	189	8.4e-10	1	45	12	56	0.9361702127659575
AAA	132	3300029815.a:Ga0244882_1000416_28	631	3.5e-05	1	98	421	580	0.7348484848484849
PTS_EIIC	324	3300029815.a:Ga0244882_1000416_3	534	2.9e-45	2	324	14	351	0.9938271604938271
HATPase_c	111	3300029815.a:Ga0244882_1000416_32	460	1.3e-13	9	110	342	452	0.9099099099099099
Response_reg	112	3300029815.a:Ga0244882_1000416_33	243	7.2e-25	2	111	5	113	0.9732142857142857
LytTR	98	3300029815.a:Ga0244882_1000416_33	243	7.3e-25	3	97	145	240	0.9591836734693877
Rrf2	83	3300029815.a:Ga0244882_1000416_35	161	1.2e-22	1	83	1	82	0.9879518072289156
HhH-GPD	108	3300029815.a:Ga0244882_1000416_36	308	1.4e-11	2	82	35	143	0.7407407407407407
HhH-GPD	108	3300029815.a:Ga0244882_1000416_41	221	2.3e-25	1	105	41	177	0.9629629629629629
ATPase_2	233	3300029815.a:Ga0244882_1000416_46	475	4.9e-22	1	232	2	204	0.9914163090128756
HTH_IclR	52	3300029815.a:Ga0244882_1000416_46	475	3e-08	8	50	247	287	0.8076923076923077
Response_reg	112	3300029815.a:Ga0244882_1000416_5	254	1.8e-27	2	110	4	111	0.9642857142857143
Trans_reg_C	77	3300029815.a:Ga0244882_1000416_5	254	2.6e-23	4	76	177	249	0.935064935064935
Glucokinase	316	3300029815.a:Ga0244882_1000416_53	321	3.2e-08	4	313	12	312	0.9778481012658228
HisKA	64	3300029815.a:Ga0244882_1000416_6	647	4.9e-09	1	62	396	461	0.953125
HATPase_c	111	3300029815.a:Ga0244882_1000416_6	647	1.1e-12	6	109	539	638	0.9279279279279279
HTH_5	47	3300029815.a:Ga0244882_1000469_15	233	9.6e-18	1	46	148	194	0.9574468085106383
Nitro_FeMo-Co	95	3300029815.a:Ga0244882_1000469_17	121	3.4e-17	4	93	16	104	0.9368421052631579
HD	122	3300029815.a:Ga0244882_1000469_36	798	3.2e-12	1	122	89	188	0.9918032786885246
ACT	67	3300029815.a:Ga0244882_1000469_36	798	2.4e-10	2	65	712	775	0.9402985074626866
HTH_11	55	3300029815.a:Ga0244882_1000469_38	639	2.1e-07	4	54	8	60	0.9090909090909091
Mga	87	3300029815.a:Ga0244882_1000469_38	639	1.2e-07	15	86	91	165	0.8160919540229885
PTS_EIIC	324	3300029815.a:Ga0244882_1000469_41	430	5.3e-37	2	323	29	354	0.9907407407407407
SBP_bac_5	377	3300029815.a:Ga0244882_1000474_16	537	1.3e-65	6	374	100	442	0.9761273209549072
SBP_bac_5	377	3300029815.a:Ga0244882_1000474_32	555	7.5e-86	3	376	90	476	0.9893899204244032
SBP_bac_5	377	3300029815.a:Ga0244882_1000474_37	575	2.3e-38	2	353	82	472	0.9310344827586207
PAS	113	3300029815.a:Ga0244882_1000474_38	768	1.1e-05	2	95	11	101	0.8230088495575221
GAF	133	3300029815.a:Ga0244882_1000474_38	768	3.6e-09	1	133	162	312	0.9924812030075187
SpoIIE	193	3300029815.a:Ga0244882_1000474_38	768	1.1e-48	1	192	571	764	0.9896373056994818
STAS	117	3300029815.a:Ga0244882_1000474_39	243	4.9e-12	7	105	4	93	0.8376068376068376
Pyr_redox_2	292	3300029815.a:Ga0244882_1000474_5	553	3.6e-08	4	117	112	290	0.386986301369863
CbiA	128	3300029815.a:Ga0244882_1000474_7	281	1.4e-12	1	84	30	200	0.6484375
Nitroreductase	170	3300029815.a:Ga0244882_1000484_42	178	2.2e-24	2	170	8	152	0.9882352941176471
SBP_bac_1	315	3300029815.a:Ga0244882_1000484_49	294	2.8e-07	4	312	63	278	0.9777777777777777
Aminotran_1_2	363	3300029815.a:Ga0244882_1000484_9	375	4.5e-40	38	348	56	351	0.8539944903581267
HisKA	64	3300029815.a:Ga0244882_1000531_10	306	1.4e-09	6	58	92	146	0.8125
HATPase_c	111	3300029815.a:Ga0244882_1000531_10	306	3.8e-12	2	94	199	289	0.8288288288288288
Response_reg	112	3300029815.a:Ga0244882_1000531_14	246	2.7e-25	1	111	5	118	0.9821428571428571
Trans_reg_C	77	3300029815.a:Ga0244882_1000531_14	246	5.1e-25	2	77	166	240	0.974025974025974
HTH_3	55	3300029815.a:Ga0244882_1000531_2	156	5.4e-18	1	53	8	60	0.9454545454545454
SBP_bac_3	225	3300029815.a:Ga0244882_1000531_30	330	3.7e-42	2	218	93	307	0.96
ACT	67	3300029815.a:Ga0244882_1000531_39	455	1.2e-06	8	61	383	430	0.7910447761194029
HTH_3	55	3300029815.a:Ga0244882_1000531_4	34	1.1e-07	1	28	6	33	0.4909090909090909
PALP	294	3300029815.a:Ga0244882_1000531_40	504	1.2e-19	7	289	88	428	0.9591836734693877
HTH_3	55	3300029815.a:Ga0244882_1000531_6	358	2.1e-15	3	55	9	61	0.9454545454545454
HTH_3	55	3300029815.a:Ga0244882_1000531_7	207	1e-16	1	55	7	61	0.9818181818181818
HTH_3	55	3300029815.a:Ga0244882_1000531_9	207	1.6e-16	1	54	7	60	0.9636363636363636
Rrf2	83	3300029815.a:Ga0244882_1000626_10	164	1.2e-20	17	82	39	103	0.7831325301204819
HD	122	3300029815.a:Ga0244882_1000626_32	200	1.4e-05	2	95	27	104	0.7622950819672131
GerE	57	3300029815.a:Ga0244882_1000626_41	713	5.4e-11	3	50	309	356	0.8245614035087719
GerE	57	3300029815.a:Ga0244882_1000626_41	713	1.2e-08	3	56	652	705	0.9298245614035088
CbiA	128	3300029815.a:Ga0244882_1000766_14	494	2.7e-07	9	88	112	254	0.6171875
AAA	132	3300029815.a:Ga0244882_1000766_21	636	1.7e-48	2	131	222	353	0.9772727272727273
Pyr_redox	81	3300029815.a:Ga0244882_1000766_28	447	3.4e-06	1	32	5	36	0.38271604938271603
Sigma70_r2	71	3300029815.a:Ga0244882_1000766_42	172	2.6e-19	1	68	16	81	0.9436619718309859
Sigma70_r4_2	54	3300029815.a:Ga0244882_1000766_42	172	6.5e-11	3	51	109	157	0.8888888888888888
Pribosyltran	159	3300029815.a:Ga0244882_1000837_16	228	9e-14	4	125	39	166	0.7610062893081762
Fer4	24	3300029815.a:Ga0244882_1000837_21	932	7.8e-09	5	23	316	334	0.75
Pyr_redox_2	292	3300029815.a:Ga0244882_1000837_21	932	7e-29	2	292	483	785	0.9931506849315068
Fer4	24	3300029815.a:Ga0244882_1000837_21	932	2.9e-07	2	23	869	890	0.875
TetR_N	47	3300029815.a:Ga0244882_1000837_23	211	3.5e-12	1	47	21	67	0.9787234042553191
TetR_N	47	3300029815.a:Ga0244882_1000837_27	203	1.5e-07	2	44	13	55	0.8936170212765957
CBS	57	3300029815.a:Ga0244882_1000837_31	631	7.6e-06	1	52	291	347	0.8947368421052632
CBS	57	3300029815.a:Ga0244882_1000837_31	631	6.2e-08	2	56	356	410	0.9473684210526315
Fer4	24	3300029815.a:Ga0244882_1000837_4	62	3.1e-10	1	23	4	26	0.9166666666666666
Fer4	24	3300029815.a:Ga0244882_1000837_4	62	1.3e-10	3	24	35	56	0.875
HTH_11	55	3300029815.a:Ga0244882_1000837_7	184	1.3e-15	1	54	8	60	0.9636363636363636
HTH_1	60	3300029815.a:Ga0244882_1001084_14	300	1.3e-20	1	60	3	62	0.9833333333333333
LysR_substrate	209	3300029815.a:Ga0244882_1001084_14	300	1.3e-18	35	207	118	297	0.8229665071770335
PadR	75	3300029815.a:Ga0244882_1001084_22	105	2.9e-19	1	75	14	83	0.9866666666666667
HTH_3	55	3300029815.a:Ga0244882_1001084_23	277	7.1e-18	1	55	7	61	0.9818181818181818
Sigma70_r2	71	3300029815.a:Ga0244882_1001084_25	199	3.5e-16	1	69	38	104	0.9577464788732394
Sigma70_r4_2	54	3300029815.a:Ga0244882_1001084_25	199	4.3e-16	4	54	135	185	0.9259259259259259
Response_reg	112	3300029815.a:Ga0244882_1001084_3	238	1.9e-31	1	111	9	117	0.9821428571428571
Trans_reg_C	77	3300029815.a:Ga0244882_1001084_3	238	3.9e-23	1	77	155	231	0.987012987012987
HisKA	64	3300029815.a:Ga0244882_1001084_4	912	3.3e-11	3	64	683	749	0.953125
HATPase_c	111	3300029815.a:Ga0244882_1001084_4	912	1.9e-20	4	110	796	905	0.954954954954955
ACT	67	3300029815.a:Ga0244882_1001361_10	539	3.9e-08	2	65	157	218	0.9402985074626866
HisKA	64	3300029815.a:Ga0244882_1001361_7	385	6.7e-14	2	64	148	216	0.96875
HATPase_c	111	3300029815.a:Ga0244882_1001361_7	385	2.4e-17	8	96	268	363	0.7927927927927928
Response_reg	112	3300029815.a:Ga0244882_1001361_8	230	1.5e-27	1	111	5	118	0.9821428571428571
Trans_reg_C	77	3300029815.a:Ga0244882_1001361_8	230	4.2e-25	3	76	152	226	0.948051948051948
AAA	132	3300029815.a:Ga0244882_1001680_14	606	7.4e-06	2	98	393	551	0.7272727272727273
HD	122	3300029815.a:Ga0244882_1001736_1	191	4.1e-08	3	118	62	166	0.9426229508196722
Aminotran_1_2	363	3300029815.a:Ga0244882_1001736_22	480	3.9e-55	2	354	108	460	0.9696969696969697
TetR_N	47	3300029815.a:Ga0244882_1001736_8	247	1.8e-05	13	40	36	63	0.574468085106383
HTH_3	55	3300029815.a:Ga0244882_1002158_1	111	5.2e-07	7	55	33	86	0.8727272727272727
STAS	117	3300029815.a:Ga0244882_1002158_14	556	4.4e-16	7	117	445	543	0.9401709401709402
AAA	132	3300029815.a:Ga0244882_1002344_16	858	2.3e-16	2	127	201	334	0.946969696969697
AAA	132	3300029815.a:Ga0244882_1002344_16	858	3.6e-11	3	111	604	721	0.8181818181818182
MerR	38	3300029815.a:Ga0244882_1002344_18	138	1.6e-12	2	38	13	48	0.9473684210526315
LacI	46	3300029815.a:Ga0244882_1002344_4	340	7.1e-12	1	46	6	52	0.9782608695652174
Peripla_BP_3	164	3300029815.a:Ga0244882_1002344_4	340	6.9e-37	2	164	176	336	0.9878048780487805
HisKA	64	3300029815.a:Ga0244882_1002344_5	355	2.7e-05	5	63	123	187	0.90625
HATPase_c	111	3300029815.a:Ga0244882_1002344_5	355	1.7e-16	2	108	233	346	0.954954954954955
Response_reg	112	3300029815.a:Ga0244882_1002344_6	225	2e-23	1	111	4	112	0.9821428571428571
Trans_reg_C	77	3300029815.a:Ga0244882_1002344_6	225	1.6e-23	1	76	149	223	0.974025974025974
SpoIIE	193	3300029815.a:Ga0244882_1003084_1	504	5.7e-07	7	192	130	333	0.9585492227979274
Pkinase	264	3300029815.a:Ga0244882_1003084_3	644	2.2e-54	3	257	14	261	0.9621212121212122
Glycos_trans_3N	63	3300029815.a:Ga0244882_1003550_7	444	2.3e-24	2	63	5	66	0.9682539682539683
HD	122	3300029815.a:Ga0244882_1004980_1	478	1.2e-09	1	98	262	370	0.7950819672131147
SBP_bac_5	377	3300029815.a:Ga0244882_1004980_2	543	7.3e-77	2	370	89	448	0.9761273209549072
GntR	64	3300029815.a:Ga0244882_1008036_2	242	9.2e-20	2	64	6	68	0.96875
Rrf2	83	3300029815.a:Ga0244882_1008765_6	160	1.9e-23	1	83	1	83	0.9879518072289156
Nitroreductase	170	3300029815.a:Ga0244882_1008765_7	141	3.3e-06	113	170	81	135	0.3352941176470588
HisKA	64	3300029815.a:Ga0244882_1012882_1	437	2.8e-16	1	64	148	214	0.984375
HATPase_c	111	3300029815.a:Ga0244882_1012882_1	437	4e-29	1	107	261	375	0.954954954954955
dCache_1	249	3300029815.a:Ga0244882_1012882_2	329	7.5e-16	3	246	38	268	0.9759036144578314
GGDEF	161	3300029815.a:Ga0244882_1012882_4	256	5.8e-36	1	159	69	220	0.9813664596273292
