GntR	64	3300014731.a:Ga0169770_10002_108	238	6.9e-20	2	64	7	69	0.96875
LacI	46	3300014731.a:Ga0169770_10002_110	322	4.8e-22	2	46	4	48	0.9565217391304348
Mga	87	3300014731.a:Ga0169770_10002_122	497	8.8e-10	5	85	84	162	0.9195402298850575
HTH_3	55	3300014731.a:Ga0169770_10002_126	290	1.6e-12	3	55	8	59	0.9454545454545454
HTH_3	55	3300014731.a:Ga0169770_10002_144	283	8.3e-09	1	31	8	37	0.5454545454545454
Trans_reg_C	77	3300014731.a:Ga0169770_10002_156	235	4e-29	1	77	152	228	0.987012987012987
GntR	64	3300014731.a:Ga0169770_10002_187	255	1.1e-16	3	64	9	70	0.953125
TrmB	68	3300014731.a:Ga0169770_10002_189	239	8.1e-06	3	58	25	85	0.8088235294117647
HTH_DeoR	57	3300014731.a:Ga0169770_10002_219	255	4.7e-16	1	56	11	66	0.9649122807017544
DUF24	91	3300014731.a:Ga0169770_10002_229	115	2.6e-28	1	90	21	111	0.978021978021978
GntR	64	3300014731.a:Ga0169770_10002_24	236	1.1e-24	2	64	8	70	0.96875
HTH_Mga	60	3300014731.a:Ga0169770_10002_254	474	2.2e-05	17	57	22	62	0.6666666666666666
Mga	87	3300014731.a:Ga0169770_10002_254	474	3.1e-12	7	87	79	162	0.9195402298850575
LacI	46	3300014731.a:Ga0169770_10002_270	335	1.5e-17	1	44	6	51	0.9347826086956522
HTH_11	55	3300014731.a:Ga0169770_10002_305	171	3.3e-16	1	54	6	58	0.9636363636363636
HTH_3	55	3300014731.a:Ga0169770_10002_36	276	1.4e-13	1	54	8	60	0.9636363636363636
LacI	46	3300014731.a:Ga0169770_10002_381	336	1.7e-19	1	46	4	50	0.9782608695652174
GntR	64	3300014731.a:Ga0169770_10002_402	471	4.8e-13	2	64	25	87	0.96875
HTH_5	47	3300014731.a:Ga0169770_10002_407	112	4e-12	1	45	23	71	0.9361702127659575
Crp	32	3300014731.a:Ga0169770_10002_410	231	1.6e-05	3	27	180	204	0.75
Arg_repressor	70	3300014731.a:Ga0169770_10002_414	166	2.4e-20	1	62	4	65	0.8714285714285714
Arg_repressor	70	3300014731.a:Ga0169770_10002_415	160	1.9e-22	1	67	1	67	0.9428571428571428
GerE	57	3300014731.a:Ga0169770_10002_421	227	6.1e-05	19	40	199	220	0.3684210526315789
Mga	87	3300014731.a:Ga0169770_10002_426	502	1.1e-13	3	86	85	168	0.9540229885057471
Mga	87	3300014731.a:Ga0169770_10002_429	496	8.4e-13	10	87	88	166	0.8850574712643678
Mga	87	3300014731.a:Ga0169770_10002_430	495	2.4e-25	3	87	84	169	0.9655172413793104
LexA_DNA_bind	65	3300014731.a:Ga0169770_10002_45	348	9.2e-07	4	59	2	57	0.8461538461538461
HTH_1	60	3300014731.a:Ga0169770_10002_48	292	6e-19	1	60	3	62	0.9833333333333333
HTH_1	60	3300014731.a:Ga0169770_10002_49	296	1.3e-19	3	59	5	61	0.9333333333333333
GCN5L1	114	3300014731.a:Ga0169770_10002_5	149	3.8e-06	24	87	10	73	0.5526315789473685
PadR	75	3300014731.a:Ga0169770_10002_54	108	1.3e-24	1	74	15	86	0.9733333333333334
HTH_3	55	3300014731.a:Ga0169770_10002_74	161	4.3e-14	1	55	8	62	0.9818181818181818
Trans_reg_C	77	3300014731.a:Ga0169770_10002_91	240	2.4e-29	6	77	164	233	0.922077922077922
HTH_3	55	3300014731.a:Ga0169770_10003_128	108	6.5e-12	1	55	6	61	0.9818181818181818
Mga	87	3300014731.a:Ga0169770_10003_151	479	4.7e-22	4	87	82	164	0.9540229885057471
HTH_3	55	3300014731.a:Ga0169770_10003_155	184	4.6e-18	1	55	11	65	0.9818181818181818
LacI	46	3300014731.a:Ga0169770_10003_16	354	8.9e-17	1	44	3	48	0.9347826086956522
HTH_1	60	3300014731.a:Ga0169770_10003_181	120	2.6e-11	5	59	23	82	0.9
Trans_reg_C	77	3300014731.a:Ga0169770_10003_232	240	9.5e-20	1	77	161	237	0.987012987012987
HTH_DeoR	57	3300014731.a:Ga0169770_10003_237	217	2.9e-06	13	49	30	64	0.631578947368421
GntR	64	3300014731.a:Ga0169770_10003_239	211	2.6e-13	1	64	12	75	0.984375
HTH_3	55	3300014731.a:Ga0169770_10003_252	181	5e-18	1	54	7	60	0.9636363636363636
HTH_3	55	3300014731.a:Ga0169770_10003_271	240	4.1e-15	1	54	7	60	0.9636363636363636
CoiA	377	3300014731.a:Ga0169770_10003_273	393	1.6e-44	1	279	1	274	0.7374005305039788
LacI	46	3300014731.a:Ga0169770_10003_28	339	3.6e-16	1	45	4	48	0.9565217391304348
MerR	38	3300014731.a:Ga0169770_10003_3	256	3.9e-15	1	38	6	43	0.9736842105263158
Arg_repressor	70	3300014731.a:Ga0169770_10003_328	444	8.9e-05	1	43	385	426	0.6
CSD	66	3300014731.a:Ga0169770_10003_330	67	4.6e-31	2	65	3	65	0.9545454545454546
Mga	87	3300014731.a:Ga0169770_10003_351	483	1.1e-11	4	87	84	164	0.9540229885057471
FUR	120	3300014731.a:Ga0169770_10003_78	145	2e-28	2	118	18	133	0.9666666666666667
HTH_5	47	3300014731.a:Ga0169770_10003_83	96	2.6e-18	1	46	19	64	0.9574468085106383
GntR	64	3300014731.a:Ga0169770_10003_86	484	5e-20	2	64	13	75	0.96875
PadR	75	3300014731.a:Ga0169770_10003_88	111	2.7e-21	1	75	15	89	0.9866666666666667
HTH_6	77	3300014731.a:Ga0169770_10003_94	283	2.5e-24	2	74	4	76	0.935064935064935
HTH_1	60	3300014731.a:Ga0169770_10004_1	311	3.5e-22	1	59	4	62	0.9666666666666667
HTH_1	60	3300014731.a:Ga0169770_10004_100	285	2.2e-18	1	59	3	61	0.9666666666666667
LytTR	98	3300014731.a:Ga0169770_10004_106	248	2.3e-22	3	96	155	244	0.9489795918367347
HTH_Mga	60	3300014731.a:Ga0169770_10004_115	486	5.6e-06	5	54	7	55	0.8166666666666667
Mga	87	3300014731.a:Ga0169770_10004_115	486	3.2e-09	11	84	87	162	0.8390804597701149
Crp	32	3300014731.a:Ga0169770_10004_121	219	2.2e-07	3	32	167	197	0.90625
HTH_DeoR	57	3300014731.a:Ga0169770_10004_136	251	2.1e-22	1	55	6	60	0.9473684210526315
LacI	46	3300014731.a:Ga0169770_10004_162	638	2.4e-20	1	45	3	48	0.9565217391304348
Mga	87	3300014731.a:Ga0169770_10004_163	503	8.6e-10	8	87	95	177	0.9080459770114943
Mga	87	3300014731.a:Ga0169770_10004_169	489	6.9e-28	3	87	79	161	0.9655172413793104
CSD	66	3300014731.a:Ga0169770_10004_17	69	2.9e-28	2	65	3	65	0.9545454545454546
GntR	64	3300014731.a:Ga0169770_10004_175	236	2.2e-17	2	63	6	65	0.953125
CSD	66	3300014731.a:Ga0169770_10004_222	67	7e-31	2	65	3	65	0.9545454545454546
HTH_3	55	3300014731.a:Ga0169770_10004_264	59	9.4e-07	2	50	10	57	0.8727272727272727
HTH_3	55	3300014731.a:Ga0169770_10004_265	111	1.1e-09	1	55	7	59	0.9818181818181818
GntR	64	3300014731.a:Ga0169770_10004_277	234	3.1e-21	1	64	7	70	0.984375
HTH_AraC	42	3300014731.a:Ga0169770_10004_286	288	2.2e-07	1	42	12	53	0.9761904761904762
HTH_AraC	42	3300014731.a:Ga0169770_10004_286	288	5.4e-06	9	41	68	101	0.7619047619047619
LacI	46	3300014731.a:Ga0169770_10004_32	334	2.4e-21	1	46	7	52	0.9782608695652174
MerR	38	3300014731.a:Ga0169770_10004_320	128	9.4e-17	2	38	15	50	0.9473684210526315
HTH_8	42	3300014731.a:Ga0169770_10004_362	284	1.3e-07	10	42	228	260	0.7619047619047619
HTH_AraC	42	3300014731.a:Ga0169770_10004_373	494	4.5e-09	5	42	395	432	0.8809523809523809
HTH_AraC	42	3300014731.a:Ga0169770_10004_373	494	9.7e-09	8	41	447	481	0.7857142857142857
PspC	53	3300014731.a:Ga0169770_10004_42	108	3.9e-18	1	52	3	61	0.9622641509433962
GntR	64	3300014731.a:Ga0169770_10004_95	244	2.5e-20	1	64	10	72	0.984375
GntR	64	3300014731.a:Ga0169770_10014_1	349	4.3e-21	1	64	5	68	0.984375
LacI	46	3300014731.a:Ga0169770_10014_100	328	1.5e-23	2	46	6	50	0.9565217391304348
HTH_3	55	3300014731.a:Ga0169770_10014_104	282	1.2e-07	1	31	8	37	0.5454545454545454
MerR	38	3300014731.a:Ga0169770_10014_11	252	1.5e-16	1	38	5	42	0.9736842105263158
HTH_AraC	42	3300014731.a:Ga0169770_10014_111	273	1.8e-09	4	41	186	223	0.8809523809523809
HTH_AraC	42	3300014731.a:Ga0169770_10014_111	273	2.8e-14	6	40	237	272	0.8095238095238095
FUR	120	3300014731.a:Ga0169770_10014_115	148	4.2e-41	2	120	16	133	0.9833333333333333
LexA_DNA_bind	65	3300014731.a:Ga0169770_10014_121	207	5.1e-25	6	65	7	66	0.9076923076923077
FUR	120	3300014731.a:Ga0169770_10014_173	150	3.8e-37	1	119	16	138	0.9833333333333333
LacI	46	3300014731.a:Ga0169770_10014_211	333	6.9e-21	2	46	4	48	0.9565217391304348
GntR	64	3300014731.a:Ga0169770_10014_32	123	2.7e-11	3	64	13	74	0.953125
MarR	59	3300014731.a:Ga0169770_10014_40	143	8.8e-19	1	58	34	91	0.9661016949152542
HTH_1	60	3300014731.a:Ga0169770_10014_52	297	3.4e-19	1	59	3	61	0.9666666666666667
CodY	177	3300014731.a:Ga0169770_10014_63	261	2.4e-74	1	177	3	183	0.9943502824858758
HTH_CodY	61	3300014731.a:Ga0169770_10014_63	261	1.1e-40	1	59	202	260	0.9508196721311475
Trans_reg_C	77	3300014731.a:Ga0169770_10014_7	237	1.6e-30	2	77	156	231	0.974025974025974
HTH_11	55	3300014731.a:Ga0169770_10014_9	113	1.5e-06	15	40	35	60	0.45454545454545453
Trans_reg_C	77	3300014731.a:Ga0169770_10024_123	231	1.1e-24	2	77	152	228	0.974025974025974
GntR	64	3300014731.a:Ga0169770_10024_138	130	1.9e-17	2	64	14	76	0.96875
Pencillinase_R	115	3300014731.a:Ga0169770_10024_142	147	1.6e-39	1	114	9	122	0.9826086956521739
HTH_6	77	3300014731.a:Ga0169770_10024_146	254	1.8e-18	11	75	7	71	0.8311688311688312
HTH_AraC	42	3300014731.a:Ga0169770_10024_163	189	2.6e-09	7	42	97	132	0.8333333333333334
HTH_AraC	42	3300014731.a:Ga0169770_10024_163	189	4.8e-12	2	41	144	181	0.9285714285714286
GerE	57	3300014731.a:Ga0169770_10024_23	92	1.1e-05	8	47	47	86	0.6842105263157895
HTH_6	77	3300014731.a:Ga0169770_10024_46	284	1.3e-17	5	72	5	72	0.8701298701298701
HTH_AraC	42	3300014731.a:Ga0169770_10024_64	307	1.1e-05	1	41	193	233	0.9523809523809523
HTH_AraC	42	3300014731.a:Ga0169770_10024_64	307	1.8e-07	16	41	256	282	0.5952380952380952
HTH_AraC	42	3300014731.a:Ga0169770_10024_69	291	1.3e-05	1	35	196	230	0.8095238095238095
HTH_AraC	42	3300014731.a:Ga0169770_10024_69	291	1.5e-13	7	42	251	287	0.8333333333333334
MarR	59	3300014731.a:Ga0169770_10024_78	251	9.3e-05	7	52	16	61	0.7627118644067796
MerR	38	3300014731.a:Ga0169770_10024_79	156	1.1e-11	2	38	19	55	0.9473684210526315
HTH_11	55	3300014731.a:Ga0169770_10024_91	678	2.9e-08	1	44	6	53	0.7818181818181819
Mga	87	3300014731.a:Ga0169770_10024_91	678	3e-10	16	85	92	162	0.7931034482758621
MarR	59	3300014731.a:Ga0169770_10024_95	145	8.6e-20	1	59	32	90	0.9830508474576272
DUF24	91	3300014731.a:Ga0169770_10039_101	110	8.5e-31	2	89	16	103	0.9560439560439561
HTH_1	60	3300014731.a:Ga0169770_10039_104	276	1.8e-20	2	59	3	61	0.95
TrmB	68	3300014731.a:Ga0169770_10039_127	267	9.4e-25	1	67	8	74	0.9705882352941176
GerE	57	3300014731.a:Ga0169770_10039_15	322	1.8e-18	2	53	253	304	0.8947368421052632
HTH_DeoR	57	3300014731.a:Ga0169770_10039_26	251	4.7e-20	1	54	6	59	0.9298245614035088
HTH_6	77	3300014731.a:Ga0169770_10039_52	249	1e-13	11	73	2	64	0.8051948051948052
Arg_repressor	70	3300014731.a:Ga0169770_10039_68	152	8.3e-25	1	66	1	66	0.9285714285714286
HTH_DeoR	57	3300014731.a:Ga0169770_10039_92	254	5.8e-19	1	56	6	61	0.9649122807017544
LacI	46	3300014731.a:Ga0169770_10039_95	312	1.7e-20	1	46	3	48	0.9782608695652174
LytTR	98	3300014731.a:Ga0169770_10042_110	243	8e-33	1	97	143	239	0.9795918367346939
TrmB	68	3300014731.a:Ga0169770_10042_128	840	5.1e-05	13	60	5	57	0.6911764705882353
LytTR	98	3300014731.a:Ga0169770_10042_31	240	1.7e-22	2	93	151	239	0.9285714285714286
HTH_6	77	3300014731.a:Ga0169770_10042_61	296	8.3e-18	5	72	8	75	0.8701298701298701
HTH_3	55	3300014731.a:Ga0169770_10042_70	289	9.7e-05	1	32	10	41	0.5636363636363636
GntR	64	3300014731.a:Ga0169770_10042_76	238	3.8e-21	5	64	7	66	0.921875
CodY	177	3300014731.a:Ga0169770_10042_90	402	9.9e-05	4	135	107	245	0.7401129943502824
Rrf2	83	3300014731.a:Ga0169770_10042_92	142	1.1e-24	1	83	1	81	0.9879518072289156
GerE	57	3300014731.a:Ga0169770_10042_97	166	1.3e-06	10	41	125	156	0.543859649122807
Mga	87	3300014731.a:Ga0169770_10042_98	494	7.7e-15	7	81	86	159	0.8505747126436781
Mga	87	3300014731.a:Ga0169770_10047_104	493	3.2e-24	2	87	80	163	0.9770114942528736
LacI	46	3300014731.a:Ga0169770_10047_11	337	2.2e-21	1	46	4	49	0.9782608695652174
Trans_reg_C	77	3300014731.a:Ga0169770_10047_38	225	5.5e-27	1	76	148	222	0.974025974025974
HTH_AraC	42	3300014731.a:Ga0169770_10047_4	321	1.9e-05	9	40	226	257	0.7380952380952381
HTH_AraC	42	3300014731.a:Ga0169770_10047_4	321	3.6e-11	1	42	270	309	0.9761904761904762
HTH_1	60	3300014731.a:Ga0169770_10047_41	277	1.8e-20	2	60	3	62	0.9666666666666667
HTH_DeoR	57	3300014731.a:Ga0169770_10047_86	475	5.3e-05	4	31	16	43	0.47368421052631576
Mga	87	3300014731.a:Ga0169770_10047_86	475	6.2e-14	18	87	96	164	0.7931034482758621
HTH_3	55	3300014731.a:Ga0169770_10047_88	233	2.1e-15	1	55	12	67	0.9818181818181818
HTH_3	55	3300014731.a:Ga0169770_10047_91	83	1e-15	4	54	16	66	0.9090909090909091
Trans_reg_C	77	3300014731.a:Ga0169770_10049_1	230	3.3e-26	1	77	150	226	0.987012987012987
Crp	32	3300014731.a:Ga0169770_10049_106	218	3.8e-05	2	30	165	194	0.875
HTH_11	55	3300014731.a:Ga0169770_10049_19	621	9.1e-09	1	44	6	51	0.7818181818181819
HTH_11	55	3300014731.a:Ga0169770_10049_19	621	1.3e-13	1	54	90	147	0.9636363636363636
GntR	64	3300014731.a:Ga0169770_10049_37	232	4.2e-14	6	64	25	82	0.90625
Trans_reg_C	77	3300014731.a:Ga0169770_10049_38	241	2e-25	3	77	158	231	0.961038961038961
TrmB	68	3300014731.a:Ga0169770_10049_58	962	1.2e-06	17	64	23	70	0.6911764705882353
HTH_6	77	3300014731.a:Ga0169770_10049_66	257	1.5e-19	3	76	6	79	0.948051948051948
HTH_11	55	3300014731.a:Ga0169770_10049_75	312	2.3e-12	1	55	6	61	0.9818181818181818
HTH_3	55	3300014731.a:Ga0169770_10049_9	297	1.4e-07	4	36	139	171	0.5818181818181818
GerE	57	3300014731.a:Ga0169770_10057_106	211	1.2e-23	3	57	149	203	0.9473684210526315
Mga	87	3300014731.a:Ga0169770_10057_11	670	3.7e-07	14	82	74	145	0.7816091954022989
LacI	46	3300014731.a:Ga0169770_10057_15	332	5.9e-17	1	46	7	53	0.9782608695652174
HTH_1	60	3300014731.a:Ga0169770_10057_19	295	5.3e-25	1	60	3	62	0.9833333333333333
MerR	38	3300014731.a:Ga0169770_10057_30	147	7.9e-14	1	38	5	41	0.9736842105263158
DUF24	91	3300014731.a:Ga0169770_10057_42	110	6.3e-31	1	89	18	106	0.967032967032967
MerR	38	3300014731.a:Ga0169770_10057_44	140	7.2e-17	1	38	2	39	0.9736842105263158
DUF24	91	3300014731.a:Ga0169770_10057_47	112	1.2e-19	1	88	17	105	0.9560439560439561
HTH_3	55	3300014731.a:Ga0169770_10057_49	128	1.8e-12	1	55	8	63	0.9818181818181818
HTH_3	55	3300014731.a:Ga0169770_10057_66	428	8.2e-13	1	51	6	56	0.9090909090909091
AP2	54	3300014731.a:Ga0169770_10057_83	373	4.9e-05	4	51	5	52	0.8703703703703703
CSD	66	3300014731.a:Ga0169770_10057_93	67	2.1e-33	2	65	3	65	0.9545454545454546
HTH_6	77	3300014731.a:Ga0169770_10059_24	251	3.1e-15	13	76	9	72	0.8181818181818182
GntR	64	3300014731.a:Ga0169770_10059_37	244	1.8e-23	1	64	12	75	0.984375
HTH_Mga	60	3300014731.a:Ga0169770_10059_57	483	9.6e-08	1	59	11	68	0.9666666666666667
Mga	87	3300014731.a:Ga0169770_10059_57	483	9.6e-24	2	86	77	163	0.9655172413793104
MarR	59	3300014731.a:Ga0169770_10059_74	151	2.8e-17	1	58	28	85	0.9661016949152542
Trans_reg_C	77	3300014731.a:Ga0169770_10059_90	222	5.2e-10	3	77	133	208	0.961038961038961
TrmB	68	3300014731.a:Ga0169770_10059_93	938	4.7e-05	22	62	26	66	0.5882352941176471
Trans_reg_C	77	3300014731.a:Ga0169770_10071_2	229	1.3e-26	3	77	153	226	0.961038961038961
HTH_11	55	3300014731.a:Ga0169770_10071_27	210	1.2e-11	1	54	6	57	0.9636363636363636
TrmB	68	3300014731.a:Ga0169770_10071_41	902	3.2e-05	16	63	10	59	0.6911764705882353
SfsA	199	3300014731.a:Ga0169770_10071_44	244	6e-73	1	198	12	225	0.9899497487437185
Fe_dep_repress	60	3300014731.a:Ga0169770_10071_46	223	1.6e-17	3	60	2	59	0.95
Arg_repressor	70	3300014731.a:Ga0169770_10071_68	150	3.4e-25	1	69	1	69	0.9714285714285714
MarR	59	3300014731.a:Ga0169770_10077_111	147	8.3e-13	1	59	35	93	0.9830508474576272
MerR	38	3300014731.a:Ga0169770_10077_76	90	1.4e-05	4	24	43	63	0.5263157894736842
HTH_AraC	42	3300014731.a:Ga0169770_10077_77	61	5.1e-05	1	28	11	39	0.6428571428571429
HTH_6	77	3300014731.a:Ga0169770_10098_54	241	3.2e-16	12	73	10	71	0.7922077922077922
HTH_AraC	42	3300014731.a:Ga0169770_10098_66	277	3.5e-08	1	34	181	214	0.7857142857142857
HTH_AraC	42	3300014731.a:Ga0169770_10098_66	277	3.2e-11	1	42	233	272	0.9761904761904762
DUF24	91	3300014731.a:Ga0169770_10098_9	119	1.1e-36	1	88	16	103	0.9560439560439561
MarR	59	3300014731.a:Ga0169770_10101_12	163	1.7e-11	1	59	37	95	0.9830508474576272
HTH_AraC	42	3300014731.a:Ga0169770_10101_25	329	4.6e-06	9	40	240	271	0.7380952380952381
HTH_AraC	42	3300014731.a:Ga0169770_10101_25	329	1.8e-10	6	42	286	323	0.8571428571428571
CSD	66	3300014731.a:Ga0169770_10101_35	67	4.4e-34	2	65	3	65	0.9545454545454546
HTH_3	55	3300014731.a:Ga0169770_10101_37	117	4.7e-09	1	55	7	59	0.9818181818181818
GntR	64	3300014731.a:Ga0169770_10101_40	440	9.4e-08	17	62	14	58	0.703125
Trans_reg_C	77	3300014731.a:Ga0169770_10101_46	228	6.8e-14	3	77	135	210	0.961038961038961
HTH_11	55	3300014731.a:Ga0169770_10189_15	331	7e-18	3	55	5	58	0.9454545454545454
HTH_3	55	3300014731.a:Ga0169770_10205_10	258	4.9e-18	1	55	7	61	0.9818181818181818
HTH_3	55	3300014731.a:Ga0169770_10205_13	380	1.1e-14	4	51	15	62	0.8545454545454545
CtsR	149	3300014731.a:Ga0169770_10205_23	156	1.5e-56	2	149	5	150	0.9865771812080537
HTH_6	77	3300014731.a:Ga0169770_10205_26	283	3.4e-20	1	74	1	73	0.948051948051948
HTH_5	47	3300014731.a:Ga0169770_10217_32	141	1.5e-05	1	45	16	65	0.9361702127659575
HTH_11	55	3300014731.a:Ga0169770_10320_8	640	9.6e-11	1	53	8	64	0.9454545454545454
Mga	87	3300014731.a:Ga0169770_10320_8	640	5.6e-10	16	83	96	166	0.7701149425287356
GntR	64	3300014731.a:Ga0169770_10406_7	236	8.5e-14	1	64	4	67	0.984375
HTH_3	55	3300014731.a:Ga0169770_10408_6	300	2.7e-14	1	55	6	60	0.9818181818181818
Arc	50	3300014731.a:Ga0169770_10800_5	58	3.3e-05	5	40	13	48	0.7
HTH_3	55	3300014731.a:Ga0169770_10800_8	161	1.2e-08	1	55	7	62	0.9818181818181818
