SBP_bac_3	225	3300014916.a:Ga0169762_100033_100	257	3e-67	1	224	33	256	0.9911111111111112
Glycos_trans_3N	63	3300014916.a:Ga0169762_100033_107	340	1.6e-20	1	63	3	65	0.9841269841269841
B12-binding	121	3300014916.a:Ga0169762_100033_108	256	8e-05	36	112	154	230	0.628099173553719
PALP	294	3300014916.a:Ga0169762_100033_110	395	1.1e-44	4	293	50	374	0.9829931972789115
TetR_N	47	3300014916.a:Ga0169762_100033_113	198	1.9e-14	1	47	11	57	0.9787234042553191
HisKA	64	3300014916.a:Ga0169762_100033_121	297	1.2e-13	5	62	86	145	0.890625
HATPase_c	111	3300014916.a:Ga0169762_100033_121	297	1.3e-09	1	99	192	286	0.8828828828828829
Response_reg	112	3300014916.a:Ga0169762_100033_124	223	6.6e-26	1	112	6	113	0.9910714285714286
Trans_reg_C	77	3300014916.a:Ga0169762_100033_124	223	2e-22	3	76	147	219	0.948051948051948
GGDEF	161	3300014916.a:Ga0169762_100033_126	123	1.9e-15	70	161	2	89	0.5652173913043478
HTH_11	55	3300014916.a:Ga0169762_100033_133	641	3.9e-08	5	55	8	61	0.9090909090909091
Mga	87	3300014916.a:Ga0169762_100033_133	641	4.7e-11	16	86	85	157	0.8045977011494253
PTS_EIIC	324	3300014916.a:Ga0169762_100033_135	430	2.8e-25	3	324	31	334	0.9907407407407407
HTH_11	55	3300014916.a:Ga0169762_100033_141	302	6.4e-10	3	54	7	59	0.9272727272727272
HTH_6	77	3300014916.a:Ga0169762_100033_148	303	1.6e-19	8	76	10	77	0.8831168831168831
SIS	131	3300014916.a:Ga0169762_100033_148	303	8.8e-09	2	105	131	233	0.7862595419847328
GntR	64	3300014916.a:Ga0169762_100033_15	124	9.2e-21	2	64	14	76	0.96875
Pyr_redox_2	292	3300014916.a:Ga0169762_100033_150	525	8.6e-32	1	292	225	521	0.9965753424657534
HisKA	64	3300014916.a:Ga0169762_100033_17	378	1.8e-13	2	60	147	209	0.90625
HATPase_c	111	3300014916.a:Ga0169762_100033_17	378	5.8e-21	1	109	258	367	0.972972972972973
Response_reg	112	3300014916.a:Ga0169762_100033_18	230	5.7e-31	1	112	3	112	0.9910714285714286
Trans_reg_C	77	3300014916.a:Ga0169762_100033_18	230	1e-27	2	77	149	225	0.974025974025974
GGDEF	161	3300014916.a:Ga0169762_100033_22	333	9.6e-38	1	157	173	321	0.968944099378882
HTH_18	81	3300014916.a:Ga0169762_100033_24	356	4.2e-19	2	80	197	274	0.9629629629629629
Pyr_redox_2	292	3300014916.a:Ga0169762_100033_25	649	2.4e-11	127	223	367	476	0.3287671232876712
Pyr_redox_2	292	3300014916.a:Ga0169762_100033_25	649	5.7e-14	132	248	494	620	0.3972602739726027
GntR	64	3300014916.a:Ga0169762_100033_26	490	1.1e-11	3	60	9	66	0.890625
GntR	64	3300014916.a:Ga0169762_100033_26	490	8.5e-11	4	60	254	310	0.875
HTH_3	55	3300014916.a:Ga0169762_100033_29	199	7.2e-06	10	45	16	52	0.6363636363636364
HTH_18	81	3300014916.a:Ga0169762_100033_39	298	3.1e-20	3	80	38	114	0.9506172839506173
GyrI-like	155	3300014916.a:Ga0169762_100033_39	298	9.5e-22	3	154	143	296	0.9741935483870968
MarR	59	3300014916.a:Ga0169762_100033_46	143	1.4e-09	1	58	29	86	0.9661016949152542
PadR	75	3300014916.a:Ga0169762_100033_60	111	1.1e-26	1	74	15	86	0.9733333333333334
GGDEF	161	3300014916.a:Ga0169762_100033_63	735	6.1e-31	2	157	14	164	0.9627329192546584
GGDEF	161	3300014916.a:Ga0169762_100033_63	735	9.6e-30	3	161	316	467	0.9813664596273292
EAL	238	3300014916.a:Ga0169762_100033_63	735	1.7e-63	12	238	499	723	0.9495798319327731
Glyoxalase	128	3300014916.a:Ga0169762_100033_65	122	5.4e-14	1	127	4	117	0.984375
HTH_18	81	3300014916.a:Ga0169762_100033_71	268	9.7e-20	8	81	184	256	0.9012345679012346
SIS	131	3300014916.a:Ga0169762_100033_77	204	7.5e-21	7	126	46	167	0.9083969465648855
HisKA	64	3300014916.a:Ga0169762_100033_87	659	6.5e-07	3	61	432	494	0.90625
HATPase_c	111	3300014916.a:Ga0169762_100033_87	659	3.7e-21	2	109	542	647	0.963963963963964
Response_reg	112	3300014916.a:Ga0169762_100033_89	231	1.2e-26	1	111	4	112	0.9821428571428571
Trans_reg_C	77	3300014916.a:Ga0169762_100033_89	231	3.1e-24	2	77	148	223	0.974025974025974
HTH_11	55	3300014916.a:Ga0169762_100033_93	302	9.7e-17	1	53	5	57	0.9454545454545454
GyrI-like	155	3300014916.a:Ga0169762_100033_94	222	7.2e-28	6	155	26	219	0.9612903225806452
GyrI-like	155	3300014916.a:Ga0169762_100033_96	458	2.4e-11	30	154	33	153	0.8
Aminotran_1_2	363	3300014916.a:Ga0169762_100060_101	411	3e-12	41	192	64	204	0.41597796143250687
GntR	64	3300014916.a:Ga0169762_100060_109	468	3.5e-20	1	64	7	70	0.984375
GntR	64	3300014916.a:Ga0169762_100060_109	468	1.3e-07	2	64	258	319	0.96875
NIR_SIR_ferr	69	3300014916.a:Ga0169762_100060_111	514	2.7e-13	2	63	44	104	0.8840579710144928
NIR_SIR	159	3300014916.a:Ga0169762_100060_111	514	1.9e-27	2	157	119	268	0.9748427672955975
NIR_SIR_ferr	69	3300014916.a:Ga0169762_100060_111	514	7.6e-09	2	60	300	357	0.8405797101449275
NIR_SIR	159	3300014916.a:Ga0169762_100060_111	514	2.6e-05	8	119	374	484	0.6981132075471698
MerR	38	3300014916.a:Ga0169762_100060_15	284	3.1e-13	1	38	17	55	0.9736842105263158
GyrI-like	155	3300014916.a:Ga0169762_100060_15	284	3.2e-12	42	155	162	278	0.7290322580645161
Response_reg	112	3300014916.a:Ga0169762_100060_18	230	2e-26	2	111	6	113	0.9732142857142857
Trans_reg_C	77	3300014916.a:Ga0169762_100060_18	230	6.7e-27	2	77	147	223	0.974025974025974
HisKA	64	3300014916.a:Ga0169762_100060_19	335	4.7e-15	4	63	115	177	0.921875
HATPase_c	111	3300014916.a:Ga0169762_100060_19	335	3.3e-18	8	107	230	327	0.8918918918918919
PadR	75	3300014916.a:Ga0169762_100060_32	110	4.1e-20	1	74	14	83	0.9733333333333334
PadR	75	3300014916.a:Ga0169762_100060_38	113	5.8e-12	8	73	22	83	0.8666666666666667
HTH_10	53	3300014916.a:Ga0169762_100060_45	225	6.4e-05	24	47	198	219	0.4339622641509434
PTS_EIIC	324	3300014916.a:Ga0169762_100060_48	545	1.1e-20	3	322	158	459	0.9845679012345679
Aminotran_1_2	363	3300014916.a:Ga0169762_100060_50	403	1.1e-49	6	362	33	386	0.9807162534435262
Sigma70_r2	71	3300014916.a:Ga0169762_100060_64	235	5.3e-18	1	71	58	128	0.9859154929577465
Sigma70_r4	50	3300014916.a:Ga0169762_100060_64	235	6.5e-19	1	49	176	227	0.96
Sigma70_r2	71	3300014916.a:Ga0169762_100060_65	260	3.5e-17	1	69	42	110	0.9577464788732394
Sigma70_r3	78	3300014916.a:Ga0169762_100060_65	260	1.1e-05	8	57	127	176	0.6282051282051282
Sigma70_r4	50	3300014916.a:Ga0169762_100060_65	260	7.9e-15	2	50	207	255	0.96
Glyoxalase	128	3300014916.a:Ga0169762_100060_7	135	2.2e-12	7	128	11	129	0.9453125
HD	122	3300014916.a:Ga0169762_100060_71	694	2.2e-07	3	121	463	606	0.9672131147540983
T2SSE	273	3300014916.a:Ga0169762_100060_82	558	1.7e-76	11	272	190	449	0.9560439560439561
T2SSE	273	3300014916.a:Ga0169762_100060_83	352	2.2e-44	10	268	13	266	0.945054945054945
GntR	64	3300014916.a:Ga0169762_100060_9	125	3.1e-18	2	64	14	76	0.96875
SBP_bac_1	315	3300014916.a:Ga0169762_100065_10	427	4.7e-33	5	311	45	337	0.9714285714285714
LacI	46	3300014916.a:Ga0169762_100065_12	337	3.9e-17	1	44	3	48	0.9347826086956522
Peripla_BP_3	164	3300014916.a:Ga0169762_100065_12	337	1.6e-35	2	164	167	329	0.9878048780487805
MarR	59	3300014916.a:Ga0169762_100065_17	152	2.5e-13	1	59	34	92	0.9830508474576272
Sigma70_r2	71	3300014916.a:Ga0169762_100065_22	164	2e-14	3	70	15	80	0.9436619718309859
Sigma70_r4_2	54	3300014916.a:Ga0169762_100065_22	164	2.3e-14	2	54	102	154	0.9629629629629629
Nitroreductase	170	3300014916.a:Ga0169762_100065_26	167	7.1e-12	85	170	65	146	0.5
Glyoxalase	128	3300014916.a:Ga0169762_100065_27	138	4.2e-08	72	128	52	114	0.4375
HMA	62	3300014916.a:Ga0169762_100065_36	876	3.4e-13	1	62	4	64	0.9838709677419355
HMA	62	3300014916.a:Ga0169762_100065_36	876	2.7e-15	1	61	75	133	0.967741935483871
HMA	62	3300014916.a:Ga0169762_100065_36	876	8.2e-19	2	62	145	205	0.967741935483871
HD	122	3300014916.a:Ga0169762_100065_43	161	2.6e-11	2	119	28	127	0.9590163934426229
AraC_binding	136	3300014916.a:Ga0169762_100065_48	127	6.1e-05	17	79	49	117	0.45588235294117646
HTH_DeoR	57	3300014916.a:Ga0169762_100065_55	252	1.5e-16	1	55	6	60	0.9473684210526315
DeoRC	160	3300014916.a:Ga0169762_100065_55	252	3.2e-46	2	159	73	230	0.98125
MerR	38	3300014916.a:Ga0169762_100065_58	265	3.6e-11	1	38	6	42	0.9736842105263158
GyrI-like	155	3300014916.a:Ga0169762_100065_58	265	2.3e-06	87	152	194	259	0.41935483870967744
MerR	38	3300014916.a:Ga0169762_100065_60	269	2.1e-13	1	38	9	46	0.9736842105263158
GyrI-like	155	3300014916.a:Ga0169762_100065_60	269	2.5e-05	73	151	189	262	0.5032258064516129
SBP_bac_1	315	3300014916.a:Ga0169762_100065_67	445	6.6e-21	2	314	47	351	0.9904761904761905
ATPase_2	233	3300014916.a:Ga0169762_100065_7	365	6e-05	19	96	29	116	0.33047210300429186
HisKA	64	3300014916.a:Ga0169762_100065_70	467	7.2e-13	2	62	253	316	0.9375
HATPase_c	111	3300014916.a:Ga0169762_100065_70	467	8.3e-12	7	106	367	456	0.8918918918918919
Response_reg	112	3300014916.a:Ga0169762_100065_71	220	4.1e-27	1	111	5	114	0.9821428571428571
Trans_reg_C	77	3300014916.a:Ga0169762_100065_71	220	5.2e-22	3	77	149	218	0.961038961038961
TetR_N	47	3300014916.a:Ga0169762_100065_76	206	5.2e-18	1	47	12	58	0.9787234042553191
PadR	75	3300014916.a:Ga0169762_100065_84	113	4.8e-23	1	74	16	87	0.9733333333333334
ACT	67	3300014916.a:Ga0169762_100065_87	389	1.4e-06	7	66	321	376	0.8805970149253731
HTH_1	60	3300014916.a:Ga0169762_100065_89	293	3.1e-15	3	59	5	61	0.9333333333333333
LysR_substrate	209	3300014916.a:Ga0169762_100065_89	293	1.8e-32	4	200	87	285	0.937799043062201
AAA	132	3300014916.a:Ga0169762_100065_92	352	6.1e-05	1	52	32	83	0.38636363636363635
HTH_3	55	3300014916.a:Ga0169762_100066_18	368	3.1e-15	3	55	12	64	0.9454545454545454
AraC_binding	136	3300014916.a:Ga0169762_100066_22	298	3.7e-13	15	97	36	118	0.6029411764705882
HTH_18	81	3300014916.a:Ga0169762_100066_22	298	4e-16	2	80	214	291	0.9629629629629629
GAF	133	3300014916.a:Ga0169762_100066_26	731	3.6e-07	1	117	166	290	0.8721804511278195
GGDEF	161	3300014916.a:Ga0169762_100066_26	731	2.5e-22	2	156	319	456	0.9565217391304348
EAL	238	3300014916.a:Ga0169762_100066_26	731	3.5e-63	3	238	483	716	0.9873949579831933
HTH_DeoR	57	3300014916.a:Ga0169762_100066_30	256	9.8e-16	4	52	9	57	0.8421052631578947
DeoRC	160	3300014916.a:Ga0169762_100066_30	256	7.8e-33	2	156	80	234	0.9625
PfkB	302	3300014916.a:Ga0169762_100066_36	307	6.3e-53	4	294	8	286	0.9602649006622517
HTH_DeoR	57	3300014916.a:Ga0169762_100066_37	250	3.7e-19	1	56	6	61	0.9649122807017544
DeoRC	160	3300014916.a:Ga0169762_100066_37	250	5.2e-44	2	158	77	230	0.975
PTS_EIIC	324	3300014916.a:Ga0169762_100066_40	433	1.2e-53	1	324	29	354	0.9969135802469136
HTH_11	55	3300014916.a:Ga0169762_100066_43	636	4.4e-06	3	51	6	58	0.8727272727272727
Mga	87	3300014916.a:Ga0169762_100066_43	636	8.7e-16	15	86	89	163	0.8160919540229885
LexA_DNA_bind	65	3300014916.a:Ga0169762_100066_5	339	2.2e-06	4	62	2	61	0.8923076923076924
AAA	132	3300014916.a:Ga0169762_100066_56	904	1.1e-09	1	130	127	273	0.9772727272727273
HTH_IclR	52	3300014916.a:Ga0169762_100066_57	406	7.8e-06	12	40	291	319	0.5384615384615384
EAL	238	3300014916.a:Ga0169762_100066_58	409	5.1e-60	2	238	160	394	0.9915966386554622
GntR	64	3300014916.a:Ga0169762_100066_60	244	1.7e-23	1	64	13	76	0.984375
GntR	64	3300014916.a:Ga0169762_100066_65	253	1.3e-18	2	64	20	82	0.96875
Response_reg	112	3300014916.a:Ga0169762_100066_7	260	7.5e-16	1	111	5	117	0.9821428571428571
Spo0A_C	104	3300014916.a:Ga0169762_100066_7	260	3.7e-45	1	104	149	252	0.9903846153846154
MerR	38	3300014916.a:Ga0169762_100066_8	270	4.6e-16	1	38	3	40	0.9736842105263158
SIS	131	3300014916.a:Ga0169762_100066_81	187	1.2e-17	2	127	33	154	0.9541984732824428
HTH_DeoR	57	3300014916.a:Ga0169762_100066_83	255	3.8e-15	1	53	8	60	0.9122807017543859
DeoRC	160	3300014916.a:Ga0169762_100066_83	255	8.8e-50	2	159	76	232	0.98125
CBS	57	3300014916.a:Ga0169762_100066_88	447	1.8e-05	2	51	222	274	0.8596491228070176
CBS	57	3300014916.a:Ga0169762_100066_88	447	1.8e-07	5	56	292	342	0.8947368421052632
GntR	64	3300014916.a:Ga0169762_100066_9	495	2.9e-10	2	62	7	67	0.9375
GntR	64	3300014916.a:Ga0169762_100066_9	495	1.5e-09	5	64	257	316	0.921875
AAA	132	3300014916.a:Ga0169762_100066_98	313	5.1e-07	6	130	40	168	0.9393939393939394
AAA	132	3300014916.a:Ga0169762_100071_1	204	1e-05	1	74	6	120	0.553030303030303
HATPase_c	111	3300014916.a:Ga0169762_100071_100	648	1.1e-22	2	110	46	189	0.972972972972973
TrmB	68	3300014916.a:Ga0169762_100071_14	132	3.8e-05	32	66	75	117	0.5
HTH_3	55	3300014916.a:Ga0169762_100071_17	62	3e-07	1	26	9	34	0.45454545454545453
GntR	64	3300014916.a:Ga0169762_100071_2	244	7.6e-19	1	64	12	75	0.984375
SIS	131	3300014916.a:Ga0169762_100071_24	187	8.7e-08	4	129	35	155	0.9541984732824428
HTH_6	77	3300014916.a:Ga0169762_100071_32	246	1e-11	9	73	8	72	0.8311688311688312
SIS	131	3300014916.a:Ga0169762_100071_32	246	2.4e-17	4	115	114	221	0.8473282442748091
HTH_11	55	3300014916.a:Ga0169762_100071_41	639	1.7e-08	4	55	8	63	0.9272727272727272
Mga	87	3300014916.a:Ga0169762_100071_41	639	3.9e-11	3	86	70	166	0.9540229885057471
HTH_11	55	3300014916.a:Ga0169762_100071_46	614	4e-10	1	54	8	63	0.9636363636363636
Mga	87	3300014916.a:Ga0169762_100071_46	614	4.4e-10	16	70	83	139	0.6206896551724138
PTS_EIIC	324	3300014916.a:Ga0169762_100071_48	432	3.5e-36	1	322	29	350	0.9907407407407407
SIS	131	3300014916.a:Ga0169762_100071_54	198	3e-26	5	129	37	164	0.9465648854961832
Aminotran_1_2	363	3300014916.a:Ga0169762_100071_55	392	3.5e-37	20	359	45	376	0.9338842975206612
PTS_EIIC	324	3300014916.a:Ga0169762_100071_56	525	3.6e-71	1	324	16	354	0.9969135802469136
HTH_3	55	3300014916.a:Ga0169762_100071_64	81	4.1e-12	3	55	13	66	0.9454545454545454
HTH_11	55	3300014916.a:Ga0169762_100071_83	639	5.5e-07	1	44	5	55	0.7818181818181819
Mga	87	3300014916.a:Ga0169762_100071_83	639	3.7e-12	14	85	94	168	0.8160919540229885
HTH_6	77	3300014916.a:Ga0169762_100071_9	249	8.4e-12	11	73	10	72	0.8051948051948052
SIS	131	3300014916.a:Ga0169762_100071_9	249	7.2e-17	2	110	115	222	0.8244274809160306
GGDEF	161	3300014916.a:Ga0169762_100071_91	701	3.3e-41	2	161	363	516	0.9875776397515528
ATPase_2	233	3300014916.a:Ga0169762_100071_96	453	2.3e-05	19	124	144	247	0.45064377682403434
FeoA	74	3300014916.a:Ga0169762_100072_1	76	1.1e-11	1	71	1	70	0.9459459459459459
CbiA	128	3300014916.a:Ga0169762_100072_30	259	8.3e-23	1	128	5	218	0.9921875
Peptidase_M23	96	3300014916.a:Ga0169762_100072_32	192	2.2e-07	15	74	112	171	0.6145833333333334
AAA	132	3300014916.a:Ga0169762_100072_39	305	1.9e-06	1	119	157	268	0.8939393939393939
T2SSE	273	3300014916.a:Ga0169762_100072_46	342	8.2e-18	5	267	8	270	0.9597069597069597
LacI	46	3300014916.a:Ga0169762_100072_67	341	1.5e-16	1	44	5	47	0.9347826086956522
Peripla_BP_3	164	3300014916.a:Ga0169762_100072_67	341	9.8e-12	22	151	202	328	0.7865853658536586
B12-binding	121	3300014916.a:Ga0169762_100072_73	558	1.9e-14	10	117	13	118	0.8842975206611571
CBS	57	3300014916.a:Ga0169762_100072_80	425	9e-08	1	56	200	258	0.9649122807017544
ComK	153	3300014916.a:Ga0169762_100072_82	138	5e-27	27	145	15	132	0.7712418300653595
Nitroreductase	170	3300014916.a:Ga0169762_100072_86	169	2.2e-16	82	170	58	145	0.5176470588235295
SBP_bac_3	225	3300014916.a:Ga0169762_100072_92	824	3.7e-20	1	224	33	256	0.9911111111111112
SBP_bac_3	225	3300014916.a:Ga0169762_100072_92	824	6.9e-24	1	213	278	481	0.9422222222222222
GGDEF	161	3300014916.a:Ga0169762_100072_92	824	2.9e-36	2	160	666	816	0.9813664596273292
AAA	132	3300014916.a:Ga0169762_100072_94	440	4.8e-06	2	68	240	300	0.5
PALP	294	3300014916.a:Ga0169762_100072_95	401	6.5e-89	5	294	17	302	0.9829931972789115
ACT	67	3300014916.a:Ga0169762_100072_97	164	3e-12	2	66	5	69	0.9552238805970149
Response_reg	112	3300014916.a:Ga0169762_100077_12	235	4.9e-14	2	101	7	102	0.8839285714285714
LytTR	98	3300014916.a:Ga0169762_100077_12	235	1e-12	3	95	135	224	0.9387755102040817
GntR	64	3300014916.a:Ga0169762_100077_23	124	2.3e-12	3	59	16	72	0.875
Aminotran_1_2	363	3300014916.a:Ga0169762_100077_37	412	7e-35	16	362	49	402	0.953168044077135
ACT	67	3300014916.a:Ga0169762_100077_38	362	9.6e-05	8	51	283	326	0.6417910447761194
EPSP_synthase	417	3300014916.a:Ga0169762_100077_42	421	5.1e-90	7	417	10	410	0.9832134292565947
Fer4	24	3300014916.a:Ga0169762_100077_5	299	1.3e-06	3	23	50	70	0.8333333333333334
HTH_11	55	3300014916.a:Ga0169762_100077_50	648	5.2e-07	1	38	6	43	0.6727272727272727
Mga	87	3300014916.a:Ga0169762_100077_50	648	1.1e-08	15	86	81	168	0.8160919540229885
HTH_3	55	3300014916.a:Ga0169762_100077_56	163	2.5e-20	1	55	8	62	0.9818181818181818
HTH_DeoR	57	3300014916.a:Ga0169762_100077_6	253	1.1e-17	1	56	6	61	0.9649122807017544
DeoRC	160	3300014916.a:Ga0169762_100077_6	253	1.1e-44	2	159	71	229	0.98125
PTS_EIIC	324	3300014916.a:Ga0169762_100077_61	460	4e-32	3	324	115	395	0.9907407407407407
HisKA	64	3300014916.a:Ga0169762_100077_63	550	8e-22	2	64	321	384	0.96875
HATPase_c	111	3300014916.a:Ga0169762_100077_63	550	9.6e-22	1	110	429	540	0.9819819819819819
Response_reg	112	3300014916.a:Ga0169762_100077_64	227	2.4e-30	2	111	5	112	0.9732142857142857
Trans_reg_C	77	3300014916.a:Ga0169762_100077_64	227	5.6e-25	2	77	150	222	0.974025974025974
PadR	75	3300014916.a:Ga0169762_100077_72	113	4.2e-17	5	74	23	87	0.92
Nitroreductase	170	3300014916.a:Ga0169762_100077_75	260	1.1e-26	1	170	9	173	0.9941176470588236
HATPase_c	111	3300014916.a:Ga0169762_100077_78	696	4.2e-09	5	62	23	78	0.5135135135135135
CBS	57	3300014916.a:Ga0169762_100077_8	548	4.8e-07	9	53	79	123	0.7719298245614035
CBS	57	3300014916.a:Ga0169762_100077_8	548	1.7e-11	4	53	251	300	0.8596491228070176
CYTH	179	3300014916.a:Ga0169762_100077_82	186	2.1e-23	3	170	6	170	0.9329608938547486
AAA	132	3300014916.a:Ga0169762_100077_86	602	4.7e-16	2	126	42	171	0.9393939393939394
GyrI-like	155	3300014916.a:Ga0169762_100079_10	167	6.1e-16	3	128	5	133	0.8064516129032258
HTH_18	81	3300014916.a:Ga0169762_100079_11	283	2.6e-20	2	80	28	105	0.9629629629629629
GyrI-like	155	3300014916.a:Ga0169762_100079_11	283	3.2e-21	2	154	129	279	0.9806451612903225
HTH_11	55	3300014916.a:Ga0169762_100079_16	301	1.5e-17	3	53	7	56	0.9090909090909091
PTS_EIIC	324	3300014916.a:Ga0169762_100079_20	634	2.2e-29	3	322	106	397	0.9845679012345679
MarR	59	3300014916.a:Ga0169762_100079_25	143	2.5e-12	8	58	35	85	0.847457627118644
PadR	75	3300014916.a:Ga0169762_100079_26	106	1.9e-20	1	74	14	82	0.9733333333333334
HTH_3	55	3300014916.a:Ga0169762_100079_33	303	1e-16	1	55	7	61	0.9818181818181818
HD	122	3300014916.a:Ga0169762_100079_39	187	8.1e-08	1	118	49	153	0.9590163934426229
FHA	69	3300014916.a:Ga0169762_100079_46	1365	5.7e-15	2	69	96	158	0.9710144927536232
Pkinase	264	3300014916.a:Ga0169762_100079_48	175	7e-26	9	152	13	155	0.5416666666666666
FHA	69	3300014916.a:Ga0169762_100079_49	333	8.3e-18	2	68	262	319	0.9565217391304348
Glyoxalase	128	3300014916.a:Ga0169762_100079_7	162	9.3e-08	7	128	8	118	0.9453125
Sigma70_r4_2	54	3300014916.a:Ga0169762_100079_7	162	1.2e-05	25	49	132	156	0.4444444444444444
Pkinase	264	3300014916.a:Ga0169762_100079_74	578	3e-57	1	252	12	257	0.9507575757575758
HTH_18	81	3300014916.a:Ga0169762_100079_80	293	2.1e-19	2	77	28	102	0.9259259259259259
GyrI-like	155	3300014916.a:Ga0169762_100079_80	293	4e-20	1	154	128	282	0.9870967741935484
GyrI-like	155	3300014916.a:Ga0169762_100079_81	153	7.8e-14	2	154	4	148	0.9806451612903225
Pribosyltran	159	3300014916.a:Ga0169762_100083_13	213	4.7e-21	29	124	66	152	0.5974842767295597
GntR	64	3300014916.a:Ga0169762_100083_30	241	5.4e-21	1	64	12	75	0.984375
PfkB	302	3300014916.a:Ga0169762_100083_32	300	2.3e-40	2	294	3	285	0.9668874172185431
SBP_bac_3	225	3300014916.a:Ga0169762_100083_36	260	3.2e-53	1	224	38	259	0.9911111111111112
PTS_EIIC	324	3300014916.a:Ga0169762_100083_42	539	5.4e-88	2	324	14	353	0.9938271604938271
FeoA	74	3300014916.a:Ga0169762_100083_49	73	2e-17	1	73	1	72	0.972972972972973
FeoA	74	3300014916.a:Ga0169762_100083_50	71	1.4e-14	2	73	2	70	0.9594594594594594
HMA	62	3300014916.a:Ga0169762_100083_53	114	2.3e-09	2	62	52	110	0.967741935483871
Fe_dep_repress	60	3300014916.a:Ga0169762_100083_54	138	4.7e-08	12	58	18	64	0.7666666666666667
Aminotran_1_2	363	3300014916.a:Ga0169762_100083_56	433	1.8e-11	24	235	43	224	0.581267217630854
Aminotran_1_2	363	3300014916.a:Ga0169762_100083_61	394	2.9e-37	22	362	40	377	0.9366391184573003
HTH_1	60	3300014916.a:Ga0169762_100083_67	300	5.4e-24	1	60	3	62	0.9833333333333333
LysR_substrate	209	3300014916.a:Ga0169762_100083_67	300	1.4e-22	5	206	90	290	0.9617224880382775
HTH_5	47	3300014916.a:Ga0169762_100083_78	90	6.4e-18	1	46	12	57	0.9574468085106383
AAA	132	3300014916.a:Ga0169762_100083_84	622	1.3e-05	3	96	413	568	0.7045454545454546
MarR	59	3300014916.a:Ga0169762_100083_86	155	1.3e-10	18	59	51	92	0.6949152542372882
SBP_bac_3	225	3300014916.a:Ga0169762_100083_9	336	4.6e-06	79	177	107	207	0.43555555555555553
PadR	75	3300014916.a:Ga0169762_100083_92	113	5.2e-16	9	73	26	87	0.8533333333333334
PALP	294	3300014916.a:Ga0169762_100083_94	295	5.7e-60	4	293	7	281	0.9829931972789115
HTH_11	55	3300014916.a:Ga0169762_100085_1	317	4.2e-11	3	55	6	59	0.9454545454545454
Mga	87	3300014916.a:Ga0169762_100085_1	317	2.9e-12	13	86	75	149	0.8390804597701149
Sigma70_r2	71	3300014916.a:Ga0169762_100085_11	176	2.7e-16	2	69	20	85	0.9436619718309859
Sigma70_r4_2	54	3300014916.a:Ga0169762_100085_11	176	1.9e-14	4	51	115	162	0.8703703703703703
TPR_1	34	3300014916.a:Ga0169762_100085_14	126	3.7e-05	2	29	44	71	0.7941176470588235
HTH_11	55	3300014916.a:Ga0169762_100085_18	716	1.4e-14	1	54	65	122	0.9636363636363636
Mga	87	3300014916.a:Ga0169762_100085_18	716	1.1e-13	21	86	166	235	0.7471264367816092
GyrI-like	155	3300014916.a:Ga0169762_100085_22	169	4.8e-05	99	153	104	160	0.34838709677419355
MerR	38	3300014916.a:Ga0169762_100085_23	82	7.8e-15	1	38	3	41	0.9736842105263158
PTS_EIIC	324	3300014916.a:Ga0169762_100085_26	350	4.9e-06	3	324	13	273	0.9907407407407407
SBP_bac_5	377	3300014916.a:Ga0169762_100085_30	541	2.7e-66	1	372	73	458	0.9840848806366048
PTS_EIIC	324	3300014916.a:Ga0169762_100085_33	419	9.8e-28	2	322	34	334	0.9876543209876543
HTH_11	55	3300014916.a:Ga0169762_100085_35	635	4.8e-15	2	55	4	56	0.9636363636363636
Mga	87	3300014916.a:Ga0169762_100085_35	635	3.5e-11	24	84	90	152	0.6896551724137931
PTS_EIIC	324	3300014916.a:Ga0169762_100085_4	417	2.1e-26	2	323	30	335	0.9907407407407407
AAA	132	3300014916.a:Ga0169762_100085_40	325	9.5e-05	3	52	46	100	0.3712121212121212
CBS	57	3300014916.a:Ga0169762_100085_44	216	1.7e-11	5	48	7	49	0.7543859649122807
CBS	57	3300014916.a:Ga0169762_100085_44	216	6e-15	1	56	77	132	0.9649122807017544
ACT	67	3300014916.a:Ga0169762_100085_44	216	5.2e-08	5	65	146	203	0.8955223880597015
SIS	131	3300014916.a:Ga0169762_100085_56	606	2.8e-25	2	128	287	412	0.9618320610687023
SIS	131	3300014916.a:Ga0169762_100085_56	606	5.8e-24	2	127	458	584	0.9541984732824428
HisKA	64	3300014916.a:Ga0169762_100085_61	332	2.3e-06	6	63	124	175	0.890625
HATPase_c	111	3300014916.a:Ga0169762_100085_61	332	1.9e-19	1	105	220	326	0.9369369369369369
Response_reg	112	3300014916.a:Ga0169762_100085_62	221	1e-26	1	111	4	112	0.9821428571428571
Trans_reg_C	77	3300014916.a:Ga0169762_100085_62	221	1.1e-20	5	77	149	220	0.935064935064935
GGDEF	161	3300014916.a:Ga0169762_100085_66	527	1.2e-39	2	161	364	521	0.9875776397515528
CBS	57	3300014916.a:Ga0169762_100085_71	505	3.6e-05	12	50	111	152	0.6666666666666666
Rrf2	83	3300014916.a:Ga0169762_100086_11	131	9.5e-28	1	81	1	81	0.963855421686747
Rrf2	83	3300014916.a:Ga0169762_100086_12	138	1.9e-26	1	83	1	82	0.9879518072289156
PALP	294	3300014916.a:Ga0169762_100086_13	309	2.8e-78	2	294	9	295	0.9931972789115646
HTH_11	55	3300014916.a:Ga0169762_100086_19	653	2.3e-07	4	53	8	61	0.8909090909090909
Mga	87	3300014916.a:Ga0169762_100086_19	653	5.4e-08	16	84	91	162	0.7816091954022989
PTS_EIIC	324	3300014916.a:Ga0169762_100086_24	341	2.8e-19	3	324	15	279	0.9907407407407407
PTS_EIIC	324	3300014916.a:Ga0169762_100086_32	474	1.3e-57	1	324	29	400	0.9969135802469136
GntR	64	3300014916.a:Ga0169762_100086_38	221	7.1e-13	5	64	5	66	0.921875
Response_reg	112	3300014916.a:Ga0169762_100086_39	121	2.2e-32	1	111	4	115	0.9821428571428571
GerE	57	3300014916.a:Ga0169762_100086_40	94	1.8e-15	2	56	27	81	0.9473684210526315
Trans_reg_C	77	3300014916.a:Ga0169762_100086_44	390	7.3e-10	6	77	29	100	0.922077922077922
BTAD	146	3300014916.a:Ga0169762_100086_44	390	1.1e-12	1	145	108	249	0.9863013698630136
B12-binding_2	75	3300014916.a:Ga0169762_100086_52	787	1.2e-12	4	72	583	650	0.9066666666666666
B12-binding	121	3300014916.a:Ga0169762_100086_52	787	8.4e-24	2	113	668	771	0.9173553719008265
GGDEF	161	3300014916.a:Ga0169762_100086_56	439	1.4e-08	12	102	20	105	0.5590062111801242
EAL	238	3300014916.a:Ga0169762_100086_56	439	2e-56	4	238	186	418	0.9831932773109243
dCache_1	249	3300014916.a:Ga0169762_100086_57	635	6.8e-17	11	248	44	283	0.9518072289156626
GGDEF	161	3300014916.a:Ga0169762_100086_57	635	1.6e-42	1	160	468	621	0.9875776397515528
Mga	87	3300014916.a:Ga0169762_100086_63	675	1.9e-07	14	82	92	163	0.7816091954022989
cNMP_binding	88	3300014916.a:Ga0169762_100086_69	212	1.5e-13	3	86	24	108	0.9431818181818182
PTS_EIIC	324	3300014916.a:Ga0169762_100086_73	615	2.8e-24	3	324	107	386	0.9907407407407407
SBP_bac_3	225	3300014916.a:Ga0169762_100086_77	528	1.1e-05	85	161	111	187	0.3377777777777778
Sigma70_r2	71	3300014916.a:Ga0169762_100091_14	161	2.4e-12	3	70	14	79	0.9436619718309859
Sigma70_r4_2	54	3300014916.a:Ga0169762_100091_14	161	4.6e-13	9	54	105	150	0.8333333333333334
CbiA	128	3300014916.a:Ga0169762_100091_16	471	9.3e-06	9	88	111	255	0.6171875
Nitroreductase	170	3300014916.a:Ga0169762_100091_18	181	1.9e-14	3	54	9	60	0.3
Nitroreductase	170	3300014916.a:Ga0169762_100091_18	181	1.1e-14	81	170	66	158	0.5235294117647059
T2SSE	273	3300014916.a:Ga0169762_100091_31	787	8.8e-06	51	155	381	485	0.38095238095238093
Fer4	24	3300014916.a:Ga0169762_100091_34	58	6.2e-12	1	23	3	25	0.9166666666666666
Fer4	24	3300014916.a:Ga0169762_100091_34	58	1.5e-09	4	24	36	56	0.8333333333333334
HD	122	3300014916.a:Ga0169762_100091_36	518	1.3e-18	2	121	334	425	0.9754098360655737
HTH_3	55	3300014916.a:Ga0169762_100091_40	315	5.3e-06	1	33	8	40	0.5818181818181818
HhH-GPD	108	3300014916.a:Ga0169762_100091_45	216	2.3e-25	1	106	31	165	0.9722222222222222
HD	122	3300014916.a:Ga0169762_100091_51	343	2.1e-11	1	120	193	302	0.9754098360655737
TetR_N	47	3300014916.a:Ga0169762_100091_55	219	5.7e-21	1	47	14	60	0.9787234042553191
Sigma70_r2	71	3300014916.a:Ga0169762_100091_58	243	1.8e-18	1	69	51	119	0.9577464788732394
Sigma70_r4	50	3300014916.a:Ga0169762_100091_58	243	5.5e-15	2	48	171	221	0.92
Sigma70_r2	71	3300014916.a:Ga0169762_100091_61	242	6.1e-18	1	69	25	93	0.9577464788732394
Sigma70_r3	78	3300014916.a:Ga0169762_100091_61	242	5.2e-11	7	72	109	172	0.8333333333333334
Sigma70_r4	50	3300014916.a:Ga0169762_100091_61	242	2.4e-12	2	50	188	236	0.96
HATPase_c	111	3300014916.a:Ga0169762_100091_62	146	2.2e-12	6	106	39	134	0.9009009009009009
STAS	117	3300014916.a:Ga0169762_100091_63	106	1.3e-14	7	106	6	97	0.8461538461538461
Pribosyltran	159	3300014916.a:Ga0169762_100091_64	476	1.9e-10	19	119	274	382	0.6289308176100629
Ammonium_transp	399	3300014916.a:Ga0169762_100091_66	571	2.3e-120	2	396	10	406	0.9874686716791979
Fer4	24	3300014916.a:Ga0169762_100091_70	502	5.9e-07	2	24	44	66	0.9166666666666666
ANTAR	54	3300014916.a:Ga0169762_100091_73	195	3.8e-14	4	54	140	190	0.9259259259259259
HEM4	232	3300014916.a:Ga0169762_100091_80	487	1.7e-30	7	224	267	469	0.9353448275862069
HTH_6	77	3300014916.a:Ga0169762_100107_1	298	7.2e-20	4	76	7	79	0.935064935064935
SIS	131	3300014916.a:Ga0169762_100107_1	298	7.4e-16	5	130	140	265	0.9541984732824428
HTH_18	81	3300014916.a:Ga0169762_100107_10	280	3.9e-21	3	80	198	274	0.9506172839506173
B12-binding_2	75	3300014916.a:Ga0169762_100107_12	212	3.4e-18	8	75	11	78	0.8933333333333333
B12-binding	121	3300014916.a:Ga0169762_100107_12	212	5.3e-23	2	106	91	193	0.859504132231405
TrmB	68	3300014916.a:Ga0169762_100107_15	417	3e-07	6	58	357	409	0.7647058823529411
PTS_EIIC	324	3300014916.a:Ga0169762_100107_20	418	7.3e-25	48	322	61	333	0.845679012345679
HTH_11	55	3300014916.a:Ga0169762_100107_22	643	8.5e-09	5	54	8	58	0.8909090909090909
Mga	87	3300014916.a:Ga0169762_100107_22	643	1.6e-12	20	82	86	152	0.7126436781609196
HTH_11	55	3300014916.a:Ga0169762_100107_29	638	9.7e-12	1	54	6	61	0.9636363636363636
Mga	87	3300014916.a:Ga0169762_100107_29	638	1.3e-10	5	86	75	159	0.9310344827586207
PTS_EIIC	324	3300014916.a:Ga0169762_100107_31	454	5e-58	1	324	26	359	0.9969135802469136
NUDIX	131	3300014916.a:Ga0169762_100107_55	175	1.3e-13	4	120	38	145	0.8854961832061069
Sigma70_r2	71	3300014916.a:Ga0169762_100107_59	163	2.6e-14	1	69	14	80	0.9577464788732394
Sigma70_r4_2	54	3300014916.a:Ga0169762_100107_59	163	1.4e-12	9	54	107	152	0.8333333333333334
AsnC_trans_reg	75	3300014916.a:Ga0169762_100107_61	163	3.4e-15	1	75	66	140	0.9866666666666667
Aminotran_1_2	363	3300014916.a:Ga0169762_100107_62	390	2.4e-72	2	363	30	379	0.9944903581267218
Mga	87	3300014916.a:Ga0169762_100107_65	496	4.4e-05	19	69	7	57	0.5747126436781609
Mga	87	3300014916.a:Ga0169762_100107_65	496	4.4e-10	14	85	90	163	0.8160919540229885
Mga	87	3300014916.a:Ga0169762_100107_73	693	5.5e-09	5	84	80	164	0.9080459770114943
PTS_EIIC	324	3300014916.a:Ga0169762_100107_9	697	1.3e-27	2	324	19	336	0.9938271604938271
EAL	238	3300014916.a:Ga0169762_100107_9	697	1.3e-63	3	238	448	680	0.9873949579831933
HTH_3	55	3300014916.a:Ga0169762_100111_59	66	3.4e-07	1	49	5	53	0.8727272727272727
Rrf2	83	3300014916.a:Ga0169762_100111_67	139	4.9e-19	1	83	1	81	0.9879518072289156
HTH_3	55	3300014916.a:Ga0169762_100111_74	95	1.2e-06	10	53	1	44	0.7818181818181819
HTH_18	81	3300014916.a:Ga0169762_100111_76	280	1.8e-19	1	81	27	106	0.9876543209876543
GyrI-like	155	3300014916.a:Ga0169762_100111_76	280	1.2e-17	1	154	128	276	0.9870967741935484
Sigma70_r2	71	3300014916.a:Ga0169762_100111_90	195	3.4e-07	11	68	36	96	0.8028169014084507
Sigma70_r4_2	54	3300014916.a:Ga0169762_100111_90	195	1.3e-08	6	52	141	186	0.8518518518518519
GGDEF	161	3300014916.a:Ga0169762_100111_95	375	8.1e-30	1	158	227	372	0.9751552795031055
AAA	132	3300014916.a:Ga0169762_100113_17	284	8.9e-06	1	68	124	193	0.5075757575757576
HMA	62	3300014916.a:Ga0169762_100113_27	865	1.9e-09	4	57	7	59	0.8548387096774194
HMA	62	3300014916.a:Ga0169762_100113_27	865	9.4e-08	2	54	173	225	0.8387096774193549
HTH_5	47	3300014916.a:Ga0169762_100113_29	120	6.1e-21	1	47	43	89	0.9787234042553191
NUDIX	131	3300014916.a:Ga0169762_100113_33	303	2.3e-14	3	110	15	118	0.816793893129771
HTH_18	81	3300014916.a:Ga0169762_100113_38	284	2.2e-19	1	80	28	106	0.9753086419753086
GyrI-like	155	3300014916.a:Ga0169762_100113_38	284	5.7e-10	17	154	143	281	0.8838709677419355
Aminotran_1_2	363	3300014916.a:Ga0169762_100113_45	345	5.9e-45	5	360	16	331	0.977961432506887
HTH_3	55	3300014916.a:Ga0169762_100113_50	119	4.3e-14	1	52	15	66	0.9272727272727272
SIS	131	3300014916.a:Ga0169762_100113_51	243	3e-07	47	95	99	147	0.366412213740458
AAA	132	3300014916.a:Ga0169762_100113_52	442	1.1e-18	1	128	53	161	0.9621212121212122
AraC_binding	136	3300014916.a:Ga0169762_100113_59	289	2.3e-14	9	120	29	138	0.8161764705882353
HTH_18	81	3300014916.a:Ga0169762_100113_59	289	2.9e-23	2	80	198	275	0.9629629629629629
PadR	75	3300014916.a:Ga0169762_100113_66	173	2.1e-11	1	74	8	82	0.9733333333333334
PadR	75	3300014916.a:Ga0169762_100113_70	178	4.7e-09	1	73	5	76	0.96
Glyoxalase	128	3300014916.a:Ga0169762_100113_71	122	3e-06	7	127	10	115	0.9375
AAA	132	3300014916.a:Ga0169762_100119_24	911	8.4e-08	1	131	128	275	0.9848484848484849
MerR	38	3300014916.a:Ga0169762_100119_32	244	1.8e-10	3	38	4	38	0.9210526315789473
HisKA	64	3300014916.a:Ga0169762_100119_33	393	3.4e-11	2	61	175	238	0.921875
HATPase_c	111	3300014916.a:Ga0169762_100119_33	393	7e-18	2	107	287	390	0.9459459459459459
Response_reg	112	3300014916.a:Ga0169762_100119_34	226	1e-29	1	111	4	112	0.9821428571428571
Trans_reg_C	77	3300014916.a:Ga0169762_100119_34	226	3.5e-26	4	77	149	222	0.948051948051948
HD	122	3300014916.a:Ga0169762_100119_38	175	3.7e-05	2	111	37	131	0.8934426229508197
TetR_N	47	3300014916.a:Ga0169762_100119_40	206	6.6e-14	1	42	15	56	0.8723404255319149
TetR_N	47	3300014916.a:Ga0169762_100119_5	216	6.2e-16	1	47	14	61	0.9787234042553191
Aminotran_1_2	363	3300014916.a:Ga0169762_100119_54	395	2.6e-40	21	362	44	381	0.9393939393939394
PTS_EIIC	324	3300014916.a:Ga0169762_100119_56	442	1.7e-43	2	324	31	345	0.9938271604938271
HTH_11	55	3300014916.a:Ga0169762_100119_60	633	8.9e-07	1	54	2	59	0.9636363636363636
Mga	87	3300014916.a:Ga0169762_100119_60	633	5.1e-11	16	87	87	161	0.8160919540229885
HTH_DeoR	57	3300014916.a:Ga0169762_100119_74	268	6e-19	1	55	11	65	0.9473684210526315
DeoRC	160	3300014916.a:Ga0169762_100119_74	268	1.8e-38	2	160	77	234	0.9875
TetR_N	47	3300014916.a:Ga0169762_100128_14	200	7.5e-08	1	42	20	61	0.8723404255319149
HD	122	3300014916.a:Ga0169762_100128_16	416	2.2e-10	3	120	26	136	0.9590163934426229
HD	122	3300014916.a:Ga0169762_100128_16	416	1.6e-15	8	121	230	340	0.9262295081967213
TetR_N	47	3300014916.a:Ga0169762_100128_19	199	2.4e-12	3	46	18	61	0.9148936170212766
Response_reg	112	3300014916.a:Ga0169762_100128_29	203	3.9e-12	1	107	6	108	0.9464285714285714
HTH_DeoR	57	3300014916.a:Ga0169762_100128_34	259	4.6e-18	1	56	6	61	0.9649122807017544
DeoRC	160	3300014916.a:Ga0169762_100128_34	259	1.8e-38	2	160	77	234	0.9875
HTH_DeoR	57	3300014916.a:Ga0169762_100128_36	686	8.7e-07	12	37	19	44	0.43859649122807015
Mga	87	3300014916.a:Ga0169762_100128_36	686	1.5e-10	6	86	81	165	0.9195402298850575
HisKA	64	3300014916.a:Ga0169762_100128_39	504	1.1e-16	2	63	274	339	0.953125
HATPase_c	111	3300014916.a:Ga0169762_100128_39	504	8.7e-25	2	109	386	496	0.963963963963964
Response_reg	112	3300014916.a:Ga0169762_100128_40	231	5.2e-30	1	112	4	113	0.9910714285714286
Trans_reg_C	77	3300014916.a:Ga0169762_100128_40	231	2.9e-26	1	77	151	227	0.987012987012987
SBP_bac_1	315	3300014916.a:Ga0169762_100128_41	435	1.2e-32	4	306	47	330	0.9587301587301588
Response_reg	112	3300014916.a:Ga0169762_100128_42	226	4.4e-31	1	112	4	116	0.9910714285714286
GerE	57	3300014916.a:Ga0169762_100128_42	226	6.2e-17	2	56	158	212	0.9473684210526315
HATPase_c	111	3300014916.a:Ga0169762_100128_43	436	4.1e-08	4	50	348	394	0.4144144144144144
Peripla_BP_1	279	3300014916.a:Ga0169762_100128_44	326	2.3e-17	3	278	45	313	0.985663082437276
NUDIX	131	3300014916.a:Ga0169762_100128_49	196	3.6e-19	7	113	34	142	0.8091603053435115
Pyr_redox_2	292	3300014916.a:Ga0169762_100128_5	646	1.1e-25	2	288	383	631	0.9794520547945206
HTH_DeoR	57	3300014916.a:Ga0169762_100128_51	260	9.2e-19	1	54	8	61	0.9298245614035088
DeoRC	160	3300014916.a:Ga0169762_100128_51	260	8.6e-47	2	160	76	233	0.9875
PTS_EIIC	324	3300014916.a:Ga0169762_100128_56	348	3.8e-15	2	308	14	270	0.9444444444444444
HTH_11	55	3300014916.a:Ga0169762_100128_59	640	1.2e-13	1	53	6	58	0.9454545454545454
Pyr_redox_2	292	3300014916.a:Ga0169762_100128_6	643	6.4e-29	1	242	381	604	0.8253424657534246
HTH_DeoR	57	3300014916.a:Ga0169762_100128_61	254	2.1e-18	4	53	9	58	0.8596491228070176
DeoRC	160	3300014916.a:Ga0169762_100128_61	254	1.1e-36	2	157	80	234	0.96875
HTH_18	81	3300014916.a:Ga0169762_100128_7	394	2.5e-13	2	80	198	275	0.9629629629629629
HTH_18	81	3300014916.a:Ga0169762_100128_7	394	6.3e-18	2	81	312	390	0.9753086419753086
HTH_3	55	3300014916.a:Ga0169762_100128_9	151	1.6e-19	4	55	10	61	0.9272727272727272
SBP_bac_5	377	3300014916.a:Ga0169762_100150_10	567	3.1e-72	2	362	71	469	0.9549071618037135
TPR_2	34	3300014916.a:Ga0169762_100150_17	511	0.0001	3	29	116	142	0.7647058823529411
GGDEF	161	3300014916.a:Ga0169762_100150_17	511	1.4e-38	5	160	353	501	0.9627329192546584
CHASE3	138	3300014916.a:Ga0169762_100150_19	492	3.2e-06	5	99	41	134	0.6811594202898551
HATPase_c	111	3300014916.a:Ga0169762_100150_19	492	8.7e-12	9	109	381	485	0.9009009009009009
Response_reg	112	3300014916.a:Ga0169762_100150_20	505	3.9e-27	1	111	4	116	0.9821428571428571
HTH_18	81	3300014916.a:Ga0169762_100150_20	505	6.2e-20	1	80	422	499	0.9753086419753086
Pribosyltran	159	3300014916.a:Ga0169762_100150_24	172	9.4e-21	4	137	5	141	0.8364779874213837
HTH_3	55	3300014916.a:Ga0169762_100150_34	414	2.2e-06	1	43	17	61	0.7636363636363637
GGDEF	161	3300014916.a:Ga0169762_100150_36	427	6.6e-11	7	140	8	132	0.8260869565217391
EAL	238	3300014916.a:Ga0169762_100150_36	427	1.2e-58	6	238	179	410	0.9747899159663865
ATPase_2	233	3300014916.a:Ga0169762_100150_4	619	4.4e-05	23	116	31	125	0.39914163090128757
HD	122	3300014916.a:Ga0169762_100150_48	259	1.6e-10	4	118	31	144	0.9344262295081968
Response_reg	112	3300014916.a:Ga0169762_100150_52	237	9.2e-31	1	111	5	113	0.9821428571428571
Trans_reg_C	77	3300014916.a:Ga0169762_100150_52	237	6e-27	4	77	162	234	0.948051948051948
HisKA	64	3300014916.a:Ga0169762_100150_53	716	4.4e-16	1	64	483	549	0.984375
HATPase_c	111	3300014916.a:Ga0169762_100150_53	716	1.8e-08	6	95	601	690	0.8018018018018018
MerR	38	3300014916.a:Ga0169762_100153_13	211	3e-11	1	38	2	38	0.9736842105263158
LacI	46	3300014916.a:Ga0169762_100153_16	331	2.6e-15	2	46	8	52	0.9565217391304348
Peripla_BP_3	164	3300014916.a:Ga0169762_100153_16	331	2.6e-34	2	164	170	330	0.9878048780487805
Sigma70_r2	71	3300014916.a:Ga0169762_100153_19	285	1.8e-13	4	66	27	87	0.8732394366197183
Sigma70_r4_2	54	3300014916.a:Ga0169762_100153_19	285	7e-09	7	54	136	183	0.8703703703703703
HTH_11	55	3300014916.a:Ga0169762_100153_24	512	1.4e-10	1	55	4	62	0.9818181818181818
Mga	87	3300014916.a:Ga0169762_100153_24	512	6e-11	28	86	103	164	0.6666666666666666
PTS_EIIC	324	3300014916.a:Ga0169762_100153_26	538	9.4e-56	3	320	14	355	0.9783950617283951
GerE	57	3300014916.a:Ga0169762_100153_30	54	1e-12	5	54	2	51	0.8596491228070176
HTH_6	77	3300014916.a:Ga0169762_100153_38	282	1.8e-21	3	73	5	75	0.9090909090909091
SIS	131	3300014916.a:Ga0169762_100153_38	282	1.5e-17	5	130	130	255	0.9541984732824428
HD	122	3300014916.a:Ga0169762_100153_7	789	2.3e-08	3	91	18	112	0.7213114754098361
GGDEF	161	3300014916.a:Ga0169762_100157_25	573	9e-18	2	158	151	301	0.968944099378882
EAL	238	3300014916.a:Ga0169762_100157_25	573	9.3e-61	4	237	327	559	0.9789915966386554
TetR_N	47	3300014916.a:Ga0169762_100157_31	194	7.5e-18	2	46	12	56	0.9361702127659575
NIR_SIR_ferr	69	3300014916.a:Ga0169762_100157_44	335	8.5e-17	5	69	21	83	0.927536231884058
NIR_SIR	159	3300014916.a:Ga0169762_100157_44	335	1.3e-20	5	153	107	303	0.9308176100628931
Fer4	24	3300014916.a:Ga0169762_100157_46	346	4.7e-05	5	18	225	238	0.5416666666666666
Fer4	24	3300014916.a:Ga0169762_100157_46	346	1e-05	4	19	307	322	0.625
DeoRC	160	3300014916.a:Ga0169762_100157_7	236	6.9e-08	4	52	20	71	0.3
GntR	64	3300014916.a:Ga0169762_100157_8	125	9.7e-11	2	59	16	73	0.890625
CbiA	128	3300014916.a:Ga0169762_100158_13	279	1.9e-12	2	123	35	249	0.9453125
Response_reg	112	3300014916.a:Ga0169762_100158_16	191	8.3e-08	1	108	4	110	0.9553571428571429
ANTAR	54	3300014916.a:Ga0169762_100158_16	191	4.4e-17	2	54	132	184	0.9629629629629629
PadR	75	3300014916.a:Ga0169762_100158_22	107	1.6e-17	1	72	14	84	0.9466666666666667
LytTR	98	3300014916.a:Ga0169762_100158_24	147	4.3e-23	4	97	50	143	0.9489795918367347
T2SSE	273	3300014916.a:Ga0169762_100158_45	331	3.3e-54	8	272	11	271	0.967032967032967
NUDIX	131	3300014916.a:Ga0169762_100158_56	171	2.1e-14	2	107	29	130	0.8015267175572519
Sigma70_r2	71	3300014916.a:Ga0169762_100158_58	399	6.1e-24	1	70	162	231	0.971830985915493
Sigma70_r3	78	3300014916.a:Ga0169762_100158_58	399	4.8e-30	1	77	241	318	0.9743589743589743
Sigma70_r4	50	3300014916.a:Ga0169762_100158_58	399	1e-20	1	50	331	384	0.98
Response_reg	112	3300014916.a:Ga0169762_100158_8	278	1.4e-21	1	111	7	119	0.9821428571428571
Spo0A_C	104	3300014916.a:Ga0169762_100158_8	278	3.5e-46	1	104	157	260	0.9903846153846154
TetR_N	47	3300014916.a:Ga0169762_100162_13	200	1.2e-10	1	45	10	55	0.9361702127659575
AraC_binding	136	3300014916.a:Ga0169762_100162_14	111	5.8e-05	27	73	59	105	0.3382352941176471
Glycos_trans_3N	63	3300014916.a:Ga0169762_100162_17	434	5.5e-24	1	63	4	66	0.9841269841269841
Peripla_BP_2	238	3300014916.a:Ga0169762_100162_25	311	2.5e-28	8	237	58	285	0.9621848739495799
LacI	46	3300014916.a:Ga0169762_100162_31	332	1.6e-20	1	46	5	50	0.9782608695652174
Peripla_BP_3	164	3300014916.a:Ga0169762_100162_31	332	7.2e-21	5	164	174	330	0.9695121951219512
Pyr_redox_2	292	3300014916.a:Ga0169762_100162_63	433	3.8e-06	2	106	4	135	0.3561643835616438
HTH_11	55	3300014916.a:Ga0169762_100171_14	607	2.2e-09	1	55	4	64	0.9818181818181818
Mga	87	3300014916.a:Ga0169762_100171_14	607	1.2e-08	21	87	97	164	0.7586206896551724
GGDEF	161	3300014916.a:Ga0169762_100171_15	977	1.5e-34	2	159	553	707	0.9751552795031055
EAL	238	3300014916.a:Ga0169762_100171_15	977	2e-48	2	238	729	957	0.9915966386554622
HTH_3	55	3300014916.a:Ga0169762_100171_18	136	7e-16	1	55	7	61	0.9818181818181818
GntR	64	3300014916.a:Ga0169762_100171_21	489	7.5e-15	5	64	11	70	0.921875
GntR	64	3300014916.a:Ga0169762_100171_21	489	5.2e-16	4	64	259	319	0.9375
GGDEF	161	3300014916.a:Ga0169762_100171_22	468	3.8e-22	3	153	46	188	0.9316770186335404
EAL	238	3300014916.a:Ga0169762_100171_22	468	1.2e-71	5	238	217	450	0.9789915966386554
dCache_1	249	3300014916.a:Ga0169762_100171_23	741	7.4e-10	32	248	65	269	0.8674698795180723
GGDEF	161	3300014916.a:Ga0169762_100171_23	741	8.6e-23	1	150	320	461	0.9254658385093167
EAL	238	3300014916.a:Ga0169762_100171_23	741	1.3e-66	2	238	492	727	0.9915966386554622
SBP_bac_1	315	3300014916.a:Ga0169762_100171_24	432	3.8e-23	9	310	51	338	0.9555555555555556
HTH_3	55	3300014916.a:Ga0169762_100171_3	136	8.1e-16	1	55	7	61	0.9818181818181818
Citrate_synt	361	3300014916.a:Ga0169762_100171_36	445	1.5e-108	3	361	38	428	0.9916897506925207
HATPase_c	111	3300014916.a:Ga0169762_100171_40	648	2.9e-12	2	109	26	179	0.963963963963964
Fer4	24	3300014916.a:Ga0169762_100171_46	305	1.9e-08	3	24	50	71	0.875
PadR	75	3300014916.a:Ga0169762_100171_5	109	4.3e-21	1	75	14	83	0.9866666666666667
HTH_1	60	3300014916.a:Ga0169762_100174_1	294	7.3e-23	1	60	3	62	0.9833333333333333
LysR_substrate	209	3300014916.a:Ga0169762_100174_1	294	2.9e-40	5	205	88	287	0.9569377990430622
Pyr_redox_2	292	3300014916.a:Ga0169762_100174_11	536	1.2e-05	4	111	98	263	0.3664383561643836
SBP_bac_3	225	3300014916.a:Ga0169762_100174_17	279	2.5e-39	2	212	38	261	0.9333333333333333
HD	122	3300014916.a:Ga0169762_100174_26	318	1.2e-11	2	121	159	277	0.9754098360655737
HTH_11	55	3300014916.a:Ga0169762_100174_27	626	1.4e-11	1	54	2	59	0.9636363636363636
HTH_11	55	3300014916.a:Ga0169762_100174_27	626	8e-06	1	43	87	129	0.7636363636363637
PTS_EIIC	324	3300014916.a:Ga0169762_100174_31	445	1.4e-44	3	324	32	344	0.9907407407407407
Aminotran_1_2	363	3300014916.a:Ga0169762_100174_33	395	2.2e-38	19	363	46	386	0.9476584022038568
GGDEF	161	3300014916.a:Ga0169762_100174_35	344	5.8e-37	1	160	190	338	0.9875776397515528
GGDEF	161	3300014916.a:Ga0169762_100174_42	644	1.1e-20	3	161	222	369	0.9813664596273292
EAL	238	3300014916.a:Ga0169762_100174_42	644	4.4e-58	4	238	391	624	0.9831932773109243
Spo0A_C	104	3300014916.a:Ga0169762_100174_44	119	4e-24	1	104	11	111	0.9903846153846154
MerR	38	3300014916.a:Ga0169762_100174_5	275	3.4e-13	1	38	3	41	0.9736842105263158
MarR	59	3300014916.a:Ga0169762_100174_50	146	1.1e-15	1	59	34	92	0.9830508474576272
GGDEF	161	3300014916.a:Ga0169762_100174_53	440	1.5e-40	1	161	277	434	0.9937888198757764
HTH_DeoR	57	3300014916.a:Ga0169762_100174_56	256	4.7e-17	1	55	6	60	0.9473684210526315
DeoRC	160	3300014916.a:Ga0169762_100174_56	256	1.4e-41	2	160	75	234	0.9875
PTS_EIIC	324	3300014916.a:Ga0169762_100175_11	415	5.5e-10	58	320	4	217	0.808641975308642
SIS	131	3300014916.a:Ga0169762_100175_13	178	4.3e-13	4	110	35	133	0.8091603053435115
HTH_6	77	3300014916.a:Ga0169762_100175_15	289	1e-17	4	74	10	80	0.9090909090909091
SIS	131	3300014916.a:Ga0169762_100175_15	289	2.1e-22	2	130	131	259	0.9770992366412213
LytTR	98	3300014916.a:Ga0169762_100175_23	149	3.4e-26	2	97	51	146	0.9693877551020408
HTH_3	55	3300014916.a:Ga0169762_100175_24	70	1.5e-15	1	49	5	53	0.8727272727272727
TetR_N	47	3300014916.a:Ga0169762_100175_30	226	9.6e-10	5	47	40	82	0.8936170212765957
HD	122	3300014916.a:Ga0169762_100175_33	410	3.5e-16	1	121	57	176	0.9836065573770492
NUDIX	131	3300014916.a:Ga0169762_100175_35	130	4.2e-19	4	128	5	121	0.9465648854961832
AAA	132	3300014916.a:Ga0169762_100175_45	958	1.7e-08	2	127	145	283	0.946969696969697
HATPase_c	111	3300014916.a:Ga0169762_100175_47	439	2.3e-07	8	104	345	431	0.8648648648648649
Response_reg	112	3300014916.a:Ga0169762_100175_48	233	3.2e-14	1	109	7	112	0.9642857142857143
LytTR	98	3300014916.a:Ga0169762_100175_48	233	1.3e-15	5	94	137	222	0.9081632653061225
HATPase_c	111	3300014916.a:Ga0169762_100175_53	174	1.1e-05	6	108	71	170	0.918918918918919
Mga	87	3300014916.a:Ga0169762_100175_57	692	1.2e-11	12	86	78	164	0.8505747126436781
FeoA	74	3300014916.a:Ga0169762_100181_12	82	2.8e-13	3	73	4	73	0.9459459459459459
Peptidase_M23	96	3300014916.a:Ga0169762_100181_2	362	1.2e-21	2	93	230	342	0.9479166666666666
Aminotran_1_2	363	3300014916.a:Ga0169762_100181_22	354	2.2e-09	55	358	47	332	0.8347107438016529
TPR_1	34	3300014916.a:Ga0169762_100181_24	395	2e-06	3	29	256	282	0.7647058823529411
Nitroreductase	170	3300014916.a:Ga0169762_100181_26	194	1.2e-08	3	59	8	65	0.32941176470588235
Nitroreductase	170	3300014916.a:Ga0169762_100181_26	194	9.5e-13	116	170	100	152	0.3176470588235294
HTH_3	55	3300014916.a:Ga0169762_100181_3	93	3.2e-11	1	52	28	79	0.9272727272727272
Pribosyltran	159	3300014916.a:Ga0169762_100181_43	197	3.7e-07	3	116	23	146	0.710691823899371
Fer4	24	3300014916.a:Ga0169762_100181_45	483	6.2e-10	2	23	129	150	0.875
Fer4	24	3300014916.a:Ga0169762_100181_45	483	1.2e-09	2	24	175	197	0.9166666666666666
AAA	132	3300014916.a:Ga0169762_100181_49	378	3.1e-06	1	114	30	198	0.8560606060606061
CBS	57	3300014916.a:Ga0169762_100181_49	378	1.1e-06	1	51	250	300	0.8771929824561403
CBS	57	3300014916.a:Ga0169762_100181_49	378	9.2e-10	1	52	311	362	0.8947368421052632
CbiA	128	3300014916.a:Ga0169762_100181_5	281	3e-16	1	116	4	242	0.8984375
MarR	59	3300014916.a:Ga0169762_100181_51	156	2.3e-08	1	58	34	92	0.9661016949152542
Aminotran_1_2	363	3300014916.a:Ga0169762_100181_9	422	5.1e-06	32	198	46	190	0.4573002754820937
GntR	64	3300014916.a:Ga0169762_100192_10	125	8.1e-17	3	64	14	75	0.953125
MerR	38	3300014916.a:Ga0169762_100192_12	177	5.2e-09	1	38	3	39	0.9736842105263158
MerR	38	3300014916.a:Ga0169762_100192_13	182	1.4e-07	2	35	4	36	0.868421052631579
HTH_6	77	3300014916.a:Ga0169762_100192_14	259	1.7e-23	1	74	1	74	0.948051948051948
SIS	131	3300014916.a:Ga0169762_100192_14	259	8.5e-18	1	108	112	219	0.816793893129771
PTS_EIIC	324	3300014916.a:Ga0169762_100192_16	525	1.6e-65	2	323	10	345	0.9907407407407407
Hemerythrin	131	3300014916.a:Ga0169762_100192_24	353	7.5e-16	3	131	187	320	0.9770992366412213
AraC_binding	136	3300014916.a:Ga0169762_100192_26	101	6.6e-05	6	66	29	89	0.4411764705882353
cNMP_binding	88	3300014916.a:Ga0169762_100192_27	197	7.6e-19	2	84	25	109	0.9318181818181818
MarR	59	3300014916.a:Ga0169762_100192_27	197	5.2e-05	20	47	155	184	0.4576271186440678
Fer4	24	3300014916.a:Ga0169762_100192_3	299	2.9e-08	7	24	52	69	0.7083333333333334
Fer4	24	3300014916.a:Ga0169762_100192_3	299	3e-06	3	22	77	96	0.7916666666666666
GntR	64	3300014916.a:Ga0169762_100192_43	244	3.7e-19	1	64	9	72	0.984375
HTH_11	55	3300014916.a:Ga0169762_100192_49	678	1.2e-10	3	54	12	68	0.9272727272727272
Mga	87	3300014916.a:Ga0169762_100192_49	678	2.5e-08	15	87	97	172	0.8275862068965517
TetR_N	47	3300014916.a:Ga0169762_100200_11	203	4.2e-18	1	47	20	66	0.9787234042553191
PTS_EIIC	324	3300014916.a:Ga0169762_100200_13	645	8.1e-32	2	324	107	404	0.9938271604938271
Sigma70_r4	50	3300014916.a:Ga0169762_100200_23	105	2.2e-12	5	43	19	57	0.76
CbiA	128	3300014916.a:Ga0169762_100200_24	324	5.5e-06	9	99	126	285	0.703125
GntR	64	3300014916.a:Ga0169762_100200_4	459	6.4e-16	1	64	16	79	0.984375
HTH_18	81	3300014916.a:Ga0169762_100200_7	280	1.5e-21	2	80	29	106	0.9629629629629629
Fe_dep_repress	60	3300014916.a:Ga0169762_100200_9	128	6e-08	1	52	2	53	0.85
FUR	120	3300014916.a:Ga0169762_100203_12	136	7.1e-27	5	118	4	116	0.9416666666666667
HTH_DeoR	57	3300014916.a:Ga0169762_100203_17	253	5e-14	4	53	9	58	0.8596491228070176
DeoRC	160	3300014916.a:Ga0169762_100203_17	253	2.8e-38	2	157	80	234	0.96875
HTH_11	55	3300014916.a:Ga0169762_100203_18	627	7.2e-10	3	55	6	58	0.9454545454545454
Mga	87	3300014916.a:Ga0169762_100203_18	627	1.9e-09	10	84	72	149	0.8505747126436781
PTS_EIIC	324	3300014916.a:Ga0169762_100203_20	414	4.8e-23	2	322	30	330	0.9876543209876543
PTS_EIIC	324	3300014916.a:Ga0169762_100203_25	354	2e-17	2	324	14	289	0.9938271604938271
Mga	87	3300014916.a:Ga0169762_100203_29	649	7.9e-08	23	82	11	75	0.6781609195402298
Mga	87	3300014916.a:Ga0169762_100203_29	649	4.3e-07	13	81	88	159	0.7816091954022989
Sigma70_r2	71	3300014916.a:Ga0169762_100203_33	189	2.6e-14	1	70	21	88	0.971830985915493
Sigma70_r4_2	54	3300014916.a:Ga0169762_100203_33	189	5.7e-14	3	54	119	170	0.9444444444444444
SIS	131	3300014916.a:Ga0169762_100203_35	378	1.3e-07	51	125	101	172	0.5648854961832062
SIS	131	3300014916.a:Ga0169762_100203_35	378	7.3e-08	10	66	234	290	0.42748091603053434
PadR	75	3300014916.a:Ga0169762_100203_47	185	2.8e-13	1	74	7	80	0.9733333333333334
SIS	131	3300014916.a:Ga0169762_100203_53	205	1.6e-22	5	127	45	169	0.9312977099236641
AAA	132	3300014916.a:Ga0169762_100203_7	422	2.1e-18	1	125	42	143	0.9393939393939394
Response_reg	112	3300014916.a:Ga0169762_100204_14	230	4.2e-32	1	112	5	114	0.9910714285714286
Trans_reg_C	77	3300014916.a:Ga0169762_100204_14	230	7.4e-30	2	77	152	227	0.974025974025974
HisKA	64	3300014916.a:Ga0169762_100204_15	367	6.9e-12	2	57	141	199	0.859375
HATPase_c	111	3300014916.a:Ga0169762_100204_15	367	4.2e-20	1	109	251	358	0.972972972972973
HisKA	64	3300014916.a:Ga0169762_100204_16	374	1.1e-06	2	60	143	205	0.90625
HATPase_c	111	3300014916.a:Ga0169762_100204_16	374	4.1e-06	2	108	255	361	0.954954954954955
ACT	67	3300014916.a:Ga0169762_100204_18	90	3.9e-08	2	52	4	54	0.746268656716418
HTH_6	77	3300014916.a:Ga0169762_100204_2	288	9.7e-22	11	75	15	79	0.8311688311688312
SIS	131	3300014916.a:Ga0169762_100204_2	288	8e-19	10	124	142	254	0.8702290076335878
MerR	38	3300014916.a:Ga0169762_100204_23	355	2.9e-14	1	38	3	39	0.9736842105263158
HTH_3	55	3300014916.a:Ga0169762_100204_24	269	2e-16	1	53	10	62	0.9454545454545454
MerR	38	3300014916.a:Ga0169762_100204_27	299	1.5e-12	4	38	5	38	0.8947368421052632
PTS_EIIC	324	3300014916.a:Ga0169762_100204_3	433	3.4e-48	1	324	27	354	0.9969135802469136
Aminotran_1_2	363	3300014916.a:Ga0169762_100204_6	389	3.3e-08	47	224	61	206	0.48760330578512395
HTH_18	81	3300014916.a:Ga0169762_100207_1	325	1.2e-22	1	81	32	111	0.9876543209876543
SpoIIE	193	3300014916.a:Ga0169762_100207_10	619	3.4e-20	4	193	448	616	0.9792746113989638
Pribosyltran	159	3300014916.a:Ga0169762_100207_18	180	1.5e-27	11	158	15	160	0.9245283018867925
AAA	132	3300014916.a:Ga0169762_100207_19	675	1e-46	1	131	199	331	0.9848484848484849
HTH_6	77	3300014916.a:Ga0169762_100207_23	268	3.3e-11	3	67	5	66	0.8311688311688312
SIS	131	3300014916.a:Ga0169762_100207_23	268	6.1e-15	3	129	116	241	0.9618320610687023
AraC_binding	136	3300014916.a:Ga0169762_100207_26	279	4e-18	12	131	26	143	0.875
HTH_18	81	3300014916.a:Ga0169762_100207_26	279	1e-24	2	79	191	266	0.9506172839506173
dCache_1	249	3300014916.a:Ga0169762_100207_3	568	1.8e-18	19	248	60	254	0.9196787148594378
HATPase_c	111	3300014916.a:Ga0169762_100207_3	568	3.9e-07	6	110	456	552	0.9369369369369369
HTH_3	55	3300014916.a:Ga0169762_100207_30	260	7.2e-22	1	55	7	61	0.9818181818181818
HTH_11	55	3300014916.a:Ga0169762_100207_32	652	5.8e-08	1	42	24	66	0.7454545454545455
Mga	87	3300014916.a:Ga0169762_100207_32	652	8.5e-15	22	85	119	186	0.7241379310344828
Response_reg	112	3300014916.a:Ga0169762_100207_4	527	3e-28	1	108	4	114	0.9553571428571429
HTH_18	81	3300014916.a:Ga0169762_100207_4	527	5.2e-20	1	80	440	518	0.9753086419753086
Peptidase_M23	96	3300014916.a:Ga0169762_100207_6	208	3.4e-18	3	96	100	195	0.96875
AraC_binding	136	3300014916.a:Ga0169762_100211_1	391	4.2e-08	7	87	140	220	0.5882352941176471
HTH_18	81	3300014916.a:Ga0169762_100211_1	391	4.6e-20	2	80	309	386	0.9629629629629629
PfkB	302	3300014916.a:Ga0169762_100211_14	306	1.2e-59	1	300	1	292	0.9900662251655629
LacI	46	3300014916.a:Ga0169762_100211_17	336	8.7e-18	1	46	4	50	0.9782608695652174
Peripla_BP_3	164	3300014916.a:Ga0169762_100211_17	336	2e-30	2	164	174	332	0.9878048780487805
Pyr_redox_2	292	3300014916.a:Ga0169762_100211_20	307	1.5e-48	1	292	5	292	0.9965753424657534
Sigma70_r2	71	3300014916.a:Ga0169762_100211_25	161	7.4e-10	2	66	11	72	0.9014084507042254
Sigma70_r4_2	54	3300014916.a:Ga0169762_100211_25	161	1.7e-15	4	54	98	148	0.9259259259259259
SIS	131	3300014916.a:Ga0169762_100211_5	393	6.3e-12	7	129	57	190	0.9312977099236641
SIS	131	3300014916.a:Ga0169762_100211_5	393	2.1e-09	6	113	230	343	0.816793893129771
Peptidase_M23	96	3300014916.a:Ga0169762_100212_11	231	4e-17	12	89	74	182	0.8020833333333334
TetR_N	47	3300014916.a:Ga0169762_100212_12	220	5e-16	1	45	16	60	0.9361702127659575
HTH_3	55	3300014916.a:Ga0169762_100212_13	73	1.8e-16	1	53	12	64	0.9454545454545454
HTH_3	55	3300014916.a:Ga0169762_100212_16	221	7.3e-21	3	55	8	60	0.9454545454545454
Fer4	24	3300014916.a:Ga0169762_100212_20	255	3.4e-06	7	23	182	198	0.6666666666666666
Fer4	24	3300014916.a:Ga0169762_100212_20	255	2.4e-09	3	23	206	226	0.8333333333333334
HMA	62	3300014916.a:Ga0169762_100212_22	83	3.1e-17	2	62	19	79	0.967741935483871
Sigma70_r4_2	54	3300014916.a:Ga0169762_100212_23	239	7.8e-08	16	54	38	76	0.7037037037037037
Nitro_FeMo-Co	95	3300014916.a:Ga0169762_100212_23	239	3.8e-19	1	93	114	201	0.968421052631579
dCache_1	249	3300014916.a:Ga0169762_100212_30	741	1e-17	2	249	35	264	0.9919678714859438
GGDEF	161	3300014916.a:Ga0169762_100212_30	741	4.3e-17	2	139	315	446	0.8509316770186336
EAL	238	3300014916.a:Ga0169762_100212_30	741	4.4e-64	3	238	489	723	0.9873949579831933
Fer4	24	3300014916.a:Ga0169762_100212_33	505	4.3e-12	2	23	145	166	0.875
Fer4	24	3300014916.a:Ga0169762_100212_33	505	4.7e-09	2	23	191	212	0.875
SKI	158	3300014916.a:Ga0169762_100212_37	177	2.1e-14	2	116	10	127	0.7215189873417721
HxlR	91	3300014916.a:Ga0169762_100212_42	119	1.2e-22	3	87	19	103	0.9230769230769231
NUDIX	131	3300014916.a:Ga0169762_100212_50	154	2.6e-19	3	130	6	134	0.9694656488549618
Fer4	24	3300014916.a:Ga0169762_100212_54	71	7.4e-08	1	23	6	28	0.9166666666666666
Fer4	24	3300014916.a:Ga0169762_100212_54	71	1.4e-06	3	23	37	57	0.8333333333333334
SBP_bac_1	315	3300014916.a:Ga0169762_100212_6	326	1.4e-14	14	308	41	270	0.9333333333333333
T2SSE	273	3300014916.a:Ga0169762_100212_7	262	5.8e-05	112	200	17	109	0.32234432234432236
MarR	59	3300014916.a:Ga0169762_100212_9	303	2.5e-06	1	47	3	51	0.7796610169491526
Response_reg	112	3300014916.a:Ga0169762_100213_1	230	1.4e-30	1	112	5	112	0.9910714285714286
Trans_reg_C	77	3300014916.a:Ga0169762_100213_1	230	1.6e-26	2	77	152	228	0.974025974025974
PTS_EIIC	324	3300014916.a:Ga0169762_100213_11	628	4.6e-35	2	321	111	405	0.9845679012345679
GntR	64	3300014916.a:Ga0169762_100213_12	239	3.5e-16	1	64	3	66	0.984375
GerE	57	3300014916.a:Ga0169762_100213_16	257	5.8e-06	2	37	76	111	0.6140350877192983
HisKA	64	3300014916.a:Ga0169762_100213_2	448	5.8e-12	2	55	244	301	0.828125
Fe_dep_repress	60	3300014916.a:Ga0169762_100213_21	121	4.2e-14	2	58	3	59	0.9333333333333333
Fe_dep_repr_C	70	3300014916.a:Ga0169762_100213_21	121	3.1e-20	1	55	64	118	0.7714285714285715
EPSP_synthase	417	3300014916.a:Ga0169762_100213_25	421	1.7e-91	2	417	8	407	0.9952038369304557
LytTR	98	3300014916.a:Ga0169762_100213_28	227	2e-15	5	94	135	218	0.9081632653061225
CbiA	128	3300014916.a:Ga0169762_100213_32	261	1.4e-27	1	128	5	230	0.9921875
HTH_3	55	3300014916.a:Ga0169762_100213_33	295	3.5e-07	3	31	147	175	0.509090909090909
HTH_11	55	3300014916.a:Ga0169762_100213_37	197	6.3e-16	1	55	19	72	0.9818181818181818
GntR	64	3300014916.a:Ga0169762_100213_40	239	2.2e-17	2	64	5	67	0.96875
SIS	131	3300014916.a:Ga0169762_100213_48	207	3e-20	6	110	43	146	0.7938931297709924
Pribosyltran	159	3300014916.a:Ga0169762_100213_5	318	2e-19	18	131	151	259	0.710691823899371
PTS_EIIC	324	3300014916.a:Ga0169762_100213_7	465	3.4e-27	2	321	114	394	0.9845679012345679
GntR	64	3300014916.a:Ga0169762_100213_9	239	7.4e-20	2	64	8	70	0.96875
AAA	132	3300014916.a:Ga0169762_100217_30	618	6.3e-31	1	131	401	526	0.9848484848484849
SIS	131	3300014916.a:Ga0169762_100217_37	333	3e-11	6	109	37	140	0.7862595419847328
Pribosyltran	159	3300014916.a:Ga0169762_100217_41	223	1.2e-07	70	131	150	206	0.3836477987421384
HTH_3	55	3300014916.a:Ga0169762_100217_47	60	6.1e-12	3	55	5	60	0.9454545454545454
LytTR	98	3300014916.a:Ga0169762_100217_5	146	2.8e-20	2	96	50	144	0.9591836734693877
Response_reg	112	3300014916.a:Ga0169762_100217_7	250	2.2e-14	1	110	5	118	0.9732142857142857
LytTR	98	3300014916.a:Ga0169762_100217_7	250	1.9e-12	3	95	141	231	0.9387755102040817
LytTR	98	3300014916.a:Ga0169762_100217_9	236	6.2e-11	4	95	140	226	0.9285714285714286
MerR	38	3300014916.a:Ga0169762_100229_10	297	3.1e-14	1	38	3	40	0.9736842105263158
HATPase_c	111	3300014916.a:Ga0169762_100229_14	336	4.5e-18	2	108	217	324	0.954954954954955
Response_reg	112	3300014916.a:Ga0169762_100229_15	223	2.2e-23	1	111	3	111	0.9821428571428571
Trans_reg_C	77	3300014916.a:Ga0169762_100229_15	223	6e-21	2	77	147	221	0.974025974025974
TrkA_C	70	3300014916.a:Ga0169762_100229_22	528	1e-10	1	62	451	511	0.8714285714285714
TetR_N	47	3300014916.a:Ga0169762_100229_26	206	1.6e-15	1	47	16	62	0.9787234042553191
Aminotran_1_2	363	3300014916.a:Ga0169762_100229_30	396	4.1e-37	47	360	68	382	0.8622589531680441
GntR	64	3300014916.a:Ga0169762_100229_32	123	7e-20	2	64	10	72	0.96875
Fer4	24	3300014916.a:Ga0169762_100229_35	202	2.5e-06	5	23	152	170	0.75
Fer4	24	3300014916.a:Ga0169762_100229_35	202	7.7e-09	3	23	178	198	0.8333333333333334
GGDEF	161	3300014916.a:Ga0169762_100229_36	634	2.5e-19	3	156	196	345	0.9503105590062112
EAL	238	3300014916.a:Ga0169762_100229_36	634	2.8e-64	3	238	372	606	0.9873949579831933
MerR	38	3300014916.a:Ga0169762_100232_2	272	7.1e-11	2	38	9	45	0.9473684210526315
GyrI-like	155	3300014916.a:Ga0169762_100232_2	272	5e-07	87	140	202	253	0.3419354838709677
HTH_18	81	3300014916.a:Ga0169762_100232_20	299	3.6e-22	2	80	28	105	0.9629629629629629
GyrI-like	155	3300014916.a:Ga0169762_100232_20	299	6e-10	61	154	200	292	0.6
Peptidase_M23	96	3300014916.a:Ga0169762_100232_21	518	3e-16	2	89	364	469	0.90625
HTH_11	55	3300014916.a:Ga0169762_100232_23	627	1.9e-07	1	53	7	59	0.9454545454545454
Mga	87	3300014916.a:Ga0169762_100232_23	627	3e-07	8	72	73	137	0.735632183908046
PTS_EIIC	324	3300014916.a:Ga0169762_100232_27	439	1.2e-37	2	322	30	355	0.9876543209876543
HTH_11	55	3300014916.a:Ga0169762_100232_30	318	8.2e-15	4	55	6	58	0.9272727272727272
HhH-GPD	108	3300014916.a:Ga0169762_100232_33	468	4.1e-22	1	107	153	287	0.9814814814814815
NUDIX	131	3300014916.a:Ga0169762_100232_34	190	4.5e-12	11	130	51	177	0.9083969465648855
AAA	132	3300014916.a:Ga0169762_100232_4	594	3.1e-06	2	99	383	542	0.7348484848484849
HTH_DeoR	57	3300014916.a:Ga0169762_100232_40	210	8.8e-05	18	43	35	60	0.43859649122807015
HTH_3	55	3300014916.a:Ga0169762_100232_44	108	1.9e-10	1	55	7	61	0.9818181818181818
HTH_3	55	3300014916.a:Ga0169762_100232_45	111	3.7e-13	1	55	7	61	0.9818181818181818
MerR	38	3300014916.a:Ga0169762_100245_1	126	2e-16	1	38	2	39	0.9736842105263158
Sigma70_r2	71	3300014916.a:Ga0169762_100245_16	162	2.6e-12	2	65	14	75	0.8873239436619719
Sigma70_r4_2	54	3300014916.a:Ga0169762_100245_16	162	1.7e-15	4	54	100	150	0.9259259259259259
GGDEF	161	3300014916.a:Ga0169762_100245_17	561	6.7e-28	3	161	137	287	0.9813664596273292
EAL	238	3300014916.a:Ga0169762_100245_17	561	5.6e-65	11	238	318	543	0.9537815126050421
PfkB	302	3300014916.a:Ga0169762_100245_18	266	5e-09	90	284	35	234	0.6423841059602649
HTH_6	77	3300014916.a:Ga0169762_100245_22	300	1.7e-14	3	71	2	70	0.8831168831168831
SIS	131	3300014916.a:Ga0169762_100245_22	300	9.1e-19	1	111	128	239	0.8396946564885496
PTS_EIIC	324	3300014916.a:Ga0169762_100245_31	462	6.8e-27	3	315	119	384	0.9629629629629629
HTH_DeoR	57	3300014916.a:Ga0169762_100245_9	262	9.4e-19	1	54	10	63	0.9298245614035088
DeoRC	160	3300014916.a:Ga0169762_100245_9	262	2.8e-43	3	160	80	239	0.98125
Pyr_redox	81	3300014916.a:Ga0169762_100246_1	370	6.8e-06	2	37	170	205	0.43209876543209874
MarR	59	3300014916.a:Ga0169762_100246_12	146	5.7e-16	2	59	35	92	0.9661016949152542
HTH_11	55	3300014916.a:Ga0169762_100246_17	314	1e-09	5	55	10	61	0.9090909090909091
AAA	132	3300014916.a:Ga0169762_100246_25	618	1.6e-47	2	131	205	336	0.9772727272727273
TrkA_C	70	3300014916.a:Ga0169762_100246_3	224	6.9e-14	5	61	153	208	0.8
HisKA	64	3300014916.a:Ga0169762_100246_5	516	9.6e-13	2	64	284	351	0.96875
HATPase_c	111	3300014916.a:Ga0169762_100246_5	516	1.8e-21	3	110	397	507	0.963963963963964
Response_reg	112	3300014916.a:Ga0169762_100246_6	228	8.4e-30	1	112	5	114	0.9910714285714286
Trans_reg_C	77	3300014916.a:Ga0169762_100246_6	228	6.7e-25	2	77	149	224	0.974025974025974
Peptidase_M23	96	3300014916.a:Ga0169762_100247_18	466	2e-18	2	90	308	416	0.9166666666666666
PTS-HPr	82	3300014916.a:Ga0169762_100247_30	89	2.6e-29	2	81	3	82	0.9634146341463414
PIG-L	131	3300014916.a:Ga0169762_100247_34	270	4.4e-12	2	128	81	191	0.9618320610687023
HTH_DeoR	57	3300014916.a:Ga0169762_100247_7	256	2.6e-16	1	55	6	60	0.9473684210526315
DeoRC	160	3300014916.a:Ga0169762_100247_7	256	1e-41	4	160	77	235	0.975
HTH_3	55	3300014916.a:Ga0169762_100248_10	403	2.2e-16	2	55	11	64	0.9636363636363636
HTH_DeoR	57	3300014916.a:Ga0169762_100248_24	267	1.4e-15	1	55	8	62	0.9473684210526315
DeoRC	160	3300014916.a:Ga0169762_100248_24	267	4.1e-48	3	159	76	231	0.975
HTH_DeoR	57	3300014916.a:Ga0169762_100248_25	155	1.2e-17	1	55	6	60	0.9473684210526315
DeoRC	160	3300014916.a:Ga0169762_100248_25	155	3.8e-22	2	81	75	154	0.49375
HTH_3	55	3300014916.a:Ga0169762_100248_28	88	8.2e-17	3	48	9	54	0.8181818181818182
cNMP_binding	88	3300014916.a:Ga0169762_100248_31	220	6.9e-10	3	87	30	116	0.9545454545454546
Pyr_redox_2	292	3300014916.a:Ga0169762_100248_33	392	6.5e-41	4	292	7	295	0.9863013698630136
Fer4	24	3300014916.a:Ga0169762_100248_7	1169	1.2e-07	1	23	683	705	0.9166666666666666
Fer4	24	3300014916.a:Ga0169762_100248_7	1169	2.8e-05	2	22	740	760	0.8333333333333334
DctP	286	3300014916.a:Ga0169762_100249_11	335	1.8e-76	5	283	40	318	0.972027972027972
Pyr_redox_2	292	3300014916.a:Ga0169762_100249_14	462	3.8e-39	1	291	141	446	0.9931506849315068
LytTR	98	3300014916.a:Ga0169762_100249_24	147	3e-25	3	97	50	144	0.9591836734693877
SKI	158	3300014916.a:Ga0169762_100249_3	422	6.3e-40	2	154	263	408	0.9620253164556962
HD	122	3300014916.a:Ga0169762_100249_30	193	1.7e-06	2	93	52	158	0.7459016393442623
HTH_1	60	3300014916.a:Ga0169762_100249_4	302	1.4e-20	1	60	3	62	0.9833333333333333
LysR_substrate	209	3300014916.a:Ga0169762_100249_4	302	1.4e-43	3	207	88	291	0.9760765550239234
Pyr_redox_2	292	3300014916.a:Ga0169762_100249_5	665	3.9e-26	2	246	384	621	0.8356164383561644
Glyoxalase	128	3300014916.a:Ga0169762_100263_11	126	5.3e-12	2	125	5	121	0.9609375
AAA	132	3300014916.a:Ga0169762_100263_13	644	3.8e-15	2	125	186	315	0.9318181818181818
LacI	46	3300014916.a:Ga0169762_100263_14	363	2.7e-12	3	44	10	53	0.8913043478260869
Peripla_BP_3	164	3300014916.a:Ga0169762_100263_14	363	4.6e-26	2	164	176	354	0.9878048780487805
Pyr_redox_2	292	3300014916.a:Ga0169762_100263_16	106	3.7e-11	1	90	3	102	0.3047945205479452
Pyr_redox_2	292	3300014916.a:Ga0169762_100263_17	309	3.9e-19	113	276	15	185	0.5582191780821918
CBS	57	3300014916.a:Ga0169762_100263_19	447	2.6e-08	2	52	132	186	0.8771929824561403
CBS	57	3300014916.a:Ga0169762_100263_19	447	9e-07	3	56	196	249	0.9298245614035088
HTH_3	55	3300014916.a:Ga0169762_100263_32	79	1.5e-12	1	47	7	53	0.8363636363636363
HATPase_c	111	3300014916.a:Ga0169762_100263_4	338	1.7e-18	2	108	221	329	0.954954954954955
Response_reg	112	3300014916.a:Ga0169762_100263_5	225	8.8e-25	1	111	4	112	0.9821428571428571
Trans_reg_C	77	3300014916.a:Ga0169762_100263_5	225	1.9e-25	1	76	146	220	0.974025974025974
HTH_3	55	3300014916.a:Ga0169762_100263_8	195	5.9e-09	10	51	16	58	0.7454545454545455
Pribosyltran	159	3300014916.a:Ga0169762_100287_10	172	1.2e-21	7	143	29	167	0.8553459119496856
HD	122	3300014916.a:Ga0169762_100287_11	740	2.9e-08	1	122	57	156	0.9918032786885246
Response_reg	112	3300014916.a:Ga0169762_100287_28	225	2.5e-19	30	107	46	122	0.6875
GerE	57	3300014916.a:Ga0169762_100287_28	225	4.7e-16	3	55	161	213	0.9122807017543859
AAA	132	3300014916.a:Ga0169762_100287_3	338	1.7e-18	1	129	53	176	0.9696969696969697
AAA	132	3300014916.a:Ga0169762_100296_1	942	1.5e-08	1	130	142	288	0.9772727272727273
HTH_3	55	3300014916.a:Ga0169762_100296_11	358	1.8e-15	3	55	9	61	0.9454545454545454
MerR	38	3300014916.a:Ga0169762_100296_13	274	8.7e-14	1	38	3	41	0.9736842105263158
GyrI-like	155	3300014916.a:Ga0169762_100296_13	274	1.7e-10	71	155	184	272	0.5419354838709678
SIS	131	3300014916.a:Ga0169762_100296_6	358	3.1e-08	2	111	36	148	0.8320610687022901
SIS	131	3300014916.a:Ga0169762_100296_6	358	7e-06	9	86	215	293	0.5877862595419847
PTS-HPr	82	3300014916.a:Ga0169762_100296_7	86	6.6e-21	2	81	3	82	0.9634146341463414
PfkB	302	3300014916.a:Ga0169762_100300_10	313	9e-57	1	301	1	311	0.9933774834437086
HTH_11	55	3300014916.a:Ga0169762_100300_15	626	4.7e-08	1	55	7	64	0.9818181818181818
Mga	87	3300014916.a:Ga0169762_100300_15	626	3.5e-12	16	86	84	158	0.8045977011494253
PTS_EIIC	324	3300014916.a:Ga0169762_100300_17	434	1e-39	1	323	31	353	0.9938271604938271
TrmB	68	3300014916.a:Ga0169762_100300_2	778	5.6e-05	24	62	33	71	0.5588235294117647
Fer4	24	3300014916.a:Ga0169762_100300_21	623	1.4e-05	4	19	23	38	0.625
Fer4	24	3300014916.a:Ga0169762_100300_21	623	4.1e-09	4	24	54	74	0.8333333333333334
GGDEF	161	3300014916.a:Ga0169762_100300_22	425	3.2e-30	1	159	271	418	0.9813664596273292
GAF	133	3300014916.a:Ga0169762_100300_24	925	9.2e-06	2	125	165	296	0.924812030075188
GAF	133	3300014916.a:Ga0169762_100300_24	925	3.5e-07	1	114	598	721	0.849624060150376
GGDEF	161	3300014916.a:Ga0169762_100300_25	394	5.7e-12	44	148	4	101	0.6459627329192547
EAL	238	3300014916.a:Ga0169762_100300_25	394	5.9e-62	8	238	140	370	0.9663865546218487
Response_reg	112	3300014916.a:Ga0169762_100300_26	174	4e-09	21	105	31	113	0.75
PTS_EIIC	324	3300014916.a:Ga0169762_100300_6	466	1.8e-25	3	324	116	396	0.9907407407407407
HTH_1	60	3300014916.a:Ga0169762_100320_1	100	1.6e-19	4	60	6	62	0.9333333333333333
Response_reg	112	3300014916.a:Ga0169762_100320_15	239	2.7e-14	1	111	3	116	0.9821428571428571
LytTR	98	3300014916.a:Ga0169762_100320_15	239	4.1e-16	5	95	140	225	0.9183673469387755
Pribosyltran	159	3300014916.a:Ga0169762_100320_20	207	1.6e-14	28	134	66	168	0.6666666666666666
AAA	132	3300014916.a:Ga0169762_100320_32	938	4.3e-11	2	128	139	283	0.9545454545454546
HTH_11	55	3300014916.a:Ga0169762_100320_4	654	1.8e-07	3	55	7	63	0.9454545454545454
Mga	87	3300014916.a:Ga0169762_100320_4	654	2.9e-07	5	81	78	158	0.8735632183908046
PTS_EIIC	324	3300014916.a:Ga0169762_100320_7	363	4.2e-22	3	324	16	286	0.9907407407407407
HTH_1	60	3300014916.a:Ga0169762_100329_12	306	9.9e-23	2	60	4	62	0.9666666666666667
LysR_substrate	209	3300014916.a:Ga0169762_100329_12	306	1.2e-08	36	207	120	301	0.8181818181818182
AAA	132	3300014916.a:Ga0169762_100329_20	921	4.2e-11	2	130	138	280	0.9696969696969697
Spo0A_C	104	3300014916.a:Ga0169762_100329_27	122	6e-38	1	103	13	115	0.9807692307692307
Trans_reg_C	77	3300014916.a:Ga0169762_100353_16	396	4.9e-09	8	61	32	87	0.6883116883116883
BTAD	146	3300014916.a:Ga0169762_100353_16	396	2.6e-10	15	145	123	253	0.8904109589041096
Trans_reg_C	77	3300014916.a:Ga0169762_100353_17	406	4.3e-07	7	72	28	95	0.8441558441558441
BTAD	146	3300014916.a:Ga0169762_100353_17	406	1.3e-12	1	145	107	249	0.9863013698630136
GGDEF	161	3300014916.a:Ga0169762_100353_17	406	2.3e-08	31	116	301	386	0.5279503105590062
Aminotran_1_2	363	3300014916.a:Ga0169762_100353_30	410	1.8e-11	50	354	70	362	0.837465564738292
LysR_substrate	209	3300014916.a:Ga0169762_100353_31	211	4.5e-38	13	191	12	193	0.8516746411483254
GGDEF	161	3300014916.a:Ga0169762_100353_4	543	1.4e-28	1	160	391	541	0.9875776397515528
GntR	64	3300014916.a:Ga0169762_100369_1	129	4.7e-11	4	64	15	75	0.9375
GGDEF	161	3300014916.a:Ga0169762_100369_10	872	5.9e-39	2	160	399	552	0.9813664596273292
AAA	132	3300014916.a:Ga0169762_100369_12	911	4e-12	1	130	126	272	0.9772727272727273
SIS	131	3300014916.a:Ga0169762_100369_19	337	1.1e-13	6	123	36	150	0.8931297709923665
ACT	67	3300014916.a:Ga0169762_100369_23	171	9.1e-14	2	66	10	74	0.9552238805970149
Peripla_BP_2	238	3300014916.a:Ga0169762_100372_19	335	3.6e-21	8	236	61	278	0.957983193277311
HisKA	64	3300014916.a:Ga0169762_100372_25	469	7.5e-16	3	63	251	314	0.9375
HATPase_c	111	3300014916.a:Ga0169762_100372_25	469	7.9e-26	3	109	361	467	0.954954954954955
Response_reg	112	3300014916.a:Ga0169762_100372_26	225	3.7e-28	2	112	4	113	0.9821428571428571
Trans_reg_C	77	3300014916.a:Ga0169762_100372_26	225	2.7e-24	4	76	148	219	0.935064935064935
Response_reg	112	3300014916.a:Ga0169762_100372_29	236	5.9e-16	1	110	4	117	0.9732142857142857
LytTR	98	3300014916.a:Ga0169762_100372_29	236	5.9e-19	3	97	138	227	0.9591836734693877
Aminotran_1_2	363	3300014916.a:Ga0169762_100372_5	388	6.1e-44	32	362	53	376	0.9090909090909091
SIS	131	3300014916.a:Ga0169762_100372_7	246	6.6e-08	50	97	101	148	0.35877862595419846
HTH_6	77	3300014916.a:Ga0169762_100372_9	272	7.8e-24	1	73	1	73	0.935064935064935
SIS	131	3300014916.a:Ga0169762_100372_9	272	9.5e-23	2	129	114	241	0.9694656488549618
Pyr_redox_2	292	3300014916.a:Ga0169762_100378_10	449	1e-60	1	281	10	306	0.958904109589041
HxlR	91	3300014916.a:Ga0169762_100378_13	145	2.1e-23	1	89	17	105	0.967032967032967
CbiA	128	3300014916.a:Ga0169762_100378_16	281	7.3e-17	1	116	4	242	0.8984375
HTH_3	55	3300014916.a:Ga0169762_100378_18	93	5.1e-10	3	53	30	80	0.9090909090909091
Peptidase_M23	96	3300014916.a:Ga0169762_100378_19	360	5.6e-21	2	92	229	340	0.9375
Pribosyltran	159	3300014916.a:Ga0169762_100378_2	476	6.2e-07	13	120	257	372	0.6729559748427673
TetR_N	47	3300014916.a:Ga0169762_100378_3	210	9.7e-17	3	47	12	56	0.9361702127659575
HD	122	3300014916.a:Ga0169762_100378_8	475	9.2e-10	1	54	64	133	0.4344262295081967
HTH_3	55	3300014916.a:Ga0169762_100385_12	72	5.4e-16	1	55	6	60	0.9818181818181818
GntR	64	3300014916.a:Ga0169762_100385_16	235	1.6e-13	5	61	8	64	0.875
Glyoxalase	128	3300014916.a:Ga0169762_100397_14	157	6.8e-18	2	127	22	142	0.9765625
NUDIX	131	3300014916.a:Ga0169762_100397_17	175	1.1e-16	5	119	40	151	0.8702290076335878
cNMP_binding	88	3300014916.a:Ga0169762_100397_5	224	1.5e-12	2	87	29	115	0.9659090909090909
HATPase_c	111	3300014916.a:Ga0169762_100397_9	606	5.9e-21	9	109	1	136	0.9009009009009009
HTH_3	55	3300014916.a:Ga0169762_100399_14	66	7.6e-19	1	55	7	61	0.9818181818181818
Response_reg	112	3300014916.a:Ga0169762_100399_6	234	7.7e-30	1	111	5	113	0.9821428571428571
Trans_reg_C	77	3300014916.a:Ga0169762_100399_6	234	7.3e-28	2	77	156	230	0.974025974025974
HisKA	64	3300014916.a:Ga0169762_100399_7	563	2.8e-17	1	63	340	405	0.96875
HATPase_c	111	3300014916.a:Ga0169762_100399_7	563	1.1e-09	2	93	453	544	0.8198198198198198
HTH_5	47	3300014916.a:Ga0169762_100411_10	364	1e-09	1	45	286	330	0.9361702127659575
TPR_1	34	3300014916.a:Ga0169762_100411_21	502	8.5e-05	3	33	36	66	0.8823529411764706
TPR_1	34	3300014916.a:Ga0169762_100411_21	502	3.2e-05	3	28	104	129	0.7352941176470589
TPR_2	34	3300014916.a:Ga0169762_100411_21	502	1.1e-05	5	32	206	233	0.7941176470588235
TPR_2	34	3300014916.a:Ga0169762_100411_21	502	2.5e-08	5	34	383	412	0.8529411764705882
TPR_1	34	3300014916.a:Ga0169762_100411_21	502	2.2e-05	8	29	454	475	0.6176470588235294
SBP_bac_1	315	3300014916.a:Ga0169762_100411_4	632	1.6e-15	9	313	317	564	0.9650793650793651
HTH_3	55	3300014916.a:Ga0169762_100411_7	178	2.5e-14	1	53	7	59	0.9454545454545454
AraC_binding	136	3300014916.a:Ga0169762_100411_7	178	1.8e-07	18	78	115	175	0.4411764705882353
HxlR	91	3300014916.a:Ga0169762_100411_9	137	1.9e-15	4	84	20	101	0.8791208791208791
Rhodanese	107	3300014916.a:Ga0169762_100427_11	109	2.9e-17	1	104	9	98	0.9626168224299065
PALP	294	3300014916.a:Ga0169762_100427_2	400	8.2e-87	3	294	15	298	0.9897959183673469
HTH_11	55	3300014916.a:Ga0169762_100431_10	646	5.8e-12	1	54	6	60	0.9636363636363636
Mga	87	3300014916.a:Ga0169762_100431_10	646	6.9e-06	11	67	77	137	0.6436781609195402
PTS_EIIC	324	3300014916.a:Ga0169762_100431_11	437	2.3e-31	1	322	29	346	0.9907407407407407
CbiA	128	3300014916.a:Ga0169762_100441_16	241	1.2e-18	1	115	5	201	0.890625
Pyr_redox_2	292	3300014916.a:Ga0169762_100441_2	662	1.8e-28	2	250	402	635	0.8493150684931506
TetR_N	47	3300014916.a:Ga0169762_100441_3	204	1.3e-11	5	46	22	63	0.8723404255319149
AAA	132	3300014916.a:Ga0169762_100465_14	853	8.2e-17	2	128	200	334	0.9545454545454546
AAA	132	3300014916.a:Ga0169762_100465_14	853	1.5e-12	2	111	598	716	0.8257575757575758
HD	122	3300014916.a:Ga0169762_100465_17	455	1.8e-06	29	120	268	365	0.7459016393442623
FeoA	74	3300014916.a:Ga0169762_100465_6	79	2.1e-16	1	73	2	73	0.972972972972973
dCache_1	249	3300014916.a:Ga0169762_100465_7	537	1.5e-31	5	231	34	253	0.9076305220883534
GGDEF	161	3300014916.a:Ga0169762_100465_7	537	4.8e-36	1	159	375	527	0.9813664596273292
HTH_1	60	3300014916.a:Ga0169762_100472_1	299	1.6e-20	1	60	3	62	0.9833333333333333
LysR_substrate	209	3300014916.a:Ga0169762_100472_1	299	1.7e-41	9	208	92	291	0.9521531100478469
HisKA	64	3300014916.a:Ga0169762_100472_16	410	1.4e-10	2	59	196	253	0.890625
HATPase_c	111	3300014916.a:Ga0169762_100472_16	410	3.7e-20	2	106	303	403	0.9369369369369369
Response_reg	112	3300014916.a:Ga0169762_100472_17	228	1.5e-26	1	111	4	112	0.9821428571428571
Trans_reg_C	77	3300014916.a:Ga0169762_100472_17	228	4.1e-21	1	76	147	222	0.974025974025974
HTH_3	55	3300014916.a:Ga0169762_100476_10	113	6.6e-12	2	52	15	65	0.9090909090909091
PadR	75	3300014916.a:Ga0169762_100476_15	186	4.2e-12	1	75	9	84	0.9866666666666667
HTH_11	55	3300014916.a:Ga0169762_100476_20	645	8.2e-09	1	54	8	65	0.9636363636363636
Mga	87	3300014916.a:Ga0169762_100476_20	645	7.7e-09	14	86	94	169	0.8275862068965517
PTS_EIIC	324	3300014916.a:Ga0169762_100476_22	475	1.2e-12	2	324	20	275	0.9938271604938271
AAA	132	3300014916.a:Ga0169762_100491_14	775	8.4e-26	1	127	353	490	0.9545454545454546
HD	122	3300014916.a:Ga0169762_100491_3	299	2.8e-17	2	121	132	250	0.9754098360655737
HTH_5	47	3300014916.a:Ga0169762_100491_9	97	9.2e-17	1	45	9	53	0.9361702127659575
AAA	132	3300014916.a:Ga0169762_100499_16	910	4.9e-10	2	131	128	274	0.9772727272727273
AraC_binding	136	3300014916.a:Ga0169762_100499_7	291	3.7e-15	11	131	32	155	0.8823529411764706
HTH_18	81	3300014916.a:Ga0169762_100499_7	291	8.2e-20	2	81	203	281	0.9753086419753086
Nitroreductase	170	3300014916.a:Ga0169762_100519_1	206	1.6e-22	1	170	32	186	0.9941176470588236
HTH_5	47	3300014916.a:Ga0169762_100519_2	122	9.5e-11	1	46	28	76	0.9574468085106383
Fer4	24	3300014916.a:Ga0169762_100519_3	255	2e-07	5	23	186	204	0.75
cNMP_binding	88	3300014916.a:Ga0169762_100519_5	225	9.1e-19	1	86	20	106	0.9659090909090909
Crp	32	3300014916.a:Ga0169762_100519_5	225	0.0001	4	30	167	193	0.8125
GGDEF	161	3300014916.a:Ga0169762_100519_7	1103	4.1e-22	2	149	246	383	0.9130434782608695
EAL	238	3300014916.a:Ga0169762_100519_7	1103	2.4e-66	5	238	418	651	0.9789915966386554
cNMP_binding	88	3300014916.a:Ga0169762_100519_8	218	5.1e-08	1	82	28	112	0.9204545454545454
Crp	32	3300014916.a:Ga0169762_100519_8	218	4e-09	1	32	168	199	0.96875
ACT	67	3300014916.a:Ga0169762_100522_11	145	3.3e-06	7	64	74	131	0.8507462686567164
GAF	133	3300014916.a:Ga0169762_100522_16	151	2.8e-07	39	128	61	146	0.6691729323308271
ACT	67	3300014916.a:Ga0169762_100522_7	437	1.3e-09	10	62	384	430	0.7761194029850746
PALP	294	3300014916.a:Ga0169762_100522_9	498	3.1e-12	30	277	104	410	0.8401360544217688
MerR	38	3300014916.a:Ga0169762_100531_11	266	1.9e-14	1	38	5	42	0.9736842105263158
Fer4	24	3300014916.a:Ga0169762_100531_13	578	3.6e-07	3	23	183	203	0.8333333333333334
MerR	38	3300014916.a:Ga0169762_100531_3	267	3e-14	1	38	4	41	0.9736842105263158
HTH_3	55	3300014916.a:Ga0169762_100531_4	367	5.2e-08	1	55	6	60	0.9818181818181818
MarR	59	3300014916.a:Ga0169762_100541_3	142	9.2e-14	8	59	35	86	0.864406779661017
Aminotran_1_2	363	3300014916.a:Ga0169762_100546_3	390	5.6e-62	5	363	34	381	0.9862258953168044
dCache_1	249	3300014916.a:Ga0169762_100546_8	768	1.2e-12	5	248	43	280	0.9759036144578314
GGDEF	161	3300014916.a:Ga0169762_100546_8	768	1.9e-23	13	155	343	477	0.8819875776397516
EAL	238	3300014916.a:Ga0169762_100546_8	768	6.3e-69	2	238	506	739	0.9915966386554622
PTS_EIIC	324	3300014916.a:Ga0169762_100547_11	363	1.3e-06	3	232	15	202	0.7067901234567902
Mga	87	3300014916.a:Ga0169762_100547_14	655	2.2e-09	15	74	98	155	0.6781609195402298
GntR	64	3300014916.a:Ga0169762_100547_3	246	5.3e-23	2	64	8	70	0.96875
Diacid_rec	134	3300014916.a:Ga0169762_100547_7	369	2.4e-41	1	130	3	130	0.9626865671641791
HTH_11	55	3300014916.a:Ga0169762_100547_8	279	3.4e-05	5	43	88	127	0.6909090909090909
HTH_3	55	3300014916.a:Ga0169762_100569_1	126	7.4e-14	1	55	12	66	0.9818181818181818
Sigma70_r4_2	54	3300014916.a:Ga0169762_100569_13	334	6.1e-07	21	51	17	47	0.5555555555555556
Sigma70_r4_2	54	3300014916.a:Ga0169762_100569_7	328	8.9e-06	21	51	17	47	0.5555555555555556
HisKA	64	3300014916.a:Ga0169762_100595_6	475	6.6e-12	2	60	254	315	0.90625
HATPase_c	111	3300014916.a:Ga0169762_100595_6	475	3.2e-21	4	105	362	465	0.9099099099099099
Response_reg	112	3300014916.a:Ga0169762_100595_7	223	3.5e-30	2	112	4	111	0.9821428571428571
Trans_reg_C	77	3300014916.a:Ga0169762_100595_7	223	5e-23	2	77	143	214	0.974025974025974
TrmB	68	3300014916.a:Ga0169762_100595_8	150	4.9e-06	4	60	30	90	0.8235294117647058
HTH_DeoR	57	3300014916.a:Ga0169762_100604_17	223	1.6e-09	29	56	2	29	0.47368421052631576
DeoRC	160	3300014916.a:Ga0169762_100604_17	223	4.9e-30	3	160	43	199	0.98125
FeS	33	3300014916.a:Ga0169762_100604_9	103	5.2e-14	1	27	41	68	0.7878787878787878
HTH_1	60	3300014916.a:Ga0169762_100641_7	291	2.5e-19	1	59	3	61	0.9666666666666667
LysR_substrate	209	3300014916.a:Ga0169762_100641_7	291	1.5e-38	2	204	86	289	0.9665071770334929
Pyr_redox_2	292	3300014916.a:Ga0169762_100651_3	309	4.1e-55	1	292	6	292	0.9965753424657534
Rrf2	83	3300014916.a:Ga0169762_100651_5	146	1.2e-22	4	83	2	79	0.9518072289156626
Rhodanese	107	3300014916.a:Ga0169762_100651_6	141	4.9e-18	2	104	45	133	0.9532710280373832
TetR_N	47	3300014916.a:Ga0169762_100703_3	186	4e-06	8	42	22	56	0.723404255319149
Response_reg	112	3300014916.a:Ga0169762_100703_4	230	2.1e-22	1	111	3	111	0.9821428571428571
LytTR	98	3300014916.a:Ga0169762_100703_4	230	2.7e-16	8	95	134	215	0.8877551020408163
HTH_3	55	3300014916.a:Ga0169762_100714_12	69	5.8e-08	2	28	8	34	0.4727272727272727
PTS_EIIC	324	3300014916.a:Ga0169762_100757_2	627	1.2e-34	2	324	107	390	0.9938271604938271
PTS_EIIC	324	3300014916.a:Ga0169762_100791_1	455	1.1e-18	2	324	14	272	0.9938271604938271
HTH_11	55	3300014916.a:Ga0169762_100791_2	702	1.2e-09	1	54	12	69	0.9636363636363636
Mga	87	3300014916.a:Ga0169762_100791_2	702	1.6e-05	9	86	90	171	0.8850574712643678
PfkB	302	3300014916.a:Ga0169762_100791_4	313	6e-48	14	297	13	291	0.9370860927152318
SBP_bac_3	225	3300014916.a:Ga0169762_100833_3	481	5.3e-05	84	160	105	182	0.3377777777777778
CbiA	128	3300014916.a:Ga0169762_100833_5	239	4.8e-09	1	87	46	226	0.671875
Pkinase	264	3300014916.a:Ga0169762_100923_4	251	1.2e-28	51	240	48	225	0.7159090909090909
Pkinase	264	3300014916.a:Ga0169762_100923_5	358	9.5e-33	43	198	37	197	0.5871212121212122
HisKA	64	3300014916.a:Ga0169762_100964_1	407	3.9e-19	2	61	186	249	0.921875
HATPase_c	111	3300014916.a:Ga0169762_100964_1	407	1.5e-31	2	108	298	405	0.954954954954955
Response_reg	112	3300014916.a:Ga0169762_100964_2	227	3.4e-27	1	112	4	114	0.9910714285714286
Trans_reg_C	77	3300014916.a:Ga0169762_100964_2	227	1.2e-24	4	77	149	219	0.948051948051948
Nitroreductase	170	3300014916.a:Ga0169762_100984_1	241	1.7e-06	109	170	75	133	0.3588235294117647
AAA	132	3300014916.a:Ga0169762_100984_5	281	2e-05	3	71	34	161	0.5151515151515151
LytTR	98	3300014916.a:Ga0169762_100984_7	143	5.1e-22	4	97	47	139	0.9489795918367347
TPR_1	34	3300014916.a:Ga0169762_101059_1	513	3e-07	2	30	112	140	0.8235294117647058
GGDEF	161	3300014916.a:Ga0169762_101059_1	513	3.9e-36	2	160	344	499	0.9813664596273292
PAS	113	3300014916.a:Ga0169762_101059_2	528	6.3e-10	3	113	126	233	0.9734513274336283
PAS	113	3300014916.a:Ga0169762_101059_2	528	6.1e-05	3	40	243	280	0.3274336283185841
GGDEF	161	3300014916.a:Ga0169762_101059_2	528	6.1e-40	2	160	358	507	0.9813664596273292
Response_reg	112	3300014916.a:Ga0169762_101117_2	241	5.8e-18	1	111	4	115	0.9821428571428571
LytTR	98	3300014916.a:Ga0169762_101117_2	241	1.1e-21	3	95	138	227	0.9387755102040817
TPR_2	34	3300014916.a:Ga0169762_101117_3	616	7.9e-06	2	30	198	226	0.8235294117647058
GAF	133	3300014916.a:Ga0169762_101117_3	616	6e-08	5	133	318	443	0.9624060150375939
GGDEF	161	3300014916.a:Ga0169762_101117_3	616	5.2e-40	2	160	457	611	0.9813664596273292
CBS	57	3300014916.a:Ga0169762_101117_4	545	6.4e-10	6	55	74	123	0.8596491228070176
CBS	57	3300014916.a:Ga0169762_101117_4	545	8.8e-09	4	56	250	302	0.9122807017543859
TrkA_C	70	3300014916.a:Ga0169762_101210_3	226	3.8e-13	3	65	153	219	0.8857142857142857
MarR	59	3300014916.a:Ga0169762_101284_1	379	1.6e-14	1	58	31	88	0.9661016949152542
