0044258	100	3300029770.a:Ga0168716_100004_104	401	8.2e-06	13	68	11	66	0.55
0040266	151	3300029770.a:Ga0168716_100004_12	339	1.2e-05	30	95	36	98	0.4304635761589404
0036286	54	3300029770.a:Ga0168716_100004_149	353	9e-06	4	52	249	297	0.8888888888888888
0035607	54	3300029770.a:Ga0168716_100004_149	353	9.2e-10	2	53	299	348	0.9444444444444444
0043707	64	3300029770.a:Ga0168716_100004_168	171	3.1e-10	3	60	99	157	0.890625
0043143	63	3300029770.a:Ga0168716_100004_185	72	8.7e-07	8	59	9	62	0.8095238095238095
0037456	76	3300029770.a:Ga0168716_100004_282	172	8.3e-15	1	64	14	77	0.8289473684210527
0037767	80	3300029770.a:Ga0168716_100004_299	126	1.6e-10	3	72	14	78	0.8625
0039939	63	3300029770.a:Ga0168716_100004_319	402	1.1e-07	17	53	224	260	0.5714285714285714
0043758	87	3300029770.a:Ga0168716_100004_324	108	3.2e-06	20	56	35	69	0.41379310344827586
0044558	59	3300029770.a:Ga0168716_100004_38	345	1.7e-13	3	58	1	55	0.9322033898305084
0039384	65	3300029770.a:Ga0168716_100004_75	216	7.2e-05	17	47	165	195	0.46153846153846156
0043758	87	3300029770.a:Ga0168716_100004_84	239	3.4e-11	2	67	20	84	0.7471264367816092
0036955	59	3300029770.a:Ga0168716_100020_15	346	6.1e-13	4	57	18	71	0.8983050847457628
0036286	54	3300029770.a:Ga0168716_100020_173	324	9.1e-12	3	53	216	266	0.9259259259259259
0035607	54	3300029770.a:Ga0168716_100020_173	324	7.1e-09	3	53	268	316	0.9259259259259259
0043669	98	3300029770.a:Ga0168716_100020_29	274	1.6e-06	26	76	46	96	0.5102040816326531
0036955	59	3300029770.a:Ga0168716_100020_4	353	2.5e-18	2	58	4	61	0.9491525423728814
0039384	65	3300029770.a:Ga0168716_100020_50	245	5.3e-06	11	59	27	75	0.7384615384615385
0042546	127	3300029770.a:Ga0168716_100020_76	145	4e-29	1	114	4	117	0.889763779527559
0041150	134	3300029770.a:Ga0168716_100047_114	160	1.4e-33	13	134	33	152	0.9029850746268657
0039384	65	3300029770.a:Ga0168716_100047_15	340	5.6e-06	5	53	184	231	0.7384615384615385
0039384	65	3300029770.a:Ga0168716_100049_119	104	8.8e-05	6	44	60	97	0.5846153846153846
0036955	59	3300029770.a:Ga0168716_100049_128	332	7.7e-17	2	57	1	56	0.9322033898305084
0036955	59	3300029770.a:Ga0168716_100049_129	339	1.6e-13	2	59	2	59	0.9661016949152542
0037767	80	3300029770.a:Ga0168716_100049_148	242	3.1e-18	1	77	161	236	0.95
0043758	87	3300029770.a:Ga0168716_100049_152	274	1.3e-16	3	75	10	75	0.8275862068965517
0040266	151	3300029770.a:Ga0168716_100049_25	159	2.5e-10	24	127	18	121	0.6821192052980133
0036955	59	3300029770.a:Ga0168716_100049_62	373	2.4e-19	2	58	11	67	0.9491525423728814
0036955	59	3300029770.a:Ga0168716_100049_74	359	1.2e-17	2	58	14	70	0.9491525423728814
0043707	64	3300029770.a:Ga0168716_100091_103	104	4e-17	3	63	3	64	0.9375
0039939	63	3300029770.a:Ga0168716_100091_78	220	1.8e-06	14	53	157	196	0.6190476190476191
0036955	59	3300029770.a:Ga0168716_100096_102	359	2.1e-18	2	58	12	68	0.9491525423728814
0036955	59	3300029770.a:Ga0168716_100096_17	345	1e-15	2	57	7	62	0.9322033898305084
0040586	141	3300029770.a:Ga0168716_100096_32	165	1.3e-24	36	137	31	132	0.7163120567375887
0036955	59	3300029770.a:Ga0168716_100096_63	340	3.2e-18	3	59	10	66	0.9491525423728814
0036955	59	3300029770.a:Ga0168716_100096_8	362	6.3e-19	2	58	1	57	0.9491525423728814
0036286	54	3300029770.a:Ga0168716_100167_9	249	8.9e-12	2	53	137	188	0.9444444444444444
0035607	54	3300029770.a:Ga0168716_100167_9	249	1e-11	2	52	189	237	0.9259259259259259
0036955	59	3300029770.a:Ga0168716_100229_10	411	2.7e-16	2	59	5	62	0.9661016949152542
0036955	59	3300029770.a:Ga0168716_100229_22	341	3.7e-16	3	57	2	56	0.9152542372881356
0036955	59	3300029770.a:Ga0168716_100229_26	339	6.8e-11	2	47	1	48	0.7627118644067796
0038966	94	3300029770.a:Ga0168716_100269_11	512	6.4e-05	31	88	7	69	0.6063829787234043
0043758	87	3300029770.a:Ga0168716_100269_4	378	3.2e-25	2	85	2	85	0.9540229885057471
0037244	118	3300029770.a:Ga0168716_100269_41	142	8.1e-22	13	109	3	98	0.8135593220338984
0043095	94	3300029770.a:Ga0168716_100466_3	101	1.3e-27	11	91	5	85	0.851063829787234
0037767	80	3300029770.a:Ga0168716_100466_59	305	4.9e-07	9	66	24	76	0.7125
0043935	94	3300029770.a:Ga0168716_100466_60	73	1.6e-05	5	78	3	65	0.776595744680851
0036955	59	3300029770.a:Ga0168716_100478_2	336	1.4e-17	3	58	6	61	0.9322033898305084
0036955	59	3300029770.a:Ga0168716_100478_46	339	2.3e-12	3	50	10	57	0.7966101694915254
0042546	127	3300029770.a:Ga0168716_100560_48	208	3.3e-12	4	92	38	129	0.6929133858267716
0042546	127	3300029770.a:Ga0168716_100670_21	222	4.5e-19	1	99	49	132	0.7716535433070866
0036955	59	3300029770.a:Ga0168716_100670_9	343	1.3e-14	3	58	4	59	0.9322033898305084
0036955	59	3300029770.a:Ga0168716_100997_14	349	2.8e-13	2	50	6	54	0.8135593220338984
0036955	59	3300029770.a:Ga0168716_100997_4	337	2.2e-12	2	48	1	49	0.7796610169491526
0040586	141	3300029770.a:Ga0168716_100997_7	241	2.7e-21	10	141	34	167	0.9290780141843972
0036955	59	3300029770.a:Ga0168716_102029_6	337	3e-15	2	59	2	59	0.9661016949152542
0036955	59	3300029770.a:Ga0168716_102029_7	352	1.7e-15	2	58	3	59	0.9491525423728814
0043707	64	3300029770.a:Ga0168716_104680_3	154	1.7e-08	6	61	7	66	0.859375
0043707	64	3300029770.a:Ga0168716_104680_3	154	6.2e-10	7	61	82	140	0.84375
