HTH_3	55	3300008728.a:Ga0115675_100005_112	153	2.4e-05	9	55	5	53	0.8363636363636363
LytTR	98	3300008728.a:Ga0115675_100005_130	282	4.1e-16	5	95	179	274	0.9183673469387755
Trans_reg_C	77	3300008728.a:Ga0115675_100005_132	239	2.3e-26	1	77	162	235	0.987012987012987
MarR	59	3300008728.a:Ga0115675_100005_196	152	4.3e-14	1	58	38	95	0.9661016949152542
GerE	57	3300008728.a:Ga0115675_100005_203	202	1.4e-19	1	57	127	183	0.9824561403508771
HTH_1	60	3300008728.a:Ga0115675_100005_287	296	2.7e-21	3	60	5	62	0.95
GerE	57	3300008728.a:Ga0115675_100005_296	164	5.3e-08	3	46	115	158	0.7543859649122807
HTH_AraC	42	3300008728.a:Ga0115675_100005_3	284	1.1e-06	3	41	188	226	0.9047619047619048
PspC	53	3300008728.a:Ga0115675_100005_306	57	8.3e-20	8	52	2	53	0.8301886792452831
HTH_AraC	42	3300008728.a:Ga0115675_100005_382	597	2e-11	7	41	554	589	0.8095238095238095
HTH_AraC	42	3300008728.a:Ga0115675_100005_383	339	3.3e-13	8	41	292	326	0.7857142857142857
HTH_11	55	3300008728.a:Ga0115675_100005_78	129	4.5e-05	15	35	60	80	0.36363636363636365
FUR	120	3300008728.a:Ga0115675_100005_96	142	2.3e-25	4	100	15	110	0.8
GerE	57	3300008728.a:Ga0115675_100010_147	159	2.1e-10	2	46	110	154	0.7719298245614035
HTH_AraC	42	3300008728.a:Ga0115675_100010_164	300	7.7e-08	1	41	201	241	0.9523809523809523
HTH_AraC	42	3300008728.a:Ga0115675_100010_164	300	7.1e-07	6	40	255	290	0.8095238095238095
GerE	57	3300008728.a:Ga0115675_100010_172	216	1.3e-14	2	57	147	202	0.9649122807017544
PspC	53	3300008728.a:Ga0115675_100010_20	349	3.8e-20	1	53	109	166	0.9811320754716981
PadR	75	3300008728.a:Ga0115675_100010_21	110	3.3e-20	2	74	20	89	0.96
MarR	59	3300008728.a:Ga0115675_100010_253	118	1.3e-09	4	58	30	84	0.9152542372881356
HTH_5	47	3300008728.a:Ga0115675_100010_282	391	4.9e-06	4	46	239	284	0.8936170212765957
HTH_CodY	61	3300008728.a:Ga0115675_100010_291	236	2.2e-05	15	38	185	208	0.3770491803278688
HTH_3	55	3300008728.a:Ga0115675_100010_304	70	6.6e-13	1	55	14	68	0.9818181818181818
MerR	38	3300008728.a:Ga0115675_100010_307	110	2.2e-13	1	38	11	48	0.9736842105263158
Arg_repressor	70	3300008728.a:Ga0115675_100010_58	160	2e-22	2	67	3	68	0.9285714285714286
HTH_3	55	3300008728.a:Ga0115675_100010_63	292	5.7e-05	3	31	137	165	0.509090909090909
HTH_AraC	42	3300008728.a:Ga0115675_100024_107	299	4e-05	15	40	219	244	0.5952380952380952
HTH_AraC	42	3300008728.a:Ga0115675_100024_107	299	4.3e-08	6	41	259	295	0.8333333333333334
HTH_3	55	3300008728.a:Ga0115675_100024_12	102	1.9e-07	1	36	20	53	0.6363636363636364
HTH_3	55	3300008728.a:Ga0115675_100024_15	102	6e-07	1	36	20	53	0.6363636363636364
HTH_AraC	42	3300008728.a:Ga0115675_100024_150	310	4e-07	4	41	23	60	0.8809523809523809
HTH_AraC	42	3300008728.a:Ga0115675_100024_150	310	1.5e-10	10	41	79	111	0.7380952380952381
HTH_AraC	42	3300008728.a:Ga0115675_100024_195	291	3.3e-10	1	41	193	233	0.9523809523809523
HTH_AraC	42	3300008728.a:Ga0115675_100024_195	291	1.9e-09	6	42	247	284	0.8571428571428571
HTH_1	60	3300008728.a:Ga0115675_100024_219	308	2.9e-18	1	59	3	61	0.9666666666666667
HTH_3	55	3300008728.a:Ga0115675_100024_4	304	1.3e-12	1	53	94	146	0.9454545454545454
HTH_AraC	42	3300008728.a:Ga0115675_100024_45	286	2.5e-08	9	41	79	112	0.7619047619047619
HTH_AraC	42	3300008728.a:Ga0115675_100024_61	297	3.6e-12	3	42	200	239	0.9285714285714286
HTH_AraC	42	3300008728.a:Ga0115675_100024_61	297	2.5e-10	9	41	255	288	0.7619047619047619
HTH_AraC	42	3300008728.a:Ga0115675_100024_62	312	3.5e-11	4	42	213	251	0.9047619047619048
HTH_AraC	42	3300008728.a:Ga0115675_100024_62	312	2.3e-11	9	41	267	300	0.7619047619047619
HTH_AraC	42	3300008728.a:Ga0115675_100024_66	298	7.3e-06	14	42	217	245	0.6666666666666666
HTH_AraC	42	3300008728.a:Ga0115675_100024_66	298	2.5e-10	9	41	261	294	0.7619047619047619
Trans_reg_C	77	3300008728.a:Ga0115675_100029_147	234	2.7e-21	5	77	161	231	0.935064935064935
GerE	57	3300008728.a:Ga0115675_100029_150	721	5e-05	18	53	670	705	0.6140350877192983
HTH_11	55	3300008728.a:Ga0115675_100029_25	155	6.6e-07	3	48	9	53	0.8181818181818182
GerE	57	3300008728.a:Ga0115675_100053_123	175	6.1e-05	10	41	131	163	0.543859649122807
FUR	120	3300008728.a:Ga0115675_100053_126	159	7.9e-25	3	120	22	139	0.975
HTH_3	55	3300008728.a:Ga0115675_100053_166	70	1.5e-11	6	55	13	62	0.8909090909090909
FUR	120	3300008728.a:Ga0115675_100053_37	144	3.3e-06	3	95	13	108	0.7666666666666667
HTH_10	53	3300008728.a:Ga0115675_100053_74	95	2.1e-05	25	51	62	88	0.49056603773584906
HTH_3	55	3300008728.a:Ga0115675_100070_104	188	5.1e-05	10	32	163	185	0.4
MarR	59	3300008728.a:Ga0115675_100070_135	123	1.3e-08	8	58	33	83	0.847457627118644
HTH_5	47	3300008728.a:Ga0115675_100070_25	109	1.8e-14	1	45	23	68	0.9361702127659575
HTH_3	55	3300008728.a:Ga0115675_100070_28	121	1.7e-11	2	52	18	67	0.9090909090909091
HTH_3	55	3300008728.a:Ga0115675_100070_31	72	1.7e-11	1	54	4	57	0.9636363636363636
HTH_AraC	42	3300008728.a:Ga0115675_100070_47	299	9.8e-05	15	42	219	246	0.6428571428571429
HTH_AraC	42	3300008728.a:Ga0115675_100070_47	299	2.3e-09	7	41	259	295	0.8095238095238095
LytTR	98	3300008728.a:Ga0115675_100080_102	246	3.3e-22	2	97	144	235	0.9693877551020408
HTH_8	42	3300008728.a:Ga0115675_100080_115	414	3.8e-14	1	42	369	410	0.9761904761904762
HTH_AraC	42	3300008728.a:Ga0115675_100080_14	578	1.3e-08	8	40	537	570	0.7619047619047619
GerE	57	3300008728.a:Ga0115675_100080_51	140	3.9e-05	2	46	88	132	0.7719298245614035
HTH_AraC	42	3300008728.a:Ga0115675_100081_125	279	1e-05	12	42	242	273	0.7142857142857143
HTH_AraC	42	3300008728.a:Ga0115675_100081_127	278	2.8e-11	1	42	233	272	0.9761904761904762
HTH_11	55	3300008728.a:Ga0115675_100081_132	160	4.3e-05	4	45	12	58	0.7454545454545455
HTH_5	47	3300008728.a:Ga0115675_100081_14	112	6.5e-15	1	45	31	76	0.9361702127659575
HTH_8	42	3300008728.a:Ga0115675_100081_146	451	6.4e-16	5	40	409	444	0.8333333333333334
HTH_AraC	42	3300008728.a:Ga0115675_100081_73	358	1.1e-12	8	42	315	350	0.8095238095238095
Trans_reg_C	77	3300008728.a:Ga0115675_100081_80	226	1.1e-17	2	77	146	222	0.974025974025974
HTH_3	55	3300008728.a:Ga0115675_100122_15	135	3.8e-14	2	55	14	67	0.9636363636363636
HTH_3	55	3300008728.a:Ga0115675_100122_34	71	5.8e-08	1	42	15	56	0.7454545454545455
Pencillinase_R	115	3300008728.a:Ga0115675_100122_47	121	3.5e-30	1	114	4	116	0.9826086956521739
FUR	120	3300008728.a:Ga0115675_100122_67	137	9.9e-22	2	118	13	130	0.9666666666666667
HTH_AraC	42	3300008728.a:Ga0115675_100141_29	304	7e-05	12	42	217	247	0.7142857142857143
HTH_AraC	42	3300008728.a:Ga0115675_100141_29	304	7.2e-11	7	42	261	297	0.8333333333333334
HTH_AraC	42	3300008728.a:Ga0115675_100141_30	300	1.2e-09	14	41	267	295	0.6428571428571429
HTH_AraC	42	3300008728.a:Ga0115675_100141_52	295	3.2e-07	4	42	196	234	0.9047619047619048
HTH_AraC	42	3300008728.a:Ga0115675_100141_52	295	3.5e-07	7	40	248	282	0.7857142857142857
HTH_AraC	42	3300008728.a:Ga0115675_100141_53	282	4.9e-09	1	42	241	280	0.9761904761904762
HTH_AraC	42	3300008728.a:Ga0115675_100141_69	284	2.7e-11	1	42	243	282	0.9761904761904762
HTH_AraC	42	3300008728.a:Ga0115675_100189_23	297	7e-13	1	41	201	241	0.9523809523809523
HTH_AraC	42	3300008728.a:Ga0115675_100189_23	297	4.5e-11	7	42	256	292	0.8333333333333334
HTH_8	42	3300008728.a:Ga0115675_100189_33	1334	8.5e-05	18	40	1240	1262	0.5238095238095238
HTH_AraC	42	3300008728.a:Ga0115675_100189_33	1334	6e-10	8	40	1289	1322	0.7619047619047619
MarR	59	3300008728.a:Ga0115675_100209_19	402	1.4e-05	15	48	29	62	0.559322033898305
GerE	57	3300008728.a:Ga0115675_100209_33	191	4e-10	11	41	137	167	0.5263157894736842
HTH_AraC	42	3300008728.a:Ga0115675_100209_56	287	2.7e-10	2	42	247	285	0.9523809523809523
Trans_reg_C	77	3300008728.a:Ga0115675_100212_18	237	5.2e-19	2	77	153	226	0.974025974025974
GntR	64	3300008728.a:Ga0115675_100212_46	131	4.8e-12	2	64	11	73	0.96875
HTH_3	55	3300008728.a:Ga0115675_100212_55	69	2.4e-07	7	54	13	61	0.8545454545454545
GerE	57	3300008728.a:Ga0115675_100212_57	191	4.9e-19	2	48	123	169	0.8070175438596491
HTH_AraC	42	3300008728.a:Ga0115675_100212_69	278	2.5e-07	1	41	185	225	0.9523809523809523
HTH_AraC	42	3300008728.a:Ga0115675_100212_69	278	4.6e-08	6	38	239	272	0.7619047619047619
HTH_8	42	3300008728.a:Ga0115675_100212_73	444	3.5e-15	2	42	400	440	0.9523809523809523
HTH_AraC	42	3300008728.a:Ga0115675_100332_53	271	2.2e-07	2	38	235	269	0.8571428571428571
HTH_AraC	42	3300008728.a:Ga0115675_100411_8	296	3.6e-08	7	42	258	294	0.8333333333333334
DUF24	91	3300008728.a:Ga0115675_100411_9	120	2.1e-32	2	87	19	105	0.9340659340659341
GerE	57	3300008728.a:Ga0115675_100488_14	184	3e-05	14	47	139	172	0.5789473684210527
HTH_AraC	42	3300008728.a:Ga0115675_100488_27	268	5.4e-07	9	40	223	255	0.7380952380952381
GerE	57	3300008728.a:Ga0115675_100499_21	217	2.1e-08	15	45	166	196	0.5263157894736842
HTH_DeoR	57	3300008728.a:Ga0115675_100823_4	255	5.1e-18	1	52	7	58	0.8947368421052632
HTH_3	55	3300008728.a:Ga0115675_100823_5	185	7.1e-07	2	52	13	63	0.9090909090909091
