3300027800.a:Ga0209800_10000082_101  0.251  25  0.435  25  0.864  14  0.768   0.565 Y  0.450      SignalP-TM
3300027800.a:Ga0209800_10000082_101  0.595  25  0.625  25  0.827  22  0.611   0.620 Y  0.510      SignalP-TM
3300027800.a:Ga0209800_10000082_101  0.795  25  0.865  25  0.976  17  0.933   0.902 Y  0.450      SignalP-noTM
3300027800.a:Ga0209800_10000082_102  0.420  24  0.613  24  0.972  12  0.894   0.765 Y  0.450      SignalP-noTM
3300027800.a:Ga0209800_10000082_102  0.716  25  0.686  25  0.886   8  0.716   0.698 Y  0.450      SignalP-TM
3300027800.a:Ga0209800_10000082_102  0.758  25  0.802  25  0.971  17  0.893   0.845 Y  0.570      SignalP-noTM
3300027800.a:Ga0209800_10000082_104  0.396  24  0.578  24  0.926   9  0.861   0.689 Y  0.450      SignalP-TM
3300027800.a:Ga0209800_10000082_104  0.757  24  0.840  24  0.984   9  0.946   0.890 Y  0.570      SignalP-noTM
3300027800.a:Ga0209800_10000082_104  0.850  24  0.885  24  0.985  13  0.923   0.906 Y  0.450      SignalP-noTM
3300027800.a:Ga0209800_10000082_106  0.276  27  0.421  27  0.792  16  0.651   0.511 Y  0.450      SignalP-TM
3300027800.a:Ga0209800_10000082_106  0.408  21  0.617  21  0.968  20  0.934   0.788 Y  0.450      SignalP-noTM
3300027800.a:Ga0209800_10000082_112  0.324  20  0.547  20  0.961   4  0.926   0.752 Y  0.450      SignalP-noTM
3300027800.a:Ga0209800_10000082_146  0.453  20  0.592  20  0.888  12  0.777   0.666 Y  0.500      SignalP-TM
3300027800.a:Ga0209800_10000082_151  0.328  39  0.391  39  0.792   6  0.581   0.465 Y  0.450      SignalP-TM
3300027800.a:Ga0209800_10000082_151  0.352  21  0.579  21  0.986  19  0.956   0.783 Y  0.450      SignalP-noTM
3300027800.a:Ga0209800_10000082_161  0.661  32  0.582  32  0.744  25  0.508   0.555 Y  0.510      SignalP-TM
3300027800.a:Ga0209800_10000082_161  0.686  32  0.617  32  0.704  13  0.564   0.596 Y  0.450      SignalP-TM
3300027800.a:Ga0209800_10000082_23  0.105  35  0.270  11  0.828   2  0.737   0.452 Y  0.450      SignalP-TM
3300027800.a:Ga0209800_10000082_37  0.365  22  0.534  22  0.847   9  0.780   0.667 Y  0.450      SignalP-noTM
3300027800.a:Ga0209800_10000082_37  0.392  28  0.485  28  0.766  14  0.570   0.518 Y  0.450      SignalP-TM
3300027800.a:Ga0209800_10000082_44  0.501  21  0.630  21  0.874  18  0.794   0.719 Y  0.450      SignalP-noTM
3300027800.a:Ga0209800_10000082_62  0.546  28  0.535  28  0.771  10  0.580   0.552 Y  0.450      SignalP-TM
3300027800.a:Ga0209800_10000082_62  0.804  28  0.733  28  0.837   2  0.692   0.711 Y  0.450      SignalP-noTM
3300027800.a:Ga0209800_10000082_62  0.822  28  0.795  28  0.856  19  0.734   0.766 Y  0.570      SignalP-noTM
3300027800.a:Ga0209800_10000082_63  0.172  30  0.369  26  0.912   9  0.849   0.628 Y  0.450      SignalP-noTM
3300027800.a:Ga0209800_10000082_64  0.223  30  0.411  30  0.931  16  0.755   0.545 Y  0.450      SignalP-TM
3300027800.a:Ga0209800_10000082_64  0.572  30  0.559  30  0.693  21  0.529   0.547 Y  0.500      SignalP-TM
3300027800.a:Ga0209800_10000082_64  0.758  30  0.823  30  0.991  17  0.923   0.870 Y  0.570      SignalP-noTM
3300027800.a:Ga0209800_10000082_93  0.570  26  0.700  26  0.973   4  0.869   0.791 Y  0.450      SignalP-noTM
3300027800.a:Ga0209800_10000104_109  0.247  18  0.372  18  0.668   2  0.577   0.452 Y  0.450      SignalP-TM
3300027800.a:Ga0209800_10000104_109  0.430  18  0.618  18  0.936   7  0.884   0.743 Y  0.570      SignalP-noTM
3300027800.a:Ga0209800_10000104_109  0.508  21  0.657  21  0.982   5  0.838   0.755 Y  0.450      SignalP-noTM
3300027800.a:Ga0209800_10000104_115  0.325  29  0.437  29  0.692  25  0.522   0.470 Y  0.450      SignalP-TM
3300027800.a:Ga0209800_10000104_135  0.375  26  0.545  26  0.846  18  0.727   0.616 Y  0.450      SignalP-TM
3300027800.a:Ga0209800_10000104_135  0.523  28  0.694  25  0.972  13  0.931   0.822 Y  0.450      SignalP-noTM
3300027800.a:Ga0209800_10000104_135  0.796  25  0.860  25  0.963  11  0.923   0.889 Y  0.570      SignalP-noTM
3300027800.a:Ga0209800_10000104_141  0.185  25  0.413  25  0.970  20  0.922   0.688 Y  0.450      SignalP-noTM
3300027800.a:Ga0209800_10000104_25  0.638  33  0.496  33  0.726  17  0.453   0.479 Y  0.450      SignalP-TM
3300027800.a:Ga0209800_10000104_27  0.581  27  0.536  27  0.779  26  0.499   0.521 Y  0.500      SignalP-TM
3300027800.a:Ga0209800_10000104_27  0.652  29  0.586  29  0.792  16  0.536   0.568 Y  0.510      SignalP-TM
3300027800.a:Ga0209800_10000104_27  0.655  29  0.682  29  0.885  18  0.730   0.701 Y  0.450      SignalP-TM
3300027800.a:Ga0209800_10000104_29  0.587  17  0.531  17  0.555   4  0.480   0.511 Y  0.500      SignalP-TM
3300027800.a:Ga0209800_10000104_46  0.283  26  0.483  26  0.922  15  0.826   0.668 Y  0.450      SignalP-noTM
3300027800.a:Ga0209800_10000104_61  0.553  25  0.526  25  0.729   6  0.542   0.532 Y  0.500      SignalP-TM
3300027800.a:Ga0209800_10000104_78  0.374  23  0.585  23  0.980  12  0.913   0.762 Y  0.450      SignalP-noTM
3300027800.a:Ga0209800_10000104_87  0.789  26  0.671  26  0.827   9  0.659   0.666 Y  0.450      SignalP-TM
3300027800.a:Ga0209800_10000104_87  0.806  26  0.601  26  0.583  10  0.491   0.560 Y  0.510      SignalP-TM
3300027800.a:Ga0209800_10000104_87  0.861  26  0.898  26  0.985  15  0.933   0.917 Y  0.450      SignalP-noTM
3300027800.a:Ga0209800_10000135_10  0.397  25  0.472  25  0.693  14  0.562   0.507 Y  0.450      SignalP-TM
3300027800.a:Ga0209800_10000135_10  0.752  27  0.848  27  0.992  15  0.958   0.907 Y  0.450      SignalP-noTM
3300027800.a:Ga0209800_10000135_117  0.636  25  0.651  25  0.919  21  0.590   0.627 Y  0.450      SignalP-TM
3300027800.a:Ga0209800_10000135_117  0.677  23  0.795  23  0.980  11  0.934   0.870 Y  0.450      SignalP-noTM
3300027800.a:Ga0209800_10000135_117  0.681  23  0.782  23  0.945  15  0.871   0.824 Y  0.570      SignalP-noTM
3300027800.a:Ga0209800_10000135_32  0.382  34  0.558  34  0.915  27  0.593   0.572 Y  0.450      SignalP-TM
3300027800.a:Ga0209800_10000135_5  0.520  29  0.635  29  0.985  12  0.880   0.750 Y  0.570      SignalP-noTM
3300027800.a:Ga0209800_10000135_5  0.534  29  0.604  29  0.879  10  0.739   0.656 Y  0.450      SignalP-TM
3300027800.a:Ga0209800_10000135_5  0.786  29  0.820  29  0.991  14  0.881   0.853 Y  0.450      SignalP-noTM
3300027800.a:Ga0209800_10000135_6  0.213  30  0.440  30  0.949  24  0.802   0.581 Y  0.450      SignalP-TM
3300027800.a:Ga0209800_10000135_6  0.287  26  0.529  26  0.993  18  0.953   0.728 Y  0.570      SignalP-noTM
3300027800.a:Ga0209800_10000135_6  0.570  26  0.749  26  0.994  10  0.978   0.873 Y  0.450      SignalP-noTM
3300027800.a:Ga0209800_10000135_66  0.198  32  0.309  26  0.806  11  0.678   0.453 Y  0.450      SignalP-TM
3300027800.a:Ga0209800_10000135_66  0.275  26  0.477  26  0.958  16  0.879   0.666 Y  0.570      SignalP-noTM
3300027800.a:Ga0209800_10000135_66  0.513  22  0.694  22  0.975  13  0.942   0.828 Y  0.450      SignalP-noTM
3300027800.a:Ga0209800_10000135_69  0.172  28  0.337  18  0.889   6  0.799   0.517 Y  0.450      SignalP-TM
3300027800.a:Ga0209800_10000135_69  0.246  19  0.474  19  0.950  11  0.911   0.710 Y  0.450      SignalP-noTM
3300027800.a:Ga0209800_10000135_69  0.297  25  0.450  25  0.927  13  0.774   0.602 Y  0.570      SignalP-noTM
3300027800.a:Ga0209800_10000135_73  0.647  25  0.764  25  0.985  13  0.907   0.841 Y  0.450      SignalP-noTM
3300027800.a:Ga0209800_10000135_73  0.697  25  0.646  25  0.910  10  0.697   0.666 Y  0.450      SignalP-TM
3300027800.a:Ga0209800_10000135_73  0.764  25  0.827  25  0.985  11  0.927   0.874 Y  0.570      SignalP-noTM
3300027800.a:Ga0209800_10000135_78  0.788  23  0.612  23  0.799   4  0.536   0.582 Y  0.500      SignalP-TM
3300027800.a:Ga0209800_10000135_85  0.466  36  0.560  36  0.800  28  0.548   0.555 Y  0.450      SignalP-TM
3300027800.a:Ga0209800_10000135_85  0.869  36  0.841  36  0.960  28  0.700   0.775 Y  0.570      SignalP-noTM
3300027800.a:Ga0209800_10000148_100  0.552  28  0.719  28  0.984  18  0.935   0.836 Y  0.450      SignalP-noTM
3300027800.a:Ga0209800_10000148_100  0.599  32  0.621  32  0.770  27  0.606   0.615 Y  0.450      SignalP-TM
3300027800.a:Ga0209800_10000148_133  0.501  24  0.606  24  0.849   7  0.749   0.662 Y  0.450      SignalP-TM
3300027800.a:Ga0209800_10000148_133  0.580  24  0.709  24  0.975  19  0.892   0.795 Y  0.570      SignalP-noTM
3300027800.a:Ga0209800_10000148_133  0.582  24  0.723  24  0.942  20  0.899   0.818 Y  0.450      SignalP-noTM
3300027800.a:Ga0209800_10000148_134  0.334  32  0.514  27  0.955  12  0.882   0.713 Y  0.450      SignalP-noTM
3300027800.a:Ga0209800_10000148_134  0.465  32  0.430  32  0.692   3  0.504   0.459 Y  0.450      SignalP-TM
3300027800.a:Ga0209800_10000148_139  0.644  24  0.693  24  0.864  10  0.779   0.726 Y  0.450      SignalP-TM
3300027800.a:Ga0209800_10000148_139  0.721  24  0.810  24  0.968   4  0.909   0.863 Y  0.450      SignalP-noTM
3300027800.a:Ga0209800_10000148_139  0.843  24  0.885  24  0.967  13  0.926   0.904 Y  0.570      SignalP-noTM
3300027800.a:Ga0209800_10000148_27  0.272  23  0.502  23  0.984  14  0.925   0.730 Y  0.450      SignalP-noTM
3300027800.a:Ga0209800_10000148_29  0.699  25  0.546  25  0.605  14  0.436   0.503 Y  0.450      SignalP-TM
3300027800.a:Ga0209800_10000148_29  0.719  25  0.759  25  0.982  10  0.815   0.789 Y  0.450      SignalP-noTM
3300027800.a:Ga0209800_10000148_35  0.179  35  0.358  22  0.926   9  0.852   0.551 Y  0.450      SignalP-TM
3300027800.a:Ga0209800_10000148_35  0.206  24  0.423  24  0.975  14  0.868   0.663 Y  0.450      SignalP-noTM
3300027800.a:Ga0209800_10000148_35  0.315  22  0.542  22  0.965  15  0.936   0.727 Y  0.570      SignalP-noTM
3300027800.a:Ga0209800_10000148_4  0.355  24  0.580  24  0.986  16  0.947   0.778 Y  0.450      SignalP-noTM
3300027800.a:Ga0209800_10000148_48  0.848  22  0.897  22  0.988  15  0.951   0.926 Y  0.450      SignalP-noTM
3300027800.a:Ga0209800_10000148_55  0.499  22  0.644  22  0.901   2  0.827   0.742 Y  0.450      SignalP-noTM
3300027800.a:Ga0209800_10000181_29  0.494  30  0.579  30  0.906  14  0.724   0.658 Y  0.450      SignalP-noTM
3300027800.a:Ga0209800_10000181_29  0.514  30  0.605  30  0.953  13  0.837   0.714 Y  0.570      SignalP-noTM
3300027800.a:Ga0209800_10000181_29  0.548  30  0.646  30  0.902  17  0.816   0.712 Y  0.450      SignalP-TM
3300027800.a:Ga0209800_10000181_30  0.801  26  0.762  26  0.926   9  0.792   0.773 Y  0.450      SignalP-TM
3300027800.a:Ga0209800_10000181_30  0.803  26  0.870  26  0.992  14  0.940   0.907 Y  0.450      SignalP-noTM
3300027800.a:Ga0209800_10000181_30  0.834  26  0.754  26  0.796  11  0.703   0.735 Y  0.510      SignalP-TM
3300027800.a:Ga0209800_10000181_33  0.367  23  0.534  23  0.849  14  0.768   0.625 Y  0.450      SignalP-TM
3300027800.a:Ga0209800_10000181_33  0.639  23  0.675  23  0.855  15  0.698   0.683 Y  0.510      SignalP-TM
3300027800.a:Ga0209800_10000181_33  0.807  23  0.850  23  0.949  11  0.887   0.865 Y  0.500      SignalP-TM
3300027800.a:Ga0209800_10000181_39  0.186  34  0.330  17  0.933   6  0.849   0.532 Y  0.450      SignalP-TM
3300027800.a:Ga0209800_10000181_39  0.603  25  0.670  17  0.897   1  0.831   0.734 Y  0.500      SignalP-TM
3300027800.a:Ga0209800_10000181_4  0.868  28  0.901  28  0.975  20  0.926   0.915 Y  0.450      SignalP-noTM
3300027800.a:Ga0209800_10000181_42  0.163  30  0.314  27  0.861  12  0.738   0.479 Y  0.450      SignalP-TM
3300027800.a:Ga0209800_10000181_42  0.555  24  0.723  24  0.962  12  0.947   0.828 Y  0.570      SignalP-noTM
3300027800.a:Ga0209800_10000181_42  0.617  24  0.760  24  0.976  16  0.934   0.854 Y  0.450      SignalP-noTM
3300027800.a:Ga0209800_10000181_52  0.652  21  0.737  21  0.939   8  0.825   0.784 Y  0.450      SignalP-noTM
3300027800.a:Ga0209800_10000181_71  0.800  31  0.629  31  0.856  15  0.576   0.610 Y  0.510      SignalP-TM
3300027800.a:Ga0209800_10000181_80  0.712  30  0.619  30  0.677  13  0.542   0.589 Y  0.450      SignalP-TM
3300027800.a:Ga0209800_10000181_80  0.875  30  0.665  30  0.680  15  0.505   0.606 Y  0.510      SignalP-TM
3300027800.a:Ga0209800_10000181_80  0.879  30  0.900  30  0.995  16  0.926   0.914 Y  0.450      SignalP-noTM
3300027800.a:Ga0209800_10000190_10  0.425  25  0.482  25  0.774   8  0.628   0.539 Y  0.450      SignalP-TM
3300027800.a:Ga0209800_10000190_10  0.694  25  0.795  25  0.964  14  0.909   0.857 Y  0.450      SignalP-noTM
3300027800.a:Ga0209800_10000190_31  0.555  18  0.549  18  0.660  13  0.546   0.548 Y  0.500      SignalP-TM
3300027800.a:Ga0209800_10000190_34  0.462  37  0.612  37  0.914  28  0.548   0.587 Y  0.450      SignalP-TM
3300027800.a:Ga0209800_10000190_5  0.249  23  0.459  23  0.939   4  0.871   0.620 Y  0.450      SignalP-TM
3300027800.a:Ga0209800_10000190_5  0.394  21  0.550  21  0.885   2  0.796   0.641 Y  0.510      SignalP-TM
3300027800.a:Ga0209800_10000190_5  0.643  21  0.766  21  0.973   8  0.921   0.828 Y  0.500      SignalP-TM
3300027800.a:Ga0209800_10000190_61  0.452  35  0.464  21  0.913  17  0.799   0.594 Y  0.450      SignalP-TM
3300027800.a:Ga0209800_10000190_61  0.558  21  0.693  21  0.907  17  0.856   0.753 Y  0.510      SignalP-TM
3300027800.a:Ga0209800_10000190_61  0.778  21  0.824  21  0.937  16  0.866   0.841 Y  0.500      SignalP-TM
3300027800.a:Ga0209800_10000190_7  0.366  31  0.504  31  0.950  14  0.813   0.625 Y  0.450      SignalP-TM
3300027800.a:Ga0209800_10000190_7  0.418  25  0.603  25  0.968   5  0.872   0.748 Y  0.450      SignalP-noTM
3300027800.a:Ga0209800_10000190_7  0.722  25  0.812  25  0.975  15  0.923   0.864 Y  0.570      SignalP-noTM
3300027800.a:Ga0209800_10000190_72  0.464  28  0.538  28  0.802  23  0.651   0.599 Y  0.450      SignalP-noTM
3300027800.a:Ga0209800_10000190_73  0.852  21  0.878  21  0.941  11  0.903   0.891 Y  0.450      SignalP-noTM
3300027800.a:Ga0209800_10000190_8  0.441  26  0.597  26  0.893  15  0.752   0.657 Y  0.450      SignalP-TM
3300027800.a:Ga0209800_10000190_8  0.541  26  0.686  26  0.983  19  0.901   0.787 Y  0.570      SignalP-noTM
3300027800.a:Ga0209800_10000190_8  0.839  26  0.840  26  0.934  21  0.841   0.841 Y  0.450      SignalP-noTM
3300027800.a:Ga0209800_10000196_10  0.419  27  0.590  27  0.948   7  0.836   0.723 Y  0.450      SignalP-noTM
3300027800.a:Ga0209800_10000196_10  0.645  27  0.750  27  0.944  17  0.886   0.803 Y  0.450      SignalP-TM
3300027800.a:Ga0209800_10000196_10  0.809  27  0.877  27  0.985  13  0.949   0.911 Y  0.570      SignalP-noTM
3300027800.a:Ga0209800_10000196_15  0.215  29  0.354  23  0.763  10  0.675   0.479 Y  0.450      SignalP-TM
3300027800.a:Ga0209800_10000196_15  0.395  23  0.599  23  0.959  13  0.909   0.767 Y  0.450      SignalP-noTM
3300027800.a:Ga0209800_10000196_17  0.489  30  0.543  30  0.897  20  0.728   0.630 Y  0.570      SignalP-noTM
3300027800.a:Ga0209800_10000196_17  0.614  30  0.671  30  0.872  14  0.759   0.706 Y  0.450      SignalP-TM
3300027800.a:Ga0209800_10000196_27  0.283  27  0.409  27  0.794   7  0.590   0.506 Y  0.450      SignalP-noTM
3300027800.a:Ga0209800_10000196_3  0.401  25  0.597  25  0.924  22  0.886   0.753 Y  0.450      SignalP-noTM
3300027800.a:Ga0209800_10000196_4  0.275  26  0.415  26  0.747  11  0.635   0.501 Y  0.450      SignalP-TM
3300027800.a:Ga0209800_10000196_4  0.732  26  0.798  26  0.937  16  0.891   0.841 Y  0.570      SignalP-noTM
3300027800.a:Ga0209800_10000196_4  0.765  26  0.803  26  0.962  15  0.846   0.826 Y  0.450      SignalP-noTM
3300027800.a:Ga0209800_10000196_41  0.747  21  0.849  21  0.991  15  0.968   0.913 Y  0.450      SignalP-noTM
3300027800.a:Ga0209800_10000196_46  0.516  29  0.641  29  0.946   8  0.813   0.734 Y  0.450      SignalP-noTM
3300027800.a:Ga0209800_10000196_46  0.672  29  0.594  29  0.690  14  0.560   0.580 Y  0.450      SignalP-TM
3300027800.a:Ga0209800_10000196_46  0.763  29  0.786  29  0.931   7  0.864   0.823 Y  0.570      SignalP-noTM
3300027800.a:Ga0209800_10000196_5  0.848  22  0.850  22  0.929  16  0.849   0.849 Y  0.450      SignalP-noTM
3300027800.a:Ga0209800_10000196_52  0.499  24  0.505  24  0.787   7  0.578   0.533 Y  0.450      SignalP-TM
3300027800.a:Ga0209800_10000196_52  0.627  24  0.562  24  0.645  18  0.516   0.545 Y  0.510      SignalP-TM
3300027800.a:Ga0209800_10000196_52  0.735  24  0.815  24  0.978   3  0.905   0.864 Y  0.450      SignalP-noTM
3300027800.a:Ga0209800_10000196_70  0.336  40  0.524  40  0.917  35  0.457   0.497 Y  0.450      SignalP-TM
3300027800.a:Ga0209800_10000196_71  0.415  24  0.508  24  0.717  13  0.616   0.550 Y  0.450      SignalP-TM
3300027800.a:Ga0209800_10000196_71  0.771  24  0.822  24  0.958  18  0.877   0.852 Y  0.450      SignalP-noTM
3300027800.a:Ga0209800_10000196_86  0.214  28  0.440  28  0.989  15  0.914   0.696 Y  0.450      SignalP-noTM
3300027800.a:Ga0209800_10000196_86  0.263  28  0.404  28  0.725  26  0.613   0.486 Y  0.450      SignalP-TM
3300027800.a:Ga0209800_10000196_9  0.480  23  0.650  23  0.954  14  0.881   0.775 Y  0.450      SignalP-noTM
3300027800.a:Ga0209800_10000196_93  0.427  19  0.641  19  0.992  14  0.970   0.819 Y  0.450      SignalP-noTM
3300027800.a:Ga0209800_10000216_17  0.506  29  0.637  29  0.881  28  0.738   0.676 Y  0.450      SignalP-TM
3300027800.a:Ga0209800_10000216_17  0.562  29  0.714  29  0.958  18  0.900   0.815 Y  0.450      SignalP-noTM
3300027800.a:Ga0209800_10000216_17  0.594  29  0.743  29  0.975  12  0.935   0.833 Y  0.570      SignalP-noTM
3300027800.a:Ga0209800_10000216_22  0.263  21  0.420  21  0.860   2  0.730   0.541 Y  0.450      SignalP-TM
3300027800.a:Ga0209800_10000216_22  0.285  21  0.468  21  0.931   1  0.813   0.630 Y  0.570      SignalP-noTM
3300027800.a:Ga0209800_10000216_22  0.657  22  0.763  22  0.979  10  0.883   0.827 Y  0.450      SignalP-noTM
3300027800.a:Ga0209800_10000216_40  0.348  24  0.508  24  0.864  21  0.735   0.631 Y  0.450      SignalP-noTM
3300027800.a:Ga0209800_10000216_47  0.180  25  0.365  25  0.873  13  0.757   0.518 Y  0.450      SignalP-TM
3300027800.a:Ga0209800_10000216_47  0.191  25  0.377  21  0.836   4  0.792   0.572 Y  0.570      SignalP-noTM
3300027800.a:Ga0209800_10000216_58  0.335  30  0.524  30  0.949  18  0.795   0.630 Y  0.450      SignalP-TM
3300027800.a:Ga0209800_10000216_58  0.553  22  0.725  22  0.981  18  0.934   0.823 Y  0.570      SignalP-noTM
3300027800.a:Ga0209800_10000216_58  0.640  22  0.768  22  0.951  14  0.924   0.852 Y  0.450      SignalP-noTM
3300027800.a:Ga0209800_10000216_67  0.297  23  0.510  23  0.945  11  0.877   0.708 Y  0.450      SignalP-noTM
3300027800.a:Ga0209800_10000216_73  0.641  30  0.587  30  0.667  13  0.537   0.568 Y  0.450      SignalP-TM
3300027800.a:Ga0209800_10000216_73  0.764  30  0.774  30  0.966  16  0.817   0.797 Y  0.450      SignalP-noTM
3300027800.a:Ga0209800_10000216_77  0.302  24  0.544  24  0.990  14  0.953   0.737 Y  0.570      SignalP-noTM
3300027800.a:Ga0209800_10000216_77  0.333  26  0.557  26  0.981  17  0.930   0.759 Y  0.450      SignalP-noTM
3300027800.a:Ga0209800_10000216_77  0.369  29  0.560  29  0.967  16  0.837   0.668 Y  0.450      SignalP-TM
3300027800.a:Ga0209800_10000216_80  0.801  19  0.571  19  0.646  17  0.415   0.487 Y  0.450      SignalP-noTM
3300027800.a:Ga0209800_10000216_85  0.676  34  0.785  34  0.979  23  0.850   0.820 Y  0.450      SignalP-noTM
3300027800.a:Ga0209800_10000220_17  0.262  24  0.422  24  0.759   8  0.671   0.519 Y  0.450      SignalP-TM
3300027800.a:Ga0209800_10000220_17  0.619  24  0.671  24  0.922  17  0.772   0.719 Y  0.570      SignalP-noTM
3300027800.a:Ga0209800_10000220_17  0.734  24  0.771  24  0.896   4  0.810   0.792 Y  0.450      SignalP-noTM
3300027800.a:Ga0209800_10000220_18  0.352  23  0.569  23  0.978  15  0.919   0.758 Y  0.450      SignalP-noTM
3300027800.a:Ga0209800_10000220_18  0.446  38  0.499  24  0.975  16  0.939   0.670 Y  0.450      SignalP-TM
3300027800.a:Ga0209800_10000220_18  0.482  21  0.686  21  0.984  16  0.972   0.820 Y  0.570      SignalP-noTM
3300027800.a:Ga0209800_10000220_24  0.560  21  0.600  21  0.802   8  0.641   0.622 Y  0.450      SignalP-noTM
3300027800.a:Ga0209800_10000220_58  0.382  34  0.495  34  0.835  31  0.506   0.499 Y  0.450      SignalP-TM
3300027800.a:Ga0209800_10000220_58  0.568  34  0.689  34  0.963  17  0.827   0.763 Y  0.450      SignalP-noTM
3300027800.a:Ga0209800_10000220_58  0.820  34  0.792  34  0.880  28  0.674   0.736 Y  0.570      SignalP-noTM
3300027800.a:Ga0209800_10000220_61  0.375  26  0.477  26  0.769  21  0.585   0.519 Y  0.450      SignalP-TM
3300027800.a:Ga0209800_10000220_61  0.417  27  0.500  27  0.754  19  0.539   0.514 Y  0.510      SignalP-TM
3300027800.a:Ga0209800_10000220_61  0.641  27  0.759  27  0.961  14  0.900   0.835 Y  0.450      SignalP-noTM
3300027800.a:Ga0209800_10000220_62  0.455  29  0.616  29  0.956  16  0.845   0.739 Y  0.450      SignalP-noTM
3300027800.a:Ga0209800_10000220_65  0.192  22  0.417  22  0.938   8  0.893   0.603 Y  0.450      SignalP-TM
3300027800.a:Ga0209800_10000220_65  0.628  26  0.762  22  0.981   5  0.957   0.867 Y  0.450      SignalP-noTM
3300027800.a:Ga0209800_10000220_65  0.830  22  0.891  22  0.971  18  0.956   0.921 Y  0.570      SignalP-noTM
3300027800.a:Ga0209800_10000220_76  0.470  21  0.519  21  0.707   2  0.582   0.542 Y  0.510      SignalP-TM
3300027800.a:Ga0209800_10000220_76  0.554  21  0.721  21  0.979   3  0.935   0.836 Y  0.450      SignalP-noTM
3300027800.a:Ga0209800_10000220_78  0.307  30  0.514  30  0.979  17  0.876   0.710 Y  0.450      SignalP-noTM
3300027800.a:Ga0209800_10000220_93  0.529  24  0.669  24  0.940   6  0.846   0.765 Y  0.450      SignalP-noTM
3300027800.a:Ga0209800_10000220_93  0.592  24  0.667  24  0.879  12  0.758   0.703 Y  0.450      SignalP-TM
3300027800.a:Ga0209800_10000220_93  0.831  24  0.853  24  0.955  18  0.895   0.873 Y  0.570      SignalP-noTM
3300027800.a:Ga0209800_10000220_94  0.292  25  0.511  25  0.980   5  0.895   0.718 Y  0.450      SignalP-noTM
3300027800.a:Ga0209800_10000245_3  0.209  20  0.433  20  0.955  12  0.891   0.680 Y  0.450      SignalP-noTM
3300027800.a:Ga0209800_10000245_38  0.510  25  0.649  25  0.898  22  0.753   0.689 Y  0.450      SignalP-TM
3300027800.a:Ga0209800_10000245_38  0.668  25  0.781  25  0.960  14  0.909   0.851 Y  0.450      SignalP-noTM
3300027800.a:Ga0209800_10000245_38  0.840  25  0.882  25  0.946  21  0.899   0.890 Y  0.570      SignalP-noTM
3300027800.a:Ga0209800_10000245_50  0.653  28  0.750  28  0.963  12  0.892   0.806 Y  0.450      SignalP-TM
3300027800.a:Ga0209800_10000245_50  0.689  28  0.678  28  0.921  14  0.697   0.688 Y  0.450      SignalP-noTM
3300027800.a:Ga0209800_10000245_50  0.817  28  0.837  28  0.992  10  0.918   0.875 Y  0.570      SignalP-noTM
3300027800.a:Ga0209800_10000245_64  0.493  27  0.649  27  0.934   9  0.856   0.760 Y  0.450      SignalP-noTM
3300027800.a:Ga0209800_10000245_66  0.192  61  0.420  27  0.963  25  0.884   0.638 Y  0.570      SignalP-noTM
3300027800.a:Ga0209800_10000245_66  0.279  28  0.490  28  0.907  25  0.806   0.661 Y  0.450      SignalP-noTM
3300027800.a:Ga0209800_10000245_67  0.422  44  0.570  44  0.891  42  0.583   0.575 Y  0.450      SignalP-TM
3300027800.a:Ga0209800_10000245_68  0.448  22  0.604  22  0.904   3  0.815   0.718 Y  0.450      SignalP-noTM
3300027800.a:Ga0209800_10000245_69  0.674  25  0.551  25  0.822   7  0.528   0.542 Y  0.500      SignalP-TM
3300027800.a:Ga0209800_10000245_70  0.534  24  0.610  24  0.853  19  0.719   0.654 Y  0.500      SignalP-TM
3300027800.a:Ga0209800_10000245_78  0.122  20  0.311  20  0.885  12  0.720   0.471 Y  0.450      SignalP-TM
3300027800.a:Ga0209800_10000245_85  0.602  28  0.614  28  0.971  11  0.802   0.702 Y  0.570      SignalP-noTM
3300027800.a:Ga0209800_10000245_85  0.662  20  0.782  20  0.971  11  0.925   0.859 Y  0.450      SignalP-noTM
3300027800.a:Ga0209800_10000245_85  0.815  28  0.833  28  0.957  15  0.887   0.854 Y  0.450      SignalP-TM
3300027800.a:Ga0209800_10000245_88  0.388  29  0.564  29  0.989  14  0.852   0.720 Y  0.450      SignalP-noTM
3300027800.a:Ga0209800_10000245_88  0.706  27  0.624  27  0.694  20  0.571   0.603 Y  0.450      SignalP-TM
3300027800.a:Ga0209800_10000245_90  0.720  25  0.634  25  0.784   4  0.613   0.626 Y  0.500      SignalP-TM
3300027800.a:Ga0209800_10000246_21  0.578  19  0.736  19  0.979  11  0.936   0.844 Y  0.450      SignalP-noTM
3300027800.a:Ga0209800_10000246_27  0.801  29  0.855  29  0.988  16  0.914   0.887 Y  0.450      SignalP-noTM
3300027800.a:Ga0209800_10000246_27  0.833  29  0.647  29  0.605  17  0.471   0.582 Y  0.510      SignalP-TM
3300027800.a:Ga0209800_10000246_30  0.282  26  0.467  26  0.959   8  0.860   0.652 Y  0.570      SignalP-noTM
3300027800.a:Ga0209800_10000246_30  0.354  24  0.550  24  0.965  10  0.859   0.717 Y  0.450      SignalP-noTM
3300027800.a:Ga0209800_10000246_30  0.369  29  0.551  26  0.931  18  0.837   0.663 Y  0.450      SignalP-TM
3300027800.a:Ga0209800_10000246_31  0.257  21  0.470  21  0.914  20  0.868   0.685 Y  0.450      SignalP-noTM
3300027800.a:Ga0209800_10000246_31  0.403  25  0.569  25  0.878  16  0.818   0.666 Y  0.450      SignalP-TM
3300027800.a:Ga0209800_10000246_31  0.808  25  0.864  25  0.953  21  0.919   0.890 Y  0.570      SignalP-noTM
3300027800.a:Ga0209800_10000246_32  0.567  26  0.580  26  0.823   9  0.612   0.593 Y  0.450      SignalP-TM
3300027800.a:Ga0209800_10000246_32  0.779  26  0.850  26  0.984  15  0.925   0.890 Y  0.450      SignalP-noTM
3300027800.a:Ga0209800_10000246_32  0.865  26  0.837  26  0.909  22  0.839   0.838 Y  0.570      SignalP-noTM
3300027800.a:Ga0209800_10000246_34  0.636  21  0.674  21  0.844  16  0.716   0.691 Y  0.500      SignalP-TM
3300027800.a:Ga0209800_10000246_35  0.454  19  0.630  19  0.932   3  0.867   0.758 Y  0.450      SignalP-noTM
3300027800.a:Ga0209800_10000246_47  0.767  28  0.586  25  0.767   1  0.564   0.578 Y  0.500      SignalP-TM
3300027800.a:Ga0209800_10000246_49  0.574  36  0.676  36  0.878  33  0.521   0.615 Y  0.450      SignalP-TM
3300027800.a:Ga0209800_10000246_49  0.783  36  0.866  36  0.980  32  0.826   0.847 Y  0.570      SignalP-noTM
3300027800.a:Ga0209800_10000246_54  0.484  27  0.645  27  0.975  15  0.871   0.767 Y  0.450      SignalP-noTM
3300027800.a:Ga0209800_10000246_54  0.485  27  0.612  27  0.965  16  0.849   0.723 Y  0.570      SignalP-noTM
3300027800.a:Ga0209800_10000246_54  0.502  27  0.531  27  0.707  16  0.583   0.551 Y  0.450      SignalP-TM
3300027800.a:Ga0209800_10000246_55  0.606  26  0.567  26  0.766  16  0.571   0.569 Y  0.500      SignalP-TM
3300027800.a:Ga0209800_10000246_57  0.340  23  0.533  23  0.913  14  0.837   0.697 Y  0.450      SignalP-noTM
3300027800.a:Ga0209800_10000246_57  0.416  23  0.453  23  0.663  11  0.522   0.480 Y  0.450      SignalP-TM
3300027800.a:Ga0209800_10000246_73  0.725  29  0.577  29  0.649  25  0.419   0.514 Y  0.500      SignalP-TM
3300027800.a:Ga0209800_10000246_89  0.812  21  0.877  21  0.981  13  0.948   0.915 Y  0.450      SignalP-noTM
3300027800.a:Ga0209800_10000291_28  0.532  32  0.601  32  0.878  28  0.617   0.607 Y  0.450      SignalP-TM
3300027800.a:Ga0209800_10000291_28  0.655  30  0.769  30  0.955  23  0.880   0.821 Y  0.570      SignalP-noTM
3300027800.a:Ga0209800_10000291_28  0.844  30  0.625  30  0.607  10  0.431   0.547 Y  0.500      SignalP-TM
3300027800.a:Ga0209800_10000291_29  0.252  42  0.366  30  0.939  10  0.803   0.536 Y  0.450      SignalP-TM
3300027800.a:Ga0209800_10000291_34  0.152  30  0.325  30  0.838  17  0.686   0.466 Y  0.450      SignalP-TM
3300027800.a:Ga0209800_10000291_34  0.395  28  0.621  28  0.988  22  0.941   0.771 Y  0.570      SignalP-noTM
3300027800.a:Ga0209800_10000291_34  0.633  30  0.758  30  0.968  20  0.901   0.835 Y  0.450      SignalP-noTM
3300027800.a:Ga0209800_10000291_56  0.180  26  0.344  22  0.757  21  0.634   0.457 Y  0.450      SignalP-TM
3300027800.a:Ga0209800_10000291_56  0.829  22  0.867  22  0.933  13  0.893   0.879 Y  0.570      SignalP-noTM
3300027800.a:Ga0209800_10000291_56  0.866  22  0.898  22  0.963  12  0.932   0.917 Y  0.450      SignalP-noTM
3300027800.a:Ga0209800_10000291_62  0.560  26  0.519  26  0.700  10  0.546   0.530 Y  0.500      SignalP-TM
3300027800.a:Ga0209800_10000291_65  0.670  19  0.558  19  0.683   1  0.487   0.530 Y  0.500      SignalP-TM
3300027800.a:Ga0209800_10000291_75  0.765  25  0.744  25  0.828  13  0.756   0.749 Y  0.450      SignalP-TM
3300027800.a:Ga0209800_10000291_75  0.767  25  0.845  25  0.988  14  0.930   0.891 Y  0.450      SignalP-noTM
3300027800.a:Ga0209800_10000291_75  0.875  25  0.873  25  0.962  11  0.905   0.888 Y  0.570      SignalP-noTM
3300027800.a:Ga0209800_10000291_84  0.407  20  0.512  20  0.827   1  0.653   0.578 Y  0.570      SignalP-noTM
3300027800.a:Ga0209800_10000291_84  0.828  21  0.869  21  0.949   2  0.911   0.892 Y  0.450      SignalP-noTM
3300027800.a:Ga0209800_10000308_40  0.244  23  0.453  22  0.923   7  0.877   0.619 Y  0.450      SignalP-TM
3300027800.a:Ga0209800_10000308_40  0.570  23  0.720  23  0.962  17  0.924   0.816 Y  0.570      SignalP-noTM
3300027800.a:Ga0209800_10000308_40  0.652  23  0.779  23  0.970   6  0.932   0.862 Y  0.450      SignalP-noTM
3300027800.a:Ga0209800_10000308_42  0.216  19  0.393  19  0.777  15  0.699   0.515 Y  0.500      SignalP-TM
3300027800.a:Ga0209800_10000308_46  0.386  25  0.565  25  0.938  22  0.762   0.642 Y  0.450      SignalP-TM
3300027800.a:Ga0209800_10000308_46  0.633  25  0.771  25  0.974  17  0.930   0.857 Y  0.450      SignalP-noTM
3300027800.a:Ga0209800_10000308_46  0.901  25  0.932  25  0.981  21  0.949   0.940 Y  0.570      SignalP-noTM
3300027800.a:Ga0209800_10000308_48  0.130  27  0.276  12  0.811  11  0.766   0.467 Y  0.450      SignalP-TM
3300027800.a:Ga0209800_10000308_5  0.317  25  0.509  25  0.951  18  0.824   0.679 Y  0.450      SignalP-noTM
3300027800.a:Ga0209800_10000308_5  0.586  25  0.720  25  0.993  18  0.920   0.814 Y  0.570      SignalP-noTM
3300027800.a:Ga0209800_10000308_5  0.622  25  0.688  25  0.963  10  0.830   0.743 Y  0.450      SignalP-TM
3300027800.a:Ga0209800_10000308_52  0.279  27  0.413  27  0.671  15  0.574   0.476 Y  0.450      SignalP-TM
3300027800.a:Ga0209800_10000308_52  0.536  27  0.678  27  0.929  16  0.855   0.774 Y  0.450      SignalP-noTM
3300027800.a:Ga0209800_10000308_61  0.230  36  0.361  25  0.870  14  0.774   0.522 Y  0.450      SignalP-TM
3300027800.a:Ga0209800_10000308_61  0.393  20  0.520  20  0.774  11  0.664   0.577 Y  0.500      SignalP-TM
3300027800.a:Ga0209800_10000308_61  0.574  20  0.736  20  0.974  11  0.945   0.834 Y  0.570      SignalP-noTM
3300027800.a:Ga0209800_10000308_66  0.870  25  0.898  25  0.977  15  0.925   0.913 Y  0.450      SignalP-noTM
3300027800.a:Ga0209800_10000310_21  0.451  29  0.539  29  0.863  12  0.714   0.607 Y  0.450      SignalP-TM
3300027800.a:Ga0209800_10000310_21  0.846  29  0.854  29  0.991  14  0.885   0.870 Y  0.450      SignalP-noTM
3300027800.a:Ga0209800_10000310_39  0.174  28  0.397  28  0.948  22  0.861   0.615 Y  0.570      SignalP-noTM
3300027800.a:Ga0209800_10000310_39  0.205  30  0.397  30  0.880  23  0.727   0.526 Y  0.450      SignalP-TM
3300027800.a:Ga0209800_10000310_39  0.361  30  0.467  30  0.757  21  0.587   0.515 Y  0.500      SignalP-TM
3300027800.a:Ga0209800_10000310_46  0.444  29  0.599  29  0.911  16  0.785   0.671 Y  0.450      SignalP-TM
3300027800.a:Ga0209800_10000310_46  0.586  29  0.703  29  0.986  15  0.859   0.787 Y  0.450      SignalP-noTM
3300027800.a:Ga0209800_10000310_46  0.719  23  0.836  23  0.982  20  0.950   0.890 Y  0.570      SignalP-noTM
3300027800.a:Ga0209800_10000310_48  0.254  17  0.404  17  0.741  14  0.623   0.522 Y  0.450      SignalP-noTM
3300027800.a:Ga0209800_10000310_64  0.633  28  0.768  28  0.967  18  0.921   0.850 Y  0.450      SignalP-noTM
3300027800.a:Ga0209800_10000310_64  0.692  28  0.744  28  0.851  10  0.788   0.761 Y  0.450      SignalP-TM
3300027800.a:Ga0209800_10000310_64  0.853  28  0.896  28  0.961  13  0.930   0.912 Y  0.570      SignalP-noTM
3300027800.a:Ga0209800_10000310_80  0.571  25  0.641  25  0.887   7  0.773   0.692 Y  0.450      SignalP-TM
3300027800.a:Ga0209800_10000310_80  0.667  25  0.773  25  0.982  14  0.900   0.842 Y  0.450      SignalP-noTM
3300027800.a:Ga0209800_10000310_80  0.758  25  0.818  25  0.978  20  0.908   0.861 Y  0.570      SignalP-noTM
3300027800.a:Ga0209800_10000311_29  0.285  20  0.397  20  0.766   2  0.519   0.462 Y  0.450      SignalP-noTM
3300027800.a:Ga0209800_10000311_34  0.788  25  0.630  25  0.789   7  0.558   0.601 Y  0.500      SignalP-TM
3300027800.a:Ga0209800_10000311_35  0.315  26  0.447  26  0.872   8  0.698   0.545 Y  0.450      SignalP-TM
3300027800.a:Ga0209800_10000311_35  0.611  28  0.731  28  0.990  15  0.884   0.814 Y  0.450      SignalP-noTM
3300027800.a:Ga0209800_10000311_35  0.652  26  0.616  26  0.715  23  0.547   0.590 Y  0.510      SignalP-TM
3300027800.a:Ga0209800_10000311_45  0.308  25  0.465  25  0.910   2  0.770   0.608 Y  0.570      SignalP-noTM
3300027800.a:Ga0209800_10000311_45  0.470  27  0.613  27  0.895  22  0.800   0.686 Y  0.450      SignalP-TM
3300027800.a:Ga0209800_10000311_45  0.549  25  0.683  25  0.961   5  0.853   0.775 Y  0.450      SignalP-noTM
3300027800.a:Ga0209800_10000311_46  0.654  27  0.745  23  0.954  15  0.893   0.825 Y  0.450      SignalP-noTM
3300027800.a:Ga0209800_10000311_47  0.142  43  0.280  12  0.805   2  0.723   0.453 Y  0.450      SignalP-TM
3300027800.a:Ga0209800_10000311_72  0.124  27  0.291  12  0.882   8  0.832   0.502 Y  0.450      SignalP-TM
3300027800.a:Ga0209800_10000311_72  0.371  25  0.444  25  0.826   1  0.555   0.504 Y  0.450      SignalP-noTM
3300027800.a:Ga0209800_10000315_2  0.659  30  0.770  30  0.984  18  0.903   0.842 Y  0.450      SignalP-noTM
3300027800.a:Ga0209800_10000315_30  0.220  42  0.280  18  0.840  10  0.719   0.451 Y  0.450      SignalP-TM
3300027800.a:Ga0209800_10000315_69  0.222  22  0.439  22  0.927  17  0.836   0.626 Y  0.570      SignalP-noTM
3300027800.a:Ga0209800_10000315_69  0.235  25  0.440  25  0.904  20  0.751   0.561 Y  0.450      SignalP-TM
3300027800.a:Ga0209800_10000315_69  0.786  22  0.858  22  0.973  14  0.938   0.901 Y  0.450      SignalP-noTM
3300027800.a:Ga0209800_10000339_14  0.538  26  0.694  26  0.937   9  0.881   0.767 Y  0.450      SignalP-TM
3300027800.a:Ga0209800_10000339_14  0.700  26  0.807  26  0.990  14  0.931   0.874 Y  0.450      SignalP-noTM
3300027800.a:Ga0209800_10000339_14  0.800  26  0.735  26  0.767  22  0.653   0.705 Y  0.510      SignalP-TM
3300027800.a:Ga0209800_10000339_15  0.280  24  0.439  24  0.877   7  0.759   0.564 Y  0.450      SignalP-TM
3300027800.a:Ga0209800_10000339_15  0.661  24  0.779  24  0.977  12  0.931   0.851 Y  0.570      SignalP-noTM
3300027800.a:Ga0209800_10000339_15  0.690  20  0.809  20  0.979  12  0.952   0.886 Y  0.450      SignalP-noTM
3300027800.a:Ga0209800_10000339_18  0.272  23  0.399  23  0.830   9  0.651   0.497 Y  0.450      SignalP-TM
3300027800.a:Ga0209800_10000339_18  0.284  23  0.484  23  0.947   4  0.827   0.670 Y  0.450      SignalP-noTM
3300027800.a:Ga0209800_10000339_19  0.374  21  0.518  21  0.882  20  0.636   0.564 Y  0.450      SignalP-TM
3300027800.a:Ga0209800_10000339_19  0.461  21  0.514  21  0.772  19  0.570   0.535 Y  0.510      SignalP-TM
3300027800.a:Ga0209800_10000339_19  0.825  21  0.881  21  0.980  14  0.946   0.916 Y  0.450      SignalP-noTM
3300027800.a:Ga0209800_10000339_30  0.224  24  0.431  24  0.898  22  0.794   0.573 Y  0.450      SignalP-TM
3300027800.a:Ga0209800_10000339_30  0.652  20  0.782  20  0.973  16  0.947   0.871 Y  0.450      SignalP-noTM
3300027800.a:Ga0209800_10000339_4  0.248  27  0.400  27  0.900  11  0.716   0.524 Y  0.450      SignalP-TM
3300027800.a:Ga0209800_10000339_4  0.681  27  0.796  27  0.984  17  0.940   0.864 Y  0.570      SignalP-noTM
3300027800.a:Ga0209800_10000339_4  0.716  27  0.813  27  0.975  17  0.919   0.870 Y  0.450      SignalP-noTM
3300027800.a:Ga0209800_10000339_50  0.756  27  0.849  27  0.984  17  0.947   0.902 Y  0.450      SignalP-noTM
3300027800.a:Ga0209800_10000339_55  0.353  34  0.493  34  0.831  24  0.570   0.523 Y  0.450      SignalP-TM
3300027800.a:Ga0209800_10000339_55  0.386  29  0.589  29  0.962  19  0.893   0.753 Y  0.450      SignalP-noTM
3300027800.a:Ga0209800_10000339_56  0.249  26  0.405  26  0.832   9  0.730   0.532 Y  0.450      SignalP-TM
3300027800.a:Ga0209800_10000339_56  0.607  25  0.582  25  0.831   2  0.642   0.606 Y  0.500      SignalP-TM
3300027800.a:Ga0209800_10000339_61  0.205  34  0.280  13  0.832   6  0.774   0.472 Y  0.450      SignalP-TM
3300027800.a:Ga0209800_10000339_62  0.189  20  0.365  20  0.822   2  0.714   0.504 Y  0.500      SignalP-TM
3300027800.a:Ga0209800_10000339_64  0.377  26  0.523  26  0.793   3  0.709   0.595 Y  0.450      SignalP-TM
3300027800.a:Ga0209800_10000339_64  0.463  26  0.638  26  0.939  15  0.877   0.767 Y  0.450      SignalP-noTM
3300027800.a:Ga0209800_10000339_64  0.481  26  0.625  26  0.950  19  0.848   0.730 Y  0.570      SignalP-noTM
3300027800.a:Ga0209800_10000339_9  0.291  23  0.461  23  0.865   7  0.730   0.606 Y  0.450      SignalP-noTM
3300027800.a:Ga0209800_10000339_9  0.703  23  0.701  23  0.819  20  0.632   0.669 Y  0.570      SignalP-noTM
3300027800.a:Ga0209800_10000352_29  0.211  26  0.370  26  0.863  10  0.690   0.495 Y  0.450      SignalP-TM
3300027800.a:Ga0209800_10000352_29  0.359  25  0.580  25  0.975  19  0.941   0.749 Y  0.570      SignalP-noTM
3300027800.a:Ga0209800_10000352_29  0.844  26  0.886  26  0.974   5  0.930   0.910 Y  0.450      SignalP-noTM
3300027800.a:Ga0209800_10000352_33  0.222  36  0.364  36  0.819   8  0.633   0.469 Y  0.450      SignalP-TM
3300027800.a:Ga0209800_10000352_54  0.147  34  0.292  22  0.823   6  0.735   0.464 Y  0.450      SignalP-TM
3300027800.a:Ga0209800_10000420_19  0.631  23  0.589  23  0.673  14  0.539   0.571 Y  0.510      SignalP-TM
3300027800.a:Ga0209800_10000420_19  0.763  21  0.800  21  0.888  11  0.841   0.817 Y  0.500      SignalP-TM
3300027800.a:Ga0209800_10000420_19  0.795  23  0.683  23  0.749  15  0.614   0.656 Y  0.450      SignalP-TM
3300027800.a:Ga0209800_10000420_22  0.577  30  0.597  30  0.832  24  0.521   0.567 Y  0.500      SignalP-TM
3300027800.a:Ga0209800_10000420_24  0.574  28  0.547  28  0.702  12  0.565   0.554 Y  0.450      SignalP-TM
3300027800.a:Ga0209800_10000420_24  0.655  28  0.732  28  0.955  15  0.829   0.785 Y  0.450      SignalP-noTM
3300027800.a:Ga0209800_10000420_24  0.872  28  0.795  28  0.971  19  0.832   0.813 Y  0.570      SignalP-noTM
3300027800.a:Ga0209800_10000420_47  0.264  26  0.435  26  0.924  11  0.734   0.597 Y  0.450      SignalP-noTM
3300027800.a:Ga0209800_10000420_5  0.189  21  0.404  21  0.963  17  0.875   0.625 Y  0.570      SignalP-noTM
3300027800.a:Ga0209800_10000420_5  0.475  28  0.593  28  0.976  13  0.780   0.694 Y  0.450      SignalP-noTM
3300027800.a:Ga0209800_10000420_52  0.403  29  0.557  29  0.840  23  0.720   0.621 Y  0.450      SignalP-TM
3300027800.a:Ga0209800_10000420_6  0.279  30  0.500  30  0.960  21  0.887   0.709 Y  0.450      SignalP-noTM
3300027800.a:Ga0209800_10000420_6  0.422  32  0.458  32  0.696  14  0.538   0.489 Y  0.450      SignalP-TM
3300027800.a:Ga0209800_10000420_61  0.310  18  0.441  18  0.812   1  0.651   0.525 Y  0.500      SignalP-TM
3300027800.a:Ga0209800_10000420_7  0.408  28  0.601  28  0.965  21  0.895   0.739 Y  0.570      SignalP-noTM
3300027800.a:Ga0209800_10000420_7  0.665  28  0.767  28  0.981  17  0.887   0.832 Y  0.450      SignalP-noTM
3300027800.a:Ga0209800_10000423_13  0.466  32  0.467  32  0.735  11  0.572   0.508 Y  0.450      SignalP-TM
3300027800.a:Ga0209800_10000423_28  0.197  23  0.414  17  0.946  16  0.906   0.645 Y  0.570      SignalP-noTM
3300027800.a:Ga0209800_10000423_28  0.291  34  0.413  23  0.973   9  0.911   0.607 Y  0.450      SignalP-TM
3300027800.a:Ga0209800_10000423_28  0.426  17  0.630  17  0.958   3  0.933   0.794 Y  0.450      SignalP-noTM
3300027800.a:Ga0209800_10000423_29  0.393  32  0.545  32  0.879  26  0.686   0.621 Y  0.450      SignalP-noTM
3300027800.a:Ga0209800_10000423_29  0.622  39  0.689  39  0.933  25  0.707   0.696 Y  0.450      SignalP-TM
3300027800.a:Ga0209800_10000423_30  0.250  23  0.455  23  0.911  20  0.790   0.613 Y  0.570      SignalP-noTM
3300027800.a:Ga0209800_10000423_30  0.261  23  0.471  23  0.925  14  0.853   0.678 Y  0.450      SignalP-noTM
3300027800.a:Ga0209800_10000423_30  0.295  28  0.491  28  0.935  20  0.770   0.600 Y  0.450      SignalP-TM
3300027800.a:Ga0209800_10000423_45  0.241  21  0.410  21  0.886   8  0.699   0.523 Y  0.450      SignalP-TM
3300027800.a:Ga0209800_10000423_56  0.170  23  0.383  23  0.952  14  0.867   0.645 Y  0.450      SignalP-noTM
3300027800.a:Ga0209800_10000423_58  0.297  26  0.454  26  0.833  12  0.744   0.567 Y  0.450      SignalP-TM
3300027800.a:Ga0209800_10000423_58  0.529  26  0.652  26  0.965  12  0.817   0.741 Y  0.450      SignalP-noTM
3300027800.a:Ga0209800_10000423_58  0.596  26  0.686  26  0.961  10  0.862   0.769 Y  0.570      SignalP-noTM
3300027800.a:Ga0209800_10000461_10  0.760  28  0.709  28  0.851  21  0.596   0.664 Y  0.500      SignalP-TM
3300027800.a:Ga0209800_10000461_19  0.541  31  0.659  31  0.935  29  0.622   0.645 Y  0.450      SignalP-TM
3300027800.a:Ga0209800_10000461_19  0.566  31  0.609  31  0.780  24  0.499   0.568 Y  0.510      SignalP-TM
3300027800.a:Ga0209800_10000461_19  0.697  31  0.802  31  0.986  19  0.911   0.861 Y  0.450      SignalP-noTM
3300027800.a:Ga0209800_10000461_23  0.251  20  0.413  20  0.766  16  0.660   0.512 Y  0.500      SignalP-TM
3300027800.a:Ga0209800_10000461_41  0.436  26  0.527  26  0.764  12  0.652   0.576 Y  0.450      SignalP-TM
3300027800.a:Ga0209800_10000461_41  0.560  22  0.727  22  0.979   6  0.946   0.845 Y  0.450      SignalP-noTM
3300027800.a:Ga0209800_10000461_42  0.276  21  0.413  21  0.791   2  0.665   0.511 Y  0.450      SignalP-TM
3300027800.a:Ga0209800_10000461_42  0.891  21  0.905  21  0.953  18  0.917   0.910 Y  0.570      SignalP-noTM
3300027800.a:Ga0209800_10000461_42  0.898  21  0.919  21  0.983  12  0.939   0.930 Y  0.450      SignalP-noTM
3300027800.a:Ga0209800_10000461_48  0.343  32  0.533  32  0.892  27  0.790   0.633 Y  0.450      SignalP-TM
3300027800.a:Ga0209800_10000461_48  0.417  32  0.599  26  0.990  18  0.949   0.788 Y  0.450      SignalP-noTM
3300027800.a:Ga0209800_10000461_5  0.617  21  0.764  21  0.988  12  0.943   0.861 Y  0.450      SignalP-noTM
3300027800.a:Ga0209800_10000475_15  0.661  26  0.757  26  0.987  14  0.876   0.821 Y  0.450      SignalP-noTM
3300027800.a:Ga0209800_10000475_24  0.298  47  0.353  37  0.794  27  0.626   0.460 Y  0.450      SignalP-TM
3300027800.a:Ga0209800_10000475_30  0.162  20  0.359  20  0.893  10  0.795   0.595 Y  0.450      SignalP-noTM
3300027800.a:Ga0209800_10000475_35  0.513  25  0.624  25  0.897  22  0.730   0.665 Y  0.450      SignalP-TM
3300027800.a:Ga0209800_10000475_35  0.613  25  0.606  25  0.714  23  0.498   0.566 Y  0.510      SignalP-TM
3300027800.a:Ga0209800_10000475_35  0.900  25  0.932  25  0.995  14  0.964   0.949 Y  0.450      SignalP-noTM
3300027800.a:Ga0209800_10000475_36  0.346  21  0.473  21  0.738  19  0.621   0.531 Y  0.450      SignalP-TM
3300027800.a:Ga0209800_10000475_36  0.798  21  0.839  21  0.943  12  0.881   0.862 Y  0.450      SignalP-noTM
3300027800.a:Ga0209800_10000475_36  0.826  21  0.853  21  0.919  18  0.838   0.846 Y  0.570      SignalP-noTM
3300027800.a:Ga0209800_10000488_10  0.778  23  0.782  23  0.905  16  0.823   0.798 Y  0.450      SignalP-TM
3300027800.a:Ga0209800_10000488_10  0.778  23  0.842  23  0.987  17  0.928   0.882 Y  0.570      SignalP-noTM
3300027800.a:Ga0209800_10000488_10  0.902  23  0.921  23  0.981   4  0.941   0.932 Y  0.450      SignalP-noTM
3300027800.a:Ga0209800_10000502_13  0.704  22  0.581  22  0.615   4  0.505   0.553 Y  0.510      SignalP-TM
3300027800.a:Ga0209800_10000502_13  0.729  22  0.712  22  0.855  18  0.700   0.707 Y  0.450      SignalP-TM
3300027800.a:Ga0209800_10000502_13  0.887  22  0.891  22  0.944  12  0.895   0.893 Y  0.450      SignalP-noTM
3300027800.a:Ga0209800_10000502_17  0.448  24  0.622  24  0.961  18  0.848   0.710 Y  0.450      SignalP-TM
3300027800.a:Ga0209800_10000502_17  0.679  24  0.747  24  0.958  18  0.874   0.807 Y  0.570      SignalP-noTM
3300027800.a:Ga0209800_10000502_17  0.794  24  0.819  24  0.950   4  0.846   0.833 Y  0.450      SignalP-noTM
3300027800.a:Ga0209800_10000502_25  0.401  23  0.583  23  0.877  12  0.818   0.674 Y  0.450      SignalP-TM
3300027800.a:Ga0209800_10000502_25  0.506  23  0.574  23  0.791  18  0.664   0.610 Y  0.500      SignalP-TM
3300027800.a:Ga0209800_10000502_25  0.778  23  0.867  23  0.986  17  0.953   0.907 Y  0.570      SignalP-noTM
3300027800.a:Ga0209800_10000502_44  0.154  44  0.314  26  0.893  15  0.780   0.495 Y  0.450      SignalP-TM
3300027800.a:Ga0209800_10000502_44  0.449  28  0.627  28  0.960  17  0.889   0.750 Y  0.570      SignalP-noTM
3300027800.a:Ga0209800_10000502_44  0.462  28  0.597  28  0.899  18  0.779   0.695 Y  0.450      SignalP-noTM
3300027800.a:Ga0209800_10000520_12  0.283  23  0.426  23  0.845  16  0.710   0.537 Y  0.450      SignalP-TM
3300027800.a:Ga0209800_10000520_12  0.493  21  0.651  21  0.911   4  0.858   0.763 Y  0.450      SignalP-noTM
3300027800.a:Ga0209800_10000520_12  0.725  23  0.803  23  0.969  17  0.909   0.852 Y  0.570      SignalP-noTM
3300027800.a:Ga0209800_10000520_14  0.622  25  0.628  25  0.788  18  0.588   0.612 Y  0.450      SignalP-TM
3300027800.a:Ga0209800_10000520_14  0.772  25  0.796  25  0.931  15  0.824   0.811 Y  0.450      SignalP-noTM
3300027800.a:Ga0209800_10000520_15  0.240  23  0.373  23  0.763   9  0.627   0.472 Y  0.450      SignalP-TM
3300027800.a:Ga0209800_10000520_15  0.398  23  0.580  23  0.954  17  0.885   0.723 Y  0.570      SignalP-noTM
3300027800.a:Ga0209800_10000520_15  0.630  21  0.774  21  0.985  14  0.953   0.871 Y  0.450      SignalP-noTM
3300027800.a:Ga0209800_10000520_27  0.636  22  0.577  22  0.786   6  0.591   0.583 Y  0.450      SignalP-TM
3300027800.a:Ga0209800_10000520_27  0.898  22  0.934  22  0.988  13  0.972   0.954 Y  0.450      SignalP-noTM
3300027800.a:Ga0209800_10000520_8  0.829  25  0.848  25  0.985  12  0.875   0.863 Y  0.450      SignalP-noTM
3300027800.a:Ga0209800_10000530_18  0.778  28  0.805  28  0.975  14  0.853   0.831 Y  0.450      SignalP-noTM
3300027800.a:Ga0209800_10000530_22  0.192  22  0.397  22  0.906  15  0.772   0.543 Y  0.450      SignalP-TM
3300027800.a:Ga0209800_10000530_22  0.463  22  0.658  22  0.968  15  0.936   0.789 Y  0.570      SignalP-noTM
3300027800.a:Ga0209800_10000530_22  0.637  22  0.769  22  0.967  14  0.929   0.856 Y  0.450      SignalP-noTM
3300027800.a:Ga0209800_10000530_23  0.606  24  0.541  24  0.700   5  0.527   0.536 Y  0.510      SignalP-TM
3300027800.a:Ga0209800_10000530_38  0.270  25  0.433  25  0.806  13  0.686   0.532 Y  0.450      SignalP-TM
3300027800.a:Ga0209800_10000530_38  0.631  25  0.756  25  0.974  22  0.911   0.829 Y  0.570      SignalP-noTM
3300027800.a:Ga0209800_10000530_38  0.880  25  0.899  25  0.960  15  0.915   0.908 Y  0.450      SignalP-noTM
3300027800.a:Ga0209800_10000602_19  0.431  31  0.502  31  0.678  25  0.527   0.512 Y  0.450      SignalP-TM
3300027800.a:Ga0209800_10000602_19  0.468  31  0.641  31  0.954  24  0.838   0.734 Y  0.570      SignalP-noTM
3300027800.a:Ga0209800_10000602_19  0.634  31  0.737  31  0.967  20  0.867   0.807 Y  0.450      SignalP-noTM
3300027800.a:Ga0209800_10000606_1  0.609  18  0.713  18  0.890  16  0.835   0.779 Y  0.450      SignalP-noTM
3300027800.a:Ga0209800_10000606_14  0.136  30  0.317  30  0.904  16  0.756   0.488 Y  0.450      SignalP-TM
3300027800.a:Ga0209800_10000606_14  0.172  30  0.377  30  0.958  16  0.866   0.606 Y  0.570      SignalP-noTM
3300027800.a:Ga0209800_10000606_14  0.480  26  0.660  26  0.947  10  0.895   0.787 Y  0.450      SignalP-noTM
3300027800.a:Ga0209800_10000606_30  0.335  25  0.460  25  0.769  17  0.538   0.490 Y  0.450      SignalP-TM
3300027800.a:Ga0209800_10000626_12  0.321  22  0.552  22  0.984  15  0.951   0.767 Y  0.450      SignalP-noTM
3300027800.a:Ga0209800_10000626_12  0.391  27  0.575  27  0.969  18  0.905   0.730 Y  0.570      SignalP-noTM
3300027800.a:Ga0209800_10000626_12  0.492  27  0.645  27  0.963  10  0.882   0.738 Y  0.450      SignalP-TM
3300027800.a:Ga0209800_10000626_23  0.532  23  0.600  23  0.816   6  0.704   0.640 Y  0.450      SignalP-TM
3300027800.a:Ga0209800_10000626_23  0.798  23  0.865  23  0.956  20  0.938   0.899 Y  0.570      SignalP-noTM
3300027800.a:Ga0209800_10000626_23  0.807  23  0.870  23  0.980   4  0.938   0.907 Y  0.450      SignalP-noTM
3300027800.a:Ga0209800_10000626_30  0.642  26  0.698  26  0.897   9  0.800   0.737 Y  0.450      SignalP-TM
3300027800.a:Ga0209800_10000626_30  0.794  26  0.618  26  0.722   8  0.575   0.602 Y  0.510      SignalP-TM
3300027800.a:Ga0209800_10000626_30  0.802  26  0.860  26  0.972  16  0.919   0.892 Y  0.450      SignalP-noTM
3300027800.a:Ga0209800_10000626_33  0.353  20  0.505  20  0.867   4  0.704   0.612 Y  0.450      SignalP-noTM
3300027800.a:Ga0209800_10000626_34  0.277  29  0.461  29  0.874  15  0.737   0.569 Y  0.450      SignalP-TM
3300027800.a:Ga0209800_10000626_34  0.292  29  0.473  29  0.975  18  0.855   0.653 Y  0.570      SignalP-noTM
3300027800.a:Ga0209800_10000626_34  0.507  29  0.643  29  0.972  16  0.828   0.743 Y  0.450      SignalP-noTM
3300027800.a:Ga0209800_10000626_45  0.319  25  0.538  25  0.972  17  0.912   0.684 Y  0.450      SignalP-TM
3300027800.a:Ga0209800_10000626_45  0.498  25  0.657  25  0.949  19  0.866   0.770 Y  0.450      SignalP-noTM
3300027800.a:Ga0209800_10000626_45  0.714  25  0.801  25  0.976  10  0.923   0.858 Y  0.570      SignalP-noTM
3300027800.a:Ga0209800_10000626_47  0.222  27  0.430  27  0.926  19  0.860   0.598 Y  0.450      SignalP-TM
3300027800.a:Ga0209800_10000626_47  0.225  22  0.458  22  0.965  17  0.938   0.683 Y  0.570      SignalP-noTM
3300027800.a:Ga0209800_10000626_47  0.303  25  0.525  25  0.965  15  0.909   0.732 Y  0.450      SignalP-noTM
3300027800.a:Ga0209800_10000630_19  0.179  25  0.336  25  0.733  10  0.656   0.460 Y  0.450      SignalP-TM
3300027800.a:Ga0209800_10000630_19  0.749  25  0.803  25  0.960   6  0.863   0.835 Y  0.450      SignalP-noTM
3300027800.a:Ga0209800_10000630_23  0.163  26  0.382  26  0.918  17  0.846   0.563 Y  0.450      SignalP-TM
3300027800.a:Ga0209800_10000630_23  0.325  28  0.549  28  0.978  16  0.918   0.748 Y  0.450      SignalP-noTM
3300027800.a:Ga0209800_10000630_23  0.417  30  0.595  30  0.993  17  0.912   0.744 Y  0.570      SignalP-noTM
3300027800.a:Ga0209800_10000630_27  0.427  28  0.582  22  0.978  15  0.936   0.773 Y  0.450      SignalP-noTM
3300027800.a:Ga0209800_10000630_28  0.692  22  0.777  22  0.941  15  0.866   0.812 Y  0.450      SignalP-TM
3300027800.a:Ga0209800_10000630_28  0.806  22  0.858  22  0.975  17  0.920   0.887 Y  0.570      SignalP-noTM
3300027800.a:Ga0209800_10000630_28  0.862  22  0.895  22  0.978  12  0.929   0.913 Y  0.450      SignalP-noTM
3300027800.a:Ga0209800_10000630_42  0.779  32  0.693  32  0.743  30  0.490   0.618 Y  0.510      SignalP-TM
3300027800.a:Ga0209800_10000630_42  0.786  32  0.801  32  0.923  29  0.654   0.744 Y  0.450      SignalP-TM
3300027800.a:Ga0209800_10000630_42  0.801  32  0.856  32  0.985  19  0.907   0.883 Y  0.450      SignalP-noTM
3300027800.a:Ga0209800_10000630_5  0.249  23  0.476  23  0.983  13  0.911   0.711 Y  0.450      SignalP-noTM
3300027800.a:Ga0209800_10000647_10  0.400  24  0.581  24  0.981  11  0.849   0.726 Y  0.450      SignalP-noTM
3300027800.a:Ga0209800_10000647_10  0.609  24  0.570  24  0.878  15  0.664   0.614 Y  0.570      SignalP-noTM
3300027800.a:Ga0209800_10000647_11  0.486  19  0.654  19  0.947  10  0.871   0.771 Y  0.450      SignalP-noTM
3300027800.a:Ga0209800_10000647_14  0.266  22  0.480  20  0.965   2  0.888   0.700 Y  0.450      SignalP-noTM
3300027800.a:Ga0209800_10000647_22  0.636  22  0.578  22  0.818   4  0.595   0.585 Y  0.500      SignalP-TM
3300027800.a:Ga0209800_10000647_7  0.407  20  0.505  20  0.827   5  0.622   0.568 Y  0.450      SignalP-noTM
3300027800.a:Ga0209800_10000655_12  0.124  37  0.284  15  0.839   9  0.788   0.481 Y  0.450      SignalP-TM
3300027800.a:Ga0209800_10000655_24  0.293  38  0.338  27  0.880  22  0.690   0.475 Y  0.450      SignalP-TM
3300027800.a:Ga0209800_10000655_24  0.411  25  0.535  25  0.820  13  0.645   0.579 Y  0.500      SignalP-TM
3300027800.a:Ga0209800_10000655_24  0.600  25  0.756  25  0.977  21  0.931   0.839 Y  0.570      SignalP-noTM
3300027800.a:Ga0209800_10000655_25  0.721  31  0.789  31  0.990  17  0.885   0.841 Y  0.450      SignalP-noTM
3300027800.a:Ga0209800_10000701_12  0.563  26  0.516  26  0.616  15  0.512   0.515 Y  0.450      SignalP-TM
3300027800.a:Ga0209800_10000701_13  0.783  35  0.835  35  0.928  28  0.772   0.801 Y  0.450      SignalP-noTM
3300027800.a:Ga0209800_10000701_31  0.438  18  0.542  18  0.790  12  0.674   0.595 Y  0.500      SignalP-TM
3300027800.a:Ga0209800_10000788_21  0.456  24  0.522  24  0.688  11  0.579   0.544 Y  0.450      SignalP-TM
3300027800.a:Ga0209800_10000788_21  0.737  24  0.799  24  0.929   4  0.867   0.836 Y  0.450      SignalP-noTM
3300027800.a:Ga0209800_10000788_24  0.595  30  0.500  30  0.603  26  0.479   0.492 Y  0.450      SignalP-TM
3300027800.a:Ga0209800_10000788_25  0.256  21  0.393  21  0.741  19  0.633   0.487 Y  0.450      SignalP-TM
3300027800.a:Ga0209800_10000788_25  0.425  23  0.548  23  0.873  19  0.717   0.627 Y  0.570      SignalP-noTM
3300027800.a:Ga0209800_10000788_25  0.578  23  0.718  21  0.959  12  0.903   0.817 Y  0.450      SignalP-noTM
3300027800.a:Ga0209800_10000788_32  0.197  29  0.387  29  0.926  21  0.572   0.459 Y  0.450      SignalP-TM
3300027800.a:Ga0209800_10000788_5  0.569  24  0.495  24  0.614   3  0.471   0.485 Y  0.450      SignalP-TM
3300027800.a:Ga0209800_10000788_5  0.818  24  0.838  24  0.932  15  0.856   0.847 Y  0.450      SignalP-noTM
3300027800.a:Ga0209800_10000795_18  0.617  21  0.616  21  0.780   1  0.651   0.630 Y  0.450      SignalP-TM
3300027800.a:Ga0209800_10000795_18  0.862  21  0.883  21  0.954  12  0.902   0.893 Y  0.450      SignalP-noTM
3300027800.a:Ga0209800_10000795_18  0.894  21  0.913  21  0.950  18  0.924   0.918 Y  0.570      SignalP-noTM
3300027800.a:Ga0209800_10000795_8  0.601  42  0.617  42  0.775  38  0.479   0.563 Y  0.450      SignalP-TM
3300027800.a:Ga0209800_10000823_17  0.178  36  0.354  29  0.881  13  0.779   0.520 Y  0.450      SignalP-TM
3300027800.a:Ga0209800_10000823_17  0.248  23  0.464  23  0.970   4  0.870   0.683 Y  0.450      SignalP-noTM
3300027800.a:Ga0209800_10000823_17  0.390  23  0.561  23  0.928  17  0.855   0.699 Y  0.570      SignalP-noTM
3300027800.a:Ga0209800_10000823_31  0.421  22  0.612  22  0.942  17  0.879   0.716 Y  0.450      SignalP-TM
3300027800.a:Ga0209800_10000823_31  0.532  22  0.699  22  0.958  14  0.920   0.818 Y  0.450      SignalP-noTM
3300027800.a:Ga0209800_10000823_31  0.759  22  0.852  22  0.969  12  0.946   0.897 Y  0.570      SignalP-noTM
3300027800.a:Ga0209800_10000857_20  0.585  21  0.614  21  0.807   4  0.690   0.644 Y  0.450      SignalP-TM
3300027800.a:Ga0209800_10000857_20  0.881  21  0.879  21  0.935   3  0.875   0.877 Y  0.450      SignalP-noTM
3300027800.a:Ga0209800_10000857_20  0.902  21  0.926  21  0.974  17  0.942   0.934 Y  0.570      SignalP-noTM
3300027800.a:Ga0209800_10000857_21  0.143  34  0.290  18  0.888  10  0.817   0.496 Y  0.450      SignalP-TM
3300027800.a:Ga0209800_10000857_30  0.473  23  0.649  23  0.964   4  0.892   0.780 Y  0.450      SignalP-noTM
3300027800.a:Ga0209800_10000857_32  0.350  22  0.478  22  0.739  12  0.601   0.527 Y  0.500      SignalP-TM
3300027800.a:Ga0209800_10000906_14  0.156  25  0.337  25  0.826  14  0.687   0.473 Y  0.450      SignalP-TM
3300027800.a:Ga0209800_10000906_14  0.541  26  0.696  26  0.960  16  0.896   0.804 Y  0.450      SignalP-noTM
3300027800.a:Ga0209800_10000906_26  0.304  25  0.468  25  0.841  19  0.712   0.563 Y  0.450      SignalP-TM
3300027800.a:Ga0209800_10000906_26  0.735  25  0.802  25  0.971  19  0.898   0.847 Y  0.570      SignalP-noTM
3300027800.a:Ga0209800_10000906_26  0.905  25  0.911  25  0.977  14  0.915   0.913 Y  0.450      SignalP-noTM
3300027800.a:Ga0209800_10000918_11  0.501  18  0.545  18  0.803   1  0.531   0.537 Y  0.450      SignalP-noTM
3300027800.a:Ga0209800_10000918_29  0.272  30  0.409  30  0.958  14  0.802   0.594 Y  0.570      SignalP-noTM
3300027800.a:Ga0209800_10000918_29  0.353  30  0.557  30  0.962  18  0.894   0.689 Y  0.450      SignalP-TM
3300027800.a:Ga0209800_10000918_29  0.449  25  0.637  25  0.975  16  0.902   0.780 Y  0.450      SignalP-noTM
3300027800.a:Ga0209800_10000918_30  0.177  23  0.330  20  0.788   1  0.651   0.503 Y  0.450      SignalP-noTM
3300027800.a:Ga0209800_10000981_13  0.341  18  0.452  18  0.736  12  0.617   0.518 Y  0.500      SignalP-TM
3300027800.a:Ga0209800_10001146_17  0.172  35  0.290  19  0.884   7  0.786   0.483 Y  0.450      SignalP-TM
3300027800.a:Ga0209800_10001159_10  0.437  43  0.430  43  0.829  24  0.551   0.477 Y  0.450      SignalP-TM
3300027800.a:Ga0209800_10001159_2  0.344  23  0.519  23  0.914  18  0.750   0.609 Y  0.450      SignalP-TM
3300027800.a:Ga0209800_10001159_2  0.763  21  0.841  21  0.960  12  0.929   0.889 Y  0.450      SignalP-noTM
3300027800.a:Ga0209800_10001159_2  0.763  23  0.810  23  0.956  11  0.873   0.840 Y  0.570      SignalP-noTM
3300027800.a:Ga0209800_10001159_22  0.558  21  0.596  21  0.828   3  0.690   0.632 Y  0.450      SignalP-TM
3300027800.a:Ga0209800_10001159_22  0.894  21  0.926  21  0.983  18  0.951   0.937 Y  0.570      SignalP-noTM
3300027800.a:Ga0209800_10001159_22  0.896  21  0.900  21  0.949   3  0.903   0.901 Y  0.450      SignalP-noTM
3300027800.a:Ga0209800_10001202_13  0.581  28  0.717  28  0.966  18  0.854   0.791 Y  0.450      SignalP-noTM
3300027800.a:Ga0209800_10001202_23  0.422  32  0.505  32  0.934   8  0.772   0.609 Y  0.450      SignalP-TM
3300027800.a:Ga0209800_10001202_23  0.539  27  0.713  27  0.993  15  0.958   0.828 Y  0.570      SignalP-noTM
3300027800.a:Ga0209800_10001265_15  0.251  21  0.468  21  0.922  15  0.875   0.627 Y  0.450      SignalP-TM
3300027800.a:Ga0209800_10001265_15  0.671  21  0.760  21  0.961  17  0.868   0.811 Y  0.570      SignalP-noTM
3300027800.a:Ga0209800_10001265_15  0.921  21  0.931  21  0.974   2  0.939   0.935 Y  0.450      SignalP-noTM
3300027800.a:Ga0209800_10001265_16  0.226  22  0.434  22  0.926  13  0.849   0.596 Y  0.450      SignalP-TM
3300027800.a:Ga0209800_10001265_16  0.379  23  0.551  23  0.922   4  0.801   0.686 Y  0.450      SignalP-noTM
3300027800.a:Ga0209800_10001265_16  0.602  23  0.742  23  0.966  17  0.926   0.828 Y  0.570      SignalP-noTM
3300027800.a:Ga0209800_10001313_18  0.138  54  0.333  23  0.918  15  0.802   0.516 Y  0.450      SignalP-TM
3300027800.a:Ga0209800_10001313_18  0.419  26  0.613  26  0.978  21  0.917   0.756 Y  0.570      SignalP-noTM
3300027800.a:Ga0209800_10001313_18  0.489  26  0.675  26  0.988  17  0.928   0.811 Y  0.450      SignalP-noTM
3300027800.a:Ga0209800_10001313_20  0.319  26  0.413  26  0.667  25  0.522   0.456 Y  0.450      SignalP-TM
3300027800.a:Ga0209800_10001313_20  0.580  31  0.653  31  0.954  19  0.768   0.715 Y  0.450      SignalP-noTM
3300027800.a:Ga0209800_10001335_2  0.580  20  0.693  20  0.925  16  0.838   0.761 Y  0.570      SignalP-noTM
3300027800.a:Ga0209800_10001335_2  0.692  20  0.782  20  0.944   2  0.877   0.833 Y  0.450      SignalP-noTM
3300027800.a:Ga0209800_10001335_4  0.135  31  0.278  12  0.804   3  0.768   0.469 Y  0.450      SignalP-TM
3300027800.a:Ga0209800_10001335_5  0.232  23  0.384  23  0.799  18  0.607   0.471 Y  0.450      SignalP-TM
3300027800.a:Ga0209800_10001335_5  0.575  23  0.606  23  0.755  19  0.594   0.602 Y  0.510      SignalP-TM
3300027800.a:Ga0209800_10001335_5  0.606  23  0.695  23  0.922  18  0.772   0.725 Y  0.500      SignalP-TM
3300027800.a:Ga0209800_10001359_14  0.329  25  0.430  25  0.654   9  0.555   0.479 Y  0.450      SignalP-TM
3300027800.a:Ga0209800_10001368_14  0.350  27  0.444  27  0.759  12  0.604   0.506 Y  0.450      SignalP-TM
3300027800.a:Ga0209800_10001368_23  0.216  29  0.353  29  0.714   3  0.603   0.451 Y  0.450      SignalP-TM
3300027800.a:Ga0209800_10001368_7  0.370  33  0.494  33  0.777  27  0.475   0.487 Y  0.450      SignalP-TM
3300027800.a:Ga0209800_10001368_7  0.512  33  0.673  33  0.943  29  0.824   0.755 Y  0.450      SignalP-noTM
3300027800.a:Ga0209800_10001414_1  0.181  19  0.404  19  0.965  10  0.895   0.669 Y  0.450      SignalP-noTM
3300027800.a:Ga0209800_10001434_13  0.294  31  0.425  31  0.772  24  0.496   0.453 Y  0.450      SignalP-TM
3300027800.a:Ga0209800_10001434_18  0.467  32  0.581  32  0.868  28  0.711   0.632 Y  0.450      SignalP-TM
3300027800.a:Ga0209800_10001434_18  0.491  32  0.542  32  0.727  27  0.477   0.518 Y  0.510      SignalP-TM
3300027800.a:Ga0209800_10001434_18  0.806  32  0.843  32  0.975  20  0.875   0.861 Y  0.450      SignalP-noTM
3300027800.a:Ga0209800_10001434_19  0.446  24  0.550  24  0.873   5  0.742   0.627 Y  0.500      SignalP-TM
3300027800.a:Ga0209800_10001434_20  0.383  30  0.590  30  0.982  19  0.911   0.741 Y  0.570      SignalP-noTM
3300027800.a:Ga0209800_10001434_20  0.425  30  0.549  30  0.897  16  0.773   0.637 Y  0.450      SignalP-TM
3300027800.a:Ga0209800_10001434_20  0.772  30  0.799  30  0.919  19  0.819   0.810 Y  0.450      SignalP-noTM
3300027800.a:Ga0209800_10001434_3  0.206  40  0.348  33  0.836  17  0.698   0.484 Y  0.450      SignalP-TM
3300027800.a:Ga0209800_10001544_1  0.295  29  0.518  29  0.969  23  0.884   0.661 Y  0.450      SignalP-TM
3300027800.a:Ga0209800_10001544_1  0.622  29  0.740  29  0.974  17  0.887   0.819 Y  0.450      SignalP-noTM
3300027800.a:Ga0209800_10001544_1  0.858  27  0.918  27  0.992  20  0.951   0.933 Y  0.570      SignalP-noTM
3300027800.a:Ga0209800_10001544_12  0.230  23  0.406  23  0.825   2  0.719   0.528 Y  0.450      SignalP-TM
3300027800.a:Ga0209800_10001544_12  0.253  23  0.429  23  0.901   3  0.798   0.602 Y  0.570      SignalP-noTM
3300027800.a:Ga0209800_10001544_12  0.686  23  0.774  23  0.952   3  0.873   0.827 Y  0.450      SignalP-noTM
3300027800.a:Ga0209800_10001544_14  0.579  29  0.517  29  0.601  14  0.465   0.497 Y  0.450      SignalP-TM
3300027800.a:Ga0209800_10001544_14  0.650  29  0.599  29  0.770  21  0.536   0.574 Y  0.500      SignalP-TM
3300027800.a:Ga0209800_10001544_14  0.788  29  0.666  29  0.667  21  0.482   0.598 Y  0.510      SignalP-TM
3300027800.a:Ga0209800_10001544_4  0.738  27  0.498  27  0.644  11  0.437   0.475 Y  0.450      SignalP-TM
3300027800.a:Ga0209800_10001544_7  0.311  35  0.451  35  0.832  25  0.511   0.475 Y  0.450      SignalP-TM
3300027800.a:Ga0209800_10001544_7  0.347  35  0.480  35  0.924  13  0.767   0.615 Y  0.570      SignalP-noTM
3300027800.a:Ga0209800_10001554_12  0.311  21  0.440  21  0.816  18  0.635   0.516 Y  0.450      SignalP-TM
3300027800.a:Ga0209800_10001554_12  0.716  21  0.770  21  0.921  12  0.819   0.793 Y  0.570      SignalP-noTM
3300027800.a:Ga0209800_10001554_12  0.891  21  0.900  21  0.965  11  0.904   0.902 Y  0.450      SignalP-noTM
3300027800.a:Ga0209800_10001554_16  0.372  32  0.464  32  0.771   5  0.655   0.539 Y  0.450      SignalP-TM
3300027800.a:Ga0209800_10001554_17  0.195  30  0.373  30  0.936  21  0.808   0.578 Y  0.570      SignalP-noTM
3300027800.a:Ga0209800_10001554_17  0.229  30  0.419  30  0.887  19  0.809   0.571 Y  0.450      SignalP-TM
3300027800.a:Ga0209800_10001594_19  0.669  39  0.662  39  0.809  37  0.451   0.580 Y  0.450      SignalP-TM
3300027800.a:Ga0209800_10001594_2  0.402  26  0.502  26  0.853   8  0.692   0.576 Y  0.450      SignalP-TM
3300027800.a:Ga0209800_10001594_2  0.569  24  0.672  24  0.921   3  0.797   0.739 Y  0.450      SignalP-noTM
3300027800.a:Ga0209800_10001594_3  0.398  25  0.464  25  0.816   8  0.638   0.528 Y  0.510      SignalP-TM
3300027800.a:Ga0209800_10001594_3  0.557  23  0.596  23  0.787   5  0.668   0.625 Y  0.500      SignalP-TM
3300027800.a:Ga0209800_10001594_3  0.748  25  0.661  25  0.884   9  0.696   0.675 Y  0.450      SignalP-TM
3300027800.a:Ga0209800_10001594_8  0.212  28  0.375  26  0.853  11  0.742   0.518 Y  0.450      SignalP-TM
3300027800.a:Ga0209800_10001594_8  0.410  21  0.624  21  0.981  13  0.952   0.801 Y  0.450      SignalP-noTM
3300027800.a:Ga0209800_10001761_9  0.261  30  0.408  25  0.762  12  0.641   0.499 Y  0.450      SignalP-TM
3300027800.a:Ga0209800_10001761_9  0.431  23  0.637  23  0.988  14  0.943   0.802 Y  0.450      SignalP-noTM
3300027800.a:Ga0209800_10001970_18  0.138  24  0.342  22  0.947   2  0.874   0.592 Y  0.570      SignalP-noTM
3300027800.a:Ga0209800_10001970_18  0.319  31  0.448  31  0.873  20  0.743   0.563 Y  0.450      SignalP-TM
3300027800.a:Ga0209800_10001970_18  0.447  23  0.642  23  0.957   5  0.920   0.792 Y  0.450      SignalP-noTM
3300027800.a:Ga0209800_10001970_6  0.255  23  0.413  23  0.762   7  0.689   0.521 Y  0.450      SignalP-TM
3300027800.a:Ga0209800_10001970_6  0.579  23  0.709  23  0.932  16  0.868   0.794 Y  0.450      SignalP-noTM
3300027800.a:Ga0209800_10001970_6  0.740  23  0.824  23  0.959  18  0.909   0.864 Y  0.570      SignalP-noTM
3300027800.a:Ga0209800_10002363_11  0.166  21  0.389  21  0.940   9  0.908   0.591 Y  0.450      SignalP-TM
3300027800.a:Ga0209800_10002363_11  0.553  21  0.613  21  0.865   2  0.722   0.657 Y  0.500      SignalP-TM
3300027800.a:Ga0209800_10002363_14  0.254  29  0.481  27  0.981  18  0.924   0.720 Y  0.450      SignalP-noTM
3300027800.a:Ga0209800_10002363_9  0.349  13  0.403  13  0.573   5  0.497   0.454 Y  0.450      SignalP-noTM
3300027800.a:Ga0209800_10002599_5  0.612  25  0.760  25  0.988  18  0.941   0.858 Y  0.450      SignalP-noTM
3300027800.a:Ga0209800_10002601_12  0.787  49  0.614  49  0.557  45  0.279   0.483 Y  0.450      SignalP-TM
3300027800.a:Ga0209800_10002607_19  0.527  21  0.702  21  0.969  15  0.938   0.830 Y  0.450      SignalP-noTM
3300027800.a:Ga0209800_10002607_2  0.492  24  0.611  24  0.851   9  0.737   0.660 Y  0.450      SignalP-TM
3300027800.a:Ga0209800_10002607_2  0.537  24  0.657  24  0.937  19  0.843   0.744 Y  0.570      SignalP-noTM
3300027800.a:Ga0209800_10002607_2  0.608  22  0.730  22  0.946   3  0.877   0.809 Y  0.450      SignalP-noTM
3300027800.a:Ga0209800_10002607_6  0.347  25  0.430  25  0.715   7  0.602   0.497 Y  0.450      SignalP-TM
3300027800.a:Ga0209800_10002607_6  0.599  23  0.741  23  0.963   4  0.916   0.835 Y  0.450      SignalP-noTM
3300027800.a:Ga0209800_10003086_2  0.448  40  0.558  40  0.803  37  0.503   0.536 Y  0.450      SignalP-TM
3300027800.a:Ga0209800_10003703_2  0.229  40  0.377  33  0.864  15  0.705   0.505 Y  0.450      SignalP-TM
3300027800.a:Ga0209800_10003703_2  0.426  24  0.618  24  0.957  15  0.891   0.765 Y  0.450      SignalP-noTM
3300027800.a:Ga0209800_10003703_2  0.443  24  0.637  24  0.962  18  0.902   0.762 Y  0.570      SignalP-noTM
3300027800.a:Ga0209800_10003703_3  0.442  35  0.611  35  0.949  24  0.763   0.683 Y  0.570      SignalP-noTM
3300027800.a:Ga0209800_10003703_3  0.591  35  0.583  35  0.701  24  0.428   0.523 Y  0.450      SignalP-TM
3300027800.a:Ga0209800_10003703_3  0.739  35  0.782  35  0.898  32  0.717   0.747 Y  0.450      SignalP-noTM
3300027800.a:Ga0209800_10003703_5  0.333  31  0.464  22  0.979  12  0.938   0.687 Y  0.570      SignalP-noTM
3300027800.a:Ga0209800_10003703_5  0.387  31  0.469  31  0.947  15  0.764   0.584 Y  0.450      SignalP-TM
3300027800.a:Ga0209800_10003703_5  0.692  22  0.769  22  0.953   2  0.851   0.813 Y  0.450      SignalP-noTM
3300027800.a:Ga0209800_10003703_6  0.147  24  0.319  24  0.885   9  0.741   0.483 Y  0.450      SignalP-TM
3300027800.a:Ga0209800_10003703_6  0.227  20  0.467  20  0.975  17  0.954   0.696 Y  0.570      SignalP-noTM
3300027800.a:Ga0209800_10003703_6  0.385  24  0.592  24  0.979  14  0.911   0.764 Y  0.450      SignalP-noTM
3300027800.a:Ga0209800_10004496_10  0.182  20  0.357  20  0.858  16  0.692   0.538 Y  0.450      SignalP-noTM
3300027800.a:Ga0209800_10004496_8  0.306  51  0.349  32  0.824   2  0.621   0.455 Y  0.450      SignalP-TM
3300027800.a:Ga0209800_10006482_4  0.136  35  0.279  15  0.832  10  0.771   0.471 Y  0.450      SignalP-TM
3300027800.a:Ga0209800_10006491_12  0.162  25  0.337  25  0.900   2  0.764   0.503 Y  0.450      SignalP-TM
3300027800.a:Ga0209800_10006491_12  0.706  20  0.802  20  0.945  17  0.907   0.852 Y  0.570      SignalP-noTM
3300027800.a:Ga0209800_10006491_12  0.806  20  0.862  20  0.956  10  0.921   0.894 Y  0.450      SignalP-noTM
3300027800.a:Ga0209800_10007853_3  0.797  22  0.785  22  0.916  16  0.774   0.779 Y  0.450      SignalP-noTM
