33	TC	1	5	CGC1	3300024509.a:Ga0255175_1000050	38848	40329	3300024509.a:Ga0255175_1000050_34	+	DB=gnl|TC-DB|F9VN10|3.D.10.1.4;ID=3300024509.a:Ga0255175_1000050_34	DB=gnl|TC-DB|F9VN10|3.D.10.1.4;ID=3300024509.a:Ga0255175_1000050_34
34	null	null	null	CGC1	3300024509.a:Ga0255175_1000050	40417	40821	3300024509.a:Ga0255175_1000050_35	+	;ID=3300024509.a:Ga0255175_1000050_35
35	TF	1	1	CGC1	3300024509.a:Ga0255175_1000050	40823	41146	3300024509.a:Ga0255175_1000050_36	-	DB=DBD-Pfam|DUF24,DBD-SUPERFAMILY|0044258;ID=3300024509.a:Ga0255175_1000050_36	DB=DBD-Pfam|DUF24,DBD-SUPERFAMILY|0044258;ID=3300024509.a:Ga0255175_1000050_36
36	null	null	null	CGC1	3300024509.a:Ga0255175_1000050	41256	42347	3300024509.a:Ga0255175_1000050_37	+	;ID=3300024509.a:Ga0255175_1000050_37
37	STP	0	1	CGC1	3300024509.a:Ga0255175_1000050	42448	43743	3300024509.a:Ga0255175_1000050_38	+	DB=STP|SBP_bac_1;ID=3300024509.a:Ga0255175_1000050_38	DB=STP|SBP_bac_1;ID=3300024509.a:Ga0255175_1000050_38
38	CAZyme	0	0	CGC1	3300024509.a:Ga0255175_1000050	43780	45018	3300024509.a:Ga0255175_1000050_39	+	DB= GH63|GH63;ID=3300024509.a:Ga0255175_1000050_39	DB= GH63|GH63;ID=3300024509.a:Ga0255175_1000050_39
39	TC	0	0	CGC1	3300024509.a:Ga0255175_1000050	45015	45860	3300024509.a:Ga0255175_1000050_40	+	DB=gnl|TC-DB|Q72H67|3.A.1.1.25;ID=3300024509.a:Ga0255175_1000050_40	DB=gnl|TC-DB|Q72H67|3.A.1.1.25;ID=3300024509.a:Ga0255175_1000050_40
40	TC	0	0	CGC1	3300024509.a:Ga0255175_1000050	45857	46654	3300024509.a:Ga0255175_1000050_41	+	DB=gnl|TC-DB|Q72H66|3.A.1.1.25;ID=3300024509.a:Ga0255175_1000050_41	DB=gnl|TC-DB|Q72H66|3.A.1.1.25;ID=3300024509.a:Ga0255175_1000050_41
41	TC	1	0	CGC1	3300024509.a:Ga0255175_1000050	46664	47710	3300024509.a:Ga0255175_1000050_42	+	DB=gnl|TC-DB|Q9WYQ2|3.A.1.1.38;ID=3300024509.a:Ga0255175_1000050_42	DB=gnl|TC-DB|Q9WYQ2|3.A.1.1.38;ID=3300024509.a:Ga0255175_1000050_42
42	null	null	null	CGC1	3300024509.a:Ga0255175_1000050	47762	48703	3300024509.a:Ga0255175_1000050_43	+	;ID=3300024509.a:Ga0255175_1000050_43
43	STP	8	1	CGC1	3300024509.a:Ga0255175_1000050	48809	49420	3300024509.a:Ga0255175_1000050_44	+	DB=STP|TetR_N;ID=3300024509.a:Ga0255175_1000050_44	DB=STP|TetR_N;ID=3300024509.a:Ga0255175_1000050_44
+++++
7	STP	2	4	CGC1	3300024509.a:Ga0255175_1000054	4922	5332	3300024509.a:Ga0255175_1000054_8	-	DB=STP|NUDIX;ID=3300024509.a:Ga0255175_1000054_8	DB=STP|NUDIX;ID=3300024509.a:Ga0255175_1000054_8
8	null	null	null	CGC1	3300024509.a:Ga0255175_1000054	5296	6069	3300024509.a:Ga0255175_1000054_9	-	;ID=3300024509.a:Ga0255175_1000054_9
9	null	null	null	CGC1	3300024509.a:Ga0255175_1000054	6073	6699	3300024509.a:Ga0255175_1000054_10	-	;ID=3300024509.a:Ga0255175_1000054_10
10	STP	1	2	CGC1	3300024509.a:Ga0255175_1000054	6684	7967	3300024509.a:Ga0255175_1000054_11	-	DB=STP|EPSP_synthase;ID=3300024509.a:Ga0255175_1000054_11	DB=STP|EPSP_synthase;ID=3300024509.a:Ga0255175_1000054_11
11	null	null	null	CGC1	3300024509.a:Ga0255175_1000054	8000	9124	3300024509.a:Ga0255175_1000054_12	-	;ID=3300024509.a:Ga0255175_1000054_12
12	TF	0	1	CGC1	3300024509.a:Ga0255175_1000054	9140	9589	3300024509.a:Ga0255175_1000054_13	-	DB=DBD-Pfam|Rrf2,DBD-SUPERFAMILY|0045032;ID=3300024509.a:Ga0255175_1000054_13	DB=DBD-Pfam|Rrf2,DBD-SUPERFAMILY|0045032;ID=3300024509.a:Ga0255175_1000054_13
13	TC	0	0	CGC1	3300024509.a:Ga0255175_1000054	9614	10420	3300024509.a:Ga0255175_1000054_14	-	DB=gnl|TC-DB|Q9RNI8|3.A.1.15.6;ID=3300024509.a:Ga0255175_1000054_14	DB=gnl|TC-DB|Q9RNI8|3.A.1.15.6;ID=3300024509.a:Ga0255175_1000054_14
14	TC	0	0	CGC1	3300024509.a:Ga0255175_1000054	10413	11153	3300024509.a:Ga0255175_1000054_15	-	DB=gnl|TC-DB|P96117|3.A.1.15.8;ID=3300024509.a:Ga0255175_1000054_15	DB=gnl|TC-DB|P96117|3.A.1.15.8;ID=3300024509.a:Ga0255175_1000054_15
15	TC	1	0	CGC1	3300024509.a:Ga0255175_1000054	11220	12053	3300024509.a:Ga0255175_1000054_16	-	DB=gnl|TC-DB|Q8DQH7|3.A.1.4.10;ID=3300024509.a:Ga0255175_1000054_16	DB=gnl|TC-DB|Q8DQH7|3.A.1.4.10;ID=3300024509.a:Ga0255175_1000054_16
16	null	null	null	CGC1	3300024509.a:Ga0255175_1000054	12098	13294	3300024509.a:Ga0255175_1000054_17	-	;ID=3300024509.a:Ga0255175_1000054_17
17	TC	0	1	CGC1	3300024509.a:Ga0255175_1000054	13334	14401	3300024509.a:Ga0255175_1000054_18	-	DB=gnl|TC-DB|Q8VM84|3.A.1.4.3;ID=3300024509.a:Ga0255175_1000054_18	DB=gnl|TC-DB|Q8VM84|3.A.1.4.3;ID=3300024509.a:Ga0255175_1000054_18
18	TC	0	0	CGC1	3300024509.a:Ga0255175_1000054	14398	15291	3300024509.a:Ga0255175_1000054_19	-	DB=gnl|TC-DB|Q8VM85|3.A.1.4.3;ID=3300024509.a:Ga0255175_1000054_19	DB=gnl|TC-DB|Q8VM85|3.A.1.4.3;ID=3300024509.a:Ga0255175_1000054_19
19	TC	0	0	CGC1	3300024509.a:Ga0255175_1000054	15288	17222	3300024509.a:Ga0255175_1000054_20	-	DB=gnl|TC-DB|P69451|4.C.1.1.4;ID=3300024509.a:Ga0255175_1000054_20	DB=gnl|TC-DB|P69451|4.C.1.1.4;ID=3300024509.a:Ga0255175_1000054_20
20	TC	2	0	CGC1	3300024509.a:Ga0255175_1000054	17219	17980	3300024509.a:Ga0255175_1000054_21	-	DB=gnl|TC-DB|P21629|3.A.1.4.8;ID=3300024509.a:Ga0255175_1000054_21	DB=gnl|TC-DB|P21629|3.A.1.4.8;ID=3300024509.a:Ga0255175_1000054_21
21	null	null	null	CGC1	3300024509.a:Ga0255175_1000054	18399	18632	3300024509.a:Ga0255175_1000054_22	+	;ID=3300024509.a:Ga0255175_1000054_22
22	null	null	null	CGC1	3300024509.a:Ga0255175_1000054	18637	18885	3300024509.a:Ga0255175_1000054_23	+	;ID=3300024509.a:Ga0255175_1000054_23
23	TC	2	2	CGC1	3300024509.a:Ga0255175_1000054	18882	20174	3300024509.a:Ga0255175_1000054_24	+	DB=gnl|TC-DB|H3KBD2|2.A.9.3.7;ID=3300024509.a:Ga0255175_1000054_24	DB=gnl|TC-DB|H3KBD2|2.A.9.3.7;ID=3300024509.a:Ga0255175_1000054_24
24	null	null	null	CGC1	3300024509.a:Ga0255175_1000054	20184	20753	3300024509.a:Ga0255175_1000054_25	+	;ID=3300024509.a:Ga0255175_1000054_25
25	null	null	null	CGC1	3300024509.a:Ga0255175_1000054	21561	22904	3300024509.a:Ga0255175_1000054_26	-	;ID=3300024509.a:Ga0255175_1000054_26
26	TC	2	2	CGC1	3300024509.a:Ga0255175_1000054	22907	23635	3300024509.a:Ga0255175_1000054_27	-	DB=gnl|TC-DB|P0A9V1|1.B.42.1.2;ID=3300024509.a:Ga0255175_1000054_27	DB=gnl|TC-DB|P0A9V1|1.B.42.1.2;ID=3300024509.a:Ga0255175_1000054_27
27	null	null	null	CGC1	3300024509.a:Ga0255175_1000054	23690	25096	3300024509.a:Ga0255175_1000054_28	+	;ID=3300024509.a:Ga0255175_1000054_28
28	null	null	null	CGC1	3300024509.a:Ga0255175_1000054	25113	25553	3300024509.a:Ga0255175_1000054_29	+	;ID=3300024509.a:Ga0255175_1000054_29
29	TC	2	2	CGC1	3300024509.a:Ga0255175_1000054	25553	26467	3300024509.a:Ga0255175_1000054_30	+	DB=gnl|TC-DB|P10121|3.A.5.1.1;ID=3300024509.a:Ga0255175_1000054_30	DB=gnl|TC-DB|P10121|3.A.5.1.1;ID=3300024509.a:Ga0255175_1000054_30
30	null	null	null	CGC1	3300024509.a:Ga0255175_1000054	26601	27026	3300024509.a:Ga0255175_1000054_31	+	;ID=3300024509.a:Ga0255175_1000054_31
31	null	null	null	CGC1	3300024509.a:Ga0255175_1000054	26971	27456	3300024509.a:Ga0255175_1000054_32	-	;ID=3300024509.a:Ga0255175_1000054_32
32	TF	0	2	CGC1	3300024509.a:Ga0255175_1000054	27497	27727	3300024509.a:Ga0255175_1000054_33	+	DB=DBD-Pfam|Pencillinase_R;ID=3300024509.a:Ga0255175_1000054_33	DB=DBD-Pfam|Pencillinase_R;ID=3300024509.a:Ga0255175_1000054_33
33	STP	0	0	CGC1	3300024509.a:Ga0255175_1000054	27724	29205	3300024509.a:Ga0255175_1000054_34	-	DB=STP|CBS,STP|CBS;ID=3300024509.a:Ga0255175_1000054_34	DB=STP|CBS,STP|CBS;ID=3300024509.a:Ga0255175_1000054_34
34	STP	2	0	CGC1	3300024509.a:Ga0255175_1000054	29350	30270	3300024509.a:Ga0255175_1000054_35	+	DB=STP|PfkB;ID=3300024509.a:Ga0255175_1000054_35	DB=STP|PfkB;ID=3300024509.a:Ga0255175_1000054_35
35	null	null	null	CGC1	3300024509.a:Ga0255175_1000054	30241	30861	3300024509.a:Ga0255175_1000054_36	-	;ID=3300024509.a:Ga0255175_1000054_36
36	null	null	null	CGC1	3300024509.a:Ga0255175_1000054	30953	31537	3300024509.a:Ga0255175_1000054_37	-	;ID=3300024509.a:Ga0255175_1000054_37
37	STP	1	2	CGC1	3300024509.a:Ga0255175_1000054	31530	32573	3300024509.a:Ga0255175_1000054_38	-	DB=STP|Aminotran_1_2;ID=3300024509.a:Ga0255175_1000054_38	DB=STP|Aminotran_1_2;ID=3300024509.a:Ga0255175_1000054_38
38	null	null	null	CGC1	3300024509.a:Ga0255175_1000054	32602	32982	3300024509.a:Ga0255175_1000054_39	+	;ID=3300024509.a:Ga0255175_1000054_39
39	STP	0	1	CGC1	3300024509.a:Ga0255175_1000054	32939	33298	3300024509.a:Ga0255175_1000054_40	+	DB=STP|NTP_transf_2;ID=3300024509.a:Ga0255175_1000054_40	DB=STP|NTP_transf_2;ID=3300024509.a:Ga0255175_1000054_40
40	STP	2	0	CGC1	3300024509.a:Ga0255175_1000054	33295	33912	3300024509.a:Ga0255175_1000054_41	-	DB=STP|Nitroreductase;ID=3300024509.a:Ga0255175_1000054_41	DB=STP|Nitroreductase;ID=3300024509.a:Ga0255175_1000054_41
41	null	null	null	CGC1	3300024509.a:Ga0255175_1000054	34049	34984	3300024509.a:Ga0255175_1000054_42	-	;ID=3300024509.a:Ga0255175_1000054_42
42	null	null	null	CGC1	3300024509.a:Ga0255175_1000054	35012	35728	3300024509.a:Ga0255175_1000054_43	+	;ID=3300024509.a:Ga0255175_1000054_43
43	CAZyme	0	2	CGC1	3300024509.a:Ga0255175_1000054	35716	36420	3300024509.a:Ga0255175_1000054_44	+	DB= GT26|GT26;ID=3300024509.a:Ga0255175_1000054_44	DB= GT26|GT26;ID=3300024509.a:Ga0255175_1000054_44
44	STP	6	0	CGC1	3300024509.a:Ga0255175_1000054	36430	38316	3300024509.a:Ga0255175_1000054_45	+	DB=STP|TPR_2,STP|TPR_2;ID=3300024509.a:Ga0255175_1000054_45	DB=STP|TPR_2,STP|TPR_2;ID=3300024509.a:Ga0255175_1000054_45
+++++
28	TC	2	4	CGC1	3300024509.a:Ga0255175_1000046	25584	25973	3300024509.a:Ga0255175_1000046_29	+	DB=gnl|TC-DB|Q5SKZ7|3.D.1.3.1;ID=3300024509.a:Ga0255175_1000046_29	DB=gnl|TC-DB|Q5SKZ7|3.D.1.3.1;ID=3300024509.a:Ga0255175_1000046_29
29	null	null	null	CGC1	3300024509.a:Ga0255175_1000046	25976	27073	3300024509.a:Ga0255175_1000046_30	-	;ID=3300024509.a:Ga0255175_1000046_30
30	null	null	null	CGC1	3300024509.a:Ga0255175_1000046	27066	27464	3300024509.a:Ga0255175_1000046_31	-	;ID=3300024509.a:Ga0255175_1000046_31
31	STP	2	2	CGC1	3300024509.a:Ga0255175_1000046	27454	27771	3300024509.a:Ga0255175_1000046_32	-	DB=STP|NTP_transf_2;ID=3300024509.a:Ga0255175_1000046_32	DB=STP|NTP_transf_2;ID=3300024509.a:Ga0255175_1000046_32
32	null	null	null	CGC1	3300024509.a:Ga0255175_1000046	27776	28996	3300024509.a:Ga0255175_1000046_33	-	;ID=3300024509.a:Ga0255175_1000046_33
33	null	null	null	CGC1	3300024509.a:Ga0255175_1000046	28981	29373	3300024509.a:Ga0255175_1000046_34	-	;ID=3300024509.a:Ga0255175_1000046_34
34	TF	0	2	CGC1	3300024509.a:Ga0255175_1000046	29373	29633	3300024509.a:Ga0255175_1000046_35	-	DB=DBD-Pfam|PSK_trans_fac;ID=3300024509.a:Ga0255175_1000046_35	DB=DBD-Pfam|PSK_trans_fac;ID=3300024509.a:Ga0255175_1000046_35
35	STP	1	0	CGC1	3300024509.a:Ga0255175_1000046	29666	30922	3300024509.a:Ga0255175_1000046_36	-	DB=STP|Fer4;ID=3300024509.a:Ga0255175_1000046_36	DB=STP|Fer4;ID=3300024509.a:Ga0255175_1000046_36
36	null	null	null	CGC1	3300024509.a:Ga0255175_1000046	30927	31970	3300024509.a:Ga0255175_1000046_37	-	;ID=3300024509.a:Ga0255175_1000046_37
37	CAZyme	1	1	CGC1	3300024509.a:Ga0255175_1000046	31957	33339	3300024509.a:Ga0255175_1000046_38	-	DB=AA4;ID=3300024509.a:Ga0255175_1000046_38	DB=AA4;ID=3300024509.a:Ga0255175_1000046_38
38	null	null	null	CGC1	3300024509.a:Ga0255175_1000046	33401	34963	3300024509.a:Ga0255175_1000046_39	-	;ID=3300024509.a:Ga0255175_1000046_39
39	TF	0	1	CGC1	3300024509.a:Ga0255175_1000046	35062	35820	3300024509.a:Ga0255175_1000046_40	+	DB=DBD-Pfam|TrmB,DBD-SUPERFAMILY|0040266;ID=3300024509.a:Ga0255175_1000046_40	DB=DBD-Pfam|TrmB,DBD-SUPERFAMILY|0040266;ID=3300024509.a:Ga0255175_1000046_40
40	TF	3	0	CGC1	3300024509.a:Ga0255175_1000046	35863	36207	3300024509.a:Ga0255175_1000046_41	+	DB=DBD-Pfam|MerR,DBD-SUPERFAMILY|0042546;ID=3300024509.a:Ga0255175_1000046_41	DB=DBD-Pfam|MerR,DBD-SUPERFAMILY|0042546;ID=3300024509.a:Ga0255175_1000046_41
+++++
