HTH_3	55	3300029414.a:Ga0243798_100051_11	84	9.1e-06	4	54	23	72	0.9090909090909091
HTH_3	55	3300029414.a:Ga0243798_100051_175	80	8.4e-12	1	43	7	49	0.7636363636363637
GerE	57	3300029414.a:Ga0243798_100051_20	191	7.2e-06	8	46	145	183	0.6666666666666666
HTH_5	47	3300029414.a:Ga0243798_100051_82	105	2.6e-09	16	47	46	77	0.6595744680851063
MarR	59	3300029414.a:Ga0243798_100051_88	147	2.3e-12	3	57	33	87	0.9152542372881356
HTH_1	60	3300029414.a:Ga0243798_100060_101	282	1.6e-17	12	59	2	49	0.7833333333333333
GntR	64	3300029414.a:Ga0243798_100060_110	235	1.7e-20	2	64	17	78	0.96875
HTH_1	60	3300029414.a:Ga0243798_100060_179	293	1.1e-23	3	60	5	62	0.95
MarR	59	3300029414.a:Ga0243798_100060_42	152	1.4e-17	1	59	39	97	0.9830508474576272
HTH_1	60	3300029414.a:Ga0243798_100060_45	297	2.4e-23	1	59	3	61	0.9666666666666667
Rrf2	83	3300029414.a:Ga0243798_100060_5	167	3.9e-17	4	80	2	76	0.9156626506024096
HTH_1	60	3300029414.a:Ga0243798_100060_50	325	9.4e-20	2	60	4	62	0.9666666666666667
HTH_1	60	3300029414.a:Ga0243798_100060_54	311	1.3e-19	2	59	4	61	0.95
DUF24	91	3300029414.a:Ga0243798_100060_64	112	1.9e-33	1	87	18	104	0.945054945054945
HTH_1	60	3300029414.a:Ga0243798_100060_75	312	1.7e-18	2	60	6	64	0.9666666666666667
HTH_1	60	3300029414.a:Ga0243798_100085_106	86	1.4e-20	1	60	3	62	0.9833333333333333
Arg_repressor	70	3300029414.a:Ga0243798_100085_12	151	9.2e-27	3	68	2	67	0.9285714285714286
GntR	64	3300029414.a:Ga0243798_100085_123	458	9.2e-16	3	64	26	87	0.953125
HTH_1	60	3300029414.a:Ga0243798_100085_129	307	7e-20	1	60	3	62	0.9833333333333333
HTH_1	60	3300029414.a:Ga0243798_100085_132	290	5.6e-20	2	60	2	60	0.9666666666666667
Trans_reg_C	77	3300029414.a:Ga0243798_100085_139	233	7e-28	1	77	152	228	0.987012987012987
HTH_AraC	42	3300029414.a:Ga0243798_100085_162	484	7.7e-05	3	29	95	121	0.6190476190476191
HTH_AraC	42	3300029414.a:Ga0243798_100085_162	484	4.7e-05	2	42	146	184	0.9523809523809523
HTH_3	55	3300029414.a:Ga0243798_100085_43	399	4e-08	1	34	8	43	0.6
LexA_DNA_bind	65	3300029414.a:Ga0243798_100085_49	215	1.6e-22	2	65	12	75	0.9692307692307692
CodY	177	3300029414.a:Ga0243798_100085_77	259	1.1e-59	2	175	4	176	0.9774011299435028
HTH_CodY	61	3300029414.a:Ga0243798_100085_77	259	9.3e-31	2	59	198	255	0.9344262295081968
SfsA	199	3300029414.a:Ga0243798_100085_83	386	4.3e-58	1	179	14	202	0.8944723618090452
MarR	59	3300029414.a:Ga0243798_100129_114	253	5.2e-08	12	51	25	64	0.6610169491525424
FUR	120	3300029414.a:Ga0243798_100129_31	141	2e-34	2	120	14	131	0.9833333333333333
HTH_8	42	3300029414.a:Ga0243798_100129_79	562	4.2e-08	2	42	509	549	0.9523809523809523
HTH_AraC	42	3300029414.a:Ga0243798_100158_11	310	8.5e-05	1	41	214	254	0.9523809523809523
HTH_AraC	42	3300029414.a:Ga0243798_100158_11	310	3.3e-08	1	42	266	305	0.9761904761904762
CtsR	149	3300029414.a:Ga0243798_100158_18	144	2.2e-37	2	138	3	132	0.912751677852349
LytTR	98	3300029414.a:Ga0243798_100158_45	239	2.2e-22	2	97	139	229	0.9693877551020408
LexA_DNA_bind	65	3300029414.a:Ga0243798_100158_53	349	2.7e-06	3	58	4	60	0.8461538461538461
GntR	64	3300029414.a:Ga0243798_100158_59	325	6.5e-17	8	58	24	73	0.78125
GntR	64	3300029414.a:Ga0243798_100158_59	325	7.2e-16	2	64	115	176	0.96875
Trp_repressor	88	3300029414.a:Ga0243798_100158_85	99	5.2e-23	2	84	9	90	0.9318181818181818
Rrf2	83	3300029414.a:Ga0243798_100200_29	164	1.2e-28	1	83	1	83	0.9879518072289156
MarR	59	3300029414.a:Ga0243798_100200_4	190	4.9e-12	1	59	58	116	0.9830508474576272
HTH_5	47	3300029414.a:Ga0243798_100200_82	108	2.5e-13	1	45	24	71	0.9361702127659575
HTH_11	55	3300029414.a:Ga0243798_100213_101	169	5.4e-13	1	54	6	58	0.9636363636363636
MarR	59	3300029414.a:Ga0243798_100213_37	130	8e-09	2	58	33	92	0.9491525423728814
Trans_reg_C	77	3300029414.a:Ga0243798_100213_39	59	7.9e-17	29	77	2	51	0.6233766233766234
HTH_11	55	3300029414.a:Ga0243798_100213_6	332	4.7e-17	3	54	3	55	0.9272727272727272
HTH_1	60	3300029414.a:Ga0243798_100213_82	294	7.2e-20	3	59	5	61	0.9333333333333333
HTH_1	60	3300029414.a:Ga0243798_100213_85	295	4e-19	1	59	3	61	0.9666666666666667
MerR	38	3300029414.a:Ga0243798_100213_99	151	3.2e-07	2	38	23	59	0.9473684210526315
CSD	66	3300029414.a:Ga0243798_100231_100	66	3.1e-34	1	65	1	64	0.9696969696969697
MerR	38	3300029414.a:Ga0243798_100231_23	463	1e-08	1	26	50	76	0.6578947368421053
HTH_3	55	3300029414.a:Ga0243798_100231_33	96	5.5e-09	12	55	31	76	0.7818181818181819
HTH_3	55	3300029414.a:Ga0243798_100231_40	327	1.9e-05	1	27	136	162	0.4727272727272727
Trans_reg_C	77	3300029414.a:Ga0243798_100231_47	230	7.4e-29	2	77	152	227	0.974025974025974
HTH_1	60	3300029414.a:Ga0243798_100231_48	315	1.1e-15	5	60	6	60	0.9166666666666666
HTH_1	60	3300029414.a:Ga0243798_100231_83	316	2.6e-21	2	60	4	62	0.9666666666666667
MerR	38	3300029414.a:Ga0243798_100231_86	78	3.2e-05	1	26	18	44	0.6578947368421053
GntR	64	3300029414.a:Ga0243798_100295_10	451	7.9e-14	1	64	16	79	0.984375
FUR	120	3300029414.a:Ga0243798_100295_16	151	7.1e-28	2	120	14	133	0.9833333333333333
HTH_1	60	3300029414.a:Ga0243798_100295_18	290	4e-18	6	60	8	62	0.9
Trans_reg_C	77	3300029414.a:Ga0243798_100295_72	225	2.4e-28	1	77	147	222	0.987012987012987
HTH_8	42	3300029414.a:Ga0243798_100295_88	627	1.7e-08	15	42	593	620	0.6428571428571429
MarR	59	3300029414.a:Ga0243798_100329_35	136	9.6e-12	2	48	30	76	0.7796610169491526
HTH_11	55	3300029414.a:Ga0243798_100329_42	221	6e-11	1	55	9	61	0.9818181818181818
GntR	64	3300029414.a:Ga0243798_100329_9	208	2e-13	2	63	7	67	0.953125
HTH_1	60	3300029414.a:Ga0243798_100392_77	314	1.8e-21	1	60	3	62	0.9833333333333333
HTH_1	60	3300029414.a:Ga0243798_100408_27	282	1.3e-13	2	59	5	62	0.95
Trans_reg_C	77	3300029414.a:Ga0243798_100408_51	227	7.3e-16	3	62	145	204	0.7662337662337663
HTH_1	60	3300029414.a:Ga0243798_100454_58	299	1.6e-21	3	60	5	62	0.95
HTH_1	60	3300029414.a:Ga0243798_100554_51	295	3e-23	3	60	5	62	0.95
HTH_11	55	3300029414.a:Ga0243798_100616_10	351	2.1e-05	3	43	28	67	0.7272727272727273
Fe_dep_repress	60	3300029414.a:Ga0243798_100616_16	126	1.8e-11	2	54	3	55	0.8666666666666667
HTH_5	47	3300029414.a:Ga0243798_100616_21	121	5e-14	1	47	37	83	0.9787234042553191
HTH_1	60	3300029414.a:Ga0243798_100616_22	298	2.4e-15	5	60	8	63	0.9166666666666666
Rrf2	83	3300029414.a:Ga0243798_100616_48	151	2.6e-23	1	83	1	82	0.9879518072289156
MarR	59	3300029414.a:Ga0243798_100616_7	137	6.4e-12	1	58	30	87	0.9661016949152542
MerR	38	3300029414.a:Ga0243798_100631_43	98	2.1e-07	1	38	43	79	0.9736842105263158
HTH_5	47	3300029414.a:Ga0243798_100631_9	111	4.7e-14	1	44	17	60	0.9148936170212766
DUF24	91	3300029414.a:Ga0243798_100663_31	110	1.2e-31	1	87	17	102	0.945054945054945
HTH_Mga	60	3300029414.a:Ga0243798_100665_1	62	7.5e-07	18	42	4	28	0.4
Trans_reg_C	77	3300029414.a:Ga0243798_100665_14	229	5.5e-28	1	77	150	223	0.987012987012987
MerR	38	3300029414.a:Ga0243798_100665_2	64	1.8e-07	1	25	10	35	0.631578947368421
HTH_AraC	42	3300029414.a:Ga0243798_100665_31	239	8.7e-08	1	42	139	180	0.9761904761904762
HTH_AraC	42	3300029414.a:Ga0243798_100665_31	239	1e-10	9	41	196	229	0.7619047619047619
HTH_8	42	3300029414.a:Ga0243798_100665_33	576	3.8e-16	1	41	527	567	0.9523809523809523
HTH_3	55	3300029414.a:Ga0243798_100665_4	129	4.9e-14	1	53	11	63	0.9454545454545454
DUF24	91	3300029414.a:Ga0243798_100665_42	115	1.5e-33	1	88	18	105	0.9560439560439561
HTH_1	60	3300029414.a:Ga0243798_100673_37	320	4.7e-15	5	60	6	60	0.9166666666666666
Rrf2	83	3300029414.a:Ga0243798_100673_38	142	1.1e-28	1	83	1	83	0.9879518072289156
HTH_8	42	3300029414.a:Ga0243798_100673_5	595	2.9e-05	4	42	551	592	0.9047619047619048
HTH_1	60	3300029414.a:Ga0243798_100900_29	315	8e-20	1	60	3	62	0.9833333333333333
GerE	57	3300029414.a:Ga0243798_100900_5	233	2.5e-06	2	46	157	201	0.7719298245614035
HTH_1	60	3300029414.a:Ga0243798_101314_3	311	1.6e-18	1	60	3	62	0.9833333333333333
HTH_1	60	3300029414.a:Ga0243798_102984_8	304	1.5e-20	3	59	5	61	0.9333333333333333
