3300029446.a:Ga0167332_1010376_2	gnl|TC-DB|917585193|9.B.18.1.3	36.3	212	127	3	225	435	248	452	3.9e-33	139.0
3300029446.a:Ga0167332_1004803_2	gnl|TC-DB|Q9WWZ9|2.A.6.2.9	24.6	357	247	6	9	347	7	359	5.0e-15	78.6
3300029446.a:Ga0167332_1004803_3	gnl|TC-DB|Q8CX78|2.A.6.3.6	32.8	1035	671	7	1	1029	1	1016	1.6e-149	526.9
3300029446.a:Ga0167332_1003493_5	gnl|TC-DB|P27844|2.A.7.7.2	43.3	275	156	0	14	288	9	283	1.9e-58	222.6
3300029446.a:Ga0167332_1000724_13	gnl|TC-DB|P0A9V1|1.B.42.1.2	56.1	244	94	2	6	242	4	241	1.9e-74	275.4
3300029446.a:Ga0167332_1000724_15	gnl|TC-DB|D0WY71|2.A.66.4.5	30.5	509	338	7	7	501	4	510	4.3e-39	159.1
3300029446.a:Ga0167332_1000850_8	gnl|TC-DB|Q6UKY4|3.D.1.6.4	43.1	72	41	0	4	75	50	121	1.2e-12	68.6
3300029446.a:Ga0167332_1000850_22	gnl|TC-DB|Q8L4R0|3.A.1.27.2	41.2	226	132	1	32	256	116	341	1.5e-40	162.9
3300029446.a:Ga0167332_1000850_23	gnl|TC-DB|Q0SD37|3.A.1.27.4	39.5	238	142	2	7	244	7	242	5.4e-43	171.0
3300029446.a:Ga0167332_1000449_3	gnl|TC-DB|Q8VPB3|2.A.56.2.1	23.0	309	216	12	3	301	5	301	1.4e-11	67.0
3300029446.a:Ga0167332_1000449_5	gnl|TC-DB|B9TSM9|2.A.56.1.6	31.5	432	284	6	4	432	1	423	5.4e-51	198.4
3300029446.a:Ga0167332_1000449_20	gnl|TC-DB|F2N2Z6|3.A.3.4.3	34.8	310	194	3	34	339	23	328	1.8e-36	149.8
3300029446.a:Ga0167332_1000449_21	gnl|TC-DB|C1DHA2|3.A.3.4.4	57.8	839	349	3	10	846	345	1180	9.8e-251	862.8
3300029446.a:Ga0167332_1000449_23	gnl|TC-DB|P0AGI1|3.A.1.2.1	62.0	79	30	0	2	80	239	317	4.1e-20	93.6
3300029446.a:Ga0167332_1000449_24	gnl|TC-DB|G4FGN3|3.A.1.2.20	46.4	494	262	3	1	493	1	492	1.2e-123	439.9
3300029446.a:Ga0167332_1000449_27	gnl|TC-DB|B8H230|3.A.1.2.21	46.4	220	109	3	25	237	32	249	3.2e-34	141.7
3300029446.a:Ga0167332_1000063_7	gnl|TC-DB|Q8VRL3|3.A.11.1.3	41.5	400	218	6	4	395	40	431	2.5e-71	265.8
3300029446.a:Ga0167332_1000063_8	gnl|TC-DB|P24559|3.A.15.2.1	48.0	348	176	2	3	350	1	343	4.7e-85	311.2
3300029446.a:Ga0167332_1000063_9	gnl|TC-DB|Q8F3M7|3.A.15.4.1	42.5	555	311	4	50	597	4	557	1.8e-121	433.0
3300029446.a:Ga0167332_1000063_16	gnl|TC-DB|Q8U0Z4|3.D.1.4.1	49.5	99	50	0	27	125	7	105	8.5e-11	63.9
3300029446.a:Ga0167332_1000063_17	gnl|TC-DB|P77937|3.D.1.4.3	34.8	339	188	8	2	326	4	323	2.3e-38	156.0
3300029446.a:Ga0167332_1000063_18	gnl|TC-DB|Q8U0Z6|3.D.1.4.1	46.3	402	212	3	10	409	9	408	1.2e-100	363.2
3300029446.a:Ga0167332_1000063_20	gnl|TC-DB|Q8U0Z8|3.D.1.4.1	65.6	131	45	0	12	142	23	153	8.8e-49	189.5
3300029446.a:Ga0167332_1000063_22	gnl|TC-DB|Q8U100|3.D.1.4.1	39.4	525	298	8	1	520	1	510	8.0e-94	340.9
3300029446.a:Ga0167332_1000063_23	gnl|TC-DB|Q8U101|3.D.1.4.1	46.9	113	55	2	7	115	6	117	5.5e-19	90.1
3300029446.a:Ga0167332_1000063_24	gnl|TC-DB|Q8U102|3.D.1.4.1	43.7	135	70	1	4	138	5	133	2.8e-24	108.2
3300029446.a:Ga0167332_1000063_25	gnl|TC-DB|Q8U103|3.D.1.4.1	59.2	49	20	0	37	85	43	91	1.9e-11	64.7
3300029446.a:Ga0167332_1000063_27	gnl|TC-DB|Q8U105|3.D.1.4.1	55.0	111	50	0	6	116	8	118	9.6e-30	125.9
3300029446.a:Ga0167332_1000063_28	gnl|TC-DB|Q8U106|3.D.1.4.1	46.9	81	43	0	6	86	3	83	8.0e-15	75.9
3300029446.a:Ga0167332_1000063_29	gnl|TC-DB|Q8U107|3.D.1.4.1	52.7	112	47	4	54	162	57	165	2.5e-25	111.7
3300029446.a:Ga0167332_1000063_39	gnl|TC-DB|Q11G42|2.A.118.1.2	34.5	476	301	3	1	465	1	476	3.4e-83	305.4
3300029446.a:Ga0167332_1000063_40	gnl|TC-DB|A6LP55|2.A.81.2.2	35.4	384	224	5	9	379	1	373	1.5e-57	219.9
3300029446.a:Ga0167332_1000063_46	gnl|TC-DB|V5WD80|2.A.37.3.3	36.8	413	225	7	11	391	23	431	9.0e-61	230.7
3300029446.a:Ga0167332_1000063_49	gnl|TC-DB|Q8DQI0|3.A.1.4.10	32.5	286	191	2	1	285	1	285	2.1e-32	136.0
3300029446.a:Ga0167332_1000063_50	gnl|TC-DB|Q8VM84|3.A.1.4.3	26.3	335	220	5	4	326	2	321	1.4e-19	93.6
3300029446.a:Ga0167332_1000063_51	gnl|TC-DB|P21629|3.A.1.4.8	46.2	249	118	3	3	235	5	253	2.2e-52	202.2
3300029446.a:Ga0167332_1000063_52	gnl|TC-DB|Q8DQH7|3.A.1.4.10	50.2	233	116	0	5	237	3	235	3.9e-64	241.1
3300029446.a:Ga0167332_1000063_55	gnl|TC-DB|Q9RT90|2.A.115.2.15	41.2	177	101	2	7	182	28	202	1.1e-28	123.2
3300029446.a:Ga0167332_1000063_58	gnl|TC-DB|Q8DQI1|3.A.1.4.10	30.9	333	220	5	16	343	27	354	3.0e-37	152.5
3300029446.a:Ga0167332_1000063_59	gnl|TC-DB|Q8DQH7|3.A.1.4.10	48.0	244	117	2	1	244	3	236	3.8e-57	218.0
3300029446.a:Ga0167332_1000063_60	gnl|TC-DB|Q8DQH8|3.A.1.4.10	43.4	249	135	3	7	249	3	251	1.1e-56	216.5
3300029446.a:Ga0167332_1000063_61	gnl|TC-DB|P21628|3.A.1.4.8	38.1	294	153	4	8	275	116	406	1.0e-42	170.2
3300029446.a:Ga0167332_1000063_62	gnl|TC-DB|Q8DQI0|3.A.1.4.10	39.3	290	174	2	1	289	1	289	3.3e-49	191.8
3300029446.a:Ga0167332_1000063_81	gnl|TC-DB|Q7A2H0|3.A.1.4.6	39.0	249	151	1	5	252	11	259	7.9e-47	183.7
3300029446.a:Ga0167332_1000063_82	gnl|TC-DB|Q8DQH7|3.A.1.4.10	38.7	235	142	2	3	236	2	235	7.2e-42	167.2
3300029446.a:Ga0167332_1000063_83	gnl|TC-DB|P21627|3.A.1.4.8	25.8	302	205	7	3	294	8	300	3.3e-15	79.0
3300029446.a:Ga0167332_1000063_84	gnl|TC-DB|P21628|3.A.1.4.8	24.4	344	186	6	9	328	113	406	3.7e-18	89.0
3300029446.a:Ga0167332_1000063_87	gnl|TC-DB|F9VN10|3.D.10.1.4	26.1	529	341	13	5	494	8	525	2.0e-30	130.2
3300029446.a:Ga0167332_1000063_88	gnl|TC-DB|Q3IVI4|2.A.56.1.4	42.5	412	219	2	31	425	34	444	2.4e-80	295.8
3300029446.a:Ga0167332_1000063_90	gnl|TC-DB|P37676|2.A.56.1.2	35.2	330	208	4	3	329	2	328	4.1e-51	198.4
3300029446.a:Ga0167332_1007003_2	gnl|TC-DB|Q83XH1|3.A.1.121.4	32.4	510	316	5	12	509	31	523	9.4e-73	271.2
3300029446.a:Ga0167332_1000508_5	gnl|TC-DB|P0ABG7|2.A.103.1.2	37.0	349	214	3	17	363	16	360	4.6e-51	198.4
3300029446.a:Ga0167332_1000508_12	gnl|TC-DB|P0A9X4|9.B.157.1.3	46.6	337	180	0	1	337	1	337	2.4e-86	315.5
3300029446.a:Ga0167332_1000508_20	gnl|TC-DB|Q5SKE6|2.A.6.4.3	43.7	284	148	3	10	284	443	723	6.1e-51	197.6
3300029446.a:Ga0167332_1000508_21	gnl|TC-DB|Q5SKE6|2.A.6.4.3	40.7	435	221	7	25	455	28	429	4.7e-77	285.0
3300029446.a:Ga0167332_1000508_22	gnl|TC-DB|P0ADZ7|3.A.5.1.1	44.6	65	36	0	4	68	17	81	5.9e-11	63.2
3300029446.a:Ga0167332_1000508_27	gnl|TC-DB|B0M926|3.A.10.1.5	58.8	650	266	2	6	653	23	672	4.4e-198	687.6
3300029446.a:Ga0167332_1000508_29	gnl|TC-DB|Q1DBZ0|2.A.86.2.2	28.9	349	229	7	16	353	10	350	3.3e-30	129.0
3300029446.a:Ga0167332_1000090_7	gnl|TC-DB|O50181|3.A.1.3.11	30.9	256	166	4	1	250	1	251	3.7e-28	121.7
3300029446.a:Ga0167332_1000090_10	gnl|TC-DB|G2JTB5|3.A.11.1.4	39.9	153	86	3	61	211	58	206	9.9e-22	100.1
3300029446.a:Ga0167332_1000090_17	gnl|TC-DB|Q9MUK5|3.A.9.1.1	37.9	177	102	2	68	236	58	234	2.5e-25	113.2
3300029446.a:Ga0167332_1000090_20	gnl|TC-DB|P07658|3.D.1.9.2	36.8	533	326	7	1	525	157	686	3.3e-103	372.1
3300029446.a:Ga0167332_1000090_21	gnl|TC-DB|P07658|3.D.1.9.2	41.8	141	70	5	690	823	4	139	8.6e-26	115.5
3300029446.a:Ga0167332_1000090_22	gnl|TC-DB|Q74GA3|3.D.1.5.1	54.4	568	241	5	8	568	7	563	8.3e-188	653.3
3300029446.a:Ga0167332_1000090_25	gnl|TC-DB|Q74GA4|3.D.1.5.1	48.2	141	73	0	16	156	27	167	1.5e-40	162.2
3300029446.a:Ga0167332_1000090_36	gnl|TC-DB|E0NY51|4.D.2.1.4	28.8	340	206	7	3	331	5	319	3.3e-27	119.0
3300029446.a:Ga0167332_1000090_46	gnl|TC-DB|Q9KAX3|2.A.66.1.32	33.2	443	286	4	1	438	1	438	5.4e-62	235.0
3300029446.a:Ga0167332_1000090_48	gnl|TC-DB|B9TSM9|2.A.56.1.6	39.6	419	243	4	9	424	8	419	9.3e-72	267.3
3300029446.a:Ga0167332_1000090_50	gnl|TC-DB|P37676|2.A.56.1.2	28.9	294	197	7	7	297	3	287	8.9e-25	110.9
3300029446.a:Ga0167332_1000090_54	gnl|TC-DB|P0A742|1.A.22.1.1	49.2	122	51	1	1	122	3	113	1.6e-26	115.5
3300029446.a:Ga0167332_1000090_66	gnl|TC-DB|P69451|4.C.1.1.4	36.2	351	220	3	149	496	207	556	2.0e-57	219.9
3300029446.a:Ga0167332_1000090_82	gnl|TC-DB|Q6MLN2|9.B.149.1.11	41.2	194	103	4	18	200	18	211	2.3e-28	122.1
3300029446.a:Ga0167332_1000090_89	gnl|TC-DB|A3N296|3.A.1.20.3	39.4	213	124	4	7	217	8	217	2.1e-34	142.9
3300029446.a:Ga0167332_1000090_90	gnl|TC-DB|Q3M5U2|3.A.1.6.4	43.5	85	48	0	1	85	152	236	2.2e-13	71.2
3300029446.a:Ga0167332_1001874_2	gnl|TC-DB|Q9KDT3|2.A.22.5.3	41.8	450	252	6	1	444	1	446	3.1e-89	325.5
3300029446.a:Ga0167332_1001496_4	gnl|TC-DB|P74224|2.A.56.3.1	36.3	443	271	3	1	434	2	442	3.4e-69	258.8
3300029446.a:Ga0167332_1001496_6	gnl|TC-DB|Q8YSQ7|2.A.56.3.3	40.0	442	256	3	1	434	3	443	1.1e-77	287.0
3300029446.a:Ga0167332_1000204_13	gnl|TC-DB|Q1DE54|2.A.69.4.4	43.9	294	163	2	1	292	1	294	1.1e-60	229.9
3300029446.a:Ga0167332_1000204_18	gnl|TC-DB|G2JTB4|3.A.11.1.4	48.0	125	57	2	5	129	3	119	5.8e-27	117.1
3300029446.a:Ga0167332_1000204_19	gnl|TC-DB|O53687|3.A.24.3.1	33.6	289	173	4	14	284	338	625	2.7e-38	157.1
3300029446.a:Ga0167332_1000204_22	gnl|TC-DB|O58099|2.A.67.4.2	28.1	524	303	15	60	511	67	588	9.3e-26	114.8
3300029446.a:Ga0167332_1000204_29	gnl|TC-DB|P37973|8.A.1.2.1	25.4	287	190	9	74	341	99	380	6.8e-12	68.2
3300029446.a:Ga0167332_1000204_30	gnl|TC-DB|A9CGX6|2.A.6.3.2	31.7	1027	670	9	7	1011	7	1024	2.1e-143	506.5
3300029446.a:Ga0167332_1000204_45	gnl|TC-DB|P69451|4.C.1.1.4	38.0	347	208	5	147	489	207	550	7.4e-57	218.0
3300029446.a:Ga0167332_1002017_11	gnl|TC-DB|P34750|1.B.22.2.1	24.0	438	289	11	41	440	275	706	9.0e-33	137.9
3300029446.a:Ga0167332_1000176_21	gnl|TC-DB|D2BKA1|3.A.1.2.17	27.2	338	213	10	6	315	11	343	7.1e-17	84.7
3300029446.a:Ga0167332_1000176_22	gnl|TC-DB|A2RKA7|3.A.1.2.17	43.8	505	281	3	7	510	4	506	3.5e-121	431.8
3300029446.a:Ga0167332_1000176_23	gnl|TC-DB|O83342|3.A.1.2.10	29.9	355	219	9	20	353	47	392	3.2e-33	139.0
3300029446.a:Ga0167332_1000176_24	gnl|TC-DB|Q9WXW0|3.A.1.2.18	33.7	303	186	4	14	307	23	319	1.2e-41	166.8
3300029446.a:Ga0167332_1000176_36	gnl|TC-DB|P43439|3.A.2.2.2	28.8	361	232	9	292	628	295	654	1.6e-27	120.9
3300029446.a:Ga0167332_1000176_41	gnl|TC-DB|D3E1Z1|3.A.2.3.2	50.4	587	272	5	1	578	1	577	5.0e-153	537.7
3300029446.a:Ga0167332_1000176_42	gnl|TC-DB|Q60187|3.A.2.3.1	52.0	440	208	3	9	446	6	444	1.4e-126	449.5
3300029446.a:Ga0167332_1000403_10	gnl|TC-DB|P60782|9.B.31.1.1	42.3	189	102	4	8	194	9	192	4.9e-28	120.9
3300029446.a:Ga0167332_1000403_14	gnl|TC-DB|Q9FI56|3.A.9.1.2	54.0	844	364	8	1	830	94	927	1.1e-254	875.9
3300029446.a:Ga0167332_1000403_26	gnl|TC-DB|P27611|2.A.35.1.1	36.5	477	263	7	11	486	14	451	3.7e-80	295.4
3300029446.a:Ga0167332_1002123_10	gnl|TC-DB|Q8DQH7|3.A.1.4.10	53.0	236	110	1	1	235	1	236	7.9e-65	243.4
3300029446.a:Ga0167332_1002123_11	gnl|TC-DB|Q8DQH8|3.A.1.4.10	49.0	249	127	0	8	256	3	251	6.1e-66	247.3
3300029446.a:Ga0167332_1002123_12	gnl|TC-DB|Q8DQH9|3.A.1.4.10	38.5	187	114	1	1	186	118	304	4.5e-29	124.4
3300029446.a:Ga0167332_1000360_3	gnl|TC-DB|P38101|2.A.76.1.4	35.7	185	116	2	13	197	12	193	3.9e-20	94.7
3300029446.a:Ga0167332_1000360_13	gnl|TC-DB|P77757|4.D.2.1.8	48.7	304	154	1	10	311	10	313	1.2e-79	293.1
3300029446.a:Ga0167332_1000360_15	gnl|TC-DB|G8LJX5|9.B.142.2.2	25.5	548	362	12	10	529	8	537	2.8e-41	166.4
3300029446.a:Ga0167332_1000360_28	gnl|TC-DB|Q9KKE3|3.A.1.12.6	39.2	311	179	4	33	335	37	345	7.1e-59	224.2
3300029446.a:Ga0167332_1000360_29	gnl|TC-DB|Q8U4S5|3.A.1.12.9	49.3	276	137	2	5	277	7	282	4.9e-72	267.7
3300029446.a:Ga0167332_1000360_30	gnl|TC-DB|Q9KKE2|3.A.1.12.6	46.7	276	147	0	1	276	1	276	9.8e-62	233.4
3300029446.a:Ga0167332_1000360_31	gnl|TC-DB|A0LFK9|9.B.102.4.1	25.4	272	185	9	36	297	380	643	3.0e-14	75.9
3300029446.a:Ga0167332_1000228_1	gnl|TC-DB|Q93KD5|3.A.1.6.2	30.3	165	115	0	1	165	1	165	7.5e-14	73.6
3300029446.a:Ga0167332_1000228_2	gnl|TC-DB|Q93KD6|3.A.1.6.2	46.6	249	122	5	30	273	42	284	5.7e-59	224.2
3300029446.a:Ga0167332_1000228_20	gnl|TC-DB|Q9LE25|1.A.16.2.4	39.4	254	128	8	21	268	105	338	8.7e-39	157.1
3300029446.a:Ga0167332_1001162_6	gnl|TC-DB|A9BJX0|3.A.3.2.21	39.1	878	484	8	13	844	9	881	2.3e-162	569.3
3300029446.a:Ga0167332_1001162_11	gnl|TC-DB|P66842|3.A.5.2.2	42.6	272	147	4	31	297	154	421	1.0e-56	216.9
3300029446.a:Ga0167332_1000976_2	gnl|TC-DB|Q47087|3.A.1.14.4	33.0	233	152	3	6	234	7	239	7.9e-34	140.6
3300029446.a:Ga0167332_1000976_3	gnl|TC-DB|Q56992|3.A.1.14.5	36.9	333	193	6	23	352	9	327	6.8e-44	174.5
3300029446.a:Ga0167332_1000462_1	gnl|TC-DB|K1LZ89|1.B.6.1.14	42.2	102	58	1	230	331	535	635	1.2e-18	90.5
3300029446.a:Ga0167332_1000462_8	gnl|TC-DB|Q8L725|2.A.4.7.2	35.1	299	180	4	7	294	71	366	8.4e-41	164.1
3300029446.a:Ga0167332_1000462_12	gnl|TC-DB|P10384|1.B.9.1.1	25.7	413	245	10	12	372	13	415	1.9e-29	126.7
3300029446.a:Ga0167332_1000281_2	gnl|TC-DB|Q1D1X6|9.B.153.3.3	40.6	106	61	2	165	268	366	471	1.1e-17	87.0
3300029446.a:Ga0167332_1000281_9	gnl|TC-DB|Q1D4Q0|1.B.17.2.6	25.2	345	240	4	16	347	11	350	7.4e-13	71.6
3300029446.a:Ga0167332_1000281_10	gnl|TC-DB|P75830|3.A.1.122.1	33.7	315	208	1	2	316	1	314	2.7e-25	112.8
3300029446.a:Ga0167332_1000281_11	gnl|TC-DB|Q58206|3.A.1.122.14	51.1	231	109	2	6	232	1	231	1.9e-63	238.8
3300029446.a:Ga0167332_1000281_12	gnl|TC-DB|A0ZUB1|3.A.1.122.12	39.6	394	224	7	14	405	267	648	1.0e-56	217.2
3300029446.a:Ga0167332_1000281_15	gnl|TC-DB|P0A607|2.A.45.2.2	38.1	425	255	4	5	423	2	424	1.7e-65	246.5
3300029446.a:Ga0167332_1000281_24	gnl|TC-DB|Q9KAX3|2.A.66.1.32	27.6	435	305	7	10	438	10	440	1.6e-42	170.2
3300029446.a:Ga0167332_1000281_35	gnl|TC-DB|P0AGI8|2.A.38.1.1	30.1	459	304	8	1	451	1	450	3.7e-55	212.2
3300029446.a:Ga0167332_1000281_36	gnl|TC-DB|P0AFZ7|2.A.38.1.1	38.9	483	283	8	6	482	6	482	4.8e-85	311.6
3300029446.a:Ga0167332_1000281_40	gnl|TC-DB|P0AGD7|3.A.5.1.1	47.1	448	230	4	1	442	1	447	9.8e-109	390.2
3300029446.a:Ga0167332_1000281_46	gnl|TC-DB|E0SFK1|2.A.69.3.2	25.9	305	218	5	8	308	16	316	7.2e-18	87.8
3300029446.a:Ga0167332_1000281_48	gnl|TC-DB|P0AD96|3.A.1.4.1	24.3	346	237	10	3	344	23	347	1.4e-18	90.5
3300029446.a:Ga0167332_1000482_6	gnl|TC-DB|O57877|2.A.120.1.5	32.1	358	235	5	20	371	10	365	8.3e-48	187.6
3300029446.a:Ga0167332_1000482_15	gnl|TC-DB|Q8ZKS0|2.A.56.1.5	37.0	427	259	6	7	429	12	432	1.1e-59	227.3
3300029446.a:Ga0167332_1000482_16	gnl|TC-DB|P37735|2.A.56.1.1	26.3	334	231	11	2	329	4	328	2.5e-16	82.8
3300029446.a:Ga0167332_1000482_22	gnl|TC-DB|A3QE50|8.A.59.4.2	35.4	144	86	1	307	443	244	387	1.4e-22	104.0
3300029446.a:Ga0167332_1000482_23	gnl|TC-DB|Q9FI56|3.A.9.1.2	45.5	880	392	11	5	865	97	907	8.9e-207	716.8
3300029446.a:Ga0167332_1000482_25	gnl|TC-DB|Q02028|3.A.9.1.1	59.4	645	233	6	3	627	69	704	9.3e-206	713.0
3300029446.a:Ga0167332_1000124_22	gnl|TC-DB|O59180|8.A.21.2.1	55.7	235	104	0	19	253	14	248	1.9e-67	252.3
3300029446.a:Ga0167332_1000124_23	gnl|TC-DB|O59179|8.A.21.2.1	31.6	424	278	4	36	449	19	440	5.6e-51	198.4
3300029446.a:Ga0167332_1000124_28	gnl|TC-DB|P21175|3.A.1.4.8	30.6	337	214	11	9	339	11	333	2.0e-25	113.2
3300029446.a:Ga0167332_1000124_29	gnl|TC-DB|Q8DQI0|3.A.1.4.10	39.0	295	175	4	1	293	1	292	3.1e-50	195.3
3300029446.a:Ga0167332_1000124_30	gnl|TC-DB|Q8DQH9|3.A.1.4.10	34.1	229	151	0	59	287	90	318	1.7e-37	152.9
3300029446.a:Ga0167332_1000124_31	gnl|TC-DB|Q8DQH8|3.A.1.4.10	47.4	251	132	0	5	255	3	253	3.3e-64	241.5
3300029446.a:Ga0167332_1000124_32	gnl|TC-DB|Q8DQH7|3.A.1.4.10	51.5	233	112	1	7	238	3	235	4.2e-61	231.1
3300029446.a:Ga0167332_1000124_42	gnl|TC-DB|Q01465|9.B.157.1.1	55.4	323	142	2	5	326	8	329	2.8e-103	371.7
3300029446.a:Ga0167332_1000124_44	gnl|TC-DB|I7BV49|3.A.1.26.10	44.7	255	139	2	4	256	1	255	1.3e-55	213.0
3300029446.a:Ga0167332_1000124_45	gnl|TC-DB|Q5M244|3.A.1.25.6	41.7	271	153	2	1	266	1	271	3.2e-57	218.4
3300029446.a:Ga0167332_1000124_46	gnl|TC-DB|Q839D5|3.A.1.26.7	42.6	272	149	4	6	273	4	272	4.3e-54	208.0
3300029446.a:Ga0167332_1000124_55	gnl|TC-DB|P0AGA2|3.A.5.1.1	47.2	428	214	4	11	427	16	442	6.0e-103	370.9
3300029446.a:Ga0167332_1002546_6	gnl|TC-DB|Q9ZK21|1.C.82.1.1	50.0	224	112	0	2	225	3	226	6.7e-56	213.8
3300029446.a:Ga0167332_1000112_15	gnl|TC-DB|Q9WYC4|3.A.1.135.5	35.1	567	367	1	17	583	27	592	6.9e-94	341.3
3300029446.a:Ga0167332_1000112_19	gnl|TC-DB|B8CYZ1|1.B.42.1.13	32.5	354	232	4	10	362	6	353	7.6e-46	181.0
3300029446.a:Ga0167332_1000112_26	gnl|TC-DB|C9LSC3|1.B.33.2.3	27.2	541	360	9	52	581	121	638	2.7e-50	196.4
3300029446.a:Ga0167332_1000112_41	gnl|TC-DB|Q8VRK4|3.A.11.1.3	40.5	291	159	3	70	360	56	332	5.9e-46	181.4
3300029446.a:Ga0167332_1000112_57	gnl|TC-DB|F9VN10|3.D.10.1.4	27.6	536	330	20	1	496	10	527	1.5e-28	124.0
3300029446.a:Ga0167332_1000112_58	gnl|TC-DB|O52005|2.A.81.2.1	39.7	385	224	4	1	382	1	380	3.9e-69	258.5
3300029446.a:Ga0167332_1000112_60	gnl|TC-DB|O07838|2.A.56.1.1	35.6	436	266	2	3	424	4	438	1.2e-68	256.9
3300029446.a:Ga0167332_1000112_62	gnl|TC-DB|R4JTF7|2.A.56.1.9	29.8	242	168	2	52	292	53	293	7.0e-27	117.9
3300029446.a:Ga0167332_1000112_69	gnl|TC-DB|O07838|2.A.56.1.1	36.6	437	261	3	3	425	4	438	4.6e-71	265.0
3300029446.a:Ga0167332_1000112_71	gnl|TC-DB|P37735|2.A.56.1.1	30.7	323	208	5	9	324	6	319	7.9e-31	131.0
3300029446.a:Ga0167332_1000112_72	gnl|TC-DB|Q9HV74|2.A.21.9.1	25.6	371	220	13	189	520	626	979	5.3e-13	72.4
3300029446.a:Ga0167332_1000269_6	gnl|TC-DB|Q9FA44|2.A.80.1.1	29.6	476	332	3	7	480	9	483	4.5e-54	208.8
3300029446.a:Ga0167332_1000269_15	gnl|TC-DB|D7CMN2|2.A.1.54.3	31.1	415	258	5	18	414	22	426	6.9e-54	208.0
3300029446.a:Ga0167332_1000269_17	gnl|TC-DB|K7QW88|2.A.7.3.52	27.7	282	189	5	5	283	2	271	1.5e-15	80.1
3300029446.a:Ga0167332_1000269_24	gnl|TC-DB|B1W1L9|3.A.1.5.37	35.3	309	184	7	3	296	5	312	9.5e-42	167.2
3300029446.a:Ga0167332_1000269_25	gnl|TC-DB|Q9F350|3.A.1.5.35	41.1	263	151	2	1	259	2	264	4.6e-50	194.5
3300029446.a:Ga0167332_1000269_26	gnl|TC-DB|Q9WXR5|3.A.1.5.29	34.5	226	139	4	171	389	136	359	1.3e-27	120.6
3300029446.a:Ga0167332_1000269_27	gnl|TC-DB|W0WN20|3.A.1.5.39	35.7	319	182	4	19	318	19	333	1.5e-42	169.9
3300029446.a:Ga0167332_1000269_28	gnl|TC-DB|W0WLZ1|3.A.1.5.39	24.8	278	194	4	36	312	241	504	2.8e-20	96.7
3300029446.a:Ga0167332_1000269_30	gnl|TC-DB|O31762|2.A.1.32.2	24.5	368	256	6	36	387	3	364	3.4e-18	89.4
3300029446.a:Ga0167332_1000269_32	gnl|TC-DB|P0AAP1|9.B.34.1.2	30.1	166	106	4	185	340	197	362	8.9e-15	77.8
3300029446.a:Ga0167332_1000269_39	gnl|TC-DB|Q2JNZ2|1.B.48.1.3	32.8	290	173	7	27	295	59	347	1.9e-18	89.7
3300029446.a:Ga0167332_1000269_40	gnl|TC-DB|P76330|9.B.34.1.4	31.7	183	111	4	402	570	380	562	5.1e-17	85.9
3300029446.a:Ga0167332_1000893_3	gnl|TC-DB|P16256|2.A.21.1.1	34.4	482	304	6	13	488	5	480	4.2e-68	255.4
3300029446.a:Ga0167332_1000893_5	gnl|TC-DB|Q1GT48|2.A.120.1.4	36.5	359	222	5	17	371	10	366	6.5e-61	231.1
3300029446.a:Ga0167332_1000893_8	gnl|TC-DB|B4S4L6|9.B.28.2.3	28.4	201	132	1	5	205	29	217	1.0e-12	70.1
3300029446.a:Ga0167332_1000893_15	gnl|TC-DB|p0aa70|2.A.7.3.22	39.5	271	163	1	10	279	13	283	4.3e-49	191.4
3300029446.a:Ga0167332_1000893_16	gnl|TC-DB|Q2FUL6|3.A.1.25.2	39.6	169	89	5	8	174	11	168	9.6e-21	96.7
3300029446.a:Ga0167332_1010746_1	gnl|TC-DB|B0RRH8|8.A.3.1.3	30.2	460	292	8	8	462	23	458	2.2e-53	206.5
3300029446.a:Ga0167332_1010746_2	gnl|TC-DB|P0A932|1.B.18.3.8	26.2	302	176	11	77	358	45	319	3.6e-14	75.9
3300029446.a:Ga0167332_1000078_6	gnl|TC-DB|P54104|2.A.26.1.3	30.2	437	279	11	16	431	13	444	2.9e-41	166.0
3300029446.a:Ga0167332_1000078_15	gnl|TC-DB|R4JTF7|2.A.56.1.9	25.6	344	222	12	11	337	9	335	4.2e-11	65.5
3300029446.a:Ga0167332_1000078_20	gnl|TC-DB|B9TSM9|2.A.56.1.6	31.3	406	270	4	31	435	28	425	1.9e-43	173.3
3300029446.a:Ga0167332_1000078_23	gnl|TC-DB|P77735|8.A.5.1.6	27.0	304	172	11	1	262	1	296	5.7e-15	78.6
3300029446.a:Ga0167332_1000078_25	gnl|TC-DB|A8ANM6|2.A.104.1.1	40.4	136	77	2	12	145	5	138	3.3e-20	94.7
3300029446.a:Ga0167332_1000078_30	gnl|TC-DB|p0aa70|2.A.7.3.22	36.7	289	172	7	4	291	8	286	6.1e-38	154.5
3300029446.a:Ga0167332_1000078_31	gnl|TC-DB|Q93N33|2.A.21.9.2	29.3	232	145	6	224	445	769	991	4.8e-13	72.4
3300029446.a:Ga0167332_1000078_41	gnl|TC-DB|Q8YSQ7|2.A.56.3.3	40.0	452	251	4	3	444	2	443	2.9e-84	308.9
3300029446.a:Ga0167332_1000078_42	gnl|TC-DB|P74225|2.A.56.3.1	28.7	164	111	2	4	162	6	168	7.2e-15	77.0
3300029446.a:Ga0167332_1000078_80	gnl|TC-DB|Q8YSQ7|2.A.56.3.3	34.8	420	267	2	23	435	23	442	1.9e-67	253.1
3300029446.a:Ga0167332_1000078_81	gnl|TC-DB|P31125|2.A.7.3.2	38.3	303	181	2	1	303	1	297	4.4e-55	211.5
3300029446.a:Ga0167332_1000078_94	gnl|TC-DB|D4ZZR3|9.B.34.1.3	36.6	164	100	2	411	570	228	391	2.0e-21	100.5
3300029446.a:Ga0167332_1000050_5	gnl|TC-DB|G9PU91|1.B.23.1.20	39.2	564	243	17	1	528	1	500	1.3e-88	323.6
3300029446.a:Ga0167332_1000050_12	gnl|TC-DB|P40290|3.A.6.1.1	30.4	260	157	6	188	434	141	389	8.8e-20	94.7
3300029446.a:Ga0167332_1000050_13	gnl|TC-DB|B7LEG0|1.A.34.1.2	29.9	268	149	8	212	454	123	376	3.5e-21	99.4
3300029446.a:Ga0167332_1000050_15	gnl|TC-DB|Q59578|3.D.8.1.1	40.4	544	285	10	8	528	5	532	9.6e-111	397.1
3300029446.a:Ga0167332_1000050_16	gnl|TC-DB|O27601|3.D.8.1.1	42.2	427	240	4	1	421	6	431	8.5e-94	340.5
3300029446.a:Ga0167332_1000050_24	gnl|TC-DB|P24559|3.A.15.2.1	36.1	266	169	1	74	338	70	335	3.0e-44	175.6
3300029446.a:Ga0167332_1000050_37	gnl|TC-DB|Q8ZKS0|2.A.56.1.5	33.3	427	275	5	6	428	12	432	5.1e-54	208.4
3300029446.a:Ga0167332_1000050_39	gnl|TC-DB|P44542|2.A.56.1.3	25.1	291	200	4	19	299	7	289	4.7e-18	88.6
3300029446.a:Ga0167332_1000050_43	gnl|TC-DB|C0QCR7|8.A.59.4.1	31.1	235	139	4	589	816	322	540	6.2e-24	109.4
3300029446.a:Ga0167332_1000050_50	gnl|TC-DB|Q3IVI4|2.A.56.1.4	37.1	437	257	2	8	426	8	444	3.2e-72	268.9
3300029446.a:Ga0167332_1000050_52	gnl|TC-DB|R4JTF7|2.A.56.1.9	31.7	334	221	6	1	332	4	332	3.2e-43	172.2
3300029446.a:Ga0167332_1000050_59	gnl|TC-DB|Q8EI43|2.A.35.2.2	33.9	489	286	12	11	470	12	492	3.1e-60	229.2
3300029446.a:Ga0167332_1000050_62	gnl|TC-DB|P42065|3.A.1.5.20	51.6	322	150	4	5	322	6	325	2.1e-84	308.9
3300029446.a:Ga0167332_1000050_63	gnl|TC-DB|Q9F350|3.A.1.5.35	50.6	320	154	2	13	328	1	320	1.3e-89	326.2
3300029446.a:Ga0167332_1000050_64	gnl|TC-DB|P26904|3.A.1.5.2	39.0	205	125	0	7	211	115	319	1.2e-35	146.4
3300029446.a:Ga0167332_1000050_65	gnl|TC-DB|W0WN20|3.A.1.5.39	40.7	332	183	3	1	318	1	332	2.6e-58	222.2
3300029446.a:Ga0167332_1000050_66	gnl|TC-DB|W0WJ85|3.A.1.5.39	28.8	528	311	18	1	491	1	500	2.9e-43	172.9
3300029446.a:Ga0167332_1000050_72	gnl|TC-DB|Q58586|3.A.1.6.9	38.4	318	160	7	25	315	34	342	7.1e-53	204.1
3300029446.a:Ga0167332_1000050_73	gnl|TC-DB|Q8U4K3|3.A.1.6.5	44.5	346	185	6	1	341	1	344	3.7e-71	265.0
3300029446.a:Ga0167332_1000050_74	gnl|TC-DB|O30143|3.A.1.6.8	43.7	261	130	5	11	264	9	259	3.5e-53	204.9
3300029446.a:Ga0167332_1000050_76	gnl|TC-DB|Q74GA4|3.D.1.5.1	52.3	132	63	0	24	155	36	167	2.4e-38	154.8
3300029446.a:Ga0167332_1000050_77	gnl|TC-DB|Q74GA3|3.D.1.5.1	38.6	88	49	1	27	109	4	91	3.4e-11	64.3
3300029446.a:Ga0167332_1000050_78	gnl|TC-DB|Q74GA3|3.D.1.5.1	56.4	567	232	6	8	568	7	564	1.6e-191	665.6
3300029446.a:Ga0167332_1000050_79	gnl|TC-DB|P24918|3.D.1.6.2	24.4	704	451	18	3	684	35	679	3.5e-41	166.4
3300029446.a:Ga0167332_1000050_81	gnl|TC-DB|P31883|3.D.7.2.2	37.3	126	76	1	5	127	3	128	2.9e-18	89.7
3300029446.a:Ga0167332_1000050_85	gnl|TC-DB|Q930W3|2.A.56.1.7	34.0	403	261	4	9	406	2	404	1.0e-54	210.7
3300029446.a:Ga0167332_1000050_87	gnl|TC-DB|P44542|2.A.56.1.3	24.7	251	184	4	48	294	46	295	6.3e-12	68.2
3300029446.a:Ga0167332_1000050_99	gnl|TC-DB|Q8VRL2|3.A.11.1.3	36.6	161	97	2	11	167	4	163	1.1e-11	67.0
3300029446.a:Ga0167332_1000050_101	gnl|TC-DB|P94357|2.A.115.1.2	28.6	273	193	2	17	289	3	273	1.0e-29	127.1
3300029446.a:Ga0167332_1000076_26	gnl|TC-DB|P21458|3.A.12.1.1	41.3	545	306	5	197	730	240	781	3.9e-110	395.6
3300029446.a:Ga0167332_1000076_32	gnl|TC-DB|J8IXD8|1.C.109.1.5	51.2	244	116	3	8	249	6	248	1.2e-64	243.0
3300029446.a:Ga0167332_1000076_62	gnl|TC-DB|P07373|2.A.103.1.3	36.5	353	219	4	26	374	15	366	1.2e-49	193.7
3300029446.a:Ga0167332_1000076_64	gnl|TC-DB|Q8F4J3|9.B.146.1.3	31.3	323	179	9	20	303	38	356	2.5e-29	125.9
3300029446.a:Ga0167332_1000076_71	gnl|TC-DB|P43435|3.A.2.2.2	45.7	199	104	1	4	198	2	200	1.1e-41	166.4
3300029446.a:Ga0167332_1000076_72	gnl|TC-DB|Q08637|3.A.2.2.2	68.1	452	144	0	4	455	3	454	2.1e-186	648.3
3300029446.a:Ga0167332_1000076_73	gnl|TC-DB|Q08636|3.A.2.2.2	60.0	590	234	1	8	595	3	592	1.4e-214	742.3
3300029446.a:Ga0167332_1000076_77	gnl|TC-DB|P43457|3.A.2.2.2	49.7	149	69	1	5	153	11	153	2.3e-28	121.7
3300029446.a:Ga0167332_1000076_78	gnl|TC-DB|P43439|3.A.2.2.2	26.2	686	463	15	1	670	1	659	2.5e-47	186.8
3300029446.a:Ga0167332_1000076_94	gnl|TC-DB|A9WBR9|3.A.1.32.3	25.0	533	249	22	348	843	84	502	8.5e-16	82.4
3300029446.a:Ga0167332_1000076_96	gnl|TC-DB|P55072|3.A.16.1.1	44.9	234	128	1	151	383	472	705	3.6e-56	216.1
3300029446.a:Ga0167332_1000305_5	gnl|TC-DB|B2UL32|2.A.5.5.5	49.5	279	124	4	4	281	8	270	5.7e-54	207.6
3300029446.a:Ga0167332_1000305_6	gnl|TC-DB|G0HQP0|2.A.7.3.44	39.2	286	170	1	8	289	7	292	2.0e-46	182.6
3300029446.a:Ga0167332_1000305_8	gnl|TC-DB|A3QE50|8.A.59.4.2	34.9	218	119	5	812	1006	169	386	1.5e-24	111.7
3300029446.a:Ga0167332_1000305_16	gnl|TC-DB|Q9UY73|2.A.89.3.10	25.1	342	179	7	17	281	11	352	5.4e-15	78.2
3300029446.a:Ga0167332_1000305_17	gnl|TC-DB|A9CGX6|2.A.6.3.2	27.0	1064	723	17	1	1040	1	1034	2.5e-86	317.0
3300029446.a:Ga0167332_1000065_2	gnl|TC-DB|O27840|2.A.107.1.2	35.6	177	105	4	10	184	9	178	4.3e-18	87.8
3300029446.a:Ga0167332_1000065_7	gnl|TC-DB|Q9UGH3|2.A.40.6.2	32.3	501	286	9	3	454	86	582	1.2e-61	233.8
3300029446.a:Ga0167332_1000065_11	gnl|TC-DB|Q9KAX3|2.A.66.1.32	39.6	457	269	1	2	451	3	459	8.0e-90	327.4
3300029446.a:Ga0167332_1000065_17	gnl|TC-DB|G4FGN3|3.A.1.2.20	37.1	518	290	12	3	518	1	484	6.1e-81	298.1
3300029446.a:Ga0167332_1000065_25	gnl|TC-DB|Q9HY55|4.A.2.1.17	30.7	535	255	16	367	885	494	928	2.7e-33	140.6
3300029446.a:Ga0167332_1000065_32	gnl|TC-DB|P0A2L3|9.A.40.1.2	36.0	275	174	2	147	420	11	284	1.5e-45	180.3
3300029446.a:Ga0167332_1000065_37	gnl|TC-DB|Q03030|3.B.1.1.1	50.2	444	212	1	31	465	3	446	8.2e-125	443.7
3300029446.a:Ga0167332_1000065_76	gnl|TC-DB|D5EE66|9.B.160.1.13	39.0	159	97	0	1	159	1	159	7.8e-23	103.6
3300029446.a:Ga0167332_1000065_85	gnl|TC-DB|O32219|3.A.3.6.10	43.4	701	386	5	17	714	10	702	1.5e-154	543.1
3300029446.a:Ga0167332_1000065_89	gnl|TC-DB|Q8YSQ6|2.A.56.3.3	29.2	325	211	9	29	344	27	341	2.2e-31	132.9
3300029446.a:Ga0167332_1000065_93	gnl|TC-DB|Q8YSQ7|2.A.56.3.3	37.3	440	267	4	1	431	3	442	7.2e-72	267.7
3300029446.a:Ga0167332_1000065_94	gnl|TC-DB|P74225|2.A.56.3.1	29.1	172	99	5	3	160	2	164	1.3e-11	66.2
3300029446.a:Ga0167332_1000454_4	gnl|TC-DB|P0AAG3|3.A.1.3.4	52.3	241	115	0	6	246	1	241	1.1e-69	259.6
3300029446.a:Ga0167332_1000454_5	gnl|TC-DB|P0AER5|3.A.1.3.4	37.7	223	130	2	1	214	1	223	1.1e-31	133.3
3300029446.a:Ga0167332_1000454_6	gnl|TC-DB|P0AEQ3|3.A.1.3.2	32.4	225	146	4	37	259	25	245	8.5e-31	130.6
3300029446.a:Ga0167332_1000454_17	gnl|TC-DB|O00571|1.I.1.1.3	36.8	364	207	4	12	352	176	539	2.5e-56	216.5
3300029446.a:Ga0167332_1000454_22	gnl|TC-DB|A3QE50|8.A.59.4.2	32.5	203	122	3	439	626	189	391	1.1e-25	114.8
3300029446.a:Ga0167332_1000454_26	gnl|TC-DB|D6GX19|9.B.27.2.5	27.7	191	138	0	6	196	5	195	5.9e-16	80.9
3300029446.a:Ga0167332_1000048_1	gnl|TC-DB|Q9X050|3.A.1.2.19	56.0	75	33	0	2	76	247	321	9.2e-19	89.0
3300029446.a:Ga0167332_1000048_2	gnl|TC-DB|A6VKT0|3.A.1.2.13	51.9	293	139	2	4	296	2	292	4.6e-78	287.7
3300029446.a:Ga0167332_1000048_5	gnl|TC-DB|Q1CVG1|2.A.9.3.4	32.1	246	130	4	4	248	377	586	2.3e-25	112.5
3300029446.a:Ga0167332_1000048_8	gnl|TC-DB|B2GH49|9.B.160.1.10	35.5	166	97	5	96	257	217	376	4.5e-19	92.4
3300029446.a:Ga0167332_1000048_22	gnl|TC-DB|M7AKZ4|2.A.58.2.2	26.9	547	368	8	5	531	5	539	3.6e-49	192.6
3300029446.a:Ga0167332_1000048_30	gnl|TC-DB|P0A9R7|3.A.1.140.1	39.3	214	130	0	3	216	2	215	6.0e-41	164.1
3300029446.a:Ga0167332_1000048_32	gnl|TC-DB|B7L5V2|1.A.34.1.3	31.0	129	82	1	265	393	98	219	1.7e-11	67.0
3300029446.a:Ga0167332_1000048_33	gnl|TC-DB|O35002|9.B.174.1.1	34.6	367	225	7	15	368	12	376	9.9e-52	200.7
3300029446.a:Ga0167332_1000048_39	gnl|TC-DB|Q9WYF3|3.A.3.5.33	60.4	715	282	1	11	725	13	726	6.3e-246	846.7
3300029446.a:Ga0167332_1000048_49	gnl|TC-DB|G4NXA5|1.A.33.1.4	61.9	607	224	6	1	604	1	603	1.2e-202	702.6
3300029446.a:Ga0167332_1000048_56	gnl|TC-DB|Q8DQI1|3.A.1.4.10	31.2	352	233	4	59	407	41	386	3.9e-43	172.2
3300029446.a:Ga0167332_1000048_57	gnl|TC-DB|Q8DQI0|3.A.1.4.10	44.4	293	160	2	5	297	3	292	1.7e-64	242.7
3300029446.a:Ga0167332_1000048_58	gnl|TC-DB|P21628|3.A.1.4.8	35.2	355	158	5	7	328	91	406	1.1e-43	173.7
3300029446.a:Ga0167332_1000048_59	gnl|TC-DB|Q8DQH8|3.A.1.4.10	51.2	252	123	0	6	257	2	253	9.0e-70	260.0
3300029446.a:Ga0167332_1000048_60	gnl|TC-DB|Q8DQH7|3.A.1.4.10	56.0	234	103	0	1	234	3	236	4.7e-70	260.8
3300029446.a:Ga0167332_1000048_61	gnl|TC-DB|Q6ADZ6|4.F.1.1.7	44.0	141	69	3	23	154	39	178	2.8e-21	98.2
3300029446.a:Ga0167332_1000048_62	gnl|TC-DB|Q6MR29|3.A.5.1.3	49.5	842	407	7	3	840	4	831	3.6e-219	758.1
3300029446.a:Ga0167332_1000048_83	gnl|TC-DB|P94398|9.B.10.1.1	34.3	268	165	5	1	257	34	301	2.8e-34	142.1
3300029446.a:Ga0167332_1000048_93	gnl|TC-DB|Q5SMG8|1.A.26.1.2	46.1	323	173	1	126	448	126	447	1.0e-68	257.3
3300029446.a:Ga0167332_1000048_98	gnl|TC-DB|Q9KDT3|2.A.22.5.3	47.3	450	225	7	1	441	3	449	1.6e-103	372.9
3300029446.a:Ga0167332_1000048_107	gnl|TC-DB|W0WFC6|2.A.25.1.9	45.4	460	234	9	1	454	1	449	1.2e-96	350.1
3300029446.a:Ga0167332_1000048_112	gnl|TC-DB|Q1D0D2|1.A.30.2.7	34.1	129	81	2	3	127	6	134	7.1e-15	76.6
3300029446.a:Ga0167332_1000048_114	gnl|TC-DB|P06129|1.B.14.3.1	26.8	512	296	21	24	494	17	490	1.4e-28	124.4
3300029446.a:Ga0167332_1000748_2	gnl|TC-DB|F2NVG7|2.A.66.1.40	27.0	507	356	10	1	499	13	513	8.3e-48	188.0
3300029446.a:Ga0167332_1000748_3	gnl|TC-DB|P75905|4.D.1.1.3	41.1	95	55	1	3	96	74	168	1.0e-12	70.9
3300029446.a:Ga0167332_1000748_9	gnl|TC-DB|917585193|9.B.18.1.3	42.2	187	107	1	250	435	266	452	1.9e-40	163.3
3300029446.a:Ga0167332_1000979_10	gnl|TC-DB|O32074|2.A.88.3.1	36.6	186	96	5	2	165	3	188	1.5e-25	112.5
3300029446.a:Ga0167332_1000979_20	gnl|TC-DB|Q57079|3.B.1.1.2	63.2	514	181	1	5	518	3	508	4.5e-190	660.6
3300029446.a:Ga0167332_1002207_2	gnl|TC-DB|Q9HQ19|3.A.1.14.9	41.9	270	151	4	55	319	93	361	8.0e-44	174.1
3300029446.a:Ga0167332_1002207_3	gnl|TC-DB|Q9X665|3.A.1.14.7	36.2	235	146	2	10	243	9	240	1.6e-39	159.5
3300029446.a:Ga0167332_1002207_4	gnl|TC-DB|O29993|9.A.8.1.8	32.2	634	344	13	29	592	12	629	1.5e-67	253.8
3300029446.a:Ga0167332_1002207_7	gnl|TC-DB|A0L4L0|3.A.1.132.3	38.8	258	145	5	33	286	90	338	1.1e-41	166.8
3300029446.a:Ga0167332_1002948_3	gnl|TC-DB|O59010|2.A.23.1.5	49.2	380	176	5	34	399	43	419	5.6e-87	317.8
3300029446.a:Ga0167332_1002948_5	gnl|TC-DB|B2UHN5|2.A.49.9.2	36.0	400	251	4	13	411	12	407	1.1e-52	204.1
