0036286	54	3300012816.a:Ga0160495_100026_112	330	3e-10	2	53	226	277	0.9444444444444444
0035607	54	3300012816.a:Ga0160495_100026_112	330	8.7e-06	2	49	278	323	0.8703703703703703
0038753	71	3300012816.a:Ga0160495_100026_13	213	5.9e-15	2	61	138	193	0.8309859154929577
0036955	59	3300012816.a:Ga0160495_100026_160	346	1.9e-18	2	57	1	56	0.9322033898305084
0042628	48	3300012816.a:Ga0160495_100026_175	85	7.4e-11	4	44	5	45	0.8333333333333334
0037767	80	3300012816.a:Ga0160495_100026_185	461	5e-06	2	73	16	82	0.8875
0043707	64	3300012816.a:Ga0160495_100026_189	362	2.9e-05	3	37	38	72	0.53125
0036286	54	3300012816.a:Ga0160495_100026_195	245	4.4e-12	2	50	140	188	0.8888888888888888
0035607	54	3300012816.a:Ga0160495_100026_195	245	2.4e-08	3	53	193	241	0.9259259259259259
0043669	98	3300012816.a:Ga0160495_100026_274	123	1e-24	6	96	15	105	0.9183673469387755
0037767	80	3300012816.a:Ga0160495_100026_295	240	1.3e-08	22	71	25	74	0.6125
0039384	65	3300012816.a:Ga0160495_100026_297	248	7.6e-10	18	62	28	72	0.676923076923077
0043707	64	3300012816.a:Ga0160495_100026_303	475	4e-13	3	61	11	70	0.90625
0041905	120	3300012816.a:Ga0160495_100026_306	123	1.2e-27	3	119	1	117	0.9666666666666667
0036286	54	3300012816.a:Ga0160495_100026_35	295	3.5e-12	3	53	10	60	0.9259259259259259
0035607	54	3300012816.a:Ga0160495_100026_35	295	6e-07	4	53	63	111	0.9074074074074074
0044258	100	3300012816.a:Ga0160495_100026_39	169	1.2e-15	2	98	10	105	0.96
0044030	41	3300012816.a:Ga0160495_100026_70	143	5.6e-12	1	39	101	139	0.926829268292683
0040266	151	3300012816.a:Ga0160495_100026_85	124	2.3e-07	12	78	20	90	0.4370860927152318
0040266	151	3300012816.a:Ga0160495_100026_86	154	1.6e-14	24	142	4	124	0.7814569536423841
0039384	65	3300012816.a:Ga0160495_100039_111	251	9.3e-12	18	64	26	72	0.7076923076923077
0040266	151	3300012816.a:Ga0160495_100039_182	155	8.9e-15	24	130	5	110	0.7019867549668874
0043669	98	3300012816.a:Ga0160495_100039_204	105	5.6e-23	14	91	2	79	0.7857142857142857
0036955	59	3300012816.a:Ga0160495_100039_22	341	3e-17	3	56	9	62	0.8983050847457628
0036955	59	3300012816.a:Ga0160495_100039_23	374	1.1e-15	3	55	36	88	0.8813559322033898
0037767	80	3300012816.a:Ga0160495_100039_29	93	1e-10	3	74	21	83	0.8875
0036955	59	3300012816.a:Ga0160495_100039_49	351	1.1e-16	2	58	3	59	0.9491525423728814
0043935	94	3300012816.a:Ga0160495_100039_77	98	1.4e-10	2	80	6	87	0.8297872340425532
0036955	59	3300012816.a:Ga0160495_100039_85	352	8.2e-19	3	57	16	70	0.9152542372881356
0041150	134	3300012816.a:Ga0160495_100047_10	161	3.2e-28	3	134	27	157	0.9776119402985075
0043707	64	3300012816.a:Ga0160495_100047_156	142	8e-16	2	61	21	81	0.921875
0041150	134	3300012816.a:Ga0160495_100047_159	136	2.8e-41	2	131	3	131	0.9626865671641791
0044258	100	3300012816.a:Ga0160495_100047_188	140	1.7e-19	3	97	28	122	0.94
0037767	80	3300012816.a:Ga0160495_100058_166	144	4.4e-06	28	70	67	109	0.525
0037767	80	3300012816.a:Ga0160495_100063_115	237	4e-10	2	73	6	72	0.8875
0040517	144	3300012816.a:Ga0160495_100063_131	150	2.7e-33	2	130	21	147	0.8888888888888888
0039384	65	3300012816.a:Ga0160495_100063_24	242	3.3e-06	5	53	21	69	0.7384615384615385
0043095	94	3300012816.a:Ga0160495_100063_39	102	1.6e-23	9	83	2	76	0.7872340425531915
0037176	98	3300012816.a:Ga0160495_100063_72	461	1e-15	1	96	333	443	0.9693877551020408
0037767	80	3300012816.a:Ga0160495_100063_95	446	2.9e-06	2	72	24	89	0.875
0037767	80	3300012816.a:Ga0160495_100063_98	242	4.9e-07	29	70	30	71	0.5125
0043707	64	3300012816.a:Ga0160495_100065_118	66	9.2e-16	4	61	2	60	0.890625
0037176	98	3300012816.a:Ga0160495_100065_14	487	3e-15	1	97	357	478	0.9795918367346939
0039384	65	3300012816.a:Ga0160495_100065_32	296	2.4e-05	4	41	233	270	0.5692307692307692
0035607	54	3300012816.a:Ga0160495_100065_72	322	4.1e-10	2	53	259	311	0.9444444444444444
0036286	54	3300012816.a:Ga0160495_100067_21	379	9.1e-06	16	53	289	326	0.6851851851851852
0035607	54	3300012816.a:Ga0160495_100067_21	379	8.6e-07	2	52	327	375	0.9259259259259259
0036955	59	3300012816.a:Ga0160495_100067_32	361	2.8e-19	2	58	26	82	0.9491525423728814
0043669	98	3300012816.a:Ga0160495_100067_5	105	4.6e-18	11	77	5	76	0.673469387755102
0038966	94	3300012816.a:Ga0160495_100067_59	79	6e-06	32	90	6	65	0.6170212765957447
0043707	64	3300012816.a:Ga0160495_100067_73	89	3.6e-08	6	57	25	76	0.796875
0037767	80	3300012816.a:Ga0160495_100067_86	240	2e-12	2	79	148	217	0.9625
0036955	59	3300012816.a:Ga0160495_100067_92	341	1.2e-19	2	58	4	60	0.9491525423728814
0040586	141	3300012816.a:Ga0160495_100070_132	307	1.8e-21	3	139	6	140	0.9645390070921985
0043758	87	3300012816.a:Ga0160495_100070_133	236	3.3e-10	1	69	1	68	0.7816091954022989
0039384	65	3300012816.a:Ga0160495_100092_13	214	2e-09	8	63	16	71	0.8461538461538461
0043143	63	3300012816.a:Ga0160495_100092_83	165	6.3e-07	2	53	16	68	0.8095238095238095
0039384	65	3300012816.a:Ga0160495_100092_84	193	2.7e-09	18	59	24	65	0.6307692307692307
0043707	64	3300012816.a:Ga0160495_100095_102	92	4.5e-09	8	55	13	61	0.734375
0042546	127	3300012816.a:Ga0160495_100095_21	131	2.9e-39	2	126	3	127	0.9763779527559056
0043707	64	3300012816.a:Ga0160495_100095_57	376	6.7e-14	3	60	9	67	0.890625
0036286	54	3300012816.a:Ga0160495_100098_115	314	1.2e-10	4	49	209	254	0.8333333333333334
0035607	54	3300012816.a:Ga0160495_100098_115	314	1e-06	3	52	260	307	0.9074074074074074
0040517	144	3300012816.a:Ga0160495_100098_29	157	1.1e-19	26	111	2	87	0.5902777777777778
0042546	127	3300012816.a:Ga0160495_100098_3	163	9.6e-20	2	99	63	156	0.7637795275590551
0043707	64	3300012816.a:Ga0160495_100098_51	182	1.7e-08	3	50	7	55	0.734375
0043669	98	3300012816.a:Ga0160495_100106_116	326	9.8e-22	10	80	5	75	0.7142857142857143
0040517	144	3300012816.a:Ga0160495_100106_125	322	7.9e-20	4	135	15	148	0.9097222222222222
0043707	64	3300012816.a:Ga0160495_100106_15	65	1.7e-17	4	62	2	61	0.90625
0039384	65	3300012816.a:Ga0160495_100106_3	245	7.6e-12	3	62	1	61	0.9076923076923077
0044258	100	3300012816.a:Ga0160495_100106_40	100	2.9e-13	9	97	4	96	0.88
0043669	98	3300012816.a:Ga0160495_100106_87	114	1.3e-19	10	92	11	94	0.8367346938775511
0043707	64	3300012816.a:Ga0160495_100106_9	418	6.4e-09	5	57	79	133	0.8125
0040586	141	3300012816.a:Ga0160495_100108_4	177	1.4e-25	5	138	23	154	0.9432624113475178
0040266	151	3300012816.a:Ga0160495_100108_98	267	2.3e-07	29	123	22	115	0.6225165562913907
0038753	71	3300012816.a:Ga0160495_100118_100	221	5.9e-10	2	64	145	203	0.8732394366197183
0043669	98	3300012816.a:Ga0160495_100118_35	235	4.9e-18	12	92	4	85	0.8163265306122449
0040517	144	3300012816.a:Ga0160495_100118_48	313	6.9e-07	49	110	21	78	0.4236111111111111
0043758	87	3300012816.a:Ga0160495_100118_72	254	6e-12	16	66	27	75	0.5747126436781609
0043707	64	3300012816.a:Ga0160495_100118_77	124	1.3e-13	3	62	14	74	0.921875
0045032	127	3300012816.a:Ga0160495_100119_12	150	5.3e-24	2	126	6	136	0.9763779527559056
0040266	151	3300012816.a:Ga0160495_100119_19	158	8.8e-16	23	140	7	126	0.7748344370860927
0040586	141	3300012816.a:Ga0160495_100119_50	190	3.1e-26	6	138	19	149	0.9361702127659575
0042546	127	3300012816.a:Ga0160495_100119_82	150	5.6e-24	1	122	1	125	0.952755905511811
0040517	144	3300012816.a:Ga0160495_100119_89	171	1.9e-20	5	135	20	151	0.9027777777777778
0035607	54	3300012816.a:Ga0160495_100122_90	340	3e-08	4	52	286	332	0.8888888888888888
0045032	127	3300012816.a:Ga0160495_100125_16	151	6.6e-28	1	126	5	138	0.984251968503937
0039384	65	3300012816.a:Ga0160495_100125_60	235	2e-05	11	54	17	58	0.6615384615384615
0041150	134	3300012816.a:Ga0160495_100126_108	141	3.5e-11	19	106	25	111	0.6492537313432836
0043758	87	3300012816.a:Ga0160495_100126_13	252	2.2e-12	2	65	3	59	0.7241379310344828
0044258	100	3300012816.a:Ga0160495_100126_37	165	1.3e-13	4	93	11	99	0.89
0044258	100	3300012816.a:Ga0160495_100126_54	161	1.9e-09	10	77	3	70	0.67
0040517	144	3300012816.a:Ga0160495_100126_69	294	4.5e-07	44	113	17	82	0.4791666666666667
0043095	94	3300012816.a:Ga0160495_100126_80	114	1.8e-17	6	91	4	92	0.9042553191489362
0036286	54	3300012816.a:Ga0160495_100126_93	204	1.1e-10	3	53	88	138	0.9259259259259259
0035607	54	3300012816.a:Ga0160495_100126_93	204	5.5e-10	2	53	139	188	0.9444444444444444
0036286	54	3300012816.a:Ga0160495_100127_2	198	1.1e-09	4	53	92	141	0.9074074074074074
0035607	54	3300012816.a:Ga0160495_100127_2	198	5.3e-11	3	53	143	191	0.9259259259259259
0043758	87	3300012816.a:Ga0160495_100127_33	359	5.4e-19	1	83	17	98	0.9425287356321839
0043143	63	3300012816.a:Ga0160495_100127_38	77	1.6e-07	8	60	9	63	0.8253968253968254
0039384	65	3300012816.a:Ga0160495_100136_20	234	7.6e-10	8	63	33	88	0.8461538461538461
0037176	98	3300012816.a:Ga0160495_100136_53	178	2.1e-17	45	97	124	176	0.5306122448979592
0037767	80	3300012816.a:Ga0160495_100136_59	252	4.9e-08	10	72	18	71	0.775
0036955	59	3300012816.a:Ga0160495_100139_4	334	1.4e-14	4	59	9	64	0.9322033898305084
0043935	94	3300012816.a:Ga0160495_100139_50	109	4e-17	2	93	9	104	0.9680851063829787
0043707	64	3300012816.a:Ga0160495_100143_13	106	1.2e-15	3	61	10	69	0.90625
0040517	144	3300012816.a:Ga0160495_100143_73	164	4.7e-16	13	129	29	147	0.8055555555555556
0040517	144	3300012816.a:Ga0160495_100143_84	153	1.8e-15	27	117	3	93	0.625
0037176	98	3300012816.a:Ga0160495_100155_18	186	2.1e-12	43	94	130	181	0.5204081632653061
0040586	141	3300012816.a:Ga0160495_100161_36	161	4.6e-23	6	137	12	140	0.9290780141843972
0045032	127	3300012816.a:Ga0160495_100161_39	453	1.1e-08	20	110	256	334	0.7086614173228346
0039939	63	3300012816.a:Ga0160495_100161_49	185	4e-05	15	54	134	173	0.6190476190476191
0044258	100	3300012816.a:Ga0160495_100161_63	169	3.6e-15	5	95	54	150	0.9
0036286	54	3300012816.a:Ga0160495_100166_29	202	6.6e-13	3	53	84	134	0.9259259259259259
0035607	54	3300012816.a:Ga0160495_100166_29	202	4.8e-12	3	53	136	184	0.9259259259259259
0044258	100	3300012816.a:Ga0160495_100166_9	404	9.4e-06	12	68	26	82	0.56
0037176	98	3300012816.a:Ga0160495_100167_27	474	1.4e-20	1	97	347	466	0.9795918367346939
0037176	98	3300012816.a:Ga0160495_100167_29	463	2.5e-13	1	97	352	453	0.9795918367346939
0036286	54	3300012816.a:Ga0160495_100167_65	286	6.4e-12	4	53	174	223	0.9074074074074074
0035607	54	3300012816.a:Ga0160495_100167_65	286	5.5e-06	2	49	224	269	0.8703703703703703
0037176	98	3300012816.a:Ga0160495_100170_14	454	3.6e-07	1	98	356	439	0.9897959183673469
0041150	134	3300012816.a:Ga0160495_100170_26	134	1.1e-11	4	84	9	88	0.5970149253731343
0044258	100	3300012816.a:Ga0160495_100170_36	303	2.8e-06	27	93	13	75	0.66
0042546	127	3300012816.a:Ga0160495_100173_37	161	6.7e-25	1	113	12	122	0.8818897637795275
0037176	98	3300012816.a:Ga0160495_100173_47	312	2.4e-14	28	97	239	308	0.7040816326530612
0043669	98	3300012816.a:Ga0160495_100173_7	103	6.8e-22	14	94	2	82	0.8163265306122449
0035607	54	3300012816.a:Ga0160495_100188_38	321	1.6e-09	2	52	264	312	0.9259259259259259
0037176	98	3300012816.a:Ga0160495_100188_42	186	2.5e-14	49	97	137	185	0.4897959183673469
0039939	63	3300012816.a:Ga0160495_100188_46	158	2.1e-05	15	53	107	145	0.6031746031746031
0036286	54	3300012816.a:Ga0160495_100195_32	200	1.4e-13	5	53	74	122	0.8888888888888888
0035607	54	3300012816.a:Ga0160495_100195_32	200	5.1e-11	3	53	124	172	0.9259259259259259
0036955	59	3300012816.a:Ga0160495_100195_40	342	7.2e-19	3	58	4	59	0.9322033898305084
0043669	98	3300012816.a:Ga0160495_100199_32	108	9.5e-24	12	95	4	88	0.8469387755102041
0035607	54	3300012816.a:Ga0160495_100200_31	265	4.8e-09	5	54	159	208	0.9074074074074074
0035607	54	3300012816.a:Ga0160495_100200_31	265	1.1e-06	17	51	219	254	0.6296296296296297
0043707	64	3300012816.a:Ga0160495_100207_12	144	2.1e-16	2	61	16	76	0.921875
0043707	64	3300012816.a:Ga0160495_100207_18	129	1.8e-15	3	61	14	73	0.90625
0040266	151	3300012816.a:Ga0160495_100207_31	166	1.4e-18	24	142	5	125	0.7814569536423841
0040586	141	3300012816.a:Ga0160495_100214_53	153	3.3e-27	9	139	13	142	0.9219858156028369
0036955	59	3300012816.a:Ga0160495_100218_29	338	1.6e-12	4	48	7	51	0.7457627118644068
0045032	127	3300012816.a:Ga0160495_100218_32	155	4.8e-27	2	125	6	131	0.968503937007874
0041905	120	3300012816.a:Ga0160495_100218_4	121	1.2e-23	4	119	2	117	0.9583333333333334
0035607	54	3300012816.a:Ga0160495_100218_8	322	8.3e-09	3	50	270	315	0.8703703703703703
0042546	127	3300012816.a:Ga0160495_100221_1	129	2.1e-29	2	124	5	124	0.9606299212598425
0037767	80	3300012816.a:Ga0160495_100221_16	257	4.9e-14	2	78	163	231	0.95
0043758	87	3300012816.a:Ga0160495_100221_33	369	6.9e-06	30	72	315	356	0.4827586206896552
0040586	141	3300012816.a:Ga0160495_100221_40	154	2.2e-30	5	137	10	142	0.9361702127659575
0043669	98	3300012816.a:Ga0160495_100235_44	107	1.2e-21	13	91	3	84	0.7959183673469388
0040517	144	3300012816.a:Ga0160495_100239_18	160	1.4e-29	3	132	7	136	0.8958333333333334
0036286	54	3300012816.a:Ga0160495_100239_24	286	9.3e-08	3	50	166	213	0.8703703703703703
0035607	54	3300012816.a:Ga0160495_100239_24	286	1.3e-10	2	52	217	265	0.9259259259259259
0043669	98	3300012816.a:Ga0160495_100239_5	150	7e-05	12	70	90	145	0.5918367346938775
0038753	71	3300012816.a:Ga0160495_100239_9	253	4.4e-12	2	70	166	234	0.9577464788732394
0040517	144	3300012816.a:Ga0160495_100247_14	304	0.0001	45	109	21	81	0.4444444444444444
0043707	64	3300012816.a:Ga0160495_100247_37	131	1.5e-16	3	61	9	68	0.90625
0036955	59	3300012816.a:Ga0160495_100252_12	355	1.2e-18	3	58	4	59	0.9322033898305084
0043707	64	3300012816.a:Ga0160495_100252_27	136	3.8e-16	2	62	16	77	0.9375
0039384	65	3300012816.a:Ga0160495_100252_31	255	1.7e-05	10	53	18	61	0.6615384615384615
0040586	141	3300012816.a:Ga0160495_100265_18	304	3.5e-05	57	130	28	97	0.5177304964539007
0037767	80	3300012816.a:Ga0160495_100265_31	252	3.9e-06	8	74	51	107	0.825
0043707	64	3300012816.a:Ga0160495_100265_36	126	3.3e-16	3	61	13	72	0.90625
0040517	144	3300012816.a:Ga0160495_100273_16	156	4.5e-32	1	136	19	150	0.9375
0043935	94	3300012816.a:Ga0160495_100273_8	110	1.1e-13	10	90	20	106	0.851063829787234
0036955	59	3300012816.a:Ga0160495_100294_5	202	8.1e-05	2	41	36	75	0.6610169491525424
0044258	100	3300012816.a:Ga0160495_100318_4	319	8e-14	7	95	26	113	0.88
0040586	141	3300012816.a:Ga0160495_100318_4	319	1e-11	39	131	196	288	0.6524822695035462
0042628	48	3300012816.a:Ga0160495_100323_16	84	1.8e-05	1	42	1	42	0.8541666666666666
0037767	80	3300012816.a:Ga0160495_100328_2	247	5.4e-10	16	71	36	82	0.6875
0040517	144	3300012816.a:Ga0160495_100328_24	156	3.3e-19	26	121	3	117	0.6597222222222222
0040517	144	3300012816.a:Ga0160495_100407_16	163	1.4e-23	24	136	43	155	0.7777777777777778
0042546	127	3300012816.a:Ga0160495_100407_8	144	7.5e-16	2	68	10	77	0.5196850393700787
0040517	144	3300012816.a:Ga0160495_100515_10	299	1.1e-05	28	112	4	82	0.5833333333333334
0036286	54	3300012816.a:Ga0160495_100515_2	292	2.1e-11	2	52	21	71	0.9259259259259259
0040586	141	3300012816.a:Ga0160495_100515_6	171	3e-30	8	137	33	163	0.9148936170212766
0043935	94	3300012816.a:Ga0160495_100515_8	166	8.9e-17	2	88	18	108	0.9148936170212766
0043707	64	3300012816.a:Ga0160495_100541_2	467	3.7e-10	2	60	6	65	0.90625
0040266	151	3300012816.a:Ga0160495_100541_6	190	3.3e-22	6	118	13	127	0.7417218543046358
0044258	100	3300012816.a:Ga0160495_100677_10	105	1.3e-16	4	96	5	98	0.92
0045032	127	3300012816.a:Ga0160495_102097_1	143	2.3e-31	2	126	5	133	0.9763779527559056
