3300007853.a:Ga0114093_100022_7	gnl|TC-DB|Q9KAX3|2.A.66.1.32	33.8	444	294	0	8	451	7	450	7.6e-72	267.7
3300007853.a:Ga0114093_100022_14	gnl|TC-DB|Q5LCC7|2.A.81.1.2	46.1	545	277	5	17	551	22	559	7.6e-135	477.2
3300007853.a:Ga0114093_100022_17	gnl|TC-DB|M7AKZ4|2.A.58.2.2	29.9	598	342	11	9	597	7	536	2.8e-58	223.0
3300007853.a:Ga0114093_100022_56	gnl|TC-DB|P07373|2.A.103.1.3	28.1	370	240	9	17	380	15	364	1.0e-27	120.9
3300007853.a:Ga0114093_100022_58	gnl|TC-DB|P0A6W3|9.B.146.1.6	36.8	419	206	6	1	419	1	360	4.6e-68	255.0
3300007853.a:Ga0114093_100022_74	gnl|TC-DB|Q9ZNF9|1.B.44.1.1	41.5	246	137	4	1	241	1	244	1.7e-51	199.1
3300007853.a:Ga0114093_100022_76	gnl|TC-DB|Q45780|1.B.14.6.1	27.6	1072	641	30	35	1045	41	1038	2.6e-99	360.1
3300007853.a:Ga0114093_100022_77	gnl|TC-DB|Q5LEN2|8.A.46.1.4	26.3	539	297	20	9	475	4	514	9.1e-28	121.3
3300007853.a:Ga0114093_100022_91	gnl|TC-DB|D9RR74|1.B.57.4.6	56.6	401	157	6	1	398	2	388	2.4e-122	435.3
3300007853.a:Ga0114093_100022_95	gnl|TC-DB|Q9ZKE4|3.A.11.3.1	32.7	517	324	11	276	791	102	595	6.5e-74	275.4
3300007853.a:Ga0114093_100022_129	gnl|TC-DB|Q9K1H0|1.B.33.1.1	26.0	813	446	32	57	830	23	718	8.4e-43	172.2
3300007853.a:Ga0114093_100022_142	gnl|TC-DB|Q45780|1.B.14.6.1	29.2	1054	657	29	9	1025	37	1038	2.9e-103	373.2
3300007853.a:Ga0114093_100022_143	gnl|TC-DB|C6Y217|8.A.46.1.3	31.4	687	281	22	1	581	1	603	1.5e-72	270.4
3300007853.a:Ga0114093_100022_162	gnl|TC-DB|F9YSZ3|1.B.14.6.10	25.5	868	582	25	22	862	6	835	1.1e-63	241.5
3300007853.a:Ga0114093_100022_173	gnl|TC-DB|Q9ZK21|1.C.82.1.1	47.0	230	122	0	3	232	4	233	2.0e-57	218.8
3300007853.a:Ga0114093_100022_180	gnl|TC-DB|Q553K4|2.A.55.2.10	38.0	411	247	6	12	416	142	550	1.0e-59	227.3
3300007853.a:Ga0114093_100022_181	gnl|TC-DB|O07084|2.A.4.1.3	36.1	263	163	2	31	288	24	286	2.4e-42	169.1
3300007853.a:Ga0114093_100022_188	gnl|TC-DB|O05703|3.A.1.15.3	24.8	270	190	6	15	274	12	278	1.8e-23	106.3
3300007853.a:Ga0114093_100022_189	gnl|TC-DB|O34946|3.A.1.15.11	35.2	210	133	2	9	215	4	213	1.1e-36	149.8
3300007853.a:Ga0114093_100022_190	gnl|TC-DB|Q8VRK4|3.A.11.1.3	34.1	276	168	6	90	365	70	331	4.0e-31	132.1
3300007853.a:Ga0114093_100022_196	gnl|TC-DB|P31552|4.C.1.1.6	27.0	508	339	9	33	535	37	517	1.6e-47	187.2
3300007853.a:Ga0114093_100022_205	gnl|TC-DB|Q45780|1.B.14.6.1	24.4	1087	615	39	2	975	46	1038	2.7e-58	223.8
3300007853.a:Ga0114093_100022_220	gnl|TC-DB|Q9XIA9|4.C.1.1.14	26.9	631	403	17	8	602	49	657	5.3e-57	218.8
3300007853.a:Ga0114093_100022_228	gnl|TC-DB|P0A2L3|9.A.40.1.2	39.4	236	135	3	201	433	51	281	1.0e-41	167.5
3300007853.a:Ga0114093_100022_236	gnl|TC-DB|P77757|4.D.2.1.8	32.1	318	200	6	3	316	10	315	6.9e-40	161.0
3300007853.a:Ga0114093_100310_4	gnl|TC-DB|G2PKA2|8.A.46.2.4	23.4	508	290	19	44	527	83	515	1.4e-13	74.7
3300007853.a:Ga0114093_100310_5	gnl|TC-DB|Q93TH9|1.B.14.6.2	28.5	1150	717	29	42	1124	14	1125	4.1e-111	399.4
3300007853.a:Ga0114093_100310_12	gnl|TC-DB|Q45780|1.B.14.6.1	26.0	874	521	28	1	854	20	787	8.5e-61	232.3
3300007853.a:Ga0114093_100310_21	gnl|TC-DB|Q5EP68|3.A.7.11.1	30.8	172	109	4	4	166	6	176	9.2e-11	63.9
3300007853.a:Ga0114093_100310_33	gnl|TC-DB|Q45780|1.B.14.6.1	27.2	1123	672	27	3	1080	17	1038	1.5e-102	370.9
3300007853.a:Ga0114093_100310_34	gnl|TC-DB|C6Y217|8.A.46.1.3	27.6	370	225	12	1	361	1	336	1.1e-25	114.8
3300007853.a:Ga0114093_100310_38	gnl|TC-DB|A0L4L0|3.A.1.132.3	41.5	284	150	6	78	360	70	338	5.1e-50	194.9
3300007853.a:Ga0114093_100004_9	gnl|TC-DB|Q0VQY7|2.A.6.2.46	33.0	454	294	5	19	463	16	468	1.9e-57	219.9
3300007853.a:Ga0114093_100004_10	gnl|TC-DB|Q8RTE4|2.A.6.2.22	39.7	1038	617	8	1	1033	1	1034	8.4e-212	733.8
3300007853.a:Ga0114093_100004_11	gnl|TC-DB|Q8Y3G9|2.A.6.2.45	33.6	324	213	2	63	385	55	377	1.9e-47	186.4
3300007853.a:Ga0114093_100004_14	gnl|TC-DB|O58953|3.A.1.128.6	27.7	238	138	6	1	228	1	214	1.1e-16	83.6
3300007853.a:Ga0114093_100004_31	gnl|TC-DB|Q8F192|1.A.30.2.9	32.6	187	124	2	33	218	67	252	2.3e-16	82.4
3300007853.a:Ga0114093_100004_34	gnl|TC-DB|Q5E733|2.A.21.3.7	25.9	428	301	9	3	421	7	427	1.6e-24	110.5
3300007853.a:Ga0114093_100004_37	gnl|TC-DB|P0A9T8|3.A.1.122.15	28.9	190	132	1	29	215	30	219	5.0e-18	87.8
3300007853.a:Ga0114093_100004_44	gnl|TC-DB|Q8PW04|2.A.88.8.4	27.9	190	134	1	15	201	4	193	1.5e-12	69.7
3300007853.a:Ga0114093_100004_48	gnl|TC-DB|D5ERW9|9.B.186.1.3	58.9	224	87	3	1	223	1	220	1.4e-34	142.9
3300007853.a:Ga0114093_100004_59	gnl|TC-DB|Q9JZN9|1.B.14.2.9	22.6	776	485	27	1	683	6	758	2.6e-23	107.1
3300007853.a:Ga0114093_100004_60	gnl|TC-DB|A9WCZ4|3.A.1.13.2	30.6	356	234	4	29	374	81	433	3.9e-50	195.3
3300007853.a:Ga0114093_100004_61	gnl|TC-DB|A9WCZ6|3.A.1.13.2	39.2	324	196	1	13	335	32	355	2.8e-55	212.2
3300007853.a:Ga0114093_100004_62	gnl|TC-DB|A9WCZ7|3.A.1.13.2	42.0	288	165	2	6	292	5	291	3.2e-59	225.3
3300007853.a:Ga0114093_100004_68	gnl|TC-DB|Q15HU6|3.A.7.14.2	40.8	130	69	2	54	175	67	196	1.0e-16	84.0
3300007853.a:Ga0114093_100004_74	gnl|TC-DB|Q8A1G2|8.A.46.1.1	34.5	583	295	16	3	534	4	550	1.0e-80	297.4
3300007853.a:Ga0114093_100004_75	gnl|TC-DB|Q45780|1.B.14.6.1	46.0	1049	481	22	5	991	13	1038	1.8e-248	855.5
3300007853.a:Ga0114093_100004_76	gnl|TC-DB|Q6MDD6|3.A.7.16.1	24.7	364	221	15	47	388	338	670	6.0e-11	65.5
3300007853.a:Ga0114093_100004_83	gnl|TC-DB|A1VEP3|1.A.28.1.4	35.9	284	159	9	10	271	20	302	2.8e-32	135.6
3300007853.a:Ga0114093_100004_91	gnl|TC-DB|Q9HV74|2.A.21.9.1	24.5	257	179	7	672	921	726	974	9.2e-12	69.3
3300007853.a:Ga0114093_100004_119	gnl|TC-DB|S0F499|2.A.124.1.2	41.3	196	112	3	1	195	108	301	1.2e-34	142.9
3300007853.a:Ga0114093_100004_124	gnl|TC-DB|D5ERW9|9.B.186.1.3	52.5	139	65	1	96	233	82	220	3.5e-33	138.3
3300007853.a:Ga0114093_100004_126	gnl|TC-DB|E4T302|1.B.73.2.2	32.8	485	295	11	8	485	8	468	1.4e-63	240.4
3300007853.a:Ga0114093_100004_134	gnl|TC-DB|A5FN22|8.A.3.3.4	30.1	542	358	9	234	763	247	779	7.8e-61	231.9
3300007853.a:Ga0114093_100004_135	gnl|TC-DB|A5FN23|1.B.18.3.3	31.8	261	168	5	2	258	3	257	8.7e-28	120.6
3300007853.a:Ga0114093_100004_143	gnl|TC-DB|P47154|9.B.1.1.3	34.9	427	251	6	8	407	18	444	1.0e-59	227.3
3300007853.a:Ga0114093_100004_148	gnl|TC-DB|P10121|3.A.5.1.1	49.7	314	147	3	5	318	194	496	2.9e-78	288.5
3300007853.a:Ga0114093_100004_155	gnl|TC-DB|Q8EHX2|2.A.35.1.5	41.7	439	235	6	13	432	6	442	3.9e-86	315.1
3300007853.a:Ga0114093_100004_161	gnl|TC-DB|Q56725|2.A.33.1.2	38.1	441	210	5	8	447	5	383	8.2e-71	264.2
3300007853.a:Ga0114093_100004_167	gnl|TC-DB|P69451|4.C.1.1.4	27.1	451	273	11	45	472	65	482	4.4e-34	142.5
3300007853.a:Ga0114093_100004_179	gnl|TC-DB|T2K7C6|3.D.7.2.3	52.7	366	172	1	4	368	5	370	1.9e-116	415.6
3300007853.a:Ga0114093_100004_180	gnl|TC-DB|T2K7N8|3.D.7.2.3	55.1	574	244	6	4	563	18	591	1.5e-189	659.1
3300007853.a:Ga0114093_100004_183	gnl|TC-DB|P37597|2.A.1.2.62	29.2	243	166	2	11	253	8	244	1.7e-25	113.6
3300007853.a:Ga0114093_100004_189	gnl|TC-DB|Q4VWD0|3.A.1.105.4	25.8	298	191	8	21	292	28	321	3.9e-16	82.0
3300007853.a:Ga0114093_100004_190	gnl|TC-DB|P0A9U1|3.A.1.105.15	38.7	225	130	2	13	235	330	548	3.8e-46	181.8
3300007853.a:Ga0114093_100004_191	gnl|TC-DB|P0A9U1|3.A.1.105.15	48.5	241	119	1	3	238	327	567	3.7e-65	244.6
3300007853.a:Ga0114093_100004_192	gnl|TC-DB|C6EIY9|3.A.1.105.15	29.6	371	255	4	2	368	9	377	2.3e-34	142.9
3300007853.a:Ga0114093_100004_196	gnl|TC-DB|Q1LCD7|2.A.6.1.6	23.1	238	173	3	52	281	75	310	8.8e-15	77.8
3300007853.a:Ga0114093_100004_197	gnl|TC-DB|Q1LCE8|2.A.6.1.17	41.1	1043	588	11	7	1027	4	1042	2.4e-214	742.3
3300007853.a:Ga0114093_100004_218	gnl|TC-DB|Q57079|3.B.1.1.2	59.0	503	204	1	8	510	9	509	7.2e-172	600.1
3300007853.a:Ga0114093_100004_237	gnl|TC-DB|H9UM46|3.A.1.139.3	33.2	235	153	2	12	244	9	241	2.3e-25	112.5
3300007853.a:Ga0114093_100004_238	gnl|TC-DB|P60752|3.A.1.106.1	33.6	211	131	4	2	204	342	551	3.1e-20	95.1
3300007853.a:Ga0114093_100004_240	gnl|TC-DB|Q6VV67|2.A.6.2.23	30.2	430	251	6	44	444	65	474	1.3e-39	160.6
3300007853.a:Ga0114093_100004_241	gnl|TC-DB|Q8RTE4|2.A.6.2.22	38.1	1041	626	8	6	1039	6	1035	9.8e-200	693.7
3300007853.a:Ga0114093_100004_242	gnl|TC-DB|P37636|8.A.1.6.3	30.7	374	247	8	4	368	7	377	2.6e-30	129.4
3300007853.a:Ga0114093_100004_250	gnl|TC-DB|Q64QT4|9.B.171.1.2	40.1	167	88	3	112	278	26	180	3.2e-25	112.1
3300007853.a:Ga0114093_100004_262	gnl|TC-DB|Q9I0Y8|2.A.6.2.16	44.4	1057	572	4	3	1044	4	1059	5.9e-237	817.4
3300007853.a:Ga0114093_100004_263	gnl|TC-DB|Q9HY86|2.A.6.2.34	32.2	367	241	5	9	374	8	367	1.4e-44	176.8
3300007853.a:Ga0114093_100004_264	gnl|TC-DB|Q51487|2.A.6.2.21	27.0	415	293	5	1	413	1	407	1.6e-32	137.1
3300007853.a:Ga0114093_100004_268	gnl|TC-DB|I3YSC9|1.A.43.1.13	44.2	120	66	1	1	120	1	119	2.2e-21	98.2
3300007853.a:Ga0114093_100004_270	gnl|TC-DB|F2KQZ0|4.D.2.1.6	26.8	205	137	6	11	210	9	205	3.3e-16	82.0
3300007853.a:Ga0114093_100004_278	gnl|TC-DB|P16676|3.A.1.6.1	36.4	206	116	4	267	457	3	208	2.0e-32	136.7
3300007853.a:Ga0114093_100004_281	gnl|TC-DB|Q5LCC7|2.A.81.1.2	49.9	547	265	5	14	557	19	559	4.2e-141	498.0
3300007853.a:Ga0114093_100004_286	gnl|TC-DB|Q84BQ3|3.A.1.122.12	42.0	367	181	8	20	370	1	351	3.1e-16	82.8
3300007853.a:Ga0114093_100004_287	gnl|TC-DB|O31711|3.A.1.122.2	50.2	223	110	1	4	226	1	222	1.4e-59	226.1
3300007853.a:Ga0114093_100004_288	gnl|TC-DB|P75831|3.A.1.122.1	37.2	401	241	6	7	406	258	648	2.6e-63	239.2
3300007853.a:Ga0114093_100004_289	gnl|TC-DB|Q81JL2|9.B.33.1.1	28.1	210	135	5	164	359	374	581	1.6e-16	83.6
3300007853.a:Ga0114093_100004_293	gnl|TC-DB|Q7VHG9|9.B.14.3.1	35.4	932	554	14	15	904	7	932	1.2e-156	550.4
3300007853.a:Ga0114093_100004_303	gnl|TC-DB|Q8AA74|9.B.168.1.2	35.9	326	194	8	160	476	164	483	1.9e-54	209.9
3300007853.a:Ga0114093_100004_305	gnl|TC-DB|P25714|2.A.9.3.1	23.7	532	341	18	90	596	55	546	1.0e-26	118.2
3300007853.a:Ga0114093_100004_328	gnl|TC-DB|Q64X46|2.A.7.34.3	81.1	122	23	0	1	122	1	122	2.9e-55	210.7
3300007853.a:Ga0114093_100004_331	gnl|TC-DB|P37636|8.A.1.6.3	26.2	382	269	7	4	376	5	382	2.5e-28	122.9
3300007853.a:Ga0114093_100004_332	gnl|TC-DB|Q8RTE4|2.A.6.2.22	38.9	1045	617	10	6	1042	6	1037	2.7e-202	702.2
3300007853.a:Ga0114093_100004_333	gnl|TC-DB|Q24LT6|2.A.6.2.29	26.2	466	318	8	3	454	10	463	6.0e-37	151.8
3300007853.a:Ga0114093_100004_335	gnl|TC-DB|Q9RQ30|8.A.1.1.2	31.3	307	195	5	40	343	61	354	1.3e-23	107.1
3300007853.a:Ga0114093_100004_356	gnl|TC-DB|Q0PBV6|9.A.40.2.2	27.3	429	289	10	3	415	22	443	1.9e-37	153.3
3300007853.a:Ga0114093_100004_372	gnl|TC-DB|P0ABG7|2.A.103.1.2	43.7	190	98	2	274	462	165	346	1.2e-35	147.5
3300007853.a:Ga0114093_100004_376	gnl|TC-DB|Q01465|9.B.157.1.1	47.9	328	168	2	8	334	7	332	3.6e-79	291.6
3300007853.a:Ga0114093_100004_383	gnl|TC-DB|Q83XH1|3.A.1.121.4	53.7	533	247	0	1	533	1	533	5.4e-178	620.5
3300007853.a:Ga0114093_100004_409	gnl|TC-DB|P0A9V1|1.B.42.1.2	50.6	239	117	1	26	263	1	239	8.2e-66	246.9
3300007853.a:Ga0114093_100004_411	gnl|TC-DB|A4PCH7|3.A.1.27.1	28.9	239	165	3	3	240	69	303	3.4e-18	88.6
3300007853.a:Ga0114093_100004_412	gnl|TC-DB|P63357|3.A.1.27.5	38.6	236	145	0	2	237	28	263	6.3e-47	184.1
3300007853.a:Ga0114093_100004_415	gnl|TC-DB|Q07YH1|2.A.1.14.25	30.6	412	250	7	10	420	7	383	7.2e-49	191.4
3300007853.a:Ga0114093_100004_418	gnl|TC-DB|P75905|4.D.1.1.3	35.2	91	58	1	4	93	75	165	8.9e-11	64.3
3300007853.a:Ga0114093_100004_420	gnl|TC-DB|Q57286|3.B.1.1.2	54.5	374	160	3	13	386	8	371	5.7e-105	377.5
3300007853.a:Ga0114093_100004_423	gnl|TC-DB|Q57079|3.B.1.1.2	60.3	517	197	2	1	517	1	509	7.0e-175	610.1
3300007853.a:Ga0114093_100004_425	gnl|TC-DB|P0A6Y8|1.A.33.1.2	57.0	642	263	3	1	636	1	635	5.5e-198	687.2
3300007853.a:Ga0114093_100004_432	gnl|TC-DB|Q8A8X1|1.B.14.6.13	21.4	856	542	29	123	915	22	809	1.2e-21	102.1
3300007853.a:Ga0114093_100004_440	gnl|TC-DB|G2PKA2|8.A.46.2.4	24.9	418	255	19	114	500	126	515	8.6e-13	72.0
3300007853.a:Ga0114093_100004_441	gnl|TC-DB|Q93TH9|1.B.14.6.2	30.4	1171	669	35	25	1109	15	1125	1.3e-117	421.0
3300007853.a:Ga0114093_100261_27	gnl|TC-DB|P76007|2.A.36.6.11	41.2	473	264	6	7	475	8	470	1.0e-85	313.9
3300007853.a:Ga0114093_100261_39	gnl|TC-DB|Q83XH1|3.A.1.121.4	31.2	542	364	3	1	541	1	534	7.1e-77	284.6
3300007853.a:Ga0114093_100261_42	gnl|TC-DB|F3LB58|2.A.98.1.4	32.8	317	183	6	21	310	23	336	1.2e-33	140.2
3300007853.a:Ga0114093_100261_50	gnl|TC-DB|A5FN22|8.A.3.3.4	27.9	782	528	13	1	755	2	774	4.1e-81	299.3
3300007853.a:Ga0114093_100261_51	gnl|TC-DB|A5FN23|1.B.18.3.3	32.3	232	147	4	6	234	8	232	1.3e-26	116.7
3300007853.a:Ga0114093_100261_52	gnl|TC-DB|M5U088|1.B.70.1.9	26.1	348	238	9	128	469	197	531	8.0e-24	108.2
3300007853.a:Ga0114093_100261_54	gnl|TC-DB|Q8VYR9|2.A.37.1.8	28.5	417	290	4	7	417	154	568	8.3e-36	148.7
3300007853.a:Ga0114093_100261_61	gnl|TC-DB|P80874|8.A.5.1.4	37.3	327	187	4	1	325	1	311	4.4e-58	221.5
3300007853.a:Ga0114093_100261_63	gnl|TC-DB|F9YSZ3|1.B.14.6.10	24.2	869	585	23	9	844	4	831	2.9e-61	233.4
3300007853.a:Ga0114093_100226_8	gnl|TC-DB|Q88RT6|2.A.6.1.5	32.8	1058	668	13	1	1028	1	1045	5.1e-169	591.7
3300007853.a:Ga0114093_100226_9	gnl|TC-DB|Q44585|2.A.6.1.12	23.6	331	228	9	55	372	72	390	1.9e-12	70.1
3300007853.a:Ga0114093_100226_24	gnl|TC-DB|Q89ZY3|2.A.7.3.57	64.7	300	105	1	1	300	1	299	7.6e-105	376.7
3300007853.a:Ga0114093_100226_26	gnl|TC-DB|Q0PBV6|9.A.40.2.2	26.4	436	301	5	3	427	26	452	1.9e-40	163.3
3300007853.a:Ga0114093_100226_37	gnl|TC-DB|B3EE21|2.A.37.2.5	41.7	676	385	4	8	676	9	682	4.3e-140	495.0
3300007853.a:Ga0114093_100226_40	gnl|TC-DB|C8U8G2|2.A.3.7.3	30.0	473	318	7	5	471	8	473	2.7e-54	209.5
3300007853.a:Ga0114093_100380_10	gnl|TC-DB|Q45780|1.B.14.6.1	25.0	1126	676	38	2	1055	10	1038	1.0e-71	268.5
3300007853.a:Ga0114093_100380_18	gnl|TC-DB|P42332|3.A.1.131.1	32.6	236	154	3	1	232	1	235	5.6e-28	121.3
3300007853.a:Ga0114093_100380_35	gnl|TC-DB|Q1DFM0|1.B.14.12.3	28.3	934	597	25	30	941	190	1072	1.0e-83	308.1
3300007853.a:Ga0114093_100380_38	gnl|TC-DB|L7WEB0|9.B.172.1.1	30.4	312	188	10	19	315	7	304	1.5e-24	110.2
3300007853.a:Ga0114093_100380_39	gnl|TC-DB|Q5EGM5|9.A.25.1.1	37.5	467	266	8	3	461	7	455	1.8e-81	299.7
3300007853.a:Ga0114093_100380_41	gnl|TC-DB|Q5EGM3|9.A.25.1.1	25.3	415	285	10	8	407	6	410	4.0e-29	125.9
3300007853.a:Ga0114093_100380_43	gnl|TC-DB|P24520|4.B.1.1.1	21.4	206	141	2	1	187	22	225	3.7e-12	68.2
3300007853.a:Ga0114093_100014_11	gnl|TC-DB|P0A5Z2|3.A.5.2.2	40.5	435	233	7	15	429	13	441	1.5e-85	313.2
3300007853.a:Ga0114093_100014_39	gnl|TC-DB|P36837|2.A.17.1.3	24.3	544	311	14	4	518	11	482	3.8e-27	119.4
3300007853.a:Ga0114093_100014_44	gnl|TC-DB|B3EE21|2.A.37.2.5	43.7	725	387	6	10	718	11	730	7.5e-159	557.4
3300007853.a:Ga0114093_100014_51	gnl|TC-DB|Q58206|3.A.1.122.14	47.2	229	111	4	1	220	1	228	1.8e-50	195.7
3300007853.a:Ga0114093_100014_61	gnl|TC-DB|C6Y217|8.A.46.1.3	25.9	429	262	12	6	399	7	414	4.8e-21	99.0
3300007853.a:Ga0114093_100014_62	gnl|TC-DB|Q45780|1.B.14.6.1	29.2	1074	656	29	1	1025	20	1038	4.0e-105	379.4
3300007853.a:Ga0114093_100014_64	gnl|TC-DB|A7LYG9|2.A.1.33.2	67.2	415	136	0	4	418	3	417	2.0e-151	531.9
3300007853.a:Ga0114093_100014_70	gnl|TC-DB|Q46G03|9.B.104.1.2	31.4	153	98	3	62	212	46	193	1.2e-14	77.0
3300007853.a:Ga0114093_100014_72	gnl|TC-DB|O35002|9.B.174.1.1	35.8	335	203	7	15	342	37	366	7.2e-50	194.9
3300007853.a:Ga0114093_100014_82	gnl|TC-DB|Q5SKE6|2.A.6.4.3	31.6	617	384	10	381	993	150	732	2.5e-75	280.4
3300007853.a:Ga0114093_100014_85	gnl|TC-DB|Q9S3R8|1.B.6.1.6	27.1	414	209	12	25	412	34	380	1.1e-32	137.5
3300007853.a:Ga0114093_100014_91	gnl|TC-DB|Q8KAA1|3.D.10.1.5	69.0	242	75	0	8	249	4	245	1.6e-100	362.1
3300007853.a:Ga0114093_100014_92	gnl|TC-DB|Q8KAA0|3.D.10.1.5	68.7	646	202	0	1	646	1	646	1.0e-271	932.2
3300007853.a:Ga0114093_100014_93	gnl|TC-DB|Q8F4Z0|3.D.10.1.2	28.6	220	146	4	6	219	10	224	2.9e-13	72.0
3300007853.a:Ga0114093_100014_98	gnl|TC-DB|A1JRS3|2.A.53.3.9	32.5	520	312	7	53	551	59	560	8.7e-62	234.6
3300007853.a:Ga0114093_100014_103	gnl|TC-DB|I6ZUE8|9.B.156.3.1	44.4	381	205	3	33	409	144	521	1.5e-82	303.1
3300007853.a:Ga0114093_100014_105	gnl|TC-DB|D8RWR9|1.C.39.4.5	32.7	159	87	2	47	204	462	601	2.8e-16	83.6
3300007853.a:Ga0114093_100014_113	gnl|TC-DB|Q9Z375|3.A.1.21.1	34.7	527	325	5	60	575	69	587	1.2e-77	287.3
3300007853.a:Ga0114093_100014_115	gnl|TC-DB|Q9R7V3|3.A.1.21.1	35.2	522	324	5	78	595	74	585	4.8e-82	302.0
3300007853.a:Ga0114093_100014_121	gnl|TC-DB|P0AAT4|1.A.23.4.5	39.7	350	204	3	73	419	60	405	2.9e-65	245.7
3300007853.a:Ga0114093_100014_134	gnl|TC-DB|O35002|9.B.174.1.1	31.1	302	202	4	56	354	66	364	7.2e-40	161.8
3300007853.a:Ga0114093_100014_140	gnl|TC-DB|A5ZGZ4|1.B.14.6.5	55.4	798	349	5	1	797	1	792	9.9e-261	896.0
3300007853.a:Ga0114093_100014_147	gnl|TC-DB|Q45780|1.B.14.6.1	24.2	1155	669	33	2	1091	22	1035	2.2e-69	260.8
3300007853.a:Ga0114093_100014_153	gnl|TC-DB|P94357|2.A.115.1.2	29.9	271	186	2	14	284	7	273	1.8e-31	132.9
3300007853.a:Ga0114093_100014_168	gnl|TC-DB|F9VN10|3.D.10.1.4	33.0	543	321	17	5	522	6	530	1.0e-64	244.2
3300007853.a:Ga0114093_100014_178	gnl|TC-DB|C2UR80|2.A.1.46.5	30.5	380	257	5	3	382	16	388	1.5e-52	203.4
3300007853.a:Ga0114093_100014_191	gnl|TC-DB|P31466|2.A.40.7.6	41.4	430	248	3	3	431	14	440	3.2e-88	322.0
3300007853.a:Ga0114093_100014_205	gnl|TC-DB|B0RRI5|2.A.66.2.23	28.9	391	274	2	40	428	45	433	1.5e-33	140.6
3300007853.a:Ga0114093_100014_218	gnl|TC-DB|P38919|3.A.18.1.1	32.3	375	251	3	3	376	39	411	5.1e-60	228.8
3300007853.a:Ga0114093_100014_227	gnl|TC-DB|Q8L158|3.A.3.6.5	51.8	616	286	4	28	640	53	660	3.2e-177	618.2
3300007853.a:Ga0114093_100014_236	gnl|TC-DB|L1NJ33|9.B.144.1.4	45.0	833	422	9	7	810	5	830	1.2e-197	686.4
3300007853.a:Ga0114093_100014_256	gnl|TC-DB|P11943|3.D.1.6.2	46.6	73	36	2	3	73	56	127	8.3e-11	62.4
3300007853.a:Ga0114093_100014_265	gnl|TC-DB|A6DJZ4|9.B.145.1.2	29.3	222	154	2	24	245	318	536	1.5e-16	84.0
3300007853.a:Ga0114093_100014_270	gnl|TC-DB|Q55487|4.D.2.1.9	37.7	122	71	3	8	128	5	122	4.1e-13	71.6
3300007853.a:Ga0114093_100002_5	gnl|TC-DB|Q9S3R8|1.B.6.1.6	33.8	396	224	11	12	392	7	379	5.4e-50	194.9
3300007853.a:Ga0114093_100002_17	gnl|TC-DB|Q55487|4.D.2.1.9	40.4	312	172	6	3	310	5	306	4.4e-55	211.5
3300007853.a:Ga0114093_100002_18	gnl|TC-DB|P0AFU2|2.A.47.4.8	37.7	618	367	8	5	620	9	610	2.9e-103	372.5
3300007853.a:Ga0114093_100002_19	gnl|TC-DB|P0AGF4|2.A.1.1.3	48.9	495	216	8	6	481	3	479	6.0e-120	427.6
3300007853.a:Ga0114093_100002_26	gnl|TC-DB|Q73LW9|2.A.51.1.6	30.9	194	111	4	1	180	1	185	1.2e-17	86.3
3300007853.a:Ga0114093_100002_27	gnl|TC-DB|P14285|2.A.51.1.3	29.9	177	119	3	2	177	28	200	2.4e-16	82.0
3300007853.a:Ga0114093_100002_44	gnl|TC-DB|O35002|9.B.174.1.1	35.4	322	198	4	42	360	53	367	3.3e-50	196.1
3300007853.a:Ga0114093_100002_72	gnl|TC-DB|Q8XME6|2.A.114.1.4	50.5	471	211	6	1	469	1	451	4.0e-124	441.4
3300007853.a:Ga0114093_100002_78	gnl|TC-DB|763427793|2.A.6.3.11	23.2	1101	698	32	30	1071	12	1023	1.9e-36	151.4
3300007853.a:Ga0114093_100002_80	gnl|TC-DB|763427793|2.A.6.3.11	24.0	1051	739	14	1	1018	2	1025	2.5e-75	280.4
3300007853.a:Ga0114093_100002_90	gnl|TC-DB|O58953|3.A.1.128.6	30.0	213	146	1	11	220	9	221	1.1e-31	133.7
3300007853.a:Ga0114093_100002_97	gnl|TC-DB|P62723|2.A.98.1.3	42.6	329	178	3	25	352	19	337	1.4e-65	246.5
3300007853.a:Ga0114093_100002_102	gnl|TC-DB|Q5EAK4|2.A.16.2.2	25.9	343	219	11	25	342	1378	1710	1.3e-20	98.2
3300007853.a:Ga0114093_100002_126	gnl|TC-DB|B8CYZ1|1.B.42.1.13	24.9	354	252	7	5	350	10	357	2.6e-19	92.8
3300007853.a:Ga0114093_100002_129	gnl|TC-DB|Q9FI56|3.A.9.1.2	43.5	867	424	7	3	859	95	905	5.0e-194	674.5
3300007853.a:Ga0114093_100002_137	gnl|TC-DB|P23910|2.A.1.2.14	48.3	373	189	2	1	372	1	370	2.0e-97	352.4
3300007853.a:Ga0114093_100002_154	gnl|TC-DB|Q83XH1|3.A.1.121.4	29.8	553	373	4	1	546	1	545	4.4e-73	272.3
3300007853.a:Ga0114093_100002_162	gnl|TC-DB|H6L5X3|1.B.14.6.12	30.4	813	475	17	81	859	20	775	2.0e-102	370.2
3300007853.a:Ga0114093_100002_178	gnl|TC-DB|Q8EEC4|2.A.2.6.3	46.8	502	191	3	4	436	27	521	3.9e-126	448.0
3300007853.a:Ga0114093_100002_192	gnl|TC-DB|Q7WZ38|2.A.66.1.37	29.2	418	289	1	17	434	14	424	1.0e-49	194.1
3300007853.a:Ga0114093_100002_199	gnl|TC-DB|Q8TZX5|2.A.66.1.45	25.3	455	307	8	33	469	11	450	9.4e-25	111.3
3300007853.a:Ga0114093_100002_223	gnl|TC-DB|E4TA89|9.B.168.1.1	35.7	294	173	5	3	291	1	283	2.5e-44	175.6
3300007853.a:Ga0114093_100002_225	gnl|TC-DB|C7N858|2.A.115.2.14	34.4	189	120	2	5	193	223	407	8.2e-26	113.6
3300007853.a:Ga0114093_100002_241	gnl|TC-DB|O67997|1.A.11.1.4	42.9	408	212	6	6	400	36	435	3.9e-83	305.1
3300007853.a:Ga0114093_100002_259	gnl|TC-DB|K9YXY1|8.A.3.1.2	24.7	594	380	15	224	771	130	702	2.4e-33	140.6
3300007853.a:Ga0114093_100002_265	gnl|TC-DB|Q8KUK6|2.A.66.2.16	27.9	480	320	8	1	466	1	468	1.3e-37	154.1
3300007853.a:Ga0114093_100002_302	gnl|TC-DB|E8V3S2|4.F.1.3.2	39.8	196	101	2	18	213	18	196	6.5e-29	124.0
3300007853.a:Ga0114093_100002_320	gnl|TC-DB|P21458|3.A.12.1.1	42.2	561	288	9	256	811	248	777	1.4e-108	390.6
3300007853.a:Ga0114093_100002_321	gnl|TC-DB|P0AFZ7|2.A.38.1.1	39.2	487	289	6	4	487	1	483	4.5e-91	331.6
3300007853.a:Ga0114093_100002_322	gnl|TC-DB|P0AGI8|2.A.38.1.1	28.6	451	314	5	1	443	1	451	3.4e-53	205.7
3300007853.a:Ga0114093_100002_336	gnl|TC-DB|A7LTW6|9.B.29.3.6	31.4	169	110	2	12	175	3	170	4.9e-17	84.3
3300007853.a:Ga0114093_100002_341	gnl|TC-DB|P06129|1.B.14.3.1	31.1	273	135	12	19	261	16	265	3.4e-16	82.4
3300007853.a:Ga0114093_100002_349	gnl|TC-DB|Q5EAK4|2.A.16.2.2	27.2	357	223	14	62	388	1361	1710	2.7e-25	113.6
3300007853.a:Ga0114093_100002_351	gnl|TC-DB|C6EAH0|2.A.122.1.1	40.1	212	127	0	14	225	11	222	5.2e-37	151.0
3300007853.a:Ga0114093_100002_364	gnl|TC-DB|Q9SXJ7|3.A.9.1.2	46.9	843	414	6	1	835	114	930	1.5e-214	742.7
3300007853.a:Ga0114093_100002_366	gnl|TC-DB|P77735|8.A.5.1.6	33.5	334	187	9	14	330	1	316	2.6e-37	152.5
3300007853.a:Ga0114093_100002_370	gnl|TC-DB|A0M015|1.A.62.2.1	38.4	203	124	1	7	208	10	212	4.8e-42	167.5
3300007853.a:Ga0114093_100002_372	gnl|TC-DB|H8KSM2|9.B.142.2.6	23.3	523	336	13	12	520	18	489	4.7e-23	105.9
3300007853.a:Ga0114093_100002_375	gnl|TC-DB|Q07711|3.A.7.7.1	30.9	687	406	14	5	669	6	645	1.5e-84	310.5
3300007853.a:Ga0114093_100002_380	gnl|TC-DB|P40290|3.A.6.1.1	27.1	266	170	7	398	651	136	389	1.1e-13	75.1
3300007853.a:Ga0114093_100002_388	gnl|TC-DB|I9SUL5|9.B.196.1.2	44.9	356	163	4	100	455	1	323	9.8e-80	293.9
3300007853.a:Ga0114093_100002_395	gnl|TC-DB|Q8CX78|2.A.6.3.6	29.5	1035	710	7	1	1034	1	1016	9.9e-136	481.1
3300007853.a:Ga0114093_100002_396	gnl|TC-DB|Q67GM1|2.A.6.2.4	24.6	329	211	6	41	333	41	368	6.9e-22	101.3
3300007853.a:Ga0114093_100002_402	gnl|TC-DB|P0A9R7|3.A.1.140.1	38.3	209	127	2	6	213	1	208	6.9e-34	140.6
3300007853.a:Ga0114093_100002_425	gnl|TC-DB|P39695|3.A.11.1.1	29.2	253	166	4	232	481	201	443	3.2e-21	100.1
3300007853.a:Ga0114093_100002_426	gnl|TC-DB|C6XVY5|1.B.14.6.7	37.1	804	480	11	5	803	6	788	3.7e-138	488.8
3300007853.a:Ga0114093_100002_435	gnl|TC-DB|Q8A5Y0|2.A.1.7.16	52.1	378	177	2	1	377	1	375	1.7e-104	375.9
3300007853.a:Ga0114093_100002_443	gnl|TC-DB|F8CM01|1.A.13.4.1	37.5	328	197	5	5	326	19	344	2.9e-52	202.2
3300007853.a:Ga0114093_100002_444	gnl|TC-DB|F8CM01|1.A.13.4.1	28.2	330	217	7	4	318	19	343	2.1e-28	122.9
3300007853.a:Ga0114093_100002_454	gnl|TC-DB|Q7MV19|9.A.8.1.6	53.3	843	345	7	1	794	1	843	7.0e-259	889.8
3300007853.a:Ga0114093_100002_457	gnl|TC-DB|P0C0S1|1.A.23.2.1	36.2	229	146	0	71	299	48	276	3.9e-40	161.8
3300007853.a:Ga0114093_100002_473	gnl|TC-DB|Q9VS47|2.A.1.53.5	29.0	397	241	8	14	395	51	421	2.9e-36	149.4
3300007853.a:Ga0114093_100002_475	gnl|TC-DB|Q9HY55|4.A.2.1.17	26.5	457	254	12	451	899	543	925	7.7e-28	122.5
3300007853.a:Ga0114093_100002_489	gnl|TC-DB|P0AAH0|3.A.1.7.1	59.0	249	102	0	2	250	9	257	8.6e-86	313.2
3300007853.a:Ga0114093_100002_490	gnl|TC-DB|Q7WTY6|3.A.1.7.2	34.4	294	169	3	13	292	23	306	2.4e-34	142.5
3300007853.a:Ga0114093_100002_491	gnl|TC-DB|O51234|3.A.1.7.5	41.0	249	143	2	148	394	51	297	2.3e-45	179.5
3300007853.a:Ga0114093_100002_492	gnl|TC-DB|O51233|3.A.1.7.5	32.3	285	167	6	5	271	2	278	8.5e-31	130.6
3300007853.a:Ga0114093_100002_501	gnl|TC-DB|Q9F5N7|2.A.66.1.9	26.5	437	303	6	18	444	25	453	9.5e-27	117.9
3300007853.a:Ga0114093_100002_505	gnl|TC-DB|Q9A523|2.A.67.4.3	27.8	623	381	21	37	613	12	611	1.6e-35	147.5
3300007853.a:Ga0114093_100002_508	gnl|TC-DB|Q9HV74|2.A.21.9.1	28.1	260	152	9	330	570	728	971	6.2e-15	79.0
3300007853.a:Ga0114093_100002_511	gnl|TC-DB|Q1M607|3.A.3.7.2	43.1	167	90	2	21	185	21	184	8.6e-30	126.7
3300007853.a:Ga0114093_100002_512	gnl|TC-DB|Q1M606|3.A.3.7.2	58.9	684	269	6	1	675	1	681	8.8e-210	726.5
3300007853.a:Ga0114093_100002_513	gnl|TC-DB|Q1M605|3.A.3.7.2	42.5	555	307	5	14	566	15	559	1.4e-112	403.3
3300007853.a:Ga0114093_100002_514	gnl|TC-DB|Q9KN48|3.A.23.1.1	41.9	227	132	0	141	367	192	418	5.3e-46	181.8
3300007853.a:Ga0114093_100002_523	gnl|TC-DB|R6S968|9.B.146.1.4	40.8	373	208	7	1	364	1	369	7.2e-65	244.2
3300007853.a:Ga0114093_100002_527	gnl|TC-DB|B8F5K7|4.D.1.3.2	27.2	261	154	7	1	256	1	230	5.6e-15	78.2
3300007853.a:Ga0114093_100002_537	gnl|TC-DB|P75905|4.D.1.1.3	36.2	105	66	1	5	108	77	181	3.8e-12	68.9
3300007853.a:Ga0114093_100002_572	gnl|TC-DB|P80874|8.A.5.1.4	32.0	178	96	7	5	158	6	182	4.9e-13	71.6
3300007853.a:Ga0114093_100002_575	gnl|TC-DB|P80874|8.A.5.1.4	29.5	322	212	6	1	318	1	311	3.6e-31	132.1
3300007853.a:Ga0114093_100002_576	gnl|TC-DB|I7HKT5|2.A.1.53.11	22.2	410	306	8	10	411	22	426	6.4e-17	85.1
3300007853.a:Ga0114093_100002_577	gnl|TC-DB|P77735|8.A.5.1.6	31.3	335	192	11	7	325	1	313	8.2e-31	131.0
3300007853.a:Ga0114093_100002_589	gnl|TC-DB|Q9KN48|3.A.23.1.1	45.2	208	114	0	150	357	211	418	6.4e-44	174.9
3300007853.a:Ga0114093_100586_7	gnl|TC-DB|Q9K7H7|2.A.47.4.5	31.0	600	398	6	1	598	2	587	1.6e-77	287.0
3300007853.a:Ga0114093_100586_14	gnl|TC-DB|G0CIY2|9.B.18.1.1	39.8	362	204	7	109	460	127	484	2.1e-66	249.6
3300007853.a:Ga0114093_100586_16	gnl|TC-DB|Q5EAK4|2.A.16.2.2	27.6	417	238	18	12	394	1361	1747	2.2e-25	114.0
3300007853.a:Ga0114093_100586_17	gnl|TC-DB|A8ALD3|2.A.49.5.5	32.2	423	274	10	8	421	35	453	1.9e-44	176.8
3300007853.a:Ga0114093_100586_21	gnl|TC-DB|917585193|9.B.18.1.3	38.5	434	255	6	45	468	21	452	7.2e-78	287.7
3300007853.a:Ga0114093_100586_23	gnl|TC-DB|Q45780|1.B.14.6.1	27.5	1099	634	44	4	1018	19	1038	1.9e-67	254.2
3300007853.a:Ga0114093_100586_24	gnl|TC-DB|E4RVP8|8.A.46.1.5	25.8	519	279	19	2	433	3	502	5.0e-18	89.0
3300007853.a:Ga0114093_100293_3	gnl|TC-DB|B7L5V2|1.A.34.1.3	35.6	118	72	2	191	307	112	226	3.5e-15	79.0
3300007853.a:Ga0114093_100293_6	gnl|TC-DB|G0LBU8|1.B.14.6.11	27.6	250	156	9	17	249	119	360	1.2e-13	75.1
3300007853.a:Ga0114093_100293_11	gnl|TC-DB|Q9KDT3|2.A.22.5.3	46.4	448	231	4	4	447	9	451	7.6e-101	364.0
3300007853.a:Ga0114093_100293_21	gnl|TC-DB|Q42524|4.C.1.1.7	27.7	549	323	17	21	548	55	550	5.4e-40	162.2
3300007853.a:Ga0114093_100293_33	gnl|TC-DB|Q8A0N7|8.A.46.2.2	24.9	598	340	19	4	581	2	510	5.5e-33	139.0
3300007853.a:Ga0114093_100293_34	gnl|TC-DB|Q93TH9|1.B.14.6.2	31.6	1124	625	34	125	1136	34	1125	1.7e-128	457.2
3300007853.a:Ga0114093_100293_44	gnl|TC-DB|A5PGV3|2.A.62.1.3	40.4	463	228	6	3	465	146	560	3.2e-81	298.9
3300007853.a:Ga0114093_100215_1	gnl|TC-DB|Q9V0A4|3.B.1.1.5	64.2	53	19	0	1	53	470	522	5.0e-15	75.9
3300007853.a:Ga0114093_100215_10	gnl|TC-DB|P49857|2.A.7.1.5	37.0	108	63	2	1	107	2	105	2.2e-14	74.7
3300007853.a:Ga0114093_100215_27	gnl|TC-DB|O51236|3.A.1.7.5	49.0	251	128	0	41	291	9	259	3.8e-69	258.1
3300007853.a:Ga0114093_100215_28	gnl|TC-DB|C3KCB6|3.A.1.7.3	32.5	268	172	4	10	271	27	291	4.7e-24	108.2
3300007853.a:Ga0114093_100215_29	gnl|TC-DB|O51234|3.A.1.7.5	33.3	279	176	4	1	274	20	293	3.4e-30	128.6
3300007853.a:Ga0114093_100215_35	gnl|TC-DB|J8ABC0|3.A.1.105.9	30.3	208	123	6	264	465	4	195	9.2e-20	94.7
3300007853.a:Ga0114093_100215_49	gnl|TC-DB|Q1D027|1.A.1.24.3	45.2	261	140	2	11	269	13	272	5.0e-50	194.5
3300007853.a:Ga0114093_100215_53	gnl|TC-DB|L7WGX6|1.B.42.1.8	31.2	855	559	15	81	926	52	886	5.1e-115	412.1
3300007853.a:Ga0114093_100215_54	gnl|TC-DB|O31543|1.A.35.3.3	30.5	292	188	7	68	354	31	312	3.7e-34	142.1
3300007853.a:Ga0114093_100215_74	gnl|TC-DB|O31712|3.A.1.122.2	28.1	295	194	6	124	418	121	397	6.6e-22	101.7
3300007853.a:Ga0114093_100215_75	gnl|TC-DB|A0ZUB1|3.A.1.122.12	28.9	412	256	14	9	411	265	648	1.0e-27	120.9
3300007853.a:Ga0114093_100215_76	gnl|TC-DB|O31711|3.A.1.122.2	51.8	218	104	1	1	217	1	218	2.2e-56	215.3
3300007853.a:Ga0114093_100178_3	gnl|TC-DB|P46468|3.A.25.2.1	44.6	222	119	2	188	408	931	1149	5.8e-52	202.2
3300007853.a:Ga0114093_100178_9	gnl|TC-DB|P43672|3.A.1.120.6	34.1	533	338	6	8	537	3	525	2.1e-84	309.7
3300007853.a:Ga0114093_100178_11	gnl|TC-DB|Q9V0A4|3.B.1.1.5	60.7	511	192	4	12	514	12	521	4.1e-175	610.9
3300007853.a:Ga0114093_100178_18	gnl|TC-DB|O31711|3.A.1.122.2	52.5	219	104	0	1	219	1	219	1.2e-59	226.1
3300007853.a:Ga0114093_100178_22	gnl|TC-DB|O06923|3.B.1.1.4	53.3	394	182	1	8	401	6	397	1.7e-112	402.5
3300007853.a:Ga0114093_100178_51	gnl|TC-DB|Q45780|1.B.14.6.1	27.9	1090	640	42	7	1024	23	1038	2.4e-78	290.4
3300007853.a:Ga0114093_100178_65	gnl|TC-DB|K1LZ89|1.B.6.1.14	31.8	431	266	12	193	602	194	617	1.5e-49	194.1
3300007853.a:Ga0114093_100178_81	gnl|TC-DB|O27840|2.A.107.1.2	40.1	187	108	1	1	187	1	183	1.7e-30	129.0
3300007853.a:Ga0114093_100178_83	gnl|TC-DB|E6X5M3|1.C.105.2.12	26.6	286	195	9	8	289	3	277	3.4e-15	80.5
3300007853.a:Ga0114093_100178_84	gnl|TC-DB|E6X5M3|1.C.105.2.12	28.3	212	148	4	40	249	22	231	5.7e-21	99.8
3300007853.a:Ga0114093_100178_85	gnl|TC-DB|Q2G2M9|3.A.1.106.2	34.4	611	364	7	1	609	1	576	3.5e-80	295.8
3300007853.a:Ga0114093_100329_3	gnl|TC-DB|P0C105|2.A.1.7.2	39.6	111	67	0	13	123	15	125	1.0e-15	79.3
3300007853.a:Ga0114093_100329_4	gnl|TC-DB|A1S297|2.A.1.7.11	35.2	284	172	6	3	282	103	378	1.8e-44	176.0
3300007853.a:Ga0114093_100329_10	gnl|TC-DB|Q93N33|2.A.21.9.2	29.0	252	158	5	464	701	766	1010	1.6e-19	94.7
3300007853.a:Ga0114093_100329_19	gnl|TC-DB|P10408|3.A.5.1.1	41.5	965	382	13	169	1096	81	899	3.1e-180	629.0
3300007853.a:Ga0114093_100329_22	gnl|TC-DB|P0AAT4|1.A.23.4.5	38.7	390	225	1	30	405	21	410	3.4e-76	282.0
3300007853.a:Ga0114093_100329_23	gnl|TC-DB|O00571|1.I.1.1.3	37.0	432	241	7	3	416	182	600	8.8e-67	250.8
3300007853.a:Ga0114093_100329_47	gnl|TC-DB|P0AAC4|1.A.14.2.2	53.5	226	103	1	7	230	9	234	1.4e-53	206.1
3300007853.a:Ga0114093_100196_29	gnl|TC-DB|P76481|1.A.13.2.3	44.9	474	242	5	145	608	105	569	7.6e-112	401.0
3300007853.a:Ga0114093_100196_33	gnl|TC-DB|Q6NE57|2.A.4.7.4	21.2	260	201	3	15	272	18	275	5.3e-11	65.1
3300007853.a:Ga0114093_100196_34	gnl|TC-DB|A5FNR0|1.B.44.2.1	34.8	201	104	6	1	181	1	194	9.8e-23	103.2
3300007853.a:Ga0114093_100196_35	gnl|TC-DB|A5FNR0|1.B.44.2.1	34.2	199	107	5	1	180	1	194	4.7e-25	110.9
3300007853.a:Ga0114093_100196_40	gnl|TC-DB|Q5I6C7|9.A.25.1.1	34.0	2570	1372	65	45	2483	23	2398	0.0e+00	1287.7
3300007853.a:Ga0114093_100196_58	gnl|TC-DB|Q8A8X1|1.B.14.6.13	28.9	1047	573	36	105	1104	18	940	9.0e-95	345.1
3300007853.a:Ga0114093_100196_63	gnl|TC-DB|P38919|3.A.18.1.1	34.6	344	217	4	1	337	43	385	7.8e-50	194.5
3300007853.a:Ga0114093_100196_65	gnl|TC-DB|O05523|2.A.64.3.2	32.5	191	128	1	91	281	63	252	9.0e-23	104.0
3300007853.a:Ga0114093_100130_3	gnl|TC-DB|A1S297|2.A.1.7.11	29.0	414	254	9	17	427	1	377	1.6e-26	117.1
3300007853.a:Ga0114093_100130_30	gnl|TC-DB|P39580|2.A.50.2.1	32.3	279	174	6	120	389	114	386	8.1e-32	134.8
3300007853.a:Ga0114093_100130_44	gnl|TC-DB|P69937|2.A.7.1.4	43.5	108	54	2	1	105	1	104	1.1e-18	89.0
3300007853.a:Ga0114093_100130_46	gnl|TC-DB|A6L2M4|3.A.10.1.10	89.4	734	78	0	1	734	1	734	0.0e+00	1218.4
3300007853.a:Ga0114093_100130_48	gnl|TC-DB|Q6RXX1|3.A.3.2.39	33.9	1029	521	21	2	952	68	1015	1.2e-132	470.7
3300007853.a:Ga0114093_100130_54	gnl|TC-DB|Q56586|3.D.5.1.1	35.6	450	279	7	4	447	1	445	5.9e-77	284.6
3300007853.a:Ga0114093_100130_55	gnl|TC-DB|Q56587|3.D.5.1.1	40.4	426	210	5	3	400	2	411	1.3e-78	290.0
3300007853.a:Ga0114093_100130_56	gnl|TC-DB|Q56582|3.D.5.1.1	31.7	218	123	4	18	215	20	231	3.9e-24	108.2
3300007853.a:Ga0114093_100130_57	gnl|TC-DB|Q57095|3.D.5.1.1	58.8	199	81	1	1	198	1	199	4.3e-59	224.2
3300007853.a:Ga0114093_100130_58	gnl|TC-DB|Q56589|3.D.5.1.1	57.2	201	79	2	4	204	5	198	4.0e-57	217.6
3300007853.a:Ga0114093_100130_59	gnl|TC-DB|Q56584|3.D.5.1.1	52.4	389	176	3	33	419	25	406	1.2e-124	443.0
3300007853.a:Ga0114093_100130_67	gnl|TC-DB|Q8ZRH0|2.A.6.2.25	26.4	470	327	6	7	462	32	496	1.4e-33	140.6
3300007853.a:Ga0114093_100130_68	gnl|TC-DB|Q8RTE4|2.A.6.2.22	39.3	1035	609	11	6	1032	6	1029	3.6e-210	728.4
3300007853.a:Ga0114093_100130_69	gnl|TC-DB|Q2FD95|2.A.6.2.29	27.6	392	271	7	10	390	16	405	1.2e-33	140.6
3300007853.a:Ga0114093_100130_81	gnl|TC-DB|Q8A8X1|1.B.14.6.13	31.1	1041	572	28	106	1113	12	940	2.4e-119	426.8
3300007853.a:Ga0114093_100130_82	gnl|TC-DB|Q8A0N7|8.A.46.2.2	30.0	456	263	16	150	590	119	533	1.4e-38	157.5
3300007853.a:Ga0114093_100130_86	gnl|TC-DB|Q8A8X1|1.B.14.6.13	33.8	1026	549	25	206	1208	22	940	1.9e-138	490.3
3300007853.a:Ga0114093_100130_87	gnl|TC-DB|Q8A8X0|8.A.46.2.1	26.2	480	307	17	79	546	66	510	9.5e-32	134.8
3300007853.a:Ga0114093_100247_14	gnl|TC-DB|Q9KN48|3.A.23.1.1	41.2	228	134	0	128	355	191	418	5.3e-51	198.4
3300007853.a:Ga0114093_100247_15	gnl|TC-DB|P43672|3.A.1.120.6	33.6	530	339	8	2	521	1	527	2.1e-88	323.2
3300007853.a:Ga0114093_100247_19	gnl|TC-DB|Q8ID54|3.A.25.2.1	33.2	226	147	2	1	222	87	312	3.5e-33	138.3
3300007853.a:Ga0114093_100247_28	gnl|TC-DB|P0A742|1.A.22.1.1	57.4	141	51	4	3	143	1	132	5.8e-34	140.2
3300007853.a:Ga0114093_100247_38	gnl|TC-DB|P31474|2.A.1.3.51	35.2	432	273	2	20	451	15	439	4.3e-70	261.9
3300007853.a:Ga0114093_100247_40	gnl|TC-DB|P35839|1.A.16.2.1	38.7	269	149	3	5	259	7	273	5.9e-45	177.6
3300007853.a:Ga0114093_100247_52	gnl|TC-DB|O00571|1.I.1.1.3	37.0	370	207	7	3	350	182	547	4.5e-58	221.9
3300007853.a:Ga0114093_100247_59	gnl|TC-DB|Q9KAX3|2.A.66.1.32	36.5	430	273	0	10	439	10	439	1.0e-76	283.9
3300007853.a:Ga0114093_100247_61	gnl|TC-DB|Q8A5Y0|2.A.1.7.16	40.0	375	217	5	3	373	1	371	1.1e-68	256.9
3300007853.a:Ga0114093_100247_64	gnl|TC-DB|Q9KPL5|2.A.41.2.11	39.0	436	235	8	13	438	2	416	1.0e-73	273.9
3300007853.a:Ga0114093_100247_65	gnl|TC-DB|P45562|2.A.1.10.2	46.0	424	214	5	1	421	1	412	1.3e-102	369.8
3300007853.a:Ga0114093_100247_67	gnl|TC-DB|P0AFV2|9.B.20.1.4	56.9	137	59	0	4	140	4	140	5.0e-37	151.0
3300007853.a:Ga0114093_100042_2	gnl|TC-DB|M4VAL8|8.A.21.2.4	30.3	231	141	6	320	538	49	271	1.5e-24	110.9
3300007853.a:Ga0114093_100042_24	gnl|TC-DB|Q45780|1.B.14.6.1	29.2	1101	635	31	10	1052	25	1038	1.8e-108	390.6
3300007853.a:Ga0114093_100042_28	gnl|TC-DB|P96710|2.A.1.1.55	39.0	459	268	4	3	460	17	464	7.6e-88	320.9
3300007853.a:Ga0114093_100042_62	gnl|TC-DB|P0AGD7|3.A.5.1.1	51.5	443	211	3	1	439	1	443	1.9e-120	429.1
3300007853.a:Ga0114093_100042_71	gnl|TC-DB|Q93TH9|1.B.14.6.2	29.5	1121	640	29	105	1104	34	1125	5.1e-114	409.1
3300007853.a:Ga0114093_100042_72	gnl|TC-DB|Q8A8X0|8.A.46.2.1	27.3	469	269	17	118	559	87	510	8.7e-33	138.3
3300007853.a:Ga0114093_100042_84	gnl|TC-DB|Q9HW27|2.A.6.2.33	34.1	1007	658	5	1	1005	1	1003	3.1e-166	582.4
3300007853.a:Ga0114093_100042_85	gnl|TC-DB|Q4VSJ3|2.A.6.2.20	32.5	311	203	3	47	350	43	353	4.0e-36	148.7
3300007853.a:Ga0114093_100042_89	gnl|TC-DB|Q45121|1.A.26.1.1	37.0	308	194	0	140	447	1	308	1.0e-49	194.1
3300007853.a:Ga0114093_100042_95	gnl|TC-DB|P38523|3.A.8.1.1	31.2	186	112	5	20	199	45	220	4.3e-11	64.7
3300007853.a:Ga0114093_100042_129	gnl|TC-DB|C3JBH1|1.B.9.4.3	31.2	580	323	15	1	535	6	554	1.6e-65	246.9
3300007853.a:Ga0114093_100042_132	gnl|TC-DB|D5ESR8|1.B.14.15.2	30.0	747	375	13	30	658	60	776	4.4e-89	325.5
3300007853.a:Ga0114093_100042_135	gnl|TC-DB|A7ZJR5|2.A.81.1.4	27.9	563	373	8	14	564	15	556	9.7e-61	231.1
3300007853.a:Ga0114093_100042_143	gnl|TC-DB|Q6MQA4|1.B.3.3.1	28.4	377	254	9	29	402	58	421	1.2e-26	117.5
3300007853.a:Ga0114093_100042_148	gnl|TC-DB|P52067|2.A.1.35.1	51.9	401	185	2	2	397	6	403	2.0e-108	389.0
3300007853.a:Ga0114093_100042_155	gnl|TC-DB|C4N8U5|3.D.6.1.2	47.9	265	133	3	1	265	2	261	2.3e-55	212.2
3300007853.a:Ga0114093_100042_156	gnl|TC-DB|C4N8U0|3.D.6.1.2	43.2	431	236	4	8	434	10	435	2.4e-86	315.8
3300007853.a:Ga0114093_100042_157	gnl|TC-DB|C4N8U1|3.D.6.1.2	46.5	314	146	7	7	310	8	309	7.3e-66	247.3
3300007853.a:Ga0114093_100042_158	gnl|TC-DB|C4N8U2|3.D.6.1.2	29.3	191	119	6	13	192	19	204	6.1e-13	70.9
3300007853.a:Ga0114093_100042_159	gnl|TC-DB|C4N8U3|3.D.6.1.2	63.1	195	70	2	1	194	1	194	1.3e-57	219.2
3300007853.a:Ga0114093_100042_160	gnl|TC-DB|C4N8U4|3.D.6.1.2	63.1	195	69	1	2	193	1	195	1.8e-59	225.3
3300007853.a:Ga0114093_100042_162	gnl|TC-DB|P0ABJ9|3.D.4.3.2	41.1	526	271	7	4	515	1	501	5.7e-108	387.9
3300007853.a:Ga0114093_100042_169	gnl|TC-DB|Q64VG5|1.B.14.6.8	44.8	647	351	4	24	666	24	668	3.9e-162	568.2
3300007853.a:Ga0114093_100042_170	gnl|TC-DB|Q64QT4|9.B.171.1.2	34.6	179	113	2	9	183	2	180	2.0e-23	105.5
3300007853.a:Ga0114093_100042_173	gnl|TC-DB|Q9KN48|3.A.23.1.1	42.0	226	131	0	16	241	193	418	1.0e-48	190.7
3300007853.a:Ga0114093_100049_39	gnl|TC-DB|Q84HG2|1.B.14.8.6	23.5	741	424	20	57	782	55	667	1.5e-30	131.3
3300007853.a:Ga0114093_100049_94	gnl|TC-DB|Q45780|1.B.14.6.1	25.2	957	586	31	2	889	22	917	1.5e-54	211.5
3300007853.a:Ga0114093_100049_110	gnl|TC-DB|Q5KYD1|2.A.17.1.7	34.3	484	259	4	8	440	21	496	1.8e-75	279.6
3300007853.a:Ga0114093_100049_122	gnl|TC-DB|Q2MGF9|3.A.1.15.14	29.9	251	175	1	6	256	11	260	2.9e-26	115.5
3300007853.a:Ga0114093_100049_127	gnl|TC-DB|O34416|2.A.7.3.29	23.3	283	205	7	4	283	9	282	2.2e-11	66.2
3300007853.a:Ga0114093_100049_129	gnl|TC-DB|Q7A3E6|3.A.3.5.19	41.8	732	403	8	7	731	76	791	3.0e-155	545.4
3300007853.a:Ga0114093_100049_133	gnl|TC-DB|Q45780|1.B.14.6.1	25.9	1178	654	36	9	1122	16	1038	2.3e-82	303.9
3300007853.a:Ga0114093_100049_152	gnl|TC-DB|P29926|3.D.1.2.1	32.9	331	216	3	62	388	64	392	2.3e-47	186.4
3300007853.a:Ga0114093_100049_153	gnl|TC-DB|Q746T8|3.D.1.5.1	33.5	481	307	7	2	477	5	477	3.7e-64	242.3
3300007853.a:Ga0114093_100049_154	gnl|TC-DB|P29924|3.D.1.2.1	36.4	717	332	17	7	625	5	695	3.9e-95	345.5
3300007853.a:Ga0114093_100049_155	gnl|TC-DB|Q9P9F6|3.D.9.1.1	34.7	101	64	1	3	103	4	102	2.2e-11	64.7
3300007853.a:Ga0114093_100049_158	gnl|TC-DB|A1B8N9|3.A.2.1.7	31.7	293	188	5	1	288	1	286	7.1e-31	131.0
3300007853.a:Ga0114093_100049_159	gnl|TC-DB|Q24HY8|3.A.2.1.4	55.5	508	204	4	2	506	34	522	2.5e-159	558.5
3300007853.a:Ga0114093_100049_160	gnl|TC-DB|Q9RMB3|3.A.2.1.5	23.6	174	133	0	5	178	3	176	7.1e-13	70.5
3300007853.a:Ga0114093_100049_165	gnl|TC-DB|P29707|3.A.2.1.2	65.3	495	140	3	6	500	5	467	2.2e-181	631.7
3300007853.a:Ga0114093_100049_166	gnl|TC-DB|Q746T2|3.D.1.5.1	41.5	340	170	5	27	354	6	328	5.5e-70	261.2
3300007853.a:Ga0114093_100049_167	gnl|TC-DB|Q74GA5|3.D.1.5.1	41.6	382	198	1	186	542	9	390	2.3e-88	322.8
3300007853.a:Ga0114093_100049_168	gnl|TC-DB|P42026|3.D.1.6.1	57.6	144	60	1	27	170	66	208	1.4e-48	189.1
3300007853.a:Ga0114093_100049_169	gnl|TC-DB|P56751|3.D.1.8.1	44.1	111	62	0	5	115	9	119	2.6e-21	97.8
