0040266	151	3300026972.a:Ga0207848_100006_111	146	1e-11	23	134	5	92	0.7350993377483444
0039384	65	3300026972.a:Ga0207848_100006_13	240	1.4e-05	12	63	17	68	0.7846153846153846
0036955	59	3300026972.a:Ga0207848_100006_182	339	1.4e-14	2	57	8	63	0.9322033898305084
0037767	80	3300026972.a:Ga0207848_100006_189	101	2e-09	5	71	27	88	0.825
0036955	59	3300026972.a:Ga0207848_100006_196	324	1.4e-12	11	58	1	48	0.7966101694915254
0036955	59	3300026972.a:Ga0207848_100006_201	340	3.1e-12	3	48	10	55	0.7627118644067796
0037767	80	3300026972.a:Ga0207848_100006_208	237	1.4e-08	16	74	29	77	0.725
0036955	59	3300026972.a:Ga0207848_100006_220	632	3.9e-15	2	57	17	72	0.9322033898305084
0036955	59	3300026972.a:Ga0207848_100006_221	336	5e-16	3	58	5	60	0.9322033898305084
0037767	80	3300026972.a:Ga0207848_100006_229	254	9.7e-10	3	71	29	88	0.85
0039384	65	3300026972.a:Ga0207848_100006_286	237	8.1e-13	7	63	31	87	0.8615384615384616
0043669	98	3300026972.a:Ga0207848_100006_300	120	1.2e-18	12	95	4	89	0.8469387755102041
0039384	65	3300026972.a:Ga0207848_100006_301	209	1.5e-09	8	62	12	66	0.8307692307692308
0043669	98	3300026972.a:Ga0207848_100006_33	111	1.7e-23	11	87	3	79	0.7755102040816326
0043935	94	3300026972.a:Ga0207848_100006_333	122	8.2e-13	3	76	12	96	0.776595744680851
0043669	98	3300026972.a:Ga0207848_100006_34	297	1.2e-20	10	91	4	88	0.826530612244898
0039384	65	3300026972.a:Ga0207848_100006_341	239	8.4e-08	18	59	185	226	0.6307692307692307
0040586	141	3300026972.a:Ga0207848_100006_408	333	1.4e-05	33	115	13	89	0.5815602836879432
0039384	65	3300026972.a:Ga0207848_100006_458	221	2.6e-07	11	63	24	76	0.8
0040586	141	3300026972.a:Ga0207848_100006_486	432	3.5e-05	33	83	371	421	0.3546099290780142
0040586	141	3300026972.a:Ga0207848_100006_5	166	4e-27	7	137	29	160	0.9219858156028369
0043669	98	3300026972.a:Ga0207848_100006_68	188	1.4e-13	16	76	21	81	0.6122448979591837
0040517	144	3300026972.a:Ga0207848_100006_77	145	7.3e-32	2	133	10	139	0.9097222222222222
0039384	65	3300026972.a:Ga0207848_100013_115	638	1.5e-06	6	62	2	59	0.8615384615384616
0039384	65	3300026972.a:Ga0207848_100013_166	332	3.9e-12	7	62	6	63	0.8461538461538461
0040266	151	3300026972.a:Ga0207848_100013_201	412	8e-07	13	103	42	126	0.5960264900662252
0043758	87	3300026972.a:Ga0207848_100013_225	272	2.6e-12	4	63	7	59	0.6781609195402298
0040266	151	3300026972.a:Ga0207848_100013_285	231	5.6e-13	45	145	28	131	0.6622516556291391
0044258	100	3300026972.a:Ga0207848_100013_299	168	3.7e-13	10	76	11	77	0.66
0043758	87	3300026972.a:Ga0207848_100013_33	263	2.1e-14	4	63	5	57	0.6781609195402298
0043143	63	3300026972.a:Ga0207848_100013_39	96	9.9e-09	5	60	15	72	0.873015873015873
0037767	80	3300026972.a:Ga0207848_100017_130	117	1.7e-09	2	71	13	77	0.8625
0040517	144	3300026972.a:Ga0207848_100017_153	165	5.2e-11	25	91	10	76	0.4583333333333333
0040266	151	3300026972.a:Ga0207848_100017_193	159	1.4e-10	22	91	5	73	0.45695364238410596
0036286	54	3300026972.a:Ga0207848_100017_220	148	4.7e-12	5	53	17	65	0.8888888888888888
0036286	54	3300026972.a:Ga0207848_100017_220	148	4e-09	2	52	66	114	0.9259259259259259
0037767	80	3300026972.a:Ga0207848_100017_33	447	1.7e-07	6	75	17	77	0.8625
0043669	98	3300026972.a:Ga0207848_100018_105	113	2.9e-25	10	97	5	92	0.8877551020408163
0039384	65	3300026972.a:Ga0207848_100018_131	258	9.6e-10	3	62	42	101	0.9076923076923077
0037767	80	3300026972.a:Ga0207848_100018_168	472	1.7e-08	28	71	43	86	0.5375
0043669	98	3300026972.a:Ga0207848_100018_180	318	1.1e-06	25	77	5	57	0.5306122448979592
0040266	151	3300026972.a:Ga0207848_100018_193	220	3.3e-18	38	147	23	135	0.7218543046357616
0045032	127	3300026972.a:Ga0207848_100018_39	263	4.8e-10	16	62	45	92	0.36220472440944884
0040517	144	3300026972.a:Ga0207848_100018_45	223	2.1e-11	3	134	36	154	0.9097222222222222
0040586	141	3300026972.a:Ga0207848_100018_46	193	8.9e-24	38	139	80	182	0.7163120567375887
0042546	127	3300026972.a:Ga0207848_100018_61	141	5.5e-21	2	102	11	95	0.7874015748031497
0043669	98	3300026972.a:Ga0207848_100018_71	124	1.3e-25	5	91	31	120	0.8775510204081632
0041905	120	3300026972.a:Ga0207848_100021_100	113	4.1e-15	13	120	1	109	0.8916666666666667
0043758	87	3300026972.a:Ga0207848_100021_119	340	2.1e-23	1	83	1	83	0.9425287356321839
0043935	94	3300026972.a:Ga0207848_100021_157	206	5.9e-08	12	79	7	80	0.7127659574468085
0042546	127	3300026972.a:Ga0207848_100021_210	215	5.6e-14	4	72	2	71	0.5354330708661418
0040586	141	3300026972.a:Ga0207848_100021_23	178	7.9e-29	8	140	26	156	0.9361702127659575
0040266	151	3300026972.a:Ga0207848_100021_27	403	1.5e-05	29	85	325	380	0.3708609271523179
0043669	98	3300026972.a:Ga0207848_100021_28	143	6.6e-19	6	91	6	94	0.8673469387755102
0040517	144	3300026972.a:Ga0207848_100021_32	172	5.6e-30	4	136	31	166	0.9166666666666666
0039468	106	3300026972.a:Ga0207848_100021_54	231	3.3e-13	12	83	32	103	0.6698113207547169
0042546	127	3300026972.a:Ga0207848_100021_55	185	1.8e-15	4	83	34	116	0.6220472440944882
0038753	71	3300026972.a:Ga0207848_100027_100	315	7.7e-05	24	61	15	52	0.5211267605633803
0035607	54	3300026972.a:Ga0207848_100027_121	533	0.0001	3	50	154	199	0.8703703703703703
0043669	98	3300026972.a:Ga0207848_100027_157	219	6.8e-16	12	82	24	98	0.7142857142857143
0040266	151	3300026972.a:Ga0207848_100027_158	153	1.6e-09	22	131	2	110	0.7218543046357616
0040266	151	3300026972.a:Ga0207848_100027_32	165	1.6e-08	20	139	15	131	0.7880794701986755
0043669	98	3300026972.a:Ga0207848_100029_115	330	1.2e-12	6	84	245	322	0.7959183673469388
0036955	59	3300026972.a:Ga0207848_100029_12	351	3.6e-16	3	58	7	62	0.9322033898305084
0043669	98	3300026972.a:Ga0207848_100029_125	106	1.7e-19	13	86	6	79	0.7448979591836735
0040517	144	3300026972.a:Ga0207848_100029_146	151	4.7e-14	28	117	2	91	0.6180555555555556
0043669	98	3300026972.a:Ga0207848_100029_157	219	8.2e-09	15	75	9	71	0.6122448979591837
0043935	94	3300026972.a:Ga0207848_100029_162	211	6e-16	2	77	52	130	0.7978723404255319
0040517	144	3300026972.a:Ga0207848_100029_165	180	2.8e-06	34	106	9	75	0.5
0044558	59	3300026972.a:Ga0207848_100029_17	350	6.7e-18	1	58	23	79	0.9661016949152542
0044558	59	3300026972.a:Ga0207848_100029_22	354	5.8e-18	2	58	12	67	0.9491525423728814
0036955	59	3300026972.a:Ga0207848_100029_24	365	1.1e-16	3	59	25	81	0.9491525423728814
0036955	59	3300026972.a:Ga0207848_100029_29	368	1.1e-15	2	57	31	86	0.9322033898305084
0043669	98	3300026972.a:Ga0207848_100029_35	119	2.1e-20	9	91	3	85	0.8367346938775511
0044258	100	3300026972.a:Ga0207848_100029_40	332	9.6e-05	31	96	16	78	0.65
0042546	127	3300026972.a:Ga0207848_100029_5	275	6.2e-23	1	119	2	116	0.9291338582677166
0041905	120	3300026972.a:Ga0207848_100029_52	214	3.3e-05	4	52	156	198	0.4
0040517	144	3300026972.a:Ga0207848_100029_56	166	5.6e-19	11	132	16	137	0.8402777777777778
0043935	94	3300026972.a:Ga0207848_100029_69	127	4.1e-11	7	89	13	101	0.8723404255319149
0043669	98	3300026972.a:Ga0207848_100029_71	305	1.9e-07	26	69	6	50	0.4387755102040816
0040517	144	3300026972.a:Ga0207848_100029_71	305	8.6e-08	24	77	147	200	0.3680555555555556
0044258	100	3300026972.a:Ga0207848_100029_8	124	1.7e-19	4	97	26	119	0.93
0038753	71	3300026972.a:Ga0207848_100029_88	256	4.4e-13	2	70	166	231	0.9577464788732394
0039384	65	3300026972.a:Ga0207848_100033_118	229	6.1e-07	9	63	28	82	0.8307692307692308
0039384	65	3300026972.a:Ga0207848_100033_24	219	1.5e-09	5	62	13	70	0.8769230769230769
0039384	65	3300026972.a:Ga0207848_100033_58	500	7.4e-08	9	61	25	78	0.8
0036955	59	3300026972.a:Ga0207848_100033_78	359	5.2e-15	2	59	14	72	0.9661016949152542
0036286	54	3300026972.a:Ga0207848_100033_86	212	8e-06	6	42	21	57	0.6666666666666666
0036286	54	3300026972.a:Ga0207848_100037_73	319	4.1e-13	5	53	212	260	0.8888888888888888
0035607	54	3300026972.a:Ga0207848_100037_73	319	2.1e-09	2	53	261	310	0.9444444444444444
0044258	100	3300026972.a:Ga0207848_100039_121	242	1e-10	7	97	16	102	0.9
0043935	94	3300026972.a:Ga0207848_100039_127	181	1.5e-07	10	81	4	83	0.7553191489361702
0042547	94	3300026972.a:Ga0207848_100039_127	181	7.9e-05	26	77	101	147	0.5425531914893617
0042546	127	3300026972.a:Ga0207848_100039_48	266	9.3e-12	20	84	2	60	0.5039370078740157
0043669	98	3300026972.a:Ga0207848_100039_72	182	1.1e-20	13	94	30	115	0.826530612244898
0039384	65	3300026972.a:Ga0207848_100039_80	215	1.6e-09	7	62	22	77	0.8461538461538461
0040266	151	3300026972.a:Ga0207848_100039_90	302	6.3e-05	42	111	18	73	0.45695364238410596
0043707	64	3300026972.a:Ga0207848_100040_102	232	1.4e-15	3	61	5	64	0.90625
0040517	144	3300026972.a:Ga0207848_100040_11	143	5.9e-19	28	136	4	116	0.75
0043707	64	3300026972.a:Ga0207848_100040_129	280	6e-05	10	58	30	80	0.75
0040517	144	3300026972.a:Ga0207848_100040_137	178	1.4e-28	2	132	25	155	0.9027777777777778
0040586	141	3300026972.a:Ga0207848_100040_18	174	1.5e-25	8	138	15	147	0.9219858156028369
0043707	64	3300026972.a:Ga0207848_100040_23	138	4e-09	3	57	26	81	0.84375
0036955	59	3300026972.a:Ga0207848_100040_31	341	3.3e-17	2	59	10	67	0.9661016949152542
0036286	54	3300026972.a:Ga0207848_100040_32	279	6e-08	8	53	179	224	0.8333333333333334
0035607	54	3300026972.a:Ga0207848_100040_32	279	1.7e-09	3	53	226	274	0.9259259259259259
0036955	59	3300026972.a:Ga0207848_100040_84	210	4.5e-06	3	43	35	75	0.6779661016949152
0044258	100	3300026972.a:Ga0207848_100040_94	383	4.8e-07	17	64	9	56	0.47
0037767	80	3300026972.a:Ga0207848_100040_98	228	6.6e-10	2	71	15	78	0.8625
0036955	59	3300026972.a:Ga0207848_100052_79	354	1.6e-15	3	59	12	68	0.9491525423728814
0043669	98	3300026972.a:Ga0207848_100052_9	258	3.1e-10	16	75	4	65	0.6020408163265306
0036286	54	3300026972.a:Ga0207848_100052_90	316	2.5e-12	5	53	213	261	0.8888888888888888
0035607	54	3300026972.a:Ga0207848_100052_90	316	1.2e-08	3	52	263	310	0.9074074074074074
0036955	59	3300026972.a:Ga0207848_100058_12	351	8.1e-17	3	57	23	77	0.9152542372881356
0040586	141	3300026972.a:Ga0207848_100058_62	151	4.6e-25	8	139	5	137	0.9290780141843972
0043669	98	3300026972.a:Ga0207848_100058_76	145	1.1e-23	14	94	2	91	0.8163265306122449
0036286	54	3300026972.a:Ga0207848_100070_22	327	3.7e-09	4	53	211	260	0.9074074074074074
0043669	98	3300026972.a:Ga0207848_100070_52	122	1.8e-23	10	94	7	91	0.8571428571428571
0039384	65	3300026972.a:Ga0207848_100070_69	255	1.1e-09	3	58	1	55	0.8461538461538461
0044258	100	3300026972.a:Ga0207848_100070_75	121	1.1e-22	2	96	18	112	0.94
0040586	141	3300026972.a:Ga0207848_100070_80	296	3.5e-18	11	139	9	137	0.9078014184397163
0043758	87	3300026972.a:Ga0207848_100083_33	230	1.3e-10	2	68	21	86	0.7586206896551724
0043707	64	3300026972.a:Ga0207848_100083_44	105	1.8e-11	3	61	8	67	0.90625
0035607	54	3300026972.a:Ga0207848_100093_18	329	1.1e-09	2	51	271	321	0.9074074074074074
0040586	141	3300026972.a:Ga0207848_100093_32	215	2.9e-19	11	140	30	161	0.9148936170212766
0039384	65	3300026972.a:Ga0207848_100093_39	230	2.1e-07	15	61	21	67	0.7076923076923077
0043935	94	3300026972.a:Ga0207848_100093_49	114	3.7e-12	11	86	20	101	0.7978723404255319
0043707	64	3300026972.a:Ga0207848_100093_50	481	9.4e-14	3	61	11	70	0.90625
0040266	151	3300026972.a:Ga0207848_100093_68	343	1.4e-05	35	118	29	93	0.5496688741721855
0041150	134	3300026972.a:Ga0207848_100107_25	147	3.4e-35	2	134	9	139	0.9850746268656716
0044258	100	3300026972.a:Ga0207848_100107_46	403	5.6e-08	15	63	10	58	0.48
0043935	94	3300026972.a:Ga0207848_100107_62	204	6.1e-18	6	90	10	97	0.8936170212765957
0037244	118	3300026972.a:Ga0207848_100107_64	253	1.4e-27	4	112	3	109	0.9152542372881356
0037767	80	3300026972.a:Ga0207848_100107_66	481	1.8e-08	6	68	28	85	0.775
0041150	134	3300026972.a:Ga0207848_100109_14	135	1.1e-31	13	133	3	122	0.8955223880597015
0043707	64	3300026972.a:Ga0207848_100109_62	202	2.9e-15	3	61	15	74	0.90625
0040266	151	3300026972.a:Ga0207848_100110_10	331	3.3e-06	25	107	3	79	0.543046357615894
0037767	80	3300026972.a:Ga0207848_100110_17	121	1.1e-08	26	70	32	76	0.55
0044258	100	3300026972.a:Ga0207848_100110_18	146	7.5e-09	15	70	2	57	0.55
0040517	144	3300026972.a:Ga0207848_100110_24	435	4.5e-06	24	89	20	85	0.4513888888888889
0039384	65	3300026972.a:Ga0207848_100110_40	260	5.8e-08	15	59	30	74	0.676923076923077
0036955	59	3300026972.a:Ga0207848_100110_51	336	1e-15	3	59	3	59	0.9491525423728814
0040586	141	3300026972.a:Ga0207848_100110_54	154	9.6e-27	11	138	23	148	0.900709219858156
0043707	64	3300026972.a:Ga0207848_100113_23	78	8.2e-11	4	55	10	62	0.796875
0040266	151	3300026972.a:Ga0207848_100122_8	239	1.8e-09	29	87	19	71	0.3841059602649007
0040517	144	3300026972.a:Ga0207848_100141_13	169	6.1e-29	3	136	31	165	0.9236111111111112
0036955	59	3300026972.a:Ga0207848_100141_35	352	6.6e-20	2	59	2	59	0.9661016949152542
0036955	59	3300026972.a:Ga0207848_100141_6	363	3.9e-13	2	49	9	56	0.7966101694915254
0044558	59	3300026972.a:Ga0207848_100152_1	348	4.5e-16	2	57	15	68	0.9322033898305084
0044258	100	3300026972.a:Ga0207848_100152_16	187	6.4e-08	10	65	8	61	0.55
0036286	54	3300026972.a:Ga0207848_100152_30	288	2.4e-09	4	48	184	228	0.8148148148148148
0035607	54	3300026972.a:Ga0207848_100152_30	288	6.7e-10	4	52	236	282	0.8888888888888888
0036955	59	3300026972.a:Ga0207848_100152_41	326	4.1e-18	2	58	1	57	0.9491525423728814
0036955	59	3300026972.a:Ga0207848_100152_9	343	4.9e-17	3	59	8	64	0.9491525423728814
0042546	127	3300026972.a:Ga0207848_100158_16	207	7.3e-16	1	81	1	82	0.6299212598425197
0039939	63	3300026972.a:Ga0207848_100158_24	226	3.3e-05	20	56	163	199	0.5714285714285714
0039384	65	3300026972.a:Ga0207848_100158_40	230	1.7e-06	7	58	10	61	0.7846153846153846
0043669	98	3300026972.a:Ga0207848_100158_7	198	9.9e-15	17	83	21	92	0.673469387755102
0044030	41	3300026972.a:Ga0207848_100158_9	124	2.2e-11	1	31	91	121	0.7317073170731707
0036955	59	3300026972.a:Ga0207848_100165_13	355	6.6e-17	3	59	2	58	0.9491525423728814
0036955	59	3300026972.a:Ga0207848_100165_26	361	9.8e-20	3	59	32	88	0.9491525423728814
0036955	59	3300026972.a:Ga0207848_100165_36	355	4.5e-17	3	58	23	78	0.9322033898305084
0040517	144	3300026972.a:Ga0207848_100165_8	150	4.3e-23	10	132	24	148	0.8472222222222222
0043707	64	3300026972.a:Ga0207848_100169_1	502	4.1e-14	3	61	32	91	0.90625
0043669	98	3300026972.a:Ga0207848_100169_21	322	5.7e-12	26	87	254	314	0.6224489795918368
0040266	151	3300026972.a:Ga0207848_100169_26	413	1.5e-06	32	89	25	85	0.37748344370860926
0043935	94	3300026972.a:Ga0207848_100169_9	124	8.6e-13	10	85	15	98	0.7978723404255319
0037767	80	3300026972.a:Ga0207848_100211_10	263	3.3e-09	2	66	16	75	0.8
0039468	106	3300026972.a:Ga0207848_100211_19	154	1.7e-07	2	48	19	64	0.4339622641509434
0043143	63	3300026972.a:Ga0207848_100227_23	78	5.1e-16	4	60	9	67	0.8888888888888888
0043669	98	3300026972.a:Ga0207848_100317_16	112	2.2e-20	16	95	3	86	0.8061224489795918
0044514	166	3300026972.a:Ga0207848_100317_17	167	7e-05	52	136	19	85	0.5060240963855421
0040586	141	3300026972.a:Ga0207848_100430_12	162	5.2e-21	3	137	11	147	0.950354609929078
0036955	59	3300026972.a:Ga0207848_100430_14	372	2.4e-19	3	59	28	84	0.9491525423728814
0036955	59	3300026972.a:Ga0207848_100547_4	340	4.6e-16	2	59	1	58	0.9661016949152542
