3300015214.a:Ga0172382_10000333_1	gnl|TC-DB|Q0WML0|3.A.1.201.8	34.0	520	337	4	123	639	121	637	7.9e-75	278.1
3300015214.a:Ga0172382_10000333_3	gnl|TC-DB|Q8ID54|3.A.25.2.1	34.5	113	72	1	17	127	103	215	1.4e-11	66.6
3300015214.a:Ga0172382_10000333_19	gnl|TC-DB|K1LZ89|1.B.6.1.14	31.1	338	196	17	18	336	69	388	1.3e-29	127.9
3300015214.a:Ga0172382_10000333_30	gnl|TC-DB|P0A2L3|9.A.40.1.2	34.6	246	156	2	172	413	35	279	2.7e-39	159.5
3300015214.a:Ga0172382_10000333_32	gnl|TC-DB|P63357|3.A.1.27.5	38.0	237	147	0	2	238	28	264	8.1e-44	173.7
3300015214.a:Ga0172382_10000333_40	gnl|TC-DB|Q2PGB8|3.A.1.120.5	31.9	558	355	10	18	561	1	547	1.1e-70	264.2
3300015214.a:Ga0172382_10001428_6	gnl|TC-DB|O32095|2.A.86.1.8	25.4	354	237	6	5	347	12	349	1.6e-24	110.2
3300015214.a:Ga0172382_10001428_26	gnl|TC-DB|P76007|2.A.36.6.11	31.6	462	312	4	2	461	11	470	3.8e-53	205.7
3300015214.a:Ga0172382_10001428_29	gnl|TC-DB|P77338|1.A.23.1.1	26.2	164	120	1	56	218	885	1048	7.5e-14	74.3
3300015214.a:Ga0172382_10001800_1	gnl|TC-DB|Q42524|4.C.1.1.7	26.2	500	304	13	4	483	35	489	4.4e-37	152.5
3300015214.a:Ga0172382_10001800_4	gnl|TC-DB|Q9S215|3.A.1.14.22	34.7	251	164	0	6	256	21	271	1.2e-45	179.9
3300015214.a:Ga0172382_10001800_18	gnl|TC-DB|Q57079|3.B.1.1.2	57.9	516	209	2	1	516	1	508	1.3e-173	605.9
3300015214.a:Ga0172382_10001800_20	gnl|TC-DB|Q6A1F6|3.B.1.1.6	39.6	619	310	10	20	629	3	566	1.2e-123	440.3
3300015214.a:Ga0172382_10001800_25	gnl|TC-DB|C9LSC3|1.B.33.2.3	20.8	471	310	14	106	532	173	624	6.2e-12	68.9
3300015214.a:Ga0172382_10001800_32	gnl|TC-DB|Q8TDX7|1.I.1.1.3	30.9	256	168	5	9	259	31	282	6.2e-26	115.2
3300015214.a:Ga0172382_10000322_43	gnl|TC-DB|B7LEG0|1.A.34.1.2	40.0	125	67	3	245	368	259	376	1.0e-18	90.9
3300015214.a:Ga0172382_10000322_44	gnl|TC-DB|Q5SKE6|2.A.6.4.3	42.9	303	149	8	19	315	450	734	4.7e-44	174.9
3300015214.a:Ga0172382_10000322_45	gnl|TC-DB|P0AG90|2.A.6.4.1	30.4	542	272	12	18	556	176	615	7.1e-48	188.3
3300015214.a:Ga0172382_10000322_52	gnl|TC-DB|Q9HY86|2.A.6.2.34	25.6	309	208	6	37	333	34	332	1.0e-13	74.3
3300015214.a:Ga0172382_10000322_53	gnl|TC-DB|Q8CX78|2.A.6.3.6	35.9	1030	642	7	1	1028	1	1014	1.6e-178	623.2
3300015214.a:Ga0172382_10033289_4	gnl|TC-DB|Q5EGM5|9.A.25.1.1	31.3	182	107	5	175	343	272	448	1.9e-14	76.6
3300015214.a:Ga0172382_10007065_6	gnl|TC-DB|O07550|3.A.1.106.8	29.2	576	393	7	3	576	6	568	1.8e-65	246.9
3300015214.a:Ga0172382_10007065_7	gnl|TC-DB|O07549|3.A.1.106.8	33.2	515	337	4	66	578	156	665	2.2e-76	283.1
3300015214.a:Ga0172382_10005846_9	gnl|TC-DB|Q58AJ7|9.B.105.1.1	32.0	150	90	4	10	158	205	343	2.8e-12	68.6
3300015214.a:Ga0172382_10000526_24	gnl|TC-DB|D9RR74|1.B.57.4.6	26.3	350	213	9	27	338	35	377	5.9e-21	98.2
3300015214.a:Ga0172382_10000526_25	gnl|TC-DB|P0AG80|3.A.1.1.3	26.3	407	264	12	29	411	27	421	2.7e-23	106.3
3300015214.a:Ga0172382_10000526_34	gnl|TC-DB|C8X4B7|2.A.115.1.5	30.5	292	174	4	23	312	24	288	6.0e-28	121.3
3300015214.a:Ga0172382_10000526_39	gnl|TC-DB|A9WDR8|3.A.1.17.13	41.7	247	139	1	6	247	4	250	3.0e-51	198.4
3300015214.a:Ga0172382_10000526_40	gnl|TC-DB|A7NH44|3.A.1.17.8	45.1	326	171	5	7	324	4	329	4.7e-76	281.2
3300015214.a:Ga0172382_10000526_48	gnl|TC-DB|Q9KAX3|2.A.66.1.32	35.6	427	273	1	21	447	10	434	2.5e-78	289.3
3300015214.a:Ga0172382_10001058_4	gnl|TC-DB|P94398|9.B.10.1.1	36.5	263	156	4	4	255	34	296	3.4e-37	151.8
3300015214.a:Ga0172382_10001058_24	gnl|TC-DB|P39580|2.A.50.2.1	28.7	282	181	7	137	407	119	391	1.3e-29	127.5
3300015214.a:Ga0172382_10001058_27	gnl|TC-DB|A0L4L0|3.A.1.132.3	36.7	259	156	4	15	273	89	339	5.6e-38	154.5
3300015214.a:Ga0172382_10001058_44	gnl|TC-DB|M4VAL8|8.A.21.2.4	27.6	225	157	2	548	772	55	273	5.4e-20	96.3
3300015214.a:Ga0172382_10001058_46	gnl|TC-DB|B0K2P2|3.A.1.128.2	34.9	218	135	6	5	218	4	218	5.1e-26	114.8
3300015214.a:Ga0172382_10005990_1	gnl|TC-DB|P16683|3.A.1.9.1	35.1	262	162	2	62	323	6	259	1.0e-38	157.1
3300015214.a:Ga0172382_10005990_10	gnl|TC-DB|D8HIS0|9.B.106.2.2	33.0	330	184	11	12	310	218	541	8.8e-31	131.3
3300015214.a:Ga0172382_10005796_10	gnl|TC-DB|Q9KN48|3.A.23.1.1	27.8	370	236	6	125	464	159	527	1.2e-32	137.5
3300015214.a:Ga0172382_10006666_6	gnl|TC-DB|H2J7Z5|2.A.103.1.6	26.6	354	239	6	17	369	25	358	9.8e-25	110.9
3300015214.a:Ga0172382_10006666_8	gnl|TC-DB|P0A6W3|9.B.146.1.6	42.1	366	206	1	1	366	1	360	4.6e-80	294.7
3300015214.a:Ga0172382_10008549_2	gnl|TC-DB|Q8F192|1.A.30.2.9	33.7	196	129	1	85	279	69	264	1.3e-21	100.1
3300015214.a:Ga0172382_10001016_9	gnl|TC-DB|O35002|9.B.174.1.1	29.9	268	152	14	780	1030	140	388	1.0e-15	82.4
3300015214.a:Ga0172382_10001016_12	gnl|TC-DB|P55072|3.A.16.1.1	44.8	230	126	1	244	472	473	702	3.1e-56	216.5
3300015214.a:Ga0172382_10001242_12	gnl|TC-DB|Q73LW8|2.A.51.1.6	35.9	170	109	0	2	171	9	178	4.9e-24	107.5
3300015214.a:Ga0172382_10001242_39	gnl|TC-DB|Q9KN48|3.A.23.1.1	34.4	372	211	9	97	445	103	464	4.3e-49	192.2
3300015214.a:Ga0172382_10000344_4	gnl|TC-DB|P43457|3.A.2.2.2	31.4	140	96	0	24	163	13	152	5.0e-13	70.9
3300015214.a:Ga0172382_10000344_5	gnl|TC-DB|O83444|3.A.2.3.3	21.9	631	439	17	1	589	1	619	5.8e-24	109.0
3300015214.a:Ga0172382_10000344_6	gnl|TC-DB|O83443|3.A.2.3.3	28.6	196	130	3	11	196	8	203	3.1e-14	75.1
3300015214.a:Ga0172382_10000344_7	gnl|TC-DB|O83442|3.A.2.3.3	46.3	434	221	4	8	437	3	428	9.1e-107	383.6
3300015214.a:Ga0172382_10000344_8	gnl|TC-DB|O83441|3.A.2.3.3	46.0	581	298	2	2	579	4	571	2.6e-149	525.4
3300015214.a:Ga0172382_10000344_20	gnl|TC-DB|Q8F192|1.A.30.2.9	32.1	190	123	3	1	187	66	252	1.7e-15	79.3
3300015214.a:Ga0172382_10000344_28	gnl|TC-DB|P0A6Y8|1.A.33.1.2	58.2	648	253	8	1	641	1	637	2.5e-198	688.3
3300015214.a:Ga0172382_10000344_32	gnl|TC-DB|P0AD30|2.A.102.3.1	30.9	236	160	1	20	255	24	256	8.5e-28	120.6
3300015214.a:Ga0172382_10000344_45	gnl|TC-DB|Q1CWQ3|2.A.1.24.4	30.1	408	269	4	10	402	18	424	3.6e-49	192.2
3300015214.a:Ga0172382_10000344_50	gnl|TC-DB|B7B640|2.A.66.12.2	25.3	462	307	11	20	458	25	471	1.1e-23	107.8
3300015214.a:Ga0172382_10000344_69	gnl|TC-DB|A6L2M4|3.A.10.1.10	58.6	742	282	7	5	734	5	733	1.9e-211	732.3
3300015214.a:Ga0172382_10002898_2	gnl|TC-DB|P65593|1.B.6.1.3	53.3	90	42	0	686	775	236	325	1.1e-19	95.1
3300015214.a:Ga0172382_10002898_8	gnl|TC-DB|Q9ZK21|1.C.82.1.1	50.2	219	109	0	5	223	7	225	1.7e-59	225.7
3300015214.a:Ga0172382_10004192_2	gnl|TC-DB|B5XTS7|9.A.8.1.10	36.2	730	381	10	8	669	6	718	1.5e-127	453.4
3300015214.a:Ga0172382_10004192_10	gnl|TC-DB|A9QDR8|3.A.1.1.29	24.9	233	145	4	556	760	71	301	1.2e-13	75.1
3300015214.a:Ga0172382_10004192_11	gnl|TC-DB|Q93KC0|3.A.1.1.11	29.5	271	186	4	535	803	12	279	1.9e-28	124.4
3300015214.a:Ga0172382_10000689_10	gnl|TC-DB|P0AGA2|3.A.5.1.1	47.3	429	217	3	13	438	18	440	4.1e-107	384.8
3300015214.a:Ga0172382_10000689_40	gnl|TC-DB|P21458|3.A.12.1.1	45.6	535	269	6	222	739	251	780	1.5e-125	446.8
3300015214.a:Ga0172382_10000689_43	gnl|TC-DB|O29973|2.A.7.3.28	28.9	284	189	7	1	284	1	271	5.5e-18	88.2
3300015214.a:Ga0172382_10000689_44	gnl|TC-DB|F8KY45|5.A.1.5.3	33.1	426	261	9	202	617	299	710	2.1e-56	216.9
3300015214.a:Ga0172382_10000689_50	gnl|TC-DB|A8V922|3.A.11.2.1	52.5	61	29	0	174	234	70	130	5.3e-13	71.2
3300015214.a:Ga0172382_10000689_66	gnl|TC-DB|Q5EP68|3.A.7.11.1	27.0	252	166	6	4	240	6	254	7.1e-11	64.3
3300015214.a:Ga0172382_10000689_75	gnl|TC-DB|P0A607|2.A.45.2.2	40.4	426	247	3	8	429	3	425	9.9e-74	273.9
3300015214.a:Ga0172382_10010685_3	gnl|TC-DB|P31550|3.A.1.19.1	26.6	301	206	7	58	354	33	322	6.3e-21	98.2
3300015214.a:Ga0172382_10010685_4	gnl|TC-DB|Q0S7K3|3.A.1.27.4	27.7	159	115	0	89	247	116	274	2.4e-11	65.9
3300015214.a:Ga0172382_10002966_1	gnl|TC-DB|Q9V0A7|3.B.1.1.5	49.1	387	169	2	7	366	15	400	3.7e-93	338.2
3300015214.a:Ga0172382_10002966_6	gnl|TC-DB|P16677|3.A.1.9.1	46.8	231	113	4	19	239	19	249	8.5e-46	180.3
3300015214.a:Ga0172382_10002966_8	gnl|TC-DB|B7LEG0|1.A.34.1.2	49.6	117	56	3	288	403	263	377	8.0e-25	111.3
3300015214.a:Ga0172382_10002966_16	gnl|TC-DB|M7AKZ4|2.A.58.2.2	30.9	563	331	11	6	544	6	534	1.1e-51	201.1
3300015214.a:Ga0172382_10002966_20	gnl|TC-DB|Q3B5G1|1.B.42.1.7	21.5	817	536	26	55	785	57	854	6.2e-29	125.9
3300015214.a:Ga0172382_10003266_7	gnl|TC-DB|Q6UKY4|3.D.1.6.4	53.6	56	26	0	17	72	66	121	3.3e-12	67.0
3300015214.a:Ga0172382_10003266_18	gnl|TC-DB|Q93LN1|3.A.1.132.1	33.6	223	134	5	22	233	19	238	9.9e-23	103.6
3300015214.a:Ga0172382_10003266_19	gnl|TC-DB|O30489|3.A.1.132.1	41.6	305	168	4	2	306	3	297	3.8e-63	238.4
3300015214.a:Ga0172382_10000030_1	gnl|TC-DB|Q56992|3.A.1.14.5	34.3	286	172	7	31	306	49	328	1.2e-36	150.2
3300015214.a:Ga0172382_10000030_2	gnl|TC-DB|E3GUW2|3.A.1.14.11	24.1	253	154	7	31	248	41	290	2.4e-12	69.3
3300015214.a:Ga0172382_10000030_5	gnl|TC-DB|Q8L725|2.A.4.7.2	28.5	295	196	4	10	292	75	366	3.7e-27	118.6
3300015214.a:Ga0172382_10000030_12	gnl|TC-DB|Q9K1H0|1.B.33.1.1	24.5	820	529	20	4	756	1	797	1.6e-63	240.7
3300015214.a:Ga0172382_10000030_23	gnl|TC-DB|Q8CX78|2.A.6.3.6	27.8	1054	711	20	1	1044	1	1014	1.0e-108	391.3
3300015214.a:Ga0172382_10000030_25	gnl|TC-DB|H6L5X3|1.B.14.6.12	31.2	798	453	28	21	775	27	771	5.2e-89	325.5
3300015214.a:Ga0172382_10000030_28	gnl|TC-DB|O07549|3.A.1.106.8	34.9	699	410	12	28	718	4	665	8.7e-107	384.4
3300015214.a:Ga0172382_10000030_29	gnl|TC-DB|O07550|3.A.1.106.8	39.3	560	338	2	22	580	23	581	6.1e-119	424.5
3300015214.a:Ga0172382_10000030_38	gnl|TC-DB|F8CM01|1.A.13.4.1	31.2	304	192	6	28	315	43	345	5.1e-30	128.3
3300015214.a:Ga0172382_10000030_39	gnl|TC-DB|F8CM01|1.A.13.4.1	31.8	261	164	7	70	320	86	342	1.0e-22	104.0
3300015214.a:Ga0172382_10000030_44	gnl|TC-DB|Q9HV74|2.A.21.9.1	33.2	232	139	8	147	366	748	975	1.7e-26	116.7
3300015214.a:Ga0172382_10000030_59	gnl|TC-DB|Q5EGM5|9.A.25.1.1	29.4	221	116	9	172	378	254	448	8.2e-11	64.7
3300015214.a:Ga0172382_10000030_64	gnl|TC-DB|Q84BQ3|3.A.1.122.12	31.2	304	184	4	21	300	1	303	1.5e-14	77.4
3300015214.a:Ga0172382_10000030_65	gnl|TC-DB|Q58206|3.A.1.122.14	50.4	228	109	3	6	229	1	228	6.5e-65	243.8
3300015214.a:Ga0172382_10000030_66	gnl|TC-DB|P75831|3.A.1.122.1	37.7	403	235	8	7	405	258	648	7.2e-58	221.1
3300015214.a:Ga0172382_10000030_67	gnl|TC-DB|C4N8U0|3.D.6.1.2	45.4	379	206	1	5	382	7	385	1.7e-92	336.3
3300015214.a:Ga0172382_10000030_68	gnl|TC-DB|C4N8U1|3.D.6.1.2	44.5	355	147	6	7	358	8	315	2.9e-71	265.4
3300015214.a:Ga0172382_10000030_69	gnl|TC-DB|Q8TSY2|3.D.6.1.3	27.4	179	122	4	6	178	9	185	2.3e-14	75.5
3300015214.a:Ga0172382_10000030_70	gnl|TC-DB|C4N8U3|3.D.6.1.2	58.4	190	79	0	1	190	1	190	1.7e-57	218.8
3300015214.a:Ga0172382_10000030_71	gnl|TC-DB|C4N8U4|3.D.6.1.2	54.8	197	80	3	7	200	4	194	2.7e-50	194.9
3300015214.a:Ga0172382_10000030_72	gnl|TC-DB|C4N8U5|3.D.6.1.2	50.0	246	120	2	14	259	2	244	9.1e-54	207.2
3300015214.a:Ga0172382_10000030_78	gnl|TC-DB|Q7UQ81|9.B.146.1.1	26.1	337	223	8	22	346	24	346	4.0e-15	79.0
3300015214.a:Ga0172382_10000030_109	gnl|TC-DB|P0A2L3|9.A.40.1.2	32.0	269	179	3	156	421	21	288	1.0e-38	157.5
3300015214.a:Ga0172382_10000030_117	gnl|TC-DB|M4VAL8|8.A.21.2.4	32.8	198	129	1	311	504	53	250	7.3e-24	108.6
3300015214.a:Ga0172382_10000030_137	gnl|TC-DB|Q6UKY6|3.D.1.6.4	34.1	208	129	6	5	209	53	255	6.7e-29	125.6
3300015214.a:Ga0172382_10000030_138	gnl|TC-DB|Q74GA3|3.D.1.5.1	48.5	585	271	5	21	602	6	563	9.2e-161	563.5
3300015214.a:Ga0172382_10000030_139	gnl|TC-DB|Q74GA4|3.D.1.5.1	40.3	139	82	1	17	155	27	164	8.1e-32	133.3
3300015214.a:Ga0172382_10000030_143	gnl|TC-DB|P75957|3.A.1.125.1	46.3	214	114	1	8	220	10	223	4.2e-52	201.1
3300015214.a:Ga0172382_10000030_145	gnl|TC-DB|P77757|4.D.2.1.8	35.4	291	179	4	3	289	10	295	8.7e-43	170.6
3300015214.a:Ga0172382_10000030_150	gnl|TC-DB|K1LZ89|1.B.6.1.14	43.5	115	65	0	232	346	524	638	1.4e-22	103.6
3300015214.a:Ga0172382_10000030_154	gnl|TC-DB|Q45064|9.B.31.1.2	37.4	214	108	5	5	214	1	192	5.3e-23	104.4
3300015214.a:Ga0172382_10000030_167	gnl|TC-DB|F9VN10|3.D.10.1.4	33.5	561	317	15	6	535	4	539	2.8e-70	262.7
3300015214.a:Ga0172382_10000030_169	gnl|TC-DB|O35002|9.B.174.1.1	30.1	432	282	7	55	483	62	476	7.0e-53	204.9
3300015214.a:Ga0172382_10000709_14	gnl|TC-DB|A5FNR0|1.B.44.2.1	29.3	208	120	8	1	195	1	194	1.1e-14	76.6
3300015214.a:Ga0172382_10000709_39	gnl|TC-DB|Q1CVG1|2.A.9.3.4	32.7	214	129	5	330	541	385	585	4.4e-26	115.9
3300015214.a:Ga0172382_10000709_50	gnl|TC-DB|P10408|3.A.5.1.1	39.1	1071	460	15	1	1050	1	900	1.5e-195	679.9
3300015214.a:Ga0172382_10000558_10	gnl|TC-DB|L1NJ33|9.B.144.1.4	25.1	881	539	23	54	868	3	828	6.6e-56	215.7
3300015214.a:Ga0172382_10000558_16	gnl|TC-DB|D8RWR9|1.C.39.4.5	38.8	139	65	2	80	217	495	614	3.2e-17	86.7
3300015214.a:Ga0172382_10000558_42	gnl|TC-DB|Q57286|3.B.1.1.2	55.6	369	157	2	7	375	11	372	1.4e-103	372.9
3300015214.a:Ga0172382_10000558_45	gnl|TC-DB|Q9V0A4|3.B.1.1.5	60.0	522	203	2	1	516	1	522	1.6e-179	625.5
3300015214.a:Ga0172382_10000467_2	gnl|TC-DB|Q9FI56|3.A.9.1.2	46.8	856	362	14	4	832	96	885	4.1e-204	708.0
3300015214.a:Ga0172382_10000467_8	gnl|TC-DB|Q58047|2.A.20.3.1	25.5	330	201	9	2	331	8	292	2.8e-19	93.2
3300015214.a:Ga0172382_10000467_18	gnl|TC-DB|Q5EGM5|9.A.25.1.1	35.4	144	75	4	223	350	307	448	1.6e-13	73.6
3300015214.a:Ga0172382_10000467_20	gnl|TC-DB|Q7A3E6|3.A.3.5.19	42.0	747	391	10	5	737	74	792	9.2e-144	507.3
3300015214.a:Ga0172382_10000467_39	gnl|TC-DB|D8HIS0|9.B.106.2.2	32.2	301	164	10	11	280	218	509	1.9e-28	123.2
3300015214.a:Ga0172382_10004243_2	gnl|TC-DB|Q6UKY6|3.D.1.6.4	32.2	177	117	2	2	176	51	226	5.3e-22	102.4
3300015214.a:Ga0172382_10004243_13	gnl|TC-DB|D4ZZR3|9.B.34.1.3	37.7	183	103	5	374	551	217	393	2.6e-26	116.7
3300015214.a:Ga0172382_10004243_15	gnl|TC-DB|Q9X103|3.A.1.1.22	57.7	366	155	0	1	366	3	368	8.4e-114	406.8
3300015214.a:Ga0172382_10010468_1	gnl|TC-DB|Q2G140|2.A.66.1.13	32.0	444	298	4	1	443	1	441	2.1e-61	233.0
3300015214.a:Ga0172382_10010468_4	gnl|TC-DB|P39695|3.A.11.1.1	25.4	579	355	16	199	738	204	744	5.8e-37	152.5
3300015214.a:Ga0172382_10010468_6	gnl|TC-DB|Q73PT4|2.A.79.1.5	33.6	253	157	5	11	262	16	258	6.2e-26	114.4
3300015214.a:Ga0172382_10000465_3	gnl|TC-DB|Q8VRL3|3.A.11.1.3	35.2	409	254	3	1	408	36	434	1.1e-64	243.8
3300015214.a:Ga0172382_10000465_4	gnl|TC-DB|Q8F3M7|3.A.15.4.1	42.7	560	312	4	10	566	4	557	1.3e-126	449.9
3300015214.a:Ga0172382_10000465_6	gnl|TC-DB|P35818|1.B.22.1.2	27.6	301	174	9	154	436	330	604	7.9e-24	108.2
3300015214.a:Ga0172382_10000465_10	gnl|TC-DB|Q8VRL8|3.A.11.1.3	24.8	371	239	12	11	354	14	371	9.5e-22	100.9
3300015214.a:Ga0172382_10000465_14	gnl|TC-DB|P24559|3.A.15.2.1	55.9	345	151	1	1	345	1	344	2.9e-103	371.7
3300015214.a:Ga0172382_10000465_19	gnl|TC-DB|P0ABG7|2.A.103.1.2	33.8	408	211	9	3	401	6	363	1.0e-48	190.7
3300015214.a:Ga0172382_10000465_24	gnl|TC-DB|Q8F2L2|1.A.33.1.5	55.7	332	147	0	1	332	1	332	1.1e-99	359.8
3300015214.a:Ga0172382_10000465_26	gnl|TC-DB|P08839|8.A.7.1.1	35.4	553	355	2	5	555	1	553	4.0e-94	342.0
3300015214.a:Ga0172382_10000465_27	gnl|TC-DB|H1XXZ0|8.A.8.1.5	51.2	84	41	0	5	88	5	88	1.5e-16	81.6
3300015214.a:Ga0172382_10000465_32	gnl|TC-DB|P0A9V1|1.B.42.1.2	48.7	236	120	1	6	240	4	239	3.5e-63	238.0
3300015214.a:Ga0172382_10000465_39	gnl|TC-DB|Q9RNI8|3.A.1.15.6	32.4	259	174	1	4	262	14	271	1.4e-25	113.2
3300015214.a:Ga0172382_10000465_40	gnl|TC-DB|B2IWT0|3.A.1.15.13	39.3	242	137	5	1	232	7	248	2.0e-39	159.1
3300015214.a:Ga0172382_10000465_41	gnl|TC-DB|O34966|3.A.1.15.11	26.0	254	170	2	22	257	33	286	3.5e-22	102.1
3300015214.a:Ga0172382_10000465_48	gnl|TC-DB|K0WKG7|4.F.1.1.8	38.6	145	76	4	3	140	2	140	1.2e-15	79.7
3300015214.a:Ga0172382_10000465_56	gnl|TC-DB|B7L5V2|1.A.34.1.3	35.5	121	77	1	178	297	99	219	1.4e-16	83.6
3300015214.a:Ga0172382_10000465_59	gnl|TC-DB|P23894|9.B.1.1.6	38.7	292	166	5	7	292	3	287	1.1e-47	186.8
3300015214.a:Ga0172382_10000465_67	gnl|TC-DB|P0AA53|8.A.21.2.2	45.2	310	140	3	9	310	7	294	4.7e-33	138.3
3300015214.a:Ga0172382_10008908_4	gnl|TC-DB|Q9KN48|3.A.23.1.1	34.6	347	202	3	1099	1421	182	527	5.1e-50	196.8
3300015214.a:Ga0172382_10008908_7	gnl|TC-DB|A9WDS0|3.A.1.17.13	41.8	237	138	0	11	247	32	268	3.9e-49	191.4
3300015214.a:Ga0172382_10008908_9	gnl|TC-DB|Q5EGM5|9.A.25.1.1	31.7	189	111	5	94	270	269	451	1.2e-16	83.6
3300015214.a:Ga0172382_10001314_2	gnl|TC-DB|P0AGD7|3.A.5.1.1	51.6	430	202	5	1	425	1	429	6.3e-116	414.1
3300015214.a:Ga0172382_10001314_16	gnl|TC-DB|A5FN22|8.A.3.3.4	25.6	587	368	16	138	717	248	772	8.2e-39	158.7
3300015214.a:Ga0172382_10001314_26	gnl|TC-DB|Q89SS6|2.A.1.42.2	32.2	494	310	9	19	501	645	1124	4.2e-71	265.4
3300015214.a:Ga0172382_10000976_5	gnl|TC-DB|P69451|4.C.1.1.4	26.2	492	306	14	4	470	23	482	1.8e-32	137.1
3300015214.a:Ga0172382_10000976_13	gnl|TC-DB|Q84FB8|1.A.30.3.2	35.3	187	107	3	61	246	52	225	2.7e-18	89.0
3300015214.a:Ga0172382_10000976_17	gnl|TC-DB|Q9ZKE4|3.A.11.3.1	30.9	538	347	9	252	789	106	618	2.5e-67	253.4
3300015214.a:Ga0172382_10000976_20	gnl|TC-DB|Q5EGM5|9.A.25.1.1	29.3	198	111	5	456	634	264	451	2.4e-15	80.5
3300015214.a:Ga0172382_10000976_21	gnl|TC-DB|Q56223|3.D.1.3.1	30.2	215	134	9	608	818	168	370	1.0e-18	92.4
3300015214.a:Ga0172382_10000976_22	gnl|TC-DB|Q74GA3|3.D.1.5.1	53.4	552	242	5	10	552	15	560	5.5e-176	614.0
3300015214.a:Ga0172382_10000976_23	gnl|TC-DB|Q74GA4|3.D.1.5.1	39.7	151	90	1	2	152	18	167	4.5e-32	134.0
3300015214.a:Ga0172382_10000976_31	gnl|TC-DB|P04394|3.D.1.6.1	35.9	128	81	1	29	156	79	205	4.7e-21	97.4
3300015214.a:Ga0172382_10000976_34	gnl|TC-DB|Q74GA3|3.D.1.5.1	52.3	568	248	5	6	562	5	560	5.6e-179	624.0
3300015214.a:Ga0172382_10000976_35	gnl|TC-DB|Q74GA4|3.D.1.5.1	40.0	140	82	1	5	144	27	164	7.9e-26	113.2
3300015214.a:Ga0172382_10000976_36	gnl|TC-DB|Q74GA3|3.D.1.5.1	45.0	478	258	3	42	516	45	520	1.1e-124	443.4
3300015214.a:Ga0172382_10000976_37	gnl|TC-DB|Q0P855|3.D.1.7.1	31.4	207	117	5	22	207	18	220	3.3e-19	93.2
3300015214.a:Ga0172382_10001405_28	gnl|TC-DB|Q8VRK4|3.A.11.1.3	38.1	265	153	4	85	349	68	321	1.4e-41	166.8
3300015214.a:Ga0172382_10000297_5	gnl|TC-DB|B8CYZ1|1.B.42.1.13	26.3	361	256	6	2	359	8	361	9.7e-30	127.5
3300015214.a:Ga0172382_10000297_13	gnl|TC-DB|Q89SS6|2.A.1.42.2	26.7	195	124	6	48	227	410	600	4.3e-13	71.6
3300015214.a:Ga0172382_10000297_20	gnl|TC-DB|P39760|2.A.38.4.4	37.9	214	120	2	4	217	5	205	1.2e-36	149.8
3300015214.a:Ga0172382_10000297_21	gnl|TC-DB|O32081|2.A.38.4.3	40.9	450	257	4	115	562	3	445	2.0e-82	303.1
3300015214.a:Ga0172382_10000297_38	gnl|TC-DB|P43672|3.A.1.120.6	32.8	522	326	8	1	508	1	511	1.7e-74	276.9
3300015214.a:Ga0172382_10000297_51	gnl|TC-DB|Q7WTJ2|5.B.1.3.2	32.8	329	205	8	46	366	14	334	7.7e-43	171.0
3300015214.a:Ga0172382_10000297_52	gnl|TC-DB|Q56589|3.D.5.1.1	53.8	186	80	1	12	191	11	196	9.8e-45	176.4
3300015214.a:Ga0172382_10000297_53	gnl|TC-DB|Q57095|3.D.5.1.1	50.3	191	90	1	4	189	8	198	9.9e-45	176.4
3300015214.a:Ga0172382_10000297_54	gnl|TC-DB|Q56582|3.D.5.1.1	34.7	95	62	0	108	202	136	230	2.8e-11	65.5
3300015214.a:Ga0172382_10000297_55	gnl|TC-DB|V8GWS1|3.D.6.1.1	32.3	313	186	7	13	300	22	333	4.0e-32	135.2
3300015214.a:Ga0172382_10001781_8	gnl|TC-DB|P71012|4.A.2.1.4	32.8	134	89	1	5	137	1	134	2.3e-15	78.6
3300015214.a:Ga0172382_10001781_16	gnl|TC-DB|F4K2G0|3.D.1.8.1	33.0	218	62	8	57	271	103	239	2.0e-17	86.3
3300015214.a:Ga0172382_10001781_18	gnl|TC-DB|Q8N1S5|2.A.5.5.2	38.1	336	127	6	10	265	8	342	1.2e-48	189.9
3300015214.a:Ga0172382_10001781_20	gnl|TC-DB|Q5EGM5|9.A.25.1.1	27.4	219	106	7	147	336	254	448	5.0e-12	68.6
3300015214.a:Ga0172382_10001781_32	gnl|TC-DB|D9SZH8|2.A.7.3.49	31.5	248	133	10	244	461	553	793	8.5e-13	72.8
3300015214.a:Ga0172382_10005452_15	gnl|TC-DB|P10121|3.A.5.1.1	48.2	307	142	5	6	306	198	493	3.2e-69	258.5
3300015214.a:Ga0172382_10001789_3	gnl|TC-DB|P0AF16|2.A.66.4.3	34.0	477	306	3	6	480	3	472	3.0e-64	242.7
3300015214.a:Ga0172382_10001789_7	gnl|TC-DB|Q7WWQ9|3.A.1.1.20	36.5	307	165	4	4	308	7	285	3.2e-45	178.7
3300015214.a:Ga0172382_10001789_8	gnl|TC-DB|P94530|3.A.1.1.34	31.7	205	140	0	126	330	76	280	1.2e-29	127.1
3300015214.a:Ga0172382_10001789_10	gnl|TC-DB|Q9NTM9|9.B.158.1.1	45.0	240	130	1	3	240	28	267	9.3e-53	203.4
3300015214.a:Ga0172382_10001789_13	gnl|TC-DB|O32219|3.A.3.6.10	38.2	696	419	5	5	689	7	702	1.2e-137	486.9
3300015214.a:Ga0172382_10001789_15	gnl|TC-DB|Q7UQ82|3.A.1.115.2	26.5	713	444	23	11	672	13	696	2.0e-44	177.2
3300015214.a:Ga0172382_10001789_16	gnl|TC-DB|Q7UQ83|3.A.1.115.2	42.1	252	144	2	1	251	1	251	1.1e-53	206.5
3300015214.a:Ga0172382_10000219_33	gnl|TC-DB|P77757|4.D.2.1.8	31.6	310	206	4	5	311	9	315	6.6e-35	144.4
3300015214.a:Ga0172382_10000219_53	gnl|TC-DB|R6S968|9.B.146.1.4	29.2	336	207	9	18	324	20	353	2.2e-23	106.3
3300015214.a:Ga0172382_10000219_65	gnl|TC-DB|Q9HY55|4.A.2.1.17	27.1	446	243	14	460	897	549	920	1.8e-29	127.9
3300015214.a:Ga0172382_10000696_14	gnl|TC-DB|P77307|3.A.1.139.2	30.5	246	167	2	2	247	5	246	1.2e-19	93.6
3300015214.a:Ga0172382_10000696_15	gnl|TC-DB|P77279|3.A.1.139.2	33.7	184	114	2	27	207	19	197	1.4e-21	99.8
3300015214.a:Ga0172382_10000696_16	gnl|TC-DB|P0C0S1|1.A.23.2.1	30.5	243	169	0	18	260	24	266	5.5e-27	117.9
3300015214.a:Ga0172382_10000696_18	gnl|TC-DB|A9CGX6|2.A.6.3.2	31.6	1026	669	13	1	1008	1	1011	2.7e-133	473.0
3300015214.a:Ga0172382_10000696_23	gnl|TC-DB|Q5SMG8|1.A.26.1.2	39.9	321	190	2	126	446	129	446	4.4e-64	241.9
3300015214.a:Ga0172382_10000696_26	gnl|TC-DB|P0ADC3|3.A.1.125.1	22.5	418	287	10	8	415	7	397	4.4e-18	89.0
3300015214.a:Ga0172382_10000696_29	gnl|TC-DB|P10090|3.A.1.204.1	26.0	588	369	16	140	670	108	686	7.5e-36	148.7
3300015214.a:Ga0172382_10008113_13	gnl|TC-DB|B2GH49|9.B.160.1.10	32.7	171	106	4	99	269	217	378	2.9e-15	79.0
