HMA	62	3300027322.a:Ga0207827_100004_118	779	1.5e-09	8	59	79	130	0.8225806451612904
Response_reg	112	3300027322.a:Ga0207827_100004_126	229	3.6e-32	1	112	5	115	0.9910714285714286
Trans_reg_C	77	3300027322.a:Ga0207827_100004_126	229	1.7e-27	3	76	150	222	0.948051948051948
HisKA	64	3300027322.a:Ga0207827_100004_127	490	2e-16	2	63	255	319	0.953125
HATPase_c	111	3300027322.a:Ga0207827_100004_127	490	4.2e-32	2	109	366	473	0.963963963963964
GAF	133	3300027322.a:Ga0207827_100004_131	496	1.5e-18	1	133	25	163	0.9924812030075187
AAA	132	3300027322.a:Ga0207827_100004_131	496	4.8e-06	1	112	216	335	0.8409090909090909
HTH_8	42	3300027322.a:Ga0207827_100004_131	496	4.5e-16	2	42	450	490	0.9523809523809523
Pkinase	264	3300027322.a:Ga0207827_100004_132	476	1.5e-49	6	254	15	252	0.9393939393939394
TPR_2	34	3300027322.a:Ga0207827_100004_135	270	5.5e-06	2	33	69	100	0.9117647058823529
Sigma70_r4	50	3300027322.a:Ga0207827_100004_139	278	8.6e-05	15	43	121	151	0.56
GntR	64	3300027322.a:Ga0207827_100004_144	219	6.4e-19	1	64	8	70	0.984375
HD	122	3300027322.a:Ga0207827_100004_161	870	1.9e-05	21	78	56	130	0.4672131147540984
LacI	46	3300027322.a:Ga0207827_100004_166	353	1.9e-21	1	46	12	57	0.9782608695652174
Peripla_BP_3	164	3300027322.a:Ga0207827_100004_166	353	5.2e-38	1	164	180	348	0.9939024390243902
LacI	46	3300027322.a:Ga0207827_100004_177	348	2.1e-23	1	45	8	52	0.9565217391304348
Peripla_BP_3	164	3300027322.a:Ga0207827_100004_177	348	2e-39	1	164	176	340	0.9939024390243902
DeoRC	160	3300027322.a:Ga0207827_100004_185	237	7.1e-07	4	67	10	77	0.39375
CbiA	128	3300027322.a:Ga0207827_100004_192	296	1.1e-26	1	128	5	229	0.9921875
HTH_3	55	3300027322.a:Ga0207827_100004_193	318	5.9e-06	4	30	160	186	0.4727272727272727
Aminotran_1_2	363	3300027322.a:Ga0207827_100004_196	429	6.1e-66	3	363	69	412	0.9917355371900827
Response_reg	112	3300027322.a:Ga0207827_100004_2	152	5e-11	10	111	11	114	0.9017857142857143
Response_reg	112	3300027322.a:Ga0207827_100004_200	146	9.2e-07	4	111	16	137	0.9553571428571429
TPR_2	34	3300027322.a:Ga0207827_100004_204	245	2.6e-07	6	31	23	48	0.7352941176470589
TPR_2	34	3300027322.a:Ga0207827_100004_204	245	2.3e-05	4	34	58	88	0.8823529411764706
TPR_1	34	3300027322.a:Ga0207827_100004_204	245	3.3e-07	1	34	92	125	0.9705882352941176
TrkA_C	70	3300027322.a:Ga0207827_100004_216	853	2.6e-13	8	69	780	840	0.8714285714285714
HD	122	3300027322.a:Ga0207827_100004_218	189	4e-10	4	119	23	111	0.9426229508196722
NTP_transf_2	95	3300027322.a:Ga0207827_100004_220	110	6.2e-10	4	40	12	49	0.37894736842105264
HTH_5	47	3300027322.a:Ga0207827_100004_221	118	1.5e-13	1	46	25	71	0.9574468085106383
NUDIX	131	3300027322.a:Ga0207827_100004_228	174	1.4e-18	5	125	29	147	0.916030534351145
HD	122	3300027322.a:Ga0207827_100004_25	559	1.7e-19	2	120	375	465	0.9672131147540983
Trans_reg_C	77	3300027322.a:Ga0207827_100004_26	266	4.1e-25	1	77	179	254	0.987012987012987
GAF	133	3300027322.a:Ga0207827_100004_270	177	1e-11	4	130	43	167	0.9473684210526315
HD	122	3300027322.a:Ga0207827_100004_276	232	2.3e-13	2	121	36	138	0.9754098360655737
TOBE	64	3300027322.a:Ga0207827_100004_277	375	9.8e-10	2	64	300	357	0.96875
SBP_bac_1	315	3300027322.a:Ga0207827_100004_285	442	2.5e-28	4	313	47	348	0.9809523809523809
LacI	46	3300027322.a:Ga0207827_100004_290	348	4.8e-23	1	46	7	52	0.9782608695652174
Peripla_BP_3	164	3300027322.a:Ga0207827_100004_290	348	2.9e-37	1	164	173	343	0.9939024390243902
Sigma70_r2	71	3300027322.a:Ga0207827_100004_301	190	5.4e-17	1	70	27	96	0.971830985915493
Sigma70_r4_2	54	3300027322.a:Ga0207827_100004_301	190	2e-18	2	54	124	176	0.9629629629629629
Reg_prop	24	3300027322.a:Ga0207827_100004_302	1228	4.7e-06	2	23	87	108	0.875
Reg_prop	24	3300027322.a:Ga0207827_100004_302	1228	1.1e-05	2	24	276	298	0.9166666666666666
Reg_prop	24	3300027322.a:Ga0207827_100004_302	1228	4.6e-06	1	23	323	345	0.9166666666666666
Reg_prop	24	3300027322.a:Ga0207827_100004_302	1228	7.7e-06	1	24	371	394	0.9583333333333334
Reg_prop	24	3300027322.a:Ga0207827_100004_302	1228	5.3e-06	1	23	598	620	0.9166666666666666
Y_Y_Y	66	3300027322.a:Ga0207827_100004_302	1228	7.7e-21	2	65	734	796	0.9545454545454546
MCPsignal	172	3300027322.a:Ga0207827_100004_302	1228	5.7e-50	1	172	994	1179	0.9941860465116279
Response_reg	112	3300027322.a:Ga0207827_100004_33	466	7.8e-31	1	109	6	114	0.9642857142857143
AAA	132	3300027322.a:Ga0207827_100004_33	466	1.5e-08	1	111	170	288	0.8333333333333334
HTH_8	42	3300027322.a:Ga0207827_100004_33	466	1.4e-11	1	42	415	456	0.9761904761904762
AAA	132	3300027322.a:Ga0207827_100004_332	459	5.9e-19	1	123	56	162	0.9242424242424242
Peripla_BP_2	238	3300027322.a:Ga0207827_100004_34	304	1.6e-32	1	237	48	273	0.9915966386554622
Peptidase_M23	96	3300027322.a:Ga0207827_100004_349	299	3e-28	2	96	196	291	0.9791666666666666
Fer4	24	3300027322.a:Ga0207827_100004_352	327	1.9e-05	4	23	188	207	0.7916666666666666
GAF	133	3300027322.a:Ga0207827_100004_367	573	2e-09	52	133	72	151	0.6090225563909775
SpoIIE	193	3300027322.a:Ga0207827_100004_367	573	5.2e-52	1	192	378	569	0.9896373056994818
LacI	46	3300027322.a:Ga0207827_100004_376	352	6.4e-21	1	45	4	48	0.9565217391304348
Peripla_BP_3	164	3300027322.a:Ga0207827_100004_376	352	4.6e-37	1	164	167	332	0.9939024390243902
HTH_5	47	3300027322.a:Ga0207827_100004_384	103	2.6e-18	1	45	22	67	0.9361702127659575
Rhodanese	107	3300027322.a:Ga0207827_100004_387	485	4.5e-15	2	104	384	470	0.9532710280373832
Rhodanese	107	3300027322.a:Ga0207827_100004_391	117	3.3e-15	12	99	30	102	0.8130841121495327
Rhodanese	107	3300027322.a:Ga0207827_100004_392	144	2.8e-18	2	104	45	134	0.9532710280373832
Aminotran_1_2	363	3300027322.a:Ga0207827_100004_397	403	2.5e-76	2	363	36	394	0.9944903581267218
SIS	131	3300027322.a:Ga0207827_100004_42	612	8.5e-38	2	130	293	420	0.9770992366412213
SIS	131	3300027322.a:Ga0207827_100004_42	612	7.7e-32	6	130	468	593	0.9465648854961832
Rhodanese	107	3300027322.a:Ga0207827_100004_44	501	3.8e-09	12	103	411	485	0.8504672897196262
Fer4	24	3300027322.a:Ga0207827_100004_443	239	1.2e-06	4	19	144	159	0.625
Response_reg	112	3300027322.a:Ga0207827_100004_458	313	1.3e-06	47	108	1	62	0.5446428571428571
PAS	113	3300027322.a:Ga0207827_100004_458	313	1.5e-12	2	55	92	145	0.4690265486725664
PAS	113	3300027322.a:Ga0207827_100004_458	313	1.7e-11	6	99	201	294	0.8230088495575221
Rhodanese	107	3300027322.a:Ga0207827_100004_467	286	4.1e-20	2	106	9	130	0.9719626168224299
Rhodanese	107	3300027322.a:Ga0207827_100004_467	286	1.2e-17	1	105	158	272	0.9719626168224299
PAS	113	3300027322.a:Ga0207827_100004_470	692	1.4e-10	3	92	76	164	0.7876106194690266
PAS	113	3300027322.a:Ga0207827_100004_470	692	6.8e-12	2	113	195	302	0.9823008849557522
PAS	113	3300027322.a:Ga0207827_100004_470	692	5.5e-12	1	113	317	427	0.9911504424778761
HisKA	64	3300027322.a:Ga0207827_100004_470	692	2.4e-20	2	64	451	514	0.96875
HATPase_c	111	3300027322.a:Ga0207827_100004_470	692	2.5e-32	2	110	561	670	0.972972972972973
Aminotran_1_2	363	3300027322.a:Ga0207827_100004_471	379	1.7e-08	50	190	62	179	0.3856749311294766
Pyr_redox_2	292	3300027322.a:Ga0207827_100004_474	335	5.4e-55	2	292	21	309	0.9931506849315068
Pribosyltran	159	3300027322.a:Ga0207827_100004_480	174	5.6e-25	5	138	6	146	0.8364779874213837
FUR	120	3300027322.a:Ga0207827_100004_483	177	4.3e-33	2	120	22	141	0.9833333333333333
TPR_1	34	3300027322.a:Ga0207827_100004_485	466	3.5e-12	2	34	73	105	0.9411764705882353
TPR_1	34	3300027322.a:Ga0207827_100004_485	466	7e-11	2	32	107	137	0.8823529411764706
TPR_2	34	3300027322.a:Ga0207827_100004_485	466	5.5e-09	2	34	141	173	0.9411764705882353
TPR_1	34	3300027322.a:Ga0207827_100004_485	466	1.2e-08	1	32	174	205	0.9117647058823529
TPR_1	34	3300027322.a:Ga0207827_100004_485	466	9.4e-10	1	34	208	241	0.9705882352941176
TPR_1	34	3300027322.a:Ga0207827_100004_485	466	2.3e-10	3	31	244	272	0.8235294117647058
TPR_1	34	3300027322.a:Ga0207827_100004_485	466	9.5e-10	2	33	277	308	0.9117647058823529
TPR_2	34	3300027322.a:Ga0207827_100004_485	466	2.9e-10	1	33	310	342	0.9411764705882353
TPR_2	34	3300027322.a:Ga0207827_100004_485	466	2.8e-07	2	34	345	377	0.9411764705882353
TPR_2	34	3300027322.a:Ga0207827_100004_485	466	7.1e-06	2	33	379	410	0.9117647058823529
TPR_2	34	3300027322.a:Ga0207827_100004_485	466	3.5e-05	1	33	411	443	0.9411764705882353
STAS	117	3300027322.a:Ga0207827_100004_49	121	3.1e-16	10	117	18	113	0.9145299145299145
Sigma70_r2	71	3300027322.a:Ga0207827_100004_499	280	1.7e-20	2	70	47	115	0.9577464788732394
Sigma70_r3	78	3300027322.a:Ga0207827_100004_499	280	3.9e-22	2	76	126	200	0.9487179487179487
Sigma70_r4	50	3300027322.a:Ga0207827_100004_499	280	2.6e-22	1	50	214	267	0.98
TrkA_C	70	3300027322.a:Ga0207827_100004_501	219	4.3e-13	5	68	152	217	0.9
Response_reg	112	3300027322.a:Ga0207827_100004_51	372	9.2e-30	1	112	6	117	0.9910714285714286
SpoIIE	193	3300027322.a:Ga0207827_100004_51	372	3.8e-42	2	191	177	368	0.9792746113989638
CBS	57	3300027322.a:Ga0207827_100004_527	217	3.7e-18	1	53	3	54	0.9122807017543859
CBS	57	3300027322.a:Ga0207827_100004_527	217	5.6e-17	1	56	70	124	0.9649122807017544
ACT	67	3300027322.a:Ga0207827_100004_527	217	8.3e-08	2	60	135	190	0.8656716417910447
HTH_11	55	3300027322.a:Ga0207827_100004_531	312	4.2e-13	9	55	10	54	0.8363636363636363
Aminotran_1_2	363	3300027322.a:Ga0207827_100004_533	393	3.7e-66	3	362	36	380	0.9889807162534435
CbiA	128	3300027322.a:Ga0207827_100004_536	242	2e-11	1	122	4	212	0.9453125
Citrate_synt	361	3300027322.a:Ga0207827_100004_539	378	2.7e-126	1	360	10	358	0.9944598337950139
CBS	57	3300027322.a:Ga0207827_100004_540	417	3.5e-07	4	53	213	263	0.8596491228070176
CBS	57	3300027322.a:Ga0207827_100004_540	417	2e-08	5	55	271	321	0.8771929824561403
NTP_transf_2	95	3300027322.a:Ga0207827_100004_555	120	2.6e-08	17	48	39	72	0.3263157894736842
Glycos_trans_3N	63	3300027322.a:Ga0207827_100004_561	447	1.3e-21	2	63	6	67	0.9682539682539683
MCPsignal	172	3300027322.a:Ga0207827_100004_565	526	5e-34	5	167	101	263	0.9418604651162791
PALP	294	3300027322.a:Ga0207827_100004_573	398	2.2e-73	2	292	77	380	0.9863945578231292
PadR	75	3300027322.a:Ga0207827_100004_574	169	7.7e-16	1	74	6	81	0.9733333333333334
SBP_bac_1	315	3300027322.a:Ga0207827_100004_575	279	3.8e-10	11	312	46	248	0.9555555555555556
TOBE	64	3300027322.a:Ga0207827_100004_577	362	7.2e-18	1	64	297	358	0.984375
FecR	96	3300027322.a:Ga0207827_100004_582	317	1.8e-16	5	96	103	194	0.9479166666666666
Sigma70_r2	71	3300027322.a:Ga0207827_100004_583	185	4.1e-17	1	71	23	91	0.9859154929577465
Sigma70_r4_2	54	3300027322.a:Ga0207827_100004_583	185	5.5e-21	5	54	124	173	0.9074074074074074
NTP_transf_2	95	3300027322.a:Ga0207827_100004_588	108	1.6e-10	14	74	23	79	0.631578947368421
NUDIX	131	3300027322.a:Ga0207827_100004_593	184	1.8e-18	6	116	46	157	0.8396946564885496
AraC_binding	136	3300027322.a:Ga0207827_100004_594	393	2.8e-05	40	88	177	223	0.35294117647058826
NUDIX	131	3300027322.a:Ga0207827_100004_597	228	1.7e-23	5	119	92	206	0.8702290076335878
HTH_3	55	3300027322.a:Ga0207827_100004_6	506	1.5e-15	1	55	16	70	0.9818181818181818
Sigma70_r2	71	3300027322.a:Ga0207827_100004_631	211	1.5e-07	19	70	69	118	0.7183098591549296
Sigma70_r4_2	54	3300027322.a:Ga0207827_100004_631	211	2e-11	4	54	150	200	0.9259259259259259
AAA	132	3300027322.a:Ga0207827_100004_634	504	2.5e-05	2	98	202	292	0.7272727272727273
PIG-L	131	3300027322.a:Ga0207827_100004_654	643	6.1e-21	2	131	358	537	0.9847328244274809
LacI	46	3300027322.a:Ga0207827_100004_657	340	1.1e-16	1	46	5	50	0.9782608695652174
Peripla_BP_3	164	3300027322.a:Ga0207827_100004_657	340	3.7e-41	1	164	174	335	0.9939024390243902
TPR_2	34	3300027322.a:Ga0207827_100004_658	298	3.3e-06	2	34	41	73	0.9411764705882353
TPR_4	26	3300027322.a:Ga0207827_100004_658	298	2.2e-05	3	25	167	189	0.8461538461538461
CBS	57	3300027322.a:Ga0207827_100004_659	463	3.3e-07	1	43	134	181	0.7368421052631579
CBS	57	3300027322.a:Ga0207827_100004_659	463	1.3e-08	2	54	199	251	0.9122807017543859
MCPsignal	172	3300027322.a:Ga0207827_100004_663	601	5.9e-06	113	170	290	347	0.3313953488372093
MCPsignal	172	3300027322.a:Ga0207827_100004_663	601	2.6e-53	2	171	361	544	0.9825581395348837
HTH_1	60	3300027322.a:Ga0207827_100004_665	316	5.5e-20	1	60	3	62	0.9833333333333333
LysR_substrate	209	3300027322.a:Ga0207827_100004_665	316	1.5e-41	3	207	88	295	0.9760765550239234
HMA	62	3300027322.a:Ga0207827_100004_670	346	1e-10	1	62	277	336	0.9838709677419355
AAA	132	3300027322.a:Ga0207827_100004_672	298	1.7e-11	1	124	41	193	0.9318181818181818
PAS	113	3300027322.a:Ga0207827_100004_681	746	1e-12	3	112	12	118	0.9646017699115044
GAF	133	3300027322.a:Ga0207827_100004_681	746	3.5e-12	5	131	233	366	0.9473684210526315
PAS	113	3300027322.a:Ga0207827_100004_681	746	2.2e-11	6	113	383	490	0.9469026548672567
HisKA	64	3300027322.a:Ga0207827_100004_681	746	1.1e-22	2	63	514	580	0.953125
HATPase_c	111	3300027322.a:Ga0207827_100004_681	746	4.1e-35	1	109	626	738	0.972972972972973
Response_reg	112	3300027322.a:Ga0207827_100004_682	194	5e-22	1	109	66	180	0.9642857142857143
PAS	113	3300027322.a:Ga0207827_100004_683	665	3.8e-08	2	113	86	199	0.9823008849557522
PAS	113	3300027322.a:Ga0207827_100004_683	665	1.4e-09	20	112	232	323	0.8141592920353983
PAS	113	3300027322.a:Ga0207827_100004_683	665	5.6e-10	2	112	340	449	0.9734513274336283
HisKA	64	3300027322.a:Ga0207827_100004_683	665	1.3e-18	2	63	474	540	0.953125
T2SSE	273	3300027322.a:Ga0207827_100004_77	433	2.6e-31	128	266	205	346	0.5054945054945055
T2SSE	273	3300027322.a:Ga0207827_100004_81	1127	3.4e-64	3	272	736	1007	0.9853479853479854
SKI	158	3300027322.a:Ga0207827_100004_86	168	2.3e-19	1	150	9	154	0.9430379746835443
Pribosyltran	159	3300027322.a:Ga0207827_100004_88	193	1e-15	16	132	26	150	0.7295597484276729
NTP_transf_2	95	3300027322.a:Ga0207827_100004_90	107	2.9e-14	4	74	19	93	0.7368421052631579
NTP_transf_2	95	3300027322.a:Ga0207827_100004_94	103	1.4e-17	2	92	16	99	0.9473684210526315
Y_Y_Y	66	3300027322.a:Ga0207827_100006_104	578	1e-08	5	61	213	266	0.8484848484848485
HisKA	64	3300027322.a:Ga0207827_100006_104	578	2.2e-18	2	64	339	403	0.96875
HATPase_c	111	3300027322.a:Ga0207827_100006_104	578	3.5e-30	1	109	449	558	0.972972972972973
HhH-GPD	108	3300027322.a:Ga0207827_100006_116	281	2.8e-23	1	106	35	169	0.9722222222222222
PglZ	176	3300027322.a:Ga0207827_100006_117	511	4e-05	105	169	383	447	0.36363636363636365
TPR_1	34	3300027322.a:Ga0207827_100006_133	107	1.2e-06	3	31	54	82	0.8235294117647058
ACT	67	3300027322.a:Ga0207827_100006_149	374	9.2e-08	4	38	301	335	0.5074626865671642
Response_reg	112	3300027322.a:Ga0207827_100006_155	462	8.5e-36	1	111	5	114	0.9821428571428571
AAA	132	3300027322.a:Ga0207827_100006_155	462	9.7e-08	1	115	169	292	0.8636363636363636
HTH_8	42	3300027322.a:Ga0207827_100006_155	462	4.3e-10	3	42	416	455	0.9285714285714286
HisKA	64	3300027322.a:Ga0207827_100006_161	203	8.7e-09	3	57	135	195	0.84375
NTP_transf_2	95	3300027322.a:Ga0207827_100006_163	107	3.3e-12	2	48	10	62	0.4842105263157895
TetR_N	47	3300027322.a:Ga0207827_100006_178	219	2.4e-19	1	47	15	61	0.9787234042553191
NTP_transf_2	95	3300027322.a:Ga0207827_100006_190	104	1.7e-12	8	93	24	101	0.8947368421052632
TPR_2	34	3300027322.a:Ga0207827_100006_201	382	2e-07	1	34	31	64	0.9705882352941176
TPR_1	34	3300027322.a:Ga0207827_100006_201	382	5.8e-08	5	29	69	93	0.7058823529411765
TPR_2	34	3300027322.a:Ga0207827_100006_201	382	1.3e-05	4	32	115	143	0.8235294117647058
TPR_2	34	3300027322.a:Ga0207827_100006_201	382	7.8e-07	2	34	147	179	0.9411764705882353
TPR_2	34	3300027322.a:Ga0207827_100006_201	382	8.7e-05	4	31	217	244	0.7941176470588235
TPR_2	34	3300027322.a:Ga0207827_100006_201	382	6e-07	3	34	266	297	0.9117647058823529
TPR_2	34	3300027322.a:Ga0207827_100006_201	382	1.7e-08	1	34	332	365	0.9705882352941176
TPR_2	34	3300027322.a:Ga0207827_100006_202	907	5.7e-05	5	32	759	786	0.7941176470588235
TPR_2	34	3300027322.a:Ga0207827_100006_202	907	5.1e-08	4	34	792	822	0.8823529411764706
TPR_2	34	3300027322.a:Ga0207827_100006_204	410	2.5e-06	3	33	106	136	0.8823529411764706
TPR_2	34	3300027322.a:Ga0207827_100006_204	410	6.4e-06	1	33	137	169	0.9411764705882353
TPR_1	34	3300027322.a:Ga0207827_100006_204	410	4.5e-07	1	32	171	202	0.9117647058823529
TPR_4	26	3300027322.a:Ga0207827_100006_204	410	5.5e-05	2	25	206	229	0.8846153846153846
TPR_4	26	3300027322.a:Ga0207827_100006_204	410	2.7e-06	2	26	240	264	0.9230769230769231
TPR_2	34	3300027322.a:Ga0207827_100006_204	410	2.9e-06	1	34	289	322	0.9705882352941176
TPR_2	34	3300027322.a:Ga0207827_100006_204	410	1.4e-09	2	33	358	389	0.9117647058823529
TPR_1	34	3300027322.a:Ga0207827_100006_210	405	5.3e-08	1	34	65	98	0.9705882352941176
TPR_2	34	3300027322.a:Ga0207827_100006_210	405	5.3e-05	3	32	101	130	0.8529411764705882
TPR_2	34	3300027322.a:Ga0207827_100006_210	405	2.6e-05	1	33	140	172	0.9411764705882353
TPR_2	34	3300027322.a:Ga0207827_100006_210	405	3.3e-07	1	32	174	205	0.9117647058823529
TPR_1	34	3300027322.a:Ga0207827_100006_210	405	9.1e-05	4	32	211	239	0.8235294117647058
TPR_2	34	3300027322.a:Ga0207827_100006_210	405	4.7e-05	1	34	292	325	0.9705882352941176
TPR_2	34	3300027322.a:Ga0207827_100006_210	405	1e-08	1	34	360	393	0.9705882352941176
TPR_1	34	3300027322.a:Ga0207827_100006_211	403	4.2e-07	2	34	71	103	0.9411764705882353
TPR_2	34	3300027322.a:Ga0207827_100006_211	403	3.5e-05	3	33	106	136	0.8823529411764706
BTAD	146	3300027322.a:Ga0207827_100006_211	403	1.9e-07	53	125	196	271	0.4931506849315068
TPR_2	34	3300027322.a:Ga0207827_100006_211	403	2.5e-07	2	34	290	322	0.9411764705882353
TPR_1	34	3300027322.a:Ga0207827_100006_211	403	6.2e-06	2	33	324	355	0.9117647058823529
TPR_2	34	3300027322.a:Ga0207827_100006_211	403	1.3e-05	2	34	358	390	0.9411764705882353
PAS	113	3300027322.a:Ga0207827_100006_238	638	7.3e-14	1	112	176	284	0.9823008849557522
HATPase_c	111	3300027322.a:Ga0207827_100006_238	638	8.3e-10	4	107	544	630	0.9279279279279279
Response_reg	112	3300027322.a:Ga0207827_100006_239	235	2.4e-27	1	111	19	130	0.9821428571428571
GerE	57	3300027322.a:Ga0207827_100006_239	235	4.9e-18	2	57	166	221	0.9649122807017544
Response_reg	112	3300027322.a:Ga0207827_100006_240	243	1.1e-26	1	111	28	139	0.9821428571428571
GerE	57	3300027322.a:Ga0207827_100006_240	243	4.3e-15	2	57	176	231	0.9649122807017544
CbiA	128	3300027322.a:Ga0207827_100006_243	791	6.7e-13	2	90	590	764	0.6875
Rhodanese	107	3300027322.a:Ga0207827_100006_25	290	8.7e-15	2	106	13	122	0.9719626168224299
Rhodanese	107	3300027322.a:Ga0207827_100006_25	290	1.3e-22	3	105	153	272	0.9532710280373832
NUDIX	131	3300027322.a:Ga0207827_100006_27	212	2.8e-19	4	122	51	169	0.9007633587786259
Response_reg	112	3300027322.a:Ga0207827_100006_287	129	2.8e-23	2	112	10	121	0.9821428571428571
Response_reg	112	3300027322.a:Ga0207827_100006_29	234	3.6e-34	1	112	5	115	0.9910714285714286
Trans_reg_C	77	3300027322.a:Ga0207827_100006_29	234	2.6e-29	1	77	151	227	0.987012987012987
HisKA	64	3300027322.a:Ga0207827_100006_30	487	3.8e-14	1	62	260	326	0.953125
HATPase_c	111	3300027322.a:Ga0207827_100006_30	487	1.8e-24	2	109	375	479	0.963963963963964
HisKA	64	3300027322.a:Ga0207827_100006_302	650	1.9e-12	2	64	419	484	0.96875
HATPase_c	111	3300027322.a:Ga0207827_100006_302	650	2.7e-26	1	109	531	641	0.972972972972973
Aminotran_1_2	363	3300027322.a:Ga0207827_100006_311	438	4.1e-05	129	303	183	399	0.4793388429752066
TPR_2	34	3300027322.a:Ga0207827_100006_32	408	9.7e-07	4	34	197	227	0.8823529411764706
TPR_2	34	3300027322.a:Ga0207827_100006_32	408	1.6e-08	4	34	265	295	0.8823529411764706
Sigma70_r2	71	3300027322.a:Ga0207827_100006_328	177	3.2e-11	8	70	18	78	0.8732394366197183
Sigma70_r4_2	54	3300027322.a:Ga0207827_100006_328	177	2.3e-12	2	54	103	155	0.9629629629629629
TPR_1	34	3300027322.a:Ga0207827_100006_332	192	1.9e-08	3	31	72	100	0.8235294117647058
TPR_2	34	3300027322.a:Ga0207827_100006_332	192	2.9e-06	2	31	113	142	0.8529411764705882
TPR_2	34	3300027322.a:Ga0207827_100006_332	192	8.9e-05	4	30	157	183	0.7647058823529411
LacI	46	3300027322.a:Ga0207827_100006_336	354	3.5e-11	2	46	8	52	0.9565217391304348
Peripla_BP_1	279	3300027322.a:Ga0207827_100006_336	354	2.1e-27	3	268	65	323	0.9498207885304659
HisKA	64	3300027322.a:Ga0207827_100006_34	463	1.7e-16	2	62	235	298	0.9375
HATPase_c	111	3300027322.a:Ga0207827_100006_34	463	1.1e-32	2	109	345	453	0.963963963963964
TPR_2	34	3300027322.a:Ga0207827_100006_348	1001	8e-05	2	29	105	132	0.7941176470588235
TPR_2	34	3300027322.a:Ga0207827_100006_348	1001	8e-06	1	33	141	173	0.9411764705882353
TPR_1	34	3300027322.a:Ga0207827_100006_348	1001	3.3e-05	3	29	253	279	0.7647058823529411
TPR_2	34	3300027322.a:Ga0207827_100006_348	1001	7.4e-06	2	30	398	426	0.8235294117647058
TPR_2	34	3300027322.a:Ga0207827_100006_348	1001	9.7e-07	3	30	511	538	0.7941176470588235
TPR_2	34	3300027322.a:Ga0207827_100006_348	1001	8.2e-07	2	29	551	578	0.7941176470588235
TPR_2	34	3300027322.a:Ga0207827_100006_348	1001	1.7e-08	2	33	584	615	0.9117647058823529
TPR_2	34	3300027322.a:Ga0207827_100006_348	1001	5.4e-09	2	34	621	653	0.9411764705882353
TPR_1	34	3300027322.a:Ga0207827_100006_348	1001	2.4e-07	1	33	657	689	0.9411764705882353
TPR_1	34	3300027322.a:Ga0207827_100006_348	1001	0.0001	1	26	805	830	0.7352941176470589
Response_reg	112	3300027322.a:Ga0207827_100006_35	238	5.5e-32	1	112	12	123	0.9910714285714286
Trans_reg_C	77	3300027322.a:Ga0207827_100006_35	238	7.9e-27	2	77	156	228	0.974025974025974
PfkB	302	3300027322.a:Ga0207827_100006_351	319	9.1e-33	32	295	22	277	0.8708609271523179
CbiA	128	3300027322.a:Ga0207827_100006_359	284	7.4e-23	1	127	12	233	0.984375
PAS	113	3300027322.a:Ga0207827_100006_360	617	1.1e-06	5	112	136	244	0.9469026548672567
HTH_5	47	3300027322.a:Ga0207827_100006_361	111	7.1e-15	1	46	27	73	0.9574468085106383
HisKA	64	3300027322.a:Ga0207827_100006_363	918	2.5e-16	2	64	675	741	0.96875
HATPase_c	111	3300027322.a:Ga0207827_100006_363	918	4.4e-31	1	109	787	898	0.972972972972973
Response_reg	112	3300027322.a:Ga0207827_100006_364	133	1.1e-29	1	111	8	119	0.9821428571428571
PAS	113	3300027322.a:Ga0207827_100006_365	318	4.7e-06	3	41	9	47	0.336283185840708
FmdA_AmdA	372	3300027322.a:Ga0207827_100006_378	444	1.3e-66	55	365	56	421	0.8333333333333334
Sigma70_r2	71	3300027322.a:Ga0207827_100006_384	191	9.3e-14	1	69	22	88	0.9577464788732394
Sigma70_r4_2	54	3300027322.a:Ga0207827_100006_384	191	1.5e-17	3	54	121	172	0.9444444444444444
TetR_N	47	3300027322.a:Ga0207827_100006_393	124	2.3e-18	1	47	10	56	0.9787234042553191
NTP_transf_2	95	3300027322.a:Ga0207827_100006_400	97	5.1e-05	3	76	10	78	0.7684210526315789
Pyr_redox_2	292	3300027322.a:Ga0207827_100006_404	446	7.2e-14	2	169	2	203	0.571917808219178
STAS	117	3300027322.a:Ga0207827_100006_414	124	5.8e-15	26	117	28	107	0.7777777777777778
HisKA	64	3300027322.a:Ga0207827_100006_417	447	2.3e-10	7	57	237	290	0.78125
HATPase_c	111	3300027322.a:Ga0207827_100006_417	447	1.6e-22	9	109	346	445	0.9009009009009009
HhH-GPD	108	3300027322.a:Ga0207827_100006_421	218	9.4e-26	2	107	39	173	0.9722222222222222
TPR_2	34	3300027322.a:Ga0207827_100006_428	281	1.4e-06	3	32	79	108	0.8529411764705882
Fer4	24	3300027322.a:Ga0207827_100006_430	98	4.2e-07	4	23	60	79	0.7916666666666666
TPR_2	34	3300027322.a:Ga0207827_100006_437	121	1.1e-07	1	33	72	104	0.9411764705882353
NUDIX	131	3300027322.a:Ga0207827_100006_441	189	5.1e-20	6	117	45	154	0.8473282442748091
Response_reg	112	3300027322.a:Ga0207827_100006_451	157	7.7e-05	63	108	94	141	0.4017857142857143
HTH_5	47	3300027322.a:Ga0207827_100006_470	138	2.7e-19	1	46	46	92	0.9574468085106383
HMA	62	3300027322.a:Ga0207827_100006_471	208	4e-12	2	62	138	198	0.967741935483871
HMA	62	3300027322.a:Ga0207827_100006_472	558	4.2e-13	2	61	7	67	0.9516129032258065
Pyr_redox_2	292	3300027322.a:Ga0207827_100006_472	558	2.4e-60	1	292	95	413	0.9965753424657534
Glyoxalase	128	3300027322.a:Ga0207827_100006_475	318	5.3e-15	1	126	5	125	0.9765625
Glyoxalase	128	3300027322.a:Ga0207827_100006_475	318	2e-13	3	128	154	268	0.9765625
Nitroreductase	170	3300027322.a:Ga0207827_100006_48	362	1.6e-15	1	170	147	339	0.9941176470588236
Response_reg	112	3300027322.a:Ga0207827_100006_487	232	6.5e-31	1	111	3	112	0.9821428571428571
Trans_reg_C	77	3300027322.a:Ga0207827_100006_487	232	2.6e-27	4	77	149	221	0.948051948051948
HisKA	64	3300027322.a:Ga0207827_100006_488	479	1.2e-11	3	63	252	315	0.9375
HATPase_c	111	3300027322.a:Ga0207827_100006_488	479	6.4e-23	5	108	365	469	0.9279279279279279
GAF	133	3300027322.a:Ga0207827_100006_52	373	5.6e-15	2	131	18	155	0.9699248120300752
PAS	113	3300027322.a:Ga0207827_100006_52	373	3.4e-21	1	113	167	279	0.9911504424778761
HisKA	64	3300027322.a:Ga0207827_100006_52	373	7.5e-22	2	62	303	368	0.9375
HATPase_c	111	3300027322.a:Ga0207827_100006_53	214	3.4e-34	2	108	97	204	0.954954954954955
CbiA	128	3300027322.a:Ga0207827_100006_58	451	6.6e-07	6	88	107	257	0.640625
HATPase_c	111	3300027322.a:Ga0207827_100006_6	610	9.5e-10	5	62	31	86	0.5135135135135135
Pribosyltran	159	3300027322.a:Ga0207827_100006_8	194	5.5e-27	9	158	30	176	0.9371069182389937
Glycos_trans_3N	63	3300027322.a:Ga0207827_100006_80	350	2e-22	2	63	3	64	0.9682539682539683
PALP	294	3300027322.a:Ga0207827_100006_83	403	5.6e-54	3	294	63	389	0.9897959183673469
CBS	57	3300027322.a:Ga0207827_100006_93	626	0.0001	9	55	492	542	0.8070175438596491
CBS	57	3300027322.a:Ga0207827_100006_93	626	1.9e-07	8	54	560	606	0.8070175438596491
TrkA_C	70	3300027322.a:Ga0207827_100006_98	592	1.4e-14	1	67	221	288	0.9428571428571428
TrkA_C	70	3300027322.a:Ga0207827_100006_98	592	4.1e-12	1	55	309	365	0.7714285714285715
CbiA	128	3300027322.a:Ga0207827_100006_99	579	1.6e-05	6	68	404	468	0.484375
TPR_1	34	3300027322.a:Ga0207827_100009_102	376	6.9e-05	7	29	96	118	0.6470588235294118
TPR_2	34	3300027322.a:Ga0207827_100009_102	376	4.9e-06	3	32	132	161	0.8529411764705882
TPR_1	34	3300027322.a:Ga0207827_100009_105	281	1.4e-05	6	25	39	58	0.5588235294117647
PIG-L	131	3300027322.a:Ga0207827_100009_112	267	5.7e-22	1	130	21	137	0.9847328244274809
HD	122	3300027322.a:Ga0207827_100009_114	231	8.9e-06	26	121	72	157	0.7786885245901639
Aminotran_1_2	363	3300027322.a:Ga0207827_100009_117	370	1.4e-52	4	358	35	354	0.9752066115702479
SpoIIE	193	3300027322.a:Ga0207827_100009_121	847	3e-46	1	192	642	839	0.9896373056994818
FecR	96	3300027322.a:Ga0207827_100009_126	379	9.5e-17	5	95	175	261	0.9375
Sigma70_r2	71	3300027322.a:Ga0207827_100009_127	181	1.2e-09	1	68	26	91	0.9436619718309859
Sigma70_r4_2	54	3300027322.a:Ga0207827_100009_127	181	1.9e-13	2	54	118	169	0.9629629629629629
Pribosyltran	159	3300027322.a:Ga0207827_100009_130	233	4.1e-27	14	158	12	198	0.9056603773584906
PfkB	302	3300027322.a:Ga0207827_100009_177	343	1.6e-39	3	289	2	313	0.9470198675496688
DctP	286	3300027322.a:Ga0207827_100009_182	328	3.9e-85	1	283	32	310	0.986013986013986
AraC_binding	136	3300027322.a:Ga0207827_100009_187	122	8.1e-05	16	82	43	108	0.4852941176470588
Fer4	24	3300027322.a:Ga0207827_100009_189	119	4.4e-10	3	24	35	56	0.875
Hemerythrin	131	3300027322.a:Ga0207827_100009_193	239	1.3e-24	2	131	81	227	0.9847328244274809
HTH_5	47	3300027322.a:Ga0207827_100009_196	217	3.5e-09	1	46	9	55	0.9574468085106383
PadR	75	3300027322.a:Ga0207827_100009_196	217	9.6e-08	34	71	41	78	0.49333333333333335
CheW	138	3300027322.a:Ga0207827_100009_2	166	3.5e-45	1	137	12	148	0.9855072463768116
AAA	132	3300027322.a:Ga0207827_100009_209	519	9.4e-05	2	76	275	376	0.5606060606060606
HisKA	64	3300027322.a:Ga0207827_100009_214	489	2e-18	2	64	248	312	0.96875
HATPase_c	111	3300027322.a:Ga0207827_100009_214	489	8.6e-28	3	108	360	466	0.9459459459459459
CbiA	128	3300027322.a:Ga0207827_100009_22	258	2.2e-16	1	127	8	224	0.984375
CbiA	128	3300027322.a:Ga0207827_100009_224	368	9.1e-18	1	120	105	317	0.9296875
GAF	133	3300027322.a:Ga0207827_100009_228	749	3.4e-12	4	133	306	454	0.9699248120300752
SpoIIE	193	3300027322.a:Ga0207827_100009_228	749	6.4e-48	1	193	517	712	0.9948186528497409
STAS	117	3300027322.a:Ga0207827_100009_229	125	4e-13	5	114	9	106	0.9316239316239316
HATPase_c	111	3300027322.a:Ga0207827_100009_230	152	4.6e-07	4	93	39	123	0.8018018018018018
Sigma70_r2	71	3300027322.a:Ga0207827_100009_237	199	1.9e-15	1	70	24	95	0.971830985915493
Sigma70_r4_2	54	3300027322.a:Ga0207827_100009_237	199	4.2e-14	2	42	132	172	0.7407407407407407
Aminotran_1_2	363	3300027322.a:Ga0207827_100009_238	444	3.2e-14	46	196	80	208	0.4132231404958678
Sigma70_r2	71	3300027322.a:Ga0207827_100009_24	254	3.1e-13	6	67	29	93	0.8591549295774648
Sigma70_r3	78	3300027322.a:Ga0207827_100009_24	254	5.2e-13	2	76	104	180	0.9487179487179487
Sigma70_r4	50	3300027322.a:Ga0207827_100009_24	254	9.3e-17	3	49	196	242	0.92
AAA	132	3300027322.a:Ga0207827_100009_240	454	2.1e-07	1	112	93	218	0.8409090909090909
CbiA	128	3300027322.a:Ga0207827_100009_242	253	1.7e-05	5	83	33	196	0.609375
Hemerythrin	131	3300027322.a:Ga0207827_100009_243	311	8.4e-05	12	121	148	260	0.8320610687022901
NIR_SIR_ferr	69	3300027322.a:Ga0207827_100009_255	644	3e-22	2	68	71	136	0.9565217391304348
NIR_SIR	159	3300027322.a:Ga0207827_100009_255	644	4.3e-39	1	158	145	300	0.9874213836477987
NIR_SIR_ferr	69	3300027322.a:Ga0207827_100009_255	644	4.1e-20	1	68	319	384	0.9710144927536232
NIR_SIR	159	3300027322.a:Ga0207827_100009_255	644	1.9e-05	9	126	399	516	0.7358490566037735
Glycos_trans_3N	63	3300027322.a:Ga0207827_100009_258	347	1.3e-19	3	62	7	70	0.9365079365079365
Response_reg	112	3300027322.a:Ga0207827_100009_260	524	2e-19	2	109	105	214	0.9553571428571429
GGDEF	161	3300027322.a:Ga0207827_100009_260	524	6.4e-30	3	153	229	378	0.9316770186335404
Response_reg	112	3300027322.a:Ga0207827_100009_260	524	2.7e-31	1	111	398	509	0.9821428571428571
HEAT_PBS	27	3300027322.a:Ga0207827_100009_261	363	9.4e-05	1	27	289	315	0.9629629629629629
CbiA	128	3300027322.a:Ga0207827_100009_273	321	4.2e-06	9	90	125	275	0.6328125
AAA	132	3300027322.a:Ga0207827_100009_278	306	2.5e-11	2	124	43	197	0.9242424242424242
HxlR	91	3300027322.a:Ga0207827_100009_279	107	3.6e-26	1	88	16	103	0.9560439560439561
Pyr_redox	81	3300027322.a:Ga0207827_100009_28	287	9.4e-06	2	58	6	62	0.691358024691358
Glyoxalase	128	3300027322.a:Ga0207827_100009_284	261	4.8e-11	2	128	9	122	0.984375
Glyoxalase	128	3300027322.a:Ga0207827_100009_284	261	1.8e-05	1	67	162	221	0.515625
Response_reg	112	3300027322.a:Ga0207827_100009_309	633	1.7e-18	1	110	7	119	0.9732142857142857
PAS	113	3300027322.a:Ga0207827_100009_309	633	1.9e-16	4	113	137	244	0.9646017699115044
HisKA	64	3300027322.a:Ga0207827_100009_309	633	3e-10	2	61	263	325	0.921875
HATPase_c	111	3300027322.a:Ga0207827_100009_309	633	2.6e-24	1	109	369	490	0.972972972972973
Response_reg	112	3300027322.a:Ga0207827_100009_309	633	1.4e-25	1	110	513	622	0.9732142857142857
Response_reg	112	3300027322.a:Ga0207827_100009_310	152	6.5e-23	1	111	9	132	0.9821428571428571
PAS	113	3300027322.a:Ga0207827_100009_311	629	1.4e-07	7	112	11	112	0.9292035398230089
PAS	113	3300027322.a:Ga0207827_100009_311	629	5.6e-17	3	105	256	357	0.9026548672566371
HisKA	64	3300027322.a:Ga0207827_100009_311	629	4.4e-16	2	62	389	454	0.9375
HATPase_c	111	3300027322.a:Ga0207827_100009_311	629	1.9e-26	2	110	499	613	0.972972972972973
Pribosyltran	159	3300027322.a:Ga0207827_100009_317	317	4.1e-22	19	126	157	256	0.6729559748427673
Sigma70_r2	71	3300027322.a:Ga0207827_100009_330	197	3.4e-17	1	70	41	108	0.971830985915493
Sigma70_r4_2	54	3300027322.a:Ga0207827_100009_330	197	5.8e-21	2	54	136	188	0.9629629629629629
B12-binding_2	75	3300027322.a:Ga0207827_100009_334	1237	3.1e-29	1	74	658	731	0.9733333333333334
B12-binding	121	3300027322.a:Ga0207827_100009_334	1237	5.2e-23	2	92	750	840	0.743801652892562
GAF	133	3300027322.a:Ga0207827_100009_336	663	1.1e-09	21	133	176	296	0.8421052631578947
PAS	113	3300027322.a:Ga0207827_100009_336	663	1.4e-09	3	112	312	408	0.9646017699115044
HisKA	64	3300027322.a:Ga0207827_100009_336	663	1.5e-13	2	63	433	497	0.953125
HATPase_c	111	3300027322.a:Ga0207827_100009_336	663	9.3e-29	2	109	544	652	0.963963963963964
CheR_N	53	3300027322.a:Ga0207827_100009_4	298	3.2e-17	1	52	20	71	0.9622641509433962
CheR	195	3300027322.a:Ga0207827_100009_4	298	1e-63	1	190	87	275	0.9692307692307692
ACT	67	3300027322.a:Ga0207827_100009_43	205	5.4e-12	1	66	32	97	0.9701492537313433
TrkA_C	70	3300027322.a:Ga0207827_100009_46	268	2.3e-07	30	69	1	40	0.5571428571428572
TrkA_C	70	3300027322.a:Ga0207827_100009_46	268	3.3e-18	2	69	198	264	0.9571428571428572
HisKA	64	3300027322.a:Ga0207827_100009_48	1348	8.9e-10	2	61	1109	1178	0.921875
HATPase_c	111	3300027322.a:Ga0207827_100009_48	1348	1.9e-22	2	110	1221	1332	0.972972972972973
Response_reg	112	3300027322.a:Ga0207827_100009_5	122	7.2e-29	1	109	5	114	0.9642857142857143
TPR_1	34	3300027322.a:Ga0207827_100009_55	290	8.8e-07	12	34	92	114	0.6470588235294118
TPR_2	34	3300027322.a:Ga0207827_100009_55	290	1.6e-05	1	31	205	235	0.8823529411764706
TPR_1	34	3300027322.a:Ga0207827_100009_55	290	1.7e-06	1	28	243	270	0.7941176470588235
Aminotran_1_2	363	3300027322.a:Ga0207827_100009_57	388	7.7e-13	43	308	40	289	0.7300275482093664
Response_reg	112	3300027322.a:Ga0207827_100009_6	123	3.5e-34	2	112	4	116	0.9821428571428571
Aminotran_1_2	363	3300027322.a:Ga0207827_100009_66	388	1.6e-09	49	297	52	284	0.6831955922865014
CheZ	202	3300027322.a:Ga0207827_100009_7	335	9.4e-16	26	200	49	239	0.8613861386138614
H-kinase_dim	69	3300027322.a:Ga0207827_100009_8	771	8.3e-20	2	68	364	430	0.9565217391304348
HATPase_c	111	3300027322.a:Ga0207827_100009_8	771	7.4e-23	3	110	478	618	0.963963963963964
CheW	138	3300027322.a:Ga0207827_100009_8	771	3.7e-29	1	136	623	752	0.9782608695652174
AAA	132	3300027322.a:Ga0207827_100009_81	420	3.4e-17	1	96	118	221	0.7196969696969697
Aminotran_1_2	363	3300027322.a:Ga0207827_100009_84	396	9.7e-75	2	361	41	381	0.9889807162534435
Fer4	24	3300027322.a:Ga0207827_100009_87	467	5.5e-06	7	20	308	321	0.5416666666666666
Response_reg	112	3300027322.a:Ga0207827_100009_9	354	9.9e-29	1	102	4	107	0.9017857142857143
CheB_methylest	170	3300027322.a:Ga0207827_100009_9	354	9.8e-67	1	169	159	337	0.9882352941176471
Sigma70_r4	50	3300027322.a:Ga0207827_100009_98	318	1.1e-07	14	46	18	50	0.64
TPR_2	34	3300027322.a:Ga0207827_100012_10	539	8.5e-05	2	33	60	91	0.9117647058823529
TPR_4	26	3300027322.a:Ga0207827_100012_10	539	6e-05	6	26	466	486	0.7692307692307693
TPR_2	34	3300027322.a:Ga0207827_100012_10	539	1.1e-08	3	34	497	528	0.9117647058823529
AAA	132	3300027322.a:Ga0207827_100012_100	443	2.1e-06	1	111	36	154	0.8333333333333334
HTH_8	42	3300027322.a:Ga0207827_100012_100	443	7e-17	1	41	397	437	0.9523809523809523
HD	122	3300027322.a:Ga0207827_100012_103	398	2.8e-12	2	93	112	214	0.7459016393442623
Sigma70_r2	71	3300027322.a:Ga0207827_100012_117	174	3e-15	2	68	17	81	0.9295774647887324
Sigma70_r4_2	54	3300027322.a:Ga0207827_100012_117	174	3.6e-23	2	54	113	165	0.9629629629629629
Peptidase_M23	96	3300027322.a:Ga0207827_100012_12	395	1.1e-18	2	96	294	387	0.9791666666666666
PIG-L	131	3300027322.a:Ga0207827_100012_122	282	8.9e-29	1	130	36	170	0.9847328244274809
FecR	96	3300027322.a:Ga0207827_100012_126	341	4.9e-15	2	95	127	218	0.96875
PfkB	302	3300027322.a:Ga0207827_100012_129	309	3.4e-16	172	284	118	241	0.3708609271523179
Pyr_redox_2	292	3300027322.a:Ga0207827_100012_13	475	1.2e-75	1	292	7	335	0.9965753424657534
Pyr_redox_2	292	3300027322.a:Ga0207827_100012_133	375	1e-05	17	111	113	214	0.3219178082191781
Pyr_redox_2	292	3300027322.a:Ga0207827_100012_134	349	9.6e-07	3	110	7	198	0.3664383561643836
AAA	132	3300027322.a:Ga0207827_100012_136	585	3.1e-21	2	129	330	455	0.9621212121212122
CBS	57	3300027322.a:Ga0207827_100012_145	422	1.6e-07	1	55	191	248	0.9473684210526315
CBS	57	3300027322.a:Ga0207827_100012_145	422	8.9e-07	6	56	263	313	0.8771929824561403
cNMP_binding	88	3300027322.a:Ga0207827_100012_147	645	1.9e-15	4	88	41	126	0.9545454545454546
CBS	57	3300027322.a:Ga0207827_100012_147	645	2.7e-11	4	55	165	216	0.8947368421052632
CBS	57	3300027322.a:Ga0207827_100012_147	645	1.7e-09	1	54	227	283	0.9298245614035088
PALP	294	3300027322.a:Ga0207827_100012_156	333	1.8e-83	3	294	20	307	0.9897959183673469
NTP_transf_2	95	3300027322.a:Ga0207827_100012_177	105	5.9e-15	3	81	4	78	0.8210526315789474
MarR	59	3300027322.a:Ga0207827_100012_178	168	3e-08	6	48	12	54	0.711864406779661
AsnC_trans_reg	75	3300027322.a:Ga0207827_100012_178	168	1.7e-19	2	75	74	144	0.9733333333333334
Sigma70_r2	71	3300027322.a:Ga0207827_100012_180	199	3.2e-21	1	69	30	96	0.9577464788732394
Sigma70_r4_2	54	3300027322.a:Ga0207827_100012_180	199	1.3e-21	3	54	136	187	0.9444444444444444
HTH_IclR	52	3300027322.a:Ga0207827_100012_194	278	2.3e-14	1	51	19	68	0.9615384615384616
IclR	129	3300027322.a:Ga0207827_100012_194	278	3.1e-40	3	127	134	257	0.9612403100775194
MCPsignal	172	3300027322.a:Ga0207827_100012_207	629	8.3e-53	18	172	421	575	0.8953488372093024
ATPase_2	233	3300027322.a:Ga0207827_100012_209	348	5.2e-07	21	129	62	199	0.463519313304721
Pribosyltran	159	3300027322.a:Ga0207827_100012_211	218	1.4e-17	14	124	55	156	0.6918238993710691
GAF	133	3300027322.a:Ga0207827_100012_215	832	4.7e-07	2	133	467	601	0.9849624060150376
HATPase_c	111	3300027322.a:Ga0207827_100012_215	832	3.2e-05	12	109	721	820	0.8738738738738738
Response_reg	112	3300027322.a:Ga0207827_100012_216	276	1.2e-29	1	111	4	115	0.9821428571428571
LytTR	98	3300027322.a:Ga0207827_100012_216	276	1.2e-19	28	97	204	273	0.7040816326530612
NUDIX	131	3300027322.a:Ga0207827_100012_219	202	3e-16	3	117	6	116	0.8702290076335878
TetR_N	47	3300027322.a:Ga0207827_100012_230	204	4e-14	1	47	10	56	0.9787234042553191
GntR	64	3300027322.a:Ga0207827_100012_244	267	9.6e-22	3	64	10	71	0.953125
ACT	67	3300027322.a:Ga0207827_100012_251	824	4.3e-08	7	63	331	381	0.835820895522388
ACT	67	3300027322.a:Ga0207827_100012_251	824	2.5e-08	4	64	409	463	0.8955223880597015
Citrate_synt	361	3300027322.a:Ga0207827_100012_253	426	2.1e-137	1	361	44	407	0.997229916897507
Sigma70_r2	71	3300027322.a:Ga0207827_100012_255	201	1.6e-15	1	70	27	94	0.971830985915493
Sigma70_r4_2	54	3300027322.a:Ga0207827_100012_255	201	1.7e-20	1	54	134	187	0.9814814814814815
Response_reg	112	3300027322.a:Ga0207827_100012_256	218	3.2e-30	1	111	5	116	0.9821428571428571
GerE	57	3300027322.a:Ga0207827_100012_256	218	1.2e-16	2	57	152	207	0.9649122807017544
GAF	133	3300027322.a:Ga0207827_100012_257	655	3.5e-18	5	133	160	294	0.9624060150375939
PAS	113	3300027322.a:Ga0207827_100012_257	655	5.6e-25	2	112	309	420	0.9734513274336283
HATPase_c	111	3300027322.a:Ga0207827_100012_257	655	2.9e-13	4	110	546	635	0.954954954954955
TPR_1	34	3300027322.a:Ga0207827_100012_259	1143	4.1e-09	2	34	38	70	0.9411764705882353
HTH_IclR	52	3300027322.a:Ga0207827_100012_26	386	9.2e-05	16	50	341	375	0.6538461538461539
HD	122	3300027322.a:Ga0207827_100012_272	318	1.3e-06	3	95	113	223	0.7540983606557377
NTP_transf_2	95	3300027322.a:Ga0207827_100012_40	246	9.8e-13	3	81	14	86	0.8210526315789474
NTP_transf_2	95	3300027322.a:Ga0207827_100012_40	246	2.1e-12	2	59	151	204	0.6
Nitroreductase	170	3300027322.a:Ga0207827_100012_41	214	3.6e-23	1	170	21	165	0.9941176470588236
Rrf2	83	3300027322.a:Ga0207827_100012_50	143	4.4e-25	3	83	2	82	0.963855421686747
Rrf2	83	3300027322.a:Ga0207827_100012_51	145	9.1e-20	3	82	2	81	0.9518072289156626
CBS	57	3300027322.a:Ga0207827_100012_60	145	1e-12	8	55	13	60	0.8245614035087719
CBS	57	3300027322.a:Ga0207827_100012_60	145	6.9e-16	5	54	76	124	0.8596491228070176
Aminotran_1_2	363	3300027322.a:Ga0207827_100012_66	419	1e-15	20	243	48	258	0.6143250688705234
AAA	132	3300027322.a:Ga0207827_100012_69	991	1.2e-06	1	126	681	812	0.946969696969697
HTH_8	42	3300027322.a:Ga0207827_100012_69	991	4.8e-15	2	42	930	970	0.9523809523809523
Glyoxalase	128	3300027322.a:Ga0207827_100012_70	141	5.3e-11	2	127	21	135	0.9765625
TPR_2	34	3300027322.a:Ga0207827_100012_72	335	8.4e-05	3	30	279	306	0.7941176470588235
T2SSE	273	3300027322.a:Ga0207827_100012_74	629	3.5e-63	3	272	238	509	0.9853479853479854
BTAD	146	3300027322.a:Ga0207827_100012_98	225	2.1e-05	71	123	11	63	0.3561643835616438
TPR_2	34	3300027322.a:Ga0207827_100012_98	225	7.4e-05	6	32	175	201	0.7647058823529411
Pkinase	264	3300027322.a:Ga0207827_100013_105	557	4.2e-05	66	151	232	316	0.32196969696969696
EPSP_synthase	417	3300027322.a:Ga0207827_100013_109	440	5.2e-80	2	417	7	413	0.9952038369304557
PIG-L	131	3300027322.a:Ga0207827_100013_112	299	2.1e-25	1	130	32	153	0.9847328244274809
HD	122	3300027322.a:Ga0207827_100013_122	799	5.3e-21	1	121	564	707	0.9836065573770492
GntR	64	3300027322.a:Ga0207827_100013_123	306	2.2e-20	2	63	13	74	0.953125
HhH-GPD	108	3300027322.a:Ga0207827_100013_136	243	4e-07	8	85	67	171	0.7129629629629629
PTS-HPr	82	3300027322.a:Ga0207827_100013_145	90	5.1e-30	3	81	4	82	0.9512195121951219
SIS	131	3300027322.a:Ga0207827_100013_147	348	4.1e-09	5	87	44	122	0.6259541984732825
HD	122	3300027322.a:Ga0207827_100013_154	546	3.5e-13	2	121	360	478	0.9754098360655737
MerR	38	3300027322.a:Ga0207827_100013_169	122	3.8e-12	1	38	9	46	0.9736842105263158
GATase_2	420	3300027322.a:Ga0207827_100013_170	1512	3e-183	1	420	24	439	0.9976190476190476
Pyr_redox_2	292	3300027322.a:Ga0207827_100013_171	493	2.5e-31	1	292	144	463	0.9965753424657534
PALP	294	3300027322.a:Ga0207827_100013_173	437	6.9e-28	20	293	93	380	0.9285714285714286
HTH_9	62	3300027322.a:Ga0207827_100013_181	219	5.9e-05	18	55	157	194	0.5967741935483871
HATPase_c	111	3300027322.a:Ga0207827_100013_183	649	1.3e-22	4	110	36	178	0.954954954954955
Fe_dep_repress	60	3300027322.a:Ga0207827_100013_189	219	8.6e-21	1	60	1	59	0.9833333333333333
Fe_dep_repr_C	70	3300027322.a:Ga0207827_100013_189	219	2.9e-32	1	69	62	130	0.9714285714285714
FeoA	74	3300027322.a:Ga0207827_100013_189	219	1.1e-13	1	71	143	211	0.9459459459459459
AAA	132	3300027322.a:Ga0207827_100013_194	335	2e-07	2	110	52	164	0.8181818181818182
HTH_11	55	3300027322.a:Ga0207827_100013_2	348	3.3e-10	1	53	18	71	0.9454545454545454
PALP	294	3300027322.a:Ga0207827_100013_203	458	2.7e-50	4	294	80	419	0.9863945578231292
TrkA_C	70	3300027322.a:Ga0207827_100013_210	658	1.2e-16	2	61	555	616	0.8428571428571429
Aminotran_1_2	363	3300027322.a:Ga0207827_100013_213	408	2.3e-74	2	363	39	392	0.9944903581267218
CBS	57	3300027322.a:Ga0207827_100013_229	505	4.4e-15	4	52	109	155	0.8421052631578947
CBS	57	3300027322.a:Ga0207827_100013_229	505	9.2e-11	2	51	165	215	0.8596491228070176
HATPase_c	111	3300027322.a:Ga0207827_100013_232	135	1.3e-08	4	55	36	99	0.4594594594594595
Arc	50	3300027322.a:Ga0207827_100013_240	164	5.2e-05	7	44	73	110	0.74
LacI	46	3300027322.a:Ga0207827_100013_253	348	6.9e-22	1	46	14	59	0.9782608695652174
Peripla_BP_3	164	3300027322.a:Ga0207827_100013_253	348	6.4e-37	1	164	176	342	0.9939024390243902
AAA	132	3300027322.a:Ga0207827_100013_263	851	1e-13	2	111	224	336	0.8257575757575758
AAA	132	3300027322.a:Ga0207827_100013_263	851	5.1e-10	2	111	561	679	0.8257575757575758
CHASE3	138	3300027322.a:Ga0207827_100013_27	643	7.7e-18	1	137	44	187	0.9855072463768116
MCPsignal	172	3300027322.a:Ga0207827_100013_27	643	6.3e-55	2	171	409	592	0.9825581395348837
cNMP_binding	88	3300027322.a:Ga0207827_100013_36	637	4.6e-18	2	88	38	123	0.9772727272727273
CBS	57	3300027322.a:Ga0207827_100013_36	637	5.7e-10	3	55	160	211	0.9122807017543859
CBS	57	3300027322.a:Ga0207827_100013_36	637	4.1e-13	1	53	221	273	0.9122807017543859
Sigma70_r2	71	3300027322.a:Ga0207827_100013_38	222	8.3e-20	1	71	51	119	0.9859154929577465
Sigma70_r4_2	54	3300027322.a:Ga0207827_100013_38	222	1.6e-18	3	54	157	208	0.9444444444444444
Peptidase_M23	96	3300027322.a:Ga0207827_100013_42	436	9.7e-31	2	96	289	385	0.9791666666666666
Aminotran_1_2	363	3300027322.a:Ga0207827_100013_58	466	6.5e-08	46	195	98	232	0.41046831955922863
NTP_transf_2	95	3300027322.a:Ga0207827_100013_77	153	4.9e-07	14	86	19	84	0.7578947368421053
AAA	132	3300027322.a:Ga0207827_100026_101	341	1.8e-20	1	130	57	180	0.9772727272727273
Fer4	24	3300027322.a:Ga0207827_100026_103	119	5.2e-09	3	24	35	56	0.875
DctP	286	3300027322.a:Ga0207827_100026_109	374	7.3e-62	8	281	54	329	0.9545454545454546
Penicillinase_R	115	3300027322.a:Ga0207827_100026_112	128	2.1e-32	2	114	9	118	0.9739130434782609
Fer4	24	3300027322.a:Ga0207827_100026_123	231	6.6e-06	7	23	72	88	0.6666666666666666
Fer4	24	3300027322.a:Ga0207827_100026_123	231	9.4e-10	2	23	107	128	0.875
Sigma70_r2	71	3300027322.a:Ga0207827_100026_126	226	2.4e-22	1	71	54	122	0.9859154929577465
Sigma70_r4_2	54	3300027322.a:Ga0207827_100026_126	226	6e-19	2	54	159	211	0.9629629629629629
Sigma70_r2	71	3300027322.a:Ga0207827_100026_137	205	2.4e-15	1	69	42	108	0.9577464788732394
Sigma70_r4_2	54	3300027322.a:Ga0207827_100026_137	205	5.6e-20	1	53	141	193	0.9629629629629629
AAA	132	3300027322.a:Ga0207827_100026_147	609	5.5e-14	2	127	45	181	0.946969696969697
HTH_18	81	3300027322.a:Ga0207827_100026_156	374	1.8e-23	1	81	285	367	0.9876543209876543
cNMP_binding	88	3300027322.a:Ga0207827_100026_168	164	2.2e-14	2	85	35	119	0.9431818181818182
Fer4	24	3300027322.a:Ga0207827_100026_172	307	5.9e-06	1	23	234	256	0.9166666666666666
Fer4	24	3300027322.a:Ga0207827_100026_172	307	9e-10	3	24	266	287	0.875
Pyr_redox_2	292	3300027322.a:Ga0207827_100026_173	458	2.8e-38	3	292	138	430	0.9897260273972602
HTH_5	47	3300027322.a:Ga0207827_100026_176	120	1.6e-19	1	45	43	89	0.9361702127659575
Pyr_redox_2	292	3300027322.a:Ga0207827_100026_179	405	6.8e-15	1	131	7	134	0.4452054794520548
Pyr_redox_2	292	3300027322.a:Ga0207827_100026_179	405	1.5e-08	181	283	204	309	0.3493150684931507
Pyr_redox_2	292	3300027322.a:Ga0207827_100026_180	376	2.9e-23	2	292	4	292	0.9931506849315068
STAS	117	3300027322.a:Ga0207827_100026_181	551	4.6e-23	2	117	408	516	0.9829059829059829
NTP_transf_2	95	3300027322.a:Ga0207827_100026_25	145	1.4e-10	13	48	20	59	0.3684210526315789
AraC_binding	136	3300027322.a:Ga0207827_100026_27	114	3.8e-09	12	63	40	94	0.375
CBS	57	3300027322.a:Ga0207827_100026_35	252	3.9e-10	10	52	43	85	0.7368421052631579
HATPase_c	111	3300027322.a:Ga0207827_100026_38	650	5.5e-24	4	110	39	182	0.954954954954955
HTH_11	55	3300027322.a:Ga0207827_100026_4	337	9.8e-14	3	54	15	65	0.9272727272727272
CheR	195	3300027322.a:Ga0207827_100026_41	275	4e-07	96	173	84	156	0.39487179487179486
CbiA	128	3300027322.a:Ga0207827_100026_43	564	2.8e-05	6	55	12	173	0.3828125
LexA_DNA_bind	65	3300027322.a:Ga0207827_100026_45	221	4.3e-21	3	65	9	71	0.9538461538461539
SIS	131	3300027322.a:Ga0207827_100026_6	311	2.3e-07	49	129	134	216	0.6106870229007634
TPR_1	34	3300027322.a:Ga0207827_100026_7	894	6.7e-05	4	30	109	135	0.7647058823529411
TPR_1	34	3300027322.a:Ga0207827_100026_7	894	1.8e-05	3	28	326	351	0.7352941176470589
TPR_4	26	3300027322.a:Ga0207827_100026_7	894	0.0001	3	26	377	400	0.8846153846153846
MarR	59	3300027322.a:Ga0207827_100026_79	165	5.8e-13	1	59	43	103	0.9830508474576272
PIG-L	131	3300027322.a:Ga0207827_100026_83	247	1.2e-32	1	128	5	132	0.9694656488549618
Response_reg	112	3300027322.a:Ga0207827_100026_84	245	4.5e-31	1	109	21	130	0.9642857142857143
Trans_reg_C	77	3300027322.a:Ga0207827_100026_84	245	2.7e-28	2	77	172	242	0.974025974025974
HisKA	64	3300027322.a:Ga0207827_100026_85	349	1.9e-18	2	64	124	190	0.96875
HATPase_c	111	3300027322.a:Ga0207827_100026_85	349	3.2e-30	1	109	236	346	0.972972972972973
Pyr_redox_2	292	3300027322.a:Ga0207827_100026_91	488	8.8e-61	2	291	7	323	0.9897260273972602
Aminotran_1_2	363	3300027322.a:Ga0207827_100026_97	517	2.7e-06	44	189	89	228	0.39944903581267216
HisKA	64	3300027322.a:Ga0207827_100026_98	430	3.1e-18	2	63	200	262	0.953125
HATPase_c	111	3300027322.a:Ga0207827_100026_98	430	1.6e-26	2	108	306	413	0.954954954954955
LacI	46	3300027322.a:Ga0207827_100026_99	523	6.3e-05	2	23	399	420	0.45652173913043476
Ammonium_transp	399	3300027322.a:Ga0207827_100033_109	213	1.6e-53	1	164	46	212	0.40852130325814534
MarR	59	3300027322.a:Ga0207827_100033_11	418	1.7e-07	8	57	18	67	0.8305084745762712
Ammonium_transp	399	3300027322.a:Ga0207827_100033_110	200	1.5e-54	217	399	5	183	0.45614035087719296
Ammonium_transp	399	3300027322.a:Ga0207827_100033_111	455	5.2e-118	1	399	34	423	0.9974937343358395
Sigma70_r4_2	54	3300027322.a:Ga0207827_100033_114	125	6.5e-07	6	53	71	118	0.8703703703703703
HD	122	3300027322.a:Ga0207827_100033_127	553	4e-17	2	93	278	370	0.7459016393442623
AAA	132	3300027322.a:Ga0207827_100033_134	332	6.9e-06	1	111	51	161	0.8333333333333334
Peptidase_M23	96	3300027322.a:Ga0207827_100033_136	324	5.6e-33	2	96	199	295	0.9791666666666666
cNMP_binding	88	3300027322.a:Ga0207827_100033_139	199	2.2e-18	2	88	54	141	0.9772727272727273
MarR	59	3300027322.a:Ga0207827_100033_18	169	1.4e-07	12	57	37	82	0.7627118644067796
MerR	38	3300027322.a:Ga0207827_100033_19	156	9.9e-18	3	38	15	50	0.9210526315789473
Response_reg	112	3300027322.a:Ga0207827_100033_2	439	8.6e-21	1	111	18	129	0.9821428571428571
HMA	62	3300027322.a:Ga0207827_100033_20	825	7e-16	2	61	22	81	0.9516129032258065
HMA	62	3300027322.a:Ga0207827_100033_21	109	4.6e-14	2	62	47	105	0.967741935483871
Response_reg	112	3300027322.a:Ga0207827_100033_3	125	3.1e-25	1	111	7	118	0.9821428571428571
HTH_5	47	3300027322.a:Ga0207827_100033_31	111	6.2e-18	2	46	22	66	0.9361702127659575
HMA	62	3300027322.a:Ga0207827_100033_32	554	1.6e-16	2	61	6	66	0.9516129032258065
HTH_5	47	3300027322.a:Ga0207827_100033_36	134	3.9e-14	1	45	16	62	0.9361702127659575
AAA	132	3300027322.a:Ga0207827_100033_39	881	2.8e-13	2	112	204	320	0.8333333333333334
AAA	132	3300027322.a:Ga0207827_100033_39	881	8.3e-11	2	120	603	730	0.8939393939393939
Response_reg	112	3300027322.a:Ga0207827_100033_4	219	1.3e-30	2	111	9	118	0.9732142857142857
GerE	57	3300027322.a:Ga0207827_100033_4	219	4.7e-24	2	57	152	207	0.9649122807017544
CbiA	128	3300027322.a:Ga0207827_100033_49	312	5.5e-05	9	55	34	102	0.359375
PAS	113	3300027322.a:Ga0207827_100033_5	600	8.4e-09	2	113	89	197	0.9823008849557522
GAF	133	3300027322.a:Ga0207827_100033_5	600	5.7e-08	4	133	233	363	0.9699248120300752
HATPase_c	111	3300027322.a:Ga0207827_100033_5	600	1.4e-10	7	110	498	586	0.9279279279279279
SKI	158	3300027322.a:Ga0207827_100033_66	193	7.6e-46	1	157	17	181	0.9873417721518988
Pyr_redox_2	292	3300027322.a:Ga0207827_100033_75	336	7.4e-29	2	276	3	291	0.9383561643835616
NTP_transf_2	95	3300027322.a:Ga0207827_100033_76	114	8.7e-16	3	87	16	99	0.8842105263157894
EPSP_synthase	417	3300027322.a:Ga0207827_100033_83	432	2.3e-118	6	417	10	421	0.9856115107913669
Response_reg	112	3300027322.a:Ga0207827_100033_99	522	2.8e-26	1	108	9	115	0.9553571428571429
PglZ	176	3300027322.a:Ga0207827_100033_99	522	1.2e-22	3	172	233	422	0.9602272727272727
HD	122	3300027322.a:Ga0207827_100047_104	743	2.3e-09	3	122	66	163	0.9754098360655737
ACT	67	3300027322.a:Ga0207827_100047_104	743	1.7e-06	3	66	669	732	0.9402985074626866
Aminotran_1_2	363	3300027322.a:Ga0207827_100047_14	396	3.4e-08	131	268	168	297	0.3774104683195592
Aminotran_1_2	363	3300027322.a:Ga0207827_100047_33	443	8.5e-12	47	237	68	228	0.5234159779614325
B12-binding	121	3300027322.a:Ga0207827_100047_39	1151	2.8e-16	2	107	13	116	0.8677685950413223
Pyr_redox_2	292	3300027322.a:Ga0207827_100047_51	519	4.6e-54	3	292	124	419	0.9897260273972602
CBS	57	3300027322.a:Ga0207827_100047_65	620	5.1e-07	1	55	504	558	0.9473684210526315
CBS	57	3300027322.a:Ga0207827_100047_65	620	3.2e-09	4	50	570	615	0.8070175438596491
Aminotran_1_2	363	3300027322.a:Ga0207827_100047_70	377	2.7e-06	47	187	36	160	0.3856749311294766
Aminotran_1_2	363	3300027322.a:Ga0207827_100047_83	370	5.2e-08	47	246	41	212	0.5482093663911846
TPR_1	34	3300027322.a:Ga0207827_100047_91	150	1.4e-07	3	31	43	71	0.8235294117647058
TetR_N	47	3300027322.a:Ga0207827_100047_93	234	8.2e-17	2	45	32	76	0.9148936170212766
ACT	67	3300027322.a:Ga0207827_100062_10	879	1.5e-06	10	38	333	361	0.417910447761194
Pribosyltran	159	3300027322.a:Ga0207827_100062_2	210	3.2e-11	29	129	69	165	0.6289308176100629
Aminotran_1_2	363	3300027322.a:Ga0207827_100062_21	387	1e-07	31	190	38	173	0.4380165289256198
Rhodanese	107	3300027322.a:Ga0207827_100062_25	281	3.2e-18	2	106	14	122	0.9719626168224299
Rhodanese	107	3300027322.a:Ga0207827_100062_25	281	1.3e-22	3	105	153	271	0.9532710280373832
PALP	294	3300027322.a:Ga0207827_100062_31	318	2.3e-72	4	294	23	302	0.9863945578231292
Rhodanese	107	3300027322.a:Ga0207827_100062_34	396	8.8e-16	2	106	294	386	0.9719626168224299
TPR_2	34	3300027322.a:Ga0207827_100062_41	462	9.4e-05	1	29	290	318	0.8235294117647058
TPR_1	34	3300027322.a:Ga0207827_100062_41	462	2.7e-08	3	34	329	360	0.9117647058823529
HisKA	64	3300027322.a:Ga0207827_100062_51	498	3.4e-06	2	55	140	199	0.828125
HATPase_c	111	3300027322.a:Ga0207827_100062_51	498	3.8e-24	4	109	259	361	0.9459459459459459
Response_reg	112	3300027322.a:Ga0207827_100062_51	498	2.4e-23	1	111	383	488	0.9821428571428571
AAA	132	3300027322.a:Ga0207827_100062_52	841	1.7e-24	1	127	386	523	0.9545454545454546
Reg_prop	24	3300027322.a:Ga0207827_100062_57	1347	3.1e-05	1	23	36	58	0.9166666666666666
Reg_prop	24	3300027322.a:Ga0207827_100062_57	1347	1.8e-05	1	24	77	100	0.9583333333333334
Reg_prop	24	3300027322.a:Ga0207827_100062_57	1347	1.1e-06	1	23	360	382	0.9166666666666666
Reg_prop	24	3300027322.a:Ga0207827_100062_57	1347	2.5e-05	1	23	525	547	0.9166666666666666
Y_Y_Y	66	3300027322.a:Ga0207827_100062_57	1347	1.3e-07	2	64	646	731	0.9393939393939394
HisKA	64	3300027322.a:Ga0207827_100062_57	1347	8e-24	2	64	816	880	0.96875
HATPase_c	111	3300027322.a:Ga0207827_100062_57	1347	1e-36	1	109	926	1040	0.972972972972973
Response_reg	112	3300027322.a:Ga0207827_100062_57	1347	1.5e-16	1	108	1062	1176	0.9553571428571429
Response_reg	112	3300027322.a:Ga0207827_100062_57	1347	1.9e-26	2	111	1225	1337	0.9732142857142857
TetR_N	47	3300027322.a:Ga0207827_100062_66	208	4e-16	1	45	14	58	0.9361702127659575
AAA	132	3300027322.a:Ga0207827_100069_15	480	1.1e-07	41	130	268	366	0.6742424242424242
Aminotran_1_2	363	3300027322.a:Ga0207827_100069_2	381	5.6e-06	42	327	58	342	0.7851239669421488
HEM4	232	3300027322.a:Ga0207827_100069_26	239	3.5e-52	2	232	18	229	0.9913793103448276
HhH-GPD	108	3300027322.a:Ga0207827_100069_59	384	4.8e-20	1	105	49	181	0.9629629629629629
NUDIX	131	3300027322.a:Ga0207827_100069_59	384	1.5e-19	6	128	248	364	0.9312977099236641
NUDIX	131	3300027322.a:Ga0207827_100069_63	185	1.2e-17	5	119	44	155	0.8702290076335878
Reg_prop	24	3300027322.a:Ga0207827_100069_65	776	2.7e-07	1	23	541	563	0.9166666666666666
HD	122	3300027322.a:Ga0207827_100069_83	436	2.3e-10	1	78	56	140	0.6311475409836066
LacI	46	3300027322.a:Ga0207827_100099_14	350	5.4e-22	1	46	6	51	0.9782608695652174
Peripla_BP_3	164	3300027322.a:Ga0207827_100099_14	350	1.3e-43	1	164	179	346	0.9939024390243902
Sigma70_r4_2	54	3300027322.a:Ga0207827_100099_22	188	1.3e-19	2	54	123	175	0.9629629629629629
FecR	96	3300027322.a:Ga0207827_100099_23	348	5.4e-21	2	96	127	222	0.9791666666666666
PAS	113	3300027322.a:Ga0207827_100099_30	129	4.5e-08	13	112	28	124	0.8761061946902655
Peripla_BP_2	238	3300027322.a:Ga0207827_100099_31	317	7.9e-20	1	235	3	268	0.9831932773109243
HTH_DeoR	57	3300027322.a:Ga0207827_100099_37	434	3.3e-05	7	44	378	415	0.6491228070175439
HATPase_c	111	3300027322.a:Ga0207827_100099_6	420	2.5e-06	9	108	314	404	0.8918918918918919
Response_reg	112	3300027322.a:Ga0207827_100099_7	267	4.5e-28	1	111	10	118	0.9821428571428571
LytTR	98	3300027322.a:Ga0207827_100099_7	267	2.6e-22	3	97	167	261	0.9591836734693877
CBS	57	3300027322.a:Ga0207827_100120_11	377	4.5e-09	5	56	261	312	0.8947368421052632
Peripla_BP_2	238	3300027322.a:Ga0207827_100120_13	269	3.3e-26	1	208	24	218	0.8697478991596639
Response_reg	112	3300027322.a:Ga0207827_100120_22	247	3.2e-30	2	111	11	120	0.9732142857142857
Trans_reg_C	77	3300027322.a:Ga0207827_100120_22	247	1.2e-26	2	77	157	232	0.974025974025974
Response_reg	112	3300027322.a:Ga0207827_100120_23	237	1.1e-28	2	112	7	118	0.9821428571428571
Trans_reg_C	77	3300027322.a:Ga0207827_100120_23	237	7.8e-24	1	77	153	229	0.987012987012987
Pribosyltran	159	3300027322.a:Ga0207827_100120_28	178	3.7e-20	11	125	38	155	0.7169811320754716
HhH-GPD	108	3300027322.a:Ga0207827_100120_36	181	7.6e-08	3	67	56	137	0.5925925925925926
Response_reg	112	3300027322.a:Ga0207827_100120_44	473	1.8e-33	1	112	11	123	0.9910714285714286
AAA	132	3300027322.a:Ga0207827_100120_44	473	7.7e-07	2	112	180	300	0.8333333333333334
HTH_8	42	3300027322.a:Ga0207827_100120_44	473	2.7e-16	2	42	425	465	0.9523809523809523
HisKA	64	3300027322.a:Ga0207827_100120_45	241	1.4e-06	3	56	20	75	0.828125
HATPase_c	111	3300027322.a:Ga0207827_100120_45	241	2.3e-12	2	109	124	227	0.963963963963964
AAA	132	3300027322.a:Ga0207827_100120_5	698	4.5e-48	1	131	247	380	0.9848484848484849
TPR_2	34	3300027322.a:Ga0207827_100120_6	954	3.1e-06	2	30	114	142	0.8235294117647058
CBS	57	3300027322.a:Ga0207827_100120_9	371	1.2e-10	1	56	236	290	0.9649122807017544
CBS	57	3300027322.a:Ga0207827_100120_9	371	2.9e-06	12	49	309	345	0.6491228070175439
FeoA	74	3300027322.a:Ga0207827_100639_2	77	6.8e-09	2	71	7	72	0.9324324324324325
FeoA	74	3300027322.a:Ga0207827_100639_3	75	2.6e-17	1	74	2	73	0.9864864864864865
NTP_transf_2	95	3300027322.a:Ga0207827_100639_7	131	2.5e-12	4	45	30	71	0.43157894736842106
NTP_transf_2	95	3300027322.a:Ga0207827_100639_9	111	1.5e-11	2	91	13	102	0.9368421052631579
