HTH_5	47	3300013992.a:Ga0122016_10001_103	112	2e-12	2	46	35	77	0.9361702127659575
MarR	59	3300013992.a:Ga0122016_10001_105	164	4.8e-13	2	58	52	111	0.9491525423728814
MerR	38	3300013992.a:Ga0122016_10001_159	139	1.3e-09	1	38	10	47	0.9736842105263158
Crp	32	3300013992.a:Ga0122016_10001_169	211	3.5e-17	1	29	157	185	0.875
HTH_1	60	3300013992.a:Ga0122016_10001_179	319	5.6e-21	1	59	17	75	0.9666666666666667
HTH_8	42	3300013992.a:Ga0122016_10001_205	469	2.6e-11	2	40	413	451	0.9047619047619048
GntR	64	3300013992.a:Ga0122016_10001_272	233	1.5e-19	3	64	8	69	0.953125
GerE	57	3300013992.a:Ga0122016_10001_404	186	3.5e-06	3	48	124	170	0.7894736842105263
HTH_3	55	3300013992.a:Ga0122016_10001_485	471	1.1e-11	1	53	11	63	0.9454545454545454
HTH_1	60	3300013992.a:Ga0122016_10001_487	298	8.5e-16	1	59	4	62	0.9666666666666667
Trans_reg_C	77	3300013992.a:Ga0122016_10001_488	237	6.8e-19	1	77	148	224	0.987012987012987
Crp	32	3300013992.a:Ga0122016_10001_561	247	3.6e-17	1	32	191	222	0.96875
MarR	59	3300013992.a:Ga0122016_10001_619	130	5.1e-06	7	48	53	94	0.6949152542372882
HTH_3	55	3300013992.a:Ga0122016_10001_659	184	1.3e-15	1	55	11	65	0.9818181818181818
Rrf2	83	3300013992.a:Ga0122016_10001_66	153	2.4e-30	1	83	1	83	0.9879518072289156
HTH_8	42	3300013992.a:Ga0122016_10001_678	179	1.1e-14	3	41	136	174	0.9047619047619048
GerE	57	3300013992.a:Ga0122016_10001_687	203	3.9e-11	3	52	142	191	0.8596491228070176
HTH_1	60	3300013992.a:Ga0122016_10001_695	297	1.7e-20	4	60	5	61	0.9333333333333333
DUF24	91	3300013992.a:Ga0122016_10001_710	165	2.5e-23	1	87	20	105	0.945054945054945
MarR	59	3300013992.a:Ga0122016_10001_736	165	9.3e-07	7	47	21	61	0.6779661016949152
Trans_reg_C	77	3300013992.a:Ga0122016_10001_753	230	1.3e-27	1	77	150	225	0.987012987012987
HTH_3	55	3300013992.a:Ga0122016_10001_762	477	3.1e-15	1	53	15	67	0.9454545454545454
PspC	53	3300013992.a:Ga0122016_10001_775	106	3.5e-05	25	51	4	30	0.49056603773584906
HTH_8	42	3300013992.a:Ga0122016_10001_781	491	6.7e-16	1	41	439	479	0.9523809523809523
HTH_3	55	3300013992.a:Ga0122016_10001_795	83	3.3e-07	1	37	21	57	0.6545454545454545
HTH_5	47	3300013992.a:Ga0122016_10001_882	161	1.9e-07	21	45	29	53	0.5106382978723404
Trans_reg_C	77	3300013992.a:Ga0122016_10001_888	234	8.5e-22	1	77	145	221	0.987012987012987
HTH_1	60	3300013992.a:Ga0122016_10001_904	301	2.3e-21	1	60	14	73	0.9833333333333333
GerE	57	3300013992.a:Ga0122016_10001_934	159	7.2e-20	2	56	9	63	0.9473684210526315
MerR	38	3300013992.a:Ga0122016_10001_938	139	3e-18	1	38	2	39	0.9736842105263158
CSD	66	3300013992.a:Ga0122016_10001_955	68	3.1e-24	2	64	3	65	0.9393939393939394
HTH_3	55	3300013992.a:Ga0122016_10001_961	66	7.2e-16	1	52	5	56	0.9272727272727272
HTH_3	55	3300013992.a:Ga0122016_10002_156	66	8e-16	1	53	5	57	0.9454545454545454
HTH_3	55	3300013992.a:Ga0122016_10002_185	88	3e-08	10	53	1	44	0.7818181818181819
HTH_3	55	3300013992.a:Ga0122016_10002_186	67	2.4e-06	17	53	14	50	0.6545454545454545
GcrA	162	3300013992.a:Ga0122016_10002_192	219	4e-25	3	152	10	186	0.9197530864197531
Arc	50	3300013992.a:Ga0122016_10002_220	111	1.3e-15	2	43	7	48	0.82
HTH_3	55	3300013992.a:Ga0122016_10002_230	97	2e-10	8	53	49	92	0.8181818181818182
GntR	64	3300013992.a:Ga0122016_10002_25	226	8e-16	2	63	15	75	0.953125
HTH_3	55	3300013992.a:Ga0122016_10002_310	109	5e-05	1	30	17	46	0.5272727272727272
Trp_repressor	88	3300013992.a:Ga0122016_10002_347	95	3.2e-23	5	87	9	92	0.9318181818181818
HTH_AraC	42	3300013992.a:Ga0122016_10002_368	378	3e-07	1	41	159	197	0.9523809523809523
PadR	75	3300013992.a:Ga0122016_10002_370	108	1.2e-18	1	74	22	90	0.9733333333333334
Trans_reg_C	77	3300013992.a:Ga0122016_10002_39	236	6.1e-23	1	76	156	231	0.974025974025974
DUF24	91	3300013992.a:Ga0122016_10002_423	230	3.6e-22	1	85	29	113	0.9230769230769231
Trans_reg_C	77	3300013992.a:Ga0122016_10002_458	227	6.6e-27	1	77	145	216	0.987012987012987
Trans_reg_C	77	3300013992.a:Ga0122016_10002_467	224	1.3e-30	1	77	146	221	0.987012987012987
HTH_8	42	3300013992.a:Ga0122016_10002_495	470	1.9e-15	2	42	407	447	0.9523809523809523
Trans_reg_C	77	3300013992.a:Ga0122016_10002_509	246	8.2e-19	5	77	174	242	0.935064935064935
FUR	120	3300013992.a:Ga0122016_10002_56	165	4.8e-10	3	117	34	151	0.95
HTH_11	55	3300013992.a:Ga0122016_10002_622	295	7.2e-05	1	33	236	268	0.5818181818181818
ROS_MUCR	125	3300013992.a:Ga0122016_10002_656	141	3.5e-55	2	125	7	128	0.984
PadR	75	3300013992.a:Ga0122016_10002_684	154	6.6e-23	1	73	28	96	0.96
GerE	57	3300013992.a:Ga0122016_10002_716	201	1.6e-20	2	56	141	195	0.9473684210526315
GerE	57	3300013992.a:Ga0122016_10002_720	205	3.2e-17	2	57	144	199	0.9649122807017544
HTH_3	55	3300013992.a:Ga0122016_10002_74	377	6.5e-05	1	35	41	81	0.6181818181818182
HTH_1	60	3300013992.a:Ga0122016_10002_741	295	2.4e-22	7	60	10	63	0.8833333333333333
MerR	38	3300013992.a:Ga0122016_10002_772	163	1.5e-10	1	38	11	46	0.9736842105263158
HTH_5	47	3300013992.a:Ga0122016_10004_105	101	7.8e-06	2	45	13	56	0.9148936170212766
CSD	66	3300013992.a:Ga0122016_10004_143	71	8.7e-27	2	61	3	64	0.8939393939393939
HTH_1	60	3300013992.a:Ga0122016_10004_18	306	4.3e-17	3	60	5	62	0.95
HTH_3	55	3300013992.a:Ga0122016_10004_194	115	1.5e-12	1	50	19	67	0.8909090909090909
GerE	57	3300013992.a:Ga0122016_10004_208	81	8.2e-15	2	55	13	66	0.9298245614035088
GntR	64	3300013992.a:Ga0122016_10004_210	204	5.2e-13	15	63	20	67	0.75
GerE	57	3300013992.a:Ga0122016_10004_218	81	4.8e-19	3	55	17	69	0.9122807017543859
GntR	64	3300013992.a:Ga0122016_10004_224	237	8.4e-16	2	64	12	73	0.96875
GntR	64	3300013992.a:Ga0122016_10004_254	262	2.8e-05	24	59	176	210	0.546875
GntR	64	3300013992.a:Ga0122016_10004_284	169	1.8e-10	22	60	74	112	0.59375
MerR	38	3300013992.a:Ga0122016_10004_294	145	1.1e-16	2	38	14	50	0.9473684210526315
MerR	38	3300013992.a:Ga0122016_10004_310	135	1.5e-15	1	38	7	44	0.9736842105263158
GerE	57	3300013992.a:Ga0122016_10004_318	190	2.4e-05	13	45	145	177	0.5614035087719298
GntR	64	3300013992.a:Ga0122016_10004_33	235	1.4e-05	4	60	156	214	0.875
HTH_5	47	3300013992.a:Ga0122016_10004_332	112	3.5e-06	2	47	16	64	0.9574468085106383
Trans_reg_C	77	3300013992.a:Ga0122016_10004_343	230	5.5e-24	4	77	154	227	0.948051948051948
Crp	32	3300013992.a:Ga0122016_10004_35	243	4.1e-05	6	30	183	207	0.75
GerE	57	3300013992.a:Ga0122016_10004_353	185	2.6e-07	14	47	147	180	0.5789473684210527
GerE	57	3300013992.a:Ga0122016_10004_47	208	2.3e-05	16	47	166	197	0.543859649122807
HTH_3	55	3300013992.a:Ga0122016_10004_55	67	4.2e-17	2	53	10	61	0.9272727272727272
MarR	59	3300013992.a:Ga0122016_10004_7	159	2.5e-10	4	58	49	103	0.9152542372881356
Trans_reg_C	77	3300013992.a:Ga0122016_10004_71	218	5.4e-23	2	77	146	216	0.974025974025974
Trans_reg_C	77	3300013992.a:Ga0122016_10004_78	226	1.4e-26	1	77	146	221	0.987012987012987
HTH_1	60	3300013992.a:Ga0122016_10004_87	319	3.5e-19	1	60	4	63	0.9833333333333333
MarR	59	3300013992.a:Ga0122016_10004_9	156	1.2e-10	2	58	42	99	0.9491525423728814
HTH_1	60	3300013992.a:Ga0122016_10006_104	298	6.3e-20	1	59	7	65	0.9666666666666667
HTH_3	55	3300013992.a:Ga0122016_10006_107	139	3.5e-15	3	55	23	75	0.9454545454545454
FUR	120	3300013992.a:Ga0122016_10006_112	157	3.3e-42	1	120	10	129	0.9916666666666667
HTH_3	55	3300013992.a:Ga0122016_10006_115	123	8.4e-14	2	55	17	70	0.9636363636363636
HTH_1	60	3300013992.a:Ga0122016_10006_134	314	6.2e-22	3	59	12	68	0.9333333333333333
Trans_reg_C	77	3300013992.a:Ga0122016_10006_135	229	2.2e-22	1	77	151	226	0.987012987012987
MarR	59	3300013992.a:Ga0122016_10006_198	219	3.6e-13	1	58	42	99	0.9661016949152542
Rrf2	83	3300013992.a:Ga0122016_10006_212	159	2.3e-20	1	83	1	86	0.9879518072289156
HTH_8	42	3300013992.a:Ga0122016_10006_266	185	1.3e-08	8	37	147	176	0.6904761904761905
PadR	75	3300013992.a:Ga0122016_10006_34	208	3e-18	1	73	70	137	0.96
HTH_3	55	3300013992.a:Ga0122016_10006_99	78	4.2e-07	4	55	10	62	0.9272727272727272
HTH_1	60	3300013992.a:Ga0122016_10007_132	296	2.9e-21	1	59	3	61	0.9666666666666667
HTH_3	55	3300013992.a:Ga0122016_10007_138	91	1.1e-13	1	55	13	67	0.9818181818181818
GntR	64	3300013992.a:Ga0122016_10007_182	267	4.1e-19	1	64	26	89	0.984375
GntR	64	3300013992.a:Ga0122016_10007_183	275	1.9e-23	2	64	29	91	0.96875
GerE	57	3300013992.a:Ga0122016_10007_208	225	3.9e-12	3	55	166	218	0.9122807017543859
GntR	64	3300013992.a:Ga0122016_10007_237	479	3e-15	5	64	22	81	0.921875
GntR	64	3300013992.a:Ga0122016_10007_244	497	6.3e-17	3	64	26	87	0.953125
MarR	59	3300013992.a:Ga0122016_10007_32	163	1.6e-06	7	50	11	54	0.7288135593220338
CSD	66	3300013992.a:Ga0122016_10007_61	70	9.6e-22	2	60	3	63	0.8787878787878788
GcrA	162	3300013992.a:Ga0122016_10007_74	181	1.7e-53	3	159	5	163	0.9629629629629629
HTH_5	47	3300013992.a:Ga0122016_10007_97	110	1.9e-10	4	45	28	70	0.8723404255319149
LexA_DNA_bind	65	3300013992.a:Ga0122016_10025_35	235	1.2e-16	4	65	2	63	0.9384615384615385
CSD	66	3300013992.a:Ga0122016_10025_71	180	3.9e-11	2	63	15	80	0.9242424242424242
CSD	66	3300013992.a:Ga0122016_10025_71	180	2e-15	3	61	115	173	0.8787878787878788
HTH_5	47	3300013992.a:Ga0122016_10025_82	321	1.4e-15	2	46	18	62	0.9361702127659575
HTH_5	47	3300013992.a:Ga0122016_10025_87	138	1.8e-12	3	46	29	72	0.9148936170212766
MarR	59	3300013992.a:Ga0122016_10025_95	157	6.2e-12	4	58	46	100	0.9152542372881356
PHB_acc_N	61	3300013992.a:Ga0122016_10039_24	208	4.4e-32	1	60	17	76	0.9672131147540983
TrmB	68	3300013992.a:Ga0122016_10048_12	278	7.2e-14	3	67	9	73	0.9411764705882353
