HTH_3	55	3300029541.a:Ga0244914_100033_10	594	3.2e-08	2	54	43	100	0.9454545454545454
Aminotran_1_2	363	3300029541.a:Ga0244914_100033_10	594	2e-55	3	348	223	569	0.9504132231404959
SBP_bac_5	377	3300029541.a:Ga0244914_100033_104	569	2e-79	1	374	95	485	0.9893899204244032
GAF	133	3300029541.a:Ga0244914_100033_109	803	4.9e-08	1	133	163	313	0.9924812030075187
SpoIIE	193	3300029541.a:Ga0244914_100033_109	803	2.6e-44	1	193	598	795	0.9948186528497409
STAS	117	3300029541.a:Ga0244914_100033_110	246	2e-12	8	110	5	95	0.8717948717948718
Glyoxalase	128	3300029541.a:Ga0244914_100033_114	137	1.3e-07	8	128	13	130	0.9375
HD	122	3300029541.a:Ga0244914_100033_117	213	4.7e-09	3	91	43	158	0.7213114754098361
Fe_dep_repress	60	3300029541.a:Ga0244914_100033_122	123	7.5e-16	2	57	3	58	0.9166666666666666
Fe_dep_repr_C	70	3300029541.a:Ga0244914_100033_122	123	3.3e-14	1	60	63	121	0.8428571428571429
HMA	62	3300029541.a:Ga0244914_100033_126	73	2.6e-14	2	57	5	58	0.8870967741935484
HTH_5	47	3300029541.a:Ga0244914_100033_127	114	3.3e-17	1	45	38	82	0.9361702127659575
HTH_3	55	3300029541.a:Ga0244914_100033_129	70	5.6e-10	7	55	4	53	0.8727272727272727
PadR	75	3300029541.a:Ga0244914_100033_133	105	4e-19	1	74	14	82	0.9733333333333334
Sigma70_r2	71	3300029541.a:Ga0244914_100033_136	183	1.1e-16	1	69	23	89	0.9577464788732394
Sigma70_r4_2	54	3300029541.a:Ga0244914_100033_136	183	3.1e-15	4	54	120	170	0.9259259259259259
HTH_3	55	3300029541.a:Ga0244914_100033_137	281	1.5e-18	1	53	7	59	0.9454545454545454
HTH_3	55	3300029541.a:Ga0244914_100033_148	102	1.2e-09	4	53	18	67	0.8909090909090909
HTH_IclR	52	3300029541.a:Ga0244914_100033_156	155	5.5e-13	7	48	45	86	0.7884615384615384
FUR	120	3300029541.a:Ga0244914_100033_160	143	3.5e-28	5	116	6	115	0.925
Pyr_redox_2	292	3300029541.a:Ga0244914_100033_162	566	4.2e-45	1	292	7	298	0.9965753424657534
Fer4	24	3300029541.a:Ga0244914_100033_170	403	1.7e-05	6	21	350	365	0.625
SBP_bac_3	225	3300029541.a:Ga0244914_100033_179	278	9e-62	1	222	54	274	0.9822222222222222
HTH_11	55	3300029541.a:Ga0244914_100033_20	633	9.3e-08	1	55	7	60	0.9818181818181818
Mga	87	3300029541.a:Ga0244914_100033_20	633	8.1e-09	18	83	82	150	0.7471264367816092
PTS_EIIC	324	3300029541.a:Ga0244914_100033_23	440	2.2e-33	2	322	30	354	0.9876543209876543
HTH_3	55	3300029541.a:Ga0244914_100033_31	91	3.2e-15	3	52	36	85	0.8909090909090909
HTH_5	47	3300029541.a:Ga0244914_100033_34	223	9.4e-18	1	46	150	196	0.9574468085106383
Fer4	24	3300029541.a:Ga0244914_100033_49	538	4.6e-12	2	24	150	172	0.9166666666666666
Fer4	24	3300029541.a:Ga0244914_100033_49	538	3.4e-09	2	23	196	217	0.875
Pyr_redox_2	292	3300029541.a:Ga0244914_100033_59	549	1.9e-09	4	112	113	285	0.3698630136986301
CbiA	128	3300029541.a:Ga0244914_100033_61	301	4.8e-13	1	55	30	172	0.421875
GerE	57	3300029541.a:Ga0244914_100033_62	768	3.5e-11	3	53	297	347	0.8771929824561403
GerE	57	3300029541.a:Ga0244914_100033_70	898	1.7e-12	3	49	334	380	0.8070175438596491
GerE	57	3300029541.a:Ga0244914_100033_70	898	3.5e-08	3	56	815	868	0.9298245614035088
PALP	294	3300029541.a:Ga0244914_100033_8	313	6e-71	2	294	9	299	0.9931972789115646
SBP_bac_5	377	3300029541.a:Ga0244914_100033_83	534	1.3e-66	3	374	94	439	0.9840848806366048
Rrf2	83	3300029541.a:Ga0244914_100033_9	143	1.6e-26	1	82	1	82	0.9759036144578314
Glucokinase	316	3300029541.a:Ga0244914_100033_90	319	6.7e-05	3	161	9	166	0.5
HATPase_c	111	3300029541.a:Ga0244914_100042_10	475	1.9e-11	9	109	90	187	0.9009009009009009
Aminotran_1_2	363	3300029541.a:Ga0244914_100042_100	414	6.6e-33	31	363	67	407	0.9146005509641874
AAA	132	3300029541.a:Ga0244914_100042_104	647	9.9e-06	2	98	437	595	0.7272727272727273
HTH_3	55	3300029541.a:Ga0244914_100042_105	207	2.6e-17	1	54	7	60	0.9636363636363636
GntR	64	3300029541.a:Ga0244914_100042_106	126	5.7e-18	2	64	14	76	0.96875
AAA	132	3300029541.a:Ga0244914_100042_11	614	1.9e-07	2	124	284	402	0.9242424242424242
Nitroreductase	170	3300029541.a:Ga0244914_100042_111	268	1.8e-21	1	169	16	182	0.9882352941176471
MarR	59	3300029541.a:Ga0244914_100042_119	172	3.2e-11	8	58	67	118	0.847457627118644
SBP_bac_3	225	3300029541.a:Ga0244914_100042_122	309	1.1e-34	19	213	101	294	0.8622222222222222
Pribosyltran	159	3300029541.a:Ga0244914_100042_133	216	2.9e-13	27	133	74	176	0.6666666666666666
EPSP_synthase	417	3300029541.a:Ga0244914_100042_143	428	8.4e-102	2	417	7	409	0.9952038369304557
Fe_dep_repress	60	3300029541.a:Ga0244914_100042_146	151	9.9e-12	1	58	20	80	0.95
Fe_dep_repr_C	70	3300029541.a:Ga0244914_100042_146	151	1.7e-17	1	57	85	141	0.8
HATPase_c	111	3300029541.a:Ga0244914_100042_15	674	7e-27	3	110	34	175	0.963963963963964
Nitroreductase	170	3300029541.a:Ga0244914_100042_156	228	2.9e-21	2	154	14	183	0.8941176470588236
Response_reg	112	3300029541.a:Ga0244914_100042_158	240	6.3e-28	2	110	13	118	0.9642857142857143
Trans_reg_C	77	3300029541.a:Ga0244914_100042_158	240	2.5e-24	3	76	162	235	0.948051948051948
HisKA	64	3300029541.a:Ga0244914_100042_159	568	2.5e-09	2	63	330	395	0.953125
HATPase_c	111	3300029541.a:Ga0244914_100042_159	568	1.3e-15	6	109	447	563	0.9279279279279279
CbiA	128	3300029541.a:Ga0244914_100042_3	267	8.6e-30	1	128	18	242	0.9921875
NUDIX	131	3300029541.a:Ga0244914_100042_37	215	8.2e-24	3	116	77	189	0.8625954198473282
PfkB	302	3300029541.a:Ga0244914_100042_40	298	5.8e-09	164	282	131	261	0.39072847682119205
Pribosyltran	159	3300029541.a:Ga0244914_100042_48	559	3.9e-10	29	120	343	441	0.5723270440251572
GntR	64	3300029541.a:Ga0244914_100042_50	217	4.3e-06	9	52	155	196	0.671875
SBP_bac_3	225	3300029541.a:Ga0244914_100042_56	285	3.5e-41	1	222	52	281	0.9822222222222222
Pyr_redox_2	292	3300029541.a:Ga0244914_100042_63	469	9.1e-35	1	291	147	453	0.9931506849315068
HTH_DeoR	57	3300029541.a:Ga0244914_100042_66	247	1.4e-17	1	55	6	60	0.9473684210526315
DeoRC	160	3300029541.a:Ga0244914_100042_66	247	1e-42	2	158	77	231	0.975
Pribosyltran	159	3300029541.a:Ga0244914_100042_78	329	1.2e-12	23	124	168	263	0.6352201257861635
LacI	46	3300029541.a:Ga0244914_100042_84	351	9.6e-21	1	46	5	51	0.9782608695652174
Peripla_BP_1	279	3300029541.a:Ga0244914_100042_84	351	1.6e-11	2	175	63	232	0.6200716845878136
Peripla_BP_3	164	3300029541.a:Ga0244914_100042_84	351	3.2e-13	2	164	171	347	0.9878048780487805
PfkB	302	3300029541.a:Ga0244914_100042_85	358	2.7e-26	4	201	7	209	0.652317880794702
LacI	46	3300029541.a:Ga0244914_100042_87	343	5.1e-16	1	46	14	60	0.9782608695652174
Peripla_BP_1	279	3300029541.a:Ga0244914_100042_87	343	7.2e-14	4	186	74	255	0.6523297491039427
Peripla_BP_3	164	3300029541.a:Ga0244914_100042_87	343	7.2e-20	1	163	180	340	0.9878048780487805
TetR_N	47	3300029541.a:Ga0244914_100042_98	195	1.2e-05	3	44	14	55	0.8723404255319149
PTS_EIIC	324	3300029541.a:Ga0244914_100061_120	484	6.5e-23	2	321	114	411	0.9845679012345679
Pkinase	264	3300029541.a:Ga0244914_100061_123	420	3.4e-23	62	198	74	218	0.5151515151515151
EPSP_synthase	417	3300029541.a:Ga0244914_100061_129	439	1.7e-90	5	415	8	424	0.9832134292565947
ACT	67	3300029541.a:Ga0244914_100061_131	382	1.8e-05	3	52	302	351	0.7313432835820896
SKI	158	3300029541.a:Ga0244914_100061_132	416	2.8e-34	1	154	263	406	0.9683544303797469
Pribosyltran	159	3300029541.a:Ga0244914_100061_2	195	5.1e-24	8	134	13	146	0.7924528301886793
HD	122	3300029541.a:Ga0244914_100061_39	517	1.8e-20	1	121	332	424	0.9836065573770492
HATPase_c	111	3300029541.a:Ga0244914_100061_40	363	1.4e-06	3	107	47	152	0.9369369369369369
LexA_DNA_bind	65	3300029541.a:Ga0244914_100061_46	213	8e-26	2	65	3	66	0.9692307692307692
Pyr_redox_2	292	3300029541.a:Ga0244914_100061_51	314	3.6e-47	1	292	7	298	0.9965753424657534
TetR_N	47	3300029541.a:Ga0244914_100061_56	184	6.6e-08	6	45	15	54	0.8297872340425532
Pribosyltran	159	3300029541.a:Ga0244914_100061_57	178	1.4e-15	20	138	44	170	0.7421383647798742
MerR	38	3300029541.a:Ga0244914_100061_58	297	2e-11	2	38	15	55	0.9473684210526315
FHA	69	3300029541.a:Ga0244914_100061_59	145	9.2e-18	1	69	63	126	0.9855072463768116
ACT	67	3300029541.a:Ga0244914_100061_79	536	8.6e-10	2	65	157	218	0.9402985074626866
GntR	64	3300029541.a:Ga0244914_100061_8	103	8e-05	3	38	22	57	0.546875
HisKA	64	3300029541.a:Ga0244914_100061_81	341	8.6e-10	2	64	101	174	0.96875
HATPase_c	111	3300029541.a:Ga0244914_100061_81	341	6.7e-19	5	98	223	321	0.8378378378378378
Response_reg	112	3300029541.a:Ga0244914_100061_82	234	1.6e-27	1	111	5	122	0.9821428571428571
Trans_reg_C	77	3300029541.a:Ga0244914_100061_82	234	3.8e-25	1	76	154	230	0.974025974025974
TetR_N	47	3300029541.a:Ga0244914_100061_83	217	3.5e-11	1	47	19	65	0.9787234042553191
SBP_bac_5	377	3300029541.a:Ga0244914_100061_95	496	7e-74	1	363	40	393	0.9602122015915119
HD	122	3300029541.a:Ga0244914_100061_96	487	6.1e-10	1	118	270	402	0.9590163934426229
PfkB	302	3300029541.a:Ga0244914_100061_97	310	8.1e-36	12	296	15	290	0.9403973509933775
PTS-HPr	82	3300029541.a:Ga0244914_100061_99	88	1.8e-27	2	81	3	82	0.9634146341463414
AAA	132	3300029541.a:Ga0244914_100075_11	446	8.2e-19	1	124	59	166	0.9318181818181818
HD	122	3300029541.a:Ga0244914_100075_12	415	2.7e-09	4	118	101	239	0.9344262295081968
SKI	158	3300029541.a:Ga0244914_100075_2	178	1.5e-39	2	149	19	162	0.930379746835443
AAA	132	3300029541.a:Ga0244914_100075_22	632	4.7e-49	2	131	221	352	0.9772727272727273
Glyoxalase	128	3300029541.a:Ga0244914_100075_25	125	5.8e-15	2	128	5	118	0.984375
CbiA	128	3300029541.a:Ga0244914_100075_30	495	1.2e-07	9	88	110	252	0.6171875
CbiA	128	3300029541.a:Ga0244914_100075_31	305	4e-05	9	86	106	258	0.6015625
Sigma70_r2	71	3300029541.a:Ga0244914_100075_44	444	7.3e-25	1	70	209	278	0.971830985915493
Sigma70_r3	78	3300029541.a:Ga0244914_100075_44	444	2.5e-31	1	77	288	364	0.9743589743589743
Sigma70_r4	50	3300029541.a:Ga0244914_100075_44	444	3.4e-22	1	50	377	430	0.98
CBS	57	3300029541.a:Ga0244914_100075_54	504	3e-07	11	50	109	151	0.6842105263157895
CBS	57	3300029541.a:Ga0244914_100075_54	504	8.1e-08	1	50	163	214	0.8596491228070176
HTH_1	60	3300029541.a:Ga0244914_100075_55	111	1.4e-15	6	59	29	83	0.8833333333333333
Pyr_redox_2	292	3300029541.a:Ga0244914_100075_61	472	1e-36	1	292	11	335	0.9965753424657534
GerE	57	3300029541.a:Ga0244914_100075_67	614	8.4e-16	2	56	307	361	0.9473684210526315
AAA	132	3300029541.a:Ga0244914_100075_71	471	7.2e-17	1	110	166	293	0.8257575757575758
SBP_bac_1	315	3300029541.a:Ga0244914_100075_78	293	5.2e-09	5	313	63	278	0.9777777777777777
Sigma70_r2	71	3300029541.a:Ga0244914_100075_8	266	8.9e-21	1	70	39	108	0.971830985915493
Sigma70_r3	78	3300029541.a:Ga0244914_100075_8	266	7.4e-15	1	63	118	180	0.7948717948717948
Sigma70_r4	50	3300029541.a:Ga0244914_100075_8	266	8.3e-17	1	49	206	254	0.96
Pribosyltran	159	3300029541.a:Ga0244914_100075_84	193	1.5e-06	32	121	53	152	0.559748427672956
Nitroreductase	170	3300029541.a:Ga0244914_100075_94	179	2.4e-16	3	61	9	67	0.3411764705882353
Nitroreductase	170	3300029541.a:Ga0244914_100075_94	179	3.8e-11	83	170	68	152	0.5117647058823529
HTH_3	55	3300029541.a:Ga0244914_100096_10	292	1.1e-19	1	55	7	61	0.9818181818181818
ACT	67	3300029541.a:Ga0244914_100096_100	445	1.3e-08	1	63	354	417	0.9253731343283582
HD	122	3300029541.a:Ga0244914_100096_112	805	6.8e-13	1	122	94	193	0.9918032786885246
ACT	67	3300029541.a:Ga0244914_100096_112	805	2.9e-12	2	65	719	782	0.9402985074626866
Pkinase	264	3300029541.a:Ga0244914_100096_17	512	1.3e-28	6	200	142	333	0.7348484848484849
GyrI-like	155	3300029541.a:Ga0244914_100096_19	102	2.1e-17	85	154	26	98	0.44516129032258067
Glyoxalase	128	3300029541.a:Ga0244914_100096_21	153	6.7e-15	4	128	7	146	0.96875
ATPase_2	233	3300029541.a:Ga0244914_100096_24	462	4.5e-20	1	229	3	200	0.9785407725321889
HATPase_c	111	3300029541.a:Ga0244914_100096_27	666	6.6e-09	7	110	39	184	0.9279279279279279
MerR	38	3300029541.a:Ga0244914_100096_32	146	9.3e-09	4	38	7	41	0.8947368421052632
Rhodanese	107	3300029541.a:Ga0244914_100096_34	191	1.8e-18	2	104	95	184	0.9532710280373832
NUDIX	131	3300029541.a:Ga0244914_100096_42	194	2.8e-14	17	129	57	179	0.8549618320610687
HTH_5	47	3300029541.a:Ga0244914_100096_5	107	3.7e-13	1	46	28	74	0.9574468085106383
HTH_18	81	3300029541.a:Ga0244914_100096_52	285	5.6e-21	2	78	28	103	0.9382716049382716
GyrI-like	155	3300029541.a:Ga0244914_100096_52	285	1.1e-21	1	154	128	280	0.9870967741935484
Fer4	24	3300029541.a:Ga0244914_100096_67	409	4.3e-08	3	19	6	22	0.6666666666666666
Fer4	24	3300029541.a:Ga0244914_100096_67	409	1.1e-07	6	24	41	59	0.75
GntR	64	3300029541.a:Ga0244914_100096_70	266	1.1e-20	2	64	10	72	0.96875
HD	122	3300029541.a:Ga0244914_100096_71	291	2.2e-10	3	41	32	71	0.3114754098360656
Sigma70_r2	71	3300029541.a:Ga0244914_100096_78	159	2e-20	2	70	11	77	0.9577464788732394
Sigma70_r4_2	54	3300029541.a:Ga0244914_100096_78	159	2e-14	4	54	99	149	0.9259259259259259
HTH_1	60	3300029541.a:Ga0244914_100096_81	300	2.3e-26	1	59	3	61	0.9666666666666667
LysR_substrate	209	3300029541.a:Ga0244914_100096_81	300	1.1e-29	4	206	88	288	0.9665071770334929
TetR_N	47	3300029541.a:Ga0244914_100096_83	236	3e-18	1	47	14	61	0.9787234042553191
HTH_3	55	3300029541.a:Ga0244914_100096_86	95	2.5e-14	3	54	18	69	0.9272727272727272
Peripla_BP_2	238	3300029541.a:Ga0244914_100096_92	376	1.1e-20	16	229	95	306	0.8949579831932774
AAA	132	3300029541.a:Ga0244914_100113_13	593	2e-05	1	113	328	426	0.8484848484848485
HTH_8	42	3300029541.a:Ga0244914_100113_13	593	8.3e-11	12	37	560	585	0.5952380952380952
CbiA	128	3300029541.a:Ga0244914_100113_25	480	3.1e-12	1	99	207	393	0.765625
T2SSE	273	3300029541.a:Ga0244914_100113_26	446	8.4e-75	3	268	99	372	0.9706959706959707
Response_reg	112	3300029541.a:Ga0244914_100113_56	234	2.7e-30	1	112	5	114	0.9910714285714286
Trans_reg_C	77	3300029541.a:Ga0244914_100113_56	234	2.4e-26	2	76	155	230	0.961038961038961
HisKA	64	3300029541.a:Ga0244914_100113_58	480	5.1e-14	2	61	253	316	0.921875
HATPase_c	111	3300029541.a:Ga0244914_100113_58	480	8.8e-20	3	108	366	478	0.9459459459459459
Response_reg	112	3300029541.a:Ga0244914_100113_60	227	1.8e-23	2	110	3	112	0.9642857142857143
Trans_reg_C	77	3300029541.a:Ga0244914_100113_60	227	7.9e-30	1	77	148	221	0.987012987012987
HisKA	64	3300029541.a:Ga0244914_100113_61	455	2.8e-19	1	63	216	282	0.96875
HATPase_c	111	3300029541.a:Ga0244914_100113_61	455	4.8e-22	2	109	337	447	0.963963963963964
CbiA	128	3300029541.a:Ga0244914_100113_63	264	1.4e-08	1	55	37	159	0.421875
HATPase_c	111	3300029541.a:Ga0244914_100113_66	675	4.7e-14	1	109	22	175	0.972972972972973
NUDIX	131	3300029541.a:Ga0244914_100113_72	278	4.5e-19	3	126	5	121	0.9389312977099237
ATPase_2	233	3300029541.a:Ga0244914_100113_8	383	3.7e-09	22	162	49	182	0.6008583690987125
MarR	59	3300029541.a:Ga0244914_100113_80	166	1.8e-08	16	58	48	90	0.711864406779661
HTH_1	60	3300029541.a:Ga0244914_100113_84	305	7.6e-21	1	60	3	62	0.9833333333333333
LysR_substrate	209	3300029541.a:Ga0244914_100113_84	305	8.4e-19	15	207	100	297	0.9186602870813397
GyrI-like	155	3300029541.a:Ga0244914_100113_89	211	1.3e-36	2	154	18	205	0.9806451612903225
HTH_18	81	3300029541.a:Ga0244914_100113_91	296	4.9e-17	4	80	30	104	0.9382716049382716
GyrI-like	155	3300029541.a:Ga0244914_100113_91	296	2.1e-16	64	154	201	289	0.5806451612903226
HTH_3	55	3300029541.a:Ga0244914_100113_93	153	2.2e-17	1	52	8	59	0.9272727272727272
HTH_3	55	3300029541.a:Ga0244914_100113_94	170	1.9e-16	1	53	6	58	0.9454545454545454
HTH_3	55	3300029541.a:Ga0244914_100113_95	358	2.3e-15	4	55	10	61	0.9272727272727272
HTH_3	55	3300029541.a:Ga0244914_100113_96	207	2.8e-17	1	55	7	61	0.9818181818181818
PTS-HPr	82	3300029541.a:Ga0244914_100162_11	91	4.6e-30	2	81	3	85	0.9634146341463414
MerR	38	3300029541.a:Ga0244914_100162_12	295	1.6e-16	1	38	30	66	0.9736842105263158
LacI	46	3300029541.a:Ga0244914_100162_17	366	3e-15	1	46	5	50	0.9782608695652174
Peripla_BP_3	164	3300029541.a:Ga0244914_100162_17	366	6.3e-21	1	148	168	314	0.8963414634146342
SIS	131	3300029541.a:Ga0244914_100162_18	629	6.3e-32	6	130	312	435	0.9465648854961832
SIS	131	3300029541.a:Ga0244914_100162_18	629	2.6e-23	4	130	483	610	0.9618320610687023
HTH_3	55	3300029541.a:Ga0244914_100162_19	202	2.6e-08	2	53	8	59	0.9272727272727272
HTH_1	60	3300029541.a:Ga0244914_100162_27	297	2.5e-23	5	59	7	61	0.9
LysR_substrate	209	3300029541.a:Ga0244914_100162_27	297	2.2e-38	5	199	92	289	0.9282296650717703
SBP_bac_3	225	3300029541.a:Ga0244914_100162_41	281	3.3e-51	1	223	50	268	0.9866666666666667
Pribosyltran	159	3300029541.a:Ga0244914_100162_44	228	6.7e-15	4	128	39	163	0.779874213836478
FIST	172	3300029541.a:Ga0244914_100162_51	331	3.9e-05	19	120	79	179	0.5872093023255814
PfkB	302	3300029541.a:Ga0244914_100162_52	240	3.6e-30	3	203	2	199	0.6622516556291391
HTH_11	55	3300029541.a:Ga0244914_100162_6	658	1.9e-08	1	55	8	62	0.9818181818181818
Mga	87	3300029541.a:Ga0244914_100162_6	658	6.2e-08	17	81	94	161	0.735632183908046
HTH_11	55	3300029541.a:Ga0244914_100162_62	181	9.6e-15	1	54	6	58	0.9636363636363636
Fer4	24	3300029541.a:Ga0244914_100162_63	62	1.9e-10	1	23	4	26	0.9166666666666666
Fer4	24	3300029541.a:Ga0244914_100162_63	62	1.3e-10	3	24	35	56	0.875
MerR	38	3300029541.a:Ga0244914_100162_67	138	1.6e-12	2	38	13	48	0.9473684210526315
AAA	132	3300029541.a:Ga0244914_100162_69	871	8.4e-17	2	127	204	337	0.946969696969697
AAA	132	3300029541.a:Ga0244914_100162_69	871	3.3e-11	3	115	607	728	0.8484848484848485
TetR_N	47	3300029541.a:Ga0244914_100162_73	214	1e-10	1	46	25	70	0.9574468085106383
Fer4	24	3300029541.a:Ga0244914_100162_74	931	9.2e-09	5	23	316	334	0.75
Pyr_redox_2	292	3300029541.a:Ga0244914_100162_74	931	6.9e-29	2	292	483	785	0.9931506849315068
Fer4	24	3300029541.a:Ga0244914_100162_74	931	3.5e-07	2	24	869	891	0.9166666666666666
HTH_3	55	3300029541.a:Ga0244914_100162_79	167	4.9e-18	3	55	8	60	0.9454545454545454
PTS_EIIC	324	3300029541.a:Ga0244914_100162_8	459	1.3e-27	48	323	65	333	0.8487654320987654
HTH_DeoR	57	3300029541.a:Ga0244914_100162_82	256	8.1e-19	1	55	6	60	0.9473684210526315
DeoRC	160	3300029541.a:Ga0244914_100162_82	256	2.1e-46	3	159	80	234	0.975
HTH_DeoR	57	3300029541.a:Ga0244914_100162_83	256	7.3e-23	1	56	6	61	0.9649122807017544
DeoRC	160	3300029541.a:Ga0244914_100162_83	256	1e-40	2	160	80	236	0.9875
MarR	59	3300029541.a:Ga0244914_100169_2	166	2.4e-09	5	50	50	95	0.7627118644067796
MarR	59	3300029541.a:Ga0244914_100169_23	348	3e-06	8	47	14	53	0.6610169491525424
GntR	64	3300029541.a:Ga0244914_100169_46	240	2.3e-18	4	64	28	87	0.9375
CBS	57	3300029541.a:Ga0244914_100169_48	618	8.3e-07	1	53	291	348	0.9122807017543859
CBS	57	3300029541.a:Ga0244914_100169_48	618	4.6e-08	3	56	357	410	0.9298245614035088
HTH_Mga	60	3300029541.a:Ga0244914_100169_50	335	1.2e-05	21	56	143	178	0.5833333333333334
CBS	57	3300029541.a:Ga0244914_100169_56	478	6.9e-08	2	54	216	271	0.9122807017543859
CBS	57	3300029541.a:Ga0244914_100169_56	478	5.8e-06	18	56	297	335	0.6666666666666666
Fer4	24	3300029541.a:Ga0244914_100169_60	408	4.5e-07	2	22	204	224	0.8333333333333334
Fer4	24	3300029541.a:Ga0244914_100169_60	408	9.3e-07	2	22	247	267	0.8333333333333334
Fer4	24	3300029541.a:Ga0244914_100169_62	191	3.6e-08	4	23	41	60	0.7916666666666666
Fer4	24	3300029541.a:Ga0244914_100169_62	191	1.8e-08	2	22	70	90	0.8333333333333334
Nitroreductase	170	3300029541.a:Ga0244914_100177_14	173	1.4e-25	1	170	7	152	0.9941176470588236
Pyr_redox_2	292	3300029541.a:Ga0244914_100177_15	444	1e-60	2	292	2	306	0.9931506849315068
Crp	32	3300029541.a:Ga0244914_100177_20	262	4.4e-12	1	31	209	239	0.9375
Pyr_redox_2	292	3300029541.a:Ga0244914_100177_21	564	1.6e-59	1	291	1	308	0.9931506849315068
Rhodanese	107	3300029541.a:Ga0244914_100177_21	564	2.2e-08	12	105	466	543	0.8691588785046729
Rhodanese	107	3300029541.a:Ga0244914_100177_22	110	1.5e-15	5	105	16	101	0.9345794392523364
Aminotran_1_2	363	3300029541.a:Ga0244914_100177_27	380	5.7e-61	3	363	30	372	0.9917355371900827
Pyr_redox_2	292	3300029541.a:Ga0244914_100177_63	998	2e-27	1	292	543	826	0.9965753424657534
Fer4	24	3300029541.a:Ga0244914_100177_64	164	3.4e-07	7	23	34	50	0.6666666666666666
Fer4	24	3300029541.a:Ga0244914_100177_64	164	3.3e-11	2	24	58	80	0.9166666666666666
Fer4	24	3300029541.a:Ga0244914_100177_64	164	1.5e-07	7	24	108	125	0.7083333333333334
Fer4	24	3300029541.a:Ga0244914_100177_64	164	1.7e-05	2	23	132	153	0.875
PALP	294	3300029541.a:Ga0244914_100177_69	405	5.9e-51	3	273	39	352	0.9183673469387755
SKI	158	3300029541.a:Ga0244914_100177_72	315	5.9e-05	51	106	172	228	0.34810126582278483
Glycos_trans_3N	63	3300029541.a:Ga0244914_100208_10	450	7.8e-24	2	63	5	66	0.9682539682539683
HisKA	64	3300029541.a:Ga0244914_100208_18	325	3.9e-05	4	63	122	191	0.921875
HATPase_c	111	3300029541.a:Ga0244914_100208_18	325	2.7e-08	2	59	237	302	0.5135135135135135
Response_reg	112	3300029541.a:Ga0244914_100208_19	222	5.4e-22	1	112	4	113	0.9910714285714286
Trans_reg_C	77	3300029541.a:Ga0244914_100208_19	222	9e-24	1	76	146	220	0.974025974025974
GntR	64	3300029541.a:Ga0244914_100208_2	259	3.5e-18	1	63	20	82	0.96875
TetR_N	47	3300029541.a:Ga0244914_100208_31	610	3.2e-14	2	47	54	99	0.9574468085106383
HhH-GPD	108	3300029541.a:Ga0244914_100208_35	223	1.3e-24	1	105	41	177	0.9629629629629629
HhH-GPD	108	3300029541.a:Ga0244914_100208_47	304	2e-11	1	85	35	147	0.7777777777777778
Rrf2	83	3300029541.a:Ga0244914_100208_48	163	8.7e-23	1	83	1	82	0.9879518072289156
Response_reg	112	3300029541.a:Ga0244914_100208_50	240	1.1e-26	2	112	5	114	0.9821428571428571
LytTR	98	3300029541.a:Ga0244914_100208_50	240	6e-26	3	97	142	237	0.9591836734693877
HATPase_c	111	3300029541.a:Ga0244914_100208_51	453	5.9e-16	10	110	338	447	0.9009009009009009
Response_reg	112	3300029541.a:Ga0244914_100208_55	245	1.6e-26	1	111	7	116	0.9821428571428571
LytTR	98	3300029541.a:Ga0244914_100208_55	245	1.6e-26	4	97	147	241	0.9489795918367347
HATPase_c	111	3300029541.a:Ga0244914_100208_56	470	1.7e-10	6	107	342	454	0.9099099099099099
Fer4	24	3300029541.a:Ga0244914_100208_63	1181	4.7e-08	2	23	693	714	0.875
Fer4	24	3300029541.a:Ga0244914_100208_63	1181	3.2e-06	3	24	750	771	0.875
HisKA	64	3300029541.a:Ga0244914_100209_1	407	9.8e-14	2	60	179	241	0.90625
HATPase_c	111	3300029541.a:Ga0244914_100209_1	407	1.4e-23	2	108	292	399	0.954954954954955
Response_reg	112	3300029541.a:Ga0244914_100209_2	232	2.4e-28	1	112	7	116	0.9910714285714286
Trans_reg_C	77	3300029541.a:Ga0244914_100209_2	232	5.2e-25	1	77	152	229	0.987012987012987
Pyr_redox	81	3300029541.a:Ga0244914_100209_34	442	3e-07	1	35	5	39	0.41975308641975306
HD	122	3300029541.a:Ga0244914_100209_52	199	4.1e-12	1	120	26	139	0.9754098360655737
TPR_1	34	3300029541.a:Ga0244914_100209_66	429	5.6e-06	1	29	144	172	0.8235294117647058
TPR_2	34	3300029541.a:Ga0244914_100209_66	429	6.8e-05	6	27	186	207	0.6176470588235294
PfkB	302	3300029541.a:Ga0244914_100220_10	323	1.8e-62	4	301	7	310	0.9834437086092715
FeoA	74	3300029541.a:Ga0244914_100220_11	827	5.5e-16	2	73	42	113	0.9594594594594594
Nitro_FeMo-Co	95	3300029541.a:Ga0244914_100220_14	121	8e-19	4	89	16	100	0.8947368421052632
HisKA	64	3300029541.a:Ga0244914_100220_18	406	7.7e-07	2	48	296	346	0.71875
Response_reg	112	3300029541.a:Ga0244914_100220_19	229	3e-27	1	111	3	112	0.9821428571428571
Trans_reg_C	77	3300029541.a:Ga0244914_100220_19	229	6.9e-21	1	77	150	225	0.987012987012987
HTH_3	55	3300029541.a:Ga0244914_100220_20	239	2.9e-16	1	55	38	92	0.9818181818181818
ATPase_2	233	3300029541.a:Ga0244914_100220_23	364	8.6e-05	8	135	23	158	0.5450643776824035
HisKA	64	3300029541.a:Ga0244914_100220_3	302	6.5e-08	6	59	89	144	0.828125
HATPase_c	111	3300029541.a:Ga0244914_100220_3	302	3.4e-09	2	92	196	284	0.8108108108108109
AAA	132	3300029541.a:Ga0244914_100220_30	375	4.4e-08	6	111	83	188	0.7954545454545454
TetR_N	47	3300029541.a:Ga0244914_100220_35	187	2.7e-08	8	47	22	61	0.8297872340425532
ACT	67	3300029541.a:Ga0244914_100220_38	455	7.7e-08	8	63	383	432	0.8208955223880597
PALP	294	3300029541.a:Ga0244914_100220_39	506	1.6e-20	7	290	88	432	0.9625850340136054
HTH_3	55	3300029541.a:Ga0244914_100220_51	244	5e-13	1	54	45	98	0.9636363636363636
HTH_11	55	3300029541.a:Ga0244914_100220_53	405	1.7e-05	16	44	352	380	0.509090909090909
HTH_3	55	3300029541.a:Ga0244914_100220_54	211	2.3e-15	1	55	10	64	0.9818181818181818
HTH_3	55	3300029541.a:Ga0244914_100220_55	225	4e-15	1	53	52	104	0.9454545454545454
HD	122	3300029541.a:Ga0244914_100220_6	191	4.7e-09	1	118	46	151	0.9590163934426229
Fer4	24	3300029541.a:Ga0244914_100220_61	446	6.8e-06	7	20	364	377	0.5416666666666666
Trans_reg_C	77	3300029541.a:Ga0244914_100220_63	221	9.3e-25	2	77	145	218	0.974025974025974
LacI	46	3300029541.a:Ga0244914_100220_7	328	2.1e-14	2	46	3	46	0.9565217391304348
Peripla_BP_3	164	3300029541.a:Ga0244914_100220_7	328	5.1e-32	13	164	176	326	0.9207317073170732
PTS_EIIC	324	3300029541.a:Ga0244914_100220_8	464	6.6e-42	1	321	112	400	0.9876543209876543
Aminotran_1_2	363	3300029541.a:Ga0244914_100239_10	363	2.9e-54	2	363	29	355	0.9944903581267218
HTH_1	60	3300029541.a:Ga0244914_100239_17	305	4.2e-24	1	60	3	62	0.9833333333333333
LysR_substrate	209	3300029541.a:Ga0244914_100239_17	305	5.1e-41	2	205	90	300	0.9712918660287081
Aminotran_1_2	363	3300029541.a:Ga0244914_100239_18	481	6.5e-11	50	189	121	263	0.38292011019283745
Crp	32	3300029541.a:Ga0244914_100239_24	223	1.9e-08	1	32	167	199	0.96875
cNMP_binding	88	3300029541.a:Ga0244914_100239_28	223	7e-05	5	87	23	109	0.9318181818181818
Crp	32	3300029541.a:Ga0244914_100239_28	223	7.6e-09	1	32	167	199	0.96875
TetR_N	47	3300029541.a:Ga0244914_100239_33	194	1.8e-13	1	47	12	58	0.9787234042553191
GntR	64	3300029541.a:Ga0244914_100239_44	235	3.1e-15	2	63	9	70	0.953125
GntR	64	3300029541.a:Ga0244914_100239_45	246	3.2e-19	3	64	5	66	0.953125
SIS	131	3300029541.a:Ga0244914_100239_46	339	5.3e-15	6	127	36	155	0.9236641221374046
LacI	46	3300029541.a:Ga0244914_100239_65	333	1.5e-13	2	46	4	47	0.9565217391304348
Peripla_BP_3	164	3300029541.a:Ga0244914_100239_65	333	8.6e-23	3	150	169	313	0.8963414634146342
Aminotran_1_2	363	3300029541.a:Ga0244914_100249_11	445	3.8e-11	95	362	149	426	0.7355371900826446
TPR_1	34	3300029541.a:Ga0244914_100249_14	238	4.3e-10	3	34	183	214	0.9117647058823529
STAS	117	3300029541.a:Ga0244914_100249_15	105	6.7e-16	4	105	7	99	0.8632478632478633
SBP_bac_1	315	3300029541.a:Ga0244914_100249_24	447	2.4e-18	7	313	53	345	0.9714285714285714
LacI	46	3300029541.a:Ga0244914_100249_27	343	5.5e-18	2	46	3	47	0.9565217391304348
Peripla_BP_3	164	3300029541.a:Ga0244914_100249_27	343	3.5e-33	1	164	169	332	0.9939024390243902
SBP_bac_3	225	3300029541.a:Ga0244914_100249_35	345	1e-32	1	224	69	281	0.9911111111111112
GntR	64	3300029541.a:Ga0244914_100249_50	244	1.6e-22	1	64	10	72	0.984375
SIS	131	3300029541.a:Ga0244914_100249_51	389	4.3e-10	7	124	58	187	0.8931297709923665
SIS	131	3300029541.a:Ga0244914_100249_51	389	3.9e-05	6	74	230	301	0.5190839694656488
PfkB	302	3300029541.a:Ga0244914_100249_54	312	3.8e-52	32	296	31	292	0.8741721854304636
PTS_EIIC	324	3300029541.a:Ga0244914_100249_56	629	5.9e-69	1	324	28	355	0.9969135802469136
LacI	46	3300029541.a:Ga0244914_100249_57	349	3e-19	2	46	23	67	0.9565217391304348
Peripla_BP_3	164	3300029541.a:Ga0244914_100249_57	349	4.8e-32	1	164	187	344	0.9939024390243902
HTH_DeoR	57	3300029541.a:Ga0244914_100249_59	245	1e-20	8	57	3	52	0.8596491228070176
DeoRC	160	3300029541.a:Ga0244914_100249_59	245	7.5e-47	2	158	70	224	0.975
ATPase_2	233	3300029541.a:Ga0244914_100266_17	371	1.5e-06	20	144	40	168	0.5321888412017167
Ammonium_transp	399	3300029541.a:Ga0244914_100266_2	425	2.8e-113	2	399	9	417	0.9949874686716792
HTH_3	55	3300029541.a:Ga0244914_100266_20	152	1.6e-06	3	53	44	94	0.9090909090909091
Pkinase	264	3300029541.a:Ga0244914_100266_21	593	7.1e-22	54	198	71	226	0.5454545454545454
Response_reg	112	3300029541.a:Ga0244914_100266_3	235	1.4e-25	1	112	6	119	0.9910714285714286
Trans_reg_C	77	3300029541.a:Ga0244914_100266_3	235	4.6e-26	1	77	157	232	0.987012987012987
SBP_bac_3	225	3300029541.a:Ga0244914_100266_34	345	2.2e-05	38	163	80	215	0.5555555555555556
LacI	46	3300029541.a:Ga0244914_100266_4	348	2.9e-18	2	46	23	67	0.9565217391304348
Peripla_BP_3	164	3300029541.a:Ga0244914_100266_4	348	4.1e-29	2	164	188	342	0.9878048780487805
Arg_repressor	70	3300029541.a:Ga0244914_100266_65	146	1.3e-21	2	68	4	66	0.9428571428571428
Fer4	24	3300029541.a:Ga0244914_100268_11	264	2.7e-05	1	24	217	240	0.9583333333333334
GATase_2	420	3300029541.a:Ga0244914_100268_15	2032	2.4e-169	1	420	29	451	0.9976190476190476
Pyr_redox_2	292	3300029541.a:Ga0244914_100268_15	2032	1.1e-18	2	174	1694	1864	0.589041095890411
HTH_3	55	3300029541.a:Ga0244914_100268_16	69	5.9e-19	1	55	11	65	0.9818181818181818
HTH_IclR	52	3300029541.a:Ga0244914_100268_18	433	1.5e-05	22	51	391	420	0.5576923076923077
PTS_EIIC	324	3300029541.a:Ga0244914_100268_2	481	3.9e-24	2	321	113	410	0.9845679012345679
B12-binding_2	75	3300029541.a:Ga0244914_100268_22	841	1.8e-17	4	73	638	706	0.92
B12-binding	121	3300029541.a:Ga0244914_100268_22	841	1.2e-26	2	118	721	829	0.9586776859504132
BTAD	146	3300029541.a:Ga0244914_100268_27	1010	1.9e-10	54	145	908	999	0.6232876712328768
SBP_bac_5	377	3300029541.a:Ga0244914_100268_37	539	2.4e-83	2	371	94	454	0.9787798408488063
PTS-HPr	82	3300029541.a:Ga0244914_100268_42	91	2.6e-17	3	76	4	84	0.8902439024390244
HTH_6	77	3300029541.a:Ga0244914_100268_47	304	4.2e-15	1	73	1	72	0.935064935064935
AAA	132	3300029541.a:Ga0244914_100268_5	370	5.2e-06	2	74	49	164	0.5454545454545454
GerE	57	3300029541.a:Ga0244914_100327_36	294	9e-17	3	55	233	285	0.9122807017543859
HisKA	64	3300029541.a:Ga0244914_100327_44	913	4.3e-12	3	64	683	749	0.953125
HATPase_c	111	3300029541.a:Ga0244914_100327_44	913	1.7e-20	4	110	797	906	0.954954954954955
Response_reg	112	3300029541.a:Ga0244914_100327_45	235	2.2e-30	1	112	9	118	0.9910714285714286
Trans_reg_C	77	3300029541.a:Ga0244914_100327_45	235	1.6e-22	1	77	155	231	0.987012987012987
HTH_DeoR	57	3300029541.a:Ga0244914_100337_15	306	2.3e-20	1	56	23	78	0.9649122807017544
DeoRC	160	3300029541.a:Ga0244914_100337_15	306	2e-43	2	159	92	250	0.98125
PTS_EIIC	324	3300029541.a:Ga0244914_100337_24	676	2.8e-33	2	319	111	413	0.9783950617283951
GntR	64	3300029541.a:Ga0244914_100337_25	241	6.1e-15	2	64	5	67	0.96875
MerR	38	3300029541.a:Ga0244914_100337_27	279	1.4e-12	1	38	7	44	0.9736842105263158
HTH_11	55	3300029541.a:Ga0244914_100337_43	689	5.1e-06	11	43	25	57	0.5818181818181818
HTH_11	55	3300029541.a:Ga0244914_100337_43	689	1.8e-05	18	54	115	155	0.6545454545454545
Fer4	24	3300029541.a:Ga0244914_100337_48	269	1.5e-06	3	20	192	209	0.7083333333333334
Fer4	24	3300029541.a:Ga0244914_100337_48	269	2.4e-08	3	23	220	240	0.8333333333333334
Aminotran_1_2	363	3300029541.a:Ga0244914_100337_53	385	8.1e-48	34	361	59	374	0.9008264462809917
HTH_DeoR	57	3300029541.a:Ga0244914_100337_55	267	3.2e-18	1	56	13	68	0.9649122807017544
DeoRC	160	3300029541.a:Ga0244914_100337_55	267	4e-39	2	160	82	241	0.9875
PfkB	302	3300029541.a:Ga0244914_100337_6	345	1e-48	3	301	13	322	0.9867549668874173
Nitroreductase	170	3300029541.a:Ga0244914_100373_15	196	2.9e-18	5	170	17	156	0.9705882352941176
PadR	75	3300029541.a:Ga0244914_100373_24	117	1.6e-25	1	74	19	92	0.9733333333333334
AAA	132	3300029541.a:Ga0244914_100373_37	892	7e-16	2	111	245	357	0.8257575757575758
AAA	132	3300029541.a:Ga0244914_100373_37	892	1.1e-10	2	111	582	700	0.8257575757575758
HTH_5	47	3300029541.a:Ga0244914_100373_7	93	2.4e-19	1	46	11	56	0.9574468085106383
Aminotran_1_2	363	3300029541.a:Ga0244914_100416_15	394	1.8e-51	2	358	34	380	0.9807162534435262
AAA	132	3300029541.a:Ga0244914_100416_17	778	4.9e-48	1	131	283	415	0.9848484848484849
Pribosyltran	159	3300029541.a:Ga0244914_100416_18	183	1.2e-26	6	158	13	163	0.9559748427672956
HisKA	64	3300029541.a:Ga0244914_100416_28	556	3.5e-19	3	63	322	383	0.9375
HATPase_c	111	3300029541.a:Ga0244914_100416_28	556	1.6e-29	2	110	433	543	0.972972972972973
Response_reg	112	3300029541.a:Ga0244914_100416_29	244	2e-31	1	112	8	117	0.9910714285714286
Trans_reg_C	77	3300029541.a:Ga0244914_100416_29	244	7.8e-28	1	77	152	228	0.987012987012987
Fer4	24	3300029541.a:Ga0244914_100416_35	241	6.9e-10	2	21	155	174	0.7916666666666666
Fer4	24	3300029541.a:Ga0244914_100416_35	241	2.7e-09	6	24	186	204	0.75
GerE	57	3300029541.a:Ga0244914_100416_37	519	1.5e-14	3	56	456	509	0.9298245614035088
MarR	59	3300029541.a:Ga0244914_100416_8	160	1.3e-12	1	58	36	93	0.9661016949152542
TPR_2	34	3300029541.a:Ga0244914_100465_18	300	1e-05	3	32	84	113	0.8529411764705882
PTS_EIIC	324	3300029541.a:Ga0244914_100465_26	450	5.8e-24	3	317	106	378	0.9691358024691358
HTH_18	81	3300029541.a:Ga0244914_100465_28	332	8.4e-18	2	80	250	327	0.9629629629629629
ACT	67	3300029541.a:Ga0244914_100465_35	96	1e-10	2	47	10	55	0.6716417910447762
Citrate_synt	361	3300029541.a:Ga0244914_100465_36	474	3.1e-110	3	361	65	457	0.9916897506925207
Sigma70_r2	71	3300029541.a:Ga0244914_100465_38	162	7.6e-17	4	70	12	76	0.9295774647887324
Sigma70_r4_2	54	3300029541.a:Ga0244914_100465_38	162	7.4e-17	3	54	98	149	0.9444444444444444
PTS_EIIC	324	3300029541.a:Ga0244914_100465_5	646	2e-26	3	324	117	396	0.9907407407407407
GntR	64	3300029541.a:Ga0244914_100492_19	245	1.5e-20	1	64	13	76	0.984375
ACT	67	3300029541.a:Ga0244914_100492_2	162	5.4e-18	1	65	3	67	0.9552238805970149
SIS	131	3300029541.a:Ga0244914_100492_23	323	5.6e-08	33	97	46	110	0.48854961832061067
PfkB	302	3300029541.a:Ga0244914_100492_24	291	5.3e-23	32	294	24	280	0.8675496688741722
HTH_6	77	3300029541.a:Ga0244914_100492_32	288	3.7e-18	12	75	17	80	0.8181818181818182
SIS	131	3300029541.a:Ga0244914_100492_32	288	1.5e-15	2	114	131	244	0.8549618320610687
PfkB	302	3300029541.a:Ga0244914_100492_34	311	3.1e-35	16	296	15	292	0.9271523178807947
Aminotran_1_2	363	3300029541.a:Ga0244914_100492_35	389	2.6e-53	3	363	32	381	0.9917355371900827
PALP	294	3300029541.a:Ga0244914_100492_5	404	1.4e-82	5	294	18	301	0.9829931972789115
ACT	67	3300029541.a:Ga0244914_100492_5	404	1.7e-07	5	64	328	391	0.8805970149253731
Sigma70_r4	50	3300029541.a:Ga0244914_100583_10	157	5.9e-06	10	46	98	134	0.72
HTH_11	55	3300029541.a:Ga0244914_100583_12	140	2e-06	8	49	16	61	0.7454545454545455
PTS_EIIC	324	3300029541.a:Ga0244914_100732_11	466	3.3e-30	2	324	119	396	0.9938271604938271
Trp_repressor	88	3300029541.a:Ga0244914_100732_15	100	2.4e-22	3	85	12	93	0.9318181818181818
HMA	62	3300029541.a:Ga0244914_100732_5	785	2.8e-15	1	62	5	66	0.9838709677419355
HMA	62	3300029541.a:Ga0244914_100732_6	74	3e-13	5	60	8	62	0.8870967741935484
HTH_6	77	3300029541.a:Ga0244914_100732_9	278	1.1e-10	17	67	40	90	0.6493506493506493
SIS	131	3300029541.a:Ga0244914_100732_9	278	1.2e-05	2	113	143	251	0.8473282442748091
GntR	64	3300029541.a:Ga0244914_100775_15	243	1.2e-20	2	64	6	68	0.96875
PTS_EIIC	324	3300029541.a:Ga0244914_100775_16	532	3.1e-61	2	323	10	345	0.9907407407407407
Fer4	24	3300029541.a:Ga0244914_100775_19	422	1.1e-06	5	23	91	109	0.75
Fer4	24	3300029541.a:Ga0244914_100775_19	422	5.5e-06	4	22	318	336	0.75
Fer4	24	3300029541.a:Ga0244914_100775_19	422	6.1e-09	7	24	351	368	0.7083333333333334
Rrf2	83	3300029541.a:Ga0244914_100803_18	145	2e-26	1	82	1	83	0.9759036144578314
Aminotran_1_2	363	3300029541.a:Ga0244914_100808_7	373	2.1e-44	3	362	26	355	0.9889807162534435
CbiA	128	3300029541.a:Ga0244914_100808_8	492	1.9e-19	1	115	6	228	0.890625
Peripla_BP_2	238	3300029541.a:Ga0244914_101044_14	519	2.7e-32	11	236	249	484	0.9453781512605042
AAA	132	3300029541.a:Ga0244914_101044_5	337	1e-20	1	131	58	182	0.9848484848484849
SBP_bac_1	315	3300029541.a:Ga0244914_101096_12	312	3.4e-05	8	314	58	283	0.9714285714285714
SBP_bac_3	225	3300029541.a:Ga0244914_101143_5	328	2.4e-40	1	218	90	305	0.9644444444444444
AAA	132	3300029541.a:Ga0244914_101353_1	641	2.5e-14	2	125	40	176	0.9318181818181818
Pkinase	264	3300029541.a:Ga0244914_101353_10	664	3.6e-56	3	256	13	259	0.9583333333333334
Pkinase	264	3300029541.a:Ga0244914_101353_5	633	9.4e-50	9	204	59	260	0.7386363636363636
FHA	69	3300029541.a:Ga0244914_101353_6	174	8.7e-22	1	69	101	165	0.9855072463768116
FHA	69	3300029541.a:Ga0244914_101353_7	138	1.4e-19	1	69	64	128	0.9855072463768116
SpoIIE	193	3300029541.a:Ga0244914_101353_8	619	4.4e-08	7	192	250	453	0.9585492227979274
FeoA	74	3300029541.a:Ga0244914_101596_1	82	2.5e-18	1	72	12	80	0.9594594594594594
FeoA	74	3300029541.a:Ga0244914_101596_2	74	5.9e-17	2	73	3	73	0.9594594594594594
LacI	46	3300029541.a:Ga0244914_101596_5	361	1.7e-11	1	46	5	50	0.9782608695652174
Pyr_redox_2	292	3300029541.a:Ga0244914_101596_9	406	1.9e-31	1	291	110	391	0.9931506849315068
GntR	64	3300029541.a:Ga0244914_101734_2	240	2.6e-22	1	64	8	71	0.984375
Pyr_redox	81	3300029541.a:Ga0244914_101734_4	348	1.8e-05	2	42	170	206	0.49382716049382713
TrmB	68	3300029541.a:Ga0244914_101844_2	914	4.2e-06	22	62	38	78	0.5882352941176471
PfkB	302	3300029541.a:Ga0244914_102130_1	328	1.3e-39	3	298	3	317	0.9768211920529801
