428	STP	1	4	CGC1	3300022736.a:Ga0206112_100003	497823	499073	3300022736.a:Ga0206112_100003_429	+	DB=STP|AAA;ID=3300022736.a:Ga0206112_100003_429	DB=STP|AAA;ID=3300022736.a:Ga0206112_100003_429
429	null	null	null	CGC1	3300022736.a:Ga0206112_100003	499141	499287	3300022736.a:Ga0206112_100003_430	+	;ID=3300022736.a:Ga0206112_100003_430
430	TC	0	1	CGC1	3300022736.a:Ga0206112_100003	499533	500528	3300022736.a:Ga0206112_100003_431	-	DB=gnl|TC-DB|P77735|8.A.5.1.6;ID=3300022736.a:Ga0206112_100003_431	DB=gnl|TC-DB|P77735|8.A.5.1.6;ID=3300022736.a:Ga0206112_100003_431
431	CAZyme	0	0	CGC1	3300022736.a:Ga0206112_100003	500580	501647	3300022736.a:Ga0206112_100003_432	-	DB=CE2| CE2;ID=3300022736.a:Ga0206112_100003_432	DB=CE2| CE2;ID=3300022736.a:Ga0206112_100003_432
432	CAZyme	0	0	CGC1	3300022736.a:Ga0206112_100003	501658	503355	3300022736.a:Ga0206112_100003_433	-	DB= GH51|GH51;ID=3300022736.a:Ga0206112_100003_433	DB= GH51|GH51;ID=3300022736.a:Ga0206112_100003_433
433	CAZyme	0	0	CGC1	3300022736.a:Ga0206112_100003	503388	504608	3300022736.a:Ga0206112_100003_434	-	DB= GH130|GH130;ID=3300022736.a:Ga0206112_100003_434	DB= GH130|GH130;ID=3300022736.a:Ga0206112_100003_434
434	TC	1	0	CGC1	3300022736.a:Ga0206112_100003	504623	506449	3300022736.a:Ga0206112_100003_435	-	DB=gnl|TC-DB|A1S2A8|2.A.21.3.8;ID=3300022736.a:Ga0206112_100003_435	DB=gnl|TC-DB|A1S2A8|2.A.21.3.8;ID=3300022736.a:Ga0206112_100003_435
435	null	null	null	CGC1	3300022736.a:Ga0206112_100003	506614	507693	3300022736.a:Ga0206112_100003_436	-	;ID=3300022736.a:Ga0206112_100003_436
436	TC	0	1	CGC1	3300022736.a:Ga0206112_100003	507731	509296	3300022736.a:Ga0206112_100003_437	-	DB=gnl|TC-DB|E4RVP8|8.A.46.1.5;ID=3300022736.a:Ga0206112_100003_437	DB=gnl|TC-DB|E4RVP8|8.A.46.1.5;ID=3300022736.a:Ga0206112_100003_437
437	TC	0	0	CGC1	3300022736.a:Ga0206112_100003	509327	512479	3300022736.a:Ga0206112_100003_438	-	DB=gnl|TC-DB|Q45780|1.B.14.6.1;ID=3300022736.a:Ga0206112_100003_438	DB=gnl|TC-DB|Q45780|1.B.14.6.1;ID=3300022736.a:Ga0206112_100003_438
438	TF	2	0	CGC1	3300022736.a:Ga0206112_100003	512716	513579	3300022736.a:Ga0206112_100003_439	+	DB=DBD-Pfam|HTH_AraC,DBD-SUPERFAMILY|0036286,DBD-SUPERFAMILY|0035607;ID=3300022736.a:Ga0206112_100003_439	DB=DBD-Pfam|HTH_AraC,DBD-SUPERFAMILY|0036286,DBD-SUPERFAMILY|0035607;ID=3300022736.a:Ga0206112_100003_439
439	null	null	null	CGC1	3300022736.a:Ga0206112_100003	513653	517033	3300022736.a:Ga0206112_100003_440	-	;ID=3300022736.a:Ga0206112_100003_440
440	null	null	null	CGC1	3300022736.a:Ga0206112_100003	517334	517480	3300022736.a:Ga0206112_100003_441	-	;ID=3300022736.a:Ga0206112_100003_441
441	TC	4	2	CGC1	3300022736.a:Ga0206112_100003	517516	518250	3300022736.a:Ga0206112_100003_442	+	DB=gnl|TC-DB|F0S4R6|1.B.81.1.2;ID=3300022736.a:Ga0206112_100003_442	DB=gnl|TC-DB|F0S4R6|1.B.81.1.2;ID=3300022736.a:Ga0206112_100003_442
+++++
576	TC	0	3	CGC2	3300022736.a:Ga0206112_100003	679220	680347	3300022736.a:Ga0206112_100003_577	-	DB=gnl|TC-DB|Q5EGM5|9.A.25.1.1;ID=3300022736.a:Ga0206112_100003_577	DB=gnl|TC-DB|Q5EGM5|9.A.25.1.1;ID=3300022736.a:Ga0206112_100003_577
577	CAZyme	0	0	CGC2	3300022736.a:Ga0206112_100003	680540	681970	3300022736.a:Ga0206112_100003_578	-	DB=GH28| GH28|GH0;ID=3300022736.a:Ga0206112_100003_578	DB=GH28| GH28|GH0;ID=3300022736.a:Ga0206112_100003_578
578	TF	1	0	CGC2	3300022736.a:Ga0206112_100003	682459	683484	3300022736.a:Ga0206112_100003_579	+	DB=DBD-Pfam|LacI,DBD-SUPERFAMILY|0036955;ID=3300022736.a:Ga0206112_100003_579	DB=DBD-Pfam|LacI,DBD-SUPERFAMILY|0036955;ID=3300022736.a:Ga0206112_100003_579
579	null	null	null	CGC2	3300022736.a:Ga0206112_100003	683488	684843	3300022736.a:Ga0206112_100003_580	-	;ID=3300022736.a:Ga0206112_100003_580
580	STP	0	1	CGC2	3300022736.a:Ga0206112_100003	684919	685983	3300022736.a:Ga0206112_100003_581	+	DB=STP|Guanylate_cyc;ID=3300022736.a:Ga0206112_100003_581	DB=STP|Guanylate_cyc;ID=3300022736.a:Ga0206112_100003_581
581	STP	0	0	CGC2	3300022736.a:Ga0206112_100003	685987	687408	3300022736.a:Ga0206112_100003_582	-	DB=STP|TPR_2;ID=3300022736.a:Ga0206112_100003_582	DB=STP|TPR_2;ID=3300022736.a:Ga0206112_100003_582
582	TC	0	0	CGC2	3300022736.a:Ga0206112_100003	687514	687954	3300022736.a:Ga0206112_100003_583	-	DB=gnl|TC-DB|D0J5W3|9.B.44.1.2;ID=3300022736.a:Ga0206112_100003_583	DB=gnl|TC-DB|D0J5W3|9.B.44.1.2;ID=3300022736.a:Ga0206112_100003_583
583	STP	4	0	CGC2	3300022736.a:Ga0206112_100003	688035	688598	3300022736.a:Ga0206112_100003_584	-	DB=STP|cNMP_binding;ID=3300022736.a:Ga0206112_100003_584	DB=STP|cNMP_binding;ID=3300022736.a:Ga0206112_100003_584
+++++
759	STP	0	5	CGC3	3300022736.a:Ga0206112_100003	882063	882698	3300022736.a:Ga0206112_100003_760	-	DB=STP|Sigma70_r2,STP|Sigma70_r4_2;ID=3300022736.a:Ga0206112_100003_760	DB=STP|Sigma70_r2,STP|Sigma70_r4_2;ID=3300022736.a:Ga0206112_100003_760
760	STP	0	0	CGC3	3300022736.a:Ga0206112_100003	882699	883622	3300022736.a:Ga0206112_100003_761	-	DB=STP|Peptidase_M23;ID=3300022736.a:Ga0206112_100003_761	DB=STP|Peptidase_M23;ID=3300022736.a:Ga0206112_100003_761
761	TF	1	0	CGC3	3300022736.a:Ga0206112_100003	883694	884677	3300022736.a:Ga0206112_100003_762	-	DB=DBD-Pfam|HTH_AraC,DBD-Pfam|HTH_AraC,DBD-SUPERFAMILY|0036286,DBD-SUPERFAMILY|0035607;ID=3300022736.a:Ga0206112_100003_762	DB=DBD-Pfam|HTH_AraC,DBD-Pfam|HTH_AraC,DBD-SUPERFAMILY|0036286,DBD-SUPERFAMILY|0035607;ID=3300022736.a:Ga0206112_100003_762
762	null	null	null	CGC3	3300022736.a:Ga0206112_100003	884745	886847	3300022736.a:Ga0206112_100003_763	-	;ID=3300022736.a:Ga0206112_100003_763
763	TC	0	1	CGC3	3300022736.a:Ga0206112_100003	886875	887555	3300022736.a:Ga0206112_100003_764	-	DB=gnl|TC-DB|I9SUL5|9.B.196.1.2;ID=3300022736.a:Ga0206112_100003_764	DB=gnl|TC-DB|I9SUL5|9.B.196.1.2;ID=3300022736.a:Ga0206112_100003_764
764	TF	0	0	CGC3	3300022736.a:Ga0206112_100003	887672	888346	3300022736.a:Ga0206112_100003_765	-	DB=DBD-Pfam|Trans_reg_C;ID=3300022736.a:Ga0206112_100003_765	DB=DBD-Pfam|Trans_reg_C;ID=3300022736.a:Ga0206112_100003_765
765	TC	0	0	CGC3	3300022736.a:Ga0206112_100003	888413	889102	3300022736.a:Ga0206112_100003_766	-	DB=gnl|TC-DB|I9SUL5|9.B.196.1.2;ID=3300022736.a:Ga0206112_100003_766	DB=gnl|TC-DB|I9SUL5|9.B.196.1.2;ID=3300022736.a:Ga0206112_100003_766
766	CAZyme	3	0	CGC3	3300022736.a:Ga0206112_100003	889312	891480	3300022736.a:Ga0206112_100003_767	+	DB=GH97| GH97;ID=3300022736.a:Ga0206112_100003_767	DB=GH97| GH97;ID=3300022736.a:Ga0206112_100003_767
+++++
46	TF	2	4	CGC1	3300022736.a:Ga0206112_100014	53469	54278	3300022736.a:Ga0206112_100014_47	+	DB=DBD-Pfam|HTH_AraC,DBD-SUPERFAMILY|0035607,DBD-SUPERFAMILY|0035607;ID=3300022736.a:Ga0206112_100014_47	DB=DBD-Pfam|HTH_AraC,DBD-SUPERFAMILY|0035607,DBD-SUPERFAMILY|0035607;ID=3300022736.a:Ga0206112_100014_47
47	null	null	null	CGC1	3300022736.a:Ga0206112_100014	54337	54687	3300022736.a:Ga0206112_100014_48	+	;ID=3300022736.a:Ga0206112_100014_48
48	null	null	null	CGC1	3300022736.a:Ga0206112_100014	54662	55429	3300022736.a:Ga0206112_100014_49	+	;ID=3300022736.a:Ga0206112_100014_49
49	TC	0	2	CGC1	3300022736.a:Ga0206112_100014	55618	56955	3300022736.a:Ga0206112_100014_50	-	DB=gnl|TC-DB|E8V4X8|9.B.169.1.7;ID=3300022736.a:Ga0206112_100014_50	DB=gnl|TC-DB|E8V4X8|9.B.169.1.7;ID=3300022736.a:Ga0206112_100014_50
50	TF	0	0	CGC1	3300022736.a:Ga0206112_100014	57221	57868	3300022736.a:Ga0206112_100014_51	-	DB=DBD-Pfam|GerE;ID=3300022736.a:Ga0206112_100014_51	DB=DBD-Pfam|GerE;ID=3300022736.a:Ga0206112_100014_51
51	STP	0	0	CGC1	3300022736.a:Ga0206112_100014	57925	60039	3300022736.a:Ga0206112_100014_52	-	DB=STP|HATPase_c;ID=3300022736.a:Ga0206112_100014_52	DB=STP|HATPase_c;ID=3300022736.a:Ga0206112_100014_52
52	CAZyme	0	0	CGC1	3300022736.a:Ga0206112_100014	60238	61980	3300022736.a:Ga0206112_100014_53	-	DB= GH27|GH27;ID=3300022736.a:Ga0206112_100014_53	DB= GH27|GH27;ID=3300022736.a:Ga0206112_100014_53
53	TC	0	0	CGC1	3300022736.a:Ga0206112_100014	62019	63557	3300022736.a:Ga0206112_100014_54	-	DB=gnl|TC-DB|Q8A1G2|8.A.46.1.1;ID=3300022736.a:Ga0206112_100014_54	DB=gnl|TC-DB|Q8A1G2|8.A.46.1.1;ID=3300022736.a:Ga0206112_100014_54
54	TC	2	0	CGC1	3300022736.a:Ga0206112_100014	63568	66501	3300022736.a:Ga0206112_100014_55	-	DB=gnl|TC-DB|Q45780|1.B.14.6.1;ID=3300022736.a:Ga0206112_100014_55	DB=gnl|TC-DB|Q45780|1.B.14.6.1;ID=3300022736.a:Ga0206112_100014_55
55	null	null	null	CGC1	3300022736.a:Ga0206112_100014	66782	68419	3300022736.a:Ga0206112_100014_56	-	;ID=3300022736.a:Ga0206112_100014_56
56	null	null	null	CGC1	3300022736.a:Ga0206112_100014	68513	70486	3300022736.a:Ga0206112_100014_57	-	;ID=3300022736.a:Ga0206112_100014_57
57	TF	1	2	CGC1	3300022736.a:Ga0206112_100014	70517	71536	3300022736.a:Ga0206112_100014_58	-	DB=DBD-Pfam|GntR,DBD-SUPERFAMILY|0039384;ID=3300022736.a:Ga0206112_100014_58	DB=DBD-Pfam|GntR,DBD-SUPERFAMILY|0039384;ID=3300022736.a:Ga0206112_100014_58
58	null	null	null	CGC1	3300022736.a:Ga0206112_100014	71569	73038	3300022736.a:Ga0206112_100014_59	-	;ID=3300022736.a:Ga0206112_100014_59
59	CAZyme	2	1	CGC1	3300022736.a:Ga0206112_100014	73069	74271	3300022736.a:Ga0206112_100014_60	-	DB= GH27|GH27;ID=3300022736.a:Ga0206112_100014_60	DB= GH27|GH27;ID=3300022736.a:Ga0206112_100014_60
60	null	null	null	CGC1	3300022736.a:Ga0206112_100014	74287	75324	3300022736.a:Ga0206112_100014_61	-	;ID=3300022736.a:Ga0206112_100014_61
61	null	null	null	CGC1	3300022736.a:Ga0206112_100014	75396	77063	3300022736.a:Ga0206112_100014_62	-	;ID=3300022736.a:Ga0206112_100014_62
62	TC	2	2	CGC1	3300022736.a:Ga0206112_100014	77091	80183	3300022736.a:Ga0206112_100014_63	-	DB=gnl|TC-DB|Q45780|1.B.14.6.1;ID=3300022736.a:Ga0206112_100014_63	DB=gnl|TC-DB|Q45780|1.B.14.6.1;ID=3300022736.a:Ga0206112_100014_63
63	null	null	null	CGC1	3300022736.a:Ga0206112_100014	80498	81571	3300022736.a:Ga0206112_100014_64	+	;ID=3300022736.a:Ga0206112_100014_64
64	null	null	null	CGC1	3300022736.a:Ga0206112_100014	81598	81813	3300022736.a:Ga0206112_100014_65	-	;ID=3300022736.a:Ga0206112_100014_65
65	TF	2	2	CGC1	3300022736.a:Ga0206112_100014	82282	82866	3300022736.a:Ga0206112_100014_66	+	DB=DBD-Pfam|GerE;ID=3300022736.a:Ga0206112_100014_66	DB=DBD-Pfam|GerE;ID=3300022736.a:Ga0206112_100014_66
66	null	null	null	CGC1	3300022736.a:Ga0206112_100014	82856	83659	3300022736.a:Ga0206112_100014_67	+	;ID=3300022736.a:Ga0206112_100014_67
67	null	null	null	CGC1	3300022736.a:Ga0206112_100014	83677	84348	3300022736.a:Ga0206112_100014_68	+	;ID=3300022736.a:Ga0206112_100014_68
68	STP	1	2	CGC1	3300022736.a:Ga0206112_100014	84472	84852	3300022736.a:Ga0206112_100014_69	+	DB=STP|Rhodanese;ID=3300022736.a:Ga0206112_100014_69	DB=STP|Rhodanese;ID=3300022736.a:Ga0206112_100014_69
69	null	null	null	CGC1	3300022736.a:Ga0206112_100014	84849	85457	3300022736.a:Ga0206112_100014_70	+	;ID=3300022736.a:Ga0206112_100014_70
70	TF	1	1	CGC1	3300022736.a:Ga0206112_100014	85458	85991	3300022736.a:Ga0206112_100014_71	-	DB=DBD-SUPERFAMILY|0038966;ID=3300022736.a:Ga0206112_100014_71	DB=DBD-SUPERFAMILY|0038966;ID=3300022736.a:Ga0206112_100014_71
71	null	null	null	CGC1	3300022736.a:Ga0206112_100014	85988	86452	3300022736.a:Ga0206112_100014_72	-	;ID=3300022736.a:Ga0206112_100014_72
72	TF	0	1	CGC1	3300022736.a:Ga0206112_100014	86525	87214	3300022736.a:Ga0206112_100014_73	-	DB=DBD-Pfam|Trans_reg_C;ID=3300022736.a:Ga0206112_100014_73	DB=DBD-Pfam|Trans_reg_C;ID=3300022736.a:Ga0206112_100014_73
73	TC	3	0	CGC1	3300022736.a:Ga0206112_100014	87211	88692	3300022736.a:Ga0206112_100014_74	-	DB=gnl|TC-DB|Q93N33|2.A.21.9.2;ID=3300022736.a:Ga0206112_100014_74	DB=gnl|TC-DB|Q93N33|2.A.21.9.2;ID=3300022736.a:Ga0206112_100014_74
+++++
148	TC	0	6	CGC2	3300022736.a:Ga0206112_100014	183903	184964	3300022736.a:Ga0206112_100014_149	+	DB=gnl|TC-DB|Q81JL2|9.B.33.1.1;ID=3300022736.a:Ga0206112_100014_149	DB=gnl|TC-DB|Q81JL2|9.B.33.1.1;ID=3300022736.a:Ga0206112_100014_149
149	TF	0	0	CGC2	3300022736.a:Ga0206112_100014	184974	185735	3300022736.a:Ga0206112_100014_150	-	DB=DBD-Pfam|LytTR;ID=3300022736.a:Ga0206112_100014_150	DB=DBD-Pfam|LytTR;ID=3300022736.a:Ga0206112_100014_150
150	TF	0	0	CGC2	3300022736.a:Ga0206112_100014	186003	186728	3300022736.a:Ga0206112_100014_151	+	DB=DBD-Pfam|LytTR;ID=3300022736.a:Ga0206112_100014_151	DB=DBD-Pfam|LytTR;ID=3300022736.a:Ga0206112_100014_151
151	STP	0	0	CGC2	3300022736.a:Ga0206112_100014	186964	187569	3300022736.a:Ga0206112_100014_152	+	DB=STP|TetR_N;ID=3300022736.a:Ga0206112_100014_152	DB=STP|TetR_N;ID=3300022736.a:Ga0206112_100014_152
152	TC	0	0	CGC2	3300022736.a:Ga0206112_100014	187733	188938	3300022736.a:Ga0206112_100014_153	+	DB=gnl|TC-DB|Q6VV69|2.A.6.2.23;ID=3300022736.a:Ga0206112_100014_153	DB=gnl|TC-DB|Q6VV69|2.A.6.2.23;ID=3300022736.a:Ga0206112_100014_153
153	TC	0	0	CGC2	3300022736.a:Ga0206112_100014	188997	192161	3300022736.a:Ga0206112_100014_154	+	DB=gnl|TC-DB|Q2FD81|2.A.6.2.44;ID=3300022736.a:Ga0206112_100014_154	DB=gnl|TC-DB|Q2FD81|2.A.6.2.44;ID=3300022736.a:Ga0206112_100014_154
154	TC	2	0	CGC2	3300022736.a:Ga0206112_100014	192315	193736	3300022736.a:Ga0206112_100014_155	+	DB=gnl|TC-DB|Q4VSJ5|2.A.6.2.20;ID=3300022736.a:Ga0206112_100014_155	DB=gnl|TC-DB|Q4VSJ5|2.A.6.2.20;ID=3300022736.a:Ga0206112_100014_155
155	null	null	null	CGC2	3300022736.a:Ga0206112_100014	194214	195392	3300022736.a:Ga0206112_100014_156	-	;ID=3300022736.a:Ga0206112_100014_156
156	null	null	null	CGC2	3300022736.a:Ga0206112_100014	195698	196987	3300022736.a:Ga0206112_100014_157	+	;ID=3300022736.a:Ga0206112_100014_157
157	CAZyme	0	2	CGC2	3300022736.a:Ga0206112_100014	197157	199553	3300022736.a:Ga0206112_100014_158	-	DB= GH3|GH3;ID=3300022736.a:Ga0206112_100014_158	DB= GH3|GH3;ID=3300022736.a:Ga0206112_100014_158
158	TC	0	0	CGC2	3300022736.a:Ga0206112_100014	199582	200886	3300022736.a:Ga0206112_100014_159	-	DB=gnl|TC-DB|Q07YH1|2.A.1.14.25;ID=3300022736.a:Ga0206112_100014_159	DB=gnl|TC-DB|Q07YH1|2.A.1.14.25;ID=3300022736.a:Ga0206112_100014_159
159	TC	0	0	CGC2	3300022736.a:Ga0206112_100014	200892	202160	3300022736.a:Ga0206112_100014_160	-	DB=gnl|TC-DB|A1S4V0|2.A.1.7.9;ID=3300022736.a:Ga0206112_100014_160	DB=gnl|TC-DB|A1S4V0|2.A.1.7.9;ID=3300022736.a:Ga0206112_100014_160
160	STP	5	0	CGC2	3300022736.a:Ga0206112_100014	202169	202990	3300022736.a:Ga0206112_100014_161	-	DB=STP|SIS;ID=3300022736.a:Ga0206112_100014_161	DB=STP|SIS;ID=3300022736.a:Ga0206112_100014_161
+++++
348	TC	0	4	CGC3	3300022736.a:Ga0206112_100014	450924	452468	3300022736.a:Ga0206112_100014_349	-	DB=gnl|TC-DB|C6Y217|8.A.46.1.3;ID=3300022736.a:Ga0206112_100014_349	DB=gnl|TC-DB|C6Y217|8.A.46.1.3;ID=3300022736.a:Ga0206112_100014_349
349	TC	0	0	CGC3	3300022736.a:Ga0206112_100014	452487	455690	3300022736.a:Ga0206112_100014_350	-	DB=gnl|TC-DB|Q45780|1.B.14.6.1;ID=3300022736.a:Ga0206112_100014_350	DB=gnl|TC-DB|Q45780|1.B.14.6.1;ID=3300022736.a:Ga0206112_100014_350
350	CAZyme	1	0	CGC3	3300022736.a:Ga0206112_100014	455723	456928	3300022736.a:Ga0206112_100014_351	-	DB=PL38| PL38;ID=3300022736.a:Ga0206112_100014_351	DB=PL38| PL38;ID=3300022736.a:Ga0206112_100014_351
351	null	null	null	CGC3	3300022736.a:Ga0206112_100014	456950	460348	3300022736.a:Ga0206112_100014_352	-	;ID=3300022736.a:Ga0206112_100014_352
352	TC	0	1	CGC3	3300022736.a:Ga0206112_100014	460391	461683	3300022736.a:Ga0206112_100014_353	-	DB=gnl|TC-DB|Q07YH1|2.A.1.14.25;ID=3300022736.a:Ga0206112_100014_353	DB=gnl|TC-DB|Q07YH1|2.A.1.14.25;ID=3300022736.a:Ga0206112_100014_353
353	STP	0	0	CGC3	3300022736.a:Ga0206112_100014	461701	462048	3300022736.a:Ga0206112_100014_354	-	DB=STP|AraC_binding;ID=3300022736.a:Ga0206112_100014_354	DB=STP|AraC_binding;ID=3300022736.a:Ga0206112_100014_354
354	CAZyme	1	0	CGC3	3300022736.a:Ga0206112_100014	462085	464277	3300022736.a:Ga0206112_100014_355	-	DB= PL17_2|PL17_2|PL17;ID=3300022736.a:Ga0206112_100014_355	DB= PL17_2|PL17_2|PL17;ID=3300022736.a:Ga0206112_100014_355
355	null	null	null	CGC3	3300022736.a:Ga0206112_100014	464320	465075	3300022736.a:Ga0206112_100014_356	-	;ID=3300022736.a:Ga0206112_100014_356
356	TF	0	1	CGC3	3300022736.a:Ga0206112_100014	465357	466394	3300022736.a:Ga0206112_100014_357	+	DB=DBD-Pfam|LacI,DBD-SUPERFAMILY|0036955;ID=3300022736.a:Ga0206112_100014_357	DB=DBD-Pfam|LacI,DBD-SUPERFAMILY|0036955;ID=3300022736.a:Ga0206112_100014_357
357	CAZyme	2	0	CGC3	3300022736.a:Ga0206112_100014	466400	468685	3300022736.a:Ga0206112_100014_358	+	DB=PL6|PL6_1| PL6_1;ID=3300022736.a:Ga0206112_100014_358	DB=PL6|PL6_1| PL6_1;ID=3300022736.a:Ga0206112_100014_358
358	null	null	null	CGC3	3300022736.a:Ga0206112_100014	468908	469933	3300022736.a:Ga0206112_100014_359	+	;ID=3300022736.a:Ga0206112_100014_359
359	null	null	null	CGC3	3300022736.a:Ga0206112_100014	469983	470609	3300022736.a:Ga0206112_100014_360	-	;ID=3300022736.a:Ga0206112_100014_360
360	STP	9	2	CGC3	3300022736.a:Ga0206112_100014	470772	471767	3300022736.a:Ga0206112_100014_361	+	DB=STP|AAA;ID=3300022736.a:Ga0206112_100014_361	DB=STP|AAA;ID=3300022736.a:Ga0206112_100014_361
+++++
370	STP	0	9	CGC4	3300022736.a:Ga0206112_100014	486263	487141	3300022736.a:Ga0206112_100014_371	-	DB=STP|PfkB;ID=3300022736.a:Ga0206112_100014_371	DB=STP|PfkB;ID=3300022736.a:Ga0206112_100014_371
371	STP	1	0	CGC4	3300022736.a:Ga0206112_100014	487217	488122	3300022736.a:Ga0206112_100014_372	-	DB=STP|Pyr_redox_2;ID=3300022736.a:Ga0206112_100014_372	DB=STP|Pyr_redox_2;ID=3300022736.a:Ga0206112_100014_372
372	null	null	null	CGC4	3300022736.a:Ga0206112_100014	488268	489053	3300022736.a:Ga0206112_100014_373	+	;ID=3300022736.a:Ga0206112_100014_373
373	TC	1	1	CGC4	3300022736.a:Ga0206112_100014	489315	489944	3300022736.a:Ga0206112_100014_374	+	DB=gnl|TC-DB|P0AFV2|9.B.20.1.4;ID=3300022736.a:Ga0206112_100014_374	DB=gnl|TC-DB|P0AFV2|9.B.20.1.4;ID=3300022736.a:Ga0206112_100014_374
374	null	null	null	CGC4	3300022736.a:Ga0206112_100014	490180	492573	3300022736.a:Ga0206112_100014_375	+	;ID=3300022736.a:Ga0206112_100014_375
375	TC	0	1	CGC4	3300022736.a:Ga0206112_100014	492630	493673	3300022736.a:Ga0206112_100014_376	+	DB=gnl|TC-DB|Q81JL2|9.B.33.1.1;ID=3300022736.a:Ga0206112_100014_376	DB=gnl|TC-DB|Q81JL2|9.B.33.1.1;ID=3300022736.a:Ga0206112_100014_376
376	TF	2	0	CGC4	3300022736.a:Ga0206112_100014	493670	494431	3300022736.a:Ga0206112_100014_377	+	DB=DBD-Pfam|LytTR;ID=3300022736.a:Ga0206112_100014_377	DB=DBD-Pfam|LytTR;ID=3300022736.a:Ga0206112_100014_377
377	null	null	null	CGC4	3300022736.a:Ga0206112_100014	494554	495222	3300022736.a:Ga0206112_100014_378	-	;ID=3300022736.a:Ga0206112_100014_378
378	null	null	null	CGC4	3300022736.a:Ga0206112_100014	495254	495949	3300022736.a:Ga0206112_100014_379	-	;ID=3300022736.a:Ga0206112_100014_379
379	STP	0	2	CGC4	3300022736.a:Ga0206112_100014	496121	496786	3300022736.a:Ga0206112_100014_380	+	DB=STP|Sigma70_r2,STP|Sigma70_r4_2;ID=3300022736.a:Ga0206112_100014_380	DB=STP|Sigma70_r2,STP|Sigma70_r4_2;ID=3300022736.a:Ga0206112_100014_380
380	CAZyme	null	0	CGC4	3300022736.a:Ga0206112_100014	496809	500144	3300022736.a:Ga0206112_100014_381	-	DB=GH78;ID=3300022736.a:Ga0206112_100014_381	DB=GH78;ID=3300022736.a:Ga0206112_100014_381
+++++
2	TC	0	null	CGC1	3300022736.a:Ga0206112_100006	1245	2243	3300022736.a:Ga0206112_100006_3	+	DB=gnl|TC-DB|Q81JL2|9.B.33.1.1;ID=3300022736.a:Ga0206112_100006_3	DB=gnl|TC-DB|Q81JL2|9.B.33.1.1;ID=3300022736.a:Ga0206112_100006_3
3	TF	1	0	CGC1	3300022736.a:Ga0206112_100006	2236	2928	3300022736.a:Ga0206112_100006_4	+	DB=DBD-Pfam|LytTR;ID=3300022736.a:Ga0206112_100006_4	DB=DBD-Pfam|LytTR;ID=3300022736.a:Ga0206112_100006_4
4	null	null	null	CGC1	3300022736.a:Ga0206112_100006	3206	4129	3300022736.a:Ga0206112_100006_5	+	;ID=3300022736.a:Ga0206112_100006_5
5	STP	2	1	CGC1	3300022736.a:Ga0206112_100006	4277	4663	3300022736.a:Ga0206112_100006_6	-	DB=STP|Glyoxalase;ID=3300022736.a:Ga0206112_100006_6	DB=STP|Glyoxalase;ID=3300022736.a:Ga0206112_100006_6
6	null	null	null	CGC1	3300022736.a:Ga0206112_100006	4979	7801	3300022736.a:Ga0206112_100006_7	+	;ID=3300022736.a:Ga0206112_100006_7
7	null	null	null	CGC1	3300022736.a:Ga0206112_100006	7820	11122	3300022736.a:Ga0206112_100006_8	+	;ID=3300022736.a:Ga0206112_100006_8
8	CAZyme	1	2	CGC1	3300022736.a:Ga0206112_100006	11129	13084	3300022736.a:Ga0206112_100006_9	+	DB= GH127|GH127;ID=3300022736.a:Ga0206112_100006_9	DB= GH127|GH127;ID=3300022736.a:Ga0206112_100006_9
9	null	null	null	CGC1	3300022736.a:Ga0206112_100006	13139	15325	3300022736.a:Ga0206112_100006_10	-	;ID=3300022736.a:Ga0206112_100006_10
10	TC	4	1	CGC1	3300022736.a:Ga0206112_100006	15595	18816	3300022736.a:Ga0206112_100006_11	+	DB=gnl|TC-DB|Q45780|1.B.14.6.1;ID=3300022736.a:Ga0206112_100006_11	DB=gnl|TC-DB|Q45780|1.B.14.6.1;ID=3300022736.a:Ga0206112_100006_11
+++++
280	STP	0	6	CGC2	3300022736.a:Ga0206112_100006	347076	348320	3300022736.a:Ga0206112_100006_281	-	DB=STP|Response_reg,STP|HisKA,STP|HATPase_c;ID=3300022736.a:Ga0206112_100006_281	DB=STP|Response_reg,STP|HisKA,STP|HATPase_c;ID=3300022736.a:Ga0206112_100006_281
281	STP	0	0	CGC2	3300022736.a:Ga0206112_100006	348331	354459	3300022736.a:Ga0206112_100006_282	-	DB=STP|GAF,STP|HisKA,STP|HATPase_c,STP|Response_reg,STP|Response_reg,STP|Response_reg;ID=3300022736.a:Ga0206112_100006_282	DB=STP|GAF,STP|HisKA,STP|HATPase_c,STP|Response_reg,STP|Response_reg,STP|Response_reg;ID=3300022736.a:Ga0206112_100006_282
282	STP	0	0	CGC2	3300022736.a:Ga0206112_100006	354567	354986	3300022736.a:Ga0206112_100006_283	+	DB=STP|Response_reg;ID=3300022736.a:Ga0206112_100006_283	DB=STP|Response_reg;ID=3300022736.a:Ga0206112_100006_283
283	STP	0	0	CGC2	3300022736.a:Ga0206112_100006	354991	355332	3300022736.a:Ga0206112_100006_284	-	DB=STP|Response_reg;ID=3300022736.a:Ga0206112_100006_284	DB=STP|Response_reg;ID=3300022736.a:Ga0206112_100006_284
284	STP	0	0	CGC2	3300022736.a:Ga0206112_100006	355477	356220	3300022736.a:Ga0206112_100006_285	+	DB=STP|HisKA,STP|HATPase_c;ID=3300022736.a:Ga0206112_100006_285	DB=STP|HisKA,STP|HATPase_c;ID=3300022736.a:Ga0206112_100006_285
285	STP	2	0	CGC2	3300022736.a:Ga0206112_100006	356220	357659	3300022736.a:Ga0206112_100006_286	+	DB=STP|Response_reg,STP|PAS,STP|HisKA,STP|HATPase_c;ID=3300022736.a:Ga0206112_100006_286	DB=STP|Response_reg,STP|PAS,STP|HisKA,STP|HATPase_c;ID=3300022736.a:Ga0206112_100006_286
286	null	null	null	CGC2	3300022736.a:Ga0206112_100006	357670	358779	3300022736.a:Ga0206112_100006_287	-	;ID=3300022736.a:Ga0206112_100006_287
287	null	null	null	CGC2	3300022736.a:Ga0206112_100006	358821	358958	3300022736.a:Ga0206112_100006_288	+	;ID=3300022736.a:Ga0206112_100006_288
288	TF	0	2	CGC2	3300022736.a:Ga0206112_100006	358963	359676	3300022736.a:Ga0206112_100006_289	-	DB=DBD-Pfam|LytTR;ID=3300022736.a:Ga0206112_100006_289	DB=DBD-Pfam|LytTR;ID=3300022736.a:Ga0206112_100006_289
289	TC	0	0	CGC2	3300022736.a:Ga0206112_100006	359673	360719	3300022736.a:Ga0206112_100006_290	-	DB=gnl|TC-DB|Q81JL2|9.B.33.1.1;ID=3300022736.a:Ga0206112_100006_290	DB=gnl|TC-DB|Q81JL2|9.B.33.1.1;ID=3300022736.a:Ga0206112_100006_290
290	STP	2	0	CGC2	3300022736.a:Ga0206112_100006	360850	361608	3300022736.a:Ga0206112_100006_291	+	DB=STP|Glyoxalase,STP|Glyoxalase;ID=3300022736.a:Ga0206112_100006_291	DB=STP|Glyoxalase,STP|Glyoxalase;ID=3300022736.a:Ga0206112_100006_291
291	null	null	null	CGC2	3300022736.a:Ga0206112_100006	361621	361770	3300022736.a:Ga0206112_100006_292	+	;ID=3300022736.a:Ga0206112_100006_292
292	null	null	null	CGC2	3300022736.a:Ga0206112_100006	361780	362640	3300022736.a:Ga0206112_100006_293	+	;ID=3300022736.a:Ga0206112_100006_293
293	TF	0	2	CGC2	3300022736.a:Ga0206112_100006	362746	366822	3300022736.a:Ga0206112_100006_294	+	DB=DBD-Pfam|HTH_AraC,DBD-SUPERFAMILY|0035607;ID=3300022736.a:Ga0206112_100006_294	DB=DBD-Pfam|HTH_AraC,DBD-SUPERFAMILY|0035607;ID=3300022736.a:Ga0206112_100006_294
294	TC	1	0	CGC2	3300022736.a:Ga0206112_100006	367016	370087	3300022736.a:Ga0206112_100006_295	+	DB=gnl|TC-DB|Q45780|1.B.14.6.1;ID=3300022736.a:Ga0206112_100006_295	DB=gnl|TC-DB|Q45780|1.B.14.6.1;ID=3300022736.a:Ga0206112_100006_295
295	null	null	null	CGC2	3300022736.a:Ga0206112_100006	370119	371618	3300022736.a:Ga0206112_100006_296	+	;ID=3300022736.a:Ga0206112_100006_296
296	CAZyme	0	1	CGC2	3300022736.a:Ga0206112_100006	371643	372827	3300022736.a:Ga0206112_100006_297	+	DB= GH130|GH130;ID=3300022736.a:Ga0206112_100006_297	DB= GH130|GH130;ID=3300022736.a:Ga0206112_100006_297
297	TC	2	0	CGC2	3300022736.a:Ga0206112_100006	372861	374072	3300022736.a:Ga0206112_100006_298	+	DB=gnl|TC-DB|P0C105|2.A.1.7.2;ID=3300022736.a:Ga0206112_100006_298	DB=gnl|TC-DB|P0C105|2.A.1.7.2;ID=3300022736.a:Ga0206112_100006_298
298	null	null	null	CGC2	3300022736.a:Ga0206112_100006	374241	374513	3300022736.a:Ga0206112_100006_299	+	;ID=3300022736.a:Ga0206112_100006_299
299	null	null	null	CGC2	3300022736.a:Ga0206112_100006	374522	375484	3300022736.a:Ga0206112_100006_300	-	;ID=3300022736.a:Ga0206112_100006_300
300	TF	4	2	CGC2	3300022736.a:Ga0206112_100006	375481	375807	3300022736.a:Ga0206112_100006_301	-	DB=DBD-Pfam|HTH_5,DBD-SUPERFAMILY|0043095;ID=3300022736.a:Ga0206112_100006_301	DB=DBD-Pfam|HTH_5,DBD-SUPERFAMILY|0043095;ID=3300022736.a:Ga0206112_100006_301
+++++
397	STP	0	3	CGC3	3300022736.a:Ga0206112_100006	486799	487422	3300022736.a:Ga0206112_100006_398	-	DB=STP|NUDIX;ID=3300022736.a:Ga0206112_100006_398	DB=STP|NUDIX;ID=3300022736.a:Ga0206112_100006_398
398	STP	0	0	CGC3	3300022736.a:Ga0206112_100006	487452	488087	3300022736.a:Ga0206112_100006_399	+	DB=STP|Pribosyltran;ID=3300022736.a:Ga0206112_100006_399	DB=STP|Pribosyltran;ID=3300022736.a:Ga0206112_100006_399
399	STP	2	0	CGC3	3300022736.a:Ga0206112_100006	488110	488490	3300022736.a:Ga0206112_100006_400	+	DB=STP|HMA;ID=3300022736.a:Ga0206112_100006_400	DB=STP|HMA;ID=3300022736.a:Ga0206112_100006_400
400	null	null	null	CGC3	3300022736.a:Ga0206112_100006	488567	489022	3300022736.a:Ga0206112_100006_401	-	;ID=3300022736.a:Ga0206112_100006_401
401	null	null	null	CGC3	3300022736.a:Ga0206112_100006	490709	492484	3300022736.a:Ga0206112_100006_402	-	;ID=3300022736.a:Ga0206112_100006_402
402	TF	0	2	CGC3	3300022736.a:Ga0206112_100006	492486	492920	3300022736.a:Ga0206112_100006_403	-	DB=DBD-Pfam|Pencillinase_R,DBD-SUPERFAMILY|0041905;ID=3300022736.a:Ga0206112_100006_403	DB=DBD-Pfam|Pencillinase_R,DBD-SUPERFAMILY|0041905;ID=3300022736.a:Ga0206112_100006_403
403	TC	2	0	CGC3	3300022736.a:Ga0206112_100006	493078	495303	3300022736.a:Ga0206112_100006_404	-	DB=gnl|TC-DB|B3ECG6|3.A.10.1.6;ID=3300022736.a:Ga0206112_100006_404	DB=gnl|TC-DB|B3ECG6|3.A.10.1.6;ID=3300022736.a:Ga0206112_100006_404
404	null	null	null	CGC3	3300022736.a:Ga0206112_100006	495545	496165	3300022736.a:Ga0206112_100006_405	+	;ID=3300022736.a:Ga0206112_100006_405
405	null	null	null	CGC3	3300022736.a:Ga0206112_100006	496166	496801	3300022736.a:Ga0206112_100006_406	-	;ID=3300022736.a:Ga0206112_100006_406
406	TC	2	2	CGC3	3300022736.a:Ga0206112_100006	496842	497720	3300022736.a:Ga0206112_100006_407	+	DB=gnl|TC-DB|Q9UYH7|2.A.102.4.1;ID=3300022736.a:Ga0206112_100006_407	DB=gnl|TC-DB|Q9UYH7|2.A.102.4.1;ID=3300022736.a:Ga0206112_100006_407
407	null	null	null	CGC3	3300022736.a:Ga0206112_100006	497812	498441	3300022736.a:Ga0206112_100006_408	+	;ID=3300022736.a:Ga0206112_100006_408
408	null	null	null	CGC3	3300022736.a:Ga0206112_100006	498451	498906	3300022736.a:Ga0206112_100006_409	-	;ID=3300022736.a:Ga0206112_100006_409
409	TC	0	2	CGC3	3300022736.a:Ga0206112_100006	499085	501484	3300022736.a:Ga0206112_100006_410	+	DB=gnl|TC-DB|P77338|1.A.23.1.1;ID=3300022736.a:Ga0206112_100006_410	DB=gnl|TC-DB|P77338|1.A.23.1.1;ID=3300022736.a:Ga0206112_100006_410
410	TC	1	0	CGC3	3300022736.a:Ga0206112_100006	501494	502828	3300022736.a:Ga0206112_100006_411	-	DB=gnl|TC-DB|Q9F5N7|2.A.66.1.9;ID=3300022736.a:Ga0206112_100006_411	DB=gnl|TC-DB|Q9F5N7|2.A.66.1.9;ID=3300022736.a:Ga0206112_100006_411
411	null	null	null	CGC3	3300022736.a:Ga0206112_100006	502931	503773	3300022736.a:Ga0206112_100006_412	+	;ID=3300022736.a:Ga0206112_100006_412
412	TF	0	1	CGC3	3300022736.a:Ga0206112_100006	503807	504616	3300022736.a:Ga0206112_100006_413	+	DB=DBD-Pfam|HTH_AraC,DBD-SUPERFAMILY|0036286;ID=3300022736.a:Ga0206112_100006_413	DB=DBD-Pfam|HTH_AraC,DBD-SUPERFAMILY|0036286;ID=3300022736.a:Ga0206112_100006_413
413	STP	2	0	CGC3	3300022736.a:Ga0206112_100006	504689	505063	3300022736.a:Ga0206112_100006_414	+	DB=STP|Glyoxalase;ID=3300022736.a:Ga0206112_100006_414	DB=STP|Glyoxalase;ID=3300022736.a:Ga0206112_100006_414
414	null	null	null	CGC3	3300022736.a:Ga0206112_100006	505112	505465	3300022736.a:Ga0206112_100006_415	+	;ID=3300022736.a:Ga0206112_100006_415
415	null	null	null	CGC3	3300022736.a:Ga0206112_100006	505594	506616	3300022736.a:Ga0206112_100006_416	+	;ID=3300022736.a:Ga0206112_100006_416
416	CAZyme	3	2	CGC3	3300022736.a:Ga0206112_100006	506607	508070	3300022736.a:Ga0206112_100006_417	+	DB=CBM48;ID=3300022736.a:Ga0206112_100006_417	DB=CBM48;ID=3300022736.a:Ga0206112_100006_417
+++++
57	TC	0	10	CGC1	3300022736.a:Ga0206112_100011	63823	65055	3300022736.a:Ga0206112_100011_58	+	DB=gnl|TC-DB|M4VE83|8.A.1.2.2;ID=3300022736.a:Ga0206112_100011_58	DB=gnl|TC-DB|M4VE83|8.A.1.2.2;ID=3300022736.a:Ga0206112_100011_58
58	TC	0	0	CGC1	3300022736.a:Ga0206112_100011	65096	65842	3300022736.a:Ga0206112_100011_59	+	DB=gnl|TC-DB|O31711|3.A.1.122.2;ID=3300022736.a:Ga0206112_100011_59	DB=gnl|TC-DB|O31711|3.A.1.122.2;ID=3300022736.a:Ga0206112_100011_59
59	TC	0	0	CGC1	3300022736.a:Ga0206112_100011	65853	67079	3300022736.a:Ga0206112_100011_60	+	DB=gnl|TC-DB|A0ZUB1|3.A.1.122.12;ID=3300022736.a:Ga0206112_100011_60	DB=gnl|TC-DB|A0ZUB1|3.A.1.122.12;ID=3300022736.a:Ga0206112_100011_60
60	STP	0	0	CGC1	3300022736.a:Ga0206112_100011	67192	68115	3300022736.a:Ga0206112_100011_61	-	DB=STP|PfkB;ID=3300022736.a:Ga0206112_100011_61	DB=STP|PfkB;ID=3300022736.a:Ga0206112_100011_61
61	STP	1	0	CGC1	3300022736.a:Ga0206112_100011	68315	68842	3300022736.a:Ga0206112_100011_62	+	DB=STP|TetR_N;ID=3300022736.a:Ga0206112_100011_62	DB=STP|TetR_N;ID=3300022736.a:Ga0206112_100011_62
62	null	null	null	CGC1	3300022736.a:Ga0206112_100011	68873	69955	3300022736.a:Ga0206112_100011_63	+	;ID=3300022736.a:Ga0206112_100011_63
63	CAZyme	0	1	CGC1	3300022736.a:Ga0206112_100011	70022	71500	3300022736.a:Ga0206112_100011_64	-	DB=GH30_1| GH30_1;ID=3300022736.a:Ga0206112_100011_64	DB=GH30_1| GH30_1;ID=3300022736.a:Ga0206112_100011_64
64	CAZyme	0	0	CGC1	3300022736.a:Ga0206112_100011	71545	73014	3300022736.a:Ga0206112_100011_65	-	DB=GH30_3| GH30_3;ID=3300022736.a:Ga0206112_100011_65	DB=GH30_3| GH30_3;ID=3300022736.a:Ga0206112_100011_65
65	CAZyme	0	0	CGC1	3300022736.a:Ga0206112_100011	73041	75329	3300022736.a:Ga0206112_100011_66	-	DB= GH3|GH3;ID=3300022736.a:Ga0206112_100011_66	DB= GH3|GH3;ID=3300022736.a:Ga0206112_100011_66
66	CAZyme	0	0	CGC1	3300022736.a:Ga0206112_100011	75423	77168	3300022736.a:Ga0206112_100011_67	-	DB=CBM32|GH43_28| GH43_28;ID=3300022736.a:Ga0206112_100011_67	DB=CBM32|GH43_28| GH43_28;ID=3300022736.a:Ga0206112_100011_67
67	CAZyme	0	0	CGC1	3300022736.a:Ga0206112_100011	77292	78662	3300022736.a:Ga0206112_100011_68	-	DB=GH144| GH144;ID=3300022736.a:Ga0206112_100011_68	DB=GH144| GH144;ID=3300022736.a:Ga0206112_100011_68
68	CAZyme	2	0	CGC1	3300022736.a:Ga0206112_100011	78679	80349	3300022736.a:Ga0206112_100011_69	-	DB=GH144| GH144;ID=3300022736.a:Ga0206112_100011_69	DB=GH144| GH144;ID=3300022736.a:Ga0206112_100011_69
69	null	null	null	CGC1	3300022736.a:Ga0206112_100011	80442	81695	3300022736.a:Ga0206112_100011_70	-	;ID=3300022736.a:Ga0206112_100011_70
70	null	null	null	CGC1	3300022736.a:Ga0206112_100011	81771	82598	3300022736.a:Ga0206112_100011_71	-	;ID=3300022736.a:Ga0206112_100011_71
71	TC	0	2	CGC1	3300022736.a:Ga0206112_100011	82671	84266	3300022736.a:Ga0206112_100011_72	-	DB=gnl|TC-DB|C6Y217|8.A.46.1.3;ID=3300022736.a:Ga0206112_100011_72	DB=gnl|TC-DB|C6Y217|8.A.46.1.3;ID=3300022736.a:Ga0206112_100011_72
72	TC	0	0	CGC1	3300022736.a:Ga0206112_100011	84285	87809	3300022736.a:Ga0206112_100011_73	-	DB=gnl|TC-DB|Q45780|1.B.14.6.1;ID=3300022736.a:Ga0206112_100011_73	DB=gnl|TC-DB|Q45780|1.B.14.6.1;ID=3300022736.a:Ga0206112_100011_73
73	STP	0	0	CGC1	3300022736.a:Ga0206112_100011	87845	88975	3300022736.a:Ga0206112_100011_74	-	DB=STP|FecR;ID=3300022736.a:Ga0206112_100011_74	DB=STP|FecR;ID=3300022736.a:Ga0206112_100011_74
74	TF	10	0	CGC1	3300022736.a:Ga0206112_100011	89159	89758	3300022736.a:Ga0206112_100011_75	-	DB=DBD-Pfam|GerE;ID=3300022736.a:Ga0206112_100011_75	DB=DBD-Pfam|GerE;ID=3300022736.a:Ga0206112_100011_75
+++++
166	CAZyme	0	3	CGC2	3300022736.a:Ga0206112_100011	199727	201709	3300022736.a:Ga0206112_100011_167	-	DB= GH63|GH63;ID=3300022736.a:Ga0206112_100011_167	DB= GH63|GH63;ID=3300022736.a:Ga0206112_100011_167
167	CAZyme	0	0	CGC2	3300022736.a:Ga0206112_100011	201712	204843	3300022736.a:Ga0206112_100011_168	-	DB= GH2|GH2;ID=3300022736.a:Ga0206112_100011_168	DB= GH2|GH2;ID=3300022736.a:Ga0206112_100011_168
168	TC	0	0	CGC2	3300022736.a:Ga0206112_100011	204996	206525	3300022736.a:Ga0206112_100011_169	-	DB=gnl|TC-DB|C6Y217|8.A.46.1.3;ID=3300022736.a:Ga0206112_100011_169	DB=gnl|TC-DB|C6Y217|8.A.46.1.3;ID=3300022736.a:Ga0206112_100011_169
169	TC	0	0	CGC2	3300022736.a:Ga0206112_100011	206585	209707	3300022736.a:Ga0206112_100011_170	-	DB=gnl|TC-DB|Q45780|1.B.14.6.1;ID=3300022736.a:Ga0206112_100011_170	DB=gnl|TC-DB|Q45780|1.B.14.6.1;ID=3300022736.a:Ga0206112_100011_170
170	STP	2	0	CGC2	3300022736.a:Ga0206112_100011	209909	211597	3300022736.a:Ga0206112_100011_171	-	DB=STP|TPR_1;ID=3300022736.a:Ga0206112_100011_171	DB=STP|TPR_1;ID=3300022736.a:Ga0206112_100011_171
171	null	null	null	CGC2	3300022736.a:Ga0206112_100011	211791	212333	3300022736.a:Ga0206112_100011_172	+	;ID=3300022736.a:Ga0206112_100011_172
172	null	null	null	CGC2	3300022736.a:Ga0206112_100011	212347	212559	3300022736.a:Ga0206112_100011_173	+	;ID=3300022736.a:Ga0206112_100011_173
173	TF	2	2	CGC2	3300022736.a:Ga0206112_100011	212590	215580	3300022736.a:Ga0206112_100011_174	+	DB=DBD-Pfam|HTH_AraC,DBD-SUPERFAMILY|0035607;ID=3300022736.a:Ga0206112_100011_174	DB=DBD-Pfam|HTH_AraC,DBD-SUPERFAMILY|0035607;ID=3300022736.a:Ga0206112_100011_174
174	null	null	null	CGC2	3300022736.a:Ga0206112_100011	215744	216127	3300022736.a:Ga0206112_100011_175	+	;ID=3300022736.a:Ga0206112_100011_175
175	null	null	null	CGC2	3300022736.a:Ga0206112_100011	216152	216523	3300022736.a:Ga0206112_100011_176	+	;ID=3300022736.a:Ga0206112_100011_176
176	TC	1	2	CGC2	3300022736.a:Ga0206112_100011	216553	217512	3300022736.a:Ga0206112_100011_177	+	DB=gnl|TC-DB|Q74FY6|5.B.3.1.1;ID=3300022736.a:Ga0206112_100011_177	DB=gnl|TC-DB|Q74FY6|5.B.3.1.1;ID=3300022736.a:Ga0206112_100011_177
177	null	null	null	CGC2	3300022736.a:Ga0206112_100011	217566	218018	3300022736.a:Ga0206112_100011_178	-	;ID=3300022736.a:Ga0206112_100011_178
178	CAZyme	0	1	CGC2	3300022736.a:Ga0206112_100011	218052	219833	3300022736.a:Ga0206112_100011_179	-	DB=GH32| GH32;ID=3300022736.a:Ga0206112_100011_179	DB=GH32| GH32;ID=3300022736.a:Ga0206112_100011_179
179	CAZyme	0	0	CGC2	3300022736.a:Ga0206112_100011	219865	221544	3300022736.a:Ga0206112_100011_180	-	DB=GH32| GH32;ID=3300022736.a:Ga0206112_100011_180	DB=GH32| GH32;ID=3300022736.a:Ga0206112_100011_180
180	CAZyme	1	0	CGC2	3300022736.a:Ga0206112_100011	221609	223324	3300022736.a:Ga0206112_100011_181	-	DB=GH32| GH32;ID=3300022736.a:Ga0206112_100011_181	DB=GH32| GH32;ID=3300022736.a:Ga0206112_100011_181
181	null	null	null	CGC2	3300022736.a:Ga0206112_100011	223343	225118	3300022736.a:Ga0206112_100011_182	-	;ID=3300022736.a:Ga0206112_100011_182
182	TC	0	1	CGC2	3300022736.a:Ga0206112_100011	225137	228298	3300022736.a:Ga0206112_100011_183	-	DB=gnl|TC-DB|Q45780|1.B.14.6.1;ID=3300022736.a:Ga0206112_100011_183	DB=gnl|TC-DB|Q45780|1.B.14.6.1;ID=3300022736.a:Ga0206112_100011_183
183	STP	0	0	CGC2	3300022736.a:Ga0206112_100011	228349	229269	3300022736.a:Ga0206112_100011_184	-	DB=STP|PfkB;ID=3300022736.a:Ga0206112_100011_184	DB=STP|PfkB;ID=3300022736.a:Ga0206112_100011_184
184	TC	0	0	CGC2	3300022736.a:Ga0206112_100011	229289	230662	3300022736.a:Ga0206112_100011_185	-	DB=gnl|TC-DB|P96710|2.A.1.1.55;ID=3300022736.a:Ga0206112_100011_185	DB=gnl|TC-DB|P96710|2.A.1.1.55;ID=3300022736.a:Ga0206112_100011_185
185	TF	1	0	CGC2	3300022736.a:Ga0206112_100011	230841	233675	3300022736.a:Ga0206112_100011_186	+	DB=DBD-Pfam|HTH_AraC,DBD-SUPERFAMILY|0035607;ID=3300022736.a:Ga0206112_100011_186	DB=DBD-Pfam|HTH_AraC,DBD-SUPERFAMILY|0035607;ID=3300022736.a:Ga0206112_100011_186
186	null	null	null	CGC2	3300022736.a:Ga0206112_100011	233867	235174	3300022736.a:Ga0206112_100011_187	-	;ID=3300022736.a:Ga0206112_100011_187
187	TC	5	1	CGC2	3300022736.a:Ga0206112_100011	235185	237506	3300022736.a:Ga0206112_100011_188	-	DB=gnl|TC-DB|A3DCU1|3.A.1.112.9;ID=3300022736.a:Ga0206112_100011_188	DB=gnl|TC-DB|A3DCU1|3.A.1.112.9;ID=3300022736.a:Ga0206112_100011_188
+++++
209	CAZyme	1	4	CGC3	3300022736.a:Ga0206112_100011	256742	258169	3300022736.a:Ga0206112_100011_210	-	DB=GH144| GH144;ID=3300022736.a:Ga0206112_100011_210	DB=GH144| GH144;ID=3300022736.a:Ga0206112_100011_210
210	null	null	null	CGC3	3300022736.a:Ga0206112_100011	258198	259121	3300022736.a:Ga0206112_100011_211	-	;ID=3300022736.a:Ga0206112_100011_211
211	TC	0	1	CGC3	3300022736.a:Ga0206112_100011	259147	260694	3300022736.a:Ga0206112_100011_212	-	DB=gnl|TC-DB|C6Y217|8.A.46.1.3;ID=3300022736.a:Ga0206112_100011_212	DB=gnl|TC-DB|C6Y217|8.A.46.1.3;ID=3300022736.a:Ga0206112_100011_212
212	TC	0	0	CGC3	3300022736.a:Ga0206112_100011	260819	264079	3300022736.a:Ga0206112_100011_213	-	DB=gnl|TC-DB|Q45780|1.B.14.6.1;ID=3300022736.a:Ga0206112_100011_213	DB=gnl|TC-DB|Q45780|1.B.14.6.1;ID=3300022736.a:Ga0206112_100011_213
213	STP	0	0	CGC3	3300022736.a:Ga0206112_100011	264293	265396	3300022736.a:Ga0206112_100011_214	-	DB=STP|FecR;ID=3300022736.a:Ga0206112_100011_214	DB=STP|FecR;ID=3300022736.a:Ga0206112_100011_214
214	TF	1	0	CGC3	3300022736.a:Ga0206112_100011	265463	266047	3300022736.a:Ga0206112_100011_215	-	DB=DBD-Pfam|GerE;ID=3300022736.a:Ga0206112_100011_215	DB=DBD-Pfam|GerE;ID=3300022736.a:Ga0206112_100011_215
215	null	null	null	CGC3	3300022736.a:Ga0206112_100011	266219	267313	3300022736.a:Ga0206112_100011_216	+	;ID=3300022736.a:Ga0206112_100011_216
216	TC	1	1	CGC3	3300022736.a:Ga0206112_100011	267288	267872	3300022736.a:Ga0206112_100011_217	-	DB=gnl|TC-DB|W0RFP8|9.B.196.1.3;ID=3300022736.a:Ga0206112_100011_217	DB=gnl|TC-DB|W0RFP8|9.B.196.1.3;ID=3300022736.a:Ga0206112_100011_217
217	null	null	null	CGC3	3300022736.a:Ga0206112_100011	267956	268423	3300022736.a:Ga0206112_100011_218	-	;ID=3300022736.a:Ga0206112_100011_218
218	TF	10	1	CGC3	3300022736.a:Ga0206112_100011	268520	269500	3300022736.a:Ga0206112_100011_219	-	DB=DBD-Pfam|HTH_AraC,DBD-Pfam|HTH_AraC,DBD-SUPERFAMILY|0036286,DBD-SUPERFAMILY|0035607;ID=3300022736.a:Ga0206112_100011_219	DB=DBD-Pfam|HTH_AraC,DBD-Pfam|HTH_AraC,DBD-SUPERFAMILY|0036286,DBD-SUPERFAMILY|0035607;ID=3300022736.a:Ga0206112_100011_219
+++++
364	TF	1	17	CGC4	3300022736.a:Ga0206112_100011	424509	424802	3300022736.a:Ga0206112_100011_365	+	DB=DBD-Pfam|HTH_3,DBD-SUPERFAMILY|0043143;ID=3300022736.a:Ga0206112_100011_365	DB=DBD-Pfam|HTH_3,DBD-SUPERFAMILY|0043143;ID=3300022736.a:Ga0206112_100011_365
365	null	null	null	CGC4	3300022736.a:Ga0206112_100011	424858	425220	3300022736.a:Ga0206112_100011_366	-	;ID=3300022736.a:Ga0206112_100011_366
366	CAZyme	1	1	CGC4	3300022736.a:Ga0206112_100011	425256	426359	3300022736.a:Ga0206112_100011_367	-	DB= CE9|CE9;ID=3300022736.a:Ga0206112_100011_367	DB= CE9|CE9;ID=3300022736.a:Ga0206112_100011_367
367	null	null	null	CGC4	3300022736.a:Ga0206112_100011	426396	426668	3300022736.a:Ga0206112_100011_368	-	;ID=3300022736.a:Ga0206112_100011_368
368	TF	0	1	CGC4	3300022736.a:Ga0206112_100011	426743	427432	3300022736.a:Ga0206112_100011_369	-	DB=DBD-Pfam|Trans_reg_C;ID=3300022736.a:Ga0206112_100011_369	DB=DBD-Pfam|Trans_reg_C;ID=3300022736.a:Ga0206112_100011_369
369	STP	1	0	CGC4	3300022736.a:Ga0206112_100011	427429	429144	3300022736.a:Ga0206112_100011_370	-	DB=STP|HisKA,STP|HATPase_c;ID=3300022736.a:Ga0206112_100011_370	DB=STP|HisKA,STP|HATPase_c;ID=3300022736.a:Ga0206112_100011_370
370	null	null	null	CGC4	3300022736.a:Ga0206112_100011	429358	430140	3300022736.a:Ga0206112_100011_371	+	;ID=3300022736.a:Ga0206112_100011_371
371	TF	0	1	CGC4	3300022736.a:Ga0206112_100011	430247	431590	3300022736.a:Ga0206112_100011_372	+	DB=DBD-Pfam|HTH_8,DBD-SUPERFAMILY|0037176;ID=3300022736.a:Ga0206112_100011_372	DB=DBD-Pfam|HTH_8,DBD-SUPERFAMILY|0037176;ID=3300022736.a:Ga0206112_100011_372
372	TC	0	0	CGC4	3300022736.a:Ga0206112_100011	431598	432683	3300022736.a:Ga0206112_100011_373	-	DB=gnl|TC-DB|Q1DFX8|1.B.66.1.5;ID=3300022736.a:Ga0206112_100011_373	DB=gnl|TC-DB|Q1DFX8|1.B.66.1.5;ID=3300022736.a:Ga0206112_100011_373
373	TC	0	0	CGC4	3300022736.a:Ga0206112_100011	432715	433278	3300022736.a:Ga0206112_100011_374	-	DB=gnl|TC-DB|Q1M607|3.A.3.7.2;ID=3300022736.a:Ga0206112_100011_374	DB=gnl|TC-DB|Q1M607|3.A.3.7.2;ID=3300022736.a:Ga0206112_100011_374
374	TC	0	0	CGC4	3300022736.a:Ga0206112_100011	433316	435370	3300022736.a:Ga0206112_100011_375	-	DB=gnl|TC-DB|P03960|3.A.3.7.1;ID=3300022736.a:Ga0206112_100011_375	DB=gnl|TC-DB|P03960|3.A.3.7.1;ID=3300022736.a:Ga0206112_100011_375
375	TC	1	0	CGC4	3300022736.a:Ga0206112_100011	435391	437106	3300022736.a:Ga0206112_100011_376	-	DB=gnl|TC-DB|Q1M605|3.A.3.7.2;ID=3300022736.a:Ga0206112_100011_376	DB=gnl|TC-DB|Q1M605|3.A.3.7.2;ID=3300022736.a:Ga0206112_100011_376
376	null	null	null	CGC4	3300022736.a:Ga0206112_100011	437758	438885	3300022736.a:Ga0206112_100011_377	+	;ID=3300022736.a:Ga0206112_100011_377
377	TC	0	1	CGC4	3300022736.a:Ga0206112_100011	438885	440621	3300022736.a:Ga0206112_100011_378	+	DB=gnl|TC-DB|Q9HV74|2.A.21.9.1;ID=3300022736.a:Ga0206112_100011_378	DB=gnl|TC-DB|Q9HV74|2.A.21.9.1;ID=3300022736.a:Ga0206112_100011_378
378	TC	4	0	CGC4	3300022736.a:Ga0206112_100011	440628	443438	3300022736.a:Ga0206112_100011_379	-	DB=gnl|TC-DB|E6X5M3|1.C.105.2.12;ID=3300022736.a:Ga0206112_100011_379	DB=gnl|TC-DB|E6X5M3|1.C.105.2.12;ID=3300022736.a:Ga0206112_100011_379
+++++
27	TC	2	3	CGC1	3300022736.a:Ga0206112_100077	31238	31942	3300022736.a:Ga0206112_100077_28	+	DB=gnl|TC-DB|Q15HU6|3.A.7.14.2;ID=3300022736.a:Ga0206112_100077_28	DB=gnl|TC-DB|Q15HU6|3.A.7.14.2;ID=3300022736.a:Ga0206112_100077_28
28	null	null	null	CGC1	3300022736.a:Ga0206112_100077	32001	33500	3300022736.a:Ga0206112_100077_29	-	;ID=3300022736.a:Ga0206112_100077_29
29	null	null	null	CGC1	3300022736.a:Ga0206112_100077	33542	35254	3300022736.a:Ga0206112_100077_30	-	;ID=3300022736.a:Ga0206112_100077_30
30	TC	2	2	CGC1	3300022736.a:Ga0206112_100077	35315	36979	3300022736.a:Ga0206112_100077_31	+	DB=gnl|TC-DB|P33950|3.A.1.5.27;ID=3300022736.a:Ga0206112_100077_31	DB=gnl|TC-DB|P33950|3.A.1.5.27;ID=3300022736.a:Ga0206112_100077_31
31	null	null	null	CGC1	3300022736.a:Ga0206112_100077	36954	37655	3300022736.a:Ga0206112_100077_32	-	;ID=3300022736.a:Ga0206112_100077_32
32	null	null	null	CGC1	3300022736.a:Ga0206112_100077	37879	39987	3300022736.a:Ga0206112_100077_33	+	;ID=3300022736.a:Ga0206112_100077_33
33	TC	1	2	CGC1	3300022736.a:Ga0206112_100077	40055	40570	3300022736.a:Ga0206112_100077_34	-	DB=gnl|TC-DB|Q8WYK0|4.C.3.1.2;ID=3300022736.a:Ga0206112_100077_34	DB=gnl|TC-DB|Q8WYK0|4.C.3.1.2;ID=3300022736.a:Ga0206112_100077_34
34	null	null	null	CGC1	3300022736.a:Ga0206112_100077	40634	41863	3300022736.a:Ga0206112_100077_35	+	;ID=3300022736.a:Ga0206112_100077_35
35	TF	1	1	CGC1	3300022736.a:Ga0206112_100077	42052	42588	3300022736.a:Ga0206112_100077_36	+	DB=DBD-Pfam|GerE;ID=3300022736.a:Ga0206112_100077_36	DB=DBD-Pfam|GerE;ID=3300022736.a:Ga0206112_100077_36
36	null	null	null	CGC1	3300022736.a:Ga0206112_100077	42566	42751	3300022736.a:Ga0206112_100077_37	-	;ID=3300022736.a:Ga0206112_100077_37
37	STP	0	1	CGC1	3300022736.a:Ga0206112_100077	42881	44002	3300022736.a:Ga0206112_100077_38	+	DB=STP|FecR;ID=3300022736.a:Ga0206112_100077_38	DB=STP|FecR;ID=3300022736.a:Ga0206112_100077_38
38	TC	0	0	CGC1	3300022736.a:Ga0206112_100077	44200	47616	3300022736.a:Ga0206112_100077_39	+	DB=gnl|TC-DB|Q45780|1.B.14.6.1;ID=3300022736.a:Ga0206112_100077_39	DB=gnl|TC-DB|Q45780|1.B.14.6.1;ID=3300022736.a:Ga0206112_100077_39
39	TC	1	0	CGC1	3300022736.a:Ga0206112_100077	47635	49152	3300022736.a:Ga0206112_100077_40	+	DB=gnl|TC-DB|C6Y217|8.A.46.1.3;ID=3300022736.a:Ga0206112_100077_40	DB=gnl|TC-DB|C6Y217|8.A.46.1.3;ID=3300022736.a:Ga0206112_100077_40
40	null	null	null	CGC1	3300022736.a:Ga0206112_100077	49181	50104	3300022736.a:Ga0206112_100077_41	+	;ID=3300022736.a:Ga0206112_100077_41
41	CAZyme	4	1	CGC1	3300022736.a:Ga0206112_100077	50113	50958	3300022736.a:Ga0206112_100077_42	+	DB=GH16_3| GH16_3;ID=3300022736.a:Ga0206112_100077_42	DB=GH16_3| GH16_3;ID=3300022736.a:Ga0206112_100077_42
+++++
36	CAZyme	0	3	CGC1	3300022736.a:Ga0206112_100018	37668	39212	3300022736.a:Ga0206112_100018_37	+	DB= GH51|GH51;ID=3300022736.a:Ga0206112_100018_37	DB= GH51|GH51;ID=3300022736.a:Ga0206112_100018_37
37	STP	0	0	CGC1	3300022736.a:Ga0206112_100018	39367	39792	3300022736.a:Ga0206112_100018_38	+	DB=STP|Glyoxalase;ID=3300022736.a:Ga0206112_100018_38	DB=STP|Glyoxalase;ID=3300022736.a:Ga0206112_100018_38
38	TF	0	0	CGC1	3300022736.a:Ga0206112_100018	39831	40529	3300022736.a:Ga0206112_100018_39	-	DB=DBD-Pfam|LytTR;ID=3300022736.a:Ga0206112_100018_39	DB=DBD-Pfam|LytTR;ID=3300022736.a:Ga0206112_100018_39
39	TC	1	0	CGC1	3300022736.a:Ga0206112_100018	40526	41641	3300022736.a:Ga0206112_100018_40	-	DB=gnl|TC-DB|F4LXP4|8.A.59.2.1;ID=3300022736.a:Ga0206112_100018_40	DB=gnl|TC-DB|F4LXP4|8.A.59.2.1;ID=3300022736.a:Ga0206112_100018_40
40	null	null	null	CGC1	3300022736.a:Ga0206112_100018	41801	44170	3300022736.a:Ga0206112_100018_41	+	;ID=3300022736.a:Ga0206112_100018_41
41	TF	0	1	CGC1	3300022736.a:Ga0206112_100018	44185	48231	3300022736.a:Ga0206112_100018_42	-	DB=DBD-Pfam|HTH_AraC,DBD-SUPERFAMILY|0035607;ID=3300022736.a:Ga0206112_100018_42	DB=DBD-Pfam|HTH_AraC,DBD-SUPERFAMILY|0035607;ID=3300022736.a:Ga0206112_100018_42
42	TC	0	0	CGC1	3300022736.a:Ga0206112_100018	48361	51378	3300022736.a:Ga0206112_100018_43	+	DB=gnl|TC-DB|Q45780|1.B.14.6.1;ID=3300022736.a:Ga0206112_100018_43	DB=gnl|TC-DB|Q45780|1.B.14.6.1;ID=3300022736.a:Ga0206112_100018_43
43	TC	1	0	CGC1	3300022736.a:Ga0206112_100018	51398	52897	3300022736.a:Ga0206112_100018_44	+	DB=gnl|TC-DB|C6Y217|8.A.46.1.3;ID=3300022736.a:Ga0206112_100018_44	DB=gnl|TC-DB|C6Y217|8.A.46.1.3;ID=3300022736.a:Ga0206112_100018_44
44	null	null	null	CGC1	3300022736.a:Ga0206112_100018	52932	54407	3300022736.a:Ga0206112_100018_45	+	;ID=3300022736.a:Ga0206112_100018_45
45	CAZyme	0	1	CGC1	3300022736.a:Ga0206112_100018	54443	56200	3300022736.a:Ga0206112_100018_46	+	DB=GH66| GH66;ID=3300022736.a:Ga0206112_100018_46	DB=GH66| GH66;ID=3300022736.a:Ga0206112_100018_46
46	CAZyme	0	0	CGC1	3300022736.a:Ga0206112_100018	56214	58706	3300022736.a:Ga0206112_100018_47	+	DB= GH31|GH31;ID=3300022736.a:Ga0206112_100018_47	DB= GH31|GH31;ID=3300022736.a:Ga0206112_100018_47
47	CAZyme	4	0	CGC1	3300022736.a:Ga0206112_100018	58744	61443	3300022736.a:Ga0206112_100018_48	+	DB=CBM35|GH78;ID=3300022736.a:Ga0206112_100018_48	DB=CBM35|GH78;ID=3300022736.a:Ga0206112_100018_48
+++++
37	TF	2	4	CGC1	3300022736.a:Ga0206112_100021	43099	43482	3300022736.a:Ga0206112_100021_38	+	DB=DBD-Pfam|LytTR;ID=3300022736.a:Ga0206112_100021_38	DB=DBD-Pfam|LytTR;ID=3300022736.a:Ga0206112_100021_38
38	null	null	null	CGC1	3300022736.a:Ga0206112_100021	43718	44194	3300022736.a:Ga0206112_100021_39	+	;ID=3300022736.a:Ga0206112_100021_39
39	null	null	null	CGC1	3300022736.a:Ga0206112_100021	44228	44551	3300022736.a:Ga0206112_100021_40	+	;ID=3300022736.a:Ga0206112_100021_40
40	TC	0	2	CGC1	3300022736.a:Ga0206112_100021	44594	47884	3300022736.a:Ga0206112_100021_41	-	DB=gnl|TC-DB|Q45780|1.B.14.6.1;ID=3300022736.a:Ga0206112_100021_41	DB=gnl|TC-DB|Q45780|1.B.14.6.1;ID=3300022736.a:Ga0206112_100021_41
41	TF	1	0	CGC1	3300022736.a:Ga0206112_100021	47911	48924	3300022736.a:Ga0206112_100021_42	-	DB=DBD-Pfam|HTH_AraC,DBD-Pfam|HTH_AraC,DBD-SUPERFAMILY|0036286,DBD-SUPERFAMILY|0035607;ID=3300022736.a:Ga0206112_100021_42	DB=DBD-Pfam|HTH_AraC,DBD-Pfam|HTH_AraC,DBD-SUPERFAMILY|0036286,DBD-SUPERFAMILY|0035607;ID=3300022736.a:Ga0206112_100021_42
42	null	null	null	CGC1	3300022736.a:Ga0206112_100021	49310	52393	3300022736.a:Ga0206112_100021_43	+	;ID=3300022736.a:Ga0206112_100021_43
43	TF	0	1	CGC1	3300022736.a:Ga0206112_100021	52689	53252	3300022736.a:Ga0206112_100021_44	-	DB=DBD-Pfam|GerE;ID=3300022736.a:Ga0206112_100021_44	DB=DBD-Pfam|GerE;ID=3300022736.a:Ga0206112_100021_44
44	STP	1	0	CGC1	3300022736.a:Ga0206112_100021	53612	54229	3300022736.a:Ga0206112_100021_45	+	DB=STP|Sigma70_r4_2;ID=3300022736.a:Ga0206112_100021_45	DB=STP|Sigma70_r4_2;ID=3300022736.a:Ga0206112_100021_45
45	null	null	null	CGC1	3300022736.a:Ga0206112_100021	54226	54948	3300022736.a:Ga0206112_100021_46	+	;ID=3300022736.a:Ga0206112_100021_46
46	TC	2	1	CGC1	3300022736.a:Ga0206112_100021	54954	57626	3300022736.a:Ga0206112_100021_47	-	DB=gnl|TC-DB|O31712|3.A.1.122.2;ID=3300022736.a:Ga0206112_100021_47	DB=gnl|TC-DB|O31712|3.A.1.122.2;ID=3300022736.a:Ga0206112_100021_47
47	null	null	null	CGC1	3300022736.a:Ga0206112_100021	57670	57816	3300022736.a:Ga0206112_100021_48	+	;ID=3300022736.a:Ga0206112_100021_48
48	null	null	null	CGC1	3300022736.a:Ga0206112_100021	57914	58069	3300022736.a:Ga0206112_100021_49	+	;ID=3300022736.a:Ga0206112_100021_49
49	TF	1	2	CGC1	3300022736.a:Ga0206112_100021	58181	58588	3300022736.a:Ga0206112_100021_50	+	DB=DBD-Pfam|LytTR;ID=3300022736.a:Ga0206112_100021_50	DB=DBD-Pfam|LytTR;ID=3300022736.a:Ga0206112_100021_50
50	null	null	null	CGC1	3300022736.a:Ga0206112_100021	58618	59445	3300022736.a:Ga0206112_100021_51	+	;ID=3300022736.a:Ga0206112_100021_51
51	STP	1	1	CGC1	3300022736.a:Ga0206112_100021	59452	61248	3300022736.a:Ga0206112_100021_52	-	DB=STP|HATPase_c;ID=3300022736.a:Ga0206112_100021_52	DB=STP|HATPase_c;ID=3300022736.a:Ga0206112_100021_52
52	null	null	null	CGC1	3300022736.a:Ga0206112_100021	61542	61844	3300022736.a:Ga0206112_100021_53	+	;ID=3300022736.a:Ga0206112_100021_53
53	CAZyme	21	1	CGC1	3300022736.a:Ga0206112_100021	62008	65430	3300022736.a:Ga0206112_100021_54	+	DB= GH53| GH2|GH53|GH2;ID=3300022736.a:Ga0206112_100021_54	DB= GH53| GH2|GH53|GH2;ID=3300022736.a:Ga0206112_100021_54
+++++
75	TF	1	21	CGC2	3300022736.a:Ga0206112_100021	85015	86016	3300022736.a:Ga0206112_100021_76	+	DB=DBD-Pfam|LacI,DBD-SUPERFAMILY|0036955;ID=3300022736.a:Ga0206112_100021_76	DB=DBD-Pfam|LacI,DBD-SUPERFAMILY|0036955;ID=3300022736.a:Ga0206112_100021_76
76	null	null	null	CGC2	3300022736.a:Ga0206112_100021	86032	88440	3300022736.a:Ga0206112_100021_77	-	;ID=3300022736.a:Ga0206112_100021_77
77	STP	2	1	CGC2	3300022736.a:Ga0206112_100021	88530	89573	3300022736.a:Ga0206112_100021_78	-	DB=STP|HisKA,STP|HATPase_c;ID=3300022736.a:Ga0206112_100021_78	DB=STP|HisKA,STP|HATPase_c;ID=3300022736.a:Ga0206112_100021_78
78	null	null	null	CGC2	3300022736.a:Ga0206112_100021	89700	90194	3300022736.a:Ga0206112_100021_79	+	;ID=3300022736.a:Ga0206112_100021_79
79	null	null	null	CGC2	3300022736.a:Ga0206112_100021	90420	91637	3300022736.a:Ga0206112_100021_80	+	;ID=3300022736.a:Ga0206112_100021_80
80	TF	0	2	CGC2	3300022736.a:Ga0206112_100021	91659	92432	3300022736.a:Ga0206112_100021_81	-	DB=DBD-Pfam|HTH_11,DBD-Pfam|HTH_AraC,DBD-SUPERFAMILY|0036286,DBD-SUPERFAMILY|0035607;ID=3300022736.a:Ga0206112_100021_81	DB=DBD-Pfam|HTH_11,DBD-Pfam|HTH_AraC,DBD-SUPERFAMILY|0036286,DBD-SUPERFAMILY|0035607;ID=3300022736.a:Ga0206112_100021_81
81	STP	0	0	CGC2	3300022736.a:Ga0206112_100021	92441	95608	3300022736.a:Ga0206112_100021_82	-	DB=STP|Reg_prop,STP|Reg_prop,STP|Reg_prop,STP|Reg_prop,STP|Y_Y_Y,STP|HisKA,STP|HATPase_c;ID=3300022736.a:Ga0206112_100021_82	DB=STP|Reg_prop,STP|Reg_prop,STP|Reg_prop,STP|Reg_prop,STP|Y_Y_Y,STP|HisKA,STP|HATPase_c;ID=3300022736.a:Ga0206112_100021_82
82	TC	1	0	CGC2	3300022736.a:Ga0206112_100021	95838	98894	3300022736.a:Ga0206112_100021_83	+	DB=gnl|TC-DB|Q45780|1.B.14.6.1;ID=3300022736.a:Ga0206112_100021_83	DB=gnl|TC-DB|Q45780|1.B.14.6.1;ID=3300022736.a:Ga0206112_100021_83
83	null	null	null	CGC2	3300022736.a:Ga0206112_100021	98934	100469	3300022736.a:Ga0206112_100021_84	+	;ID=3300022736.a:Ga0206112_100021_84
84	CAZyme	0	1	CGC2	3300022736.a:Ga0206112_100021	100495	101472	3300022736.a:Ga0206112_100021_85	+	DB=GH43_31;ID=3300022736.a:Ga0206112_100021_85	DB=GH43_31;ID=3300022736.a:Ga0206112_100021_85
85	CAZyme	0	0	CGC2	3300022736.a:Ga0206112_100021	101498	102682	3300022736.a:Ga0206112_100021_86	+	DB=GH5_13| GH5_13;ID=3300022736.a:Ga0206112_100021_86	DB=GH5_13| GH5_13;ID=3300022736.a:Ga0206112_100021_86
86	CAZyme	2	0	CGC2	3300022736.a:Ga0206112_100021	102693	104729	3300022736.a:Ga0206112_100021_87	+	DB=GH43_3|GH93| GH93;ID=3300022736.a:Ga0206112_100021_87	DB=GH43_3|GH93| GH93;ID=3300022736.a:Ga0206112_100021_87
87	null	null	null	CGC2	3300022736.a:Ga0206112_100021	104851	105600	3300022736.a:Ga0206112_100021_88	+	;ID=3300022736.a:Ga0206112_100021_88
88	null	null	null	CGC2	3300022736.a:Ga0206112_100021	105663	106091	3300022736.a:Ga0206112_100021_89	+	;ID=3300022736.a:Ga0206112_100021_89
89	TF	2	2	CGC2	3300022736.a:Ga0206112_100021	106239	107648	3300022736.a:Ga0206112_100021_90	+	DB=DBD-Pfam|GntR;ID=3300022736.a:Ga0206112_100021_90	DB=DBD-Pfam|GntR;ID=3300022736.a:Ga0206112_100021_90
90	null	null	null	CGC2	3300022736.a:Ga0206112_100021	107726	108247	3300022736.a:Ga0206112_100021_91	+	;ID=3300022736.a:Ga0206112_100021_91
91	null	null	null	CGC2	3300022736.a:Ga0206112_100021	108725	109660	3300022736.a:Ga0206112_100021_92	+	;ID=3300022736.a:Ga0206112_100021_92
92	TC	1	2	CGC2	3300022736.a:Ga0206112_100021	109818	112847	3300022736.a:Ga0206112_100021_93	+	DB=gnl|TC-DB|Q45780|1.B.14.6.1;ID=3300022736.a:Ga0206112_100021_93	DB=gnl|TC-DB|Q45780|1.B.14.6.1;ID=3300022736.a:Ga0206112_100021_93
93	null	null	null	CGC2	3300022736.a:Ga0206112_100021	112857	114419	3300022736.a:Ga0206112_100021_94	+	;ID=3300022736.a:Ga0206112_100021_94
94	CAZyme	6	1	CGC2	3300022736.a:Ga0206112_100021	114449	116593	3300022736.a:Ga0206112_100021_95	+	DB= GH33|GH33;ID=3300022736.a:Ga0206112_100021_95	DB= GH33|GH33;ID=3300022736.a:Ga0206112_100021_95
+++++
101	CAZyme	0	6	CGC3	3300022736.a:Ga0206112_100021	124042	125259	3300022736.a:Ga0206112_100021_102	+	DB=GH0;ID=3300022736.a:Ga0206112_100021_102	DB=GH0;ID=3300022736.a:Ga0206112_100021_102
102	CAZyme	1	0	CGC3	3300022736.a:Ga0206112_100021	125287	126540	3300022736.a:Ga0206112_100021_103	+	DB=GH0;ID=3300022736.a:Ga0206112_100021_103	DB=GH0;ID=3300022736.a:Ga0206112_100021_103
103	null	null	null	CGC3	3300022736.a:Ga0206112_100021	126546	127997	3300022736.a:Ga0206112_100021_104	+	;ID=3300022736.a:Ga0206112_100021_104
104	STP	1	1	CGC3	3300022736.a:Ga0206112_100021	128003	129967	3300022736.a:Ga0206112_100021_105	+	DB=STP|Pyr_redox_2;ID=3300022736.a:Ga0206112_100021_105	DB=STP|Pyr_redox_2;ID=3300022736.a:Ga0206112_100021_105
105	null	null	null	CGC3	3300022736.a:Ga0206112_100021	129979	130923	3300022736.a:Ga0206112_100021_106	+	;ID=3300022736.a:Ga0206112_100021_106
106	TC	0	1	CGC3	3300022736.a:Ga0206112_100021	131059	132279	3300022736.a:Ga0206112_100021_107	+	DB=gnl|TC-DB|P41036|2.A.1.12.1;ID=3300022736.a:Ga0206112_100021_107	DB=gnl|TC-DB|P41036|2.A.1.12.1;ID=3300022736.a:Ga0206112_100021_107
107	TC	1	0	CGC3	3300022736.a:Ga0206112_100021	132362	133921	3300022736.a:Ga0206112_100021_108	+	DB=gnl|TC-DB|Q5E733|2.A.21.3.7;ID=3300022736.a:Ga0206112_100021_108	DB=gnl|TC-DB|Q5E733|2.A.21.3.7;ID=3300022736.a:Ga0206112_100021_108
108	null	null	null	CGC3	3300022736.a:Ga0206112_100021	133962	135314	3300022736.a:Ga0206112_100021_109	-	;ID=3300022736.a:Ga0206112_100021_109
109	TF	10	1	CGC3	3300022736.a:Ga0206112_100021	135334	136212	3300022736.a:Ga0206112_100021_110	-	DB=DBD-Pfam|HTH_AraC,DBD-Pfam|HTH_AraC,DBD-SUPERFAMILY|0036286,DBD-SUPERFAMILY|0035607;ID=3300022736.a:Ga0206112_100021_110	DB=DBD-Pfam|HTH_AraC,DBD-Pfam|HTH_AraC,DBD-SUPERFAMILY|0036286,DBD-SUPERFAMILY|0035607;ID=3300022736.a:Ga0206112_100021_110
+++++
196	STP	0	6	CGC4	3300022736.a:Ga0206112_100021	248787	250037	3300022736.a:Ga0206112_100021_197	+	DB=STP|Pyr_redox;ID=3300022736.a:Ga0206112_100021_197	DB=STP|Pyr_redox;ID=3300022736.a:Ga0206112_100021_197
197	TC	0	0	CGC4	3300022736.a:Ga0206112_100021	250038	251426	3300022736.a:Ga0206112_100021_198	-	DB=gnl|TC-DB|Q92536|2.A.3.8.23;ID=3300022736.a:Ga0206112_100021_198	DB=gnl|TC-DB|Q92536|2.A.3.8.23;ID=3300022736.a:Ga0206112_100021_198
198	TF	0	0	CGC4	3300022736.a:Ga0206112_100021	251541	252425	3300022736.a:Ga0206112_100021_199	-	DB=DBD-Pfam|HTH_AraC,DBD-Pfam|HTH_AraC,DBD-SUPERFAMILY|0036286,DBD-SUPERFAMILY|0035607;ID=3300022736.a:Ga0206112_100021_199	DB=DBD-Pfam|HTH_AraC,DBD-Pfam|HTH_AraC,DBD-SUPERFAMILY|0036286,DBD-SUPERFAMILY|0035607;ID=3300022736.a:Ga0206112_100021_199
199	CAZyme	0	0	CGC4	3300022736.a:Ga0206112_100021	252550	254598	3300022736.a:Ga0206112_100021_200	+	DB=GH97| GH97;ID=3300022736.a:Ga0206112_100021_200	DB=GH97| GH97;ID=3300022736.a:Ga0206112_100021_200
200	CAZyme	0	0	CGC4	3300022736.a:Ga0206112_100021	254641	257052	3300022736.a:Ga0206112_100021_201	+	DB= GH127|GH127;ID=3300022736.a:Ga0206112_100021_201	DB= GH127|GH127;ID=3300022736.a:Ga0206112_100021_201
201	CAZyme	2	0	CGC4	3300022736.a:Ga0206112_100021	257072	259642	3300022736.a:Ga0206112_100021_202	+	DB= GH51|GH51;ID=3300022736.a:Ga0206112_100021_202	DB= GH51|GH51;ID=3300022736.a:Ga0206112_100021_202
202	null	null	null	CGC4	3300022736.a:Ga0206112_100021	259735	261882	3300022736.a:Ga0206112_100021_203	+	;ID=3300022736.a:Ga0206112_100021_203
203	null	null	null	CGC4	3300022736.a:Ga0206112_100021	261906	263291	3300022736.a:Ga0206112_100021_204	+	;ID=3300022736.a:Ga0206112_100021_204
204	TC	0	2	CGC4	3300022736.a:Ga0206112_100021	263324	264952	3300022736.a:Ga0206112_100021_205	-	DB=gnl|TC-DB|P96169|2.A.21.3.2;ID=3300022736.a:Ga0206112_100021_205	DB=gnl|TC-DB|P96169|2.A.21.3.2;ID=3300022736.a:Ga0206112_100021_205
205	TF	4	0	CGC4	3300022736.a:Ga0206112_100021	264982	266061	3300022736.a:Ga0206112_100021_206	-	DB=DBD-Pfam|LacI,DBD-SUPERFAMILY|0044558;ID=3300022736.a:Ga0206112_100021_206	DB=DBD-Pfam|LacI,DBD-SUPERFAMILY|0044558;ID=3300022736.a:Ga0206112_100021_206
+++++
210	STP	2	4	CGC5	3300022736.a:Ga0206112_100021	271520	272566	3300022736.a:Ga0206112_100021_211	-	DB=STP|PfkB;ID=3300022736.a:Ga0206112_100021_211	DB=STP|PfkB;ID=3300022736.a:Ga0206112_100021_211
211	null	null	null	CGC5	3300022736.a:Ga0206112_100021	272572	273450	3300022736.a:Ga0206112_100021_212	-	;ID=3300022736.a:Ga0206112_100021_212
212	null	null	null	CGC5	3300022736.a:Ga0206112_100021	273456	274418	3300022736.a:Ga0206112_100021_213	-	;ID=3300022736.a:Ga0206112_100021_213
213	CAZyme	2	2	CGC5	3300022736.a:Ga0206112_100021	274435	275799	3300022736.a:Ga0206112_100021_214	-	DB=GH105| GH105;ID=3300022736.a:Ga0206112_100021_214	DB=GH105| GH105;ID=3300022736.a:Ga0206112_100021_214
214	null	null	null	CGC5	3300022736.a:Ga0206112_100021	275812	277092	3300022736.a:Ga0206112_100021_215	-	;ID=3300022736.a:Ga0206112_100021_215
215	null	null	null	CGC5	3300022736.a:Ga0206112_100021	277130	278902	3300022736.a:Ga0206112_100021_216	-	;ID=3300022736.a:Ga0206112_100021_216
216	TC	0	2	CGC5	3300022736.a:Ga0206112_100021	278950	280566	3300022736.a:Ga0206112_100021_217	-	DB=gnl|TC-DB|Q8A1G2|8.A.46.1.1;ID=3300022736.a:Ga0206112_100021_217	DB=gnl|TC-DB|Q8A1G2|8.A.46.1.1;ID=3300022736.a:Ga0206112_100021_217
217	TC	0	0	CGC5	3300022736.a:Ga0206112_100021	280595	283525	3300022736.a:Ga0206112_100021_218	-	DB=gnl|TC-DB|Q45780|1.B.14.6.1;ID=3300022736.a:Ga0206112_100021_218	DB=gnl|TC-DB|Q45780|1.B.14.6.1;ID=3300022736.a:Ga0206112_100021_218
218	CAZyme	0	0	CGC5	3300022736.a:Ga0206112_100021	284029	286524	3300022736.a:Ga0206112_100021_219	+	DB= GH95|GH95;ID=3300022736.a:Ga0206112_100021_219	DB= GH95|GH95;ID=3300022736.a:Ga0206112_100021_219
219	TF	0	0	CGC5	3300022736.a:Ga0206112_100021	286642	287286	3300022736.a:Ga0206112_100021_220	+	DB=DBD-Pfam|Crp,DBD-SUPERFAMILY|0038753;ID=3300022736.a:Ga0206112_100021_220	DB=DBD-Pfam|Crp,DBD-SUPERFAMILY|0038753;ID=3300022736.a:Ga0206112_100021_220
220	TC	0	0	CGC5	3300022736.a:Ga0206112_100021	287342	288133	3300022736.a:Ga0206112_100021_221	+	DB=gnl|TC-DB|Q6MNF2|2.A.102.4.11;ID=3300022736.a:Ga0206112_100021_221	DB=gnl|TC-DB|Q6MNF2|2.A.102.4.11;ID=3300022736.a:Ga0206112_100021_221
221	STP	0	0	CGC5	3300022736.a:Ga0206112_100021	288206	289627	3300022736.a:Ga0206112_100021_222	+	DB=STP|Rhodanese,STP|Rhodanese;ID=3300022736.a:Ga0206112_100021_222	DB=STP|Rhodanese,STP|Rhodanese;ID=3300022736.a:Ga0206112_100021_222
222	TC	0	0	CGC5	3300022736.a:Ga0206112_100021	289636	290199	3300022736.a:Ga0206112_100021_223	+	DB=gnl|TC-DB|C6Y2I5|9.B.102.1.19;ID=3300022736.a:Ga0206112_100021_223	DB=gnl|TC-DB|C6Y2I5|9.B.102.1.19;ID=3300022736.a:Ga0206112_100021_223
223	TC	1	0	CGC5	3300022736.a:Ga0206112_100021	290209	290745	3300022736.a:Ga0206112_100021_224	+	DB=gnl|TC-DB|K4IG61|9.B.102.5.6;ID=3300022736.a:Ga0206112_100021_224	DB=gnl|TC-DB|K4IG61|9.B.102.5.6;ID=3300022736.a:Ga0206112_100021_224
224	null	null	null	CGC5	3300022736.a:Ga0206112_100021	290750	291790	3300022736.a:Ga0206112_100021_225	-	;ID=3300022736.a:Ga0206112_100021_225
225	TC	4	1	CGC5	3300022736.a:Ga0206112_100021	291888	292598	3300022736.a:Ga0206112_100021_226	-	DB=gnl|TC-DB|K9ZHC0|5.A.1.6.4;ID=3300022736.a:Ga0206112_100021_226	DB=gnl|TC-DB|K9ZHC0|5.A.1.6.4;ID=3300022736.a:Ga0206112_100021_226
+++++
246	TC	0	3	CGC6	3300022736.a:Ga0206112_100021	317154	318551	3300022736.a:Ga0206112_100021_247	-	DB=gnl|TC-DB|C6Y217|8.A.46.1.3;ID=3300022736.a:Ga0206112_100021_247	DB=gnl|TC-DB|C6Y217|8.A.46.1.3;ID=3300022736.a:Ga0206112_100021_247
247	TC	0	0	CGC6	3300022736.a:Ga0206112_100021	318575	321886	3300022736.a:Ga0206112_100021_248	-	DB=gnl|TC-DB|Q45780|1.B.14.6.1;ID=3300022736.a:Ga0206112_100021_248	DB=gnl|TC-DB|Q45780|1.B.14.6.1;ID=3300022736.a:Ga0206112_100021_248
248	STP	0	0	CGC6	3300022736.a:Ga0206112_100021	321993	323177	3300022736.a:Ga0206112_100021_249	-	DB=STP|FecR;ID=3300022736.a:Ga0206112_100021_249	DB=STP|FecR;ID=3300022736.a:Ga0206112_100021_249
249	TF	0	0	CGC6	3300022736.a:Ga0206112_100021	323255	323842	3300022736.a:Ga0206112_100021_250	-	DB=DBD-Pfam|GerE;ID=3300022736.a:Ga0206112_100021_250	DB=DBD-Pfam|GerE;ID=3300022736.a:Ga0206112_100021_250
250	CAZyme	6	0	CGC6	3300022736.a:Ga0206112_100021	323975	326635	3300022736.a:Ga0206112_100021_251	+	DB= GH13_26|GH13_26;ID=3300022736.a:Ga0206112_100021_251	DB= GH13_26|GH13_26;ID=3300022736.a:Ga0206112_100021_251
+++++
75	STP	2	8	CGC1	3300022736.a:Ga0206112_100078	79933	80394	3300022736.a:Ga0206112_100078_76	+	DB=STP|Peptidase_M23;ID=3300022736.a:Ga0206112_100078_76	DB=STP|Peptidase_M23;ID=3300022736.a:Ga0206112_100078_76
76	null	null	null	CGC1	3300022736.a:Ga0206112_100078	80416	81627	3300022736.a:Ga0206112_100078_77	-	;ID=3300022736.a:Ga0206112_100078_77
77	null	null	null	CGC1	3300022736.a:Ga0206112_100078	81788	83158	3300022736.a:Ga0206112_100078_78	-	;ID=3300022736.a:Ga0206112_100078_78
78	STP	0	2	CGC1	3300022736.a:Ga0206112_100078	83422	84027	3300022736.a:Ga0206112_100078_79	+	DB=STP|cNMP_binding;ID=3300022736.a:Ga0206112_100078_79	DB=STP|cNMP_binding;ID=3300022736.a:Ga0206112_100078_79
79	TC	0	0	CGC1	3300022736.a:Ga0206112_100078	84029	85912	3300022736.a:Ga0206112_100078_80	-	DB=gnl|TC-DB|Q89K67|2.A.55.2.6;ID=3300022736.a:Ga0206112_100078_80	DB=gnl|TC-DB|Q89K67|2.A.55.2.6;ID=3300022736.a:Ga0206112_100078_80
80	TF	1	0	CGC1	3300022736.a:Ga0206112_100078	85905	86567	3300022736.a:Ga0206112_100078_81	-	DB=DBD-Pfam|Fe_dep_repress,DBD-SUPERFAMILY|0040266;ID=3300022736.a:Ga0206112_100078_81	DB=DBD-Pfam|Fe_dep_repress,DBD-SUPERFAMILY|0040266;ID=3300022736.a:Ga0206112_100078_81
81	null	null	null	CGC1	3300022736.a:Ga0206112_100078	86670	87635	3300022736.a:Ga0206112_100078_82	+	;ID=3300022736.a:Ga0206112_100078_82
82	CAZyme	1	1	CGC1	3300022736.a:Ga0206112_100078	87857	89509	3300022736.a:Ga0206112_100078_83	+	DB=GT35| GT35;ID=3300022736.a:Ga0206112_100078_83	DB=GT35| GT35;ID=3300022736.a:Ga0206112_100078_83
83	null	null	null	CGC1	3300022736.a:Ga0206112_100078	89536	90873	3300022736.a:Ga0206112_100078_84	-	;ID=3300022736.a:Ga0206112_100078_84
84	CAZyme	0	1	CGC1	3300022736.a:Ga0206112_100078	91015	92301	3300022736.a:Ga0206112_100078_85	+	DB= GH13|GH13;ID=3300022736.a:Ga0206112_100078_85	DB= GH13|GH13;ID=3300022736.a:Ga0206112_100078_85
85	TC	1	0	CGC1	3300022736.a:Ga0206112_100078	92360	93901	3300022736.a:Ga0206112_100078_86	-	DB=gnl|TC-DB|B2GH49|9.B.160.1.10;ID=3300022736.a:Ga0206112_100078_86	DB=gnl|TC-DB|B2GH49|9.B.160.1.10;ID=3300022736.a:Ga0206112_100078_86
86	null	null	null	CGC1	3300022736.a:Ga0206112_100078	94192	95190	3300022736.a:Ga0206112_100078_87	-	;ID=3300022736.a:Ga0206112_100078_87
87	STP	2	1	CGC1	3300022736.a:Ga0206112_100078	95248	95595	3300022736.a:Ga0206112_100078_88	+	DB=STP|Fer4;ID=3300022736.a:Ga0206112_100078_88	DB=STP|Fer4;ID=3300022736.a:Ga0206112_100078_88
88	null	null	null	CGC1	3300022736.a:Ga0206112_100078	95852	96844	3300022736.a:Ga0206112_100078_89	+	;ID=3300022736.a:Ga0206112_100078_89
89	null	null	null	CGC1	3300022736.a:Ga0206112_100078	96885	97694	3300022736.a:Ga0206112_100078_90	+	;ID=3300022736.a:Ga0206112_100078_90
90	STP	0	2	CGC1	3300022736.a:Ga0206112_100078	97713	98018	3300022736.a:Ga0206112_100078_91	+	DB=STP|Rhodanese;ID=3300022736.a:Ga0206112_100078_91	DB=STP|Rhodanese;ID=3300022736.a:Ga0206112_100078_91
91	TC	7	0	CGC1	3300022736.a:Ga0206112_100078	98044	100212	3300022736.a:Ga0206112_100078_92	-	DB=gnl|TC-DB|Q8A552|1.B.14.14.1;ID=3300022736.a:Ga0206112_100078_92	DB=gnl|TC-DB|Q8A552|1.B.14.14.1;ID=3300022736.a:Ga0206112_100078_92
+++++
9	TC	0	4	CGC1	3300022736.a:Ga0206112_100097	14235	17384	3300022736.a:Ga0206112_100097_10	-	DB=gnl|TC-DB|Q45780|1.B.14.6.1;ID=3300022736.a:Ga0206112_100097_10	DB=gnl|TC-DB|Q45780|1.B.14.6.1;ID=3300022736.a:Ga0206112_100097_10
10	TC	0	0	CGC1	3300022736.a:Ga0206112_100097	17412	18746	3300022736.a:Ga0206112_100097_11	-	DB=gnl|TC-DB|P0AGF4|2.A.1.1.3;ID=3300022736.a:Ga0206112_100097_11	DB=gnl|TC-DB|P0AGF4|2.A.1.1.3;ID=3300022736.a:Ga0206112_100097_11
11	STP	0	0	CGC1	3300022736.a:Ga0206112_100097	18794	22153	3300022736.a:Ga0206112_100097_12	-	DB=STP|TPR_1,STP|TPR_2,STP|TPR_2;ID=3300022736.a:Ga0206112_100097_12	DB=STP|TPR_1,STP|TPR_2,STP|TPR_2;ID=3300022736.a:Ga0206112_100097_12
12	TF	0	0	CGC1	3300022736.a:Ga0206112_100097	22323	23219	3300022736.a:Ga0206112_100097_13	+	DB=DBD-Pfam|HTH_AraC,DBD-Pfam|HTH_AraC,DBD-SUPERFAMILY|0036286,DBD-SUPERFAMILY|0035607;ID=3300022736.a:Ga0206112_100097_13	DB=DBD-Pfam|HTH_AraC,DBD-Pfam|HTH_AraC,DBD-SUPERFAMILY|0036286,DBD-SUPERFAMILY|0035607;ID=3300022736.a:Ga0206112_100097_13
13	CAZyme	6	0	CGC1	3300022736.a:Ga0206112_100097	23278	24438	3300022736.a:Ga0206112_100097_14	-	DB= GH171|GH171;ID=3300022736.a:Ga0206112_100097_14	DB= GH171|GH171;ID=3300022736.a:Ga0206112_100097_14
+++++
