MarR	59	3300027339.a:Ga0255210_1000002_103	179	1e-05	7	58	28	79	0.864406779661017
LytTR	98	3300027339.a:Ga0255210_1000002_115	282	9.7e-27	3	95	187	280	0.9387755102040817
GntR	64	3300027339.a:Ga0255210_1000002_150	499	1.4e-15	2	64	23	85	0.96875
HTH_DeoR	57	3300027339.a:Ga0255210_1000002_202	268	4.8e-19	1	56	9	64	0.9649122807017544
HTH_1	60	3300027339.a:Ga0255210_1000002_215	383	2.7e-14	5	59	28	83	0.9
HTH_1	60	3300027339.a:Ga0255210_1000002_220	323	3.6e-21	1	59	23	81	0.9666666666666667
HTH_1	60	3300027339.a:Ga0255210_1000002_225	310	7.7e-22	1	60	4	63	0.9833333333333333
HTH_1	60	3300027339.a:Ga0255210_1000002_273	320	2.8e-17	1	60	3	64	0.9833333333333333
HTH_1	60	3300027339.a:Ga0255210_1000002_277	310	3.4e-20	5	60	14	69	0.9166666666666666
Crp	32	3300027339.a:Ga0255210_1000002_54	196	4.6e-06	8	32	148	172	0.75
GerE	57	3300027339.a:Ga0255210_1000002_60	216	5e-17	2	55	152	205	0.9298245614035088
GntR	64	3300027339.a:Ga0255210_1000002_90	238	2.6e-19	3	64	8	69	0.953125
HTH_8	42	3300027339.a:Ga0255210_1000004_115	743	2.3e-13	1	40	697	736	0.9285714285714286
GerE	57	3300027339.a:Ga0255210_1000004_127	217	2.4e-19	2	57	153	208	0.9649122807017544
HTH_8	42	3300027339.a:Ga0255210_1000004_131	441	9.1e-09	2	36	391	425	0.8095238095238095
GerE	57	3300027339.a:Ga0255210_1000004_137	211	1.3e-19	2	57	147	202	0.9649122807017544
MarR	59	3300027339.a:Ga0255210_1000004_143	185	2e-12	3	58	80	135	0.9322033898305084
HTH_1	60	3300027339.a:Ga0255210_1000004_171	323	2.4e-17	4	60	8	64	0.9333333333333333
Trans_reg_C	77	3300027339.a:Ga0255210_1000004_180	310	3.3e-23	3	76	224	297	0.948051948051948
GntR	64	3300027339.a:Ga0255210_1000004_191	223	2.9e-21	1	64	18	80	0.984375
GerE	57	3300027339.a:Ga0255210_1000004_23	192	9.5e-16	3	55	134	186	0.9122807017543859
Rrf2	83	3300027339.a:Ga0255210_1000004_45	233	2.5e-05	26	59	181	214	0.39759036144578314
HTH_1	60	3300027339.a:Ga0255210_1000004_54	308	1.2e-21	1	59	4	62	0.9666666666666667
FMN_bind_2	168	3300027339.a:Ga0255210_1000004_78	168	6e-06	11	78	6	70	0.39880952380952384
GntR	64	3300027339.a:Ga0255210_1000005_119	239	1e-05	26	59	189	222	0.515625
Trans_reg_C	77	3300027339.a:Ga0255210_1000005_160	229	5.7e-21	1	76	151	221	0.974025974025974
MerR	38	3300027339.a:Ga0255210_1000005_180	139	1.1e-12	1	38	13	48	0.9736842105263158
HTH_8	42	3300027339.a:Ga0255210_1000005_36	502	9.4e-12	2	42	451	491	0.9523809523809523
GntR	64	3300027339.a:Ga0255210_1000005_43	344	9.3e-05	11	56	12	55	0.703125
Trans_reg_C	77	3300027339.a:Ga0255210_1000005_82	259	7.3e-09	2	77	174	249	0.974025974025974
HTH_6	77	3300027339.a:Ga0255210_1000005_90	308	2.5e-17	1	74	1	74	0.948051948051948
MerR	38	3300027339.a:Ga0255210_1000006_108	289	2.4e-16	1	38	2	39	0.9736842105263158
Trans_reg_C	77	3300027339.a:Ga0255210_1000006_148	234	2.2e-28	3	77	151	224	0.961038961038961
GerE	57	3300027339.a:Ga0255210_1000006_172	250	5.8e-20	2	57	188	243	0.9649122807017544
HTH_3	55	3300027339.a:Ga0255210_1000006_176	176	1.2e-11	1	53	22	75	0.9454545454545454
HTH_1	60	3300027339.a:Ga0255210_1000006_29	294	7.8e-27	1	60	3	62	0.9833333333333333
HTH_3	55	3300027339.a:Ga0255210_1000006_3	196	2.3e-18	1	55	19	73	0.9818181818181818
MarR	59	3300027339.a:Ga0255210_1000006_30	275	1.6e-06	8	47	26	67	0.6610169491525424
HTH_3	55	3300027339.a:Ga0255210_1000006_70	302	1.7e-06	1	47	29	77	0.8363636363636363
PspC	53	3300027339.a:Ga0255210_1000006_84	108	2.8e-19	3	52	52	106	0.9245283018867925
GerE	57	3300027339.a:Ga0255210_1000008_142	210	5.8e-22	2	56	145	199	0.9473684210526315
GerE	57	3300027339.a:Ga0255210_1000008_169	84	4.4e-15	2	57	22	77	0.9649122807017544
HTH_1	60	3300027339.a:Ga0255210_1000008_23	296	2e-23	1	60	3	62	0.9833333333333333
HTH_AraC	42	3300027339.a:Ga0255210_1000008_42	504	1.2e-05	6	42	155	192	0.8571428571428571
PHB_acc_N	61	3300027339.a:Ga0255210_1000008_48	196	2.4e-32	1	60	23	82	0.9672131147540983
HTH_8	42	3300027339.a:Ga0255210_1000008_55	511	5.8e-12	3	42	467	506	0.9285714285714286
MerR	38	3300027339.a:Ga0255210_1000008_79	161	3.1e-12	2	38	41	75	0.9473684210526315
HTH_1	60	3300027339.a:Ga0255210_1000008_8	319	8e-15	8	60	11	64	0.8666666666666667
HTH_11	55	3300027339.a:Ga0255210_1000008_98	332	2.8e-10	4	55	8	61	0.9272727272727272
Trans_reg_C	77	3300027339.a:Ga0255210_1000009_13	225	1.9e-28	1	77	144	219	0.987012987012987
GntR	64	3300027339.a:Ga0255210_1000009_149	237	1.8e-17	1	64	21	83	0.984375
Trans_reg_C	77	3300027339.a:Ga0255210_1000009_164	227	3.6e-23	1	77	148	220	0.987012987012987
HTH_1	60	3300027339.a:Ga0255210_1000009_4	307	3.1e-19	2	60	4	62	0.9666666666666667
HTH_1	60	3300027339.a:Ga0255210_1000009_43	310	3e-20	1	60	14	73	0.9833333333333333
GntR	64	3300027339.a:Ga0255210_1000009_52	249	1.2e-22	2	64	19	81	0.96875
HTH_8	42	3300027339.a:Ga0255210_1000009_64	79	1.5e-16	3	39	35	71	0.8571428571428571
GerE	57	3300027339.a:Ga0255210_1000009_71	354	5.7e-12	3	53	290	340	0.8771929824561403
GerE	57	3300027339.a:Ga0255210_1000009_74	242	1e-10	2	55	171	224	0.9298245614035088
GerE	57	3300027339.a:Ga0255210_1000010_134	881	2.4e-20	2	56	822	876	0.9473684210526315
GntR	64	3300027339.a:Ga0255210_1000010_147	240	6.2e-18	4	64	32	91	0.9375
HTH_1	60	3300027339.a:Ga0255210_1000010_151	307	9.9e-22	1	59	8	66	0.9666666666666667
AraC_N	148	3300027339.a:Ga0255210_1000010_161	321	2.2e-46	2	146	44	194	0.972972972972973
HTH_AraC	42	3300027339.a:Ga0255210_1000010_161	321	6.4e-09	1	41	217	257	0.9523809523809523
HTH_1	60	3300027339.a:Ga0255210_1000010_33	310	6.1e-23	1	60	5	64	0.9833333333333333
MerR	38	3300027339.a:Ga0255210_1000010_43	157	2e-15	1	38	2	38	0.9736842105263158
MarR	59	3300027339.a:Ga0255210_1000010_82	158	6.1e-07	1	58	45	101	0.9661016949152542
GntR	64	3300027339.a:Ga0255210_1000010_93	264	8.3e-21	2	64	33	94	0.96875
GntR	64	3300027339.a:Ga0255210_1000011_181	255	3.2e-17	4	64	16	75	0.9375
GntR	64	3300027339.a:Ga0255210_1000011_191	296	1.7e-19	2	64	45	106	0.96875
MerR	38	3300027339.a:Ga0255210_1000011_20	155	3.4e-12	2	38	3	38	0.9473684210526315
MerR	38	3300027339.a:Ga0255210_1000011_27	173	1.8e-10	2	38	46	80	0.9473684210526315
HTH_1	60	3300027339.a:Ga0255210_1000011_39	330	1e-18	2	60	11	69	0.9666666666666667
HTH_AraC	42	3300027339.a:Ga0255210_1000011_49	269	0.0001	15	41	165	191	0.6190476190476191
HTH_1	60	3300027339.a:Ga0255210_1000011_59	302	1.1e-21	1	60	5	64	0.9833333333333333
HTH_5	47	3300027339.a:Ga0255210_1000011_64	119	1.3e-08	2	46	16	63	0.9361702127659575
HTH_5	47	3300027339.a:Ga0255210_1000011_66	125	1.3e-14	2	45	22	65	0.9148936170212766
HTH_6	77	3300027339.a:Ga0255210_1000011_77	302	1.6e-13	5	75	16	86	0.9090909090909091
HTH_8	42	3300027339.a:Ga0255210_1000011_84	563	1.2e-12	9	42	515	548	0.7857142857142857
GerE	57	3300027339.a:Ga0255210_1000011_96	223	2.7e-19	2	57	158	213	0.9649122807017544
HTH_8	42	3300027339.a:Ga0255210_1000011_99	580	1.4e-12	6	41	536	571	0.8333333333333334
AP2	54	3300027339.a:Ga0255210_1000012_111	170	4.1e-07	1	50	112	158	0.9074074074074074
HTH_3	55	3300027339.a:Ga0255210_1000012_129	76	3.9e-11	7	46	13	52	0.7090909090909091
HTH_3	55	3300027339.a:Ga0255210_1000012_130	221	2.4e-05	23	54	30	62	0.5636363636363636
HTH_3	55	3300027339.a:Ga0255210_1000012_169	266	7.8e-15	1	53	30	82	0.9454545454545454
HTH_8	42	3300027339.a:Ga0255210_1000012_171	482	1.7e-13	5	41	440	476	0.8571428571428571
GerE	57	3300027339.a:Ga0255210_1000012_87	85	2e-18	2	57	23	78	0.9649122807017544
CSD	66	3300027339.a:Ga0255210_1000013_101	70	1e-31	2	65	5	68	0.9545454545454546
MarR	59	3300027339.a:Ga0255210_1000013_119	159	1.2e-05	4	47	12	55	0.7288135593220338
HTH_5	47	3300027339.a:Ga0255210_1000013_122	109	9.6e-10	4	46	18	63	0.8936170212765957
MarR	59	3300027339.a:Ga0255210_1000013_126	155	5.7e-08	3	48	40	85	0.7627118644067796
HTH_1	60	3300027339.a:Ga0255210_1000013_128	274	9.8e-20	3	60	31	93	0.95
GntR	64	3300027339.a:Ga0255210_1000013_20	234	4.7e-19	3	64	28	88	0.953125
Trans_reg_C	77	3300027339.a:Ga0255210_1000013_21	853	6e-17	3	77	23	91	0.961038961038961
HTH_1	60	3300027339.a:Ga0255210_1000013_25	299	3.2e-23	1	59	16	74	0.9666666666666667
HTH_AraC	42	3300027339.a:Ga0255210_1000013_76	353	3e-09	6	41	297	333	0.8333333333333334
HTH_1	60	3300027339.a:Ga0255210_1000014_18	304	1.3e-20	2	59	12	69	0.95
HTH_1	60	3300027339.a:Ga0255210_1000014_30	312	2e-23	1	60	5	64	0.9833333333333333
HTH_AraC	42	3300027339.a:Ga0255210_1000014_63	347	3.2e-11	6	41	294	330	0.8333333333333334
HTH_1	60	3300027339.a:Ga0255210_1000014_70	304	8.7e-22	1	59	3	61	0.9666666666666667
HTH_1	60	3300027339.a:Ga0255210_1000014_75	305	1.1e-20	2	59	5	62	0.95
Crp	32	3300027339.a:Ga0255210_1000014_97	218	1.7e-09	3	28	171	196	0.78125
HTH_8	42	3300027339.a:Ga0255210_1000015_19	357	9.3e-05	22	40	268	286	0.42857142857142855
HTH_AraC	42	3300027339.a:Ga0255210_1000015_19	357	2.3e-12	3	41	306	346	0.9047619047619048
LytTR	98	3300027339.a:Ga0255210_1000015_37	263	8.4e-22	2	97	159	257	0.9693877551020408
HTH_1	60	3300027339.a:Ga0255210_1000015_4	309	1.4e-21	2	59	8	65	0.95
HTH_1	60	3300027339.a:Ga0255210_1000015_47	309	2.7e-19	3	60	16	73	0.95
GntR	64	3300027339.a:Ga0255210_1000015_54	256	2.4e-05	23	56	180	212	0.515625
Crp	32	3300027339.a:Ga0255210_1000015_72	224	7.6e-15	2	32	175	205	0.9375
Rrf2	83	3300027339.a:Ga0255210_1000016_12	178	4.8e-29	1	83	1	83	0.9879518072289156
Rrf2	83	3300027339.a:Ga0255210_1000016_55	161	4.5e-27	1	81	1	81	0.963855421686747
Trans_reg_C	77	3300027339.a:Ga0255210_1000016_66	245	1.2e-25	1	77	162	238	0.987012987012987
LexA_DNA_bind	65	3300027339.a:Ga0255210_1000016_77	194	9e-05	4	58	49	98	0.8307692307692308
MarR	59	3300027339.a:Ga0255210_1000016_80	167	2.5e-14	1	59	48	106	0.9830508474576272
GerE	57	3300027339.a:Ga0255210_1000016_84	231	7.2e-19	2	57	165	220	0.9649122807017544
CSD	66	3300027339.a:Ga0255210_1000018_30	73	3.2e-29	3	64	4	65	0.9242424242424242
Crp	32	3300027339.a:Ga0255210_1000018_36	248	1.1e-13	1	31	192	222	0.9375
MarR	59	3300027339.a:Ga0255210_1000019_115	191	3.8e-10	5	58	41	94	0.8983050847457628
HTH_8	42	3300027339.a:Ga0255210_1000019_12	449	2.9e-10	3	42	401	440	0.9285714285714286
MarR	59	3300027339.a:Ga0255210_1000019_17	193	1.2e-09	5	59	82	136	0.9152542372881356
HTH_5	47	3300027339.a:Ga0255210_1000019_40	119	1.7e-13	2	45	24	67	0.9148936170212766
HTH_5	47	3300027339.a:Ga0255210_1000019_56	108	8.7e-15	2	45	27	70	0.9148936170212766
HTH_8	42	3300027339.a:Ga0255210_1000019_62	479	1.4e-12	4	41	426	463	0.8809523809523809
MarR	59	3300027339.a:Ga0255210_1000019_76	140	1e-16	1	58	33	90	0.9661016949152542
Trans_reg_C	77	3300027339.a:Ga0255210_1000019_90	230	1.2e-26	1	77	151	227	0.987012987012987
HTH_8	42	3300027339.a:Ga0255210_1000020_22	381	5.2e-15	2	39	339	376	0.8809523809523809
HTH_8	42	3300027339.a:Ga0255210_1000020_58	238	2.6e-07	3	42	186	225	0.9285714285714286
MarR	59	3300027339.a:Ga0255210_1000021_21	202	1.4e-12	2	51	81	130	0.8305084745762712
HTH_1	60	3300027339.a:Ga0255210_1000021_6	355	5.7e-22	3	60	16	73	0.95
HTH_1	60	3300027339.a:Ga0255210_1000022_106	310	6.4e-20	2	60	6	64	0.9666666666666667
LexA_DNA_bind	65	3300027339.a:Ga0255210_1000022_108	1213	7.6e-14	1	65	1	65	0.9846153846153847
HTH_1	60	3300027339.a:Ga0255210_1000022_12	305	3.6e-20	2	60	4	62	0.9666666666666667
Trans_reg_C	77	3300027339.a:Ga0255210_1000022_16	828	1.6e-15	1	77	17	87	0.987012987012987
Trans_reg_C	77	3300027339.a:Ga0255210_1000022_29	229	1.4e-23	1	77	149	225	0.987012987012987
MarR	59	3300027339.a:Ga0255210_1000022_30	173	1.8e-06	8	58	52	102	0.847457627118644
Trans_reg_C	77	3300027339.a:Ga0255210_1000022_35	229	3e-17	2	77	147	221	0.974025974025974
HTH_AraC	42	3300027339.a:Ga0255210_1000022_54	303	1.1e-08	6	42	250	287	0.8571428571428571
MarR	59	3300027339.a:Ga0255210_1000022_76	160	1.5e-12	6	58	39	91	0.8813559322033898
PadR	75	3300027339.a:Ga0255210_1000022_77	179	6.9e-13	1	74	7	79	0.9733333333333334
MarR	59	3300027339.a:Ga0255210_1000022_89	146	2.2e-13	2	59	35	92	0.9661016949152542
HTH_AraC	42	3300027339.a:Ga0255210_1000022_91	228	2e-10	3	42	148	187	0.9285714285714286
HTH_1	60	3300027339.a:Ga0255210_1000022_96	302	2e-18	2	59	4	61	0.95
FlhC	173	3300027339.a:Ga0255210_1000024_59	188	3.1e-82	3	171	4	172	0.9710982658959537
FlhD	102	3300027339.a:Ga0255210_1000024_60	108	1.2e-42	1	102	1	105	0.9901960784313726
GerE	57	3300027339.a:Ga0255210_1000026_60	355	1.3e-18	3	54	289	340	0.8947368421052632
Crp	32	3300027339.a:Ga0255210_1000027_35	237	2.9e-06	1	32	184	215	0.96875
GntR	64	3300027339.a:Ga0255210_1000027_89	255	2.4e-25	2	64	18	80	0.96875
FMN_bind_2	168	3300027339.a:Ga0255210_1000028_41	212	6.1e-59	1	167	1	167	0.9880952380952381
GntR	64	3300027339.a:Ga0255210_1000028_43	488	5e-18	3	64	17	78	0.953125
GerE	57	3300027339.a:Ga0255210_1000028_60	274	1.5e-17	3	56	207	260	0.9298245614035088
MerR	38	3300027339.a:Ga0255210_1000028_72	142	4.6e-17	1	38	7	44	0.9736842105263158
HTH_1	60	3300027339.a:Ga0255210_1000028_83	312	1.9e-21	1	60	4	63	0.9833333333333333
Trans_reg_C	77	3300027339.a:Ga0255210_1000028_90	218	2e-19	2	76	145	214	0.961038961038961
LytTR	98	3300027339.a:Ga0255210_1000031_18	300	1.3e-23	3	95	205	298	0.9387755102040817
Trans_reg_C	77	3300027339.a:Ga0255210_1000031_20	250	5.8e-23	1	77	163	239	0.987012987012987
HTH_1	60	3300027339.a:Ga0255210_1000031_47	306	4.7e-17	3	60	7	64	0.95
MerR	38	3300027339.a:Ga0255210_1000035_1	151	2.5e-12	1	38	15	52	0.9736842105263158
GerE	57	3300027339.a:Ga0255210_1000035_54	888	1.8e-16	2	57	825	880	0.9649122807017544
GerE	57	3300027339.a:Ga0255210_1000035_59	896	3.8e-17	2	56	833	887	0.9473684210526315
MarR	59	3300027339.a:Ga0255210_1000038_37	160	7.6e-08	8	50	17	59	0.711864406779661
MerR	38	3300027339.a:Ga0255210_1000040_31	207	3.5e-08	3	37	22	55	0.8947368421052632
HTH_8	42	3300027339.a:Ga0255210_1000040_69	483	2e-11	2	42	419	459	0.9523809523809523
MarR	59	3300027339.a:Ga0255210_1000041_25	162	1.2e-06	6	47	17	58	0.6949152542372882
HTH_3	55	3300027339.a:Ga0255210_1000041_27	253	2.4e-10	5	53	2	50	0.8727272727272727
Crp	32	3300027339.a:Ga0255210_1000041_58	221	1.5e-07	2	31	173	202	0.90625
HTH_1	60	3300027339.a:Ga0255210_1000041_65	307	8.4e-19	1	59	4	62	0.9666666666666667
HTH_1	60	3300027339.a:Ga0255210_1000042_4	320	3.2e-18	1	60	4	63	0.9833333333333333
MarR	59	3300027339.a:Ga0255210_1000042_50	167	3.9e-16	1	59	50	108	0.9830508474576272
LexA_DNA_bind	65	3300027339.a:Ga0255210_1000042_54	229	2.4e-27	3	65	10	72	0.9538461538461539
GntR	64	3300027339.a:Ga0255210_1000042_59	232	1.7e-18	2	64	7	68	0.96875
HTH_8	42	3300027339.a:Ga0255210_1000043_31	516	2.5e-13	2	39	469	506	0.8809523809523809
HTH_1	60	3300027339.a:Ga0255210_1000045_19	328	7.7e-26	2	60	12	70	0.9666666666666667
HTH_3	55	3300027339.a:Ga0255210_1000046_19	110	8.5e-08	7	52	37	82	0.8181818181818182
HTH_8	42	3300027339.a:Ga0255210_1000046_34	505	4.5e-13	2	42	451	491	0.9523809523809523
Trans_reg_C	77	3300027339.a:Ga0255210_1000046_58	224	5.6e-25	2	77	146	218	0.974025974025974
FMN_bind_2	168	3300027339.a:Ga0255210_1000046_6	233	4.1e-58	1	168	1	169	0.9940476190476191
HTH_1	60	3300027339.a:Ga0255210_1000046_8	299	2.2e-19	4	59	7	61	0.9166666666666666
HTH_1	60	3300027339.a:Ga0255210_1000046_9	287	1.1e-21	2	60	7	65	0.9666666666666667
HTH_8	42	3300027339.a:Ga0255210_1000047_8	462	1.7e-10	2	41	418	457	0.9285714285714286
HTH_1	60	3300027339.a:Ga0255210_1000048_11	305	2.4e-24	1	60	6	65	0.9833333333333333
CSD	66	3300027339.a:Ga0255210_1000048_4	207	3.8e-14	2	64	4	66	0.9393939393939394
HTH_1	60	3300027339.a:Ga0255210_1000052_32	337	9e-21	1	59	4	62	0.9666666666666667
GerE	57	3300027339.a:Ga0255210_1000052_41	222	6e-24	2	56	161	215	0.9473684210526315
FUR	120	3300027339.a:Ga0255210_1000052_55	144	3.3e-46	2	120	10	129	0.9833333333333333
MerR	38	3300027339.a:Ga0255210_1000052_59	209	1.3e-07	1	37	12	47	0.9473684210526315
HTH_11	55	3300027339.a:Ga0255210_1000052_8	149	1.2e-07	4	46	13	54	0.7636363636363637
Fez1	198	3300027339.a:Ga0255210_1000053_1	994	1.6e-05	21	107	26	112	0.43434343434343436
GerE	57	3300027339.a:Ga0255210_1000053_19	366	2.4e-08	2	53	301	352	0.8947368421052632
Crp	32	3300027339.a:Ga0255210_1000053_29	229	1.8e-06	4	30	175	201	0.8125
GerE	57	3300027339.a:Ga0255210_1000053_31	237	2.5e-18	2	56	174	228	0.9473684210526315
HTH_1	60	3300027339.a:Ga0255210_1000053_56	312	7.7e-24	1	59	3	61	0.9666666666666667
Trans_reg_C	77	3300027339.a:Ga0255210_1000057_16	224	1e-26	1	77	145	216	0.987012987012987
HTH_3	55	3300027339.a:Ga0255210_1000057_25	327	1e-11	1	55	45	99	0.9818181818181818
GerE	57	3300027339.a:Ga0255210_1000057_43	231	4.2e-15	2	56	161	215	0.9473684210526315
MarR	59	3300027339.a:Ga0255210_1000057_46	170	1.1e-07	7	50	26	69	0.7288135593220338
HTH_1	60	3300027339.a:Ga0255210_1000061_28	340	7.9e-19	3	59	8	63	0.9333333333333333
HTH_1	60	3300027339.a:Ga0255210_1000065_22	306	4e-20	2	59	6	63	0.95
HTH_AraC	42	3300027339.a:Ga0255210_1000065_32	302	5.3e-06	11	42	261	293	0.7380952380952381
GntR	64	3300027339.a:Ga0255210_1000068_28	457	1e-13	2	64	6	68	0.96875
GerE	57	3300027339.a:Ga0255210_1000068_6	297	1.6e-21	4	57	226	279	0.9298245614035088
MarR	59	3300027339.a:Ga0255210_1000073_13	160	1.2e-07	3	50	8	55	0.7966101694915254
HTH_1	60	3300027339.a:Ga0255210_1000073_3	316	1.3e-22	1	60	3	62	0.9833333333333333
HTH_1	60	3300027339.a:Ga0255210_1000108_19	307	6.8e-21	2	60	4	62	0.9666666666666667
GerE	57	3300027339.a:Ga0255210_1000108_8	217	2e-18	3	56	153	206	0.9298245614035088
GerE	57	3300027339.a:Ga0255210_1000112_21	921	1.5e-18	2	54	859	911	0.9122807017543859
HTH_1	60	3300027339.a:Ga0255210_1000112_30	318	1.4e-18	2	58	13	69	0.9333333333333333
Trans_reg_C	77	3300027339.a:Ga0255210_1000112_5	234	1.7e-22	1	77	153	224	0.987012987012987
GerE	57	3300027339.a:Ga0255210_1000127_2	731	7.7e-20	2	57	664	719	0.9649122807017544
GerE	57	3300027339.a:Ga0255210_1000127_21	264	8.6e-12	2	54	205	257	0.9122807017543859
HTH_1	60	3300027339.a:Ga0255210_1000145_18	313	6.8e-17	2	59	7	64	0.95
Crp	32	3300027339.a:Ga0255210_1000145_23	215	1e-10	2	30	167	195	0.875
GerE	57	3300027339.a:Ga0255210_1000145_24	258	1.8e-05	3	55	179	231	0.9122807017543859
GerE	57	3300027339.a:Ga0255210_1000159_1	212	6.1e-19	2	57	148	203	0.9649122807017544
CSD	66	3300027339.a:Ga0255210_1000159_19	72	1.7e-31	2	65	6	70	0.9545454545454546
Trans_reg_C	77	3300027339.a:Ga0255210_1000159_25	237	1.4e-24	1	77	151	227	0.987012987012987
GerE	57	3300027339.a:Ga0255210_1000182_13	958	1.1e-20	2	57	895	950	0.9649122807017544
GerE	57	3300027339.a:Ga0255210_1000201_9	212	8.2e-17	2	57	149	204	0.9649122807017544
Crp	32	3300027339.a:Ga0255210_1000219_17	279	2.9e-09	4	32	224	252	0.875
HTH_8	42	3300027339.a:Ga0255210_1000302_9	690	3.7e-12	6	40	643	677	0.8095238095238095
Trans_reg_C	77	3300027339.a:Ga0255210_1000590_6	221	7.5e-18	2	77	147	218	0.974025974025974
MarR	59	3300027339.a:Ga0255210_1000758_1	338	5.5e-06	7	51	16	60	0.7457627118644068
HTH_1	60	3300027339.a:Ga0255210_1000988_4	299	1.9e-18	2	60	5	63	0.9666666666666667
HTH_8	42	3300027339.a:Ga0255210_1006096_1	463	6.8e-13	5	42	405	442	0.8809523809523809
