63	TF	0	3	CGC1	3300008636.a:Ga0111420_100140	73466	74107	3300008636.a:Ga0111420_100140_64	-	DB=DBD-Pfam|HTH_11,DBD-SUPERFAMILY|0043758;ID=3300008636.a:Ga0111420_100140_64	DB=DBD-Pfam|HTH_11,DBD-SUPERFAMILY|0043758;ID=3300008636.a:Ga0111420_100140_64
64	TC	0	0	CGC1	3300008636.a:Ga0111420_100140	74246	76636	3300008636.a:Ga0111420_100140_65	-	DB=gnl|TC-DB|P77439|4.A.2.1.11;ID=3300008636.a:Ga0111420_100140_65	DB=gnl|TC-DB|P77439|4.A.2.1.11;ID=3300008636.a:Ga0111420_100140_65
65	CAZyme	0	0	CGC1	3300008636.a:Ga0111420_100140	76965	79100	3300008636.a:Ga0111420_100140_66	+	DB= GT51|GT51;ID=3300008636.a:Ga0111420_100140_66	DB= GT51|GT51;ID=3300008636.a:Ga0111420_100140_66
66	TC	1	0	CGC1	3300008636.a:Ga0111420_100140	79067	80257	3300008636.a:Ga0111420_100140_67	-	DB=gnl|TC-DB|A1KWE6|2.A.39.1.3;ID=3300008636.a:Ga0111420_100140_67	DB=gnl|TC-DB|A1KWE6|2.A.39.1.3;ID=3300008636.a:Ga0111420_100140_67
67	null	null	null	CGC1	3300008636.a:Ga0111420_100140	80538	81671	3300008636.a:Ga0111420_100140_68	+	;ID=3300008636.a:Ga0111420_100140_68
68	TC	0	1	CGC1	3300008636.a:Ga0111420_100140	81686	82393	3300008636.a:Ga0111420_100140_69	+	DB=gnl|TC-DB|O31711|3.A.1.122.2;ID=3300008636.a:Ga0111420_100140_69	DB=gnl|TC-DB|O31711|3.A.1.122.2;ID=3300008636.a:Ga0111420_100140_69
69	TC	1	0	CGC1	3300008636.a:Ga0111420_100140	82383	83600	3300008636.a:Ga0111420_100140_70	+	DB=gnl|TC-DB|O31712|3.A.1.122.2;ID=3300008636.a:Ga0111420_100140_70	DB=gnl|TC-DB|O31712|3.A.1.122.2;ID=3300008636.a:Ga0111420_100140_70
70	null	null	null	CGC1	3300008636.a:Ga0111420_100140	83704	84597	3300008636.a:Ga0111420_100140_71	-	;ID=3300008636.a:Ga0111420_100140_71
71	STP	4	1	CGC1	3300008636.a:Ga0111420_100140	84752	85891	3300008636.a:Ga0111420_100140_72	-	DB=STP|Aminotran_1_2;ID=3300008636.a:Ga0111420_100140_72	DB=STP|Aminotran_1_2;ID=3300008636.a:Ga0111420_100140_72
+++++
41	STP	0	8	CGC1	3300008636.a:Ga0111420_100172	41180	42547	3300008636.a:Ga0111420_100172_42	-	DB=STP|AAA;ID=3300008636.a:Ga0111420_100172_42	DB=STP|AAA;ID=3300008636.a:Ga0111420_100172_42
42	TC	2	0	CGC1	3300008636.a:Ga0111420_100172	42557	44986	3300008636.a:Ga0111420_100172_43	-	DB=gnl|TC-DB|Q9FI56|3.A.9.1.2;ID=3300008636.a:Ga0111420_100172_43	DB=gnl|TC-DB|Q9FI56|3.A.9.1.2;ID=3300008636.a:Ga0111420_100172_43
43	null	null	null	CGC1	3300008636.a:Ga0111420_100172	45016	46080	3300008636.a:Ga0111420_100172_44	-	;ID=3300008636.a:Ga0111420_100172_44
44	null	null	null	CGC1	3300008636.a:Ga0111420_100172	46073	46582	3300008636.a:Ga0111420_100172_45	-	;ID=3300008636.a:Ga0111420_100172_45
45	TF	2	2	CGC1	3300008636.a:Ga0111420_100172	46596	47063	3300008636.a:Ga0111420_100172_46	-	DB=DBD-Pfam|CtsR;ID=3300008636.a:Ga0111420_100172_46	DB=DBD-Pfam|CtsR;ID=3300008636.a:Ga0111420_100172_46
46	null	null	null	CGC1	3300008636.a:Ga0111420_100172	47256	48257	3300008636.a:Ga0111420_100172_47	+	;ID=3300008636.a:Ga0111420_100172_47
47	null	null	null	CGC1	3300008636.a:Ga0111420_100172	48323	49309	3300008636.a:Ga0111420_100172_48	-	;ID=3300008636.a:Ga0111420_100172_48
48	TC	0	2	CGC1	3300008636.a:Ga0111420_100172	49336	50901	3300008636.a:Ga0111420_100172_49	-	DB=gnl|TC-DB|Q00758|2.A.66.2.14;ID=3300008636.a:Ga0111420_100172_49	DB=gnl|TC-DB|Q00758|2.A.66.2.14;ID=3300008636.a:Ga0111420_100172_49
49	CAZyme	0	0	CGC1	3300008636.a:Ga0111420_100172	50926	52074	3300008636.a:Ga0111420_100172_50	-	DB=GT2;ID=3300008636.a:Ga0111420_100172_50	DB=GT2;ID=3300008636.a:Ga0111420_100172_50
50	STP	0	0	CGC1	3300008636.a:Ga0111420_100172	52078	53553	3300008636.a:Ga0111420_100172_51	-	DB=STP|B12-binding;ID=3300008636.a:Ga0111420_100172_51	DB=STP|B12-binding;ID=3300008636.a:Ga0111420_100172_51
51	TC	1	0	CGC1	3300008636.a:Ga0111420_100172	53590	55023	3300008636.a:Ga0111420_100172_52	-	DB=gnl|TC-DB|H8E4X1|9.B.18.1.2;ID=3300008636.a:Ga0111420_100172_52	DB=gnl|TC-DB|H8E4X1|9.B.18.1.2;ID=3300008636.a:Ga0111420_100172_52
52	null	null	null	CGC1	3300008636.a:Ga0111420_100172	55027	56223	3300008636.a:Ga0111420_100172_53	-	;ID=3300008636.a:Ga0111420_100172_53
53	CAZyme	1	1	CGC1	3300008636.a:Ga0111420_100172	56389	57477	3300008636.a:Ga0111420_100172_54	-	DB=GT4;ID=3300008636.a:Ga0111420_100172_54	DB=GT4;ID=3300008636.a:Ga0111420_100172_54
54	null	null	null	CGC1	3300008636.a:Ga0111420_100172	57490	59526	3300008636.a:Ga0111420_100172_55	-	;ID=3300008636.a:Ga0111420_100172_55
55	CAZyme	5	1	CGC1	3300008636.a:Ga0111420_100172	59800	60558	3300008636.a:Ga0111420_100172_56	-	DB=GT2;ID=3300008636.a:Ga0111420_100172_56	DB=GT2;ID=3300008636.a:Ga0111420_100172_56
+++++
66	CAZyme	1	4	CGC2	3300008636.a:Ga0111420_100172	71219	72613	3300008636.a:Ga0111420_100172_67	-	DB=AA4;ID=3300008636.a:Ga0111420_100172_67	DB=AA4;ID=3300008636.a:Ga0111420_100172_67
67	null	null	null	CGC2	3300008636.a:Ga0111420_100172	72729	72866	3300008636.a:Ga0111420_100172_68	-	;ID=3300008636.a:Ga0111420_100172_68
68	TF	1	1	CGC2	3300008636.a:Ga0111420_100172	72882	73601	3300008636.a:Ga0111420_100172_69	-	DB=DBD-Pfam|GntR,DBD-SUPERFAMILY|0039384;ID=3300008636.a:Ga0111420_100172_69	DB=DBD-Pfam|GntR,DBD-SUPERFAMILY|0039384;ID=3300008636.a:Ga0111420_100172_69
69	null	null	null	CGC2	3300008636.a:Ga0111420_100172	73614	74459	3300008636.a:Ga0111420_100172_70	-	;ID=3300008636.a:Ga0111420_100172_70
70	TC	0	1	CGC2	3300008636.a:Ga0111420_100172	74663	75598	3300008636.a:Ga0111420_100172_71	+	DB=gnl|TC-DB|C8X4B7|2.A.115.1.5;ID=3300008636.a:Ga0111420_100172_71	DB=gnl|TC-DB|C8X4B7|2.A.115.1.5;ID=3300008636.a:Ga0111420_100172_71
71	STP	0	0	CGC2	3300008636.a:Ga0111420_100172	75840	76073	3300008636.a:Ga0111420_100172_72	+	DB=STP|FeoA;ID=3300008636.a:Ga0111420_100172_72	DB=STP|FeoA;ID=3300008636.a:Ga0111420_100172_72
72	TC	null	0	CGC2	3300008636.a:Ga0111420_100172	76086	78473	3300008636.a:Ga0111420_100172_73	+	DB=gnl|TC-DB|Q7MV19|9.A.8.1.6;ID=3300008636.a:Ga0111420_100172_73	DB=gnl|TC-DB|Q7MV19|9.A.8.1.6;ID=3300008636.a:Ga0111420_100172_73
+++++
31	CAZyme	1	4	CGC1	3300008636.a:Ga0111420_100060	31002	32408	3300008636.a:Ga0111420_100060_32	+	DB=AA4;ID=3300008636.a:Ga0111420_100060_32	DB=AA4;ID=3300008636.a:Ga0111420_100060_32
32	null	null	null	CGC1	3300008636.a:Ga0111420_100060	32641	33858	3300008636.a:Ga0111420_100060_33	+	;ID=3300008636.a:Ga0111420_100060_33
33	TF	1	1	CGC1	3300008636.a:Ga0111420_100060	33896	34558	3300008636.a:Ga0111420_100060_34	-	DB=DBD-Pfam|Fe_dep_repress,DBD-SUPERFAMILY|0038753;ID=3300008636.a:Ga0111420_100060_34	DB=DBD-Pfam|Fe_dep_repress,DBD-SUPERFAMILY|0038753;ID=3300008636.a:Ga0111420_100060_34
34	null	null	null	CGC1	3300008636.a:Ga0111420_100060	34651	35082	3300008636.a:Ga0111420_100060_35	+	;ID=3300008636.a:Ga0111420_100060_35
35	TF	1	1	CGC1	3300008636.a:Ga0111420_100060	35126	35566	3300008636.a:Ga0111420_100060_36	-	DB=DBD-Pfam|MarR,DBD-SUPERFAMILY|0040266;ID=3300008636.a:Ga0111420_100060_36	DB=DBD-Pfam|MarR,DBD-SUPERFAMILY|0040266;ID=3300008636.a:Ga0111420_100060_36
36	null	null	null	CGC1	3300008636.a:Ga0111420_100060	35691	36752	3300008636.a:Ga0111420_100060_37	-	;ID=3300008636.a:Ga0111420_100060_37
37	STP	0	1	CGC1	3300008636.a:Ga0111420_100060	36760	37617	3300008636.a:Ga0111420_100060_38	-	DB=STP|FeS,STP|Fer4;ID=3300008636.a:Ga0111420_100060_38	DB=STP|FeS,STP|Fer4;ID=3300008636.a:Ga0111420_100060_38
38	TC	0	0	CGC1	3300008636.a:Ga0111420_100060	37639	38214	3300008636.a:Ga0111420_100060_39	-	DB=gnl|TC-DB|P0A766|3.D.6.1.4;ID=3300008636.a:Ga0111420_100060_39	DB=gnl|TC-DB|P0A766|3.D.6.1.4;ID=3300008636.a:Ga0111420_100060_39
39	TC	0	0	CGC1	3300008636.a:Ga0111420_100060	38214	38846	3300008636.a:Ga0111420_100060_40	-	DB=gnl|TC-DB|C4N8U3|3.D.6.1.2;ID=3300008636.a:Ga0111420_100060_40	DB=gnl|TC-DB|C4N8U3|3.D.6.1.2;ID=3300008636.a:Ga0111420_100060_40
40	TC	0	0	CGC1	3300008636.a:Ga0111420_100060	38849	39400	3300008636.a:Ga0111420_100060_41	-	DB=gnl|TC-DB|C4N8U2|3.D.6.1.2;ID=3300008636.a:Ga0111420_100060_41	DB=gnl|TC-DB|C4N8U2|3.D.6.1.2;ID=3300008636.a:Ga0111420_100060_41
41	TC	0	0	CGC1	3300008636.a:Ga0111420_100060	39402	40436	3300008636.a:Ga0111420_100060_42	-	DB=gnl|TC-DB|C4N8U1|3.D.6.1.2;ID=3300008636.a:Ga0111420_100060_42	DB=gnl|TC-DB|C4N8U1|3.D.6.1.2;ID=3300008636.a:Ga0111420_100060_42
42	TC	0	0	CGC1	3300008636.a:Ga0111420_100060	40468	41802	3300008636.a:Ga0111420_100060_43	-	DB=gnl|TC-DB|C4N8U0|3.D.6.1.2;ID=3300008636.a:Ga0111420_100060_43	DB=gnl|TC-DB|C4N8U0|3.D.6.1.2;ID=3300008636.a:Ga0111420_100060_43
43	STP	7	0	CGC1	3300008636.a:Ga0111420_100060	42441	44051	3300008636.a:Ga0111420_100060_44	-	DB=STP|CbiA;ID=3300008636.a:Ga0111420_100060_44	DB=STP|CbiA;ID=3300008636.a:Ga0111420_100060_44
+++++
71	STP	2	5	CGC2	3300008636.a:Ga0111420_100060	71976	72521	3300008636.a:Ga0111420_100060_72	-	DB=STP|Pribosyltran;ID=3300008636.a:Ga0111420_100060_72	DB=STP|Pribosyltran;ID=3300008636.a:Ga0111420_100060_72
72	null	null	null	CGC2	3300008636.a:Ga0111420_100060	72521	73441	3300008636.a:Ga0111420_100060_73	-	;ID=3300008636.a:Ga0111420_100060_73
73	null	null	null	CGC2	3300008636.a:Ga0111420_100060	73452	73886	3300008636.a:Ga0111420_100060_74	-	;ID=3300008636.a:Ga0111420_100060_74
74	STP	0	2	CGC2	3300008636.a:Ga0111420_100060	74023	74187	3300008636.a:Ga0111420_100060_75	-	DB=STP|Fer4,STP|Fer4;ID=3300008636.a:Ga0111420_100060_75	DB=STP|Fer4,STP|Fer4;ID=3300008636.a:Ga0111420_100060_75
75	CAZyme	0	0	CGC2	3300008636.a:Ga0111420_100060	74604	76010	3300008636.a:Ga0111420_100060_76	+	DB=AA4;ID=3300008636.a:Ga0111420_100060_76	DB=AA4;ID=3300008636.a:Ga0111420_100060_76
76	TC	0	0	CGC2	3300008636.a:Ga0111420_100060	76299	77117	3300008636.a:Ga0111420_100060_77	+	DB=gnl|TC-DB|Q9HT68|3.A.1.24.5;ID=3300008636.a:Ga0111420_100060_77	DB=gnl|TC-DB|Q9HT68|3.A.1.24.5;ID=3300008636.a:Ga0111420_100060_77
77	TC	0	0	CGC2	3300008636.a:Ga0111420_100060	77185	78615	3300008636.a:Ga0111420_100060_78	-	DB=gnl|TC-DB|Q8EHX2|2.A.35.1.5;ID=3300008636.a:Ga0111420_100060_78	DB=gnl|TC-DB|Q8EHX2|2.A.35.1.5;ID=3300008636.a:Ga0111420_100060_78
78	STP	0	0	CGC2	3300008636.a:Ga0111420_100060	78813	80012	3300008636.a:Ga0111420_100060_79	-	DB=STP|Aminotran_1_2;ID=3300008636.a:Ga0111420_100060_79	DB=STP|Aminotran_1_2;ID=3300008636.a:Ga0111420_100060_79
79	TF	3	0	CGC2	3300008636.a:Ga0111420_100060	80173	81138	3300008636.a:Ga0111420_100060_80	+	DB=DBD-Pfam|HTH_1,DBD-SUPERFAMILY|0040517;ID=3300008636.a:Ga0111420_100060_80	DB=DBD-Pfam|HTH_1,DBD-SUPERFAMILY|0040517;ID=3300008636.a:Ga0111420_100060_80
+++++
83	TC	0	3	CGC3	3300008636.a:Ga0111420_100060	82931	84199	3300008636.a:Ga0111420_100060_84	-	DB=gnl|TC-DB|C2UR80|2.A.1.46.5;ID=3300008636.a:Ga0111420_100060_84	DB=gnl|TC-DB|C2UR80|2.A.1.46.5;ID=3300008636.a:Ga0111420_100060_84
84	TF	0	0	CGC3	3300008636.a:Ga0111420_100060	84326	85204	3300008636.a:Ga0111420_100060_85	-	DB=DBD-Pfam|HTH_1;ID=3300008636.a:Ga0111420_100060_85	DB=DBD-Pfam|HTH_1;ID=3300008636.a:Ga0111420_100060_85
85	TC	1	0	CGC3	3300008636.a:Ga0111420_100060	85364	85852	3300008636.a:Ga0111420_100060_86	+	DB=gnl|TC-DB|P20166|4.A.1.1.9;ID=3300008636.a:Ga0111420_100060_86	DB=gnl|TC-DB|P20166|4.A.1.1.9;ID=3300008636.a:Ga0111420_100060_86
86	null	null	null	CGC3	3300008636.a:Ga0111420_100060	85852	86238	3300008636.a:Ga0111420_100060_87	+	;ID=3300008636.a:Ga0111420_100060_87
87	TC	2	1	CGC3	3300008636.a:Ga0111420_100060	86247	86774	3300008636.a:Ga0111420_100060_88	+	DB=gnl|TC-DB|A9NEB8|2.A.87.3.3;ID=3300008636.a:Ga0111420_100060_88	DB=gnl|TC-DB|A9NEB8|2.A.87.3.3;ID=3300008636.a:Ga0111420_100060_88
88	null	null	null	CGC3	3300008636.a:Ga0111420_100060	86845	87102	3300008636.a:Ga0111420_100060_89	-	;ID=3300008636.a:Ga0111420_100060_89
89	null	null	null	CGC3	3300008636.a:Ga0111420_100060	87123	88103	3300008636.a:Ga0111420_100060_90	-	;ID=3300008636.a:Ga0111420_100060_90
90	STP	1	2	CGC3	3300008636.a:Ga0111420_100060	88214	88855	3300008636.a:Ga0111420_100060_91	+	DB=STP|TPR_1,STP|TPR_1;ID=3300008636.a:Ga0111420_100060_91	DB=STP|TPR_1,STP|TPR_1;ID=3300008636.a:Ga0111420_100060_91
91	null	null	null	CGC3	3300008636.a:Ga0111420_100060	88862	89509	3300008636.a:Ga0111420_100060_92	+	;ID=3300008636.a:Ga0111420_100060_92
92	TC	0	1	CGC3	3300008636.a:Ga0111420_100060	89654	90163	3300008636.a:Ga0111420_100060_93	+	DB=gnl|TC-DB|S7VJD6|3.A.1.26.10;ID=3300008636.a:Ga0111420_100060_93	DB=gnl|TC-DB|S7VJD6|3.A.1.26.10;ID=3300008636.a:Ga0111420_100060_93
93	STP	1	0	CGC3	3300008636.a:Ga0111420_100060	90309	90890	3300008636.a:Ga0111420_100060_94	-	DB=STP|SIS;ID=3300008636.a:Ga0111420_100060_94	DB=STP|SIS;ID=3300008636.a:Ga0111420_100060_94
94	null	null	null	CGC3	3300008636.a:Ga0111420_100060	90910	91476	3300008636.a:Ga0111420_100060_95	-	;ID=3300008636.a:Ga0111420_100060_95
95	STP	0	1	CGC3	3300008636.a:Ga0111420_100060	91803	92714	3300008636.a:Ga0111420_100060_96	+	DB=STP|SIS;ID=3300008636.a:Ga0111420_100060_96	DB=STP|SIS;ID=3300008636.a:Ga0111420_100060_96
96	TC	0	0	CGC3	3300008636.a:Ga0111420_100060	92704	94071	3300008636.a:Ga0111420_100060_97	+	DB=gnl|TC-DB|P77272|4.A.1.2.7;ID=3300008636.a:Ga0111420_100060_97	DB=gnl|TC-DB|P77272|4.A.1.2.7;ID=3300008636.a:Ga0111420_100060_97
97	CAZyme	1	0	CGC3	3300008636.a:Ga0111420_100060	94073	95152	3300008636.a:Ga0111420_100060_98	+	DB=GH170;ID=3300008636.a:Ga0111420_100060_98	DB=GH170;ID=3300008636.a:Ga0111420_100060_98
98	null	null	null	CGC3	3300008636.a:Ga0111420_100060	95225	95854	3300008636.a:Ga0111420_100060_99	-	;ID=3300008636.a:Ga0111420_100060_99
99	TC	2	1	CGC3	3300008636.a:Ga0111420_100060	95998	97317	3300008636.a:Ga0111420_100060_100	-	DB=gnl|TC-DB|P12681|2.A.1.4.2;ID=3300008636.a:Ga0111420_100060_100	DB=gnl|TC-DB|P12681|2.A.1.4.2;ID=3300008636.a:Ga0111420_100060_100
100	null	null	null	CGC3	3300008636.a:Ga0111420_100060	97545	98009	3300008636.a:Ga0111420_100060_101	-	;ID=3300008636.a:Ga0111420_100060_101
101	null	null	null	CGC3	3300008636.a:Ga0111420_100060	98210	98410	3300008636.a:Ga0111420_100060_102	+	;ID=3300008636.a:Ga0111420_100060_102
102	TC	0	2	CGC3	3300008636.a:Ga0111420_100060	98601	99335	3300008636.a:Ga0111420_100060_103	+	DB=gnl|TC-DB|Q93A35|3.A.1.12.8;ID=3300008636.a:Ga0111420_100060_103	DB=gnl|TC-DB|Q93A35|3.A.1.12.8;ID=3300008636.a:Ga0111420_100060_103
103	TC	1	0	CGC3	3300008636.a:Ga0111420_100060	99328	100833	3300008636.a:Ga0111420_100060_104	+	DB=gnl|TC-DB|Q93A34|3.A.1.12.8;ID=3300008636.a:Ga0111420_100060_104	DB=gnl|TC-DB|Q93A34|3.A.1.12.8;ID=3300008636.a:Ga0111420_100060_104
104	null	null	null	CGC3	3300008636.a:Ga0111420_100060	100900	103695	3300008636.a:Ga0111420_100060_105	-	;ID=3300008636.a:Ga0111420_100060_105
105	TC	0	1	CGC3	3300008636.a:Ga0111420_100060	104078	105493	3300008636.a:Ga0111420_100060_106	-	DB=gnl|TC-DB|Q45068|2.A.25.1.5;ID=3300008636.a:Ga0111420_100060_106	DB=gnl|TC-DB|Q45068|2.A.25.1.5;ID=3300008636.a:Ga0111420_100060_106
106	STP	9	0	CGC3	3300008636.a:Ga0111420_100060	105867	106355	3300008636.a:Ga0111420_100060_107	+	DB=STP|HD;ID=3300008636.a:Ga0111420_100060_107	DB=STP|HD;ID=3300008636.a:Ga0111420_100060_107
+++++
70	TF	1	4	CGC1	3300008636.a:Ga0111420_100199	49867	50223	3300008636.a:Ga0111420_100199_71	-	DB=DBD-Pfam|DUF24,DBD-SUPERFAMILY|0044258;ID=3300008636.a:Ga0111420_100199_71	DB=DBD-Pfam|DUF24,DBD-SUPERFAMILY|0044258;ID=3300008636.a:Ga0111420_100199_71
71	null	null	null	CGC1	3300008636.a:Ga0111420_100199	50513	50857	3300008636.a:Ga0111420_100199_72	+	;ID=3300008636.a:Ga0111420_100199_72
72	CAZyme	0	1	CGC1	3300008636.a:Ga0111420_100199	51026	52177	3300008636.a:Ga0111420_100199_73	+	DB=CE9| CE9;ID=3300008636.a:Ga0111420_100199_73	DB=CE9| CE9;ID=3300008636.a:Ga0111420_100199_73
73	STP	0	0	CGC1	3300008636.a:Ga0111420_100199	52235	52945	3300008636.a:Ga0111420_100199_74	-	DB=STP|Nitroreductase;ID=3300008636.a:Ga0111420_100199_74	DB=STP|Nitroreductase;ID=3300008636.a:Ga0111420_100199_74
74	TC	3	0	CGC1	3300008636.a:Ga0111420_100199	52993	54252	3300008636.a:Ga0111420_100199_75	-	DB=gnl|TC-DB|P38919|3.A.18.1.1;ID=3300008636.a:Ga0111420_100199_75	DB=gnl|TC-DB|P38919|3.A.18.1.1;ID=3300008636.a:Ga0111420_100199_75
+++++
