3300011819.a:Ga0119790_100001_126  0.262  23  0.409  23  0.810  18  0.591   0.480 Y  0.450      SignalP-TM
3300011819.a:Ga0119790_100001_133  0.595  31  0.629  31  0.832  24  0.700   0.657 Y  0.450      SignalP-TM
3300011819.a:Ga0119790_100001_133  0.849  31  0.840  31  0.939  24  0.843   0.841 Y  0.570      SignalP-noTM
3300011819.a:Ga0119790_100001_141  0.146  25  0.355  25  0.949   9  0.859   0.627 Y  0.450      SignalP-noTM
3300011819.a:Ga0119790_100001_141  0.159  37  0.312  23  0.925  17  0.871   0.530 Y  0.450      SignalP-TM
3300011819.a:Ga0119790_100001_141  0.246  23  0.485  23  0.984  13  0.953   0.705 Y  0.570      SignalP-noTM
3300011819.a:Ga0119790_100001_151  0.290  24  0.455  24  0.855  16  0.716   0.596 Y  0.450      SignalP-noTM
3300011819.a:Ga0119790_100001_153  0.495  26  0.643  26  0.981  12  0.898   0.762 Y  0.570      SignalP-noTM
3300011819.a:Ga0119790_100001_153  0.544  26  0.573  26  0.887  10  0.715   0.628 Y  0.450      SignalP-TM
3300011819.a:Ga0119790_100001_153  0.868  26  0.899  26  0.990  13  0.931   0.916 Y  0.450      SignalP-noTM
3300011819.a:Ga0119790_100001_176  0.497  30  0.584  30  0.894  23  0.713   0.654 Y  0.450      SignalP-noTM
3300011819.a:Ga0119790_100001_176  0.557  30  0.594  30  0.962  14  0.808   0.694 Y  0.570      SignalP-noTM
3300011819.a:Ga0119790_100001_176  0.639  30  0.702  30  0.974  13  0.874   0.769 Y  0.450      SignalP-TM
3300011819.a:Ga0119790_100001_177  0.261  31  0.371  31  0.807   7  0.631   0.473 Y  0.450      SignalP-TM
3300011819.a:Ga0119790_100001_188  0.299  40  0.447  40  0.811  30  0.619   0.514 Y  0.450      SignalP-TM
3300011819.a:Ga0119790_100001_188  0.359  35  0.562  35  0.966  30  0.765   0.658 Y  0.570      SignalP-noTM
3300011819.a:Ga0119790_100001_189  0.470  26  0.644  26  0.946  20  0.892   0.741 Y  0.450      SignalP-TM
3300011819.a:Ga0119790_100001_189  0.617  26  0.698  26  0.941  15  0.797   0.752 Y  0.450      SignalP-noTM
3300011819.a:Ga0119790_100001_189  0.647  26  0.748  26  0.970  18  0.898   0.819 Y  0.570      SignalP-noTM
3300011819.a:Ga0119790_100001_213  0.580  26  0.614  26  0.773  16  0.633   0.625 Y  0.450      SignalP-noTM
3300011819.a:Ga0119790_100001_213  0.588  26  0.734  26  0.960  17  0.904   0.800 Y  0.450      SignalP-TM
3300011819.a:Ga0119790_100001_213  0.805  26  0.817  26  0.943  16  0.872   0.843 Y  0.570      SignalP-noTM
3300011819.a:Ga0119790_100001_218  0.243  19  0.372  19  0.645   4  0.560   0.474 Y  0.450      SignalP-noTM
3300011819.a:Ga0119790_100001_238  0.167  37  0.343  22  0.931  18  0.816   0.527 Y  0.450      SignalP-TM
3300011819.a:Ga0119790_100001_238  0.337  19  0.540  19  0.965  17  0.879   0.699 Y  0.570      SignalP-noTM
3300011819.a:Ga0119790_100001_238  0.769  21  0.826  21  0.940   3  0.887   0.859 Y  0.450      SignalP-noTM
3300011819.a:Ga0119790_100001_30  0.260  24  0.433  24  0.893   4  0.781   0.569 Y  0.450      SignalP-TM
3300011819.a:Ga0119790_100001_30  0.371  21  0.562  21  0.932  12  0.847   0.716 Y  0.450      SignalP-noTM
3300011819.a:Ga0119790_100001_301  0.200  24  0.366  24  0.835   1  0.675   0.533 Y  0.450      SignalP-noTM
3300011819.a:Ga0119790_100001_312  0.427  25  0.481  21  0.842   4  0.623   0.538 Y  0.500      SignalP-TM
3300011819.a:Ga0119790_100001_315  0.596  37  0.544  29  0.700  19  0.483   0.520 Y  0.500      SignalP-TM
3300011819.a:Ga0119790_100001_315  0.644  37  0.707  37  0.963  14  0.885   0.777 Y  0.450      SignalP-TM
3300011819.a:Ga0119790_100001_322  0.201  26  0.388  24  0.866   9  0.801   0.549 Y  0.450      SignalP-TM
3300011819.a:Ga0119790_100001_322  0.441  26  0.604  26  0.969  14  0.838   0.730 Y  0.450      SignalP-noTM
3300011819.a:Ga0119790_100001_322  0.463  24  0.641  24  0.978  16  0.915   0.770 Y  0.570      SignalP-noTM
3300011819.a:Ga0119790_100001_339  0.212  23  0.436  23  0.934   6  0.907   0.658 Y  0.570      SignalP-noTM
3300011819.a:Ga0119790_100001_339  0.258  35  0.416  35  0.941  16  0.776   0.556 Y  0.450      SignalP-TM
3300011819.a:Ga0119790_100001_339  0.308  27  0.491  27  0.940   6  0.796   0.656 Y  0.450      SignalP-noTM
3300011819.a:Ga0119790_100001_359  0.209  29  0.356  29  0.724  20  0.618   0.458 Y  0.450      SignalP-TM
3300011819.a:Ga0119790_100001_359  0.268  23  0.481  23  0.943  14  0.864   0.688 Y  0.450      SignalP-noTM
3300011819.a:Ga0119790_100001_359  0.314  21  0.517  21  0.911   6  0.864   0.680 Y  0.570      SignalP-noTM
3300011819.a:Ga0119790_100001_362  0.552  19  0.606  19  0.825   1  0.687   0.638 Y  0.500      SignalP-TM
3300011819.a:Ga0119790_100001_368  0.239  18  0.447  18  0.905   9  0.835   0.657 Y  0.450      SignalP-noTM
3300011819.a:Ga0119790_100001_379  0.168  20  0.399  20  0.964  18  0.946   0.656 Y  0.570      SignalP-noTM
3300011819.a:Ga0119790_100001_379  0.326  31  0.514  31  0.978  16  0.901   0.665 Y  0.450      SignalP-TM
3300011819.a:Ga0119790_100001_379  0.571  22  0.723  22  0.963   4  0.915   0.826 Y  0.450      SignalP-noTM
3300011819.a:Ga0119790_100001_406  0.403  22  0.601  22  0.951  12  0.897   0.761 Y  0.450      SignalP-noTM
3300011819.a:Ga0119790_100001_406  0.621  22  0.761  22  0.972  17  0.941   0.846 Y  0.570      SignalP-noTM
3300011819.a:Ga0119790_100001_406  0.630  30  0.744  30  0.985  16  0.925   0.815 Y  0.450      SignalP-TM
3300011819.a:Ga0119790_100001_431  0.281  25  0.505  25  0.981  14  0.909   0.723 Y  0.450      SignalP-noTM
3300011819.a:Ga0119790_100001_60  0.511  28  0.641  28  0.942   6  0.861   0.727 Y  0.450      SignalP-TM
3300011819.a:Ga0119790_100001_60  0.674  22  0.786  22  0.970  16  0.918   0.857 Y  0.450      SignalP-noTM
3300011819.a:Ga0119790_100001_60  0.707  28  0.754  28  0.962  11  0.879   0.813 Y  0.570      SignalP-noTM
3300011819.a:Ga0119790_100001_61  0.203  25  0.417  25  0.949  14  0.871   0.594 Y  0.450      SignalP-TM
3300011819.a:Ga0119790_100001_61  0.429  25  0.631  25  0.981  14  0.936   0.774 Y  0.570      SignalP-noTM
3300011819.a:Ga0119790_100001_61  0.513  31  0.656  25  0.957   6  0.891   0.783 Y  0.450      SignalP-noTM
3300011819.a:Ga0119790_100001_65  0.415  25  0.476  25  0.707  22  0.439   0.461 Y  0.450      SignalP-TM
3300011819.a:Ga0119790_100001_7  0.227  36  0.386  36  0.739  31  0.595   0.468 Y  0.450      SignalP-TM
3300011819.a:Ga0119790_100001_71  0.497  23  0.646  23  0.915  11  0.842   0.738 Y  0.570      SignalP-noTM
3300011819.a:Ga0119790_100001_71  0.593  23  0.620  23  0.745   5  0.663   0.637 Y  0.450      SignalP-TM
3300011819.a:Ga0119790_100001_71  0.781  23  0.826  23  0.968   2  0.875   0.852 Y  0.450      SignalP-noTM
3300011819.a:Ga0119790_100001_76  0.188  26  0.324  21  0.808   5  0.717   0.477 Y  0.450      SignalP-TM
3300011819.a:Ga0119790_100001_84  0.245  25  0.438  25  0.941   8  0.844   0.596 Y  0.450      SignalP-TM
3300011819.a:Ga0119790_100001_84  0.400  20  0.613  20  0.969  18  0.938   0.766 Y  0.570      SignalP-noTM
3300011819.a:Ga0119790_100001_84  0.403  27  0.554  27  0.964   5  0.787   0.680 Y  0.450      SignalP-noTM
3300011819.a:Ga0119790_100002_112  0.267  24  0.500  24  0.975   4  0.936   0.736 Y  0.450      SignalP-noTM
3300011819.a:Ga0119790_100002_114  0.171  31  0.300  24  0.724   2  0.605   0.465 Y  0.450      SignalP-noTM
3300011819.a:Ga0119790_100002_114  0.260  31  0.370  31  0.819   1  0.577   0.451 Y  0.450      SignalP-TM
3300011819.a:Ga0119790_100002_115  0.182  29  0.302  29  0.897  11  0.684   0.451 Y  0.450      SignalP-TM
3300011819.a:Ga0119790_100002_115  0.293  22  0.512  22  0.946   6  0.909   0.698 Y  0.570      SignalP-noTM
3300011819.a:Ga0119790_100002_115  0.380  24  0.586  24  0.974  14  0.905   0.759 Y  0.450      SignalP-noTM
3300011819.a:Ga0119790_100002_12  0.597  35  0.690  35  0.924   6  0.852   0.753 Y  0.450      SignalP-TM
3300011819.a:Ga0119790_100002_12  0.729  35  0.576  27  0.736  10  0.634   0.599 Y  0.500      SignalP-TM
3300011819.a:Ga0119790_100002_12  0.818  35  0.829  35  0.990  15  0.911   0.868 Y  0.570      SignalP-noTM
3300011819.a:Ga0119790_100002_166  0.340  18  0.497  18  0.858  15  0.718   0.583 Y  0.450      SignalP-TM
3300011819.a:Ga0119790_100002_166  0.483  18  0.599  18  0.810  12  0.737   0.673 Y  0.450      SignalP-noTM
3300011819.a:Ga0119790_100002_206  0.236  25  0.427  25  0.909   8  0.796   0.571 Y  0.450      SignalP-TM
3300011819.a:Ga0119790_100002_206  0.541  24  0.705  24  0.972   6  0.916   0.819 Y  0.450      SignalP-noTM
3300011819.a:Ga0119790_100002_206  0.555  25  0.700  25  0.969  19  0.907   0.798 Y  0.570      SignalP-noTM
3300011819.a:Ga0119790_100002_275  0.706  19  0.653  19  0.758   5  0.627   0.643 Y  0.500      SignalP-TM
3300011819.a:Ga0119790_100002_290  0.420  26  0.496  26  0.821  19  0.627   0.549 Y  0.500      SignalP-TM
3300011819.a:Ga0119790_100002_298  0.448  20  0.542  20  0.803  19  0.654   0.587 Y  0.500      SignalP-TM
3300011819.a:Ga0119790_100002_315  0.165  50  0.298  29  0.900   5  0.791   0.490 Y  0.450      SignalP-TM
3300011819.a:Ga0119790_100002_325  0.696  21  0.614  21  0.781   1  0.580   0.601 Y  0.500      SignalP-TM
3300011819.a:Ga0119790_100002_86  0.577  21  0.535  21  0.731   5  0.533   0.534 Y  0.500      SignalP-TM
3300011819.a:Ga0119790_100009_10  0.132  35  0.273  11  0.794   2  0.744   0.456 Y  0.450      SignalP-TM
3300011819.a:Ga0119790_100009_126  0.562  23  0.607  23  0.810   2  0.702   0.645 Y  0.450      SignalP-TM
3300011819.a:Ga0119790_100009_126  0.803  23  0.819  23  0.902  18  0.852   0.835 Y  0.570      SignalP-noTM
3300011819.a:Ga0119790_100009_126  0.885  23  0.882  23  0.923   4  0.878   0.880 Y  0.450      SignalP-noTM
3300011819.a:Ga0119790_100009_134  0.494  24  0.490  24  0.600  17  0.476   0.484 Y  0.450      SignalP-TM
3300011819.a:Ga0119790_100009_134  0.693  24  0.746  24  0.900  18  0.831   0.786 Y  0.570      SignalP-noTM
3300011819.a:Ga0119790_100009_134  0.777  24  0.847  24  0.983  14  0.922   0.888 Y  0.450      SignalP-noTM
3300011819.a:Ga0119790_100009_135  0.689  25  0.594  25  0.913   3  0.682   0.628 Y  0.450      SignalP-TM
3300011819.a:Ga0119790_100009_135  0.751  25  0.727  25  0.959  18  0.823   0.772 Y  0.570      SignalP-noTM
3300011819.a:Ga0119790_100009_135  0.884  25  0.857  25  0.981  11  0.842   0.849 Y  0.450      SignalP-noTM
3300011819.a:Ga0119790_100009_151  0.227  29  0.381  29  0.844  15  0.642   0.483 Y  0.450      SignalP-TM
3300011819.a:Ga0119790_100009_151  0.230  29  0.407  29  0.935   7  0.761   0.598 Y  0.450      SignalP-noTM
3300011819.a:Ga0119790_100009_151  0.444  22  0.511  22  0.722  15  0.536   0.520 Y  0.510      SignalP-TM
3300011819.a:Ga0119790_100009_166  0.450  34  0.645  34  0.947  25  0.901   0.745 Y  0.450      SignalP-TM
3300011819.a:Ga0119790_100009_166  0.541  34  0.652  34  0.942  13  0.849   0.744 Y  0.570      SignalP-noTM
3300011819.a:Ga0119790_100009_182  0.119  17  0.292  17  0.786   1  0.684   0.504 Y  0.450      SignalP-noTM
3300011819.a:Ga0119790_100009_183  0.283  51  0.281  12  0.894   3  0.795   0.481 Y  0.450      SignalP-TM
3300011819.a:Ga0119790_100009_183  0.295  19  0.412  19  0.881   2  0.636   0.502 Y  0.500      SignalP-TM
3300011819.a:Ga0119790_100009_191  0.500  21  0.581  21  0.833  15  0.690   0.625 Y  0.500      SignalP-TM
3300011819.a:Ga0119790_100009_28  0.435  19  0.498  19  0.685   5  0.580   0.531 Y  0.500      SignalP-TM
3300011819.a:Ga0119790_100009_29  0.210  37  0.391  23  0.970  16  0.918   0.597 Y  0.450      SignalP-TM
3300011819.a:Ga0119790_100009_29  0.264  22  0.496  22  0.974  14  0.931   0.731 Y  0.450      SignalP-noTM
3300011819.a:Ga0119790_100009_29  0.556  20  0.729  20  0.972  18  0.954   0.834 Y  0.570      SignalP-noTM
3300011819.a:Ga0119790_100009_43  0.597  30  0.654  30  0.916  16  0.744   0.703 Y  0.450      SignalP-noTM
3300011819.a:Ga0119790_100009_43  0.612  30  0.746  30  0.973  18  0.931   0.818 Y  0.450      SignalP-TM
3300011819.a:Ga0119790_100009_43  0.693  30  0.675  30  0.965  14  0.827   0.746 Y  0.570      SignalP-noTM
3300011819.a:Ga0119790_100009_47  0.588  25  0.741  25  0.984  20  0.930   0.843 Y  0.450      SignalP-noTM
3300011819.a:Ga0119790_100009_67  0.242  19  0.467  19  0.949  10  0.900   0.701 Y  0.450      SignalP-noTM
3300011819.a:Ga0119790_100009_82  0.212  26  0.434  21  0.958  19  0.920   0.663 Y  0.570      SignalP-noTM
3300011819.a:Ga0119790_100009_82  0.266  26  0.485  26  0.967   9  0.906   0.649 Y  0.450      SignalP-TM
3300011819.a:Ga0119790_100009_82  0.565  21  0.724  21  0.962   4  0.930   0.835 Y  0.450      SignalP-noTM
3300011819.a:Ga0119790_100010_104  0.218  28  0.442  17  0.972  11  0.935   0.708 Y  0.450      SignalP-noTM
3300011819.a:Ga0119790_100010_111  0.349  33  0.517  26  0.989  17  0.971   0.730 Y  0.570      SignalP-noTM
3300011819.a:Ga0119790_100010_111  0.423  33  0.583  33  0.966  22  0.865   0.693 Y  0.450      SignalP-TM
3300011819.a:Ga0119790_100010_111  0.447  27  0.646  27  0.982  16  0.928   0.798 Y  0.450      SignalP-noTM
3300011819.a:Ga0119790_100010_116  0.240  23  0.438  23  0.889  17  0.769   0.567 Y  0.450      SignalP-TM
3300011819.a:Ga0119790_100010_116  0.408  20  0.610  20  0.962  11  0.913   0.773 Y  0.450      SignalP-noTM
3300011819.a:Ga0119790_100010_119  0.265  21  0.469  21  0.882  19  0.770   0.580 Y  0.510      SignalP-TM
3300011819.a:Ga0119790_100010_119  0.370  29  0.471  29  0.933  14  0.737   0.575 Y  0.450      SignalP-TM
3300011819.a:Ga0119790_100010_119  0.608  23  0.711  23  0.922  19  0.804   0.748 Y  0.500      SignalP-TM
3300011819.a:Ga0119790_100010_14  0.340  52  0.435  52  0.873   4  0.598   0.499 Y  0.450      SignalP-TM
3300011819.a:Ga0119790_100010_18  0.221  24  0.439  24  0.950  10  0.880   0.611 Y  0.450      SignalP-TM
3300011819.a:Ga0119790_100010_18  0.647  24  0.768  24  0.972  15  0.908   0.844 Y  0.450      SignalP-noTM
3300011819.a:Ga0119790_100010_18  0.796  24  0.853  24  0.956  15  0.919   0.884 Y  0.570      SignalP-noTM
3300011819.a:Ga0119790_100010_19  0.282  33  0.436  33  0.847  22  0.643   0.517 Y  0.450      SignalP-TM
3300011819.a:Ga0119790_100010_212  0.293  25  0.499  25  0.940  15  0.878   0.647 Y  0.450      SignalP-TM
3300011819.a:Ga0119790_100010_212  0.325  28  0.517  21  0.966  13  0.933   0.742 Y  0.450      SignalP-noTM
3300011819.a:Ga0119790_100010_212  0.557  26  0.641  26  0.973  17  0.843   0.736 Y  0.570      SignalP-noTM
3300011819.a:Ga0119790_100010_216  0.387  26  0.572  26  0.937  21  0.841   0.717 Y  0.450      SignalP-noTM
3300011819.a:Ga0119790_100010_216  0.514  34  0.638  34  0.982  23  0.878   0.751 Y  0.570      SignalP-noTM
3300011819.a:Ga0119790_100010_216  0.581  34  0.733  34  0.980  22  0.932   0.810 Y  0.450      SignalP-TM
3300011819.a:Ga0119790_100010_218  0.515  26  0.696  26  0.987  16  0.936   0.826 Y  0.450      SignalP-noTM
3300011819.a:Ga0119790_100010_218  0.548  28  0.728  28  0.981  10  0.963   0.820 Y  0.450      SignalP-TM
3300011819.a:Ga0119790_100010_218  0.573  28  0.728  28  0.989  14  0.947   0.831 Y  0.570      SignalP-noTM
3300011819.a:Ga0119790_100010_219  0.498  31  0.634  31  0.987  14  0.901   0.759 Y  0.570      SignalP-noTM
3300011819.a:Ga0119790_100010_219  0.528  31  0.673  31  0.988  15  0.876   0.783 Y  0.450      SignalP-noTM
3300011819.a:Ga0119790_100010_219  0.647  31  0.779  31  0.960   8  0.940   0.842 Y  0.450      SignalP-TM
3300011819.a:Ga0119790_100010_42  0.172  18  0.363  18  0.879   1  0.730   0.561 Y  0.450      SignalP-noTM
3300011819.a:Ga0119790_100010_42  0.665  28  0.688  28  0.867  11  0.754   0.714 Y  0.450      SignalP-TM
3300011819.a:Ga0119790_100010_43  0.654  27  0.765  27  0.955  20  0.864   0.804 Y  0.450      SignalP-TM
3300011819.a:Ga0119790_100010_43  0.800  27  0.797  27  0.930  15  0.806   0.802 Y  0.450      SignalP-noTM
3300011819.a:Ga0119790_100010_43  0.828  27  0.832  27  0.960  19  0.847   0.839 Y  0.570      SignalP-noTM
3300011819.a:Ga0119790_100011_1  0.562  36  0.607  36  0.811  32  0.631   0.616 Y  0.450      SignalP-TM
3300011819.a:Ga0119790_100011_101  0.196  26  0.378  26  0.894  20  0.756   0.529 Y  0.500      SignalP-TM
3300011819.a:Ga0119790_100011_101  0.266  29  0.494  29  0.970  22  0.924   0.662 Y  0.450      SignalP-TM
3300011819.a:Ga0119790_100011_101  0.435  23  0.649  23  0.981  21  0.959   0.795 Y  0.570      SignalP-noTM
3300011819.a:Ga0119790_100011_114  0.211  20  0.420  20  0.907   6  0.856   0.625 Y  0.570      SignalP-noTM
3300011819.a:Ga0119790_100011_114  0.324  32  0.475  32  0.943  14  0.810   0.606 Y  0.450      SignalP-TM
3300011819.a:Ga0119790_100011_114  0.346  24  0.532  24  0.933   4  0.821   0.688 Y  0.450      SignalP-noTM
3300011819.a:Ga0119790_100011_120  0.505  45  0.591  45  0.832  35  0.489   0.551 Y  0.450      SignalP-TM
3300011819.a:Ga0119790_100011_128  0.753  20  0.628  20  0.731   2  0.536   0.591 Y  0.500      SignalP-TM
3300011819.a:Ga0119790_100011_153  0.250  30  0.403  27  0.869  20  0.751   0.542 Y  0.500      SignalP-TM
3300011819.a:Ga0119790_100011_28  0.209  23  0.392  23  0.878  14  0.763   0.537 Y  0.450      SignalP-TM
3300011819.a:Ga0119790_100011_28  0.445  21  0.513  21  0.712   8  0.584   0.541 Y  0.500      SignalP-TM
3300011819.a:Ga0119790_100011_32  0.175  35  0.348  34  0.827  25  0.621   0.454 Y  0.450      SignalP-TM
3300011819.a:Ga0119790_100011_39  0.258  17  0.415  17  0.746  12  0.644   0.507 Y  0.500      SignalP-TM
3300011819.a:Ga0119790_100011_43  0.437  28  0.606  28  0.947   8  0.850   0.738 Y  0.450      SignalP-noTM
3300011819.a:Ga0119790_100011_43  0.725  28  0.828  28  0.961  24  0.910   0.860 Y  0.450      SignalP-TM
3300011819.a:Ga0119790_100011_43  0.780  28  0.814  28  0.938  17  0.885   0.847 Y  0.570      SignalP-noTM
3300011819.a:Ga0119790_100011_44  0.611  47  0.627  47  0.782  42  0.423   0.548 Y  0.450      SignalP-TM
3300011819.a:Ga0119790_100011_49  0.164  22  0.364  22  0.884  16  0.788   0.529 Y  0.450      SignalP-TM
3300011819.a:Ga0119790_100011_49  0.229  23  0.462  23  0.981  12  0.930   0.715 Y  0.450      SignalP-noTM
3300011819.a:Ga0119790_100011_49  0.611  22  0.755  22  0.964  18  0.928   0.836 Y  0.570      SignalP-noTM
3300011819.a:Ga0119790_100011_69  0.258  26  0.415  26  0.920  11  0.755   0.551 Y  0.500      SignalP-TM
3300011819.a:Ga0119790_100011_79  0.261  23  0.394  23  0.799  19  0.606   0.477 Y  0.450      SignalP-TM
3300011819.a:Ga0119790_100011_9  0.640  20  0.665  20  0.783  15  0.692   0.680 Y  0.450      SignalP-noTM
3300011819.a:Ga0119790_100012_1  0.440  45  0.566  45  0.840  43  0.566   0.566 Y  0.450      SignalP-TM
3300011819.a:Ga0119790_100012_106  0.744  34  0.715  34  0.859   6  0.722   0.718 Y  0.450      SignalP-TM
3300011819.a:Ga0119790_100012_106  0.813  34  0.826  34  0.951  22  0.789   0.809 Y  0.570      SignalP-noTM
3300011819.a:Ga0119790_100012_110  0.257  27  0.415  27  0.933  10  0.793   0.593 Y  0.570      SignalP-noTM
3300011819.a:Ga0119790_100012_110  0.424  27  0.558  27  0.918  14  0.749   0.661 Y  0.450      SignalP-noTM
3300011819.a:Ga0119790_100012_110  0.575  27  0.623  27  0.854   9  0.732   0.666 Y  0.450      SignalP-TM
3300011819.a:Ga0119790_100012_131  0.557  29  0.508  29  0.663   9  0.528   0.516 Y  0.500      SignalP-TM
3300011819.a:Ga0119790_100012_143  0.122  23  0.305  22  0.909   7  0.815   0.504 Y  0.450      SignalP-TM
3300011819.a:Ga0119790_100012_143  0.154  22  0.371  17  0.946  14  0.913   0.626 Y  0.570      SignalP-noTM
3300011819.a:Ga0119790_100012_143  0.336  17  0.568  17  0.973  12  0.956   0.777 Y  0.450      SignalP-noTM
3300011819.a:Ga0119790_100012_23  0.180  36  0.361  36  0.912  19  0.784   0.526 Y  0.450      SignalP-TM
3300011819.a:Ga0119790_100012_23  0.472  24  0.640  24  0.948  16  0.866   0.762 Y  0.450      SignalP-noTM
3300011819.a:Ga0119790_100012_28  0.170  23  0.383  23  0.939  19  0.865   0.571 Y  0.450      SignalP-TM
3300011819.a:Ga0119790_100012_28  0.216  20  0.439  20  0.936  13  0.894   0.685 Y  0.450      SignalP-noTM
3300011819.a:Ga0119790_100012_29  0.225  19  0.408  19  0.851  15  0.721   0.577 Y  0.450      SignalP-noTM
3300011819.a:Ga0119790_100012_48  0.174  21  0.398  21  0.969  16  0.916   0.678 Y  0.450      SignalP-noTM
3300011819.a:Ga0119790_100012_48  0.223  25  0.452  25  0.964  17  0.927   0.675 Y  0.570      SignalP-noTM
3300011819.a:Ga0119790_100012_48  0.244  34  0.427  34  0.978  16  0.870   0.600 Y  0.450      SignalP-TM
3300011819.a:Ga0119790_100012_6  0.201  50  0.281  14  0.878   1  0.750   0.464 Y  0.450      SignalP-TM
3300011819.a:Ga0119790_100012_89  0.187  36  0.395  29  0.969  15  0.930   0.604 Y  0.450      SignalP-TM
3300011819.a:Ga0119790_100012_89  0.296  29  0.529  29  0.966  18  0.926   0.716 Y  0.570      SignalP-noTM
3300011819.a:Ga0119790_100012_89  0.301  30  0.505  30  0.949  19  0.835   0.683 Y  0.450      SignalP-noTM
3300011819.a:Ga0119790_100022_4  0.375  31  0.564  31  0.937   7  0.884   0.688 Y  0.450      SignalP-TM
3300011819.a:Ga0119790_100022_4  0.438  31  0.593  31  0.972  15  0.879   0.728 Y  0.570      SignalP-noTM
3300011819.a:Ga0119790_100022_4  0.511  31  0.667  31  0.971  18  0.863   0.773 Y  0.450      SignalP-noTM
3300011819.a:Ga0119790_100022_40  0.259  31  0.435  31  0.942  14  0.815   0.583 Y  0.450      SignalP-TM
3300011819.a:Ga0119790_100022_40  0.295  22  0.523  22  0.961   6  0.927   0.741 Y  0.450      SignalP-noTM
3300011819.a:Ga0119790_100022_40  0.717  22  0.827  22  0.972  20  0.944   0.882 Y  0.570      SignalP-noTM
3300011819.a:Ga0119790_100022_41  0.245  23  0.481  23  0.972  15  0.942   0.661 Y  0.450      SignalP-TM
3300011819.a:Ga0119790_100022_41  0.611  22  0.766  22  0.972  12  0.957   0.856 Y  0.570      SignalP-noTM
3300011819.a:Ga0119790_100022_41  0.646  22  0.772  22  0.968   5  0.923   0.853 Y  0.450      SignalP-noTM
3300011819.a:Ga0119790_100022_42  0.134  36  0.274  11  0.816   2  0.782   0.472 Y  0.450      SignalP-TM
3300011819.a:Ga0119790_100022_91  0.153  29  0.355  24  0.956  18  0.894   0.565 Y  0.450      SignalP-TM
3300011819.a:Ga0119790_100022_91  0.314  22  0.543  22  0.958  18  0.935   0.727 Y  0.570      SignalP-noTM
3300011819.a:Ga0119790_100022_91  0.436  28  0.568  28  0.968  14  0.774   0.679 Y  0.450      SignalP-noTM
3300011819.a:Ga0119790_100022_92  0.188  23  0.406  23  0.944   5  0.875   0.659 Y  0.450      SignalP-noTM
3300011819.a:Ga0119790_100022_92  0.348  30  0.546  30  0.960  17  0.897   0.683 Y  0.450      SignalP-TM
3300011819.a:Ga0119790_100022_92  0.490  23  0.687  23  0.975  11  0.956   0.814 Y  0.570      SignalP-noTM
3300011819.a:Ga0119790_100022_93  0.218  33  0.433  22  0.959   6  0.891   0.680 Y  0.450      SignalP-noTM
3300011819.a:Ga0119790_100022_93  0.279  31  0.451  22  0.950   7  0.908   0.666 Y  0.570      SignalP-noTM
3300011819.a:Ga0119790_100022_93  0.482  33  0.512  33  0.861  16  0.685   0.579 Y  0.450      SignalP-TM
3300011819.a:Ga0119790_100027_106  0.278  30  0.453  30  0.960   5  0.784   0.632 Y  0.450      SignalP-noTM
3300011819.a:Ga0119790_100027_15  0.372  38  0.541  38  0.943  24  0.794   0.660 Y  0.570      SignalP-noTM
3300011819.a:Ga0119790_100027_15  0.596  39  0.720  39  0.933  29  0.880   0.782 Y  0.450      SignalP-TM
3300011819.a:Ga0119790_100027_16  0.595  33  0.647  33  0.868  26  0.724   0.677 Y  0.450      SignalP-TM
3300011819.a:Ga0119790_100027_16  0.637  33  0.613  33  0.844  19  0.582   0.596 Y  0.450      SignalP-noTM
3300011819.a:Ga0119790_100027_16  0.861  33  0.779  33  0.917  22  0.778   0.779 Y  0.570      SignalP-noTM
3300011819.a:Ga0119790_100027_81  0.295  26  0.473  26  0.942   4  0.778   0.638 Y  0.450      SignalP-noTM
3300011819.a:Ga0119790_100027_87  0.190  28  0.339  28  0.875  12  0.722   0.488 Y  0.450      SignalP-TM
3300011819.a:Ga0119790_100027_87  0.431  26  0.522  26  0.848  18  0.670   0.581 Y  0.500      SignalP-TM
3300011819.a:Ga0119790_100027_88  0.180  28  0.334  28  0.881  12  0.737   0.491 Y  0.450      SignalP-TM
3300011819.a:Ga0119790_100027_88  0.381  26  0.471  26  0.755  18  0.605   0.524 Y  0.500      SignalP-TM
3300011819.a:Ga0119790_100027_90  0.319  26  0.427  23  0.750  18  0.643   0.514 Y  0.500      SignalP-TM
3300011819.a:Ga0119790_100034_1  0.173  33  0.352  33  0.897  15  0.803   0.528 Y  0.450      SignalP-TM
3300011819.a:Ga0119790_100034_18  0.418  27  0.526  27  0.906  18  0.710   0.600 Y  0.500      SignalP-TM
3300011819.a:Ga0119790_100034_18  0.455  27  0.530  27  0.895  11  0.720   0.601 Y  0.510      SignalP-TM
3300011819.a:Ga0119790_100034_18  0.767  27  0.701  27  0.847   8  0.712   0.705 Y  0.450      SignalP-TM
3300011819.a:Ga0119790_100034_3  0.274  28  0.423  28  0.949  17  0.790   0.595 Y  0.570      SignalP-noTM
3300011819.a:Ga0119790_100034_3  0.349  20  0.555  20  0.925  14  0.890   0.736 Y  0.450      SignalP-noTM
3300011819.a:Ga0119790_100034_3  0.513  28  0.665  28  0.959  19  0.898   0.756 Y  0.450      SignalP-TM
3300011819.a:Ga0119790_100034_32  0.179  18  0.357  18  0.817  12  0.717   0.501 Y  0.500      SignalP-TM
3300011819.a:Ga0119790_100034_38  0.454  32  0.625  25  0.977  17  0.851   0.747 Y  0.450      SignalP-noTM
3300011819.a:Ga0119790_100034_38  0.689  32  0.723  25  0.978  15  0.933   0.821 Y  0.570      SignalP-noTM
3300011819.a:Ga0119790_100034_38  0.697  32  0.779  32  0.963  19  0.871   0.815 Y  0.450      SignalP-TM
3300011819.a:Ga0119790_100034_41  0.542  32  0.538  32  0.719  28  0.469   0.511 Y  0.500      SignalP-TM
3300011819.a:Ga0119790_100034_42  0.499  26  0.596  26  0.827  23  0.738   0.651 Y  0.450      SignalP-TM
3300011819.a:Ga0119790_100034_42  0.595  26  0.704  26  0.965  11  0.886   0.790 Y  0.570      SignalP-noTM
3300011819.a:Ga0119790_100034_42  0.600  26  0.702  26  0.970   5  0.833   0.773 Y  0.450      SignalP-noTM
3300011819.a:Ga0119790_100034_47  0.481  27  0.667  27  0.980   7  0.927   0.807 Y  0.450      SignalP-noTM
3300011819.a:Ga0119790_100034_47  0.664  27  0.781  27  0.976   8  0.939   0.843 Y  0.450      SignalP-TM
3300011819.a:Ga0119790_100034_47  0.709  27  0.830  27  0.997  12  0.974   0.898 Y  0.570      SignalP-noTM
3300011819.a:Ga0119790_100034_48  0.141  46  0.279  14  0.842  11  0.769   0.470 Y  0.450      SignalP-TM
3300011819.a:Ga0119790_100034_55  0.461  15  0.496  15  0.687  12  0.550   0.525 Y  0.450      SignalP-noTM
3300011819.a:Ga0119790_100049_20  0.264  23  0.483  23  0.959   5  0.883   0.699 Y  0.450      SignalP-noTM
3300011819.a:Ga0119790_100049_20  0.326  33  0.449  33  0.968  16  0.819   0.593 Y  0.450      SignalP-TM
3300011819.a:Ga0119790_100049_20  0.490  21  0.683  21  0.978  11  0.954   0.810 Y  0.570      SignalP-noTM
3300011819.a:Ga0119790_100057_9  0.481  31  0.622  31  0.839  20  0.763   0.677 Y  0.450      SignalP-TM
3300011819.a:Ga0119790_100074_12  0.277  31  0.437  31  0.961   8  0.833   0.623 Y  0.570      SignalP-noTM
3300011819.a:Ga0119790_100074_12  0.322  31  0.528  31  0.970  13  0.903   0.674 Y  0.450      SignalP-TM
3300011819.a:Ga0119790_100074_12  0.672  31  0.680  31  0.941   7  0.750   0.718 Y  0.450      SignalP-noTM
3300011819.a:Ga0119790_100109_5  0.444  21  0.539  21  0.770  12  0.662   0.588 Y  0.500      SignalP-TM
3300011819.a:Ga0119790_100109_7  0.239  25  0.372  25  0.710   2  0.594   0.459 Y  0.450      SignalP-TM
3300011819.a:Ga0119790_100109_7  0.413  21  0.625  21  0.981  12  0.945   0.797 Y  0.450      SignalP-noTM
3300011819.a:Ga0119790_100374_5  0.239  18  0.458  18  0.943  17  0.850   0.642 Y  0.570      SignalP-noTM
3300011819.a:Ga0119790_100374_5  0.282  38  0.346  18  0.848   2  0.795   0.521 Y  0.450      SignalP-TM
