0043669	98	3300017400.a:Ga0185311_1000015_105	156	1.4e-05	27	83	94	147	0.5714285714285714
0043669	98	3300017400.a:Ga0185311_1000015_11	121	1.1e-11	15	83	14	86	0.6938775510204082
0040266	151	3300017400.a:Ga0185311_1000015_33	179	8.6e-10	24	108	14	92	0.5562913907284768
0042628	48	3300017400.a:Ga0185311_1000015_46	88	1.8e-11	2	44	40	82	0.875
0043758	87	3300017400.a:Ga0185311_1000015_92	154	4.6e-05	19	58	58	95	0.4482758620689655
0043935	94	3300017400.a:Ga0185311_1000049_10	190	2.1e-15	4	83	22	106	0.8404255319148937
0038966	94	3300017400.a:Ga0185311_1000049_4	321	1.2e-05	39	75	26	62	0.3829787234042553
0043935	94	3300017400.a:Ga0185311_1000049_91	485	2.7e-11	2	78	396	479	0.8085106382978723
0040266	151	3300017400.a:Ga0185311_1000072_28	239	1.9e-10	31	117	10	89	0.5695364238410596
0040266	151	3300017400.a:Ga0185311_1000072_41	156	5.6e-16	25	119	6	99	0.6225165562913907
0043935	94	3300017400.a:Ga0185311_1000072_43	109	5.5e-11	8	88	19	107	0.851063829787234
0042628	48	3300017400.a:Ga0185311_1000072_49	48	8.7e-12	1	46	1	46	0.9375
0041905	120	3300017400.a:Ga0185311_1000072_56	205	3e-08	10	88	28	97	0.65
0035347	75	3300017400.a:Ga0185311_1000072_80	80	4.9e-05	7	48	16	58	0.5466666666666666
0044258	100	3300017400.a:Ga0185311_1000072_93	311	2.6e-09	9	88	14	85	0.79
0040266	151	3300017400.a:Ga0185311_1000129_21	245	1.3e-06	11	74	179	242	0.41721854304635764
0041905	120	3300017400.a:Ga0185311_1000129_25	137	5.7e-05	26	72	86	132	0.38333333333333336
0040266	151	3300017400.a:Ga0185311_1000129_26	161	5.1e-07	36	101	96	147	0.4304635761589404
0045249	37	3300017400.a:Ga0185311_1000129_27	181	4.5e-06	7	32	142	167	0.6756756756756757
0044258	100	3300017400.a:Ga0185311_1000135_65	164	1e-14	14	79	2	67	0.65
0040266	151	3300017400.a:Ga0185311_1000151_28	90	9.8e-13	27	107	22	88	0.5298013245033113
0044258	100	3300017400.a:Ga0185311_1000151_49	339	7e-07	9	65	170	229	0.56
0043935	94	3300017400.a:Ga0185311_1000204_3	146	2.4e-06	32	84	90	139	0.5531914893617021
0043095	94	3300017400.a:Ga0185311_1000204_47	274	2.9e-12	6	88	10	88	0.8723404255319149
0044258	100	3300017400.a:Ga0185311_1000210_16	146	1.9e-11	14	69	2	57	0.55
0041523	122	3300017400.a:Ga0185311_1000210_3	137	3.8e-16	1	117	19	133	0.9508196721311475
0038701	115	3300017400.a:Ga0185311_1000210_30	132	1.4e-06	32	90	3	61	0.5043478260869565
0043935	94	3300017400.a:Ga0185311_1000210_35	196	4.1e-06	10	70	96	149	0.6382978723404256
0045030	74	3300017400.a:Ga0185311_1000227_34	314	0.0001	14	51	262	299	0.5
0040266	151	3300017400.a:Ga0185311_1000265_46	212	4.4e-15	17	91	137	202	0.4900662251655629
0040266	151	3300017400.a:Ga0185311_1000312_36	257	3.2e-13	13	120	6	98	0.7086092715231788
0040266	151	3300017400.a:Ga0185311_1000312_5	143	7.4e-09	26	91	13	73	0.4304635761589404
0040266	151	3300017400.a:Ga0185311_1000406_23	163	7.5e-05	31	141	19	126	0.7284768211920529
0040266	151	3300017400.a:Ga0185311_1000452_25	143	3.4e-11	9	91	53	128	0.543046357615894
0043669	98	3300017400.a:Ga0185311_1000452_27	152	1e-06	47	85	94	132	0.3877551020408163
0040266	151	3300017400.a:Ga0185311_1000461_10	148	2.6e-14	24	142	4	126	0.7814569536423841
0040266	151	3300017400.a:Ga0185311_1000473_18	356	6.3e-08	31	89	297	352	0.3841059602649007
0038966	94	3300017400.a:Ga0185311_1000473_9	141	1e-05	34	72	38	76	0.40425531914893614
0040266	151	3300017400.a:Ga0185311_1000476_35	145	9.7e-14	24	110	8	91	0.5695364238410596
0039384	65	3300017400.a:Ga0185311_1000529_27	71	1.6e-06	5	58	5	58	0.8153846153846154
0040266	151	3300017400.a:Ga0185311_1000954_4	141	6.4e-10	27	111	5	88	0.5562913907284768
0038966	94	3300017400.a:Ga0185311_1000975_12	236	9.4e-05	40	82	22	64	0.44680851063829785
0045656	30	3300017400.a:Ga0185311_1000993_3	220	2.1e-05	2	27	11	36	0.8333333333333334
0042628	48	3300017400.a:Ga0185311_1001409_7	140	4.8e-07	2	44	8	50	0.875
0043707	64	3300017400.a:Ga0185311_1001414_4	121	5.4e-12	3	56	26	80	0.828125
0043095	94	3300017400.a:Ga0185311_1001414_8	603	4.3e-11	6	84	7	89	0.8297872340425532
0043669	98	3300017400.a:Ga0185311_1002088_14	209	2.7e-06	8	70	5	68	0.6326530612244898
0043707	64	3300017400.a:Ga0185311_1002088_4	243	9.1e-10	4	53	29	80	0.765625
0041905	120	3300017400.a:Ga0185311_1002340_5	129	2.8e-05	11	79	42	106	0.5666666666666667
