AA1_e13.hmm|AA1:55	497	3300013494.a:Ga0120940_100001_197	597	3.8e-48	4	254	69	330	0.5030181086519114
GH23_e697.hmm|GH23:360	110	3300013494.a:Ga0120940_100001_27	311	6.7e-53	1	108	122	230	0.9727272727272728
GH23_e214.hmm|GH23:38	101	3300013494.a:Ga0120940_100001_351	266	2.1e-53	1	101	29	129	0.9900990099009901
GT2_e2923.hmm|GT2:30|2.4.1.-:1	166	3300013494.a:Ga0120940_100001_52	311	1.4e-76	1	166	20	187	0.9939759036144579
GH102_e5.hmm|GH102:42	108	3300013494.a:Ga0120940_100004_148	374	3.2e-56	2	107	167	272	0.9722222222222222
GT51_e144.hmm|GT51:1920|2.4.1.129:1	168	3300013494.a:Ga0120940_100004_245	689	1.1e-74	5	168	86	249	0.9702380952380952
GH10_e56.hmm|GH10:42	311	3300013494.a:Ga0120940_100005_250	357	3.8e-153	1	310	40	352	0.9935691318327974
GT9_e83.hmm|GT9:27	213	3300013494.a:Ga0120940_100007_153	323	3.6e-129	1	213	72	284	0.9953051643192489
GT1_e129.hmm|GT1:51	407	3300013494.a:Ga0120940_100011_194	415	2.5e-168	1	405	10	408	0.9926289926289926
GH23_e697.hmm|GH23:360	110	3300013494.a:Ga0120940_100011_198	262	3.5e-53	1	108	71	177	0.9727272727272728
GH23_e114.hmm|GH23:27	130	3300013494.a:Ga0120940_100016_113	677	7.6e-80	2	130	516	644	0.9846153846153847
CBM50_e458.hmm|CBM50:25	44	3300013494.a:Ga0120940_100016_70	359	7.4e-26	1	44	125	168	0.9772727272727273
GH15_e57.hmm|GH15:937	365	3300013494.a:Ga0120940_100051_66	595	3.2e-174	1	365	220	584	0.9972602739726028
GT4_e3056.hmm|GT4:563	140	3300013494.a:Ga0120940_100060_17	362	5.5e-55	5	136	184	314	0.9357142857142857
CE11_e38.hmm|CE11:44	272	3300013494.a:Ga0120940_100093_1	300	3.2e-149	1	272	10	281	0.9963235294117647
GT2_e4145.hmm|GT2:19	162	3300013494.a:Ga0120940_100001_53	318	4.4e-85	1	162	9	170	0.9938271604938271
CE4_e260.hmm|CE4:46	104	3300013494.a:Ga0120940_100007_168	317	1.1e-16	2	104	75	179	0.9807692307692307
GH3_e228.hmm|GH3:993	222	3300013494.a:Ga0120940_100009_228	350	3e-104	1	222	60	279	0.9954954954954955
GT51_e158.hmm|GT51:844	164	3300013494.a:Ga0120940_100009_23	236	5e-74	2	163	54	220	0.9817073170731707
GT2_e2108.hmm|GT2:35	230	3300013494.a:Ga0120940_100016_118	466	2.5e-116	1	230	86	315	0.9956521739130435
GT19_e27.hmm|GT19:55	355	3300013494.a:Ga0120940_100049_12	389	9e-171	1	355	8	361	0.9971830985915493
GT4_e744.hmm|GT4:27	136	3300013494.a:Ga0120940_100049_59	417	1.1e-59	2	135	238	369	0.9779411764705882
GT4_e885.hmm|GT4:76|GT2:1	144	3300013494.a:Ga0120940_100060_22	435	1.4e-53	2	144	257	403	0.9861111111111112
GT83_e75.hmm|GT83:6	488	3300013494.a:Ga0120940_100060_34	559	6.7e-71	3	472	17	485	0.9610655737704918
GT2_e3745.hmm|GT2:22	161	3300013494.a:Ga0120940_100060_36	246	7.4e-85	1	161	13	173	0.9937888198757764
GT30_e30.hmm|GT30:51|GT4:1	174	3300013494.a:Ga0120940_100074_30	434	7e-84	1	173	39	211	0.9885057471264368
GT4_e3156.hmm|GT4:19	154	3300013494.a:Ga0120940_100082_17	382	5.3e-71	2	153	175	326	0.9805194805194806
GH23_e877.hmm|GH23:16	137	3300013494.a:Ga0120940_100001_259	213	3.3e-67	2	136	20	152	0.9781021897810219
GT107_e0.hmm|GT107:1594|2.4.99.-:2	525	3300013494.a:Ga0120940_100001_407	688	1.1e-125	185	495	20	328	0.5904761904761905
GT107_e0.hmm|GT107:1594|2.4.99.-:2	525	3300013494.a:Ga0120940_100001_407	688	1e-127	168	513	325	677	0.6571428571428571
GH24_e173.hmm|GH24:26	131	3300013494.a:Ga0120940_100002_107	292	4.6e-64	1	131	29	161	0.9923664122137404
GH23_e891.hmm|GH23:10	52	3300013494.a:Ga0120940_100005_169	195	2e-26	5	51	54	100	0.8846153846153846
GT9_e175.hmm|GT9:26	202	3300013494.a:Ga0120940_100005_256	319	6.4e-108	1	201	72	272	0.9900990099009901
GT28_e97.hmm|GT28:381	163	3300013494.a:Ga0120940_100007_245	362	2.5e-66	1	163	187	349	0.9938650306748467
GT4_e3156.hmm|GT4:19	154	3300013494.a:Ga0120940_100009_188	335	6.7e-81	1	153	145	297	0.987012987012987
GH23_e492.hmm|GH23:28	128	3300013494.a:Ga0120940_100009_206	564	1.3e-68	1	128	388	515	0.9921875
GT51_e77.hmm|GT51:1530	178	3300013494.a:Ga0120940_100016_110	813	1.1e-76	2	178	68	244	0.9887640449438202
GT4_e557.hmm|GT4:18	143	3300013494.a:Ga0120940_100051_63	422	1.4e-75	1	142	247	388	0.986013986013986
GT20_e1.hmm|GT20:8450|2.4.1.15:96	473	3300013494.a:Ga0120940_100051_67	459	5.7e-178	9	468	2	454	0.9704016913319239
GT4_e771.hmm|GT4:5	142	3300013494.a:Ga0120940_100060_28	445	1.3e-61	1	141	259	399	0.9859154929577465
GT4_e771.hmm|GT4:5	142	3300013494.a:Ga0120940_100060_29	448	6.8e-61	1	141	267	407	0.9859154929577465
GH103_e1.hmm|GH103:1669|4.2.2.n1:1	295	3300013494.a:Ga0120940_100074_10	429	1.7e-112	2	294	63	350	0.9898305084745763
GT4_e907.hmm|GT4:432|GH0:5	149	3300013494.a:Ga0120940_100093_11	364	5.6e-68	4	147	170	314	0.959731543624161
GT26_e76.hmm|GT26:44	175	3300013494.a:Ga0120940_100093_19	285	2e-82	2	175	89	262	0.9885714285714285
