0043758	87	3300022742.a:Ga0206117_100004_110	341	3e-26	2	83	2	83	0.9310344827586207
0043707	64	3300022742.a:Ga0206117_100004_139	206	1.1e-15	3	61	15	74	0.90625
0036955	59	3300022742.a:Ga0206117_100004_149	356	3.1e-13	3	48	10	55	0.7627118644067796
0039384	65	3300022742.a:Ga0206117_100004_159	81	1.5e-05	19	45	6	32	0.4
0043707	64	3300022742.a:Ga0206117_100004_161	109	2.5e-13	3	57	42	97	0.84375
0039468	106	3300022742.a:Ga0206117_100004_163	75	2.6e-08	2	50	18	65	0.4528301886792453
0043669	98	3300022742.a:Ga0206117_100004_23	252	1.1e-11	15	76	8	70	0.6224489795918368
0037767	80	3300022742.a:Ga0206117_100004_232	504	2.2e-09	22	70	52	100	0.6
0040266	151	3300022742.a:Ga0206117_100004_327	109	3.2e-06	29	111	3	72	0.543046357615894
0043669	98	3300022742.a:Ga0206117_100004_431	424	2.9e-07	26	68	25	68	0.42857142857142855
0045030	74	3300022742.a:Ga0206117_100004_520	332	8.7e-06	3	57	4	56	0.7297297297297297
0036286	54	3300022742.a:Ga0206117_100004_533	143	2.1e-13	2	53	9	60	0.9444444444444444
0035607	54	3300022742.a:Ga0206117_100004_533	143	3.5e-11	3	53	62	110	0.9259259259259259
0042546	127	3300022742.a:Ga0206117_100004_537	196	1.1e-16	4	86	37	122	0.6456692913385826
0042546	127	3300022742.a:Ga0206117_100004_539	222	1.8e-16	12	85	17	90	0.5748031496062992
0036955	59	3300022742.a:Ga0206117_100004_548	330	6.9e-15	9	57	2	50	0.8135593220338984
0041905	120	3300022742.a:Ga0206117_100004_57	209	1.2e-06	4	58	139	187	0.45
0040586	141	3300022742.a:Ga0206117_100004_677	183	1.4e-19	8	137	30	161	0.9148936170212766
0040266	151	3300022742.a:Ga0206117_100004_734	273	2.1e-10	27	118	38	125	0.6026490066225165
0040266	151	3300022742.a:Ga0206117_100004_93	233	3.7e-17	24	147	15	145	0.8145695364238411
0043707	64	3300022742.a:Ga0206117_100026_102	113	3e-11	3	61	8	67	0.90625
0037767	80	3300022742.a:Ga0206117_100026_223	135	2.3e-08	16	76	22	82	0.75
0044258	100	3300022742.a:Ga0206117_100026_253	143	7.7e-21	5	96	30	121	0.91
0043669	98	3300022742.a:Ga0206117_100026_286	240	9.1e-05	27	75	15	63	0.4897959183673469
0044030	41	3300022742.a:Ga0206117_100026_43	153	2.5e-10	1	34	118	151	0.8048780487804879
0037456	76	3300022742.a:Ga0206117_100026_6	199	2.7e-20	1	68	35	102	0.881578947368421
0043758	87	3300022742.a:Ga0206117_100026_76	282	2.6e-11	2	69	61	127	0.7701149425287356
0036955	59	3300022742.a:Ga0206117_100029_10	355	8e-18	2	59	26	83	0.9661016949152542
0043669	98	3300022742.a:Ga0206117_100029_199	140	4.3e-18	8	92	15	99	0.8571428571428571
0042546	127	3300022742.a:Ga0206117_100029_206	325	4.7e-15	2	82	10	90	0.6299212598425197
0043758	87	3300022742.a:Ga0206117_100029_212	254	1.6e-15	4	66	5	60	0.7126436781609196
0040266	151	3300022742.a:Ga0206117_100029_264	372	7.4e-08	34	91	3	60	0.37748344370860926
0043669	98	3300022742.a:Ga0206117_100029_277	197	9.8e-14	13	82	21	96	0.7040816326530612
0043758	87	3300022742.a:Ga0206117_100029_280	285	9.5e-15	3	65	10	65	0.7126436781609196
0041150	134	3300022742.a:Ga0206117_100029_311	134	6.7e-33	11	133	3	125	0.9104477611940298
0043935	94	3300022742.a:Ga0206117_100029_312	210	7.3e-11	10	81	6	82	0.7553191489361702
0043707	64	3300022742.a:Ga0206117_100029_329	121	9.2e-10	3	56	22	76	0.828125
0045030	74	3300022742.a:Ga0206117_100029_33	258	1.2e-19	1	73	58	128	0.972972972972973
0037767	80	3300022742.a:Ga0206117_100029_334	328	0.0001	13	64	107	158	0.6375
0043707	64	3300022742.a:Ga0206117_100029_337	83	9.8e-06	16	61	26	71	0.703125
0039384	65	3300022742.a:Ga0206117_100029_348	289	5.1e-05	18	58	27	68	0.6153846153846154
0040586	141	3300022742.a:Ga0206117_100029_35	177	1.2e-22	5	140	30	167	0.9574468085106383
0043707	64	3300022742.a:Ga0206117_100029_352	137	2.1e-06	7	60	10	64	0.828125
0042546	127	3300022742.a:Ga0206117_100029_363	72	2.9e-06	5	58	16	69	0.41732283464566927
0036955	59	3300022742.a:Ga0206117_100029_9	341	8.3e-19	3	59	10	66	0.9491525423728814
0036955	59	3300022742.a:Ga0206117_100029_97	336	1.5e-06	17	59	2	45	0.711864406779661
0043669	98	3300022742.a:Ga0206117_100035_10	329	1.1e-06	31	77	25	73	0.46938775510204084
0043935	94	3300022742.a:Ga0206117_100035_106	110	1.3e-10	6	91	10	101	0.9042553191489362
0036955	59	3300022742.a:Ga0206117_100035_11	362	6.8e-17	2	57	10	65	0.9322033898305084
0040517	144	3300022742.a:Ga0206117_100035_114	150	1.2e-24	27	135	33	141	0.75
0036955	59	3300022742.a:Ga0206117_100035_16	377	2.4e-16	3	59	42	98	0.9491525423728814
0039939	63	3300022742.a:Ga0206117_100035_187	212	1.8e-05	15	55	126	166	0.6349206349206349
0037767	80	3300022742.a:Ga0206117_100035_223	262	1.2e-13	2	78	179	255	0.95
0037767	80	3300022742.a:Ga0206117_100035_246	218	2.2e-10	18	77	18	77	0.7375
0039468	106	3300022742.a:Ga0206117_100035_27	68	1.4e-08	2	48	11	56	0.4339622641509434
0036955	59	3300022742.a:Ga0206117_100035_280	337	1.5e-16	2	58	1	57	0.9491525423728814
0043935	94	3300022742.a:Ga0206117_100035_43	113	4.5e-17	2	89	11	104	0.925531914893617
0043669	98	3300022742.a:Ga0206117_100035_59	124	2.4e-21	4	92	3	91	0.8979591836734694
0040586	141	3300022742.a:Ga0206117_100035_65	181	5.6e-29	7	135	39	168	0.9078014184397163
0040517	144	3300022742.a:Ga0206117_100045_114	446	4.7e-06	18	73	7	63	0.3819444444444444
0040586	141	3300022742.a:Ga0206117_100045_230	152	5.6e-28	10	137	20	145	0.900709219858156
0040266	151	3300022742.a:Ga0206117_100045_234	231	5.1e-14	45	143	28	129	0.6490066225165563
0044258	100	3300022742.a:Ga0206117_100045_238	149	1.4e-08	15	71	3	59	0.56
0040586	141	3300022742.a:Ga0206117_100045_274	150	4.1e-30	10	137	15	140	0.900709219858156
0043669	98	3300022742.a:Ga0206117_100045_281	330	3.3e-07	21	70	17	68	0.5
0043707	64	3300022742.a:Ga0206117_100045_45	81	2.3e-08	7	61	14	69	0.84375
0043707	64	3300022742.a:Ga0206117_100045_46	81	9.4e-08	5	61	16	73	0.875
0036955	59	3300022742.a:Ga0206117_100054_111	342	7.1e-18	2	58	4	60	0.9491525423728814
0036955	59	3300022742.a:Ga0206117_100054_121	347	4.5e-17	2	59	1	58	0.9661016949152542
0036286	54	3300022742.a:Ga0206117_100054_128	177	3.7e-12	4	53	13	62	0.9074074074074074
0035607	54	3300022742.a:Ga0206117_100054_128	177	1.9e-10	3	53	64	112	0.9259259259259259
0036955	59	3300022742.a:Ga0206117_100054_131	339	1.7e-17	2	59	10	67	0.9661016949152542
0039384	65	3300022742.a:Ga0206117_100054_138	229	1.7e-08	6	63	23	80	0.8769230769230769
0043669	98	3300022742.a:Ga0206117_100054_157	214	7.3e-06	26	85	16	79	0.6020408163265306
0036955	59	3300022742.a:Ga0206117_100054_167	347	1.6e-12	3	48	9	54	0.7627118644067796
0038753	71	3300022742.a:Ga0206117_100054_186	330	9.7e-07	25	61	16	52	0.5070422535211268
0040586	141	3300022742.a:Ga0206117_100054_21	153	1.9e-15	11	138	15	139	0.900709219858156
0043669	98	3300022742.a:Ga0206117_100054_35	588	3.2e-05	28	82	525	581	0.5510204081632653
0044258	100	3300022742.a:Ga0206117_100054_90	498	1.1e-05	21	95	270	343	0.74
0039384	65	3300022742.a:Ga0206117_100054_96	252	2.3e-08	17	63	35	81	0.7076923076923077
0043669	98	3300022742.a:Ga0206117_100057_106	254	1.8e-13	13	77	60	129	0.6530612244897959
0044258	100	3300022742.a:Ga0206117_100057_116	335	7.8e-12	15	86	35	106	0.71
0043707	64	3300022742.a:Ga0206117_100057_130	99	7.8e-10	3	56	7	60	0.828125
0043707	64	3300022742.a:Ga0206117_100057_146	114	2.1e-12	3	61	33	100	0.90625
0042628	48	3300022742.a:Ga0206117_100057_148	77	5.4e-07	2	42	3	43	0.8333333333333334
0044558	59	3300022742.a:Ga0206117_100057_156	342	1.4e-15	1	58	5	61	0.9661016949152542
0036955	59	3300022742.a:Ga0206117_100057_166	648	4.4e-17	3	58	11	66	0.9322033898305084
0040266	151	3300022742.a:Ga0206117_100057_172	247	1.6e-08	29	91	14	71	0.4105960264900662
0036955	59	3300022742.a:Ga0206117_100057_174	363	2.6e-14	2	50	32	80	0.8135593220338984
0036955	59	3300022742.a:Ga0206117_100057_177	345	7.1e-15	3	59	10	66	0.9491525423728814
0036955	59	3300022742.a:Ga0206117_100057_189	346	4.2e-17	1	59	1	59	0.9830508474576272
0040586	141	3300022742.a:Ga0206117_100057_25	167	6.7e-20	15	138	28	150	0.8723404255319149
0040586	141	3300022742.a:Ga0206117_100057_27	158	2.6e-26	5	139	5	139	0.950354609929078
0039939	63	3300022742.a:Ga0206117_100057_59	101	8.9e-06	13	52	3	43	0.6190476190476191
0039468	106	3300022742.a:Ga0206117_100057_72	69	2.9e-08	2	48	12	57	0.4339622641509434
0042546	127	3300022742.a:Ga0206117_100075_102	143	2.9e-20	2	109	9	94	0.84251968503937
0043095	94	3300022742.a:Ga0206117_100075_131	133	1.5e-19	9	86	15	93	0.8191489361702128
0036955	59	3300022742.a:Ga0206117_100075_137	339	7.5e-18	3	59	8	64	0.9491525423728814
0043669	98	3300022742.a:Ga0206117_100075_139	396	3.4e-06	28	67	19	59	0.3979591836734694
0037244	118	3300022742.a:Ga0206117_100075_165	253	3e-27	5	108	4	98	0.8728813559322034
0043707	64	3300022742.a:Ga0206117_100075_75	83	1.3e-10	3	57	22	77	0.84375
0041905	120	3300022742.a:Ga0206117_100075_83	220	4.6e-05	5	52	158	199	0.39166666666666666
0044258	100	3300022742.a:Ga0206117_100075_93	214	1.2e-14	3	96	9	99	0.93
0040266	151	3300022742.a:Ga0206117_100075_97	467	4.1e-12	24	81	402	460	0.37748344370860926
0045032	127	3300022742.a:Ga0206117_100103_107	156	2.9e-27	2	126	9	134	0.9763779527559056
0043935	94	3300022742.a:Ga0206117_100103_11	217	1.3e-11	7	79	8	93	0.7659574468085106
0043707	64	3300022742.a:Ga0206117_100103_52	72	2.8e-11	3	55	9	62	0.8125
0039939	63	3300022742.a:Ga0206117_100103_55	358	2.8e-07	13	58	28	73	0.7142857142857143
0036955	59	3300022742.a:Ga0206117_100153_51	334	2.8e-15	2	58	6	62	0.9491525423728814
0044258	100	3300022742.a:Ga0206117_100153_79	412	2e-07	17	84	14	84	0.67
0040586	141	3300022742.a:Ga0206117_100243_36	156	1.6e-23	7	138	16	148	0.9290780141843972
0036955	59	3300022742.a:Ga0206117_100243_38	348	1.5e-13	4	48	10	54	0.7457627118644068
0036955	59	3300022742.a:Ga0206117_100243_47	350	2.5e-16	3	59	19	75	0.9491525423728814
0036955	59	3300022742.a:Ga0206117_100275_54	333	5.9e-18	2	57	2	57	0.9322033898305084
0040266	151	3300022742.a:Ga0206117_100275_58	401	3.9e-09	33	91	24	82	0.3841059602649007
0043669	98	3300022742.a:Ga0206117_100275_66	123	3.2e-27	5	94	25	117	0.9081632653061225
0037767	80	3300022742.a:Ga0206117_100275_77	347	5.8e-05	31	77	163	209	0.575
0040517	144	3300022742.a:Ga0206117_100311_15	146	4.6e-22	2	134	11	143	0.9166666666666666
0038966	94	3300022742.a:Ga0206117_100311_24	1267	2.1e-05	25	78	21	74	0.5638297872340425
0037767	80	3300022742.a:Ga0206117_100600_22	226	1.2e-19	1	78	146	222	0.9625
0043935	94	3300022742.a:Ga0206117_100764_7	200	9e-16	7	87	10	93	0.851063829787234
0035318	53	3300022742.a:Ga0206117_101108_6	80	5.8e-05	14	43	9	38	0.5471698113207547
