3300029080.a:Ga0169200_100068_10  0.438  20  0.565  20  0.849  14  0.741   0.635 Y  0.500      SignalP-TM
3300029080.a:Ga0169200_100068_103  0.148  35  0.279  25  0.749  11  0.605   0.455 Y  0.450      SignalP-noTM
3300029080.a:Ga0169200_100068_103  0.342  35  0.551  35  0.986  15  0.931   0.699 Y  0.450      SignalP-TM
3300029080.a:Ga0169200_100068_103  0.543  35  0.638  35  0.990  18  0.879   0.752 Y  0.570      SignalP-noTM
3300029080.a:Ga0169200_100068_126  0.253  35  0.418  35  0.995  18  0.875   0.633 Y  0.570      SignalP-noTM
3300029080.a:Ga0169200_100068_126  0.259  31  0.404  21  0.939   8  0.876   0.659 Y  0.450      SignalP-noTM
3300029080.a:Ga0169200_100068_126  0.466  31  0.652  31  0.990  17  0.938   0.763 Y  0.450      SignalP-TM
3300029080.a:Ga0169200_100068_62  0.226  23  0.446  23  0.953   5  0.879   0.680 Y  0.450      SignalP-noTM
3300029080.a:Ga0169200_100068_62  0.500  30  0.692  24  0.985  20  0.964   0.820 Y  0.570      SignalP-noTM
3300029080.a:Ga0169200_100068_62  0.542  36  0.664  36  0.992  13  0.918   0.763 Y  0.450      SignalP-TM
3300029080.a:Ga0169200_100068_84  0.540  23  0.682  23  0.937  22  0.779   0.719 Y  0.450      SignalP-TM
3300029080.a:Ga0169200_100068_84  0.719  23  0.824  23  0.962  20  0.914   0.866 Y  0.570      SignalP-noTM
3300029080.a:Ga0169200_100068_84  0.845  23  0.876  23  0.961  15  0.908   0.894 Y  0.450      SignalP-noTM
3300029080.a:Ga0169200_100077_108  0.225  42  0.386  42  0.806  27  0.650   0.489 Y  0.450      SignalP-TM
3300029080.a:Ga0169200_100077_11  0.132  32  0.307  25  0.874  12  0.684   0.454 Y  0.450      SignalP-TM
3300029080.a:Ga0169200_100077_11  0.395  26  0.502  26  0.771  17  0.638   0.552 Y  0.510      SignalP-TM
3300029080.a:Ga0169200_100077_115  0.148  37  0.309  29  0.888  11  0.709   0.525 Y  0.450      SignalP-noTM
3300029080.a:Ga0169200_100077_115  0.222  36  0.407  25  0.984  20  0.943   0.659 Y  0.570      SignalP-noTM
3300029080.a:Ga0169200_100077_115  0.307  36  0.513  36  0.969  19  0.907   0.666 Y  0.450      SignalP-TM
3300029080.a:Ga0169200_100077_121  0.497  19  0.584  19  0.812   1  0.701   0.631 Y  0.500      SignalP-TM
3300029080.a:Ga0169200_100077_122  0.265  30  0.480  30  0.944  26  0.876   0.634 Y  0.450      SignalP-TM
3300029080.a:Ga0169200_100077_122  0.544  31  0.710  31  0.983  22  0.932   0.830 Y  0.450      SignalP-noTM
3300029080.a:Ga0169200_100077_122  0.813  30  0.879  30  0.987  19  0.946   0.911 Y  0.570      SignalP-noTM
3300029080.a:Ga0169200_100077_34  0.238  32  0.398  22  0.975  13  0.946   0.656 Y  0.570      SignalP-noTM
3300029080.a:Ga0169200_100077_34  0.266  24  0.498  24  0.985  14  0.932   0.733 Y  0.450      SignalP-noTM
3300029080.a:Ga0169200_100077_34  0.373  33  0.523  33  0.950  13  0.834   0.645 Y  0.450      SignalP-TM
3300029080.a:Ga0169200_100077_35  0.538  26  0.718  26  0.968  17  0.952   0.809 Y  0.450      SignalP-TM
3300029080.a:Ga0169200_100077_35  0.689  26  0.810  26  0.989  17  0.948   0.885 Y  0.450      SignalP-noTM
3300029080.a:Ga0169200_100077_35  0.869  26  0.912  26  0.982  11  0.957   0.933 Y  0.570      SignalP-noTM
3300029080.a:Ga0169200_100077_41  0.273  24  0.497  24  0.957  16  0.886   0.680 Y  0.570      SignalP-noTM
3300029080.a:Ga0169200_100077_41  0.345  42  0.449  42  0.917  12  0.740   0.562 Y  0.450      SignalP-TM
3300029080.a:Ga0169200_100077_50  0.197  28  0.410  24  0.985  11  0.965   0.671 Y  0.570      SignalP-noTM
3300029080.a:Ga0169200_100077_50  0.240  28  0.444  28  0.951  17  0.879   0.614 Y  0.450      SignalP-TM
3300029080.a:Ga0169200_100077_50  0.321  28  0.519  28  0.989  15  0.862   0.704 Y  0.450      SignalP-noTM
3300029080.a:Ga0169200_100077_51  0.241  27  0.452  27  0.969  15  0.878   0.618 Y  0.450      SignalP-TM
3300029080.a:Ga0169200_100077_51  0.264  27  0.462  27  0.943  15  0.807   0.649 Y  0.450      SignalP-noTM
3300029080.a:Ga0169200_100077_51  0.286  27  0.510  27  0.984  14  0.925   0.705 Y  0.570      SignalP-noTM
3300029080.a:Ga0169200_100077_6  0.153  30  0.353  26  0.948   8  0.834   0.613 Y  0.450      SignalP-noTM
3300029080.a:Ga0169200_100077_6  0.577  54  0.586  38  0.991  16  0.943   0.726 Y  0.450      SignalP-TM
3300029080.a:Ga0169200_100077_6  0.578  54  0.412  36  0.994  17  0.894   0.639 Y  0.570      SignalP-noTM
3300029080.a:Ga0169200_100077_63  0.499  23  0.563  23  0.784   7  0.673   0.607 Y  0.500      SignalP-TM
3300029080.a:Ga0169200_100077_63  0.542  25  0.728  25  0.995  12  0.975   0.844 Y  0.570      SignalP-noTM
3300029080.a:Ga0169200_100077_63  0.748  25  0.850  25  0.982  19  0.960   0.893 Y  0.450      SignalP-TM
3300029080.a:Ga0169200_100077_74  0.735  24  0.640  24  0.709   5  0.564   0.609 Y  0.500      SignalP-TM
3300029080.a:Ga0169200_100077_8  0.168  32  0.322  29  0.822  21  0.647   0.497 Y  0.450      SignalP-noTM
3300029080.a:Ga0169200_100077_8  0.454  39  0.385  28  0.955  21  0.813   0.586 Y  0.570      SignalP-noTM
3300029080.a:Ga0169200_100077_8  0.762  39  0.643  39  0.936  17  0.739   0.680 Y  0.450      SignalP-TM
3300029080.a:Ga0169200_100077_83  0.362  28  0.502  28  0.934  13  0.801   0.643 Y  0.570      SignalP-noTM
3300029080.a:Ga0169200_100077_83  0.394  22  0.469  22  0.742   2  0.554   0.515 Y  0.450      SignalP-noTM
3300029080.a:Ga0169200_100077_83  0.430  28  0.608  28  0.928  13  0.879   0.714 Y  0.450      SignalP-TM
3300029080.a:Ga0169200_100077_84  0.405  34  0.579  34  0.898  30  0.788   0.661 Y  0.450      SignalP-TM
3300029080.a:Ga0169200_100077_84  0.736  34  0.677  34  0.805  30  0.493   0.609 Y  0.510      SignalP-TM
3300029080.a:Ga0169200_100077_84  0.802  34  0.871  34  0.985  21  0.932   0.904 Y  0.450      SignalP-noTM
3300029080.a:Ga0169200_100077_86  0.800  30  0.815  30  0.888  16  0.790   0.805 Y  0.450      SignalP-TM
3300029080.a:Ga0169200_100077_86  0.821  30  0.850  30  0.968  17  0.865   0.857 Y  0.570      SignalP-noTM
3300029080.a:Ga0169200_100077_88  0.375  27  0.580  27  0.978   7  0.900   0.753 Y  0.450      SignalP-noTM
3300029080.a:Ga0169200_100077_88  0.723  27  0.806  27  0.964  11  0.920   0.850 Y  0.450      SignalP-TM
3300029080.a:Ga0169200_100077_88  0.858  27  0.881  27  0.988  12  0.935   0.907 Y  0.570      SignalP-noTM
3300029080.a:Ga0169200_100077_89  0.187  54  0.286  12  0.891   3  0.837   0.501 Y  0.450      SignalP-TM
3300029080.a:Ga0169200_100077_98  0.168  26  0.362  26  0.934   5  0.793   0.595 Y  0.450      SignalP-noTM
3300029080.a:Ga0169200_100079_109  0.725  26  0.824  26  0.989  15  0.936   0.885 Y  0.450      SignalP-noTM
3300029080.a:Ga0169200_100079_109  0.738  26  0.827  26  0.960   9  0.926   0.865 Y  0.450      SignalP-TM
3300029080.a:Ga0169200_100079_109  0.868  26  0.908  26  0.988  12  0.958   0.931 Y  0.570      SignalP-noTM
3300029080.a:Ga0169200_100079_115  0.263  24  0.446  24  0.877   6  0.749   0.609 Y  0.450      SignalP-noTM
3300029080.a:Ga0169200_100079_115  0.336  40  0.523  40  0.987  17  0.903   0.671 Y  0.450      SignalP-TM
3300029080.a:Ga0169200_100079_115  0.616  34  0.733  24  0.993  17  0.966   0.843 Y  0.570      SignalP-noTM
3300029080.a:Ga0169200_100079_116  0.483  27  0.650  27  0.980   7  0.885   0.777 Y  0.450      SignalP-noTM
3300029080.a:Ga0169200_100079_116  0.832  27  0.885  27  0.969  10  0.943   0.907 Y  0.450      SignalP-TM
3300029080.a:Ga0169200_100079_116  0.879  27  0.906  27  0.989  12  0.952   0.928 Y  0.570      SignalP-noTM
3300029080.a:Ga0169200_100079_124  0.482  23  0.691  23  0.995  14  0.980   0.827 Y  0.570      SignalP-noTM
3300029080.a:Ga0169200_100079_124  0.503  30  0.651  30  0.981  15  0.865   0.766 Y  0.450      SignalP-noTM
3300029080.a:Ga0169200_100079_124  0.503  57  0.625  36  0.991  14  0.963   0.757 Y  0.450      SignalP-TM
3300029080.a:Ga0169200_100079_131  0.232  30  0.396  22  0.907   1  0.746   0.585 Y  0.450      SignalP-noTM
3300029080.a:Ga0169200_100079_138  0.281  27  0.512  27  0.969  16  0.921   0.672 Y  0.450      SignalP-TM
3300029080.a:Ga0169200_100079_138  0.705  27  0.824  27  0.994  12  0.966   0.891 Y  0.570      SignalP-noTM
3300029080.a:Ga0169200_100079_138  0.802  27  0.863  27  0.982  13  0.926   0.897 Y  0.450      SignalP-noTM
3300029080.a:Ga0169200_100079_39  0.481  18  0.662  18  0.949  13  0.910   0.796 Y  0.450      SignalP-noTM
3300029080.a:Ga0169200_100079_51  0.185  22  0.327  22  0.834   7  0.661   0.457 Y  0.450      SignalP-TM
3300029080.a:Ga0169200_100079_70  0.161  39  0.296  13  0.904  12  0.869   0.520 Y  0.450      SignalP-TM
3300029080.a:Ga0169200_100079_87  0.167  23  0.381  23  0.955  13  0.870   0.645 Y  0.450      SignalP-noTM
3300029080.a:Ga0169200_100079_94  0.473  26  0.667  26  0.967  10  0.926   0.768 Y  0.450      SignalP-TM
3300029080.a:Ga0169200_100079_94  0.788  26  0.863  26  0.988  16  0.945   0.907 Y  0.450      SignalP-noTM
3300029080.a:Ga0169200_100079_94  0.860  26  0.915  26  0.986  12  0.968   0.940 Y  0.570      SignalP-noTM
3300029080.a:Ga0169200_100127_11  0.349  27  0.580  27  0.993  21  0.944   0.777 Y  0.450      SignalP-noTM
3300029080.a:Ga0169200_100127_11  0.405  35  0.510  35  0.897  21  0.588   0.539 Y  0.510      SignalP-TM
3300029080.a:Ga0169200_100127_11  0.568  35  0.682  35  0.943  24  0.704   0.691 Y  0.450      SignalP-TM
3300029080.a:Ga0169200_100127_28  0.330  30  0.402  30  0.731   1  0.546   0.458 Y  0.450      SignalP-TM
3300029080.a:Ga0169200_100127_44  0.227  20  0.416  20  0.926  18  0.784   0.589 Y  0.570      SignalP-noTM
3300029080.a:Ga0169200_100127_44  0.557  23  0.701  23  0.967   4  0.881   0.798 Y  0.450      SignalP-noTM
3300029080.a:Ga0169200_100127_47  0.538  30  0.665  30  0.934  17  0.831   0.730 Y  0.450      SignalP-TM
3300029080.a:Ga0169200_100127_47  0.782  24  0.868  24  0.992  18  0.961   0.918 Y  0.450      SignalP-noTM
3300029080.a:Ga0169200_100127_47  0.812  24  0.898  24  0.997  20  0.967   0.931 Y  0.570      SignalP-noTM
3300029080.a:Ga0169200_100127_49  0.279  47  0.458  47  0.842  45  0.448   0.454 Y  0.450      SignalP-TM
3300029080.a:Ga0169200_100127_50  0.188  32  0.288  14  0.896   6  0.825   0.498 Y  0.450      SignalP-TM
3300029080.a:Ga0169200_100127_86  0.595  24  0.739  24  0.965   8  0.922   0.810 Y  0.450      SignalP-TM
3300029080.a:Ga0169200_100127_86  0.654  24  0.795  24  0.988  12  0.966   0.887 Y  0.450      SignalP-noTM
3300029080.a:Ga0169200_100127_86  0.861  24  0.913  24  0.992  10  0.968   0.939 Y  0.570      SignalP-noTM
3300029080.a:Ga0169200_100127_9  0.748  41  0.717  41  0.877  28  0.676   0.701 Y  0.450      SignalP-TM
3300029080.a:Ga0169200_100127_90  0.461  36  0.574  36  0.947  14  0.830   0.674 Y  0.450      SignalP-TM
3300029080.a:Ga0169200_100127_90  0.595  24  0.764  24  0.991  15  0.974   0.863 Y  0.570      SignalP-noTM
3300029080.a:Ga0169200_100127_90  0.741  24  0.714  24  0.857  19  0.670   0.697 Y  0.500      SignalP-TM
3300029080.a:Ga0169200_100127_92  0.174  39  0.296  17  0.850  10  0.730   0.465 Y  0.450      SignalP-TM
3300029080.a:Ga0169200_100128_13  0.500  46  0.558  46  0.943  27  0.745   0.631 Y  0.450      SignalP-TM
3300029080.a:Ga0169200_100128_14  0.341  43  0.457  43  0.739  25  0.549   0.492 Y  0.450      SignalP-TM
3300029080.a:Ga0169200_100128_15  0.264  44  0.367  44  0.857  24  0.605   0.460 Y  0.450      SignalP-TM
3300029080.a:Ga0169200_100128_22  0.230  32  0.427  26  0.972   8  0.918   0.693 Y  0.450      SignalP-noTM
3300029080.a:Ga0169200_100128_22  0.267  32  0.419  25  0.936  23  0.908   0.649 Y  0.570      SignalP-noTM
3300029080.a:Ga0169200_100128_22  0.413  32  0.558  32  0.893   8  0.797   0.651 Y  0.450      SignalP-TM
3300029080.a:Ga0169200_100128_25  0.259  35  0.382  26  0.941  16  0.824   0.621 Y  0.450      SignalP-noTM
3300029080.a:Ga0169200_100128_25  0.368  35  0.462  35  0.982  17  0.801   0.594 Y  0.450      SignalP-TM
3300029080.a:Ga0169200_100128_25  0.542  35  0.505  35  0.981  17  0.772   0.631 Y  0.570      SignalP-noTM
3300029080.a:Ga0169200_100128_46  0.243  41  0.464  30  0.971  16  0.891   0.631 Y  0.450      SignalP-TM
3300029080.a:Ga0169200_100128_46  0.439  34  0.577  34  0.978  18  0.854   0.707 Y  0.570      SignalP-noTM
3300029080.a:Ga0169200_100128_52  0.659  20  0.628  20  0.904   3  0.671   0.645 Y  0.500      SignalP-TM
3300029080.a:Ga0169200_100136_20  0.467  27  0.630  27  0.976   9  0.903   0.737 Y  0.450      SignalP-TM
3300029080.a:Ga0169200_100136_20  0.591  27  0.705  27  0.981  15  0.854   0.785 Y  0.450      SignalP-noTM
3300029080.a:Ga0169200_100136_20  0.773  27  0.847  27  0.994  12  0.953   0.897 Y  0.570      SignalP-noTM
3300029080.a:Ga0169200_100136_68  0.176  28  0.366  22  0.903   5  0.827   0.583 Y  0.570      SignalP-noTM
3300029080.a:Ga0169200_100136_68  0.352  30  0.423  30  0.777   9  0.559   0.496 Y  0.450      SignalP-noTM
3300029080.a:Ga0169200_100136_96  0.724  30  0.803  30  0.937  23  0.805   0.804 Y  0.450      SignalP-TM
3300029080.a:Ga0169200_100136_96  0.834  30  0.874  30  0.978  17  0.891   0.882 Y  0.570      SignalP-noTM
3300029080.a:Ga0169200_100147_18  0.124  32  0.301  18  0.884  10  0.741   0.473 Y  0.450      SignalP-TM
3300029080.a:Ga0169200_100147_18  0.153  23  0.348  23  0.915   8  0.835   0.577 Y  0.570      SignalP-noTM
3300029080.a:Ga0169200_100147_18  0.185  29  0.355  22  0.934   8  0.806   0.599 Y  0.450      SignalP-noTM
3300029080.a:Ga0169200_100147_34  0.654  29  0.554  29  0.651  12  0.475   0.523 Y  0.450      SignalP-TM
3300029080.a:Ga0169200_100147_60  0.345  45  0.388  45  0.874  25  0.655   0.492 Y  0.450      SignalP-TM
3300029080.a:Ga0169200_100147_65  0.474  31  0.660  31  0.986  17  0.944   0.771 Y  0.450      SignalP-TM
3300029080.a:Ga0169200_100147_65  0.634  26  0.790  26  0.996  15  0.979   0.879 Y  0.570      SignalP-noTM
3300029080.a:Ga0169200_100147_65  0.657  26  0.792  26  0.994  14  0.957   0.881 Y  0.450      SignalP-noTM
3300029080.a:Ga0169200_100147_73  0.285  35  0.470  35  0.909  16  0.793   0.596 Y  0.450      SignalP-TM
3300029080.a:Ga0169200_100156_13  0.231  26  0.417  26  0.869  20  0.766   0.553 Y  0.450      SignalP-TM
3300029080.a:Ga0169200_100156_13  0.376  24  0.574  24  0.963  10  0.911   0.732 Y  0.570      SignalP-noTM
3300029080.a:Ga0169200_100156_13  0.615  26  0.731  26  0.980  12  0.880   0.812 Y  0.450      SignalP-noTM
3300029080.a:Ga0169200_100156_35  0.304  21  0.539  21  0.980   6  0.959   0.766 Y  0.450      SignalP-noTM
3300029080.a:Ga0169200_100156_35  0.466  27  0.620  27  0.934  14  0.851   0.710 Y  0.450      SignalP-TM
3300029080.a:Ga0169200_100156_35  0.697  21  0.817  21  0.972  20  0.952   0.881 Y  0.570      SignalP-noTM
3300029080.a:Ga0169200_100156_36  0.216  29  0.421  23  0.956  18  0.856   0.590 Y  0.450      SignalP-TM
3300029080.a:Ga0169200_100156_36  0.568  23  0.727  23  0.961   9  0.939   0.827 Y  0.570      SignalP-noTM
3300029080.a:Ga0169200_100156_36  0.678  23  0.803  23  0.981  12  0.951   0.883 Y  0.450      SignalP-noTM
3300029080.a:Ga0169200_100156_38  0.506  36  0.568  36  0.753  34  0.535   0.556 Y  0.450      SignalP-TM
3300029080.a:Ga0169200_100156_38  0.789  25  0.627  25  0.658   4  0.514   0.581 Y  0.500      SignalP-TM
3300029080.a:Ga0169200_100156_47  0.235  24  0.472  24  0.981   8  0.951   0.697 Y  0.570      SignalP-noTM
3300029080.a:Ga0169200_100156_47  0.275  24  0.494  24  0.973   5  0.887   0.707 Y  0.450      SignalP-noTM
3300029080.a:Ga0169200_100156_47  0.365  26  0.576  26  0.982  14  0.931   0.715 Y  0.450      SignalP-TM
3300029080.a:Ga0169200_100156_5  0.285  26  0.415  26  0.827   7  0.664   0.515 Y  0.500      SignalP-TM
3300029080.a:Ga0169200_100156_52  0.736  28  0.837  28  0.988   8  0.953   0.900 Y  0.450      SignalP-noTM
3300029080.a:Ga0169200_100156_52  0.797  28  0.804  28  0.919  10  0.848   0.821 Y  0.450      SignalP-TM
3300029080.a:Ga0169200_100156_52  0.872  28  0.908  28  0.989  13  0.956   0.931 Y  0.570      SignalP-noTM
3300029080.a:Ga0169200_100156_53  0.224  25  0.436  25  0.944  11  0.885   0.647 Y  0.570      SignalP-noTM
3300029080.a:Ga0169200_100156_53  0.273  33  0.396  33  0.934  15  0.763   0.539 Y  0.450      SignalP-TM
3300029080.a:Ga0169200_100156_53  0.385  25  0.588  25  0.977  14  0.902   0.757 Y  0.450      SignalP-noTM
3300029080.a:Ga0169200_100156_63  0.206  22  0.443  22  0.980  15  0.949   0.681 Y  0.570      SignalP-noTM
3300029080.a:Ga0169200_100156_63  0.283  27  0.458  27  0.962   3  0.774   0.629 Y  0.450      SignalP-noTM
3300029080.a:Ga0169200_100156_63  0.329  48  0.511  27  0.968  15  0.928   0.673 Y  0.450      SignalP-TM
3300029080.a:Ga0169200_100156_66  0.205  30  0.398  30  0.902  12  0.826   0.565 Y  0.450      SignalP-TM
3300029080.a:Ga0169200_100156_66  0.268  24  0.501  23  0.980  17  0.950   0.712 Y  0.570      SignalP-noTM
3300029080.a:Ga0169200_100156_66  0.356  23  0.581  23  0.980  15  0.948   0.779 Y  0.450      SignalP-noTM
3300029080.a:Ga0169200_100156_67  0.306  32  0.455  32  0.832  30  0.645   0.529 Y  0.450      SignalP-TM
3300029080.a:Ga0169200_100156_67  0.459  32  0.546  32  0.733  30  0.532   0.541 Y  0.510      SignalP-TM
3300029080.a:Ga0169200_100156_67  0.773  31  0.866  31  0.993  22  0.955   0.914 Y  0.450      SignalP-noTM
3300029080.a:Ga0169200_100156_80  0.202  41  0.360  33  0.872  17  0.773   0.521 Y  0.450      SignalP-TM
3300029080.a:Ga0169200_100156_80  0.239  20  0.440  20  0.856  12  0.771   0.596 Y  0.570      SignalP-noTM
3300029080.a:Ga0169200_100176_34  0.462  26  0.638  26  0.951  19  0.884   0.734 Y  0.450      SignalP-TM
3300029080.a:Ga0169200_100176_34  0.641  26  0.718  26  0.960   4  0.817   0.772 Y  0.450      SignalP-noTM
3300029080.a:Ga0169200_100176_34  0.778  26  0.851  26  0.986  11  0.943   0.895 Y  0.570      SignalP-noTM
3300029080.a:Ga0169200_100180_17  0.223  33  0.371  33  0.899  10  0.729   0.511 Y  0.450      SignalP-TM
3300029080.a:Ga0169200_100180_17  0.477  29  0.671  29  0.986  18  0.936   0.814 Y  0.450      SignalP-noTM
3300029080.a:Ga0169200_100180_25  0.188  28  0.407  28  0.972  14  0.913   0.645 Y  0.570      SignalP-noTM
3300029080.a:Ga0169200_100180_25  0.363  33  0.531  33  0.922   6  0.827   0.647 Y  0.450      SignalP-TM
3300029080.a:Ga0169200_100180_30  0.739  26  0.835  26  0.981  11  0.946   0.878 Y  0.450      SignalP-TM
3300029080.a:Ga0169200_100180_30  0.744  26  0.829  26  0.985  14  0.928   0.883 Y  0.450      SignalP-noTM
3300029080.a:Ga0169200_100180_30  0.788  26  0.877  26  0.995  11  0.974   0.922 Y  0.570      SignalP-noTM
3300029080.a:Ga0169200_100180_51  0.162  29  0.326  29  0.849  10  0.647   0.499 Y  0.450      SignalP-noTM
3300029080.a:Ga0169200_100180_51  0.261  48  0.410  24  0.987  17  0.953   0.665 Y  0.570      SignalP-noTM
3300029080.a:Ga0169200_100180_51  0.461  41  0.591  41  0.983  17  0.883   0.705 Y  0.450      SignalP-TM
3300029080.a:Ga0169200_100213_14  0.193  25  0.338  25  0.759  19  0.573   0.465 Y  0.450      SignalP-noTM
3300029080.a:Ga0169200_100213_14  0.463  25  0.661  25  0.973  19  0.924   0.785 Y  0.570      SignalP-noTM
3300029080.a:Ga0169200_100213_14  0.562  37  0.667  37  0.977  17  0.880   0.750 Y  0.450      SignalP-TM
3300029080.a:Ga0169200_100213_25  0.213  32  0.353  32  0.849  10  0.708   0.492 Y  0.450      SignalP-TM
3300029080.a:Ga0169200_100213_9  0.175  31  0.369  21  0.919  17  0.824   0.615 Y  0.450      SignalP-noTM
3300029080.a:Ga0169200_100213_9  0.291  31  0.477  31  0.995  17  0.893   0.673 Y  0.570      SignalP-noTM
3300029080.a:Ga0169200_100213_9  0.441  31  0.635  31  0.990  16  0.939   0.754 Y  0.450      SignalP-TM
3300029080.a:Ga0169200_100238_25  0.357  25  0.482  25  0.883  16  0.577   0.519 Y  0.450      SignalP-TM
3300029080.a:Ga0169200_100238_25  0.665  25  0.704  25  0.974   8  0.760   0.734 Y  0.450      SignalP-noTM
3300029080.a:Ga0169200_100238_27  0.532  26  0.695  26  0.968  10  0.913   0.780 Y  0.450      SignalP-TM
3300029080.a:Ga0169200_100238_27  0.653  26  0.773  26  0.980  18  0.938   0.851 Y  0.570      SignalP-noTM
3300029080.a:Ga0169200_100238_27  0.691  26  0.792  26  0.962  14  0.905   0.853 Y  0.450      SignalP-noTM
3300029080.a:Ga0169200_100238_35  0.156  30  0.358  22  0.986  11  0.959   0.640 Y  0.570      SignalP-noTM
3300029080.a:Ga0169200_100238_35  0.209  32  0.351  32  0.961  10  0.787   0.521 Y  0.450      SignalP-TM
3300029080.a:Ga0169200_100238_35  0.361  22  0.586  22  0.986  14  0.954   0.785 Y  0.450      SignalP-noTM
3300029080.a:Ga0169200_100238_41  0.284  43  0.427  43  0.926  11  0.682   0.526 Y  0.450      SignalP-TM
3300029080.a:Ga0169200_100238_42  0.187  32  0.344  22  0.897  10  0.794   0.519 Y  0.450      SignalP-TM
3300029080.a:Ga0169200_100238_42  0.384  27  0.455  27  0.750   6  0.595   0.511 Y  0.500      SignalP-TM
3300029080.a:Ga0169200_100238_42  0.410  26  0.632  26  0.991  16  0.966   0.789 Y  0.570      SignalP-noTM
3300029080.a:Ga0169200_100271_49  0.177  19  0.412  19  0.971  17  0.955   0.667 Y  0.570      SignalP-noTM
3300029080.a:Ga0169200_100271_49  0.417  35  0.421  35  0.942   4  0.706   0.532 Y  0.450      SignalP-TM
3300029080.a:Ga0169200_100271_49  0.814  23  0.845  23  0.950   4  0.876   0.862 Y  0.450      SignalP-noTM
3300029080.a:Ga0169200_100271_6  0.305  21  0.444  21  0.855   2  0.682   0.539 Y  0.500      SignalP-TM
3300029080.a:Ga0169200_100271_7  0.157  55  0.295  12  0.929   3  0.879   0.523 Y  0.450      SignalP-TM
3300029080.a:Ga0169200_100271_7  0.609  19  0.678  19  0.948   2  0.796   0.725 Y  0.500      SignalP-TM
3300029080.a:Ga0169200_100271_8  0.192  39  0.354  32  0.771  28  0.654   0.471 Y  0.450      SignalP-TM
3300029080.a:Ga0169200_100271_8  0.832  32  0.714  32  0.847   9  0.658   0.691 Y  0.500      SignalP-TM
3300029080.a:Ga0169200_100277_28  0.447  30  0.491  30  0.733   1  0.573   0.523 Y  0.450      SignalP-TM
3300029080.a:Ga0169200_100277_50  0.274  29  0.422  20  0.845   5  0.761   0.554 Y  0.450      SignalP-TM
3300029080.a:Ga0169200_100277_51  0.278  29  0.436  29  0.973  14  0.741   0.601 Y  0.450      SignalP-noTM
3300029080.a:Ga0169200_100277_51  0.540  29  0.606  29  0.986  12  0.842   0.717 Y  0.570      SignalP-noTM
3300029080.a:Ga0169200_100277_51  0.582  29  0.674  29  0.978   8  0.881   0.755 Y  0.450      SignalP-TM
3300029080.a:Ga0169200_100277_55  0.286  17  0.452  17  0.789   5  0.690   0.580 Y  0.450      SignalP-noTM
3300029080.a:Ga0169200_100283_33  0.131  27  0.321  20  0.915   7  0.822   0.592 Y  0.450      SignalP-noTM
3300029080.a:Ga0169200_100283_33  0.274  33  0.438  33  0.989  14  0.865   0.639 Y  0.570      SignalP-noTM
3300029080.a:Ga0169200_100283_33  0.440  36  0.608  36  0.983  16  0.899   0.721 Y  0.450      SignalP-TM
3300029080.a:Ga0169200_100283_39  0.149  31  0.315  31  0.845   7  0.710   0.469 Y  0.450      SignalP-TM
3300029080.a:Ga0169200_100283_45  0.157  28  0.355  28  0.969   9  0.878   0.559 Y  0.450      SignalP-TM
3300029080.a:Ga0169200_100283_45  0.195  25  0.427  25  0.984  11  0.947   0.671 Y  0.570      SignalP-noTM
3300029080.a:Ga0169200_100283_45  0.201  18  0.432  18  0.977   5  0.945   0.709 Y  0.450      SignalP-noTM
3300029080.a:Ga0169200_100283_6  0.146  47  0.288  13  0.861   2  0.798   0.487 Y  0.450      SignalP-TM
3300029080.a:Ga0169200_100293_5  0.351  25  0.558  25  0.940   7  0.885   0.734 Y  0.450      SignalP-noTM
3300029080.a:Ga0169200_100293_5  0.566  28  0.741  28  0.988  19  0.936   0.833 Y  0.570      SignalP-noTM
3300029080.a:Ga0169200_100293_5  0.645  28  0.774  28  0.947  22  0.846   0.802 Y  0.450      SignalP-TM
3300029080.a:Ga0169200_100293_51  0.195  24  0.402  24  0.922  11  0.851   0.577 Y  0.450      SignalP-TM
3300029080.a:Ga0169200_100293_51  0.392  24  0.613  24  0.983  11  0.960   0.776 Y  0.570      SignalP-noTM
3300029080.a:Ga0169200_100293_51  0.587  26  0.733  26  0.982   5  0.919   0.833 Y  0.450      SignalP-noTM
3300029080.a:Ga0169200_100302_1  0.462  32  0.608  32  0.871  17  0.768   0.670 Y  0.450      SignalP-TM
3300029080.a:Ga0169200_100302_1  0.559  32  0.612  32  0.786  28  0.593   0.605 Y  0.510      SignalP-TM
3300029080.a:Ga0169200_100302_1  0.661  32  0.795  32  0.986  23  0.923   0.864 Y  0.450      SignalP-noTM
3300029080.a:Ga0169200_100302_11  0.195  23  0.375  23  0.943   8  0.723   0.563 Y  0.450      SignalP-noTM
3300029080.a:Ga0169200_100302_15  0.275  37  0.448  37  0.965  18  0.858   0.641 Y  0.570      SignalP-noTM
3300029080.a:Ga0169200_100302_15  0.388  48  0.489  32  0.945  28  0.828   0.621 Y  0.450      SignalP-TM
3300029080.a:Ga0169200_100302_16  0.216  26  0.423  26  0.972   5  0.836   0.646 Y  0.450      SignalP-noTM
3300029080.a:Ga0169200_100302_16  0.293  18  0.527  18  0.965  16  0.938   0.720 Y  0.570      SignalP-noTM
3300029080.a:Ga0169200_100302_16  0.634  34  0.729  34  0.959  16  0.890   0.792 Y  0.450      SignalP-TM
3300029080.a:Ga0169200_100302_17  0.129  22  0.288  11  0.790   1  0.711   0.517 Y  0.450      SignalP-noTM
3300029080.a:Ga0169200_100302_17  0.487  29  0.576  29  0.919  14  0.776   0.654 Y  0.450      SignalP-TM
3300029080.a:Ga0169200_100302_4  0.776  23  0.865  23  0.987  20  0.964   0.918 Y  0.450      SignalP-noTM
3300029080.a:Ga0169200_100334_1  0.138  27  0.319  27  0.888  14  0.717   0.534 Y  0.450      SignalP-noTM
3300029080.a:Ga0169200_100334_1  0.221  39  0.379  35  0.996  18  0.914   0.630 Y  0.570      SignalP-noTM
3300029080.a:Ga0169200_100334_1  0.370  35  0.580  35  0.992  17  0.950   0.724 Y  0.450      SignalP-TM
3300029080.a:Ga0169200_100334_14  0.329  27  0.552  27  0.961  12  0.919   0.695 Y  0.450      SignalP-TM
3300029080.a:Ga0169200_100334_14  0.585  28  0.749  28  0.987   7  0.956   0.861 Y  0.450      SignalP-noTM
3300029080.a:Ga0169200_100334_14  0.758  27  0.862  27  0.997  11  0.977   0.916 Y  0.570      SignalP-noTM
3300029080.a:Ga0169200_100334_17  0.233  35  0.371  35  0.848  17  0.687   0.494 Y  0.450      SignalP-TM
3300029080.a:Ga0169200_100334_31  0.320  25  0.467  25  0.859  28  0.666   0.574 Y  0.450      SignalP-noTM
3300029080.a:Ga0169200_100334_31  0.482  32  0.653  32  0.948  12  0.901   0.750 Y  0.450      SignalP-TM
3300029080.a:Ga0169200_100334_31  0.698  32  0.808  32  0.977  14  0.932   0.866 Y  0.570      SignalP-noTM
3300029080.a:Ga0169200_100334_42  0.382  34  0.464  34  0.966  15  0.685   0.583 Y  0.450      SignalP-noTM
3300029080.a:Ga0169200_100334_44  0.179  17  0.406  17  0.963   5  0.930   0.689 Y  0.450      SignalP-noTM
3300029080.a:Ga0169200_100352_1  0.305  35  0.483  35  0.963  19  0.836   0.649 Y  0.570      SignalP-noTM
3300029080.a:Ga0169200_100352_1  0.373  32  0.557  32  0.945  17  0.850   0.672 Y  0.450      SignalP-TM
3300029080.a:Ga0169200_100352_15  0.614  31  0.643  31  0.812  26  0.612   0.630 Y  0.500      SignalP-TM
3300029080.a:Ga0169200_100352_16  0.360  32  0.536  32  0.897  27  0.820   0.647 Y  0.450      SignalP-TM
3300029080.a:Ga0169200_100352_16  0.650  32  0.757  32  0.978  21  0.908   0.828 Y  0.570      SignalP-noTM
3300029080.a:Ga0169200_100352_25  0.161  21  0.361  21  0.910  12  0.823   0.610 Y  0.450      SignalP-noTM
3300029080.a:Ga0169200_100352_25  0.232  34  0.450  34  0.998  17  0.940   0.680 Y  0.570      SignalP-noTM
3300029080.a:Ga0169200_100352_25  0.328  47  0.501  47  0.994  17  0.907   0.660 Y  0.450      SignalP-TM
3300029080.a:Ga0169200_100352_4  0.349  38  0.469  38  0.963  17  0.820   0.606 Y  0.450      SignalP-TM
3300029080.a:Ga0169200_100352_4  0.421  38  0.454  38  0.987  18  0.782   0.608 Y  0.570      SignalP-noTM
3300029080.a:Ga0169200_100352_5  0.158  37  0.295  17  0.857  11  0.778   0.483 Y  0.450      SignalP-TM
3300029080.a:Ga0169200_100368_17  0.175  38  0.323  18  0.960  12  0.924   0.557 Y  0.450      SignalP-TM
3300029080.a:Ga0169200_100368_17  0.468  30  0.649  30  0.987  17  0.896   0.765 Y  0.570      SignalP-noTM
3300029080.a:Ga0169200_100368_20  0.261  18  0.421  18  0.782   2  0.675   0.558 Y  0.450      SignalP-noTM
3300029080.a:Ga0169200_100368_23  0.289  31  0.517  31  0.988  16  0.947   0.685 Y  0.450      SignalP-TM
3300029080.a:Ga0169200_100368_23  0.304  21  0.529  21  0.972  14  0.923   0.742 Y  0.450      SignalP-noTM
3300029080.a:Ga0169200_100368_23  0.324  31  0.517  31  0.996  13  0.914   0.703 Y  0.570      SignalP-noTM
3300029080.a:Ga0169200_100368_31  0.182  21  0.391  21  0.946  23  0.773   0.570 Y  0.570      SignalP-noTM
3300029080.a:Ga0169200_100368_31  0.298  38  0.474  38  0.929  22  0.717   0.569 Y  0.450      SignalP-TM
3300029080.a:Ga0169200_100369_30  0.313  24  0.549  24  0.986  15  0.910   0.719 Y  0.570      SignalP-noTM
3300029080.a:Ga0169200_100369_30  0.472  41  0.510  41  0.965  22  0.788   0.618 Y  0.450      SignalP-TM
3300029080.a:Ga0169200_100380_25  0.639  26  0.776  26  0.970  11  0.942   0.840 Y  0.450      SignalP-TM
3300029080.a:Ga0169200_100380_25  0.779  26  0.871  26  0.995  12  0.969   0.917 Y  0.570      SignalP-noTM
3300029080.a:Ga0169200_100380_25  0.886  26  0.923  26  0.985   7  0.956   0.941 Y  0.450      SignalP-noTM
3300029080.a:Ga0169200_100380_3  0.185  18  0.346  18  0.843   1  0.590   0.478 Y  0.450      SignalP-noTM
3300029080.a:Ga0169200_100389_26  0.364  28  0.551  28  0.974  17  0.901   0.716 Y  0.570      SignalP-noTM
3300029080.a:Ga0169200_100389_26  0.422  36  0.479  36  0.928  14  0.748   0.584 Y  0.450      SignalP-TM
3300029080.a:Ga0169200_100389_26  0.538  28  0.689  28  0.981   7  0.894   0.800 Y  0.450      SignalP-noTM
3300029080.a:Ga0169200_100389_27  0.253  22  0.459  22  0.891   6  0.841   0.608 Y  0.450      SignalP-TM
3300029080.a:Ga0169200_100389_27  0.451  22  0.604  22  0.865   6  0.817   0.683 Y  0.510      SignalP-TM
3300029080.a:Ga0169200_100389_27  0.517  17  0.686  17  0.943  12  0.908   0.775 Y  0.500      SignalP-TM
3300029080.a:Ga0169200_100389_28  0.376  30  0.593  30  0.969  23  0.906   0.715 Y  0.450      SignalP-TM
3300029080.a:Ga0169200_100389_28  0.761  30  0.848  30  0.991  19  0.941   0.898 Y  0.450      SignalP-noTM
3300029080.a:Ga0169200_100389_28  0.818  30  0.883  30  0.989  16  0.945   0.912 Y  0.570      SignalP-noTM
3300029080.a:Ga0169200_100389_5  0.690  26  0.793  26  0.965  14  0.912   0.857 Y  0.450      SignalP-noTM
3300029080.a:Ga0169200_100389_5  0.705  26  0.805  26  0.949  21  0.894   0.840 Y  0.450      SignalP-TM
3300029080.a:Ga0169200_100389_5  0.834  26  0.900  26  0.995  18  0.961   0.929 Y  0.570      SignalP-noTM
3300029080.a:Ga0169200_100397_1  0.398  22  0.561  22  0.848  19  0.784   0.650 Y  0.500      SignalP-TM
3300029080.a:Ga0169200_100397_29  0.176  25  0.406  25  0.956  15  0.914   0.604 Y  0.450      SignalP-TM
3300029080.a:Ga0169200_100397_29  0.223  23  0.454  23  0.957  13  0.929   0.677 Y  0.570      SignalP-noTM
3300029080.a:Ga0169200_100397_29  0.504  27  0.659  27  0.975   6  0.874   0.775 Y  0.450      SignalP-noTM
3300029080.a:Ga0169200_100402_12  0.113  32  0.290  11  0.893   4  0.836   0.503 Y  0.450      SignalP-TM
3300029080.a:Ga0169200_100402_15  0.260  61  0.406  41  0.865  27  0.564   0.468 Y  0.450      SignalP-TM
3300029080.a:Ga0169200_100402_18  0.189  30  0.359  25  0.813  23  0.618   0.460 Y  0.450      SignalP-TM
3300029080.a:Ga0169200_100402_18  0.600  19  0.522  19  0.574   6  0.473   0.502 Y  0.500      SignalP-TM
3300029080.a:Ga0169200_100402_28  0.215  23  0.449  23  0.979   6  0.937   0.712 Y  0.450      SignalP-noTM
3300029080.a:Ga0169200_100402_28  0.243  19  0.487  19  0.989  16  0.970   0.714 Y  0.570      SignalP-noTM
3300029080.a:Ga0169200_100402_28  0.496  29  0.684  29  0.984  15  0.953   0.789 Y  0.450      SignalP-TM
3300029080.a:Ga0169200_100402_6  0.337  24  0.553  24  0.939  19  0.895   0.686 Y  0.450      SignalP-TM
3300029080.a:Ga0169200_100402_6  0.578  24  0.749  24  0.993  15  0.969   0.867 Y  0.450      SignalP-noTM
3300029080.a:Ga0169200_100402_6  0.580  24  0.752  24  0.994  13  0.975   0.857 Y  0.570      SignalP-noTM
3300029080.a:Ga0169200_100426_19  0.203  56  0.405  27  0.965  12  0.889   0.633 Y  0.570      SignalP-noTM
3300029080.a:Ga0169200_100426_19  0.316  22  0.546  22  0.977   5  0.943   0.761 Y  0.450      SignalP-noTM
3300029080.a:Ga0169200_100426_19  0.556  56  0.588  34  0.955  20  0.871   0.699 Y  0.450      SignalP-TM
3300029080.a:Ga0169200_100432_25  0.235  43  0.401  43  0.899  26  0.764   0.543 Y  0.450      SignalP-TM
3300029080.a:Ga0169200_100432_25  0.345  27  0.463  27  0.764  26  0.598   0.513 Y  0.510      SignalP-TM
3300029080.a:Ga0169200_100432_27  0.212  29  0.362  29  0.833   2  0.710   0.497 Y  0.450      SignalP-TM
3300029080.a:Ga0169200_100432_27  0.310  28  0.474  28  0.857   9  0.768   0.612 Y  0.570      SignalP-noTM
3300029080.a:Ga0169200_100432_27  0.333  28  0.463  28  0.911   9  0.673   0.576 Y  0.450      SignalP-noTM
3300029080.a:Ga0169200_100437_18  0.238  34  0.436  26  0.977  11  0.939   0.672 Y  0.570      SignalP-noTM
3300029080.a:Ga0169200_100437_18  0.604  40  0.685  40  0.972  18  0.876   0.759 Y  0.450      SignalP-TM
3300029080.a:Ga0169200_100437_27  0.247  33  0.345  33  0.860  16  0.657   0.466 Y  0.450      SignalP-TM
3300029080.a:Ga0169200_100437_28  0.497  31  0.620  31  0.884  30  0.785   0.709 Y  0.450      SignalP-noTM
3300029080.a:Ga0169200_100437_28  0.613  31  0.752  31  0.963  24  0.916   0.816 Y  0.450      SignalP-TM
3300029080.a:Ga0169200_100437_28  0.651  31  0.776  31  0.968  25  0.929   0.848 Y  0.570      SignalP-noTM
3300029080.a:Ga0169200_100437_29  0.205  23  0.446  23  0.989  13  0.970   0.692 Y  0.570      SignalP-noTM
3300029080.a:Ga0169200_100437_29  0.210  29  0.422  29  0.976   8  0.912   0.613 Y  0.450      SignalP-TM
3300029080.a:Ga0169200_100437_29  0.318  29  0.501  29  0.982  15  0.825   0.676 Y  0.450      SignalP-noTM
3300029080.a:Ga0169200_100437_30  0.239  29  0.440  23  0.983   8  0.958   0.683 Y  0.570      SignalP-noTM
3300029080.a:Ga0169200_100437_30  0.271  29  0.457  29  0.966  12  0.868   0.617 Y  0.450      SignalP-TM
3300029080.a:Ga0169200_100437_30  0.299  29  0.485  29  0.979  15  0.820   0.666 Y  0.450      SignalP-noTM
3300029080.a:Ga0169200_100437_7  0.193  22  0.407  22  0.930   6  0.862   0.653 Y  0.450      SignalP-noTM
3300029080.a:Ga0169200_100437_7  0.215  22  0.422  22  0.922   9  0.844   0.587 Y  0.450      SignalP-TM
3300029080.a:Ga0169200_100437_7  0.243  22  0.442  22  0.926   3  0.846   0.632 Y  0.570      SignalP-noTM
3300029080.a:Ga0169200_100437_8  0.138  30  0.319  26  0.910   8  0.763   0.559 Y  0.450      SignalP-noTM
3300029080.a:Ga0169200_100437_8  0.441  37  0.523  34  0.990  17  0.855   0.679 Y  0.570      SignalP-noTM
3300029080.a:Ga0169200_100437_8  0.602  37  0.695  37  0.985  16  0.900   0.775 Y  0.450      SignalP-TM
3300029080.a:Ga0169200_100446_16  0.622  25  0.750  25  0.988  14  0.907   0.835 Y  0.450      SignalP-noTM
3300029080.a:Ga0169200_100446_16  0.628  25  0.722  25  0.970  13  0.878   0.783 Y  0.450      SignalP-TM
3300029080.a:Ga0169200_100446_16  0.684  25  0.784  25  0.990  18  0.931   0.853 Y  0.570      SignalP-noTM
3300029080.a:Ga0169200_100446_25  0.156  32  0.348  27  0.887  23  0.777   0.515 Y  0.450      SignalP-TM
3300029080.a:Ga0169200_100446_28  0.456  26  0.539  26  0.897  10  0.652   0.600 Y  0.450      SignalP-noTM
3300029080.a:Ga0169200_100446_3  0.849  30  0.901  30  0.995  19  0.949   0.927 Y  0.450      SignalP-noTM
3300029080.a:Ga0169200_100446_4  0.244  31  0.437  31  0.971  17  0.858   0.635 Y  0.570      SignalP-noTM
3300029080.a:Ga0169200_100446_4  0.453  31  0.613  31  0.959  17  0.887   0.720 Y  0.450      SignalP-TM
3300029080.a:Ga0169200_100446_7  0.305  34  0.441  34  0.943  15  0.804   0.612 Y  0.570      SignalP-noTM
3300029080.a:Ga0169200_100446_7  0.543  34  0.681  34  0.965  16  0.883   0.760 Y  0.450      SignalP-TM
3300029080.a:Ga0169200_100454_1  0.180  26  0.368  26  0.930   2  0.820   0.580 Y  0.570      SignalP-noTM
3300029080.a:Ga0169200_100454_1  0.240  46  0.358  26  0.909  10  0.850   0.550 Y  0.450      SignalP-TM
3300029080.a:Ga0169200_100454_1  0.385  28  0.502  28  0.885   2  0.692   0.604 Y  0.450      SignalP-noTM
3300029080.a:Ga0169200_100454_13  0.192  33  0.383  33  0.980  17  0.861   0.570 Y  0.450      SignalP-TM
3300029080.a:Ga0169200_100454_13  0.287  33  0.471  25  0.986  17  0.927   0.685 Y  0.570      SignalP-noTM
3300029080.a:Ga0169200_100487_17  0.169  31  0.394  31  0.953  23  0.922   0.600 Y  0.450      SignalP-TM
3300029080.a:Ga0169200_100487_17  0.227  34  0.401  34  0.936  18  0.768   0.599 Y  0.450      SignalP-noTM
3300029080.a:Ga0169200_100487_17  0.265  31  0.492  31  0.975  23  0.932   0.699 Y  0.570      SignalP-noTM
3300029080.a:Ga0169200_100487_18  0.161  26  0.328  26  0.842  19  0.668   0.512 Y  0.450      SignalP-noTM
3300029080.a:Ga0169200_100487_18  0.285  36  0.368  36  0.922  17  0.698   0.497 Y  0.450      SignalP-TM
3300029080.a:Ga0169200_100487_6  0.677  31  0.703  31  0.896   9  0.797   0.740 Y  0.450      SignalP-TM
3300029080.a:Ga0169200_100487_6  0.755  31  0.837  31  0.983  17  0.926   0.885 Y  0.450      SignalP-noTM
3300029080.a:Ga0169200_100487_6  0.860  31  0.902  31  0.984  16  0.947   0.923 Y  0.570      SignalP-noTM
3300029080.a:Ga0169200_100493_7  0.227  24  0.464  24  0.986   8  0.950   0.726 Y  0.450      SignalP-noTM
3300029080.a:Ga0169200_100493_7  0.232  31  0.419  31  0.962  13  0.866   0.629 Y  0.570      SignalP-noTM
3300029080.a:Ga0169200_100514_19  0.171  39  0.332  28  0.866  21  0.687   0.470 Y  0.450      SignalP-TM
3300029080.a:Ga0169200_100514_6  0.502  20  0.609  20  0.822  10  0.742   0.662 Y  0.500      SignalP-TM
3300029080.a:Ga0169200_100584_17  0.208  28  0.358  28  0.836   9  0.600   0.489 Y  0.450      SignalP-noTM
3300029080.a:Ga0169200_100584_17  0.385  41  0.504  38  0.973  15  0.885   0.653 Y  0.450      SignalP-TM
3300029080.a:Ga0169200_100584_17  0.577  28  0.745  28  0.993  15  0.946   0.839 Y  0.570      SignalP-noTM
3300029080.a:Ga0169200_100589_15  0.184  23  0.403  23  0.963   5  0.885   0.663 Y  0.450      SignalP-noTM
3300029080.a:Ga0169200_100592_14  0.136  23  0.356  23  0.968  10  0.943   0.632 Y  0.570      SignalP-noTM
3300029080.a:Ga0169200_100592_14  0.213  34  0.294  13  0.908   6  0.861   0.515 Y  0.450      SignalP-TM
3300029080.a:Ga0169200_100592_14  0.565  27  0.718  27  0.983   7  0.917   0.826 Y  0.450      SignalP-noTM
3300029080.a:Ga0169200_100592_19  0.189  24  0.430  24  0.994  10  0.976   0.687 Y  0.570      SignalP-noTM
3300029080.a:Ga0169200_100592_19  0.235  24  0.468  24  0.971  10  0.938   0.651 Y  0.450      SignalP-TM
3300029080.a:Ga0169200_100592_19  0.398  24  0.612  24  0.991  14  0.942   0.791 Y  0.450      SignalP-noTM
3300029080.a:Ga0169200_100592_3  0.388  25  0.469  25  0.909   4  0.687   0.556 Y  0.500      SignalP-TM
3300029080.a:Ga0169200_100592_4  0.269  30  0.455  30  0.914  12  0.834   0.603 Y  0.450      SignalP-TM
3300029080.a:Ga0169200_100592_4  0.415  30  0.627  30  0.990  18  0.943   0.798 Y  0.450      SignalP-noTM
3300029080.a:Ga0169200_100592_4  0.480  30  0.684  30  0.992  21  0.967   0.817 Y  0.570      SignalP-noTM
3300029080.a:Ga0169200_100605_15  0.186  23  0.412  23  0.969   6  0.915   0.684 Y  0.450      SignalP-noTM
3300029080.a:Ga0169200_100605_15  0.230  24  0.474  24  0.988  18  0.973   0.708 Y  0.570      SignalP-noTM
3300029080.a:Ga0169200_100605_15  0.358  40  0.550  30  0.990  14  0.972   0.715 Y  0.450      SignalP-TM
3300029080.a:Ga0169200_100605_6  0.461  41  0.624  41  0.987  25  0.744   0.681 Y  0.570      SignalP-noTM
3300029080.a:Ga0169200_100605_6  0.672  49  0.594  49  0.949  28  0.668   0.623 Y  0.450      SignalP-TM
3300029080.a:Ga0169200_100607_5  0.238  33  0.410  29  0.974  16  0.876   0.592 Y  0.450      SignalP-TM
3300029080.a:Ga0169200_100607_5  0.285  18  0.514  18  0.976   5  0.945   0.747 Y  0.450      SignalP-noTM
3300029080.a:Ga0169200_100607_5  0.302  33  0.451  23  0.976  10  0.935   0.679 Y  0.570      SignalP-noTM
3300029080.a:Ga0169200_100615_10  0.226  27  0.435  27  0.977  10  0.902   0.655 Y  0.570      SignalP-noTM
3300029080.a:Ga0169200_100615_10  0.345  27  0.546  27  0.961  12  0.901   0.684 Y  0.450      SignalP-TM
3300029080.a:Ga0169200_100615_10  0.392  27  0.592  27  0.981  16  0.897   0.757 Y  0.450      SignalP-noTM
3300029080.a:Ga0169200_100674_10  0.611  20  0.568  20  0.729   2  0.555   0.563 Y  0.500      SignalP-TM
3300029080.a:Ga0169200_100674_16  0.401  30  0.496  30  0.856  13  0.684   0.569 Y  0.450      SignalP-TM
3300029080.a:Ga0169200_100674_16  0.608  30  0.541  30  0.717  11  0.532   0.537 Y  0.510      SignalP-TM
3300029080.a:Ga0169200_100677_7  0.441  29  0.630  24  0.982  15  0.951   0.803 Y  0.450      SignalP-noTM
3300029080.a:Ga0169200_100677_7  0.601  29  0.739  29  0.976  13  0.933   0.814 Y  0.450      SignalP-TM
3300029080.a:Ga0169200_100677_7  0.802  29  0.880  29  0.996  18  0.971   0.923 Y  0.570      SignalP-noTM
3300029080.a:Ga0169200_100702_8  0.216  30  0.446  30  0.985  13  0.942   0.679 Y  0.570      SignalP-noTM
3300029080.a:Ga0169200_100702_8  0.241  36  0.429  30  0.959  16  0.931   0.625 Y  0.450      SignalP-TM
3300029080.a:Ga0169200_100702_8  0.574  30  0.735  30  0.980  13  0.936   0.843 Y  0.450      SignalP-noTM
3300029080.a:Ga0169200_100704_11  0.216  33  0.314  30  0.905  15  0.687   0.459 Y  0.450      SignalP-TM
3300029080.a:Ga0169200_100704_4  0.407  24  0.622  24  0.967   8  0.948   0.749 Y  0.450      SignalP-TM
3300029080.a:Ga0169200_100704_4  0.854  24  0.892  24  0.967   5  0.929   0.912 Y  0.450      SignalP-noTM
3300029080.a:Ga0169200_100704_4  0.862  24  0.916  24  0.991  10  0.967   0.940 Y  0.570      SignalP-noTM
3300029080.a:Ga0169200_100704_9  0.445  27  0.538  27  0.809  22  0.671   0.591 Y  0.500      SignalP-TM
3300029080.a:Ga0169200_100728_12  0.364  30  0.548  30  0.922  29  0.744   0.624 Y  0.450      SignalP-TM
3300029080.a:Ga0169200_100728_12  0.372  31  0.585  31  0.974  21  0.899   0.754 Y  0.450      SignalP-noTM
3300029080.a:Ga0169200_100728_5  0.210  23  0.441  23  0.961  14  0.928   0.704 Y  0.450      SignalP-noTM
3300029080.a:Ga0169200_100728_5  0.230  31  0.383  25  0.930  17  0.865   0.609 Y  0.570      SignalP-noTM
3300029080.a:Ga0169200_100728_5  0.413  31  0.598  31  0.928  23  0.797   0.676 Y  0.450      SignalP-TM
3300029080.a:Ga0169200_100728_6  0.310  29  0.482  27  0.947  14  0.840   0.621 Y  0.450      SignalP-TM
3300029080.a:Ga0169200_100728_6  0.603  21  0.760  21  0.976  19  0.942   0.846 Y  0.570      SignalP-noTM
3300029080.a:Ga0169200_100728_6  0.787  29  0.766  29  0.933  14  0.778   0.772 Y  0.450      SignalP-noTM
3300029080.a:Ga0169200_100734_14  0.205  36  0.382  32  0.941  20  0.824   0.590 Y  0.570      SignalP-noTM
3300029080.a:Ga0169200_100734_14  0.360  32  0.567  32  0.964  19  0.889   0.692 Y  0.450      SignalP-TM
3300029080.a:Ga0169200_100745_17  0.204  40  0.334  40  0.927  10  0.695   0.475 Y  0.450      SignalP-TM
3300029080.a:Ga0169200_100751_8  0.576  52  0.674  52  0.871  42  0.574   0.635 Y  0.450      SignalP-TM
3300029080.a:Ga0169200_100805_11  0.206  28  0.412  28  0.977  13  0.896   0.639 Y  0.570      SignalP-noTM
3300029080.a:Ga0169200_100805_11  0.229  18  0.458  18  0.971   5  0.936   0.716 Y  0.450      SignalP-noTM
3300029080.a:Ga0169200_100805_11  0.435  35  0.566  35  0.974  16  0.862   0.681 Y  0.450      SignalP-TM
3300029080.a:Ga0169200_100840_8  0.498  25  0.647  25  0.952   8  0.865   0.732 Y  0.450      SignalP-TM
3300029080.a:Ga0169200_100840_8  0.668  25  0.806  25  0.994  14  0.974   0.885 Y  0.570      SignalP-noTM
3300029080.a:Ga0169200_100840_8  0.855  25  0.903  25  0.992  14  0.955   0.931 Y  0.450      SignalP-noTM
3300029080.a:Ga0169200_100877_7  0.327  32  0.533  32  0.990  20  0.925   0.717 Y  0.570      SignalP-noTM
3300029080.a:Ga0169200_100877_7  0.410  32  0.585  32  0.974  17  0.888   0.703 Y  0.450      SignalP-TM
3300029080.a:Ga0169200_100877_7  0.501  32  0.657  32  0.977  19  0.879   0.777 Y  0.450      SignalP-noTM
3300029080.a:Ga0169200_100877_8  0.146  25  0.374  25  0.986  20  0.820   0.583 Y  0.570      SignalP-noTM
3300029080.a:Ga0169200_100915_6  0.159  25  0.332  22  0.917   8  0.787   0.510 Y  0.450      SignalP-TM
3300029080.a:Ga0169200_100915_6  0.531  22  0.568  22  0.898   5  0.715   0.622 Y  0.510      SignalP-TM
3300029080.a:Ga0169200_100915_6  0.605  22  0.518  22  0.839   4  0.552   0.531 Y  0.500      SignalP-TM
3300029080.a:Ga0169200_101044_5  0.226  53  0.344  53  0.830  28  0.621   0.452 Y  0.450      SignalP-TM
3300029080.a:Ga0169200_101044_6  0.171  31  0.363  18  0.978   5  0.955   0.682 Y  0.450      SignalP-noTM
3300029080.a:Ga0169200_101044_6  0.329  32  0.557  32  0.976  15  0.950   0.711 Y  0.450      SignalP-TM
3300029080.a:Ga0169200_101044_6  0.338  23  0.570  23  0.987  11  0.961   0.754 Y  0.570      SignalP-noTM
3300029080.a:Ga0169200_101044_7  0.731  19  0.585  19  0.601   6  0.460   0.535 Y  0.500      SignalP-TM
3300029080.a:Ga0169200_101172_5  0.468  30  0.533  30  0.769   7  0.660   0.583 Y  0.450      SignalP-TM
3300029080.a:Ga0169200_101172_5  0.698  30  0.805  28  0.977  18  0.949   0.883 Y  0.450      SignalP-noTM
3300029080.a:Ga0169200_101180_3  0.138  28  0.292  12  0.891   3  0.860   0.513 Y  0.450      SignalP-TM
3300029080.a:Ga0169200_101180_3  0.570  27  0.711  27  0.981   7  0.895   0.810 Y  0.450      SignalP-noTM
3300029080.a:Ga0169200_101268_1  0.206  27  0.338  20  0.820   5  0.669   0.517 Y  0.450      SignalP-noTM
3300029080.a:Ga0169200_101342_1  0.158  28  0.366  22  0.971   9  0.949   0.640 Y  0.570      SignalP-noTM
3300029080.a:Ga0169200_101342_1  0.236  20  0.475  20  0.980   6  0.957   0.735 Y  0.450      SignalP-noTM
3300029080.a:Ga0169200_101342_1  0.460  30  0.564  30  0.915  12  0.800   0.656 Y  0.450      SignalP-TM
3300029080.a:Ga0169200_101342_2  0.186  19  0.420  19  0.979   5  0.952   0.707 Y  0.450      SignalP-noTM
3300029080.a:Ga0169200_101342_2  0.217  64  0.326  29  0.924   4  0.741   0.488 Y  0.450      SignalP-TM
3300029080.a:Ga0169200_101342_2  0.224  21  0.453  21  0.959   8  0.927   0.675 Y  0.570      SignalP-noTM
3300029080.a:Ga0169200_101342_3  0.221  19  0.453  19  0.966  14  0.930   0.711 Y  0.450      SignalP-noTM
3300029080.a:Ga0169200_101342_3  0.422  19  0.645  19  0.993  17  0.976   0.800 Y  0.570      SignalP-noTM
3300029080.a:Ga0169200_101342_3  0.439  30  0.641  30  0.988  16  0.947   0.760 Y  0.450      SignalP-TM
