HTH_3	55	3300028569.a:Ga0247843_1000174_101	49	3.6e-10	10	51	1	42	0.7454545454545455
HTH_1	60	3300028569.a:Ga0247843_1000174_15	296	2.5e-24	2	60	11	69	0.9666666666666667
HTH_1	60	3300028569.a:Ga0247843_1000174_19	307	3.2e-22	2	60	9	67	0.9666666666666667
Trans_reg_C	77	3300028569.a:Ga0247843_1000174_25	227	6.8e-24	4	77	150	222	0.948051948051948
GerE	57	3300028569.a:Ga0247843_1000174_39	214	5.1e-21	2	56	151	205	0.9473684210526315
GerE	57	3300028569.a:Ga0247843_1000174_6	225	1e-16	2	57	161	216	0.9649122807017544
SpoVT_AbrB	46	3300028569.a:Ga0247843_1000174_98	77	2e-06	1	36	8	44	0.7608695652173914
Fe_dep_repress	60	3300028569.a:Ga0247843_1000271_103	150	1.5e-21	4	60	15	71	0.9333333333333333
HTH_5	47	3300028569.a:Ga0247843_1000682_2	126	1.3e-14	3	47	44	88	0.9361702127659575
SpoVT_AbrB	46	3300028569.a:Ga0247843_1000713_30	69	2.5e-06	1	27	4	30	0.5652173913043478
GerE	57	3300028569.a:Ga0247843_1000759_22	228	7.6e-17	3	56	155	208	0.9298245614035088
GerE	57	3300028569.a:Ga0247843_1000809_8	214	1.3e-20	3	57	152	206	0.9473684210526315
HTH_1	60	3300028569.a:Ga0247843_1000871_36	332	6.9e-23	1	59	3	61	0.9666666666666667
HTH_8	42	3300028569.a:Ga0247843_1000913_2	459	5.1e-07	2	42	414	454	0.9523809523809523
HTH_3	55	3300028569.a:Ga0247843_1000966_16	87	5.1e-13	3	55	27	79	0.9454545454545454
HTH_3	55	3300028569.a:Ga0247843_1000966_37	88	8.7e-11	1	55	25	79	0.9818181818181818
HTH_1	60	3300028569.a:Ga0247843_1000966_41	310	7.5e-22	2	60	4	62	0.9666666666666667
HTH_AraC	42	3300028569.a:Ga0247843_1000966_44	247	2.6e-07	2	37	152	187	0.8333333333333334
HTH_AraC	42	3300028569.a:Ga0247843_1000966_44	247	1.1e-09	6	41	205	241	0.8333333333333334
HTH_3	55	3300028569.a:Ga0247843_1001193_19	377	5.4e-17	4	55	11	62	0.9272727272727272
PSK_trans_fac	82	3300028569.a:Ga0247843_1001193_31	69	4.1e-05	13	44	11	44	0.3780487804878049
HTH_3	55	3300028569.a:Ga0247843_1001193_36	340	7.4e-13	7	55	2	50	0.8727272727272727
TrmB	68	3300028569.a:Ga0247843_1001193_7	302	6.7e-05	10	54	137	181	0.6470588235294118
GerE	57	3300028569.a:Ga0247843_1001214_21	213	2.1e-17	2	55	151	204	0.9298245614035088
HTH_AraC	42	3300028569.a:Ga0247843_1001214_25	289	1.4e-05	1	42	188	229	0.9761904761904762
HTH_AraC	42	3300028569.a:Ga0247843_1001214_25	289	3.7e-10	7	41	243	278	0.8095238095238095
HTH_AraC	42	3300028569.a:Ga0247843_1001214_9	287	9.5e-11	6	42	195	231	0.8571428571428571
HTH_AraC	42	3300028569.a:Ga0247843_1001214_9	287	3.4e-09	7	41	245	280	0.8095238095238095
HTH_5	47	3300028569.a:Ga0247843_1001224_27	120	7.8e-06	1	46	30	76	0.9574468085106383
HTH_AraC	42	3300028569.a:Ga0247843_1001260_24	315	5.3e-09	7	38	206	237	0.7380952380952381
HTH_AraC	42	3300028569.a:Ga0247843_1001260_24	315	2.7e-08	2	41	253	290	0.9285714285714286
HTH_1	60	3300028569.a:Ga0247843_1001417_12	308	7.4e-13	1	60	13	72	0.9833333333333333
GntR	64	3300028569.a:Ga0247843_1001432_17	136	3.5e-19	1	64	22	85	0.984375
HTH_5	47	3300028569.a:Ga0247843_1001432_34	119	4.6e-08	3	43	32	73	0.851063829787234
HTH_5	47	3300028569.a:Ga0247843_1001432_8	172	2.2e-13	1	47	38	84	0.9787234042553191
Fez1	198	3300028569.a:Ga0247843_1001453_29	734	7.5e-05	29	114	511	596	0.4292929292929293
GerE	57	3300028569.a:Ga0247843_1001453_31	193	2.5e-22	2	57	122	177	0.9649122807017544
Trans_reg_C	77	3300028569.a:Ga0247843_1001453_4	241	1.5e-26	2	77	150	226	0.974025974025974
Rrf2	83	3300028569.a:Ga0247843_1001494_15	181	1.5e-22	1	83	1	85	0.9879518072289156
HTH_8	42	3300028569.a:Ga0247843_1001772_16	450	6.3e-10	2	42	406	445	0.9523809523809523
GerE	57	3300028569.a:Ga0247843_1001781_17	217	1.4e-16	2	57	151	206	0.9649122807017544
MarR	59	3300028569.a:Ga0247843_1001825_17	186	2.2e-05	17	57	58	98	0.6779661016949152
HTH_3	55	3300028569.a:Ga0247843_1002073_22	358	3.2e-06	26	53	2	29	0.4909090909090909
HTH_1	60	3300028569.a:Ga0247843_1002210_14	327	7.7e-16	2	60	31	89	0.9666666666666667
GerE	57	3300028569.a:Ga0247843_1002267_11	197	7.9e-05	3	47	138	183	0.7719298245614035
Rrf2	83	3300028569.a:Ga0247843_1002464_17	53	1.2e-06	1	36	1	38	0.42168674698795183
HTH_5	47	3300028569.a:Ga0247843_1002464_29	135	8.7e-15	2	45	47	91	0.9148936170212766
FUR	120	3300028569.a:Ga0247843_1002513_5	161	3.9e-27	2	117	16	133	0.9583333333333334
Pencillinase_R	115	3300028569.a:Ga0247843_1002526_11	120	5.5e-22	9	114	1	108	0.9130434782608695
Trans_reg_C	77	3300028569.a:Ga0247843_1002526_17	247	4.3e-26	3	77	166	240	0.961038961038961
TrmB	68	3300028569.a:Ga0247843_1002572_17	174	9.2e-06	5	60	27	85	0.8088235294117647
GerE	57	3300028569.a:Ga0247843_1002582_22	230	5.8e-18	3	55	170	222	0.9122807017543859
MerR	38	3300028569.a:Ga0247843_1002674_11	310	2.4e-07	2	38	5	41	0.9473684210526315
Rrf2	83	3300028569.a:Ga0247843_1002674_23	150	1.8e-26	1	82	1	82	0.9759036144578314
FUR	120	3300028569.a:Ga0247843_1002674_8	169	2.1e-17	2	119	31	149	0.975
SpoVT_AbrB	46	3300028569.a:Ga0247843_1002826_22	89	6.8e-07	6	38	8	40	0.6956521739130435
HTH_8	42	3300028569.a:Ga0247843_1003088_15	456	1.5e-09	6	39	412	445	0.7857142857142857
HTH_1	60	3300028569.a:Ga0247843_1003141_20	301	1.1e-23	2	60	8	66	0.9666666666666667
FUR	120	3300028569.a:Ga0247843_1003169_10	151	2.3e-27	3	93	25	114	0.75
Pencillinase_R	115	3300028569.a:Ga0247843_1003169_18	126	1.1e-33	1	114	6	120	0.9826086956521739
Trans_reg_C	77	3300028569.a:Ga0247843_1003186_14	221	2.5e-22	2	77	145	216	0.974025974025974
HTH_3	55	3300028569.a:Ga0247843_1003258_15	78	2e-08	1	53	11	63	0.9454545454545454
Arc	50	3300028569.a:Ga0247843_1003258_24	83	3.2e-07	12	45	10	43	0.66
HTH_3	55	3300028569.a:Ga0247843_1003258_6	124	4.1e-07	1	46	21	66	0.8181818181818182
HTH_AraC	42	3300028569.a:Ga0247843_1003315_10	257	5.7e-10	1	40	158	197	0.9285714285714286
HTH_AraC	42	3300028569.a:Ga0247843_1003315_10	257	4.4e-08	10	41	216	248	0.7380952380952381
Trans_reg_C	77	3300028569.a:Ga0247843_1003792_14	238	9.7e-29	1	77	149	222	0.987012987012987
HTH_8	42	3300028569.a:Ga0247843_1003946_13	476	1.9e-17	4	40	425	461	0.8571428571428571
GerE	57	3300028569.a:Ga0247843_1004136_18	213	1.1e-19	2	57	148	203	0.9649122807017544
HTH_3	55	3300028569.a:Ga0247843_1004214_17	94	1.6e-13	1	54	28	81	0.9636363636363636
GntR	64	3300028569.a:Ga0247843_1004358_11	356	2.4e-13	5	64	16	73	0.921875
GntR	64	3300028569.a:Ga0247843_1004531_12	231	2e-18	4	64	25	84	0.9375
DUF24	91	3300028569.a:Ga0247843_1004531_16	131	3.4e-18	1	88	19	106	0.9560439560439561
HTH_AraC	42	3300028569.a:Ga0247843_1004809_5	299	7.1e-05	14	36	205	227	0.5238095238095238
HTH_AraC	42	3300028569.a:Ga0247843_1004809_5	299	2.6e-09	6	42	246	283	0.8571428571428571
MarR	59	3300028569.a:Ga0247843_1004816_3	152	1.7e-15	3	59	43	99	0.9491525423728814
GerE	57	3300028569.a:Ga0247843_1004855_2	191	9.6e-05	5	35	141	172	0.5263157894736842
GntR	64	3300028569.a:Ga0247843_1004944_7	258	2.2e-16	4	64	10	70	0.9375
MerR	38	3300028569.a:Ga0247843_1005081_13	87	1.2e-07	5	29	15	38	0.631578947368421
HTH_AraC	42	3300028569.a:Ga0247843_1005225_3	289	8.9e-06	10	32	206	228	0.5238095238095238
HTH_AraC	42	3300028569.a:Ga0247843_1005225_3	289	2.6e-07	11	39	256	285	0.6666666666666666
HTH_5	47	3300028569.a:Ga0247843_1005302_3	110	1.1e-10	2	45	25	68	0.9148936170212766
GntR	64	3300028569.a:Ga0247843_1005307_7	238	4.6e-17	3	64	14	76	0.953125
Pencillinase_R	115	3300028569.a:Ga0247843_1005330_8	135	2.8e-37	1	114	13	126	0.9826086956521739
Trans_reg_C	77	3300028569.a:Ga0247843_1005464_6	228	8.5e-26	2	77	151	226	0.974025974025974
GerE	57	3300028569.a:Ga0247843_1006587_10	224	1.1e-21	3	57	161	215	0.9473684210526315
HTH_3	55	3300028569.a:Ga0247843_1006728_14	125	1.6e-09	4	37	67	100	0.6
HTH_3	55	3300028569.a:Ga0247843_1007558_12	99	9.9e-11	7	49	20	62	0.7636363636363637
DUF24	91	3300028569.a:Ga0247843_1008748_5	120	9.6e-22	1	89	28	116	0.967032967032967
GerE	57	3300028569.a:Ga0247843_1009044_2	203	1.7e-16	2	55	140	193	0.9298245614035088
GerE	57	3300028569.a:Ga0247843_1009304_7	205	4.1e-21	3	57	144	198	0.9473684210526315
PadR	75	3300028569.a:Ga0247843_1009626_10	102	3.4e-10	17	74	32	84	0.76
HTH_5	47	3300028569.a:Ga0247843_1010138_2	313	8e-15	1	46	13	58	0.9574468085106383
HTH_3	55	3300028569.a:Ga0247843_1011823_4	370	3.9e-08	8	51	24	67	0.7818181818181819
LexA_DNA_bind	65	3300028569.a:Ga0247843_1012859_3	206	1.3e-21	3	65	6	68	0.9538461538461539
HTH_1	60	3300028569.a:Ga0247843_1014179_3	239	6e-05	17	43	183	209	0.43333333333333335
GerE	57	3300028569.a:Ga0247843_1014689_8	221	4.7e-05	15	37	181	203	0.38596491228070173
TrmB	68	3300028569.a:Ga0247843_1014824_7	273	9.9e-06	22	58	41	77	0.5294117647058824
HTH_3	55	3300028569.a:Ga0247843_1017251_2	87	1.9e-06	1	53	25	77	0.9454545454545454
HTH_DeoR	57	3300028569.a:Ga0247843_1027337_1	135	1.1e-05	24	45	91	112	0.3684210526315789
GntR	64	3300028569.a:Ga0247843_1031850_4	134	5.1e-05	11	50	65	103	0.609375
GerE	57	3300028569.a:Ga0247843_1034533_3	378	2.7e-13	2	56	321	375	0.9473684210526315
