TetR_N	47	3300011811.a:Ga0121235_100005_10	132	1e-12	7	47	18	58	0.851063829787234
Pribosyltran	159	3300011811.a:Ga0121235_100005_116	204	1.4e-14	26	134	61	165	0.6792452830188679
HTH_10	53	3300011811.a:Ga0121235_100005_136	41	1.5e-05	1	26	3	28	0.4716981132075472
DeoRC	160	3300011811.a:Ga0121235_100005_149	232	4.3e-09	4	59	6	66	0.34375
HD	122	3300011811.a:Ga0121235_100005_16	453	4.2e-12	1	121	60	186	0.9836065573770492
SBP_bac_3	225	3300011811.a:Ga0121235_100005_168	492	7.1e-56	1	220	48	267	0.9733333333333334
Pribosyltran	159	3300011811.a:Ga0121235_100005_175	541	1.2e-07	30	124	308	411	0.5911949685534591
NUDIX	131	3300011811.a:Ga0121235_100005_179	154	6e-17	10	128	15	127	0.9007633587786259
Pribosyltran	159	3300011811.a:Ga0121235_100005_185	188	6.2e-25	12	158	21	165	0.9182389937106918
SIS	131	3300011811.a:Ga0121235_100005_194	602	1.1e-29	4	130	295	420	0.9618320610687023
SIS	131	3300011811.a:Ga0121235_100005_194	602	1.8e-19	2	129	458	582	0.9694656488549618
PfkB	302	3300011811.a:Ga0121235_100005_201	315	1.9e-64	2	301	14	307	0.9900662251655629
Pribosyltran	159	3300011811.a:Ga0121235_100005_207	325	4e-14	28	130	164	258	0.6415094339622641
Aminotran_1_2	363	3300011811.a:Ga0121235_100005_213	394	1.3e-71	2	363	30	385	0.9944903581267218
Aminotran_1_2	363	3300011811.a:Ga0121235_100005_218	400	4.1e-64	2	355	36	379	0.9724517906336089
GAF	133	3300011811.a:Ga0121235_100005_22	160	7.5e-08	43	127	73	152	0.631578947368421
Nitroreductase	170	3300011811.a:Ga0121235_100005_220	200	4.4e-18	3	169	9	177	0.9764705882352941
LacI	46	3300011811.a:Ga0121235_100005_222	315	1.4e-19	2	46	4	48	0.9565217391304348
Peripla_BP_3	164	3300011811.a:Ga0121235_100005_222	315	2e-30	1	164	157	312	0.9939024390243902
TOBE	64	3300011811.a:Ga0121235_100005_233	368	1.8e-09	3	63	301	356	0.9375
SBP_bac_1	315	3300011811.a:Ga0121235_100005_234	411	1.7e-24	5	315	51	322	0.9841269841269841
LacI	46	3300011811.a:Ga0121235_100005_237	339	3.7e-17	1	46	3	48	0.9782608695652174
Peripla_BP_1	279	3300011811.a:Ga0121235_100005_237	339	4.3e-05	65	195	130	251	0.4659498207885305
HTH_1	60	3300011811.a:Ga0121235_100005_239	516	5.1e-05	12	45	466	499	0.55
HD	122	3300011811.a:Ga0121235_100005_265	316	8.2e-11	2	121	161	280	0.9754098360655737
EPSP_synthase	417	3300011811.a:Ga0121235_100005_281	432	1.9e-118	4	416	9	425	0.988009592326139
SKI	158	3300011811.a:Ga0121235_100005_283	267	3e-46	1	155	14	167	0.9746835443037974
Ammonium_transp	399	3300011811.a:Ga0121235_100005_289	399	2.1e-106	1	396	7	395	0.9899749373433584
LacI	46	3300011811.a:Ga0121235_100005_29	336	1.1e-21	1	46	8	53	0.9782608695652174
Peripla_BP_1	279	3300011811.a:Ga0121235_100005_29	336	4e-31	2	272	65	322	0.967741935483871
ACT	67	3300011811.a:Ga0121235_100005_298	453	7.8e-06	6	38	395	427	0.47761194029850745
Rhodanese	107	3300011811.a:Ga0121235_100005_3	134	1.5e-14	2	105	38	128	0.9626168224299065
ACT	67	3300011811.a:Ga0121235_100005_300	429	1.9e-05	3	64	353	414	0.9104477611940298
PALP	294	3300011811.a:Ga0121235_100005_301	488	1.3e-17	29	266	101	361	0.8061224489795918
Aminotran_1_2	363	3300011811.a:Ga0121235_100005_302	411	2.6e-11	55	327	79	333	0.7493112947658402
Peripla_BP_2	238	3300011811.a:Ga0121235_100005_309	285	5.6e-21	2	233	37	255	0.9705882352941176
Sigma70_r2	71	3300011811.a:Ga0121235_100005_319	433	7.9e-25	1	70	195	264	0.971830985915493
Sigma70_r3	78	3300011811.a:Ga0121235_100005_319	433	4.4e-32	1	77	274	350	0.9743589743589743
Sigma70_r4	50	3300011811.a:Ga0121235_100005_319	433	8.5e-21	1	50	363	416	0.98
HTH_1	60	3300011811.a:Ga0121235_100005_325	297	3.1e-15	1	60	3	64	0.9833333333333333
LysR_substrate	209	3300011811.a:Ga0121235_100005_325	297	4.9e-24	9	206	93	294	0.9425837320574163
HTH_6	77	3300011811.a:Ga0121235_100005_33	284	1.3e-18	2	75	4	77	0.948051948051948
SIS	131	3300011811.a:Ga0121235_100005_33	284	1.5e-22	2	130	128	256	0.9770992366412213
Response_reg	112	3300011811.a:Ga0121235_100005_343	226	7.1e-29	1	111	4	113	0.9821428571428571
Trans_reg_C	77	3300011811.a:Ga0121235_100005_343	226	2.2e-28	2	77	147	221	0.974025974025974
HisKA	64	3300011811.a:Ga0121235_100005_344	445	3.8e-15	3	61	230	292	0.90625
HATPase_c	111	3300011811.a:Ga0121235_100005_344	445	3.6e-15	5	107	339	438	0.918918918918919
TetR_N	47	3300011811.a:Ga0121235_100005_348	177	8.9e-08	9	39	25	55	0.6382978723404256
SBP_bac_3	225	3300011811.a:Ga0121235_100005_352	276	1.5e-43	1	224	44	268	0.9911111111111112
Aminotran_1_2	363	3300011811.a:Ga0121235_100005_355	412	2.6e-32	3	363	33	396	0.9917355371900827
Aminotran_1_2	363	3300011811.a:Ga0121235_100005_359	402	3.1e-33	18	362	43	388	0.9476584022038568
HTH_1	60	3300011811.a:Ga0121235_100005_360	289	2.3e-15	5	59	7	61	0.9
LysR_substrate	209	3300011811.a:Ga0121235_100005_360	289	1.5e-34	2	206	87	285	0.9760765550239234
Pyr_redox_2	292	3300011811.a:Ga0121235_100005_368	449	4.2e-57	3	276	6	302	0.934931506849315
Pyr_redox_2	292	3300011811.a:Ga0121235_100005_370	445	4.2e-56	1	289	6	313	0.9863013698630136
Rrf2	83	3300011811.a:Ga0121235_100005_375	142	8.5e-19	1	83	1	81	0.9879518072289156
PTS_EIIC	324	3300011811.a:Ga0121235_100005_381	441	1.4e-67	2	324	30	365	0.9938271604938271
AAA	132	3300011811.a:Ga0121235_100005_385	468	2.7e-05	2	95	32	122	0.7045454545454546
HTH_1	60	3300011811.a:Ga0121235_100005_392	274	6e-19	2	59	3	61	0.95
LysR_substrate	209	3300011811.a:Ga0121235_100005_392	274	1e-22	8	189	94	249	0.8660287081339713
Pyr_redox_2	292	3300011811.a:Ga0121235_100005_393	447	1.1e-49	3	292	7	297	0.9897260273972602
LacI	46	3300011811.a:Ga0121235_100005_400	332	1.2e-16	1	46	4	49	0.9782608695652174
Peripla_BP_3	164	3300011811.a:Ga0121235_100005_400	332	2.2e-29	1	148	168	313	0.8963414634146342
Glyoxalase	128	3300011811.a:Ga0121235_100005_403	280	7.6e-10	3	128	9	119	0.9765625
TrkA_C	70	3300011811.a:Ga0121235_100005_405	513	1.5e-11	3	68	441	505	0.9285714285714286
LacI	46	3300011811.a:Ga0121235_100005_411	340	3e-13	1	44	3	48	0.9347826086956522
Peripla_BP_3	164	3300011811.a:Ga0121235_100005_411	340	4.8e-35	2	163	160	329	0.9817073170731707
Aminotran_1_2	363	3300011811.a:Ga0121235_100005_415	367	6.8e-10	18	237	39	228	0.6033057851239669
Response_reg	112	3300011811.a:Ga0121235_100005_437	239	8.2e-26	1	112	6	115	0.9910714285714286
Trans_reg_C	77	3300011811.a:Ga0121235_100005_437	239	1.9e-19	3	76	152	225	0.948051948051948
HisKA	64	3300011811.a:Ga0121235_100005_438	861	1.7e-14	2	64	638	703	0.96875
HATPase_c	111	3300011811.a:Ga0121235_100005_438	861	1.3e-10	6	108	752	854	0.918918918918919
Pyr_redox_2	292	3300011811.a:Ga0121235_100005_444	454	1.1e-61	2	292	2	306	0.9931506849315068
cNMP_binding	88	3300011811.a:Ga0121235_100005_445	215	8.7e-18	2	88	34	121	0.9772727272727273
Crp	32	3300011811.a:Ga0121235_100005_445	215	5.4e-07	1	32	173	204	0.96875
SBP_bac_1	315	3300011811.a:Ga0121235_100005_447	366	2.7e-21	13	314	53	295	0.9555555555555556
PfkB	302	3300011811.a:Ga0121235_100005_462	268	2.9e-09	170	282	110	235	0.3708609271523179
Arg_repressor	70	3300011811.a:Ga0121235_100005_54	152	1.6e-21	1	68	1	68	0.9571428571428572
Glyoxalase	128	3300011811.a:Ga0121235_100005_76	325	3.6e-17	1	128	7	279	0.9921875
Pyr_redox_2	292	3300011811.a:Ga0121235_100005_8	470	9.5e-71	2	292	11	330	0.9931506849315068
AAA	132	3300011811.a:Ga0121235_100005_81	416	1.4e-16	2	100	115	231	0.7424242424242424
SpoIIE	193	3300011811.a:Ga0121235_100005_86	249	2.7e-06	3	155	28	215	0.7875647668393783
Pkinase	264	3300011811.a:Ga0121235_100005_87	630	3.3e-54	1	259	11	263	0.9772727272727273
SBP_bac_5	377	3300011811.a:Ga0121235_100030_102	535	1e-62	1	376	74	456	0.9946949602122016
MarR	59	3300011811.a:Ga0121235_100030_11	152	1.4e-15	1	58	35	92	0.9661016949152542
PTS-HPr	82	3300011811.a:Ga0121235_100030_112	90	6.3e-32	2	81	4	83	0.9634146341463414
Pyr_redox_2	292	3300011811.a:Ga0121235_100030_12	446	3.8e-58	1	289	2	311	0.9863013698630136
Nitroreductase	170	3300011811.a:Ga0121235_100030_122	268	1.1e-19	3	170	32	187	0.9823529411764705
PTS_EIIC	324	3300011811.a:Ga0121235_100030_132	487	2.8e-32	3	323	130	419	0.9876543209876543
GntR	64	3300011811.a:Ga0121235_100030_134	241	2e-19	1	64	4	67	0.984375
CBS	57	3300011811.a:Ga0121235_100030_136	216	3.3e-05	7	51	11	59	0.7719298245614035
Pribosyltran	159	3300011811.a:Ga0121235_100030_142	180	4.3e-27	3	158	7	159	0.9748427672955975
AAA	132	3300011811.a:Ga0121235_100030_143	692	7.8e-45	1	131	223	355	0.9848484848484849
HTH_3	55	3300011811.a:Ga0121235_100030_149	651	4.4e-11	1	49	7	55	0.8727272727272727
GGDEF	161	3300011811.a:Ga0121235_100030_15	313	2.2e-30	1	160	145	300	0.9875776397515528
EAL	238	3300011811.a:Ga0121235_100030_16	226	2.9e-24	11	237	3	220	0.9495798319327731
HTH_3	55	3300011811.a:Ga0121235_100030_21	319	9.5e-08	2	55	8	60	0.9636363636363636
Rrf2	83	3300011811.a:Ga0121235_100030_3	167	9.3e-22	1	83	1	83	0.9879518072289156
SBP_bac_3	225	3300011811.a:Ga0121235_100030_30	289	8.2e-50	1	224	51	275	0.9911111111111112
SBP_bac_5	377	3300011811.a:Ga0121235_100030_33	545	4.9e-75	2	375	78	463	0.9893899204244032
PTS_EIIC	324	3300011811.a:Ga0121235_100030_4	631	1.5e-27	2	322	113	389	0.9876543209876543
Sigma70_r2	71	3300011811.a:Ga0121235_100030_48	185	7.9e-08	2	67	25	91	0.9154929577464789
HD	122	3300011811.a:Ga0121235_100030_52	498	4.2e-08	7	120	325	437	0.9262295081967213
AraC_binding	136	3300011811.a:Ga0121235_100030_6	291	6.6e-12	7	85	32	110	0.5735294117647058
HTH_18	81	3300011811.a:Ga0121235_100030_6	291	1.7e-24	1	81	208	287	0.9876543209876543
TetR_N	47	3300011811.a:Ga0121235_100030_60	197	6.1e-19	1	47	15	61	0.9787234042553191
HD	122	3300011811.a:Ga0121235_100030_70	173	6e-07	1	121	40	143	0.9836065573770492
AAA	132	3300011811.a:Ga0121235_100030_71	593	1.3e-14	2	126	42	162	0.9393939393939394
Response_reg	112	3300011811.a:Ga0121235_100030_88	230	9.1e-26	1	111	7	115	0.9821428571428571
Trans_reg_C	77	3300011811.a:Ga0121235_100030_88	230	3.8e-23	1	77	149	224	0.987012987012987
HisKA	64	3300011811.a:Ga0121235_100030_89	428	5.5e-13	2	63	206	271	0.953125
HATPase_c	111	3300011811.a:Ga0121235_100030_89	428	9e-26	2	109	318	427	0.963963963963964
Glucokinase	316	3300011811.a:Ga0121235_100030_9	302	5.5e-06	1	138	6	134	0.43354430379746833
Glyoxalase	128	3300011811.a:Ga0121235_100030_92	131	5.9e-06	1	101	9	93	0.78125
Aminotran_1_2	363	3300011811.a:Ga0121235_100030_95	370	7.6e-09	46	313	55	291	0.7355371900826446
Aminotran_1_2	363	3300011811.a:Ga0121235_100030_96	382	1e-08	47	198	53	181	0.41597796143250687
Pribosyltran	159	3300011811.a:Ga0121235_100032_103	177	4.2e-17	14	124	38	151	0.6918238993710691
HTH_3	55	3300011811.a:Ga0121235_100032_104	203	3.2e-13	3	55	8	59	0.9454545454545454
AAA	132	3300011811.a:Ga0121235_100032_11	689	4e-15	2	125	96	225	0.9318181818181818
AAA	132	3300011811.a:Ga0121235_100032_11	689	2.5e-11	2	110	427	544	0.8181818181818182
CBS	57	3300011811.a:Ga0121235_100032_116	455	1.4e-10	1	53	139	196	0.9122807017543859
CBS	57	3300011811.a:Ga0121235_100032_116	455	1.3e-09	1	56	203	258	0.9649122807017544
HTH_Mga	60	3300011811.a:Ga0121235_100032_129	112	6.5e-05	3	50	63	108	0.7833333333333333
NUDIX	131	3300011811.a:Ga0121235_100032_149	184	1e-12	3	117	42	161	0.8702290076335878
MerR	38	3300011811.a:Ga0121235_100032_157	112	1.2e-09	2	38	15	50	0.9473684210526315
LacI	46	3300011811.a:Ga0121235_100032_161	328	1.5e-16	1	46	10	54	0.9782608695652174
Peripla_BP_3	164	3300011811.a:Ga0121235_100032_161	328	4.3e-09	14	164	183	323	0.9146341463414634
PTS_EIIC	324	3300011811.a:Ga0121235_100032_162	655	8.2e-53	1	320	111	409	0.9845679012345679
SBP_bac_3	225	3300011811.a:Ga0121235_100032_18	285	3.7e-61	1	224	58	283	0.9911111111111112
HTH_3	55	3300011811.a:Ga0121235_100032_22	293	2.3e-05	1	32	13	44	0.5636363636363636
ATPase_2	233	3300011811.a:Ga0121235_100032_24	382	3.5e-07	21	124	73	205	0.44206008583690987
Response_reg	112	3300011811.a:Ga0121235_100032_25	230	1e-33	1	111	4	113	0.9821428571428571
Trans_reg_C	77	3300011811.a:Ga0121235_100032_25	230	2.3e-27	4	76	154	226	0.935064935064935
SBP_bac_1	315	3300011811.a:Ga0121235_100032_26	303	5.2e-12	9	315	52	275	0.9714285714285714
PAS	113	3300011811.a:Ga0121235_100032_27	452	1.2e-06	2	74	116	184	0.6371681415929203
HisKA	64	3300011811.a:Ga0121235_100032_27	452	6e-19	1	62	229	294	0.953125
HATPase_c	111	3300011811.a:Ga0121235_100032_27	452	1.5e-27	5	109	344	451	0.9369369369369369
SBP_bac_1	315	3300011811.a:Ga0121235_100032_28	294	1.6e-05	13	314	48	265	0.9555555555555556
Pyr_redox_2	292	3300011811.a:Ga0121235_100032_36	337	6.5e-05	2	149	3	203	0.5034246575342466
Pyr_redox_2	292	3300011811.a:Ga0121235_100032_38	319	8.8e-51	1	292	7	294	0.9965753424657534
AAA	132	3300011811.a:Ga0121235_100032_57	353	5.9e-21	1	126	74	193	0.946969696969697
HTH_DeoR	57	3300011811.a:Ga0121235_100032_67	255	1.7e-15	1	55	6	60	0.9473684210526315
DeoRC	160	3300011811.a:Ga0121235_100032_67	255	2.2e-46	4	158	77	231	0.9625
PfkB	302	3300011811.a:Ga0121235_100032_68	304	3.3e-47	23	290	23	280	0.8841059602649006
PTS_EIIC	324	3300011811.a:Ga0121235_100032_69	640	3.1e-24	2	324	293	584	0.9938271604938271
CbiA	128	3300011811.a:Ga0121235_100032_81	255	1.5e-11	10	74	69	181	0.5
GntR	64	3300011811.a:Ga0121235_100032_94	363	2.7e-19	2	64	5	67	0.96875
Peripla_BP_3	164	3300011811.a:Ga0121235_100032_94	363	2e-35	2	164	195	355	0.9878048780487805
HD	122	3300011811.a:Ga0121235_100033_11	746	2e-14	1	122	50	149	0.9918032786885246
TetR_N	47	3300011811.a:Ga0121235_100033_119	192	2.7e-07	21	47	34	60	0.5531914893617021
Arg_repressor	70	3300011811.a:Ga0121235_100033_144	157	1.7e-18	1	63	2	64	0.8857142857142857
HATPase_c	111	3300011811.a:Ga0121235_100033_15	694	4.3e-23	2	109	33	175	0.963963963963964
Pribosyltran	159	3300011811.a:Ga0121235_100033_154	211	6.8e-19	12	124	50	153	0.7044025157232704
LexA_DNA_bind	65	3300011811.a:Ga0121235_100033_155	214	6.1e-20	7	65	9	67	0.8923076923076924
ACT	67	3300011811.a:Ga0121235_100033_179	91	5.7e-12	2	57	5	56	0.8208955223880597
Aminotran_1_2	363	3300011811.a:Ga0121235_100033_26	393	7e-65	3	363	33	382	0.9917355371900827
Peptidase_M23	96	3300011811.a:Ga0121235_100033_27	172	3.8e-05	10	88	64	144	0.8125
HTH_3	55	3300011811.a:Ga0121235_100033_58	111	6.2e-11	1	55	7	59	0.9818181818181818
Pribosyltran	159	3300011811.a:Ga0121235_100033_6	176	7.1e-24	3	143	4	150	0.8805031446540881
HTH_3	55	3300011811.a:Ga0121235_100033_63	112	2.2e-05	2	55	8	59	0.9636363636363636
HTH_3	55	3300011811.a:Ga0121235_100033_64	72	1.5e-05	7	27	23	43	0.36363636363636365
HTH_3	55	3300011811.a:Ga0121235_100033_69	66	7.8e-12	11	55	14	58	0.8
LacI	46	3300011811.a:Ga0121235_100056_16	328	6.4e-22	1	46	4	49	0.9782608695652174
Peripla_BP_3	164	3300011811.a:Ga0121235_100056_16	328	2.9e-26	2	163	166	325	0.9817073170731707
SBP_bac_5	377	3300011811.a:Ga0121235_100056_23	619	5e-59	7	375	114	530	0.9761273209549072
MarR	59	3300011811.a:Ga0121235_100056_28	147	5.8e-15	1	59	33	90	0.9830508474576272
GntR	64	3300011811.a:Ga0121235_100056_35	130	1.9e-14	1	64	10	73	0.984375
NUDIX	131	3300011811.a:Ga0121235_100056_4	245	1.5e-08	16	115	28	126	0.7557251908396947
Pyr_redox_2	292	3300011811.a:Ga0121235_100056_40	619	2.9e-05	2	122	2	204	0.410958904109589
Response_reg	112	3300011811.a:Ga0121235_100056_41	242	5.2e-13	3	111	6	112	0.9642857142857143
LytTR	98	3300011811.a:Ga0121235_100056_41	242	2.5e-14	5	97	144	234	0.9387755102040817
HTH_3	55	3300011811.a:Ga0121235_100056_49	85	6.4e-13	3	53	30	80	0.9090909090909091
HTH_3	55	3300011811.a:Ga0121235_100056_50	243	1.6e-14	1	55	7	61	0.9818181818181818
GntR	64	3300011811.a:Ga0121235_100056_53	479	7.3e-20	3	64	15	76	0.953125
Aminotran_1_2	363	3300011811.a:Ga0121235_100056_53	479	2.4e-21	42	351	152	458	0.8512396694214877
HTH_3	55	3300011811.a:Ga0121235_100056_54	249	2.7e-14	1	54	7	60	0.9636363636363636
PadR	75	3300011811.a:Ga0121235_100056_55	116	1.6e-23	1	74	16	89	0.9733333333333334
HATPase_c	111	3300011811.a:Ga0121235_100056_59	670	3.5e-23	4	110	63	205	0.954954954954955
ATPase_2	233	3300011811.a:Ga0121235_100056_63	449	6.7e-07	20	130	142	253	0.4721030042918455
Pribosyltran	159	3300011811.a:Ga0121235_100056_71	191	1.7e-11	8	127	31	157	0.7484276729559748
TetR_N	47	3300011811.a:Ga0121235_100056_72	182	3.4e-09	7	43	18	54	0.7659574468085106
Aminotran_1_2	363	3300011811.a:Ga0121235_100056_80	396	9.8e-64	2	363	33	386	0.9944903581267218
GntR	64	3300011811.a:Ga0121235_100058_12	209	2.1e-10	2	64	9	71	0.96875
TrkA_C	70	3300011811.a:Ga0121235_100058_12	209	2.5e-14	3	69	137	205	0.9428571428571428
HTH_11	55	3300011811.a:Ga0121235_100058_14	313	4e-15	4	55	6	58	0.9272727272727272
Pribosyltran	159	3300011811.a:Ga0121235_100058_36	278	1e-21	9	131	112	240	0.7672955974842768
MarR	59	3300011811.a:Ga0121235_100058_47	156	1.5e-08	2	58	35	92	0.9491525423728814
FUR	120	3300011811.a:Ga0121235_100058_58	136	1e-21	2	120	13	127	0.9833333333333333
Pyr_redox_2	292	3300011811.a:Ga0121235_100058_59	446	5.4e-58	2	281	5	287	0.9554794520547946
HTH_18	81	3300011811.a:Ga0121235_100058_61	397	1.4e-20	1	77	312	386	0.9382716049382716
GntR	64	3300011811.a:Ga0121235_100058_70	236	4.9e-24	2	64	9	71	0.96875
Pyr_redox_2	292	3300011811.a:Ga0121235_100058_73	446	1e-52	2	292	7	320	0.9931506849315068
AAA	132	3300011811.a:Ga0121235_100058_75	470	8.5e-05	2	112	281	444	0.8333333333333334
Pyr_redox_2	292	3300011811.a:Ga0121235_100066_1	346	2.9e-32	1	277	16	303	0.9452054794520548
T2SSE	273	3300011811.a:Ga0121235_100066_26	319	6.4e-56	5	271	5	260	0.9743589743589743
HisKA	64	3300011811.a:Ga0121235_100066_29	371	2e-16	1	62	135	201	0.953125
HATPase_c	111	3300011811.a:Ga0121235_100066_29	371	5.8e-23	2	110	250	359	0.972972972972973
Response_reg	112	3300011811.a:Ga0121235_100066_30	230	1.5e-27	1	111	3	112	0.9821428571428571
Trans_reg_C	77	3300011811.a:Ga0121235_100066_30	230	1.2e-25	3	77	152	226	0.961038961038961
TrmB	68	3300011811.a:Ga0121235_100066_34	300	2.7e-06	10	46	142	178	0.5294117647058824
CbiA	128	3300011811.a:Ga0121235_100066_35	254	9.9e-32	1	126	5	225	0.9765625
SBP_bac_5	377	3300011811.a:Ga0121235_100066_38	545	1.7e-73	2	375	79	463	0.9893899204244032
AAA	132	3300011811.a:Ga0121235_100066_41	387	3.2e-06	3	97	43	150	0.7121212121212122
HTH_5	47	3300011811.a:Ga0121235_100066_42	130	1.1e-16	3	46	39	82	0.9148936170212766
PfkB	302	3300011811.a:Ga0121235_100066_8	278	2.8e-14	155	285	99	241	0.4304635761589404
HisKA	64	3300011811.a:Ga0121235_100084_10	368	1.4e-16	2	63	135	200	0.953125
HATPase_c	111	3300011811.a:Ga0121235_100084_10	368	9.8e-24	4	109	249	356	0.9459459459459459
Response_reg	112	3300011811.a:Ga0121235_100084_11	230	1.9e-30	1	112	4	113	0.9910714285714286
Trans_reg_C	77	3300011811.a:Ga0121235_100084_11	230	6.9e-28	4	77	154	227	0.948051948051948
HD	122	3300011811.a:Ga0121235_100084_16	194	9.4e-17	1	120	24	137	0.9754098360655737
HD	122	3300011811.a:Ga0121235_100084_3	519	1.9e-20	1	121	334	426	0.9836065573770492
EPSP_synthase	417	3300011811.a:Ga0121235_100084_51	429	8.2e-82	2	417	7	409	0.9952038369304557
HxlR	91	3300011811.a:Ga0121235_100084_54	123	3.8e-26	1	88	22	109	0.9560439560439561
Pyr_redox_2	292	3300011811.a:Ga0121235_100095_18	557	4.3e-47	2	291	5	330	0.9897260273972602
SBP_bac_1	315	3300011811.a:Ga0121235_100095_47	360	7e-17	9	314	47	293	0.9682539682539683
AAA	132	3300011811.a:Ga0121235_100095_56	825	1.2e-14	2	98	210	314	0.7272727272727273
AAA	132	3300011811.a:Ga0121235_100095_56	825	5.8e-09	2	111	551	669	0.8257575757575758
CBS	57	3300011811.a:Ga0121235_100095_6	465	6.7e-09	6	53	227	276	0.8245614035087719
CBS	57	3300011811.a:Ga0121235_100095_6	465	6.1e-09	2	55	287	339	0.9298245614035088
Pribosyltran	159	3300011811.a:Ga0121235_100096_10	327	1.1e-17	23	128	158	259	0.660377358490566
Response_reg	112	3300011811.a:Ga0121235_100096_11	236	2e-32	1	112	4	113	0.9910714285714286
Trans_reg_C	77	3300011811.a:Ga0121235_100096_11	236	8.5e-30	1	77	154	230	0.987012987012987
PAS	113	3300011811.a:Ga0121235_100096_12	624	1.3e-11	2	113	265	368	0.9823008849557522
HisKA	64	3300011811.a:Ga0121235_100096_12	624	4.3e-21	2	64	378	444	0.96875
HATPase_c	111	3300011811.a:Ga0121235_100096_12	624	5.9e-28	2	107	500	607	0.9459459459459459
HhH-GPD	108	3300011811.a:Ga0121235_100096_18	339	7.1e-23	1	98	41	166	0.8981481481481481
GntR	64	3300011811.a:Ga0121235_100096_2	244	9.4e-17	2	64	7	68	0.96875
PadR	75	3300011811.a:Ga0121235_100096_21	112	3.5e-21	1	72	18	87	0.9466666666666667
AAA	132	3300011811.a:Ga0121235_100096_25	748	1.5e-15	2	124	128	260	0.9242424242424242
AAA	132	3300011811.a:Ga0121235_100096_25	748	3.6e-11	2	125	459	593	0.9318181818181818
NUDIX	131	3300011811.a:Ga0121235_100096_27	313	8.5e-19	5	121	25	143	0.8854961832061069
HTH_3	55	3300011811.a:Ga0121235_100096_39	289	6.2e-11	1	55	15	68	0.9818181818181818
TPR_2	34	3300011811.a:Ga0121235_100096_39	289	7.8e-06	2	33	154	185	0.9117647058823529
AAA	132	3300011811.a:Ga0121235_100096_41	428	2.4e-16	1	126	42	144	0.946969696969697
Aminotran_1_2	363	3300011811.a:Ga0121235_100096_47	399	2.1e-60	2	363	36	388	0.9944903581267218
NUDIX	131	3300011811.a:Ga0121235_100096_6	133	6e-19	9	117	5	112	0.8244274809160306
HTH_7	45	3300011811.a:Ga0121235_100099_14	192	4.3e-07	1	40	140	179	0.8666666666666667
HATPase_c	111	3300011811.a:Ga0121235_100099_21	665	2.4e-10	5	64	23	79	0.5315315315315315
CbiA	128	3300011811.a:Ga0121235_100099_31	397	2.4e-06	9	87	201	349	0.609375
Sigma70_r4	50	3300011811.a:Ga0121235_100099_32	115	3.6e-07	5	48	20	63	0.86
CbiA	128	3300011811.a:Ga0121235_100099_33	492	1.8e-07	8	88	110	255	0.625
Aminotran_1_2	363	3300011811.a:Ga0121235_100099_36	355	9.5e-52	5	355	31	343	0.9641873278236914
LacI	46	3300011811.a:Ga0121235_100099_8	339	1e-14	1	44	3	48	0.9347826086956522
Peripla_BP_3	164	3300011811.a:Ga0121235_100099_8	339	1e-27	2	163	167	332	0.9817073170731707
CbiA	128	3300011811.a:Ga0121235_100126_7	225	9.3e-06	10	71	27	91	0.4765625
TrkA_C	70	3300011811.a:Ga0121235_100128_10	221	2.8e-13	2	66	150	215	0.9142857142857143
HTH_11	55	3300011811.a:Ga0121235_100128_12	102	5.3e-06	2	44	14	61	0.7636363636363637
Penicillinase_R	115	3300011811.a:Ga0121235_100128_23	149	1.5e-31	2	114	9	121	0.9739130434782609
MerR	38	3300011811.a:Ga0121235_100128_29	162	4.1e-12	1	31	24	54	0.7894736842105263
MarR	59	3300011811.a:Ga0121235_100171_10	156	3.6e-14	2	59	43	100	0.9661016949152542
TetR_N	47	3300011811.a:Ga0121235_100171_27	196	1e-14	1	47	23	69	0.9787234042553191
SBP_bac_3	225	3300011811.a:Ga0121235_100171_4	264	9.8e-59	1	224	40	257	0.9911111111111112
HD	122	3300011811.a:Ga0121235_100171_5	219	3.7e-08	3	121	25	129	0.9672131147540983
AAA	132	3300011811.a:Ga0121235_100178_10	309	1.2e-07	1	69	159	230	0.5151515151515151
SBP_bac_3	225	3300011811.a:Ga0121235_100178_17	483	1.2e-60	2	224	34	253	0.9866666666666667
SBP_bac_3	225	3300011811.a:Ga0121235_100178_19	482	8e-60	2	224	32	251	0.9866666666666667
LacI	46	3300011811.a:Ga0121235_100178_24	325	1e-22	2	46	5	49	0.9565217391304348
Peripla_BP_3	164	3300011811.a:Ga0121235_100178_24	325	5.1e-24	2	147	166	310	0.8841463414634146
Glyoxalase	128	3300011811.a:Ga0121235_100178_26	128	2.7e-06	1	100	9	91	0.7734375
