3300013630.a:Ga0121618_10005_17	gnl|TC-DB|Q9FI56|3.A.9.1.2	45.8	884	448	12	39	902	25	897	4.4e-207	718.0
3300013630.a:Ga0121618_10005_19	gnl|TC-DB|P55072|3.A.16.1.1	43.2	95	54	0	6	100	588	682	1.5e-19	92.0
3300013630.a:Ga0121618_10005_41	gnl|TC-DB|D9X7X8|2.A.1.3.38	43.4	415	234	1	25	438	26	440	1.2e-78	290.4
3300013630.a:Ga0121618_10005_43	gnl|TC-DB|A5H8A5|2.A.1.3.31	48.0	494	249	2	25	514	14	503	9.4e-106	380.6
3300013630.a:Ga0121618_10005_47	gnl|TC-DB|Q7WTJ2|5.B.1.3.2	54.6	350	157	2	4	352	5	353	9.5e-107	383.3
3300013630.a:Ga0121618_10005_63	gnl|TC-DB|Q92N43|1.B.14.2.7	30.2	705	429	19	58	733	72	742	9.6e-69	258.1
3300013630.a:Ga0121618_10005_64	gnl|TC-DB|Q52978|2.A.63.1.1	60.2	944	364	4	8	946	28	964	1.1e-312	1068.9
3300013630.a:Ga0121618_10005_65	gnl|TC-DB|Q52980|2.A.63.1.1	72.7	110	29	1	3	111	2	111	1.1e-35	145.6
3300013630.a:Ga0121618_10005_66	gnl|TC-DB|Q52981|2.A.63.1.1	48.8	535	262	4	1	527	1	531	4.7e-126	448.0
3300013630.a:Ga0121618_10005_67	gnl|TC-DB|Q52982|2.A.63.1.1	37.2	164	100	2	2	165	1	161	1.1e-20	96.3
3300013630.a:Ga0121618_10005_68	gnl|TC-DB|Q52983|2.A.63.1.1	59.3	86	35	0	8	93	7	92	1.7e-23	104.8
3300013630.a:Ga0121618_10005_69	gnl|TC-DB|Q9Z3Q3|2.A.63.1.1	44.8	116	60	2	7	119	6	120	1.8e-19	92.0
3300013630.a:Ga0121618_10005_71	gnl|TC-DB|C8X384|4.A.6.2.2	43.8	130	72	1	1	130	1	129	1.2e-22	102.4
3300013630.a:Ga0121618_10005_73	gnl|TC-DB|Q93N33|2.A.21.9.2	30.1	226	142	7	283	500	769	986	5.8e-15	79.0
3300013630.a:Ga0121618_10005_82	gnl|TC-DB|P07001|3.D.2.1.1	30.9	382	223	11	1	353	1	370	2.6e-30	129.4
3300013630.a:Ga0121618_10005_97	gnl|TC-DB|P10408|3.A.5.1.1	49.4	954	411	9	7	949	8	900	1.0e-248	856.3
3300013630.a:Ga0121618_10005_113	gnl|TC-DB|P08839|8.A.7.1.1	33.0	552	351	7	191	730	2	546	3.3e-80	296.2
3300013630.a:Ga0121618_10005_117	gnl|TC-DB|Q8NLX4|2.A.102.4.8	40.7	253	136	5	1	246	1	246	6.9e-38	154.1
3300013630.a:Ga0121618_10005_125	gnl|TC-DB|P0C2M9|1.B.14.8.7	24.4	610	372	27	223	804	124	672	2.0e-19	94.4
3300013630.a:Ga0121618_10005_132	gnl|TC-DB|P21345|2.A.23.1.1	40.5	417	233	6	1	406	4	416	1.9e-69	259.6
3300013630.a:Ga0121618_10005_140	gnl|TC-DB|Q0ATH5|2.A.4.7.8	50.2	309	153	1	4	312	16	323	6.8e-75	277.3
3300013630.a:Ga0121618_10005_142	gnl|TC-DB|Q9SK66|3.D.1.6.3	33.9	316	201	4	8	315	70	385	1.6e-39	159.8
3300013630.a:Ga0121618_10005_146	gnl|TC-DB|Q7VW14|2.A.1.2.27	26.9	413	287	6	16	424	2	403	2.7e-23	106.3
3300013630.a:Ga0121618_10005_147	gnl|TC-DB|P27303|8.A.1.1.1	31.2	308	196	5	32	335	50	345	2.9e-28	122.5
3300013630.a:Ga0121618_10005_186	gnl|TC-DB|P25714|2.A.9.3.1	29.0	520	314	13	74	580	54	531	3.1e-57	219.5
3300013630.a:Ga0121618_10005_191	gnl|TC-DB|Q27SU9|1.B.18.2.2	31.7	391	254	7	2	382	9	396	9.8e-49	190.7
3300013630.a:Ga0121618_10005_197	gnl|TC-DB|B4RDQ2|1.B.6.1.16	47.3	258	113	8	1	238	14	268	6.9e-55	210.7
3300013630.a:Ga0121618_10004_14	gnl|TC-DB|K6BIH6|3.A.1.107.4	40.2	194	116	0	28	221	29	222	2.5e-28	122.1
3300013630.a:Ga0121618_10004_15	gnl|TC-DB|P30963|3.A.1.107.1	42.9	191	105	1	14	204	12	198	3.7e-34	141.4
3300013630.a:Ga0121618_10004_51	gnl|TC-DB|P40290|3.A.6.1.1	29.3	249	159	6	240	480	151	390	4.9e-16	82.4
3300013630.a:Ga0121618_10004_54	gnl|TC-DB|D8RWR9|1.C.39.4.5	35.8	165	81	5	87	250	492	632	7.9e-11	65.5
3300013630.a:Ga0121618_10004_71	gnl|TC-DB|D5AQ60|2.A.47.4.6	27.8	579	300	6	7	467	14	592	1.1e-46	184.1
3300013630.a:Ga0121618_10004_74	gnl|TC-DB|P46889|3.A.12.1.2	53.2	496	220	5	338	829	840	1327	1.6e-133	473.4
3300013630.a:Ga0121618_10004_86	gnl|TC-DB|D5FKJ1|2.A.76.1.11	30.4	204	123	4	9	210	4	190	1.3e-13	73.2
3300013630.a:Ga0121618_10004_103	gnl|TC-DB|O51919|2.A.1.3.24	27.5	487	343	4	17	503	10	486	2.8e-46	183.0
3300013630.a:Ga0121618_10004_104	gnl|TC-DB|Q9RQ30|8.A.1.1.2	50.7	140	65	3	214	351	224	361	1.3e-29	127.1
3300013630.a:Ga0121618_10004_108	gnl|TC-DB|P30962|9.B.14.2.2	50.8	236	116	0	13	248	3	238	6.2e-60	227.3
3300013630.a:Ga0121618_10004_114	gnl|TC-DB|P10121|3.A.5.1.1	44.3	309	166	3	6	311	192	497	1.8e-64	242.7
3300013630.a:Ga0121618_10004_129	gnl|TC-DB|P25743|2.A.95.1.7	30.7	212	134	3	11	220	15	215	2.5e-15	79.0
3300013630.a:Ga0121618_10004_133	gnl|TC-DB|Q8EXN4|9.B.1.1.5	30.8	292	184	10	11	292	11	294	1.9e-19	93.2
3300013630.a:Ga0121618_10004_135	gnl|TC-DB|M3JA40|1.B.52.2.1	43.8	112	56	1	399	503	246	357	9.9e-14	75.1
3300013630.a:Ga0121618_10004_151	gnl|TC-DB|P38523|3.A.8.1.1	29.1	179	109	4	5	179	56	220	2.6e-11	65.5
3300013630.a:Ga0121618_10004_154	gnl|TC-DB|P0A6Y8|1.A.33.1.2	65.9	636	209	3	1	628	1	636	3.0e-228	787.7
3300013630.a:Ga0121618_10004_163	gnl|TC-DB|O50455|1.A.35.3.5	37.2	317	184	3	13	321	57	366	5.1e-59	224.6
3300013630.a:Ga0121618_10004_165	gnl|TC-DB|P0AGD7|3.A.5.1.1	51.5	454	215	5	1	451	1	452	3.2e-116	415.2
3300013630.a:Ga0121618_10004_170	gnl|TC-DB|P76103|2.A.46.1.9	38.8	371	223	2	8	376	7	375	3.2e-63	238.8
3300013630.a:Ga0121618_10004_173	gnl|TC-DB|P0AAC4|1.A.14.2.2	37.9	227	132	3	22	247	15	233	4.6e-31	131.3
3300013630.a:Ga0121618_10004_187	gnl|TC-DB|O00571|1.I.1.1.3	40.2	383	208	5	3	364	187	569	1.8e-71	266.5
3300013630.a:Ga0121618_10004_188	gnl|TC-DB|P43838|1.B.9.1.4	26.5	461	285	15	6	421	1	452	5.6e-32	135.2
3300013630.a:Ga0121618_10004_200	gnl|TC-DB|Q9LAE4|1.B.14.8.1	29.8	778	461	26	3	748	2	726	5.4e-67	252.3
3300013630.a:Ga0121618_10004_206	gnl|TC-DB|M0L9A7|9.B.169.1.8	34.9	427	238	13	3	405	20	430	4.4e-47	185.3
3300013630.a:Ga0121618_10004_213	gnl|TC-DB|Q9HY88|2.A.6.2.34	32.0	466	310	4	8	472	5	464	7.0e-44	174.9
3300013630.a:Ga0121618_10004_214	gnl|TC-DB|Q9I0Y8|2.A.6.2.16	49.7	1046	518	5	1	1044	1	1040	3.1e-273	937.9
3300013630.a:Ga0121618_10004_215	gnl|TC-DB|C5IZH0|2.A.6.2.47	35.2	378	232	5	7	373	14	389	4.0e-53	205.3
3300013630.a:Ga0121618_10004_252	gnl|TC-DB|Q03736|3.D.4.6.2	28.2	262	143	8	4	221	34	294	5.2e-16	81.6
3300013630.a:Ga0121618_10004_253	gnl|TC-DB|P24010|3.D.4.4.1	42.3	518	294	2	41	555	17	532	1.2e-120	430.6
3300013630.a:Ga0121618_10004_278	gnl|TC-DB|Q07YH1|2.A.1.14.25	57.9	420	174	3	3	421	7	424	4.2e-141	497.7
3300013630.a:Ga0121618_10004_283	gnl|TC-DB|Q9AAZ6|1.B.14.12.2	27.9	825	430	36	15	780	6	724	2.1e-42	171.0
3300013630.a:Ga0121618_10004_291	gnl|TC-DB|A0QQ70|3.A.1.9.2	41.4	249	141	3	7	252	16	262	1.6e-39	159.5
3300013630.a:Ga0121618_10004_292	gnl|TC-DB|P16683|3.A.1.9.1	36.3	212	134	1	129	340	49	259	3.3e-32	135.6
3300013630.a:Ga0121618_10004_293	gnl|TC-DB|Q1CZJ4|1.B.14.10.3	31.6	190	106	6	16	190	3	183	7.5e-13	72.4
3300013630.a:Ga0121618_10004_303	gnl|TC-DB|P25184|1.B.14.1.14	24.3	300	192	6	8	287	25	309	2.6e-11	67.8
3300013630.a:Ga0121618_10004_319	gnl|TC-DB|O31711|3.A.1.122.2	48.0	223	116	0	1	223	1	223	2.6e-57	218.4
3300013630.a:Ga0121618_10004_323	gnl|TC-DB|Q2G506|3.A.1.210.11	35.7	569	345	10	41	597	46	605	6.0e-77	285.0
3300013630.a:Ga0121618_10004_325	gnl|TC-DB|G0LBU8|1.B.14.6.11	24.0	895	490	37	5	837	208	974	7.7e-22	102.4
3300013630.a:Ga0121618_10004_332	gnl|TC-DB|Q9LAE4|1.B.14.8.1	31.3	259	167	4	7	260	3	255	8.1e-27	119.0
3300013630.a:Ga0121618_10004_336	gnl|TC-DB|E3HXW8|2.A.4.4.7	45.1	193	104	2	1	192	13	204	1.1e-33	139.8
3300013630.a:Ga0121618_10004_337	gnl|TC-DB|B8H146|2.A.6.1.15	57.9	1060	428	3	5	1056	5	1054	0.0e+00	1130.9
3300013630.a:Ga0121618_10004_338	gnl|TC-DB|B8H144|2.A.6.1.15	35.3	340	216	4	55	391	73	411	8.0e-38	154.5
3300013630.a:Ga0121618_10004_356	gnl|TC-DB|Q5SMG8|1.A.26.1.2	37.8	439	264	5	40	471	11	447	1.5e-46	183.7
3300013630.a:Ga0121618_10004_359	gnl|TC-DB|F4QRL0|9.B.124.2.1	42.4	125	62	5	2	120	5	125	3.6e-19	90.9
3300013630.a:Ga0121618_10004_366	gnl|TC-DB|G0LBU8|1.B.14.6.11	23.4	582	361	21	31	589	198	717	6.7e-16	82.8
3300013630.a:Ga0121618_10003_2	gnl|TC-DB|Q7WTM8|9.A.41.1.1	33.0	315	192	6	40	341	100	408	3.5e-40	162.2
3300013630.a:Ga0121618_10003_3	gnl|TC-DB|B2FKT9|1.B.14.6.4	22.4	683	419	25	7	655	3	608	9.5e-12	69.3
3300013630.a:Ga0121618_10003_6	gnl|TC-DB|P06129|1.B.14.3.1	31.8	214	133	4	15	221	1	208	8.0e-18	89.4
3300013630.a:Ga0121618_10003_13	gnl|TC-DB|P16677|3.A.1.9.1	53.3	246	113	1	8	251	4	249	5.5e-67	250.8
3300013630.a:Ga0121618_10003_14	gnl|TC-DB|P16682|3.A.1.9.1	36.1	274	167	4	41	312	33	300	3.2e-43	172.2
3300013630.a:Ga0121618_10003_15	gnl|TC-DB|P16683|3.A.1.9.1	48.5	260	130	3	11	270	4	259	6.5e-63	237.3
3300013630.a:Ga0121618_10003_30	gnl|TC-DB|B3FHE0|3.A.1.101.3	53.3	195	91	0	25	219	18	212	1.1e-58	223.0
3300013630.a:Ga0121618_10003_31	gnl|TC-DB|P32014|8.A.4.2.1	32.5	366	234	3	25	377	21	386	1.4e-50	196.8
3300013630.a:Ga0121618_10003_32	gnl|TC-DB|B3FHE1|3.A.1.101.3	37.1	240	151	0	1	240	24	263	3.2e-45	178.3
3300013630.a:Ga0121618_10003_39	gnl|TC-DB|P54176|1.C.113.1.1	27.7	202	146	0	26	227	14	215	7.6e-20	94.0
3300013630.a:Ga0121618_10003_41	gnl|TC-DB|P09489|1.B.12.5.1	25.3	356	202	10	67	360	43	396	4.0e-17	86.7
3300013630.a:Ga0121618_10003_46	gnl|TC-DB|B4RDQ2|1.B.6.1.16	54.3	405	158	9	3	387	13	410	4.4e-89	324.7
3300013630.a:Ga0121618_10003_49	gnl|TC-DB|P37665|9.B.186.1.1	49.6	139	70	0	83	221	80	218	6.4e-32	134.0
3300013630.a:Ga0121618_10003_52	gnl|TC-DB|Q3K0G6|4.A.2.1.20	35.8	148	90	2	1	145	1	146	1.3e-15	79.3
3300013630.a:Ga0121618_10003_55	gnl|TC-DB|P0A9V1|1.B.42.1.2	54.3	234	106	1	31	263	4	237	8.3e-71	263.5
3300013630.a:Ga0121618_10003_63	gnl|TC-DB|P13512|2.A.4.1.1	38.7	271	162	2	48	315	19	288	2.3e-46	182.6
3300013630.a:Ga0121618_10003_64	gnl|TC-DB|P94400|9.B.10.1.1	31.0	420	185	13	3	365	2	373	2.8e-37	152.5
3300013630.a:Ga0121618_10003_78	gnl|TC-DB|P0AD30|2.A.102.3.1	44.3	264	143	2	1	263	7	267	4.1e-54	208.0
3300013630.a:Ga0121618_10003_89	gnl|TC-DB|Q56725|2.A.33.1.2	41.0	376	211	5	9	383	8	373	3.7e-70	261.9
3300013630.a:Ga0121618_10003_90	gnl|TC-DB|Q9LAE4|1.B.14.8.1	29.5	370	228	9	28	397	23	359	1.4e-34	144.8
3300013630.a:Ga0121618_10003_91	gnl|TC-DB|B4WH09|2.A.6.3.5	43.6	1041	565	8	1	1029	1	1031	5.2e-230	794.3
3300013630.a:Ga0121618_10003_92	gnl|TC-DB|L8NGR5|2.A.6.3.8	35.3	323	208	1	41	362	37	359	2.4e-34	142.9
3300013630.a:Ga0121618_10003_97	gnl|TC-DB|P09348|1.A.30.1.1	36.6	284	178	2	1	284	1	282	7.2e-44	174.1
3300013630.a:Ga0121618_10003_100	gnl|TC-DB|Q6P1M0|4.C.1.1.10	42.5	544	306	6	60	599	103	643	5.9e-117	417.9
3300013630.a:Ga0121618_10003_102	gnl|TC-DB|P36879|3.A.1.105.17	42.1	309	169	5	1	306	1	302	6.1e-65	244.2
3300013630.a:Ga0121618_10003_103	gnl|TC-DB|P0AFN6|3.A.1.105.17	37.4	246	154	0	10	255	11	256	6.3e-44	174.1
3300013630.a:Ga0121618_10003_121	gnl|TC-DB|P0AFV2|9.B.20.1.4	32.7	223	119	7	24	235	12	214	2.1e-20	95.9
3300013630.a:Ga0121618_10003_122	gnl|TC-DB|P0AFV2|9.B.20.1.4	43.2	111	58	2	17	126	12	118	1.4e-18	89.7
3300013630.a:Ga0121618_10003_128	gnl|TC-DB|P0ABU7|1.A.30.2.1	39.6	202	112	3	15	213	15	209	7.7e-26	114.0
3300013630.a:Ga0121618_10003_129	gnl|TC-DB|Q1D0D2|1.A.30.2.7	48.8	121	61	1	25	145	14	133	3.7e-23	104.4
3300013630.a:Ga0121618_10003_132	gnl|TC-DB|C6EJJ6|2.C.1.2.1	44.2	120	67	0	55	174	50	169	1.3e-22	102.8
3300013630.a:Ga0121618_10003_136	gnl|TC-DB|P55072|3.A.16.1.1	41.6	238	138	1	163	399	475	712	4.1e-55	212.6
3300013630.a:Ga0121618_10003_140	gnl|TC-DB|P69937|2.A.7.1.4	54.0	100	45	1	19	117	3	102	1.7e-18	88.6
3300013630.a:Ga0121618_10003_158	gnl|TC-DB|Q82VI7|1.B.14.1.10	32.4	686	399	21	52	691	158	824	5.6e-79	292.0
3300013630.a:Ga0121618_10003_159	gnl|TC-DB|A9WCZ4|3.A.1.13.2	26.2	301	195	9	94	381	138	424	1.3e-16	84.0
3300013630.a:Ga0121618_10003_160	gnl|TC-DB|A9WCZ6|3.A.1.13.2	36.4	330	208	2	10	337	25	354	3.6e-42	168.7
3300013630.a:Ga0121618_10003_161	gnl|TC-DB|A9WCZ7|3.A.1.13.2	47.2	282	144	1	5	281	9	290	1.3e-65	246.5
3300013630.a:Ga0121618_10003_163	gnl|TC-DB|F0M2Z7|9.B.115.1.2	34.3	207	122	6	63	264	90	287	5.5e-22	101.3
3300013630.a:Ga0121618_10003_175	gnl|TC-DB|C5IZH0|2.A.6.2.47	28.8	358	208	13	21	335	12	365	1.4e-12	70.5
3300013630.a:Ga0121618_10003_177	gnl|TC-DB|P75957|3.A.1.125.1	47.7	199	103	1	26	224	28	225	1.2e-46	183.0
3300013630.a:Ga0121618_10003_179	gnl|TC-DB|A6VFN3|2.A.102.4.3	26.4	277	183	7	7	270	2	270	7.1e-17	84.3
3300013630.a:Ga0121618_10003_180	gnl|TC-DB|M3JA40|1.B.52.2.1	31.7	189	95	4	421	585	280	458	3.6e-13	73.2
3300013630.a:Ga0121618_10003_187	gnl|TC-DB|E8V4X8|9.B.169.1.7	30.8	454	267	14	5	429	23	458	1.7e-41	166.8
3300013630.a:Ga0121618_10003_197	gnl|TC-DB|A1B619|3.A.2.1.7	35.4	257	144	3	4	259	13	248	8.2e-31	130.6
3300013630.a:Ga0121618_10003_198	gnl|TC-DB|A1B618|3.A.2.1.7	54.4	68	31	0	4	71	6	73	9.0e-15	75.5
3300013630.a:Ga0121618_10003_222	gnl|TC-DB|B0R8P7|2.A.102.4.7	30.2	252	150	4	5	232	6	255	3.7e-18	88.6
3300013630.a:Ga0121618_10003_230	gnl|TC-DB|Q9L177|3.A.1.14.12	39.9	243	136	5	3	240	17	254	1.5e-32	136.3
3300013630.a:Ga0121618_10003_231	gnl|TC-DB|O68878|3.A.1.14.21	37.0	327	191	6	37	352	4	326	5.1e-36	148.3
3300013630.a:Ga0121618_10003_234	gnl|TC-DB|P17315|1.B.14.1.4	32.5	735	376	26	8	701	8	663	3.7e-78	289.3
3300013630.a:Ga0121618_10003_239	gnl|TC-DB|P31119|4.C.1.1.16	23.6	348	247	8	183	521	364	701	5.9e-15	79.0
3300013630.a:Ga0121618_10003_242	gnl|TC-DB|O05307|4.C.1.1.3	24.4	508	317	15	467	927	62	549	2.0e-16	85.1
3300013630.a:Ga0121618_10003_269	gnl|TC-DB|P36554|2.A.1.3.26	29.4	456	290	10	1	436	1	444	2.4e-41	166.4
3300013630.a:Ga0121618_10003_271	gnl|TC-DB|E3HE20|3.A.7.4.2	34.5	614	320	12	9	553	14	614	4.6e-94	342.0
3300013630.a:Ga0121618_10003_274	gnl|TC-DB|E3HE22|3.A.7.4.2	46.2	299	160	1	12	310	6	303	4.3e-69	258.1
3300013630.a:Ga0121618_10003_277	gnl|TC-DB|E3HE24|3.A.7.4.2	43.1	800	435	10	1	793	1	787	5.7e-187	651.0
3300013630.a:Ga0121618_10003_282	gnl|TC-DB|P71182|3.A.7.4.1	32.5	265	150	6	73	313	45	304	5.0e-25	111.7
3300013630.a:Ga0121618_10003_283	gnl|TC-DB|E3HE19|3.A.7.4.2	40.0	210	125	1	164	372	153	362	1.9e-41	166.4
3300013630.a:Ga0121618_10003_291	gnl|TC-DB|V1L9U1|8.B.24.2.5	32.2	115	74	1	1	115	1	111	2.5e-14	74.7
3300013630.a:Ga0121618_10003_327	gnl|TC-DB|P45403|9.B.14.1.2	41.7	666	379	5	1	663	1	660	1.1e-132	470.3
3300013630.a:Ga0121618_10003_329	gnl|TC-DB|B2GH49|9.B.160.1.10	29.2	185	107	7	124	293	217	392	4.9e-11	65.9
3300013630.a:Ga0121618_10003_331	gnl|TC-DB|Q93N33|2.A.21.9.2	29.5	210	137	7	250	451	794	1000	2.0e-14	77.0
3300013630.a:Ga0121618_10003_337	gnl|TC-DB|Q9HV74|2.A.21.9.1	29.1	206	136	4	553	758	762	957	1.0e-15	82.0
3300013630.a:Ga0121618_10003_340	gnl|TC-DB|P76481|1.A.13.2.3	41.4	476	267	5	132	600	102	572	2.7e-101	365.9
3300013630.a:Ga0121618_10003_341	gnl|TC-DB|P45522|2.A.37.1.2	38.5	545	329	2	17	561	14	552	5.4e-105	378.3
3300013630.a:Ga0121618_10003_351	gnl|TC-DB|B2JBG5|2.A.1.59.2	42.8	381	217	1	17	396	9	389	2.7e-76	282.3
3300013630.a:Ga0121618_10003_365	gnl|TC-DB|P40727|3.A.6.2.1	35.6	360	224	4	1	358	1	354	6.8e-52	201.1
3300013630.a:Ga0121618_10003_366	gnl|TC-DB|Q9HV74|2.A.21.9.1	29.8	258	154	6	318	568	737	974	8.6e-22	102.1
3300013630.a:Ga0121618_10003_373	gnl|TC-DB|Q1J0W6|9.B.34.1.1	36.1	158	93	3	348	505	191	340	4.0e-12	70.1
3300013630.a:Ga0121618_10003_378	gnl|TC-DB|O84676|3.A.6.3.1	46.4	440	222	6	4	439	11	440	2.8e-95	345.5
3300013630.a:Ga0121618_10003_379	gnl|TC-DB|M3JA40|1.B.52.2.1	47.4	97	44	2	279	372	270	362	7.3e-12	68.6
3300013630.a:Ga0121618_10003_381	gnl|TC-DB|P0AA67|2.A.7.3.6	48.7	271	139	0	17	287	12	282	4.2e-63	238.0
3300013630.a:Ga0121618_10003_413	gnl|TC-DB|Q93N33|2.A.21.9.2	30.1	236	140	6	233	445	777	1010	1.7e-12	70.5
3300013630.a:Ga0121618_10003_416	gnl|TC-DB|Q62674|2.A.41.2.2	32.2	432	252	7	7	417	179	590	7.8e-47	184.5
3300013630.a:Ga0121618_10003_418	gnl|TC-DB|X0QAZ8|9.B.143.4.4	46.2	199	104	1	11	206	15	213	5.0e-34	141.0
3300013630.a:Ga0121618_10003_424	gnl|TC-DB|P15928|3.A.6.2.1	29.6	550	334	13	22	542	30	555	3.7e-41	166.0
3300013630.a:Ga0121618_10003_427	gnl|TC-DB|P26419|3.A.6.2.1	39.0	118	61	3	2	108	14	131	7.8e-15	76.3
3300013630.a:Ga0121618_10003_428	gnl|TC-DB|Q9KN48|3.A.23.1.1	35.8	335	203	5	118	444	191	521	1.8e-44	176.8
3300013630.a:Ga0121618_10003_430	gnl|TC-DB|P76298|1.A.104.1.1	43.6	668	368	3	35	699	28	689	7.8e-145	510.8
3300013630.a:Ga0121618_10003_436	gnl|TC-DB|P75905|4.D.1.1.3	29.7	300	196	8	96	393	75	361	2.1e-29	126.7
3300013630.a:Ga0121618_10002_2	gnl|TC-DB|P81549|1.B.14.1.16	39.0	749	422	13	26	754	10	743	5.8e-146	514.6
3300013630.a:Ga0121618_10002_7	gnl|TC-DB|Q93N33|2.A.21.9.2	24.3	411	291	8	120	518	754	1156	7.5e-15	78.6
3300013630.a:Ga0121618_10002_14	gnl|TC-DB|Q9RQ30|8.A.1.1.2	28.7	310	175	7	60	331	64	365	6.9e-14	74.7
3300013630.a:Ga0121618_10002_15	gnl|TC-DB|Q8TM30|3.A.1.122.6	42.9	219	124	1	20	238	2	219	1.2e-45	179.9
3300013630.a:Ga0121618_10002_21	gnl|TC-DB|K0WKG7|4.F.1.1.8	36.0	203	101	6	8	206	3	180	2.1e-21	99.0
3300013630.a:Ga0121618_10002_22	gnl|TC-DB|Q8F8H7|2.A.53.3.8	32.8	189	107	6	12	189	545	724	1.1e-14	76.6
3300013630.a:Ga0121618_10002_24	gnl|TC-DB|Q4VSJ2|2.A.7.21.1	41.0	78	46	0	69	146	75	152	2.6e-13	71.6
3300013630.a:Ga0121618_10002_38	gnl|TC-DB|G0LBU8|1.B.14.6.11	36.7	150	84	3	40	182	193	338	2.2e-15	81.3
3300013630.a:Ga0121618_10002_42	gnl|TC-DB|P96603|2.A.23.1.6	27.1	432	276	15	1	421	1	404	4.3e-21	99.0
3300013630.a:Ga0121618_10002_59	gnl|TC-DB|F9VN10|3.D.10.1.4	37.6	540	273	17	1	488	1	528	3.6e-54	209.1
3300013630.a:Ga0121618_10002_69	gnl|TC-DB|Q93N33|2.A.21.9.2	29.3	263	150	7	215	443	769	1029	2.9e-12	69.7
3300013630.a:Ga0121618_10002_71	gnl|TC-DB|A6DJZ4|9.B.145.1.2	29.7	300	194	4	37	319	323	622	1.6e-22	104.0
3300013630.a:Ga0121618_10002_81	gnl|TC-DB|P60061|2.A.3.2.5	35.0	417	264	2	11	420	7	423	5.3e-67	251.5
3300013630.a:Ga0121618_10002_88	gnl|TC-DB|P0AAQ6|3.A.5.1.1	53.8	117	52	1	1	115	1	117	8.3e-31	129.4
3300013630.a:Ga0121618_10002_95	gnl|TC-DB|O00571|1.I.1.1.3	33.9	342	208	6	19	342	200	541	2.6e-44	176.8
3300013630.a:Ga0121618_10002_100	gnl|TC-DB|P76169|2.A.7.26.1	43.3	104	58	1	1	104	2	104	7.3e-18	86.3
3300013630.a:Ga0121618_10002_121	gnl|TC-DB|P69451|4.C.1.1.4	24.3	535	362	14	106	621	47	557	6.3e-24	109.0
3300013630.a:Ga0121618_10002_122	gnl|TC-DB|D5RG91|1.B.70.1.3	30.9	346	196	11	142	449	147	487	1.1e-30	131.0
3300013630.a:Ga0121618_10002_124	gnl|TC-DB|Q93N33|2.A.21.9.2	38.5	1151	667	19	10	1127	8	1150	3.5e-179	625.5
3300013630.a:Ga0121618_10002_125	gnl|TC-DB|F8SVK1|2.A.1.6.11	66.9	538	175	1	18	555	15	549	2.6e-207	718.0
3300013630.a:Ga0121618_10002_130	gnl|TC-DB|M3JA40|1.B.52.2.1	47.5	80	42	0	427	506	280	359	4.8e-11	66.2
3300013630.a:Ga0121618_10002_151	gnl|TC-DB|P0A742|1.A.22.1.1	56.7	134	52	3	1	132	1	130	1.0e-32	136.0
3300013630.a:Ga0121618_10002_153	gnl|TC-DB|Q5KYD1|2.A.17.1.7	32.1	576	252	12	27	578	21	481	2.4e-57	219.9
3300013630.a:Ga0121618_10002_163	gnl|TC-DB|P08306|3.D.4.6.1	46.7	287	136	6	5	276	1	285	1.8e-64	242.7
3300013630.a:Ga0121618_10002_164	gnl|TC-DB|P98002|3.D.4.6.1	63.3	548	193	6	1	541	1	547	4.8e-198	687.2
3300013630.a:Ga0121618_10002_167	gnl|TC-DB|P19516|3.D.4.8.1	34.7	170	104	2	6	168	84	253	4.9e-25	110.9
3300013630.a:Ga0121618_10002_168	gnl|TC-DB|Q3J5F6|3.D.4.6.2	50.9	289	112	6	4	289	2	263	2.9e-77	285.0
3300013630.a:Ga0121618_10002_178	gnl|TC-DB|Q93N33|2.A.21.9.2	24.9	422	260	10	216	628	779	1152	6.5e-21	99.0
3300013630.a:Ga0121618_10002_189	gnl|TC-DB|Q58AJ7|9.B.105.1.1	36.7	150	81	3	11	157	205	343	3.0e-13	71.6
3300013630.a:Ga0121618_10002_212	gnl|TC-DB|P54700|3.A.6.2.1	44.6	242	132	1	23	264	4	243	2.0e-48	189.1
3300013630.a:Ga0121618_10002_221	gnl|TC-DB|I7MT28|1.A.62.2.2	37.1	197	116	5	20	210	6	200	2.4e-23	105.5
3300013630.a:Ga0121618_10002_225	gnl|TC-DB|P06129|1.B.14.3.1	27.6	623	388	18	42	642	23	604	9.8e-49	191.4
3300013630.a:Ga0121618_10002_228	gnl|TC-DB|Q56992|3.A.1.14.5	32.7	327	213	4	5	325	6	331	9.3e-32	134.0
3300013630.a:Ga0121618_10002_229	gnl|TC-DB|Q9L177|3.A.1.14.12	43.5	237	132	2	4	238	18	254	1.3e-39	159.8
3300013630.a:Ga0121618_10002_230	gnl|TC-DB|Q8PVB2|9.B.125.2.2	30.5	315	183	9	15	307	16	316	4.9e-30	128.3
3300013630.a:Ga0121618_10002_237	gnl|TC-DB|Q8ZRG7|3.A.3.5.20	62.5	747	276	2	80	826	15	757	6.0e-245	843.6
3300013630.a:Ga0121618_10002_241	gnl|TC-DB|Q1D1X6|9.B.153.3.3	39.4	99	60	0	89	187	376	474	4.3e-13	71.2
3300013630.a:Ga0121618_10002_243	gnl|TC-DB|P22610|3.A.15.2.1	35.3	269	138	3	10	255	21	276	5.2e-33	137.9
3300013630.a:Ga0121618_10002_246	gnl|TC-DB|Q9LAE4|1.B.14.8.1	25.8	827	466	24	6	789	3	724	8.2e-42	168.7
3300013630.a:Ga0121618_10002_247	gnl|TC-DB|P69937|2.A.7.1.4	51.9	104	50	0	1	104	1	104	1.2e-23	105.5
3300013630.a:Ga0121618_10002_256	gnl|TC-DB|P09489|1.B.12.5.1	23.3	744	451	20	412	1065	332	1045	8.8e-39	159.1
3300013630.a:Ga0121618_10002_265	gnl|TC-DB|A4X2L1|2.A.1.70.3	27.5	382	258	6	10	373	21	401	9.0e-18	87.8
3300013630.a:Ga0121618_10002_266	gnl|TC-DB|Q47Q85|2.A.115.2.7	56.0	184	80	1	3	186	32	214	3.0e-49	191.4
3300013630.a:Ga0121618_10002_274	gnl|TC-DB|G4NXW2|2.A.76.1.8	25.5	204	144	2	10	205	7	210	2.8e-18	88.6
3300013630.a:Ga0121618_10002_275	gnl|TC-DB|Q9HV74|2.A.21.9.1	27.9	219	126	6	322	528	759	957	5.2e-11	65.9
3300013630.a:Ga0121618_10002_283	gnl|TC-DB|Q9HY55|4.A.2.1.17	29.0	472	236	13	438	893	549	937	2.7e-33	140.6
3300013630.a:Ga0121618_10002_288	gnl|TC-DB|P42217|9.A.41.1.2	41.3	675	366	14	29	687	4	664	3.2e-122	435.6
3300013630.a:Ga0121618_10002_304	gnl|TC-DB|P0A6W3|9.B.146.1.6	49.4	358	175	3	12	369	9	360	1.1e-94	343.2
3300013630.a:Ga0121618_10002_306	gnl|TC-DB|P07373|2.A.103.1.3	31.0	358	229	6	29	373	10	362	1.0e-40	164.1
3300013630.a:Ga0121618_10002_308	gnl|TC-DB|Q9S2Y1|1.A.23.7.1	37.0	332	202	3	27	355	10	337	1.3e-50	196.8
3300013630.a:Ga0121618_10002_313	gnl|TC-DB|Q2PGB8|3.A.1.120.5	45.0	555	292	9	3	553	2	547	4.9e-119	424.9
3300013630.a:Ga0121618_10002_315	gnl|TC-DB|Q2FD83|2.A.7.1.11	56.2	105	46	0	5	109	2	106	1.7e-25	111.7
3300013630.a:Ga0121618_10002_317	gnl|TC-DB|Q93N33|2.A.21.9.2	28.5	400	257	10	406	793	770	1152	1.1e-22	105.1
3300013630.a:Ga0121618_10002_334	gnl|TC-DB|I3TME4|9.B.124.1.5	32.8	186	95	6	1	171	1	171	5.7e-15	77.8
3300013630.a:Ga0121618_10002_351	gnl|TC-DB|P15078|2.A.114.1.1	60.8	684	260	3	1	678	1	682	5.1e-229	790.4
3300013630.a:Ga0121618_10002_367	gnl|TC-DB|P77389|2.A.1.2.65	32.8	369	245	2	33	400	7	373	1.1e-40	164.1
3300013630.a:Ga0121618_10002_380	gnl|TC-DB|P60752|3.A.1.106.1	33.9	575	357	5	33	602	23	579	1.7e-79	293.5
3300013630.a:Ga0121618_10002_396	gnl|TC-DB|P0ABV2|1.A.30.2.1	42.1	126	66	3	20	144	17	136	6.3e-20	93.6
3300013630.a:Ga0121618_10002_406	gnl|TC-DB|Q9KN48|3.A.23.1.1	35.2	366	217	5	119	475	167	521	2.4e-55	213.0
3300013630.a:Ga0121618_10002_407	gnl|TC-DB|P45804|9.B.65.1.1	28.8	513	326	15	25	520	15	505	4.6e-29	125.9
3300013630.a:Ga0121618_10002_411	gnl|TC-DB|P0C186|3.D.2.2.1	54.5	380	165	4	5	377	3	381	5.1e-98	354.4
3300013630.a:Ga0121618_10002_412	gnl|TC-DB|P0C187|3.D.2.2.1	63.2	95	26	2	11	104	53	139	1.1e-23	105.5
3300013630.a:Ga0121618_10002_416	gnl|TC-DB|P0C188|3.D.2.2.1	67.8	472	143	4	1	472	1	463	5.3e-161	563.9
3300013630.a:Ga0121618_10002_430	gnl|TC-DB|Q93N33|2.A.21.9.2	26.0	508	308	13	253	718	630	1111	3.2e-30	130.2
3300013630.a:Ga0121618_10002_431	gnl|TC-DB|Q9HV74|2.A.21.9.1	24.2	368	210	11	122	465	659	981	1.4e-12	70.9
3300013630.a:Ga0121618_10002_432	gnl|TC-DB|O51234|3.A.1.7.5	28.6	266	161	5	199	463	51	288	2.4e-20	96.7
3300013630.a:Ga0121618_10002_433	gnl|TC-DB|C3KCB6|3.A.1.7.3	33.3	204	130	3	189	388	56	257	1.2e-21	100.9
3300013630.a:Ga0121618_10002_434	gnl|TC-DB|P0C560|3.A.1.7.2	58.2	256	99	3	42	290	4	258	4.8e-80	294.3
3300013630.a:Ga0121618_10002_442	gnl|TC-DB|B7LEG0|1.A.34.1.2	38.7	106	64	1	93	198	274	378	3.0e-15	78.6
3300013630.a:Ga0121618_10002_443	gnl|TC-DB|E6SIR7|3.A.1.147.7	37.8	251	146	4	5	248	19	266	4.5e-39	158.3
3300013630.a:Ga0121618_10002_451	gnl|TC-DB|Q8R706|2.A.3.3.22	41.3	470	261	5	2	464	7	468	2.2e-95	345.9
3300013630.a:Ga0121618_10002_468	gnl|TC-DB|Q9NRK6|3.A.1.201.17	38.0	615	361	5	16	610	119	733	2.1e-93	339.7
3300013630.a:Ga0121618_10002_476	gnl|TC-DB|Q93N33|2.A.21.9.2	32.1	234	151	4	316	544	780	1010	1.1e-21	101.3
3300013630.a:Ga0121618_10002_484	gnl|TC-DB|D4ZZR3|9.B.34.1.3	40.0	170	100	2	435	603	227	395	8.9e-28	121.7
3300013630.a:Ga0121618_10002_495	gnl|TC-DB|A4PCH7|3.A.1.27.1	40.4	312	182	3	57	367	2	310	9.2e-52	200.7
3300013630.a:Ga0121618_10002_496	gnl|TC-DB|A4PCH8|3.A.1.27.1	60.2	251	99	1	15	264	25	275	7.4e-80	293.5
3300013630.a:Ga0121618_10002_504	gnl|TC-DB|P37643|2.A.1.6.10	34.7	430	269	4	14	437	11	434	1.5e-61	233.4
3300013630.a:Ga0121618_10002_505	gnl|TC-DB|P0ABJ1|3.D.4.5.1	46.5	275	136	3	15	287	21	286	3.1e-69	258.8
3300013630.a:Ga0121618_10002_506	gnl|TC-DB|P0ABI8|3.D.4.5.1	65.0	663	229	2	10	670	1	662	6.8e-263	902.9
3300013630.a:Ga0121618_10002_507	gnl|TC-DB|P0ABJ3|3.D.4.5.1	60.1	193	77	0	21	213	12	204	9.3e-65	243.0
3300013630.a:Ga0121618_10002_508	gnl|TC-DB|P0ABJ6|3.D.4.5.1	55.6	90	40	0	30	119	18	107	1.8e-23	105.1
3300013630.a:Ga0121618_10002_509	gnl|TC-DB|P53266|3.D.4.8.1	37.6	125	72	5	17	139	70	190	5.2e-14	74.7
3300013630.a:Ga0121618_10002_513	gnl|TC-DB|Q8R706|2.A.3.3.22	41.2	449	252	6	22	465	29	470	1.4e-81	300.1
3300013630.a:Ga0121618_10002_520	gnl|TC-DB|G0LBU8|1.B.14.6.11	33.9	186	114	4	5	187	176	355	6.3e-15	79.7
3300013630.a:Ga0121618_10002_524	gnl|TC-DB|P75796|3.A.1.5.11	45.8	561	261	6	3	524	12	568	2.7e-121	432.2
3300013630.a:Ga0121618_10002_525	gnl|TC-DB|P75799|3.A.1.5.11	40.5	262	155	1	22	282	41	302	2.2e-45	179.1
3300013630.a:Ga0121618_10002_526	gnl|TC-DB|P42062|3.A.1.5.20	36.1	313	197	2	530	839	2	314	1.9e-52	204.1
3300013630.a:Ga0121618_10002_529	gnl|TC-DB|Q9LAE4|1.B.14.8.1	27.9	784	470	25	1	747	1	726	2.3e-62	236.9
3300013630.a:Ga0121618_10002_531	gnl|TC-DB|Q9LAE4|1.B.14.8.1	29.6	771	449	27	7	732	5	726	2.4e-67	253.4
3300013630.a:Ga0121618_10002_538	gnl|TC-DB|Q8R706|2.A.3.3.22	40.4	460	254	8	14	465	24	471	3.6e-85	312.0
3300013630.a:Ga0121618_10002_540	gnl|TC-DB|Q1DFM0|1.B.14.12.3	30.0	838	511	24	75	893	292	1072	1.6e-78	290.8
3300013630.a:Ga0121618_10002_542	gnl|TC-DB|P35818|1.B.22.1.2	33.2	642	367	11	35	668	49	636	2.1e-76	283.5
3300013630.a:Ga0121618_10002_543	gnl|TC-DB|P15645|3.A.15.1.1	55.1	486	217	1	7	491	9	494	1.3e-138	489.6
3300013630.a:Ga0121618_10002_544	gnl|TC-DB|P15745|3.A.15.1.1	41.8	342	178	2	60	400	57	378	2.1e-57	219.5
3300013630.a:Ga0121618_10002_545	gnl|TC-DB|P15746|3.A.15.1.1	47.8	136	67	3	33	168	4	135	3.6e-27	117.9
3300013630.a:Ga0121618_10002_548	gnl|TC-DB|P15749|3.A.15.1.1	32.7	196	121	5	21	211	3	192	2.6e-14	75.5
3300013630.a:Ga0121618_10002_549	gnl|TC-DB|P15750|3.A.15.1.1	34.4	302	196	2	8	309	5	304	2.2e-33	139.4
3300013630.a:Ga0121618_10002_559	gnl|TC-DB|Q57079|3.B.1.1.2	57.8	509	211	1	3	511	5	509	8.8e-170	593.2
3300013630.a:Ga0121618_10002_565	gnl|TC-DB|Q9JZN9|1.B.14.2.9	32.3	746	419	15	42	705	17	758	2.0e-100	363.2
3300013630.a:Ga0121618_10002_572	gnl|TC-DB|Q93N33|2.A.21.9.2	28.6	406	247	14	443	830	771	1151	2.9e-21	100.5
3300013630.a:Ga0121618_10002_577	gnl|TC-DB|P05417|3.D.3.1.1	51.3	191	77	4	7	184	3	190	2.8e-49	191.4
3300013630.a:Ga0121618_10002_578	gnl|TC-DB|Q02761|3.E.2.1.1	56.8	435	150	3	8	421	9	426	1.7e-142	502.3
3300013630.a:Ga0121618_10002_579	gnl|TC-DB|P07143|3.D.3.3.1	42.1	247	114	4	45	289	76	295	2.8e-48	188.7
3300013630.a:Ga0121618_10002_595	gnl|TC-DB|Q9A6U9|1.B.33.1.4	59.6	277	107	3	9	283	6	279	2.0e-91	332.0
3300013630.a:Ga0121618_10002_611	gnl|TC-DB|D4E385|1.E.2.1.11	53.2	124	58	0	4	127	114	237	3.1e-31	131.0
3300013630.a:Ga0121618_10001_3	gnl|TC-DB|Q93N33|2.A.21.9.2	32.2	211	119	7	38	237	790	987	1.1e-13	74.7
3300013630.a:Ga0121618_10001_4	gnl|TC-DB|G3XCT7|2.A.1.25.5	32.8	582	315	11	27	548	12	577	1.4e-59	227.3
3300013630.a:Ga0121618_10001_7	gnl|TC-DB|B7K3R7|1.A.1.24.4	26.5	238	152	6	39	257	25	258	4.3e-11	65.1
3300013630.a:Ga0121618_10001_11	gnl|TC-DB|P63183|2.A.72.1.1	46.8	622	323	5	37	655	6	622	2.8e-152	535.4
3300013630.a:Ga0121618_10001_19	gnl|TC-DB|X5GWN5|3.D.10.1.6	63.0	257	89	4	1	256	1	252	1.3e-92	335.9
3300013630.a:Ga0121618_10001_20	gnl|TC-DB|X5H3P0|3.D.10.1.6	68.3	593	187	1	3	594	5	597	1.3e-244	842.0
3300013630.a:Ga0121618_10001_24	gnl|TC-DB|P55341|3.A.1.143.1	34.9	235	146	2	20	253	8	236	5.3e-35	144.4
3300013630.a:Ga0121618_10001_28	gnl|TC-DB|P27844|2.A.7.7.2	36.9	295	182	3	9	301	3	295	1.8e-51	199.5
3300013630.a:Ga0121618_10001_44	gnl|TC-DB|B0T2Y9|5.A.1.5.2	45.2	704	356	7	50	735	45	736	2.7e-148	522.3
3300013630.a:Ga0121618_10001_57	gnl|TC-DB|P37169|2.A.66.4.1	32.3	532	338	7	35	563	12	524	8.2e-52	201.4
3300013630.a:Ga0121618_10001_71	gnl|TC-DB|Q8KD37|9.B.99.2.2	40.9	93	54	1	42	133	42	134	4.0e-11	64.3
3300013630.a:Ga0121618_10001_73	gnl|TC-DB|P0ABI4|1.A.35.1.1	36.7	332	188	9	1	326	1	316	3.9e-46	181.8
3300013630.a:Ga0121618_10001_76	gnl|TC-DB|Q9LAE4|1.B.14.8.1	26.6	774	479	22	6	740	3	726	1.4e-59	227.6
3300013630.a:Ga0121618_10001_77	gnl|TC-DB|A0QYL8|2.A.1.49.10	29.9	455	289	6	4	457	1	426	3.1e-41	166.0
3300013630.a:Ga0121618_10001_86	gnl|TC-DB|B2GH49|9.B.160.1.10	32.1	165	96	4	100	258	214	368	8.1e-13	71.6
3300013630.a:Ga0121618_10001_91	gnl|TC-DB|Q8ID54|3.A.25.2.1	29.9	177	116	4	13	182	82	257	6.8e-17	84.3
3300013630.a:Ga0121618_10001_98	gnl|TC-DB|Q5JAK9|2.A.1.2.39	33.1	414	245	6	16	423	5	392	6.2e-44	174.9
3300013630.a:Ga0121618_10001_126	gnl|TC-DB|D1F3T8|2.A.1.3.42	39.1	532	308	3	20	544	342	864	2.2e-94	342.8
3300013630.a:Ga0121618_10001_128	gnl|TC-DB|Q6RH59|2.A.98.1.2	33.5	343	213	5	10	348	7	338	1.2e-24	110.5
3300013630.a:Ga0121618_10001_130	gnl|TC-DB|Q9A523|2.A.67.4.3	50.1	677	314	5	8	681	7	662	5.8e-161	564.3
3300013630.a:Ga0121618_10001_139	gnl|TC-DB|D4ZZR3|9.B.34.1.3	44.9	158	85	2	292	447	236	393	6.0e-29	125.2
3300013630.a:Ga0121618_10001_143	gnl|TC-DB|Q5EAK4|2.A.16.2.2	25.9	378	213	12	37	369	1359	1714	3.5e-19	93.2
3300013630.a:Ga0121618_10001_171	gnl|TC-DB|Q9L719|3.A.7.18.1	47.0	164	86	1	1	163	1	164	2.2e-32	135.2
3300013630.a:Ga0121618_10001_172	gnl|TC-DB|Q9L718|3.A.7.18.1	44.3	316	148	6	1	309	1	295	3.8e-59	224.9
3300013630.a:Ga0121618_10001_173	gnl|TC-DB|Q9L717|3.A.7.18.1	52.9	490	223	3	36	522	76	560	1.1e-146	516.5
3300013630.a:Ga0121618_10001_174	gnl|TC-DB|Q9L716|3.A.7.18.1	38.9	229	130	6	2	226	3	225	1.8e-29	125.9
3300013630.a:Ga0121618_10001_175	gnl|TC-DB|Q9L715|3.A.7.18.1	67.0	379	125	0	100	478	124	502	6.7e-146	513.8
3300013630.a:Ga0121618_10001_176	gnl|TC-DB|Q9L714|3.A.7.18.1	91.5	446	35	1	86	528	56	501	4.4e-233	803.5
3300013630.a:Ga0121618_10001_190	gnl|TC-DB|O06151|2.A.1.3.48	37.1	456	269	8	12	458	11	457	3.0e-63	239.2
3300013630.a:Ga0121618_10001_193	gnl|TC-DB|P0AFN6|3.A.1.105.17	33.9	254	162	3	29	279	6	256	7.0e-36	147.5
3300013630.a:Ga0121618_10001_200	gnl|TC-DB|Q89V93|2.A.102.4.6	49.2	301	150	1	1	301	76	373	1.2e-73	273.1
3300013630.a:Ga0121618_10001_208	gnl|TC-DB|P76264|2.A.107.1.1	44.7	190	99	2	2	190	1	185	4.3e-32	134.4
3300013630.a:Ga0121618_10001_227	gnl|TC-DB|Q9ZKE4|3.A.11.3.1	29.1	508	338	10	210	716	129	615	6.8e-51	198.7
3300013630.a:Ga0121618_10001_229	gnl|TC-DB|L5DDD7|2.A.109.2.3	46.4	274	126	4	9	273	373	634	6.4e-58	220.7
3300013630.a:Ga0121618_10001_230	gnl|TC-DB|A1B8N7|3.A.2.1.7	37.5	176	110	0	7	182	10	185	1.4e-24	109.4
3300013630.a:Ga0121618_10001_231	gnl|TC-DB|A1B8N8|3.A.2.1.7	72.5	512	138	3	1	510	1	511	2.4e-204	708.0
3300013630.a:Ga0121618_10001_232	gnl|TC-DB|A1B8N9|3.A.2.1.7	58.1	291	119	3	1	289	1	290	9.3e-84	306.6
3300013630.a:Ga0121618_10001_233	gnl|TC-DB|A1B8P0|3.A.2.1.7	73.5	479	116	3	35	513	6	473	1.3e-194	675.6
3300013630.a:Ga0121618_10001_234	gnl|TC-DB|A1B8P1|3.A.2.1.7	46.3	82	43	1	1	81	1	82	1.7e-15	78.2
3300013630.a:Ga0121618_10001_237	gnl|TC-DB|F8D413|3.A.1.105.12	44.1	306	160	5	11	312	4	302	6.6e-62	234.2
3300013630.a:Ga0121618_10001_246	gnl|TC-DB|O35002|9.B.174.1.1	32.7	352	222	8	17	360	35	379	1.6e-45	180.3
3300013630.a:Ga0121618_10001_253	gnl|TC-DB|M3JA40|1.B.52.2.1	30.3	188	114	2	307	480	276	460	9.5e-12	68.2
3300013630.a:Ga0121618_10001_256	gnl|TC-DB|A3ZKG8|1.B.14.1.13	35.4	692	404	14	46	718	29	696	3.6e-113	405.6
3300013630.a:Ga0121618_10001_286	gnl|TC-DB|Q0APL7|9.B.126.2.4	29.6	260	161	5	120	365	38	289	1.6e-20	97.1
3300013630.a:Ga0121618_10001_294	gnl|TC-DB|Q92WM0|2.A.15.1.5	52.1	637	293	3	1	627	53	687	7.0e-177	617.1
3300013630.a:Ga0121618_10001_296	gnl|TC-DB|G8WDN4|2.A.76.1.10	38.8	209	124	3	4	209	2	209	7.9e-24	107.1
3300013630.a:Ga0121618_10001_297	gnl|TC-DB|Q9FI56|3.A.9.1.2	45.9	868	387	12	6	852	98	903	2.4e-204	708.8
3300013630.a:Ga0121618_10001_318	gnl|TC-DB|P0A9R7|3.A.1.140.1	44.4	214	119	0	18	231	2	215	1.4e-43	172.9
3300013630.a:Ga0121618_10001_332	gnl|TC-DB|B7L5V2|1.A.34.1.3	27.0	226	150	7	174	397	3	215	1.2e-13	74.3
3300013630.a:Ga0121618_10001_366	gnl|TC-DB|P07775|2.A.46.1.1	41.4	379	220	1	12	390	12	388	1.3e-78	290.0
3300013630.a:Ga0121618_10001_431	gnl|TC-DB|P0ABU7|1.A.30.2.1	43.8	219	114	4	85	302	15	225	1.8e-32	136.3
3300013630.a:Ga0121618_10001_432	gnl|TC-DB|P0ABV2|1.A.30.2.1	43.4	122	67	1	20	141	17	136	1.6e-20	95.5
3300013630.a:Ga0121618_10001_437	gnl|TC-DB|Q9V0A4|3.B.1.1.5	34.9	510	303	12	27	517	8	507	1.7e-75	280.0
3300013630.a:Ga0121618_10001_443	gnl|TC-DB|P58163|2.A.66.1.27	56.1	428	186	1	14	439	29	456	1.8e-118	422.5
3300013630.a:Ga0121618_10001_446	gnl|TC-DB|I3XAB3|2.A.109.1.5	60.0	205	63	2	15	219	11	196	4.7e-56	214.5
3300013630.a:Ga0121618_10001_475	gnl|TC-DB|P0AGA2|3.A.5.1.1	52.7	433	194	6	22	450	18	443	1.7e-124	442.6
3300013630.a:Ga0121618_10001_484	gnl|TC-DB|P42332|3.A.1.131.1	36.4	297	180	4	1	288	1	297	5.5e-47	184.5
3300013630.a:Ga0121618_10001_486	gnl|TC-DB|P02982|2.A.1.2.4	40.2	356	211	2	16	371	10	363	1.4e-67	253.4
3300013630.a:Ga0121618_10001_495	gnl|TC-DB|I3YSC9|1.A.43.1.13	38.7	124	73	2	1	124	1	121	2.2e-11	65.1
3300013630.a:Ga0121618_10001_513	gnl|TC-DB|Q4VSJ3|2.A.6.2.20	31.5	321	213	4	67	381	60	379	1.3e-32	137.1
3300013630.a:Ga0121618_10001_514	gnl|TC-DB|Q9HW27|2.A.6.2.33	34.6	1058	643	9	1	1055	1	1012	2.9e-154	542.7
3300013630.a:Ga0121618_10001_519	gnl|TC-DB|B0RV55|2.A.7.34.2	62.9	116	40	1	1	113	1	116	1.0e-33	139.0
3300013630.a:Ga0121618_10001_521	gnl|TC-DB|E5AN59|1.E.40.3.1	38.1	105	65	0	9	113	8	112	2.7e-13	71.2
3300013630.a:Ga0121618_10001_527	gnl|TC-DB|Q9SXJ7|3.A.9.1.2	37.9	802	396	11	24	742	138	920	6.1e-151	531.2
3300013630.a:Ga0121618_10001_533	gnl|TC-DB|P0AAP1|9.B.34.1.2	37.6	165	101	1	288	452	209	371	9.0e-25	111.3
3300013630.a:Ga0121618_10001_540	gnl|TC-DB|P0AAT4|1.A.23.4.5	46.7	413	208	7	1	405	1	409	3.4e-87	318.5
3300013630.a:Ga0121618_10001_561	gnl|TC-DB|B8GAY6|1.E.14.1.7	45.6	103	56	0	1	103	2	104	3.7e-13	70.9
3300013630.a:Ga0121618_10001_562	gnl|TC-DB|P42102|2.A.122.1.7	30.1	209	145	1	9	217	8	215	3.2e-18	88.6
3300013630.a:Ga0121618_10001_563	gnl|TC-DB|P77735|8.A.5.1.6	32.8	335	177	8	1	307	1	315	1.9e-40	162.9
3300013630.a:Ga0121618_10001_570	gnl|TC-DB|F4K2G0|3.D.1.8.1	42.3	142	74	6	20	154	105	245	2.0e-16	82.0
3300013630.a:Ga0121618_10001_579	gnl|TC-DB|Q9JZN9|1.B.14.2.9	32.7	715	377	15	58	684	60	758	1.5e-95	347.1
3300013630.a:Ga0121618_10001_580	gnl|TC-DB|G0LBU8|1.B.14.6.11	31.1	180	99	5	45	205	194	367	6.6e-12	69.7
3300013630.a:Ga0121618_10001_582	gnl|TC-DB|O67997|1.A.11.1.4	51.0	449	197	8	1	443	7	438	3.8e-113	404.8
3300013630.a:Ga0121618_10001_589	gnl|TC-DB|B2D7K2|3.A.23.1.1	39.9	138	81	1	164	301	819	954	1.6e-24	110.2
3300013630.a:Ga0121618_10001_593	gnl|TC-DB|Q7BFA7|3.A.6.1.1	47.4	78	41	0	1	78	1	78	6.4e-15	76.3
3300013630.a:Ga0121618_10001_594	gnl|TC-DB|Q9ZA77|3.A.6.1.1	50.7	207	100	1	12	218	11	215	4.8e-48	187.6
3300013630.a:Ga0121618_10001_602	gnl|TC-DB|P40290|3.A.6.1.1	52.0	423	202	1	1	423	2	423	2.0e-114	409.1
3300013630.a:Ga0121618_10001_605	gnl|TC-DB|Q7BFA4|3.A.6.1.1	37.9	206	125	3	1	204	1	205	1.5e-34	142.9
3300013630.a:Ga0121618_10001_609	gnl|TC-DB|Q93KT1|3.A.6.1.1	30.2	520	296	10	57	565	49	512	9.3e-60	228.0
3300013630.a:Ga0121618_10001_610	gnl|TC-DB|P0C2V3|3.A.6.1.1	39.6	697	351	9	19	649	12	704	2.1e-126	449.5
3300013630.a:Ga0121618_10001_612	gnl|TC-DB|Q93KT4|3.A.6.1.1	35.8	352	226	0	8	359	3	354	1.2e-49	193.7
3300013630.a:Ga0121618_10001_634	gnl|TC-DB|P73948|2.A.38.4.5	27.2	309	201	9	108	400	71	371	1.5e-13	73.9
3300013630.a:Ga0121618_10001_635	gnl|TC-DB|Q5F721|2.A.68.1.2	40.7	519	289	5	4	508	9	522	3.6e-97	352.1
3300013630.a:Ga0121618_10001_636	gnl|TC-DB|P29919|3.D.1.2.1	73.4	124	29	1	1	124	1	120	7.0e-44	172.9
3300013630.a:Ga0121618_10001_637	gnl|TC-DB|P29918|3.D.1.2.1	83.8	148	24	0	36	183	18	165	3.4e-74	274.2
3300013630.a:Ga0121618_10001_638	gnl|TC-DB|P29917|3.D.1.2.1	56.6	173	71	2	34	204	32	202	9.4e-54	206.5
3300013630.a:Ga0121618_10001_639	gnl|TC-DB|P29916|3.D.1.2.1	72.8	389	105	1	35	423	25	412	1.1e-178	622.5
3300013630.a:Ga0121618_10001_640	gnl|TC-DB|P29914|3.D.1.2.1	57.7	196	82	1	3	197	2	197	1.6e-62	235.7
3300013630.a:Ga0121618_10001_642	gnl|TC-DB|P29913|3.D.1.2.1	73.6	435	110	2	4	437	1	431	9.7e-194	672.5
3300013630.a:Ga0121618_10001_643	gnl|TC-DB|P29915|3.D.1.2.1	50.9	688	305	11	5	681	8	673	3.6e-187	651.4
3300013630.a:Ga0121618_10001_644	gnl|TC-DB|P29920|3.D.1.2.1	57.1	368	116	6	7	358	4	345	4.1e-105	377.9
3300013630.a:Ga0121618_10001_647	gnl|TC-DB|P29921|3.D.1.2.1	73.9	157	41	0	7	163	7	163	1.5e-43	172.2
3300013630.a:Ga0121618_10001_648	gnl|TC-DB|P29922|3.D.1.2.1	59.6	198	77	2	6	202	5	200	6.1e-45	177.2
3300013630.a:Ga0121618_10001_649	gnl|TC-DB|P29923|3.D.1.2.1	76.0	100	24	0	3	102	2	101	9.7e-36	145.6
3300013630.a:Ga0121618_10001_650	gnl|TC-DB|P29924|3.D.1.2.1	49.6	726	271	11	11	674	6	698	1.2e-185	646.4
3300013630.a:Ga0121618_10001_651	gnl|TC-DB|P29925|3.D.1.2.1	60.7	501	181	4	1	489	1	497	2.0e-166	582.0
3300013630.a:Ga0121618_10001_652	gnl|TC-DB|P29926|3.D.1.2.1	48.3	420	213	3	13	428	11	430	6.6e-103	370.9
3300013630.a:Ga0121618_10001_660	gnl|TC-DB|P75958|3.A.1.125.1	27.7	408	290	2	27	434	9	411	5.8e-37	151.8
3300013630.a:Ga0121618_10001_661	gnl|TC-DB|P75957|3.A.1.125.1	46.4	222	119	0	16	237	2	223	1.5e-53	206.1
3300013630.a:Ga0121618_10001_676	gnl|TC-DB|Q9K1H0|1.B.33.1.1	27.5	774	521	15	84	823	30	797	1.1e-89	327.8
3300013630.a:Ga0121618_10001_692	gnl|TC-DB|Q1CXP0|1.B.14.3.3	33.4	679	418	16	5	669	99	757	2.0e-68	256.9
3300013630.a:Ga0121618_10001_693	gnl|TC-DB|D4ZZR3|9.B.34.1.3	36.3	179	107	5	165	341	220	393	6.7e-20	94.7
3300013630.a:Ga0121618_10001_694	gnl|TC-DB|O00571|1.I.1.1.3	39.0	390	215	6	4	373	182	568	6.8e-63	238.0
3300013630.a:Ga0121618_10001_698	gnl|TC-DB|Q8VRK4|3.A.11.1.3	41.7	288	150	6	73	358	58	329	3.4e-43	172.2
3300013630.a:Ga0121618_10001_699	gnl|TC-DB|P60782|9.B.31.1.1	41.9	198	106	2	13	210	7	195	3.8e-26	114.8
3300013630.a:Ga0121618_10001_711	gnl|TC-DB|P25711|3.D.1.6.2	39.6	96	55	2	4	97	117	211	6.7e-13	69.7
3300013630.a:Ga0121618_10001_719	gnl|TC-DB|Q52663|3.A.1.3.7	52.2	322	152	1	34	355	19	338	5.3e-97	350.9
3300013630.a:Ga0121618_10001_720	gnl|TC-DB|P21345|2.A.23.1.1	34.3	388	247	5	42	427	35	416	9.5e-56	214.2
3300013630.a:Ga0121618_10001_731	gnl|TC-DB|P43672|3.A.1.120.6	33.3	507	336	2	22	527	18	523	8.0e-84	307.8
3300013630.a:Ga0121618_10001_740	gnl|TC-DB|P0A9X4|9.B.157.1.3	62.8	336	120	4	1	333	1	334	5.3e-110	394.0
3300013630.a:Ga0121618_10001_744	gnl|TC-DB|P0ABG7|2.A.103.1.2	46.3	311	163	2	64	374	57	363	5.8e-73	271.2
3300013630.a:Ga0121618_10001_748	gnl|TC-DB|Q47142|2.A.1.27.1	28.1	370	248	8	1	364	9	366	3.7e-20	95.9
3300013630.a:Ga0121618_10001_769	gnl|TC-DB|I6YB99|1.C.109.1.4	51.2	240	114	3	3	240	4	242	9.7e-50	193.4
3300013630.a:Ga0121618_10001_784	gnl|TC-DB|O59010|2.A.23.1.5	37.6	391	214	10	35	404	42	423	1.5e-58	223.4
3300013630.a:Ga0121618_10001_804	gnl|TC-DB|O68460|3.A.10.2.1	59.6	710	272	7	5	711	4	701	7.4e-183	637.1
3300013630.a:Ga0121618_10001_805	gnl|TC-DB|Q9A8I8|1.B.33.1.4	49.4	156	76	2	4	159	8	160	5.7e-35	143.7
3300013630.a:Ga0121618_10001_813	gnl|TC-DB|Q9LAE4|1.B.14.8.1	29.4	735	432	27	42	739	39	723	4.7e-63	239.2
3300013630.a:Ga0121618_10001_818	gnl|TC-DB|Q9LAE4|1.B.14.8.1	25.8	756	457	22	126	837	31	726	5.8e-54	209.1
3300013630.a:Ga0121618_10001_821	gnl|TC-DB|Q9AAZ6|1.B.14.12.2	23.9	895	552	29	28	841	18	864	6.5e-48	189.1
3300013630.a:Ga0121618_10001_843	gnl|TC-DB|Q9XIA9|4.C.1.1.14	22.0	501	319	13	26	467	66	553	6.5e-14	75.5
3300013630.a:Ga0121618_10001_860	gnl|TC-DB|P0AA53|8.A.21.2.2	65.3	294	102	0	5	298	2	295	2.4e-67	252.3
3300013630.a:Ga0121618_10001_865	gnl|TC-DB|Q6MGQ9|2.A.64.1.3	28.7	282	165	4	10	291	5	250	3.7e-27	118.6
3300013630.a:Ga0121618_10001_870	gnl|TC-DB|Q8R706|2.A.3.3.22	42.6	519	236	9	13	526	9	470	1.0e-102	370.5
3300013630.a:Ga0121618_10001_872	gnl|TC-DB|P37643|2.A.1.6.10	55.4	415	180	2	9	418	16	430	8.0e-124	440.3
3300013630.a:Ga0121618_10001_878	gnl|TC-DB|P15029|3.A.1.14.1	30.3	274	188	2	49	322	46	316	5.7e-21	98.2
3300013630.a:Ga0121618_10001_880	gnl|TC-DB|Q9HQ18|3.A.1.14.9	38.3	175	97	4	4	170	17	188	2.0e-21	99.0
3300013630.a:Ga0121618_10001_890	gnl|TC-DB|F0BFS6|2.A.7.3.15	48.2	301	156	0	9	309	8	308	4.0e-72	268.1
3300013630.a:Ga0121618_10001_892	gnl|TC-DB|P42601|2.A.109.1.7	46.4	317	151	7	9	316	4	310	4.1e-64	241.5
3300013630.a:Ga0121618_10001_897	gnl|TC-DB|Q837P5|3.A.1.135.8	27.9	219	147	5	13	231	342	549	2.1e-15	79.3
3300013630.a:Ga0121618_10001_902	gnl|TC-DB|Q9HT70|3.A.1.24.5	59.0	334	132	2	1	329	1	334	4.1e-104	374.4
3300013630.a:Ga0121618_10001_903	gnl|TC-DB|Q9HT69|3.A.1.24.5	65.9	217	74	0	2	218	9	225	1.6e-67	252.3
3300013630.a:Ga0121618_10001_904	gnl|TC-DB|Q9HT68|3.A.1.24.5	60.0	260	95	2	9	268	9	259	2.4e-81	298.5
3300013630.a:Ga0121618_10001_908	gnl|TC-DB|P36655|5.A.1.1.1	30.7	623	346	15	15	632	8	549	9.4e-60	228.0
3300013630.a:Ga0121618_10001_913	gnl|TC-DB|Q9HV74|2.A.21.9.1	27.3	392	231	13	375	731	602	974	1.8e-22	104.4
3300013630.a:Ga0121618_10001_914	gnl|TC-DB|Q9KN48|3.A.23.1.1	33.2	337	197	5	145	455	193	527	5.4e-41	165.2
3300013630.a:Ga0121618_10001_918	gnl|TC-DB|P32703|2.A.36.3.1	41.1	548	306	7	1	538	1	541	7.8e-92	334.3
3300013630.a:Ga0121618_10001_926	gnl|TC-DB|Q89SS6|2.A.1.42.2	53.3	516	236	3	1	515	614	1125	4.8e-147	517.7
3300013630.a:Ga0121618_10001_965	gnl|TC-DB|Q93AT9|1.B.14.9.2	35.4	291	176	7	1	284	197	482	1.4e-39	159.8
3300013630.a:Ga0121618_10001_970	gnl|TC-DB|E3HE19|3.A.7.4.2	31.7	252	156	5	145	385	117	363	4.3e-36	148.7
3300013630.a:Ga0121618_10001_975	gnl|TC-DB|E3HE24|3.A.7.4.2	37.5	790	487	6	3	789	2	787	7.6e-152	534.3
3300013630.a:Ga0121618_10001_978	gnl|TC-DB|Q56469|3.A.7.4.1	44.2	308	163	5	10	313	13	315	3.3e-58	221.9
3300013630.a:Ga0121618_10001_980	gnl|TC-DB|E3HE20|3.A.7.4.2	28.5	446	279	10	126	536	164	604	1.2e-38	157.9
3300013630.a:Ga0121618_10001_987	gnl|TC-DB|G0LBU8|1.B.14.6.11	32.7	162	88	5	109	258	193	345	9.0e-14	75.9
3300013630.a:Ga0121618_10001_995	gnl|TC-DB|P72827|3.A.1.10.2	45.1	348	189	2	5	350	13	360	2.9e-87	318.5
3300013630.a:Ga0121618_10001_996	gnl|TC-DB|Q55534|3.A.1.10.2	39.6	498	280	6	33	509	57	554	4.5e-81	298.5
3300013630.a:Ga0121618_10001_997	gnl|TC-DB|P21410|3.A.1.10.1	41.9	322	176	5	7	319	1	320	2.1e-58	222.6
3300013630.a:Ga0121618_10001_1013	gnl|TC-DB|Q3MNJ6|3.A.3.5.15	45.7	654	336	8	137	773	156	807	1.2e-141	500.4
3300013630.a:Ga0121618_10001_1016	gnl|TC-DB|Q9ZHC7|3.A.3.5.4	56.7	783	317	2	28	788	40	822	2.2e-236	815.1
3300013630.a:Ga0121618_10001_1021	gnl|TC-DB|D4GYE2|8.A.7.1.4	28.9	391	220	8	382	754	150	500	9.5e-27	118.6
3300013630.a:Ga0121618_10001_1028	gnl|TC-DB|F4ZBX4|1.B.76.1.1	44.7	215	116	3	298	512	211	422	5.3e-50	195.3
3300013630.a:Ga0121618_10001_1029	gnl|TC-DB|Q4KCN4|9.B.62.1.5	51.5	584	253	11	8	585	12	571	1.3e-148	523.1
3300013630.a:Ga0121618_10001_1034	gnl|TC-DB|P06129|1.B.14.3.1	27.7	213	130	4	20	225	7	202	1.3e-12	72.0
3300013630.a:Ga0121618_10001_1037	gnl|TC-DB|P38054|2.A.6.1.4	66.9	1038	339	1	1	1033	1	1038	0.0e+00	1390.2
3300013630.a:Ga0121618_10001_1038	gnl|TC-DB|P77239|2.A.6.1.4	42.5	362	204	2	46	406	39	397	2.2e-73	272.7
3300013630.a:Ga0121618_10001_1042	gnl|TC-DB|F4ZBX4|1.B.76.1.1	45.1	204	111	1	263	466	220	422	7.0e-49	191.4
3300013630.a:Ga0121618_10001_1043	gnl|TC-DB|Q4KCN4|9.B.62.1.5	48.0	606	260	12	6	602	12	571	7.3e-139	490.7
3300013630.a:Ga0121618_10001_1047	gnl|TC-DB|Q643C2|9.B.97.3.1	25.3	395	234	15	15	372	74	444	1.9e-12	70.1
3300013630.a:Ga0121618_10001_1049	gnl|TC-DB|P05417|3.D.3.1.1	51.7	176	73	2	18	181	15	190	3.6e-49	191.0
3300013630.a:Ga0121618_10001_1050	gnl|TC-DB|P12377|9.B.62.1.2	35.2	304	183	8	7	302	7	304	2.4e-29	125.9
3300013630.a:Ga0121618_10001_1052	gnl|TC-DB|Q9ZHC7|3.A.3.5.4	58.3	791	307	3	14	781	32	822	2.3e-254	874.8
3300013630.a:Ga0121618_10001_1054	gnl|TC-DB|Q1LRZ2|2.A.4.3.9	50.3	326	136	7	10	311	37	360	5.6e-50	194.5
3300013630.a:Ga0121618_10001_1056	gnl|TC-DB|B8GZE7|2.A.6.1.16	49.1	403	203	2	25	426	13	414	1.2e-87	320.1
3300013630.a:Ga0121618_10001_1057	gnl|TC-DB|B8GZE8|2.A.6.1.16	63.1	409	148	3	13	420	14	420	4.4e-143	504.2
3300013630.a:Ga0121618_10001_1058	gnl|TC-DB|B8GZE9|2.A.6.1.16	78.5	1040	224	0	1	1040	15	1054	0.0e+00	1524.2
3300013630.a:Ga0121618_10001_1062	gnl|TC-DB|Q6UP69|1.A.72.3.1	46.5	114	59	2	18	131	2	113	1.1e-18	89.4
3300013630.a:Ga0121618_10001_1067	gnl|TC-DB|V4NQP3|9.B.72.1.6	71.6	116	33	0	1	116	1	116	9.3e-43	169.1
3300013630.a:Ga0121618_10001_1074	gnl|TC-DB|B2JBG5|2.A.1.59.2	52.6	390	184	1	7	396	18	406	2.2e-99	359.0
3300013630.a:Ga0121618_10001_1078	gnl|TC-DB|P45946|2.A.59.1.2	63.2	340	125	0	12	351	2	341	9.1e-121	429.9
3300013630.a:Ga0121618_10001_1086	gnl|TC-DB|E3HXW8|2.A.4.4.7	46.2	195	103	2	5	198	17	210	1.0e-36	149.8
3300013630.a:Ga0121618_10001_1087	gnl|TC-DB|Q58AJ7|9.B.105.1.1	39.3	140	83	1	21	158	207	346	4.5e-17	84.3
3300013630.a:Ga0121618_10001_1090	gnl|TC-DB|E3HXW9|2.A.108.2.7	53.6	633	287	6	2	631	3	631	8.5e-170	593.6
3300013630.a:Ga0121618_10001_1091	gnl|TC-DB|B8H146|2.A.6.1.15	55.6	1064	454	4	1	1056	1	1054	3.3e-312	1067.4
3300013630.a:Ga0121618_10001_1092	gnl|TC-DB|B8H144|2.A.6.1.15	32.4	401	247	8	12	390	10	408	1.9e-31	133.3
3300013630.a:Ga0121618_10001_1093	gnl|TC-DB|B8H143|2.A.6.1.15	35.3	309	191	3	14	318	12	315	7.0e-32	134.8
3300013630.a:Ga0121618_10001_1094	gnl|TC-DB|M5EWU5|3.A.3.6.26	62.1	751	242	1	4	711	157	907	7.8e-241	829.7
3300013630.a:Ga0121618_10001_1101	gnl|TC-DB|P12377|9.B.62.1.2	34.5	307	176	9	7	297	7	304	2.3e-24	109.4
3300013630.a:Ga0121618_10001_1105	gnl|TC-DB|Q4KCN4|9.B.62.1.5	49.5	588	266	12	5	586	9	571	2.4e-147	518.8
3300013630.a:Ga0121618_10001_1106	gnl|TC-DB|F4ZBX4|1.B.76.1.1	45.9	205	109	2	245	449	220	422	4.7e-50	195.3
3300013630.a:Ga0121618_10001_1109	gnl|TC-DB|Q93N33|2.A.21.9.2	28.3	251	142	6	649	878	779	1012	5.3e-13	73.2
3300013630.a:Ga0121618_10001_1110	gnl|TC-DB|Q1M607|3.A.3.7.2	55.9	186	81	1	1	186	1	185	2.5e-48	188.3
3300013630.a:Ga0121618_10001_1112	gnl|TC-DB|Q1M606|3.A.3.7.2	64.2	685	236	4	13	688	2	686	5.2e-226	780.4
3300013630.a:Ga0121618_10001_1113	gnl|TC-DB|Q1M605|3.A.3.7.2	54.4	564	255	1	1	564	1	562	1.2e-162	569.7
3300013630.a:Ga0121618_10001_1116	gnl|TC-DB|P69451|4.C.1.1.4	29.2	531	327	16	39	538	38	550	5.5e-45	178.7
3300013630.a:Ga0121618_10001_1117	gnl|TC-DB|P94488|2.A.2.3.2	24.2	421	295	10	26	435	16	423	8.8e-12	68.2
3300013630.a:Ga0121618_10001_1119	gnl|TC-DB|Q9LAE4|1.B.14.8.1	28.6	753	435	24	1	714	1	689	2.9e-65	246.5
3300013630.a:Ga0121618_10001_1125	gnl|TC-DB|P60844|1.A.8.3.1	47.2	231	113	4	1	222	1	231	3.1e-47	184.9
3300013630.a:Ga0121618_10001_1131	gnl|TC-DB|A0L4L0|3.A.1.132.3	37.2	358	188	6	1	350	1	329	5.9e-48	188.0
3300013630.a:Ga0121618_10001_1142	gnl|TC-DB|Q0APL7|9.B.126.2.4	35.3	283	172	6	6	279	7	287	7.0e-37	151.0
3300013630.a:Ga0121618_10001_1150	gnl|TC-DB|Q92Q38|1.B.17.1.4	33.3	477	280	4	4	478	6	446	5.3e-53	205.3
3300013630.a:Ga0121618_10001_1156	gnl|TC-DB|E3HE19|3.A.7.4.2	40.7	221	129	2	192	410	144	364	2.7e-44	176.0
3300013630.a:Ga0121618_10001_1157	gnl|TC-DB|P71182|3.A.7.4.1	32.8	250	149	5	73	304	44	292	4.2e-32	135.2
3300013630.a:Ga0121618_10001_1158	gnl|TC-DB|P71181|3.A.7.4.1	31.8	233	145	8	4	224	28	258	2.8e-23	105.5
3300013630.a:Ga0121618_10001_1161	gnl|TC-DB|E3HE24|3.A.7.4.2	43.6	791	437	7	4	791	3	787	5.4e-190	661.0
3300013630.a:Ga0121618_10001_1164	gnl|TC-DB|E3HE22|3.A.7.4.2	46.9	307	157	2	7	313	3	303	2.5e-72	268.9
3300013630.a:Ga0121618_10001_1168	gnl|TC-DB|E3HE20|3.A.7.4.2	35.0	622	320	14	5	559	10	614	1.2e-97	354.0
3300013630.a:Ga0121618_10001_1195	gnl|TC-DB|Q1LRE9|3.A.1.210.9	28.3	573	379	11	29	583	55	613	2.6e-37	153.3
3300013630.a:Ga0121618_10001_1199	gnl|TC-DB|Q93GK5|3.A.1.110.1	39.2	679	407	4	9	684	23	698	1.8e-133	473.0
3300013630.a:Ga0121618_10001_1206	gnl|TC-DB|G0LBU8|1.B.14.6.11	23.0	843	460	31	116	839	195	967	3.6e-19	93.6
3300013630.a:Ga0121618_10001_1219	gnl|TC-DB|Q44584|2.A.6.1.12	28.3	311	215	5	3	309	23	329	1.5e-13	73.9
3300013630.a:Ga0121618_10001_1220	gnl|TC-DB|B8H144|2.A.6.1.15	32.7	336	222	4	71	403	77	411	2.1e-33	139.8
3300013630.a:Ga0121618_10001_1221	gnl|TC-DB|B8H146|2.A.6.1.15	57.4	1072	439	3	1	1064	1	1062	0.0e+00	1127.5
3300013630.a:Ga0121618_10001_1224	gnl|TC-DB|Q1LAJ7|3.A.3.6.27	66.9	827	271	2	1	824	1	827	1.8e-281	964.9
3300013630.a:Ga0121618_10001_1231	gnl|TC-DB|P42308|2.A.11.1.2	44.5	443	226	4	3	445	2	424	8.1e-95	344.0
3300013630.a:Ga0121618_10001_1234	gnl|TC-DB|P06129|1.B.14.3.1	31.7	205	126	4	43	240	21	218	1.2e-13	75.5
3300013630.a:Ga0121618_10001_1241	gnl|TC-DB|Q9LAE4|1.B.14.8.1	32.1	237	153	2	13	245	7	239	5.9e-29	126.3
3300013630.a:Ga0121618_10001_1243	gnl|TC-DB|Q9K0A9|2.A.28.2.4	27.1	258	182	2	10	266	40	292	6.1e-19	91.3
3300013630.a:Ga0121618_10001_1244	gnl|TC-DB|P69451|4.C.1.1.4	51.5	561	259	7	18	576	2	551	1.2e-159	559.7
3300013630.a:Ga0121618_10001_1262	gnl|TC-DB|Q53712|3.A.1.120.3	36.2	550	281	20	9	518	40	559	4.0e-56	215.7
3300013630.a:Ga0121618_10001_1270	gnl|TC-DB|P76242|2.A.1.17.3	28.9	384	258	6	15	395	13	384	2.7e-25	112.8
3300013630.a:Ga0121618_10001_1275	gnl|TC-DB|P0AG93|2.A.6.4.1	35.3	300	175	5	16	309	17	303	4.2e-40	161.8
3300013630.a:Ga0121618_10001_1276	gnl|TC-DB|P0AG90|2.A.6.4.1	34.8	520	303	8	35	530	108	615	9.7e-71	264.2
3300013630.a:Ga0121618_10001_1278	gnl|TC-DB|B7LEG0|1.A.34.1.2	36.0	125	73	4	242	366	261	378	4.0e-15	79.0
3300013630.a:Ga0121618_10001_1300	gnl|TC-DB|Q1LRE9|3.A.1.210.9	43.9	570	315	2	52	621	45	609	9.5e-118	420.6
3300013630.a:Ga0121618_10001_1302	gnl|TC-DB|D7FD61|1.A.23.2.2	32.7	260	169	2	32	290	6	260	1.5e-29	126.7
3300013630.a:Ga0121618_10001_1313	gnl|TC-DB|Q9P6J2|2.A.89.3.8	40.3	226	135	0	4	229	10	235	1.2e-30	129.8
3300013630.a:Ga0121618_10001_1350	gnl|TC-DB|G0CIY2|9.B.18.1.1	33.8	471	286	11	61	514	22	483	8.6e-56	214.5
3300013630.a:Ga0121618_10001_1351	gnl|TC-DB|L0AKF7|2.A.66.12.4	25.9	459	306	13	20	459	25	468	7.6e-14	75.1
3300013630.a:Ga0121618_10001_1356	gnl|TC-DB|B0RRH7|1.B.18.3.7	32.8	189	120	5	26	209	77	263	8.1e-17	84.0
3300013630.a:Ga0121618_10001_1379	gnl|TC-DB|P0AF06|1.A.30.1.1	32.4	284	169	2	7	290	7	267	6.6e-32	134.4
3300013630.a:Ga0121618_10001_1381	gnl|TC-DB|Q8EXN4|9.B.1.1.5	29.1	289	190	5	31	316	14	290	8.3e-23	104.4
3300013630.a:Ga0121618_10001_1389	gnl|TC-DB|P96668|2.A.7.3.24	64.4	284	101	0	7	290	3	286	4.0e-95	344.4
3300013630.a:Ga0121618_10001_1416	gnl|TC-DB|Q6UP31|3.D.1.6.4	34.3	108	64	3	56	161	49	151	3.7e-13	71.2
3300013630.a:Ga0121618_10001_1421	gnl|TC-DB|C9VRY8|2.A.86.1.5	37.0	227	116	6	9	216	433	651	6.6e-29	124.0
3300013630.a:Ga0121618_10001_1431	gnl|TC-DB|Q83XH1|3.A.1.121.4	27.9	523	366	3	1	513	1	522	2.9e-66	249.6
3300013630.a:Ga0121618_10001_1439	gnl|TC-DB|Q215S1|1.B.42.1.4	25.4	724	478	17	125	817	132	824	4.9e-61	232.6
3300013630.a:Ga0121618_10001_1451	gnl|TC-DB|Q6UKY4|3.D.1.6.4	54.4	68	31	0	6	73	54	121	1.3e-11	65.1
3300013630.a:Ga0121618_10001_1455	gnl|TC-DB|Q93JK1|2.A.55.3.4	62.6	420	135	5	8	416	39	447	1.7e-142	502.3
3300013630.a:Ga0121618_10001_1459	gnl|TC-DB|G0LBU8|1.B.14.6.11	33.4	808	464	13	35	798	195	972	1.1e-113	407.5
3300013630.a:Ga0121618_10001_1464	gnl|TC-DB|G2II29|9.B.29.3.4	43.0	186	95	4	1	177	1	184	9.4e-22	100.1
3300013630.a:Ga0121618_10001_1472	gnl|TC-DB|Q9A7R7|1.B.33.1.4	39.4	477	274	5	3	473	9	476	1.7e-95	346.3
3300013630.a:Ga0121618_10001_1488	gnl|TC-DB|B8GZE7|2.A.6.1.16	46.9	339	178	2	2	339	77	414	1.8e-70	262.7
3300013630.a:Ga0121618_10001_1489	gnl|TC-DB|B8GZE8|2.A.6.1.16	60.8	418	157	4	5	419	7	420	4.5e-140	494.2
3300013630.a:Ga0121618_10001_1490	gnl|TC-DB|B8GZE9|2.A.6.1.16	77.7	1038	231	0	1	1038	15	1052	0.0e+00	1503.8
3300013630.a:Ga0121618_10001_1493	gnl|TC-DB|Q44591|2.A.1.31.1	53.3	445	200	3	1	439	29	471	5.3e-115	411.0
3300013630.a:Ga0121618_10001_1495	gnl|TC-DB|P14285|2.A.51.1.3	55.8	389	169	2	10	395	23	411	1.3e-107	386.3
3300013630.a:Ga0121618_10001_1510	gnl|TC-DB|O30499|2.A.20.1.4	72.2	327	91	0	4	330	6	332	1.7e-121	432.2
3300013630.a:Ga0121618_10001_1513	gnl|TC-DB|Q9ZK21|1.C.82.1.1	58.6	203	84	0	25	227	28	230	2.1e-62	235.3
3300013630.a:Ga0121618_10001_1520	gnl|TC-DB|Q9A8E5|1.B.39.1.8	61.6	216	79	2	2	217	3	214	7.0e-68	253.4
3300013630.a:Ga0121618_10001_1522	gnl|TC-DB|P0ABK2|3.D.4.3.2	46.5	374	199	1	5	378	2	374	2.2e-93	339.0
3300013630.a:Ga0121618_10001_1523	gnl|TC-DB|P0ABJ9|3.D.4.3.2	54.8	520	231	2	4	519	2	521	4.4e-161	564.3
3300013630.a:Ga0121618_10001_1524	gnl|TC-DB|P29018|3.A.1.129.1	33.4	530	304	16	52	542	30	549	7.7e-47	184.9
3300013630.a:Ga0121618_10001_1525	gnl|TC-DB|Q9KZE5|3.A.1.106.9	39.2	194	116	1	327	520	395	586	1.2e-28	124.4
3300013630.a:Ga0121618_10001_1528	gnl|TC-DB|Q0PBV6|9.A.40.2.2	28.9	422	294	4	4	423	24	441	1.7e-41	166.8
3300013630.a:Ga0121618_10001_1529	gnl|TC-DB|Q93N33|2.A.21.9.2	22.5	306	219	5	128	426	772	1066	8.6e-11	65.1
