HTH_3	55	3300014970.a:Ga0169826_100005_10	245	1e-07	1	55	20	78	0.9818181818181818
Mga	87	3300014970.a:Ga0169826_100005_121	479	4.7e-22	4	87	82	164	0.9540229885057471
HTH_3	55	3300014970.a:Ga0169826_100005_126	184	4.6e-18	1	55	11	65	0.9818181818181818
HTH_1	60	3300014970.a:Ga0169826_100005_152	120	2.6e-11	5	59	23	82	0.9
Trans_reg_C	77	3300014970.a:Ga0169826_100005_203	240	9.5e-20	1	77	161	237	0.987012987012987
HTH_DeoR	57	3300014970.a:Ga0169826_100005_208	217	2.9e-06	13	49	30	64	0.631578947368421
GntR	64	3300014970.a:Ga0169826_100005_210	211	2.6e-13	1	64	12	75	0.984375
HTH_3	55	3300014970.a:Ga0169826_100005_223	181	5e-18	1	54	7	60	0.9636363636363636
HTH_3	55	3300014970.a:Ga0169826_100005_242	240	7.7e-16	1	54	7	60	0.9636363636363636
CoiA	377	3300014970.a:Ga0169826_100005_244	393	1.6e-44	1	279	1	274	0.7374005305039788
HTH_AraC	42	3300014970.a:Ga0169826_100005_276	277	3.5e-08	1	34	181	214	0.7857142857142857
HTH_AraC	42	3300014970.a:Ga0169826_100005_276	277	3.2e-11	1	42	233	272	0.9761904761904762
HTH_6	77	3300014970.a:Ga0169826_100005_288	241	3.2e-16	12	73	10	71	0.7922077922077922
DUF24	91	3300014970.a:Ga0169826_100005_333	119	1.1e-36	1	88	16	103	0.9560439560439561
FUR	120	3300014970.a:Ga0169826_100005_37	145	2e-28	2	118	18	133	0.9666666666666667
HTH_5	47	3300014970.a:Ga0169826_100005_42	96	2.6e-18	1	46	19	64	0.9574468085106383
GntR	64	3300014970.a:Ga0169826_100005_45	484	5e-20	2	64	13	75	0.96875
PadR	75	3300014970.a:Ga0169826_100005_47	111	1.6e-21	1	75	15	89	0.9866666666666667
HTH_6	77	3300014970.a:Ga0169826_100005_53	283	2.5e-24	2	74	4	76	0.935064935064935
HTH_3	55	3300014970.a:Ga0169826_100005_6	72	1.4e-13	2	55	8	61	0.9636363636363636
HTH_3	55	3300014970.a:Ga0169826_100005_7	112	1e-17	1	53	10	62	0.9454545454545454
HTH_3	55	3300014970.a:Ga0169826_100005_89	108	6.5e-12	1	55	6	61	0.9818181818181818
MerR	38	3300014970.a:Ga0169826_100005_9	92	3.8e-05	4	26	45	67	0.5789473684210527
HTH_3	55	3300014970.a:Ga0169826_100029_101	289	9.7e-05	1	32	10	41	0.5636363636363636
HTH_6	77	3300014970.a:Ga0169826_100029_110	296	8.3e-18	5	72	8	75	0.8701298701298701
LytTR	98	3300014970.a:Ga0169826_100029_140	240	1.2e-22	2	93	151	239	0.9285714285714286
HTH_3	55	3300014970.a:Ga0169826_100029_22	192	7.8e-18	1	55	7	61	0.9818181818181818
HTH_11	55	3300014970.a:Ga0169826_100029_25	190	4.5e-06	4	34	150	179	0.5454545454545454
HTH_3	55	3300014970.a:Ga0169826_100029_35	419	2.9e-13	5	48	17	60	0.7818181818181819
HTH_3	55	3300014970.a:Ga0169826_100029_36	271	2.9e-13	1	47	12	59	0.8363636363636363
HTH_5	47	3300014970.a:Ga0169826_100029_38	120	7.7e-16	1	45	40	85	0.9361702127659575
TrmB	68	3300014970.a:Ga0169826_100029_43	840	5.1e-05	13	60	5	57	0.6911764705882353
LytTR	98	3300014970.a:Ga0169826_100029_61	243	4.1e-33	1	97	143	239	0.9795918367346939
Mga	87	3300014970.a:Ga0169826_100029_73	494	7.7e-15	7	81	86	159	0.8505747126436781
GerE	57	3300014970.a:Ga0169826_100029_74	166	1.3e-06	10	41	125	156	0.543859649122807
Rrf2	83	3300014970.a:Ga0169826_100029_79	142	1.1e-24	1	83	1	81	0.9879518072289156
HTH_11	55	3300014970.a:Ga0169826_100029_8	331	1.3e-18	3	55	5	58	0.9454545454545454
GntR	64	3300014970.a:Ga0169826_100029_96	238	3.8e-21	5	64	7	66	0.921875
FUR	120	3300014970.a:Ga0169826_100038_142	150	3.8e-37	1	119	16	138	0.9833333333333333
HTH_11	55	3300014970.a:Ga0169826_100038_154	494	1.5e-10	3	55	9	64	0.9454545454545454
Mga	87	3300014970.a:Ga0169826_100038_154	494	1.9e-08	20	83	92	159	0.7241379310344828
HTH_1	60	3300014970.a:Ga0169826_100038_18	297	3.4e-19	1	59	3	61	0.9666666666666667
CodY	177	3300014970.a:Ga0169826_100038_29	261	6.3e-74	1	177	3	183	0.9943502824858758
HTH_CodY	61	3300014970.a:Ga0169826_100038_29	261	1.1e-40	1	59	202	260	0.9508196721311475
MarR	59	3300014970.a:Ga0169826_100038_6	143	8.8e-19	1	58	34	91	0.9661016949152542
LacI	46	3300014970.a:Ga0169826_100038_66	328	1.5e-23	2	46	6	50	0.9565217391304348
HTH_3	55	3300014970.a:Ga0169826_100038_70	282	1.2e-07	1	31	8	37	0.5454545454545454
HTH_11	55	3300014970.a:Ga0169826_100038_73	41	9.9e-05	13	33	19	39	0.36363636363636365
HTH_DeoR	57	3300014970.a:Ga0169826_100038_75	254	1.1e-15	1	55	6	60	0.9473684210526315
HTH_AraC	42	3300014970.a:Ga0169826_100038_81	273	1.8e-09	4	41	186	223	0.8809523809523809
HTH_AraC	42	3300014970.a:Ga0169826_100038_81	273	2.8e-14	6	40	237	272	0.8095238095238095
FUR	120	3300014970.a:Ga0169826_100038_85	148	4.2e-41	2	120	16	133	0.9833333333333333
LexA_DNA_bind	65	3300014970.a:Ga0169826_100038_91	207	5.1e-25	6	65	7	66	0.9076923076923077
PadR	75	3300014970.a:Ga0169826_100043_103	108	1.3e-24	1	74	15	86	0.9733333333333334
HTH_3	55	3300014970.a:Ga0169826_100043_124	161	4.3e-14	1	55	8	62	0.9818181818181818
Trans_reg_C	77	3300014970.a:Ga0169826_100043_14	228	6.8e-14	3	77	135	210	0.961038961038961
Trans_reg_C	77	3300014970.a:Ga0169826_100043_141	240	2.4e-29	6	77	164	233	0.922077922077922
GntR	64	3300014970.a:Ga0169826_100043_20	440	9.4e-08	17	62	14	58	0.703125
HTH_3	55	3300014970.a:Ga0169826_100043_23	117	4.7e-09	1	55	7	59	0.9818181818181818
CSD	66	3300014970.a:Ga0169826_100043_25	67	4.4e-34	2	65	3	65	0.9545454545454546
HTH_AraC	42	3300014970.a:Ga0169826_100043_35	329	4.6e-06	9	40	240	271	0.7380952380952381
HTH_AraC	42	3300014970.a:Ga0169826_100043_35	329	1.8e-10	6	42	286	323	0.8571428571428571
MarR	59	3300014970.a:Ga0169826_100043_49	163	1.7e-11	1	59	37	95	0.9830508474576272
GCN5L1	114	3300014970.a:Ga0169826_100043_64	149	3.8e-06	24	87	10	73	0.5526315789473685
GntR	64	3300014970.a:Ga0169826_100043_73	236	1.1e-24	2	64	8	70	0.96875
HTH_3	55	3300014970.a:Ga0169826_100043_85	276	1.4e-13	1	54	8	60	0.9636363636363636
LexA_DNA_bind	65	3300014970.a:Ga0169826_100043_94	348	9.2e-07	4	59	2	57	0.8461538461538461
HTH_1	60	3300014970.a:Ga0169826_100043_97	292	6e-19	1	60	3	62	0.9833333333333333
HTH_1	60	3300014970.a:Ga0169826_100043_98	296	1.3e-19	3	59	5	61	0.9333333333333333
HTH_6	77	3300014970.a:Ga0169826_100057_102	251	3.1e-15	13	76	9	72	0.8181818181818182
HTH_1	60	3300014970.a:Ga0169826_100057_16	295	5.3e-25	1	60	3	62	0.9833333333333333
LacI	46	3300014970.a:Ga0169826_100057_20	332	5.9e-17	1	46	7	53	0.9782608695652174
Mga	87	3300014970.a:Ga0169826_100057_24	670	3.7e-07	14	82	74	145	0.7816091954022989
TrmB	68	3300014970.a:Ga0169826_100057_38	938	7.5e-05	22	62	26	66	0.5882352941176471
Trans_reg_C	77	3300014970.a:Ga0169826_100057_41	222	5.2e-10	3	77	133	208	0.961038961038961
MerR	38	3300014970.a:Ga0169826_100057_5	147	7.9e-14	1	38	5	41	0.9736842105263158
MarR	59	3300014970.a:Ga0169826_100057_57	151	1.1e-16	1	58	28	85	0.9661016949152542
HTH_Mga	60	3300014970.a:Ga0169826_100057_75	483	9.6e-08	1	59	11	68	0.9666666666666667
Mga	87	3300014970.a:Ga0169826_100057_75	483	3.4e-23	2	86	77	163	0.9655172413793104
Trans_reg_C	77	3300014970.a:Ga0169826_100060_14	231	1.1e-24	2	77	152	228	0.974025974025974
MarR	59	3300014970.a:Ga0169826_100060_43	145	8.6e-20	1	59	32	90	0.9830508474576272
HTH_11	55	3300014970.a:Ga0169826_100060_47	678	2.9e-08	1	44	6	53	0.7818181818181819
Mga	87	3300014970.a:Ga0169826_100060_47	678	3.1e-10	16	85	92	162	0.7931034482758621
CSD	66	3300014970.a:Ga0169826_100060_95	67	2.6e-30	2	65	3	65	0.9545454545454546
GntR	64	3300014970.a:Ga0169826_100061_128	244	2.5e-20	1	64	10	72	0.984375
MerR	38	3300014970.a:Ga0169826_100061_24	252	1.5e-16	1	38	5	42	0.9736842105263158
HTH_11	55	3300014970.a:Ga0169826_100061_26	113	1.5e-06	15	40	35	60	0.45454545454545453
Trans_reg_C	77	3300014970.a:Ga0169826_100061_28	237	1.6e-30	2	77	156	231	0.974025974025974
GntR	64	3300014970.a:Ga0169826_100061_3	123	6.6e-12	3	64	13	74	0.953125
GntR	64	3300014970.a:Ga0169826_100061_34	349	4.3e-21	1	64	5	68	0.984375
HTH_1	60	3300014970.a:Ga0169826_100061_35	310	3.5e-22	1	59	3	61	0.9666666666666667
CSD	66	3300014970.a:Ga0169826_100061_51	69	2.9e-28	2	65	3	65	0.9545454545454546
LacI	46	3300014970.a:Ga0169826_100061_66	334	2.4e-21	1	46	7	52	0.9782608695652174
PspC	53	3300014970.a:Ga0169826_100061_76	108	3.9e-18	1	52	3	61	0.9622641509433962
GntR	64	3300014970.a:Ga0169826_100071_19	255	1.1e-16	3	64	9	70	0.953125
TrmB	68	3300014970.a:Ga0169826_100071_21	239	8.1e-06	3	58	25	85	0.8088235294117647
HTH_DeoR	57	3300014970.a:Ga0169826_100071_50	255	4.8e-16	1	56	11	66	0.9649122807017544
DUF24	91	3300014970.a:Ga0169826_100071_60	115	2.6e-28	1	90	21	111	0.978021978021978
HTH_Mga	60	3300014970.a:Ga0169826_100071_82	474	2.2e-05	17	57	22	62	0.6666666666666666
Mga	87	3300014970.a:Ga0169826_100071_82	474	3.1e-12	7	87	79	162	0.9195402298850575
LacI	46	3300014970.a:Ga0169826_100071_98	335	1.5e-17	1	44	6	51	0.9347826086956522
HTH_3	55	3300014970.a:Ga0169826_100085_10	70	1.5e-09	1	55	9	61	0.9818181818181818
HTH_3	55	3300014970.a:Ga0169826_100085_11	138	7.8e-11	1	55	7	59	0.9818181818181818
HTH_DeoR	57	3300014970.a:Ga0169826_100085_111	475	5.3e-05	4	31	16	43	0.47368421052631576
Mga	87	3300014970.a:Ga0169826_100085_111	475	6.2e-14	18	87	96	164	0.7931034482758621
HTH_3	55	3300014970.a:Ga0169826_100085_113	233	2.1e-15	1	55	12	67	0.9818181818181818
HTH_AraC	42	3300014970.a:Ga0169826_100085_30	321	1.9e-05	9	40	226	257	0.7380952380952381
HTH_AraC	42	3300014970.a:Ga0169826_100085_30	321	3.6e-11	1	42	270	309	0.9761904761904762
LacI	46	3300014970.a:Ga0169826_100085_37	337	2.2e-21	1	46	4	49	0.9782608695652174
Trans_reg_C	77	3300014970.a:Ga0169826_100085_63	225	5.5e-27	1	76	148	222	0.974025974025974
HTH_1	60	3300014970.a:Ga0169826_100085_66	277	1.8e-20	2	60	3	62	0.9666666666666667
MerR	38	3300014970.a:Ga0169826_100114_14	128	9.4e-17	2	38	15	50	0.9473684210526315
HTH_AraC	42	3300014970.a:Ga0169826_100114_46	288	3.5e-07	1	42	12	53	0.9761904761904762
HTH_AraC	42	3300014970.a:Ga0169826_100114_46	288	3e-07	9	41	68	101	0.7619047619047619
GntR	64	3300014970.a:Ga0169826_100114_56	234	4.8e-21	1	64	7	70	0.984375
HTH_3	55	3300014970.a:Ga0169826_100114_68	111	1.6e-06	1	55	7	59	0.9818181818181818
LacI	46	3300014970.a:Ga0169826_100117_2	336	1.7e-19	1	46	4	50	0.9782608695652174
HTH_11	55	3300014970.a:Ga0169826_100117_73	171	3.3e-16	1	54	6	58	0.9636363636363636
HTH_3	55	3300014970.a:Ga0169826_100125_43	233	9e-08	1	34	79	112	0.6
Arg_repressor	70	3300014970.a:Ga0169826_100125_60	150	2.9e-25	1	69	1	69	0.9714285714285714
Fe_dep_repress	60	3300014970.a:Ga0169826_100125_82	223	1.6e-17	3	60	2	59	0.95
SfsA	199	3300014970.a:Ga0169826_100125_84	244	8.1e-73	1	198	12	225	0.9899497487437185
TrmB	68	3300014970.a:Ga0169826_100125_87	902	3.2e-05	16	63	10	59	0.6911764705882353
GerE	57	3300014970.a:Ga0169826_100127_17	211	1.2e-23	3	57	149	203	0.9473684210526315
CSD	66	3300014970.a:Ga0169826_100127_30	67	2.1e-33	2	65	3	65	0.9545454545454546
AP2	54	3300014970.a:Ga0169826_100127_40	373	4.9e-05	4	51	5	52	0.8703703703703703
HTH_3	55	3300014970.a:Ga0169826_100127_57	428	8.9e-10	1	50	6	55	0.8909090909090909
HTH_3	55	3300014970.a:Ga0169826_100127_71	129	3e-16	1	55	10	64	0.9818181818181818
DUF24	91	3300014970.a:Ga0169826_100127_73	112	6.2e-20	1	88	17	105	0.9560439560439561
MerR	38	3300014970.a:Ga0169826_100127_76	140	7.2e-17	1	38	2	39	0.9736842105263158
DUF24	91	3300014970.a:Ga0169826_100127_78	82	1.5e-17	1	57	18	74	0.6153846153846154
CSD	66	3300014970.a:Ga0169826_100127_82	67	1.8e-31	2	65	3	65	0.9545454545454546
HTH_8	42	3300014970.a:Ga0169826_100130_29	284	1.3e-07	10	42	228	260	0.7619047619047619
HTH_AraC	42	3300014970.a:Ga0169826_100130_40	494	4.5e-09	5	42	395	432	0.8809523809523809
HTH_AraC	42	3300014970.a:Ga0169826_100130_40	494	9.7e-09	8	41	447	481	0.7857142857142857
MerR	38	3300014970.a:Ga0169826_100130_47	256	3.9e-15	1	38	6	43	0.9736842105263158
LacI	46	3300014970.a:Ga0169826_100130_60	354	8.9e-17	1	44	3	48	0.9347826086956522
GerE	57	3300014970.a:Ga0169826_100141_13	322	1.8e-18	2	53	253	304	0.8947368421052632
HTH_DeoR	57	3300014970.a:Ga0169826_100141_24	251	4.7e-20	1	54	6	59	0.9298245614035088
HTH_6	77	3300014970.a:Ga0169826_100141_58	249	1e-13	11	73	2	64	0.8051948051948052
Arg_repressor	70	3300014970.a:Ga0169826_100145_10	152	8.3e-25	1	66	1	66	0.9285714285714286
HTH_DeoR	57	3300014970.a:Ga0169826_100145_30	254	5.8e-19	1	56	6	61	0.9649122807017544
LacI	46	3300014970.a:Ga0169826_100145_33	312	1.7e-20	1	46	3	48	0.9782608695652174
DUF24	91	3300014970.a:Ga0169826_100145_39	134	5.2e-18	2	59	16	73	0.6263736263736264
HTH_1	60	3300014970.a:Ga0169826_100145_42	276	3.8e-21	2	59	3	61	0.95
TrmB	68	3300014970.a:Ga0169826_100145_63	267	9.4e-25	1	67	8	74	0.9705882352941176
GerE	57	3300014970.a:Ga0169826_100148_2	134	3.2e-05	8	47	89	128	0.6842105263157895
HTH_6	77	3300014970.a:Ga0169826_100148_25	284	1.3e-17	5	72	5	72	0.8701298701298701
HTH_AraC	42	3300014970.a:Ga0169826_100148_43	307	1.1e-05	1	41	193	233	0.9523809523809523
HTH_AraC	42	3300014970.a:Ga0169826_100148_43	307	1.8e-07	16	41	256	282	0.5952380952380952
HTH_AraC	42	3300014970.a:Ga0169826_100148_48	291	1.3e-05	1	35	196	230	0.8095238095238095
HTH_AraC	42	3300014970.a:Ga0169826_100148_48	291	3.1e-13	7	42	251	287	0.8333333333333334
MarR	59	3300014970.a:Ga0169826_100148_57	251	9.3e-05	7	52	16	61	0.7627118644067796
MerR	38	3300014970.a:Ga0169826_100148_58	156	1.1e-11	2	38	19	55	0.9473684210526315
HTH_11	55	3300014970.a:Ga0169826_100151_30	312	2.3e-12	1	55	6	61	0.9818181818181818
HTH_3	55	3300014970.a:Ga0169826_100151_38	83	1e-15	4	54	16	66	0.9090909090909091
Mga	87	3300014970.a:Ga0169826_100151_51	407	2.5e-24	2	87	80	163	0.9770114942528736
HTH_5	47	3300014970.a:Ga0169826_100181_13	112	4e-12	1	45	23	71	0.9361702127659575
Crp	32	3300014970.a:Ga0169826_100181_16	231	1.6e-05	3	27	180	204	0.75
Arg_repressor	70	3300014970.a:Ga0169826_100181_20	163	1.1e-20	1	62	1	62	0.8714285714285714
Arg_repressor	70	3300014970.a:Ga0169826_100181_21	160	1.9e-22	1	67	1	67	0.9428571428571428
GerE	57	3300014970.a:Ga0169826_100181_27	227	6.1e-05	19	40	199	220	0.3684210526315789
Mga	87	3300014970.a:Ga0169826_100181_32	502	8.1e-14	3	86	85	168	0.9540229885057471
Mga	87	3300014970.a:Ga0169826_100181_35	496	8.4e-13	10	87	88	166	0.8850574712643678
Mga	87	3300014970.a:Ga0169826_100181_36	495	2.4e-25	3	87	84	169	0.9655172413793104
Crp	32	3300014970.a:Ga0169826_100181_45	218	3.8e-05	2	30	165	194	0.875
GntR	64	3300014970.a:Ga0169826_100181_8	471	4.8e-13	2	64	25	87	0.96875
GerE	57	3300014970.a:Ga0169826_100183_28	198	1e-19	1	55	130	184	0.9473684210526315
HTH_3	55	3300014970.a:Ga0169826_100186_41	395	1.3e-12	1	48	11	58	0.8545454545454545
Mga	87	3300014970.a:Ga0169826_100186_6	503	8.6e-10	8	87	95	177	0.9080459770114943
LacI	46	3300014970.a:Ga0169826_100186_7	638	2.4e-20	1	45	3	48	0.9565217391304348
TrmB	68	3300014970.a:Ga0169826_100187_13	962	1.2e-06	17	64	23	70	0.6911764705882353
Trans_reg_C	77	3300014970.a:Ga0169826_100187_33	241	2e-25	3	77	158	231	0.961038961038961
GntR	64	3300014970.a:Ga0169826_100187_34	232	4.2e-14	6	64	25	82	0.90625
HTH_6	77	3300014970.a:Ga0169826_100187_5	257	1.5e-19	3	76	6	79	0.948051948051948
Trans_reg_C	77	3300014970.a:Ga0169826_100199_33	229	1.3e-26	3	77	153	226	0.961038961038961
HTH_11	55	3300014970.a:Ga0169826_100199_9	210	1.2e-11	1	54	6	57	0.9636363636363636
HTH_3	55	3300014970.a:Ga0169826_100219_1	290	1.6e-12	3	55	8	59	0.9454545454545454
HTH_3	55	3300014970.a:Ga0169826_100219_19	283	8.3e-09	1	31	8	37	0.5454545454545454
Trans_reg_C	77	3300014970.a:Ga0169826_100219_31	235	4e-29	1	77	152	228	0.987012987012987
Mga	87	3300014970.a:Ga0169826_100224_29	483	1.1e-11	4	87	84	164	0.9540229885057471
Arg_repressor	70	3300014970.a:Ga0169826_100224_5	444	8.9e-05	1	43	385	426	0.6
CSD	66	3300014970.a:Ga0169826_100224_6	67	4.6e-31	2	65	3	65	0.9545454545454546
LacI	46	3300014970.a:Ga0169826_100243_18	333	6.9e-21	2	46	4	48	0.9565217391304348
GerE	57	3300014970.a:Ga0169826_100243_38	132	1.8e-08	14	46	92	124	0.5614035087719298
HTH_11	55	3300014970.a:Ga0169826_100251_30	425	5.5e-11	1	53	8	64	0.9454545454545454
Mga	87	3300014970.a:Ga0169826_100251_30	425	3.2e-10	16	83	96	166	0.7701149425287356
HTH_6	77	3300014970.a:Ga0169826_100270_24	254	1.8e-18	11	75	7	71	0.8311688311688312
Pencillinase_R	115	3300014970.a:Ga0169826_100270_28	147	3.3e-39	1	114	9	122	0.9826086956521739
GntR	64	3300014970.a:Ga0169826_100270_32	130	1.7e-16	2	64	14	76	0.96875
HTH_AraC	42	3300014970.a:Ga0169826_100270_7	189	1.7e-09	6	42	96	132	0.8571428571428571
HTH_AraC	42	3300014970.a:Ga0169826_100270_7	189	4.8e-12	2	41	144	181	0.9285714285714286
MerR	38	3300014970.a:Ga0169826_100281_19	90	8.4e-06	4	24	43	63	0.5263157894736842
HTH_3	55	3300014970.a:Ga0169826_100281_20	65	4.3e-07	8	55	13	58	0.8545454545454545
HTH_3	55	3300014970.a:Ga0169826_100281_21	116	4.6e-08	2	55	8	59	0.9636363636363636
Trans_reg_C	77	3300014970.a:Ga0169826_100281_32	235	1.5e-26	1	77	156	233	0.987012987012987
Trans_reg_C	77	3300014970.a:Ga0169826_100303_1	230	7e-26	2	77	151	226	0.974025974025974
HTH_11	55	3300014970.a:Ga0169826_100303_19	621	9.1e-09	1	44	6	51	0.7818181818181819
HTH_11	55	3300014970.a:Ga0169826_100303_19	621	1.3e-13	1	54	90	147	0.9636363636363636
HTH_3	55	3300014970.a:Ga0169826_100303_9	297	1.4e-07	4	36	139	171	0.5818181818181818
GntR	64	3300014970.a:Ga0169826_100313_15	128	1.2e-20	1	64	3	66	0.984375
HTH_Mga	60	3300014970.a:Ga0169826_100313_4	681	6.6e-07	9	52	7	49	0.7166666666666667
Mga	87	3300014970.a:Ga0169826_100313_4	681	2.4e-07	15	82	91	161	0.7701149425287356
LacI	46	3300014970.a:Ga0169826_100331_16	322	4.8e-22	2	46	4	48	0.9565217391304348
GntR	64	3300014970.a:Ga0169826_100331_18	238	6.9e-20	2	64	7	69	0.96875
Mga	87	3300014970.a:Ga0169826_100331_4	497	8.8e-10	5	85	84	162	0.9195402298850575
HTH_1	60	3300014970.a:Ga0169826_100340_3	285	2.2e-18	1	59	3	61	0.9666666666666667
HTH_3	55	3300014970.a:Ga0169826_100378_16	380	1.1e-14	4	51	15	62	0.8545454545454545
MarR	59	3300014970.a:Ga0169826_100496_5	147	8.3e-13	1	59	35	93	0.9830508474576272
HTH_6	77	3300014970.a:Ga0169826_100565_1	283	3.4e-20	1	74	1	73	0.948051948051948
CtsR	149	3300014970.a:Ga0169826_100565_4	156	1.5e-56	2	149	5	150	0.9865771812080537
Mga	87	3300014970.a:Ga0169826_100597_11	489	3.4e-27	3	87	79	161	0.9655172413793104
GerE	57	3300014970.a:Ga0169826_101415_2	175	8.1e-07	18	48	3	33	0.5263157894736842
