17	STP	0	3	CGC1	3300005298.a:Ga0071330_1061897	18936	20261	3300005298.a:Ga0071330_1061897_18	-	DB=STP|AAA;ID=3300005298.a:Ga0071330_1061897_18	DB=STP|AAA;ID=3300005298.a:Ga0071330_1061897_18
18	TF	2	0	CGC1	3300005298.a:Ga0071330_1061897	20410	21087	3300005298.a:Ga0071330_1061897_19	+	DB=DBD-Pfam|Crp,DBD-SUPERFAMILY|0037767;ID=3300005298.a:Ga0071330_1061897_19	DB=DBD-Pfam|Crp,DBD-SUPERFAMILY|0037767;ID=3300005298.a:Ga0071330_1061897_19
19	null	null	null	CGC1	3300005298.a:Ga0071330_1061897	21096	22007	3300005298.a:Ga0071330_1061897_20	+	;ID=3300005298.a:Ga0071330_1061897_20
20	null	null	null	CGC1	3300005298.a:Ga0071330_1061897	21981	23687	3300005298.a:Ga0071330_1061897_21	-	;ID=3300005298.a:Ga0071330_1061897_21
21	TC	1	2	CGC1	3300005298.a:Ga0071330_1061897	23691	24641	3300005298.a:Ga0071330_1061897_22	-	DB=gnl|TC-DB|P63144|8.A.5.1.3;ID=3300005298.a:Ga0071330_1061897_22	DB=gnl|TC-DB|P63144|8.A.5.1.3;ID=3300005298.a:Ga0071330_1061897_22
22	null	null	null	CGC1	3300005298.a:Ga0071330_1061897	24663	24962	3300005298.a:Ga0071330_1061897_23	-	;ID=3300005298.a:Ga0071330_1061897_23
23	TF	0	1	CGC1	3300005298.a:Ga0071330_1061897	25091	26281	3300005298.a:Ga0071330_1061897_24	+	DB=DBD-Pfam|MarR,DBD-SUPERFAMILY|0040266;ID=3300005298.a:Ga0071330_1061897_24	DB=DBD-Pfam|MarR,DBD-SUPERFAMILY|0040266;ID=3300005298.a:Ga0071330_1061897_24
24	CAZyme	1	0	CGC1	3300005298.a:Ga0071330_1061897	26319	28031	3300005298.a:Ga0071330_1061897_25	-	DB=GT35| GT35;ID=3300005298.a:Ga0071330_1061897_25	DB=GT35| GT35;ID=3300005298.a:Ga0071330_1061897_25
25	null	null	null	CGC1	3300005298.a:Ga0071330_1061897	28299	29078	3300005298.a:Ga0071330_1061897_26	+	;ID=3300005298.a:Ga0071330_1061897_26
26	CAZyme	1	1	CGC1	3300005298.a:Ga0071330_1061897	29178	31619	3300005298.a:Ga0071330_1061897_27	+	DB= GH2|3.2.1.25|GH2;ID=3300005298.a:Ga0071330_1061897_27	DB= GH2|3.2.1.25|GH2;ID=3300005298.a:Ga0071330_1061897_27
27	null	null	null	CGC1	3300005298.a:Ga0071330_1061897	31596	32129	3300005298.a:Ga0071330_1061897_28	-	;ID=3300005298.a:Ga0071330_1061897_28
28	CAZyme	9	1	CGC1	3300005298.a:Ga0071330_1061897	32175	33170	3300005298.a:Ga0071330_1061897_29	-	DB=GH130| GH130;ID=3300005298.a:Ga0071330_1061897_29	DB=GH130| GH130;ID=3300005298.a:Ga0071330_1061897_29
+++++
12	STP	0	7	CGC1	3300005298.a:Ga0071330_1055748	18211	19494	3300005298.a:Ga0071330_1055748_13	+	DB=STP|SBP_bac_1;ID=3300005298.a:Ga0071330_1055748_13	DB=STP|SBP_bac_1;ID=3300005298.a:Ga0071330_1055748_13
13	TC	0	0	CGC1	3300005298.a:Ga0071330_1055748	19597	20472	3300005298.a:Ga0071330_1055748_14	+	DB=gnl|TC-DB|Q8NMV4|3.A.1.1.45;ID=3300005298.a:Ga0071330_1055748_14	DB=gnl|TC-DB|Q8NMV4|3.A.1.1.45;ID=3300005298.a:Ga0071330_1055748_14
14	TC	0	0	CGC1	3300005298.a:Ga0071330_1055748	20472	21308	3300005298.a:Ga0071330_1055748_15	+	DB=gnl|TC-DB|Q8NMV5|3.A.1.1.45;ID=3300005298.a:Ga0071330_1055748_15	DB=gnl|TC-DB|Q8NMV5|3.A.1.1.45;ID=3300005298.a:Ga0071330_1055748_15
15	CAZyme	0	0	CGC1	3300005298.a:Ga0071330_1055748	21354	22811	3300005298.a:Ga0071330_1055748_16	+	DB=GH32| GH32;ID=3300005298.a:Ga0071330_1055748_16	DB=GH32| GH32;ID=3300005298.a:Ga0071330_1055748_16
16	TF	0	0	CGC1	3300005298.a:Ga0071330_1055748	22832	23818	3300005298.a:Ga0071330_1055748_17	-	DB=DBD-Pfam|LacI,DBD-SUPERFAMILY|0036955;ID=3300005298.a:Ga0071330_1055748_17	DB=DBD-Pfam|LacI,DBD-SUPERFAMILY|0036955;ID=3300005298.a:Ga0071330_1055748_17
17	STP	1	0	CGC1	3300005298.a:Ga0071330_1055748	24306	24944	3300005298.a:Ga0071330_1055748_18	+	DB=STP|TetR_N;ID=3300005298.a:Ga0071330_1055748_18	DB=STP|TetR_N;ID=3300005298.a:Ga0071330_1055748_18
18	null	null	null	CGC1	3300005298.a:Ga0071330_1055748	25099	26289	3300005298.a:Ga0071330_1055748_19	+	;ID=3300005298.a:Ga0071330_1055748_19
19	CAZyme	2	1	CGC1	3300005298.a:Ga0071330_1055748	26367	27407	3300005298.a:Ga0071330_1055748_20	+	DB=GT2| GT2;ID=3300005298.a:Ga0071330_1055748_20	DB=GT2| GT2;ID=3300005298.a:Ga0071330_1055748_20
20	null	null	null	CGC1	3300005298.a:Ga0071330_1055748	27397	27996	3300005298.a:Ga0071330_1055748_21	+	;ID=3300005298.a:Ga0071330_1055748_21
21	null	null	null	CGC1	3300005298.a:Ga0071330_1055748	28030	29325	3300005298.a:Ga0071330_1055748_22	+	;ID=3300005298.a:Ga0071330_1055748_22
22	CAZyme	4	2	CGC1	3300005298.a:Ga0071330_1055748	29326	30375	3300005298.a:Ga0071330_1055748_23	+	DB=GT2| GT2;ID=3300005298.a:Ga0071330_1055748_23	DB=GT2| GT2;ID=3300005298.a:Ga0071330_1055748_23
+++++
51	STP	2	11	CGC2	3300005298.a:Ga0071330_1055748	58183	58599	3300005298.a:Ga0071330_1055748_52	+	DB=STP|Sigma70_r4;ID=3300005298.a:Ga0071330_1055748_52	DB=STP|Sigma70_r4;ID=3300005298.a:Ga0071330_1055748_52
52	null	null	null	CGC2	3300005298.a:Ga0071330_1055748	58605	59855	3300005298.a:Ga0071330_1055748_53	-	;ID=3300005298.a:Ga0071330_1055748_53
53	null	null	null	CGC2	3300005298.a:Ga0071330_1055748	59855	60823	3300005298.a:Ga0071330_1055748_54	-	;ID=3300005298.a:Ga0071330_1055748_54
54	STP	0	2	CGC2	3300005298.a:Ga0071330_1055748	60861	61850	3300005298.a:Ga0071330_1055748_55	-	DB=STP|SIS,STP|SIS;ID=3300005298.a:Ga0071330_1055748_55	DB=STP|SIS,STP|SIS;ID=3300005298.a:Ga0071330_1055748_55
55	TF	2	0	CGC2	3300005298.a:Ga0071330_1055748	61863	62621	3300005298.a:Ga0071330_1055748_56	-	DB=DBD-Pfam|HTH_DeoR,DBD-SUPERFAMILY|0043758;ID=3300005298.a:Ga0071330_1055748_56	DB=DBD-Pfam|HTH_DeoR,DBD-SUPERFAMILY|0043758;ID=3300005298.a:Ga0071330_1055748_56
56	null	null	null	CGC2	3300005298.a:Ga0071330_1055748	62847	63065	3300005298.a:Ga0071330_1055748_57	+	;ID=3300005298.a:Ga0071330_1055748_57
57	null	null	null	CGC2	3300005298.a:Ga0071330_1055748	63062	63229	3300005298.a:Ga0071330_1055748_58	+	;ID=3300005298.a:Ga0071330_1055748_58
58	STP	0	2	CGC2	3300005298.a:Ga0071330_1055748	63245	64111	3300005298.a:Ga0071330_1055748_59	+	DB=STP|SBP_bac_1;ID=3300005298.a:Ga0071330_1055748_59	DB=STP|SBP_bac_1;ID=3300005298.a:Ga0071330_1055748_59
59	TC	1	0	CGC2	3300005298.a:Ga0071330_1055748	64224	65033	3300005298.a:Ga0071330_1055748_60	+	DB=gnl|TC-DB|Q93KC0|3.A.1.1.11;ID=3300005298.a:Ga0071330_1055748_60	DB=gnl|TC-DB|Q93KC0|3.A.1.1.11;ID=3300005298.a:Ga0071330_1055748_60
60	null	null	null	CGC2	3300005298.a:Ga0071330_1055748	65026	65175	3300005298.a:Ga0071330_1055748_61	+	;ID=3300005298.a:Ga0071330_1055748_61
61	TC	0	1	CGC2	3300005298.a:Ga0071330_1055748	65120	65608	3300005298.a:Ga0071330_1055748_62	+	DB=gnl|TC-DB|Q72H66|3.A.1.1.25;ID=3300005298.a:Ga0071330_1055748_62	DB=gnl|TC-DB|Q72H66|3.A.1.1.25;ID=3300005298.a:Ga0071330_1055748_62
62	CAZyme	1	0	CGC2	3300005298.a:Ga0071330_1055748	65735	67060	3300005298.a:Ga0071330_1055748_63	+	DB= GH4|GH4;ID=3300005298.a:Ga0071330_1055748_63	DB= GH4|GH4;ID=3300005298.a:Ga0071330_1055748_63
63	null	null	null	CGC2	3300005298.a:Ga0071330_1055748	67071	68297	3300005298.a:Ga0071330_1055748_64	+	;ID=3300005298.a:Ga0071330_1055748_64
64	STP	1	1	CGC2	3300005298.a:Ga0071330_1055748	68444	69214	3300005298.a:Ga0071330_1055748_65	-	DB=STP|PfkB;ID=3300005298.a:Ga0071330_1055748_65	DB=STP|PfkB;ID=3300005298.a:Ga0071330_1055748_65
65	null	null	null	CGC2	3300005298.a:Ga0071330_1055748	69219	70241	3300005298.a:Ga0071330_1055748_66	-	;ID=3300005298.a:Ga0071330_1055748_66
66	TC	8	1	CGC2	3300005298.a:Ga0071330_1055748	70390	71088	3300005298.a:Ga0071330_1055748_67	+	DB=gnl|TC-DB|Q58206|3.A.1.122.14;ID=3300005298.a:Ga0071330_1055748_67	DB=gnl|TC-DB|Q58206|3.A.1.122.14;ID=3300005298.a:Ga0071330_1055748_67
+++++
75	CAZyme	0	8	CGC3	3300005298.a:Ga0071330_1055748	78419	79399	3300005298.a:Ga0071330_1055748_76	-	DB=CE4;ID=3300005298.a:Ga0071330_1055748_76	DB=CE4;ID=3300005298.a:Ga0071330_1055748_76
76	TF	2	0	CGC3	3300005298.a:Ga0071330_1055748	79732	80106	3300005298.a:Ga0071330_1055748_77	+	DB=DBD-Pfam|PadR,DBD-SUPERFAMILY|0043935;ID=3300005298.a:Ga0071330_1055748_77	DB=DBD-Pfam|PadR,DBD-SUPERFAMILY|0043935;ID=3300005298.a:Ga0071330_1055748_77
77	null	null	null	CGC3	3300005298.a:Ga0071330_1055748	80111	80335	3300005298.a:Ga0071330_1055748_78	+	;ID=3300005298.a:Ga0071330_1055748_78
78	null	null	null	CGC3	3300005298.a:Ga0071330_1055748	80422	80625	3300005298.a:Ga0071330_1055748_79	+	;ID=3300005298.a:Ga0071330_1055748_79
79	TC	0	2	CGC3	3300005298.a:Ga0071330_1055748	80615	81436	3300005298.a:Ga0071330_1055748_80	+	DB=gnl|TC-DB|A0L4L0|3.A.1.132.3;ID=3300005298.a:Ga0071330_1055748_80	DB=gnl|TC-DB|A0L4L0|3.A.1.132.3;ID=3300005298.a:Ga0071330_1055748_80
80	STP	6	0	CGC3	3300005298.a:Ga0071330_1055748	81439	81807	3300005298.a:Ga0071330_1055748_81	+	DB=STP|Nitro_FeMo-Co;ID=3300005298.a:Ga0071330_1055748_81	DB=STP|Nitro_FeMo-Co;ID=3300005298.a:Ga0071330_1055748_81
+++++
43	TC	1	3	CGC1	3300005298.a:Ga0071330_1056877	44329	46206	3300005298.a:Ga0071330_1056877_44	-	DB=gnl|TC-DB|Q6MMD5|9.B.18.2.1;ID=3300005298.a:Ga0071330_1056877_44	DB=gnl|TC-DB|Q6MMD5|9.B.18.2.1;ID=3300005298.a:Ga0071330_1056877_44
44	null	null	null	CGC1	3300005298.a:Ga0071330_1056877	46396	47073	3300005298.a:Ga0071330_1056877_45	+	;ID=3300005298.a:Ga0071330_1056877_45
45	TC	1	1	CGC1	3300005298.a:Ga0071330_1056877	47104	48276	3300005298.a:Ga0071330_1056877_46	-	DB=gnl|TC-DB|Q8R7B7|2.A.1.65.8;ID=3300005298.a:Ga0071330_1056877_46	DB=gnl|TC-DB|Q8R7B7|2.A.1.65.8;ID=3300005298.a:Ga0071330_1056877_46
46	null	null	null	CGC1	3300005298.a:Ga0071330_1056877	48395	48859	3300005298.a:Ga0071330_1056877_47	+	;ID=3300005298.a:Ga0071330_1056877_47
47	TC	0	1	CGC1	3300005298.a:Ga0071330_1056877	49089	50882	3300005298.a:Ga0071330_1056877_48	-	DB=gnl|TC-DB|Q8G7R7|3.A.1.106.3;ID=3300005298.a:Ga0071330_1056877_48	DB=gnl|TC-DB|Q8G7R7|3.A.1.106.3;ID=3300005298.a:Ga0071330_1056877_48
48	TC	2	0	CGC1	3300005298.a:Ga0071330_1056877	50883	52622	3300005298.a:Ga0071330_1056877_49	-	DB=gnl|TC-DB|B3DPC5|3.A.1.106.3;ID=3300005298.a:Ga0071330_1056877_49	DB=gnl|TC-DB|B3DPC5|3.A.1.106.3;ID=3300005298.a:Ga0071330_1056877_49
49	null	null	null	CGC1	3300005298.a:Ga0071330_1056877	52609	53157	3300005298.a:Ga0071330_1056877_50	-	;ID=3300005298.a:Ga0071330_1056877_50
50	null	null	null	CGC1	3300005298.a:Ga0071330_1056877	53157	53507	3300005298.a:Ga0071330_1056877_51	-	;ID=3300005298.a:Ga0071330_1056877_51
51	TC	2	2	CGC1	3300005298.a:Ga0071330_1056877	53535	55142	3300005298.a:Ga0071330_1056877_52	-	DB=gnl|TC-DB|D0WY71|2.A.66.4.5;ID=3300005298.a:Ga0071330_1056877_52	DB=gnl|TC-DB|D0WY71|2.A.66.4.5;ID=3300005298.a:Ga0071330_1056877_52
52	null	null	null	CGC1	3300005298.a:Ga0071330_1056877	55257	56156	3300005298.a:Ga0071330_1056877_53	+	;ID=3300005298.a:Ga0071330_1056877_53
53	null	null	null	CGC1	3300005298.a:Ga0071330_1056877	56134	56886	3300005298.a:Ga0071330_1056877_54	+	;ID=3300005298.a:Ga0071330_1056877_54
54	TC	0	2	CGC1	3300005298.a:Ga0071330_1056877	56867	57445	3300005298.a:Ga0071330_1056877_55	+	DB=gnl|TC-DB|P16676|3.A.1.6.1;ID=3300005298.a:Ga0071330_1056877_55	DB=gnl|TC-DB|P16676|3.A.1.6.1;ID=3300005298.a:Ga0071330_1056877_55
55	TF	0	0	CGC1	3300005298.a:Ga0071330_1056877	57432	58058	3300005298.a:Ga0071330_1056877_56	-	DB=DBD-Pfam|HTH_11,DBD-SUPERFAMILY|0045030;ID=3300005298.a:Ga0071330_1056877_56	DB=DBD-Pfam|HTH_11,DBD-SUPERFAMILY|0045030;ID=3300005298.a:Ga0071330_1056877_56
56	TC	0	0	CGC1	3300005298.a:Ga0071330_1056877	58048	60048	3300005298.a:Ga0071330_1056877_57	-	DB=gnl|TC-DB|P24918|3.D.1.6.2;ID=3300005298.a:Ga0071330_1056877_57	DB=gnl|TC-DB|P24918|3.D.1.6.2;ID=3300005298.a:Ga0071330_1056877_57
57	TC	0	0	CGC1	3300005298.a:Ga0071330_1056877	60064	61938	3300005298.a:Ga0071330_1056877_58	-	DB=gnl|TC-DB|Q74GA3|3.D.1.5.1;ID=3300005298.a:Ga0071330_1056877_58	DB=gnl|TC-DB|Q74GA3|3.D.1.5.1;ID=3300005298.a:Ga0071330_1056877_58
58	TC	0	0	CGC1	3300005298.a:Ga0071330_1056877	61931	62416	3300005298.a:Ga0071330_1056877_59	-	DB=gnl|TC-DB|Q74GA4|3.D.1.5.1;ID=3300005298.a:Ga0071330_1056877_59	DB=gnl|TC-DB|Q74GA4|3.D.1.5.1;ID=3300005298.a:Ga0071330_1056877_59
59	STP	0	0	CGC1	3300005298.a:Ga0071330_1056877	62430	63569	3300005298.a:Ga0071330_1056877_60	-	DB=STP|SpoIIE;ID=3300005298.a:Ga0071330_1056877_60	DB=STP|SpoIIE;ID=3300005298.a:Ga0071330_1056877_60
60	STP	0	0	CGC1	3300005298.a:Ga0071330_1056877	63556	65259	3300005298.a:Ga0071330_1056877_61	-	DB=STP|Fer4,STP|FeS;ID=3300005298.a:Ga0071330_1056877_61	DB=STP|Fer4,STP|FeS;ID=3300005298.a:Ga0071330_1056877_61
61	CAZyme	0	0	CGC1	3300005298.a:Ga0071330_1056877	65430	66020	3300005298.a:Ga0071330_1056877_62	+	DB= CBM4|CBM4;ID=3300005298.a:Ga0071330_1056877_62	DB= CBM4|CBM4;ID=3300005298.a:Ga0071330_1056877_62
62	TC	2	0	CGC1	3300005298.a:Ga0071330_1056877	66063	67052	3300005298.a:Ga0071330_1056877_63	-	DB=gnl|TC-DB|P77735|8.A.5.1.6;ID=3300005298.a:Ga0071330_1056877_63	DB=gnl|TC-DB|P77735|8.A.5.1.6;ID=3300005298.a:Ga0071330_1056877_63
63	null	null	null	CGC1	3300005298.a:Ga0071330_1056877	67066	68379	3300005298.a:Ga0071330_1056877_64	-	;ID=3300005298.a:Ga0071330_1056877_64
64	null	null	null	CGC1	3300005298.a:Ga0071330_1056877	68379	69743	3300005298.a:Ga0071330_1056877_65	-	;ID=3300005298.a:Ga0071330_1056877_65
65	TC	5	2	CGC1	3300005298.a:Ga0071330_1056877	69812	70714	3300005298.a:Ga0071330_1056877_66	-	DB=gnl|TC-DB|D4ZZR3|9.B.34.1.3;ID=3300005298.a:Ga0071330_1056877_66	DB=gnl|TC-DB|D4ZZR3|9.B.34.1.3;ID=3300005298.a:Ga0071330_1056877_66
+++++
103	TC	0	9	CGC2	3300005298.a:Ga0071330_1056877	101790	103046	3300005298.a:Ga0071330_1056877_104	+	DB=gnl|TC-DB|Q553K4|2.A.55.2.10;ID=3300005298.a:Ga0071330_1056877_104	DB=gnl|TC-DB|Q553K4|2.A.55.2.10;ID=3300005298.a:Ga0071330_1056877_104
104	TF	2	0	CGC2	3300005298.a:Ga0071330_1056877	103043	103879	3300005298.a:Ga0071330_1056877_105	+	DB=DBD-Pfam|Rsd_AlgQ;ID=3300005298.a:Ga0071330_1056877_105	DB=DBD-Pfam|Rsd_AlgQ;ID=3300005298.a:Ga0071330_1056877_105
105	null	null	null	CGC2	3300005298.a:Ga0071330_1056877	104181	104858	3300005298.a:Ga0071330_1056877_106	+	;ID=3300005298.a:Ga0071330_1056877_106
106	null	null	null	CGC2	3300005298.a:Ga0071330_1056877	104851	105054	3300005298.a:Ga0071330_1056877_107	-	;ID=3300005298.a:Ga0071330_1056877_107
107	CAZyme	1	2	CGC2	3300005298.a:Ga0071330_1056877	105002	106108	3300005298.a:Ga0071330_1056877_108	-	DB= GH1|GH1;ID=3300005298.a:Ga0071330_1056877_108	DB= GH1|GH1;ID=3300005298.a:Ga0071330_1056877_108
108	null	null	null	CGC2	3300005298.a:Ga0071330_1056877	106269	106922	3300005298.a:Ga0071330_1056877_109	+	;ID=3300005298.a:Ga0071330_1056877_109
109	TC	1	1	CGC2	3300005298.a:Ga0071330_1056877	106919	108118	3300005298.a:Ga0071330_1056877_110	-	DB=gnl|TC-DB|Q51330|2.A.1.11.1;ID=3300005298.a:Ga0071330_1056877_110	DB=gnl|TC-DB|Q51330|2.A.1.11.1;ID=3300005298.a:Ga0071330_1056877_110
110	null	null	null	CGC2	3300005298.a:Ga0071330_1056877	108247	108690	3300005298.a:Ga0071330_1056877_111	-	;ID=3300005298.a:Ga0071330_1056877_111
111	STP	0	1	CGC2	3300005298.a:Ga0071330_1056877	108878	109900	3300005298.a:Ga0071330_1056877_112	+	DB=STP|Fer4;ID=3300005298.a:Ga0071330_1056877_112	DB=STP|Fer4;ID=3300005298.a:Ga0071330_1056877_112
112	TC	0	0	CGC2	3300005298.a:Ga0071330_1056877	109903	111543	3300005298.a:Ga0071330_1056877_113	-	DB=gnl|TC-DB|P0AAP1|9.B.34.1.2;ID=3300005298.a:Ga0071330_1056877_113	DB=gnl|TC-DB|P0AAP1|9.B.34.1.2;ID=3300005298.a:Ga0071330_1056877_113
113	TC	2	0	CGC2	3300005298.a:Ga0071330_1056877	111684	112631	3300005298.a:Ga0071330_1056877_114	+	DB=gnl|TC-DB|Q48797|2.A.69.4.5;ID=3300005298.a:Ga0071330_1056877_114	DB=gnl|TC-DB|Q48797|2.A.69.4.5;ID=3300005298.a:Ga0071330_1056877_114
114	null	null	null	CGC2	3300005298.a:Ga0071330_1056877	112762	112965	3300005298.a:Ga0071330_1056877_115	+	;ID=3300005298.a:Ga0071330_1056877_115
115	null	null	null	CGC2	3300005298.a:Ga0071330_1056877	112979	113302	3300005298.a:Ga0071330_1056877_116	+	;ID=3300005298.a:Ga0071330_1056877_116
116	CAZyme	1	2	CGC2	3300005298.a:Ga0071330_1056877	113488	115377	3300005298.a:Ga0071330_1056877_117	+	DB=GH16_3|CBM4| GH16_3| CBM4;ID=3300005298.a:Ga0071330_1056877_117	DB=GH16_3|CBM4| GH16_3| CBM4;ID=3300005298.a:Ga0071330_1056877_117
117	null	null	null	CGC2	3300005298.a:Ga0071330_1056877	115457	115936	3300005298.a:Ga0071330_1056877_118	-	;ID=3300005298.a:Ga0071330_1056877_118
118	STP	6	1	CGC2	3300005298.a:Ga0071330_1056877	116235	117266	3300005298.a:Ga0071330_1056877_119	-	DB=STP|Aminotran_1_2;ID=3300005298.a:Ga0071330_1056877_119	DB=STP|Aminotran_1_2;ID=3300005298.a:Ga0071330_1056877_119
+++++
125	TC	0	6	CGC3	3300005298.a:Ga0071330_1056877	122899	124665	3300005298.a:Ga0071330_1056877_126	-	DB=gnl|TC-DB|F9VN10|3.D.10.1.4;ID=3300005298.a:Ga0071330_1056877_126	DB=gnl|TC-DB|F9VN10|3.D.10.1.4;ID=3300005298.a:Ga0071330_1056877_126
126	STP	0	0	CGC3	3300005298.a:Ga0071330_1056877	124652	125824	3300005298.a:Ga0071330_1056877_127	-	DB=STP|Fer4,STP|Fer4;ID=3300005298.a:Ga0071330_1056877_127	DB=STP|Fer4,STP|Fer4;ID=3300005298.a:Ga0071330_1056877_127
127	TF	0	0	CGC3	3300005298.a:Ga0071330_1056877	125837	126601	3300005298.a:Ga0071330_1056877_128	-	DB=DBD-Pfam|HTH_11,DBD-SUPERFAMILY|0040266;ID=3300005298.a:Ga0071330_1056877_128	DB=DBD-Pfam|HTH_11,DBD-SUPERFAMILY|0040266;ID=3300005298.a:Ga0071330_1056877_128
128	STP	1	0	CGC3	3300005298.a:Ga0071330_1056877	126598	127557	3300005298.a:Ga0071330_1056877_129	-	DB=STP|PfkB;ID=3300005298.a:Ga0071330_1056877_129	DB=STP|PfkB;ID=3300005298.a:Ga0071330_1056877_129
129	null	null	null	CGC3	3300005298.a:Ga0071330_1056877	127576	128712	3300005298.a:Ga0071330_1056877_130	-	;ID=3300005298.a:Ga0071330_1056877_130
130	CAZyme	0	1	CGC3	3300005298.a:Ga0071330_1056877	128725	130107	3300005298.a:Ga0071330_1056877_131	-	DB= GH4|GH4;ID=3300005298.a:Ga0071330_1056877_131	DB= GH4|GH4;ID=3300005298.a:Ga0071330_1056877_131
131	TC	0	0	CGC3	3300005298.a:Ga0071330_1056877	130123	130962	3300005298.a:Ga0071330_1056877_132	-	DB=gnl|TC-DB|Q93KB9|3.A.1.1.11;ID=3300005298.a:Ga0071330_1056877_132	DB=gnl|TC-DB|Q93KB9|3.A.1.1.11;ID=3300005298.a:Ga0071330_1056877_132
132	TC	0	0	CGC3	3300005298.a:Ga0071330_1056877	130962	131870	3300005298.a:Ga0071330_1056877_133	-	DB=gnl|TC-DB|Q93KC0|3.A.1.1.11;ID=3300005298.a:Ga0071330_1056877_133	DB=gnl|TC-DB|Q93KC0|3.A.1.1.11;ID=3300005298.a:Ga0071330_1056877_133
133	TC	0	0	CGC3	3300005298.a:Ga0071330_1056877	131933	133207	3300005298.a:Ga0071330_1056877_134	-	DB=gnl|TC-DB|Q93KB7|3.A.1.1.11;ID=3300005298.a:Ga0071330_1056877_134	DB=gnl|TC-DB|Q93KB7|3.A.1.1.11;ID=3300005298.a:Ga0071330_1056877_134
134	CAZyme	3	0	CGC3	3300005298.a:Ga0071330_1056877	133491	134498	3300005298.a:Ga0071330_1056877_135	-	DB=PL1| PL1;ID=3300005298.a:Ga0071330_1056877_135	DB=PL1| PL1;ID=3300005298.a:Ga0071330_1056877_135
+++++
49	STP	0	3	CGC1	3300005298.a:Ga0071330_1062232	51991	52629	3300005298.a:Ga0071330_1062232_50	-	DB=STP|B12-binding_2,STP|B12-binding;ID=3300005298.a:Ga0071330_1062232_50	DB=STP|B12-binding_2,STP|B12-binding;ID=3300005298.a:Ga0071330_1062232_50
50	TF	0	0	CGC1	3300005298.a:Ga0071330_1062232	52716	53729	3300005298.a:Ga0071330_1062232_51	-	DB=DBD-Pfam|LacI,DBD-SUPERFAMILY|0044558;ID=3300005298.a:Ga0071330_1062232_51	DB=DBD-Pfam|LacI,DBD-SUPERFAMILY|0044558;ID=3300005298.a:Ga0071330_1062232_51
51	STP	0	0	CGC1	3300005298.a:Ga0071330_1062232	53879	57568	3300005298.a:Ga0071330_1062232_52	+	DB=STP|TPR_1;ID=3300005298.a:Ga0071330_1062232_52	DB=STP|TPR_1;ID=3300005298.a:Ga0071330_1062232_52
52	CAZyme	1	0	CGC1	3300005298.a:Ga0071330_1062232	57565	59841	3300005298.a:Ga0071330_1062232_53	-	DB=GT83;ID=3300005298.a:Ga0071330_1062232_53	DB=GT83;ID=3300005298.a:Ga0071330_1062232_53
53	null	null	null	CGC1	3300005298.a:Ga0071330_1062232	59801	61417	3300005298.a:Ga0071330_1062232_54	-	;ID=3300005298.a:Ga0071330_1062232_54
54	CAZyme	0	1	CGC1	3300005298.a:Ga0071330_1062232	61410	62393	3300005298.a:Ga0071330_1062232_55	-	DB=GT2| GT2;ID=3300005298.a:Ga0071330_1062232_55	DB=GT2| GT2;ID=3300005298.a:Ga0071330_1062232_55
55	STP	0	0	CGC1	3300005298.a:Ga0071330_1062232	62470	63654	3300005298.a:Ga0071330_1062232_56	+	DB=STP|Aminotran_1_2;ID=3300005298.a:Ga0071330_1062232_56	DB=STP|Aminotran_1_2;ID=3300005298.a:Ga0071330_1062232_56
56	STP	0	0	CGC1	3300005298.a:Ga0071330_1062232	63704	65005	3300005298.a:Ga0071330_1062232_57	+	DB=STP|Pyr_redox;ID=3300005298.a:Ga0071330_1062232_57	DB=STP|Pyr_redox;ID=3300005298.a:Ga0071330_1062232_57
57	STP	0	0	CGC1	3300005298.a:Ga0071330_1062232	65005	66075	3300005298.a:Ga0071330_1062232_58	+	DB=STP|SIS;ID=3300005298.a:Ga0071330_1062232_58	DB=STP|SIS;ID=3300005298.a:Ga0071330_1062232_58
58	STP	1	0	CGC1	3300005298.a:Ga0071330_1062232	66051	67052	3300005298.a:Ga0071330_1062232_59	+	DB=STP|PfkB;ID=3300005298.a:Ga0071330_1062232_59	DB=STP|PfkB;ID=3300005298.a:Ga0071330_1062232_59
59	null	null	null	CGC1	3300005298.a:Ga0071330_1062232	67039	67533	3300005298.a:Ga0071330_1062232_60	+	;ID=3300005298.a:Ga0071330_1062232_60
60	CAZyme	1	1	CGC1	3300005298.a:Ga0071330_1062232	67510	69855	3300005298.a:Ga0071330_1062232_61	-	DB= GT9|GT9;ID=3300005298.a:Ga0071330_1062232_61	DB= GT9|GT9;ID=3300005298.a:Ga0071330_1062232_61
61	null	null	null	CGC1	3300005298.a:Ga0071330_1062232	69859	70335	3300005298.a:Ga0071330_1062232_62	-	;ID=3300005298.a:Ga0071330_1062232_62
62	TC	0	1	CGC1	3300005298.a:Ga0071330_1062232	70533	71726	3300005298.a:Ga0071330_1062232_63	+	DB=gnl|TC-DB|Q9S5Y1|3.A.1.1.22;ID=3300005298.a:Ga0071330_1062232_63	DB=gnl|TC-DB|Q9S5Y1|3.A.1.1.22;ID=3300005298.a:Ga0071330_1062232_63
63	TC	0	0	CGC1	3300005298.a:Ga0071330_1062232	71798	73315	3300005298.a:Ga0071330_1062232_64	+	DB=gnl|TC-DB|Q9X0T0|3.A.1.1.22;ID=3300005298.a:Ga0071330_1062232_64	DB=gnl|TC-DB|Q9X0T0|3.A.1.1.22;ID=3300005298.a:Ga0071330_1062232_64
64	TC	5	0	CGC1	3300005298.a:Ga0071330_1062232	73312	74157	3300005298.a:Ga0071330_1062232_65	+	DB=gnl|TC-DB|Q9X2F5|3.A.1.1.22;ID=3300005298.a:Ga0071330_1062232_65	DB=gnl|TC-DB|Q9X2F5|3.A.1.1.22;ID=3300005298.a:Ga0071330_1062232_65
+++++
1	TF	1	null	CGC1	3300005298.a:Ga0071330_1062054	337	1371	3300005298.a:Ga0071330_1062054_2	+	DB=DBD-Pfam|LacI,DBD-SUPERFAMILY|0036955;ID=3300005298.a:Ga0071330_1062054_2	DB=DBD-Pfam|LacI,DBD-SUPERFAMILY|0036955;ID=3300005298.a:Ga0071330_1062054_2
2	null	null	null	CGC1	3300005298.a:Ga0071330_1062054	1627	2142	3300005298.a:Ga0071330_1062054_3	+	;ID=3300005298.a:Ga0071330_1062054_3
3	STP	0	1	CGC1	3300005298.a:Ga0071330_1062054	2172	3551	3300005298.a:Ga0071330_1062054_4	+	DB=STP|SBP_bac_1;ID=3300005298.a:Ga0071330_1062054_4	DB=STP|SBP_bac_1;ID=3300005298.a:Ga0071330_1062054_4
4	TC	0	0	CGC1	3300005298.a:Ga0071330_1062054	3603	4475	3300005298.a:Ga0071330_1062054_5	+	DB=gnl|TC-DB|Q7WWQ9|3.A.1.1.20;ID=3300005298.a:Ga0071330_1062054_5	DB=gnl|TC-DB|Q7WWQ9|3.A.1.1.20;ID=3300005298.a:Ga0071330_1062054_5
5	TC	0	0	CGC1	3300005298.a:Ga0071330_1062054	4491	5369	3300005298.a:Ga0071330_1062054_6	+	DB=gnl|TC-DB|Q9WYR1|3.A.1.1.39;ID=3300005298.a:Ga0071330_1062054_6	DB=gnl|TC-DB|Q9WYR1|3.A.1.1.39;ID=3300005298.a:Ga0071330_1062054_6
6	CAZyme	0	0	CGC1	3300005298.a:Ga0071330_1062054	5388	7445	3300005298.a:Ga0071330_1062054_7	+	DB=CBM32|GH28| GH28;ID=3300005298.a:Ga0071330_1062054_7	DB=CBM32|GH28| GH28;ID=3300005298.a:Ga0071330_1062054_7
7	CAZyme	0	0	CGC1	3300005298.a:Ga0071330_1062054	7474	9804	3300005298.a:Ga0071330_1062054_8	+	DB= GH31|GH31;ID=3300005298.a:Ga0071330_1062054_8	DB= GH31|GH31;ID=3300005298.a:Ga0071330_1062054_8
8	TF	0	0	CGC1	3300005298.a:Ga0071330_1062054	9971	10345	3300005298.a:Ga0071330_1062054_9	+	DB=DBD-Pfam|PadR,DBD-SUPERFAMILY|0043935;ID=3300005298.a:Ga0071330_1062054_9	DB=DBD-Pfam|PadR,DBD-SUPERFAMILY|0043935;ID=3300005298.a:Ga0071330_1062054_9
9	STP	4	0	CGC1	3300005298.a:Ga0071330_1062054	10342	10866	3300005298.a:Ga0071330_1062054_10	-	DB=STP|Pribosyltran;ID=3300005298.a:Ga0071330_1062054_10	DB=STP|Pribosyltran;ID=3300005298.a:Ga0071330_1062054_10
+++++
14	CAZyme	1	4	CGC2	3300005298.a:Ga0071330_1062054	13862	16888	3300005298.a:Ga0071330_1062054_15	-	DB= GH106|GH106;ID=3300005298.a:Ga0071330_1062054_15	DB= GH106|GH106;ID=3300005298.a:Ga0071330_1062054_15
15	null	null	null	CGC2	3300005298.a:Ga0071330_1062054	16892	18112	3300005298.a:Ga0071330_1062054_16	-	;ID=3300005298.a:Ga0071330_1062054_16
16	TF	0	1	CGC2	3300005298.a:Ga0071330_1062054	18266	19258	3300005298.a:Ga0071330_1062054_17	+	DB=DBD-Pfam|LacI,DBD-SUPERFAMILY|0036955;ID=3300005298.a:Ga0071330_1062054_17	DB=DBD-Pfam|LacI,DBD-SUPERFAMILY|0036955;ID=3300005298.a:Ga0071330_1062054_17
17	TC	0	0	CGC2	3300005298.a:Ga0071330_1062054	19404	21266	3300005298.a:Ga0071330_1062054_18	+	DB=gnl|TC-DB|Q9WXS6|3.A.1.5.13;ID=3300005298.a:Ga0071330_1062054_18	DB=gnl|TC-DB|Q9WXS6|3.A.1.5.13;ID=3300005298.a:Ga0071330_1062054_18
18	TC	0	0	CGC2	3300005298.a:Ga0071330_1062054	21342	22352	3300005298.a:Ga0071330_1062054_19	+	DB=gnl|TC-DB|Q9WXS7|3.A.1.5.13;ID=3300005298.a:Ga0071330_1062054_19	DB=gnl|TC-DB|Q9WXS7|3.A.1.5.13;ID=3300005298.a:Ga0071330_1062054_19
19	TC	0	0	CGC2	3300005298.a:Ga0071330_1062054	22367	23245	3300005298.a:Ga0071330_1062054_20	+	DB=gnl|TC-DB|Q9WXS8|3.A.1.5.13;ID=3300005298.a:Ga0071330_1062054_20	DB=gnl|TC-DB|Q9WXS8|3.A.1.5.13;ID=3300005298.a:Ga0071330_1062054_20
20	TC	0	0	CGC2	3300005298.a:Ga0071330_1062054	23246	24238	3300005298.a:Ga0071330_1062054_21	+	DB=gnl|TC-DB|Q9WXS9|3.A.1.5.13;ID=3300005298.a:Ga0071330_1062054_21	DB=gnl|TC-DB|Q9WXS9|3.A.1.5.13;ID=3300005298.a:Ga0071330_1062054_21
21	TC	0	0	CGC2	3300005298.a:Ga0071330_1062054	24235	25218	3300005298.a:Ga0071330_1062054_22	+	DB=gnl|TC-DB|Q9WXT0|3.A.1.5.13;ID=3300005298.a:Ga0071330_1062054_22	DB=gnl|TC-DB|Q9WXT0|3.A.1.5.13;ID=3300005298.a:Ga0071330_1062054_22
22	CAZyme	0	0	CGC2	3300005298.a:Ga0071330_1062054	25247	26605	3300005298.a:Ga0071330_1062054_23	+	DB= GH4|GH4;ID=3300005298.a:Ga0071330_1062054_23	DB= GH4|GH4;ID=3300005298.a:Ga0071330_1062054_23
23	CAZyme	1	0	CGC2	3300005298.a:Ga0071330_1062054	26642	27538	3300005298.a:Ga0071330_1062054_24	-	DB=GT2| GT2;ID=3300005298.a:Ga0071330_1062054_24	DB=GT2| GT2;ID=3300005298.a:Ga0071330_1062054_24
24	null	null	null	CGC2	3300005298.a:Ga0071330_1062054	27695	28417	3300005298.a:Ga0071330_1062054_25	+	;ID=3300005298.a:Ga0071330_1062054_25
25	TF	0	1	CGC2	3300005298.a:Ga0071330_1062054	28453	29115	3300005298.a:Ga0071330_1062054_26	+	DB=DBD-Pfam|Trans_reg_C;ID=3300005298.a:Ga0071330_1062054_26	DB=DBD-Pfam|Trans_reg_C;ID=3300005298.a:Ga0071330_1062054_26
26	STP	4	0	CGC2	3300005298.a:Ga0071330_1062054	29119	30354	3300005298.a:Ga0071330_1062054_27	+	DB=STP|HisKA,STP|HATPase_c;ID=3300005298.a:Ga0071330_1062054_27	DB=STP|HisKA,STP|HATPase_c;ID=3300005298.a:Ga0071330_1062054_27
+++++
63	TC	1	3	CGC3	3300005298.a:Ga0071330_1062054	58281	59561	3300005298.a:Ga0071330_1062054_64	-	DB=gnl|TC-DB|B2UHN5|2.A.49.9.2;ID=3300005298.a:Ga0071330_1062054_64	DB=gnl|TC-DB|B2UHN5|2.A.49.9.2;ID=3300005298.a:Ga0071330_1062054_64
64	null	null	null	CGC3	3300005298.a:Ga0071330_1062054	59683	61068	3300005298.a:Ga0071330_1062054_65	+	;ID=3300005298.a:Ga0071330_1062054_65
65	CAZyme	2	1	CGC3	3300005298.a:Ga0071330_1062054	61157	64423	3300005298.a:Ga0071330_1062054_66	-	DB=GH161| GH161;ID=3300005298.a:Ga0071330_1062054_66	DB=GH161| GH161;ID=3300005298.a:Ga0071330_1062054_66
66	null	null	null	CGC3	3300005298.a:Ga0071330_1062054	64549	64941	3300005298.a:Ga0071330_1062054_67	+	;ID=3300005298.a:Ga0071330_1062054_67
67	null	null	null	CGC3	3300005298.a:Ga0071330_1062054	65018	65668	3300005298.a:Ga0071330_1062054_68	-	;ID=3300005298.a:Ga0071330_1062054_68
68	TF	0	2	CGC3	3300005298.a:Ga0071330_1062054	66035	67243	3300005298.a:Ga0071330_1062054_69	+	DB=DBD-SUPERFAMILY|0040266;ID=3300005298.a:Ga0071330_1062054_69	DB=DBD-SUPERFAMILY|0040266;ID=3300005298.a:Ga0071330_1062054_69
69	TC	0	0	CGC3	3300005298.a:Ga0071330_1062054	67320	68588	3300005298.a:Ga0071330_1062054_70	+	DB=gnl|TC-DB|Q93J94|3.A.1.1.36;ID=3300005298.a:Ga0071330_1062054_70	DB=gnl|TC-DB|Q93J94|3.A.1.1.36;ID=3300005298.a:Ga0071330_1062054_70
70	TC	0	0	CGC3	3300005298.a:Ga0071330_1062054	68648	69547	3300005298.a:Ga0071330_1062054_71	+	DB=gnl|TC-DB|Q7WWQ9|3.A.1.1.20;ID=3300005298.a:Ga0071330_1062054_71	DB=gnl|TC-DB|Q7WWQ9|3.A.1.1.20;ID=3300005298.a:Ga0071330_1062054_71
71	TC	0	0	CGC3	3300005298.a:Ga0071330_1062054	69564	70409	3300005298.a:Ga0071330_1062054_72	+	DB=gnl|TC-DB|Q93J92|3.A.1.1.36;ID=3300005298.a:Ga0071330_1062054_72	DB=gnl|TC-DB|Q93J92|3.A.1.1.36;ID=3300005298.a:Ga0071330_1062054_72
72	CAZyme	0	0	CGC3	3300005298.a:Ga0071330_1062054	70423	72024	3300005298.a:Ga0071330_1062054_73	+	DB=CBM91|GH43_33;ID=3300005298.a:Ga0071330_1062054_73	DB=CBM91|GH43_33;ID=3300005298.a:Ga0071330_1062054_73
73	CAZyme	0	0	CGC3	3300005298.a:Ga0071330_1062054	72064	74595	3300005298.a:Ga0071330_1062054_74	+	DB= GH2|GH2;ID=3300005298.a:Ga0071330_1062054_74	DB= GH2|GH2;ID=3300005298.a:Ga0071330_1062054_74
74	TC	0	0	CGC3	3300005298.a:Ga0071330_1062054	75318	76151	3300005298.a:Ga0071330_1062054_75	-	DB=gnl|TC-DB|Q93J92|3.A.1.1.36;ID=3300005298.a:Ga0071330_1062054_75	DB=gnl|TC-DB|Q93J92|3.A.1.1.36;ID=3300005298.a:Ga0071330_1062054_75
75	TC	0	0	CGC3	3300005298.a:Ga0071330_1062054	76165	77040	3300005298.a:Ga0071330_1062054_76	-	DB=gnl|TC-DB|Q7WWQ9|3.A.1.1.20;ID=3300005298.a:Ga0071330_1062054_76	DB=gnl|TC-DB|Q7WWQ9|3.A.1.1.20;ID=3300005298.a:Ga0071330_1062054_76
76	TC	0	0	CGC3	3300005298.a:Ga0071330_1062054	77093	78298	3300005298.a:Ga0071330_1062054_77	-	DB=gnl|TC-DB|Q9WZR7|3.A.1.1.40;ID=3300005298.a:Ga0071330_1062054_77	DB=gnl|TC-DB|Q9WZR7|3.A.1.1.40;ID=3300005298.a:Ga0071330_1062054_77
77	CAZyme	0	0	CGC3	3300005298.a:Ga0071330_1062054	78348	81863	3300005298.a:Ga0071330_1062054_78	-	DB=GH144|CBM9| GH144| CBM9;ID=3300005298.a:Ga0071330_1062054_78	DB=GH144|CBM9| GH144| CBM9;ID=3300005298.a:Ga0071330_1062054_78
78	CAZyme	0	0	CGC3	3300005298.a:Ga0071330_1062054	81929	84292	3300005298.a:Ga0071330_1062054_79	-	DB= GH94|GH94;ID=3300005298.a:Ga0071330_1062054_79	DB= GH94|GH94;ID=3300005298.a:Ga0071330_1062054_79
79	TF	2	0	CGC3	3300005298.a:Ga0071330_1062054	84364	85380	3300005298.a:Ga0071330_1062054_80	-	DB=DBD-Pfam|LacI,DBD-SUPERFAMILY|0036955;ID=3300005298.a:Ga0071330_1062054_80	DB=DBD-Pfam|LacI,DBD-SUPERFAMILY|0036955;ID=3300005298.a:Ga0071330_1062054_80
80	null	null	null	CGC3	3300005298.a:Ga0071330_1062054	85868	86122	3300005298.a:Ga0071330_1062054_81	+	;ID=3300005298.a:Ga0071330_1062054_81
81	null	null	null	CGC3	3300005298.a:Ga0071330_1062054	86256	87215	3300005298.a:Ga0071330_1062054_82	-	;ID=3300005298.a:Ga0071330_1062054_82
82	STP	0	2	CGC3	3300005298.a:Ga0071330_1062054	87685	88398	3300005298.a:Ga0071330_1062054_83	+	DB=STP|TPR_1;ID=3300005298.a:Ga0071330_1062054_83	DB=STP|TPR_1;ID=3300005298.a:Ga0071330_1062054_83
83	CAZyme	1	0	CGC3	3300005298.a:Ga0071330_1062054	88413	90086	3300005298.a:Ga0071330_1062054_84	+	DB=GH44| GH44;ID=3300005298.a:Ga0071330_1062054_84	DB=GH44| GH44;ID=3300005298.a:Ga0071330_1062054_84
84	null	null	null	CGC3	3300005298.a:Ga0071330_1062054	90134	90862	3300005298.a:Ga0071330_1062054_85	+	;ID=3300005298.a:Ga0071330_1062054_85
85	TC	2	1	CGC3	3300005298.a:Ga0071330_1062054	91061	91993	3300005298.a:Ga0071330_1062054_86	+	DB=gnl|TC-DB|Q7AKK4|3.A.1.105.14;ID=3300005298.a:Ga0071330_1062054_86	DB=gnl|TC-DB|Q7AKK4|3.A.1.105.14;ID=3300005298.a:Ga0071330_1062054_86
86	null	null	null	CGC3	3300005298.a:Ga0071330_1062054	91990	93156	3300005298.a:Ga0071330_1062054_87	+	;ID=3300005298.a:Ga0071330_1062054_87
87	null	null	null	CGC3	3300005298.a:Ga0071330_1062054	93153	94220	3300005298.a:Ga0071330_1062054_88	+	;ID=3300005298.a:Ga0071330_1062054_88
88	STP	1	2	CGC3	3300005298.a:Ga0071330_1062054	94221	95357	3300005298.a:Ga0071330_1062054_89	-	DB=STP|Fer4;ID=3300005298.a:Ga0071330_1062054_89	DB=STP|Fer4;ID=3300005298.a:Ga0071330_1062054_89
89	null	null	null	CGC3	3300005298.a:Ga0071330_1062054	95491	96660	3300005298.a:Ga0071330_1062054_90	+	;ID=3300005298.a:Ga0071330_1062054_90
90	CAZyme	0	1	CGC3	3300005298.a:Ga0071330_1062054	96692	98200	3300005298.a:Ga0071330_1062054_91	-	DB=GH39| GH39|3.2.1.37;ID=3300005298.a:Ga0071330_1062054_91	DB=GH39| GH39|3.2.1.37;ID=3300005298.a:Ga0071330_1062054_91
91	CAZyme	4	0	CGC3	3300005298.a:Ga0071330_1062054	98229	99758	3300005298.a:Ga0071330_1062054_92	-	DB=CBM6|GH43_16| GH43_16| CBM6;ID=3300005298.a:Ga0071330_1062054_92	DB=CBM6|GH43_16| GH43_16| CBM6;ID=3300005298.a:Ga0071330_1062054_92
+++++
19	TF	0	4	CGC1	3300005298.a:Ga0071330_1063663	27011	28021	3300005298.a:Ga0071330_1063663_20	-	DB=DBD-Pfam|LacI,DBD-SUPERFAMILY|0036955;ID=3300005298.a:Ga0071330_1063663_20	DB=DBD-Pfam|LacI,DBD-SUPERFAMILY|0036955;ID=3300005298.a:Ga0071330_1063663_20
20	TC	0	0	CGC1	3300005298.a:Ga0071330_1063663	28257	29600	3300005298.a:Ga0071330_1063663_21	+	DB=gnl|TC-DB|O51923|3.A.1.1.7;ID=3300005298.a:Ga0071330_1063663_21	DB=gnl|TC-DB|O51923|3.A.1.1.7;ID=3300005298.a:Ga0071330_1063663_21
21	TC	0	0	CGC1	3300005298.a:Ga0071330_1063663	29665	30543	3300005298.a:Ga0071330_1063663_22	+	DB=gnl|TC-DB|Q9WYB4|3.A.1.1.37;ID=3300005298.a:Ga0071330_1063663_22	DB=gnl|TC-DB|Q9WYB4|3.A.1.1.37;ID=3300005298.a:Ga0071330_1063663_22
22	TC	0	0	CGC1	3300005298.a:Ga0071330_1063663	30557	31402	3300005298.a:Ga0071330_1063663_23	+	DB=gnl|TC-DB|G4FGN6|3.A.1.1.41;ID=3300005298.a:Ga0071330_1063663_23	DB=gnl|TC-DB|G4FGN6|3.A.1.1.41;ID=3300005298.a:Ga0071330_1063663_23
23	STP	0	0	CGC1	3300005298.a:Ga0071330_1063663	31617	32873	3300005298.a:Ga0071330_1063663_24	+	DB=STP|SBP_bac_1;ID=3300005298.a:Ga0071330_1063663_24	DB=STP|SBP_bac_1;ID=3300005298.a:Ga0071330_1063663_24
24	CAZyme	1	0	CGC1	3300005298.a:Ga0071330_1063663	32931	34346	3300005298.a:Ga0071330_1063663_25	+	DB= GH43_4|GH43_4;ID=3300005298.a:Ga0071330_1063663_25	DB= GH43_4|GH43_4;ID=3300005298.a:Ga0071330_1063663_25
25	null	null	null	CGC1	3300005298.a:Ga0071330_1063663	34374	35123	3300005298.a:Ga0071330_1063663_26	+	;ID=3300005298.a:Ga0071330_1063663_26
26	TC	0	1	CGC1	3300005298.a:Ga0071330_1063663	35185	36090	3300005298.a:Ga0071330_1063663_27	+	DB=gnl|TC-DB|Q93J93|3.A.1.1.36;ID=3300005298.a:Ga0071330_1063663_27	DB=gnl|TC-DB|Q93J93|3.A.1.1.36;ID=3300005298.a:Ga0071330_1063663_27
27	TC	0	0	CGC1	3300005298.a:Ga0071330_1063663	36097	36957	3300005298.a:Ga0071330_1063663_28	+	DB=gnl|TC-DB|Q7WWQ8|3.A.1.1.20;ID=3300005298.a:Ga0071330_1063663_28	DB=gnl|TC-DB|Q7WWQ8|3.A.1.1.20;ID=3300005298.a:Ga0071330_1063663_28
28	CAZyme	0	0	CGC1	3300005298.a:Ga0071330_1063663	36990	39797	3300005298.a:Ga0071330_1063663_29	+	DB= GH51|GH51;ID=3300005298.a:Ga0071330_1063663_29	DB= GH51|GH51;ID=3300005298.a:Ga0071330_1063663_29
29	TF	0	0	CGC1	3300005298.a:Ga0071330_1063663	39876	40865	3300005298.a:Ga0071330_1063663_30	+	DB=DBD-Pfam|LacI,DBD-SUPERFAMILY|0036955;ID=3300005298.a:Ga0071330_1063663_30	DB=DBD-Pfam|LacI,DBD-SUPERFAMILY|0036955;ID=3300005298.a:Ga0071330_1063663_30
30	CAZyme	3	0	CGC1	3300005298.a:Ga0071330_1063663	40895	42430	3300005298.a:Ga0071330_1063663_31	+	DB= GH51|GH51;ID=3300005298.a:Ga0071330_1063663_31	DB= GH51|GH51;ID=3300005298.a:Ga0071330_1063663_31
+++++
34	CAZyme	0	3	CGC2	3300005298.a:Ga0071330_1063663	45744	46913	3300005298.a:Ga0071330_1063663_35	+	DB=GT4| GT4;ID=3300005298.a:Ga0071330_1063663_35	DB=GT4| GT4;ID=3300005298.a:Ga0071330_1063663_35
35	TF	1	0	CGC2	3300005298.a:Ga0071330_1063663	46878	47462	3300005298.a:Ga0071330_1063663_36	-	DB=DBD-Pfam|Fe_dep_repress,DBD-SUPERFAMILY|0043758;ID=3300005298.a:Ga0071330_1063663_36	DB=DBD-Pfam|Fe_dep_repress,DBD-SUPERFAMILY|0043758;ID=3300005298.a:Ga0071330_1063663_36
36	null	null	null	CGC2	3300005298.a:Ga0071330_1063663	47465	48853	3300005298.a:Ga0071330_1063663_37	-	;ID=3300005298.a:Ga0071330_1063663_37
37	TC	0	1	CGC2	3300005298.a:Ga0071330_1063663	49115	50995	3300005298.a:Ga0071330_1063663_38	+	DB=gnl|TC-DB|Q9WXS6|3.A.1.5.13;ID=3300005298.a:Ga0071330_1063663_38	DB=gnl|TC-DB|Q9WXS6|3.A.1.5.13;ID=3300005298.a:Ga0071330_1063663_38
38	CAZyme	0	0	CGC2	3300005298.a:Ga0071330_1063663	51063	53333	3300005298.a:Ga0071330_1063663_39	+	DB=GH3| GH3;ID=3300005298.a:Ga0071330_1063663_39	DB=GH3| GH3;ID=3300005298.a:Ga0071330_1063663_39
39	TC	0	0	CGC2	3300005298.a:Ga0071330_1063663	53374	54375	3300005298.a:Ga0071330_1063663_40	+	DB=gnl|TC-DB|Q9WXS7|3.A.1.5.13;ID=3300005298.a:Ga0071330_1063663_40	DB=gnl|TC-DB|Q9WXS7|3.A.1.5.13;ID=3300005298.a:Ga0071330_1063663_40
40	TC	0	0	CGC2	3300005298.a:Ga0071330_1063663	54404	55264	3300005298.a:Ga0071330_1063663_41	+	DB=gnl|TC-DB|Q9WXS8|3.A.1.5.13;ID=3300005298.a:Ga0071330_1063663_41	DB=gnl|TC-DB|Q9WXS8|3.A.1.5.13;ID=3300005298.a:Ga0071330_1063663_41
41	TC	0	0	CGC2	3300005298.a:Ga0071330_1063663	55269	56255	3300005298.a:Ga0071330_1063663_42	+	DB=gnl|TC-DB|Q9WXS9|3.A.1.5.13;ID=3300005298.a:Ga0071330_1063663_42	DB=gnl|TC-DB|Q9WXS9|3.A.1.5.13;ID=3300005298.a:Ga0071330_1063663_42
42	TC	1	0	CGC2	3300005298.a:Ga0071330_1063663	56258	57214	3300005298.a:Ga0071330_1063663_43	+	DB=gnl|TC-DB|Q9WXT0|3.A.1.5.13;ID=3300005298.a:Ga0071330_1063663_43	DB=gnl|TC-DB|Q9WXT0|3.A.1.5.13;ID=3300005298.a:Ga0071330_1063663_43
43	null	null	null	CGC2	3300005298.a:Ga0071330_1063663	57288	57836	3300005298.a:Ga0071330_1063663_44	+	;ID=3300005298.a:Ga0071330_1063663_44
44	STP	1	1	CGC2	3300005298.a:Ga0071330_1063663	57854	58963	3300005298.a:Ga0071330_1063663_45	+	DB=STP|Fer4,STP|Fer4;ID=3300005298.a:Ga0071330_1063663_45	DB=STP|Fer4,STP|Fer4;ID=3300005298.a:Ga0071330_1063663_45
45	null	null	null	CGC2	3300005298.a:Ga0071330_1063663	59197	60312	3300005298.a:Ga0071330_1063663_46	-	;ID=3300005298.a:Ga0071330_1063663_46
46	CAZyme	1	1	CGC2	3300005298.a:Ga0071330_1063663	60601	62658	3300005298.a:Ga0071330_1063663_47	+	DB=GH67| GH67;ID=3300005298.a:Ga0071330_1063663_47	DB=GH67| GH67;ID=3300005298.a:Ga0071330_1063663_47
47	null	null	null	CGC2	3300005298.a:Ga0071330_1063663	62674	63723	3300005298.a:Ga0071330_1063663_48	+	;ID=3300005298.a:Ga0071330_1063663_48
48	TC	3	1	CGC2	3300005298.a:Ga0071330_1063663	63841	64761	3300005298.a:Ga0071330_1063663_49	+	DB=gnl|TC-DB|Q8L725|2.A.4.7.2;ID=3300005298.a:Ga0071330_1063663_49	DB=gnl|TC-DB|Q8L725|2.A.4.7.2;ID=3300005298.a:Ga0071330_1063663_49
+++++
11	STP	2	6	CGC1	3300005298.a:Ga0071330_1071694	21378	22355	3300005298.a:Ga0071330_1071694_12	-	DB=STP|DctP;ID=3300005298.a:Ga0071330_1071694_12	DB=STP|DctP;ID=3300005298.a:Ga0071330_1071694_12
12	null	null	null	CGC1	3300005298.a:Ga0071330_1071694	22415	23596	3300005298.a:Ga0071330_1071694_13	-	;ID=3300005298.a:Ga0071330_1071694_13
13	null	null	null	CGC1	3300005298.a:Ga0071330_1071694	23609	24712	3300005298.a:Ga0071330_1071694_14	-	;ID=3300005298.a:Ga0071330_1071694_14
14	TC	2	2	CGC1	3300005298.a:Ga0071330_1071694	24691	26202	3300005298.a:Ga0071330_1071694_15	-	DB=gnl|TC-DB|Q9FA44|2.A.80.1.1;ID=3300005298.a:Ga0071330_1071694_15	DB=gnl|TC-DB|Q9FA44|2.A.80.1.1;ID=3300005298.a:Ga0071330_1071694_15
15	null	null	null	CGC1	3300005298.a:Ga0071330_1071694	26225	26677	3300005298.a:Ga0071330_1071694_16	-	;ID=3300005298.a:Ga0071330_1071694_16
16	null	null	null	CGC1	3300005298.a:Ga0071330_1071694	26741	27712	3300005298.a:Ga0071330_1071694_17	-	;ID=3300005298.a:Ga0071330_1071694_17
17	CAZyme	1	2	CGC1	3300005298.a:Ga0071330_1071694	28031	29200	3300005298.a:Ga0071330_1071694_18	-	DB=GT4| GT4;ID=3300005298.a:Ga0071330_1071694_18	DB=GT4| GT4;ID=3300005298.a:Ga0071330_1071694_18
18	null	null	null	CGC1	3300005298.a:Ga0071330_1071694	29201	29971	3300005298.a:Ga0071330_1071694_19	-	;ID=3300005298.a:Ga0071330_1071694_19
19	TC	1	1	CGC1	3300005298.a:Ga0071330_1071694	29968	30864	3300005298.a:Ga0071330_1071694_20	-	DB=gnl|TC-DB|P42332|3.A.1.131.1;ID=3300005298.a:Ga0071330_1071694_20	DB=gnl|TC-DB|P42332|3.A.1.131.1;ID=3300005298.a:Ga0071330_1071694_20
20	null	null	null	CGC1	3300005298.a:Ga0071330_1071694	30866	31066	3300005298.a:Ga0071330_1071694_21	-	;ID=3300005298.a:Ga0071330_1071694_21
21	TC	0	1	CGC1	3300005298.a:Ga0071330_1071694	31184	33106	3300005298.a:Ga0071330_1071694_22	-	DB=gnl|TC-DB|Q9X0F7|3.A.1.5.12;ID=3300005298.a:Ga0071330_1071694_22	DB=gnl|TC-DB|Q9X0F7|3.A.1.5.12;ID=3300005298.a:Ga0071330_1071694_22
22	TC	0	0	CGC1	3300005298.a:Ga0071330_1071694	33462	34478	3300005298.a:Ga0071330_1071694_23	-	DB=gnl|TC-DB|Q97VF4|3.A.1.5.9;ID=3300005298.a:Ga0071330_1071694_23	DB=gnl|TC-DB|Q97VF4|3.A.1.5.9;ID=3300005298.a:Ga0071330_1071694_23
23	TC	0	0	CGC1	3300005298.a:Ga0071330_1071694	34491	35453	3300005298.a:Ga0071330_1071694_24	-	DB=gnl|TC-DB|Q9X271|3.A.1.5.15;ID=3300005298.a:Ga0071330_1071694_24	DB=gnl|TC-DB|Q9X271|3.A.1.5.15;ID=3300005298.a:Ga0071330_1071694_24
24	TC	0	0	CGC1	3300005298.a:Ga0071330_1071694	35453	36307	3300005298.a:Ga0071330_1071694_25	-	DB=gnl|TC-DB|Q9X0S4|3.A.1.5.31;ID=3300005298.a:Ga0071330_1071694_25	DB=gnl|TC-DB|Q9X0S4|3.A.1.5.31;ID=3300005298.a:Ga0071330_1071694_25
25	TC	0	0	CGC1	3300005298.a:Ga0071330_1071694	36304	37290	3300005298.a:Ga0071330_1071694_26	-	DB=gnl|TC-DB|Q97VF8|3.A.1.5.9;ID=3300005298.a:Ga0071330_1071694_26	DB=gnl|TC-DB|Q97VF8|3.A.1.5.9;ID=3300005298.a:Ga0071330_1071694_26
26	TC	0	0	CGC1	3300005298.a:Ga0071330_1071694	37323	39110	3300005298.a:Ga0071330_1071694_27	-	DB=gnl|TC-DB|P75797|3.A.1.5.11;ID=3300005298.a:Ga0071330_1071694_27	DB=gnl|TC-DB|P75797|3.A.1.5.11;ID=3300005298.a:Ga0071330_1071694_27
27	TF	4	0	CGC1	3300005298.a:Ga0071330_1071694	39334	40350	3300005298.a:Ga0071330_1071694_28	+	DB=DBD-Pfam|LacI,DBD-SUPERFAMILY|0036955;ID=3300005298.a:Ga0071330_1071694_28	DB=DBD-Pfam|LacI,DBD-SUPERFAMILY|0036955;ID=3300005298.a:Ga0071330_1071694_28
+++++
32	TC	1	4	CGC2	3300005298.a:Ga0071330_1071694	43361	44236	3300005298.a:Ga0071330_1071694_33	-	DB=gnl|TC-DB|P13512|2.A.4.1.1;ID=3300005298.a:Ga0071330_1071694_33	DB=gnl|TC-DB|P13512|2.A.4.1.1;ID=3300005298.a:Ga0071330_1071694_33
33	null	null	null	CGC2	3300005298.a:Ga0071330_1071694	44375	44887	3300005298.a:Ga0071330_1071694_34	+	;ID=3300005298.a:Ga0071330_1071694_34
34	TF	0	1	CGC2	3300005298.a:Ga0071330_1071694	44865	45257	3300005298.a:Ga0071330_1071694_35	+	DB=DBD-Pfam|MerR,DBD-SUPERFAMILY|0042546;ID=3300005298.a:Ga0071330_1071694_35	DB=DBD-Pfam|MerR,DBD-SUPERFAMILY|0042546;ID=3300005298.a:Ga0071330_1071694_35
35	CAZyme	0	0	CGC2	3300005298.a:Ga0071330_1071694	45335	46744	3300005298.a:Ga0071330_1071694_36	+	DB=CBM35|GH26| CBM35| GH26;ID=3300005298.a:Ga0071330_1071694_36	DB=CBM35|GH26| CBM35| GH26;ID=3300005298.a:Ga0071330_1071694_36
36	CAZyme	0	0	CGC2	3300005298.a:Ga0071330_1071694	46796	47803	3300005298.a:Ga0071330_1071694_37	-	DB= GH5_25|3.2.1.4|GH5_25;ID=3300005298.a:Ga0071330_1071694_37	DB= GH5_25|3.2.1.4|GH5_25;ID=3300005298.a:Ga0071330_1071694_37
37	STP	1	0	CGC2	3300005298.a:Ga0071330_1071694	47808	48545	3300005298.a:Ga0071330_1071694_38	-	DB=STP|TPR_2,STP|TPR_1;ID=3300005298.a:Ga0071330_1071694_38	DB=STP|TPR_2,STP|TPR_1;ID=3300005298.a:Ga0071330_1071694_38
38	null	null	null	CGC2	3300005298.a:Ga0071330_1071694	48559	49311	3300005298.a:Ga0071330_1071694_39	-	;ID=3300005298.a:Ga0071330_1071694_39
39	TC	1	1	CGC2	3300005298.a:Ga0071330_1071694	49423	51315	3300005298.a:Ga0071330_1071694_40	-	DB=gnl|TC-DB|Q9WXS6|3.A.1.5.13;ID=3300005298.a:Ga0071330_1071694_40	DB=gnl|TC-DB|Q9WXS6|3.A.1.5.13;ID=3300005298.a:Ga0071330_1071694_40
40	null	null	null	CGC2	3300005298.a:Ga0071330_1071694	51483	52220	3300005298.a:Ga0071330_1071694_41	-	;ID=3300005298.a:Ga0071330_1071694_41
41	TC	3	1	CGC2	3300005298.a:Ga0071330_1071694	52238	52885	3300005298.a:Ga0071330_1071694_42	-	DB=gnl|TC-DB|P0AFV2|9.B.20.1.4;ID=3300005298.a:Ga0071330_1071694_42	DB=gnl|TC-DB|P0AFV2|9.B.20.1.4;ID=3300005298.a:Ga0071330_1071694_42
+++++
115	TC	0	4	CGC1	3300005298.a:Ga0071330_1064875	121120	122943	3300005298.a:Ga0071330_1064875_116	+	DB=gnl|TC-DB|P55072|3.A.16.1.1;ID=3300005298.a:Ga0071330_1064875_116	DB=gnl|TC-DB|P55072|3.A.16.1.1;ID=3300005298.a:Ga0071330_1064875_116
116	STP	0	0	CGC1	3300005298.a:Ga0071330_1064875	122938	123540	3300005298.a:Ga0071330_1064875_117	-	DB=STP|TPR_2;ID=3300005298.a:Ga0071330_1064875_117	DB=STP|TPR_2;ID=3300005298.a:Ga0071330_1064875_117
117	STP	0	0	CGC1	3300005298.a:Ga0071330_1064875	123594	124526	3300005298.a:Ga0071330_1064875_118	+	DB=STP|PfkB;ID=3300005298.a:Ga0071330_1064875_118	DB=STP|PfkB;ID=3300005298.a:Ga0071330_1064875_118
118	STP	0	0	CGC1	3300005298.a:Ga0071330_1064875	124603	125817	3300005298.a:Ga0071330_1064875_119	+	DB=STP|Aminotran_1_2;ID=3300005298.a:Ga0071330_1064875_119	DB=STP|Aminotran_1_2;ID=3300005298.a:Ga0071330_1064875_119
119	STP	2	0	CGC1	3300005298.a:Ga0071330_1064875	125814	127004	3300005298.a:Ga0071330_1064875_120	+	DB=STP|Pyr_redox_2;ID=3300005298.a:Ga0071330_1064875_120	DB=STP|Pyr_redox_2;ID=3300005298.a:Ga0071330_1064875_120
120	null	null	null	CGC1	3300005298.a:Ga0071330_1064875	127074	128921	3300005298.a:Ga0071330_1064875_121	-	;ID=3300005298.a:Ga0071330_1064875_121
121	null	null	null	CGC1	3300005298.a:Ga0071330_1064875	129139	129600	3300005298.a:Ga0071330_1064875_122	-	;ID=3300005298.a:Ga0071330_1064875_122
122	TC	0	2	CGC1	3300005298.a:Ga0071330_1064875	129613	130479	3300005298.a:Ga0071330_1064875_123	-	DB=gnl|TC-DB|P51000|3.A.1.5.27;ID=3300005298.a:Ga0071330_1064875_123	DB=gnl|TC-DB|P51000|3.A.1.5.27;ID=3300005298.a:Ga0071330_1064875_123
123	TC	0	0	CGC1	3300005298.a:Ga0071330_1064875	130491	131492	3300005298.a:Ga0071330_1064875_124	-	DB=gnl|TC-DB|W0WN20|3.A.1.5.39;ID=3300005298.a:Ga0071330_1064875_124	DB=gnl|TC-DB|W0WN20|3.A.1.5.39;ID=3300005298.a:Ga0071330_1064875_124
124	TC	0	0	CGC1	3300005298.a:Ga0071330_1064875	131551	133125	3300005298.a:Ga0071330_1064875_125	-	DB=gnl|TC-DB|P33950|3.A.1.5.27;ID=3300005298.a:Ga0071330_1064875_125	DB=gnl|TC-DB|P33950|3.A.1.5.27;ID=3300005298.a:Ga0071330_1064875_125
125	CAZyme	0	0	CGC1	3300005298.a:Ga0071330_1064875	133183	135033	3300005298.a:Ga0071330_1064875_126	-	DB=GH53|CBM61| GH53| CBM61;ID=3300005298.a:Ga0071330_1064875_126	DB=GH53|CBM61| GH53| CBM61;ID=3300005298.a:Ga0071330_1064875_126
126	TC	0	0	CGC1	3300005298.a:Ga0071330_1064875	135061	137304	3300005298.a:Ga0071330_1064875_127	-	DB=gnl|TC-DB|Q9X2F5|3.A.1.1.22;ID=3300005298.a:Ga0071330_1064875_127	DB=gnl|TC-DB|Q9X2F5|3.A.1.1.22;ID=3300005298.a:Ga0071330_1064875_127
127	TC	0	0	CGC1	3300005298.a:Ga0071330_1064875	137307	139031	3300005298.a:Ga0071330_1064875_128	-	DB=gnl|TC-DB|Q9X0T0|3.A.1.1.22;ID=3300005298.a:Ga0071330_1064875_128	DB=gnl|TC-DB|Q9X0T0|3.A.1.1.22;ID=3300005298.a:Ga0071330_1064875_128
128	TC	0	0	CGC1	3300005298.a:Ga0071330_1064875	139098	140294	3300005298.a:Ga0071330_1064875_129	-	DB=gnl|TC-DB|Q9X0T1|3.A.1.1.22;ID=3300005298.a:Ga0071330_1064875_129	DB=gnl|TC-DB|Q9X0T1|3.A.1.1.22;ID=3300005298.a:Ga0071330_1064875_129
129	TF	2	0	CGC1	3300005298.a:Ga0071330_1064875	140436	141467	3300005298.a:Ga0071330_1064875_130	-	DB=DBD-Pfam|GntR,DBD-SUPERFAMILY|0043758;ID=3300005298.a:Ga0071330_1064875_130	DB=DBD-Pfam|GntR,DBD-SUPERFAMILY|0043758;ID=3300005298.a:Ga0071330_1064875_130
130	null	null	null	CGC1	3300005298.a:Ga0071330_1064875	141591	142031	3300005298.a:Ga0071330_1064875_131	+	;ID=3300005298.a:Ga0071330_1064875_131
131	null	null	null	CGC1	3300005298.a:Ga0071330_1064875	142034	142732	3300005298.a:Ga0071330_1064875_132	+	;ID=3300005298.a:Ga0071330_1064875_132
132	CAZyme	2	2	CGC1	3300005298.a:Ga0071330_1064875	142766	145054	3300005298.a:Ga0071330_1064875_133	-	DB=GH3| GH3;ID=3300005298.a:Ga0071330_1064875_133	DB=GH3| GH3;ID=3300005298.a:Ga0071330_1064875_133
133	null	null	null	CGC1	3300005298.a:Ga0071330_1064875	145225	146130	3300005298.a:Ga0071330_1064875_134	+	;ID=3300005298.a:Ga0071330_1064875_134
134	null	null	null	CGC1	3300005298.a:Ga0071330_1064875	146414	146947	3300005298.a:Ga0071330_1064875_135	+	;ID=3300005298.a:Ga0071330_1064875_135
135	TC	2	2	CGC1	3300005298.a:Ga0071330_1064875	146916	147788	3300005298.a:Ga0071330_1064875_136	-	DB=gnl|TC-DB|Q9UYQ7|2.A.7.3.47;ID=3300005298.a:Ga0071330_1064875_136	DB=gnl|TC-DB|Q9UYQ7|2.A.7.3.47;ID=3300005298.a:Ga0071330_1064875_136
136	null	null	null	CGC1	3300005298.a:Ga0071330_1064875	147876	148349	3300005298.a:Ga0071330_1064875_137	+	;ID=3300005298.a:Ga0071330_1064875_137
137	null	null	null	CGC1	3300005298.a:Ga0071330_1064875	148373	149869	3300005298.a:Ga0071330_1064875_138	+	;ID=3300005298.a:Ga0071330_1064875_138
138	STP	2	2	CGC1	3300005298.a:Ga0071330_1064875	149866	150537	3300005298.a:Ga0071330_1064875_139	+	DB=STP|HhH-GPD;ID=3300005298.a:Ga0071330_1064875_139	DB=STP|HhH-GPD;ID=3300005298.a:Ga0071330_1064875_139
139	null	null	null	CGC1	3300005298.a:Ga0071330_1064875	150490	151482	3300005298.a:Ga0071330_1064875_140	-	;ID=3300005298.a:Ga0071330_1064875_140
140	null	null	null	CGC1	3300005298.a:Ga0071330_1064875	151485	151928	3300005298.a:Ga0071330_1064875_141	-	;ID=3300005298.a:Ga0071330_1064875_141
141	STP	3	2	CGC1	3300005298.a:Ga0071330_1064875	151918	152589	3300005298.a:Ga0071330_1064875_142	-	DB=STP|Sigma70_r2,STP|Sigma70_r4_2;ID=3300005298.a:Ga0071330_1064875_142	DB=STP|Sigma70_r2,STP|Sigma70_r4_2;ID=3300005298.a:Ga0071330_1064875_142
+++++
156	TC	0	6	CGC2	3300005298.a:Ga0071330_1064875	167879	168598	3300005298.a:Ga0071330_1064875_157	-	DB=gnl|TC-DB|P0A9V1|1.B.42.1.2;ID=3300005298.a:Ga0071330_1064875_157	DB=gnl|TC-DB|P0A9V1|1.B.42.1.2;ID=3300005298.a:Ga0071330_1064875_157
157	STP	1	0	CGC2	3300005298.a:Ga0071330_1064875	168639	169262	3300005298.a:Ga0071330_1064875_158	-	DB=STP|TPR_2;ID=3300005298.a:Ga0071330_1064875_158	DB=STP|TPR_2;ID=3300005298.a:Ga0071330_1064875_158
158	null	null	null	CGC2	3300005298.a:Ga0071330_1064875	169246	170193	3300005298.a:Ga0071330_1064875_159	-	;ID=3300005298.a:Ga0071330_1064875_159
159	TC	0	1	CGC2	3300005298.a:Ga0071330_1064875	170186	171925	3300005298.a:Ga0071330_1064875_160	-	DB=gnl|TC-DB|Q9WYC4|3.A.1.135.5;ID=3300005298.a:Ga0071330_1064875_160	DB=gnl|TC-DB|Q9WYC4|3.A.1.135.5;ID=3300005298.a:Ga0071330_1064875_160
160	CAZyme	0	0	CGC2	3300005298.a:Ga0071330_1064875	171900	173003	3300005298.a:Ga0071330_1064875_161	-	DB=GT19|GT0;ID=3300005298.a:Ga0071330_1064875_161	DB=GT19|GT0;ID=3300005298.a:Ga0071330_1064875_161
161	CAZyme	2	0	CGC2	3300005298.a:Ga0071330_1064875	173000	174091	3300005298.a:Ga0071330_1064875_162	-	DB=GT19| GT19;ID=3300005298.a:Ga0071330_1064875_162	DB=GT19| GT19;ID=3300005298.a:Ga0071330_1064875_162
162	null	null	null	CGC2	3300005298.a:Ga0071330_1064875	174088	174861	3300005298.a:Ga0071330_1064875_163	-	;ID=3300005298.a:Ga0071330_1064875_163
163	null	null	null	CGC2	3300005298.a:Ga0071330_1064875	174864	175298	3300005298.a:Ga0071330_1064875_164	-	;ID=3300005298.a:Ga0071330_1064875_164
164	CAZyme	2	2	CGC2	3300005298.a:Ga0071330_1064875	175285	176124	3300005298.a:Ga0071330_1064875_165	-	DB=CE11| CE11;ID=3300005298.a:Ga0071330_1064875_165	DB=CE11| CE11;ID=3300005298.a:Ga0071330_1064875_165
165	null	null	null	CGC2	3300005298.a:Ga0071330_1064875	176099	177112	3300005298.a:Ga0071330_1064875_166	-	;ID=3300005298.a:Ga0071330_1064875_166
166	null	null	null	CGC2	3300005298.a:Ga0071330_1064875	177125	177547	3300005298.a:Ga0071330_1064875_167	-	;ID=3300005298.a:Ga0071330_1064875_167
167	TF	1	2	CGC2	3300005298.a:Ga0071330_1064875	177550	178017	3300005298.a:Ga0071330_1064875_168	-	DB=DBD-SUPERFAMILY|0037244;ID=3300005298.a:Ga0071330_1064875_168	DB=DBD-SUPERFAMILY|0037244;ID=3300005298.a:Ga0071330_1064875_168
168	null	null	null	CGC2	3300005298.a:Ga0071330_1064875	178030	179493	3300005298.a:Ga0071330_1064875_169	-	;ID=3300005298.a:Ga0071330_1064875_169
169	TC	2	1	CGC2	3300005298.a:Ga0071330_1064875	179514	182402	3300005298.a:Ga0071330_1064875_170	-	DB=gnl|TC-DB|C9LSC3|1.B.33.2.3;ID=3300005298.a:Ga0071330_1064875_170	DB=gnl|TC-DB|C9LSC3|1.B.33.2.3;ID=3300005298.a:Ga0071330_1064875_170
170	null	null	null	CGC2	3300005298.a:Ga0071330_1064875	182417	185416	3300005298.a:Ga0071330_1064875_171	-	;ID=3300005298.a:Ga0071330_1064875_171
171	null	null	null	CGC2	3300005298.a:Ga0071330_1064875	185854	187293	3300005298.a:Ga0071330_1064875_172	-	;ID=3300005298.a:Ga0071330_1064875_172
172	STP	0	2	CGC2	3300005298.a:Ga0071330_1064875	187277	188611	3300005298.a:Ga0071330_1064875_173	-	DB=STP|EPSP_synthase;ID=3300005298.a:Ga0071330_1064875_173	DB=STP|EPSP_synthase;ID=3300005298.a:Ga0071330_1064875_173
173	STP	0	0	CGC2	3300005298.a:Ga0071330_1064875	188580	189203	3300005298.a:Ga0071330_1064875_174	-	DB=STP|Pribosyltran;ID=3300005298.a:Ga0071330_1064875_174	DB=STP|Pribosyltran;ID=3300005298.a:Ga0071330_1064875_174
174	STP	11	0	CGC2	3300005298.a:Ga0071330_1064875	189207	190451	3300005298.a:Ga0071330_1064875_175	-	DB=STP|Aminotran_1_2;ID=3300005298.a:Ga0071330_1064875_175	DB=STP|Aminotran_1_2;ID=3300005298.a:Ga0071330_1064875_175
+++++
42	TF	0	6	CGC1	3300005298.a:Ga0071330_1069345	41161	42024	3300005298.a:Ga0071330_1069345_43	+	DB=DBD-Pfam|HTH_AraC,DBD-Pfam|HTH_AraC,DBD-SUPERFAMILY|0036286,DBD-SUPERFAMILY|0035607;ID=3300005298.a:Ga0071330_1069345_43	DB=DBD-Pfam|HTH_AraC,DBD-Pfam|HTH_AraC,DBD-SUPERFAMILY|0036286,DBD-SUPERFAMILY|0035607;ID=3300005298.a:Ga0071330_1069345_43
43	STP	0	0	CGC1	3300005298.a:Ga0071330_1069345	42165	43487	3300005298.a:Ga0071330_1069345_44	+	DB=STP|SBP_bac_1;ID=3300005298.a:Ga0071330_1069345_44	DB=STP|SBP_bac_1;ID=3300005298.a:Ga0071330_1069345_44
44	STP	0	0	CGC1	3300005298.a:Ga0071330_1069345	43677	46565	3300005298.a:Ga0071330_1069345_45	+	DB=STP|SBP_bac_1;ID=3300005298.a:Ga0071330_1069345_45	DB=STP|SBP_bac_1;ID=3300005298.a:Ga0071330_1069345_45
45	TC	0	0	CGC1	3300005298.a:Ga0071330_1069345	46585	47484	3300005298.a:Ga0071330_1069345_46	+	DB=gnl|TC-DB|Q93KC0|3.A.1.1.11;ID=3300005298.a:Ga0071330_1069345_46	DB=gnl|TC-DB|Q93KC0|3.A.1.1.11;ID=3300005298.a:Ga0071330_1069345_46
46	TC	2	0	CGC1	3300005298.a:Ga0071330_1069345	47508	48356	3300005298.a:Ga0071330_1069345_47	+	DB=gnl|TC-DB|Q9WYR1|3.A.1.1.39;ID=3300005298.a:Ga0071330_1069345_47	DB=gnl|TC-DB|Q9WYR1|3.A.1.1.39;ID=3300005298.a:Ga0071330_1069345_47
47	null	null	null	CGC1	3300005298.a:Ga0071330_1069345	48362	50428	3300005298.a:Ga0071330_1069345_48	+	;ID=3300005298.a:Ga0071330_1069345_48
48	null	null	null	CGC1	3300005298.a:Ga0071330_1069345	50442	52634	3300005298.a:Ga0071330_1069345_49	+	;ID=3300005298.a:Ga0071330_1069345_49
49	TC	0	2	CGC1	3300005298.a:Ga0071330_1069345	52651	53568	3300005298.a:Ga0071330_1069345_50	+	DB=gnl|TC-DB|Q7WWQ9|3.A.1.1.20;ID=3300005298.a:Ga0071330_1069345_50	DB=gnl|TC-DB|Q7WWQ9|3.A.1.1.20;ID=3300005298.a:Ga0071330_1069345_50
50	TC	1	0	CGC1	3300005298.a:Ga0071330_1069345	53583	54545	3300005298.a:Ga0071330_1069345_51	+	DB=gnl|TC-DB|Q93J92|3.A.1.1.36;ID=3300005298.a:Ga0071330_1069345_51	DB=gnl|TC-DB|Q93J92|3.A.1.1.36;ID=3300005298.a:Ga0071330_1069345_51
51	null	null	null	CGC1	3300005298.a:Ga0071330_1069345	54571	55152	3300005298.a:Ga0071330_1069345_52	+	;ID=3300005298.a:Ga0071330_1069345_52
52	CAZyme	0	1	CGC1	3300005298.a:Ga0071330_1069345	55163	56800	3300005298.a:Ga0071330_1069345_53	+	DB=GH5_4| GH5_4|CBM46;ID=3300005298.a:Ga0071330_1069345_53	DB=GH5_4| GH5_4|CBM46;ID=3300005298.a:Ga0071330_1069345_53
53	STP	1	0	CGC1	3300005298.a:Ga0071330_1069345	56908	58236	3300005298.a:Ga0071330_1069345_54	+	DB=STP|SBP_bac_1;ID=3300005298.a:Ga0071330_1069345_54	DB=STP|SBP_bac_1;ID=3300005298.a:Ga0071330_1069345_54
54	null	null	null	CGC1	3300005298.a:Ga0071330_1069345	58274	59626	3300005298.a:Ga0071330_1069345_55	-	;ID=3300005298.a:Ga0071330_1069345_55
55	STP	0	1	CGC1	3300005298.a:Ga0071330_1069345	59684	60193	3300005298.a:Ga0071330_1069345_56	+	DB=STP|AAA;ID=3300005298.a:Ga0071330_1069345_56	DB=STP|AAA;ID=3300005298.a:Ga0071330_1069345_56
56	TC	0	0	CGC1	3300005298.a:Ga0071330_1069345	60255	62639	3300005298.a:Ga0071330_1069345_57	+	DB=gnl|TC-DB|O32220|3.A.3.5.18;ID=3300005298.a:Ga0071330_1069345_57	DB=gnl|TC-DB|O32220|3.A.3.5.18;ID=3300005298.a:Ga0071330_1069345_57
57	TC	0	0	CGC1	3300005298.a:Ga0071330_1069345	62655	62801	3300005298.a:Ga0071330_1069345_58	+	DB=gnl|TC-DB|B1L487|3.A.3.5.27;ID=3300005298.a:Ga0071330_1069345_58	DB=gnl|TC-DB|B1L487|3.A.3.5.27;ID=3300005298.a:Ga0071330_1069345_58
58	TF	0	0	CGC1	3300005298.a:Ga0071330_1069345	62972	63985	3300005298.a:Ga0071330_1069345_59	+	DB=DBD-Pfam|LacI,DBD-SUPERFAMILY|0036955;ID=3300005298.a:Ga0071330_1069345_59	DB=DBD-Pfam|LacI,DBD-SUPERFAMILY|0036955;ID=3300005298.a:Ga0071330_1069345_59
59	TC	0	0	CGC1	3300005298.a:Ga0071330_1069345	64168	65127	3300005298.a:Ga0071330_1069345_60	+	DB=gnl|TC-DB|P02925|3.A.1.2.1;ID=3300005298.a:Ga0071330_1069345_60	DB=gnl|TC-DB|P02925|3.A.1.2.1;ID=3300005298.a:Ga0071330_1069345_60
60	TC	0	0	CGC1	3300005298.a:Ga0071330_1069345	65206	66720	3300005298.a:Ga0071330_1069345_61	+	DB=gnl|TC-DB|Q9X051|3.A.1.2.19;ID=3300005298.a:Ga0071330_1069345_61	DB=gnl|TC-DB|Q9X051|3.A.1.2.19;ID=3300005298.a:Ga0071330_1069345_61
61	TC	6	0	CGC1	3300005298.a:Ga0071330_1069345	66737	67681	3300005298.a:Ga0071330_1069345_62	+	DB=gnl|TC-DB|A6VKS9|3.A.1.2.13;ID=3300005298.a:Ga0071330_1069345_62	DB=gnl|TC-DB|A6VKS9|3.A.1.2.13;ID=3300005298.a:Ga0071330_1069345_62
+++++
