0036955	59	3300005298.a:Ga0071330_1055748_17	329	1e-21	2	58	1	57	0.9491525423728814
0039384	65	3300005298.a:Ga0071330_1055748_34	490	3.2e-05	6	48	10	52	0.6461538461538462
0039384	65	3300005298.a:Ga0071330_1055748_34	490	1e-06	5	64	95	159	0.9076923076923077
0043758	87	3300005298.a:Ga0071330_1055748_56	253	1.3e-16	3	73	3	66	0.8045977011494253
0043935	94	3300005298.a:Ga0071330_1055748_77	125	1.2e-12	7	93	19	116	0.9148936170212766
0039384	65	3300005298.a:Ga0071330_1055748_91	331	3.5e-06	12	63	21	75	0.7846153846153846
0040266	151	3300005298.a:Ga0071330_1056877_128	255	2.2e-13	29	116	14	96	0.5761589403973509
0036955	59	3300005298.a:Ga0071330_1056877_159	343	1.3e-21	2	58	1	57	0.9491525423728814
0043758	87	3300005298.a:Ga0071330_1056877_166	258	1.5e-18	3	85	4	79	0.9425287356321839
0043095	94	3300005298.a:Ga0071330_1056877_173	133	1.2e-15	8	85	4	83	0.8191489361702128
0045030	74	3300005298.a:Ga0071330_1056877_56	209	5.5e-19	1	73	3	72	0.972972972972973
0038966	94	3300005298.a:Ga0071330_1059221_32	273	7.8e-06	25	62	119	156	0.39361702127659576
0037767	80	3300005298.a:Ga0071330_1061897_19	226	4.8e-18	1	78	147	223	0.9625
0040266	151	3300005298.a:Ga0071330_1061897_24	397	3.6e-09	31	91	23	86	0.3973509933774834
0040266	151	3300005298.a:Ga0071330_1061897_59	331	3.3e-07	24	108	5	79	0.5562913907284768
0042628	48	3300005298.a:Ga0071330_1061897_71	136	5.2e-13	2	45	5	48	0.8958333333333334
0039939	63	3300005298.a:Ga0071330_1062054_113	150	3.5e-06	13	55	96	138	0.6666666666666666
0035347	75	3300005298.a:Ga0071330_1062054_120	339	1.1e-06	3	46	19	62	0.5733333333333334
0043758	87	3300005298.a:Ga0071330_1062054_158	200	1.4e-08	2	79	6	82	0.8850574712643678
0036955	59	3300005298.a:Ga0071330_1062054_17	331	1.7e-21	2	58	1	57	0.9491525423728814
0036955	59	3300005298.a:Ga0071330_1062054_2	345	8.8e-17	3	57	7	62	0.9152542372881356
0040266	151	3300005298.a:Ga0071330_1062054_69	403	7.3e-05	32	90	16	76	0.3841059602649007
0036955	59	3300005298.a:Ga0071330_1062054_80	339	2e-19	2	58	7	63	0.9491525423728814
0043935	94	3300005298.a:Ga0071330_1062054_9	125	1.1e-10	8	93	21	117	0.9042553191489362
0036955	59	3300005298.a:Ga0071330_1062232_116	339	9.9e-20	2	57	5	60	0.9322033898305084
0040517	144	3300005298.a:Ga0071330_1062232_140	147	1.8e-33	3	137	7	141	0.9305555555555556
0041905	120	3300005298.a:Ga0071330_1062232_43	125	2.5e-05	7	86	43	120	0.6583333333333333
0044558	59	3300005298.a:Ga0071330_1062232_51	338	1.1e-18	2	58	9	64	0.9491525423728814
0039384	65	3300005298.a:Ga0071330_1062232_73	128	8.1e-05	12	44	53	85	0.49230769230769234
0043669	98	3300005298.a:Ga0071330_1062232_89	388	2.1e-12	24	73	13	63	0.5
0043707	64	3300005298.a:Ga0071330_1062232_98	106	1e-17	3	62	3	63	0.921875
0036955	59	3300005298.a:Ga0071330_1063663_20	337	6.7e-15	2	49	9	56	0.7966101694915254
0036955	59	3300005298.a:Ga0071330_1063663_30	330	5.4e-21	2	58	3	59	0.9491525423728814
0043758	87	3300005298.a:Ga0071330_1063663_36	195	4.9e-12	2	57	3	56	0.632183908045977
0036955	59	3300005298.a:Ga0071330_1063663_53	343	2e-20	2	57	8	63	0.9322033898305084
0043758	87	3300005298.a:Ga0071330_1064875_130	344	4.1e-10	22	67	29	72	0.5172413793103449
0037244	118	3300005298.a:Ga0071330_1064875_168	156	2.4e-07	26	109	40	122	0.7033898305084746
0041905	120	3300005298.a:Ga0071330_1064963_66	653	8.7e-06	11	66	594	645	0.4583333333333333
0043095	94	3300005298.a:Ga0071330_1069345_106	104	3.5e-23	3	89	13	99	0.9148936170212766
0043935	94	3300005298.a:Ga0071330_1069345_119	365	2.1e-07	2	61	299	353	0.6276595744680851
0043707	64	3300005298.a:Ga0071330_1069345_181	248	2.2e-07	3	41	8	46	0.59375
0036286	54	3300005298.a:Ga0071330_1069345_43	288	2.6e-13	3	53	184	234	0.9259259259259259
0035607	54	3300005298.a:Ga0071330_1069345_43	288	1.7e-12	2	54	235	285	0.9629629629629629
0036955	59	3300005298.a:Ga0071330_1069345_59	338	3.9e-20	2	58	4	60	0.9491525423728814
0041150	134	3300005298.a:Ga0071330_1069345_78	145	1.4e-31	4	133	2	131	0.9626865671641791
0043095	94	3300005298.a:Ga0071330_1069345_88	106	2.2e-22	5	88	14	97	0.8829787234042553
0045032	127	3300005298.a:Ga0071330_1069345_93	145	2.3e-33	2	126	7	132	0.9763779527559056
0036286	54	3300005298.a:Ga0071330_1071694_1	497	1.3e-10	4	52	392	440	0.8888888888888888
0035607	54	3300005298.a:Ga0071330_1071694_1	497	3.5e-08	2	53	442	490	0.9444444444444444
0036955	59	3300005298.a:Ga0071330_1071694_28	339	3e-19	2	58	1	57	0.9491525423728814
0042546	127	3300005298.a:Ga0071330_1071694_35	131	1.9e-34	1	116	1	116	0.905511811023622
0041150	134	3300005298.a:Ga0071330_1096583_8	131	1.2e-30	13	133	3	123	0.8955223880597015
0037456	76	3300005298.a:Ga0071330_1096583_9	150	1.8e-19	1	71	3	73	0.9210526315789473
0045032	127	3300005298.a:Ga0071330_1103968_45	139	9.5e-31	1	126	5	131	0.984251968503937
0043758	87	3300005298.a:Ga0071330_1103968_95	343	4.6e-25	1	85	1	85	0.9655172413793104
0040266	151	3300005298.a:Ga0071330_1119465_1	401	7.3e-08	30	91	16	79	0.40397350993377484
