0040586	141	3300013484.a:Ga0121074_10001_133	156	5.3e-28	5	138	13	146	0.9432624113475178
0040517	144	3300013484.a:Ga0121074_10001_135	159	4.9e-28	3	137	22	156	0.9305555555555556
0037767	80	3300013484.a:Ga0121074_10001_145	275	2e-12	6	72	32	93	0.825
0037767	80	3300013484.a:Ga0121074_10001_146	267	6.8e-12	9	71	37	90	0.775
0043707	64	3300013484.a:Ga0121074_10001_191	91	1.3e-16	2	61	8	68	0.921875
0044258	100	3300013484.a:Ga0121074_10001_233	106	8.8e-15	5	93	11	100	0.88
0037176	98	3300013484.a:Ga0121074_10001_24	470	6.6e-14	1	95	333	447	0.9591836734693877
0040517	144	3300013484.a:Ga0121074_10001_300	163	4.4e-16	26	117	4	95	0.6319444444444444
0035607	54	3300013484.a:Ga0121074_10001_309	341	3.4e-09	3	53	263	314	0.9259259259259259
0042628	48	3300013484.a:Ga0121074_10001_351	80	2.9e-12	1	43	1	43	0.875
0042546	127	3300013484.a:Ga0121074_10001_370	163	4.3e-27	1	113	10	120	0.8818897637795275
0043707	64	3300013484.a:Ga0121074_10002_289	147	4.8e-12	3	60	7	65	0.890625
0037767	80	3300013484.a:Ga0121074_10002_72	235	5.2e-11	5	73	10	73	0.85
0043669	98	3300013484.a:Ga0121074_10003_100	138	3.3e-23	7	96	12	101	0.9081632653061225
0043669	98	3300013484.a:Ga0121074_10003_105	321	1.7e-21	9	84	4	79	0.7653061224489796
0043095	94	3300013484.a:Ga0121074_10003_11	112	2e-17	5	91	3	92	0.9148936170212766
0043707	64	3300013484.a:Ga0121074_10003_124	129	1.6e-15	3	61	13	72	0.90625
0043707	64	3300013484.a:Ga0121074_10003_139	133	4e-12	8	61	75	130	0.828125
0043758	87	3300013484.a:Ga0121074_10003_245	235	1.3e-10	1	69	1	68	0.7816091954022989
0036286	54	3300013484.a:Ga0121074_10003_3	297	1.6e-14	4	52	194	242	0.8888888888888888
0035607	54	3300013484.a:Ga0121074_10003_3	297	1.1e-07	2	49	244	289	0.8703703703703703
0044258	100	3300013484.a:Ga0121074_10003_34	316	4.3e-10	5	87	14	94	0.82
0044258	100	3300013484.a:Ga0121074_10003_34	316	1.3e-12	5	98	174	266	0.93
0039384	65	3300013484.a:Ga0121074_10003_88	479	8.7e-06	15	63	34	82	0.7384615384615385
0039384	65	3300013484.a:Ga0121074_10003_94	496	2e-09	8	62	33	87	0.8307692307692308
0037176	98	3300013484.a:Ga0121074_10004_102	489	2e-15	1	97	357	480	0.9795918367346939
0040517	144	3300013484.a:Ga0121074_10004_11	297	2.4e-05	45	108	16	75	0.4375
0043707	64	3300013484.a:Ga0121074_10004_116	83	2e-09	3	61	17	76	0.90625
0043669	98	3300013484.a:Ga0121074_10004_136	106	1.7e-18	13	95	6	92	0.8367346938775511
0037176	98	3300013484.a:Ga0121074_10004_175	185	1.9e-13	45	94	131	180	0.5
0037176	98	3300013484.a:Ga0121074_10004_2	179	1.3e-17	32	95	112	175	0.6428571428571429
0043758	87	3300013484.a:Ga0121074_10004_207	365	5e-19	2	83	13	93	0.9310344827586207
0045032	127	3300013484.a:Ga0121074_10004_229	159	4.2e-23	2	126	6	136	0.9763779527559056
0040517	144	3300013484.a:Ga0121074_10004_243	222	5.5e-27	3	135	18	150	0.9166666666666666
0044258	100	3300013484.a:Ga0121074_10004_26	165	1.3e-13	3	98	11	105	0.95
0043707	64	3300013484.a:Ga0121074_10004_267	79	3.5e-12	6	61	16	72	0.859375
0040266	151	3300013484.a:Ga0121074_10004_54	165	1.4e-14	20	142	11	135	0.8079470198675497
0043707	64	3300013484.a:Ga0121074_10004_81	477	2.6e-13	3	60	11	69	0.890625
0042546	127	3300013484.a:Ga0121074_10005_109	139	1.8e-15	2	68	10	77	0.5196850393700787
0044030	41	3300013484.a:Ga0121074_10005_125	145	2.3e-12	1	39	103	141	0.926829268292683
0040586	141	3300013484.a:Ga0121074_10005_138	164	1.9e-28	20	139	39	159	0.8439716312056738
0043669	98	3300013484.a:Ga0121074_10005_140	112	3.6e-22	9	96	21	106	0.8877551020408163
0045032	127	3300013484.a:Ga0121074_10005_176	153	9.4e-32	1	126	5	134	0.984251968503937
0045032	127	3300013484.a:Ga0121074_10005_231	146	4.4e-31	2	126	6	132	0.9763779527559056
0037176	98	3300013484.a:Ga0121074_10005_27	469	3.1e-14	1	97	355	455	0.9795918367346939
0037176	98	3300013484.a:Ga0121074_10005_5	447	9.4e-11	2	97	361	438	0.9693877551020408
0037767	80	3300013484.a:Ga0121074_10005_55	263	6.6e-11	3	77	155	221	0.925
0038753	71	3300013484.a:Ga0121074_10005_57	224	7.9e-13	2	70	131	201	0.9577464788732394
0038753	71	3300013484.a:Ga0121074_10005_60	252	5.9e-11	1	70	158	229	0.971830985915493
0038753	71	3300013484.a:Ga0121074_10005_72	246	5e-12	1	70	152	223	0.971830985915493
0037767	80	3300013484.a:Ga0121074_10005_74	244	1.7e-13	3	78	143	218	0.9375
0043707	64	3300013484.a:Ga0121074_10006_149	66	7.8e-16	4	61	2	60	0.890625
0042546	127	3300013484.a:Ga0121074_10006_184	139	1.5e-41	1	126	1	126	0.984251968503937
0039384	65	3300013484.a:Ga0121074_10006_188	159	2.5e-05	5	45	10	47	0.6153846153846154
0040586	141	3300013484.a:Ga0121074_10006_219	301	8.2e-06	55	121	31	93	0.46808510638297873
0044258	100	3300013484.a:Ga0121074_10006_244	161	1.2e-10	11	86	4	87	0.75
0043669	98	3300013484.a:Ga0121074_10006_250	96	1.7e-23	15	94	3	82	0.8061224489795918
0035607	54	3300013484.a:Ga0121074_10006_256	305	4.1e-11	2	53	168	219	0.9444444444444444
0035607	54	3300013484.a:Ga0121074_10006_256	305	2e-06	15	52	229	267	0.6851851851851852
0044258	100	3300013484.a:Ga0121074_10006_263	281	2.5e-05	6	61	4	59	0.55
0036286	54	3300013484.a:Ga0121074_10006_38	377	1.1e-07	3	49	89	135	0.8518518518518519
0035607	54	3300013484.a:Ga0121074_10006_38	377	1.5e-07	3	51	141	187	0.8888888888888888
0044258	100	3300013484.a:Ga0121074_10006_90	230	1.8e-14	4	93	21	110	0.89
0043707	64	3300013484.a:Ga0121074_10007_151	66	7.7e-17	4	63	2	62	0.921875
0041150	134	3300013484.a:Ga0121074_10007_40	165	1.4e-23	5	133	28	158	0.9552238805970149
0039384	65	3300013484.a:Ga0121074_10007_6	223	5.8e-08	8	61	19	72	0.8153846153846154
0043935	94	3300013484.a:Ga0121074_10008_16	144	1.3e-16	2	88	9	99	0.9148936170212766
0039384	65	3300013484.a:Ga0121074_10008_76	295	1.1e-05	5	41	233	269	0.5538461538461539
0040266	151	3300013484.a:Ga0121074_10009_140	169	5.2e-11	21	110	50	139	0.5894039735099338
0043143	63	3300013484.a:Ga0121074_10009_15	67	2.9e-17	3	60	6	64	0.9047619047619048
0042546	127	3300013484.a:Ga0121074_10009_159	136	1.8e-36	1	126	6	131	0.984251968503937
0043707	64	3300013484.a:Ga0121074_10009_6	466	1.2e-13	4	61	2	60	0.890625
0044258	100	3300013484.a:Ga0121074_10009_71	101	1.2e-12	10	93	7	90	0.83
0043935	94	3300013484.a:Ga0121074_10010_17	213	8.5e-14	4	85	68	152	0.8617021276595744
0040517	144	3300013484.a:Ga0121074_10010_43	315	1.8e-06	44	131	23	106	0.6041666666666666
0043143	63	3300013484.a:Ga0121074_10011_12	78	3.2e-08	8	60	9	63	0.8253968253968254
0043707	64	3300013484.a:Ga0121074_10011_20	139	1.3e-14	3	62	17	77	0.921875
0041150	134	3300013484.a:Ga0121074_10011_25	157	3.6e-41	2	131	3	131	0.9626865671641791
0043707	64	3300013484.a:Ga0121074_10011_28	123	7.4e-13	3	61	12	71	0.90625
0043707	64	3300013484.a:Ga0121074_10011_29	205	4.1e-07	3	61	13	74	0.90625
0040266	151	3300013484.a:Ga0121074_10011_49	314	4.7e-06	43	118	24	86	0.4966887417218543
0043669	98	3300013484.a:Ga0121074_10012_14	140	1e-23	7	96	13	102	0.9081632653061225
0042546	127	3300013484.a:Ga0121074_10012_47	135	9.1e-37	1	126	6	131	0.984251968503937
0041150	134	3300013484.a:Ga0121074_10012_51	190	8.7e-21	6	133	29	155	0.9477611940298507
0042546	127	3300013484.a:Ga0121074_10012_64	145	2.1e-36	3	126	14	137	0.968503937007874
0043095	94	3300013484.a:Ga0121074_10012_74	112	4e-18	5	91	3	92	0.9148936170212766
0039384	65	3300013484.a:Ga0121074_10012_86	212	3.8e-09	22	62	41	81	0.6153846153846154
0043707	64	3300013484.a:Ga0121074_10012_87	161	4.7e-07	4	60	14	71	0.875
0043707	64	3300013484.a:Ga0121074_10013_90	81	6.3e-10	3	61	4	63	0.90625
0043707	64	3300013484.a:Ga0121074_10014_30	196	2.6e-05	3	61	6	66	0.90625
0043707	64	3300013484.a:Ga0121074_10014_30	196	1.8e-08	9	61	101	154	0.8125
0043707	64	3300013484.a:Ga0121074_10014_66	189	2.8e-15	3	62	12	72	0.921875
0040517	144	3300013484.a:Ga0121074_10016_52	160	3.8e-14	23	118	5	119	0.6597222222222222
0040517	144	3300013484.a:Ga0121074_10016_9	296	1.2e-07	43	118	16	87	0.5208333333333334
0044258	100	3300013484.a:Ga0121074_10019_16	142	8.5e-21	3	96	29	122	0.93
0037767	80	3300013484.a:Ga0121074_10019_24	247	7.3e-15	2	78	164	240	0.95
0040517	144	3300013484.a:Ga0121074_10026_10	301	9.1e-06	42	106	16	76	0.4444444444444444
0035607	54	3300013484.a:Ga0121074_10026_11	243	1.9e-08	2	54	137	189	0.9629629629629629
0035607	54	3300013484.a:Ga0121074_10026_11	243	1.6e-06	14	52	197	236	0.7037037037037037
0040266	151	3300013484.a:Ga0121074_10026_13	307	3.5e-05	50	118	26	81	0.4503311258278146
0042547	94	3300013484.a:Ga0121074_10126_3	104	5.2e-12	6	81	2	74	0.7978723404255319
