PUL0106	1.79e-318
PUL0252	8.66e-299
PUL0316	3.90e-76
PUL0333	5.00e-57
PUL0335	2.25e-105
PUL0337	8.02e-144
PUL0356	1.52e-27
PUL0420	7.05e-314
PUL0438	7.87e-253
PUL0443	9.88e-203
PUL00493	5.23e-304
PUL0527	1.49e-264
PUL0537	5.15e-160
PUL0544	4.62e-230
PUL01082	1.08e-05
PUL01217	9.88e-92
PUL01341	3.92e-189
PUL01455	1.91e-257
PUL01455	2.10e-221
PUL01490	2.03e-61
PUL03165	5.66e-184
PUL03345	1.21e-206
PUL03357	2.27e-118
PUL03363	3.55e-137
PUL03393	1.16e-244
PUL03398	8.95e-258
PUL04680	3.53e-203
PUL04966	1.32e-96
PUL05302	8.15e-304
