PUL0009	1.06e-123
PUL0017	6.09e-159
PUL0038	7.75e-259
PUL0155	4.78e-29
PUL0176	6.08e-52
PUL0205	8.67e-90
PUL0217	1.17e-45
PUL0267	2.03e-75
PUL0267	3.84e-216
PUL00290	5.24e-36
PUL0291	2.92e-24
PUL0316	4.48e-64
PUL0333	9.52e-78
PUL0335	1.23e-171
PUL0339	4.40e-16
PUL0340	5.14e-140
PUL0399	6.18e-23
PUL0404	4.46e-42
PUL0573	5.07e-37
PUL0577	7.54e-48
PUL0584	3.42e-139
PUL0598	2.14e-112
PUL00615	2.36e-95
PUL00706	2.36e-168
PUL01016	1.69e-60
PUL01060	3.27e-178
PUL03004	1.75e-100
PUL03351	5.61e-71
PUL03390	6.17e-163
PUL03680	1.00e-62
PUL03904	2.07e-35
PUL04298	6.91e-113
PUL04599	2.94e-10
PUL04608	2.96e-60
PUL04608	7.56e-93
