0036955	59	3300008734.a:Ga0113998_100008_110	385	9.2e-17	3	58	7	62	0.9322033898305084
0038753	71	3300008734.a:Ga0113998_100013_137	158	8.4e-06	26	51	23	48	0.352112676056338
0038966	94	3300008734.a:Ga0113998_100013_3	160	2.4e-09	30	76	2	48	0.48936170212765956
0037244	118	3300008734.a:Ga0113998_100013_83	117	2.5e-18	3	104	12	113	0.8559322033898306
0035607	54	3300008734.a:Ga0113998_100021_124	369	3e-08	6	53	316	361	0.8703703703703703
0043707	64	3300008734.a:Ga0113998_100021_2	104	3.4e-13	3	59	39	96	0.875
0038753	71	3300008734.a:Ga0113998_100025_153	235	3.7e-12	2	69	155	222	0.9436619718309859
0039384	65	3300008734.a:Ga0113998_100034_129	302	1.7e-08	7	62	5	59	0.8461538461538461
0035607	54	3300008734.a:Ga0113998_100034_132	307	1.2e-07	10	53	264	305	0.7962962962962963
0039384	65	3300008734.a:Ga0113998_100034_32	404	8.6e-06	9	53	19	62	0.676923076923077
0040266	151	3300008734.a:Ga0113998_100053_33	357	9.4e-05	21	74	290	337	0.3509933774834437
0035607	54	3300008734.a:Ga0113998_100053_44	116	5.3e-12	2	53	57	109	0.9444444444444444
0041150	134	3300008734.a:Ga0113998_100053_49	145	3.4e-29	2	133	4	132	0.9776119402985075
0041150	134	3300008734.a:Ga0113998_100066_25	152	1.3e-15	6	134	10	136	0.9552238805970149
0035607	54	3300008734.a:Ga0113998_100068_49	293	3.8e-08	2	53	235	284	0.9444444444444444
0036955	59	3300008734.a:Ga0113998_100068_58	340	1.1e-17	2	58	5	61	0.9491525423728814
0043707	64	3300008734.a:Ga0113998_100083_36	66	2.3e-13	5	62	5	63	0.890625
0039384	65	3300008734.a:Ga0113998_100083_51	78	5.2e-06	24	61	6	43	0.5692307692307692
0043707	64	3300008734.a:Ga0113998_100103_7	68	8.2e-09	5	61	5	62	0.875
0043707	64	3300008734.a:Ga0113998_100125_37	106	1.1e-10	3	60	21	79	0.890625
0038753	71	3300008734.a:Ga0113998_100151_23	222	7.7e-11	2	70	153	217	0.9577464788732394
0043707	64	3300008734.a:Ga0113998_100151_25	185	3.4e-11	3	63	8	69	0.9375
0037456	76	3300008734.a:Ga0113998_100151_41	158	8.4e-16	1	68	4	71	0.881578947368421
0040266	151	3300008734.a:Ga0113998_100151_50	333	6.1e-07	23	148	26	155	0.8278145695364238
0044258	100	3300008734.a:Ga0113998_100170_4	96	2.9e-13	6	94	3	92	0.88
0044258	100	3300008734.a:Ga0113998_100170_57	101	5.4e-06	2	94	8	94	0.92
0044258	100	3300008734.a:Ga0113998_100170_59	123	4.9e-21	2	98	12	109	0.96
0040266	151	3300008734.a:Ga0113998_100207_49	309	1.5e-05	48	114	22	75	0.4370860927152318
0039384	65	3300008734.a:Ga0113998_100227_31	396	4.6e-05	8	52	240	284	0.676923076923077
0037767	80	3300008734.a:Ga0113998_100263_17	224	4.1e-10	4	76	153	218	0.9
0036955	59	3300008734.a:Ga0113998_100265_48	343	2.4e-12	11	58	1	48	0.7966101694915254
0036286	54	3300008734.a:Ga0113998_100276_11	957	2.9e-05	17	53	865	901	0.6666666666666666
0035607	54	3300008734.a:Ga0113998_100276_11	957	9.6e-09	7	53	907	952	0.8518518518518519
0040517	144	3300008734.a:Ga0113998_100276_17	155	2.7e-32	1	134	10	144	0.9236111111111112
0037176	98	3300008734.a:Ga0113998_100298_36	421	7.3e-13	34	97	353	416	0.6428571428571429
0040266	151	3300008734.a:Ga0113998_100312_20	156	4.5e-11	24	142	4	122	0.7814569536423841
0040266	151	3300008734.a:Ga0113998_100744_30	162	5.3e-11	20	143	2	125	0.8145695364238411
0035607	54	3300008734.a:Ga0113998_100877_13	300	1.2e-07	4	52	251	297	0.8888888888888888
0043707	64	3300008734.a:Ga0113998_100877_15	104	1.2e-08	4	61	14	72	0.890625
0036286	54	3300008734.a:Ga0113998_100877_22	674	5.5e-05	13	53	582	619	0.7407407407407407
0035607	54	3300008734.a:Ga0113998_100877_22	674	1.9e-09	4	53	622	670	0.9074074074074074
0041905	120	3300008734.a:Ga0113998_101422_9	126	4.5e-20	2	117	3	117	0.9583333333333334
0045290	66	3300008734.a:Ga0113998_101485_10	201	6.5e-05	4	56	49	104	0.7878787878787878
0043143	63	3300008734.a:Ga0113998_102000_4	68	2.4e-12	4	61	7	65	0.9047619047619048
