GT30_e55.hmm|GT30:437	163	3300012270.a:Ga0136604_1000011_7	413	2.1e-59	4	162	49	208	0.9693251533742331
GT4_e2745.hmm|GT4:6	142	3300012270.a:Ga0136604_1000013_97	409	5.5e-40	2	138	238	373	0.9577464788732394
GT4_e3311.hmm|GT4:34	137	3300012270.a:Ga0136604_1000014_22	400	1.6e-25	2	136	232	362	0.9781021897810219
GT4_e1945.hmm|GT4:24	144	3300012270.a:Ga0136604_1000014_40	353	4.7e-35	3	140	173	312	0.9513888888888888
GT2_e703.hmm|GT2:294	175	3300012270.a:Ga0136604_1000014_72	238	3.3e-78	3	172	5	180	0.9657142857142857
GT2_e1198.hmm|GT2:27	252	3300012270.a:Ga0136604_1000014_8	390	2.8e-115	1	252	47	298	0.996031746031746
GH17_e61.hmm|GH17:68|CBM4:1|GH16_3:1|3.2.1.39:1	310	3300012270.a:Ga0136604_1000020_48	600	7.5e-144	1	310	63	373	0.9967741935483871
GH16_e333.hmm|GH16_3:7	237	3300012270.a:Ga0136604_1000020_51	413	5.5e-132	1	237	174	410	0.9957805907172996
GT2_e2702.hmm|GT2:104	161	3300012270.a:Ga0136604_1000023_34	247	5.9e-82	1	160	10	170	0.9875776397515528
GH15_e57.hmm|GH15:937	365	3300012270.a:Ga0136604_1000023_57	596	6e-147	2	364	222	582	0.9917808219178083
GH65_e0.hmm|GH65:2334|2.4.1.8:9|GT2:1	378	3300012270.a:Ga0136604_1000042_65	761	1.2e-199	1	377	324	703	0.9947089947089947
GH23_e731.hmm|GH23:349|CBM50:341	136	3300012270.a:Ga0136604_1000042_9	513	3.5e-70	1	136	142	277	0.9926470588235294
CBM50_e623.hmm|CBM50:9|GH23:8|GH18:1|3.2.1.14:1	42	3300012270.a:Ga0136604_1000042_9	513	3.9e-17	1	42	391	432	0.9761904761904762
GT2_e2008.hmm|GT2:60	266	3300012270.a:Ga0136604_1000060_7	333	4.6e-118	1	262	6	268	0.981203007518797
GT92_e13.hmm|GT92:9	204	3300012270.a:Ga0136604_1000064_39	309	7.7e-40	4	204	46	253	0.9803921568627451
GT2_e1413.hmm|GT2:19	165	3300012270.a:Ga0136604_1000162_17	293	9.4e-40	1	164	5	167	0.9878787878787879
GT4_e1153.hmm|GT4:31	150	3300012270.a:Ga0136604_1000162_18	369	2.5e-48	4	146	193	336	0.9466666666666667
GT92_e1.hmm|GT92:8	206	3300012270.a:Ga0136604_1000175_27	287	1.8e-38	1	202	37	246	0.9757281553398058
GT2_e2134.hmm|GT2:13	229	3300012270.a:Ga0136604_1000179_25	268	1.4e-60	4	216	3	216	0.925764192139738
GT9_e65.hmm|GT9:196	249	3300012270.a:Ga0136604_1000208_17	344	1.3e-78	3	249	72	320	0.9879518072289156
GT4_e38.hmm|GT4:98|GT2:1	131	3300012270.a:Ga0136604_1000213_18	367	2.5e-55	1	130	193	321	0.9847328244274809
GT2_e2413.hmm|GT2:18	258	3300012270.a:Ga0136604_1000213_5	290	1.2e-44	1	220	7	252	0.8488372093023255
GT2_e2789.hmm|GT2:26	136	3300012270.a:Ga0136604_1000213_6	343	1.7e-52	1	131	6	136	0.9558823529411765
GH74_e4.hmm|GH74:18	166	3300012270.a:Ga0136604_1000260_25	1032	2.1e-16	37	120	197	300	0.5
GH171_e3.hmm|GH171:806|GH3:1	343	3300012270.a:Ga0136604_1000304_5	390	6e-160	1	342	43	385	0.9941690962099126
GT2_e3559.hmm|GT2:444	314	3300012270.a:Ga0136604_1000496_16	346	8.4e-125	2	295	7	301	0.9331210191082803
GH3_e104.hmm|GH3:538|GT4:1	225	3300012270.a:Ga0136604_1000496_4	998	1e-102	1	225	119	341	0.9955555555555555
CE4_e341.hmm|CE4:294	119	3300012270.a:Ga0136604_1000519_11	211	1e-51	3	119	29	141	0.9747899159663865
GT5_e28.hmm|GT5:878	225	3300012270.a:Ga0136604_1000525_5	273	5.3e-98	1	221	6	225	0.9777777777777777
GT2_e891.hmm|GT2:16	209	3300012270.a:Ga0136604_1000620_11	397	4.9e-51	1	208	34	243	0.9904306220095693
GT4_e295.hmm|GT4:71	145	3300012270.a:Ga0136604_1000659_3	767	4.9e-30	3	143	587	725	0.9655172413793104
GH55_e10.hmm|GH55:36|CBM32:17|CBM56:4|3.2.1.-:1	293	3300012270.a:Ga0136604_1000917_9	597	1.6e-132	1	293	278	574	0.9965870307167235
GH73_e68.hmm|GH73:550|CBM50:526	129	3300012270.a:Ga0136604_1000007_50	298	6.9e-62	1	128	32	159	0.9844961240310077
GT28_e0.hmm|GT28:1307	158	3300012270.a:Ga0136604_1000007_63	369	5.7e-56	1	157	194	352	0.9873417721518988
GT2_e3223.hmm|GT2:20	119	3300012270.a:Ga0136604_1000013_30	253	1.1e-49	1	119	7	125	0.9915966386554622
GT4_e2089.hmm|GT4:84	145	3300012270.a:Ga0136604_1000013_31	370	2.1e-39	1	144	197	337	0.9862068965517241
GT2_e4006.hmm|GT2:11	218	3300012270.a:Ga0136604_1000013_96	391	3.4e-64	1	217	51	269	0.9908256880733946
GT2_e2518.hmm|GT2:23	249	3300012270.a:Ga0136604_1000014_11	302	2.5e-99	2	247	9	254	0.9839357429718876
CE14_e10.hmm|CE14:22	106	3300012270.a:Ga0136604_1000014_41	242	5.5e-50	1	106	7	112	0.9905660377358491
GT51_e154.hmm|GT51:112	179	3300012270.a:Ga0136604_1000014_55	749	2.2e-80	2	178	55	231	0.9832402234636871
GH16_e342.hmm|GH16_3:100|CBM13:35|CBM12:9|GH16:4|3.2.1.39:1|3.2.1.6:1|3.2.1.73:1|CBM57:1|CBM6:1|CBM4:1	232	3300012270.a:Ga0136604_1000020_39	376	1.8e-94	1	232	141	374	0.9956896551724138
GT83_e32.hmm|GT83:70|GT4:1	501	3300012270.a:Ga0136604_1000023_33	555	1.8e-72	2	493	7	492	0.9800399201596807
CBM50_e181.hmm|CBM50:122|GH23:1	44	3300012270.a:Ga0136604_1000031_23	712	3.9e-17	1	44	103	146	0.9772727272727273
CBM50_e181.hmm|CBM50:122|GH23:1	44	3300012270.a:Ga0136604_1000031_23	712	6.7e-16	1	44	169	211	0.9772727272727273
GT2_e892.hmm|GT2:59	260	3300012270.a:Ga0136604_1000031_40	651	1.1e-119	1	252	4	257	0.9653846153846154
GH23_e718.hmm|GH23:15	156	3300012270.a:Ga0136604_1000042_42	499	1.1e-70	1	156	323	478	0.9935897435897436
GT3_e0.hmm|GT3:923|2.4.1.11:48	585	3300012270.a:Ga0136604_1000045_34	601	8.3e-250	1	581	13	599	0.9914529914529915
GT2_e1300.hmm|GT2:387	162	3300012270.a:Ga0136604_1000060_8	320	4.9e-75	2	161	6	165	0.9814814814814815
GT2_e914.hmm|GT2:100	272	3300012270.a:Ga0136604_1000062_10	513	4.9e-128	2	271	74	343	0.9889705882352942
AA1_e46.hmm|AA1_3:109|CBM20:5|1.10.3.2:4|AA1:3|1.10.3.-:1	474	3300012270.a:Ga0136604_1000244_6	565	2.3e-18	5	256	27	271	0.5295358649789029
GH16_e273.hmm|GH16_3:48|GH16:1|3.2.1.39:1	243	3300012270.a:Ga0136604_1000276_1	540	4.9e-106	2	243	207	445	0.9917695473251029
GT4_e3818.hmm|GT4:6	154	3300012270.a:Ga0136604_1000282_15	346	2.4e-50	4	144	166	307	0.9090909090909091
CBM48_e2.hmm|CBM48:14087|GH13_9:14033|2.4.1.18:57|GH77:8|GH13:5|GT5:2|GH13_3:1|GH0:1	100	3300012270.a:Ga0136604_1000287_10	635	1.4e-20	5	91	27	128	0.86
GH13_e200.hmm|GH13_9:2874|CBM48:2782|2.4.1.18:14|GH77:10|GH13:7|GH13_3:5|GH0:1|GT5:1|GH13_1:1	301	3300012270.a:Ga0136604_1000287_10	635	4.3e-157	1	300	186	485	0.9933554817275747
GH31_e47.hmm|GH31:323	445	3300012270.a:Ga0136604_1000287_8	798	9.3e-234	1	445	225	669	0.9977528089887641
CBM48_e92.hmm|CBM48:28	72	3300012270.a:Ga0136604_1000287_9	99	7.1e-24	3	72	19	85	0.9583333333333334
GT4_e3461.hmm|GT4:8	152	3300012270.a:Ga0136604_1000304_4	367	9.6e-60	2	152	185	335	0.9868421052631579
GH23_e304.hmm|GH23:8	153	3300012270.a:Ga0136604_1000387_7	490	1.8e-85	1	153	329	481	0.9934640522875817
GT2_e1573.hmm|GT2:21	221	3300012270.a:Ga0136604_1000644_5	396	1.9e-80	1	220	48	270	0.9909502262443439
GT4_e774.hmm|GT4:543	135	3300012270.a:Ga0136604_1000659_2	413	6.7e-55	2	133	235	366	0.9703703703703703
GH16_e342.hmm|GH16_3:100|CBM13:35|CBM12:9|GH16:4|3.2.1.39:1|3.2.1.6:1|3.2.1.73:1|CBM57:1|CBM6:1|CBM4:1	232	3300012270.a:Ga0136604_1000999_2	464	4.8e-76	1	231	44	278	0.9913793103448276
GH13_e243.hmm|GH13_20:34|CBM48:5|CBM34:2|GH13:2|3.2.1.-:1|3.2.1.54:1|CBM20:1	361	3300012270.a:Ga0136604_1001156_11	592	2.6e-157	1	361	84	455	0.997229916897507
AA12_e3.hmm|AA12:16	416	3300012270.a:Ga0136604_1001289_9	423	1.5e-31	5	413	36	416	0.9807692307692307
GT1_e105.hmm|GT1:180	281	3300012270.a:Ga0136604_1007241_1	342	2.1e-89	2	280	22	298	0.9893238434163701
GH158_e9.hmm|GH158:8	135	3300012270.a:Ga0136604_1000004_23	434	5.6e-39	1	135	44	176	0.9925925925925926
GT2_e897.hmm|GT2:53|GH26:31|GH158:5|GH0:1	185	3300012270.a:Ga0136604_1000004_24	1209	1.5e-99	1	185	146	330	0.9945945945945946
GH26_e76.hmm|GH26:33|GT2:32|GH158:6	180	3300012270.a:Ga0136604_1000004_24	1209	5.8e-24	26	149	612	735	0.6833333333333333
GH158_e3.hmm|GH158:7|GH26:6|GT2:5	159	3300012270.a:Ga0136604_1000004_24	1209	1.3e-32	9	158	822	971	0.9371069182389937
CE11_e18.hmm|CE11:339	269	3300012270.a:Ga0136604_1000007_39	465	3.4e-104	3	268	8	298	0.9851301115241635
GT4_e341.hmm|GT4:11	148	3300012270.a:Ga0136604_1000007_47	375	1.2e-49	1	144	195	337	0.9662162162162162
GH74_e7.hmm|GH74:6|CBM9:1	133	3300012270.a:Ga0136604_1000011_55	1072	2.7e-16	15	119	171	294	0.7819548872180451
GT4_e892.hmm|GT4:10|GT2:1	150	3300012270.a:Ga0136604_1000013_29	368	1.5e-58	2	149	190	337	0.98
GT4_e2150.hmm|GT4:62	150	3300012270.a:Ga0136604_1000014_10	362	1.5e-55	2	150	183	331	0.9866666666666667
GT2_e3301.hmm|GT2:8	232	3300012270.a:Ga0136604_1000014_9	281	8.6e-37	3	181	50	238	0.7672413793103449
GH16_e73.hmm|GH16:6	193	3300012270.a:Ga0136604_1000020_35	296	2.1e-17	9	154	70	222	0.7512953367875648
GH149_e1.hmm|GH149:97	1127	3300012270.a:Ga0136604_1000020_49	1153	0	1	1125	25	1148	0.997338065661047
GH30_e58.hmm|GH30_1:62|3.2.1.75:1|GH30_8:1	440	3300012270.a:Ga0136604_1000020_50	508	4.2e-222	1	439	66	504	0.9954545454545455
GT51_e181.hmm|GT51:710	178	3300012270.a:Ga0136604_1000042_3	774	7.8e-77	2	177	70	242	0.9831460674157303
GT2_e837.hmm|GT2:15	256	3300012270.a:Ga0136604_1000045_8	377	1e-48	1	254	50	317	0.98828125
GT2_e3590.hmm|GT2:55	162	3300012270.a:Ga0136604_1000062_55	324	1.8e-54	3	161	1	159	0.9753086419753086
AA2_e1.hmm|AA2:59	252	3300012270.a:Ga0136604_1000064_24	762	1.3e-20	14	109	115	211	0.376984126984127
AA4_e1.hmm|AA4:19	525	3300012270.a:Ga0136604_1000064_58	473	6.5e-21	12	256	13	246	0.46476190476190476
GT2_e3911.hmm|GT2:377	167	3300012270.a:Ga0136604_1000107_26	243	3.8e-83	1	166	7	172	0.9880239520958084
GT2_e3970.hmm|GT2:23	249	3300012270.a:Ga0136604_1000179_18	463	5.3e-44	1	208	10	218	0.8313253012048193
GT4_e718.hmm|GT4:13	136	3300012270.a:Ga0136604_1000213_19	354	1.4e-43	3	135	188	320	0.9705882352941176
GH23_e357.hmm|GH23:320|CBM50:1	137	3300012270.a:Ga0136604_1000237_12	327	3e-61	1	137	103	239	0.9927007299270073
GH13_e41.hmm|GH13_3:1253|GH0:92|GH13:34|GT4:1	217	3300012270.a:Ga0136604_1000287_12	639	4.5e-79	2	216	216	435	0.9861751152073732
GT4_e4039.hmm|GT4:8	148	3300012270.a:Ga0136604_1000287_4	433	1.7e-41	4	146	245	389	0.9594594594594594
GT4_e1850.hmm|GT4:44	147	3300012270.a:Ga0136604_1000304_14	385	1.9e-27	9	146	214	352	0.9319727891156463
GT4_e2566.hmm|GT4:386|GH3:1	167	3300012270.a:Ga0136604_1000496_6	381	6e-67	4	159	189	344	0.9281437125748503
GT2_e3754.hmm|GT2:147	277	3300012270.a:Ga0136604_1000530_13	364	3.6e-79	1	276	49	315	0.9927797833935018
GT4_e1555.hmm|GT4:59|GT2:1	150	3300012270.a:Ga0136604_1000659_6	696	1.7e-42	2	149	516	660	0.98
GT20_e1.hmm|GT20:8450|2.4.1.15:96	473	3300012270.a:Ga0136604_1001040_4	725	7e-184	10	470	3	461	0.9725158562367865
GT19_e2.hmm|GT19:889	349	3300012270.a:Ga0136604_1003559_6	371	7.1e-150	1	349	5	352	0.997134670487106
