47	STP	0	6	CGC1	3300024320.a:Ga0233398_1000076	40915	42801	3300024320.a:Ga0233398_1000076_48	-	DB=STP|TPR_2,STP|TPR_2;ID=3300024320.a:Ga0233398_1000076_48	DB=STP|TPR_2,STP|TPR_2;ID=3300024320.a:Ga0233398_1000076_48
48	CAZyme	2	0	CGC1	3300024320.a:Ga0233398_1000076	42811	43515	3300024320.a:Ga0233398_1000076_49	-	DB=GT26| GT26;ID=3300024320.a:Ga0233398_1000076_49	DB=GT26| GT26;ID=3300024320.a:Ga0233398_1000076_49
49	null	null	null	CGC1	3300024320.a:Ga0233398_1000076	43503	44219	3300024320.a:Ga0233398_1000076_50	-	;ID=3300024320.a:Ga0233398_1000076_50
50	null	null	null	CGC1	3300024320.a:Ga0233398_1000076	44247	45182	3300024320.a:Ga0233398_1000076_51	+	;ID=3300024320.a:Ga0233398_1000076_51
51	STP	0	2	CGC1	3300024320.a:Ga0233398_1000076	45319	45936	3300024320.a:Ga0233398_1000076_52	+	DB=STP|Nitroreductase;ID=3300024320.a:Ga0233398_1000076_52	DB=STP|Nitroreductase;ID=3300024320.a:Ga0233398_1000076_52
52	STP	1	0	CGC1	3300024320.a:Ga0233398_1000076	45933	46292	3300024320.a:Ga0233398_1000076_53	-	DB=STP|NTP_transf_2;ID=3300024320.a:Ga0233398_1000076_53	DB=STP|NTP_transf_2;ID=3300024320.a:Ga0233398_1000076_53
53	null	null	null	CGC1	3300024320.a:Ga0233398_1000076	46249	46629	3300024320.a:Ga0233398_1000076_54	-	;ID=3300024320.a:Ga0233398_1000076_54
54	STP	2	1	CGC1	3300024320.a:Ga0233398_1000076	46658	47701	3300024320.a:Ga0233398_1000076_55	+	DB=STP|Aminotran_1_2;ID=3300024320.a:Ga0233398_1000076_55	DB=STP|Aminotran_1_2;ID=3300024320.a:Ga0233398_1000076_55
55	null	null	null	CGC1	3300024320.a:Ga0233398_1000076	47694	48278	3300024320.a:Ga0233398_1000076_56	+	;ID=3300024320.a:Ga0233398_1000076_56
56	null	null	null	CGC1	3300024320.a:Ga0233398_1000076	48370	48990	3300024320.a:Ga0233398_1000076_57	+	;ID=3300024320.a:Ga0233398_1000076_57
57	STP	0	2	CGC1	3300024320.a:Ga0233398_1000076	48961	49881	3300024320.a:Ga0233398_1000076_58	-	DB=STP|PfkB;ID=3300024320.a:Ga0233398_1000076_58	DB=STP|PfkB;ID=3300024320.a:Ga0233398_1000076_58
58	STP	0	0	CGC1	3300024320.a:Ga0233398_1000076	50026	51507	3300024320.a:Ga0233398_1000076_59	+	DB=STP|CBS,STP|CBS;ID=3300024320.a:Ga0233398_1000076_59	DB=STP|CBS,STP|CBS;ID=3300024320.a:Ga0233398_1000076_59
59	TF	2	0	CGC1	3300024320.a:Ga0233398_1000076	51504	51734	3300024320.a:Ga0233398_1000076_60	-	DB=DBD-Pfam|Pencillinase_R;ID=3300024320.a:Ga0233398_1000076_60	DB=DBD-Pfam|Pencillinase_R;ID=3300024320.a:Ga0233398_1000076_60
60	null	null	null	CGC1	3300024320.a:Ga0233398_1000076	51775	52260	3300024320.a:Ga0233398_1000076_61	+	;ID=3300024320.a:Ga0233398_1000076_61
61	null	null	null	CGC1	3300024320.a:Ga0233398_1000076	52205	52630	3300024320.a:Ga0233398_1000076_62	-	;ID=3300024320.a:Ga0233398_1000076_62
62	TC	2	2	CGC1	3300024320.a:Ga0233398_1000076	52764	53678	3300024320.a:Ga0233398_1000076_63	-	DB=gnl|TC-DB|P10121|3.A.5.1.1;ID=3300024320.a:Ga0233398_1000076_63	DB=gnl|TC-DB|P10121|3.A.5.1.1;ID=3300024320.a:Ga0233398_1000076_63
63	null	null	null	CGC1	3300024320.a:Ga0233398_1000076	53678	54118	3300024320.a:Ga0233398_1000076_64	-	;ID=3300024320.a:Ga0233398_1000076_64
64	null	null	null	CGC1	3300024320.a:Ga0233398_1000076	54135	55541	3300024320.a:Ga0233398_1000076_65	-	;ID=3300024320.a:Ga0233398_1000076_65
65	TC	2	2	CGC1	3300024320.a:Ga0233398_1000076	55596	56324	3300024320.a:Ga0233398_1000076_66	+	DB=gnl|TC-DB|P0A9V1|1.B.42.1.2;ID=3300024320.a:Ga0233398_1000076_66	DB=gnl|TC-DB|P0A9V1|1.B.42.1.2;ID=3300024320.a:Ga0233398_1000076_66
66	null	null	null	CGC1	3300024320.a:Ga0233398_1000076	56327	57670	3300024320.a:Ga0233398_1000076_67	+	;ID=3300024320.a:Ga0233398_1000076_67
67	null	null	null	CGC1	3300024320.a:Ga0233398_1000076	58478	59047	3300024320.a:Ga0233398_1000076_68	-	;ID=3300024320.a:Ga0233398_1000076_68
68	TC	2	2	CGC1	3300024320.a:Ga0233398_1000076	59057	60349	3300024320.a:Ga0233398_1000076_69	-	DB=gnl|TC-DB|H3KBD2|2.A.9.3.7;ID=3300024320.a:Ga0233398_1000076_69	DB=gnl|TC-DB|H3KBD2|2.A.9.3.7;ID=3300024320.a:Ga0233398_1000076_69
69	null	null	null	CGC1	3300024320.a:Ga0233398_1000076	60346	60594	3300024320.a:Ga0233398_1000076_70	-	;ID=3300024320.a:Ga0233398_1000076_70
70	null	null	null	CGC1	3300024320.a:Ga0233398_1000076	60599	60832	3300024320.a:Ga0233398_1000076_71	-	;ID=3300024320.a:Ga0233398_1000076_71
71	TC	0	2	CGC1	3300024320.a:Ga0233398_1000076	61251	62012	3300024320.a:Ga0233398_1000076_72	+	DB=gnl|TC-DB|P21629|3.A.1.4.8;ID=3300024320.a:Ga0233398_1000076_72	DB=gnl|TC-DB|P21629|3.A.1.4.8;ID=3300024320.a:Ga0233398_1000076_72
72	TC	0	0	CGC1	3300024320.a:Ga0233398_1000076	62009	63943	3300024320.a:Ga0233398_1000076_73	+	DB=gnl|TC-DB|P69451|4.C.1.1.4;ID=3300024320.a:Ga0233398_1000076_73	DB=gnl|TC-DB|P69451|4.C.1.1.4;ID=3300024320.a:Ga0233398_1000076_73
73	TC	0	0	CGC1	3300024320.a:Ga0233398_1000076	63940	64833	3300024320.a:Ga0233398_1000076_74	+	DB=gnl|TC-DB|Q8VM85|3.A.1.4.3;ID=3300024320.a:Ga0233398_1000076_74	DB=gnl|TC-DB|Q8VM85|3.A.1.4.3;ID=3300024320.a:Ga0233398_1000076_74
74	TC	1	0	CGC1	3300024320.a:Ga0233398_1000076	64830	65897	3300024320.a:Ga0233398_1000076_75	+	DB=gnl|TC-DB|Q8VM84|3.A.1.4.3;ID=3300024320.a:Ga0233398_1000076_75	DB=gnl|TC-DB|Q8VM84|3.A.1.4.3;ID=3300024320.a:Ga0233398_1000076_75
75	null	null	null	CGC1	3300024320.a:Ga0233398_1000076	65937	67133	3300024320.a:Ga0233398_1000076_76	+	;ID=3300024320.a:Ga0233398_1000076_76
76	TC	0	1	CGC1	3300024320.a:Ga0233398_1000076	67178	68011	3300024320.a:Ga0233398_1000076_77	+	DB=gnl|TC-DB|Q8DQH7|3.A.1.4.10;ID=3300024320.a:Ga0233398_1000076_77	DB=gnl|TC-DB|Q8DQH7|3.A.1.4.10;ID=3300024320.a:Ga0233398_1000076_77
77	TC	0	0	CGC1	3300024320.a:Ga0233398_1000076	68078	68818	3300024320.a:Ga0233398_1000076_78	+	DB=gnl|TC-DB|P96117|3.A.1.15.8;ID=3300024320.a:Ga0233398_1000076_78	DB=gnl|TC-DB|P96117|3.A.1.15.8;ID=3300024320.a:Ga0233398_1000076_78
78	TC	0	0	CGC1	3300024320.a:Ga0233398_1000076	68811	69617	3300024320.a:Ga0233398_1000076_79	+	DB=gnl|TC-DB|Q9RNI8|3.A.1.15.6;ID=3300024320.a:Ga0233398_1000076_79	DB=gnl|TC-DB|Q9RNI8|3.A.1.15.6;ID=3300024320.a:Ga0233398_1000076_79
79	TF	1	0	CGC1	3300024320.a:Ga0233398_1000076	69642	70091	3300024320.a:Ga0233398_1000076_80	+	DB=DBD-Pfam|Rrf2,DBD-SUPERFAMILY|0045032;ID=3300024320.a:Ga0233398_1000076_80	DB=DBD-Pfam|Rrf2,DBD-SUPERFAMILY|0045032;ID=3300024320.a:Ga0233398_1000076_80
80	null	null	null	CGC1	3300024320.a:Ga0233398_1000076	70107	71231	3300024320.a:Ga0233398_1000076_81	+	;ID=3300024320.a:Ga0233398_1000076_81
81	STP	2	1	CGC1	3300024320.a:Ga0233398_1000076	71264	72547	3300024320.a:Ga0233398_1000076_82	+	DB=STP|EPSP_synthase;ID=3300024320.a:Ga0233398_1000076_82	DB=STP|EPSP_synthase;ID=3300024320.a:Ga0233398_1000076_82
82	null	null	null	CGC1	3300024320.a:Ga0233398_1000076	72532	73158	3300024320.a:Ga0233398_1000076_83	+	;ID=3300024320.a:Ga0233398_1000076_83
83	null	null	null	CGC1	3300024320.a:Ga0233398_1000076	73162	73935	3300024320.a:Ga0233398_1000076_84	+	;ID=3300024320.a:Ga0233398_1000076_84
84	STP	4	2	CGC1	3300024320.a:Ga0233398_1000076	73899	74309	3300024320.a:Ga0233398_1000076_85	+	DB=STP|NUDIX;ID=3300024320.a:Ga0233398_1000076_85	DB=STP|NUDIX;ID=3300024320.a:Ga0233398_1000076_85
+++++
28	TC	2	4	CGC1	3300024320.a:Ga0233398_1000052	25587	25976	3300024320.a:Ga0233398_1000052_29	+	DB=gnl|TC-DB|Q5SKZ7|3.D.1.3.1;ID=3300024320.a:Ga0233398_1000052_29	DB=gnl|TC-DB|Q5SKZ7|3.D.1.3.1;ID=3300024320.a:Ga0233398_1000052_29
29	null	null	null	CGC1	3300024320.a:Ga0233398_1000052	25979	27076	3300024320.a:Ga0233398_1000052_30	-	;ID=3300024320.a:Ga0233398_1000052_30
30	null	null	null	CGC1	3300024320.a:Ga0233398_1000052	27069	27467	3300024320.a:Ga0233398_1000052_31	-	;ID=3300024320.a:Ga0233398_1000052_31
31	STP	2	2	CGC1	3300024320.a:Ga0233398_1000052	27457	27774	3300024320.a:Ga0233398_1000052_32	-	DB=STP|NTP_transf_2;ID=3300024320.a:Ga0233398_1000052_32	DB=STP|NTP_transf_2;ID=3300024320.a:Ga0233398_1000052_32
32	null	null	null	CGC1	3300024320.a:Ga0233398_1000052	27779	28999	3300024320.a:Ga0233398_1000052_33	-	;ID=3300024320.a:Ga0233398_1000052_33
33	null	null	null	CGC1	3300024320.a:Ga0233398_1000052	28984	29376	3300024320.a:Ga0233398_1000052_34	-	;ID=3300024320.a:Ga0233398_1000052_34
34	TF	0	2	CGC1	3300024320.a:Ga0233398_1000052	29376	29636	3300024320.a:Ga0233398_1000052_35	-	DB=DBD-Pfam|PSK_trans_fac;ID=3300024320.a:Ga0233398_1000052_35	DB=DBD-Pfam|PSK_trans_fac;ID=3300024320.a:Ga0233398_1000052_35
35	STP	1	0	CGC1	3300024320.a:Ga0233398_1000052	29669	30925	3300024320.a:Ga0233398_1000052_36	-	DB=STP|Fer4;ID=3300024320.a:Ga0233398_1000052_36	DB=STP|Fer4;ID=3300024320.a:Ga0233398_1000052_36
36	null	null	null	CGC1	3300024320.a:Ga0233398_1000052	30930	31973	3300024320.a:Ga0233398_1000052_37	-	;ID=3300024320.a:Ga0233398_1000052_37
37	CAZyme	1	1	CGC1	3300024320.a:Ga0233398_1000052	31960	33342	3300024320.a:Ga0233398_1000052_38	-	DB=AA4;ID=3300024320.a:Ga0233398_1000052_38	DB=AA4;ID=3300024320.a:Ga0233398_1000052_38
38	null	null	null	CGC1	3300024320.a:Ga0233398_1000052	33404	34966	3300024320.a:Ga0233398_1000052_39	-	;ID=3300024320.a:Ga0233398_1000052_39
39	TF	0	1	CGC1	3300024320.a:Ga0233398_1000052	35065	35823	3300024320.a:Ga0233398_1000052_40	+	DB=DBD-Pfam|TrmB,DBD-SUPERFAMILY|0040266;ID=3300024320.a:Ga0233398_1000052_40	DB=DBD-Pfam|TrmB,DBD-SUPERFAMILY|0040266;ID=3300024320.a:Ga0233398_1000052_40
40	TF	3	0	CGC1	3300024320.a:Ga0233398_1000052	35866	36210	3300024320.a:Ga0233398_1000052_41	+	DB=DBD-Pfam|MerR,DBD-SUPERFAMILY|0042546;ID=3300024320.a:Ga0233398_1000052_41	DB=DBD-Pfam|MerR,DBD-SUPERFAMILY|0042546;ID=3300024320.a:Ga0233398_1000052_41
+++++
