3300011185.a:Ga0136597_1000002_108  0.164  68  0.308  25  0.847   1  0.762   0.485 Y  0.450      SignalP-TM
3300011185.a:Ga0136597_1000002_135  0.359  26  0.572  26  0.971  16  0.906   0.752 Y  0.450      SignalP-noTM
3300011185.a:Ga0136597_1000002_135  0.453  29  0.630  29  0.946  25  0.842   0.713 Y  0.450      SignalP-TM
3300011185.a:Ga0136597_1000002_149  0.162  29  0.367  29  0.965  16  0.877   0.566 Y  0.450      SignalP-TM
3300011185.a:Ga0136597_1000002_149  0.215  27  0.433  27  0.951  14  0.882   0.644 Y  0.570      SignalP-noTM
3300011185.a:Ga0136597_1000002_156  0.441  36  0.601  36  0.909  33  0.500   0.562 Y  0.450      SignalP-TM
3300011185.a:Ga0136597_1000002_158  0.257  32  0.454  32  0.981  17  0.880   0.654 Y  0.570      SignalP-noTM
3300011185.a:Ga0136597_1000002_158  0.273  33  0.441  32  0.975  16  0.860   0.605 Y  0.450      SignalP-TM
3300011185.a:Ga0136597_1000002_178  0.349  30  0.549  30  0.939  21  0.824   0.656 Y  0.450      SignalP-TM
3300011185.a:Ga0136597_1000002_186  0.191  32  0.289  14  0.785   4  0.710   0.453 Y  0.450      SignalP-TM
3300011185.a:Ga0136597_1000002_186  0.544  21  0.540  21  0.696  15  0.551   0.544 Y  0.500      SignalP-TM
3300011185.a:Ga0136597_1000002_195  0.276  24  0.426  24  0.824  14  0.644   0.511 Y  0.450      SignalP-TM
3300011185.a:Ga0136597_1000002_195  0.293  17  0.425  17  0.720  12  0.616   0.502 Y  0.500      SignalP-TM
3300011185.a:Ga0136597_1000002_201  0.252  29  0.453  29  0.912  21  0.773   0.626 Y  0.450      SignalP-noTM
3300011185.a:Ga0136597_1000002_201  0.287  35  0.466  35  0.925  25  0.605   0.520 Y  0.450      SignalP-TM
3300011185.a:Ga0136597_1000002_202  0.372  24  0.476  24  0.745  20  0.614   0.527 Y  0.510      SignalP-TM
3300011185.a:Ga0136597_1000002_202  0.509  24  0.569  24  0.823   5  0.683   0.613 Y  0.450      SignalP-TM
3300011185.a:Ga0136597_1000002_204  0.593  28  0.598  28  0.778  24  0.488   0.554 Y  0.500      SignalP-TM
3300011185.a:Ga0136597_1000002_3  0.317  24  0.388  24  0.712  10  0.556   0.454 Y  0.450      SignalP-TM
3300011185.a:Ga0136597_1000002_3  0.549  24  0.606  24  0.904   7  0.738   0.659 Y  0.500      SignalP-TM
3300011185.a:Ga0136597_1000002_41  0.578  26  0.491  26  0.789   5  0.548   0.514 Y  0.500      SignalP-TM
3300011185.a:Ga0136597_1000002_48  0.316  19  0.546  19  0.972  18  0.928   0.726 Y  0.570      SignalP-noTM
3300011185.a:Ga0136597_1000002_48  0.326  26  0.557  26  0.967  16  0.897   0.690 Y  0.450      SignalP-TM
3300011185.a:Ga0136597_1000002_48  0.650  19  0.783  19  0.972  14  0.947   0.872 Y  0.450      SignalP-noTM
3300011185.a:Ga0136597_1000002_71  0.244  67  0.282  12  0.889   8  0.829   0.495 Y  0.450      SignalP-TM
3300011185.a:Ga0136597_1000002_83  0.324  25  0.555  25  0.965  15  0.923   0.699 Y  0.450      SignalP-TM
3300011185.a:Ga0136597_1000002_83  0.333  25  0.559  25  0.981  15  0.933   0.761 Y  0.450      SignalP-noTM
3300011185.a:Ga0136597_1000002_83  0.435  27  0.633  27  0.992  15  0.947   0.780 Y  0.570      SignalP-noTM
3300011185.a:Ga0136597_1000002_88  0.764  27  0.834  27  0.966   1  0.917   0.879 Y  0.450      SignalP-noTM
3300011185.a:Ga0136597_1000006_104  0.215  40  0.324  30  0.779   2  0.718   0.478 Y  0.450      SignalP-TM
3300011185.a:Ga0136597_1000006_126  0.341  18  0.420  18  0.653   1  0.476   0.450 Y  0.450      SignalP-noTM
3300011185.a:Ga0136597_1000006_138  0.341  31  0.454  31  0.755  24  0.533   0.485 Y  0.450      SignalP-TM
3300011185.a:Ga0136597_1000006_24  0.380  41  0.503  41  0.794  23  0.551   0.522 Y  0.450      SignalP-TM
3300011185.a:Ga0136597_1000006_29  0.215  35  0.366  26  0.975  10  0.944   0.591 Y  0.450      SignalP-TM
3300011185.a:Ga0136597_1000006_29  0.304  22  0.538  22  0.977  20  0.952   0.733 Y  0.570      SignalP-noTM
3300011185.a:Ga0136597_1000006_29  0.446  26  0.567  26  0.888   6  0.730   0.655 Y  0.450      SignalP-noTM
3300011185.a:Ga0136597_1000006_3  0.136  31  0.300  23  0.855   1  0.754   0.477 Y  0.450      SignalP-TM
3300011185.a:Ga0136597_1000006_3  0.216  23  0.368  23  0.794   1  0.625   0.506 Y  0.450      SignalP-noTM
3300011185.a:Ga0136597_1000006_31  0.226  19  0.438  13  0.945   8  0.913   0.695 Y  0.450      SignalP-noTM
3300011185.a:Ga0136597_1000006_5  0.709  18  0.733  18  0.819  14  0.747   0.739 Y  0.500      SignalP-TM
3300011185.a:Ga0136597_1000006_6  0.182  24  0.408  24  0.933  18  0.906   0.642 Y  0.570      SignalP-noTM
3300011185.a:Ga0136597_1000006_6  0.313  31  0.485  31  0.886  21  0.746   0.587 Y  0.450      SignalP-TM
3300011185.a:Ga0136597_1000006_6  0.561  24  0.728  24  0.985  15  0.943   0.844 Y  0.450      SignalP-noTM
3300011185.a:Ga0136597_1000006_63  0.507  23  0.494  23  0.673   9  0.482   0.488 Y  0.450      SignalP-noTM
3300011185.a:Ga0136597_1000006_63  0.516  25  0.511  25  0.704  19  0.444   0.485 Y  0.450      SignalP-TM
3300011185.a:Ga0136597_1000006_77  0.196  37  0.347  37  0.795  26  0.641   0.462 Y  0.450      SignalP-TM
3300011185.a:Ga0136597_1000006_9  0.158  32  0.336  22  0.913  16  0.865   0.542 Y  0.450      SignalP-TM
3300011185.a:Ga0136597_1000006_9  0.164  24  0.353  24  0.908  12  0.766   0.576 Y  0.450      SignalP-noTM
3300011185.a:Ga0136597_1000006_9  0.173  22  0.386  22  0.930   1  0.858   0.608 Y  0.570      SignalP-noTM
3300011185.a:Ga0136597_1000006_92  0.219  34  0.395  27  0.959  17  0.911   0.638 Y  0.570      SignalP-noTM
3300011185.a:Ga0136597_1000006_92  0.389  34  0.580  34  0.967  25  0.887   0.700 Y  0.450      SignalP-TM
3300011185.a:Ga0136597_1000006_92  0.405  24  0.615  24  0.979  16  0.931   0.785 Y  0.450      SignalP-noTM
3300011185.a:Ga0136597_1000008_100  0.222  30  0.363  30  0.808   4  0.660   0.479 Y  0.450      SignalP-TM
3300011185.a:Ga0136597_1000008_100  0.645  20  0.784  20  0.992  15  0.961   0.880 Y  0.450      SignalP-noTM
3300011185.a:Ga0136597_1000008_121  0.423  35  0.482  23  0.857   1  0.672   0.556 Y  0.450      SignalP-TM
3300011185.a:Ga0136597_1000008_121  0.491  23  0.600  23  0.874   3  0.752   0.671 Y  0.570      SignalP-noTM
3300011185.a:Ga0136597_1000008_124  0.276  28  0.447  28  0.917  18  0.796   0.583 Y  0.450      SignalP-TM
3300011185.a:Ga0136597_1000008_124  0.354  25  0.525  25  0.938  18  0.815   0.661 Y  0.570      SignalP-noTM
3300011185.a:Ga0136597_1000008_124  0.377  22  0.583  20  0.945   5  0.914   0.762 Y  0.450      SignalP-noTM
3300011185.a:Ga0136597_1000008_127  0.221  36  0.285  20  0.803  15  0.720   0.455 Y  0.450      SignalP-TM
3300011185.a:Ga0136597_1000008_14  0.155  22  0.359  22  0.927  20  0.850   0.590 Y  0.570      SignalP-noTM
3300011185.a:Ga0136597_1000008_14  0.167  32  0.351  24  0.894  19  0.860   0.549 Y  0.450      SignalP-TM
3300011185.a:Ga0136597_1000008_14  0.245  24  0.455  24  0.925  15  0.845   0.665 Y  0.450      SignalP-noTM
3300011185.a:Ga0136597_1000008_20  0.400  31  0.605  22  0.989  15  0.974   0.749 Y  0.450      SignalP-TM
3300011185.a:Ga0136597_1000008_20  0.415  23  0.638  23  0.993  13  0.973   0.796 Y  0.570      SignalP-noTM
3300011185.a:Ga0136597_1000008_20  0.772  22  0.856  22  0.978  15  0.949   0.906 Y  0.450      SignalP-noTM
3300011185.a:Ga0136597_1000008_3  0.269  36  0.370  26  0.860  19  0.663   0.484 Y  0.450      SignalP-TM
3300011185.a:Ga0136597_1000008_3  0.351  25  0.483  25  0.835  12  0.649   0.549 Y  0.500      SignalP-TM
3300011185.a:Ga0136597_1000008_30  0.448  26  0.622  26  0.975   5  0.871   0.757 Y  0.450      SignalP-noTM
3300011185.a:Ga0136597_1000008_36  0.491  31  0.419  19  0.818  12  0.671   0.520 Y  0.500      SignalP-TM
3300011185.a:Ga0136597_1000008_5  0.236  47  0.445  28  0.988  13  0.947   0.640 Y  0.450      SignalP-TM
3300011185.a:Ga0136597_1000008_5  0.426  23  0.643  23  0.984  21  0.954   0.789 Y  0.570      SignalP-noTM
3300011185.a:Ga0136597_1000008_5  0.540  22  0.711  22  0.982  14  0.938   0.833 Y  0.450      SignalP-noTM
3300011185.a:Ga0136597_1000008_72  0.219  25  0.459  25  0.984  17  0.936   0.645 Y  0.450      SignalP-TM
3300011185.a:Ga0136597_1000008_72  0.314  25  0.543  25  0.981  15  0.951   0.735 Y  0.570      SignalP-noTM
3300011185.a:Ga0136597_1000008_72  0.491  22  0.681  22  0.981  13  0.946   0.824 Y  0.450      SignalP-noTM
3300011185.a:Ga0136597_1000008_8  0.252  24  0.493  24  0.993  14  0.965   0.748 Y  0.450      SignalP-noTM
3300011185.a:Ga0136597_1000008_87  0.179  22  0.359  22  0.880  10  0.757   0.514 Y  0.450      SignalP-TM
3300011185.a:Ga0136597_1000008_87  0.701  19  0.548  19  0.775   3  0.495   0.527 Y  0.500      SignalP-TM
3300011185.a:Ga0136597_1000008_88  0.168  32  0.307  15  0.879   1  0.763   0.485 Y  0.450      SignalP-TM
3300011185.a:Ga0136597_1000012_105  0.248  20  0.438  20  0.906  16  0.751   0.560 Y  0.450      SignalP-TM
3300011185.a:Ga0136597_1000012_105  0.346  20  0.521  20  0.906  13  0.790   0.647 Y  0.570      SignalP-noTM
3300011185.a:Ga0136597_1000012_105  0.387  20  0.554  20  0.892   1  0.777   0.674 Y  0.450      SignalP-noTM
3300011185.a:Ga0136597_1000012_21  0.262  29  0.463  29  0.988  15  0.845   0.669 Y  0.450      SignalP-noTM
3300011185.a:Ga0136597_1000012_31  0.287  41  0.401  26  0.768  23  0.563   0.464 Y  0.450      SignalP-TM
3300011185.a:Ga0136597_1000012_32  0.325  28  0.535  28  0.961  18  0.879   0.721 Y  0.450      SignalP-noTM
3300011185.a:Ga0136597_1000012_32  0.347  38  0.516  38  0.931  31  0.842   0.643 Y  0.450      SignalP-TM
3300011185.a:Ga0136597_1000012_32  0.381  33  0.491  33  0.734  22  0.613   0.536 Y  0.510      SignalP-TM
3300011185.a:Ga0136597_1000012_40  0.112  25  0.272  11  0.829   1  0.744   0.456 Y  0.450      SignalP-TM
3300011185.a:Ga0136597_1000012_40  0.229  22  0.393  22  0.816   2  0.671   0.543 Y  0.450      SignalP-noTM
3300011185.a:Ga0136597_1000012_41  0.177  21  0.331  21  0.755   5  0.617   0.485 Y  0.450      SignalP-noTM
3300011185.a:Ga0136597_1000012_41  0.180  44  0.281  21  0.829   6  0.753   0.465 Y  0.450      SignalP-TM
3300011185.a:Ga0136597_1000012_42  0.310  19  0.467  19  0.800   5  0.712   0.563 Y  0.450      SignalP-TM
3300011185.a:Ga0136597_1000012_42  0.368  17  0.593  17  0.971  11  0.959   0.790 Y  0.450      SignalP-noTM
3300011185.a:Ga0136597_1000012_42  0.438  19  0.570  19  0.853   1  0.769   0.644 Y  0.510      SignalP-TM
3300011185.a:Ga0136597_1000012_46  0.284  29  0.383  29  0.746   7  0.574   0.458 Y  0.450      SignalP-TM
3300011185.a:Ga0136597_1000012_68  0.570  29  0.573  29  0.664  23  0.549   0.564 Y  0.450      SignalP-TM
3300011185.a:Ga0136597_1000014_102  0.428  29  0.644  29  0.979  22  0.924   0.754 Y  0.450      SignalP-TM
3300011185.a:Ga0136597_1000014_102  0.443  29  0.647  29  0.987  18  0.944   0.787 Y  0.570      SignalP-noTM
3300011185.a:Ga0136597_1000014_102  0.633  29  0.772  29  0.987  18  0.932   0.858 Y  0.450      SignalP-noTM
3300011185.a:Ga0136597_1000014_3  0.850  21  0.738  21  0.741   6  0.632   0.696 Y  0.500      SignalP-TM
3300011185.a:Ga0136597_1000014_62  0.722  23  0.649  23  0.760  19  0.604   0.628 Y  0.570      SignalP-noTM
3300011185.a:Ga0136597_1000014_62  0.725  23  0.602  23  0.851  19  0.493   0.559 Y  0.450      SignalP-TM
3300011185.a:Ga0136597_1000014_78  0.203  32  0.379  32  0.865  18  0.717   0.511 Y  0.450      SignalP-TM
3300011185.a:Ga0136597_1000014_82  0.193  35  0.345  26  0.835  20  0.764   0.508 Y  0.450      SignalP-TM
3300011185.a:Ga0136597_1000017_107  0.628  52  0.702  52  0.878  40  0.447   0.602 Y  0.450      SignalP-TM
3300011185.a:Ga0136597_1000017_27  0.172  21  0.390  21  0.939  15  0.887   0.659 Y  0.450      SignalP-noTM
3300011185.a:Ga0136597_1000017_33  0.161  38  0.343  38  0.874  12  0.755   0.503 Y  0.450      SignalP-TM
3300011185.a:Ga0136597_1000017_45  0.368  23  0.487  23  0.820  11  0.643   0.571 Y  0.450      SignalP-noTM
3300011185.a:Ga0136597_1000017_71  0.316  30  0.541  30  0.976  28  0.873   0.671 Y  0.450      SignalP-TM
3300011185.a:Ga0136597_1000017_71  0.569  30  0.593  30  0.768  25  0.578   0.587 Y  0.500      SignalP-TM
3300011185.a:Ga0136597_1000017_72  0.482  24  0.687  24  0.990  12  0.975   0.823 Y  0.570      SignalP-noTM
3300011185.a:Ga0136597_1000017_72  0.529  24  0.710  24  0.991  15  0.951   0.840 Y  0.450      SignalP-noTM
3300011185.a:Ga0136597_1000017_72  0.534  30  0.695  30  0.982  15  0.938   0.790 Y  0.450      SignalP-TM
3300011185.a:Ga0136597_1000017_81  0.499  35  0.604  35  0.802  26  0.512   0.568 Y  0.450      SignalP-TM
3300011185.a:Ga0136597_1000017_84  0.608  24  0.773  24  0.992  16  0.950   0.842 Y  0.450      SignalP-TM
3300011185.a:Ga0136597_1000017_84  0.760  24  0.868  24  0.996  20  0.981   0.921 Y  0.570      SignalP-noTM
3300011185.a:Ga0136597_1000017_84  0.786  24  0.866  24  0.985  15  0.953   0.913 Y  0.450      SignalP-noTM
3300011185.a:Ga0136597_1000017_85  0.414  26  0.602  26  0.937   9  0.865   0.744 Y  0.450      SignalP-noTM
3300011185.a:Ga0136597_1000017_85  0.512  26  0.558  26  0.741  18  0.579   0.567 Y  0.450      SignalP-TM
3300011185.a:Ga0136597_1000017_85  0.630  26  0.574  26  0.652  13  0.518   0.553 Y  0.510      SignalP-TM
3300011185.a:Ga0136597_1000017_87  0.208  28  0.383  28  0.867   2  0.758   0.529 Y  0.450      SignalP-TM
3300011185.a:Ga0136597_1000017_87  0.386  24  0.602  24  0.963  19  0.934   0.758 Y  0.570      SignalP-noTM
3300011185.a:Ga0136597_1000017_87  0.590  28  0.738  22  0.977  15  0.944   0.849 Y  0.450      SignalP-noTM
3300011185.a:Ga0136597_1000017_88  0.293  37  0.393  37  0.871  26  0.604   0.475 Y  0.450      SignalP-TM
3300011185.a:Ga0136597_1000017_88  0.663  28  0.778  28  0.969  18  0.910   0.849 Y  0.450      SignalP-noTM
3300011185.a:Ga0136597_1000017_95  0.263  25  0.416  25  0.790  12  0.658   0.513 Y  0.500      SignalP-TM
3300011185.a:Ga0136597_1000023_15  0.191  37  0.283  11  0.867   1  0.801   0.485 Y  0.450      SignalP-TM
3300011185.a:Ga0136597_1000023_16  0.292  25  0.434  25  0.814  23  0.657   0.521 Y  0.450      SignalP-TM
3300011185.a:Ga0136597_1000023_20  0.671  22  0.617  22  0.701  17  0.477   0.562 Y  0.450      SignalP-TM
3300011185.a:Ga0136597_1000023_24  0.376  28  0.600  28  0.993  18  0.957   0.768 Y  0.570      SignalP-noTM
3300011185.a:Ga0136597_1000023_24  0.378  28  0.583  28  0.973  17  0.902   0.756 Y  0.450      SignalP-noTM
3300011185.a:Ga0136597_1000023_24  0.441  28  0.653  28  0.990  17  0.952   0.770 Y  0.450      SignalP-TM
3300011185.a:Ga0136597_1000023_33  0.325  25  0.554  25  0.955  23  0.905   0.691 Y  0.450      SignalP-TM
3300011185.a:Ga0136597_1000023_33  0.582  25  0.749  25  0.983  13  0.959   0.848 Y  0.570      SignalP-noTM
3300011185.a:Ga0136597_1000023_33  0.628  25  0.763  25  0.975   7  0.926   0.851 Y  0.450      SignalP-noTM
3300011185.a:Ga0136597_1000023_35  0.360  40  0.528  40  0.878  31  0.375   0.468 Y  0.450      SignalP-TM
3300011185.a:Ga0136597_1000023_51  0.365  39  0.503  39  0.928  24  0.755   0.601 Y  0.450      SignalP-TM
3300011185.a:Ga0136597_1000023_51  0.443  39  0.544  39  0.964  25  0.731   0.632 Y  0.570      SignalP-noTM
3300011185.a:Ga0136597_1000023_91  0.166  18  0.326  18  0.717   2  0.619   0.484 Y  0.450      SignalP-noTM
3300011185.a:Ga0136597_1000024_14  0.169  23  0.336  23  0.860   1  0.667   0.515 Y  0.450      SignalP-noTM
3300011185.a:Ga0136597_1000024_15  0.216  31  0.353  21  0.807   3  0.641   0.509 Y  0.450      SignalP-noTM
3300011185.a:Ga0136597_1000024_15  0.608  31  0.540  31  0.919   1  0.652   0.584 Y  0.450      SignalP-TM
3300011185.a:Ga0136597_1000024_18  0.230  22  0.394  22  0.762  17  0.581   0.467 Y  0.450      SignalP-TM
3300011185.a:Ga0136597_1000024_31  0.183  59  0.273  13  0.822   2  0.736   0.454 Y  0.450      SignalP-TM
3300011185.a:Ga0136597_1000024_35  0.591  25  0.728  25  0.946  14  0.895   0.819 Y  0.450      SignalP-noTM
3300011185.a:Ga0136597_1000024_35  0.683  24  0.652  24  0.875  21  0.553   0.614 Y  0.450      SignalP-TM
3300011185.a:Ga0136597_1000024_6  0.593  29  0.588  29  0.773   5  0.636   0.607 Y  0.500      SignalP-TM
3300011185.a:Ga0136597_1000024_60  0.172  30  0.276  22  0.760   3  0.614   0.458 Y  0.450      SignalP-noTM
3300011185.a:Ga0136597_1000024_60  0.191  61  0.303  21  0.887   2  0.816   0.503 Y  0.450      SignalP-TM
3300011185.a:Ga0136597_1000024_62  0.365  28  0.516  28  0.827  23  0.574   0.537 Y  0.510      SignalP-TM
3300011185.a:Ga0136597_1000024_62  0.367  34  0.507  34  0.935  22  0.761   0.606 Y  0.450      SignalP-TM
3300011185.a:Ga0136597_1000024_62  0.546  34  0.654  34  0.988  18  0.830   0.749 Y  0.450      SignalP-noTM
3300011185.a:Ga0136597_1000024_67  0.459  44  0.625  44  0.921  35  0.779   0.685 Y  0.450      SignalP-TM
3300011185.a:Ga0136597_1000024_9  0.638  24  0.722  24  0.914  18  0.815   0.772 Y  0.450      SignalP-noTM
3300011185.a:Ga0136597_1000025_17  0.467  24  0.661  24  0.967  18  0.869   0.742 Y  0.450      SignalP-TM
3300011185.a:Ga0136597_1000025_17  0.595  24  0.750  24  0.978  18  0.933   0.836 Y  0.570      SignalP-noTM
3300011185.a:Ga0136597_1000025_17  0.616  24  0.758  24  0.979  14  0.933   0.852 Y  0.450      SignalP-noTM
3300011185.a:Ga0136597_1000025_35  0.354  38  0.514  38  0.904  31  0.659   0.570 Y  0.450      SignalP-TM
3300011185.a:Ga0136597_1000025_36  0.465  22  0.650  22  0.967  15  0.908   0.790 Y  0.450      SignalP-noTM
3300011185.a:Ga0136597_1000025_36  0.522  27  0.643  27  0.953  18  0.856   0.743 Y  0.570      SignalP-noTM
3300011185.a:Ga0136597_1000025_36  0.615  27  0.703  27  0.904  21  0.772   0.730 Y  0.450      SignalP-TM
3300011185.a:Ga0136597_1000025_5  0.215  48  0.308  23  0.883   1  0.744   0.478 Y  0.450      SignalP-TM
3300011185.a:Ga0136597_1000025_63  0.313  23  0.508  23  0.878  17  0.810   0.626 Y  0.450      SignalP-TM
3300011185.a:Ga0136597_1000025_63  0.525  19  0.710  19  0.993  15  0.969   0.850 Y  0.450      SignalP-noTM
3300011185.a:Ga0136597_1000025_63  0.653  23  0.616  23  0.674  17  0.540   0.588 Y  0.510      SignalP-TM
3300011185.a:Ga0136597_1000025_64  0.236  36  0.451  22  0.944  15  0.884   0.620 Y  0.450      SignalP-TM
3300011185.a:Ga0136597_1000025_64  0.396  22  0.610  22  0.969  15  0.925   0.758 Y  0.570      SignalP-noTM
3300011185.a:Ga0136597_1000025_64  0.730  25  0.789  25  0.960  15  0.854   0.824 Y  0.450      SignalP-noTM
3300011185.a:Ga0136597_1000025_68  0.253  29  0.348  29  0.899  16  0.612   0.451 Y  0.450      SignalP-TM
3300011185.a:Ga0136597_1000025_76  0.179  22  0.406  22  0.965  16  0.924   0.649 Y  0.570      SignalP-noTM
3300011185.a:Ga0136597_1000025_76  0.325  35  0.518  29  0.968  16  0.887   0.662 Y  0.450      SignalP-TM
3300011185.a:Ga0136597_1000025_76  0.580  22  0.726  22  0.963  12  0.907   0.824 Y  0.450      SignalP-noTM
3300011185.a:Ga0136597_1000025_80  0.330  37  0.519  37  0.904  29  0.701   0.590 Y  0.450      SignalP-TM
3300011185.a:Ga0136597_1000025_80  0.521  37  0.569  37  0.848  28  0.521   0.550 Y  0.500      SignalP-TM
3300011185.a:Ga0136597_1000030_25  0.274  36  0.493  36  0.960  32  0.604   0.536 Y  0.450      SignalP-TM
3300011185.a:Ga0136597_1000030_25  0.443  36  0.585  36  0.855  30  0.473   0.543 Y  0.510      SignalP-TM
3300011185.a:Ga0136597_1000030_26  0.456  36  0.634  36  0.940  28  0.647   0.639 Y  0.450      SignalP-TM
3300011185.a:Ga0136597_1000030_32  0.143  28  0.294  22  0.925   7  0.791   0.488 Y  0.450      SignalP-TM
3300011185.a:Ga0136597_1000030_33  0.284  35  0.490  21  0.967  16  0.939   0.701 Y  0.570      SignalP-noTM
3300011185.a:Ga0136597_1000030_33  0.337  35  0.413  35  0.926  18  0.742   0.541 Y  0.450      SignalP-TM
3300011185.a:Ga0136597_1000030_33  0.817  21  0.876  21  0.980   5  0.942   0.912 Y  0.450      SignalP-noTM
3300011185.a:Ga0136597_1000030_49  0.455  27  0.547  27  0.787  15  0.657   0.599 Y  0.570      SignalP-noTM
3300011185.a:Ga0136597_1000030_49  0.530  27  0.551  27  0.813  23  0.461   0.516 Y  0.450      SignalP-TM
3300011185.a:Ga0136597_1000030_64  0.466  21  0.666  21  0.989  16  0.958   0.823 Y  0.450      SignalP-noTM
3300011185.a:Ga0136597_1000030_64  0.580  30  0.699  30  0.960  22  0.733   0.712 Y  0.450      SignalP-TM
3300011185.a:Ga0136597_1000030_64  0.692  27  0.748  27  0.897  22  0.643   0.709 Y  0.510      SignalP-TM
3300011185.a:Ga0136597_1000030_81  0.502  31  0.535  31  0.712  24  0.511   0.526 Y  0.500      SignalP-TM
3300011185.a:Ga0136597_1000033_1  0.421  31  0.510  26  0.803  19  0.649   0.564 Y  0.450      SignalP-TM
3300011185.a:Ga0136597_1000033_1  0.433  26  0.552  26  0.872  14  0.749   0.644 Y  0.570      SignalP-noTM
3300011185.a:Ga0136597_1000033_1  0.477  26  0.614  26  0.981  12  0.811   0.721 Y  0.450      SignalP-noTM
3300011185.a:Ga0136597_1000033_17  0.161  25  0.324  25  0.883   2  0.733   0.484 Y  0.450      SignalP-TM
3300011185.a:Ga0136597_1000033_17  0.278  24  0.402  24  0.823   1  0.591   0.504 Y  0.450      SignalP-noTM
3300011185.a:Ga0136597_1000033_35  0.547  30  0.704  30  0.979  21  0.934   0.812 Y  0.570      SignalP-noTM
3300011185.a:Ga0136597_1000033_35  0.556  30  0.693  30  0.934  19  0.875   0.764 Y  0.450      SignalP-TM
3300011185.a:Ga0136597_1000033_35  0.707  29  0.810  29  0.985  17  0.926   0.873 Y  0.450      SignalP-noTM
3300011185.a:Ga0136597_1000033_43  0.211  39  0.408  39  0.878  34  0.608   0.486 Y  0.450      SignalP-TM
3300011185.a:Ga0136597_1000035_2  0.204  48  0.362  35  0.821  29  0.697   0.493 Y  0.450      SignalP-TM
3300011185.a:Ga0136597_1000035_2  0.564  26  0.564  26  0.768   8  0.622   0.587 Y  0.500      SignalP-TM
3300011185.a:Ga0136597_1000035_49  0.254  28  0.363  28  0.732  14  0.534   0.455 Y  0.450      SignalP-noTM
3300011185.a:Ga0136597_1000035_49  0.771  36  0.698  36  0.834  24  0.579   0.652 Y  0.450      SignalP-TM
3300011185.a:Ga0136597_1000035_68  0.289  29  0.502  29  0.937  16  0.878   0.649 Y  0.450      SignalP-TM
3300011185.a:Ga0136597_1000035_68  0.347  30  0.458  30  0.696  18  0.575   0.505 Y  0.500      SignalP-TM
3300011185.a:Ga0136597_1000035_68  0.425  29  0.537  29  0.792  25  0.576   0.551 Y  0.510      SignalP-TM
3300011185.a:Ga0136597_1000038_12  0.306  29  0.485  29  0.871  19  0.748   0.588 Y  0.450      SignalP-TM
3300011185.a:Ga0136597_1000038_12  0.724  21  0.820  21  0.963   5  0.929   0.879 Y  0.450      SignalP-noTM
3300011185.a:Ga0136597_1000038_21  0.466  28  0.652  28  0.949  11  0.901   0.749 Y  0.450      SignalP-TM
3300011185.a:Ga0136597_1000038_21  0.651  26  0.679  26  0.842   8  0.734   0.701 Y  0.500      SignalP-TM
3300011185.a:Ga0136597_1000038_21  0.792  28  0.875  28  0.986  15  0.958   0.914 Y  0.570      SignalP-noTM
3300011185.a:Ga0136597_1000038_29  0.179  21  0.401  21  0.937   9  0.907   0.599 Y  0.450      SignalP-TM
3300011185.a:Ga0136597_1000038_29  0.301  25  0.457  25  0.907   4  0.707   0.592 Y  0.450      SignalP-noTM
3300011185.a:Ga0136597_1000038_29  0.771  21  0.847  21  0.965   8  0.934   0.888 Y  0.570      SignalP-noTM
3300011185.a:Ga0136597_1000038_44  0.145  36  0.318  33  0.928   7  0.848   0.525 Y  0.450      SignalP-TM
3300011185.a:Ga0136597_1000039_27  0.545  29  0.471  29  0.680  12  0.494   0.480 Y  0.450      SignalP-TM
3300011185.a:Ga0136597_1000039_43  0.195  24  0.432  24  0.981  18  0.963   0.682 Y  0.570      SignalP-noTM
3300011185.a:Ga0136597_1000039_43  0.237  33  0.424  33  0.981  17  0.878   0.601 Y  0.450      SignalP-TM
3300011185.a:Ga0136597_1000039_43  0.361  23  0.583  23  0.975   4  0.943   0.777 Y  0.450      SignalP-noTM
3300011185.a:Ga0136597_1000039_59  0.699  38  0.748  38  0.913  32  0.452   0.632 Y  0.450      SignalP-TM
3300011185.a:Ga0136597_1000039_62  0.335  31  0.494  31  0.983  17  0.858   0.636 Y  0.450      SignalP-TM
3300011185.a:Ga0136597_1000039_62  0.551  22  0.728  22  0.982  19  0.960   0.837 Y  0.570      SignalP-noTM
3300011185.a:Ga0136597_1000039_62  0.764  20  0.853  20  0.976   4  0.949   0.905 Y  0.450      SignalP-noTM
3300011185.a:Ga0136597_1000047_23  0.363  23  0.556  23  0.916  22  0.797   0.650 Y  0.450      SignalP-TM
3300011185.a:Ga0136597_1000047_23  0.771  29  0.823  29  0.971  21  0.915   0.866 Y  0.570      SignalP-noTM
3300011185.a:Ga0136597_1000047_23  0.899  23  0.926  23  0.984  17  0.953   0.941 Y  0.450      SignalP-noTM
3300011185.a:Ga0136597_1000047_30  0.268  14  0.469  14  0.866   7  0.815   0.656 Y  0.450      SignalP-noTM
3300011185.a:Ga0136597_1000047_37  0.147  39  0.314  31  0.847  28  0.702   0.466 Y  0.450      SignalP-TM
3300011185.a:Ga0136597_1000047_68  0.426  30  0.469  30  0.782   3  0.584   0.514 Y  0.450      SignalP-TM
3300011185.a:Ga0136597_1000048_50  0.229  29  0.367  29  0.831  16  0.653   0.479 Y  0.450      SignalP-TM
3300011185.a:Ga0136597_1000048_63  0.415  33  0.472  33  0.770  20  0.482   0.476 Y  0.450      SignalP-TM
3300011185.a:Ga0136597_1000048_67  0.598  19  0.647  19  0.799   6  0.685   0.668 Y  0.450      SignalP-noTM
3300011185.a:Ga0136597_1000050_19  0.256  34  0.386  34  0.854  15  0.686   0.503 Y  0.450      SignalP-TM
3300011185.a:Ga0136597_1000050_36  0.212  19  0.421  19  0.890  14  0.852   0.654 Y  0.450      SignalP-noTM
3300011185.a:Ga0136597_1000050_41  0.148  34  0.302  14  0.944  16  0.909   0.539 Y  0.450      SignalP-TM
3300011185.a:Ga0136597_1000050_53  0.364  28  0.584  26  0.992  11  0.971   0.766 Y  0.570      SignalP-noTM
3300011185.a:Ga0136597_1000050_53  0.448  26  0.662  26  0.990  12  0.972   0.783 Y  0.450      SignalP-TM
3300011185.a:Ga0136597_1000050_53  0.593  19  0.755  19  0.985  16  0.970   0.871 Y  0.450      SignalP-noTM
3300011185.a:Ga0136597_1000050_6  0.170  31  0.327  22  0.842   3  0.687   0.522 Y  0.450      SignalP-noTM
3300011185.a:Ga0136597_1000050_6  0.316  31  0.480  31  0.897   1  0.771   0.594 Y  0.450      SignalP-TM
3300011185.a:Ga0136597_1000054_16  0.682  17  0.808  17  0.983  12  0.966   0.893 Y  0.450      SignalP-noTM
3300011185.a:Ga0136597_1000054_32  0.252  30  0.452  29  0.948  16  0.844   0.605 Y  0.450      SignalP-TM
3300011185.a:Ga0136597_1000054_32  0.306  25  0.535  25  0.986  15  0.932   0.749 Y  0.450      SignalP-noTM
3300011185.a:Ga0136597_1000054_32  0.491  23  0.688  23  0.982  10  0.958   0.815 Y  0.570      SignalP-noTM
3300011185.a:Ga0136597_1000054_5  0.394  27  0.585  27  0.968  15  0.871   0.740 Y  0.450      SignalP-noTM
3300011185.a:Ga0136597_1000054_5  0.643  28  0.724  28  0.965  19  0.892   0.803 Y  0.570      SignalP-noTM
3300011185.a:Ga0136597_1000054_5  0.664  28  0.712  28  0.962  12  0.837   0.761 Y  0.450      SignalP-TM
3300011185.a:Ga0136597_1000054_55  0.426  26  0.453  26  0.722   5  0.487   0.471 Y  0.450      SignalP-noTM
3300011185.a:Ga0136597_1000054_55  0.445  26  0.512  26  0.832   2  0.674   0.575 Y  0.450      SignalP-TM
3300011185.a:Ga0136597_1000054_55  0.593  26  0.629  26  0.867   8  0.740   0.681 Y  0.570      SignalP-noTM
3300011185.a:Ga0136597_1000055_4  0.135  20  0.336  20  0.921  19  0.851   0.578 Y  0.570      SignalP-noTM
3300011185.a:Ga0136597_1000055_4  0.160  31  0.353  23  0.959  10  0.893   0.563 Y  0.450      SignalP-TM
3300011185.a:Ga0136597_1000055_4  0.200  21  0.393  21  0.855  13  0.774   0.599 Y  0.450      SignalP-noTM
3300011185.a:Ga0136597_1000055_48  0.198  36  0.383  36  0.812  33  0.622   0.476 Y  0.450      SignalP-TM
3300011185.a:Ga0136597_1000059_10  0.178  49  0.282  18  0.843   4  0.769   0.472 Y  0.450      SignalP-TM
3300011185.a:Ga0136597_1000059_13  0.388  34  0.547  34  0.906  25  0.730   0.633 Y  0.570      SignalP-noTM
3300011185.a:Ga0136597_1000059_13  0.598  34  0.734  34  0.959  24  0.841   0.776 Y  0.450      SignalP-TM
3300011185.a:Ga0136597_1000059_14  0.506  50  0.506  50  0.879  29  0.406   0.467 Y  0.450      SignalP-TM
3300011185.a:Ga0136597_1000059_15  0.497  23  0.622  23  0.855  19  0.778   0.706 Y  0.450      SignalP-noTM
3300011185.a:Ga0136597_1000059_21  0.510  31  0.569  31  0.812   8  0.655   0.603 Y  0.450      SignalP-TM
3300011185.a:Ga0136597_1000059_45  0.319  26  0.546  26  0.976  16  0.936   0.698 Y  0.450      SignalP-TM
3300011185.a:Ga0136597_1000059_45  0.329  18  0.563  18  0.969   8  0.957   0.748 Y  0.570      SignalP-noTM
3300011185.a:Ga0136597_1000059_45  0.513  18  0.696  18  0.972   4  0.946   0.831 Y  0.450      SignalP-noTM
3300011185.a:Ga0136597_1000059_47  0.233  22  0.450  22  0.951  21  0.817   0.593 Y  0.450      SignalP-TM
3300011185.a:Ga0136597_1000059_47  0.539  22  0.721  22  0.983  20  0.936   0.822 Y  0.570      SignalP-noTM
3300011185.a:Ga0136597_1000059_47  0.699  22  0.818  22  0.985  17  0.959   0.894 Y  0.450      SignalP-noTM
3300011185.a:Ga0136597_1000060_4  0.394  25  0.552  25  0.979  11  0.789   0.680 Y  0.450      SignalP-noTM
3300011185.a:Ga0136597_1000060_40  0.209  21  0.437  21  0.937  15  0.914   0.661 Y  0.570      SignalP-noTM
3300011185.a:Ga0136597_1000060_40  0.238  29  0.431  29  0.926  10  0.841   0.591 Y  0.450      SignalP-TM
3300011185.a:Ga0136597_1000060_40  0.732  27  0.803  27  0.985  15  0.890   0.850 Y  0.450      SignalP-noTM
3300011185.a:Ga0136597_1000060_42  0.267  29  0.427  23  0.907   1  0.779   0.564 Y  0.450      SignalP-TM
3300011185.a:Ga0136597_1000060_49  0.190  33  0.306  24  0.824  17  0.682   0.453 Y  0.450      SignalP-TM
3300011185.a:Ga0136597_1000060_51  0.794  21  0.644  21  0.790  20  0.547   0.605 Y  0.500      SignalP-TM
3300011185.a:Ga0136597_1000060_54  0.270  29  0.386  29  0.754  14  0.570   0.486 Y  0.450      SignalP-noTM
3300011185.a:Ga0136597_1000061_11  0.276  24  0.510  24  0.967  13  0.939   0.677 Y  0.450      SignalP-TM
3300011185.a:Ga0136597_1000061_11  0.505  24  0.694  24  0.986  12  0.957   0.817 Y  0.570      SignalP-noTM
3300011185.a:Ga0136597_1000061_11  0.619  23  0.766  23  0.975   5  0.948   0.864 Y  0.450      SignalP-noTM
3300011185.a:Ga0136597_1000061_17  0.333  32  0.428  32  0.903  13  0.698   0.534 Y  0.450      SignalP-TM
3300011185.a:Ga0136597_1000061_3  0.201  38  0.357  30  0.845  21  0.735   0.505 Y  0.450      SignalP-TM
3300011185.a:Ga0136597_1000061_38  0.271  28  0.410  24  0.843   5  0.707   0.570 Y  0.450      SignalP-noTM
3300011185.a:Ga0136597_1000061_45  0.384  28  0.606  20  0.991  11  0.972   0.778 Y  0.570      SignalP-noTM
3300011185.a:Ga0136597_1000061_45  0.432  21  0.648  21  0.994  13  0.974   0.824 Y  0.450      SignalP-noTM
3300011185.a:Ga0136597_1000061_45  0.489  30  0.637  30  0.957  16  0.868   0.727 Y  0.450      SignalP-TM
3300011185.a:Ga0136597_1000061_47  0.320  32  0.512  32  0.986  24  0.876   0.683 Y  0.570      SignalP-noTM
3300011185.a:Ga0136597_1000061_47  0.335  32  0.518  32  0.943  16  0.821   0.682 Y  0.450      SignalP-noTM
3300011185.a:Ga0136597_1000061_47  0.501  32  0.673  32  0.975  24  0.823   0.732 Y  0.450      SignalP-TM
3300011185.a:Ga0136597_1000061_51  0.204  20  0.384  20  0.830  17  0.677   0.501 Y  0.500      SignalP-TM
3300011185.a:Ga0136597_1000061_51  0.365  22  0.504  22  0.785  19  0.634   0.552 Y  0.510      SignalP-TM
3300011185.a:Ga0136597_1000067_27  0.190  27  0.389  14  0.987  11  0.960   0.657 Y  0.570      SignalP-noTM
3300011185.a:Ga0136597_1000067_27  0.351  16  0.587  16  0.996  12  0.987   0.803 Y  0.450      SignalP-noTM
3300011185.a:Ga0136597_1000067_27  0.438  34  0.506  34  0.904  19  0.736   0.596 Y  0.450      SignalP-TM
3300011185.a:Ga0136597_1000067_28  0.234  21  0.429  21  0.851   2  0.805   0.606 Y  0.570      SignalP-noTM
3300011185.a:Ga0136597_1000067_28  0.247  19  0.474  19  0.947  12  0.907   0.708 Y  0.450      SignalP-noTM
3300011185.a:Ga0136597_1000067_28  0.506  28  0.570  28  0.834  18  0.676   0.611 Y  0.450      SignalP-TM
3300011185.a:Ga0136597_1000067_29  0.236  45  0.378  29  0.809  20  0.634   0.478 Y  0.450      SignalP-TM
3300011185.a:Ga0136597_1000067_52  0.515  43  0.597  43  0.794  32  0.397   0.519 Y  0.450      SignalP-TM
3300011185.a:Ga0136597_1000071_17  0.275  32  0.494  32  0.948  26  0.775   0.604 Y  0.450      SignalP-TM
3300011185.a:Ga0136597_1000071_17  0.295  33  0.511  33  0.993  18  0.902   0.722 Y  0.450      SignalP-noTM
3300011185.a:Ga0136597_1000071_34  0.281  23  0.515  23  0.977  14  0.945   0.748 Y  0.450      SignalP-noTM
3300011185.a:Ga0136597_1000071_34  0.364  23  0.593  23  0.987  12  0.963   0.767 Y  0.570      SignalP-noTM
3300011185.a:Ga0136597_1000071_34  0.381  23  0.596  23  0.950  19  0.909   0.718 Y  0.450      SignalP-TM
3300011185.a:Ga0136597_1000071_42  0.249  37  0.462  37  0.988  22  0.907   0.636 Y  0.450      SignalP-TM
3300011185.a:Ga0136597_1000071_42  0.478  28  0.656  28  0.957  18  0.889   0.782 Y  0.450      SignalP-noTM
3300011185.a:Ga0136597_1000071_42  0.499  32  0.664  32  0.988  24  0.911   0.780 Y  0.570      SignalP-noTM
3300011185.a:Ga0136597_1000071_49  0.565  34  0.551  34  0.784  23  0.486   0.526 Y  0.450      SignalP-TM
3300011185.a:Ga0136597_1000071_5  0.573  43  0.592  43  0.723  30  0.506   0.559 Y  0.450      SignalP-TM
3300011185.a:Ga0136597_1000071_50  0.724  32  0.623  32  0.615  21  0.414   0.541 Y  0.450      SignalP-TM
3300011185.a:Ga0136597_1000071_52  0.645  32  0.610  32  0.833  17  0.640   0.622 Y  0.450      SignalP-TM
3300011185.a:Ga0136597_1000071_6  0.275  70  0.350  20  0.785   8  0.676   0.477 Y  0.450      SignalP-TM
3300011185.a:Ga0136597_1000072_11  0.169  54  0.330  32  0.800  20  0.651   0.455 Y  0.450      SignalP-TM
3300011185.a:Ga0136597_1000072_21  0.176  32  0.335  26  0.807   4  0.644   0.502 Y  0.450      SignalP-noTM
3300011185.a:Ga0136597_1000072_44  0.264  27  0.481  27  0.969  15  0.910   0.683 Y  0.570      SignalP-noTM
3300011185.a:Ga0136597_1000072_44  0.378  34  0.490  34  0.840  22  0.727   0.582 Y  0.450      SignalP-TM
3300011185.a:Ga0136597_1000072_44  0.451  27  0.641  27  0.985  16  0.912   0.788 Y  0.450      SignalP-noTM
3300011185.a:Ga0136597_1000072_59  0.285  26  0.434  26  0.898   7  0.726   0.548 Y  0.450      SignalP-TM
3300011185.a:Ga0136597_1000072_59  0.517  26  0.488  26  0.653  10  0.475   0.481 Y  0.450      SignalP-noTM
3300011185.a:Ga0136597_1000072_6  0.348  28  0.566  28  0.964  20  0.885   0.690 Y  0.450      SignalP-TM
3300011185.a:Ga0136597_1000072_6  0.376  28  0.552  28  0.972  17  0.874   0.703 Y  0.570      SignalP-noTM
3300011185.a:Ga0136597_1000072_6  0.701  28  0.780  28  0.982  15  0.884   0.836 Y  0.450      SignalP-noTM
3300011185.a:Ga0136597_1000075_15  0.490  39  0.456  39  0.709   4  0.484   0.466 Y  0.450      SignalP-TM
3300011185.a:Ga0136597_1000075_15  0.502  20  0.652  20  0.950   3  0.839   0.753 Y  0.450      SignalP-noTM
3300011185.a:Ga0136597_1000075_39  0.406  26  0.467  26  0.784  20  0.564   0.506 Y  0.500      SignalP-TM
3300011185.a:Ga0136597_1000075_53  0.237  19  0.438  19  0.861   3  0.801   0.634 Y  0.450      SignalP-noTM
3300011185.a:Ga0136597_1000075_53  0.311  19  0.485  19  0.800  14  0.728   0.575 Y  0.510      SignalP-TM
3300011185.a:Ga0136597_1000075_58  0.327  34  0.390  34  0.731  14  0.583   0.465 Y  0.450      SignalP-TM
3300011185.a:Ga0136597_1000084_24  0.420  34  0.555  34  0.810  27  0.548   0.553 Y  0.450      SignalP-TM
3300011185.a:Ga0136597_1000084_25  0.440  25  0.491  25  0.745  20  0.393   0.453 Y  0.450      SignalP-TM
3300011185.a:Ga0136597_1000084_30  0.277  36  0.486  36  0.901  25  0.797   0.608 Y  0.450      SignalP-TM
3300011185.a:Ga0136597_1000084_30  0.482  36  0.544  36  0.766  32  0.462   0.514 Y  0.510      SignalP-TM
3300011185.a:Ga0136597_1000084_48  0.147  56  0.313  30  0.913   5  0.801   0.503 Y  0.450      SignalP-TM
3300011185.a:Ga0136597_1000084_48  0.185  30  0.354  22  0.862  17  0.793   0.591 Y  0.450      SignalP-noTM
3300011185.a:Ga0136597_1000084_48  0.258  56  0.448  22  0.939  21  0.905   0.663 Y  0.570      SignalP-noTM
3300011185.a:Ga0136597_1000084_49  0.412  25  0.478  25  0.740   7  0.589   0.521 Y  0.450      SignalP-TM
3300011185.a:Ga0136597_1000090_10  0.197  22  0.350  22  0.744  14  0.625   0.498 Y  0.450      SignalP-noTM
3300011185.a:Ga0136597_1000090_25  0.184  25  0.392  20  0.906  16  0.854   0.609 Y  0.570      SignalP-noTM
3300011185.a:Ga0136597_1000090_25  0.298  27  0.459  27  0.874   9  0.758   0.576 Y  0.450      SignalP-TM
3300011185.a:Ga0136597_1000090_25  0.655  20  0.766  20  0.936  13  0.896   0.836 Y  0.450      SignalP-noTM
3300011185.a:Ga0136597_1000090_26  0.379  23  0.549  23  0.891  18  0.799   0.647 Y  0.450      SignalP-TM
3300011185.a:Ga0136597_1000090_26  0.718  23  0.765  23  0.911  16  0.808   0.785 Y  0.570      SignalP-noTM
3300011185.a:Ga0136597_1000090_26  0.809  23  0.860  23  0.969   4  0.915   0.890 Y  0.450      SignalP-noTM
3300011185.a:Ga0136597_1000090_42  0.195  43  0.327  23  0.920  15  0.729   0.484 Y  0.450      SignalP-TM
3300011185.a:Ga0136597_1000092_11  0.376  29  0.525  29  0.852  23  0.614   0.558 Y  0.510      SignalP-TM
3300011185.a:Ga0136597_1000092_11  0.513  27  0.593  27  0.801  25  0.624   0.606 Y  0.500      SignalP-TM
3300011185.a:Ga0136597_1000092_11  0.565  29  0.690  29  0.919  25  0.703   0.695 Y  0.450      SignalP-TM
3300011185.a:Ga0136597_1000092_14  0.339  24  0.491  24  0.796  18  0.724   0.582 Y  0.450      SignalP-TM
3300011185.a:Ga0136597_1000092_14  0.549  24  0.530  24  0.640  15  0.481   0.512 Y  0.510      SignalP-TM
3300011185.a:Ga0136597_1000092_14  0.703  24  0.697  24  0.828  18  0.696   0.697 Y  0.500      SignalP-TM
3300011185.a:Ga0136597_1000092_32  0.434  29  0.621  29  0.965  12  0.902   0.731 Y  0.450      SignalP-TM
3300011185.a:Ga0136597_1000092_32  0.551  28  0.690  28  0.984  13  0.914   0.795 Y  0.570      SignalP-noTM
3300011185.a:Ga0136597_1000092_32  0.611  29  0.719  29  0.986  16  0.865   0.798 Y  0.450      SignalP-noTM
3300011185.a:Ga0136597_1000092_42  0.275  28  0.422  28  0.741  20  0.517   0.459 Y  0.450      SignalP-TM
3300011185.a:Ga0136597_1000092_56  0.838  28  0.833  28  0.969  15  0.846   0.840 Y  0.450      SignalP-noTM
3300011185.a:Ga0136597_1000092_6  0.256  19  0.389  19  0.734  12  0.585   0.495 Y  0.450      SignalP-noTM
3300011185.a:Ga0136597_1000095_10  0.374  26  0.589  26  0.963  14  0.923   0.719 Y  0.450      SignalP-TM
3300011185.a:Ga0136597_1000095_10  0.703  26  0.813  26  0.983  17  0.935   0.879 Y  0.450      SignalP-noTM
3300011185.a:Ga0136597_1000095_10  0.732  26  0.845  26  0.995  17  0.964   0.901 Y  0.570      SignalP-noTM
3300011185.a:Ga0136597_1000095_17  0.536  35  0.571  35  0.732  24  0.502   0.544 Y  0.450      SignalP-TM
3300011185.a:Ga0136597_1000095_18  0.233  27  0.402  27  0.844  24  0.745   0.536 Y  0.450      SignalP-TM
3300011185.a:Ga0136597_1000095_18  0.286  26  0.477  26  0.888   6  0.819   0.638 Y  0.570      SignalP-noTM
3300011185.a:Ga0136597_1000095_18  0.340  26  0.457  26  0.773  14  0.618   0.544 Y  0.450      SignalP-noTM
3300011185.a:Ga0136597_1000095_24  0.189  33  0.345  24  0.827  15  0.711   0.488 Y  0.450      SignalP-TM
3300011185.a:Ga0136597_1000095_24  0.204  33  0.401  24  0.896  18  0.833   0.604 Y  0.570      SignalP-noTM
3300011185.a:Ga0136597_1000095_34  0.235  29  0.401  29  0.819  22  0.598   0.478 Y  0.450      SignalP-TM
3300011185.a:Ga0136597_1000095_34  0.521  23  0.692  23  0.971  12  0.919   0.815 Y  0.450      SignalP-noTM
3300011185.a:Ga0136597_1000099_22  0.199  30  0.335  30  0.775   5  0.640   0.454 Y  0.450      SignalP-TM
3300011185.a:Ga0136597_1000099_40  0.281  30  0.415  30  0.783  21  0.557   0.470 Y  0.450      SignalP-TM
3300011185.a:Ga0136597_1000099_40  0.479  23  0.675  23  0.973  17  0.936   0.798 Y  0.570      SignalP-noTM
3300011185.a:Ga0136597_1000099_40  0.597  23  0.723  23  0.958  17  0.874   0.805 Y  0.450      SignalP-noTM
3300011185.a:Ga0136597_1000099_43  0.146  28  0.318  28  0.826  16  0.648   0.496 Y  0.450      SignalP-noTM
3300011185.a:Ga0136597_1000099_44  0.315  22  0.540  22  0.961  18  0.918   0.718 Y  0.570      SignalP-noTM
3300011185.a:Ga0136597_1000099_44  0.320  35  0.505  23  0.936  19  0.849   0.639 Y  0.450      SignalP-TM
3300011185.a:Ga0136597_1000099_44  0.809  23  0.858  23  0.964  14  0.911   0.887 Y  0.450      SignalP-noTM
3300011185.a:Ga0136597_1000099_5  0.421  23  0.562  23  0.816  13  0.725   0.626 Y  0.450      SignalP-TM
3300011185.a:Ga0136597_1000099_5  0.449  16  0.631  16  0.945   9  0.884   0.767 Y  0.450      SignalP-noTM
3300011185.a:Ga0136597_1000099_6  0.358  37  0.469  37  0.793  30  0.677   0.550 Y  0.450      SignalP-TM
3300011185.a:Ga0136597_1000099_6  0.476  24  0.617  24  0.891   5  0.813   0.695 Y  0.500      SignalP-TM
3300011185.a:Ga0136597_1000104_24  0.147  21  0.311  21  0.783   3  0.656   0.497 Y  0.450      SignalP-noTM
3300011185.a:Ga0136597_1000104_24  0.151  31  0.347  26  0.938   2  0.878   0.554 Y  0.450      SignalP-TM
3300011185.a:Ga0136597_1000104_24  0.177  21  0.372  21  0.888   4  0.819   0.582 Y  0.570      SignalP-noTM
3300011185.a:Ga0136597_1000104_31  0.155  21  0.319  17  0.724   1  0.644   0.494 Y  0.450      SignalP-noTM
3300011185.a:Ga0136597_1000104_37  0.378  36  0.492  36  0.792  21  0.626   0.545 Y  0.450      SignalP-TM
3300011185.a:Ga0136597_1000104_4  0.445  20  0.592  20  0.880  17  0.751   0.654 Y  0.450      SignalP-TM
3300011185.a:Ga0136597_1000104_4  0.665  20  0.630  20  0.739  15  0.577   0.610 Y  0.510      SignalP-TM
3300011185.a:Ga0136597_1000104_4  0.752  20  0.762  20  0.902  15  0.761   0.762 Y  0.500      SignalP-TM
3300011185.a:Ga0136597_1000104_42  0.250  32  0.428  20  0.850  17  0.729   0.545 Y  0.450      SignalP-TM
3300011185.a:Ga0136597_1000104_42  0.475  20  0.528  20  0.693   3  0.594   0.555 Y  0.500      SignalP-TM
3300011185.a:Ga0136597_1000105_24  0.146  30  0.299  11  0.945   3  0.886   0.575 Y  0.570      SignalP-noTM
3300011185.a:Ga0136597_1000105_24  0.452  30  0.520  30  0.955  14  0.787   0.624 Y  0.450      SignalP-TM
3300011185.a:Ga0136597_1000105_36  0.217  24  0.369  24  0.837   1  0.638   0.515 Y  0.450      SignalP-noTM
3300011185.a:Ga0136597_1000105_50  0.476  23  0.570  23  0.833  16  0.692   0.619 Y  0.500      SignalP-TM
3300011185.a:Ga0136597_1000105_50  0.487  23  0.585  23  0.805  12  0.684   0.621 Y  0.510      SignalP-TM
3300011185.a:Ga0136597_1000107_31  0.771  22  0.708  22  0.739   3  0.652   0.686 Y  0.500      SignalP-TM
3300011185.a:Ga0136597_1000109_1  0.556  21  0.581  21  0.742   1  0.625   0.599 Y  0.500      SignalP-TM
3300011185.a:Ga0136597_1000109_11  0.252  25  0.479  25  0.968   9  0.930   0.691 Y  0.570      SignalP-noTM
3300011185.a:Ga0136597_1000109_11  0.413  27  0.606  27  0.949  20  0.862   0.706 Y  0.450      SignalP-TM
3300011185.a:Ga0136597_1000109_11  0.655  17  0.800  17  0.987  13  0.977   0.896 Y  0.450      SignalP-noTM
3300011185.a:Ga0136597_1000109_30  0.402  20  0.555  20  0.842  12  0.766   0.669 Y  0.450      SignalP-noTM
3300011185.a:Ga0136597_1000119_18  0.158  35  0.323  35  0.832  16  0.687   0.465 Y  0.450      SignalP-TM
3300011185.a:Ga0136597_1000119_18  0.387  34  0.572  34  0.927  26  0.784   0.686 Y  0.450      SignalP-noTM
3300011185.a:Ga0136597_1000119_18  0.388  33  0.586  33  0.941  26  0.813   0.693 Y  0.570      SignalP-noTM
3300011185.a:Ga0136597_1000119_19  0.282  29  0.464  29  0.857  26  0.720   0.564 Y  0.450      SignalP-TM
3300011185.a:Ga0136597_1000119_19  0.585  29  0.673  29  0.931  27  0.692   0.682 Y  0.570      SignalP-noTM
3300011185.a:Ga0136597_1000119_33  0.539  27  0.602  27  0.840  34  0.617   0.608 Y  0.450      SignalP-TM
3300011185.a:Ga0136597_1000129_37  0.222  27  0.372  27  0.843   4  0.649   0.522 Y  0.450      SignalP-noTM
3300011185.a:Ga0136597_1000129_37  0.245  27  0.423  27  0.928   1  0.807   0.603 Y  0.570      SignalP-noTM
3300011185.a:Ga0136597_1000129_37  0.406  51  0.359  24  0.934  15  0.870   0.558 Y  0.450      SignalP-TM
3300011185.a:Ga0136597_1000129_38  0.136  63  0.271  16  0.826   5  0.732   0.451 Y  0.450      SignalP-TM
3300011185.a:Ga0136597_1000141_33  0.382  46  0.480  46  0.858  32  0.525   0.497 Y  0.450      SignalP-TM
3300011185.a:Ga0136597_1000144_17  0.650  27  0.642  27  0.778  20  0.621   0.634 Y  0.500      SignalP-TM
3300011185.a:Ga0136597_1000144_19  0.287  21  0.398  21  0.639  19  0.535   0.452 Y  0.450      SignalP-TM
3300011185.a:Ga0136597_1000144_29  0.191  22  0.393  22  0.862  17  0.749   0.525 Y  0.510      SignalP-TM
3300011185.a:Ga0136597_1000144_29  0.224  31  0.427  26  0.922  12  0.839   0.588 Y  0.450      SignalP-TM
3300011185.a:Ga0136597_1000144_29  0.271  22  0.477  22  0.897  13  0.831   0.619 Y  0.500      SignalP-TM
3300011185.a:Ga0136597_1000148_17  0.191  30  0.356  30  0.807   8  0.699   0.490 Y  0.450      SignalP-TM
3300011185.a:Ga0136597_1000148_21  0.149  23  0.305  23  0.778  16  0.625   0.478 Y  0.450      SignalP-noTM
3300011185.a:Ga0136597_1000148_21  0.150  27  0.322  23  0.848  10  0.789   0.504 Y  0.450      SignalP-TM
3300011185.a:Ga0136597_1000148_21  0.184  21  0.376  21  0.870   7  0.794   0.572 Y  0.570      SignalP-noTM
3300011185.a:Ga0136597_1000148_26  0.363  22  0.598  22  0.992  17  0.975   0.745 Y  0.450      SignalP-TM
3300011185.a:Ga0136597_1000148_26  0.791  22  0.868  22  0.977  15  0.953   0.914 Y  0.450      SignalP-noTM
3300011185.a:Ga0136597_1000148_26  0.863  22  0.925  22  0.996  17  0.980   0.950 Y  0.570      SignalP-noTM
3300011185.a:Ga0136597_1000148_39  0.142  29  0.331  21  0.915   6  0.872   0.542 Y  0.450      SignalP-TM
3300011185.a:Ga0136597_1000148_39  0.224  22  0.366  22  0.695   4  0.597   0.490 Y  0.450      SignalP-noTM
3300011185.a:Ga0136597_1000148_39  0.263  24  0.454  24  0.923  12  0.841   0.636 Y  0.570      SignalP-noTM
3300011185.a:Ga0136597_1000162_14  0.700  22  0.613  22  0.736   6  0.563   0.593 Y  0.450      SignalP-TM
3300011185.a:Ga0136597_1000182_2  0.306  21  0.548  21  0.991  10  0.975   0.749 Y  0.570      SignalP-noTM
3300011185.a:Ga0136597_1000182_2  0.406  28  0.591  28  0.973  13  0.902   0.712 Y  0.450      SignalP-TM
3300011185.a:Ga0136597_1000182_2  0.591  25  0.728  25  0.970  14  0.899   0.820 Y  0.450      SignalP-noTM
3300011185.a:Ga0136597_1000182_4  0.246  62  0.390  23  0.780  22  0.682   0.504 Y  0.450      SignalP-TM
3300011185.a:Ga0136597_1000183_14  0.137  23  0.290  19  0.766   9  0.613   0.464 Y  0.450      SignalP-noTM
3300011185.a:Ga0136597_1000183_14  0.274  19  0.464  19  0.919   9  0.811   0.627 Y  0.570      SignalP-noTM
3300011185.a:Ga0136597_1000183_14  0.289  56  0.417  19  0.896  18  0.807   0.569 Y  0.450      SignalP-TM
3300011185.a:Ga0136597_1000183_22  0.471  29  0.500  29  0.855  10  0.681   0.571 Y  0.450      SignalP-TM
3300011185.a:Ga0136597_1000190_9  0.411  29  0.604  25  0.974  15  0.919   0.774 Y  0.450      SignalP-noTM
3300011185.a:Ga0136597_1000190_9  0.413  31  0.614  31  0.979  18  0.937   0.740 Y  0.450      SignalP-TM
3300011185.a:Ga0136597_1000190_9  0.520  21  0.707  21  0.974  19  0.954   0.823 Y  0.570      SignalP-noTM
3300011185.a:Ga0136597_1000197_24  0.383  30  0.453  30  0.768   9  0.577   0.502 Y  0.500      SignalP-TM
3300011185.a:Ga0136597_1000204_14  0.492  20  0.501  20  0.690   1  0.539   0.516 Y  0.500      SignalP-TM
3300011185.a:Ga0136597_1000234_19  0.560  31  0.530  31  0.699  24  0.453   0.500 Y  0.450      SignalP-TM
3300011185.a:Ga0136597_1000341_11  0.304  34  0.437  34  0.799  27  0.554   0.500 Y  0.450      SignalP-noTM
3300011185.a:Ga0136597_1000341_11  0.310  34  0.507  34  0.930  27  0.693   0.595 Y  0.570      SignalP-noTM
3300011185.a:Ga0136597_1000341_11  0.368  34  0.561  34  0.911  24  0.750   0.635 Y  0.450      SignalP-TM
3300011185.a:Ga0136597_1000341_16  0.257  20  0.394  20  0.760  19  0.608   0.510 Y  0.450      SignalP-noTM
3300011185.a:Ga0136597_1000341_16  0.295  32  0.424  29  0.822  22  0.561   0.478 Y  0.450      SignalP-TM
3300011185.a:Ga0136597_1000341_18  0.159  25  0.356  25  0.913   5  0.831   0.541 Y  0.450      SignalP-TM
3300011185.a:Ga0136597_1000341_18  0.541  18  0.721  18  0.974  11  0.958   0.832 Y  0.570      SignalP-noTM
3300011185.a:Ga0136597_1000341_18  0.579  20  0.745  20  0.985  14  0.959   0.861 Y  0.450      SignalP-noTM
3300011185.a:Ga0136597_1000341_19  0.210  26  0.421  26  0.977  18  0.902   0.647 Y  0.570      SignalP-noTM
3300011185.a:Ga0136597_1000341_19  0.231  26  0.457  26  0.966  16  0.918   0.637 Y  0.450      SignalP-TM
3300011185.a:Ga0136597_1000341_19  0.666  21  0.798  21  0.981  14  0.957   0.884 Y  0.450      SignalP-noTM
3300011185.a:Ga0136597_1000341_5  0.256  29  0.439  29  0.950  18  0.845   0.598 Y  0.450      SignalP-TM
3300011185.a:Ga0136597_1000341_5  0.488  29  0.544  29  0.895   3  0.660   0.607 Y  0.450      SignalP-noTM
3300011185.a:Ga0136597_1000341_5  0.653  21  0.764  21  0.949   6  0.911   0.833 Y  0.570      SignalP-noTM
3300011185.a:Ga0136597_1000404_18  0.482  21  0.667  21  0.970  15  0.927   0.808 Y  0.450      SignalP-noTM
3300011185.a:Ga0136597_1000404_18  0.508  27  0.631  27  0.881  20  0.706   0.660 Y  0.450      SignalP-TM
3300011185.a:Ga0136597_1000565_12  0.309  22  0.543  22  0.987  15  0.955   0.765 Y  0.450      SignalP-noTM
3300011185.a:Ga0136597_1000565_12  0.311  25  0.546  25  0.974  21  0.941   0.700 Y  0.450      SignalP-TM
3300011185.a:Ga0136597_1000565_12  0.644  25  0.787  25  0.988  13  0.964   0.870 Y  0.570      SignalP-noTM
3300011185.a:Ga0136597_1000565_7  0.261  37  0.397  37  0.909  26  0.678   0.507 Y  0.450      SignalP-TM
3300011185.a:Ga0136597_1000565_9  0.293  27  0.384  27  0.634  21  0.513   0.454 Y  0.450      SignalP-noTM
3300011185.a:Ga0136597_1000565_9  0.482  27  0.593  27  0.858  11  0.744   0.652 Y  0.450      SignalP-TM
3300011185.a:Ga0136597_1000565_9  0.624  27  0.695  27  0.922  20  0.749   0.721 Y  0.570      SignalP-noTM
3300011185.a:Ga0136597_1000699_11  0.343  17  0.445  17  0.696   2  0.563   0.509 Y  0.450      SignalP-noTM
3300011185.a:Ga0136597_1000699_4  0.247  23  0.474  23  0.945  17  0.856   0.623 Y  0.450      SignalP-TM
3300011185.a:Ga0136597_1000699_4  0.286  23  0.513  23  0.963   5  0.930   0.709 Y  0.570      SignalP-noTM
3300011185.a:Ga0136597_1000699_4  0.585  22  0.738  22  0.970  11  0.932   0.843 Y  0.450      SignalP-noTM
3300011185.a:Ga0136597_1000775_8  0.210  24  0.426  24  0.919   9  0.861   0.596 Y  0.450      SignalP-TM
3300011185.a:Ga0136597_1000775_8  0.399  24  0.606  24  0.977  15  0.918   0.774 Y  0.450      SignalP-noTM
3300011185.a:Ga0136597_1000775_8  0.489  24  0.662  24  0.969  14  0.923   0.785 Y  0.570      SignalP-noTM
3300011185.a:Ga0136597_1000775_9  0.352  37  0.449  37  0.927  21  0.664   0.533 Y  0.450      SignalP-TM
3300011185.a:Ga0136597_1000775_9  0.674  23  0.786  23  0.972  17  0.916   0.856 Y  0.450      SignalP-noTM
3300011185.a:Ga0136597_1000850_9  0.155  33  0.336  27  0.878  22  0.793   0.514 Y  0.450      SignalP-TM
3300011185.a:Ga0136597_1000850_9  0.182  24  0.406  24  0.948  19  0.897   0.637 Y  0.570      SignalP-noTM
3300011185.a:Ga0136597_1000850_9  0.612  25  0.753  25  0.980  16  0.922   0.844 Y  0.450      SignalP-noTM
3300011185.a:Ga0136597_1000933_9  0.437  24  0.639  24  0.957  22  0.912   0.745 Y  0.450      SignalP-TM
3300011185.a:Ga0136597_1000933_9  0.867  24  0.900  24  0.966   5  0.932   0.917 Y  0.450      SignalP-noTM
3300011185.a:Ga0136597_1000955_10  0.509  28  0.631  28  0.969   5  0.813   0.729 Y  0.450      SignalP-noTM
3300011185.a:Ga0136597_1000955_10  0.558  28  0.654  28  0.979  16  0.865   0.736 Y  0.450      SignalP-TM
3300011185.a:Ga0136597_1000955_10  0.651  23  0.792  23  0.981  12  0.960   0.871 Y  0.570      SignalP-noTM
3300011185.a:Ga0136597_1001655_2  0.369  21  0.438  21  0.692   1  0.502   0.473 Y  0.450      SignalP-noTM
3300011185.a:Ga0136597_1001655_8  0.140  19  0.338  19  0.921   6  0.841   0.534 Y  0.450      SignalP-TM
3300011185.a:Ga0136597_1001655_8  0.283  22  0.498  22  0.937   2  0.892   0.683 Y  0.570      SignalP-noTM
3300011185.a:Ga0136597_1001655_8  0.324  22  0.513  22  0.901  18  0.809   0.673 Y  0.450      SignalP-noTM
3300011185.a:Ga0136597_1002038_4  0.265  28  0.500  28  0.968  17  0.866   0.643 Y  0.450      SignalP-TM
3300011185.a:Ga0136597_1002038_4  0.610  28  0.739  28  0.977  18  0.893   0.822 Y  0.450      SignalP-noTM
3300011185.a:Ga0136597_1002038_4  0.827  28  0.885  28  0.974  15  0.929   0.906 Y  0.570      SignalP-noTM
3300011185.a:Ga0136597_1002468_6  0.270  45  0.479  45  0.949  37  0.682   0.558 Y  0.450      SignalP-TM
