3300029682.a:Ga0242767_104120_1	gnl|TC-DB|P17412|3.D.10.1.3	49.8	253	121	4	3	253	407	655	9.1e-67	250.0
3300029682.a:Ga0242767_104120_2	gnl|TC-DB|P17596|3.D.10.1.3	56.0	234	101	2	27	259	3	235	8.2e-85	310.1
3300029682.a:Ga0242767_103257_3	gnl|TC-DB|P44018|2.A.61.1.3	47.9	280	135	3	152	421	1	279	1.5e-58	223.4
3300029682.a:Ga0242767_102001_14	gnl|TC-DB|Q5LCC7|2.A.81.1.2	43.2	220	119	4	28	245	13	228	4.4e-42	167.9
3300029682.a:Ga0242767_101752_1	gnl|TC-DB|P24183|5.A.3.2.1	36.4	1029	579	22	18	1024	39	1014	1.1e-177	620.5
3300029682.a:Ga0242767_101752_2	gnl|TC-DB|P0A1I1|5.A.3.5.1	35.8	173	76	4	52	223	13	151	9.8e-23	104.0
3300029682.a:Ga0242767_101752_7	gnl|TC-DB|P31466|2.A.40.7.6	40.0	427	255	1	4	429	14	440	2.8e-84	308.9
3300029682.a:Ga0242767_101752_11	gnl|TC-DB|S5Y5N9|2.A.80.1.4	33.9	478	312	3	2	475	1	478	3.0e-74	275.8
3300029682.a:Ga0242767_101563_4	gnl|TC-DB|P0AFN6|3.A.1.105.17	27.8	241	174	0	22	262	15	255	2.2e-23	105.9
3300029682.a:Ga0242767_101563_5	gnl|TC-DB|P36879|3.A.1.105.17	39.7	302	175	3	8	305	4	302	1.1e-63	240.0
3300029682.a:Ga0242767_101563_7	gnl|TC-DB|A3ZKG8|1.B.14.1.13	25.4	743	406	27	15	689	6	668	8.4e-30	128.6
3300029682.a:Ga0242767_101563_10	gnl|TC-DB|Q8G6E9|3.A.1.31.1	39.5	466	270	5	7	461	34	498	3.0e-92	335.5
3300029682.a:Ga0242767_101563_16	gnl|TC-DB|B8F897|3.A.1.3.28	51.7	89	38	1	1	84	21	109	2.7e-15	77.4
3300029682.a:Ga0242767_101563_17	gnl|TC-DB|B8F897|3.A.1.3.28	45.9	98	53	0	2	99	112	209	7.5e-20	92.8
3300029682.a:Ga0242767_101563_18	gnl|TC-DB|O34900|3.A.1.3.13	51.9	243	117	0	7	249	1	243	9.5e-70	260.0
3300029682.a:Ga0242767_101369_4	gnl|TC-DB|B8F896|3.A.1.3.28	25.2	254	181	3	35	286	6	252	9.4e-20	94.0
3300029682.a:Ga0242767_101369_6	gnl|TC-DB|Q6RH51|2.A.98.1.1	44.7	340	183	3	1	338	1	337	3.8e-68	255.0
3300029682.a:Ga0242767_101369_10	gnl|TC-DB|O00571|1.I.1.1.3	44.0	334	168	6	18	332	195	528	1.7e-65	246.5
3300029682.a:Ga0242767_101341_4	gnl|TC-DB|B2A7R4|9.B.156.1.2	48.9	141	72	0	18	158	16	156	2.4e-33	138.3
3300029682.a:Ga0242767_101341_5	gnl|TC-DB|D2YRH2|9.A.5.4.1	45.4	227	100	3	22	228	10	232	4.5e-41	164.5
3300029682.a:Ga0242767_101341_6	gnl|TC-DB|Q7WZL2|1.B.1.4.3	33.5	197	107	6	1	181	1	189	9.9e-14	74.3
3300029682.a:Ga0242767_101341_9	gnl|TC-DB|P77307|3.A.1.139.2	31.3	262	171	2	6	267	3	255	3.4e-27	118.6
3300029682.a:Ga0242767_101341_12	gnl|TC-DB|O54370|3.A.1.20.1	46.9	318	160	5	1	316	1	311	4.7e-77	284.6
3300029682.a:Ga0242767_101341_13	gnl|TC-DB|Q9KLQ6|3.A.1.20.2	37.4	524	312	8	22	533	157	676	1.8e-80	296.6
3300029682.a:Ga0242767_101341_14	gnl|TC-DB|A3N294|3.A.1.20.3	33.1	323	208	4	13	327	20	342	5.3e-43	171.4
3300029682.a:Ga0242767_101341_17	gnl|TC-DB|P45428|2.A.61.1.2	45.8	238	127	2	1	237	1	237	1.6e-50	196.1
3300029682.a:Ga0242767_101341_18	gnl|TC-DB|P0ABP3|2.A.61.1.1	31.4	185	125	2	19	202	267	450	1.6e-18	89.4
3300029682.a:Ga0242767_101149_12	gnl|TC-DB|P0A6Y8|1.A.33.1.2	68.9	636	194	4	1	634	1	634	6.7e-244	839.7
3300029682.a:Ga0242767_101149_14	gnl|TC-DB|C5IZH0|2.A.6.2.47	31.1	347	224	6	19	350	24	370	7.3e-33	137.9
3300029682.a:Ga0242767_101149_15	gnl|TC-DB|Q8RTE4|2.A.6.2.22	44.1	1022	565	6	1	1017	1	1021	1.8e-243	839.0
3300029682.a:Ga0242767_101079_16	gnl|TC-DB|P35839|1.A.16.2.1	35.9	256	127	4	32	272	34	267	2.2e-34	142.5
3300029682.a:Ga0242767_100618_14	gnl|TC-DB|O51236|3.A.1.7.5	57.1	247	106	0	10	256	14	260	5.7e-77	283.9
3300029682.a:Ga0242767_100618_15	gnl|TC-DB|O51233|3.A.1.7.5	30.9	275	172	5	6	268	7	275	1.2e-32	136.7
3300029682.a:Ga0242767_100618_16	gnl|TC-DB|P0AGH8|3.A.1.7.1	31.1	289	175	5	7	275	16	300	5.1e-29	124.8
3300029682.a:Ga0242767_100618_17	gnl|TC-DB|O51235|3.A.1.7.5	35.6	239	141	6	48	284	246	473	2.8e-19	92.4
3300029682.a:Ga0242767_100618_20	gnl|TC-DB|X5H3P0|3.D.10.1.6	28.4	490	246	21	128	584	10	427	1.9e-27	120.6
3300029682.a:Ga0242767_100618_23	gnl|TC-DB|Q58AJ6|3.A.3.6.4	51.8	760	359	6	141	895	41	798	1.3e-200	696.4
3300029682.a:Ga0242767_100618_32	gnl|TC-DB|A0M015|1.A.62.2.1	32.8	195	127	2	10	204	7	197	6.2e-27	117.5
3300029682.a:Ga0242767_100618_39	gnl|TC-DB|G2JTB4|3.A.11.1.4	32.4	136	85	3	7	138	7	139	1.9e-18	88.6
3300029682.a:Ga0242767_100618_44	gnl|TC-DB|O59010|2.A.23.1.5	39.2	380	216	3	36	401	41	419	1.5e-63	240.0
3300029682.a:Ga0242767_100618_45	gnl|TC-DB|Q3B199|1.A.43.1.6	39.0	118	65	2	4	115	10	126	3.2e-14	74.3
3300029682.a:Ga0242767_101136_8	gnl|TC-DB|E7A740|9.B.27.3.2	43.9	139	67	3	4	131	14	152	4.3e-23	104.0
3300029682.a:Ga0242767_101136_14	gnl|TC-DB|C5C6P3|2.A.1.24.5	25.1	430	287	9	14	421	15	431	3.3e-21	99.4
3300029682.a:Ga0242767_101136_21	gnl|TC-DB|Q93N33|2.A.21.9.2	28.1	231	152	5	622	844	788	1012	2.4e-15	80.9
3300029682.a:Ga0242767_100555_13	gnl|TC-DB|Q58AJ7|9.B.105.1.1	44.4	160	88	1	1	160	186	344	4.6e-27	117.5
3300029682.a:Ga0242767_100555_30	gnl|TC-DB|D0J060|2.A.80.1.3	39.6	331	188	3	5	327	3	329	2.8e-60	228.8
3300029682.a:Ga0242767_100555_31	gnl|TC-DB|S6CBZ0|2.A.80.1.2	40.4	161	85	4	2	154	3	160	4.9e-23	104.0
3300029682.a:Ga0242767_100555_32	gnl|TC-DB|D0J0R9|2.A.80.1.3	66.2	503	169	1	1	502	1	503	4.0e-175	610.9
3300029682.a:Ga0242767_100555_34	gnl|TC-DB|Q9HR73|5.A.3.3.3	35.1	208	100	5	11	189	7	208	1.2e-31	132.9
3300029682.a:Ga0242767_100555_35	gnl|TC-DB|P31075|5.A.3.5.2	24.9	889	495	28	9	854	4	762	1.9e-47	187.6
3300029682.a:Ga0242767_102252_7	gnl|TC-DB|P18776|5.A.3.3.2	43.9	157	74	2	5	147	6	162	2.6e-36	148.3
3300029682.a:Ga0242767_102252_8	gnl|TC-DB|P77783|5.A.3.3.1	26.4	838	495	27	5	764	13	806	2.4e-54	210.3
3300029682.a:Ga0242767_100506_6	gnl|TC-DB|Q07711|3.A.7.7.1	26.9	625	408	15	3	613	4	593	2.5e-54	209.9
3300029682.a:Ga0242767_100506_10	gnl|TC-DB|P13464|3.A.7.1.1	27.8	597	377	16	85	651	83	655	1.1e-52	204.9
3300029682.a:Ga0242767_100506_11	gnl|TC-DB|Q91UW6|3.A.7.3.1	53.2	331	136	6	22	348	30	345	1.7e-90	329.3
3300029682.a:Ga0242767_100506_20	gnl|TC-DB|Q91UR6|3.A.7.3.1	48.2	255	121	5	146	398	133	378	2.2e-59	226.1
3300029682.a:Ga0242767_100506_21	gnl|TC-DB|Q9RPX6|3.A.7.3.1	36.0	275	140	6	23	275	19	279	2.5e-41	165.6
3300029682.a:Ga0242767_100506_22	gnl|TC-DB|Q91UR4|3.A.7.3.1	30.7	244	162	2	3	246	2	238	1.8e-30	129.4
3300029682.a:Ga0242767_100506_30	gnl|TC-DB|Q7VSX9|3.A.7.3.1	37.9	819	473	14	7	807	12	812	8.6e-151	530.8
3300029682.a:Ga0242767_102393_6	gnl|TC-DB|P31437|2.A.7.3.12	36.0	253	160	2	2	253	43	294	1.0e-28	123.6
3300029682.a:Ga0242767_102393_9	gnl|TC-DB|Q3IVI4|2.A.56.1.4	35.3	340	195	5	1	318	109	445	2.6e-47	185.7
3300029682.a:Ga0242767_101535_6	gnl|TC-DB|P31466|2.A.40.7.6	36.1	429	268	3	3	431	14	436	3.0e-70	262.3
3300029682.a:Ga0242767_101535_15	gnl|TC-DB|Q9KDT3|2.A.22.5.3	37.7	438	266	6	7	440	12	446	2.7e-66	249.2
3300029682.a:Ga0242767_101535_18	gnl|TC-DB|Q848I3|2.A.23.1.10	67.0	406	134	0	2	407	4	409	1.8e-150	528.9
3300029682.a:Ga0242767_101461_5	gnl|TC-DB|Q8XWY0|1.B.46.1.3	37.6	210	122	3	3	203	5	214	3.7e-34	141.4
3300029682.a:Ga0242767_101461_8	gnl|TC-DB|P46889|3.A.12.1.2	49.5	489	233	5	362	841	840	1323	1.9e-129	459.9
3300029682.a:Ga0242767_101416_7	gnl|TC-DB|Q3MNJ6|3.A.3.5.15	44.2	755	408	5	3	753	65	810	1.8e-173	606.3
3300029682.a:Ga0242767_101416_9	gnl|TC-DB|Q3IS50|2.A.86.2.3	34.1	176	107	4	198	369	156	326	2.4e-11	66.6
3300029682.a:Ga0242767_101416_14	gnl|TC-DB|Q8RX88|9.B.1.1.2	36.8	421	243	10	14	421	12	422	5.7e-58	221.5
3300029682.a:Ga0242767_101587_15	gnl|TC-DB|K7QW88|2.A.7.3.52	28.9	273	179	8	14	282	11	272	4.9e-19	91.7
3300029682.a:Ga0242767_101698_1	gnl|TC-DB|P17412|3.D.10.1.3	69.0	429	132	1	1	429	1	428	3.9e-179	624.0
3300029682.a:Ga0242767_101698_3	gnl|TC-DB|Q9HT68|3.A.1.24.5	58.4	257	107	0	7	263	4	260	4.6e-82	300.8
3300029682.a:Ga0242767_101698_4	gnl|TC-DB|Q9HT68|3.A.1.24.5	47.9	259	132	2	8	264	3	260	2.0e-64	242.3
3300029682.a:Ga0242767_101698_5	gnl|TC-DB|Q9F2U9|2.A.3.3.17	26.8	377	243	7	15	383	8	359	3.7e-19	92.8
3300029682.a:Ga0242767_101698_10	gnl|TC-DB|Q9WZQ6|3.A.1.25.5	36.0	161	97	3	15	173	2	158	6.9e-16	80.5
3300029682.a:Ga0242767_101698_11	gnl|TC-DB|P54176|1.C.113.1.1	46.3	201	108	0	20	220	14	214	2.3e-50	195.3
3300029682.a:Ga0242767_100195_9	gnl|TC-DB|P31077|5.A.3.5.2	36.5	301	185	4	15	310	14	313	4.1e-48	188.3
3300029682.a:Ga0242767_100195_10	gnl|TC-DB|P31076|5.A.3.5.2	43.2	190	97	2	55	244	5	183	6.2e-44	174.1
3300029682.a:Ga0242767_100195_14	gnl|TC-DB|Q7WMZ5|5.A.3.10.1	28.6	203	101	10	19	199	15	195	8.2e-14	73.9
3300029682.a:Ga0242767_100195_21	gnl|TC-DB|P63386|3.A.1.27.3	54.2	260	117	1	9	268	8	265	6.9e-81	297.0
3300029682.a:Ga0242767_100195_22	gnl|TC-DB|P64606|3.A.1.27.3	56.6	258	110	2	4	260	2	258	1.4e-65	246.1
3300029682.a:Ga0242767_100195_23	gnl|TC-DB|P64604|3.A.1.27.3	43.5	161	84	3	4	157	2	162	1.2e-29	125.9
3300029682.a:Ga0242767_100195_29	gnl|TC-DB|P37653|4.D.3.1.6	44.9	865	451	6	12	871	13	856	2.7e-214	741.9
3300029682.a:Ga0242767_100195_30	gnl|TC-DB|P37652|4.D.3.1.6	37.8	733	423	8	40	750	52	773	2.5e-136	482.6
3300029682.a:Ga0242767_100195_31	gnl|TC-DB|P37651|4.D.3.1.6	36.5	353	212	5	6	349	8	357	1.4e-68	256.5
3300029682.a:Ga0242767_100195_45	gnl|TC-DB|P69423|2.A.64.1.1	47.1	225	119	0	20	244	7	231	2.1e-58	222.2
3300029682.a:Ga0242767_100195_47	gnl|TC-DB|P43672|3.A.1.120.6	33.7	519	336	5	21	535	18	532	1.6e-76	283.5
3300029682.a:Ga0242767_100195_49	gnl|TC-DB|O68827|2.A.7.7.1	25.4	283	209	1	1	283	1	281	2.5e-23	105.9
3300029682.a:Ga0242767_100195_56	gnl|TC-DB|Q9HT69|3.A.1.24.5	45.0	209	115	0	9	217	17	225	6.6e-42	167.2
3300029682.a:Ga0242767_100195_57	gnl|TC-DB|P30750|3.A.1.24.1	49.7	348	167	3	1	348	1	340	4.4e-88	321.2
3300029682.a:Ga0242767_100195_63	gnl|TC-DB|I3XAB3|2.A.109.1.5	37.0	181	102	3	14	187	10	185	3.4e-23	105.1
3300029682.a:Ga0242767_100195_67	gnl|TC-DB|D5CES3|2.A.7.1.10	53.8	104	48	0	1	104	1	104	4.7e-25	110.2
3300029682.a:Ga0242767_100195_68	gnl|TC-DB|I3XAB3|2.A.109.1.5	35.7	207	120	4	8	206	4	205	4.3e-23	104.8
3300029682.a:Ga0242767_100195_72	gnl|TC-DB|C6EAH0|2.A.122.1.1	38.4	229	133	3	19	243	3	227	2.8e-36	148.7
3300029682.a:Ga0242767_100195_73	gnl|TC-DB|C5A1Q2|1.E.14.1.5	39.8	103	62	0	4	106	6	108	1.5e-14	75.5
3300029682.a:Ga0242767_100195_78	gnl|TC-DB|P69451|4.C.1.1.4	53.2	555	250	3	9	561	5	551	1.2e-170	596.3
3300029682.a:Ga0242767_100195_79	gnl|TC-DB|P44018|2.A.61.1.3	44.7	273	143	2	153	417	2	274	1.1e-53	207.2
3300029682.a:Ga0242767_100195_82	gnl|TC-DB|Q9WWZ9|2.A.6.2.9	49.4	389	170	6	13	394	11	379	7.7e-89	323.9
3300029682.a:Ga0242767_100195_83	gnl|TC-DB|P52002|2.A.6.2.6	60.6	1039	406	1	1	1036	1	1039	0.0e+00	1180.6
3300029682.a:Ga0242767_100195_84	gnl|TC-DB|Q6V6X7|2.A.6.2.18	43.6	463	256	3	6	465	5	465	1.4e-92	336.7
3300029682.a:Ga0242767_100195_88	gnl|TC-DB|X5H3P0|3.D.10.1.6	27.4	467	259	11	21	463	12	422	2.4e-33	139.8
3300029682.a:Ga0242767_100195_96	gnl|TC-DB|Q6MMF8|9.B.67.4.3	25.8	302	188	11	43	334	65	340	7.9e-12	68.2
3300029682.a:Ga0242767_101063_14	gnl|TC-DB|P33650|9.A.8.1.1	44.7	754	387	12	1	751	1	727	5.4e-171	597.8
3300029682.a:Ga0242767_101063_17	gnl|TC-DB|P24183|5.A.3.2.1	42.0	1075	531	21	1	1042	1	1015	1.4e-235	812.8
3300029682.a:Ga0242767_101063_18	gnl|TC-DB|P0AAJ3|5.A.3.2.1	38.0	274	159	5	6	276	27	292	2.4e-50	195.7
3300029682.a:Ga0242767_100217_2	gnl|TC-DB|O31712|3.A.1.122.2	35.8	397	244	7	8	401	9	397	2.1e-57	219.5
3300029682.a:Ga0242767_100217_3	gnl|TC-DB|O31711|3.A.1.122.2	53.9	219	100	1	8	226	1	218	2.9e-59	224.9
3300029682.a:Ga0242767_100217_4	gnl|TC-DB|P75830|3.A.1.122.1	30.5	275	187	2	69	343	44	314	5.6e-16	82.0
3300029682.a:Ga0242767_100217_5	gnl|TC-DB|Q9WWZ8|2.A.6.2.9	27.9	390	258	7	7	379	6	389	1.7e-26	117.1
3300029682.a:Ga0242767_100217_10	gnl|TC-DB|Q9S3J9|2.A.1.2.18	45.0	369	203	0	13	381	11	379	1.6e-78	289.7
3300029682.a:Ga0242767_100217_18	gnl|TC-DB|Q9I405|3.A.1.3.22	74.6	244	60	1	1	242	1	244	4.1e-101	364.0
3300029682.a:Ga0242767_100217_23	gnl|TC-DB|P0A9V1|1.B.42.1.2	53.1	243	109	1	15	257	4	241	1.9e-72	268.9
3300029682.a:Ga0242767_100217_29	gnl|TC-DB|P75892|2.A.40.1.3	62.6	425	154	2	6	426	6	429	5.5e-149	523.9
3300029682.a:Ga0242767_100217_36	gnl|TC-DB|Q9XIA9|4.C.1.1.14	26.1	631	408	18	21	610	50	663	2.3e-47	186.8
3300029682.a:Ga0242767_100217_38	gnl|TC-DB|P43672|3.A.1.120.6	44.5	528	260	4	1	498	1	525	2.8e-122	435.6
3300029682.a:Ga0242767_100217_55	gnl|TC-DB|P94400|9.B.10.1.1	39.9	233	106	7	5	208	4	231	9.2e-36	147.5
3300029682.a:Ga0242767_100217_60	gnl|TC-DB|O35002|9.B.174.1.1	32.6	340	203	6	48	383	59	376	3.2e-44	176.0
3300029682.a:Ga0242767_100217_61	gnl|TC-DB|B7LEG0|1.A.34.1.2	34.2	120	72	2	338	456	263	376	2.7e-13	73.2
3300029682.a:Ga0242767_100217_68	gnl|TC-DB|P75957|3.A.1.125.1	34.7	167	108	1	23	188	28	194	1.1e-20	96.7
3300029682.a:Ga0242767_100217_70	gnl|TC-DB|P10121|3.A.5.1.1	50.5	307	145	3	3	304	188	492	5.4e-77	284.3
3300029682.a:Ga0242767_100217_80	gnl|TC-DB|P0ABG7|2.A.103.1.2	46.0	354	186	3	24	376	16	365	2.1e-78	289.3
3300029682.a:Ga0242767_100217_83	gnl|TC-DB|Q9K8H6|9.B.157.1.2	28.3	276	187	5	25	289	15	290	4.8e-14	75.1
3300029682.a:Ga0242767_100217_84	gnl|TC-DB|P0A9X4|9.B.157.1.3	70.9	337	97	1	54	390	1	336	1.5e-132	469.2
3300029682.a:Ga0242767_100217_86	gnl|TC-DB|Q9MUK5|3.A.9.1.1	37.1	151	93	1	69	217	60	210	5.4e-20	95.5
3300029682.a:Ga0242767_100217_91	gnl|TC-DB|G3XCT7|2.A.1.25.5	41.1	560	204	9	17	452	13	570	7.4e-99	357.5
3300029682.a:Ga0242767_100217_93	gnl|TC-DB|H1XXY9|8.A.7.1.5	33.2	596	382	3	4	599	7	586	4.7e-90	328.6
3300029682.a:Ga0242767_100217_94	gnl|TC-DB|H1XXZ0|8.A.8.1.5	50.0	84	42	0	5	88	5	88	8.8e-17	82.4
3300029682.a:Ga0242767_101052_8	gnl|TC-DB|Q9FA46|2.A.80.1.1	26.2	313	217	8	1	302	1	310	1.3e-17	87.0
3300029682.a:Ga0242767_101828_3	gnl|TC-DB|P39196|2.A.1.42.1	40.9	418	212	5	2	417	13	397	1.2e-71	266.9
3300029682.a:Ga0242767_101828_5	gnl|TC-DB|P96661|2.A.7.3.31	29.7	296	204	3	1	292	1	296	1.7e-30	129.8
3300029682.a:Ga0242767_101440_1	gnl|TC-DB|Q4VWC7|3.A.1.105.4	50.8	356	172	2	16	369	17	371	3.4e-99	358.2
3300029682.a:Ga0242767_101440_2	gnl|TC-DB|Q4VWC8|3.A.1.105.4	51.1	372	177	2	4	370	6	377	3.1e-100	361.7
3300029682.a:Ga0242767_101440_3	gnl|TC-DB|Q4VWC9|3.A.1.105.4	51.1	587	277	4	7	586	4	587	1.7e-164	575.9
3300029682.a:Ga0242767_101440_4	gnl|TC-DB|Q4VWD0|3.A.1.105.4	45.8	325	176	0	1	325	1	325	1.4e-72	269.6
3300029682.a:Ga0242767_101440_6	gnl|TC-DB|O68106|3.A.1.23.8	40.0	215	125	2	3	213	4	218	2.9e-38	155.2
3300029682.a:Ga0242767_101440_9	gnl|TC-DB|Q9S411|3.A.1.22.1	43.4	196	109	2	1	194	1	196	1.0e-33	139.8
3300029682.a:Ga0242767_101440_11	gnl|TC-DB|P46136|2.A.7.17.2	38.4	292	178	2	3	293	1	291	1.5e-52	203.0
3300029682.a:Ga0242767_101440_14	gnl|TC-DB|Q8NSN2|3.A.1.24.4	38.7	230	128	6	19	244	45	265	1.3e-33	139.8
3300029682.a:Ga0242767_101309_13	gnl|TC-DB|P80874|8.A.5.1.4	26.1	306	167	12	7	257	8	309	9.5e-17	84.0
3300029682.a:Ga0242767_101309_14	gnl|TC-DB|P80874|8.A.5.1.4	28.2	245	162	6	13	252	76	311	1.4e-14	76.6
3300029682.a:Ga0242767_101309_17	gnl|TC-DB|Q9I5F5|2.A.21.2.3	62.5	491	182	2	4	493	5	494	1.0e-167	586.3
3300029682.a:Ga0242767_101309_22	gnl|TC-DB|P42199|3.A.1.3.14	37.6	170	103	2	1	170	101	267	2.6e-25	111.7
3300029682.a:Ga0242767_101614_8	gnl|TC-DB|O00571|1.I.1.1.3	40.7	376	202	5	5	365	180	549	3.0e-68	255.8
3300029682.a:Ga0242767_101032_3	gnl|TC-DB|P54571|2.A.35.1.2	35.1	416	267	2	56	470	53	466	1.1e-62	237.3
3300029682.a:Ga0242767_101032_4	gnl|TC-DB|P28635|3.A.1.24.1	43.2	271	147	5	4	269	3	271	5.9e-56	214.2
3300029682.a:Ga0242767_101032_12	gnl|TC-DB|Q9I3N2|9.B.14.1.7	41.4	642	346	9	1	617	1	637	9.5e-126	447.2
3300029682.a:Ga0242767_101032_13	gnl|TC-DB|A8GZV3|3.A.1.132.5	35.9	270	163	2	6	267	5	272	9.7e-35	143.7
3300029682.a:Ga0242767_101032_14	gnl|TC-DB|A8GZV2|3.A.1.132.5	42.0	283	160	1	3	281	6	288	8.2e-56	213.8
3300029682.a:Ga0242767_101032_15	gnl|TC-DB|Q52899|3.A.1.132.2	33.0	409	250	3	29	414	37	444	1.1e-61	233.8
3300029682.a:Ga0242767_101032_17	gnl|TC-DB|P31077|5.A.3.5.2	37.2	301	184	3	12	308	14	313	2.3e-48	189.1
3300029682.a:Ga0242767_101032_18	gnl|TC-DB|P31076|5.A.3.5.2	45.4	196	96	2	52	247	5	189	2.5e-45	178.7
3300029682.a:Ga0242767_101032_26	gnl|TC-DB|C8U8G2|2.A.3.7.3	28.8	455	309	8	13	459	13	460	3.5e-51	199.1
3300029682.a:Ga0242767_102016_10	gnl|TC-DB|P38045|3.A.1.16.1	44.5	227	114	4	24	241	25	248	1.5e-45	179.5
3300029682.a:Ga0242767_102016_11	gnl|TC-DB|Q2BM70|3.A.1.17.4	35.6	236	148	1	23	254	70	305	8.2e-39	157.1
3300029682.a:Ga0242767_100270_1	gnl|TC-DB|K0WKG7|4.F.1.1.8	44.8	192	98	4	10	199	1	186	6.5e-28	120.6
3300029682.a:Ga0242767_100270_5	gnl|TC-DB|Q6LZF0|2.A.35.2.1	38.9	522	287	12	7	504	4	517	2.1e-81	299.7
3300029682.a:Ga0242767_100270_13	gnl|TC-DB|P39518|4.C.1.1.15	27.3	587	358	18	78	612	166	735	4.6e-48	189.1
3300029682.a:Ga0242767_100270_14	gnl|TC-DB|P39518|4.C.1.1.15	26.2	585	363	18	70	603	167	733	2.0e-40	163.7
3300029682.a:Ga0242767_100270_24	gnl|TC-DB|Q6MLN2|9.B.149.1.11	39.8	216	122	2	1	213	1	211	1.1e-41	166.4
3300029682.a:Ga0242767_100270_31	gnl|TC-DB|Q9HV74|2.A.21.9.1	24.8	383	251	14	333	689	609	980	2.6e-15	80.5
3300029682.a:Ga0242767_100270_32	gnl|TC-DB|P0AD30|2.A.102.3.1	33.5	242	154	4	10	248	17	254	1.5e-21	99.8
3300029682.a:Ga0242767_100270_39	gnl|TC-DB|P75757|2.A.4.1.4	41.2	289	166	3	18	303	3	290	4.2e-53	204.9
3300029682.a:Ga0242767_100270_41	gnl|TC-DB|Q9K0M2|2.A.111.1.2	51.9	462	213	5	17	472	11	469	1.4e-129	459.5
3300029682.a:Ga0242767_100270_43	gnl|TC-DB|Q8EXV0|3.D.1.9.3	51.2	86	42	0	1	86	1	86	9.4e-21	95.9
3300029682.a:Ga0242767_100270_50	gnl|TC-DB|Q8KAA0|3.D.10.1.5	25.0	344	204	12	384	710	150	456	1.4e-11	68.2
3300029682.a:Ga0242767_100270_56	gnl|TC-DB|P43005|2.A.23.2.3	27.2	456	263	9	17	410	20	468	3.8e-30	129.0
3300029682.a:Ga0242767_100270_68	gnl|TC-DB|Q8J305|2.A.95.1.4	30.6	196	125	2	9	193	14	209	7.7e-16	80.5
3300029682.a:Ga0242767_100270_69	gnl|TC-DB|P27844|2.A.7.7.2	36.1	285	182	0	3	287	8	292	5.6e-52	201.1
3300029682.a:Ga0242767_102638_6	gnl|TC-DB|P0ABN5|2.A.13.1.1	42.8	416	225	6	1	410	1	409	4.9e-73	271.6
3300029682.a:Ga0242767_100504_6	gnl|TC-DB|Q45068|2.A.25.1.5	46.0	476	241	7	3	476	4	465	2.1e-109	392.5
3300029682.a:Ga0242767_100504_10	gnl|TC-DB|B1JXG0|2.A.66.4.7	48.7	511	253	4	1	506	1	507	2.1e-126	449.1
3300029682.a:Ga0242767_100504_12	gnl|TC-DB|P07658|3.D.1.9.2	24.5	621	427	15	98	701	61	656	1.8e-35	147.5
3300029682.a:Ga0242767_100504_13	gnl|TC-DB|P18776|5.A.3.3.2	32.5	203	103	4	2	194	3	181	8.1e-29	123.6
3300029682.a:Ga0242767_100504_22	gnl|TC-DB|A0LFK9|9.B.102.4.1	29.0	255	154	9	46	287	405	645	3.6e-19	92.0
3300029682.a:Ga0242767_100504_23	gnl|TC-DB|Q1LK28|2.A.5.4.17	42.1	259	148	1	2	260	19	275	3.9e-49	191.4
3300029682.a:Ga0242767_100504_41	gnl|TC-DB|P0ABP3|2.A.61.1.1	27.6	456	285	11	4	435	9	443	1.2e-21	100.9
3300029682.a:Ga0242767_100504_48	gnl|TC-DB|Q9KN48|3.A.23.1.1	37.6	245	152	1	195	439	188	431	1.6e-46	183.7
3300029682.a:Ga0242767_100811_1	gnl|TC-DB|Q7WMZ7|5.A.3.10.1	33.2	996	628	16	9	975	65	1052	1.8e-150	530.0
3300029682.a:Ga0242767_100811_2	gnl|TC-DB|Q7WMZ5|5.A.3.10.1	50.0	190	89	4	31	216	54	241	2.8e-51	198.4
3300029682.a:Ga0242767_100811_5	gnl|TC-DB|Q7WMZ5|5.A.3.10.1	43.7	135	73	3	8	140	58	191	2.3e-27	118.6
3300029682.a:Ga0242767_100811_6	gnl|TC-DB|P31075|5.A.3.5.2	23.4	766	499	25	4	711	5	740	5.7e-37	152.5
3300029682.a:Ga0242767_100811_10	gnl|TC-DB|Q65GF4|3.D.10.1.1	28.2	291	145	13	341	627	173	403	1.6e-11	67.8
3300029682.a:Ga0242767_100811_11	gnl|TC-DB|F9VN10|3.D.10.1.4	24.6	456	267	18	33	473	5	398	1.2e-14	77.8
3300029682.a:Ga0242767_100811_15	gnl|TC-DB|B7G1T3|3.A.25.1.1	34.4	195	112	6	102	291	362	545	3.0e-15	79.3
3300029682.a:Ga0242767_101626_15	gnl|TC-DB|Q9FI56|3.A.9.1.2	43.9	866	404	11	4	850	96	898	6.6e-194	674.1
3300029682.a:Ga0242767_102127_8	gnl|TC-DB|C0LZS0|1.B.1.4.2	43.4	99	52	1	19	113	21	119	9.0e-15	76.3
3300029682.a:Ga0242767_102827_5	gnl|TC-DB|X5H3P0|3.D.10.1.6	25.1	506	248	19	131	595	9	424	1.5e-19	94.4
3300029682.a:Ga0242767_102827_6	gnl|TC-DB|Q9MUK5|3.A.9.1.1	37.5	112	56	2	98	200	112	218	8.7e-14	74.7
3300029682.a:Ga0242767_100222_22	gnl|TC-DB|P09833|3.A.1.8.1	36.9	336	202	6	27	359	22	350	1.1e-57	220.3
3300029682.a:Ga0242767_100222_23	gnl|TC-DB|Q8TJ86|3.A.1.8.2	31.4	210	142	2	9	217	11	219	1.2e-25	113.2
3300029682.a:Ga0242767_100222_32	gnl|TC-DB|P17413|3.D.10.1.3	35.8	232	140	5	31	256	17	245	3.8e-34	141.7
3300029682.a:Ga0242767_100222_36	gnl|TC-DB|P44018|2.A.61.1.3	48.0	279	138	3	152	423	1	279	9.5e-61	230.7
3300029682.a:Ga0242767_100222_43	gnl|TC-DB|O67280|5.A.3.11.2	23.4	898	537	38	52	869	51	877	2.4e-24	110.9
3300029682.a:Ga0242767_100222_45	gnl|TC-DB|P0ABN9|2.A.13.1.2	60.8	449	171	2	5	453	3	446	9.2e-147	516.5
3300029682.a:Ga0242767_100222_50	gnl|TC-DB|P44018|2.A.61.1.3	41.1	280	153	4	152	421	1	278	7.8e-47	184.5
3300029682.a:Ga0242767_100222_53	gnl|TC-DB|Q5K698|3.A.7.11.1	38.3	133	73	4	8	135	96	224	1.9e-16	82.0
3300029682.a:Ga0242767_100222_61	gnl|TC-DB|Q8YSA2|3.A.1.3.17	36.6	227	138	4	29	254	35	256	2.5e-32	135.6
3300029682.a:Ga0242767_100222_62	gnl|TC-DB|Q8YSA2|3.A.1.3.17	36.2	235	124	4	8	240	275	485	5.8e-34	141.0
3300029682.a:Ga0242767_100222_63	gnl|TC-DB|P54537|3.A.1.3.15	58.3	240	100	0	11	250	1	240	4.4e-77	284.3
3300029682.a:Ga0242767_100222_66	gnl|TC-DB|C1D6W6|2.A.7.34.1	67.9	109	35	0	14	122	4	112	5.2e-39	156.8
3300029682.a:Ga0242767_100222_69	gnl|TC-DB|Q8ID54|3.A.25.2.1	37.1	202	121	4	22	218	106	306	1.8e-32	136.0
3300029682.a:Ga0242767_100222_75	gnl|TC-DB|D8PJ38|1.B.9.1.3	26.9	242	143	7	28	239	9	246	4.0e-14	75.9
3300029682.a:Ga0242767_100354_22	gnl|TC-DB|B7LEG0|1.A.34.1.2	29.9	271	148	6	24	254	111	379	1.4e-22	103.2
3300029682.a:Ga0242767_100354_37	gnl|TC-DB|P0AA53|8.A.21.2.2	40.8	184	109	0	9	192	3	186	1.0e-38	157.1
3300029682.a:Ga0242767_100354_43	gnl|TC-DB|P75957|3.A.1.125.1	49.8	225	113	0	3	227	2	226	1.0e-56	216.5
3300029682.a:Ga0242767_100354_44	gnl|TC-DB|P75958|3.A.1.125.1	33.5	415	268	5	9	421	3	411	6.0e-55	211.5
3300029682.a:Ga0242767_100354_53	gnl|TC-DB|P44669|9.A.41.1.1	57.8	623	252	6	1	619	1	616	1.7e-196	682.2
3300029682.a:Ga0242767_100354_62	gnl|TC-DB|Q45340|1.B.12.2.3	26.9	294	204	6	637	929	727	1010	4.0e-19	93.6
3300029682.a:Ga0242767_100354_64	gnl|TC-DB|Q47539|3.A.1.17.1	27.7	235	158	5	17	242	39	270	5.8e-18	87.8
3300029682.a:Ga0242767_100354_65	gnl|TC-DB|O50454|3.A.1.1.31	40.4	213	123	1	24	232	15	227	3.9e-36	148.3
3300029682.a:Ga0242767_101050_1	gnl|TC-DB|B2GH49|9.B.160.1.10	32.5	166	99	6	112	271	217	375	3.1e-15	79.7
3300029682.a:Ga0242767_101050_3	gnl|TC-DB|P0AEY1|2.A.95.1.1	30.7	205	134	3	16	215	15	216	1.3e-16	83.2
3300029682.a:Ga0242767_101050_12	gnl|TC-DB|Q5K698|3.A.7.11.1	34.7	222	134	5	47	263	18	233	4.8e-34	141.4
3300029682.a:Ga0242767_101050_13	gnl|TC-DB|B9MIH1|2.A.106.1.4	55.2	192	85	1	1	192	1	191	1.1e-56	216.1
3300029682.a:Ga0242767_101050_20	gnl|TC-DB|P0ACA3|1.A.12.3.1	44.3	201	109	2	1	200	10	208	8.5e-44	173.3
3300029682.a:Ga0242767_101050_21	gnl|TC-DB|P0A742|1.A.22.1.1	43.0	142	67	3	10	149	2	131	2.5e-19	91.7
3300029682.a:Ga0242767_100275_9	gnl|TC-DB|Q9ZK21|1.C.82.1.1	55.5	227	101	0	3	229	4	230	7.0e-66	246.9
3300029682.a:Ga0242767_100275_16	gnl|TC-DB|P94398|9.B.10.1.1	34.2	266	164	5	9	263	34	299	1.3e-34	143.3
3300029682.a:Ga0242767_100275_21	gnl|TC-DB|Q5EAK4|2.A.16.2.2	25.1	458	275	18	2	423	1349	1774	9.4e-18	88.2
3300029682.a:Ga0242767_100275_23	gnl|TC-DB|P0AGE4|2.A.23.4.1	60.3	395	157	0	6	400	7	401	4.2e-122	434.5
3300029682.a:Ga0242767_100275_24	gnl|TC-DB|Q5JAK9|2.A.1.2.39	39.9	361	215	2	11	371	8	366	9.3e-61	230.7
3300029682.a:Ga0242767_100275_29	gnl|TC-DB|P0ABJ9|3.D.4.3.2	59.9	514	205	1	5	518	3	515	2.2e-176	615.1
3300029682.a:Ga0242767_100275_30	gnl|TC-DB|P0ABK2|3.D.4.3.2	59.0	378	155	0	3	380	2	379	7.3e-129	456.8
3300029682.a:Ga0242767_100275_32	gnl|TC-DB|E0SFK1|2.A.69.3.2	37.2	301	188	1	8	308	14	313	7.0e-53	204.1
3300029682.a:Ga0242767_100275_35	gnl|TC-DB|Q9HV74|2.A.21.9.1	26.0	227	160	4	213	435	752	974	2.9e-15	79.7
3300029682.a:Ga0242767_100275_36	gnl|TC-DB|B2GH49|9.B.160.1.10	34.8	161	92	6	109	263	217	370	5.2e-15	79.0
3300029682.a:Ga0242767_100275_37	gnl|TC-DB|Q42524|4.C.1.1.7	24.6	349	232	9	104	423	201	547	1.0e-20	97.8
3300029682.a:Ga0242767_100275_39	gnl|TC-DB|Q5D0X7|2.A.80.1.2	31.7	315	210	4	1	315	6	315	3.2e-40	162.2
3300029682.a:Ga0242767_100275_41	gnl|TC-DB|P0AEY1|2.A.95.1.1	35.9	220	130	3	1	212	1	217	5.4e-28	120.9
3300029682.a:Ga0242767_100275_44	gnl|TC-DB|B0S9U4|2.A.21.8.3	34.6	460	260	7	5	463	6	425	1.9e-68	256.5
3300029682.a:Ga0242767_100275_49	gnl|TC-DB|Q9ZKE4|3.A.11.3.1	30.0	644	380	17	36	666	32	617	1.8e-66	250.4
3300029682.a:Ga0242767_100275_53	gnl|TC-DB|P0A6E6|3.A.2.1.1	46.3	136	73	0	1	136	1	136	3.1e-29	124.4
3300029682.a:Ga0242767_100275_54	gnl|TC-DB|P0ABB4|3.A.2.1.1	78.1	466	96	1	1	466	1	460	3.3e-208	720.7
3300029682.a:Ga0242767_100275_55	gnl|TC-DB|P0ABA6|3.A.2.1.1	55.4	289	127	2	1	289	1	287	2.5e-84	308.5
3300029682.a:Ga0242767_100275_56	gnl|TC-DB|P0ABB0|3.A.2.1.1	70.9	508	148	0	1	508	1	508	3.3e-201	697.6
3300029682.a:Ga0242767_100275_58	gnl|TC-DB|P0ABA0|3.A.2.1.1	50.6	156	77	0	1	156	1	156	2.3e-12	68.6
3300029682.a:Ga0242767_100275_60	gnl|TC-DB|P0AB98|3.A.2.1.1	44.3	280	133	6	4	275	7	271	3.0e-55	211.8
3300029682.a:Ga0242767_100275_64	gnl|TC-DB|A4PCH7|3.A.1.27.1	40.1	222	132	1	94	314	54	275	8.8e-36	147.5
3300029682.a:Ga0242767_100275_65	gnl|TC-DB|A4PCH8|3.A.1.27.1	40.1	242	139	5	10	248	25	263	3.1e-43	171.8
3300029682.a:Ga0242767_100275_70	gnl|TC-DB|D8RWR9|1.C.39.4.5	33.0	215	113	4	16	220	420	613	1.3e-16	84.7
3300029682.a:Ga0242767_100275_73	gnl|TC-DB|H3KBD2|2.A.9.3.7	58.1	561	229	4	1	559	1	557	1.1e-189	659.4
3300029682.a:Ga0242767_101641_4	gnl|TC-DB|C6WVE5|9.B.160.1.4	34.4	154	99	2	12	165	5	156	3.4e-17	84.7
3300029682.a:Ga0242767_101641_8	gnl|TC-DB|Q8Y3G9|2.A.6.2.45	35.7	373	235	4	8	376	6	377	1.6e-54	209.9
3300029682.a:Ga0242767_101641_9	gnl|TC-DB|Q8RTE4|2.A.6.2.22	44.9	1031	556	5	1	1029	1	1021	2.8e-240	828.6
3300029682.a:Ga0242767_101641_10	gnl|TC-DB|Q9WWZ8|2.A.6.2.9	32.2	479	313	5	5	475	3	477	9.4e-63	237.7
3300029682.a:Ga0242767_101319_7	gnl|TC-DB|Q1C5U1|1.B.12.8.1	26.6	308	208	9	12	311	439	736	3.2e-29	125.6
3300029682.a:Ga0242767_101319_9	gnl|TC-DB|P0ABP3|2.A.61.1.1	39.6	106	63	1	2	106	5	110	3.4e-13	70.9
3300029682.a:Ga0242767_101319_10	gnl|TC-DB|P0ABP3|2.A.61.1.1	31.0	245	155	4	6	247	162	395	2.0e-29	125.9
3300029682.a:Ga0242767_101319_13	gnl|TC-DB|P0A8K8|9.B.126.2.1	34.9	258	166	2	18	274	16	272	3.2e-29	125.9
3300029682.a:Ga0242767_101319_16	gnl|TC-DB|P28246|2.A.1.2.7	37.5	112	70	0	3	114	8	119	6.3e-17	84.3
3300029682.a:Ga0242767_101319_18	gnl|TC-DB|P14283|1.B.12.2.1	29.2	195	126	5	607	792	633	824	8.7e-15	79.0
3300029682.a:Ga0242767_100801_5	gnl|TC-DB|Q5EPA5|3.A.7.11.1	26.1	475	298	13	1	437	2	461	7.4e-24	109.4
3300029682.a:Ga0242767_100801_6	gnl|TC-DB|Q93NF2|3.A.7.11.1	22.7	485	333	16	4	466	21	485	7.8e-19	91.7
3300029682.a:Ga0242767_100801_8	gnl|TC-DB|Q5EPA9|3.A.7.11.1	29.8	460	278	13	267	709	55	486	5.3e-49	192.6
3300029682.a:Ga0242767_100801_10	gnl|TC-DB|Q5EPB1|3.A.7.11.1	37.7	122	60	3	60	175	115	226	1.0e-12	70.1
3300029682.a:Ga0242767_100801_11	gnl|TC-DB|Q5EPB2|3.A.7.11.1	41.8	354	174	7	5	330	15	364	2.9e-76	282.0
3300029682.a:Ga0242767_100801_15	gnl|TC-DB|Q5EPB6|3.A.7.11.1	31.7	865	538	17	41	896	34	854	1.5e-108	390.6
3300029682.a:Ga0242767_100801_18	gnl|TC-DB|Q5EPB9|3.A.7.11.1	31.3	438	252	9	1	397	3	432	6.7e-48	188.0
3300029682.a:Ga0242767_100801_25	gnl|TC-DB|Q5EPC8|3.A.7.11.1	25.9	602	396	12	5	568	53	642	3.1e-51	199.5
3300029682.a:Ga0242767_100330_7	gnl|TC-DB|Q9KN48|3.A.23.1.1	35.5	377	219	4	108	472	165	529	1.4e-52	203.8
3300029682.a:Ga0242767_100330_30	gnl|TC-DB|P32670|4.A.2.1.10	28.8	198	129	5	598	789	460	651	4.1e-17	86.7
3300029682.a:Ga0242767_100330_39	gnl|TC-DB|Q9K1H0|1.B.33.1.1	38.3	794	463	11	9	777	6	797	2.4e-163	572.4
3300029682.a:Ga0242767_100330_59	gnl|TC-DB|Q83XH1|3.A.1.121.4	30.2	536	360	7	1	528	1	530	1.1e-68	257.7
3300029682.a:Ga0242767_100761_2	gnl|TC-DB|P44018|2.A.61.1.3	45.8	275	143	1	153	421	2	276	2.3e-59	226.1
3300029682.a:Ga0242767_100761_5	gnl|TC-DB|Q9KDT3|2.A.22.5.3	34.0	447	290	5	1	443	1	446	4.5e-61	231.9
3300029682.a:Ga0242767_100761_6	gnl|TC-DB|Q9KDT3|2.A.22.5.3	39.4	437	260	4	5	438	9	443	3.1e-78	288.9
3300029682.a:Ga0242767_100761_13	gnl|TC-DB|Q6D017|2.A.47.3.4	41.7	180	90	4	7	173	10	187	6.8e-32	133.7
3300029682.a:Ga0242767_100761_14	gnl|TC-DB|Q41364|2.A.47.3.1	44.0	284	159	0	1	284	286	569	1.2e-64	243.0
3300029682.a:Ga0242767_101259_23	gnl|TC-DB|P0AGA2|3.A.5.1.1	60.0	433	168	2	7	436	12	442	1.3e-142	502.7
3300029682.a:Ga0242767_100483_3	gnl|TC-DB|H8E4X1|9.B.18.1.2	30.0	487	297	13	21	483	59	525	1.3e-42	170.6
3300029682.a:Ga0242767_100483_5	gnl|TC-DB|H0KI06|9.B.124.1.3	31.0	116	58	2	5	120	3	96	1.3e-11	66.6
3300029682.a:Ga0242767_100483_22	gnl|TC-DB|P0AG99|3.A.5.1.1	42.7	110	56	2	9	116	6	110	1.1e-12	69.3
3300029682.a:Ga0242767_100483_30	gnl|TC-DB|P0AEQ3|3.A.1.3.2	39.7	242	142	3	13	252	7	246	1.8e-46	182.6
3300029682.a:Ga0242767_100483_47	gnl|TC-DB|Q65GF4|3.D.10.1.1	25.3	454	268	18	47	481	6	407	2.2e-13	73.6
3300029682.a:Ga0242767_101831_5	gnl|TC-DB|P60752|3.A.1.106.1	38.0	566	351	0	13	578	15	580	1.4e-107	386.7
3300029682.a:Ga0242767_101831_6	gnl|TC-DB|A4QAL6|2.A.47.1.12	40.9	489	267	6	19	494	33	512	1.4e-103	373.2
3300029682.a:Ga0242767_101831_10	gnl|TC-DB|O68878|3.A.1.14.21	30.7	329	200	6	35	344	6	325	3.2e-30	129.0
3300029682.a:Ga0242767_101831_11	gnl|TC-DB|Q47087|3.A.1.14.4	29.5	237	155	4	9	235	9	243	2.8e-28	122.1
3300029682.a:Ga0242767_100778_2	gnl|TC-DB|Q45340|1.B.12.2.3	26.5	294	205	6	688	980	727	1010	9.3e-19	92.4
3300029682.a:Ga0242767_100778_16	gnl|TC-DB|P25694|3.A.16.1.2	24.3	437	264	16	266	645	219	645	2.1e-15	80.9
3300029682.a:Ga0242767_100778_20	gnl|TC-DB|P0AER8|2.A.27.1.1	40.1	399	223	6	11	404	3	390	1.2e-65	246.9
3300029682.a:Ga0242767_100778_23	gnl|TC-DB|X5H3P0|3.D.10.1.6	28.2	486	240	21	126	576	7	418	5.2e-25	112.5
3300029682.a:Ga0242767_100778_24	gnl|TC-DB|P46333|2.A.1.1.106	25.4	397	261	13	47	418	42	428	1.8e-19	93.6
3300029682.a:Ga0242767_100778_25	gnl|TC-DB|P0AD30|2.A.102.3.1	29.7	249	167	4	3	249	13	255	3.6e-23	105.1
3300029682.a:Ga0242767_102224_1	gnl|TC-DB|P96661|2.A.7.3.31	33.1	287	190	2	7	291	9	295	2.8e-38	155.6
3300029682.a:Ga0242767_102224_5	gnl|TC-DB|P95908|2.A.1.1.15	25.7	451	291	12	1	445	1	413	4.1e-22	102.4
3300029682.a:Ga0242767_102426_5	gnl|TC-DB|P20099|5.A.3.4.3	43.2	743	399	7	52	783	46	776	1.5e-181	632.9
3300029682.a:Ga0242767_102426_6	gnl|TC-DB|I6L8P4|2.A.66.1.33	27.6	438	312	4	6	441	5	439	6.2e-42	168.3
3300029682.a:Ga0242767_101233_1	gnl|TC-DB|F9VN10|3.D.10.1.4	28.6	203	125	7	41	235	7	197	9.7e-12	68.2
3300029682.a:Ga0242767_101233_4	gnl|TC-DB|C0LZS0|1.B.1.4.2	33.3	177	104	5	4	174	7	175	2.7e-14	75.5
3300029682.a:Ga0242767_101233_21	gnl|TC-DB|Q07711|3.A.7.7.1	36.8	174	92	4	3	158	161	334	2.9e-22	101.7
3300029682.a:Ga0242767_100845_5	gnl|TC-DB|G2S0R1|9.B.156.1.3	57.1	154	66	0	1	154	1	154	5.1e-44	173.7
3300029682.a:Ga0242767_100845_6	gnl|TC-DB|D2YRH2|9.A.5.4.1	60.6	213	84	0	18	230	8	220	2.4e-69	258.5
3300029682.a:Ga0242767_100845_7	gnl|TC-DB|P0AA50|2.A.69.3.5	55.4	305	131	2	9	312	8	308	6.0e-84	307.4
3300029682.a:Ga0242767_100845_12	gnl|TC-DB|Q9K0A9|2.A.28.2.4	53.8	305	139	1	1	303	1	305	1.7e-83	305.8
3300029682.a:Ga0242767_100845_17	gnl|TC-DB|P96797|3.D.7.1.1	29.0	396	254	12	287	665	19	404	5.3e-42	169.1
3300029682.a:Ga0242767_100845_19	gnl|TC-DB|P18775|5.A.3.3.2	53.2	803	355	9	11	797	16	813	1.1e-238	822.8
3300029682.a:Ga0242767_100845_20	gnl|TC-DB|P18776|5.A.3.3.2	59.4	197	78	2	2	198	3	197	6.9e-70	260.0
3300029682.a:Ga0242767_100845_21	gnl|TC-DB|P39830|2.A.37.1.5	47.7	555	280	3	1	555	1	545	2.4e-131	465.7
3300029682.a:Ga0242767_100845_22	gnl|TC-DB|P39830|2.A.37.1.5	44.8	554	288	4	6	554	7	547	8.4e-116	414.1
3300029682.a:Ga0242767_100181_13	gnl|TC-DB|A0L4L0|3.A.1.132.3	39.1	322	188	2	14	335	16	329	3.4e-59	225.3
3300029682.a:Ga0242767_100181_15	gnl|TC-DB|P0AFR2|2.A.53.3.11	35.1	539	310	10	25	541	19	539	2.3e-73	273.1
3300029682.a:Ga0242767_100181_19	gnl|TC-DB|C0LZS0|1.B.1.4.2	28.3	374	211	13	21	381	25	354	3.0e-21	99.4
3300029682.a:Ga0242767_100181_21	gnl|TC-DB|A8ALD3|2.A.49.5.5	34.3	426	252	14	11	419	37	451	1.9e-48	189.9
3300029682.a:Ga0242767_100181_23	gnl|TC-DB|C6EJJ6|2.C.1.2.1	48.1	106	55	0	54	159	68	173	3.3e-22	101.3
3300029682.a:Ga0242767_100181_24	gnl|TC-DB|P0A855|2.C.1.2.1	57.3	396	154	5	45	428	36	428	4.4e-29	125.6
3300029682.a:Ga0242767_100181_29	gnl|TC-DB|Q9K187|1.B.42.1.1	32.3	716	450	14	61	758	90	788	2.3e-105	379.8
3300029682.a:Ga0242767_100181_37	gnl|TC-DB|P0A2L3|9.A.40.1.2	42.1	280	154	4	11	284	15	292	6.3e-56	214.2
3300029682.a:Ga0242767_100181_61	gnl|TC-DB|Q5G3M3|3.A.7.19.1	33.0	115	73	2	24	137	2	113	1.0e-11	66.6
3300029682.a:Ga0242767_100181_63	gnl|TC-DB|C0QYK9|2.A.115.2.8	43.4	189	106	1	10	198	16	203	2.5e-33	138.7
3300029682.a:Ga0242767_100181_64	gnl|TC-DB|P39285|1.A.23.1.3	32.1	215	145	1	266	480	873	1086	7.9e-22	101.7
3300029682.a:Ga0242767_100181_67	gnl|TC-DB|P0ABU9|1.A.30.2.2	49.5	222	109	1	6	227	3	221	1.9e-52	202.2
3300029682.a:Ga0242767_100181_69	gnl|TC-DB|P33950|3.A.1.5.27	23.7	447	258	13	237	675	152	523	1.7e-20	97.8
3300029682.a:Ga0242767_100181_70	gnl|TC-DB|Q2FZR7|3.A.1.5.19	27.1	329	211	6	1	325	1	304	1.8e-27	119.8
3300029682.a:Ga0242767_100181_71	gnl|TC-DB|Q9X270|3.A.1.5.15	31.8	239	142	5	224	462	68	285	1.1e-25	114.4
3300029682.a:Ga0242767_100181_72	gnl|TC-DB|P63395|3.A.1.5.26	41.1	620	329	9	1	600	4	607	3.3e-123	438.7
3300029682.a:Ga0242767_100181_74	gnl|TC-DB|Q6MDD6|3.A.7.16.1	26.8	493	251	17	162	642	325	719	2.1e-27	120.6
3300029682.a:Ga0242767_100181_81	gnl|TC-DB|P0AGD7|3.A.5.1.1	60.0	457	177	3	1	456	1	452	5.9e-149	523.9
3300029682.a:Ga0242767_100181_86	gnl|TC-DB|Q5JIF7|2.A.114.1.3	38.2	513	269	10	1	476	1	502	1.8e-83	306.6
3300029682.a:Ga0242767_100181_90	gnl|TC-DB|P0AAF1|2.A.3.2.1	66.0	432	146	1	1	431	1	432	4.0e-163	570.9
3300029682.a:Ga0242767_100160_5	gnl|TC-DB|P39314|2.A.7.3.19	31.5	308	206	2	1	304	1	307	7.8e-44	174.1
3300029682.a:Ga0242767_100160_6	gnl|TC-DB|P0AEQ3|3.A.1.3.2	42.1	247	134	4	12	255	4	244	8.6e-49	190.3
3300029682.a:Ga0242767_100160_7	gnl|TC-DB|Q8YSA2|3.A.1.3.17	51.9	214	98	1	6	214	272	485	2.5e-52	201.8
3300029682.a:Ga0242767_100160_8	gnl|TC-DB|Q9CES4|3.A.1.3.25	62.7	241	89	1	8	247	5	245	7.0e-80	293.5
3300029682.a:Ga0242767_100160_9	gnl|TC-DB|Q99ZY6|3.A.1.34.1	33.1	281	186	2	42	322	41	319	1.2e-39	160.2
3300029682.a:Ga0242767_100160_10	gnl|TC-DB|Q99ZY4|3.A.1.34.1	34.7	285	181	2	4	287	1	281	1.2e-38	156.8
3300029682.a:Ga0242767_100160_11	gnl|TC-DB|Q99ZY3|3.A.1.34.1	51.1	231	113	0	19	249	22	252	4.0e-57	218.0
3300029682.a:Ga0242767_100160_21	gnl|TC-DB|F4K2G0|3.D.1.8.1	35.5	152	82	7	33	178	103	244	3.9e-11	64.7
3300029682.a:Ga0242767_100160_33	gnl|TC-DB|Q9I3N2|9.B.14.1.7	52.8	653	301	5	1	650	1	649	2.8e-189	658.3
3300029682.a:Ga0242767_100160_36	gnl|TC-DB|Q9I3N5|9.B.14.2.4	45.7	230	124	1	9	237	12	241	7.2e-53	203.8
3300029682.a:Ga0242767_100160_37	gnl|TC-DB|K6BIH6|3.A.1.107.4	45.9	220	119	0	1	220	1	220	2.8e-48	188.3
3300029682.a:Ga0242767_100160_38	gnl|TC-DB|Q8XE58|3.A.1.107.3	48.8	207	101	2	8	214	4	205	1.7e-48	189.1
3300029682.a:Ga0242767_100160_39	gnl|TC-DB|T2K7C6|3.D.7.2.3	65.1	352	119	2	3	354	5	352	8.8e-140	493.0
3300029682.a:Ga0242767_100160_40	gnl|TC-DB|T2K7N8|3.D.7.2.3	60.2	590	229	3	2	589	15	600	1.8e-222	768.5
3300029682.a:Ga0242767_100160_41	gnl|TC-DB|T2K6Q3|3.D.7.2.3	37.6	229	141	2	4	231	20	247	4.1e-43	171.4
3300029682.a:Ga0242767_100160_43	gnl|TC-DB|T2K766|3.D.7.2.3	37.9	182	107	4	10	190	7	183	1.1e-30	129.8
3300029682.a:Ga0242767_100160_46	gnl|TC-DB|T2K7M7|3.D.7.2.3	31.6	285	178	9	10	289	10	282	3.5e-33	138.7
3300029682.a:Ga0242767_100160_47	gnl|TC-DB|T2K7M7|3.D.7.2.3	52.7	55	26	0	17	71	292	346	1.0e-14	75.5
3300029682.a:Ga0242767_100160_59	gnl|TC-DB|G8UJK3|9.B.124.1.7	31.5	143	75	3	6	125	2	144	3.2e-13	71.6
3300029682.a:Ga0242767_100160_60	gnl|TC-DB|P0AG93|2.A.6.4.1	42.3	300	170	3	8	304	15	314	7.0e-61	230.7
3300029682.a:Ga0242767_100160_61	gnl|TC-DB|P0AG90|2.A.6.4.1	43.8	623	314	13	1	606	12	615	3.0e-124	442.2
3300029682.a:Ga0242767_100160_62	gnl|TC-DB|P0ADZ7|3.A.5.1.1	43.0	114	56	3	2	115	4	108	3.3e-16	80.9
3300029682.a:Ga0242767_100160_66	gnl|TC-DB|P55072|3.A.16.1.1	42.0	250	144	1	156	404	474	723	3.9e-56	216.1
3300029682.a:Ga0242767_100160_84	gnl|TC-DB|A7NLS3|3.A.1.17.7	26.9	193	141	0	77	269	82	274	4.8e-13	71.6
3300029682.a:Ga0242767_100160_85	gnl|TC-DB|O05347|3.A.1.16.2	42.7	227	128	1	21	245	43	269	8.2e-50	193.7
3300029682.a:Ga0242767_100160_93	gnl|TC-DB|P40290|3.A.6.1.1	26.9	268	181	6	138	396	128	389	1.2e-15	80.9
3300029682.a:Ga0242767_100160_95	gnl|TC-DB|Q1llf9|9.B.142.2.10	28.6	573	397	6	6	572	12	578	9.8e-61	231.1
3300029682.a:Ga0242767_100160_96	gnl|TC-DB|Q9JV27|2.A.66.1.10	30.7	443	294	5	22	459	23	457	2.9e-55	212.6
3300029682.a:Ga0242767_100160_98	gnl|TC-DB|P23894|9.B.1.1.6	47.0	300	136	7	4	294	3	288	1.4e-58	223.0
3300029682.a:Ga0242767_100160_112	gnl|TC-DB|P0A910|1.B.6.1.1	46.6	133	61	3	82	210	213	339	3.5e-24	108.2
3300029682.a:Ga0242767_100160_115	gnl|TC-DB|P77783|5.A.3.3.1	23.7	872	506	38	2	817	13	781	7.3e-36	149.1
3300029682.a:Ga0242767_100160_116	gnl|TC-DB|Q5P036|5.A.3.11.1	37.4	246	106	5	1	246	1	198	2.1e-39	159.1
3300029682.a:Ga0242767_100160_120	gnl|TC-DB|A6VIJ1|2.A.119.1.3	30.7	257	171	2	48	304	66	315	5.5e-26	114.8
3300029682.a:Ga0242767_101167_5	gnl|TC-DB|P77374|5.A.3.3.1	28.6	405	237	12	1	358	7	406	2.8e-28	123.6
3300029682.a:Ga0242767_101167_6	gnl|TC-DB|Q9HR73|5.A.3.3.3	33.0	218	120	5	1	201	1	209	5.7e-30	127.5
3300029682.a:Ga0242767_101167_16	gnl|TC-DB|Q74FY6|5.B.3.1.1	56.5	85	37	0	32	116	47	131	7.7e-24	106.3
3300029682.a:Ga0242767_101167_19	gnl|TC-DB|P0ABN5|2.A.13.1.1	56.2	441	184	4	4	444	1	432	5.5e-120	427.6
3300029682.a:Ga0242767_100503_1	gnl|TC-DB|E0SFK1|2.A.69.3.2	42.1	302	173	2	16	317	15	314	3.3e-61	231.9
3300029682.a:Ga0242767_100503_2	gnl|TC-DB|E2IFU4|1.B.1.4.8	30.9	282	155	7	1	253	1	271	1.5e-19	93.6
3300029682.a:Ga0242767_100503_3	gnl|TC-DB|E2IFU4|1.B.1.4.8	30.1	425	229	19	1	388	1	394	1.3e-24	110.5
3300029682.a:Ga0242767_100503_4	gnl|TC-DB|Q04064|1.B.1.4.1	28.2	426	239	16	1	400	1	385	9.7e-23	104.4
3300029682.a:Ga0242767_100503_5	gnl|TC-DB|Q04064|1.B.1.4.1	25.9	397	234	12	1	349	1	385	7.9e-21	97.8
3300029682.a:Ga0242767_100503_6	gnl|TC-DB|Q04064|1.B.1.4.1	28.1	402	213	11	1	343	1	385	6.6e-28	121.3
3300029682.a:Ga0242767_100503_10	gnl|TC-DB|A4QAL6|2.A.47.1.12	38.4	489	278	9	18	491	33	513	3.9e-90	328.6
3300029682.a:Ga0242767_100503_11	gnl|TC-DB|A2RKA7|3.A.1.2.17	40.6	498	282	6	5	491	7	501	7.4e-97	350.9
3300029682.a:Ga0242767_100503_12	gnl|TC-DB|O83342|3.A.1.2.10	28.8	351	224	7	22	352	49	393	3.8e-26	115.5
3300029682.a:Ga0242767_100503_13	gnl|TC-DB|Q9WXW0|3.A.1.2.18	31.5	302	191	5	11	302	20	315	2.6e-28	122.5
3300029682.a:Ga0242767_100503_14	gnl|TC-DB|D2BKA1|3.A.1.2.17	31.5	130	88	1	110	238	98	227	1.3e-11	67.4
3300029682.a:Ga0242767_100503_18	gnl|TC-DB|P0AG34|2.A.76.1.1	30.8	195	127	2	9	202	9	196	6.7e-15	77.4
3300029682.a:Ga0242767_100503_25	gnl|TC-DB|Q04064|1.B.1.4.1	28.9	398	227	18	1	355	1	385	2.7e-16	82.8
3300029682.a:Ga0242767_100503_27	gnl|TC-DB|B5XTS7|9.A.8.1.10	46.2	656	339	9	3	651	2	650	6.2e-155	544.3
3300029682.a:Ga0242767_100503_30	gnl|TC-DB|P24305|1.B.1.6.1	30.6	340	195	15	3	332	1	309	1.3e-18	90.5
3300029682.a:Ga0242767_100503_31	gnl|TC-DB|P0AG38|2.A.76.1.2	53.9	204	91	2	1	202	1	203	1.1e-52	203.0
3300029682.a:Ga0242767_100503_32	gnl|TC-DB|P0AF32|5.A.3.1.2	35.6	219	137	3	13	231	10	224	6.6e-35	144.1
3300029682.a:Ga0242767_100503_33	gnl|TC-DB|P19318|5.A.3.1.2	57.6	500	192	4	1	497	1	483	2.3e-181	631.7
3300029682.a:Ga0242767_100503_34	gnl|TC-DB|P09152|5.A.3.1.1	53.8	1251	562	10	1	1247	1	1239	0.0e+00	1444.9
3300029682.a:Ga0242767_100503_35	gnl|TC-DB|Q9RA45|2.A.1.8.9	46.4	431	224	4	8	431	13	443	2.6e-106	382.1
3300029682.a:Ga0242767_100503_40	gnl|TC-DB|P31077|5.A.3.5.2	40.2	301	166	5	17	303	13	313	6.3e-46	181.0
3300029682.a:Ga0242767_100503_41	gnl|TC-DB|P31076|5.A.3.5.2	46.2	182	93	3	38	216	4	183	3.2e-44	174.9
3300029682.a:Ga0242767_102637_2	gnl|TC-DB|P38101|2.A.76.1.4	31.9	191	129	1	4	194	6	195	3.6e-23	104.8
3300029682.a:Ga0242767_101611_1	gnl|TC-DB|O67997|1.A.11.1.4	62.0	413	155	1	9	419	25	437	2.2e-142	501.9
3300029682.a:Ga0242767_101611_7	gnl|TC-DB|X5H3P0|3.D.10.1.6	29.1	475	248	16	19	462	8	424	1.5e-30	130.6
3300029682.a:Ga0242767_101611_10	gnl|TC-DB|Q9HV74|2.A.21.9.1	24.4	344	204	10	17	325	635	957	2.1e-16	83.2
3300029682.a:Ga0242767_102693_1	gnl|TC-DB|B9DIS8|9.B.97.5.1	30.8	182	116	5	11	185	53	231	3.0e-15	78.6
3300029682.a:Ga0242767_102693_5	gnl|TC-DB|Q8TZX5|2.A.66.1.45	25.7	459	310	5	30	471	8	452	3.8e-34	142.5
3300029682.a:Ga0242767_100883_1	gnl|TC-DB|Q87TN7|2.A.38.1.5	41.1	482	279	3	15	493	6	485	3.3e-105	378.6
3300029682.a:Ga0242767_100883_2	gnl|TC-DB|P0AGI8|2.A.38.1.1	41.3	470	262	5	1	469	1	457	1.6e-101	366.3
3300029682.a:Ga0242767_100883_4	gnl|TC-DB|Q9HV74|2.A.21.9.1	26.8	369	234	13	373	725	612	960	3.8e-20	96.7
3300029682.a:Ga0242767_100883_10	gnl|TC-DB|Q07711|3.A.7.7.1	31.4	727	445	18	4	706	3	699	7.3e-81	298.5
3300029682.a:Ga0242767_100883_14	gnl|TC-DB|Q52812|3.A.1.3.8	53.5	342	156	2	1	340	1	341	7.0e-107	383.6
3300029682.a:Ga0242767_100883_15	gnl|TC-DB|P45767|3.A.1.3.26	41.5	369	205	5	20	379	20	386	3.0e-61	232.3
3300029682.a:Ga0242767_100883_16	gnl|TC-DB|Q52814|3.A.1.3.8	46.7	291	150	3	63	351	91	378	1.2e-67	253.4
3300029682.a:Ga0242767_100883_25	gnl|TC-DB|P38919|3.A.18.1.1	35.1	367	230	4	6	370	40	400	1.9e-59	226.9
3300029682.a:Ga0242767_104099_5	gnl|TC-DB|R4JTF7|2.A.56.1.9	28.3	223	140	3	1	223	134	336	5.1e-21	97.8
3300029682.a:Ga0242767_102741_2	gnl|TC-DB|P30145|2.A.25.1.2	51.1	444	213	3	43	483	1	443	2.5e-116	415.6
3300029682.a:Ga0242767_102741_6	gnl|TC-DB|Q1LJ96|9.B.27.2.4	41.1	207	122	0	1	207	1	207	1.0e-42	169.9
3300029682.a:Ga0242767_104248_2	gnl|TC-DB|C9LS91|1.B.12.2.4	33.9	292	177	8	469	749	2143	2429	6.0e-42	169.1
3300029682.a:Ga0242767_104314_2	gnl|TC-DB|Q47EV0|2.A.1.56.1	42.6	390	220	3	10	399	13	398	4.2e-82	301.6
3300029682.a:Ga0242767_100137_34	gnl|TC-DB|Q7VSX9|3.A.7.3.1	36.7	810	487	10	8	801	13	812	1.4e-145	513.5
3300029682.a:Ga0242767_100137_38	gnl|TC-DB|Q91UR4|3.A.7.3.1	42.7	241	135	3	1	240	1	239	2.8e-49	191.8
3300029682.a:Ga0242767_100137_39	gnl|TC-DB|Q9RPX6|3.A.7.3.1	33.9	280	150	6	17	273	15	282	2.4e-36	149.1
3300029682.a:Ga0242767_100137_40	gnl|TC-DB|Q91UR6|3.A.7.3.1	53.7	205	94	1	184	387	174	378	1.7e-59	226.5
3300029682.a:Ga0242767_100137_43	gnl|TC-DB|Q91UW6|3.A.7.3.1	51.7	344	152	6	2	342	13	345	6.5e-92	334.0
3300029682.a:Ga0242767_100137_44	gnl|TC-DB|P13464|3.A.7.1.1	29.9	528	324	18	43	547	39	543	1.7e-47	187.6
3300029682.a:Ga0242767_100137_46	gnl|TC-DB|Q07711|3.A.7.7.1	29.6	621	391	15	5	608	4	595	9.5e-62	234.6
3300029682.a:Ga0242767_100137_52	gnl|TC-DB|P0AFK9|3.A.1.11.1	26.3	255	159	7	41	277	42	285	1.1e-11	67.4
3300029682.a:Ga0242767_100137_59	gnl|TC-DB|P10408|3.A.5.1.1	59.5	907	341	3	1	888	2	901	8.6e-298	1019.2
3300029682.a:Ga0242767_100137_68	gnl|TC-DB|P0ABG4|2.A.103.1.1	41.3	366	207	4	40	404	45	403	3.6e-73	271.9
3300029682.a:Ga0242767_100137_70	gnl|TC-DB|P0A6W3|9.B.146.1.6	52.5	387	153	6	5	387	1	360	1.7e-104	375.9
3300029682.a:Ga0242767_100137_80	gnl|TC-DB|F8KY45|5.A.1.5.3	35.5	724	406	17	17	692	5	715	4.9e-99	358.6
3300029682.a:Ga0242767_100137_84	gnl|TC-DB|P45428|2.A.61.1.2	37.1	448	275	4	9	452	7	451	7.3e-67	251.1
3300029682.a:Ga0242767_100137_88	gnl|TC-DB|P25744|2.A.1.2.20	28.5	386	271	4	1	383	10	393	5.1e-40	161.8
3300029682.a:Ga0242767_100137_95	gnl|TC-DB|Q0PBV6|9.A.40.2.2	32.8	433	279	6	7	434	26	451	6.4e-60	228.0
3300029682.a:Ga0242767_100137_107	gnl|TC-DB|B7L5V2|1.A.34.1.3	26.9	227	154	5	178	404	3	217	2.3e-20	96.7
3300029682.a:Ga0242767_100137_121	gnl|TC-DB|Q9F350|3.A.1.5.35	49.1	318	161	1	9	325	2	319	3.3e-85	311.6
3300029682.a:Ga0242767_100137_122	gnl|TC-DB|O86571|3.A.1.5.34	37.9	177	101	3	2	174	161	332	2.9e-27	118.2
3300029682.a:Ga0242767_100137_123	gnl|TC-DB|W0WMS8|3.A.1.5.39	41.9	93	44	3	9	100	17	100	1.6e-13	72.4
3300029682.a:Ga0242767_100137_125	gnl|TC-DB|W0WN20|3.A.1.5.39	37.5	333	194	3	1	319	1	333	6.6e-54	207.6
3300029682.a:Ga0242767_100137_126	gnl|TC-DB|P33950|3.A.1.5.27	28.1	474	293	13	29	479	65	513	1.4e-39	160.6
