DeoRC	160	3300011230.a:Ga0122837_100001_104	224	7.3e-07	2	66	7	70	0.4
PALP	294	3300011230.a:Ga0122837_100001_105	513	7.2e-77	4	294	17	314	0.9863945578231292
TrkA_C	70	3300011230.a:Ga0122837_100001_106	217	3.9e-07	4	69	149	215	0.9285714285714286
PfkB	302	3300011230.a:Ga0122837_100001_110	335	5.1e-54	24	299	49	319	0.9105960264900662
HTH_1	60	3300011230.a:Ga0122837_100001_116	312	8.9e-23	2	60	9	67	0.9666666666666667
LysR_substrate	209	3300011230.a:Ga0122837_100001_116	312	7.1e-33	2	207	91	307	0.9808612440191388
HTH_1	60	3300011230.a:Ga0122837_100001_118	301	4e-14	1	59	5	63	0.9666666666666667
LysR_substrate	209	3300011230.a:Ga0122837_100001_118	301	4.4e-43	2	208	89	296	0.9856459330143541
MarR	59	3300011230.a:Ga0122837_100001_124	156	1.2e-07	7	58	52	103	0.864406779661017
HTH_3	55	3300011230.a:Ga0122837_100001_165	251	3.9e-08	8	54	36	83	0.8363636363636363
Pyr_redox_2	292	3300011230.a:Ga0122837_100001_183	467	9.3e-69	1	292	6	326	0.9965753424657534
HTH_1	60	3300011230.a:Ga0122837_100001_189	315	2.8e-17	2	60	15	73	0.9666666666666667
LysR_substrate	209	3300011230.a:Ga0122837_100001_189	315	3.1e-20	5	206	101	300	0.9617224880382775
Pyr_redox	81	3300011230.a:Ga0122837_100001_190	427	1.9e-07	1	33	2	34	0.3950617283950617
HTH_18	81	3300011230.a:Ga0122837_100001_193	336	4.9e-17	2	78	259	333	0.9382716049382716
Pyr_redox_2	292	3300011230.a:Ga0122837_100001_194	504	1e-11	2	171	15	210	0.5787671232876712
HTH_3	55	3300011230.a:Ga0122837_100001_197	183	1.1e-16	1	55	12	66	0.9818181818181818
TetR_N	47	3300011230.a:Ga0122837_100001_213	203	9.6e-13	1	44	14	57	0.9148936170212766
Sigma70_r4_2	54	3300011230.a:Ga0122837_100001_222	296	2.2e-05	22	47	149	174	0.46296296296296297
CbiA	128	3300011230.a:Ga0122837_100001_223	261	1.1e-29	1	128	5	228	0.9921875
HATPase_c	111	3300011230.a:Ga0122837_100001_231	655	8.8e-08	5	62	30	85	0.5135135135135135
HTH_1	60	3300011230.a:Ga0122837_100001_237	306	1.1e-14	1	59	4	62	0.9666666666666667
LysR_substrate	209	3300011230.a:Ga0122837_100001_237	306	1.3e-36	4	205	90	294	0.9617224880382775
dCache_1	249	3300011230.a:Ga0122837_100001_24	525	7.6e-19	11	248	57	272	0.9518072289156626
GGDEF	161	3300011230.a:Ga0122837_100001_24	525	1.5e-47	2	161	371	520	0.9875776397515528
Peripla_BP_2	238	3300011230.a:Ga0122837_100001_240	316	1.2e-35	1	237	56	291	0.9915966386554622
HTH_11	55	3300011230.a:Ga0122837_100001_244	162	1.7e-05	3	42	13	51	0.7090909090909091
AsnC_trans_reg	75	3300011230.a:Ga0122837_100001_244	162	2.5e-28	1	74	74	147	0.9733333333333334
BLUF	92	3300011230.a:Ga0122837_100001_25	147	5.8e-27	1	92	3	96	0.9891304347826086
Pkinase	264	3300011230.a:Ga0122837_100001_255	435	3.4e-06	29	252	169	406	0.8446969696969697
HTH_18	81	3300011230.a:Ga0122837_100001_261	342	2e-19	1	80	259	336	0.9753086419753086
BLUF	92	3300011230.a:Ga0122837_100001_27	148	3.9e-26	3	92	5	96	0.967391304347826
BLUF	92	3300011230.a:Ga0122837_100001_285	123	3.4e-25	18	92	2	76	0.8043478260869565
HTH_8	42	3300011230.a:Ga0122837_100001_295	90	3.5e-17	2	41	44	83	0.9285714285714286
Pkinase	264	3300011230.a:Ga0122837_100001_300	267	8e-22	91	212	107	224	0.4583333333333333
AAA	132	3300011230.a:Ga0122837_100001_302	291	9.1e-08	1	117	86	187	0.8787878787878788
Pribosyltran	159	3300011230.a:Ga0122837_100001_311	513	1e-11	16	121	279	393	0.660377358490566
Nitroreductase	170	3300011230.a:Ga0122837_100001_318	192	9.1e-22	1	169	13	168	0.9882352941176471
Sigma70_r2	71	3300011230.a:Ga0122837_100001_323	290	2.1e-18	1	70	57	126	0.971830985915493
Sigma70_r4	50	3300011230.a:Ga0122837_100001_323	290	3.8e-17	1	49	233	283	0.96
CheR	195	3300011230.a:Ga0122837_100001_329	225	4.7e-05	15	84	28	87	0.35384615384615387
AAA	132	3300011230.a:Ga0122837_100001_337	860	1.5e-15	2	126	200	332	0.9393939393939394
AAA	132	3300011230.a:Ga0122837_100001_337	860	2.8e-11	2	111	600	718	0.8257575757575758
cNMP_binding	88	3300011230.a:Ga0122837_100001_339	239	6.1e-24	3	87	33	119	0.9545454545454546
Crp	32	3300011230.a:Ga0122837_100001_339	239	1.5e-16	1	32	176	207	0.96875
BLUF	92	3300011230.a:Ga0122837_100001_34	159	1.1e-27	1	92	2	96	0.9891304347826086
ACT	67	3300011230.a:Ga0122837_100001_348	427	2.8e-12	4	64	279	336	0.8955223880597015
ACT	67	3300011230.a:Ga0122837_100001_348	427	2.2e-08	2	38	357	393	0.5373134328358209
CsrA	53	3300011230.a:Ga0122837_100001_349	85	1.1e-28	1	52	1	52	0.9622641509433962
STAS	117	3300011230.a:Ga0122837_100001_357	485	6.2e-11	7	104	397	483	0.8290598290598291
AAA	132	3300011230.a:Ga0122837_100001_362	320	3.3e-06	4	110	64	170	0.803030303030303
EAL	238	3300011230.a:Ga0122837_100001_368	707	8e-23	3	237	462	695	0.9831932773109243
Glyoxalase	128	3300011230.a:Ga0122837_100001_371	134	1.4e-25	2	128	3	123	0.984375
HTH_1	60	3300011230.a:Ga0122837_100001_376	310	1.3e-22	1	60	5	64	0.9833333333333333
LysR_substrate	209	3300011230.a:Ga0122837_100001_376	310	2.8e-34	2	208	89	296	0.9856459330143541
Peptidase_M23	96	3300011230.a:Ga0122837_100001_377	274	2.3e-29	3	96	173	266	0.96875
NUDIX	131	3300011230.a:Ga0122837_100001_383	162	6.2e-20	5	124	7	126	0.9083969465648855
Peptidase_M23	96	3300011230.a:Ga0122837_100001_39	184	1.2e-26	2	96	77	176	0.9791666666666666
AsnC_trans_reg	75	3300011230.a:Ga0122837_100001_397	160	3.9e-16	1	74	67	140	0.9733333333333334
TetR_N	47	3300011230.a:Ga0122837_100001_403	232	6.2e-11	3	47	42	87	0.9361702127659575
Aminotran_1_2	363	3300011230.a:Ga0122837_100001_409	434	1.1e-05	170	354	225	415	0.5068870523415978
CYTH	179	3300011230.a:Ga0122837_100001_412	494	1.1e-22	1	178	1	196	0.9888268156424581
Pyr_redox_2	292	3300011230.a:Ga0122837_100001_426	424	8.4e-56	2	292	7	332	0.9931506849315068
HD	122	3300011230.a:Ga0122837_100001_433	416	2.5e-06	3	92	230	308	0.7295081967213115
Rrf2	83	3300011230.a:Ga0122837_100001_55	158	1.4e-32	1	83	1	83	0.9879518072289156
Guanylate_cyc	183	3300011230.a:Ga0122837_100001_62	503	8.1e-34	6	181	225	407	0.9562841530054644
ATPase_2	233	3300011230.a:Ga0122837_100001_75	349	3.3e-06	21	125	59	192	0.44635193133047213
HTH_11	55	3300011230.a:Ga0122837_100001_8	93	5.6e-06	5	39	26	61	0.6181818181818182
PAS	113	3300011230.a:Ga0122837_100001_90	370	1.1e-09	2	96	8	102	0.831858407079646
HisKA	64	3300011230.a:Ga0122837_100001_90	370	1.4e-14	3	55	139	193	0.8125
HATPase_c	111	3300011230.a:Ga0122837_100001_90	370	2.4e-16	2	108	242	361	0.954954954954955
Response_reg	112	3300011230.a:Ga0122837_100001_91	492	1.3e-31	1	111	6	115	0.9821428571428571
HTH_8	42	3300011230.a:Ga0122837_100001_91	492	1.6e-16	5	42	439	476	0.8809523809523809
Citrate_synt	361	3300011230.a:Ga0122837_100001_93	381	2.7e-120	1	360	11	357	0.9944598337950139
TetR_N	47	3300011230.a:Ga0122837_100001_95	193	6e-18	2	47	4	49	0.9574468085106383
AAA	132	3300011230.a:Ga0122837_100001_99	759	7.3e-15	2	88	211	306	0.6515151515151515
AAA	132	3300011230.a:Ga0122837_100001_99	759	3.1e-12	2	116	491	612	0.8636363636363636
Peptidase_M23	96	3300011230.a:Ga0122837_100002_104	229	3.6e-33	2	96	126	220	0.9791666666666666
CBS	57	3300011230.a:Ga0122837_100002_110	489	2.4e-12	4	50	89	137	0.8070175438596491
CBS	57	3300011230.a:Ga0122837_100002_110	489	2.4e-06	1	55	148	204	0.9473684210526315
HTH_5	47	3300011230.a:Ga0122837_100002_119	102	2.1e-09	17	46	44	73	0.6170212765957447
Response_reg	112	3300011230.a:Ga0122837_100002_129	217	7.6e-26	1	111	3	115	0.9821428571428571
GerE	57	3300011230.a:Ga0122837_100002_129	217	1.3e-21	1	55	150	204	0.9473684210526315
HTH_1	60	3300011230.a:Ga0122837_100002_13	302	1.9e-17	3	60	7	64	0.95
LysR_substrate	209	3300011230.a:Ga0122837_100002_13	302	6.9e-28	8	206	95	293	0.9473684210526315
PAS	113	3300011230.a:Ga0122837_100002_131	1166	1.4e-06	5	91	655	748	0.7610619469026548
HisKA	64	3300011230.a:Ga0122837_100002_131	1166	2.8e-10	1	64	804	869	0.984375
HATPase_c	111	3300011230.a:Ga0122837_100002_131	1166	2.5e-18	2	108	914	1024	0.954954954954955
Response_reg	112	3300011230.a:Ga0122837_100002_131	1166	4.9e-13	1	109	1048	1153	0.9642857142857143
GGDEF	161	3300011230.a:Ga0122837_100002_138	566	1.1e-43	1	160	409	562	0.9875776397515528
HTH_18	81	3300011230.a:Ga0122837_100002_157	333	4.9e-21	2	79	249	324	0.9506172839506173
TetR_N	47	3300011230.a:Ga0122837_100002_16	211	9.8e-16	1	44	17	60	0.9148936170212766
HisKA	64	3300011230.a:Ga0122837_100002_172	486	4.4e-10	5	60	264	314	0.859375
HATPase_c	111	3300011230.a:Ga0122837_100002_172	486	1.3e-20	5	107	358	458	0.918918918918919
Response_reg	112	3300011230.a:Ga0122837_100002_173	255	2.7e-31	1	112	23	133	0.9910714285714286
Trans_reg_C	77	3300011230.a:Ga0122837_100002_173	255	1.4e-23	1	77	172	248	0.987012987012987
Aminotran_1_2	363	3300011230.a:Ga0122837_100002_178	426	8e-13	46	231	62	216	0.509641873278237
SBP_bac_1	315	3300011230.a:Ga0122837_100002_184	339	7.4e-12	5	314	40	278	0.9809523809523809
SKI	158	3300011230.a:Ga0122837_100002_198	184	1.3e-55	1	157	18	174	0.9873417721518988
GATase_2	420	3300011230.a:Ga0122837_100002_201	1492	1.7e-162	1	420	25	437	0.9976190476190476
Pyr_redox_2	292	3300011230.a:Ga0122837_100002_202	474	7.6e-27	1	292	150	460	0.9965753424657534
HD	122	3300011230.a:Ga0122837_100002_213	700	1.6e-10	3	122	53	148	0.9754098360655737
Hemerythrin	131	3300011230.a:Ga0122837_100002_233	152	5e-14	2	130	3	119	0.9770992366412213
ACT	67	3300011230.a:Ga0122837_100002_236	411	2e-08	8	65	347	400	0.8507462686567164
CbiA	128	3300011230.a:Ga0122837_100002_242	215	4.7e-17	1	125	4	181	0.96875
CBS	57	3300011230.a:Ga0122837_100002_256	369	1.7e-10	2	54	237	289	0.9122807017543859
CBS	57	3300011230.a:Ga0122837_100002_256	369	5.4e-14	1	55	304	357	0.9473684210526315
HTH_1	60	3300011230.a:Ga0122837_100002_26	303	8.4e-19	2	60	6	64	0.9666666666666667
LysR_substrate	209	3300011230.a:Ga0122837_100002_26	303	9.8e-45	3	208	90	292	0.9808612440191388
AAA	132	3300011230.a:Ga0122837_100002_268	273	6e-05	3	46	43	91	0.32575757575757575
NUDIX	131	3300011230.a:Ga0122837_100002_275	134	2.2e-16	5	130	6	124	0.9541984732824428
Pribosyltran	159	3300011230.a:Ga0122837_100002_276	212	6.9e-10	40	125	116	207	0.5345911949685535
GntR	64	3300011230.a:Ga0122837_100002_28	476	6.1e-08	3	64	6	67	0.953125
Aminotran_1_2	363	3300011230.a:Ga0122837_100002_28	476	3e-33	18	348	120	447	0.9090909090909091
Rrf2	83	3300011230.a:Ga0122837_100002_283	150	6.7e-20	1	82	1	81	0.9759036144578314
Pyr_redox_2	292	3300011230.a:Ga0122837_100002_315	497	2.5e-06	2	174	6	211	0.589041095890411
Peptidase_M23	96	3300011230.a:Ga0122837_100002_32	179	2.2e-25	2	92	72	166	0.9375
HhH-GPD	108	3300011230.a:Ga0122837_100002_33	344	6.6e-19	1	104	35	164	0.9537037037037037
Pribosyltran	159	3300011230.a:Ga0122837_100002_331	192	4e-07	28	127	49	157	0.6226415094339622
MerR	38	3300011230.a:Ga0122837_100002_39	135	7.9e-16	1	38	4	41	0.9736842105263158
AAA	132	3300011230.a:Ga0122837_100002_41	424	1.3e-17	1	126	45	147	0.946969696969697
GntR	64	3300011230.a:Ga0122837_100002_50	471	8.5e-16	5	64	13	72	0.921875
Aminotran_1_2	363	3300011230.a:Ga0122837_100002_50	471	1.6e-35	19	362	121	457	0.9449035812672176
SIS	131	3300011230.a:Ga0122837_100002_52	613	1.2e-30	5	130	290	420	0.9541984732824428
SIS	131	3300011230.a:Ga0122837_100002_52	613	1.4e-28	3	130	466	594	0.9694656488549618
Rhodanese	107	3300011230.a:Ga0122837_100002_67	282	6.2e-15	2	106	13	122	0.9719626168224299
Rhodanese	107	3300011230.a:Ga0122837_100002_67	282	3.8e-17	4	105	157	267	0.9439252336448598
HisKA	64	3300011230.a:Ga0122837_100002_69	453	2.7e-20	1	63	224	289	0.96875
HATPase_c	111	3300011230.a:Ga0122837_100002_69	453	1.1e-25	4	110	338	446	0.954954954954955
Response_reg	112	3300011230.a:Ga0122837_100002_70	237	3e-30	1	112	6	119	0.9910714285714286
Trans_reg_C	77	3300011230.a:Ga0122837_100002_70	237	4.9e-27	4	77	155	227	0.948051948051948
TetR_N	47	3300011230.a:Ga0122837_100002_71	226	1.3e-08	1	45	39	83	0.9361702127659575
Aminotran_1_2	363	3300011230.a:Ga0122837_100002_74	385	1.9e-64	4	362	29	380	0.9862258953168044
HATPase_c	111	3300011230.a:Ga0122837_100002_82	627	1.3e-21	2	108	27	170	0.954954954954955
Pribosyltran	159	3300011230.a:Ga0122837_100002_91	217	8.2e-17	6	129	45	163	0.7735849056603774
AAA	132	3300011230.a:Ga0122837_100003_107	354	3.6e-05	2	66	32	162	0.48484848484848486
HTH_1	60	3300011230.a:Ga0122837_100003_108	308	1.9e-17	1	60	3	64	0.9833333333333333
LysR_substrate	209	3300011230.a:Ga0122837_100003_108	308	3.4e-41	4	195	91	281	0.9138755980861244
Nitroreductase	170	3300011230.a:Ga0122837_100003_117	261	1.7e-36	1	169	36	237	0.9882352941176471
HD	122	3300011230.a:Ga0122837_100003_121	444	4.4e-11	1	71	63	145	0.5737704918032787
AAA	132	3300011230.a:Ga0122837_100003_123	335	3e-19	2	130	56	178	0.9696969696969697
Pyr_redox_2	292	3300011230.a:Ga0122837_100003_124	515	8.9e-15	1	186	24	235	0.6335616438356164
Glycos_trans_3N	63	3300011230.a:Ga0122837_100003_13	334	2e-18	3	61	21	80	0.9206349206349206
Sigma70_r4_2	54	3300011230.a:Ga0122837_100003_136	214	1e-17	2	51	144	193	0.9074074074074074
AsnC_trans_reg	75	3300011230.a:Ga0122837_100003_165	165	6.6e-18	9	69	85	146	0.8
Response_reg	112	3300011230.a:Ga0122837_100003_177	232	6.1e-28	1	112	10	119	0.9910714285714286
Trans_reg_C	77	3300011230.a:Ga0122837_100003_177	232	1.6e-20	2	76	153	227	0.961038961038961
HisKA	64	3300011230.a:Ga0122837_100003_178	887	1.4e-13	2	62	660	725	0.9375
HATPase_c	111	3300011230.a:Ga0122837_100003_178	887	2e-18	6	109	776	881	0.9279279279279279
Pyr_redox_2	292	3300011230.a:Ga0122837_100003_186	677	9.1e-26	1	247	376	641	0.8424657534246576
GntR	64	3300011230.a:Ga0122837_100003_189	248	2.5e-18	2	64	4	66	0.96875
NUDIX	131	3300011230.a:Ga0122837_100003_19	300	5.6e-17	3	130	7	125	0.9694656488549618
GGDEF	161	3300011230.a:Ga0122837_100003_192	420	5.4e-52	2	161	248	407	0.9875776397515528
SBP_bac_5	377	3300011230.a:Ga0122837_100003_200	615	1.9e-70	2	374	103	515	0.986737400530504
NUDIX	131	3300011230.a:Ga0122837_100003_204	253	1.7e-20	4	118	123	229	0.8702290076335878
HisKA	64	3300011230.a:Ga0122837_100003_21	449	1.5e-12	2	62	222	285	0.9375
HATPase_c	111	3300011230.a:Ga0122837_100003_21	449	2.3e-21	2	107	335	440	0.9459459459459459
Pyr_redox_2	292	3300011230.a:Ga0122837_100003_212	403	1.5e-05	2	117	4	183	0.3938356164383562
HTH_11	55	3300011230.a:Ga0122837_100003_217	157	3.1e-07	4	43	9	47	0.7090909090909091
AsnC_trans_reg	75	3300011230.a:Ga0122837_100003_217	157	2.8e-21	1	75	69	143	0.9866666666666667
Response_reg	112	3300011230.a:Ga0122837_100003_22	220	1.6e-29	1	112	3	113	0.9910714285714286
Trans_reg_C	77	3300011230.a:Ga0122837_100003_22	220	3.6e-24	2	77	146	216	0.974025974025974
HTH_18	81	3300011230.a:Ga0122837_100003_222	343	1.3e-19	2	81	263	340	0.9753086419753086
AAA	132	3300011230.a:Ga0122837_100003_226	809	4.3e-21	1	127	364	500	0.9545454545454546
FeS	33	3300011230.a:Ga0122837_100003_232	267	3.1e-12	1	33	15	47	0.9696969696969697
Fer4	24	3300011230.a:Ga0122837_100003_232	267	1.1e-08	2	23	86	107	0.875
Fer4	24	3300011230.a:Ga0122837_100003_232	267	1.7e-06	3	23	117	137	0.8333333333333334
HhH-GPD	108	3300011230.a:Ga0122837_100003_233	239	1.7e-19	1	107	45	179	0.9814814814814815
T2SSE	273	3300011230.a:Ga0122837_100003_24	586	3.8e-79	11	272	214	474	0.9560439560439561
HTH_1	60	3300011230.a:Ga0122837_100003_247	331	6.3e-19	1	59	8	66	0.9666666666666667
LysR_substrate	209	3300011230.a:Ga0122837_100003_247	331	2.5e-17	6	205	97	305	0.9521531100478469
CBS	57	3300011230.a:Ga0122837_100003_248	441	2e-07	9	52	288	331	0.7543859649122807
GAF	133	3300011230.a:Ga0122837_100003_25	315	1.3e-06	34	130	49	142	0.7218045112781954
GGDEF	161	3300011230.a:Ga0122837_100003_25	315	5e-32	2	157	166	308	0.9627329192546584
Pribosyltran	159	3300011230.a:Ga0122837_100003_256	181	1.4e-18	11	125	36	153	0.7169811320754716
Pyr_redox_2	292	3300011230.a:Ga0122837_100003_258	393	2.1e-57	3	277	4	286	0.9383561643835616
HTH_1	60	3300011230.a:Ga0122837_100003_260	307	2.1e-17	1	60	7	66	0.9833333333333333
LysR_substrate	209	3300011230.a:Ga0122837_100003_260	307	5.7e-37	2	205	91	294	0.9712918660287081
B12-binding_2	75	3300011230.a:Ga0122837_100003_277	1229	1.3e-25	1	74	660	733	0.9733333333333334
B12-binding	121	3300011230.a:Ga0122837_100003_277	1229	2.8e-20	2	95	749	842	0.768595041322314
HTH_IclR	52	3300011230.a:Ga0122837_100003_282	214	3.1e-14	1	51	6	56	0.9615384615384616
Fer4	24	3300011230.a:Ga0122837_100003_29	88	2.9e-07	7	24	8	25	0.7083333333333334
TetR_N	47	3300011230.a:Ga0122837_100003_296	194	1.4e-13	1	46	14	59	0.9574468085106383
Pyr_redox_2	292	3300011230.a:Ga0122837_100003_30	522	5.4e-48	1	291	212	504	0.9931506849315068
Glyoxalase	128	3300011230.a:Ga0122837_100003_305	186	8.6e-18	1	128	7	136	0.9921875
Aminotran_1_2	363	3300011230.a:Ga0122837_100003_37	418	5.1e-12	40	316	64	330	0.7603305785123967
Pyr_redox_2	292	3300011230.a:Ga0122837_100003_55	472	1.1e-60	1	292	15	334	0.9965753424657534
dCache_1	249	3300011230.a:Ga0122837_100003_67	525	2.9e-19	17	248	59	272	0.927710843373494
GGDEF	161	3300011230.a:Ga0122837_100003_67	525	1.7e-45	2	160	371	519	0.9813664596273292
CBS	57	3300011230.a:Ga0122837_100003_68	509	2.9e-05	8	56	366	414	0.8421052631578947
FmdA_AmdA	372	3300011230.a:Ga0122837_100003_70	412	1.2e-27	198	355	244	387	0.4220430107526882
EPSP_synthase	417	3300011230.a:Ga0122837_100003_8	749	1.2e-120	5	415	314	735	0.9832134292565947
GGDEF	161	3300011230.a:Ga0122837_100003_82	478	1.3e-38	3	157	324	470	0.9565217391304348
Aminotran_1_2	363	3300011230.a:Ga0122837_100003_84	412	1.3e-76	1	360	32	385	0.9889807162534435
HxlR	91	3300011230.a:Ga0122837_100003_85	123	6.6e-26	1	90	19	107	0.978021978021978
ACT	67	3300011230.a:Ga0122837_100003_9	370	6.2e-14	1	65	287	351	0.9552238805970149
TetR_N	47	3300011230.a:Ga0122837_100004_119	199	4.2e-15	1	47	8	54	0.9787234042553191
Nitroreductase	170	3300011230.a:Ga0122837_100004_132	235	9.9e-38	1	170	13	209	0.9941176470588236
NIR_SIR_ferr	69	3300011230.a:Ga0122837_100004_138	548	5e-19	11	67	53	109	0.8115942028985508
NIR_SIR	159	3300011230.a:Ga0122837_100004_138	548	4.5e-41	1	157	119	274	0.9811320754716981
NIR_SIR_ferr	69	3300011230.a:Ga0122837_100004_138	548	7.8e-17	3	68	327	396	0.9420289855072463
NIR_SIR	159	3300011230.a:Ga0122837_100004_138	548	2.9e-12	6	150	408	544	0.9056603773584906
HTH_18	81	3300011230.a:Ga0122837_100004_140	337	2.4e-18	2	80	255	331	0.9629629629629629
Citrate_synt	361	3300011230.a:Ga0122837_100004_16	426	5.2e-136	1	361	48	411	0.997229916897507
HTH_18	81	3300011230.a:Ga0122837_100004_172	252	8.4e-18	2	79	175	250	0.9506172839506173
FUR	120	3300011230.a:Ga0122837_100004_188	166	8.5e-13	2	118	35	153	0.9666666666666667
Fer4	24	3300011230.a:Ga0122837_100004_21	88	2.1e-08	4	23	5	24	0.7916666666666666
CbiA	128	3300011230.a:Ga0122837_100004_223	727	2.9e-10	1	85	534	704	0.65625
TetR_N	47	3300011230.a:Ga0122837_100004_235	213	2.6e-08	1	45	16	61	0.9361702127659575
TetR_N	47	3300011230.a:Ga0122837_100004_236	212	3.4e-12	1	47	16	61	0.9787234042553191
SBP_bac_3	225	3300011230.a:Ga0122837_100004_244	322	9.9e-11	85	211	118	244	0.56
SBP_bac_3	225	3300011230.a:Ga0122837_100004_245	330	2.7e-09	85	177	122	214	0.4088888888888889
TetR_N	47	3300011230.a:Ga0122837_100004_249	222	9.4e-13	1	47	13	59	0.9787234042553191
HATPase_c	111	3300011230.a:Ga0122837_100004_269	823	5.6e-24	2	109	46	187	0.963963963963964
AAA	132	3300011230.a:Ga0122837_100004_272	461	3.4e-10	2	125	162	280	0.9318181818181818
Pribosyltran	159	3300011230.a:Ga0122837_100004_283	176	2.2e-26	11	158	14	160	0.9245283018867925
Pribosyltran	159	3300011230.a:Ga0122837_100004_32	318	5e-21	18	122	152	248	0.6540880503144654
Rhodanese	107	3300011230.a:Ga0122837_100004_38	311	5.5e-14	2	106	128	223	0.9719626168224299
Sigma70_r2	71	3300011230.a:Ga0122837_100004_43	630	1.9e-23	1	70	394	463	0.971830985915493
Sigma70_r3	78	3300011230.a:Ga0122837_100004_43	630	4.6e-33	1	77	473	549	0.9743589743589743
Sigma70_r4	50	3300011230.a:Ga0122837_100004_43	630	5.8e-20	1	50	562	615	0.98
HTH_18	81	3300011230.a:Ga0122837_100004_55	331	7.3e-21	4	80	248	325	0.9382716049382716
SBP_bac_3	225	3300011230.a:Ga0122837_100004_75	321	4.2e-51	2	224	62	290	0.9866666666666667
Ammonium_transp	399	3300011230.a:Ga0122837_100004_79	396	1.8e-86	2	396	8	386	0.9874686716791979
TetR_N	47	3300011230.a:Ga0122837_100004_84	208	1.7e-11	1	42	14	55	0.8723404255319149
Pyr_redox_2	292	3300011230.a:Ga0122837_100004_9	478	3.1e-70	1	292	5	333	0.9965753424657534
Response_reg	112	3300011230.a:Ga0122837_100004_97	226	8.2e-30	1	112	4	114	0.9910714285714286
Trans_reg_C	77	3300011230.a:Ga0122837_100004_97	226	4.7e-20	2	77	152	222	0.974025974025974
HisKA	64	3300011230.a:Ga0122837_100004_98	439	2e-13	2	63	220	280	0.953125
HATPase_c	111	3300011230.a:Ga0122837_100004_98	439	3.9e-19	6	109	332	435	0.9279279279279279
TetR_N	47	3300011230.a:Ga0122837_100005_103	229	1.9e-15	1	47	13	59	0.9787234042553191
ACT	67	3300011230.a:Ga0122837_100005_104	287	2.2e-10	2	63	8	68	0.9104477611940298
PIG-L	131	3300011230.a:Ga0122837_100005_114	260	6.5e-26	1	128	48	172	0.9694656488549618
AAA	132	3300011230.a:Ga0122837_100005_135	439	2.1e-18	1	103	115	243	0.7727272727272727
HTH_1	60	3300011230.a:Ga0122837_100005_15	300	3.5e-20	2	60	4	66	0.9666666666666667
LysR_substrate	209	3300011230.a:Ga0122837_100005_15	300	1.3e-33	4	206	93	292	0.9665071770334929
TPR_1	34	3300011230.a:Ga0122837_100005_152	268	2e-05	2	32	39	69	0.8823529411764706
TPR_2	34	3300011230.a:Ga0122837_100005_152	268	1.6e-07	2	33	146	177	0.9117647058823529
HisKA	64	3300011230.a:Ga0122837_100005_167	426	2.5e-08	1	64	178	246	0.984375
HATPase_c	111	3300011230.a:Ga0122837_100005_167	426	7.9e-24	2	110	292	404	0.972972972972973
ACT	67	3300011230.a:Ga0122837_100005_195	164	8.8e-14	1	66	3	68	0.9701492537313433
MHYT	59	3300011230.a:Ga0122837_100005_197	690	7.3e-16	1	58	53	110	0.9661016949152542
MHYT	59	3300011230.a:Ga0122837_100005_197	690	8.4e-15	1	52	116	168	0.864406779661017
MHYT	59	3300011230.a:Ga0122837_100005_197	690	6.2e-05	2	47	185	240	0.7627118644067796
GGDEF	161	3300011230.a:Ga0122837_100005_197	690	3.3e-44	1	161	262	418	0.9937888198757764
EAL	238	3300011230.a:Ga0122837_100005_197	690	2.2e-69	3	238	440	674	0.9873949579831933
HisKA	64	3300011230.a:Ga0122837_100005_216	935	7.4e-23	2	64	289	354	0.96875
HATPase_c	111	3300011230.a:Ga0122837_100005_216	935	2.8e-27	1	107	401	518	0.954954954954955
Response_reg	112	3300011230.a:Ga0122837_100005_216	935	1.4e-24	1	111	666	787	0.9821428571428571
PALP	294	3300011230.a:Ga0122837_100005_217	309	1.3e-71	3	294	17	292	0.9897959183673469
ACT	67	3300011230.a:Ga0122837_100005_220	769	5.6e-07	2	66	692	756	0.9552238805970149
PTS-HPr	82	3300011230.a:Ga0122837_100005_229	90	2.8e-26	3	81	4	82	0.9512195121951219
AAA	132	3300011230.a:Ga0122837_100005_248	421	6e-05	3	74	176	274	0.5378787878787878
HD	122	3300011230.a:Ga0122837_100005_250	507	4.9e-05	7	112	335	439	0.860655737704918
T2SSE	273	3300011230.a:Ga0122837_100005_259	496	2.8e-89	3	272	119	384	0.9853479853479854
STAS	117	3300011230.a:Ga0122837_100005_262	177	3.3e-05	11	105	15	102	0.8034188034188035
SpoIIE	193	3300011230.a:Ga0122837_100005_263	323	3.7e-24	2	169	153	313	0.8652849740932642
Pyr_redox_2	292	3300011230.a:Ga0122837_100005_29	405	4.5e-11	1	117	4	178	0.3972602739726027
HTH_1	60	3300011230.a:Ga0122837_100005_52	302	6.4e-24	1	59	3	61	0.9666666666666667
LysR_substrate	209	3300011230.a:Ga0122837_100005_52	302	1.4e-32	4	206	89	290	0.9665071770334929
Pyr_redox_2	292	3300011230.a:Ga0122837_100005_58	408	1.6e-61	2	291	5	299	0.9897260273972602
TetR_N	47	3300011230.a:Ga0122837_100005_64	207	2.7e-10	6	45	29	68	0.8297872340425532
GAF	133	3300011230.a:Ga0122837_100005_67	764	3.9e-17	1	130	21	155	0.9699248120300752
NUDIX	131	3300011230.a:Ga0122837_100005_68	161	4.7e-28	2	129	7	145	0.9694656488549618
HTH_1	60	3300011230.a:Ga0122837_100005_70	291	6.2e-22	3	59	5	61	0.9333333333333333
LysR_substrate	209	3300011230.a:Ga0122837_100005_70	291	6.7e-46	2	206	87	286	0.9760765550239234
HTH_18	81	3300011230.a:Ga0122837_100005_77	336	8.9e-21	1	81	254	332	0.9876543209876543
CbiA	128	3300011230.a:Ga0122837_100007_121	472	8.2e-10	8	89	109	255	0.6328125
GntR	64	3300011230.a:Ga0122837_100007_126	232	5.6e-15	1	64	9	71	0.984375
Aminotran_1_2	363	3300011230.a:Ga0122837_100007_136	386	4.5e-53	2	361	39	383	0.9889807162534435
NUDIX	131	3300011230.a:Ga0122837_100007_16	192	1.3e-11	8	115	52	150	0.816793893129771
Pyr_redox_2	292	3300011230.a:Ga0122837_100007_164	320	3.8e-54	2	291	7	300	0.9897260273972602
CbiA	128	3300011230.a:Ga0122837_100007_168	271	1e-22	1	128	5	227	0.9921875
NUDIX	131	3300011230.a:Ga0122837_100007_17	202	2.3e-14	3	116	24	137	0.8625954198473282
Hemerythrin	131	3300011230.a:Ga0122837_100007_178	147	1e-09	2	129	10	119	0.9694656488549618
FUR	120	3300011230.a:Ga0122837_100007_182	146	7.1e-47	1	120	10	130	0.9916666666666667
T2SSE	273	3300011230.a:Ga0122837_100007_183	373	7.5e-39	8	270	9	270	0.9597069597069597
T2SSE	273	3300011230.a:Ga0122837_100007_184	346	6.4e-48	11	270	12	269	0.9487179487179487
Pyr_redox_2	292	3300011230.a:Ga0122837_100007_190	378	1.9e-05	2	110	2	208	0.3698630136986301
MerR	38	3300011230.a:Ga0122837_100007_198	65	5.6e-05	4	29	10	36	0.6578947368421053
HTH_11	55	3300011230.a:Ga0122837_100007_205	305	1.7e-09	1	43	14	55	0.7636363636363637
HTH_1	60	3300011230.a:Ga0122837_100007_31	306	1.8e-19	2	59	5	62	0.95
LysR_substrate	209	3300011230.a:Ga0122837_100007_31	306	1.5e-16	34	191	120	280	0.7511961722488039
Response_reg	112	3300011230.a:Ga0122837_100007_35	239	1.8e-26	1	112	10	119	0.9910714285714286
Trans_reg_C	77	3300011230.a:Ga0122837_100007_35	239	1.4e-25	2	77	156	231	0.974025974025974
HisKA	64	3300011230.a:Ga0122837_100007_36	551	5.1e-12	2	64	315	379	0.96875
HATPase_c	111	3300011230.a:Ga0122837_100007_36	551	3.1e-22	4	109	426	533	0.9459459459459459
MASE1	300	3300011230.a:Ga0122837_100007_38	475	1.1e-07	20	296	32	296	0.92
GGDEF	161	3300011230.a:Ga0122837_100007_38	475	6.8e-44	2	161	311	469	0.9875776397515528
Fer4	24	3300011230.a:Ga0122837_100007_46	181	8.1e-07	5	24	57	76	0.7916666666666666
Fer4	24	3300011230.a:Ga0122837_100007_46	181	1.2e-10	2	24	93	115	0.9166666666666666
EPSP_synthase	417	3300011230.a:Ga0122837_100007_5	420	2.8e-111	3	417	8	407	0.9928057553956835
Pribosyltran	159	3300011230.a:Ga0122837_100007_52	212	1.4e-13	25	135	64	171	0.6918238993710691
HTH_1	60	3300011230.a:Ga0122837_100007_53	294	6.1e-20	1	60	5	64	0.9833333333333333
LysR_substrate	209	3300011230.a:Ga0122837_100007_53	294	2.9e-51	7	206	92	292	0.9521531100478469
Pyr_redox	81	3300011230.a:Ga0122837_100007_60	400	2.2e-06	2	35	8	41	0.4074074074074074
PALP	294	3300011230.a:Ga0122837_100007_61	299	6.4e-18	20	294	18	281	0.9319727891156463
CbiA	128	3300011230.a:Ga0122837_100007_69	410	1.2e-14	1	126	157	374	0.9765625
Aminotran_1_2	363	3300011230.a:Ga0122837_100007_8	363	2.1e-58	2	362	31	355	0.9917355371900827
Response_reg	112	3300011230.a:Ga0122837_100007_81	128	5.8e-30	1	112	10	122	0.9910714285714286
Response_reg	112	3300011230.a:Ga0122837_100007_82	123	1.6e-29	1	111	4	115	0.9821428571428571
CheW	138	3300011230.a:Ga0122837_100007_83	179	4.2e-24	3	119	33	150	0.8405797101449275
MCPsignal	172	3300011230.a:Ga0122837_100007_84	694	4.7e-42	2	171	474	657	0.9825581395348837
HATPase_c	111	3300011230.a:Ga0122837_100007_85	1461	9.7e-21	4	109	1037	1173	0.9459459459459459
CheW	138	3300011230.a:Ga0122837_100007_85	1461	7.5e-19	2	137	1180	1316	0.9782608695652174
Response_reg	112	3300011230.a:Ga0122837_100007_85	1461	1.8e-30	1	111	1341	1452	0.9821428571428571
HTH_18	81	3300011230.a:Ga0122837_100010_101	343	4.2e-23	1	80	261	338	0.9753086419753086
GAF	133	3300011230.a:Ga0122837_100010_104	312	1.4e-07	3	130	10	142	0.9548872180451128
GGDEF	161	3300011230.a:Ga0122837_100010_104	312	3.1e-35	1	156	165	307	0.9627329192546584
dCache_1	249	3300011230.a:Ga0122837_100010_107	536	1e-21	10	248	68	284	0.9558232931726908
GGDEF	161	3300011230.a:Ga0122837_100010_107	536	4.4e-46	2	161	383	532	0.9875776397515528
GAF	133	3300011230.a:Ga0122837_100010_108	315	6.5e-07	3	130	11	143	0.9548872180451128
GGDEF	161	3300011230.a:Ga0122837_100010_108	315	9.1e-34	1	160	166	312	0.9875776397515528
HTH_12	66	3300011230.a:Ga0122837_100010_11	87	6.2e-05	2	61	12	72	0.8939393939393939
STAS	117	3300011230.a:Ga0122837_100010_114	581	8e-17	5	112	461	561	0.9145299145299145
HTH_5	47	3300011230.a:Ga0122837_100010_115	103	6.9e-14	3	46	28	71	0.9148936170212766
HTH_3	55	3300011230.a:Ga0122837_100010_125	93	2e-10	2	52	37	87	0.9090909090909091
Aminotran_1_2	363	3300011230.a:Ga0122837_100010_128	534	2.2e-20	76	355	174	506	0.768595041322314
TrkA_C	70	3300011230.a:Ga0122837_100010_129	515	1.1e-06	14	69	184	239	0.7857142857142857
TrkA_C	70	3300011230.a:Ga0122837_100010_129	515	1.1e-13	6	68	259	326	0.8857142857142857
HTH_1	60	3300011230.a:Ga0122837_100010_136	313	2.9e-17	1	59	10	68	0.9666666666666667
LysR_substrate	209	3300011230.a:Ga0122837_100010_136	313	6e-37	2	207	94	299	0.9808612440191388
HTH_3	55	3300011230.a:Ga0122837_100010_141	70	6.6e-17	1	53	13	65	0.9454545454545454
HTH_1	60	3300011230.a:Ga0122837_100010_153	294	1.4e-15	1	59	5	63	0.9666666666666667
LysR_substrate	209	3300011230.a:Ga0122837_100010_153	294	6e-32	2	208	85	284	0.9856459330143541
SBP_bac_1	315	3300011230.a:Ga0122837_100010_167	254	5.4e-09	172	309	124	235	0.43492063492063493
Pyr_redox_2	292	3300011230.a:Ga0122837_100010_175	537	2.1e-58	2	277	134	411	0.9417808219178082
Pyr_redox_2	292	3300011230.a:Ga0122837_100010_176	849	1.3e-50	2	276	2	278	0.9383561643835616
NIR_SIR_ferr	69	3300011230.a:Ga0122837_100010_176	849	1.6e-11	3	67	558	619	0.927536231884058
NIR_SIR	159	3300011230.a:Ga0122837_100010_176	849	8.3e-17	2	127	630	744	0.7861635220125787
Response_reg	112	3300011230.a:Ga0122837_100010_178	196	1.7e-09	1	111	6	112	0.9821428571428571
ANTAR	54	3300011230.a:Ga0122837_100010_178	196	9.6e-18	4	54	133	183	0.9259259259259259
BLUF	92	3300011230.a:Ga0122837_100010_18	149	1.2e-26	3	92	5	96	0.967391304347826
HTH_IclR	52	3300011230.a:Ga0122837_100010_195	284	3.1e-18	1	51	38	88	0.9615384615384616
IclR	129	3300011230.a:Ga0122837_100010_195	284	1.7e-13	5	122	156	271	0.9069767441860465
HTH_IclR	52	3300011230.a:Ga0122837_100010_200	282	2.9e-18	1	52	39	90	0.9807692307692307
IclR	129	3300011230.a:Ga0122837_100010_200	282	1.6e-13	3	126	155	276	0.9534883720930233
HTH_3	55	3300011230.a:Ga0122837_100010_5	231	3.4e-13	1	55	7	61	0.9818181818181818
HTH_3	55	3300011230.a:Ga0122837_100010_6	68	8.9e-05	7	34	16	43	0.4909090909090909
Arc	50	3300011230.a:Ga0122837_100010_63	77	1.5e-16	1	43	2	44	0.84
Arc	50	3300011230.a:Ga0122837_100010_64	52	2.1e-11	1	48	2	49	0.94
MarR	59	3300011230.a:Ga0122837_100010_73	146	1.4e-09	1	58	31	87	0.9661016949152542
GntR	64	3300011230.a:Ga0122837_100010_80	491	1.6e-10	3	63	24	84	0.9375
Aminotran_1_2	363	3300011230.a:Ga0122837_100010_80	491	4.8e-19	18	288	131	389	0.743801652892562
HTH_1	60	3300011230.a:Ga0122837_100010_81	307	3.1e-19	4	60	23	79	0.9333333333333333
LysR_substrate	209	3300011230.a:Ga0122837_100010_81	307	1.3e-09	6	190	109	287	0.8803827751196173
MarR	59	3300011230.a:Ga0122837_100010_88	163	6.5e-08	2	47	3	48	0.7627118644067796
AsnC_trans_reg	75	3300011230.a:Ga0122837_100010_88	163	3.3e-23	1	75	68	142	0.9866666666666667
Aminotran_1_2	363	3300011230.a:Ga0122837_100010_94	405	8.8e-84	1	362	26	392	0.9944903581267218
HTH_IclR	52	3300011230.a:Ga0122837_100010_96	260	2.6e-12	1	50	12	61	0.9423076923076923
IclR	129	3300011230.a:Ga0122837_100010_96	260	6.8e-12	4	100	128	227	0.7441860465116279
Glyoxalase	128	3300011230.a:Ga0122837_100010_97	353	2.3e-19	2	112	153	267	0.859375
HTH_1	60	3300011230.a:Ga0122837_100016_105	296	1.9e-17	2	58	6	62	0.9333333333333333
LysR_substrate	209	3300011230.a:Ga0122837_100016_105	296	2.4e-20	4	207	91	291	0.9712918660287081
AAA	132	3300011230.a:Ga0122837_100016_117	576	2.2e-05	1	109	20	141	0.8181818181818182
NTP_transf_2	95	3300011230.a:Ga0122837_100016_12	889	3.3e-06	14	45	69	100	0.3263157894736842
HD	122	3300011230.a:Ga0122837_100016_12	889	1.1e-10	22	117	490	586	0.7786885245901639
ACT	67	3300011230.a:Ga0122837_100016_12	889	6.1e-07	2	50	809	857	0.7164179104477612
Trans_reg_C	77	3300011230.a:Ga0122837_100016_120	397	4.5e-05	2	59	229	284	0.7402597402597403
Aminotran_1_2	363	3300011230.a:Ga0122837_100016_13	390	5.6e-52	3	363	30	385	0.9917355371900827
Fer4	24	3300011230.a:Ga0122837_100016_136	364	6.2e-05	7	23	202	218	0.6666666666666666
HTH_11	55	3300011230.a:Ga0122837_100016_144	161	2.2e-08	3	41	8	44	0.6909090909090909
AsnC_trans_reg	75	3300011230.a:Ga0122837_100016_144	161	1.2e-20	2	75	69	143	0.9733333333333334
Aminotran_1_2	363	3300011230.a:Ga0122837_100016_16	412	9.8e-49	2	363	42	403	0.9944903581267218
Pyr_redox_2	292	3300011230.a:Ga0122837_100016_36	404	2.5e-53	2	292	3	297	0.9931506849315068
Glyoxalase	128	3300011230.a:Ga0122837_100016_37	310	7.2e-15	2	128	153	266	0.984375
HTH_IclR	52	3300011230.a:Ga0122837_100016_42	271	1e-16	2	50	26	74	0.9230769230769231
IclR	129	3300011230.a:Ga0122837_100016_42	271	2.7e-34	4	128	141	267	0.9612403100775194
HisKA	64	3300011230.a:Ga0122837_100016_62	470	3.8e-12	2	63	237	301	0.953125
HATPase_c	111	3300011230.a:Ga0122837_100016_62	470	2.4e-13	6	109	351	459	0.9279279279279279
Response_reg	112	3300011230.a:Ga0122837_100016_63	224	2.1e-28	1	111	3	111	0.9821428571428571
Trans_reg_C	77	3300011230.a:Ga0122837_100016_63	224	2.1e-28	4	77	147	219	0.948051948051948
Nitroreductase	170	3300011230.a:Ga0122837_100016_75	200	8.2e-18	5	170	21	177	0.9705882352941176
Nitroreductase	170	3300011230.a:Ga0122837_100016_82	218	2e-23	3	170	9	193	0.9823529411764705
AraC_binding	136	3300011230.a:Ga0122837_100016_89	391	1.6e-05	45	111	182	242	0.4852941176470588
AAA	132	3300011230.a:Ga0122837_100016_98	722	4.4e-12	2	126	41	171	0.9393939393939394
Aminotran_1_2	363	3300011230.a:Ga0122837_100021_107	427	1.1e-05	105	295	155	339	0.5234159779614325
GntR	64	3300011230.a:Ga0122837_100021_110	240	1.3e-17	2	60	17	75	0.90625
dCache_1	249	3300011230.a:Ga0122837_100021_111	236	2.5e-15	4	193	14	206	0.7590361445783133
GntR	64	3300011230.a:Ga0122837_100021_115	496	2.1e-15	1	64	21	84	0.984375
Aminotran_1_2	363	3300011230.a:Ga0122837_100021_115	496	5e-25	37	339	164	455	0.8319559228650137
HTH_1	60	3300011230.a:Ga0122837_100021_16	298	1.2e-18	3	59	7	63	0.9333333333333333
LysR_substrate	209	3300011230.a:Ga0122837_100021_16	298	1.7e-23	4	207	91	293	0.9712918660287081
HTH_18	81	3300011230.a:Ga0122837_100021_3	329	3.9e-23	3	80	245	325	0.9506172839506173
dCache_1	249	3300011230.a:Ga0122837_100021_31	523	3.9e-22	10	248	54	270	0.9558232931726908
GGDEF	161	3300011230.a:Ga0122837_100021_31	523	2.2e-45	2	161	369	518	0.9875776397515528
HTH_1	60	3300011230.a:Ga0122837_100021_42	305	1.6e-18	1	59	7	68	0.9666666666666667
LysR_substrate	209	3300011230.a:Ga0122837_100021_42	305	1.1e-40	2	208	92	302	0.9856459330143541
MarR	59	3300011230.a:Ga0122837_100021_49	161	2.9e-11	16	58	59	101	0.711864406779661
HTH_1	60	3300011230.a:Ga0122837_100021_5	307	6.2e-10	1	53	9	61	0.8666666666666667
LysR_substrate	209	3300011230.a:Ga0122837_100021_5	307	2.2e-33	6	205	97	297	0.9521531100478469
MerR	38	3300011230.a:Ga0122837_100021_62	131	1.7e-18	1	38	2	39	0.9736842105263158
HMA	62	3300011230.a:Ga0122837_100021_63	826	6e-18	1	62	14	74	0.9838709677419355
HMA	62	3300011230.a:Ga0122837_100021_63	826	7.1e-18	2	62	83	142	0.967741935483871
HMA	62	3300011230.a:Ga0122837_100021_64	65	5.1e-13	3	56	4	54	0.8548387096774194
Fer4	24	3300011230.a:Ga0122837_100021_66	108	6e-09	2	23	34	55	0.875
SIS	131	3300011230.a:Ga0122837_100021_79	326	2.1e-28	2	131	41	172	0.9847328244274809
CBS	57	3300011230.a:Ga0122837_100021_79	326	5.1e-08	1	55	201	257	0.9473684210526315
CBS	57	3300011230.a:Ga0122837_100021_79	326	7.1e-14	1	54	269	322	0.9298245614035088
GAF	133	3300011230.a:Ga0122837_100021_85	856	3.8e-05	46	133	79	165	0.6541353383458647
PAS	113	3300011230.a:Ga0122837_100021_85	856	1.3e-08	11	113	189	288	0.9026548672566371
PAS	113	3300011230.a:Ga0122837_100021_85	856	2.7e-16	3	113	301	412	0.9734513274336283
GGDEF	161	3300011230.a:Ga0122837_100021_85	856	5e-42	2	161	427	583	0.9875776397515528
EAL	238	3300011230.a:Ga0122837_100021_85	856	1.8e-74	3	238	606	840	0.9873949579831933
CbiA	128	3300011230.a:Ga0122837_100021_88	205	8.3e-05	9	55	16	83	0.359375
GGDEF	161	3300011230.a:Ga0122837_100031_13	453	3.1e-43	4	161	294	448	0.9751552795031055
MarR	59	3300011230.a:Ga0122837_100031_30	156	3.1e-05	17	58	61	102	0.6949152542372882
HTH_18	81	3300011230.a:Ga0122837_100031_33	338	2.4e-23	3	81	247	326	0.9629629629629629
SBP_bac_3	225	3300011230.a:Ga0122837_100031_40	341	3.1e-07	34	177	65	211	0.6355555555555555
TPR_2	34	3300011230.a:Ga0122837_100031_54	393	3.9e-05	1	32	62	93	0.9117647058823529
HTH_3	55	3300011230.a:Ga0122837_100031_60	367	1.1e-08	1	51	10	60	0.9090909090909091
HTH_5	47	3300011230.a:Ga0122837_100031_65	108	8.6e-16	1	42	12	54	0.8723404255319149
SBP_bac_3	225	3300011230.a:Ga0122837_100031_72	370	3e-07	3	79	56	132	0.3377777777777778
CBS	57	3300011230.a:Ga0122837_100031_78	447	7.8e-08	2	55	132	190	0.9298245614035088
CBS	57	3300011230.a:Ga0122837_100031_78	447	2.3e-08	2	53	196	247	0.8947368421052632
Glycos_trans_3N	63	3300011230.a:Ga0122837_100031_9	349	4.8e-19	4	63	7	66	0.9365079365079365
AAA	132	3300011230.a:Ga0122837_100031_92	632	1.5e-47	1	131	193	325	0.9848484848484849
CBS	57	3300011230.a:Ga0122837_100033_4	280	2e-08	1	52	58	113	0.8947368421052632
CBS	57	3300011230.a:Ga0122837_100033_4	280	1.9e-08	1	56	125	179	0.9649122807017544
T2SSE	273	3300011230.a:Ga0122837_100033_45	570	1.4e-90	3	272	192	458	0.9853479853479854
HTH_IclR	52	3300011230.a:Ga0122837_100033_58	257	4.1e-06	4	50	8	54	0.8846153846153846
IclR	129	3300011230.a:Ga0122837_100033_58	257	4.7e-17	10	128	129	246	0.9147286821705426
HATPase_c	111	3300011230.a:Ga0122837_100033_73	641	3.3e-15	3	109	32	185	0.954954954954955
HEM4	232	3300011230.a:Ga0122837_100051_11	261	8.8e-28	3	217	15	231	0.9224137931034483
Response_reg	112	3300011230.a:Ga0122837_100051_13	246	5.2e-29	1	111	3	111	0.9821428571428571
LytTR	98	3300011230.a:Ga0122837_100051_13	246	5.5e-23	4	97	149	242	0.9489795918367347
NUDIX	131	3300011230.a:Ga0122837_100051_21	207	9.3e-15	2	115	55	175	0.8625954198473282
FHA	69	3300011230.a:Ga0122837_100051_3	220	8.1e-22	2	68	24	86	0.9565217391304348
FeoA	74	3300011230.a:Ga0122837_100051_30	88	1.9e-19	1	73	1	81	0.972972972972973
ACT	67	3300011230.a:Ga0122837_100051_33	435	1.3e-13	1	64	353	416	0.9402985074626866
PALP	294	3300011230.a:Ga0122837_100051_34	382	1.2e-64	1	294	27	343	0.9965986394557823
Response_reg	112	3300011230.a:Ga0122837_100051_36	212	4.6e-29	1	112	4	116	0.9910714285714286
GerE	57	3300011230.a:Ga0122837_100051_36	212	3.4e-17	2	57	148	203	0.9649122807017544
PAS	113	3300011230.a:Ga0122837_100051_37	522	9.7e-06	4	38	201	235	0.3008849557522124
HisKA	64	3300011230.a:Ga0122837_100051_37	522	1.6e-15	1	61	313	374	0.9375
HATPase_c	111	3300011230.a:Ga0122837_100051_37	522	2.6e-16	2	105	416	515	0.9279279279279279
Response_reg	112	3300011230.a:Ga0122837_100051_38	472	7.5e-26	1	111	8	117	0.9821428571428571
HTH_8	42	3300011230.a:Ga0122837_100051_38	472	9.7e-18	2	42	424	464	0.9523809523809523
Ammonium_transp	399	3300011230.a:Ga0122837_100051_50	461	3.1e-126	1	396	69	457	0.9899749373433584
CBS	57	3300011230.a:Ga0122837_100051_64	534	1.5e-05	7	56	381	430	0.8596491228070176
CbiA	128	3300011230.a:Ga0122837_100076_12	547	2.4e-05	8	55	13	93	0.3671875
HTH_1	60	3300011230.a:Ga0122837_100076_4	305	6.6e-26	1	60	3	62	0.9833333333333333
LysR_substrate	209	3300011230.a:Ga0122837_100076_4	305	6.7e-39	5	204	89	288	0.9521531100478469
HTH_5	47	3300011230.a:Ga0122837_100076_44	105	4.9e-16	1	44	12	56	0.9148936170212766
Aminotran_1_2	363	3300011230.a:Ga0122837_100076_48	396	8.4e-13	30	199	52	199	0.465564738292011
AAA	132	3300011230.a:Ga0122837_100076_54	284	1.9e-15	1	127	34	181	0.9545454545454546
PALP	294	3300011230.a:Ga0122837_100076_56	402	1.5e-49	4	294	61	386	0.9863945578231292
CBS	57	3300011230.a:Ga0122837_100076_57	144	7.6e-13	8	54	15	60	0.8070175438596491
CBS	57	3300011230.a:Ga0122837_100076_57	144	1.3e-14	1	56	73	127	0.9649122807017544
PadR	75	3300011230.a:Ga0122837_100076_6	178	4.2e-12	1	74	7	79	0.9733333333333334
AAA	132	3300011230.a:Ga0122837_100076_64	367	5.6e-06	1	92	165	275	0.6893939393939394
Nitroreductase	170	3300011230.a:Ga0122837_100076_65	198	1.9e-17	2	169	8	175	0.9823529411764705
Pyr_redox_2	292	3300011230.a:Ga0122837_100076_7	675	1.4e-26	2	247	377	640	0.839041095890411
HTH_18	81	3300011230.a:Ga0122837_100094_13	325	9.1e-16	1	80	245	321	0.9753086419753086
PALP	294	3300011230.a:Ga0122837_100094_17	410	3.8e-48	4	294	64	389	0.9863945578231292
Response_reg	112	3300011230.a:Ga0122837_100094_25	229	1.7e-28	1	112	4	113	0.9910714285714286
Trans_reg_C	77	3300011230.a:Ga0122837_100094_25	229	6.8e-26	2	77	145	223	0.974025974025974
HisKA	64	3300011230.a:Ga0122837_100094_26	556	2.3e-13	1	63	333	396	0.96875
HATPase_c	111	3300011230.a:Ga0122837_100094_26	556	9.7e-21	2	108	442	550	0.954954954954955
Rhodanese	107	3300011230.a:Ga0122837_100094_32	141	1.9e-14	10	106	47	126	0.897196261682243
Rhodanese	107	3300011230.a:Ga0122837_100094_43	105	1.6e-11	14	102	16	91	0.822429906542056
Pyr_redox_2	292	3300011230.a:Ga0122837_100094_51	461	2.6e-36	1	289	2	317	0.9863013698630136
PAS	113	3300011230.a:Ga0122837_100260_12	494	4.9e-08	2	96	6	102	0.831858407079646
PAS	113	3300011230.a:Ga0122837_100260_12	494	6e-12	4	112	135	241	0.9557522123893806
HisKA	64	3300011230.a:Ga0122837_100260_12	494	2.4e-07	2	62	268	335	0.9375
HATPase_c	111	3300011230.a:Ga0122837_100260_12	494	4.5e-15	2	107	380	484	0.9459459459459459
Response_reg	112	3300011230.a:Ga0122837_100260_13	216	7.5e-29	1	111	13	122	0.9821428571428571
GerE	57	3300011230.a:Ga0122837_100260_13	216	1.3e-20	1	57	147	203	0.9824561403508771
FmdA_AmdA	372	3300011230.a:Ga0122837_100260_22	445	7.4e-57	55	370	57	429	0.8467741935483871
Pyr_redox_2	292	3300011230.a:Ga0122837_100260_7	296	2.3e-26	1	282	3	274	0.9623287671232876
Response_reg	112	3300011230.a:Ga0122837_100260_9	227	2.6e-15	1	111	11	123	0.9821428571428571
GerE	57	3300011230.a:Ga0122837_100260_9	227	9.8e-20	3	57	165	219	0.9473684210526315
