PUL0017	8.87e-110
PUL0106	1.73e-184
PUL0106	2.38e-77
PUL0152	1.49e-29
PUL0199	3.60e-52
PUL0206	4.62e-121
PUL0226	2.21e-12
PUL0226	6.46e-58
PUL0248	1.31e-10
PUL0267	5.54e-212
PUL00290	2.38e-49
PUL0292	1.49e-48
PUL0316	1.00e-67
PUL0318	3.81e-05
PUL0335	2.97e-199
PUL0335	4.85e-71
PUL0335	9.59e-81
PUL0335	9.86e-68
PUL0340	1.02e-143
PUL0340	5.95e-143
PUL0363	9.23e-242
PUL0396	1.31e-67
PUL0396	2.59e-27
PUL0396	4.13e-129
PUL0401	3.40e-04
PUL0409	6.67e-50
PUL0474	3.26e-167
PUL00500	3.73e-80
PUL0532	1.32e-20
PUL0572	5.56e-80
PUL00614	3.45e-127
PUL01060	1.42e-108
PUL01074	2.04e-62
PUL01080	3.03e-45
PUL01080	7.36e-28
PUL01249	1.02e-159
PUL01343	6.27e-70
PUL01454	1.12e-08
PUL01455	2.01e-37
PUL01455	8.49e-42
PUL03390	1.55e-162
PUL03680	6.32e-14
PUL04066	1.00e-96
PUL04132	3.86e-149
PUL04604	5.70e-49
PUL04671	3.65e-20
PUL04953	8.22e-04
PUL05020	4.18e-127
PUL05304	1.24e-47
