HTH_AraC	42	3300026874.a:Ga0207849_100010_107	339	7.8e-10	2	41	296	333	0.9285714285714286
Trans_reg_C	77	3300026874.a:Ga0207849_100010_125	229	2.4e-22	4	76	153	223	0.935064935064935
GerE	57	3300026874.a:Ga0207849_100010_133	361	1e-08	2	55	291	344	0.9298245614035088
HTH_1	60	3300026874.a:Ga0207849_100010_150	300	4.2e-15	2	60	4	62	0.9666666666666667
HTH_11	55	3300026874.a:Ga0207849_100010_153	160	8e-11	4	44	24	64	0.7272727272727273
HTH_1	60	3300026874.a:Ga0207849_100010_167	303	2.4e-22	1	60	4	63	0.9833333333333333
GerE	57	3300026874.a:Ga0207849_100010_192	203	4.3e-17	3	55	150	202	0.9122807017543859
MarR	59	3300026874.a:Ga0207849_100010_207	151	2.8e-05	8	48	11	51	0.6779661016949152
HTH_1	60	3300026874.a:Ga0207849_100010_229	308	7.1e-22	1	60	3	62	0.9833333333333333
HTH_3	55	3300026874.a:Ga0207849_100010_250	105	9.8e-10	1	54	16	69	0.9636363636363636
MerR	38	3300026874.a:Ga0207849_100010_255	139	2.2e-15	1	38	2	39	0.9736842105263158
GntR	64	3300026874.a:Ga0207849_100010_264	247	1.6e-21	2	64	20	81	0.96875
GerE	57	3300026874.a:Ga0207849_100010_269	268	3.5e-17	2	56	201	255	0.9473684210526315
HTH_AraC	42	3300026874.a:Ga0207849_100010_286	307	7.1e-11	1	42	211	252	0.9761904761904762
HTH_AraC	42	3300026874.a:Ga0207849_100010_286	307	3.6e-12	6	41	265	301	0.8333333333333334
HTH_1	60	3300026874.a:Ga0207849_100010_291	299	3.4e-20	3	59	8	64	0.9333333333333333
GntR	64	3300026874.a:Ga0207849_100010_300	483	3e-18	2	64	19	81	0.96875
HTH_1	60	3300026874.a:Ga0207849_100010_302	301	3e-21	1	59	10	68	0.9666666666666667
HTH_AraC	42	3300026874.a:Ga0207849_100010_311	375	5.9e-08	1	40	234	273	0.9285714285714286
HTH_AraC	42	3300026874.a:Ga0207849_100010_311	375	8.4e-12	1	41	286	324	0.9523809523809523
HTH_1	60	3300026874.a:Ga0207849_100010_317	288	2.2e-20	3	60	10	67	0.95
HTH_1	60	3300026874.a:Ga0207849_100010_336	308	1.7e-20	2	60	4	62	0.9666666666666667
HTH_3	55	3300026874.a:Ga0207849_100010_357	261	2.7e-07	2	51	9	58	0.8909090909090909
GntR	64	3300026874.a:Ga0207849_100010_391	238	5.8e-17	2	64	12	73	0.96875
GntR	64	3300026874.a:Ga0207849_100010_399	220	2.7e-17	1	62	9	69	0.953125
HTH_5	47	3300026874.a:Ga0207849_100010_421	334	4e-10	1	46	26	71	0.9574468085106383
Rrf2	83	3300026874.a:Ga0207849_100010_457	146	9.6e-27	1	81	1	80	0.963855421686747
GerE	57	3300026874.a:Ga0207849_100010_479	220	4.2e-24	1	57	155	211	0.9824561403508771
Trans_reg_C	77	3300026874.a:Ga0207849_100010_497	262	3.6e-22	3	77	178	252	0.961038961038961
Trans_reg_C	77	3300026874.a:Ga0207849_100010_514	222	2.1e-22	2	77	147	217	0.974025974025974
MerR	38	3300026874.a:Ga0207849_100010_516	153	9.5e-18	1	38	2	39	0.9736842105263158
HTH_AraC	42	3300026874.a:Ga0207849_100010_520	305	1.8e-10	8	40	265	298	0.7619047619047619
SirB	120	3300026874.a:Ga0207849_100010_536	124	1.9e-34	1	119	4	122	0.9833333333333333
HTH_AraC	42	3300026874.a:Ga0207849_100010_541	119	4.4e-06	11	39	34	61	0.6666666666666666
HTH_AraC	42	3300026874.a:Ga0207849_100010_541	119	8.7e-11	9	41	80	113	0.7619047619047619
GntR	64	3300026874.a:Ga0207849_100010_585	253	2.1e-21	2	64	4	66	0.96875
SpoVT_AbrB	46	3300026874.a:Ga0207849_100010_596	367	2.1e-05	9	40	319	350	0.6739130434782609
GerE	57	3300026874.a:Ga0207849_100010_605	377	5.8e-07	3	53	310	360	0.8771929824561403
MarR	59	3300026874.a:Ga0207849_100010_612	165	1.4e-19	1	59	31	89	0.9830508474576272
Trans_reg_C	77	3300026874.a:Ga0207849_100011_104	228	7.2e-22	2	77	146	216	0.974025974025974
Trans_reg_C	77	3300026874.a:Ga0207849_100011_110	242	3e-25	3	76	158	231	0.948051948051948
Trans_reg_C	77	3300026874.a:Ga0207849_100011_123	234	2.5e-31	2	77	156	231	0.974025974025974
HTH_AraC	42	3300026874.a:Ga0207849_100011_187	369	9.3e-12	7	41	321	356	0.8095238095238095
MarR	59	3300026874.a:Ga0207849_100011_247	142	4.7e-16	2	58	30	87	0.9491525423728814
HTH_AraC	42	3300026874.a:Ga0207849_100011_252	356	4.8e-12	1	41	299	337	0.9523809523809523
HTH_8	42	3300026874.a:Ga0207849_100011_274	482	1.6e-15	1	42	439	480	0.9761904761904762
LacI	46	3300026874.a:Ga0207849_100011_337	346	1.4e-14	1	44	2	48	0.9347826086956522
HTH_1	60	3300026874.a:Ga0207849_100011_344	328	8e-18	1	59	28	86	0.9666666666666667
HTH_3	55	3300026874.a:Ga0207849_100011_377	292	1.9e-06	6	31	144	170	0.45454545454545453
HTH_AraC	42	3300026874.a:Ga0207849_100011_392	312	2.7e-07	7	42	75	111	0.8333333333333334
GerE	57	3300026874.a:Ga0207849_100011_401	302	1.5e-20	3	56	240	293	0.9298245614035088
DUF24	91	3300026874.a:Ga0207849_100011_448	157	2e-22	2	88	20	105	0.945054945054945
HTH_AraC	42	3300026874.a:Ga0207849_100011_462	335	3.9e-11	1	41	233	273	0.9523809523809523
HTH_AraC	42	3300026874.a:Ga0207849_100011_462	335	2.6e-07	17	42	298	324	0.5952380952380952
TrmB	68	3300026874.a:Ga0207849_100011_471	258	3.8e-05	22	53	26	57	0.45588235294117646
HTH_11	55	3300026874.a:Ga0207849_100011_476	253	4.2e-07	4	44	16	56	0.7272727272727273
HTH_8	42	3300026874.a:Ga0207849_100011_57	568	1.6e-15	1	41	520	560	0.9523809523809523
HTH_AraC	42	3300026874.a:Ga0207849_100011_64	348	2e-05	8	39	302	334	0.7380952380952381
HTH_8	42	3300026874.a:Ga0207849_100011_91	177	3.4e-14	2	42	132	172	0.9523809523809523
HTH_8	42	3300026874.a:Ga0207849_100014_123	451	4.4e-09	5	42	404	441	0.8809523809523809
Trans_reg_C	77	3300026874.a:Ga0207849_100014_144	246	6e-26	2	77	166	241	0.974025974025974
GerE	57	3300026874.a:Ga0207849_100014_209	222	7.4e-22	2	55	151	204	0.9298245614035088
HTH_1	60	3300026874.a:Ga0207849_100014_219	298	2.4e-23	1	59	8	66	0.9666666666666667
HTH_11	55	3300026874.a:Ga0207849_100014_260	159	1.1e-07	3	44	11	51	0.7454545454545455
CSD	66	3300026874.a:Ga0207849_100014_261	69	3.7e-31	1	65	4	67	0.9696969696969697
HTH_1	60	3300026874.a:Ga0207849_100014_268	294	5.8e-17	2	60	5	62	0.9666666666666667
HTH_AraC	42	3300026874.a:Ga0207849_100014_299	292	2.5e-11	1	40	196	235	0.9285714285714286
HTH_AraC	42	3300026874.a:Ga0207849_100014_299	292	9.6e-14	2	42	249	287	0.9523809523809523
HTH_1	60	3300026874.a:Ga0207849_100014_323	297	3.8e-20	3	60	6	63	0.95
HTH_8	42	3300026874.a:Ga0207849_100014_339	338	3e-05	20	40	250	270	0.47619047619047616
HTH_AraC	42	3300026874.a:Ga0207849_100014_339	338	2.3e-07	10	42	298	331	0.7619047619047619
HTH_3	55	3300026874.a:Ga0207849_100014_359	57	1e-08	3	41	16	54	0.6909090909090909
HTH_3	55	3300026874.a:Ga0207849_100014_361	98	5.7e-14	5	53	18	66	0.8727272727272727
MerR	38	3300026874.a:Ga0207849_100014_385	148	3.9e-12	1	32	8	39	0.8157894736842105
HTH_8	42	3300026874.a:Ga0207849_100014_390	639	5e-06	2	42	583	626	0.9523809523809523
MerR	38	3300026874.a:Ga0207849_100014_417	145	7.1e-14	1	38	9	46	0.9736842105263158
MarR	59	3300026874.a:Ga0207849_100014_427	164	7.6e-07	6	48	9	51	0.711864406779661
HTH_1	60	3300026874.a:Ga0207849_100014_432	307	8e-14	1	54	8	61	0.8833333333333333
HTH_1	60	3300026874.a:Ga0207849_100014_444	312	2.8e-15	1	59	18	76	0.9666666666666667
HTH_3	55	3300026874.a:Ga0207849_100014_462	72	2.7e-19	1	53	13	65	0.9454545454545454
Crp	32	3300026874.a:Ga0207849_100014_93	250	1.4e-17	1	32	190	221	0.96875
HTH_AraC	42	3300026874.a:Ga0207849_100018_101	326	2e-07	8	37	215	244	0.6904761904761905
GerE	57	3300026874.a:Ga0207849_100018_108	220	2.8e-19	2	57	158	213	0.9649122807017544
Trans_reg_C	77	3300026874.a:Ga0207849_100018_144	235	1.1e-20	2	77	158	233	0.974025974025974
Crp	32	3300026874.a:Ga0207849_100018_160	214	6e-16	1	31	169	199	0.9375
GerE	57	3300026874.a:Ga0207849_100018_17	258	8.5e-24	2	56	191	245	0.9473684210526315
Trans_reg_C	77	3300026874.a:Ga0207849_100018_207	231	2.7e-28	4	77	154	225	0.948051948051948
CSD	66	3300026874.a:Ga0207849_100018_233	69	9.4e-32	2	65	5	67	0.9545454545454546
Trans_reg_C	77	3300026874.a:Ga0207849_100018_306	234	6e-18	1	76	155	227	0.974025974025974
HTH_8	42	3300026874.a:Ga0207849_100018_326	552	1.1e-08	4	40	508	544	0.8571428571428571
Trans_reg_C	77	3300026874.a:Ga0207849_100018_343	227	1.9e-30	1	77	147	222	0.987012987012987
HTH_8	42	3300026874.a:Ga0207849_100018_61	106	1.7e-16	2	42	62	102	0.9523809523809523
HTH_8	42	3300026874.a:Ga0207849_100018_68	459	4.6e-09	5	41	407	443	0.8571428571428571
GerE	57	3300026874.a:Ga0207849_100018_8	219	2.2e-16	3	57	147	201	0.9473684210526315
HTH_1	60	3300026874.a:Ga0207849_100025_155	291	1.6e-23	2	59	4	61	0.95
HTH_1	60	3300026874.a:Ga0207849_100025_173	326	1.1e-15	1	60	3	64	0.9833333333333333
GerE	57	3300026874.a:Ga0207849_100025_174	911	1.3e-19	2	55	847	900	0.9298245614035088
HTH_8	42	3300026874.a:Ga0207849_100025_210	458	1.8e-14	2	37	406	441	0.8333333333333334
GerE	57	3300026874.a:Ga0207849_100025_9	221	4.3e-17	2	57	154	209	0.9649122807017544
HTH_DeoR	57	3300026874.a:Ga0207849_100029_106	253	4.1e-24	1	57	6	62	0.9824561403508771
HTH_8	42	3300026874.a:Ga0207849_100029_108	627	9.2e-09	17	42	598	623	0.5952380952380952
GerE	57	3300026874.a:Ga0207849_100029_158	919	3.3e-18	2	57	853	908	0.9649122807017544
HTH_1	60	3300026874.a:Ga0207849_100029_190	337	9.3e-18	1	60	8	67	0.9833333333333333
CSD	66	3300026874.a:Ga0207849_100029_198	104	1e-25	2	64	3	65	0.9393939393939394
HTH_AraC	42	3300026874.a:Ga0207849_100029_64	260	7.8e-11	1	41	163	203	0.9523809523809523
HTH_AraC	42	3300026874.a:Ga0207849_100029_64	260	7.8e-08	6	39	217	251	0.7857142857142857
HTH_1	60	3300026874.a:Ga0207849_100029_69	295	1e-19	1	60	5	64	0.9833333333333333
HTH_6	77	3300026874.a:Ga0207849_100029_93	291	9.2e-28	2	76	11	85	0.961038961038961
GerE	57	3300026874.a:Ga0207849_100030_151	357	8.1e-19	2	56	293	347	0.9473684210526315
HTH_AraC	42	3300026874.a:Ga0207849_100030_155	340	5.2e-12	3	42	231	270	0.9285714285714286
HTH_AraC	42	3300026874.a:Ga0207849_100030_155	340	2.8e-09	7	41	284	319	0.8095238095238095
HTH_1	60	3300026874.a:Ga0207849_100030_158	297	1.1e-17	1	60	8	67	0.9833333333333333
Arg_repressor	70	3300026874.a:Ga0207849_100030_24	332	5.8e-05	23	50	25	52	0.38571428571428573
HTH_1	60	3300026874.a:Ga0207849_100030_34	300	3e-15	1	60	6	65	0.9833333333333333
GntR	64	3300026874.a:Ga0207849_100030_50	228	1.6e-16	1	64	9	71	0.984375
Rrf2	83	3300026874.a:Ga0207849_100030_94	166	3.9e-29	1	83	1	83	0.9879518072289156
HTH_8	42	3300026874.a:Ga0207849_100053_104	484	4.6e-14	2	42	433	473	0.9523809523809523
HTH_8	42	3300026874.a:Ga0207849_100053_106	488	5.3e-15	2	41	433	472	0.9285714285714286
HTH_AraC	42	3300026874.a:Ga0207849_100053_67	344	7e-09	6	42	299	336	0.8571428571428571
GerE	57	3300026874.a:Ga0207849_100053_7	901	4.5e-21	3	57	840	894	0.9473684210526315
LexA_DNA_bind	65	3300026874.a:Ga0207849_100053_98	203	9.7e-31	3	65	2	64	0.9538461538461539
CSD	66	3300026874.a:Ga0207849_100067_27	178	8.6e-25	2	64	112	173	0.9393939393939394
HTH_AraC	42	3300026874.a:Ga0207849_100067_46	388	9.9e-13	7	41	343	378	0.8095238095238095
MerR	38	3300026874.a:Ga0207849_100067_55	122	7.3e-12	1	38	20	57	0.9736842105263158
HTH_AraC	42	3300026874.a:Ga0207849_100067_76	350	2.5e-07	2	42	306	344	0.9523809523809523
HTH_AraC	42	3300026874.a:Ga0207849_100067_78	344	1.7e-10	2	42	293	331	0.9523809523809523
GerE	57	3300026874.a:Ga0207849_100067_81	209	2.4e-22	1	57	142	198	0.9824561403508771
GerE	57	3300026874.a:Ga0207849_100067_97	219	5.1e-16	2	53	147	198	0.8947368421052632
GntR	64	3300026874.a:Ga0207849_100067_98	472	3.9e-19	1	64	4	67	0.984375
HTH_1	60	3300026874.a:Ga0207849_100068_24	302	2.7e-21	2	60	10	68	0.9666666666666667
HTH_8	42	3300026874.a:Ga0207849_100068_57	476	5.6e-14	2	41	425	464	0.9285714285714286
MerR	38	3300026874.a:Ga0207849_100068_79	61	9.6e-05	1	26	7	32	0.6578947368421053
HTH_1	60	3300026874.a:Ga0207849_100079_22	320	1.2e-22	1	60	6	65	0.9833333333333333
HTH_1	60	3300026874.a:Ga0207849_100079_38	304	9.1e-22	1	59	11	69	0.9666666666666667
MerR	38	3300026874.a:Ga0207849_100079_56	148	6.6e-11	2	36	3	37	0.8947368421052632
FUR	120	3300026874.a:Ga0207849_100079_70	164	6.6e-17	3	119	32	149	0.9666666666666667
SfsA	199	3300026874.a:Ga0207849_100083_25	244	9.6e-78	1	195	13	223	0.9748743718592965
YL1	244	3300026874.a:Ga0207849_100083_42	615	1.4e-05	12	177	152	368	0.6762295081967213
HTH_1	60	3300026874.a:Ga0207849_100083_50	320	1.7e-21	2	59	4	61	0.95
HTH_AraC	42	3300026874.a:Ga0207849_100083_87	346	2.9e-11	6	42	303	340	0.8571428571428571
HTH_AraC	42	3300026874.a:Ga0207849_100083_99	361	5e-05	14	37	263	285	0.5476190476190477
HTH_AraC	42	3300026874.a:Ga0207849_100083_99	361	9.3e-10	8	41	305	339	0.7857142857142857
HTH_3	55	3300026874.a:Ga0207849_100089_15	266	1.3e-05	1	47	97	144	0.8363636363636363
Trans_reg_C	77	3300026874.a:Ga0207849_100089_59	251	1.8e-25	1	77	161	237	0.987012987012987
Trans_reg_C	77	3300026874.a:Ga0207849_100089_80	245	1e-23	1	77	147	223	0.987012987012987
MarR	59	3300026874.a:Ga0207849_100098_21	166	2.3e-08	7	50	17	60	0.7288135593220338
CSD	66	3300026874.a:Ga0207849_100098_23	70	2.1e-32	2	65	6	68	0.9545454545454546
GntR	64	3300026874.a:Ga0207849_100098_73	227	1.4e-16	3	64	13	73	0.953125
GerE	57	3300026874.a:Ga0207849_100111_56	373	4.1e-07	3	54	312	363	0.8947368421052632
HTH_AraC	42	3300026874.a:Ga0207849_100111_58	298	1.2e-09	1	41	33	73	0.9523809523809523
FUR	120	3300026874.a:Ga0207849_100111_8	137	3.7e-46	2	120	11	130	0.9833333333333333
HTH_1	60	3300026874.a:Ga0207849_100113_14	305	4.5e-19	2	60	4	62	0.9666666666666667
Rsd_AlgQ	150	3300026874.a:Ga0207849_100113_29	160	9.7e-58	1	150	1	149	0.9933333333333333
LytTR	98	3300026874.a:Ga0207849_100113_47	250	6.2e-24	3	97	149	243	0.9591836734693877
GntR	64	3300026874.a:Ga0207849_100113_63	226	3.4e-13	1	64	10	72	0.984375
MarR	59	3300026874.a:Ga0207849_100115_46	157	2e-09	2	58	35	94	0.9491525423728814
HTH_11	55	3300026874.a:Ga0207849_100115_62	155	2.7e-07	18	49	65	96	0.5636363636363636
HTH_1	60	3300026874.a:Ga0207849_100115_9	296	4.4e-20	3	60	9	65	0.95
HTH_8	42	3300026874.a:Ga0207849_100118_14	463	6.2e-18	2	42	419	459	0.9523809523809523
HTH_1	60	3300026874.a:Ga0207849_100118_36	304	1.6e-18	2	60	8	66	0.9666666666666667
GntR	64	3300026874.a:Ga0207849_100122_23	226	8.9e-21	2	64	11	73	0.96875
HTH_1	60	3300026874.a:Ga0207849_100122_25	304	3.7e-24	2	60	6	64	0.9666666666666667
HTH_AraC	42	3300026874.a:Ga0207849_100122_45	334	5.1e-08	2	41	292	329	0.9285714285714286
HTH_1	60	3300026874.a:Ga0207849_100122_49	287	1.7e-20	2	60	9	67	0.9666666666666667
HTH_3	55	3300026874.a:Ga0207849_100210_9	108	7.8e-10	1	51	8	57	0.9090909090909091
GntR	64	3300026874.a:Ga0207849_100335_9	259	1.3e-24	1	64	11	74	0.984375
HTH_11	55	3300026874.a:Ga0207849_100693_5	322	7.2e-14	3	55	4	55	0.9454545454545454
