3300014616.a:Ga0121330_10103_2	gnl|TC-DB|Q07711|3.A.7.7.1	35.6	720	430	15	1	709	1	697	1.0e-115	414.1
3300014616.a:Ga0121330_10101_3	gnl|TC-DB|Q03727|3.A.1.112.1	24.8	505	333	15	70	545	213	699	3.6e-20	96.3
3300014616.a:Ga0121330_10092_2	gnl|TC-DB|K0WKG7|4.F.1.1.8	40.9	186	89	6	1	180	1	171	1.4e-24	109.4
3300014616.a:Ga0121330_10085_6	gnl|TC-DB|A8TDW7|3.A.1.122.7	37.9	198	118	3	20	214	72	267	6.8e-34	140.6
3300014616.a:Ga0121330_10083_5	gnl|TC-DB|Q5G3L7|3.A.7.19.1	29.9	197	123	4	4	198	13	196	7.7e-16	80.5
3300014616.a:Ga0121330_10083_6	gnl|TC-DB|Q52001|3.A.7.14.1	96.3	654	24	0	8	661	1	654	0.0e+00	1203.3
3300014616.a:Ga0121330_10082_5	gnl|TC-DB|C0LT20|1.E.10.1.2	40.5	111	64	1	13	121	22	132	6.7e-15	76.6
3300014616.a:Ga0121330_10082_7	gnl|TC-DB|P39803|2.A.115.1.1	45.1	277	152	0	12	288	4	280	5.6e-63	237.7
3300014616.a:Ga0121330_10080_3	gnl|TC-DB|Q9CIK8|3.A.1.5.25	51.6	310	145	4	1	307	1	308	3.8e-83	304.7
3300014616.a:Ga0121330_10080_4	gnl|TC-DB|Q9CIK9|3.A.1.5.25	57.7	336	140	2	1	335	1	335	3.7e-106	381.3
3300014616.a:Ga0121330_10080_5	gnl|TC-DB|Q2FZR6|3.A.1.5.19	32.2	326	193	4	10	308	29	353	5.6e-34	141.4
3300014616.a:Ga0121330_10080_6	gnl|TC-DB|Q9CIL1|3.A.1.5.25	33.3	213	135	5	280	490	96	303	3.1e-23	106.3
3300014616.a:Ga0121330_10080_7	gnl|TC-DB|Q9CIL2|3.A.1.5.25	24.1	522	302	18	46	547	42	489	1.3e-27	121.3
3300014616.a:Ga0121330_10079_1	gnl|TC-DB|O32220|3.A.3.5.18	45.4	648	336	8	6	641	161	802	6.2e-144	507.7
3300014616.a:Ga0121330_10079_5	gnl|TC-DB|Q9WZS2|2.A.66.1.28	30.2	430	278	8	14	431	18	437	1.3e-44	177.2
3300014616.a:Ga0121330_10078_1	gnl|TC-DB|Q830Z1|3.A.3.25.3	58.8	597	244	2	1	595	1	597	3.1e-190	661.4
3300014616.a:Ga0121330_10078_2	gnl|TC-DB|Q89K67|2.A.55.2.6	45.0	444	217	6	21	463	24	441	1.5e-87	320.1
3300014616.a:Ga0121330_10078_6	gnl|TC-DB|P32399|9.B.74.1.3	44.8	172	94	1	2	172	4	175	3.3e-41	167.2
3300014616.a:Ga0121330_10078_6	gnl|TC-DB|P32399|9.B.74.1.3	41.6	178	102	2	856	1032	556	732	6.7e-34	142.9
3300014616.a:Ga0121330_10077_4	gnl|TC-DB|P20021|3.A.3.6.1	36.8	627	376	8	8	616	103	727	1.2e-104	377.1
3300014616.a:Ga0121330_10076_8	gnl|TC-DB|P0A0D6|4.A.3.1.1	70.9	103	30	0	1	103	1	103	1.1e-37	152.1
3300014616.a:Ga0121330_10076_9	gnl|TC-DB|P11162|4.A.3.1.1	71.4	569	161	2	1	568	2	569	2.2e-238	821.2
3300014616.a:Ga0121330_10076_10	gnl|TC-DB|Q9UEF7|8.A.49.1.1	27.7	494	272	15	4	463	60	502	5.1e-39	158.7
3300014616.a:Ga0121330_10075_3	gnl|TC-DB|I0RHY9|9.B.55.1.2	40.8	120	69	1	1	118	1	120	1.7e-18	88.6
3300014616.a:Ga0121330_10075_4	gnl|TC-DB|Q46839|2.A.14.1.2	34.1	542	316	5	4	506	15	554	1.3e-72	270.4
3300014616.a:Ga0121330_10074_8	gnl|TC-DB|Q7WYT9|3.A.1.112.7	32.8	192	123	3	1	186	11	202	1.2e-19	93.2
3300014616.a:Ga0121330_10073_9	gnl|TC-DB|O69733|3.A.24.1.1	32.9	347	207	7	28	363	212	543	3.5e-43	172.2
3300014616.a:Ga0121330_10040_2	gnl|TC-DB|P39115|3.A.1.121.3	27.6	503	310	12	13	498	12	477	1.6e-43	173.7
3300014616.a:Ga0121330_10040_15	gnl|TC-DB|Q7MV19|9.A.8.1.6	35.6	733	393	16	5	674	128	844	5.2e-120	428.3
3300014616.a:Ga0121330_10040_22	gnl|TC-DB|P0A756|2.A.37.1.2	41.2	148	87	0	2	149	7	154	7.5e-28	120.6
3300014616.a:Ga0121330_10040_31	gnl|TC-DB|D2RXA5|8.A.7.1.3	27.2	464	246	14	411	862	157	540	2.0e-28	124.4
3300014616.a:Ga0121330_10039_8	gnl|TC-DB|P26235|2.A.37.2.1	54.2	382	175	0	1	382	1	382	2.5e-108	388.7
3300014616.a:Ga0121330_10039_15	gnl|TC-DB|K4IPL7|2.A.45.2.6	29.6	382	235	7	10	361	9	386	5.4e-28	121.7
3300014616.a:Ga0121330_10039_17	gnl|TC-DB|O31688|3.A.3.6.9	42.3	605	336	5	53	652	40	636	9.3e-124	440.7
3300014616.a:Ga0121330_10037_9	gnl|TC-DB|O32167|3.A.1.24.2	53.8	236	106	3	41	274	35	269	3.8e-66	248.1
3300014616.a:Ga0121330_10037_10	gnl|TC-DB|O32168|3.A.1.24.2	65.2	164	57	0	65	228	59	222	1.4e-50	196.1
3300014616.a:Ga0121330_10037_11	gnl|TC-DB|O32169|3.A.1.24.2	55.3	340	152	0	19	358	1	340	8.8e-108	386.7
3300014616.a:Ga0121330_10037_14	gnl|TC-DB|H2J7Z5|2.A.103.1.6	31.1	379	212	9	14	383	20	358	9.1e-34	141.0
3300014616.a:Ga0121330_10037_23	gnl|TC-DB|Q5EAK4|2.A.16.2.2	27.4	405	235	12	22	395	1378	1754	6.8e-25	112.1
3300014616.a:Ga0121330_10037_26	gnl|TC-DB|Q2FZR4|3.A.1.5.19	45.7	300	151	5	2	295	3	296	3.3e-68	255.0
3300014616.a:Ga0121330_10037_27	gnl|TC-DB|P45095|3.A.1.5.27	47.5	255	125	2	1	247	1	254	6.7e-58	220.7
3300014616.a:Ga0121330_10037_28	gnl|TC-DB|P26904|3.A.1.5.2	32.5	274	183	2	1	272	41	314	3.9e-39	158.3
3300014616.a:Ga0121330_10037_29	gnl|TC-DB|P42062|3.A.1.5.20	34.1	314	206	1	1	313	1	314	3.0e-51	198.7
3300014616.a:Ga0121330_10037_30	gnl|TC-DB|P42061|3.A.1.5.20	29.9	469	274	13	46	478	53	502	4.4e-44	175.6
3300014616.a:Ga0121330_10037_32	gnl|TC-DB|O31658|2.A.38.4.4	38.6	145	89	0	18	162	8	152	9.7e-23	103.2
3300014616.a:Ga0121330_10037_33	gnl|TC-DB|O31658|2.A.38.4.4	46.7	257	130	3	1	257	200	449	9.8e-53	203.4
3300014616.a:Ga0121330_10036_6	gnl|TC-DB|P16677|3.A.1.9.1	42.7	262	143	4	6	261	2	262	1.4e-46	183.0
3300014616.a:Ga0121330_10036_7	gnl|TC-DB|P16683|3.A.1.9.1	36.2	254	159	2	7	260	9	259	1.9e-40	162.5
3300014616.a:Ga0121330_10036_8	gnl|TC-DB|P16683|3.A.1.9.1	35.7	252	150	4	13	262	18	259	7.7e-37	150.6
3300014616.a:Ga0121330_10036_12	gnl|TC-DB|P0ABJ9|3.D.4.3.2	33.5	529	280	7	1	467	2	520	5.2e-76	281.6
3300014616.a:Ga0121330_10036_13	gnl|TC-DB|P0ABK2|3.D.4.3.2	33.0	361	208	4	4	330	7	367	5.6e-48	188.0
3300014616.a:Ga0121330_10036_14	gnl|TC-DB|P29018|3.A.1.129.1	32.9	571	365	6	11	571	25	587	1.2e-74	277.3
3300014616.a:Ga0121330_10036_15	gnl|TC-DB|P23886|3.A.1.129.1	30.9	572	373	8	18	574	6	570	3.4e-61	232.6
3300014616.a:Ga0121330_10036_19	gnl|TC-DB|Q3MNJ6|3.A.3.5.15	54.6	808	359	3	10	810	1	807	1.2e-234	809.3
3300014616.a:Ga0121330_10036_26	gnl|TC-DB|Q00758|2.A.66.2.14	24.8	455	285	14	8	432	5	432	4.4e-15	79.3
3300014616.a:Ga0121330_10036_32	gnl|TC-DB|P25694|3.A.16.1.2	43.0	251	136	3	177	426	202	446	4.0e-53	206.1
3300014616.a:Ga0121330_10035_7	gnl|TC-DB|F2HK99|2.A.26.1.9	69.9	439	132	0	2	440	1	439	4.1e-171	597.4
3300014616.a:Ga0121330_10035_8	gnl|TC-DB|Q9A1H1|3.A.1.3.20	65.8	243	82	1	3	244	4	246	2.3e-83	305.1
3300014616.a:Ga0121330_10035_9	gnl|TC-DB|Q9A1H0|3.A.1.3.20	53.6	478	215	4	37	510	29	503	5.0e-136	481.1
3300014616.a:Ga0121330_10035_16	gnl|TC-DB|P55339|3.A.1.143.1	65.6	241	83	0	3	243	4	244	1.2e-89	325.9
3300014616.a:Ga0121330_10035_17	gnl|TC-DB|P55340|3.A.1.143.1	28.8	399	280	4	5	401	8	404	3.8e-35	145.6
3300014616.a:Ga0121330_10035_20	gnl|TC-DB|P25953|3.A.14.1.1	36.4	275	164	5	1	266	1	273	5.7e-41	164.5
3300014616.a:Ga0121330_10035_29	gnl|TC-DB|B8ZKM9|3.A.1.147.8	61.7	240	92	0	1	240	1	240	1.7e-84	308.9
3300014616.a:Ga0121330_10035_41	gnl|TC-DB|B3DPC5|3.A.1.106.3	51.5	617	255	2	2	574	12	628	6.7e-166	580.5
3300014616.a:Ga0121330_10035_42	gnl|TC-DB|Q8G7R7|3.A.1.106.3	60.9	591	229	2	3	591	4	594	4.0e-190	661.0
3300014616.a:Ga0121330_10033_3	gnl|TC-DB|O32095|2.A.86.1.8	36.4	332	210	1	43	374	24	354	3.6e-54	208.8
3300014616.a:Ga0121330_10033_8	gnl|TC-DB|Q04JJ5|3.A.3.2.28	65.9	900	292	4	8	902	3	892	1.3e-293	1005.4
3300014616.a:Ga0121330_10033_13	gnl|TC-DB|Q2FZR4|3.A.1.5.19	62.6	302	113	0	3	304	5	306	2.2e-110	395.2
3300014616.a:Ga0121330_10033_14	gnl|TC-DB|Q9CIK9|3.A.1.5.25	65.3	340	117	1	3	341	5	344	5.6e-128	453.8
3300014616.a:Ga0121330_10033_15	gnl|TC-DB|Q2FZR6|3.A.1.5.19	45.5	347	184	2	2	348	15	356	3.6e-66	248.4
3300014616.a:Ga0121330_10033_16	gnl|TC-DB|Q2FZR7|3.A.1.5.19	52.4	307	145	1	6	312	3	308	7.9e-89	323.6
3300014616.a:Ga0121330_10033_18	gnl|TC-DB|Q2FZR3|3.A.1.5.19	36.1	510	322	2	40	549	35	540	4.6e-100	361.7
3300014616.a:Ga0121330_10033_19	gnl|TC-DB|Q2FZR3|3.A.1.5.19	36.4	546	332	4	9	554	10	540	1.6e-100	363.2
3300014616.a:Ga0121330_10033_22	gnl|TC-DB|P42424|3.A.1.134.6	30.9	583	369	11	1	553	1	579	6.1e-53	205.3
3300014616.a:Ga0121330_10033_23	gnl|TC-DB|P42423|3.A.1.134.6	59.3	162	66	0	1	162	90	251	4.5e-51	197.2
3300014616.a:Ga0121330_10033_24	gnl|TC-DB|P21458|3.A.12.1.1	50.4	782	355	10	29	798	24	784	9.0e-185	643.7
3300014616.a:Ga0121330_10033_27	gnl|TC-DB|Q8RCC4|3.A.1.3.27	33.5	248	152	3	17	260	20	258	2.9e-31	132.1
3300014616.a:Ga0121330_10033_28	gnl|TC-DB|P54537|3.A.1.3.15	46.4	207	109	2	1	205	1	207	6.0e-48	187.2
3300014616.a:Ga0121330_10033_29	gnl|TC-DB|P73544|3.A.1.3.12	38.6	215	125	2	3	210	302	516	2.7e-32	135.2
3300014616.a:Ga0121330_10033_31	gnl|TC-DB|Q7WWQ6|3.A.1.1.20	70.2	366	109	0	1	366	1	366	1.6e-149	525.4
3300014616.a:Ga0121330_10033_33	gnl|TC-DB|P39456|3.A.1.3.14	44.9	127	70	0	1	127	1	127	7.0e-28	120.2
3300014616.a:Ga0121330_10033_34	gnl|TC-DB|P54537|3.A.1.3.15	52.0	98	46	1	2	98	143	240	4.4e-25	110.2
3300014616.a:Ga0121330_10033_35	gnl|TC-DB|A9BJX0|3.A.3.2.21	43.4	901	457	15	6	874	3	882	2.0e-182	636.0
3300014616.a:Ga0121330_10032_2	gnl|TC-DB|Q99ZY3|3.A.1.34.1	49.4	251	127	0	1	251	1	251	4.2e-62	234.6
3300014616.a:Ga0121330_10032_3	gnl|TC-DB|Q99ZY4|3.A.1.34.1	45.4	282	147	4	12	291	4	280	3.7e-54	208.4
3300014616.a:Ga0121330_10032_4	gnl|TC-DB|Q99ZY6|3.A.1.34.1	32.9	316	203	4	3	311	4	317	3.1e-40	162.2
3300014616.a:Ga0121330_10032_6	gnl|TC-DB|Q6MMK1|2.A.6.6.11	39.6	399	229	5	399	792	12	403	1.3e-69	261.2
3300014616.a:Ga0121330_10032_9	gnl|TC-DB|O51234|3.A.1.7.5	34.2	304	190	4	8	306	3	301	1.3e-38	156.8
3300014616.a:Ga0121330_10032_10	gnl|TC-DB|P07654|3.A.1.7.1	34.0	215	138	3	1	212	19	232	1.1e-26	117.1
3300014616.a:Ga0121330_10032_11	gnl|TC-DB|O51236|3.A.1.7.5	58.4	250	104	0	19	268	11	260	5.6e-83	303.9
3300014616.a:Ga0121330_10032_12	gnl|TC-DB|O51236|3.A.1.7.5	57.7	248	105	0	5	252	13	260	1.7e-86	315.5
3300014616.a:Ga0121330_10032_17	gnl|TC-DB|D1QCY9|2.A.1.3.35	27.6	889	513	19	6	831	4	824	2.5e-84	310.1
3300014616.a:Ga0121330_10032_30	gnl|TC-DB|Q8Y5W0|2.A.87.1.4	35.9	198	113	4	1	196	1	186	1.7e-26	115.9
3300014616.a:Ga0121330_10032_33	gnl|TC-DB|Q5EAK4|2.A.16.2.2	29.9	371	219	12	7	344	1361	1723	1.5e-27	120.6
3300014616.a:Ga0121330_10032_38	gnl|TC-DB|K0J6Q4|1.E.40.3.4	44.4	108	58	2	4	111	5	110	9.3e-14	72.8
3300014616.a:Ga0121330_10031_3	gnl|TC-DB|B1MZU9|1.A.22.1.8	45.5	134	62	3	4	137	1	123	4.7e-20	94.0
3300014616.a:Ga0121330_10031_20	gnl|TC-DB|Q83XH1|3.A.1.121.4	63.5	539	193	3	1	539	1	535	7.0e-202	699.9
3300014616.a:Ga0121330_10031_29	gnl|TC-DB|Q5G3M3|3.A.7.19.1	61.9	168	43	3	1	165	1	150	6.6e-50	193.4
3300014616.a:Ga0121330_10031_39	gnl|TC-DB|Q9RCA5|2.A.9.3.5	39.3	247	133	5	1	238	7	245	1.9e-38	156.0
3300014616.a:Ga0121330_10031_51	gnl|TC-DB|Q5EP68|3.A.7.11.1	29.8	218	137	6	4	210	6	218	5.8e-13	71.2
3300014616.a:Ga0121330_10031_59	gnl|TC-DB|Q93N33|2.A.21.9.2	28.1	274	173	7	125	390	765	1022	9.2e-18	87.8
3300014616.a:Ga0121330_10029_1	gnl|TC-DB|P16336|3.A.5.2.1	52.1	94	45	0	1	94	1	94	1.6e-21	98.2
3300014616.a:Ga0121330_10029_37	gnl|TC-DB|Q8DU39|3.A.1.2.12	68.2	314	100	0	4	317	5	318	6.5e-123	436.8
3300014616.a:Ga0121330_10029_38	gnl|TC-DB|Q8DU38|3.A.1.2.12	56.2	354	142	3	5	352	2	348	5.1e-98	354.4
3300014616.a:Ga0121330_10029_39	gnl|TC-DB|Q8DU37|3.A.1.2.12	69.2	500	154	0	39	538	4	503	9.7e-199	689.5
3300014616.a:Ga0121330_10029_40	gnl|TC-DB|D2BKA1|3.A.1.2.17	57.2	318	126	4	45	361	40	348	3.5e-96	348.2
3300014616.a:Ga0121330_10029_49	gnl|TC-DB|Q9CHU5|2.A.72.1.3	55.3	662	291	2	3	663	4	661	1.9e-209	725.3
3300014616.a:Ga0121330_10029_53	gnl|TC-DB|O05347|3.A.1.16.2	44.0	225	120	3	28	246	46	270	6.4e-52	200.7
3300014616.a:Ga0121330_10029_55	gnl|TC-DB|O35018|2.A.1.3.30	34.0	400	251	3	20	409	27	423	2.3e-52	203.0
3300014616.a:Ga0121330_10029_56	gnl|TC-DB|Q51330|2.A.1.11.1	29.2	390	264	7	4	389	15	396	6.5e-35	144.8
3300014616.a:Ga0121330_10029_63	gnl|TC-DB|P69451|4.C.1.1.4	25.2	531	332	13	12	481	30	556	4.1e-31	132.5
3300014616.a:Ga0121330_10029_66	gnl|TC-DB|Q8YSA2|3.A.1.3.17	40.0	220	126	1	14	233	276	489	6.1e-41	164.1
3300014616.a:Ga0121330_10029_67	gnl|TC-DB|P54537|3.A.1.3.15	64.0	242	84	1	1	242	1	239	4.0e-80	294.3
3300014616.a:Ga0121330_10029_68	gnl|TC-DB|P0AEQ3|3.A.1.3.2	32.5	237	135	8	44	275	26	242	5.2e-18	88.2
3300014616.a:Ga0121330_10034_7	gnl|TC-DB|W4C0M8|2.A.79.1.7	37.3	134	83	1	4	137	2	134	7.8e-18	86.7
3300014616.a:Ga0121330_10034_8	gnl|TC-DB|Q73PT4|2.A.79.1.5	32.9	249	162	3	7	251	13	260	6.3e-28	120.9
3300014616.a:Ga0121330_10034_14	gnl|TC-DB|P31466|2.A.40.7.6	36.8	475	253	6	1	475	15	442	1.8e-68	256.5
3300014616.a:Ga0121330_10034_15	gnl|TC-DB|P0A4K4|2.A.1.2.34	49.9	389	194	1	3	391	4	391	2.9e-112	401.7
3300014616.a:Ga0121330_10034_29	gnl|TC-DB|Q9K8H6|9.B.157.1.2	34.7	239	153	3	44	280	41	278	2.5e-33	139.0
3300014616.a:Ga0121330_10011_1	gnl|TC-DB|P39851|8.A.3.2.1	44.1	211	117	1	3	213	17	226	1.1e-44	176.4
3300014616.a:Ga0121330_10011_3	gnl|TC-DB|H8E4X1|9.B.18.1.2	44.3	210	115	2	22	230	312	520	1.3e-46	183.0
3300014616.a:Ga0121330_10011_18	gnl|TC-DB|Q64K09|3.A.1.5.25	33.4	521	329	9	39	544	33	550	1.0e-75	280.8
3300014616.a:Ga0121330_10011_30	gnl|TC-DB|P40739|4.A.1.2.11	30.2	648	407	11	6	648	2	609	9.7e-73	271.2
3300014616.a:Ga0121330_10011_37	gnl|TC-DB|Q97PG9|3.A.1.15.14	58.9	241	98	1	1	241	1	240	1.5e-79	292.4
3300014616.a:Ga0121330_10011_38	gnl|TC-DB|Q9RNI8|3.A.1.15.6	78.7	235	50	0	1	235	44	278	3.1e-93	337.8
3300014616.a:Ga0121330_10011_39	gnl|TC-DB|P0A4G4|3.A.1.15.6	64.1	309	107	2	1	306	1	308	9.5e-111	396.4
3300014616.a:Ga0121330_10011_55	gnl|TC-DB|Q9HT70|3.A.1.24.5	45.9	209	107	2	16	218	20	228	2.6e-47	185.3
3300014616.a:Ga0121330_10011_56	gnl|TC-DB|Q9HT69|3.A.1.24.5	32.7	205	138	0	11	215	14	218	8.9e-26	113.6
3300014616.a:Ga0121330_10011_57	gnl|TC-DB|P28635|3.A.1.24.1	34.1	217	142	1	49	264	45	261	5.4e-33	137.9
3300014616.a:Ga0121330_10011_59	gnl|TC-DB|C7P777|1.A.43.1.4	31.6	114	77	1	4	117	6	118	5.9e-11	63.5
3300014616.a:Ga0121330_10011_60	gnl|TC-DB|F6CB17|1.A.43.1.14	46.8	124	58	2	1	116	1	124	6.5e-20	93.2
3300014616.a:Ga0121330_10011_64	gnl|TC-DB|Q7A3X3|3.A.1.122.4	47.1	221	113	2	3	220	2	221	7.4e-49	190.3
3300014616.a:Ga0121330_10011_69	gnl|TC-DB|Q2G2M9|3.A.1.106.2	36.3	582	351	6	3	570	1	576	2.3e-94	342.8
3300014616.a:Ga0121330_10011_78	gnl|TC-DB|O34442|1.A.26.1.3	35.6	435	278	2	17	450	16	449	4.5e-69	258.5
3300014616.a:Ga0121330_10011_79	gnl|TC-DB|F2MU33|9.B.158.1.3	59.8	209	84	0	1	209	1	209	5.0e-74	273.9
3300014616.a:Ga0121330_10011_83	gnl|TC-DB|Q6MDD6|3.A.7.16.1	34.0	755	446	17	6	745	3	720	5.3e-100	362.1
3300014616.a:Ga0121330_10011_96	gnl|TC-DB|Q9ZK21|1.C.82.1.1	48.7	78	39	1	1	77	1	78	4.1e-11	63.5
3300014616.a:Ga0121330_10011_97	gnl|TC-DB|Q9ZK21|1.C.82.1.1	54.2	107	49	0	1	107	121	227	3.5e-31	130.6
3300014616.a:Ga0121330_10011_122	gnl|TC-DB|Q8Y5F0|3.A.1.134.12	54.6	249	112	1	1	248	1	249	3.3e-77	284.6
3300014616.a:Ga0121330_10011_125	gnl|TC-DB|P31552|4.C.1.1.6	25.0	364	247	12	136	490	170	516	7.1e-15	78.6
3300014616.a:Ga0121330_10011_126	gnl|TC-DB|P39580|2.A.50.2.1	46.3	395	194	6	6	389	1	388	3.4e-92	335.1
3300014616.a:Ga0121330_10022_15	gnl|TC-DB|Q9MUK5|3.A.9.1.1	43.9	114	64	0	104	217	97	210	6.1e-19	92.0
3300014616.a:Ga0121330_10022_19	gnl|TC-DB|A8ALD3|2.A.49.5.5	32.9	447	271	9	10	437	29	465	6.1e-54	208.4
3300014616.a:Ga0121330_10022_22	gnl|TC-DB|Q3K0G6|4.A.2.1.20	57.6	663	246	4	1	639	1	652	4.6e-200	694.1
3300014616.a:Ga0121330_10022_29	gnl|TC-DB|M4VAL8|8.A.21.2.4	30.9	298	165	6	4	298	7	266	2.1e-26	116.3
3300014616.a:Ga0121330_10022_36	gnl|TC-DB|F5AT04|3.A.1.149.1	28.3	293	173	9	3	277	7	280	3.0e-21	99.0
3300014616.a:Ga0121330_10022_45	gnl|TC-DB|Q9CES5|3.A.1.3.25	49.4	729	347	8	1	722	1	714	2.2e-187	652.1
3300014616.a:Ga0121330_10022_46	gnl|TC-DB|Q9CES4|3.A.1.3.25	71.0	241	70	0	4	244	6	246	1.1e-96	349.4
3300014616.a:Ga0121330_10022_53	gnl|TC-DB|G4NXA5|1.A.33.1.4	75.9	609	145	2	1	608	1	608	6.8e-254	872.8
3300014616.a:Ga0121330_10022_57	gnl|TC-DB|P26235|2.A.37.2.1	22.2	383	277	7	3	377	7	376	5.8e-11	65.9
3300014616.a:Ga0121330_10022_58	gnl|TC-DB|Q9RQ05|3.A.1.12.5	61.5	571	214	1	9	579	9	573	6.6e-198	686.8
3300014616.a:Ga0121330_10022_59	gnl|TC-DB|Q9RQ06|3.A.1.12.5	71.1	398	115	0	2	399	3	400	7.7e-161	563.1
3300014616.a:Ga0121330_10069_2	gnl|TC-DB|P96712|2.A.1.3.50	38.5	343	208	2	3	343	7	348	2.0e-59	226.1
3300014616.a:Ga0121330_10069_15	gnl|TC-DB|P39803|2.A.115.1.1	37.1	278	174	1	12	289	4	280	8.0e-51	197.2
3300014616.a:Ga0121330_10038_3	gnl|TC-DB|Q83XH1|3.A.1.121.4	31.1	553	372	5	3	554	1	545	3.5e-75	279.3
3300014616.a:Ga0121330_10038_4	gnl|TC-DB|O34474|2.A.66.1.25	23.2	431	303	7	11	430	19	432	1.5e-22	104.0
3300014616.a:Ga0121330_10038_5	gnl|TC-DB|Q97Q45|3.A.1.11.7	61.6	357	136	1	1	357	1	356	8.4e-127	449.9
3300014616.a:Ga0121330_10038_6	gnl|TC-DB|Q97Q44|3.A.1.11.7	67.2	256	78	2	5	260	3	252	1.2e-85	312.8
3300014616.a:Ga0121330_10038_7	gnl|TC-DB|Q97Q43|3.A.1.11.7	67.4	267	84	2	1	264	8	274	1.9e-94	342.0
3300014616.a:Ga0121330_10038_8	gnl|TC-DB|Q97Q42|3.A.1.11.7	73.8	363	93	1	1	361	1	363	4.3e-155	543.9
3300014616.a:Ga0121330_10038_12	gnl|TC-DB|F9LXW4|2.A.87.2.3	37.8	188	95	6	14	199	11	178	2.5e-22	102.1
3300014616.a:Ga0121330_10038_32	gnl|TC-DB|Q93N33|2.A.21.9.2	25.3	241	156	5	374	602	782	1010	4.3e-14	76.3
3300014616.a:Ga0121330_10015_2	gnl|TC-DB|P07373|2.A.103.1.3	32.0	372	228	7	12	377	9	361	2.6e-33	139.4
3300014616.a:Ga0121330_10015_3	gnl|TC-DB|Q03030|3.B.1.1.1	30.9	592	373	9	528	1113	3	564	4.8e-75	279.6
3300014616.a:Ga0121330_10015_16	gnl|TC-DB|A3CPR5|1.A.14.2.6	43.4	226	127	1	1	225	1	226	4.0e-42	167.9
3300014616.a:Ga0121330_10015_29	gnl|TC-DB|Q9FI56|3.A.9.1.2	44.8	823	379	10	45	853	138	899	3.8e-189	658.3
3300014616.a:Ga0121330_10015_37	gnl|TC-DB|Q58206|3.A.1.122.14	41.1	214	118	5	1	206	1	214	1.1e-36	149.8
3300014616.a:Ga0121330_10015_42	gnl|TC-DB|Q9CES4|3.A.1.3.25	59.3	241	97	1	2	242	7	246	3.2e-77	284.6
3300014616.a:Ga0121330_10015_43	gnl|TC-DB|Q0P9X8|3.A.1.3.16	36.0	261	156	6	4	258	2	257	1.4e-33	139.8
3300014616.a:Ga0121330_10015_44	gnl|TC-DB|A1VZQ3|3.A.1.3.16	39.7	204	123	0	7	210	39	242	4.4e-38	154.5
3300014616.a:Ga0121330_10015_45	gnl|TC-DB|A1VZQ3|3.A.1.3.16	36.3	212	132	2	3	214	34	242	2.8e-32	135.2
3300014616.a:Ga0121330_10015_61	gnl|TC-DB|P0AGE4|2.A.23.4.1	48.8	391	199	1	3	392	9	399	9.8e-98	353.6
3300014616.a:Ga0121330_10015_62	gnl|TC-DB|Q9CIL2|3.A.1.5.25	40.9	506	294	5	47	550	43	545	5.8e-103	371.3
3300014616.a:Ga0121330_10015_79	gnl|TC-DB|Q99ZY3|3.A.1.34.1	57.6	243	103	0	9	251	10	252	3.1e-75	278.1
3300014616.a:Ga0121330_10015_80	gnl|TC-DB|Q99ZY4|3.A.1.34.1	61.9	281	103	2	1	280	1	278	1.7e-80	295.8
3300014616.a:Ga0121330_10015_81	gnl|TC-DB|Q99ZY6|3.A.1.34.1	42.6	329	184	3	8	336	7	330	4.4e-69	258.1
3300014616.a:Ga0121330_10015_82	gnl|TC-DB|Q99ZY6|3.A.1.34.1	43.5	333	183	3	1	333	1	328	2.1e-66	249.2
3300014616.a:Ga0121330_10015_94	gnl|TC-DB|Q9CF78|2.A.40.1.2	60.5	423	160	2	9	424	3	425	1.1e-141	499.6
3300014616.a:Ga0121330_10015_106	gnl|TC-DB|P38919|3.A.18.1.1	31.1	328	216	4	20	343	57	378	1.3e-47	187.2
3300014616.a:Ga0121330_10062_1	gnl|TC-DB|P16336|3.A.5.2.1	49.3	343	165	4	1	339	92	429	1.5e-85	312.8
3300014616.a:Ga0121330_10062_9	gnl|TC-DB|Q839D5|3.A.1.26.7	76.3	279	66	0	1	279	1	279	7.5e-123	436.4
3300014616.a:Ga0121330_10062_10	gnl|TC-DB|Q839D4|3.A.1.26.7	75.8	281	68	0	1	281	1	281	1.6e-123	438.7
3300014616.a:Ga0121330_10062_11	gnl|TC-DB|Q839D3|3.A.1.26.7	82.6	265	46	0	1	265	1	265	8.7e-121	429.5
3300014616.a:Ga0121330_10062_14	gnl|TC-DB|A4VYG6|9.B.144.1.5	39.4	866	506	10	7	867	5	856	1.5e-153	540.0
3300014616.a:Ga0121330_10026_7	gnl|TC-DB|Q72H66|3.A.1.1.25	28.4	278	190	5	7	276	2	278	2.8e-21	99.0
3300014616.a:Ga0121330_10026_8	gnl|TC-DB|P69874|3.A.1.11.1	51.0	239	117	0	6	244	18	256	3.9e-67	251.5
3300014616.a:Ga0121330_10026_15	gnl|TC-DB|P76187|8.A.5.1.7	33.2	304	172	7	14	306	15	298	1.4e-37	153.3
3300014616.a:Ga0121330_10026_21	gnl|TC-DB|A3CLT2|1.A.35.3.4	43.2	294	167	0	9	302	9	302	4.5e-57	218.0
3300014616.a:Ga0121330_10026_25	gnl|TC-DB|P0AFT2|3.A.1.3.10	40.4	193	102	3	343	535	36	215	1.3e-30	131.0
3300014616.a:Ga0121330_10026_26	gnl|TC-DB|O34900|3.A.1.3.13	55.0	240	108	0	1	240	1	240	1.9e-69	258.8
3300014616.a:Ga0121330_10026_28	gnl|TC-DB|F2HN33|2.A.3.1.22	44.9	445	237	3	3	439	5	449	1.6e-98	356.3
3300014616.a:Ga0121330_10026_30	gnl|TC-DB|L8DP77|2.A.7.5.5	56.2	80	35	0	9	88	57	136	5.8e-21	96.3
3300014616.a:Ga0121330_10026_31	gnl|TC-DB|P40420|2.A.7.5.4	36.0	139	86	2	1	139	149	284	1.7e-22	102.1
3300014616.a:Ga0121330_10026_37	gnl|TC-DB|P26379|4.A.6.1.2	36.4	140	89	0	1	140	1	140	2.3e-27	118.2
3300014616.a:Ga0121330_10026_38	gnl|TC-DB|P26380|4.A.6.1.2	64.3	157	56	0	1	157	2	158	4.8e-53	203.8
3300014616.a:Ga0121330_10026_39	gnl|TC-DB|P26381|4.A.6.1.2	76.5	238	56	0	1	238	1	238	4.7e-93	337.4
3300014616.a:Ga0121330_10026_40	gnl|TC-DB|P26382|4.A.6.1.2	74.5	271	69	0	5	275	4	274	8.5e-111	396.4
3300014616.a:Ga0121330_10026_51	gnl|TC-DB|O05703|3.A.1.15.3	59.6	485	194	2	26	509	18	501	6.7e-162	567.0
3300014616.a:Ga0121330_10026_59	gnl|TC-DB|A4EZB2|2.A.78.2.1	32.9	170	107	3	12	177	15	181	1.1e-13	73.6
3300014616.a:Ga0121330_10026_60	gnl|TC-DB|P05425|3.A.3.5.2	70.5	647	182	4	69	710	102	744	7.3e-255	876.3
3300014616.a:Ga0121330_10026_63	gnl|TC-DB|P38919|3.A.18.1.1	39.0	354	215	1	3	355	40	393	8.1e-70	261.2
3300014616.a:Ga0121330_10026_69	gnl|TC-DB|P49022|9.B.74.1.1	58.3	905	373	1	1	905	1	901	1.1e-196	683.3
3300014616.a:Ga0121330_10026_71	gnl|TC-DB|A9BJX0|3.A.3.2.21	42.8	898	472	13	4	872	3	887	3.3e-185	645.2
3300014616.a:Ga0121330_10041_12	gnl|TC-DB|P73544|3.A.1.3.12	39.4	218	127	2	4	221	301	513	4.9e-35	144.4
3300014616.a:Ga0121330_10041_13	gnl|TC-DB|Q8RCC4|3.A.1.3.27	37.1	229	139	3	45	272	32	256	5.1e-34	141.4
3300014616.a:Ga0121330_10041_31	gnl|TC-DB|Q8DS05|4.A.1.1.11	64.9	726	247	4	2	720	5	729	6.3e-275	943.0
3300014616.a:Ga0121330_10018_8	gnl|TC-DB|P42953|3.A.1.104.1	44.6	276	145	3	1	269	1	275	5.6e-67	250.8
3300014616.a:Ga0121330_10018_10	gnl|TC-DB|P42954|3.A.1.104.1	59.8	251	99	1	7	257	3	251	1.5e-88	323.2
3300014616.a:Ga0121330_10018_16	gnl|TC-DB|M2VTE1|2.A.86.1.10	35.3	139	90	0	36	174	350	488	2.5e-16	82.0
3300014616.a:Ga0121330_10018_19	gnl|TC-DB|Q7A3S4|2.A.1.3.61	30.3	370	249	3	6	369	47	413	2.2e-38	156.4
3300014616.a:Ga0121330_10018_23	gnl|TC-DB|C0B844|9.B.211.1.2	41.2	296	172	1	11	304	18	313	2.8e-54	208.8
3300014616.a:Ga0121330_10018_25	gnl|TC-DB|Q9WYC3|3.A.1.135.5	40.1	568	337	2	1	565	1	568	1.5e-114	409.8
3300014616.a:Ga0121330_10018_26	gnl|TC-DB|Q9WYC4|3.A.1.135.5	38.0	577	354	2	5	581	19	591	9.5e-112	400.6
3300014616.a:Ga0121330_10018_31	gnl|TC-DB|S7VJD6|3.A.1.26.10	49.4	166	84	0	2	167	7	172	2.1e-43	171.8
3300014616.a:Ga0121330_10018_33	gnl|TC-DB|A2RKV5|2.A.88.5.2	48.4	186	91	4	2	185	28	210	2.0e-34	142.1
3300014616.a:Ga0121330_10018_46	gnl|TC-DB|P0ABP6|9.B.27.2.3	46.9	207	109	1	3	209	7	212	1.7e-50	195.7
3300014616.a:Ga0121330_10018_49	gnl|TC-DB|F3LB58|2.A.98.1.4	23.6	335	238	3	13	335	8	336	6.0e-18	88.2
3300014616.a:Ga0121330_10018_58	gnl|TC-DB|P96704|2.A.3.1.16	59.1	435	175	1	5	436	12	446	4.7e-151	530.8
3300014616.a:Ga0121330_10018_60	gnl|TC-DB|D7V8E7|1.A.8.2.6	62.8	231	86	0	7	237	9	239	7.2e-82	300.1
3300014616.a:Ga0121330_10018_65	gnl|TC-DB|Q97NG5|2.A.66.1.34	25.0	424	281	11	39	451	10	407	2.5e-19	93.2
3300014616.a:Ga0121330_10018_66	gnl|TC-DB|P80874|8.A.5.1.4	30.8	208	125	8	7	202	8	208	6.5e-15	77.8
3300014616.a:Ga0121330_10018_67	gnl|TC-DB|Q9K7V5|9.A.23.1.1	30.6	350	211	3	15	361	14	334	9.4e-33	137.5
3300014616.a:Ga0121330_10018_71	gnl|TC-DB|P25744|2.A.1.2.20	38.9	383	229	2	12	393	12	390	2.6e-68	255.8
3300014616.a:Ga0121330_10018_76	gnl|TC-DB|Q8GRB0|3.A.1.14.8	38.4	245	148	1	3	244	2	246	3.3e-48	188.3
3300014616.a:Ga0121330_10018_77	gnl|TC-DB|A8GDS7|3.A.1.14.16	38.7	287	173	3	72	357	50	334	6.6e-47	184.5
3300014616.a:Ga0121330_10018_80	gnl|TC-DB|Q2FZR4|3.A.1.5.19	58.8	308	123	1	2	309	3	306	1.0e-99	359.8
3300014616.a:Ga0121330_10018_81	gnl|TC-DB|Q2FZR5|3.A.1.5.19	60.7	338	132	1	5	341	3	340	1.6e-117	419.1
3300014616.a:Ga0121330_10018_82	gnl|TC-DB|W0WLZ1|3.A.1.5.39	22.9	519	341	18	56	539	39	533	2.6e-26	116.7
3300014616.a:Ga0121330_10018_83	gnl|TC-DB|P42063|3.A.1.5.20	40.7	273	159	2	36	306	27	298	3.7e-54	208.4
3300014616.a:Ga0121330_10018_84	gnl|TC-DB|P42062|3.A.1.5.20	44.3	316	175	1	1	315	1	316	9.2e-77	283.5
3300014616.a:Ga0121330_10018_88	gnl|TC-DB|Q2FZR3|3.A.1.5.19	36.4	544	335	7	2	543	4	538	1.1e-93	340.5
3300014616.a:Ga0121330_10018_90	gnl|TC-DB|O07549|3.A.1.106.8	51.1	472	229	2	111	581	198	668	3.2e-128	455.3
3300014616.a:Ga0121330_10018_91	gnl|TC-DB|O07550|3.A.1.106.8	38.8	583	350	2	4	582	4	583	8.9e-118	420.6
3300014616.a:Ga0121330_10019_5	gnl|TC-DB|P94131|2.A.1.15.4	26.0	369	266	1	16	377	26	394	2.4e-29	126.3
3300014616.a:Ga0121330_10019_9	gnl|TC-DB|G0UI57|9.B.182.1.3	32.2	276	180	5	7	278	5	277	4.5e-27	118.2
3300014616.a:Ga0121330_10019_10	gnl|TC-DB|B7GU58|2.A.28.2.6	55.7	318	133	2	1	310	1	318	1.4e-88	322.8
3300014616.a:Ga0121330_10019_51	gnl|TC-DB|P27844|2.A.7.7.2	36.9	290	175	4	6	291	8	293	7.4e-44	174.1
3300014616.a:Ga0121330_10019_66	gnl|TC-DB|E8MFM3|3.A.1.135.6	49.3	608	297	4	10	610	2	605	1.4e-150	529.6
3300014616.a:Ga0121330_10019_67	gnl|TC-DB|E8MFM4|3.A.1.135.6	43.5	566	272	6	272	791	58	621	2.8e-122	436.0
3300014616.a:Ga0121330_10019_73	gnl|TC-DB|A1JRS3|2.A.53.3.9	27.9	517	327	9	16	500	24	526	5.4e-37	152.1
3300014616.a:Ga0121330_10019_77	gnl|TC-DB|O50980|4.A.3.2.3	35.1	459	254	11	4	441	6	441	3.6e-66	248.8
3300014616.a:Ga0121330_10019_78	gnl|TC-DB|Q86Z14|8.A.49.1.2	24.0	463	294	17	5	438	521	954	9.5e-22	101.3
3300014616.a:Ga0121330_10019_99	gnl|TC-DB|B9DIS8|9.B.97.5.1	34.3	613	359	11	7	613	14	588	5.1e-95	345.1
3300014616.a:Ga0121330_10066_1	gnl|TC-DB|P0AGD7|3.A.5.1.1	51.7	211	99	2	1	208	243	453	2.6e-52	201.8
3300014616.a:Ga0121330_10066_16	gnl|TC-DB|P35839|1.A.16.2.1	32.8	268	157	6	3	250	7	271	2.2e-28	122.5
3300014616.a:Ga0121330_10020_4	gnl|TC-DB|Q07837|8.A.9.1.2	29.8	547	303	12	7	520	115	613	7.8e-66	248.1
3300014616.a:Ga0121330_10020_5	gnl|TC-DB|Q05839|8.A.9.1.1	28.9	533	312	12	4	508	109	602	9.6e-66	247.7
3300014616.a:Ga0121330_10020_9	gnl|TC-DB|Q05839|8.A.9.1.1	27.8	526	322	14	8	510	115	605	3.7e-54	209.1
3300014616.a:Ga0121330_10020_10	gnl|TC-DB|Q720G7|4.A.1.2.13	66.0	477	159	1	1	477	1	474	3.8e-178	621.3
3300014616.a:Ga0121330_10020_15	gnl|TC-DB|D7VF10|1.A.8.13.3	59.9	222	81	4	1	220	1	216	1.5e-62	235.7
3300014616.a:Ga0121330_10020_19	gnl|TC-DB|Q830K3|3.A.1.26.7	68.1	163	52	0	7	169	6	168	4.1e-58	220.7
3300014616.a:Ga0121330_10020_22	gnl|TC-DB|Q97RS3|3.A.1.30.2	38.5	426	255	4	26	450	21	440	8.0e-82	300.8
3300014616.a:Ga0121330_10020_23	gnl|TC-DB|Q97RS4|3.A.1.30.2	51.1	176	86	0	5	180	4	179	5.2e-43	170.6
3300014616.a:Ga0121330_10020_25	gnl|TC-DB|O66515|1.A.11.1.5	47.6	401	202	6	1	397	25	421	6.0e-97	350.9
3300014616.a:Ga0121330_10020_30	gnl|TC-DB|P39843|2.A.1.2.8	48.1	374	193	1	2	374	8	381	2.6e-89	325.5
3300014616.a:Ga0121330_10020_40	gnl|TC-DB|P43672|3.A.1.120.6	30.5	511	334	7	1	499	3	504	5.6e-60	228.4
3300014616.a:Ga0121330_10020_51	gnl|TC-DB|A7VSQ7|2.A.87.3.2	31.1	161	109	2	13	173	10	168	3.1e-11	65.1
3300014616.a:Ga0121330_10020_57	gnl|TC-DB|Q9FI56|3.A.9.1.2	52.2	823	373	8	1	812	94	907	8.7e-236	813.1
3300014616.a:Ga0121330_10020_59	gnl|TC-DB|D8HIS0|9.B.106.2.2	33.3	276	155	5	11	257	217	492	4.4e-34	142.9
3300014616.a:Ga0121330_10020_64	gnl|TC-DB|Q9ZKE4|3.A.11.3.1	35.2	517	310	8	264	777	108	602	2.4e-73	273.5
3300014616.a:Ga0121330_10020_74	gnl|TC-DB|Q9HT69|3.A.1.24.5	37.2	172	108	0	18	189	23	194	2.2e-24	109.0
3300014616.a:Ga0121330_10020_75	gnl|TC-DB|O32169|3.A.1.24.2	45.9	340	174	2	7	339	2	338	2.3e-81	298.9
3300014616.a:Ga0121330_10020_76	gnl|TC-DB|Q9HT68|3.A.1.24.5	38.2	275	153	6	19	292	2	260	9.6e-36	147.1
3300014616.a:Ga0121330_10020_83	gnl|TC-DB|O33704|3.A.1.15.3	53.4	266	124	0	1	266	2	267	3.9e-71	264.6
3300014616.a:Ga0121330_10020_84	gnl|TC-DB|P0A2U6|3.A.1.15.3	65.8	225	77	0	1	225	1	225	3.7e-88	320.9
3300014616.a:Ga0121330_10020_85	gnl|TC-DB|O05703|3.A.1.15.3	50.3	308	144	2	3	304	2	306	6.4e-75	277.3
3300014616.a:Ga0121330_10021_10	gnl|TC-DB|P72884|3.A.1.103.5	44.1	213	118	1	40	251	54	266	1.0e-51	200.7
3300014616.a:Ga0121330_10021_18	gnl|TC-DB|P75905|4.D.1.1.3	32.6	95	63	1	5	98	77	171	5.4e-11	65.1
3300014616.a:Ga0121330_10021_20	gnl|TC-DB|O32273|2.A.66.2.6	21.3	428	325	6	1	420	1	424	2.5e-17	86.7
3300014616.a:Ga0121330_10021_25	gnl|TC-DB|O32212|2.A.36.3.2	34.4	486	312	3	21	499	21	506	2.8e-59	226.5
3300014616.a:Ga0121330_10021_26	gnl|TC-DB|P43672|3.A.1.120.6	33.5	537	342	7	12	542	12	539	2.2e-82	303.1
3300014616.a:Ga0121330_10021_29	gnl|TC-DB|P54176|1.C.113.1.1	44.7	208	112	1	9	216	9	213	7.1e-44	173.7
3300014616.a:Ga0121330_10021_35	gnl|TC-DB|O35002|9.B.174.1.1	36.6	454	266	7	13	449	7	455	1.2e-72	270.4
3300014616.a:Ga0121330_10021_39	gnl|TC-DB|Q8VRK4|3.A.11.1.3	42.3	189	103	2	88	276	70	252	9.7e-36	147.1
3300014616.a:Ga0121330_10021_50	gnl|TC-DB|Q45064|9.B.31.1.2	53.2	201	83	3	4	204	3	192	3.1e-44	174.9
3300014616.a:Ga0121330_10021_63	gnl|TC-DB|Q58206|3.A.1.122.14	46.7	225	111	2	3	218	1	225	2.7e-49	191.8
3300014616.a:Ga0121330_10021_64	gnl|TC-DB|Q6MGV4|3.A.1.137.2	19.8	805	595	18	11	793	11	786	7.0e-25	112.5
3300014616.a:Ga0121330_10021_65	gnl|TC-DB|P54538|2.A.85.5.1	29.1	313	222	0	2	314	3	315	2.9e-33	139.0
3300014616.a:Ga0121330_10021_67	gnl|TC-DB|Q15HU6|3.A.7.14.2	41.8	194	103	6	11	201	7	193	1.9e-27	119.0
3300014616.a:Ga0121330_10021_70	gnl|TC-DB|P42086|2.A.40.3.1	50.5	408	201	1	12	419	11	417	3.3e-114	408.3
3300014616.a:Ga0121330_10024_1	gnl|TC-DB|P08839|8.A.7.1.1	48.3	573	290	4	5	575	2	570	5.3e-147	517.7
3300014616.a:Ga0121330_10024_4	gnl|TC-DB|Q9FI56|3.A.9.1.2	54.3	630	262	7	99	703	257	885	1.2e-183	639.8
3300014616.a:Ga0121330_10024_7	gnl|TC-DB|P54428|9.A.40.2.1	30.8	415	263	9	14	408	6	416	1.3e-47	187.2
3300014616.a:Ga0121330_10024_8	gnl|TC-DB|O32095|2.A.86.1.8	36.9	360	219	3	1	358	1	354	5.5e-60	228.0
3300014616.a:Ga0121330_10024_52	gnl|TC-DB|P39760|2.A.38.4.4	58.4	219	89	2	1	219	1	217	2.4e-71	265.0
3300014616.a:Ga0121330_10024_55	gnl|TC-DB|C5WIF8|9.B.116.1.1	29.5	241	150	6	5	240	4	229	2.5e-18	89.0
3300014616.a:Ga0121330_10024_61	gnl|TC-DB|P0A9R7|3.A.1.140.1	43.7	215	121	0	1	215	1	215	4.8e-51	197.6
3300014616.a:Ga0121330_10024_63	gnl|TC-DB|Q6MR29|3.A.5.1.3	48.7	836	378	10	14	807	16	842	2.2e-218	755.4
3300014616.a:Ga0121330_10024_65	gnl|TC-DB|G2JSZ8|3.A.11.1.4	36.5	222	120	7	17	225	5	218	1.8e-26	115.9
3300014616.a:Ga0121330_10024_66	gnl|TC-DB|Q8CWM9|3.A.11.1.2	40.0	408	232	7	24	425	30	430	5.0e-73	271.6
3300014616.a:Ga0121330_10024_67	gnl|TC-DB|Q72XP9|4.A.3.2.8	32.7	98	64	1	4	101	3	98	2.3e-11	64.7
3300014616.a:Ga0121330_10024_74	gnl|TC-DB|Q8DQH7|3.A.1.4.10	78.6	234	49	1	1	233	3	236	2.0e-97	351.7
3300014616.a:Ga0121330_10024_75	gnl|TC-DB|Q8DQH8|3.A.1.4.10	69.6	257	74	1	1	257	1	253	4.2e-96	347.4
3300014616.a:Ga0121330_10024_76	gnl|TC-DB|Q8DQH9|3.A.1.4.10	60.3	315	125	0	1	315	1	315	7.0e-80	293.9
3300014616.a:Ga0121330_10024_77	gnl|TC-DB|Q8DQI0|3.A.1.4.10	73.6	292	77	0	1	292	1	292	9.3e-116	412.9
3300014616.a:Ga0121330_10024_78	gnl|TC-DB|Q8DQI1|3.A.1.4.10	46.9	392	202	2	1	392	1	386	4.9e-96	347.8
3300014616.a:Ga0121330_10024_88	gnl|TC-DB|P36649|1.B.76.1.8	36.5	498	243	11	95	529	24	511	1.8e-80	296.6
3300014616.a:Ga0121330_10071_4	gnl|TC-DB|F0M2Z7|9.B.115.1.2	32.2	255	152	8	6	250	43	286	3.0e-25	112.1
3300014616.a:Ga0121330_10071_6	gnl|TC-DB|Q7A3X3|3.A.1.122.4	47.1	221	113	2	3	220	2	221	8.4e-51	196.8
3300014616.a:Ga0121330_10028_1	gnl|TC-DB|P37107|3.A.5.1.2	49.0	247	125	1	3	249	78	323	7.3e-61	230.3
3300014616.a:Ga0121330_10028_4	gnl|TC-DB|Q93N33|2.A.21.9.2	27.0	222	150	6	358	571	791	1008	1.7e-12	70.9
3300014616.a:Ga0121330_10028_11	gnl|TC-DB|D0DT64|9.B.126.2.5	37.8	270	168	0	13	282	8	277	2.2e-46	182.6
3300014616.a:Ga0121330_10028_31	gnl|TC-DB|P0A6W3|9.B.146.1.6	39.6	333	177	7	5	316	25	354	3.1e-56	215.3
3300014616.a:Ga0121330_10028_37	gnl|TC-DB|Q58439|1.A.35.3.1	22.0	287	215	3	22	307	28	306	5.2e-11	65.1
3300014616.a:Ga0121330_10028_41	gnl|TC-DB|J8IXD8|1.C.109.1.5	67.6	272	84	2	1	270	3	272	2.1e-98	355.1
3300014616.a:Ga0121330_10028_50	gnl|TC-DB|Q2QKM2|4.A.6.1.6	79.5	303	62	0	1	303	1	303	8.7e-141	496.1
3300014616.a:Ga0121330_10028_51	gnl|TC-DB|Q2QKM3|4.A.6.1.6	74.2	271	66	1	1	267	1	271	1.7e-100	362.1
3300014616.a:Ga0121330_10028_52	gnl|TC-DB|Q2QKM4|4.A.6.1.6	67.6	324	102	1	1	321	1	324	1.4e-125	445.7
3300014616.a:Ga0121330_10028_53	gnl|TC-DB|Q8Y8V9|4.A.6.1.16	57.8	161	68	0	1	161	1	161	1.3e-48	189.1
3300014616.a:Ga0121330_10028_54	gnl|TC-DB|Q9KN48|3.A.23.1.1	29.6	247	149	9	113	349	192	423	3.0e-14	77.4
3300014616.a:Ga0121330_10028_56	gnl|TC-DB|Q9UYH7|2.A.102.4.1	30.9	269	154	4	9	277	14	250	3.4e-22	102.1
3300014616.a:Ga0121330_10140_3	gnl|TC-DB|A9BJX0|3.A.3.2.21	36.5	923	516	14	3	905	2	874	3.1e-157	552.4
3300014616.a:Ga0121330_10043_2	gnl|TC-DB|Q8DT28|3.A.1.1.27	44.3	377	197	8	50	416	39	412	7.4e-82	300.8
3300014616.a:Ga0121330_10043_3	gnl|TC-DB|Q8DT27|3.A.1.1.27	63.1	450	163	2	1	448	1	449	1.3e-156	549.3
3300014616.a:Ga0121330_10043_4	gnl|TC-DB|Q8DT26|3.A.1.1.27	65.1	278	95	1	11	288	3	278	1.9e-100	362.1
3300014616.a:Ga0121330_10043_5	gnl|TC-DB|Q03RZ6|3.A.1.122.13	27.1	779	446	17	2	773	4	667	7.5e-56	215.3
3300014616.a:Ga0121330_10043_10	gnl|TC-DB|Q8NMD6|4.A.1.2.12	52.9	633	277	9	1	618	1	627	3.0e-167	585.1
3300014616.a:Ga0121330_10043_18	gnl|TC-DB|Q838N7|2.A.35.1.3	63.6	209	76	0	1	209	248	456	4.9e-66	247.3
3300014616.a:Ga0121330_10043_19	gnl|TC-DB|Q838N7|2.A.35.1.3	57.6	210	89	0	3	212	7	216	2.0e-59	225.3
3300014616.a:Ga0121330_10043_27	gnl|TC-DB|Q9KN48|3.A.23.1.1	32.8	332	191	7	294	594	197	527	1.1e-41	167.9
3300014616.a:Ga0121330_10043_28	gnl|TC-DB|O32095|2.A.86.1.8	30.7	362	245	1	19	380	8	363	9.1e-42	167.5
3300014616.a:Ga0121330_10044_3	gnl|TC-DB|Q55487|4.D.2.1.9	40.3	305	180	2	1	305	3	305	2.9e-67	251.9
3300014616.a:Ga0121330_10044_6	gnl|TC-DB|P0AG80|3.A.1.1.3	25.6	348	227	11	31	353	9	349	5.0e-17	85.5
3300014616.a:Ga0121330_10044_8	gnl|TC-DB|Q93J92|3.A.1.1.36	29.6	260	183	0	13	272	39	298	3.2e-33	138.7
3300014616.a:Ga0121330_10044_9	gnl|TC-DB|Q72H67|3.A.1.1.25	27.9	272	189	3	14	279	10	280	6.4e-24	107.8
3300014616.a:Ga0121330_10044_10	gnl|TC-DB|Q8TZQ3|3.A.1.1.16	41.4	370	199	8	2	357	4	369	3.2e-70	261.9
3300014616.a:Ga0121330_10044_15	gnl|TC-DB|P76269|2.A.1.3.17	33.6	405	265	3	11	413	18	420	5.2e-52	201.8
3300014616.a:Ga0121330_10044_16	gnl|TC-DB|O85759|8.A.12.1.1	50.5	101	48	1	14	114	2	100	3.1e-23	104.4
3300014616.a:Ga0121330_10044_19	gnl|TC-DB|O86861|9.B.14.1.13	26.3	361	240	6	82	437	89	428	8.6e-25	111.3
3300014616.a:Ga0121330_10044_20	gnl|TC-DB|Q10418|3.A.1.112.8	45.3	718	385	4	2	717	9	720	1.0e-176	616.7
3300014616.a:Ga0121330_10044_24	gnl|TC-DB|P80569|1.C.24.1.3	71.2	59	17	0	1	59	1	59	4.1e-21	96.3
3300014616.a:Ga0121330_10045_2	gnl|TC-DB|Q48797|2.A.69.4.5	27.7	314	217	4	2	312	8	314	1.0e-35	147.1
3300014616.a:Ga0121330_10045_6	gnl|TC-DB|P54544|2.A.9.3.3	33.3	252	157	4	8	251	8	256	3.6e-33	138.7
3300014616.a:Ga0121330_10045_13	gnl|TC-DB|P38919|3.A.18.1.1	25.6	347	252	5	19	360	58	403	1.3e-33	140.6
3300014616.a:Ga0121330_10046_1	gnl|TC-DB|P94357|2.A.115.1.2	50.5	273	135	0	1	273	1	273	9.0e-76	280.0
3300014616.a:Ga0121330_10046_10	gnl|TC-DB|Q7BKK4|2.A.1.21.22	39.9	388	232	1	5	392	6	392	3.0e-69	258.8
3300014616.a:Ga0121330_10046_11	gnl|TC-DB|O54396|3.A.1.121.2	35.6	480	300	4	7	482	5	479	2.0e-78	289.7
3300014616.a:Ga0121330_10046_12	gnl|TC-DB|Q9KKQ7|4.A.2.1.12	71.4	84	24	0	1	84	20	103	2.6e-29	124.0
3300014616.a:Ga0121330_10046_16	gnl|TC-DB|Q8G6E7|3.A.1.31.1	44.1	188	105	0	3	190	22	209	7.8e-42	166.8
3300014616.a:Ga0121330_10046_17	gnl|TC-DB|Q8G6E8|3.A.1.31.1	31.4	210	144	0	9	218	9	218	4.2e-26	114.8
3300014616.a:Ga0121330_10046_18	gnl|TC-DB|Q73JF3|3.A.1.31.2	36.6	467	279	4	3	455	1	464	2.6e-83	305.8
3300014616.a:Ga0121330_10046_20	gnl|TC-DB|I3XAB3|2.A.109.1.5	35.6	177	107	2	5	174	9	185	8.9e-21	97.1
3300014616.a:Ga0121330_10046_22	gnl|TC-DB|Q9CIF0|4.A.3.2.4	50.0	104	51	1	2	104	4	107	1.5e-18	88.6
3300014616.a:Ga0121330_10046_23	gnl|TC-DB|U5MLJ3|4.A.3.2.9	43.0	100	56	1	7	105	2	101	8.0e-17	82.8
3300014616.a:Ga0121330_10046_24	gnl|TC-DB|H1X8H0|2.A.3.14.3	62.1	607	226	3	4	607	5	610	6.9e-206	713.4
3300014616.a:Ga0121330_10046_25	gnl|TC-DB|X5H3P0|3.D.10.1.6	25.8	477	268	13	75	522	9	428	1.4e-29	127.5
3300014616.a:Ga0121330_10047_2	gnl|TC-DB|F0TFT0|3.A.1.5.32	67.5	332	105	1	4	332	2	333	9.0e-131	463.0
3300014616.a:Ga0121330_10047_3	gnl|TC-DB|F0TFS9|3.A.1.5.32	70.6	306	90	0	3	308	4	309	2.1e-126	448.4
3300014616.a:Ga0121330_10047_4	gnl|TC-DB|F0TFS8|3.A.1.5.32	60.0	320	127	1	1	320	1	319	8.6e-107	383.3
3300014616.a:Ga0121330_10047_5	gnl|TC-DB|P0A4N9|3.A.1.5.10	45.0	302	155	2	1	302	1	291	1.6e-65	246.1
3300014616.a:Ga0121330_10047_6	gnl|TC-DB|F0TFS6|3.A.1.5.32	41.7	597	326	9	1	592	1	580	1.2e-122	436.8
3300014616.a:Ga0121330_10047_7	gnl|TC-DB|B3XQE5|9.B.33.1.2	49.2	593	287	8	4	592	3	585	5.1e-145	511.1
3300014616.a:Ga0121330_10047_9	gnl|TC-DB|P72358|1.E.14.1.1	57.4	108	46	0	9	116	17	124	3.2e-24	107.8
3300014616.a:Ga0121330_10047_10	gnl|TC-DB|P60643|2.A.122.1.3	62.3	220	83	0	11	230	9	228	6.4e-67	250.4
3300014616.a:Ga0121330_10047_14	gnl|TC-DB|P10121|3.A.5.1.1	45.3	298	158	3	29	326	201	493	1.1e-69	260.0
3300014616.a:Ga0121330_10047_20	gnl|TC-DB|Q9WZQ6|3.A.1.25.5	43.5	161	89	2	5	165	1	159	5.2e-24	107.5
3300014616.a:Ga0121330_10048_7	gnl|TC-DB|Q75V15|3.A.1.124.3	36.8	291	180	3	1	290	2	289	2.7e-49	192.2
3300014616.a:Ga0121330_10048_10	gnl|TC-DB|O07550|3.A.1.106.8	43.9	581	325	1	2	582	3	582	5.4e-139	491.1
3300014616.a:Ga0121330_10048_11	gnl|TC-DB|O07549|3.A.1.106.8	37.7	517	313	6	77	587	152	665	1.6e-90	330.1
3300014616.a:Ga0121330_10048_13	gnl|TC-DB|J7KE41|2.A.66.1.46	25.8	411	270	17	46	437	53	447	5.0e-15	79.0
3300014616.a:Ga0121330_10049_2	gnl|TC-DB|P50002|3.A.2.1.5	70.0	463	135	2	4	466	6	464	9.8e-184	639.4
3300014616.a:Ga0121330_10049_3	gnl|TC-DB|P0ABA6|3.A.2.1.1	35.2	298	181	1	3	300	2	287	6.1e-46	181.0
3300014616.a:Ga0121330_10049_4	gnl|TC-DB|P29706|3.A.2.1.2	62.4	500	187	1	1	499	1	500	1.6e-174	609.0
3300014616.a:Ga0121330_10049_5	gnl|TC-DB|Q9RMB3|3.A.2.1.5	30.8	172	117	2	8	178	4	174	4.5e-20	94.4
3300014616.a:Ga0121330_10051_27	gnl|TC-DB|F4K2G0|3.D.1.8.1	44.4	169	63	4	24	188	103	244	1.9e-27	119.0
3300014616.a:Ga0121330_10052_5	gnl|TC-DB|P77279|3.A.1.139.2	44.7	215	117	1	5	217	7	221	1.6e-48	189.1
3300014616.a:Ga0121330_10052_6	gnl|TC-DB|P77307|3.A.1.139.2	52.4	252	120	0	3	254	2	253	9.1e-67	250.0
3300014616.a:Ga0121330_10052_21	gnl|TC-DB|G4P6M9|9.B.120.1.2	54.7	223	101	0	1	223	1	223	7.1e-63	236.9
3300014616.a:Ga0121330_10052_22	gnl|TC-DB|O34315|3.A.1.3.13	37.0	227	143	0	1	227	1	227	1.3e-36	149.8
3300014616.a:Ga0121330_10052_23	gnl|TC-DB|O34852|3.A.1.3.13	34.3	233	151	2	37	269	35	265	2.6e-35	145.6
3300014616.a:Ga0121330_10052_24	gnl|TC-DB|O34931|3.A.1.3.13	34.3	233	145	2	1	229	1	229	1.1e-26	116.7
3300014616.a:Ga0121330_10052_25	gnl|TC-DB|O34900|3.A.1.3.13	56.9	246	106	0	3	248	1	246	2.3e-78	288.5
3300014616.a:Ga0121330_10052_28	gnl|TC-DB|O34900|3.A.1.3.13	59.2	240	98	0	5	244	3	242	1.6e-79	292.4
3300014616.a:Ga0121330_10052_29	gnl|TC-DB|C2UR80|2.A.1.46.5	27.8	378	266	3	8	383	17	389	8.8e-37	151.0
3300014616.a:Ga0121330_10052_31	gnl|TC-DB|O34992|3.A.1.12.4	62.8	374	139	0	1	374	1	374	2.4e-135	478.4
3300014616.a:Ga0121330_10052_32	gnl|TC-DB|O34878|3.A.1.12.4	56.6	212	92	0	1	212	4	215	1.3e-61	232.6
3300014616.a:Ga0121330_10052_33	gnl|TC-DB|O32243|3.A.1.12.4	55.2	290	129	1	15	304	15	303	7.8e-89	323.6
3300014616.a:Ga0121330_10052_34	gnl|TC-DB|O34742|3.A.1.12.4	56.5	214	93	0	6	219	1	214	1.3e-61	232.6
3300014616.a:Ga0121330_10053_2	gnl|TC-DB|P0A9V1|1.B.42.1.2	28.6	206	139	3	1	206	1	198	4.3e-16	81.6
3300014616.a:Ga0121330_10053_13	gnl|TC-DB|P08690|3.A.4.1.1	46.8	570	287	7	14	572	10	574	4.2e-136	481.5
3300014616.a:Ga0121330_10053_14	gnl|TC-DB|A6TLY3|2.A.59.1.6	72.9	343	93	0	5	347	8	350	1.4e-137	485.7
3300014616.a:Ga0121330_10053_15	gnl|TC-DB|P45946|2.A.59.1.2	73.2	340	91	0	6	345	2	341	1.9e-139	491.9
3300014616.a:Ga0121330_10053_17	gnl|TC-DB|P36879|3.A.1.105.17	73.9	303	79	0	1	303	1	303	1.7e-123	438.7
3300014616.a:Ga0121330_10053_18	gnl|TC-DB|P0AFN6|3.A.1.105.17	68.0	256	82	0	1	256	1	256	4.8e-100	360.5
3300014616.a:Ga0121330_10053_24	gnl|TC-DB|O34987|2.A.40.7.2	54.0	430	189	1	8	428	4	433	5.3e-115	411.0
3300014616.a:Ga0121330_10053_25	gnl|TC-DB|P21608|2.A.24.3.1	57.4	176	75	0	132	307	263	438	3.7e-54	208.4
3300014616.a:Ga0121330_10054_13	gnl|TC-DB|Q9A1H0|3.A.1.3.20	30.8	519	298	16	12	487	5	505	3.8e-53	205.7
3300014616.a:Ga0121330_10054_14	gnl|TC-DB|Q9CES4|3.A.1.3.25	65.3	239	83	0	2	240	7	245	6.3e-86	313.5
3300014616.a:Ga0121330_10054_20	gnl|TC-DB|P39694|3.A.11.1.1	43.0	179	94	3	29	199	26	204	5.1e-33	137.5
3300014616.a:Ga0121330_10054_21	gnl|TC-DB|G2JTB4|3.A.11.1.4	68.1	138	44	0	4	141	2	139	5.7e-54	206.8
3300014616.a:Ga0121330_10054_22	gnl|TC-DB|Q8DQ40|3.A.11.1.2	30.3	733	474	18	26	740	22	735	2.1e-71	266.9
3300014616.a:Ga0121330_10054_25	gnl|TC-DB|Q9KZW3|2.A.20.1.5	36.7	327	197	5	2	327	3	320	7.6e-53	204.1
3300014616.a:Ga0121330_10055_4	gnl|TC-DB|O05469|2.A.77.1.1	44.9	205	111	2	1	204	5	208	1.7e-44	175.6
3300014616.a:Ga0121330_10055_6	gnl|TC-DB|Q8Y992|3.A.3.6.24	43.7	575	313	4	65	634	54	622	2.6e-123	439.1
3300014616.a:Ga0121330_10055_15	gnl|TC-DB|P43439|3.A.2.2.2	68.4	664	210	0	1	664	1	664	4.2e-265	910.2
3300014616.a:Ga0121330_10055_16	gnl|TC-DB|P43457|3.A.2.2.2	98.7	156	2	0	1	156	1	156	5.9e-77	283.1
3300014616.a:Ga0121330_10055_17	gnl|TC-DB|P43436|3.A.2.2.2	45.9	194	105	0	1	194	3	196	2.4e-43	171.8
3300014616.a:Ga0121330_10055_18	gnl|TC-DB|P43456|3.A.2.2.2	77.1	327	75	0	1	327	1	327	1.2e-143	505.8
3300014616.a:Ga0121330_10055_19	gnl|TC-DB|P43455|3.A.2.2.2	77.7	103	23	0	1	103	1	103	7.5e-44	172.6
3300014616.a:Ga0121330_10055_20	gnl|TC-DB|Q08636|3.A.2.2.2	89.0	593	65	0	1	593	1	593	5.9e-311	1062.4
3300014616.a:Ga0121330_10055_21	gnl|TC-DB|Q08637|3.A.2.2.2	97.2	458	13	0	1	458	1	458	1.7e-257	884.4
3300014616.a:Ga0121330_10055_22	gnl|TC-DB|P43435|3.A.2.2.2	80.1	206	41	0	3	208	2	207	2.9e-87	317.8
3300014616.a:Ga0121330_10055_23	gnl|TC-DB|P43440|2.A.38.4.1	79.2	451	94	0	1	451	1	451	2.5e-200	694.5
3300014616.a:Ga0121330_10056_3	gnl|TC-DB|J6RCW6|3.A.1.135.7	69.0	567	175	1	9	575	1	566	2.6e-218	754.6
3300014616.a:Ga0121330_10056_4	gnl|TC-DB|E2YHZ7|3.A.1.135.7	62.6	578	216	0	6	583	7	584	2.6e-202	701.4
3300014616.a:Ga0121330_10056_13	gnl|TC-DB|QO3NM0|3.A.1.28.2	48.3	151	75	1	6	153	10	160	1.5e-30	129.0
3300014616.a:Ga0121330_10057_4	gnl|TC-DB|P0A9U1|3.A.1.105.15	53.6	56	26	0	1	56	329	384	3.4e-12	66.6
3300014616.a:Ga0121330_10060_2	gnl|TC-DB|O34897|1.A.23.3.1	35.8	257	154	4	37	289	8	257	3.9e-40	161.8
3300014616.a:Ga0121330_10060_5	gnl|TC-DB|F4K2G0|3.D.1.8.1	40.0	160	65	6	72	226	103	236	8.4e-17	84.0
3300014616.a:Ga0121330_10060_16	gnl|TC-DB|Q15HU6|3.A.7.14.2	34.1	170	102	4	43	209	31	193	6.1e-16	81.3
3300014616.a:Ga0121330_10061_1	gnl|TC-DB|P80874|8.A.5.1.4	29.1	320	166	12	12	278	10	321	2.7e-27	119.0
3300014616.a:Ga0121330_10061_2	gnl|TC-DB|Q97PQ1|2.A.4.7.6	52.5	280	133	0	9	288	8	287	3.7e-80	294.7
3300014616.a:Ga0121330_10061_3	gnl|TC-DB|A8GDS6|3.A.1.14.16	28.7	254	166	4	4	251	7	251	6.5e-20	94.4
3300014616.a:Ga0121330_10061_8	gnl|TC-DB|Q88RT8|3.A.3.6.11	36.0	214	133	3	8	220	452	662	1.5e-33	139.4
3300014616.a:Ga0121330_10061_16	gnl|TC-DB|Q8RKC0|3.A.1.122.3	32.4	410	245	11	6	404	7	395	3.4e-39	159.1
3300014616.a:Ga0121330_10061_17	gnl|TC-DB|O31711|3.A.1.122.2	49.8	217	108	1	8	224	1	216	4.1e-56	214.5
3300014616.a:Ga0121330_10160_3	gnl|TC-DB|S2NE98|9.B.105.2.2	28.4	208	142	4	14	220	8	209	2.1e-11	65.9
3300014616.a:Ga0121330_10063_8	gnl|TC-DB|D4JAJ1|9.B.143.2.2	29.1	189	126	4	14	200	4	186	3.3e-12	68.6
3300014616.a:Ga0121330_10064_5	gnl|TC-DB|Q00758|2.A.66.2.14	22.8	246	179	3	15	259	3	238	4.7e-12	69.3
3300014616.a:Ga0121330_10070_1	gnl|TC-DB|Q07711|3.A.7.7.1	29.3	710	425	23	1	648	1	695	6.9e-69	258.5
