Response_reg	112	3300014684.a:Ga0121341_100001_1016	484	5.2e-31	1	108	5	112	0.9553571428571429
AAA	132	3300014684.a:Ga0121341_100001_1016	484	1.1e-05	1	113	168	290	0.8484848484848485
HTH_8	42	3300014684.a:Ga0121341_100001_1016	484	8e-16	1	41	432	472	0.9523809523809523
SBP_bac_3	225	3300014684.a:Ga0121341_100001_103	368	7.9e-30	1	214	61	278	0.9466666666666667
HTH_3	55	3300014684.a:Ga0121341_100001_1030	83	3.8e-07	1	34	21	54	0.6
Response_reg	112	3300014684.a:Ga0121341_100001_1046	245	9.6e-22	1	111	3	113	0.9821428571428571
Trans_reg_C	77	3300014684.a:Ga0121341_100001_1046	245	2.1e-19	1	77	148	224	0.987012987012987
FecR	96	3300014684.a:Ga0121341_100001_1047	449	9.5e-17	2	96	124	226	0.9791666666666666
CHASE2	253	3300014684.a:Ga0121341_100001_1048	767	7.3e-61	5	248	29	314	0.9604743083003953
HATPase_c	111	3300014684.a:Ga0121341_100001_1048	767	2.1e-17	1	109	653	762	0.972972972972973
Rhodanese	107	3300014684.a:Ga0121341_100001_105	284	9.5e-14	8	106	20	131	0.9158878504672897
Rhodanese	107	3300014684.a:Ga0121341_100001_105	284	2.2e-10	3	105	162	273	0.9532710280373832
Response_reg	112	3300014684.a:Ga0121341_100001_1057	166	2.9e-27	1	112	9	124	0.9910714285714286
EAL	238	3300014684.a:Ga0121341_100001_1060	423	1.9e-54	3	238	150	391	0.9873949579831933
PfkB	302	3300014684.a:Ga0121341_100001_107	487	9.4e-40	3	298	22	311	0.9768211920529801
HD	122	3300014684.a:Ga0121341_100001_1095	400	6.8e-17	1	120	69	211	0.9754098360655737
PALP	294	3300014684.a:Ga0121341_100001_1101	463	7.2e-21	6	291	90	407	0.9693877551020408
Aminotran_1_2	363	3300014684.a:Ga0121341_100001_1107	393	2.2e-05	46	167	58	159	0.3333333333333333
CHASE3	138	3300014684.a:Ga0121341_100001_1108	607	9e-09	8	131	46	166	0.8913043478260869
MCPsignal	172	3300014684.a:Ga0121341_100001_1108	607	1.9e-53	4	172	400	554	0.9767441860465116
AAA	132	3300014684.a:Ga0121341_100001_1113	228	6.4e-23	13	131	1	114	0.8939393939393939
HMA	62	3300014684.a:Ga0121341_100001_1135	828	2.2e-15	4	62	13	70	0.9354838709677419
HMA	62	3300014684.a:Ga0121341_100001_1135	828	1.2e-17	2	61	78	137	0.9516129032258065
MerR	38	3300014684.a:Ga0121341_100001_1136	140	1.6e-16	1	38	2	39	0.9736842105263158
HMA	62	3300014684.a:Ga0121341_100001_1137	66	2.8e-10	2	61	4	60	0.9516129032258065
HTH_5	47	3300014684.a:Ga0121341_100001_1140	96	1.7e-15	1	46	10	55	0.9574468085106383
Response_reg	112	3300014684.a:Ga0121341_100001_1148	197	1.8e-18	1	111	14	128	0.9821428571428571
CheD	109	3300014684.a:Ga0121341_100001_1150	182	3.6e-27	2	107	58	154	0.963302752293578
Response_reg	112	3300014684.a:Ga0121341_100001_1151	130	1.6e-29	1	111	9	121	0.9821428571428571
Response_reg	112	3300014684.a:Ga0121341_100001_1152	347	3.1e-26	1	102	7	110	0.9017857142857143
CheB_methylest	170	3300014684.a:Ga0121341_100001_1152	347	4.9e-57	2	169	158	330	0.9823529411764705
CheR_N	53	3300014684.a:Ga0121341_100001_1153	289	2.9e-17	1	50	20	69	0.9245283018867925
CheR	195	3300014684.a:Ga0121341_100001_1153	289	6.1e-63	1	192	87	280	0.9794871794871794
CheW	138	3300014684.a:Ga0121341_100001_1154	158	3.1e-39	2	134	15	148	0.9565217391304348
H-kinase_dim	69	3300014684.a:Ga0121341_100001_1155	764	7.2e-15	3	69	367	428	0.9565217391304348
HATPase_c	111	3300014684.a:Ga0121341_100001_1155	764	5e-19	5	110	477	613	0.9459459459459459
CheW	138	3300014684.a:Ga0121341_100001_1155	764	1.3e-22	2	134	619	747	0.9565217391304348
Response_reg	112	3300014684.a:Ga0121341_100001_1156	122	1.7e-31	1	112	5	117	0.9910714285714286
CHASE3	138	3300014684.a:Ga0121341_100001_1158	649	6.6e-09	7	105	47	144	0.7101449275362319
MCPsignal	172	3300014684.a:Ga0121341_100001_1158	649	7.6e-56	3	172	404	559	0.9825581395348837
HisKA	64	3300014684.a:Ga0121341_100001_1160	485	6e-11	1	62	258	326	0.953125
HATPase_c	111	3300014684.a:Ga0121341_100001_1160	485	1.2e-18	4	107	373	475	0.9279279279279279
Response_reg	112	3300014684.a:Ga0121341_100001_1161	202	4.7e-28	1	111	6	116	0.9821428571428571
GerE	57	3300014684.a:Ga0121341_100001_1161	202	6.5e-19	2	56	142	196	0.9473684210526315
PAS	113	3300014684.a:Ga0121341_100001_1165	1125	3.4e-05	3	46	621	665	0.3805309734513274
HisKA	64	3300014684.a:Ga0121341_100001_1165	1125	1.8e-10	1	64	772	840	0.984375
HATPase_c	111	3300014684.a:Ga0121341_100001_1165	1125	1.1e-19	2	109	885	992	0.963963963963964
Response_reg	112	3300014684.a:Ga0121341_100001_1165	1125	4.5e-09	1	109	1016	1120	0.9642857142857143
Response_reg	112	3300014684.a:Ga0121341_100001_1166	205	2.7e-23	1	111	4	115	0.9821428571428571
GerE	57	3300014684.a:Ga0121341_100001_1166	205	3.7e-18	2	57	144	199	0.9649122807017544
CYTH	179	3300014684.a:Ga0121341_100001_1170	504	2.7e-19	2	167	6	182	0.9217877094972067
GGDEF	161	3300014684.a:Ga0121341_100001_118	435	2.1e-15	3	153	285	433	0.9316770186335404
Glyoxalase	128	3300014684.a:Ga0121341_100001_1183	129	2.2e-08	3	126	3	121	0.9609375
HTH_1	60	3300014684.a:Ga0121341_100001_1186	296	3e-22	7	60	10	63	0.8833333333333333
LysR_substrate	209	3300014684.a:Ga0121341_100001_1186	296	2.9e-52	2	208	88	288	0.9856459330143541
HxlR	91	3300014684.a:Ga0121341_100001_1196	230	5.4e-23	1	85	29	113	0.9230769230769231
GntR	64	3300014684.a:Ga0121341_100001_12	242	3.6e-18	3	64	7	68	0.953125
Sigma70_r2	71	3300014684.a:Ga0121341_100001_1200	646	1.9e-23	1	70	411	480	0.971830985915493
Sigma70_r3	78	3300014684.a:Ga0121341_100001_1200	646	1.1e-31	1	76	490	565	0.9615384615384616
Sigma70_r4	50	3300014684.a:Ga0121341_100001_1200	646	1.8e-20	1	50	579	632	0.98
PAS	113	3300014684.a:Ga0121341_100001_121	751	1.8e-07	3	91	400	478	0.7787610619469026
HisKA	64	3300014684.a:Ga0121341_100001_121	751	1.9e-10	3	61	508	574	0.90625
HATPase_c	111	3300014684.a:Ga0121341_100001_121	751	1.3e-14	6	110	622	733	0.9369369369369369
Pyr_redox_2	292	3300014684.a:Ga0121341_100001_1218	336	1.2e-50	2	292	8	301	0.9931506849315068
HisKA	64	3300014684.a:Ga0121341_100001_1219	441	4.5e-09	4	63	237	290	0.921875
HATPase_c	111	3300014684.a:Ga0121341_100001_1219	441	2.9e-22	1	108	330	436	0.963963963963964
Response_reg	112	3300014684.a:Ga0121341_100001_122	470	1.7e-28	1	111	8	119	0.9821428571428571
AAA	132	3300014684.a:Ga0121341_100001_122	470	1.3e-06	1	112	169	285	0.8409090909090909
HTH_8	42	3300014684.a:Ga0121341_100001_122	470	4e-11	2	40	413	451	0.9047619047619048
Response_reg	112	3300014684.a:Ga0121341_100001_1220	232	3.3e-27	1	112	7	114	0.9910714285714286
Trans_reg_C	77	3300014684.a:Ga0121341_100001_1220	232	1.3e-22	2	77	151	225	0.974025974025974
HTH_3	55	3300014684.a:Ga0121341_100001_1235	70	6.5e-17	1	55	10	64	0.9818181818181818
PALP	294	3300014684.a:Ga0121341_100001_1238	506	4.6e-82	4	281	16	291	0.9421768707482994
Ada_Zn_binding	65	3300014684.a:Ga0121341_100001_1242	374	5.1e-33	1	65	12	76	0.9846153846153847
HTH_18	81	3300014684.a:Ga0121341_100001_1242	374	4.2e-24	1	81	116	195	0.9876543209876543
AlkA_N	116	3300014684.a:Ga0121341_100001_1242	374	3.5e-27	2	115	206	318	0.9741379310344828
PadR	75	3300014684.a:Ga0121341_100001_1244	108	2e-18	1	74	22	90	0.9733333333333334
MerR	38	3300014684.a:Ga0121341_100001_1256	162	2.6e-09	1	38	11	46	0.9736842105263158
PAS	113	3300014684.a:Ga0121341_100001_1262	532	2e-08	12	98	34	122	0.7610619469026548
HisKA	64	3300014684.a:Ga0121341_100001_1262	532	1.4e-20	1	64	154	219	0.984375
HATPase_c	111	3300014684.a:Ga0121341_100001_1262	532	1.5e-28	1	110	266	381	0.9819819819819819
Response_reg	112	3300014684.a:Ga0121341_100001_1262	532	1.4e-26	1	111	404	519	0.9821428571428571
HisKA	64	3300014684.a:Ga0121341_100001_1275	636	2.4e-15	1	64	211	276	0.984375
HATPase_c	111	3300014684.a:Ga0121341_100001_1275	636	4.5e-31	1	109	323	437	0.972972972972973
Response_reg	112	3300014684.a:Ga0121341_100001_1275	636	2.3e-28	1	110	507	618	0.9732142857142857
GGDEF	161	3300014684.a:Ga0121341_100001_1280	556	8.4e-23	1	159	122	270	0.9813664596273292
EAL	238	3300014684.a:Ga0121341_100001_1280	556	3.9e-73	2	237	292	528	0.9873949579831933
PadR	75	3300014684.a:Ga0121341_100001_1291	139	1.2e-21	1	74	18	87	0.9733333333333334
Pyr_redox_2	292	3300014684.a:Ga0121341_100001_13	409	9.4e-65	2	292	7	306	0.9931506849315068
EPSP_synthase	417	3300014684.a:Ga0121341_100001_1304	441	5.3e-108	5	414	14	427	0.9808153477218226
cNMP_binding	88	3300014684.a:Ga0121341_100001_1316	195	1.2e-13	2	86	23	109	0.9545454545454546
HTH_5	47	3300014684.a:Ga0121341_100001_1322	112	7.7e-06	3	47	17	64	0.9361702127659575
Peptidase_M23	96	3300014684.a:Ga0121341_100001_134	229	8.8e-10	33	90	122	183	0.59375
AsnC_trans_reg	75	3300014684.a:Ga0121341_100001_1358	154	3.9e-24	2	75	71	144	0.9733333333333334
Pyr_redox_2	292	3300014684.a:Ga0121341_100001_14	477	1.5e-66	1	289	15	333	0.9863013698630136
Pyr_redox_2	292	3300014684.a:Ga0121341_100001_149	469	4.8e-74	1	292	5	330	0.9965753424657534
HMA	62	3300014684.a:Ga0121341_100001_15	117	3.7e-09	1	61	45	108	0.967741935483871
PALP	294	3300014684.a:Ga0121341_100001_150	335	1.4e-67	3	294	9	306	0.9897959183673469
HTH_1	60	3300014684.a:Ga0121341_100001_151	317	1.2e-20	1	59	16	74	0.9666666666666667
LysR_substrate	209	3300014684.a:Ga0121341_100001_151	317	4.6e-41	4	208	100	306	0.9760765550239234
NUDIX	131	3300014684.a:Ga0121341_100001_164	156	2.9e-24	3	129	4	125	0.9618320610687023
MerR	38	3300014684.a:Ga0121341_100001_17	148	2e-18	2	38	15	51	0.9473684210526315
HTH_8	42	3300014684.a:Ga0121341_100001_179	342	4.6e-05	7	39	239	271	0.7619047619047619
HTH_18	81	3300014684.a:Ga0121341_100001_179	342	1.9e-20	1	80	256	333	0.9753086419753086
MerR	38	3300014684.a:Ga0121341_100001_180	134	1.6e-16	1	38	4	41	0.9736842105263158
PTS_EIIC	324	3300014684.a:Ga0121341_100001_182	558	1.2e-70	2	324	13	321	0.9938271604938271
PTS-HPr	82	3300014684.a:Ga0121341_100001_183	847	8.4e-22	3	81	168	246	0.9512195121951219
GntR	64	3300014684.a:Ga0121341_100001_186	247	1.6e-22	1	64	18	81	0.984375
SIS	131	3300014684.a:Ga0121341_100001_187	344	1.8e-18	9	129	46	166	0.916030534351145
SIS	131	3300014684.a:Ga0121341_100001_187	344	6.4e-13	2	83	201	283	0.6183206106870229
GAF	133	3300014684.a:Ga0121341_100001_190	323	1.4e-09	4	132	68	201	0.9624060150375939
HTH_8	42	3300014684.a:Ga0121341_100001_190	323	1e-13	4	41	278	315	0.8809523809523809
Fer4	24	3300014684.a:Ga0121341_100001_208	128	1.4e-08	2	23	46	67	0.875
HTH_1	60	3300014684.a:Ga0121341_100001_212	310	2.9e-19	1	60	8	67	0.9833333333333333
LysR_substrate	209	3300014684.a:Ga0121341_100001_212	310	3.3e-43	5	207	93	298	0.9665071770334929
NIR_SIR_ferr	69	3300014684.a:Ga0121341_100001_215	556	3.7e-18	10	69	52	111	0.855072463768116
NIR_SIR	159	3300014684.a:Ga0121341_100001_215	556	1.5e-37	1	155	119	271	0.9685534591194969
NIR_SIR_ferr	69	3300014684.a:Ga0121341_100001_215	556	1.3e-15	11	69	336	399	0.8405797101449275
NIR_SIR	159	3300014684.a:Ga0121341_100001_215	556	1.5e-10	48	154	451	550	0.6666666666666666
PALP	294	3300014684.a:Ga0121341_100001_217	340	6.5e-70	3	294	8	305	0.9897959183673469
SBP_bac_1	315	3300014684.a:Ga0121341_100001_218	342	1.2e-10	4	314	41	280	0.9841269841269841
Pyr_redox_2	292	3300014684.a:Ga0121341_100001_222	467	3.1e-06	3	173	6	220	0.5821917808219178
Aminotran_1_2	363	3300014684.a:Ga0121341_100001_235	413	3.4e-09	48	237	78	246	0.5206611570247934
Aminotran_1_2	363	3300014684.a:Ga0121341_100001_240	379	1.6e-07	48	189	47	171	0.3884297520661157
Rrf2	83	3300014684.a:Ga0121341_100001_241	157	3.4e-30	1	83	1	83	0.9879518072289156
Peripla_BP_2	238	3300014684.a:Ga0121341_100001_256	242	1.6e-06	49	194	47	181	0.6092436974789915
TetR_N	47	3300014684.a:Ga0121341_100001_257	211	4.2e-16	1	47	26	72	0.9787234042553191
Glycos_trans_3N	63	3300014684.a:Ga0121341_100001_274	345	2e-21	2	63	6	67	0.9682539682539683
LexA_DNA_bind	65	3300014684.a:Ga0121341_100001_277	231	5.8e-17	4	65	2	63	0.9384615384615385
Citrate_synt	361	3300014684.a:Ga0121341_100001_280	434	4.7e-133	1	361	51	415	0.997229916897507
HATPase_c	111	3300014684.a:Ga0121341_100001_295	695	2.2e-21	1	110	80	224	0.9819819819819819
CbiA	128	3300014684.a:Ga0121341_100001_296	357	1.5e-17	1	127	119	329	0.984375
MerR	38	3300014684.a:Ga0121341_100001_32	133	2.8e-16	1	38	2	39	0.9736842105263158
Response_reg	112	3300014684.a:Ga0121341_100001_320	209	3e-18	1	111	20	128	0.9821428571428571
GerE	57	3300014684.a:Ga0121341_100001_320	209	1.1e-14	3	54	146	197	0.8947368421052632
Fer4	24	3300014684.a:Ga0121341_100001_335	164	2.3e-07	5	24	61	80	0.7916666666666666
Fer4	24	3300014684.a:Ga0121341_100001_335	164	3.9e-10	2	23	97	118	0.875
HTH_3	55	3300014684.a:Ga0121341_100001_350	88	2.4e-05	2	38	17	53	0.6545454545454545
GerE	57	3300014684.a:Ga0121341_100001_351	196	9.5e-12	11	56	1	46	0.7894736842105263
HTH_3	55	3300014684.a:Ga0121341_100001_355	79	8.1e-06	3	53	20	70	0.9090909090909091
Sigma70_r2	71	3300014684.a:Ga0121341_100001_357	185	4.2e-15	14	71	44	99	0.8028169014084507
Sigma70_r4_2	54	3300014684.a:Ga0121341_100001_357	185	3.1e-08	1	54	122	175	0.9814814814814815
Sigma70_r2	71	3300014684.a:Ga0121341_100001_368	193	2.1e-16	1	70	32	100	0.971830985915493
Sigma70_r4	50	3300014684.a:Ga0121341_100001_368	193	3.5e-14	1	49	133	181	0.96
HTH_IclR	52	3300014684.a:Ga0121341_100001_372	112	1.9e-05	12	49	26	63	0.7115384615384616
MerR	38	3300014684.a:Ga0121341_100001_377	264	6.4e-12	3	38	17	51	0.9210526315789473
GAF	133	3300014684.a:Ga0121341_100001_382	1196	1.3e-08	4	129	29	154	0.9398496240601504
PAS	113	3300014684.a:Ga0121341_100001_382	1196	1.6e-07	3	43	167	207	0.35398230088495575
HisKA	64	3300014684.a:Ga0121341_100001_382	1196	2.5e-22	1	64	299	364	0.984375
HATPase_c	111	3300014684.a:Ga0121341_100001_382	1196	1.1e-28	1	110	410	521	0.9819819819819819
Aminotran_1_2	363	3300014684.a:Ga0121341_100001_394	386	2.8e-64	3	363	27	378	0.9917355371900827
T2SSE	273	3300014684.a:Ga0121341_100001_400	319	3.1e-74	7	271	25	291	0.967032967032967
Sigma70_r2	71	3300014684.a:Ga0121341_100001_41	186	3.8e-19	8	69	29	88	0.8591549295774648
Sigma70_r4_2	54	3300014684.a:Ga0121341_100001_41	186	1.3e-16	2	54	125	177	0.9629629629629629
Trans_reg_C	77	3300014684.a:Ga0121341_100001_415	368	1.1e-16	1	77	23	98	0.987012987012987
Pyr_redox_2	292	3300014684.a:Ga0121341_100001_417	310	7.8e-29	2	292	6	286	0.9931506849315068
Hemerythrin	131	3300014684.a:Ga0121341_100001_443	221	6.5e-15	4	128	68	180	0.9465648854961832
Response_reg	112	3300014684.a:Ga0121341_100001_444	380	8e-24	2	110	11	121	0.9642857142857143
HisKA	64	3300014684.a:Ga0121341_100001_444	380	9.6e-16	2	64	156	220	0.96875
HATPase_c	111	3300014684.a:Ga0121341_100001_444	380	1.9e-26	1	108	266	376	0.963963963963964
CheB_methylest	170	3300014684.a:Ga0121341_100001_445	192	1.5e-59	1	168	9	183	0.9823529411764705
CheR_N	53	3300014684.a:Ga0121341_100001_446	279	3.1e-13	2	53	13	64	0.9622641509433962
CheR	195	3300014684.a:Ga0121341_100001_446	279	5.7e-39	2	180	78	255	0.9128205128205128
CHASE3	138	3300014684.a:Ga0121341_100001_447	1141	1.5e-43	2	137	46	181	0.9782608695652174
HisKA	64	3300014684.a:Ga0121341_100001_447	1141	1.6e-21	2	64	473	540	0.96875
HATPase_c	111	3300014684.a:Ga0121341_100001_447	1141	4.3e-29	1	109	586	696	0.972972972972973
Response_reg	112	3300014684.a:Ga0121341_100001_447	1141	1.1e-18	2	111	750	857	0.9732142857142857
Response_reg	112	3300014684.a:Ga0121341_100001_447	1141	4.1e-17	1	108	871	980	0.9553571428571429
Response_reg	112	3300014684.a:Ga0121341_100001_447	1141	2.4e-27	1	111	1017	1134	0.9821428571428571
cNMP_binding	88	3300014684.a:Ga0121341_100001_456	257	6.3e-09	2	84	48	130	0.9318181818181818
Crp	32	3300014684.a:Ga0121341_100001_456	257	0.0001	1	31	192	222	0.9375
AraC_binding	136	3300014684.a:Ga0121341_100001_467	280	5.2e-06	10	82	22	92	0.5294117647058824
HTH_18	81	3300014684.a:Ga0121341_100001_467	280	5.2e-20	2	78	177	251	0.9382716049382716
TPR_2	34	3300014684.a:Ga0121341_100001_468	637	5e-06	7	33	565	591	0.7647058823529411
AAA	132	3300014684.a:Ga0121341_100001_473	800	4.7e-22	1	127	348	484	0.9545454545454546
AAA	132	3300014684.a:Ga0121341_100001_474	423	6.3e-17	1	99	114	220	0.7424242424242424
Sigma70_r2	71	3300014684.a:Ga0121341_100001_483	201	2.3e-18	3	70	36	101	0.9436619718309859
Sigma70_r4_2	54	3300014684.a:Ga0121341_100001_483	201	3e-14	3	54	128	179	0.9444444444444444
Ammonium_transp	399	3300014684.a:Ga0121341_100001_488	466	2.8e-114	1	396	68	460	0.9899749373433584
MerR	38	3300014684.a:Ga0121341_100001_538	139	1.1e-09	1	38	10	47	0.9736842105263158
HMA	62	3300014684.a:Ga0121341_100001_54	76	3.1e-11	1	61	13	70	0.967741935483871
Aminotran_1_2	363	3300014684.a:Ga0121341_100001_554	428	3.5e-09	50	352	85	376	0.8319559228650137
Aminotran_1_2	363	3300014684.a:Ga0121341_100001_556	431	2.2e-77	3	362	71	413	0.9889807162534435
Pyr_redox_2	292	3300014684.a:Ga0121341_100001_562	461	5.6e-66	1	292	6	320	0.9965753424657534
DeoRC	160	3300014684.a:Ga0121341_100001_563	228	3.1e-07	5	54	5	56	0.30625
PAS	113	3300014684.a:Ga0121341_100001_572	504	1.4e-05	2	70	9	77	0.6017699115044248
PAS	113	3300014684.a:Ga0121341_100001_572	504	6.2e-05	9	113	192	300	0.9203539823008849
Response_reg	112	3300014684.a:Ga0121341_100001_573	126	3.2e-08	1	110	10	115	0.9732142857142857
GntR	64	3300014684.a:Ga0121341_100001_578	233	1.9e-19	3	64	8	69	0.953125
MerR	38	3300014684.a:Ga0121341_100001_58	152	2.4e-16	1	38	14	51	0.9736842105263158
Aminotran_1_2	363	3300014684.a:Ga0121341_100001_605	402	6e-80	2	363	33	393	0.9944903581267218
HTH_5	47	3300014684.a:Ga0121341_100001_614	321	1.8e-15	2	46	18	62	0.9361702127659575
B12-binding_2	75	3300014684.a:Ga0121341_100001_619	895	5.7e-27	1	75	316	390	0.9866666666666667
B12-binding	121	3300014684.a:Ga0121341_100001_619	895	7e-21	2	93	407	498	0.7520661157024794
TetR_N	47	3300014684.a:Ga0121341_100001_626	205	2.9e-14	1	47	16	62	0.9787234042553191
HMA	62	3300014684.a:Ga0121341_100001_63	716	1.1e-09	2	61	10	68	0.9516129032258065
CBS	57	3300014684.a:Ga0121341_100001_636	539	5e-05	3	56	5	58	0.9298245614035088
HisKA	64	3300014684.a:Ga0121341_100001_636	539	1.2e-11	3	64	161	224	0.953125
HATPase_c	111	3300014684.a:Ga0121341_100001_636	539	1.9e-21	2	108	272	375	0.954954954954955
Response_reg	112	3300014684.a:Ga0121341_100001_636	539	2e-27	1	111	403	515	0.9821428571428571
NUDIX	131	3300014684.a:Ga0121341_100001_687	221	1e-17	2	109	45	155	0.816793893129771
TPR_2	34	3300014684.a:Ga0121341_100001_697	284	5.4e-05	9	34	86	111	0.7352941176470589
Pribosyltran	159	3300014684.a:Ga0121341_100001_698	312	9.9e-20	18	124	148	247	0.6666666666666666
T2SSE	273	3300014684.a:Ga0121341_100001_70	335	4.5e-76	7	272	25	292	0.9706959706959707
HisKA	64	3300014684.a:Ga0121341_100001_722	834	2.6e-19	1	64	458	523	0.984375
HATPase_c	111	3300014684.a:Ga0121341_100001_722	834	3.2e-32	1	110	570	681	0.9819819819819819
Response_reg	112	3300014684.a:Ga0121341_100001_722	834	5.3e-26	1	109	706	818	0.9642857142857143
Aminotran_1_2	363	3300014684.a:Ga0121341_100001_728	401	6.6e-63	2	362	46	389	0.9917355371900827
Glyoxalase	128	3300014684.a:Ga0121341_100001_732	141	7e-10	2	127	5	131	0.9765625
B12-binding	121	3300014684.a:Ga0121341_100001_733	720	2.6e-12	2	109	581	686	0.8842975206611571
HTH_3	55	3300014684.a:Ga0121341_100001_737	470	5e-11	1	53	11	63	0.9454545454545454
TetR_N	47	3300014684.a:Ga0121341_100001_740	232	2e-15	1	45	32	76	0.9361702127659575
HTH_1	60	3300014684.a:Ga0121341_100001_742	299	3.5e-16	1	59	10	68	0.9666666666666667
LysR_substrate	209	3300014684.a:Ga0121341_100001_742	299	4.8e-33	4	208	94	288	0.9760765550239234
Response_reg	112	3300014684.a:Ga0121341_100001_746	230	2.1e-24	1	112	8	117	0.9910714285714286
Trans_reg_C	77	3300014684.a:Ga0121341_100001_746	230	1.5e-24	3	77	153	227	0.961038961038961
HisKA	64	3300014684.a:Ga0121341_100001_747	890	2.2e-15	2	64	658	725	0.96875
HATPase_c	111	3300014684.a:Ga0121341_100001_747	890	3.7e-21	2	109	770	880	0.963963963963964
Response_reg	112	3300014684.a:Ga0121341_100001_755	182	1e-23	2	110	12	119	0.9642857142857143
HTH_8	42	3300014684.a:Ga0121341_100001_755	182	4.7e-14	3	41	139	177	0.9047619047619048
HisKA	64	3300014684.a:Ga0121341_100001_756	441	2.3e-05	2	56	222	281	0.84375
HATPase_c	111	3300014684.a:Ga0121341_100001_756	441	5.2e-14	5	110	335	435	0.9459459459459459
HTH_1	60	3300014684.a:Ga0121341_100001_771	297	2.1e-20	4	60	5	61	0.9333333333333333
LysR_substrate	209	3300014684.a:Ga0121341_100001_771	297	3.9e-40	3	205	87	285	0.9665071770334929
CHASE3	138	3300014684.a:Ga0121341_100001_788	610	4.6e-30	3	137	39	173	0.9710144927536232
GGDEF	161	3300014684.a:Ga0121341_100001_788	610	1.4e-47	3	161	443	600	0.9813664596273292
MarR	59	3300014684.a:Ga0121341_100001_789	152	2.7e-08	8	58	42	92	0.847457627118644
HxlR	91	3300014684.a:Ga0121341_100001_791	164	3.6e-24	1	87	20	105	0.945054945054945
MASE1	300	3300014684.a:Ga0121341_100001_798	560	6.1e-21	4	299	40	315	0.9833333333333333
HisKA	64	3300014684.a:Ga0121341_100001_798	560	6.8e-12	1	64	335	403	0.984375
HATPase_c	111	3300014684.a:Ga0121341_100001_798	560	6.3e-24	2	109	450	558	0.963963963963964
HTH_5	47	3300014684.a:Ga0121341_100001_8	112	2.7e-05	2	47	16	64	0.9574468085106383
HTH_3	55	3300014684.a:Ga0121341_100001_805	82	1.3e-07	6	55	12	62	0.8909090909090909
GGDEF	161	3300014684.a:Ga0121341_100001_822	192	2.4e-36	1	157	38	190	0.968944099378882
NUDIX	131	3300014684.a:Ga0121341_100001_836	152	4.6e-11	13	130	26	143	0.8931297709923665
Response_reg	112	3300014684.a:Ga0121341_100001_837	344	3.9e-21	2	104	8	109	0.9107142857142857
HATPase_c	111	3300014684.a:Ga0121341_100001_837	344	3.5e-08	6	81	253	316	0.6756756756756757
Response_reg	112	3300014684.a:Ga0121341_100001_838	141	1.9e-20	1	110	7	124	0.9732142857142857
CHASE3	138	3300014684.a:Ga0121341_100001_839	511	6.5e-36	2	138	53	189	0.9855072463768116
HisKA	64	3300014684.a:Ga0121341_100001_839	511	3.2e-09	3	62	259	345	0.921875
HATPase_c	111	3300014684.a:Ga0121341_100001_839	511	2.6e-23	2	109	389	498	0.963963963963964
AAA	132	3300014684.a:Ga0121341_100001_842	471	2.4e-05	1	111	144	262	0.8333333333333334
HTH_8	42	3300014684.a:Ga0121341_100001_842	471	1e-15	2	42	408	448	0.9523809523809523
GGDEF	161	3300014684.a:Ga0121341_100001_85	353	2.5e-41	1	161	181	340	0.9937888198757764
Response_reg	112	3300014684.a:Ga0121341_100001_858	244	2.4e-30	2	111	23	133	0.9732142857142857
Trans_reg_C	77	3300014684.a:Ga0121341_100001_858	244	1.9e-18	5	77	172	240	0.935064935064935
HisKA	64	3300014684.a:Ga0121341_100001_859	448	1.7e-09	2	64	244	301	0.96875
HATPase_c	111	3300014684.a:Ga0121341_100001_859	448	2.9e-19	5	108	343	446	0.9279279279279279
HhH-GPD	108	3300014684.a:Ga0121341_100001_879	340	2.6e-19	2	91	42	159	0.8240740740740741
GAF	133	3300014684.a:Ga0121341_100001_904	170	7.5e-08	35	127	71	159	0.6917293233082706
TPR_2	34	3300014684.a:Ga0121341_100001_915	648	1.1e-05	7	34	558	585	0.7941176470588235
Glyoxalase	128	3300014684.a:Ga0121341_100001_948	131	1.2e-13	2	127	4	122	0.9765625
Sigma70_r2	71	3300014684.a:Ga0121341_100001_959	295	2.9e-18	1	69	52	120	0.9577464788732394
Sigma70_r3	78	3300014684.a:Ga0121341_100001_959	295	2.1e-06	26	76	161	211	0.6410256410256411
Sigma70_r4	50	3300014684.a:Ga0121341_100001_959	295	3.6e-19	1	50	229	280	0.98
Response_reg	112	3300014684.a:Ga0121341_100001_960	269	1.3e-18	1	111	19	132	0.9821428571428571
PAS	113	3300014684.a:Ga0121341_100001_985	810	5.2e-10	2	113	292	401	0.9823008849557522
HisKA	64	3300014684.a:Ga0121341_100001_985	810	3.7e-20	2	63	425	489	0.953125
HATPase_c	111	3300014684.a:Ga0121341_100001_985	810	3.9e-32	1	110	537	652	0.9819819819819819
Response_reg	112	3300014684.a:Ga0121341_100001_985	810	3.1e-28	1	110	682	794	0.9732142857142857
Response_reg	112	3300014684.a:Ga0121341_100001_987	230	4e-31	1	112	5	117	0.9910714285714286
Trans_reg_C	77	3300014684.a:Ga0121341_100001_987	230	1.8e-28	1	77	150	225	0.987012987012987
HisKA	64	3300014684.a:Ga0121341_100001_992	475	2.2e-18	2	62	211	275	0.9375
HATPase_c	111	3300014684.a:Ga0121341_100001_992	475	1.4e-21	1	109	323	460	0.972972972972973
MHYT	59	3300014684.a:Ga0121341_100001_993	762	3.8e-14	1	58	58	115	0.9661016949152542
MHYT	59	3300014684.a:Ga0121341_100001_993	762	8.6e-09	1	42	120	162	0.6949152542372882
HisKA	64	3300014684.a:Ga0121341_100001_993	762	1.9e-23	1	64	382	447	0.984375
HATPase_c	111	3300014684.a:Ga0121341_100001_993	762	6.2e-27	1	110	494	604	0.9819819819819819
Response_reg	112	3300014684.a:Ga0121341_100001_993	762	8.5e-29	1	111	632	746	0.9821428571428571
HTH_3	55	3300014684.a:Ga0121341_100001_996	477	4e-14	1	53	15	67	0.9454545454545454
Pyr_redox_2	292	3300014684.a:Ga0121341_100002_112	337	1.6e-09	2	117	8	190	0.3938356164383562
FeoA	74	3300014684.a:Ga0121341_100002_124	96	4.1e-21	2	73	6	84	0.9594594594594594
TetR_N	47	3300014684.a:Ga0121341_100002_126	209	1.2e-07	1	39	23	61	0.8085106382978723
HD	122	3300014684.a:Ga0121341_100002_13	223	6e-06	2	46	70	109	0.36065573770491804
AAA	132	3300014684.a:Ga0121341_100002_136	767	8.7e-15	2	97	217	321	0.7196969696969697
AAA	132	3300014684.a:Ga0121341_100002_136	767	2.9e-13	2	111	498	613	0.8257575757575758
Response_reg	112	3300014684.a:Ga0121341_100002_142	122	1.7e-28	1	111	5	116	0.9821428571428571
Response_reg	112	3300014684.a:Ga0121341_100002_143	455	3.7e-28	1	111	5	116	0.9821428571428571
Response_reg	112	3300014684.a:Ga0121341_100002_143	455	7.3e-13	1	111	156	265	0.9821428571428571
GGDEF	161	3300014684.a:Ga0121341_100002_143	455	2.8e-50	1	161	289	448	0.9937888198757764
NUDIX	131	3300014684.a:Ga0121341_100002_147	236	1.3e-10	3	117	25	194	0.8702290076335878
PALP	294	3300014684.a:Ga0121341_100002_149	468	1.3e-68	3	294	18	310	0.9897959183673469
CBS	57	3300014684.a:Ga0121341_100002_149	468	2.7e-12	4	53	342	395	0.8596491228070176
CBS	57	3300014684.a:Ga0121341_100002_149	468	3.6e-06	1	56	412	464	0.9649122807017544
AAA	132	3300014684.a:Ga0121341_100002_15	287	2.4e-14	1	126	30	176	0.946969696969697
Aminotran_1_2	363	3300014684.a:Ga0121341_100002_150	388	1.4e-09	43	198	57	189	0.42699724517906334
Nitroreductase	170	3300014684.a:Ga0121341_100002_160	199	7.3e-21	4	169	24	176	0.9705882352941176
NUDIX	131	3300014684.a:Ga0121341_100002_161	210	1.2e-11	3	66	59	124	0.48091603053435117
HTH_IclR	52	3300014684.a:Ga0121341_100002_166	256	9.6e-14	1	51	13	63	0.9615384615384616
IclR	129	3300014684.a:Ga0121341_100002_166	256	8.6e-14	4	126	130	244	0.9457364341085271
Pyr_redox_2	292	3300014684.a:Ga0121341_100002_167	396	1.8e-57	2	291	4	297	0.9897260273972602
CBS	57	3300014684.a:Ga0121341_100002_190	486	5.7e-11	5	51	91	138	0.8070175438596491
CBS	57	3300014684.a:Ga0121341_100002_190	486	1.1e-07	2	52	149	200	0.8771929824561403
B12-binding	121	3300014684.a:Ga0121341_100002_190	486	3.2e-05	46	114	234	299	0.5619834710743802
HTH_3	55	3300014684.a:Ga0121341_100002_200	94	1.5e-06	1	52	13	64	0.9272727272727272
HTH_11	55	3300014684.a:Ga0121341_100002_204	89	3e-05	2	33	8	39	0.5636363636363636
Sigma70_r2	71	3300014684.a:Ga0121341_100002_217	186	1.2e-14	1	70	28	95	0.971830985915493
Sigma70_r4_2	54	3300014684.a:Ga0121341_100002_217	186	4.8e-14	1	54	114	167	0.9814814814814815
Sigma70_r2	71	3300014684.a:Ga0121341_100002_222	244	6.3e-16	7	69	38	98	0.8732394366197183
Sigma70_r4_2	54	3300014684.a:Ga0121341_100002_222	244	5.6e-15	2	54	142	194	0.9629629629629629
Glyoxalase	128	3300014684.a:Ga0121341_100002_227	114	1.2e-06	2	125	4	103	0.9609375
Pribosyltran	159	3300014684.a:Ga0121341_100002_228	502	5.8e-12	13	119	285	398	0.6666666666666666
AAA	132	3300014684.a:Ga0121341_100002_230	458	1.3e-07	1	75	92	182	0.5606060606060606
CBS	57	3300014684.a:Ga0121341_100002_24	472	3.2e-06	11	55	233	277	0.7719298245614035
Aminotran_1_2	363	3300014684.a:Ga0121341_100002_250	386	1.8e-54	44	363	60	368	0.8787878787878788
TPR_1	34	3300014684.a:Ga0121341_100002_289	475	1.3e-05	4	33	315	344	0.8529411764705882
HD	122	3300014684.a:Ga0121341_100002_297	718	3.2e-09	1	122	44	143	0.9918032786885246
ACT	67	3300014684.a:Ga0121341_100002_297	718	1e-06	3	65	644	703	0.9253731343283582
Pribosyltran	159	3300014684.a:Ga0121341_100002_299	195	2.9e-15	12	134	46	156	0.7672955974842768
Glyoxalase	128	3300014684.a:Ga0121341_100002_307	147	2e-09	10	127	11	133	0.9140625
CbiA	128	3300014684.a:Ga0121341_100002_326	283	1.3e-09	1	41	7	47	0.3125
AAA	132	3300014684.a:Ga0121341_100002_328	335	1.4e-05	1	69	72	150	0.5151515151515151
HisKA	64	3300014684.a:Ga0121341_100002_334	604	2.4e-19	1	64	215	280	0.984375
HATPase_c	111	3300014684.a:Ga0121341_100002_334	604	5.8e-31	1	108	327	440	0.963963963963964
Response_reg	112	3300014684.a:Ga0121341_100002_334	604	2.6e-29	1	108	467	576	0.9553571428571429
Response_reg	112	3300014684.a:Ga0121341_100002_339	192	5.6e-23	2	111	25	138	0.9732142857142857
EPSP_synthase	417	3300014684.a:Ga0121341_100002_34	430	1e-96	2	417	7	412	0.9952038369304557
SKI	158	3300014684.a:Ga0121341_100002_342	194	1.6e-48	1	156	28	182	0.9810126582278481
HATPase_c	111	3300014684.a:Ga0121341_100002_353	643	1.2e-07	5	62	22	77	0.5135135135135135
Peptidase_M23	96	3300014684.a:Ga0121341_100002_359	363	3.4e-23	3	90	258	348	0.90625
HTH_5	47	3300014684.a:Ga0121341_100002_366	108	6.4e-15	1	46	28	73	0.9574468085106383
Rhodanese	107	3300014684.a:Ga0121341_100002_367	178	1.5e-14	1	107	8	99	0.9906542056074766
MarR	59	3300014684.a:Ga0121341_100002_369	164	1.3e-12	2	58	52	111	0.9491525423728814
EAL	238	3300014684.a:Ga0121341_100002_378	529	1e-60	5	237	279	503	0.9747899159663865
Sigma70_r2	71	3300014684.a:Ga0121341_100002_392	186	9.2e-16	3	69	24	88	0.9295774647887324
Sigma70_r4_2	54	3300014684.a:Ga0121341_100002_392	186	1.2e-17	2	54	125	177	0.9629629629629629
HxlR	91	3300014684.a:Ga0121341_100002_418	116	1.2e-10	1	89	22	103	0.967032967032967
Sigma70_r2	71	3300014684.a:Ga0121341_100002_423	170	2.4e-15	5	68	13	74	0.8873239436619719
Sigma70_r4_2	54	3300014684.a:Ga0121341_100002_423	170	3.6e-16	2	54	106	158	0.9629629629629629
cNMP_binding	88	3300014684.a:Ga0121341_100002_46	602	2.3e-20	4	86	36	119	0.9318181818181818
Glyoxalase	128	3300014684.a:Ga0121341_100002_96	124	1.6e-11	9	127	2	116	0.921875
Glyoxalase	128	3300014684.a:Ga0121341_100002_97	140	8.8e-14	4	128	17	133	0.96875
AAA	132	3300014684.a:Ga0121341_100002_98	436	7.9e-15	1	126	54	160	0.946969696969697
NUDIX	131	3300014684.a:Ga0121341_100003_104	161	1.9e-32	2	130	9	149	0.9770992366412213
Pyr_redox_2	292	3300014684.a:Ga0121341_100003_119	470	8.6e-73	1	292	8	331	0.9965753424657534
HTH_5	47	3300014684.a:Ga0121341_100003_129	107	2.8e-17	1	47	10	56	0.9787234042553191
Aminotran_1_2	363	3300014684.a:Ga0121341_100003_145	397	4.8e-05	164	294	192	320	0.3581267217630854
HTH_7	45	3300014684.a:Ga0121341_100003_16	209	2.2e-06	4	43	153	192	0.8666666666666667
T2SSE	273	3300014684.a:Ga0121341_100003_162	522	3.2e-81	4	271	170	445	0.978021978021978
HTH_5	47	3300014684.a:Ga0121341_100003_174	109	4e-10	4	46	27	70	0.8936170212765957
PALP	294	3300014684.a:Ga0121341_100003_197	405	6.7e-50	5	294	63	387	0.9829931972789115
TPR_4	26	3300014684.a:Ga0121341_100003_202	449	9.8e-05	1	24	222	245	0.8846153846153846
HATPase_c	111	3300014684.a:Ga0121341_100003_206	810	1.3e-22	2	104	38	158	0.918918918918919
AAA	132	3300014684.a:Ga0121341_100003_209	482	8.6e-10	1	98	175	270	0.7348484848484849
HTH_3	55	3300014684.a:Ga0121341_100003_212	73	6.4e-17	1	54	12	66	0.9636363636363636
HTH_1	60	3300014684.a:Ga0121341_100003_217	290	6.7e-21	1	59	3	61	0.9666666666666667
LysR_substrate	209	3300014684.a:Ga0121341_100003_217	290	7.2e-50	3	204	88	289	0.9617224880382775
HTH_3	55	3300014684.a:Ga0121341_100003_223	98	1.5e-13	1	55	13	67	0.9818181818181818
Pyr_redox_2	292	3300014684.a:Ga0121341_100003_233	435	1.9e-08	3	171	9	212	0.5753424657534246
SIS	131	3300014684.a:Ga0121341_100003_236	605	9.5e-29	3	131	286	413	0.9770992366412213
SIS	131	3300014684.a:Ga0121341_100003_236	605	1.5e-23	2	129	457	585	0.9694656488549618
BLUF	92	3300014684.a:Ga0121341_100003_246	137	1.9e-27	1	91	3	95	0.9782608695652174
AAA	132	3300014684.a:Ga0121341_100003_248	435	7.6e-09	1	90	53	136	0.6742424242424242
AAA	132	3300014684.a:Ga0121341_100003_248	435	4.2e-10	3	130	193	323	0.9621212121212122
TetR_N	47	3300014684.a:Ga0121341_100003_275	244	1.1e-17	1	47	39	85	0.9787234042553191
LytTR	98	3300014684.a:Ga0121341_100003_276	259	1.3e-16	11	96	167	255	0.8673469387755102
PadR	75	3300014684.a:Ga0121341_100003_285	163	4.6e-18	1	74	25	93	0.9733333333333334
HD	122	3300014684.a:Ga0121341_100003_291	897	1.2e-11	1	117	476	605	0.9508196721311475
ACT	67	3300014684.a:Ga0121341_100003_291	897	1.5e-06	6	51	679	722	0.6716417910447762
ACT	67	3300014684.a:Ga0121341_100003_291	897	9.3e-09	2	55	786	839	0.7910447761194029
HTH_1	60	3300014684.a:Ga0121341_100003_316	318	1.3e-23	2	60	11	69	0.9666666666666667
LysR_substrate	209	3300014684.a:Ga0121341_100003_316	318	1.4e-32	4	208	93	292	0.9760765550239234
Pyr_redox_2	292	3300014684.a:Ga0121341_100003_332	595	1.4e-08	1	108	11	207	0.3664383561643836
HisKA	64	3300014684.a:Ga0121341_100003_337	771	5.6e-16	2	64	541	606	0.96875
HATPase_c	111	3300014684.a:Ga0121341_100003_337	771	1.1e-22	2	110	653	757	0.972972972972973
HisKA	64	3300014684.a:Ga0121341_100003_349	512	1.7e-19	3	64	24	87	0.953125
HATPase_c	111	3300014684.a:Ga0121341_100003_349	512	3.5e-25	2	109	134	248	0.963963963963964
Response_reg	112	3300014684.a:Ga0121341_100003_349	512	2.4e-31	1	111	388	497	0.9821428571428571
HTH_3	55	3300014684.a:Ga0121341_100003_355	72	3.1e-18	1	53	11	63	0.9454545454545454
Peptidase_M23	96	3300014684.a:Ga0121341_100003_40	452	1.7e-35	2	96	302	398	0.9791666666666666
PALP	294	3300014684.a:Ga0121341_100003_45	401	5.6e-74	2	294	16	302	0.9931972789115646
ACT	67	3300014684.a:Ga0121341_100003_45	401	2.9e-07	4	64	328	392	0.8955223880597015
Pribosyltran	159	3300014684.a:Ga0121341_100003_51	180	1.5e-14	8	127	16	137	0.7484276729559748
Aminotran_1_2	363	3300014684.a:Ga0121341_100003_58	367	2.4e-56	3	363	33	360	0.9917355371900827
Glyoxalase	128	3300014684.a:Ga0121341_100003_61	145	7.7e-11	2	127	12	124	0.9765625
MarR	59	3300014684.a:Ga0121341_100003_68	163	2e-06	7	50	11	54	0.7288135593220338
AsnC_trans_reg	75	3300014684.a:Ga0121341_100003_68	163	3.1e-20	5	73	75	143	0.9066666666666666
Pyr_redox_2	292	3300014684.a:Ga0121341_100003_73	471	8e-69	2	292	8	331	0.9931506849315068
MCPsignal	172	3300014684.a:Ga0121341_100003_86	496	2.8e-42	6	172	295	447	0.9651162790697675
HisKA	64	3300014684.a:Ga0121341_100003_89	565	2.8e-20	2	63	322	388	0.953125
HATPase_c	111	3300014684.a:Ga0121341_100003_89	565	1.5e-25	2	109	436	544	0.963963963963964
Peptidase_M23	96	3300014684.a:Ga0121341_100003_94	365	4.9e-15	5	96	274	359	0.9479166666666666
Glyoxalase	128	3300014684.a:Ga0121341_100003_99	147	2.8e-17	3	128	4	124	0.9765625
PfkB	302	3300014684.a:Ga0121341_100006_102	282	1.5e-49	4	299	3	269	0.9768211920529801
AAA	132	3300014684.a:Ga0121341_100006_116	312	9.9e-05	3	112	36	194	0.8257575757575758
Fer4	24	3300014684.a:Ga0121341_100006_12	114	1.2e-08	2	23	34	55	0.875
HTH_18	81	3300014684.a:Ga0121341_100006_120	332	3.3e-15	12	81	257	328	0.8518518518518519
Penicillinase_R	115	3300014684.a:Ga0121341_100006_14	123	3.9e-15	4	114	8	114	0.9565217391304348
NUDIX	131	3300014684.a:Ga0121341_100006_140	158	1.1e-20	5	119	29	136	0.8702290076335878
CbiA	128	3300014684.a:Ga0121341_100006_149	252	1.7e-05	4	48	50	91	0.34375
HisKA	64	3300014684.a:Ga0121341_100006_157	534	1.2e-19	1	64	160	225	0.984375
HATPase_c	111	3300014684.a:Ga0121341_100006_157	534	3.2e-26	1	109	272	383	0.972972972972973
Response_reg	112	3300014684.a:Ga0121341_100006_157	534	3.4e-26	1	112	408	521	0.9910714285714286
Pyr_redox_2	292	3300014684.a:Ga0121341_100006_167	423	1.1e-64	2	292	22	316	0.9931506849315068
Trp_repressor	88	3300014684.a:Ga0121341_100006_168	95	6.8e-22	5	87	9	92	0.9318181818181818
Aminotran_1_2	363	3300014684.a:Ga0121341_100006_171	478	7.9e-14	168	295	102	221	0.349862258953168
Glucokinase	316	3300014684.a:Ga0121341_100006_180	323	1e-105	1	313	7	317	0.9873417721518988
AsnC_trans_reg	75	3300014684.a:Ga0121341_100006_187	86	6.4e-12	2	73	8	77	0.9466666666666667
Response_reg	112	3300014684.a:Ga0121341_100006_193	119	2.5e-20	1	111	4	112	0.9821428571428571
dCache_1	249	3300014684.a:Ga0121341_100006_197	613	2.8e-16	7	196	51	235	0.7590361445783133
HisKA	64	3300014684.a:Ga0121341_100006_197	613	2.8e-11	1	62	397	463	0.953125
HATPase_c	111	3300014684.a:Ga0121341_100006_197	613	2.6e-18	2	108	507	610	0.954954954954955
Response_reg	112	3300014684.a:Ga0121341_100006_198	447	2.1e-28	1	111	9	118	0.9821428571428571
HTH_8	42	3300014684.a:Ga0121341_100006_198	447	7e-08	3	42	398	437	0.9285714285714286
cNMP_binding	88	3300014684.a:Ga0121341_100006_200	284	1.6e-05	2	73	66	136	0.8068181818181818
Glyoxalase	128	3300014684.a:Ga0121341_100006_219	362	5.2e-15	2	109	167	277	0.8359375
AraC_binding	136	3300014684.a:Ga0121341_100006_222	123	1.4e-07	15	67	40	93	0.38235294117647056
TetR_N	47	3300014684.a:Ga0121341_100006_228	187	4.2e-12	1	47	16	61	0.9787234042553191
HhH-GPD	108	3300014684.a:Ga0121341_100006_23	219	2.6e-17	2	108	48	190	0.9814814814814815
Fer4	24	3300014684.a:Ga0121341_100006_240	372	1.9e-05	5	22	184	201	0.7083333333333334
HTH_11	55	3300014684.a:Ga0121341_100006_245	89	3e-05	2	33	8	39	0.5636363636363636
AraC_binding	136	3300014684.a:Ga0121341_100006_247	132	4.5e-11	12	95	37	121	0.6102941176470589
HTH_18	81	3300014684.a:Ga0121341_100006_3	327	2.2e-20	1	77	247	322	0.9382716049382716
HTH_3	55	3300014684.a:Ga0121341_100006_35	66	2e-16	1	54	5	58	0.9636363636363636
LytTR	98	3300014684.a:Ga0121341_100006_4	476	1.6e-18	4	97	377	469	0.9489795918367347
CBS	57	3300014684.a:Ga0121341_100006_43	138	1.7e-12	1	51	3	52	0.8771929824561403
CBS	57	3300014684.a:Ga0121341_100006_43	138	2.9e-15	3	51	69	117	0.8421052631578947
PAS	113	3300014684.a:Ga0121341_100006_45	797	1.4e-05	2	96	272	365	0.831858407079646
HisKA	64	3300014684.a:Ga0121341_100006_45	797	1.5e-20	1	64	549	618	0.984375
HATPase_c	111	3300014684.a:Ga0121341_100006_45	797	1.4e-29	2	110	664	775	0.972972972972973
MarR	59	3300014684.a:Ga0121341_100006_47	165	7.1e-10	6	57	43	94	0.864406779661017
Sigma70_r2	71	3300014684.a:Ga0121341_100006_50	191	3.1e-22	2	69	27	93	0.9436619718309859
Sigma70_r4_2	54	3300014684.a:Ga0121341_100006_50	191	4.1e-14	3	54	122	173	0.9444444444444444
HisKA	64	3300014684.a:Ga0121341_100006_53	473	5.7e-07	9	64	248	307	0.859375
HATPase_c	111	3300014684.a:Ga0121341_100006_53	473	8.2e-22	1	108	351	465	0.963963963963964
Response_reg	112	3300014684.a:Ga0121341_100006_54	224	5e-24	1	112	3	113	0.9910714285714286
Trans_reg_C	77	3300014684.a:Ga0121341_100006_54	224	3.7e-30	2	77	147	221	0.974025974025974
TPR_2	34	3300014684.a:Ga0121341_100006_59	272	9.3e-06	2	34	153	185	0.9411764705882353
HisKA	64	3300014684.a:Ga0121341_100006_62	483	3.7e-05	3	47	274	319	0.6875
HATPase_c	111	3300014684.a:Ga0121341_100006_62	483	3.5e-13	3	109	376	479	0.954954954954955
Response_reg	112	3300014684.a:Ga0121341_100006_63	227	4e-29	1	111	3	112	0.9821428571428571
Trans_reg_C	77	3300014684.a:Ga0121341_100006_63	227	4.8e-26	1	77	145	216	0.987012987012987
PfkB	302	3300014684.a:Ga0121341_100006_68	284	1.8e-09	168	289	134	261	0.40066225165562913
HTH_5	47	3300014684.a:Ga0121341_100006_70	104	4.3e-15	2	46	11	55	0.9361702127659575
HTH_5	47	3300014684.a:Ga0121341_100006_76	102	3.7e-11	4	45	19	61	0.8723404255319149
AAA	132	3300014684.a:Ga0121341_100006_79	657	2.2e-48	2	131	200	331	0.9772727272727273
AAA	132	3300014684.a:Ga0121341_100006_90	342	8.3e-19	1	128	54	175	0.9621212121212122
MarR	59	3300014684.a:Ga0121341_100006_93	138	1.4e-08	1	49	32	80	0.8135593220338984
Response_reg	112	3300014684.a:Ga0121341_100008_102	203	1.7e-13	1	107	88	191	0.9464285714285714
HTH_3	55	3300014684.a:Ga0121341_100008_106	355	1.8e-06	1	38	21	64	0.6727272727272727
GAF	133	3300014684.a:Ga0121341_100008_107	756	5.9e-16	3	130	29	160	0.9548872180451128
ACT	67	3300014684.a:Ga0121341_100008_108	425	1.3e-07	15	60	295	338	0.6716417910447762
HTH_18	81	3300014684.a:Ga0121341_100008_112	82	4e-07	44	80	25	61	0.4444444444444444
Pribosyltran	159	3300014684.a:Ga0121341_100008_116	232	2.5e-09	79	133	170	230	0.33962264150943394
NUDIX	131	3300014684.a:Ga0121341_100008_119	140	1.2e-23	5	131	13	135	0.9618320610687023
FUR	120	3300014684.a:Ga0121341_100008_127	129	2.1e-09	6	95	1	94	0.7416666666666667
Sigma70_r4_2	54	3300014684.a:Ga0121341_100008_132	265	2.6e-10	7	50	86	129	0.7962962962962963
Response_reg	112	3300014684.a:Ga0121341_100008_132	265	4.1e-15	1	111	141	249	0.9821428571428571
Sigma70_r2	71	3300014684.a:Ga0121341_100008_134	203	8.5e-17	6	70	26	88	0.9014084507042254
Sigma70_r4_2	54	3300014684.a:Ga0121341_100008_134	203	1.5e-18	2	54	114	166	0.9629629629629629
dCache_1	249	3300014684.a:Ga0121341_100008_135	589	2.3e-08	80	194	112	220	0.4578313253012048
HATPase_c	111	3300014684.a:Ga0121341_100008_135	589	1.9e-05	11	104	485	562	0.8378378378378378
Pyr_redox	81	3300014684.a:Ga0121341_100008_137	373	2.1e-06	1	47	170	216	0.5679012345679012
Response_reg	112	3300014684.a:Ga0121341_100008_145	235	3.1e-29	1	112	4	113	0.9910714285714286
Trans_reg_C	77	3300014684.a:Ga0121341_100008_145	235	1.9e-22	1	76	155	230	0.974025974025974
HisKA	64	3300014684.a:Ga0121341_100008_146	537	1e-15	3	63	303	365	0.9375
HATPase_c	111	3300014684.a:Ga0121341_100008_146	537	3.6e-23	4	109	415	531	0.9459459459459459
PTS-HPr	82	3300014684.a:Ga0121341_100008_149	94	9.9e-29	2	81	7	86	0.9634146341463414
GntR	64	3300014684.a:Ga0121341_100008_152	256	4.8e-22	3	64	24	85	0.953125
LacI	46	3300014684.a:Ga0121341_100008_161	335	1.9e-21	1	46	9	54	0.9782608695652174
Peripla_BP_3	164	3300014684.a:Ga0121341_100008_161	335	4.8e-33	1	164	176	330	0.9939024390243902
Sigma70_r2	71	3300014684.a:Ga0121341_100008_170	192	9.7e-08	5	68	18	78	0.8873239436619719
Sigma70_r4_2	54	3300014684.a:Ga0121341_100008_170	192	4.9e-16	2	54	112	164	0.9629629629629629
FecR	96	3300014684.a:Ga0121341_100008_171	319	3.7e-24	3	96	109	200	0.96875
HTH_3	55	3300014684.a:Ga0121341_100008_177	240	4.8e-13	1	53	21	73	0.9454545454545454
HTH_3	55	3300014684.a:Ga0121341_100008_184	79	3.6e-06	1	26	10	35	0.45454545454545453
HTH_3	55	3300014684.a:Ga0121341_100008_185	145	6.2e-07	1	55	17	71	0.9818181818181818
T2SSE	273	3300014684.a:Ga0121341_100008_188	332	1.3e-83	3	271	17	315	0.9816849816849816
TPR_2	34	3300014684.a:Ga0121341_100008_21	745	4.2e-06	1	33	65	97	0.9411764705882353
TPR_2	34	3300014684.a:Ga0121341_100008_21	745	3.6e-05	1	34	98	131	0.9705882352941176
HisKA	64	3300014684.a:Ga0121341_100008_38	499	1.4e-07	1	63	282	345	0.96875
HATPase_c	111	3300014684.a:Ga0121341_100008_38	499	3.1e-22	2	108	388	497	0.954954954954955
HTH_11	55	3300014684.a:Ga0121341_100008_4	236	2.3e-16	1	54	6	59	0.9636363636363636
TPR_2	34	3300014684.a:Ga0121341_100008_41	491	1.8e-05	1	33	409	441	0.9411764705882353
TPR_2	34	3300014684.a:Ga0121341_100008_41	491	1.2e-05	6	34	448	476	0.8235294117647058
MASE1	300	3300014684.a:Ga0121341_100008_45	704	4.2e-20	9	300	26	309	0.97
HisKA	64	3300014684.a:Ga0121341_100008_45	704	1e-16	1	62	335	399	0.953125
HATPase_c	111	3300014684.a:Ga0121341_100008_45	704	2.1e-27	1	110	445	555	0.9819819819819819
Response_reg	112	3300014684.a:Ga0121341_100008_45	704	2.9e-30	1	111	575	687	0.9821428571428571
AraC_binding	136	3300014684.a:Ga0121341_100008_54	132	3e-10	12	94	37	120	0.6029411764705882
HTH_3	55	3300014684.a:Ga0121341_100008_62	65	6.3e-16	1	53	5	57	0.9454545454545454
Nitroreductase	170	3300014684.a:Ga0121341_100008_67	205	2.9e-14	6	170	27	182	0.9647058823529412
AAA	132	3300014684.a:Ga0121341_100008_68	616	8.5e-12	2	126	104	238	0.9393939393939394
NUDIX	131	3300014684.a:Ga0121341_100008_70	307	2.5e-15	6	119	171	278	0.8625954198473282
TPR_2	34	3300014684.a:Ga0121341_100008_71	276	2.5e-06	4	34	142	172	0.8823529411764706
AAA	132	3300014684.a:Ga0121341_100008_89	863	1.1e-13	2	112	203	320	0.8333333333333334
AAA	132	3300014684.a:Ga0121341_100008_89	863	2.1e-09	2	111	603	721	0.8257575757575758
SIS	131	3300014684.a:Ga0121341_100008_9	331	9.6e-27	5	130	52	179	0.9541984732824428
CBS	57	3300014684.a:Ga0121341_100008_9	331	1.4e-10	2	54	275	326	0.9122807017543859
HisKA	64	3300014684.a:Ga0121341_100008_97	448	1e-19	1	64	70	139	0.984375
HATPase_c	111	3300014684.a:Ga0121341_100008_97	448	3.6e-21	2	109	186	294	0.963963963963964
Response_reg	112	3300014684.a:Ga0121341_100008_97	448	4.3e-23	2	111	318	429	0.9732142857142857
CBS	57	3300014684.a:Ga0121341_100010_1	143	2.4e-08	9	55	14	59	0.8070175438596491
CBS	57	3300014684.a:Ga0121341_100010_1	143	1.6e-12	1	53	71	122	0.9122807017543859
HTH_3	55	3300014684.a:Ga0121341_100010_102	67	2.5e-17	2	53	10	61	0.9272727272727272
MerR	38	3300014684.a:Ga0121341_100010_128	128	1.2e-07	13	38	3	28	0.6578947368421053
Peptidase_M23	96	3300014684.a:Ga0121341_100010_13	207	1.1e-35	2	96	97	192	0.9791666666666666
GerE	57	3300014684.a:Ga0121341_100010_130	81	2.7e-17	2	57	14	69	0.9649122807017544
Sigma70_r2	71	3300014684.a:Ga0121341_100010_131	163	1.4e-08	1	70	18	82	0.971830985915493
Sigma70_r4_2	54	3300014684.a:Ga0121341_100010_131	163	3e-16	4	52	106	154	0.8888888888888888
FecR	96	3300014684.a:Ga0121341_100010_132	324	7.2e-21	3	95	116	206	0.9583333333333334
ACT	67	3300014684.a:Ga0121341_100010_15	630	1.8e-06	8	66	566	620	0.8656716417910447
HTH_3	55	3300014684.a:Ga0121341_100010_163	79	2.1e-18	1	55	18	72	0.9818181818181818
HTH_7	45	3300014684.a:Ga0121341_100010_164	195	2e-06	22	44	170	192	0.4888888888888889
HTH_1	60	3300014684.a:Ga0121341_100010_171	321	4e-19	1	60	4	63	0.9833333333333333
LysR_substrate	209	3300014684.a:Ga0121341_100010_171	321	9.8e-39	2	208	88	295	0.9856459330143541
AAA	132	3300014684.a:Ga0121341_100010_182	320	3.2e-07	4	124	71	208	0.9090909090909091
T2SSE	273	3300014684.a:Ga0121341_100010_184	335	1.1e-82	3	272	20	320	0.9853479853479854
TetR_N	47	3300014684.a:Ga0121341_100010_19	194	3.4e-10	1	45	17	61	0.9361702127659575
ROS_MUCR	125	3300014684.a:Ga0121341_100010_29	143	2.5e-54	2	125	7	128	0.984
PALP	294	3300014684.a:Ga0121341_100010_31	327	1.1e-68	3	294	25	312	0.9897959183673469
HTH_5	47	3300014684.a:Ga0121341_100010_32	163	8.4e-06	7	42	14	50	0.7446808510638298
AsnC_trans_reg	75	3300014684.a:Ga0121341_100010_32	163	1e-16	1	74	73	146	0.9733333333333334
PAS	113	3300014684.a:Ga0121341_100010_35	497	1e-06	13	103	30	120	0.7964601769911505
MCPsignal	172	3300014684.a:Ga0121341_100010_35	497	5.7e-53	3	172	262	417	0.9825581395348837
Response_reg	112	3300014684.a:Ga0121341_100010_39	234	1.7e-28	1	110	3	111	0.9732142857142857
Trans_reg_C	77	3300014684.a:Ga0121341_100010_39	234	1e-21	1	77	145	221	0.987012987012987
GntR	64	3300014684.a:Ga0121341_100010_50	484	2.9e-17	2	62	27	87	0.9375
Aminotran_1_2	363	3300014684.a:Ga0121341_100010_50	484	1.7e-27	42	362	149	457	0.8815426997245179
HTH_1	60	3300014684.a:Ga0121341_100010_52	307	3.9e-19	1	60	14	73	0.9833333333333333
LysR_substrate	209	3300014684.a:Ga0121341_100010_52	307	1.9e-20	4	207	96	289	0.9712918660287081
MHYT	59	3300014684.a:Ga0121341_100010_60	795	1.8e-13	1	57	57	112	0.9491525423728814
MHYT	59	3300014684.a:Ga0121341_100010_60	795	5.2e-09	1	43	118	160	0.711864406779661
MHYT	59	3300014684.a:Ga0121341_100010_60	795	5.8e-05	2	47	181	228	0.7627118644067796
GGDEF	161	3300014684.a:Ga0121341_100010_60	795	3.5e-41	2	155	357	505	0.9503105590062112
EAL	238	3300014684.a:Ga0121341_100010_60	795	1.1e-76	2	238	531	763	0.9915966386554622
HisKA	64	3300014684.a:Ga0121341_100010_65	723	4.2e-08	2	61	344	406	0.921875
HATPase_c	111	3300014684.a:Ga0121341_100010_65	723	8.9e-19	2	109	451	575	0.963963963963964
Response_reg	112	3300014684.a:Ga0121341_100010_65	723	4.4e-18	1	111	604	715	0.9821428571428571
TPR_2	34	3300014684.a:Ga0121341_100010_70	282	5.1e-09	4	34	221	251	0.8823529411764706
Glyoxalase	128	3300014684.a:Ga0121341_100010_72	126	3.5e-07	7	127	11	119	0.9375
GerE	57	3300014684.a:Ga0121341_100010_86	158	1.7e-15	2	55	9	62	0.9298245614035088
Rhodanese	107	3300014684.a:Ga0121341_100010_88	316	3e-10	2	106	118	217	0.9719626168224299
LacI	46	3300014684.a:Ga0121341_100010_94	338	1.7e-13	2	43	8	49	0.8913043478260869
Peripla_BP_3	164	3300014684.a:Ga0121341_100010_94	338	8.7e-37	3	164	179	335	0.9817073170731707
Pyr_redox	81	3300014684.a:Ga0121341_100010_99	419	4.5e-08	1	34	2	35	0.4074074074074074
HTH_IclR	52	3300014684.a:Ga0121341_100016_105	378	4.6e-05	7	49	307	349	0.8076923076923077
HEM4	232	3300014684.a:Ga0121341_100016_109	232	1.3e-31	2	231	18	221	0.9870689655172413
HTH_3	55	3300014684.a:Ga0121341_100016_11	79	1e-06	5	55	11	62	0.9090909090909091
TetR_N	47	3300014684.a:Ga0121341_100016_117	200	7.1e-16	1	43	16	57	0.8936170212765957
HhH-GPD	108	3300014684.a:Ga0121341_100016_120	252	5e-22	1	107	73	207	0.9814814814814815
PfkB	302	3300014684.a:Ga0121341_100016_122	355	3e-47	32	296	74	338	0.8741721854304636
MarR	59	3300014684.a:Ga0121341_100016_127	216	1.6e-12	1	58	42	99	0.9661016949152542
AAA	132	3300014684.a:Ga0121341_100016_129	312	2.2e-05	1	98	110	220	0.7348484848484849
Aminotran_1_2	363	3300014684.a:Ga0121341_100016_135	387	3.4e-09	48	242	40	214	0.5344352617079889
MHYT	59	3300014684.a:Ga0121341_100016_137	558	3.6e-18	1	58	51	108	0.9661016949152542
MHYT	59	3300014684.a:Ga0121341_100016_137	558	1.5e-13	1	57	113	169	0.9491525423728814
MHYT	59	3300014684.a:Ga0121341_100016_137	558	1.2e-06	1	49	175	230	0.8135593220338984
PALP	294	3300014684.a:Ga0121341_100016_139	325	8.6e-72	2	294	17	306	0.9931972789115646
Rrf2	83	3300014684.a:Ga0121341_100016_142	157	2.7e-21	1	83	1	86	0.9879518072289156
dCache_2	296	3300014684.a:Ga0121341_100016_150	642	1.8e-45	43	192	37	186	0.5033783783783784
MCPsignal	172	3300014684.a:Ga0121341_100016_150	642	5.5e-55	3	172	404	559	0.9825581395348837
HTH_1	60	3300014684.a:Ga0121341_100016_19	313	1.9e-20	1	59	22	80	0.9666666666666667
LysR_substrate	209	3300014684.a:Ga0121341_100016_19	313	1.1e-47	3	205	107	310	0.9665071770334929
peroxidase	229	3300014684.a:Ga0121341_100016_20	738	2.4e-51	7	228	76	401	0.9650655021834061
peroxidase	229	3300014684.a:Ga0121341_100016_20	738	5e-40	3	228	409	710	0.982532751091703
HTH_3	55	3300014684.a:Ga0121341_100016_23	142	1.1e-13	3	55	24	76	0.9454545454545454
FUR	120	3300014684.a:Ga0121341_100016_28	161	7.5e-42	2	120	11	129	0.9833333333333333
HTH_3	55	3300014684.a:Ga0121341_100016_31	123	1.4e-13	3	55	17	70	0.9454545454545454
Pyr_redox_2	292	3300014684.a:Ga0121341_100016_55	636	3.1e-07	1	106	13	162	0.3595890410958904
CbiA	128	3300014684.a:Ga0121341_100016_57	274	4e-29	1	128	12	240	0.9921875
Response_reg	112	3300014684.a:Ga0121341_100016_67	229	1.4e-28	1	112	7	118	0.9910714285714286
Trans_reg_C	77	3300014684.a:Ga0121341_100016_67	229	2.5e-22	1	77	151	226	0.987012987012987
HTH_1	60	3300014684.a:Ga0121341_100016_68	308	1.5e-21	3	60	12	69	0.95
LysR_substrate	209	3300014684.a:Ga0121341_100016_68	308	6.5e-39	3	207	92	300	0.9760765550239234
TPR_2	34	3300014684.a:Ga0121341_100016_83	584	6.9e-06	6	34	512	540	0.8235294117647058
HTH_3	55	3300014684.a:Ga0121341_100031_10	189	2.9e-16	1	55	16	70	0.9818181818181818
SBP_bac_5	377	3300014684.a:Ga0121341_100031_13	863	3.1e-83	2	352	86	413	0.9283819628647215
FecR	96	3300014684.a:Ga0121341_100031_38	330	5.2e-11	2	95	127	217	0.96875
Sigma70_ECF	185	3300014684.a:Ga0121341_100031_39	182	6.9e-10	44	183	29	165	0.7513513513513513
T2SSE	273	3300014684.a:Ga0121341_100031_50	499	1.8e-89	3	272	115	380	0.9853479853479854
FecR	96	3300014684.a:Ga0121341_100031_58	296	1.2e-16	8	95	89	177	0.90625
Sigma70_r2	71	3300014684.a:Ga0121341_100031_59	168	1.1e-10	3	67	13	74	0.9014084507042254
Sigma70_r4_2	54	3300014684.a:Ga0121341_100031_59	168	2.8e-15	2	53	107	158	0.9444444444444444
LacI	46	3300014684.a:Ga0121341_100031_66	350	4.1e-20	1	46	16	61	0.9782608695652174
Peripla_BP_3	164	3300014684.a:Ga0121341_100031_66	350	7.8e-40	1	163	183	344	0.9878048780487805
PfkB	302	3300014684.a:Ga0121341_100031_69	368	2.9e-35	3	292	28	342	0.956953642384106
HTH_11	55	3300014684.a:Ga0121341_100031_75	89	3e-05	2	33	8	39	0.5636363636363636
T2SSE	273	3300014684.a:Ga0121341_100043_20	312	8.3e-86	5	271	10	275	0.9743589743589743
CbiA	128	3300014684.a:Ga0121341_100043_29	213	1.8e-16	1	121	3	180	0.9375
HTH_3	55	3300014684.a:Ga0121341_100043_35	81	1.1e-06	2	31	8	37	0.5272727272727272
HATPase_c	111	3300014684.a:Ga0121341_100043_57	571	5.5e-06	9	105	56	154	0.8648648648648649
MarR	59	3300014684.a:Ga0121341_100043_6	129	3.5e-06	28	57	7	36	0.4915254237288136
Ammonium_transp	399	3300014684.a:Ga0121341_100043_76	442	2e-115	1	397	47	439	0.9924812030075187
GATase_2	420	3300014684.a:Ga0121341_100043_77	1509	6e-146	1	420	35	454	0.9976190476190476
Pyr_redox_2	292	3300014684.a:Ga0121341_100043_78	478	8.1e-30	2	292	152	457	0.9931506849315068
MarR	59	3300014684.a:Ga0121341_100043_8	230	6.3e-11	7	58	88	139	0.864406779661017
HTH_1	60	3300014684.a:Ga0121341_100043_9	301	2.5e-22	1	60	8	67	0.9833333333333333
LysR_substrate	209	3300014684.a:Ga0121341_100043_9	301	3.2e-26	3	176	93	262	0.8277511961722488
PAS	113	3300014684.a:Ga0121341_100110_1	524	4.3e-11	13	103	21	110	0.7964601769911505
HisKA	64	3300014684.a:Ga0121341_100110_1	524	9.4e-21	2	64	144	208	0.96875
HATPase_c	111	3300014684.a:Ga0121341_100110_1	524	1.1e-33	1	110	255	369	0.9819819819819819
Response_reg	112	3300014684.a:Ga0121341_100110_1	524	1.1e-24	1	109	392	504	0.9642857142857143
cNMP_binding	88	3300014684.a:Ga0121341_100110_10	252	1.5e-16	3	86	56	137	0.9431818181818182
Crp	32	3300014684.a:Ga0121341_100110_10	252	4.5e-17	1	32	196	227	0.96875
HxlR	91	3300014684.a:Ga0121341_100110_18	139	3.4e-26	2	89	38	125	0.9560439560439561
CBS	57	3300014684.a:Ga0121341_100110_2	441	1.3e-05	7	56	223	274	0.8596491228070176
CBS	57	3300014684.a:Ga0121341_100110_2	441	7.6e-10	8	56	287	335	0.8421052631578947
NUDIX	131	3300014684.a:Ga0121341_100110_21	115	1.8e-10	27	131	7	111	0.7938931297709924
Response_reg	112	3300014684.a:Ga0121341_100122_14	185	3.5e-22	2	111	17	125	0.9732142857142857
HTH_8	42	3300014684.a:Ga0121341_100122_14	185	1.6e-08	8	37	147	176	0.6904761904761905
HisKA	64	3300014684.a:Ga0121341_100122_15	510	5.5e-10	2	55	231	287	0.828125
HATPase_c	111	3300014684.a:Ga0121341_100122_15	510	1e-06	8	63	344	399	0.4954954954954955
HATPase_c	111	3300014684.a:Ga0121341_100122_15	510	4.6e-05	68	109	438	484	0.36936936936936937
TetR_N	47	3300014684.a:Ga0121341_100122_23	220	2.3e-19	2	45	35	78	0.9148936170212766
TetR_N	47	3300014684.a:Ga0121341_100243_10	198	1.6e-14	1	47	19	65	0.9787234042553191
CbiA	128	3300014684.a:Ga0121341_100301_1	461	2.7e-08	9	89	111	256	0.625
BLUF	92	3300014684.a:Ga0121341_100301_9	159	2.5e-23	3	91	6	96	0.9565217391304348
PfkB	302	3300014684.a:Ga0121341_100604_1	243	4.7e-41	46	301	7	231	0.8443708609271523
GerE	57	3300014684.a:Ga0121341_100604_2	304	6.5e-10	2	55	14	67	0.9298245614035088
HTH_3	55	3300014684.a:Ga0121341_100653_3	125	3.3e-14	1	55	16	70	0.9818181818181818
GAF	133	3300014684.a:Ga0121341_100676_1	682	4.7e-20	2	132	151	311	0.9774436090225563
PHY	183	3300014684.a:Ga0121341_100676_1	682	7.7e-49	2	179	328	504	0.9672131147540983
peroxidase	229	3300014684.a:Ga0121341_100693_2	757	2.7e-48	4	229	68	415	0.982532751091703
peroxidase	229	3300014684.a:Ga0121341_100693_2	757	2.3e-39	2	228	421	728	0.9868995633187773
HTH_1	60	3300014684.a:Ga0121341_100693_3	229	2.4e-20	1	59	5	63	0.9666666666666667
LysR_substrate	209	3300014684.a:Ga0121341_100693_3	229	1.7e-30	3	141	90	228	0.6602870813397129
Peptidase_M23	96	3300014684.a:Ga0121341_100705_2	214	9.2e-36	2	96	102	197	0.9791666666666666
AsnC_trans_reg	75	3300014684.a:Ga0121341_100727_2	161	1.2e-19	1	75	73	147	0.9866666666666667
GAF	133	3300014684.a:Ga0121341_100727_3	445	9.8e-10	34	133	122	235	0.7443609022556391
HATPase_c	111	3300014684.a:Ga0121341_100727_3	445	5.2e-07	5	93	353	428	0.7927927927927928
PALP	294	3300014684.a:Ga0121341_100727_4	241	4.7e-56	3	202	25	232	0.6768707482993197
NUDIX	131	3300014684.a:Ga0121341_100746_2	151	4.8e-11	4	130	17	142	0.9618320610687023
HxlR	91	3300014684.a:Ga0121341_100746_4	139	5.8e-28	2	88	35	121	0.945054945054945
