MerR	38	3300008754.a:Ga0114089_100014_138	251	3.1e-14	1	38	14	51	0.9736842105263158
MarR	59	3300008754.a:Ga0114089_100014_153	384	7e-09	5	57	35	87	0.8813559322033898
LacI	46	3300008754.a:Ga0114089_100014_18	344	7.9e-15	1	46	3	48	0.9782608695652174
MarR	59	3300008754.a:Ga0114089_100014_66	594	9.4e-05	5	48	5	48	0.7288135593220338
HTH_5	47	3300008754.a:Ga0114089_100021_11	113	2.4e-16	1	46	35	80	0.9574468085106383
Trans_reg_C	77	3300008754.a:Ga0114089_100021_29	223	1.7e-25	1	77	147	220	0.987012987012987
HTH_3	55	3300008754.a:Ga0114089_100021_3	138	4.8e-17	2	55	17	70	0.9636363636363636
Trans_reg_C	77	3300008754.a:Ga0114089_100021_44	228	2e-28	1	77	149	222	0.987012987012987
HTH_3	55	3300008754.a:Ga0114089_100031_138	245	1.5e-06	1	55	5	57	0.9818181818181818
HTH_AraC	42	3300008754.a:Ga0114089_100031_21	679	6e-06	7	42	588	623	0.8333333333333334
HTH_AraC	42	3300008754.a:Ga0114089_100031_21	679	2.6e-09	7	42	637	673	0.8333333333333334
HTH_3	55	3300008754.a:Ga0114089_100031_29	308	8e-06	2	29	19	46	0.4909090909090909
HTH_3	55	3300008754.a:Ga0114089_100031_33	155	2.6e-05	2	48	10	58	0.8363636363636363
Crp	32	3300008754.a:Ga0114089_100031_53	164	2.3e-06	6	32	19	45	0.8125
Homeobox	57	3300008754.a:Ga0114089_100032_108	104	8.1e-05	27	49	40	62	0.38596491228070173
HTH_DeoR	57	3300008754.a:Ga0114089_100032_153	345	3.1e-06	24	48	35	59	0.42105263157894735
GntR	64	3300008754.a:Ga0114089_100032_30	126	9.6e-16	2	64	14	76	0.96875
HTH_3	55	3300008754.a:Ga0114089_100032_78	85	7e-07	7	55	14	61	0.8727272727272727
HTH_3	55	3300008754.a:Ga0114089_100064_28	298	7.9e-07	6	36	149	179	0.5454545454545454
HTH_3	55	3300008754.a:Ga0114089_100064_30	270	5.7e-06	4	27	123	146	0.41818181818181815
HTH_3	55	3300008754.a:Ga0114089_100064_47	64	1.4e-19	1	54	5	58	0.9636363636363636
CSD	66	3300008754.a:Ga0114089_100064_7	67	1.5e-32	2	65	3	65	0.9545454545454546
Trans_reg_C	77	3300008754.a:Ga0114089_100064_75	223	1.8e-16	2	76	143	216	0.961038961038961
Trans_reg_C	77	3300008754.a:Ga0114089_100064_84	238	2e-26	2	77	154	229	0.974025974025974
FUR	120	3300008754.a:Ga0114089_100064_87	118	4.8e-19	24	106	1	81	0.6833333333333333
Trans_reg_C	77	3300008754.a:Ga0114089_100064_96	227	2.9e-21	1	76	145	219	0.974025974025974
HTH_11	55	3300008754.a:Ga0114089_100076_45	190	1.7e-06	6	38	150	183	0.5818181818181818
HTH_3	55	3300008754.a:Ga0114089_100076_75	132	5.5e-15	1	55	6	61	0.9818181818181818
Trans_reg_C	77	3300008754.a:Ga0114089_100094_47	222	3.1e-28	1	77	143	220	0.987012987012987
HTH_AraC	42	3300008754.a:Ga0114089_100094_57	118	4.2e-05	12	32	82	102	0.47619047619047616
GntR	64	3300008754.a:Ga0114089_100094_69	121	2.7e-18	2	64	12	74	0.96875
HTH_3	55	3300008754.a:Ga0114089_100094_71	69	1e-07	6	54	12	61	0.8727272727272727
Fe_dep_repress	60	3300008754.a:Ga0114089_100094_74	84	1.5e-14	2	58	6	62	0.9333333333333333
MerR	38	3300008754.a:Ga0114089_100094_83	141	1.8e-09	1	31	31	60	0.7894736842105263
Trans_reg_C	77	3300008754.a:Ga0114089_100094_87	227	2.2e-21	2	77	148	222	0.974025974025974
HTH_3	55	3300008754.a:Ga0114089_100097_3	198	1.3e-07	12	53	18	60	0.7454545454545455
HTH_3	55	3300008754.a:Ga0114089_100097_46	91	3e-10	15	55	2	42	0.7272727272727273
HTH_1	60	3300008754.a:Ga0114089_100097_47	300	8.5e-15	1	60	3	64	0.9833333333333333
Fe_dep_repress	60	3300008754.a:Ga0114089_100097_58	126	2.5e-14	4	58	7	61	0.9
HTH_AraC	42	3300008754.a:Ga0114089_100097_66	242	2.9e-12	6	42	201	238	0.8571428571428571
MarR	59	3300008754.a:Ga0114089_100097_76	132	7.2e-13	1	58	15	73	0.9661016949152542
HTH_5	47	3300008754.a:Ga0114089_100097_80	125	2.3e-09	18	46	46	74	0.5957446808510638
HTH_AraC	42	3300008754.a:Ga0114089_100097_84	289	8.7e-13	2	42	241	279	0.9523809523809523
HTH_11	55	3300008754.a:Ga0114089_100100_11	635	3.3e-09	1	44	3	53	0.7818181818181819
Mga	87	3300008754.a:Ga0114089_100100_11	635	1.8e-12	20	83	93	160	0.7241379310344828
HTH_3	55	3300008754.a:Ga0114089_100100_26	107	3.6e-17	1	53	8	60	0.9454545454545454
GerE	57	3300008754.a:Ga0114089_100100_33	203	6.6e-05	1	41	150	187	0.7017543859649122
HTH_3	55	3300008754.a:Ga0114089_100100_44	691	7e-10	4	53	12	61	0.8909090909090909
LytTR	98	3300008754.a:Ga0114089_100100_51	145	2.1e-22	1	97	47	142	0.9795918367346939
GntR	64	3300008754.a:Ga0114089_100100_59	235	1.5e-14	5	64	10	69	0.921875
GntR	64	3300008754.a:Ga0114089_100100_60	247	1.9e-19	2	64	8	70	0.96875
HTH_3	55	3300008754.a:Ga0114089_100100_74	199	1.3e-20	1	55	7	61	0.9818181818181818
HTH_6	77	3300008754.a:Ga0114089_100139_21	260	7.4e-13	4	75	12	82	0.922077922077922
GntR	64	3300008754.a:Ga0114089_100139_3	351	1.1e-16	2	64	8	70	0.96875
HTH_AraC	42	3300008754.a:Ga0114089_100139_30	389	3.3e-09	1	42	290	331	0.9761904761904762
HTH_AraC	42	3300008754.a:Ga0114089_100139_30	389	2.7e-11	2	40	343	379	0.9047619047619048
HTH_AraC	42	3300008754.a:Ga0114089_100139_5	285	3.8e-06	1	42	186	227	0.9761904761904762
HTH_AraC	42	3300008754.a:Ga0114089_100139_5	285	2.6e-12	6	42	240	277	0.8571428571428571
HTH_AraC	42	3300008754.a:Ga0114089_100139_69	265	8.1e-05	9	39	176	206	0.7142857142857143
HTH_AraC	42	3300008754.a:Ga0114089_100139_69	265	1.1e-11	1	42	220	259	0.9761904761904762
HTH_11	55	3300008754.a:Ga0114089_100139_76	499	3.1e-06	3	52	93	145	0.8909090909090909
HTH_3	55	3300008754.a:Ga0114089_100142_22	69	5.6e-19	1	52	4	55	0.9272727272727272
HTH_6	77	3300008754.a:Ga0114089_100191_11	283	9.3e-21	2	75	3	76	0.948051948051948
PadR	75	3300008754.a:Ga0114089_100204_32	105	2.3e-14	3	74	18	84	0.9466666666666667
HTH_3	55	3300008754.a:Ga0114089_100204_4	70	3.3e-17	1	55	5	59	0.9818181818181818
HTH_AraC	42	3300008754.a:Ga0114089_100264_12	425	4.3e-09	7	42	256	292	0.8333333333333334
HTH_3	55	3300008754.a:Ga0114089_100320_21	181	1.1e-15	1	53	8	60	0.9454545454545454
HTH_6	77	3300008754.a:Ga0114089_100366_25	263	1.8e-10	19	67	21	69	0.6233766233766234
FUR	120	3300008754.a:Ga0114089_100366_39	326	2.8e-05	12	90	13	91	0.65
HTH_11	55	3300008754.a:Ga0114089_100366_7	648	4.6e-10	1	55	7	65	0.9818181818181818
HTH_3	55	3300008754.a:Ga0114089_100367_37	338	4e-16	1	55	7	61	0.9818181818181818
HTH_11	55	3300008754.a:Ga0114089_100387_2	432	3.8e-05	1	51	301	352	0.9090909090909091
PadR	75	3300008754.a:Ga0114089_100387_28	101	1.4e-19	1	72	14	81	0.9466666666666667
MarR	59	3300008754.a:Ga0114089_100387_31	146	2e-16	2	59	40	97	0.9661016949152542
Pencillinase_R	115	3300008754.a:Ga0114089_100387_4	150	1e-39	1	114	10	123	0.9826086956521739
HTH_AraC	42	3300008754.a:Ga0114089_100387_9	268	1.9e-08	8	38	229	260	0.7142857142857143
HTH_5	47	3300008754.a:Ga0114089_100430_10	92	1.8e-15	1	46	12	57	0.9574468085106383
LacI	46	3300008754.a:Ga0114089_100430_17	335	1.4e-22	1	46	5	50	0.9782608695652174
HTH_DeoR	57	3300008754.a:Ga0114089_100490_18	268	3.8e-19	1	55	11	65	0.9473684210526315
FUR	120	3300008754.a:Ga0114089_100490_3	326	3.3e-05	12	89	13	90	0.6416666666666667
HTH_AraC	42	3300008754.a:Ga0114089_100929_2	283	5.7e-05	1	41	184	224	0.9523809523809523
HTH_AraC	42	3300008754.a:Ga0114089_100929_2	283	3.8e-10	1	42	236	275	0.9761904761904762
LytTR	98	3300008754.a:Ga0114089_100929_8	242	3.4e-09	2	68	138	209	0.673469387755102
HTH_3	55	3300008754.a:Ga0114089_101004_13	102	4.9e-09	5	35	29	59	0.5454545454545454
MarR	59	3300008754.a:Ga0114089_101004_4	147	1.8e-05	15	49	47	81	0.576271186440678
GntR	64	3300008754.a:Ga0114089_101443_10	309	1.7e-07	18	58	25	65	0.625
HTH_3	55	3300008754.a:Ga0114089_101596_3	339	2.3e-15	1	55	7	61	0.9818181818181818
Trans_reg_C	77	3300008754.a:Ga0114089_102092_3	220	6.5e-23	2	77	148	218	0.974025974025974
