PUL0017	1.24e-151
PUL0017	2.91e-182
PUL0017	7.53e-221
PUL0019	3.28e-127
PUL0024	1.90e-221
PUL0024	2.15e-120
PUL0024	2.44e-11
PUL0025	1.98e-136
PUL0028	2.60e-134
PUL0038	2.03e-162
PUL0049	4.00e-149
PUL0049	9.66e-37
PUL0058	2.02e-196
PUL0058	3.92e-209
PUL0101	8.43e-133
PUL0103	6.35e-79
PUL0121	3.85e-62
PUL0124	7.41e-207
PUL0180	2.11e-52
PUL0180	2.51e-121
PUL0217	6.65e-20
PUL0225	4.54e-166
PUL0230	6.55e-65
PUL0230	7.62e-110
PUL0256	3.39e-220
PUL0320	1.49e-48
PUL0328	2.47e-128
PUL0333	1.66e-89
PUL0335	4.91e-113
PUL0337	1.39e-212
PUL0337	1.99e-109
PUL0454	1.34e-29
PUL00500	1.71e-91
PUL0503	5.23e-50
PUL0527	1.71e-44
PUL0527	5.44e-31
PUL0572	3.86e-90
PUL0576	3.01e-138
PUL00947	2.11e-103
PUL01060	1.03e-195
PUL01080	7.92e-42
PUL01081	1.73e-27
PUL01131	8.46e-312
PUL01212	2.19e-12
PUL01248	2.66e-80
PUL01249	9.04e-175
PUL01330	2.34e-58
PUL01622	6.13e-178
PUL02251	2.80e-25
PUL02400	1.54e-109
PUL02670	3.72e-156
PUL02941	2.64e-73
PUL03412	4.27e-246
PUL03680	2.25e-39
PUL03904	6.12e-165
PUL04066	3.79e-231
PUL04066	8.44e-265
PUL04132	3.06e-157
PUL04135	1.87e-132
PUL04930	5.40e-67
PUL05078	1.62e-13
PUL06026	5.44e-04
