67	STP	0	3	CGC1	3300027980.a:Ga0209475_10000079	75157	76476	3300027980.a:Ga0209475_10000079_68	+	DB=STP|NIR_SIR_ferr,STP|NIR_SIR;ID=3300027980.a:Ga0209475_10000079_68	DB=STP|NIR_SIR_ferr,STP|NIR_SIR;ID=3300027980.a:Ga0209475_10000079_68
68	STP	1	0	CGC1	3300027980.a:Ga0209475_10000079	76495	77640	3300027980.a:Ga0209475_10000079_69	+	DB=STP|NIR_SIR_ferr,STP|NIR_SIR;ID=3300027980.a:Ga0209475_10000079_69	DB=STP|NIR_SIR_ferr,STP|NIR_SIR;ID=3300027980.a:Ga0209475_10000079_69
69	null	null	null	CGC1	3300027980.a:Ga0209475_10000079	77706	77954	3300027980.a:Ga0209475_10000079_70	+	;ID=3300027980.a:Ga0209475_10000079_70
70	STP	0	1	CGC1	3300027980.a:Ga0209475_10000079	78040	79443	3300027980.a:Ga0209475_10000079_71	+	DB=STP|CbiA;ID=3300027980.a:Ga0209475_10000079_71	DB=STP|CbiA;ID=3300027980.a:Ga0209475_10000079_71
71	CAZyme	0	0	CGC1	3300027980.a:Ga0209475_10000079	79476	81752	3300027980.a:Ga0209475_10000079_72	+	DB= GT66|GT66;ID=3300027980.a:Ga0209475_10000079_72	DB= GT66|GT66;ID=3300027980.a:Ga0209475_10000079_72
72	STP	0	0	CGC1	3300027980.a:Ga0209475_10000079	81773	82903	3300027980.a:Ga0209475_10000079_73	+	DB=STP|Aminotran_1_2;ID=3300027980.a:Ga0209475_10000079_73	DB=STP|Aminotran_1_2;ID=3300027980.a:Ga0209475_10000079_73
73	CAZyme	2	0	CGC1	3300027980.a:Ga0209475_10000079	82942	84966	3300027980.a:Ga0209475_10000079_74	-	DB= GT41|GT41;ID=3300027980.a:Ga0209475_10000079_74	DB= GT41|GT41;ID=3300027980.a:Ga0209475_10000079_74
74	null	null	null	CGC1	3300027980.a:Ga0209475_10000079	85097	85594	3300027980.a:Ga0209475_10000079_75	+	;ID=3300027980.a:Ga0209475_10000079_75
75	null	null	null	CGC1	3300027980.a:Ga0209475_10000079	85712	86332	3300027980.a:Ga0209475_10000079_76	-	;ID=3300027980.a:Ga0209475_10000079_76
76	TC	0	2	CGC1	3300027980.a:Ga0209475_10000079	86459	87196	3300027980.a:Ga0209475_10000079_77	-	DB=gnl|TC-DB|Q8DQH7|3.A.1.4.10;ID=3300027980.a:Ga0209475_10000079_77	DB=gnl|TC-DB|Q8DQH7|3.A.1.4.10;ID=3300027980.a:Ga0209475_10000079_77
77	TC	0	0	CGC1	3300027980.a:Ga0209475_10000079	87193	87960	3300027980.a:Ga0209475_10000079_78	-	DB=gnl|TC-DB|Q8DQH8|3.A.1.4.10;ID=3300027980.a:Ga0209475_10000079_78	DB=gnl|TC-DB|Q8DQH8|3.A.1.4.10;ID=3300027980.a:Ga0209475_10000079_78
78	TC	0	0	CGC1	3300027980.a:Ga0209475_10000079	87970	89064	3300027980.a:Ga0209475_10000079_79	-	DB=gnl|TC-DB|Q8DQH9|3.A.1.4.10;ID=3300027980.a:Ga0209475_10000079_79	DB=gnl|TC-DB|Q8DQH9|3.A.1.4.10;ID=3300027980.a:Ga0209475_10000079_79
79	TC	0	0	CGC1	3300027980.a:Ga0209475_10000079	89080	89991	3300027980.a:Ga0209475_10000079_80	-	DB=gnl|TC-DB|Q8DQI0|3.A.1.4.10;ID=3300027980.a:Ga0209475_10000079_80	DB=gnl|TC-DB|Q8DQI0|3.A.1.4.10;ID=3300027980.a:Ga0209475_10000079_80
80	TC	1	0	CGC1	3300027980.a:Ga0209475_10000079	90114	91289	3300027980.a:Ga0209475_10000079_81	-	DB=gnl|TC-DB|Q8DQI1|3.A.1.4.10;ID=3300027980.a:Ga0209475_10000079_81	DB=gnl|TC-DB|Q8DQI1|3.A.1.4.10;ID=3300027980.a:Ga0209475_10000079_81
81	null	null	null	CGC1	3300027980.a:Ga0209475_10000079	91598	92197	3300027980.a:Ga0209475_10000079_82	-	;ID=3300027980.a:Ga0209475_10000079_82
82	TC	0	1	CGC1	3300027980.a:Ga0209475_10000079	92198	93910	3300027980.a:Ga0209475_10000079_83	-	DB=gnl|TC-DB|P69451|4.C.1.1.4;ID=3300027980.a:Ga0209475_10000079_83	DB=gnl|TC-DB|P69451|4.C.1.1.4;ID=3300027980.a:Ga0209475_10000079_83
83	TF	1	0	CGC1	3300027980.a:Ga0209475_10000079	94428	95075	3300027980.a:Ga0209475_10000079_84	+	DB=DBD-Pfam|HTH_11,DBD-SUPERFAMILY|0040266;ID=3300027980.a:Ga0209475_10000079_84	DB=DBD-Pfam|HTH_11,DBD-SUPERFAMILY|0040266;ID=3300027980.a:Ga0209475_10000079_84
84	null	null	null	CGC1	3300027980.a:Ga0209475_10000079	95078	96169	3300027980.a:Ga0209475_10000079_85	+	;ID=3300027980.a:Ga0209475_10000079_85
85	TC	0	1	CGC1	3300027980.a:Ga0209475_10000079	96325	97209	3300027980.a:Ga0209475_10000079_86	+	DB=gnl|TC-DB|C6BSK3|9.B.155.2.8;ID=3300027980.a:Ga0209475_10000079_86	DB=gnl|TC-DB|C6BSK3|9.B.155.2.8;ID=3300027980.a:Ga0209475_10000079_86
86	STP	2	0	CGC1	3300027980.a:Ga0209475_10000079	97382	98332	3300027980.a:Ga0209475_10000079_87	+	DB=STP|CheW,STP|Response_reg;ID=3300027980.a:Ga0209475_10000079_87	DB=STP|CheW,STP|Response_reg;ID=3300027980.a:Ga0209475_10000079_87
87	null	null	null	CGC1	3300027980.a:Ga0209475_10000079	98417	98698	3300027980.a:Ga0209475_10000079_88	-	;ID=3300027980.a:Ga0209475_10000079_88
88	null	null	null	CGC1	3300027980.a:Ga0209475_10000079	98708	98833	3300027980.a:Ga0209475_10000079_89	-	;ID=3300027980.a:Ga0209475_10000079_89
89	TC	0	2	CGC1	3300027980.a:Ga0209475_10000079	99301	100047	3300027980.a:Ga0209475_10000079_90	+	DB=gnl|TC-DB|P0AEQ3|3.A.1.3.2;ID=3300027980.a:Ga0209475_10000079_90	DB=gnl|TC-DB|P0AEQ3|3.A.1.3.2;ID=3300027980.a:Ga0209475_10000079_90
90	TC	0	0	CGC1	3300027980.a:Ga0209475_10000079	100125	100793	3300027980.a:Ga0209475_10000079_91	+	DB=gnl|TC-DB|P0AEQ6|3.A.1.3.2;ID=3300027980.a:Ga0209475_10000079_91	DB=gnl|TC-DB|P0AEQ6|3.A.1.3.2;ID=3300027980.a:Ga0209475_10000079_91
91	TC	4	0	CGC1	3300027980.a:Ga0209475_10000079	100804	101535	3300027980.a:Ga0209475_10000079_92	+	DB=gnl|TC-DB|P10346|3.A.1.3.2;ID=3300027980.a:Ga0209475_10000079_92	DB=gnl|TC-DB|P10346|3.A.1.3.2;ID=3300027980.a:Ga0209475_10000079_92
+++++
72	TC	0	5	CGC1	3300027980.a:Ga0209475_10000039	78716	81145	3300027980.a:Ga0209475_10000039_73	+	DB=gnl|TC-DB|Q9HV74|2.A.21.9.1;ID=3300027980.a:Ga0209475_10000039_73	DB=gnl|TC-DB|Q9HV74|2.A.21.9.1;ID=3300027980.a:Ga0209475_10000039_73
73	TF	0	0	CGC1	3300027980.a:Ga0209475_10000039	81142	82539	3300027980.a:Ga0209475_10000039_74	+	DB=DBD-Pfam|HTH_8,DBD-SUPERFAMILY|0037176;ID=3300027980.a:Ga0209475_10000039_74	DB=DBD-Pfam|HTH_8,DBD-SUPERFAMILY|0037176;ID=3300027980.a:Ga0209475_10000039_74
74	TF	2	0	CGC1	3300027980.a:Ga0209475_10000039	82546	83433	3300027980.a:Ga0209475_10000039_75	-	DB=DBD-Pfam|AraC_N,DBD-Pfam|HTH_AraC,DBD-Pfam|HTH_AraC,DBD-SUPERFAMILY|0036286,DBD-SUPERFAMILY|0035607;ID=3300027980.a:Ga0209475_10000039_75	DB=DBD-Pfam|AraC_N,DBD-Pfam|HTH_AraC,DBD-Pfam|HTH_AraC,DBD-SUPERFAMILY|0036286,DBD-SUPERFAMILY|0035607;ID=3300027980.a:Ga0209475_10000039_75
75	null	null	null	CGC1	3300027980.a:Ga0209475_10000039	83612	84784	3300027980.a:Ga0209475_10000039_76	+	;ID=3300027980.a:Ga0209475_10000039_76
76	null	null	null	CGC1	3300027980.a:Ga0209475_10000039	85006	85425	3300027980.a:Ga0209475_10000039_77	+	;ID=3300027980.a:Ga0209475_10000039_77
77	TC	0	2	CGC1	3300027980.a:Ga0209475_10000039	85458	86978	3300027980.a:Ga0209475_10000039_78	+	DB=gnl|TC-DB|P04983|3.A.1.2.1;ID=3300027980.a:Ga0209475_10000039_78	DB=gnl|TC-DB|P04983|3.A.1.2.1;ID=3300027980.a:Ga0209475_10000039_78
78	TC	0	0	CGC1	3300027980.a:Ga0209475_10000039	86975	87949	3300027980.a:Ga0209475_10000039_79	+	DB=gnl|TC-DB|A6VKS9|3.A.1.2.13;ID=3300027980.a:Ga0209475_10000039_79	DB=gnl|TC-DB|A6VKS9|3.A.1.2.13;ID=3300027980.a:Ga0209475_10000039_79
79	TC	0	0	CGC1	3300027980.a:Ga0209475_10000039	87971	88846	3300027980.a:Ga0209475_10000039_80	+	DB=gnl|TC-DB|A6VKT0|3.A.1.2.13;ID=3300027980.a:Ga0209475_10000039_80	DB=gnl|TC-DB|A6VKT0|3.A.1.2.13;ID=3300027980.a:Ga0209475_10000039_80
80	STP	0	0	CGC1	3300027980.a:Ga0209475_10000039	88913	89833	3300027980.a:Ga0209475_10000039_81	+	DB=STP|PfkB;ID=3300027980.a:Ga0209475_10000039_81	DB=STP|PfkB;ID=3300027980.a:Ga0209475_10000039_81
81	TF	1	0	CGC1	3300027980.a:Ga0209475_10000039	89837	90838	3300027980.a:Ga0209475_10000039_82	+	DB=DBD-Pfam|LacI,DBD-SUPERFAMILY|0036955;ID=3300027980.a:Ga0209475_10000039_82	DB=DBD-Pfam|LacI,DBD-SUPERFAMILY|0036955;ID=3300027980.a:Ga0209475_10000039_82
82	null	null	null	CGC1	3300027980.a:Ga0209475_10000039	90860	92044	3300027980.a:Ga0209475_10000039_83	-	;ID=3300027980.a:Ga0209475_10000039_83
83	STP	0	1	CGC1	3300027980.a:Ga0209475_10000039	92331	92915	3300027980.a:Ga0209475_10000039_84	+	DB=STP|TetR_N;ID=3300027980.a:Ga0209475_10000039_84	DB=STP|TetR_N;ID=3300027980.a:Ga0209475_10000039_84
84	TC	0	0	CGC1	3300027980.a:Ga0209475_10000039	92930	95053	3300027980.a:Ga0209475_10000039_85	+	DB=gnl|TC-DB|A8J6J0|2.A.53.1.8;ID=3300027980.a:Ga0209475_10000039_85	DB=gnl|TC-DB|A8J6J0|2.A.53.1.8;ID=3300027980.a:Ga0209475_10000039_85
85	STP	0	0	CGC1	3300027980.a:Ga0209475_10000039	95075	96292	3300027980.a:Ga0209475_10000039_86	+	DB=STP|Response_reg;ID=3300027980.a:Ga0209475_10000039_86	DB=STP|Response_reg;ID=3300027980.a:Ga0209475_10000039_86
86	TC	0	0	CGC1	3300027980.a:Ga0209475_10000039	96311	98038	3300027980.a:Ga0209475_10000039_87	+	DB=gnl|TC-DB|Q9HV74|2.A.21.9.1;ID=3300027980.a:Ga0209475_10000039_87	DB=gnl|TC-DB|Q9HV74|2.A.21.9.1;ID=3300027980.a:Ga0209475_10000039_87
87	STP	0	0	CGC1	3300027980.a:Ga0209475_10000039	98041	98391	3300027980.a:Ga0209475_10000039_88	+	DB=STP|Response_reg;ID=3300027980.a:Ga0209475_10000039_88	DB=STP|Response_reg;ID=3300027980.a:Ga0209475_10000039_88
88	STP	0	0	CGC1	3300027980.a:Ga0209475_10000039	98404	99039	3300027980.a:Ga0209475_10000039_89	+	DB=STP|HisKA;ID=3300027980.a:Ga0209475_10000039_89	DB=STP|HisKA;ID=3300027980.a:Ga0209475_10000039_89
89	STP	0	0	CGC1	3300027980.a:Ga0209475_10000039	99078	99503	3300027980.a:Ga0209475_10000039_90	+	DB=STP|Response_reg;ID=3300027980.a:Ga0209475_10000039_90	DB=STP|Response_reg;ID=3300027980.a:Ga0209475_10000039_90
90	STP	0	0	CGC1	3300027980.a:Ga0209475_10000039	99608	100264	3300027980.a:Ga0209475_10000039_91	-	DB=STP|NIR_SIR_ferr,STP|NIR_SIR;ID=3300027980.a:Ga0209475_10000039_91	DB=STP|NIR_SIR_ferr,STP|NIR_SIR;ID=3300027980.a:Ga0209475_10000039_91
91	TC	0	0	CGC1	3300027980.a:Ga0209475_10000039	100526	103564	3300027980.a:Ga0209475_10000039_92	-	DB=gnl|TC-DB|Q9KRG9|2.A.6.2.38;ID=3300027980.a:Ga0209475_10000039_92	DB=gnl|TC-DB|Q9KRG9|2.A.6.2.38;ID=3300027980.a:Ga0209475_10000039_92
92	TC	0	0	CGC1	3300027980.a:Ga0209475_10000039	103561	104670	3300027980.a:Ga0209475_10000039_93	-	DB=gnl|TC-DB|C5IZH0|2.A.6.2.47;ID=3300027980.a:Ga0209475_10000039_93	DB=gnl|TC-DB|C5IZH0|2.A.6.2.47;ID=3300027980.a:Ga0209475_10000039_93
93	STP	0	0	CGC1	3300027980.a:Ga0209475_10000039	104733	105326	3300027980.a:Ga0209475_10000039_94	-	DB=STP|TetR_N;ID=3300027980.a:Ga0209475_10000039_94	DB=STP|TetR_N;ID=3300027980.a:Ga0209475_10000039_94
94	TC	0	0	CGC1	3300027980.a:Ga0209475_10000039	105567	107252	3300027980.a:Ga0209475_10000039_95	+	DB=gnl|TC-DB|Q8L3K8|2.A.81.1.1;ID=3300027980.a:Ga0209475_10000039_95	DB=gnl|TC-DB|Q8L3K8|2.A.81.1.1;ID=3300027980.a:Ga0209475_10000039_95
95	STP	0	0	CGC1	3300027980.a:Ga0209475_10000039	107266	108831	3300027980.a:Ga0209475_10000039_96	+	DB=STP|Aminotran_1_2;ID=3300027980.a:Ga0209475_10000039_96	DB=STP|Aminotran_1_2;ID=3300027980.a:Ga0209475_10000039_96
96	TC	1	0	CGC1	3300027980.a:Ga0209475_10000039	108963	109916	3300027980.a:Ga0209475_10000039_97	-	DB=gnl|TC-DB|Q9HTI6|3.A.1.12.12;ID=3300027980.a:Ga0209475_10000039_97	DB=gnl|TC-DB|Q9HTI6|3.A.1.12.12;ID=3300027980.a:Ga0209475_10000039_97
97	null	null	null	CGC1	3300027980.a:Ga0209475_10000039	110000	111475	3300027980.a:Ga0209475_10000039_98	-	;ID=3300027980.a:Ga0209475_10000039_98
98	CAZyme	0	1	CGC1	3300027980.a:Ga0209475_10000039	111491	113128	3300027980.a:Ga0209475_10000039_99	-	DB= AA3_2|AA3_2;ID=3300027980.a:Ga0209475_10000039_99	DB= AA3_2|AA3_2;ID=3300027980.a:Ga0209475_10000039_99
99	TF	0	0	CGC1	3300027980.a:Ga0209475_10000039	113147	113929	3300027980.a:Ga0209475_10000039_100	-	DB=DBD-Pfam|GntR,DBD-SUPERFAMILY|0039384;ID=3300027980.a:Ga0209475_10000039_100	DB=DBD-Pfam|GntR,DBD-SUPERFAMILY|0039384;ID=3300027980.a:Ga0209475_10000039_100
100	TF	1	0	CGC1	3300027980.a:Ga0209475_10000039	114159	115562	3300027980.a:Ga0209475_10000039_101	-	DB=DBD-SUPERFAMILY|0037176;ID=3300027980.a:Ga0209475_10000039_101	DB=DBD-SUPERFAMILY|0037176;ID=3300027980.a:Ga0209475_10000039_101
101	null	null	null	CGC1	3300027980.a:Ga0209475_10000039	116143	116412	3300027980.a:Ga0209475_10000039_102	+	;ID=3300027980.a:Ga0209475_10000039_102
102	STP	1	1	CGC1	3300027980.a:Ga0209475_10000039	116431	118461	3300027980.a:Ga0209475_10000039_103	+	DB=STP|Pyr_redox_2,STP|Fer4,STP|Fer4;ID=3300027980.a:Ga0209475_10000039_103	DB=STP|Pyr_redox_2,STP|Fer4,STP|Fer4;ID=3300027980.a:Ga0209475_10000039_103
103	null	null	null	CGC1	3300027980.a:Ga0209475_10000039	118472	118897	3300027980.a:Ga0209475_10000039_104	+	;ID=3300027980.a:Ga0209475_10000039_104
104	STP	0	1	CGC1	3300027980.a:Ga0209475_10000039	118910	120031	3300027980.a:Ga0209475_10000039_105	+	DB=STP|Fer4;ID=3300027980.a:Ga0209475_10000039_105	DB=STP|Fer4;ID=3300027980.a:Ga0209475_10000039_105
105	STP	1	0	CGC1	3300027980.a:Ga0209475_10000039	120062	123514	3300027980.a:Ga0209475_10000039_106	+	DB=STP|Fer4,STP|Fer4,STP|Response_reg,STP|Pyr_redox_2,STP|Pyr_redox_2,STP|Fer4,STP|Fer4;ID=3300027980.a:Ga0209475_10000039_106	DB=STP|Fer4,STP|Fer4,STP|Response_reg,STP|Pyr_redox_2,STP|Pyr_redox_2,STP|Fer4,STP|Fer4;ID=3300027980.a:Ga0209475_10000039_106
106	null	null	null	CGC1	3300027980.a:Ga0209475_10000039	123548	124117	3300027980.a:Ga0209475_10000039_107	+	;ID=3300027980.a:Ga0209475_10000039_107
107	TC	3	1	CGC1	3300027980.a:Ga0209475_10000039	124114	125034	3300027980.a:Ga0209475_10000039_108	+	DB=gnl|TC-DB|F9VN12|3.D.10.1.4;ID=3300027980.a:Ga0209475_10000039_108	DB=gnl|TC-DB|F9VN12|3.D.10.1.4;ID=3300027980.a:Ga0209475_10000039_108
+++++
262	STP	0	3	CGC2	3300027980.a:Ga0209475_10000039	293015	293533	3300027980.a:Ga0209475_10000039_263	-	DB=STP|Nitroreductase,STP|Nitroreductase;ID=3300027980.a:Ga0209475_10000039_263	DB=STP|Nitroreductase,STP|Nitroreductase;ID=3300027980.a:Ga0209475_10000039_263
263	STP	2	0	CGC2	3300027980.a:Ga0209475_10000039	293660	294685	3300027980.a:Ga0209475_10000039_264	+	DB=STP|HD;ID=3300027980.a:Ga0209475_10000039_264	DB=STP|HD;ID=3300027980.a:Ga0209475_10000039_264
264	null	null	null	CGC2	3300027980.a:Ga0209475_10000039	294682	295107	3300027980.a:Ga0209475_10000039_265	-	;ID=3300027980.a:Ga0209475_10000039_265
265	null	null	null	CGC2	3300027980.a:Ga0209475_10000039	295107	295868	3300027980.a:Ga0209475_10000039_266	-	;ID=3300027980.a:Ga0209475_10000039_266
266	STP	0	2	CGC2	3300027980.a:Ga0209475_10000039	295871	296584	3300027980.a:Ga0209475_10000039_267	-	DB=STP|SBP_bac_3;ID=3300027980.a:Ga0209475_10000039_267	DB=STP|SBP_bac_3;ID=3300027980.a:Ga0209475_10000039_267
267	TC	1	0	CGC2	3300027980.a:Ga0209475_10000039	296721	297311	3300027980.a:Ga0209475_10000039_268	-	DB=gnl|TC-DB|Q8J305|2.A.95.1.4;ID=3300027980.a:Ga0209475_10000039_268	DB=gnl|TC-DB|Q8J305|2.A.95.1.4;ID=3300027980.a:Ga0209475_10000039_268
268	null	null	null	CGC2	3300027980.a:Ga0209475_10000039	297375	298991	3300027980.a:Ga0209475_10000039_269	-	;ID=3300027980.a:Ga0209475_10000039_269
269	CAZyme	0	1	CGC2	3300027980.a:Ga0209475_10000039	299004	300218	3300027980.a:Ga0209475_10000039_270	-	DB=PL38| PL38;ID=3300027980.a:Ga0209475_10000039_270	DB=PL38| PL38;ID=3300027980.a:Ga0209475_10000039_270
270	TC	0	0	CGC2	3300027980.a:Ga0209475_10000039	300215	301057	3300027980.a:Ga0209475_10000039_271	-	DB=gnl|TC-DB|P42063|3.A.1.5.20;ID=3300027980.a:Ga0209475_10000039_271	DB=gnl|TC-DB|P42063|3.A.1.5.20;ID=3300027980.a:Ga0209475_10000039_271
271	TC	0	0	CGC2	3300027980.a:Ga0209475_10000039	301054	302052	3300027980.a:Ga0209475_10000039_272	-	DB=gnl|TC-DB|P42062|3.A.1.5.20;ID=3300027980.a:Ga0209475_10000039_272	DB=gnl|TC-DB|P42062|3.A.1.5.20;ID=3300027980.a:Ga0209475_10000039_272
272	STP	0	0	CGC2	3300027980.a:Ga0209475_10000039	302401	304509	3300027980.a:Ga0209475_10000039_273	+	DB=STP|HATPase_c;ID=3300027980.a:Ga0209475_10000039_273	DB=STP|HATPase_c;ID=3300027980.a:Ga0209475_10000039_273
273	TF	1	0	CGC2	3300027980.a:Ga0209475_10000039	304506	305138	3300027980.a:Ga0209475_10000039_274	+	DB=DBD-Pfam|GerE;ID=3300027980.a:Ga0209475_10000039_274	DB=DBD-Pfam|GerE;ID=3300027980.a:Ga0209475_10000039_274
274	null	null	null	CGC2	3300027980.a:Ga0209475_10000039	305337	306362	3300027980.a:Ga0209475_10000039_275	+	;ID=3300027980.a:Ga0209475_10000039_275
275	TC	1	1	CGC2	3300027980.a:Ga0209475_10000039	306590	307840	3300027980.a:Ga0209475_10000039_276	-	DB=gnl|TC-DB|Q45308|2.A.37.2.3;ID=3300027980.a:Ga0209475_10000039_276	DB=gnl|TC-DB|Q45308|2.A.37.2.3;ID=3300027980.a:Ga0209475_10000039_276
276	null	null	null	CGC2	3300027980.a:Ga0209475_10000039	308187	308588	3300027980.a:Ga0209475_10000039_277	-	;ID=3300027980.a:Ga0209475_10000039_277
277	TC	0	1	CGC2	3300027980.a:Ga0209475_10000039	309067	310776	3300027980.a:Ga0209475_10000039_278	-	DB=gnl|TC-DB|Q9HV74|2.A.21.9.1;ID=3300027980.a:Ga0209475_10000039_278	DB=gnl|TC-DB|Q9HV74|2.A.21.9.1;ID=3300027980.a:Ga0209475_10000039_278
278	TC	0	0	CGC2	3300027980.a:Ga0209475_10000039	311141	315325	3300027980.a:Ga0209475_10000039_279	+	DB=gnl|TC-DB|Q93N33|2.A.21.9.2;ID=3300027980.a:Ga0209475_10000039_279	DB=gnl|TC-DB|Q93N33|2.A.21.9.2;ID=3300027980.a:Ga0209475_10000039_279
279	STP	0	0	CGC2	3300027980.a:Ga0209475_10000039	315327	316166	3300027980.a:Ga0209475_10000039_280	+	DB=STP|CheR_N,STP|CheR;ID=3300027980.a:Ga0209475_10000039_280	DB=STP|CheR_N,STP|CheR;ID=3300027980.a:Ga0209475_10000039_280
280	STP	0	0	CGC2	3300027980.a:Ga0209475_10000039	316169	316759	3300027980.a:Ga0209475_10000039_281	+	DB=STP|CheB_methylest;ID=3300027980.a:Ga0209475_10000039_281	DB=STP|CheB_methylest;ID=3300027980.a:Ga0209475_10000039_281
281	TC	1	0	CGC2	3300027980.a:Ga0209475_10000039	316763	317761	3300027980.a:Ga0209475_10000039_282	+	DB=gnl|TC-DB|D4ZZR3|9.B.34.1.3;ID=3300027980.a:Ga0209475_10000039_282	DB=gnl|TC-DB|D4ZZR3|9.B.34.1.3;ID=3300027980.a:Ga0209475_10000039_282
282	null	null	null	CGC2	3300027980.a:Ga0209475_10000039	318010	319338	3300027980.a:Ga0209475_10000039_283	-	;ID=3300027980.a:Ga0209475_10000039_283
283	STP	0	1	CGC2	3300027980.a:Ga0209475_10000039	319351	321342	3300027980.a:Ga0209475_10000039_284	-	DB=STP|CbiA;ID=3300027980.a:Ga0209475_10000039_284	DB=STP|CbiA;ID=3300027980.a:Ga0209475_10000039_284
284	STP	0	0	CGC2	3300027980.a:Ga0209475_10000039	321691	322908	3300027980.a:Ga0209475_10000039_285	+	DB=STP|PALP;ID=3300027980.a:Ga0209475_10000039_285	DB=STP|PALP;ID=3300027980.a:Ga0209475_10000039_285
285	STP	7	0	CGC2	3300027980.a:Ga0209475_10000039	322998	323393	3300027980.a:Ga0209475_10000039_286	-	DB=STP|CBS,STP|CBS;ID=3300027980.a:Ga0209475_10000039_286	DB=STP|CBS,STP|CBS;ID=3300027980.a:Ga0209475_10000039_286
+++++
300	TC	0	3	CGC3	3300027980.a:Ga0209475_10000039	338668	339669	3300027980.a:Ga0209475_10000039_301	+	DB=gnl|TC-DB|Q82VN7|3.A.1.10.4;ID=3300027980.a:Ga0209475_10000039_301	DB=gnl|TC-DB|Q82VN7|3.A.1.10.4;ID=3300027980.a:Ga0209475_10000039_301
301	TC	0	0	CGC3	3300027980.a:Ga0209475_10000039	339672	341336	3300027980.a:Ga0209475_10000039_302	+	DB=gnl|TC-DB|Q82VN6|3.A.1.10.4;ID=3300027980.a:Ga0209475_10000039_302	DB=gnl|TC-DB|Q82VN6|3.A.1.10.4;ID=3300027980.a:Ga0209475_10000039_302
302	TC	0	0	CGC3	3300027980.a:Ga0209475_10000039	341339	342421	3300027980.a:Ga0209475_10000039_303	+	DB=gnl|TC-DB|Q82VN5|3.A.1.10.4;ID=3300027980.a:Ga0209475_10000039_303	DB=gnl|TC-DB|Q82VN5|3.A.1.10.4;ID=3300027980.a:Ga0209475_10000039_303
303	TF	0	0	CGC3	3300027980.a:Ga0209475_10000039	342669	343871	3300027980.a:Ga0209475_10000039_304	-	DB=DBD-Pfam|MarR,DBD-SUPERFAMILY|0044258;ID=3300027980.a:Ga0209475_10000039_304	DB=DBD-Pfam|MarR,DBD-SUPERFAMILY|0044258;ID=3300027980.a:Ga0209475_10000039_304
304	TC	0	0	CGC3	3300027980.a:Ga0209475_10000039	344006	345085	3300027980.a:Ga0209475_10000039_305	-	DB=gnl|TC-DB|Q9Z3R9|3.A.1.1.8;ID=3300027980.a:Ga0209475_10000039_305	DB=gnl|TC-DB|Q9Z3R9|3.A.1.1.8;ID=3300027980.a:Ga0209475_10000039_305
305	TC	0	0	CGC3	3300027980.a:Ga0209475_10000039	345095	345931	3300027980.a:Ga0209475_10000039_306	-	DB=gnl|TC-DB|Q8RJU8|3.A.1.1.18;ID=3300027980.a:Ga0209475_10000039_306	DB=gnl|TC-DB|Q8RJU8|3.A.1.1.18;ID=3300027980.a:Ga0209475_10000039_306
306	TC	0	0	CGC3	3300027980.a:Ga0209475_10000039	345944	346876	3300027980.a:Ga0209475_10000039_307	-	DB=gnl|TC-DB|P29823|3.A.1.1.4;ID=3300027980.a:Ga0209475_10000039_307	DB=gnl|TC-DB|P29823|3.A.1.1.4;ID=3300027980.a:Ga0209475_10000039_307
307	STP	0	0	CGC3	3300027980.a:Ga0209475_10000039	346943	348202	3300027980.a:Ga0209475_10000039_308	-	DB=STP|SBP_bac_1;ID=3300027980.a:Ga0209475_10000039_308	DB=STP|SBP_bac_1;ID=3300027980.a:Ga0209475_10000039_308
308	STP	1	0	CGC3	3300027980.a:Ga0209475_10000039	348247	349164	3300027980.a:Ga0209475_10000039_309	-	DB=STP|SIS;ID=3300027980.a:Ga0209475_10000039_309	DB=STP|SIS;ID=3300027980.a:Ga0209475_10000039_309
309	null	null	null	CGC3	3300027980.a:Ga0209475_10000039	349291	350172	3300027980.a:Ga0209475_10000039_310	+	;ID=3300027980.a:Ga0209475_10000039_310
310	STP	0	1	CGC3	3300027980.a:Ga0209475_10000039	350183	351226	3300027980.a:Ga0209475_10000039_311	+	DB=STP|SIS,STP|SIS;ID=3300027980.a:Ga0209475_10000039_311	DB=STP|SIS,STP|SIS;ID=3300027980.a:Ga0209475_10000039_311
311	CAZyme	1	0	CGC3	3300027980.a:Ga0209475_10000039	351226	352365	3300027980.a:Ga0209475_10000039_312	+	DB= CE9|CE9;ID=3300027980.a:Ga0209475_10000039_312	DB= CE9|CE9;ID=3300027980.a:Ga0209475_10000039_312
312	null	null	null	CGC3	3300027980.a:Ga0209475_10000039	352380	353453	3300027980.a:Ga0209475_10000039_313	+	;ID=3300027980.a:Ga0209475_10000039_313
313	TC	0	1	CGC3	3300027980.a:Ga0209475_10000039	353519	354199	3300027980.a:Ga0209475_10000039_314	-	DB=gnl|TC-DB|P75957|3.A.1.125.1;ID=3300027980.a:Ga0209475_10000039_314	DB=gnl|TC-DB|P75957|3.A.1.125.1;ID=3300027980.a:Ga0209475_10000039_314
314	TC	3	0	CGC3	3300027980.a:Ga0209475_10000039	354208	355371	3300027980.a:Ga0209475_10000039_315	-	DB=gnl|TC-DB|Q73MJ3|3.A.1.122.8;ID=3300027980.a:Ga0209475_10000039_315	DB=gnl|TC-DB|Q73MJ3|3.A.1.122.8;ID=3300027980.a:Ga0209475_10000039_315
+++++
168	STP	2	3	CGC1	3300027980.a:Ga0209475_10000127	180588	181352	3300027980.a:Ga0209475_10000127_169	-	DB=STP|SBP_bac_3;ID=3300027980.a:Ga0209475_10000127_169	DB=STP|SBP_bac_3;ID=3300027980.a:Ga0209475_10000127_169
169	null	null	null	CGC1	3300027980.a:Ga0209475_10000127	181566	182369	3300027980.a:Ga0209475_10000127_170	+	;ID=3300027980.a:Ga0209475_10000127_170
170	null	null	null	CGC1	3300027980.a:Ga0209475_10000127	182373	182780	3300027980.a:Ga0209475_10000127_171	+	;ID=3300027980.a:Ga0209475_10000127_171
171	TC	1	2	CGC1	3300027980.a:Ga0209475_10000127	182871	183611	3300027980.a:Ga0209475_10000127_172	+	DB=gnl|TC-DB|P0A9R7|3.A.1.140.1;ID=3300027980.a:Ga0209475_10000127_172	DB=gnl|TC-DB|P0A9R7|3.A.1.140.1;ID=3300027980.a:Ga0209475_10000127_172
172	null	null	null	CGC1	3300027980.a:Ga0209475_10000127	183608	184486	3300027980.a:Ga0209475_10000127_173	+	;ID=3300027980.a:Ga0209475_10000127_173
173	CAZyme	0	1	CGC1	3300027980.a:Ga0209475_10000127	184491	185456	3300027980.a:Ga0209475_10000127_174	+	DB=GT2;ID=3300027980.a:Ga0209475_10000127_174	DB=GT2;ID=3300027980.a:Ga0209475_10000127_174
174	CAZyme	1	0	CGC1	3300027980.a:Ga0209475_10000127	185458	186618	3300027980.a:Ga0209475_10000127_175	-	DB=GT1;ID=3300027980.a:Ga0209475_10000127_175	DB=GT1;ID=3300027980.a:Ga0209475_10000127_175
175	null	null	null	CGC1	3300027980.a:Ga0209475_10000127	186619	187218	3300027980.a:Ga0209475_10000127_176	-	;ID=3300027980.a:Ga0209475_10000127_176
176	CAZyme	1	1	CGC1	3300027980.a:Ga0209475_10000127	187215	188333	3300027980.a:Ga0209475_10000127_177	-	DB= GT4|GT4;ID=3300027980.a:Ga0209475_10000127_177	DB= GT4|GT4;ID=3300027980.a:Ga0209475_10000127_177
177	null	null	null	CGC1	3300027980.a:Ga0209475_10000127	188494	189396	3300027980.a:Ga0209475_10000127_178	+	;ID=3300027980.a:Ga0209475_10000127_178
178	TF	0	1	CGC1	3300027980.a:Ga0209475_10000127	189481	190893	3300027980.a:Ga0209475_10000127_179	+	DB=DBD-Pfam|HTH_8,DBD-SUPERFAMILY|0037176;ID=3300027980.a:Ga0209475_10000127_179	DB=DBD-Pfam|HTH_8,DBD-SUPERFAMILY|0037176;ID=3300027980.a:Ga0209475_10000127_179
179	TF	0	0	CGC1	3300027980.a:Ga0209475_10000127	190922	191971	3300027980.a:Ga0209475_10000127_180	-	DB=DBD-SUPERFAMILY|0036286;ID=3300027980.a:Ga0209475_10000127_180	DB=DBD-SUPERFAMILY|0036286;ID=3300027980.a:Ga0209475_10000127_180
180	TC	2	0	CGC1	3300027980.a:Ga0209475_10000127	191973	192878	3300027980.a:Ga0209475_10000127_181	-	DB=gnl|TC-DB|C3JHC4|2.A.7.3.10;ID=3300027980.a:Ga0209475_10000127_181	DB=gnl|TC-DB|C3JHC4|2.A.7.3.10;ID=3300027980.a:Ga0209475_10000127_181
181	null	null	null	CGC1	3300027980.a:Ga0209475_10000127	193106	194374	3300027980.a:Ga0209475_10000127_182	+	;ID=3300027980.a:Ga0209475_10000127_182
182	null	null	null	CGC1	3300027980.a:Ga0209475_10000127	194391	195566	3300027980.a:Ga0209475_10000127_183	+	;ID=3300027980.a:Ga0209475_10000127_183
183	TF	2	2	CGC1	3300027980.a:Ga0209475_10000127	195689	196564	3300027980.a:Ga0209475_10000127_184	-	DB=DBD-Pfam|HTH_1,DBD-SUPERFAMILY|0044258;ID=3300027980.a:Ga0209475_10000127_184	DB=DBD-Pfam|HTH_1,DBD-SUPERFAMILY|0044258;ID=3300027980.a:Ga0209475_10000127_184
184	null	null	null	CGC1	3300027980.a:Ga0209475_10000127	196759	196929	3300027980.a:Ga0209475_10000127_185	+	;ID=3300027980.a:Ga0209475_10000127_185
185	null	null	null	CGC1	3300027980.a:Ga0209475_10000127	197183	199144	3300027980.a:Ga0209475_10000127_186	+	;ID=3300027980.a:Ga0209475_10000127_186
186	TC	3	2	CGC1	3300027980.a:Ga0209475_10000127	199283	201313	3300027980.a:Ga0209475_10000127_187	+	DB=gnl|TC-DB|M3JA40|1.B.52.2.1;ID=3300027980.a:Ga0209475_10000127_187	DB=gnl|TC-DB|M3JA40|1.B.52.2.1;ID=3300027980.a:Ga0209475_10000127_187
+++++
280	TF	0	6	CGC1	3300027980.a:Ga0209475_10000005	281497	281913	3300027980.a:Ga0209475_10000005_281	+	DB=DBD-Pfam|MarR,DBD-SUPERFAMILY|0040586;ID=3300027980.a:Ga0209475_10000005_281	DB=DBD-Pfam|MarR,DBD-SUPERFAMILY|0040586;ID=3300027980.a:Ga0209475_10000005_281
281	STP	1	0	CGC1	3300027980.a:Ga0209475_10000005	281917	283488	3300027980.a:Ga0209475_10000005_282	-	DB=STP|dCache_1,STP|GGDEF;ID=3300027980.a:Ga0209475_10000005_282	DB=STP|dCache_1,STP|GGDEF;ID=3300027980.a:Ga0209475_10000005_282
282	null	null	null	CGC1	3300027980.a:Ga0209475_10000005	283592	283933	3300027980.a:Ga0209475_10000005_283	-	;ID=3300027980.a:Ga0209475_10000005_283
283	TF	1	1	CGC1	3300027980.a:Ga0209475_10000005	284057	287035	3300027980.a:Ga0209475_10000005_284	-	DB=DBD-Pfam|HTH_8,DBD-SUPERFAMILY|0037176;ID=3300027980.a:Ga0209475_10000005_284	DB=DBD-Pfam|HTH_8,DBD-SUPERFAMILY|0037176;ID=3300027980.a:Ga0209475_10000005_284
284	null	null	null	CGC1	3300027980.a:Ga0209475_10000005	287183	287425	3300027980.a:Ga0209475_10000005_285	+	;ID=3300027980.a:Ga0209475_10000005_285
285	STP	0	1	CGC1	3300027980.a:Ga0209475_10000005	287617	288015	3300027980.a:Ga0209475_10000005_286	+	DB=STP|Response_reg;ID=3300027980.a:Ga0209475_10000005_286	DB=STP|Response_reg;ID=3300027980.a:Ga0209475_10000005_286
286	CAZyme	0	0	CGC1	3300027980.a:Ga0209475_10000005	288068	289315	3300027980.a:Ga0209475_10000005_287	+	DB= GT4|GT4;ID=3300027980.a:Ga0209475_10000005_287	DB= GT4|GT4;ID=3300027980.a:Ga0209475_10000005_287
287	TC	0	0	CGC1	3300027980.a:Ga0209475_10000005	289331	289879	3300027980.a:Ga0209475_10000005_288	+	DB=gnl|TC-DB|F4K2G0|3.D.1.8.1;ID=3300027980.a:Ga0209475_10000005_288	DB=gnl|TC-DB|F4K2G0|3.D.1.8.1;ID=3300027980.a:Ga0209475_10000005_288
288	TC	0	0	CGC1	3300027980.a:Ga0209475_10000005	289950	291782	3300027980.a:Ga0209475_10000005_289	-	DB=gnl|TC-DB|Q9XIA9|4.C.1.1.14;ID=3300027980.a:Ga0209475_10000005_289	DB=gnl|TC-DB|Q9XIA9|4.C.1.1.14;ID=3300027980.a:Ga0209475_10000005_289
289	TC	2	0	CGC1	3300027980.a:Ga0209475_10000005	291851	295162	3300027980.a:Ga0209475_10000005_290	-	DB=gnl|TC-DB|Q93N33|2.A.21.9.2;ID=3300027980.a:Ga0209475_10000005_290	DB=gnl|TC-DB|Q93N33|2.A.21.9.2;ID=3300027980.a:Ga0209475_10000005_290
290	null	null	null	CGC1	3300027980.a:Ga0209475_10000005	295291	295986	3300027980.a:Ga0209475_10000005_291	-	;ID=3300027980.a:Ga0209475_10000005_291
291	null	null	null	CGC1	3300027980.a:Ga0209475_10000005	295998	296324	3300027980.a:Ga0209475_10000005_292	-	;ID=3300027980.a:Ga0209475_10000005_292
292	TC	0	2	CGC1	3300027980.a:Ga0209475_10000005	296309	297040	3300027980.a:Ga0209475_10000005_293	-	DB=gnl|TC-DB|A4EZB2|2.A.78.2.1;ID=3300027980.a:Ga0209475_10000005_293	DB=gnl|TC-DB|A4EZB2|2.A.78.2.1;ID=3300027980.a:Ga0209475_10000005_293
293	TF	0	0	CGC1	3300027980.a:Ga0209475_10000005	297155	298582	3300027980.a:Ga0209475_10000005_294	+	DB=DBD-Pfam|GntR,DBD-SUPERFAMILY|0037767;ID=3300027980.a:Ga0209475_10000005_294	DB=DBD-Pfam|GntR,DBD-SUPERFAMILY|0037767;ID=3300027980.a:Ga0209475_10000005_294
294	STP	0	0	CGC1	3300027980.a:Ga0209475_10000005	298643	299164	3300027980.a:Ga0209475_10000005_295	+	DB=STP|dCache_2;ID=3300027980.a:Ga0209475_10000005_295	DB=STP|dCache_2;ID=3300027980.a:Ga0209475_10000005_295
295	TC	0	0	CGC1	3300027980.a:Ga0209475_10000005	299244	300155	3300027980.a:Ga0209475_10000005_296	+	DB=gnl|TC-DB|P27844|2.A.7.7.2;ID=3300027980.a:Ga0209475_10000005_296	DB=gnl|TC-DB|P27844|2.A.7.7.2;ID=3300027980.a:Ga0209475_10000005_296
296	TF	2	0	CGC1	3300027980.a:Ga0209475_10000005	300240	300548	3300027980.a:Ga0209475_10000005_297	+	DB=DBD-Pfam|HTH_5,DBD-SUPERFAMILY|0043669;ID=3300027980.a:Ga0209475_10000005_297	DB=DBD-Pfam|HTH_5,DBD-SUPERFAMILY|0043669;ID=3300027980.a:Ga0209475_10000005_297
297	null	null	null	CGC1	3300027980.a:Ga0209475_10000005	300545	300652	3300027980.a:Ga0209475_10000005_298	+	;ID=3300027980.a:Ga0209475_10000005_298
298	null	null	null	CGC1	3300027980.a:Ga0209475_10000005	300749	301729	3300027980.a:Ga0209475_10000005_299	+	;ID=3300027980.a:Ga0209475_10000005_299
299	STP	0	2	CGC1	3300027980.a:Ga0209475_10000005	301740	302027	3300027980.a:Ga0209475_10000005_300	+	DB=STP|Fer4,STP|Fer4;ID=3300027980.a:Ga0209475_10000005_300	DB=STP|Fer4,STP|Fer4;ID=3300027980.a:Ga0209475_10000005_300
300	STP	3	0	CGC1	3300027980.a:Ga0209475_10000005	302013	303104	3300027980.a:Ga0209475_10000005_301	-	DB=STP|Fer4;ID=3300027980.a:Ga0209475_10000005_301	DB=STP|Fer4;ID=3300027980.a:Ga0209475_10000005_301
+++++
335	CAZyme	2	4	CGC2	3300027980.a:Ga0209475_10000005	341313	342332	3300027980.a:Ga0209475_10000005_336	-	DB=GT2| GT2;ID=3300027980.a:Ga0209475_10000005_336	DB=GT2| GT2;ID=3300027980.a:Ga0209475_10000005_336
336	null	null	null	CGC2	3300027980.a:Ga0209475_10000005	342338	343264	3300027980.a:Ga0209475_10000005_337	-	;ID=3300027980.a:Ga0209475_10000005_337
337	null	null	null	CGC2	3300027980.a:Ga0209475_10000005	343277	343474	3300027980.a:Ga0209475_10000005_338	-	;ID=3300027980.a:Ga0209475_10000005_338
338	STP	0	2	CGC2	3300027980.a:Ga0209475_10000005	343702	344073	3300027980.a:Ga0209475_10000005_339	+	DB=STP|Response_reg;ID=3300027980.a:Ga0209475_10000005_339	DB=STP|Response_reg;ID=3300027980.a:Ga0209475_10000005_339
339	TC	0	0	CGC2	3300027980.a:Ga0209475_10000005	344231	345202	3300027980.a:Ga0209475_10000005_340	+	DB=gnl|TC-DB|C0QCR7|8.A.59.4.1;ID=3300027980.a:Ga0209475_10000005_340	DB=gnl|TC-DB|C0QCR7|8.A.59.4.1;ID=3300027980.a:Ga0209475_10000005_340
340	TC	2	0	CGC2	3300027980.a:Ga0209475_10000005	345374	346039	3300027980.a:Ga0209475_10000005_341	+	DB=gnl|TC-DB|Q6MLN2|9.B.149.1.11;ID=3300027980.a:Ga0209475_10000005_341	DB=gnl|TC-DB|Q6MLN2|9.B.149.1.11;ID=3300027980.a:Ga0209475_10000005_341
341	null	null	null	CGC2	3300027980.a:Ga0209475_10000005	346056	347045	3300027980.a:Ga0209475_10000005_342	+	;ID=3300027980.a:Ga0209475_10000005_342
342	null	null	null	CGC2	3300027980.a:Ga0209475_10000005	347121	347549	3300027980.a:Ga0209475_10000005_343	+	;ID=3300027980.a:Ga0209475_10000005_343
343	STP	0	2	CGC2	3300027980.a:Ga0209475_10000005	347766	348941	3300027980.a:Ga0209475_10000005_344	+	DB=STP|Aminotran_1_2;ID=3300027980.a:Ga0209475_10000005_344	DB=STP|Aminotran_1_2;ID=3300027980.a:Ga0209475_10000005_344
344	STP	0	0	CGC2	3300027980.a:Ga0209475_10000005	349192	349578	3300027980.a:Ga0209475_10000005_345	+	DB=STP|AraC_binding;ID=3300027980.a:Ga0209475_10000005_345	DB=STP|AraC_binding;ID=3300027980.a:Ga0209475_10000005_345
345	TF	0	0	CGC2	3300027980.a:Ga0209475_10000005	349587	350384	3300027980.a:Ga0209475_10000005_346	+	DB=DBD-Pfam|HTH_AraC,DBD-SUPERFAMILY|0036286,DBD-SUPERFAMILY|0035607;ID=3300027980.a:Ga0209475_10000005_346	DB=DBD-Pfam|HTH_AraC,DBD-SUPERFAMILY|0036286,DBD-SUPERFAMILY|0035607;ID=3300027980.a:Ga0209475_10000005_346
346	TC	0	0	CGC2	3300027980.a:Ga0209475_10000005	350537	351949	3300027980.a:Ga0209475_10000005_347	-	DB=gnl|TC-DB|O32182|2.A.1.3.33;ID=3300027980.a:Ga0209475_10000005_347	DB=gnl|TC-DB|O32182|2.A.1.3.33;ID=3300027980.a:Ga0209475_10000005_347
347	TF	1	0	CGC2	3300027980.a:Ga0209475_10000005	351942	352409	3300027980.a:Ga0209475_10000005_348	-	DB=DBD-Pfam|MarR,DBD-SUPERFAMILY|0040517;ID=3300027980.a:Ga0209475_10000005_348	DB=DBD-Pfam|MarR,DBD-SUPERFAMILY|0040517;ID=3300027980.a:Ga0209475_10000005_348
348	null	null	null	CGC2	3300027980.a:Ga0209475_10000005	352740	354146	3300027980.a:Ga0209475_10000005_349	-	;ID=3300027980.a:Ga0209475_10000005_349
349	STP	2	1	CGC2	3300027980.a:Ga0209475_10000005	354306	356585	3300027980.a:Ga0209475_10000005_350	-	DB=STP|PALP;ID=3300027980.a:Ga0209475_10000005_350	DB=STP|PALP;ID=3300027980.a:Ga0209475_10000005_350
350	null	null	null	CGC2	3300027980.a:Ga0209475_10000005	356728	358497	3300027980.a:Ga0209475_10000005_351	+	;ID=3300027980.a:Ga0209475_10000005_351
351	null	null	null	CGC2	3300027980.a:Ga0209475_10000005	358588	360225	3300027980.a:Ga0209475_10000005_352	-	;ID=3300027980.a:Ga0209475_10000005_352
352	TC	0	2	CGC2	3300027980.a:Ga0209475_10000005	360508	362439	3300027980.a:Ga0209475_10000005_353	+	DB=gnl|TC-DB|M3JA40|1.B.52.2.1;ID=3300027980.a:Ga0209475_10000005_353	DB=gnl|TC-DB|M3JA40|1.B.52.2.1;ID=3300027980.a:Ga0209475_10000005_353
353	TC	4	0	CGC2	3300027980.a:Ga0209475_10000005	362505	363740	3300027980.a:Ga0209475_10000005_354	-	DB=gnl|TC-DB|Q8RX88|9.B.1.1.2;ID=3300027980.a:Ga0209475_10000005_354	DB=gnl|TC-DB|Q8RX88|9.B.1.1.2;ID=3300027980.a:Ga0209475_10000005_354
+++++
554	TC	0	3	CGC3	3300027980.a:Ga0209475_10000005	560902	562155	3300027980.a:Ga0209475_10000005_555	+	DB=gnl|TC-DB|A3QE50|8.A.59.4.2;ID=3300027980.a:Ga0209475_10000005_555	DB=gnl|TC-DB|A3QE50|8.A.59.4.2;ID=3300027980.a:Ga0209475_10000005_555
555	TC	0	0	CGC3	3300027980.a:Ga0209475_10000005	562236	563060	3300027980.a:Ga0209475_10000005_556	-	DB=gnl|TC-DB|Q72KX4|3.A.1.1.24;ID=3300027980.a:Ga0209475_10000005_556	DB=gnl|TC-DB|Q72KX4|3.A.1.1.24;ID=3300027980.a:Ga0209475_10000005_556
556	TC	0	0	CGC3	3300027980.a:Ga0209475_10000005	563064	564182	3300027980.a:Ga0209475_10000005_557	-	DB=gnl|TC-DB|Q72KX3|3.A.1.1.24;ID=3300027980.a:Ga0209475_10000005_557	DB=gnl|TC-DB|Q72KX3|3.A.1.1.24;ID=3300027980.a:Ga0209475_10000005_557
557	TC	0	0	CGC3	3300027980.a:Ga0209475_10000005	564259	565515	3300027980.a:Ga0209475_10000005_558	-	DB=gnl|TC-DB|Q72KX2|3.A.1.1.24;ID=3300027980.a:Ga0209475_10000005_558	DB=gnl|TC-DB|Q72KX2|3.A.1.1.24;ID=3300027980.a:Ga0209475_10000005_558
558	TC	1	0	CGC3	3300027980.a:Ga0209475_10000005	565595	566692	3300027980.a:Ga0209475_10000005_559	-	DB=gnl|TC-DB|Q9KWT9|3.A.1.1.10;ID=3300027980.a:Ga0209475_10000005_559	DB=gnl|TC-DB|Q9KWT9|3.A.1.1.10;ID=3300027980.a:Ga0209475_10000005_559
559	null	null	null	CGC3	3300027980.a:Ga0209475_10000005	566721	567776	3300027980.a:Ga0209475_10000005_560	-	;ID=3300027980.a:Ga0209475_10000005_560
560	TF	2	1	CGC3	3300027980.a:Ga0209475_10000005	567776	568798	3300027980.a:Ga0209475_10000005_561	-	DB=DBD-Pfam|LacI,DBD-SUPERFAMILY|0036955;ID=3300027980.a:Ga0209475_10000005_561	DB=DBD-Pfam|LacI,DBD-SUPERFAMILY|0036955;ID=3300027980.a:Ga0209475_10000005_561
561	null	null	null	CGC3	3300027980.a:Ga0209475_10000005	568801	570105	3300027980.a:Ga0209475_10000005_562	-	;ID=3300027980.a:Ga0209475_10000005_562
562	null	null	null	CGC3	3300027980.a:Ga0209475_10000005	570105	571145	3300027980.a:Ga0209475_10000005_563	-	;ID=3300027980.a:Ga0209475_10000005_563
563	CAZyme	0	2	CGC3	3300027980.a:Ga0209475_10000005	571409	572980	3300027980.a:Ga0209475_10000005_564	+	DB=GH109;ID=3300027980.a:Ga0209475_10000005_564	DB=GH109;ID=3300027980.a:Ga0209475_10000005_564
564	STP	10	0	CGC3	3300027980.a:Ga0209475_10000005	573047	575719	3300027980.a:Ga0209475_10000005_565	-	DB=STP|PAS,STP|PAS,STP|PAS,STP|HisKA,STP|HATPase_c,STP|Response_reg;ID=3300027980.a:Ga0209475_10000005_565	DB=STP|PAS,STP|PAS,STP|PAS,STP|HisKA,STP|HATPase_c,STP|Response_reg;ID=3300027980.a:Ga0209475_10000005_565
+++++
955	CAZyme	0	3	CGC4	3300027980.a:Ga0209475_10000005	968117	969283	3300027980.a:Ga0209475_10000005_956	+	DB=GT2| GT2;ID=3300027980.a:Ga0209475_10000005_956	DB=GT2| GT2;ID=3300027980.a:Ga0209475_10000005_956
956	STP	0	0	CGC4	3300027980.a:Ga0209475_10000005	969472	970218	3300027980.a:Ga0209475_10000005_957	+	DB=STP|SBP_bac_3;ID=3300027980.a:Ga0209475_10000005_957	DB=STP|SBP_bac_3;ID=3300027980.a:Ga0209475_10000005_957
957	TC	2	0	CGC4	3300027980.a:Ga0209475_10000005	970331	971053	3300027980.a:Ga0209475_10000005_958	-	DB=gnl|TC-DB|Q7URC1|2.A.109.2.2;ID=3300027980.a:Ga0209475_10000005_958	DB=gnl|TC-DB|Q7URC1|2.A.109.2.2;ID=3300027980.a:Ga0209475_10000005_958
958	null	null	null	CGC4	3300027980.a:Ga0209475_10000005	971325	973829	3300027980.a:Ga0209475_10000005_959	-	;ID=3300027980.a:Ga0209475_10000005_959
959	null	null	null	CGC4	3300027980.a:Ga0209475_10000005	973833	974876	3300027980.a:Ga0209475_10000005_960	-	;ID=3300027980.a:Ga0209475_10000005_960
960	STP	1	2	CGC4	3300027980.a:Ga0209475_10000005	975285	977429	3300027980.a:Ga0209475_10000005_961	+	DB=STP|dCache_2,STP|MCPsignal;ID=3300027980.a:Ga0209475_10000005_961	DB=STP|dCache_2,STP|MCPsignal;ID=3300027980.a:Ga0209475_10000005_961
961	null	null	null	CGC4	3300027980.a:Ga0209475_10000005	977528	978298	3300027980.a:Ga0209475_10000005_962	+	;ID=3300027980.a:Ga0209475_10000005_962
962	STP	2	1	CGC4	3300027980.a:Ga0209475_10000005	978416	980395	3300027980.a:Ga0209475_10000005_963	-	DB=STP|MCPsignal;ID=3300027980.a:Ga0209475_10000005_963	DB=STP|MCPsignal;ID=3300027980.a:Ga0209475_10000005_963
963	null	null	null	CGC4	3300027980.a:Ga0209475_10000005	980783	982072	3300027980.a:Ga0209475_10000005_964	+	;ID=3300027980.a:Ga0209475_10000005_964
964	null	null	null	CGC4	3300027980.a:Ga0209475_10000005	982378	983235	3300027980.a:Ga0209475_10000005_965	+	;ID=3300027980.a:Ga0209475_10000005_965
965	STP	0	2	CGC4	3300027980.a:Ga0209475_10000005	983375	985432	3300027980.a:Ga0209475_10000005_966	+	DB=STP|dCache_1,STP|MCPsignal;ID=3300027980.a:Ga0209475_10000005_966	DB=STP|dCache_1,STP|MCPsignal;ID=3300027980.a:Ga0209475_10000005_966
966	CAZyme	1	0	CGC4	3300027980.a:Ga0209475_10000005	985544	986596	3300027980.a:Ga0209475_10000005_967	+	DB=GT4;ID=3300027980.a:Ga0209475_10000005_967	DB=GT4;ID=3300027980.a:Ga0209475_10000005_967
967	null	null	null	CGC4	3300027980.a:Ga0209475_10000005	986608	987432	3300027980.a:Ga0209475_10000005_968	+	;ID=3300027980.a:Ga0209475_10000005_968
968	STP	0	1	CGC4	3300027980.a:Ga0209475_10000005	987577	988761	3300027980.a:Ga0209475_10000005_969	-	DB=STP|Aminotran_1_2;ID=3300027980.a:Ga0209475_10000005_969	DB=STP|Aminotran_1_2;ID=3300027980.a:Ga0209475_10000005_969
969	TF	1	0	CGC4	3300027980.a:Ga0209475_10000005	988938	989555	3300027980.a:Ga0209475_10000005_970	-	DB=DBD-Pfam|GntR,DBD-SUPERFAMILY|0040266;ID=3300027980.a:Ga0209475_10000005_970	DB=DBD-Pfam|GntR,DBD-SUPERFAMILY|0040266;ID=3300027980.a:Ga0209475_10000005_970
970	null	null	null	CGC4	3300027980.a:Ga0209475_10000005	989646	990218	3300027980.a:Ga0209475_10000005_971	-	;ID=3300027980.a:Ga0209475_10000005_971
971	TC	0	1	CGC4	3300027980.a:Ga0209475_10000005	990392	991711	3300027980.a:Ga0209475_10000005_972	-	DB=gnl|TC-DB|B2GH49|9.B.160.1.10;ID=3300027980.a:Ga0209475_10000005_972	DB=gnl|TC-DB|B2GH49|9.B.160.1.10;ID=3300027980.a:Ga0209475_10000005_972
972	TC	0	0	CGC4	3300027980.a:Ga0209475_10000005	991711	992562	3300027980.a:Ga0209475_10000005_973	-	DB=gnl|TC-DB|P23894|9.B.1.1.6;ID=3300027980.a:Ga0209475_10000005_973	DB=gnl|TC-DB|P23894|9.B.1.1.6;ID=3300027980.a:Ga0209475_10000005_973
973	STP	1	0	CGC4	3300027980.a:Ga0209475_10000005	992651	993427	3300027980.a:Ga0209475_10000005_974	-	DB=STP|SBP_bac_3;ID=3300027980.a:Ga0209475_10000005_974	DB=STP|SBP_bac_3;ID=3300027980.a:Ga0209475_10000005_974
974	null	null	null	CGC4	3300027980.a:Ga0209475_10000005	993549	994886	3300027980.a:Ga0209475_10000005_975	+	;ID=3300027980.a:Ga0209475_10000005_975
975	TC	0	1	CGC4	3300027980.a:Ga0209475_10000005	995001	996314	3300027980.a:Ga0209475_10000005_976	+	DB=gnl|TC-DB|P0ABJ9|3.D.4.3.2;ID=3300027980.a:Ga0209475_10000005_976	DB=gnl|TC-DB|P0ABJ9|3.D.4.3.2;ID=3300027980.a:Ga0209475_10000005_976
976	TC	0	0	CGC4	3300027980.a:Ga0209475_10000005	996345	997394	3300027980.a:Ga0209475_10000005_977	+	DB=gnl|TC-DB|P0ABK2|3.D.4.3.2;ID=3300027980.a:Ga0209475_10000005_977	DB=gnl|TC-DB|P0ABK2|3.D.4.3.2;ID=3300027980.a:Ga0209475_10000005_977
977	STP	3	0	CGC4	3300027980.a:Ga0209475_10000005	997635	998597	3300027980.a:Ga0209475_10000005_978	+	DB=STP|SBP_bac_3;ID=3300027980.a:Ga0209475_10000005_978	DB=STP|SBP_bac_3;ID=3300027980.a:Ga0209475_10000005_978
+++++
1063	TC	2	3	CGC5	3300027980.a:Ga0209475_10000005	1089522	1090301	3300027980.a:Ga0209475_10000005_1064	-	DB=gnl|TC-DB|Q58206|3.A.1.122.14;ID=3300027980.a:Ga0209475_10000005_1064	DB=gnl|TC-DB|Q58206|3.A.1.122.14;ID=3300027980.a:Ga0209475_10000005_1064
1064	null	null	null	CGC5	3300027980.a:Ga0209475_10000005	1090312	1091025	3300027980.a:Ga0209475_10000005_1065	-	;ID=3300027980.a:Ga0209475_10000005_1065
1065	null	null	null	CGC5	3300027980.a:Ga0209475_10000005	1091101	1091931	3300027980.a:Ga0209475_10000005_1066	-	;ID=3300027980.a:Ga0209475_10000005_1066
1066	TF	0	2	CGC5	3300027980.a:Ga0209475_10000005	1091980	1092873	3300027980.a:Ga0209475_10000005_1067	-	DB=DBD-Pfam|HTH_1;ID=3300027980.a:Ga0209475_10000005_1067	DB=DBD-Pfam|HTH_1;ID=3300027980.a:Ga0209475_10000005_1067
1067	TC	1	0	CGC5	3300027980.a:Ga0209475_10000005	1093017	1094225	3300027980.a:Ga0209475_10000005_1068	+	DB=gnl|TC-DB|P0AAE8|2.A.3.2.2;ID=3300027980.a:Ga0209475_10000005_1068	DB=gnl|TC-DB|P0AAE8|2.A.3.2.2;ID=3300027980.a:Ga0209475_10000005_1068
1068	null	null	null	CGC5	3300027980.a:Ga0209475_10000005	1094339	1095187	3300027980.a:Ga0209475_10000005_1069	+	;ID=3300027980.a:Ga0209475_10000005_1069
1069	CAZyme	1	1	CGC5	3300027980.a:Ga0209475_10000005	1095392	1097023	3300027980.a:Ga0209475_10000005_1070	-	DB=GH23| GH23|CBM50;ID=3300027980.a:Ga0209475_10000005_1070	DB=GH23| GH23|CBM50;ID=3300027980.a:Ga0209475_10000005_1070
1070	null	null	null	CGC5	3300027980.a:Ga0209475_10000005	1097231	1097992	3300027980.a:Ga0209475_10000005_1071	+	;ID=3300027980.a:Ga0209475_10000005_1071
1071	CAZyme	1	1	CGC5	3300027980.a:Ga0209475_10000005	1098048	1099181	3300027980.a:Ga0209475_10000005_1072	+	DB=GT2;ID=3300027980.a:Ga0209475_10000005_1072	DB=GT2;ID=3300027980.a:Ga0209475_10000005_1072
1072	null	null	null	CGC5	3300027980.a:Ga0209475_10000005	1099185	1099688	3300027980.a:Ga0209475_10000005_1073	+	;ID=3300027980.a:Ga0209475_10000005_1073
1073	TF	0	1	CGC5	3300027980.a:Ga0209475_10000005	1099694	1100041	3300027980.a:Ga0209475_10000005_1074	-	DB=DBD-Pfam|DUF24,DBD-SUPERFAMILY|0044258;ID=3300027980.a:Ga0209475_10000005_1074	DB=DBD-Pfam|DUF24,DBD-SUPERFAMILY|0044258;ID=3300027980.a:Ga0209475_10000005_1074
1074	STP	1	0	CGC5	3300027980.a:Ga0209475_10000005	1100195	1100692	3300027980.a:Ga0209475_10000005_1075	+	DB=STP|Glyoxalase;ID=3300027980.a:Ga0209475_10000005_1075	DB=STP|Glyoxalase;ID=3300027980.a:Ga0209475_10000005_1075
1075	null	null	null	CGC5	3300027980.a:Ga0209475_10000005	1100971	1101870	3300027980.a:Ga0209475_10000005_1076	+	;ID=3300027980.a:Ga0209475_10000005_1076
1076	STP	0	1	CGC5	3300027980.a:Ga0209475_10000005	1101874	1105101	3300027980.a:Ga0209475_10000005_1077	-	DB=STP|PAS,STP|PAS,STP|PAS,STP|HisKA,STP|HATPase_c,STP|Response_reg;ID=3300027980.a:Ga0209475_10000005_1077	DB=STP|PAS,STP|PAS,STP|PAS,STP|HisKA,STP|HATPase_c,STP|Response_reg;ID=3300027980.a:Ga0209475_10000005_1077
1077	TF	8	0	CGC5	3300027980.a:Ga0209475_10000005	1105232	1105954	3300027980.a:Ga0209475_10000005_1078	+	DB=DBD-Pfam|GntR,DBD-SUPERFAMILY|0039384;ID=3300027980.a:Ga0209475_10000005_1078	DB=DBD-Pfam|GntR,DBD-SUPERFAMILY|0039384;ID=3300027980.a:Ga0209475_10000005_1078
+++++
1177	STP	1	3	CGC6	3300027980.a:Ga0209475_10000005	1209008	1210420	3300027980.a:Ga0209475_10000005_1178	+	DB=STP|Pyr_redox_2;ID=3300027980.a:Ga0209475_10000005_1178	DB=STP|Pyr_redox_2;ID=3300027980.a:Ga0209475_10000005_1178
1178	null	null	null	CGC6	3300027980.a:Ga0209475_10000005	1210569	1212005	3300027980.a:Ga0209475_10000005_1179	+	;ID=3300027980.a:Ga0209475_10000005_1179
1179	TC	2	1	CGC6	3300027980.a:Ga0209475_10000005	1212076	1213521	3300027980.a:Ga0209475_10000005_1180	-	DB=gnl|TC-DB|C0QCR7|8.A.59.4.1;ID=3300027980.a:Ga0209475_10000005_1180	DB=gnl|TC-DB|C0QCR7|8.A.59.4.1;ID=3300027980.a:Ga0209475_10000005_1180
1180	null	null	null	CGC6	3300027980.a:Ga0209475_10000005	1213652	1216516	3300027980.a:Ga0209475_10000005_1181	+	;ID=3300027980.a:Ga0209475_10000005_1181
1181	null	null	null	CGC6	3300027980.a:Ga0209475_10000005	1216540	1217304	3300027980.a:Ga0209475_10000005_1182	+	;ID=3300027980.a:Ga0209475_10000005_1182
1182	CAZyme	0	2	CGC6	3300027980.a:Ga0209475_10000005	1217477	1218604	3300027980.a:Ga0209475_10000005_1183	+	DB= GT4|GT4;ID=3300027980.a:Ga0209475_10000005_1183	DB= GT4|GT4;ID=3300027980.a:Ga0209475_10000005_1183
1183	TC	2	0	CGC6	3300027980.a:Ga0209475_10000005	1218601	1219203	3300027980.a:Ga0209475_10000005_1184	+	DB=gnl|TC-DB|H8E4X1|9.B.18.1.2;ID=3300027980.a:Ga0209475_10000005_1184	DB=gnl|TC-DB|H8E4X1|9.B.18.1.2;ID=3300027980.a:Ga0209475_10000005_1184
1184	null	null	null	CGC6	3300027980.a:Ga0209475_10000005	1219218	1219640	3300027980.a:Ga0209475_10000005_1185	+	;ID=3300027980.a:Ga0209475_10000005_1185
1185	null	null	null	CGC6	3300027980.a:Ga0209475_10000005	1220173	1221516	3300027980.a:Ga0209475_10000005_1186	+	;ID=3300027980.a:Ga0209475_10000005_1186
1186	TF	0	2	CGC6	3300027980.a:Ga0209475_10000005	1221740	1222612	3300027980.a:Ga0209475_10000005_1187	+	DB=DBD-Pfam|LytTR;ID=3300027980.a:Ga0209475_10000005_1187	DB=DBD-Pfam|LytTR;ID=3300027980.a:Ga0209475_10000005_1187
1187	TC	3	0	CGC6	3300027980.a:Ga0209475_10000005	1222852	1224765	3300027980.a:Ga0209475_10000005_1188	+	DB=gnl|TC-DB|P31552|4.C.1.1.6;ID=3300027980.a:Ga0209475_10000005_1188	DB=gnl|TC-DB|P31552|4.C.1.1.6;ID=3300027980.a:Ga0209475_10000005_1188
+++++
66	CAZyme	0	4	CGC1	3300027980.a:Ga0209475_10000164	70018	71133	3300027980.a:Ga0209475_10000164_67	+	DB=GH23| GH23|CBM50;ID=3300027980.a:Ga0209475_10000164_67	DB=GH23| GH23|CBM50;ID=3300027980.a:Ga0209475_10000164_67
67	TF	0	0	CGC1	3300027980.a:Ga0209475_10000164	71174	71995	3300027980.a:Ga0209475_10000164_68	+	DB=DBD-Pfam|HTH_AraC,DBD-Pfam|HTH_AraC,DBD-SUPERFAMILY|0036286,DBD-SUPERFAMILY|0035607;ID=3300027980.a:Ga0209475_10000164_68	DB=DBD-Pfam|HTH_AraC,DBD-Pfam|HTH_AraC,DBD-SUPERFAMILY|0036286,DBD-SUPERFAMILY|0035607;ID=3300027980.a:Ga0209475_10000164_68
68	TC	2	0	CGC1	3300027980.a:Ga0209475_10000164	72098	72787	3300027980.a:Ga0209475_10000164_69	+	DB=gnl|TC-DB|A4EZB2|2.A.78.2.1;ID=3300027980.a:Ga0209475_10000164_69	DB=gnl|TC-DB|A4EZB2|2.A.78.2.1;ID=3300027980.a:Ga0209475_10000164_69
69	null	null	null	CGC1	3300027980.a:Ga0209475_10000164	72780	73088	3300027980.a:Ga0209475_10000164_70	+	;ID=3300027980.a:Ga0209475_10000164_70
70	null	null	null	CGC1	3300027980.a:Ga0209475_10000164	73121	75439	3300027980.a:Ga0209475_10000164_71	+	;ID=3300027980.a:Ga0209475_10000164_71
71	TC	0	2	CGC1	3300027980.a:Ga0209475_10000164	75533	77236	3300027980.a:Ga0209475_10000164_72	-	DB=gnl|TC-DB|F8CVI0|1.B.52.2.2;ID=3300027980.a:Ga0209475_10000164_72	DB=gnl|TC-DB|F8CVI0|1.B.52.2.2;ID=3300027980.a:Ga0209475_10000164_72
72	STP	0	0	CGC1	3300027980.a:Ga0209475_10000164	77457	79346	3300027980.a:Ga0209475_10000164_73	-	DB=STP|HATPase_c;ID=3300027980.a:Ga0209475_10000164_73	DB=STP|HATPase_c;ID=3300027980.a:Ga0209475_10000164_73
73	TF	1	0	CGC1	3300027980.a:Ga0209475_10000164	79460	80065	3300027980.a:Ga0209475_10000164_74	-	DB=DBD-SUPERFAMILY|0042546;ID=3300027980.a:Ga0209475_10000164_74	DB=DBD-SUPERFAMILY|0042546;ID=3300027980.a:Ga0209475_10000164_74
74	null	null	null	CGC1	3300027980.a:Ga0209475_10000164	80372	80854	3300027980.a:Ga0209475_10000164_75	+	;ID=3300027980.a:Ga0209475_10000164_75
75	STP	0	1	CGC1	3300027980.a:Ga0209475_10000164	80859	81374	3300027980.a:Ga0209475_10000164_76	+	DB=STP|Rhodanese;ID=3300027980.a:Ga0209475_10000164_76	DB=STP|Rhodanese;ID=3300027980.a:Ga0209475_10000164_76
76	TC	1	0	CGC1	3300027980.a:Ga0209475_10000164	81647	82750	3300027980.a:Ga0209475_10000164_77	+	DB=gnl|TC-DB|A0L3E7|2.A.51.1.4;ID=3300027980.a:Ga0209475_10000164_77	DB=gnl|TC-DB|A0L3E7|2.A.51.1.4;ID=3300027980.a:Ga0209475_10000164_77
77	null	null	null	CGC1	3300027980.a:Ga0209475_10000164	82935	83387	3300027980.a:Ga0209475_10000164_78	+	;ID=3300027980.a:Ga0209475_10000164_78
78	TF	0	1	CGC1	3300027980.a:Ga0209475_10000164	83571	84053	3300027980.a:Ga0209475_10000164_79	+	DB=DBD-SUPERFAMILY|0043669;ID=3300027980.a:Ga0209475_10000164_79	DB=DBD-SUPERFAMILY|0043669;ID=3300027980.a:Ga0209475_10000164_79
79	TC	2	0	CGC1	3300027980.a:Ga0209475_10000164	84095	85198	3300027980.a:Ga0209475_10000164_80	+	DB=gnl|TC-DB|P11024|3.D.2.3.1;ID=3300027980.a:Ga0209475_10000164_80	DB=gnl|TC-DB|P11024|3.D.2.3.1;ID=3300027980.a:Ga0209475_10000164_80
80	null	null	null	CGC1	3300027980.a:Ga0209475_10000164	85512	86279	3300027980.a:Ga0209475_10000164_81	+	;ID=3300027980.a:Ga0209475_10000164_81
81	null	null	null	CGC1	3300027980.a:Ga0209475_10000164	86428	87531	3300027980.a:Ga0209475_10000164_82	+	;ID=3300027980.a:Ga0209475_10000164_82
82	TC	0	2	CGC1	3300027980.a:Ga0209475_10000164	87635	88258	3300027980.a:Ga0209475_10000164_83	-	DB=gnl|TC-DB|C6GYU4|2.A.76.1.9;ID=3300027980.a:Ga0209475_10000164_83	DB=gnl|TC-DB|C6GYU4|2.A.76.1.9;ID=3300027980.a:Ga0209475_10000164_83
83	STP	3	0	CGC1	3300027980.a:Ga0209475_10000164	88331	89743	3300027980.a:Ga0209475_10000164_84	-	DB=STP|HATPase_c;ID=3300027980.a:Ga0209475_10000164_84	DB=STP|HATPase_c;ID=3300027980.a:Ga0209475_10000164_84
+++++
