0039384	65	3300019373.a:Ga0187895_1000034_132	263	7.4e-05	13	54	195	236	0.6307692307692307
0043758	87	3300019373.a:Ga0187895_1000034_155	341	5.6e-26	2	84	1	83	0.9425287356321839
0045032	127	3300019373.a:Ga0187895_1000034_36	145	2.7e-29	3	126	7	133	0.968503937007874
0036286	54	3300019373.a:Ga0187895_1000034_89	288	6.1e-12	1	53	179	231	0.9629629629629629
0035607	54	3300019373.a:Ga0187895_1000034_89	288	4.2e-08	3	51	233	280	0.8888888888888888
0038966	94	3300019373.a:Ga0187895_1000034_92	305	1e-06	28	85	2	58	0.6063829787234043
0039384	65	3300019373.a:Ga0187895_1000043_10	233	6.5e-13	7	63	23	79	0.8615384615384616
0043707	64	3300019373.a:Ga0187895_1000043_148	293	3.3e-05	3	58	2	64	0.859375
0042546	127	3300019373.a:Ga0187895_1000043_182	280	1.1e-24	1	116	10	120	0.905511811023622
0037244	118	3300019373.a:Ga0187895_1000043_197	287	8.6e-24	3	111	7	108	0.9152542372881356
0043707	64	3300019373.a:Ga0187895_1000043_69	102	1.7e-10	5	54	44	93	0.765625
0036286	54	3300019373.a:Ga0187895_1000043_73	435	2.2e-11	8	53	12	57	0.8333333333333334
0040266	151	3300019373.a:Ga0187895_1000043_74	443	2.9e-08	22	77	379	433	0.36423841059602646
0037767	80	3300019373.a:Ga0187895_1000077_134	226	8.2e-11	3	79	161	224	0.95
0043707	64	3300019373.a:Ga0187895_1000092_38	121	1.9e-13	5	61	2	59	0.875
0043707	64	3300019373.a:Ga0187895_1000092_39	71	2.2e-14	6	57	3	55	0.796875
0043707	64	3300019373.a:Ga0187895_1000092_53	94	1e-06	10	61	15	67	0.796875
0043707	64	3300019373.a:Ga0187895_1000092_74	204	4.3e-12	4	60	16	73	0.875
0043707	64	3300019373.a:Ga0187895_1000092_74	204	7.8e-12	3	62	87	146	0.921875
0043707	64	3300019373.a:Ga0187895_1000092_78	107	2.4e-10	4	57	48	101	0.828125
0037456	76	3300019373.a:Ga0187895_1000092_92	151	3.5e-22	1	67	2	68	0.868421052631579
0039384	65	3300019373.a:Ga0187895_1000092_97	194	4.2e-05	12	62	8	62	0.7692307692307693
0045159	65	3300019373.a:Ga0187895_1000095_106	50	0.0001	7	47	2	42	0.6153846153846154
0043143	63	3300019373.a:Ga0187895_1000095_85	153	2e-12	2	62	4	65	0.9523809523809523
0043758	87	3300019373.a:Ga0187895_1000100_31	253	4.8e-15	5	68	4	60	0.7241379310344828
0038966	94	3300019373.a:Ga0187895_1000123_107	93	3.1e-09	24	76	26	78	0.5531914893617021
0035318	53	3300019373.a:Ga0187895_1000123_56	62	7.8e-06	10	45	12	47	0.660377358490566
0039384	65	3300019373.a:Ga0187895_1000123_8	463	5.8e-07	14	64	29	79	0.7692307692307693
0043935	94	3300019373.a:Ga0187895_1000185_12	182	4.2e-10	9	87	9	95	0.8297872340425532
0037767	80	3300019373.a:Ga0187895_1000185_18	226	4.7e-15	2	79	153	222	0.9625
0040517	144	3300019373.a:Ga0187895_1000185_49	174	7.5e-26	5	131	24	150	0.875
0043143	63	3300019373.a:Ga0187895_1000185_56	288	1.4e-07	8	48	22	63	0.6349206349206349
0043143	63	3300019373.a:Ga0187895_1000185_85	94	8.9e-14	2	60	12	73	0.9206349206349206
0039384	65	3300019373.a:Ga0187895_1000185_97	324	1.1e-05	6	48	8	49	0.6461538461538462
0039384	65	3300019373.a:Ga0187895_1000219_11	464	3.3e-07	9	62	24	77	0.8153846153846154
0040266	151	3300019373.a:Ga0187895_1000219_13	149	1.4e-12	25	141	2	118	0.7682119205298014
0037176	98	3300019373.a:Ga0187895_1000219_82	637	1.3e-09	1	97	552	633	0.9795918367346939
0043758	87	3300019373.a:Ga0187895_1000223_78	206	3e-12	4	69	10	74	0.7471264367816092
0045032	127	3300019373.a:Ga0187895_1000233_16	162	1e-28	2	126	6	139	0.9763779527559056
0040266	151	3300019373.a:Ga0187895_1000233_74	367	2.5e-07	23	91	287	354	0.4503311258278146
0040266	151	3300019373.a:Ga0187895_1000309_22	419	1.8e-06	10	82	342	413	0.4768211920529801
0040517	144	3300019373.a:Ga0187895_1000346_33	291	3.1e-05	37	107	9	74	0.4861111111111111
0038753	71	3300019373.a:Ga0187895_1000346_63	224	5.1e-06	2	67	156	216	0.9154929577464789
0045032	127	3300019373.a:Ga0187895_1000376_45	149	1.4e-23	2	126	6	132	0.9763779527559056
0040517	144	3300019373.a:Ga0187895_1000376_48	298	8.3e-07	33	118	4	86	0.5902777777777778
0039939	63	3300019373.a:Ga0187895_1000390_26	203	3.7e-05	21	55	116	150	0.5396825396825397
0040517	144	3300019373.a:Ga0187895_1000390_4	144	4.9e-24	2	136	11	142	0.9305555555555556
0040517	144	3300019373.a:Ga0187895_1000474_49	156	8.9e-23	14	137	23	148	0.8541666666666666
0039384	65	3300019373.a:Ga0187895_1000482_16	177	4.4e-14	3	63	1	61	0.9230769230769231
0045032	127	3300019373.a:Ga0187895_1000482_32	144	4e-33	1	126	5	132	0.984251968503937
0041150	134	3300019373.a:Ga0187895_1000482_48	154	1.1e-44	3	133	10	144	0.9701492537313433
0043707	64	3300019373.a:Ga0187895_1000541_5	129	3.3e-10	4	57	70	123	0.828125
0043707	64	3300019373.a:Ga0187895_1000643_7	241	4e-12	4	61	8	66	0.890625
0043707	64	3300019373.a:Ga0187895_1000643_8	234	1.3e-11	3	61	5	64	0.90625
0040266	151	3300019373.a:Ga0187895_1000703_18	155	4.5e-12	25	142	7	123	0.7748344370860927
0039384	65	3300019373.a:Ga0187895_1000703_41	325	3.3e-12	12	62	5	57	0.7692307692307693
0040266	151	3300019373.a:Ga0187895_1000703_45	303	1.3e-05	48	115	22	86	0.44370860927152317
0043707	64	3300019373.a:Ga0187895_1000808_11	118	2.5e-16	4	61	3	61	0.890625
0043669	98	3300019373.a:Ga0187895_1000808_19	121	4.8e-23	6	88	24	106	0.8367346938775511
0045032	127	3300019373.a:Ga0187895_1000808_9	160	9.3e-06	10	81	5	70	0.5590551181102362
0040517	144	3300019373.a:Ga0187895_1001090_22	297	1.1e-05	44	117	21	90	0.5069444444444444
0039384	65	3300019373.a:Ga0187895_1011461_5	111	8.5e-06	6	63	4	61	0.8769230769230769
