3300028580.a:Ga0268357_100009_103  0.545  28  0.577  28  0.832  18  0.604   0.591 Y  0.450      SignalP-noTM
3300028580.a:Ga0268357_100009_107  0.186  30  0.404  23  0.939  13  0.885   0.592 Y  0.450      SignalP-TM
3300028580.a:Ga0268357_100009_107  0.493  24  0.681  24  0.982  12  0.941   0.822 Y  0.450      SignalP-noTM
3300028580.a:Ga0268357_100009_107  0.533  24  0.703  24  0.982  19  0.943   0.816 Y  0.570      SignalP-noTM
3300028580.a:Ga0268357_100009_130  0.399  35  0.558  35  0.951  15  0.855   0.674 Y  0.450      SignalP-TM
3300028580.a:Ga0268357_100009_130  0.413  35  0.554  35  0.988  21  0.877   0.706 Y  0.570      SignalP-noTM
3300028580.a:Ga0268357_100009_130  0.433  35  0.550  35  0.917  12  0.751   0.659 Y  0.450      SignalP-noTM
3300028580.a:Ga0268357_100009_135  0.165  23  0.345  23  0.848   9  0.756   0.506 Y  0.450      SignalP-TM
3300028580.a:Ga0268357_100009_135  0.520  24  0.711  24  0.992  19  0.969   0.850 Y  0.450      SignalP-noTM
3300028580.a:Ga0268357_100009_143  0.203  26  0.421  19  0.942  17  0.834   0.582 Y  0.450      SignalP-TM
3300028580.a:Ga0268357_100009_143  0.486  21  0.683  21  0.984  11  0.952   0.810 Y  0.570      SignalP-noTM
3300028580.a:Ga0268357_100009_143  0.661  21  0.790  21  0.974  13  0.944   0.873 Y  0.450      SignalP-noTM
3300028580.a:Ga0268357_100009_145  0.288  27  0.461  27  0.904  15  0.739   0.569 Y  0.450      SignalP-TM
3300028580.a:Ga0268357_100009_145  0.694  30  0.817  30  0.993  23  0.965   0.887 Y  0.570      SignalP-noTM
3300028580.a:Ga0268357_100009_145  0.744  30  0.844  30  0.990  12  0.959   0.906 Y  0.450      SignalP-noTM
3300028580.a:Ga0268357_100009_150  0.692  27  0.723  27  0.952  18  0.799   0.753 Y  0.450      SignalP-TM
3300028580.a:Ga0268357_100009_150  0.749  22  0.834  22  0.977  12  0.927   0.884 Y  0.450      SignalP-noTM
3300028580.a:Ga0268357_100009_150  0.763  22  0.841  22  0.981   9  0.934   0.884 Y  0.570      SignalP-noTM
3300028580.a:Ga0268357_100009_160  0.330  28  0.535  28  0.922  14  0.811   0.643 Y  0.450      SignalP-TM
3300028580.a:Ga0268357_100009_160  0.354  28  0.553  28  0.926  18  0.842   0.689 Y  0.570      SignalP-noTM
3300028580.a:Ga0268357_100009_160  0.437  29  0.577  29  0.900  17  0.767   0.680 Y  0.450      SignalP-noTM
3300028580.a:Ga0268357_100009_162  0.438  33  0.633  33  0.955  25  0.810   0.729 Y  0.450      SignalP-noTM
3300028580.a:Ga0268357_100009_162  0.579  35  0.587  35  0.743  31  0.529   0.565 Y  0.510      SignalP-TM
3300028580.a:Ga0268357_100009_162  0.596  35  0.694  35  0.887  30  0.674   0.686 Y  0.450      SignalP-TM
3300028580.a:Ga0268357_100009_172  0.200  21  0.401  21  0.899  18  0.827   0.567 Y  0.450      SignalP-TM
3300028580.a:Ga0268357_100009_172  0.757  21  0.809  21  0.925  17  0.852   0.829 Y  0.570      SignalP-noTM
3300028580.a:Ga0268357_100009_172  0.803  21  0.865  21  0.969   2  0.928   0.899 Y  0.450      SignalP-noTM
3300028580.a:Ga0268357_100009_176  0.622  21  0.691  21  0.859  10  0.782   0.727 Y  0.450      SignalP-TM
3300028580.a:Ga0268357_100009_176  0.838  21  0.879  21  0.960  17  0.922   0.899 Y  0.570      SignalP-noTM
3300028580.a:Ga0268357_100009_176  0.859  21  0.900  21  0.974   4  0.943   0.923 Y  0.450      SignalP-noTM
3300028580.a:Ga0268357_100009_185  0.512  24  0.641  24  0.926  11  0.814   0.710 Y  0.500      SignalP-TM
3300028580.a:Ga0268357_100009_185  0.714  24  0.758  24  0.932   9  0.824   0.784 Y  0.450      SignalP-TM
3300028580.a:Ga0268357_100009_185  0.796  24  0.843  24  0.942  11  0.872   0.854 Y  0.510      SignalP-TM
3300028580.a:Ga0268357_100009_187  0.432  22  0.498  22  0.700  18  0.568   0.524 Y  0.510      SignalP-TM
3300028580.a:Ga0268357_100009_195  0.376  25  0.588  25  0.969  18  0.918   0.766 Y  0.450      SignalP-noTM
3300028580.a:Ga0268357_100009_195  0.385  31  0.561  31  0.946  16  0.835   0.667 Y  0.450      SignalP-TM
3300028580.a:Ga0268357_100009_195  0.629  31  0.692  31  0.942   4  0.857   0.770 Y  0.570      SignalP-noTM
3300028580.a:Ga0268357_100009_196  0.600  23  0.748  23  0.987  14  0.933   0.848 Y  0.450      SignalP-noTM
3300028580.a:Ga0268357_100009_196  0.682  23  0.788  23  0.948  17  0.864   0.818 Y  0.450      SignalP-TM
3300028580.a:Ga0268357_100009_196  0.797  23  0.875  23  0.985  13  0.959   0.915 Y  0.570      SignalP-noTM
3300028580.a:Ga0268357_100009_197  0.692  21  0.679  21  0.931   1  0.734   0.701 Y  0.500      SignalP-TM
3300028580.a:Ga0268357_100009_2  0.333  33  0.532  33  0.960  21  0.887   0.699 Y  0.570      SignalP-noTM
3300028580.a:Ga0268357_100009_2  0.337  33  0.516  33  0.859  22  0.722   0.596 Y  0.450      SignalP-TM
3300028580.a:Ga0268357_100009_2  0.546  31  0.720  31  0.987  13  0.947   0.842 Y  0.450      SignalP-noTM
3300028580.a:Ga0268357_100009_219  0.287  33  0.381  22  0.806   4  0.644   0.523 Y  0.450      SignalP-noTM
3300028580.a:Ga0268357_100009_221  0.416  26  0.579  26  0.960   8  0.853   0.686 Y  0.450      SignalP-TM
3300028580.a:Ga0268357_100009_221  0.689  26  0.776  26  0.968   6  0.878   0.831 Y  0.450      SignalP-noTM
3300028580.a:Ga0268357_100009_221  0.809  26  0.857  26  0.967  20  0.921   0.887 Y  0.570      SignalP-noTM
3300028580.a:Ga0268357_100009_222  0.277  32  0.427  32  0.858  24  0.710   0.538 Y  0.450      SignalP-TM
3300028580.a:Ga0268357_100009_222  0.290  30  0.475  30  0.958  15  0.862   0.657 Y  0.570      SignalP-noTM
3300028580.a:Ga0268357_100009_222  0.614  26  0.753  26  0.962  15  0.924   0.845 Y  0.450      SignalP-noTM
3300028580.a:Ga0268357_100009_224  0.168  28  0.341  28  0.956   8  0.812   0.524 Y  0.450      SignalP-TM
3300028580.a:Ga0268357_100009_224  0.195  25  0.404  25  0.977  16  0.890   0.633 Y  0.570      SignalP-noTM
3300028580.a:Ga0268357_100009_224  0.296  20  0.527  20  0.971   3  0.942   0.751 Y  0.450      SignalP-noTM
3300028580.a:Ga0268357_100009_225  0.254  22  0.484  22  0.971  14  0.922   0.721 Y  0.450      SignalP-noTM
3300028580.a:Ga0268357_100009_225  0.505  35  0.493  35  0.816  11  0.640   0.550 Y  0.450      SignalP-TM
3300028580.a:Ga0268357_100009_228  0.633  25  0.744  25  0.932  20  0.849   0.785 Y  0.450      SignalP-TM
3300028580.a:Ga0268357_100009_228  0.636  25  0.766  25  0.982   5  0.924   0.851 Y  0.450      SignalP-noTM
3300028580.a:Ga0268357_100009_228  0.747  25  0.826  25  0.967  21  0.924   0.872 Y  0.570      SignalP-noTM
3300028580.a:Ga0268357_100009_235  0.264  26  0.504  26  0.990  16  0.959   0.682 Y  0.450      SignalP-TM
3300028580.a:Ga0268357_100009_235  0.354  26  0.583  26  0.991  14  0.958   0.785 Y  0.450      SignalP-noTM
3300028580.a:Ga0268357_100009_235  0.445  26  0.664  26  0.997  15  0.982   0.813 Y  0.570      SignalP-noTM
3300028580.a:Ga0268357_100009_25  0.418  25  0.619  25  0.981  10  0.931   0.741 Y  0.450      SignalP-TM
3300028580.a:Ga0268357_100009_25  0.564  22  0.729  22  0.978   5  0.943   0.844 Y  0.450      SignalP-noTM
3300028580.a:Ga0268357_100009_25  0.805  22  0.891  22  0.996  10  0.981   0.933 Y  0.570      SignalP-noTM
3300028580.a:Ga0268357_100009_266  0.191  27  0.318  27  0.885   4  0.668   0.454 Y  0.450      SignalP-TM
3300028580.a:Ga0268357_100009_266  0.362  25  0.585  25  0.987  15  0.945   0.779 Y  0.450      SignalP-noTM
3300028580.a:Ga0268357_100009_266  0.367  21  0.588  21  0.961   8  0.946   0.756 Y  0.570      SignalP-noTM
3300028580.a:Ga0268357_100009_281  0.425  35  0.482  30  0.772  17  0.580   0.520 Y  0.450      SignalP-TM
3300028580.a:Ga0268357_100009_281  0.570  30  0.622  30  0.878  13  0.720   0.661 Y  0.500      SignalP-TM
3300028580.a:Ga0268357_100009_289  0.248  26  0.456  26  0.956   2  0.875   0.653 Y  0.570      SignalP-noTM
3300028580.a:Ga0268357_100009_289  0.486  26  0.665  26  0.954  16  0.907   0.796 Y  0.450      SignalP-noTM
3300028580.a:Ga0268357_100009_302  0.624  37  0.607  37  0.729  28  0.484   0.558 Y  0.500      SignalP-TM
3300028580.a:Ga0268357_100009_312  0.496  32  0.588  32  0.784  26  0.651   0.613 Y  0.450      SignalP-TM
3300028580.a:Ga0268357_100009_312  0.601  32  0.702  32  0.993  19  0.859   0.787 Y  0.450      SignalP-noTM
3300028580.a:Ga0268357_100009_312  0.635  32  0.558  32  0.738  17  0.521   0.544 Y  0.510      SignalP-TM
3300028580.a:Ga0268357_100009_325  0.410  24  0.418  24  0.807   1  0.526   0.460 Y  0.450      SignalP-TM
3300028580.a:Ga0268357_100009_325  0.597  20  0.763  20  0.990  12  0.976   0.878 Y  0.450      SignalP-noTM
3300028580.a:Ga0268357_100009_33  0.474  28  0.654  28  0.976  16  0.906   0.790 Y  0.450      SignalP-noTM
3300028580.a:Ga0268357_100009_33  0.782  28  0.845  28  0.988  11  0.944   0.892 Y  0.570      SignalP-noTM
3300028580.a:Ga0268357_100009_33  0.797  28  0.875  28  0.977  24  0.935   0.899 Y  0.450      SignalP-TM
3300028580.a:Ga0268357_100009_340  0.138  30  0.316  30  0.870  24  0.724   0.475 Y  0.450      SignalP-TM
3300028580.a:Ga0268357_100009_340  0.240  30  0.439  27  0.950   7  0.855   0.663 Y  0.450      SignalP-noTM
3300028580.a:Ga0268357_100009_341  0.188  34  0.395  34  0.946  30  0.608   0.478 Y  0.450      SignalP-TM
3300028580.a:Ga0268357_100009_341  0.705  32  0.826  32  0.996  23  0.955   0.896 Y  0.450      SignalP-noTM
3300028580.a:Ga0268357_100009_344  0.275  31  0.456  31  0.886  17  0.755   0.573 Y  0.450      SignalP-TM
3300028580.a:Ga0268357_100009_344  0.352  33  0.411  22  0.773  11  0.669   0.550 Y  0.450      SignalP-noTM
3300028580.a:Ga0268357_100009_344  0.565  22  0.708  22  0.939  20  0.867   0.783 Y  0.570      SignalP-noTM
3300028580.a:Ga0268357_100009_356  0.141  27  0.316  27  0.866  16  0.735   0.480 Y  0.450      SignalP-TM
3300028580.a:Ga0268357_100009_356  0.359  27  0.573  27  0.968   9  0.909   0.754 Y  0.450      SignalP-noTM
3300028580.a:Ga0268357_100009_356  0.431  27  0.620  27  0.969  20  0.914   0.758 Y  0.570      SignalP-noTM
3300028580.a:Ga0268357_100009_384  0.346  36  0.460  36  0.899  13  0.712   0.558 Y  0.450      SignalP-TM
3300028580.a:Ga0268357_100009_384  0.360  29  0.563  29  0.954  11  0.887   0.738 Y  0.450      SignalP-noTM
3300028580.a:Ga0268357_100009_384  0.441  36  0.568  36  0.983  25  0.864   0.707 Y  0.570      SignalP-noTM
3300028580.a:Ga0268357_100009_389  0.676  23  0.758  23  0.948   8  0.882   0.806 Y  0.450      SignalP-TM
3300028580.a:Ga0268357_100009_389  0.722  23  0.812  23  0.977  11  0.913   0.867 Y  0.450      SignalP-noTM
3300028580.a:Ga0268357_100009_389  0.819  23  0.863  23  0.973   9  0.931   0.895 Y  0.570      SignalP-noTM
3300028580.a:Ga0268357_100009_394  0.566  23  0.692  23  0.918   4  0.872   0.777 Y  0.570      SignalP-noTM
3300028580.a:Ga0268357_100009_394  0.648  23  0.754  23  0.971   2  0.878   0.821 Y  0.450      SignalP-noTM
3300028580.a:Ga0268357_100009_394  0.656  23  0.703  23  0.863  19  0.721   0.710 Y  0.450      SignalP-TM
3300028580.a:Ga0268357_100009_399  0.258  34  0.396  34  0.794   7  0.659   0.498 Y  0.450      SignalP-TM
3300028580.a:Ga0268357_100009_51  0.303  17  0.470  17  0.812   2  0.706   0.598 Y  0.450      SignalP-noTM
3300028580.a:Ga0268357_100009_52  0.462  33  0.580  33  0.942  15  0.808   0.669 Y  0.450      SignalP-TM
3300028580.a:Ga0268357_100009_52  0.557  33  0.566  33  0.818  19  0.611   0.591 Y  0.450      SignalP-noTM
3300028580.a:Ga0268357_100009_52  0.668  33  0.718  33  0.981  17  0.866   0.787 Y  0.570      SignalP-noTM
3300028580.a:Ga0268357_100009_55  0.564  47  0.640  47  0.839  42  0.475   0.576 Y  0.450      SignalP-TM
3300028580.a:Ga0268357_100009_60  0.144  49  0.280  22  0.850  15  0.752   0.464 Y  0.450      SignalP-TM
3300028580.a:Ga0268357_100009_60  0.285  32  0.461  32  0.892  14  0.778   0.588 Y  0.500      SignalP-TM
3300028580.a:Ga0268357_100009_60  0.441  32  0.496  32  0.723  14  0.587   0.530 Y  0.510      SignalP-TM
3300028580.a:Ga0268357_100009_74  0.467  20  0.469  20  0.923   1  0.575   0.511 Y  0.500      SignalP-TM
3300028580.a:Ga0268357_100009_77  0.295  36  0.466  36  0.947  15  0.843   0.613 Y  0.450      SignalP-TM
3300028580.a:Ga0268357_100009_77  0.336  36  0.428  36  0.814  16  0.613   0.528 Y  0.450      SignalP-noTM
3300028580.a:Ga0268357_100009_77  0.665  36  0.593  36  0.986  18  0.795   0.688 Y  0.570      SignalP-noTM
3300028580.a:Ga0268357_100009_81  0.203  53  0.282  14  0.858   9  0.810   0.488 Y  0.450      SignalP-TM
3300028580.a:Ga0268357_100009_81  0.577  27  0.588  27  0.766   6  0.647   0.612 Y  0.500      SignalP-TM
3300028580.a:Ga0268357_100009_82  0.174  36  0.309  36  0.880  19  0.700   0.462 Y  0.450      SignalP-TM
3300028580.a:Ga0268357_100009_82  0.183  28  0.342  28  0.823  17  0.622   0.493 Y  0.450      SignalP-noTM
3300028580.a:Ga0268357_100009_82  0.259  31  0.462  26  0.916  23  0.801   0.622 Y  0.570      SignalP-noTM
3300028580.a:Ga0268357_100009_84  0.688  39  0.654  39  0.811  29  0.674   0.662 Y  0.450      SignalP-TM
3300028580.a:Ga0268357_100009_85  0.164  27  0.330  27  0.811  11  0.669   0.462 Y  0.450      SignalP-TM
3300028580.a:Ga0268357_100009_85  0.266  32  0.482  27  0.977  20  0.921   0.688 Y  0.570      SignalP-noTM
3300028580.a:Ga0268357_100009_85  0.459  29  0.650  29  0.985  17  0.923   0.798 Y  0.450      SignalP-noTM
3300028580.a:Ga0268357_100009_93  0.237  34  0.353  27  0.888  19  0.710   0.493 Y  0.450      SignalP-TM
3300028580.a:Ga0268357_100009_93  0.354  25  0.510  25  0.859  17  0.732   0.615 Y  0.570      SignalP-noTM
3300028580.a:Ga0268357_100009_93  0.547  22  0.697  22  0.938   4  0.888   0.800 Y  0.450      SignalP-noTM
3300028580.a:Ga0268357_100018_10  0.603  53  0.585  53  0.727  17  0.504   0.553 Y  0.450      SignalP-TM
3300028580.a:Ga0268357_100018_11  0.390  22  0.580  22  0.933   5  0.862   0.732 Y  0.450      SignalP-noTM
3300028580.a:Ga0268357_100018_131  0.440  23  0.486  23  0.685   4  0.536   0.513 Y  0.450      SignalP-noTM
3300028580.a:Ga0268357_100018_133  0.424  27  0.619  27  0.939  17  0.892   0.725 Y  0.450      SignalP-TM
3300028580.a:Ga0268357_100018_133  0.761  27  0.674  27  0.855   3  0.679   0.676 Y  0.500      SignalP-TM
3300028580.a:Ga0268357_100018_133  0.788  27  0.856  27  0.982  10  0.947   0.899 Y  0.570      SignalP-noTM
3300028580.a:Ga0268357_100018_134  0.245  21  0.402  21  0.753  20  0.651   0.502 Y  0.500      SignalP-TM
3300028580.a:Ga0268357_100018_144  0.366  36  0.484  19  0.937  18  0.860   0.631 Y  0.450      SignalP-TM
3300028580.a:Ga0268357_100018_144  0.568  19  0.748  19  0.991  10  0.970   0.852 Y  0.570      SignalP-noTM
3300028580.a:Ga0268357_100018_144  0.794  21  0.868  21  0.980  11  0.945   0.910 Y  0.450      SignalP-noTM
3300028580.a:Ga0268357_100018_151  0.419  48  0.568  48  0.936  39  0.566   0.567 Y  0.450      SignalP-noTM
3300028580.a:Ga0268357_100018_151  0.574  48  0.616  48  0.847  44  0.514   0.577 Y  0.450      SignalP-TM
3300028580.a:Ga0268357_100018_159  0.283  27  0.407  27  0.836  10  0.683   0.515 Y  0.450      SignalP-TM
3300028580.a:Ga0268357_100018_159  0.325  27  0.433  27  0.813   7  0.596   0.521 Y  0.450      SignalP-noTM
3300028580.a:Ga0268357_100018_159  0.508  27  0.581  27  0.910  15  0.764   0.667 Y  0.570      SignalP-noTM
3300028580.a:Ga0268357_100018_162  0.320  34  0.490  34  0.991  16  0.826   0.671 Y  0.450      SignalP-noTM
3300028580.a:Ga0268357_100018_163  0.424  50  0.576  50  0.896  43  0.539   0.561 Y  0.450      SignalP-TM
3300028580.a:Ga0268357_100018_163  0.695  50  0.752  50  0.990  32  0.685   0.721 Y  0.570      SignalP-noTM
3300028580.a:Ga0268357_100018_167  0.288  21  0.498  21  0.936   4  0.882   0.648 Y  0.450      SignalP-TM
3300028580.a:Ga0268357_100018_167  0.835  21  0.898  21  0.980  11  0.957   0.926 Y  0.570      SignalP-noTM
3300028580.a:Ga0268357_100018_167  0.867  21  0.902  21  0.977  11  0.938   0.922 Y  0.450      SignalP-noTM
3300028580.a:Ga0268357_100018_168  0.244  22  0.423  22  0.894   5  0.788   0.566 Y  0.450      SignalP-TM
3300028580.a:Ga0268357_100018_168  0.336  19  0.567  19  0.976  17  0.954   0.749 Y  0.570      SignalP-noTM
3300028580.a:Ga0268357_100018_168  0.480  21  0.674  21  0.967  14  0.945   0.820 Y  0.450      SignalP-noTM
3300028580.a:Ga0268357_100018_17  0.256  26  0.454  20  0.960  18  0.923   0.637 Y  0.450      SignalP-TM
3300028580.a:Ga0268357_100018_17  0.304  20  0.521  20  0.957   2  0.909   0.703 Y  0.570      SignalP-noTM
3300028580.a:Ga0268357_100018_17  0.445  21  0.647  21  0.978   4  0.942   0.806 Y  0.450      SignalP-noTM
3300028580.a:Ga0268357_100018_175  0.436  31  0.482  31  0.775   1  0.575   0.519 Y  0.450      SignalP-TM
3300028580.a:Ga0268357_100018_189  0.742  23  0.817  23  0.973  12  0.898   0.861 Y  0.450      SignalP-noTM
3300028580.a:Ga0268357_100018_202  0.187  22  0.388  22  0.888  15  0.819   0.556 Y  0.450      SignalP-TM
3300028580.a:Ga0268357_100018_202  0.367  22  0.539  22  0.932   2  0.785   0.671 Y  0.450      SignalP-noTM
3300028580.a:Ga0268357_100018_206  0.182  30  0.314  18  0.896  12  0.848   0.522 Y  0.450      SignalP-TM
3300028580.a:Ga0268357_100018_206  0.229  18  0.447  18  0.934  16  0.880   0.650 Y  0.570      SignalP-noTM
3300028580.a:Ga0268357_100018_206  0.401  22  0.602  22  0.976   5  0.901   0.763 Y  0.450      SignalP-noTM
3300028580.a:Ga0268357_100018_214  0.318  32  0.506  32  0.986  15  0.892   0.657 Y  0.450      SignalP-TM
3300028580.a:Ga0268357_100018_214  0.418  25  0.633  25  0.995  12  0.963   0.788 Y  0.570      SignalP-noTM
3300028580.a:Ga0268357_100018_214  0.486  25  0.676  25  0.991  12  0.943   0.820 Y  0.450      SignalP-noTM
3300028580.a:Ga0268357_100018_216  0.442  37  0.495  37  0.701  15  0.567   0.523 Y  0.450      SignalP-TM
3300028580.a:Ga0268357_100018_224  0.420  28  0.456  28  0.834  10  0.628   0.525 Y  0.500      SignalP-TM
3300028580.a:Ga0268357_100018_238  0.618  31  0.612  31  0.716  13  0.609   0.611 Y  0.450      SignalP-noTM
3300028580.a:Ga0268357_100018_25  0.625  44  0.621  44  0.978  31  0.708   0.662 Y  0.570      SignalP-noTM
3300028580.a:Ga0268357_100018_25  0.644  44  0.655  44  0.918  31  0.573   0.623 Y  0.450      SignalP-TM
3300028580.a:Ga0268357_100018_264  0.426  36  0.461  36  0.908   6  0.698   0.554 Y  0.450      SignalP-TM
3300028580.a:Ga0268357_100018_264  0.554  34  0.620  34  0.981  15  0.780   0.707 Y  0.450      SignalP-noTM
3300028580.a:Ga0268357_100018_264  0.681  22  0.817  22  0.995  17  0.965   0.887 Y  0.570      SignalP-noTM
3300028580.a:Ga0268357_100018_269  0.510  26  0.663  26  0.972   5  0.870   0.775 Y  0.450      SignalP-noTM
3300028580.a:Ga0268357_100018_269  0.745  26  0.720  26  0.817  18  0.697   0.711 Y  0.450      SignalP-TM
3300028580.a:Ga0268357_100018_269  0.829  26  0.859  26  0.971  10  0.910   0.883 Y  0.570      SignalP-noTM
3300028580.a:Ga0268357_100018_271  0.784  25  0.759  25  0.880   6  0.752   0.757 Y  0.500      SignalP-TM
3300028580.a:Ga0268357_100018_274  0.594  22  0.661  22  0.911   6  0.779   0.707 Y  0.450      SignalP-TM
3300028580.a:Ga0268357_100018_274  0.862  22  0.908  22  0.990  11  0.956   0.934 Y  0.450      SignalP-noTM
3300028580.a:Ga0268357_100018_274  0.882  22  0.922  22  0.978  18  0.958   0.939 Y  0.570      SignalP-noTM
3300028580.a:Ga0268357_100018_299  0.219  29  0.446  29  0.976  16  0.914   0.629 Y  0.450      SignalP-TM
3300028580.a:Ga0268357_100018_299  0.509  29  0.667  29  0.979  15  0.925   0.788 Y  0.570      SignalP-noTM
3300028580.a:Ga0268357_100018_299  0.530  29  0.680  29  0.988   7  0.892   0.795 Y  0.450      SignalP-noTM
3300028580.a:Ga0268357_100018_3  0.665  36  0.554  36  0.734   7  0.528   0.544 Y  0.510      SignalP-TM
3300028580.a:Ga0268357_100018_3  0.679  36  0.646  36  0.864  12  0.672   0.656 Y  0.450      SignalP-TM
3300028580.a:Ga0268357_100018_31  0.634  31  0.779  31  0.989  21  0.946   0.869 Y  0.450      SignalP-noTM
3300028580.a:Ga0268357_100018_31  0.759  31  0.752  31  0.909  28  0.696   0.730 Y  0.450      SignalP-TM
3300028580.a:Ga0268357_100018_31  0.883  31  0.911  31  0.974  21  0.925   0.918 Y  0.570      SignalP-noTM
3300028580.a:Ga0268357_100018_34  0.436  23  0.559  23  0.900   9  0.765   0.639 Y  0.450      SignalP-TM
3300028580.a:Ga0268357_100018_34  0.809  23  0.865  23  0.971  14  0.934   0.897 Y  0.570      SignalP-noTM
3300028580.a:Ga0268357_100018_34  0.898  23  0.917  23  0.984  13  0.935   0.927 Y  0.450      SignalP-noTM
3300028580.a:Ga0268357_100018_37  0.321  31  0.461  31  0.861  27  0.593   0.512 Y  0.450      SignalP-TM
3300028580.a:Ga0268357_100018_37  0.350  31  0.531  31  0.973  27  0.823   0.669 Y  0.570      SignalP-noTM
3300028580.a:Ga0268357_100018_37  0.642  31  0.738  31  0.947  10  0.861   0.805 Y  0.450      SignalP-noTM
3300028580.a:Ga0268357_100018_40  0.175  34  0.398  34  0.940   7  0.910   0.597 Y  0.450      SignalP-TM
3300028580.a:Ga0268357_100018_40  0.527  29  0.708  29  0.994  12  0.963   0.828 Y  0.570      SignalP-noTM
3300028580.a:Ga0268357_100018_40  0.776  29  0.850  29  0.992  14  0.939   0.898 Y  0.450      SignalP-noTM
3300028580.a:Ga0268357_100018_5  0.190  42  0.343  42  0.848  10  0.684   0.476 Y  0.450      SignalP-TM
3300028580.a:Ga0268357_100018_51  0.304  25  0.529  25  0.987  15  0.921   0.741 Y  0.450      SignalP-noTM
3300028580.a:Ga0268357_100018_51  0.672  25  0.764  25  0.906  17  0.851   0.798 Y  0.450      SignalP-TM
3300028580.a:Ga0268357_100018_51  0.851  25  0.911  25  0.991  16  0.967   0.938 Y  0.570      SignalP-noTM
3300028580.a:Ga0268357_100018_6  0.657  25  0.795  25  0.985  16  0.957   0.882 Y  0.450      SignalP-noTM
3300028580.a:Ga0268357_100018_6  0.750  25  0.789  25  0.865  18  0.822   0.802 Y  0.450      SignalP-TM
3300028580.a:Ga0268357_100018_6  0.881  25  0.927  25  0.981  14  0.962   0.944 Y  0.570      SignalP-noTM
3300028580.a:Ga0268357_100018_65  0.302  27  0.437  27  0.803  10  0.677   0.530 Y  0.450      SignalP-TM
3300028580.a:Ga0268357_100018_65  0.675  30  0.773  30  0.976  15  0.883   0.832 Y  0.450      SignalP-noTM
3300028580.a:Ga0268357_100018_65  0.810  30  0.836  30  0.980  17  0.901   0.867 Y  0.570      SignalP-noTM
3300028580.a:Ga0268357_100018_68  0.526  22  0.629  22  0.904   5  0.805   0.697 Y  0.450      SignalP-TM
3300028580.a:Ga0268357_100018_68  0.645  23  0.772  23  0.977  19  0.938   0.850 Y  0.570      SignalP-noTM
3300028580.a:Ga0268357_100018_68  0.788  23  0.856  23  0.978  11  0.929   0.895 Y  0.450      SignalP-noTM
3300028580.a:Ga0268357_100018_69  0.300  28  0.392  28  0.867   6  0.670   0.501 Y  0.450      SignalP-TM
3300028580.a:Ga0268357_100018_69  0.484  24  0.652  24  0.978  12  0.917   0.777 Y  0.570      SignalP-noTM
3300028580.a:Ga0268357_100018_69  0.887  24  0.906  24  0.987  12  0.927   0.917 Y  0.450      SignalP-noTM
3300028580.a:Ga0268357_100018_77  0.267  31  0.477  31  0.985  16  0.876   0.692 Y  0.450      SignalP-noTM
3300028580.a:Ga0268357_100018_83  0.448  36  0.427  36  0.729  16  0.541   0.471 Y  0.450      SignalP-TM
3300028580.a:Ga0268357_100018_83  0.507  31  0.489  31  0.685   1  0.532   0.507 Y  0.500      SignalP-TM
3300028580.a:Ga0268357_100018_85  0.372  22  0.564  22  0.959  19  0.858   0.678 Y  0.450      SignalP-TM
3300028580.a:Ga0268357_100018_85  0.780  22  0.867  22  0.981  16  0.953   0.908 Y  0.570      SignalP-noTM
3300028580.a:Ga0268357_100018_85  0.883  22  0.912  22  0.976  15  0.943   0.929 Y  0.450      SignalP-noTM
3300028580.a:Ga0268357_100018_88  0.154  21  0.359  21  0.944   4  0.866   0.556 Y  0.450      SignalP-TM
3300028580.a:Ga0268357_100018_88  0.882  21  0.921  21  0.972  19  0.957   0.938 Y  0.570      SignalP-noTM
3300028580.a:Ga0268357_100018_88  0.910  21  0.935  21  0.985  12  0.963   0.950 Y  0.450      SignalP-noTM
3300028580.a:Ga0268357_100018_95  0.281  35  0.497  35  0.989  18  0.892   0.710 Y  0.450      SignalP-noTM
3300028580.a:Ga0268357_100018_95  0.510  35  0.668  35  0.992  18  0.911   0.782 Y  0.570      SignalP-noTM
3300028580.a:Ga0268357_100018_95  0.518  37  0.629  37  0.933  22  0.776   0.686 Y  0.450      SignalP-TM
3300028580.a:Ga0268357_100019_105  0.606  28  0.691  28  0.942  12  0.824   0.743 Y  0.450      SignalP-TM
3300028580.a:Ga0268357_100019_105  0.715  28  0.769  28  0.978  15  0.899   0.830 Y  0.570      SignalP-noTM
3300028580.a:Ga0268357_100019_105  0.790  24  0.866  24  0.982  14  0.947   0.910 Y  0.450      SignalP-noTM
3300028580.a:Ga0268357_100019_139  0.315  23  0.510  23  0.915  17  0.827   0.681 Y  0.450      SignalP-noTM
3300028580.a:Ga0268357_100019_139  0.704  23  0.750  23  0.879  19  0.799   0.769 Y  0.450      SignalP-TM
3300028580.a:Ga0268357_100019_139  0.811  23  0.863  23  0.975  18  0.902   0.881 Y  0.570      SignalP-noTM
3300028580.a:Ga0268357_100019_142  0.565  20  0.539  20  0.864   1  0.590   0.559 Y  0.500      SignalP-TM
3300028580.a:Ga0268357_100019_145  0.514  40  0.645  40  0.915  36  0.791   0.702 Y  0.450      SignalP-TM
3300028580.a:Ga0268357_100019_145  0.563  40  0.713  40  0.974  27  0.900   0.801 Y  0.570      SignalP-noTM
3300028580.a:Ga0268357_100019_145  0.680  32  0.777  32  0.978  17  0.885   0.835 Y  0.450      SignalP-noTM
3300028580.a:Ga0268357_100019_147  0.779  26  0.555  26  0.760  10  0.519   0.540 Y  0.500      SignalP-TM
3300028580.a:Ga0268357_100019_152  0.303  26  0.493  26  0.887   8  0.805   0.662 Y  0.450      SignalP-noTM
3300028580.a:Ga0268357_100019_152  0.457  31  0.498  31  0.851  18  0.629   0.549 Y  0.450      SignalP-TM
3300028580.a:Ga0268357_100019_152  0.647  31  0.629  31  0.937  19  0.785   0.702 Y  0.570      SignalP-noTM
3300028580.a:Ga0268357_100019_153  0.422  23  0.603  23  0.956   6  0.891   0.715 Y  0.450      SignalP-TM
3300028580.a:Ga0268357_100019_153  0.467  22  0.643  22  0.951  20  0.880   0.754 Y  0.570      SignalP-noTM
3300028580.a:Ga0268357_100019_153  0.853  23  0.858  23  0.953  11  0.864   0.861 Y  0.450      SignalP-noTM
3300028580.a:Ga0268357_100019_171  0.403  16  0.488  16  0.681  14  0.593   0.530 Y  0.500      SignalP-TM
3300028580.a:Ga0268357_100019_178  0.661  27  0.778  27  0.987  16  0.922   0.856 Y  0.450      SignalP-noTM
3300028580.a:Ga0268357_100019_178  0.716  27  0.830  27  0.978  17  0.935   0.871 Y  0.450      SignalP-TM
3300028580.a:Ga0268357_100019_178  0.891  27  0.925  27  0.988  15  0.956   0.939 Y  0.570      SignalP-noTM
3300028580.a:Ga0268357_100019_185  0.581  28  0.643  28  0.890  12  0.762   0.689 Y  0.450      SignalP-TM
3300028580.a:Ga0268357_100019_185  0.616  28  0.687  28  0.985  11  0.803   0.749 Y  0.450      SignalP-noTM
3300028580.a:Ga0268357_100019_185  0.700  28  0.665  28  0.942  11  0.788   0.723 Y  0.570      SignalP-noTM
3300028580.a:Ga0268357_100019_186  0.203  28  0.443  28  0.983  17  0.954   0.642 Y  0.450      SignalP-TM
3300028580.a:Ga0268357_100019_186  0.270  28  0.510  28  0.992  11  0.970   0.726 Y  0.570      SignalP-noTM
3300028580.a:Ga0268357_100019_186  0.601  29  0.753  29  0.993   8  0.948   0.859 Y  0.450      SignalP-noTM
3300028580.a:Ga0268357_100019_191  0.219  32  0.368  32  0.731  29  0.601   0.459 Y  0.450      SignalP-TM
3300028580.a:Ga0268357_100019_192  0.128  41  0.311  21  0.889  13  0.813   0.507 Y  0.450      SignalP-TM
3300028580.a:Ga0268357_100019_192  0.244  21  0.458  21  0.967  19  0.878   0.685 Y  0.450      SignalP-noTM
3300028580.a:Ga0268357_100019_192  0.300  32  0.515  32  0.958  16  0.872   0.683 Y  0.570      SignalP-noTM
3300028580.a:Ga0268357_100019_193  0.489  28  0.619  28  0.926  20  0.710   0.655 Y  0.450      SignalP-TM
3300028580.a:Ga0268357_100019_193  0.590  21  0.682  21  0.900  16  0.767   0.722 Y  0.570      SignalP-noTM
3300028580.a:Ga0268357_100019_193  0.840  21  0.871  21  0.967  14  0.906   0.890 Y  0.450      SignalP-noTM
3300028580.a:Ga0268357_100019_195  0.218  40  0.376  24  0.858  16  0.597   0.462 Y  0.450      SignalP-TM
3300028580.a:Ga0268357_100019_22  0.245  21  0.397  21  0.862   4  0.690   0.514 Y  0.500      SignalP-TM
3300028580.a:Ga0268357_100019_22  0.265  34  0.388  34  0.892   9  0.723   0.519 Y  0.450      SignalP-TM
3300028580.a:Ga0268357_100019_23  0.501  21  0.517  21  0.758  17  0.548   0.529 Y  0.450      SignalP-TM
3300028580.a:Ga0268357_100019_23  0.665  21  0.777  21  0.940  12  0.908   0.848 Y  0.450      SignalP-noTM
3300028580.a:Ga0268357_100019_23  0.890  21  0.894  21  0.967  17  0.890   0.892 Y  0.570      SignalP-noTM
3300028580.a:Ga0268357_100019_232  0.586  31  0.651  31  0.985  15  0.782   0.722 Y  0.450      SignalP-noTM
3300028580.a:Ga0268357_100019_232  0.693  31  0.662  31  0.981  13  0.833   0.742 Y  0.570      SignalP-noTM
3300028580.a:Ga0268357_100019_232  0.836  31  0.804  31  0.969  10  0.873   0.831 Y  0.450      SignalP-TM
3300028580.a:Ga0268357_100019_257  0.244  33  0.412  33  0.805  17  0.544   0.463 Y  0.450      SignalP-TM
3300028580.a:Ga0268357_100019_257  0.522  33  0.627  33  0.861  27  0.603   0.618 Y  0.510      SignalP-TM
3300028580.a:Ga0268357_100019_257  0.680  33  0.795  33  0.984  12  0.927   0.866 Y  0.450      SignalP-noTM
3300028580.a:Ga0268357_100019_267  0.623  30  0.751  30  0.943  13  0.900   0.809 Y  0.450      SignalP-TM
3300028580.a:Ga0268357_100019_267  0.702  30  0.794  30  0.976  18  0.899   0.851 Y  0.450      SignalP-noTM
3300028580.a:Ga0268357_100019_267  0.790  30  0.822  30  0.983  13  0.913   0.865 Y  0.570      SignalP-noTM
3300028580.a:Ga0268357_100019_269  0.234  28  0.438  28  0.902  16  0.817   0.586 Y  0.450      SignalP-TM
3300028580.a:Ga0268357_100019_269  0.632  28  0.760  28  0.962  20  0.918   0.834 Y  0.570      SignalP-noTM
3300028580.a:Ga0268357_100019_269  0.785  28  0.851  28  0.977  17  0.923   0.890 Y  0.450      SignalP-noTM
3300028580.a:Ga0268357_100019_277  0.725  59  0.664  59  0.802  47  0.308   0.532 Y  0.510      SignalP-TM
3300028580.a:Ga0268357_100019_282  0.796  29  0.637  29  0.708   8  0.550   0.602 Y  0.500      SignalP-TM
3300028580.a:Ga0268357_100019_37  0.173  19  0.368  19  0.880  12  0.800   0.571 Y  0.570      SignalP-noTM
3300028580.a:Ga0268357_100019_37  0.339  24  0.533  19  0.943   5  0.903   0.733 Y  0.450      SignalP-noTM
3300028580.a:Ga0268357_100019_49  0.469  22  0.656  22  0.958  18  0.904   0.753 Y  0.450      SignalP-TM
3300028580.a:Ga0268357_100019_49  0.618  22  0.753  22  0.957  19  0.925   0.834 Y  0.570      SignalP-noTM
3300028580.a:Ga0268357_100019_49  0.886  22  0.916  22  0.981  12  0.947   0.932 Y  0.450      SignalP-noTM
3300028580.a:Ga0268357_100019_50  0.574  23  0.735  23  0.963  19  0.937   0.830 Y  0.570      SignalP-noTM
3300028580.a:Ga0268357_100019_50  0.693  23  0.801  23  0.972   5  0.926   0.869 Y  0.450      SignalP-noTM
3300028580.a:Ga0268357_100019_50  0.749  25  0.782  25  0.914  10  0.833   0.802 Y  0.450      SignalP-TM
3300028580.a:Ga0268357_100019_61  0.554  25  0.473  21  0.912   5  0.648   0.543 Y  0.500      SignalP-TM
3300028580.a:Ga0268357_100019_89  0.729  31  0.786  31  0.948  19  0.837   0.814 Y  0.450      SignalP-noTM
3300028580.a:Ga0268357_100019_89  0.733  31  0.804  31  0.963  29  0.841   0.818 Y  0.450      SignalP-TM
3300028580.a:Ga0268357_100019_89  0.893  31  0.927  31  0.989  17  0.944   0.935 Y  0.570      SignalP-noTM
3300028580.a:Ga0268357_100051_113  0.356  21  0.518  21  0.921  18  0.772   0.617 Y  0.450      SignalP-TM
3300028580.a:Ga0268357_100051_113  0.651  22  0.769  22  0.959  18  0.908   0.834 Y  0.570      SignalP-noTM
3300028580.a:Ga0268357_100051_113  0.884  21  0.920  21  0.979  12  0.957   0.940 Y  0.450      SignalP-noTM
3300028580.a:Ga0268357_100051_118  0.383  28  0.501  28  0.782  27  0.558   0.522 Y  0.510      SignalP-TM
3300028580.a:Ga0268357_100051_118  0.503  33  0.649  33  0.941  26  0.802   0.708 Y  0.450      SignalP-TM
3300028580.a:Ga0268357_100051_118  0.743  33  0.798  33  0.996  15  0.895   0.851 Y  0.450      SignalP-noTM
3300028580.a:Ga0268357_100051_120  0.375  24  0.579  24  0.963  15  0.893   0.749 Y  0.450      SignalP-noTM
3300028580.a:Ga0268357_100051_120  0.377  24  0.533  24  0.911   7  0.793   0.634 Y  0.450      SignalP-TM
3300028580.a:Ga0268357_100051_120  0.887  24  0.924  24  0.983  10  0.961   0.941 Y  0.570      SignalP-noTM
3300028580.a:Ga0268357_100051_124  0.676  24  0.709  24  0.894   8  0.794   0.742 Y  0.450      SignalP-TM
3300028580.a:Ga0268357_100051_124  0.683  24  0.765  24  0.969   4  0.859   0.816 Y  0.450      SignalP-noTM
3300028580.a:Ga0268357_100051_124  0.705  24  0.777  24  0.966   8  0.900   0.835 Y  0.570      SignalP-noTM
3300028580.a:Ga0268357_100051_135  0.211  20  0.336  20  0.731   5  0.559   0.456 Y  0.450      SignalP-noTM
3300028580.a:Ga0268357_100051_144  0.318  31  0.434  22  0.963  15  0.860   0.600 Y  0.450      SignalP-TM
3300028580.a:Ga0268357_100051_144  0.461  31  0.552  31  0.972  20  0.832   0.683 Y  0.570      SignalP-noTM
3300028580.a:Ga0268357_100051_144  0.535  24  0.706  24  0.982  14  0.931   0.827 Y  0.450      SignalP-noTM
3300028580.a:Ga0268357_100051_147  0.425  27  0.602  27  0.951   6  0.859   0.741 Y  0.450      SignalP-noTM
3300028580.a:Ga0268357_100051_156  0.197  25  0.346  25  0.733  24  0.620   0.453 Y  0.450      SignalP-TM
3300028580.a:Ga0268357_100051_156  0.485  25  0.560  25  0.736  21  0.602   0.576 Y  0.510      SignalP-TM
3300028580.a:Ga0268357_100051_156  0.777  25  0.840  25  0.977  14  0.906   0.875 Y  0.450      SignalP-noTM
3300028580.a:Ga0268357_100051_159  0.237  35  0.370  20  0.742   7  0.661   0.483 Y  0.450      SignalP-TM
3300028580.a:Ga0268357_100051_159  0.352  20  0.450  20  0.797  18  0.597   0.509 Y  0.500      SignalP-TM
3300028580.a:Ga0268357_100051_172  0.218  44  0.331  24  0.803  13  0.660   0.459 Y  0.450      SignalP-TM
3300028580.a:Ga0268357_100051_172  0.455  23  0.526  23  0.732  18  0.607   0.570 Y  0.450      SignalP-noTM
3300028580.a:Ga0268357_100051_21  0.411  27  0.627  27  0.987  13  0.954   0.803 Y  0.450      SignalP-noTM
3300028580.a:Ga0268357_100051_21  0.706  29  0.793  29  0.988  11  0.932   0.858 Y  0.570      SignalP-noTM
3300028580.a:Ga0268357_100051_21  0.761  29  0.779  29  0.902  12  0.820   0.795 Y  0.450      SignalP-TM
3300028580.a:Ga0268357_100051_29  0.565  28  0.625  28  0.917   9  0.775   0.684 Y  0.450      SignalP-TM
3300028580.a:Ga0268357_100051_29  0.567  25  0.679  25  0.935   5  0.818   0.754 Y  0.450      SignalP-noTM
3300028580.a:Ga0268357_100051_29  0.814  28  0.822  28  0.981  11  0.890   0.854 Y  0.570      SignalP-noTM
3300028580.a:Ga0268357_100051_42  0.378  18  0.455  18  0.740   1  0.575   0.503 Y  0.500      SignalP-TM
3300028580.a:Ga0268357_100051_42  0.406  18  0.512  18  0.791  16  0.656   0.568 Y  0.450      SignalP-TM
3300028580.a:Ga0268357_100051_42  0.476  25  0.535  18  0.799   7  0.709   0.600 Y  0.510      SignalP-TM
3300028580.a:Ga0268357_100051_55  0.590  24  0.653  24  0.901   8  0.778   0.702 Y  0.450      SignalP-TM
3300028580.a:Ga0268357_100051_55  0.622  24  0.723  24  0.968   8  0.893   0.803 Y  0.570      SignalP-noTM
3300028580.a:Ga0268357_100051_55  0.632  24  0.724  24  0.964   4  0.832   0.782 Y  0.450      SignalP-noTM
3300028580.a:Ga0268357_100051_58  0.376  23  0.569  23  0.914   9  0.854   0.680 Y  0.450      SignalP-TM
3300028580.a:Ga0268357_100051_58  0.683  23  0.777  23  0.945   6  0.884   0.835 Y  0.450      SignalP-noTM
3300028580.a:Ga0268357_100051_58  0.800  23  0.875  23  0.979  20  0.940   0.905 Y  0.570      SignalP-noTM
3300028580.a:Ga0268357_100051_60  0.201  32  0.278  11  0.847   6  0.786   0.476 Y  0.450      SignalP-TM
3300028580.a:Ga0268357_100051_62  0.195  39  0.320  24  0.684   6  0.584   0.463 Y  0.450      SignalP-noTM
3300028580.a:Ga0268357_100051_62  0.609  39  0.547  39  0.674  26  0.443   0.506 Y  0.450      SignalP-TM
3300028580.a:Ga0268357_100051_78  0.502  24  0.457  24  0.705   6  0.516   0.480 Y  0.450      SignalP-TM
3300028580.a:Ga0268357_100051_78  0.558  24  0.516  24  0.665   7  0.531   0.522 Y  0.510      SignalP-TM
3300028580.a:Ga0268357_100051_78  0.775  24  0.859  24  0.984  16  0.952   0.909 Y  0.450      SignalP-noTM
3300028580.a:Ga0268357_100051_83  0.213  43  0.322  36  0.808  25  0.659   0.454 Y  0.450      SignalP-TM
3300028580.a:Ga0268357_100051_83  0.319  36  0.526  36  0.946  13  0.802   0.656 Y  0.570      SignalP-noTM
3300028580.a:Ga0268357_100051_83  0.525  37  0.654  37  0.889  19  0.690   0.673 Y  0.450      SignalP-noTM
3300028580.a:Ga0268357_100051_88  0.433  18  0.496  18  0.750  17  0.562   0.523 Y  0.500      SignalP-TM
3300028580.a:Ga0268357_100051_94  0.243  32  0.462  27  0.960  17  0.844   0.611 Y  0.450      SignalP-TM
3300028580.a:Ga0268357_100051_94  0.664  32  0.740  32  0.991  17  0.897   0.814 Y  0.570      SignalP-noTM
3300028580.a:Ga0268357_100051_94  0.680  27  0.807  27  0.987  16  0.952   0.885 Y  0.450      SignalP-noTM
3300028580.a:Ga0268357_100051_96  0.493  24  0.598  24  0.869   5  0.763   0.664 Y  0.500      SignalP-TM
3300028580.a:Ga0268357_100051_96  0.643  24  0.752  24  0.929  11  0.855   0.792 Y  0.450      SignalP-TM
3300028580.a:Ga0268357_100051_96  0.718  24  0.762  24  0.866  20  0.764   0.763 Y  0.510      SignalP-TM
3300028580.a:Ga0268357_100051_99  0.502  24  0.590  24  0.820  12  0.726   0.643 Y  0.450      SignalP-TM
3300028580.a:Ga0268357_100051_99  0.692  24  0.782  24  0.940  21  0.877   0.826 Y  0.570      SignalP-noTM
3300028580.a:Ga0268357_100051_99  0.785  23  0.855  23  0.970  13  0.931   0.896 Y  0.450      SignalP-noTM
3300028580.a:Ga0268357_100060_105  0.524  28  0.674  28  0.993  13  0.921   0.790 Y  0.570      SignalP-noTM
3300028580.a:Ga0268357_100060_105  0.582  28  0.684  28  0.976  14  0.823   0.759 Y  0.450      SignalP-noTM
3300028580.a:Ga0268357_100060_105  0.631  28  0.756  28  0.965  13  0.903   0.814 Y  0.450      SignalP-TM
3300028580.a:Ga0268357_100060_107  0.606  22  0.750  22  0.972  15  0.930   0.847 Y  0.450      SignalP-noTM
3300028580.a:Ga0268357_100060_107  0.651  31  0.752  22  0.976  15  0.933   0.837 Y  0.570      SignalP-noTM
3300028580.a:Ga0268357_100060_107  0.777  31  0.783  31  0.903  18  0.753   0.771 Y  0.450      SignalP-TM
3300028580.a:Ga0268357_100060_108  0.365  22  0.524  22  0.861  21  0.650   0.573 Y  0.450      SignalP-TM
3300028580.a:Ga0268357_100060_108  0.727  23  0.794  23  0.926  16  0.867   0.834 Y  0.450      SignalP-noTM
3300028580.a:Ga0268357_100060_108  0.848  23  0.843  23  0.895  21  0.826   0.835 Y  0.570      SignalP-noTM
3300028580.a:Ga0268357_100060_109  0.706  40  0.732  40  0.869  31  0.445   0.620 Y  0.450      SignalP-TM
3300028580.a:Ga0268357_100060_11  0.222  26  0.359  20  0.772   6  0.622   0.462 Y  0.450      SignalP-TM
3300028580.a:Ga0268357_100060_11  0.442  20  0.541  20  0.865  18  0.693   0.612 Y  0.570      SignalP-noTM
3300028580.a:Ga0268357_100060_110  0.375  22  0.579  22  0.954   5  0.893   0.749 Y  0.450      SignalP-noTM
3300028580.a:Ga0268357_100060_135  0.210  43  0.385  43  0.926  32  0.569   0.485 Y  0.450      SignalP-noTM
3300028580.a:Ga0268357_100060_136  0.522  22  0.685  22  0.963  18  0.888   0.765 Y  0.450      SignalP-TM
3300028580.a:Ga0268357_100060_136  0.807  22  0.883  22  0.992  18  0.957   0.918 Y  0.570      SignalP-noTM
3300028580.a:Ga0268357_100060_136  0.874  22  0.898  22  0.965   3  0.922   0.911 Y  0.450      SignalP-noTM
3300028580.a:Ga0268357_100060_159  0.545  23  0.695  23  0.943   7  0.900   0.775 Y  0.450      SignalP-TM
3300028580.a:Ga0268357_100060_159  0.880  23  0.923  23  0.994  15  0.968   0.947 Y  0.450      SignalP-noTM
3300028580.a:Ga0268357_100060_159  0.898  23  0.941  23  0.992  11  0.978   0.958 Y  0.570      SignalP-noTM
3300028580.a:Ga0268357_100060_163  0.168  23  0.385  23  0.966   8  0.904   0.587 Y  0.450      SignalP-TM
3300028580.a:Ga0268357_100060_163  0.345  23  0.554  23  0.957   8  0.914   0.723 Y  0.570      SignalP-noTM
3300028580.a:Ga0268357_100060_163  0.454  23  0.640  23  0.968   4  0.902   0.781 Y  0.450      SignalP-noTM
3300028580.a:Ga0268357_100060_169  0.540  21  0.631  21  0.851   4  0.768   0.684 Y  0.450      SignalP-TM
3300028580.a:Ga0268357_100060_169  0.698  21  0.795  21  0.962  17  0.887   0.838 Y  0.570      SignalP-noTM
3300028580.a:Ga0268357_100060_169  0.842  21  0.887  21  0.971   2  0.932   0.911 Y  0.450      SignalP-noTM
3300028580.a:Ga0268357_100060_171  0.191  20  0.381  20  0.856  14  0.708   0.509 Y  0.450      SignalP-TM
3300028580.a:Ga0268357_100060_171  0.410  24  0.539  24  0.908  12  0.768   0.630 Y  0.500      SignalP-TM
3300028580.a:Ga0268357_100060_171  0.560  20  0.631  20  0.808  14  0.709   0.660 Y  0.510      SignalP-TM
3300028580.a:Ga0268357_100060_177  0.270  30  0.425  30  0.876  22  0.543   0.471 Y  0.450      SignalP-TM
3300028580.a:Ga0268357_100060_177  0.624  24  0.744  24  0.964   4  0.890   0.823 Y  0.450      SignalP-noTM
3300028580.a:Ga0268357_100060_178  0.438  19  0.549  19  0.765  18  0.671   0.594 Y  0.510      SignalP-TM
3300028580.a:Ga0268357_100060_178  0.527  19  0.695  19  0.937   9  0.916   0.784 Y  0.500      SignalP-TM
3300028580.a:Ga0268357_100060_2  0.528  34  0.681  34  0.980  14  0.899   0.783 Y  0.570      SignalP-noTM
3300028580.a:Ga0268357_100060_2  0.563  34  0.651  34  0.862  33  0.751   0.690 Y  0.450      SignalP-TM
3300028580.a:Ga0268357_100060_21  0.235  19  0.466  19  0.954  11  0.916   0.642 Y  0.450      SignalP-TM
3300028580.a:Ga0268357_100060_21  0.491  19  0.689  19  0.979  16  0.962   0.817 Y  0.570      SignalP-noTM
3300028580.a:Ga0268357_100060_21  0.640  21  0.775  21  0.989   9  0.933   0.860 Y  0.450      SignalP-noTM
3300028580.a:Ga0268357_100060_29  0.507  18  0.629  18  0.894   5  0.782   0.691 Y  0.500      SignalP-TM
3300028580.a:Ga0268357_100060_36  0.294  27  0.505  27  0.929  14  0.848   0.639 Y  0.450      SignalP-TM
3300028580.a:Ga0268357_100060_36  0.699  27  0.783  27  0.969  13  0.901   0.838 Y  0.570      SignalP-noTM
3300028580.a:Ga0268357_100060_36  0.731  27  0.804  27  0.968  13  0.892   0.851 Y  0.450      SignalP-noTM
3300028580.a:Ga0268357_100060_46  0.385  29  0.561  29  0.923  24  0.768   0.641 Y  0.450      SignalP-TM
3300028580.a:Ga0268357_100060_46  0.615  29  0.746  29  0.981  21  0.911   0.824 Y  0.570      SignalP-noTM
3300028580.a:Ga0268357_100060_46  0.859  27  0.911  27  0.990  17  0.959   0.937 Y  0.450      SignalP-noTM
3300028580.a:Ga0268357_100060_49  0.399  22  0.592  22  0.929  18  0.883   0.706 Y  0.450      SignalP-TM
3300028580.a:Ga0268357_100060_49  0.518  24  0.648  24  0.945   4  0.816   0.739 Y  0.450      SignalP-noTM
3300028580.a:Ga0268357_100060_49  0.790  22  0.855  22  0.965   7  0.932   0.891 Y  0.570      SignalP-noTM
3300028580.a:Ga0268357_100060_53  0.345  28  0.503  28  0.860   5  0.757   0.605 Y  0.500      SignalP-TM
3300028580.a:Ga0268357_100060_53  0.371  28  0.541  28  0.869  18  0.744   0.620 Y  0.450      SignalP-TM
3300028580.a:Ga0268357_100060_53  0.530  28  0.674  28  0.925  17  0.764   0.707 Y  0.510      SignalP-TM
3300028580.a:Ga0268357_100060_55  0.164  18  0.397  18  0.976  11  0.961   0.662 Y  0.570      SignalP-noTM
3300028580.a:Ga0268357_100060_55  0.240  41  0.296  13  0.924   8  0.882   0.525 Y  0.450      SignalP-TM
3300028580.a:Ga0268357_100060_55  0.330  22  0.557  22  0.987  13  0.941   0.764 Y  0.450      SignalP-noTM
3300028580.a:Ga0268357_100060_6  0.632  25  0.677  25  0.919  13  0.763   0.710 Y  0.450      SignalP-TM
3300028580.a:Ga0268357_100060_6  0.732  25  0.814  23  0.976  12  0.955   0.881 Y  0.570      SignalP-noTM
3300028580.a:Ga0268357_100060_6  0.861  25  0.893  25  0.985  12  0.929   0.913 Y  0.450      SignalP-noTM
3300028580.a:Ga0268357_100060_67  0.218  22  0.424  22  0.884  12  0.805   0.573 Y  0.450      SignalP-TM
3300028580.a:Ga0268357_100060_67  0.350  22  0.562  22  0.948  11  0.915   0.728 Y  0.570      SignalP-noTM
3300028580.a:Ga0268357_100060_67  0.612  22  0.745  22  0.969  12  0.906   0.832 Y  0.450      SignalP-noTM
3300028580.a:Ga0268357_100060_68  0.444  23  0.638  23  0.977  13  0.916   0.788 Y  0.450      SignalP-noTM
3300028580.a:Ga0268357_100060_68  0.499  23  0.499  23  0.747   6  0.557   0.521 Y  0.450      SignalP-TM
3300028580.a:Ga0268357_100060_68  0.714  23  0.809  23  0.942  11  0.911   0.857 Y  0.570      SignalP-noTM
3300028580.a:Ga0268357_100060_69  0.316  34  0.496  34  0.942  19  0.793   0.656 Y  0.450      SignalP-noTM
3300028580.a:Ga0268357_100060_69  0.542  34  0.697  34  0.959  17  0.874   0.766 Y  0.450      SignalP-TM
3300028580.a:Ga0268357_100060_69  0.814  34  0.880  34  0.995  19  0.938   0.907 Y  0.570      SignalP-noTM
3300028580.a:Ga0268357_100060_70  0.195  29  0.412  29  0.971  14  0.882   0.666 Y  0.450      SignalP-noTM
3300028580.a:Ga0268357_100060_73  0.388  19  0.553  19  0.866  15  0.788   0.680 Y  0.450      SignalP-noTM
3300028580.a:Ga0268357_100060_73  0.549  29  0.599  29  0.763  16  0.672   0.627 Y  0.450      SignalP-TM
3300028580.a:Ga0268357_100060_77  0.804  24  0.602  24  0.746   1  0.511   0.565 Y  0.500      SignalP-TM
3300028580.a:Ga0268357_100060_79  0.412  24  0.573  24  0.862  10  0.787   0.656 Y  0.450      SignalP-TM
3300028580.a:Ga0268357_100060_79  0.835  24  0.851  24  0.969   5  0.869   0.861 Y  0.450      SignalP-noTM
3300028580.a:Ga0268357_100060_79  0.881  24  0.916  24  0.987  14  0.958   0.936 Y  0.570      SignalP-noTM
3300028580.a:Ga0268357_100060_84  0.432  29  0.431  29  0.756   1  0.472   0.453 Y  0.450      SignalP-noTM
3300028580.a:Ga0268357_100060_85  0.173  24  0.374  19  0.854   1  0.817   0.613 Y  0.450      SignalP-noTM
3300028580.a:Ga0268357_100060_85  0.538  29  0.507  29  0.695  17  0.503   0.506 Y  0.450      SignalP-TM
3300028580.a:Ga0268357_100060_89  0.222  32  0.347  32  0.750  13  0.612   0.450 Y  0.450      SignalP-TM
3300028580.a:Ga0268357_100060_89  0.768  32  0.823  32  0.973  10  0.894   0.861 Y  0.450      SignalP-noTM
3300028580.a:Ga0268357_100060_94  0.587  25  0.591  25  0.879   4  0.642   0.611 Y  0.500      SignalP-TM
3300028580.a:Ga0268357_100060_94  0.693  33  0.496  33  0.687   8  0.508   0.501 Y  0.450      SignalP-TM
3300028580.a:Ga0268357_100060_97  0.236  30  0.432  26  0.969  21  0.936   0.669 Y  0.570      SignalP-noTM
3300028580.a:Ga0268357_100060_97  0.274  30  0.477  30  0.950  14  0.851   0.623 Y  0.450      SignalP-TM
3300028580.a:Ga0268357_100060_97  0.802  30  0.799  30  0.972   9  0.828   0.815 Y  0.450      SignalP-noTM
3300028580.a:Ga0268357_100063_100  0.500  38  0.596  38  0.898  10  0.782   0.669 Y  0.450      SignalP-TM
3300028580.a:Ga0268357_100063_100  0.649  32  0.776  32  0.992  15  0.938   0.852 Y  0.570      SignalP-noTM
3300028580.a:Ga0268357_100063_100  0.850  32  0.855  32  0.960  15  0.855   0.855 Y  0.450      SignalP-noTM
3300028580.a:Ga0268357_100063_106  0.334  21  0.491  21  0.833  14  0.702   0.590 Y  0.570      SignalP-noTM
3300028580.a:Ga0268357_100063_106  0.464  17  0.538  17  0.765  15  0.641   0.593 Y  0.450      SignalP-noTM
3300028580.a:Ga0268357_100063_121  0.419  27  0.561  27  0.958   2  0.781   0.680 Y  0.450      SignalP-noTM
3300028580.a:Ga0268357_100063_121  0.483  27  0.669  27  0.977  14  0.942   0.776 Y  0.450      SignalP-TM
3300028580.a:Ga0268357_100063_121  0.658  27  0.702  27  0.982  12  0.863   0.778 Y  0.570      SignalP-noTM
3300028580.a:Ga0268357_100063_128  0.179  23  0.358  23  0.891   3  0.778   0.522 Y  0.450      SignalP-TM
3300028580.a:Ga0268357_100063_128  0.243  23  0.448  23  0.952  16  0.872   0.648 Y  0.570      SignalP-noTM
3300028580.a:Ga0268357_100063_128  0.430  22  0.635  22  0.981  12  0.937   0.798 Y  0.450      SignalP-noTM
3300028580.a:Ga0268357_100063_137  0.453  25  0.511  25  0.680   9  0.583   0.539 Y  0.450      SignalP-TM
3300028580.a:Ga0268357_100063_137  0.569  26  0.725  26  0.979   8  0.923   0.832 Y  0.450      SignalP-noTM
3300028580.a:Ga0268357_100063_137  0.583  25  0.738  25  0.963  23  0.924   0.825 Y  0.570      SignalP-noTM
3300028580.a:Ga0268357_100063_138  0.665  31  0.789  31  0.980  20  0.929   0.865 Y  0.450      SignalP-noTM
3300028580.a:Ga0268357_100063_138  0.786  31  0.754  31  0.844  13  0.687   0.728 Y  0.450      SignalP-TM
3300028580.a:Ga0268357_100063_138  0.906  31  0.923  31  0.971  19  0.928   0.925 Y  0.570      SignalP-noTM
3300028580.a:Ga0268357_100063_14  0.503  22  0.649  22  0.897  19  0.816   0.714 Y  0.450      SignalP-TM
3300028580.a:Ga0268357_100063_14  0.707  22  0.821  22  0.984  11  0.952   0.892 Y  0.450      SignalP-noTM
3300028580.a:Ga0268357_100063_14  0.763  22  0.832  22  0.953  16  0.903   0.865 Y  0.570      SignalP-noTM
3300028580.a:Ga0268357_100063_140  0.253  22  0.488  22  0.982  15  0.942   0.733 Y  0.450      SignalP-noTM
3300028580.a:Ga0268357_100063_149  0.449  32  0.642  27  0.995  19  0.965   0.794 Y  0.570      SignalP-noTM
3300028580.a:Ga0268357_100063_149  0.512  32  0.609  32  0.932  15  0.778   0.675 Y  0.450      SignalP-TM
3300028580.a:Ga0268357_100063_149  0.536  23  0.711  23  0.984  18  0.943   0.837 Y  0.450      SignalP-noTM
3300028580.a:Ga0268357_100063_152  0.193  24  0.384  24  0.940  14  0.826   0.557 Y  0.450      SignalP-TM
3300028580.a:Ga0268357_100063_152  0.193  24  0.418  18  0.948  14  0.910   0.649 Y  0.570      SignalP-noTM
3300028580.a:Ga0268357_100063_152  0.293  24  0.487  24  0.975  11  0.817   0.665 Y  0.450      SignalP-noTM
3300028580.a:Ga0268357_100063_153  0.223  25  0.451  22  0.983  11  0.940   0.681 Y  0.570      SignalP-noTM
3300028580.a:Ga0268357_100063_153  0.244  31  0.440  20  0.978   6  0.947   0.714 Y  0.450      SignalP-noTM
3300028580.a:Ga0268357_100063_153  0.469  44  0.537  32  0.947   8  0.864   0.665 Y  0.450      SignalP-TM
3300028580.a:Ga0268357_100063_156  0.546  21  0.721  21  0.975  10  0.943   0.808 Y  0.450      SignalP-TM
3300028580.a:Ga0268357_100063_156  0.841  21  0.914  21  0.997  17  0.980   0.945 Y  0.570      SignalP-noTM
3300028580.a:Ga0268357_100063_156  0.850  21  0.906  21  0.988  11  0.965   0.938 Y  0.450      SignalP-noTM
3300028580.a:Ga0268357_100063_70  0.249  34  0.454  32  0.966  17  0.899   0.627 Y  0.450      SignalP-TM
3300028580.a:Ga0268357_100063_70  0.403  30  0.573  30  0.924  18  0.800   0.696 Y  0.450      SignalP-noTM
3300028580.a:Ga0268357_100063_70  0.408  32  0.600  32  0.965  25  0.896   0.739 Y  0.570      SignalP-noTM
3300028580.a:Ga0268357_100063_73  0.313  28  0.471  25  0.965  10  0.893   0.669 Y  0.570      SignalP-noTM
3300028580.a:Ga0268357_100063_73  0.555  25  0.646  25  0.872  13  0.753   0.688 Y  0.450      SignalP-TM
3300028580.a:Ga0268357_100063_73  0.613  28  0.693  21  0.973   5  0.940   0.826 Y  0.450      SignalP-noTM
3300028580.a:Ga0268357_100063_94  0.441  20  0.522  20  0.732   6  0.616   0.573 Y  0.450      SignalP-noTM
3300028580.a:Ga0268357_100070_103  0.672  23  0.795  23  0.987  16  0.940   0.873 Y  0.450      SignalP-noTM
3300028580.a:Ga0268357_100070_110  0.192  33  0.361  26  0.923  23  0.838   0.585 Y  0.570      SignalP-noTM
3300028580.a:Ga0268357_100070_110  0.288  33  0.443  33  0.880  19  0.708   0.586 Y  0.450      SignalP-noTM
3300028580.a:Ga0268357_100070_110  0.290  33  0.439  33  0.822  25  0.600   0.502 Y  0.450      SignalP-TM
3300028580.a:Ga0268357_100070_112  0.317  21  0.419  21  0.713   1  0.539   0.484 Y  0.450      SignalP-noTM
3300028580.a:Ga0268357_100070_143  0.305  22  0.510  22  0.961   2  0.846   0.691 Y  0.450      SignalP-noTM
3300028580.a:Ga0268357_100070_147  0.253  26  0.458  26  0.977  11  0.874   0.621 Y  0.450      SignalP-TM
3300028580.a:Ga0268357_100070_147  0.289  24  0.530  24  0.993  16  0.958   0.731 Y  0.570      SignalP-noTM
3300028580.a:Ga0268357_100070_147  0.463  27  0.628  27  0.963  15  0.856   0.751 Y  0.450      SignalP-noTM
3300028580.a:Ga0268357_100070_18  0.184  28  0.327  28  0.875   6  0.685   0.467 Y  0.450      SignalP-TM
3300028580.a:Ga0268357_100070_18  0.188  21  0.403  21  0.930   2  0.883   0.628 Y  0.570      SignalP-noTM
3300028580.a:Ga0268357_100070_18  0.555  25  0.713  25  0.973  14  0.916   0.822 Y  0.450      SignalP-noTM
3300028580.a:Ga0268357_100070_24  0.806  33  0.816  33  0.994  16  0.917   0.863 Y  0.570      SignalP-noTM
3300028580.a:Ga0268357_100070_24  0.831  33  0.796  33  0.943  17  0.843   0.814 Y  0.450      SignalP-TM
3300028580.a:Ga0268357_100070_24  0.854  25  0.913  25  0.994  18  0.975   0.946 Y  0.450      SignalP-noTM
3300028580.a:Ga0268357_100070_27  0.573  38  0.692  38  0.906  34  0.696   0.693 Y  0.450      SignalP-TM
3300028580.a:Ga0268357_100070_27  0.601  33  0.618  33  0.875  32  0.557   0.594 Y  0.500      SignalP-TM
3300028580.a:Ga0268357_100070_27  0.612  38  0.758  38  0.987  32  0.870   0.810 Y  0.570      SignalP-noTM
3300028580.a:Ga0268357_100070_30  0.289  31  0.485  22  0.945   6  0.901   0.647 Y  0.450      SignalP-TM
3300028580.a:Ga0268357_100070_30  0.634  22  0.781  22  0.989  10  0.963   0.867 Y  0.570      SignalP-noTM
3300028580.a:Ga0268357_100070_30  0.906  22  0.926  22  0.988  12  0.947   0.937 Y  0.450      SignalP-noTM
3300028580.a:Ga0268357_100070_31  0.394  28  0.529  28  0.894  11  0.728   0.607 Y  0.450      SignalP-TM
3300028580.a:Ga0268357_100070_31  0.716  28  0.759  28  0.943   4  0.852   0.803 Y  0.570      SignalP-noTM
3300028580.a:Ga0268357_100070_31  0.884  28  0.839  28  0.921  10  0.807   0.822 Y  0.450      SignalP-noTM
3300028580.a:Ga0268357_100070_44  0.603  19  0.599  19  0.893   1  0.642   0.616 Y  0.500      SignalP-TM
3300028580.a:Ga0268357_100070_58  0.203  23  0.417  23  0.935  12  0.843   0.583 Y  0.450      SignalP-TM
3300028580.a:Ga0268357_100070_58  0.344  23  0.515  23  0.928  15  0.789   0.644 Y  0.570      SignalP-noTM
3300028580.a:Ga0268357_100070_58  0.683  23  0.773  23  0.951   3  0.875   0.828 Y  0.450      SignalP-noTM
3300028580.a:Ga0268357_100070_63  0.197  24  0.406  24  0.973  12  0.870   0.587 Y  0.450      SignalP-TM
3300028580.a:Ga0268357_100070_63  0.762  24  0.867  24  0.994  17  0.979   0.919 Y  0.570      SignalP-noTM
3300028580.a:Ga0268357_100070_63  0.851  24  0.899  24  0.985   6  0.949   0.926 Y  0.450      SignalP-noTM
3300028580.a:Ga0268357_100070_66  0.294  24  0.465  24  0.948  22  0.706   0.578 Y  0.570      SignalP-noTM
3300028580.a:Ga0268357_100070_68  0.321  25  0.510  25  0.879   5  0.807   0.670 Y  0.450      SignalP-noTM
3300028580.a:Ga0268357_100070_68  0.495  25  0.641  25  0.934   8  0.867   0.729 Y  0.450      SignalP-TM
3300028580.a:Ga0268357_100070_68  0.730  25  0.776  25  0.928   8  0.859   0.815 Y  0.570      SignalP-noTM
3300028580.a:Ga0268357_100070_69  0.338  30  0.521  30  0.944  19  0.815   0.635 Y  0.450      SignalP-TM
3300028580.a:Ga0268357_100070_69  0.508  25  0.674  25  0.946  14  0.884   0.787 Y  0.450      SignalP-noTM
3300028580.a:Ga0268357_100070_69  0.809  25  0.870  25  0.954  24  0.913   0.890 Y  0.570      SignalP-noTM
3300028580.a:Ga0268357_100070_92  0.369  21  0.484  21  0.767  18  0.564   0.515 Y  0.450      SignalP-TM
3300028580.a:Ga0268357_100070_92  0.693  21  0.744  21  0.868   3  0.803   0.776 Y  0.450      SignalP-noTM
3300028580.a:Ga0268357_100070_92  0.701  21  0.774  21  0.934  17  0.837   0.803 Y  0.570      SignalP-noTM
3300028580.a:Ga0268357_100107_104  0.531  30  0.692  30  0.957  17  0.894   0.771 Y  0.450      SignalP-TM
3300028580.a:Ga0268357_100107_104  0.762  30  0.820  30  0.991  16  0.898   0.862 Y  0.450      SignalP-noTM
3300028580.a:Ga0268357_100107_104  0.850  30  0.883  30  0.988  14  0.946   0.913 Y  0.570      SignalP-noTM
3300028580.a:Ga0268357_100107_109  0.193  27  0.386  26  0.890  12  0.779   0.571 Y  0.570      SignalP-noTM
3300028580.a:Ga0268357_100107_109  0.403  27  0.461  27  0.695  24  0.439   0.452 Y  0.450      SignalP-TM
3300028580.a:Ga0268357_100107_109  0.439  27  0.607  27  0.943   9  0.834   0.730 Y  0.450      SignalP-noTM
3300028580.a:Ga0268357_100107_11  0.427  22  0.595  22  0.889  18  0.808   0.678 Y  0.450      SignalP-TM
3300028580.a:Ga0268357_100107_11  0.853  22  0.861  22  0.920   4  0.870   0.866 Y  0.450      SignalP-noTM
3300028580.a:Ga0268357_100107_11  0.883  22  0.905  22  0.950  18  0.903   0.904 Y  0.570      SignalP-noTM
3300028580.a:Ga0268357_100107_15  0.394  22  0.591  22  0.970  11  0.882   0.748 Y  0.450      SignalP-noTM
3300028580.a:Ga0268357_100107_15  0.490  22  0.665  22  0.956   4  0.916   0.763 Y  0.450      SignalP-TM
3300028580.a:Ga0268357_100107_15  0.525  22  0.703  22  0.975  11  0.947   0.818 Y  0.570      SignalP-noTM
3300028580.a:Ga0268357_100107_23  0.726  22  0.552  22  0.669   6  0.475   0.521 Y  0.500      SignalP-TM
3300028580.a:Ga0268357_100107_47  0.259  41  0.283  13  0.864   6  0.804   0.486 Y  0.450      SignalP-TM
3300028580.a:Ga0268357_100107_61  0.314  19  0.552  19  0.990  13  0.977   0.781 Y  0.450      SignalP-noTM
3300028580.a:Ga0268357_100107_61  0.426  32  0.612  32  0.953  25  0.882   0.717 Y  0.450      SignalP-TM
3300028580.a:Ga0268357_100107_61  0.465  32  0.645  32  0.995  14  0.944   0.786 Y  0.570      SignalP-noTM
3300028580.a:Ga0268357_100107_62  0.192  19  0.361  19  0.743   2  0.670   0.528 Y  0.450      SignalP-noTM
3300028580.a:Ga0268357_100107_62  0.336  28  0.492  28  0.937  13  0.797   0.611 Y  0.450      SignalP-TM
3300028580.a:Ga0268357_100107_62  0.490  28  0.539  28  0.945  17  0.742   0.634 Y  0.570      SignalP-noTM
3300028580.a:Ga0268357_100107_68  0.826  22  0.688  22  0.698   1  0.556   0.635 Y  0.500      SignalP-TM
3300028580.a:Ga0268357_100107_69  0.165  22  0.393  22  0.971  15  0.935   0.648 Y  0.570      SignalP-noTM
3300028580.a:Ga0268357_100107_69  0.208  31  0.341  26  0.926  13  0.801   0.520 Y  0.450      SignalP-TM
3300028580.a:Ga0268357_100107_69  0.304  25  0.504  25  0.968  13  0.842   0.687 Y  0.450      SignalP-noTM
3300028580.a:Ga0268357_100107_72  0.642  22  0.555  22  0.697  18  0.503   0.534 Y  0.450      SignalP-TM
3300028580.a:Ga0268357_100107_72  0.831  22  0.784  22  0.892   1  0.768   0.777 Y  0.570      SignalP-noTM
3300028580.a:Ga0268357_100107_72  0.899  22  0.897  22  0.971  10  0.892   0.894 Y  0.450      SignalP-noTM
3300028580.a:Ga0268357_100107_86  0.471  31  0.650  31  0.940  22  0.856   0.730 Y  0.450      SignalP-TM
3300028580.a:Ga0268357_100107_86  0.532  31  0.683  31  0.979  17  0.891   0.795 Y  0.450      SignalP-noTM
3300028580.a:Ga0268357_100107_86  0.593  25  0.752  25  0.972  13  0.938   0.840 Y  0.570      SignalP-noTM
3300028580.a:Ga0268357_100107_9  0.625  32  0.702  32  0.971  12  0.873   0.769 Y  0.450      SignalP-TM
3300028580.a:Ga0268357_100107_9  0.629  32  0.731  32  0.985  16  0.876   0.809 Y  0.450      SignalP-noTM
3300028580.a:Ga0268357_100107_9  0.864  32  0.908  32  0.995  19  0.963   0.934 Y  0.570      SignalP-noTM
3300028580.a:Ga0268357_100108_1  0.341  40  0.557  40  0.952  31  0.608   0.577 Y  0.450      SignalP-TM
3300028580.a:Ga0268357_100108_1  0.508  40  0.619  40  0.901  37  0.475   0.566 Y  0.510      SignalP-TM
3300028580.a:Ga0268357_100108_1  0.688  38  0.795  38  0.984  26  0.786   0.790 Y  0.450      SignalP-noTM
3300028580.a:Ga0268357_100108_107  0.709  28  0.804  28  0.984  19  0.908   0.844 Y  0.450      SignalP-TM
3300028580.a:Ga0268357_100108_107  0.729  28  0.826  28  0.989  17  0.946   0.882 Y  0.570      SignalP-noTM
3300028580.a:Ga0268357_100108_107  0.759  28  0.822  28  0.991  16  0.897   0.863 Y  0.450      SignalP-noTM
3300028580.a:Ga0268357_100108_129  0.519  21  0.691  21  0.967  11  0.919   0.814 Y  0.450      SignalP-noTM
3300028580.a:Ga0268357_100108_15  0.332  30  0.391  19  0.848  12  0.707   0.518 Y  0.500      SignalP-TM
3300028580.a:Ga0268357_100108_15  0.498  30  0.553  30  0.844  13  0.655   0.593 Y  0.450      SignalP-TM
3300028580.a:Ga0268357_100108_22  0.135  32  0.298  22  0.833   4  0.702   0.516 Y  0.450      SignalP-noTM
3300028580.a:Ga0268357_100108_26  0.656  22  0.788  22  0.968  19  0.930   0.843 Y  0.450      SignalP-TM
3300028580.a:Ga0268357_100108_26  0.843  22  0.894  22  0.977  14  0.948   0.923 Y  0.450      SignalP-noTM
3300028580.a:Ga0268357_100108_26  0.866  22  0.919  22  0.984  17  0.958   0.937 Y  0.570      SignalP-noTM
3300028580.a:Ga0268357_100108_27  0.749  22  0.820  22  0.947  18  0.897   0.850 Y  0.450      SignalP-TM
3300028580.a:Ga0268357_100108_27  0.830  22  0.899  22  0.980  13  0.962   0.928 Y  0.570      SignalP-noTM
3300028580.a:Ga0268357_100108_27  0.886  22  0.919  22  0.976  12  0.954   0.938 Y  0.450      SignalP-noTM
3300028580.a:Ga0268357_100108_33  0.652  22  0.718  22  0.875   4  0.813   0.755 Y  0.450      SignalP-TM
3300028580.a:Ga0268357_100108_33  0.819  22  0.887  22  0.970  18  0.946   0.915 Y  0.570      SignalP-noTM
3300028580.a:Ga0268357_100108_33  0.898  22  0.931  22  0.987  13  0.965   0.949 Y  0.450      SignalP-noTM
3300028580.a:Ga0268357_100108_37  0.427  38  0.603  38  0.909  31  0.720   0.666 Y  0.450      SignalP-noTM
3300028580.a:Ga0268357_100108_60  0.180  24  0.341  24  0.779   8  0.663   0.467 Y  0.450      SignalP-TM
3300028580.a:Ga0268357_100108_62  0.557  34  0.694  34  0.955  20  0.843   0.775 Y  0.450      SignalP-noTM
3300028580.a:Ga0268357_100108_62  0.561  34  0.692  34  0.931  29  0.681   0.688 Y  0.450      SignalP-TM
3300028580.a:Ga0268357_100108_62  0.707  34  0.813  34  0.975  27  0.850   0.830 Y  0.570      SignalP-noTM
3300028580.a:Ga0268357_100108_63  0.736  31  0.815  31  0.988  19  0.914   0.869 Y  0.450      SignalP-noTM
3300028580.a:Ga0268357_100108_63  0.832  31  0.848  31  0.902  25  0.755   0.811 Y  0.450      SignalP-TM
3300028580.a:Ga0268357_100108_63  0.841  31  0.868  31  0.984  20  0.907   0.886 Y  0.570      SignalP-noTM
3300028580.a:Ga0268357_100108_68  0.596  25  0.680  25  0.867  18  0.781   0.720 Y  0.450      SignalP-TM
3300028580.a:Ga0268357_100108_68  0.723  25  0.750  25  0.955  10  0.849   0.796 Y  0.570      SignalP-noTM
3300028580.a:Ga0268357_100108_68  0.813  25  0.794  25  0.969   4  0.790   0.792 Y  0.450      SignalP-noTM
3300028580.a:Ga0268357_100108_72  0.428  36  0.518  36  0.848  13  0.702   0.590 Y  0.450      SignalP-TM
3300028580.a:Ga0268357_100108_72  0.508  36  0.596  36  0.956  22  0.753   0.670 Y  0.570      SignalP-noTM
3300028580.a:Ga0268357_100108_81  0.392  23  0.587  23  0.946   5  0.878   0.744 Y  0.450      SignalP-noTM
3300028580.a:Ga0268357_100108_83  0.263  37  0.478  37  0.944  28  0.675   0.555 Y  0.450      SignalP-TM
3300028580.a:Ga0268357_100108_83  0.381  37  0.575  37  0.979  29  0.807   0.684 Y  0.570      SignalP-noTM
3300028580.a:Ga0268357_100108_83  0.403  37  0.589  37  0.965  18  0.824   0.716 Y  0.450      SignalP-noTM
3300028580.a:Ga0268357_100108_9  0.487  28  0.608  28  0.943  11  0.820   0.691 Y  0.450      SignalP-TM
3300028580.a:Ga0268357_100108_9  0.637  28  0.737  28  0.976  14  0.872   0.810 Y  0.450      SignalP-noTM
3300028580.a:Ga0268357_100108_9  0.742  28  0.746  28  0.972  16  0.858   0.799 Y  0.570      SignalP-noTM
3300028580.a:Ga0268357_100119_110  0.336  20  0.525  20  0.922   7  0.838   0.650 Y  0.500      SignalP-TM
3300028580.a:Ga0268357_100119_111  0.414  24  0.615  24  0.957   7  0.928   0.737 Y  0.450      SignalP-TM
3300028580.a:Ga0268357_100119_111  0.848  24  0.899  24  0.981   9  0.957   0.926 Y  0.570      SignalP-noTM
3300028580.a:Ga0268357_100119_111  0.903  24  0.917  24  0.985  13  0.931   0.925 Y  0.450      SignalP-noTM
3300028580.a:Ga0268357_100119_112  0.519  35  0.479  35  0.697  24  0.526   0.498 Y  0.450      SignalP-TM
3300028580.a:Ga0268357_100119_16  0.464  24  0.613  24  0.911   5  0.838   0.701 Y  0.450      SignalP-TM
3300028580.a:Ga0268357_100119_16  0.677  24  0.753  24  0.971  18  0.889   0.817 Y  0.570      SignalP-noTM
3300028580.a:Ga0268357_100119_16  0.769  24  0.811  24  0.966   4  0.858   0.837 Y  0.450      SignalP-noTM
3300028580.a:Ga0268357_100119_19  0.601  26  0.719  23  0.985  10  0.950   0.827 Y  0.570      SignalP-noTM
3300028580.a:Ga0268357_100119_19  0.688  26  0.763  26  0.932  16  0.868   0.804 Y  0.450      SignalP-TM
3300028580.a:Ga0268357_100119_19  0.760  26  0.834  26  0.985  12  0.920   0.880 Y  0.450      SignalP-noTM
3300028580.a:Ga0268357_100119_51  0.503  41  0.523  41  0.906   7  0.600   0.553 Y  0.450      SignalP-TM
3300028580.a:Ga0268357_100119_77  0.447  41  0.628  41  0.971  32  0.613   0.620 Y  0.450      SignalP-noTM
3300028580.a:Ga0268357_100119_77  0.589  46  0.669  46  0.819  40  0.630   0.654 Y  0.450      SignalP-TM
3300028580.a:Ga0268357_100119_77  0.660  46  0.627  46  0.799  38  0.462   0.566 Y  0.510      SignalP-TM
3300028580.a:Ga0268357_100119_83  0.495  28  0.523  28  0.652  24  0.509   0.518 Y  0.510      SignalP-TM
3300028580.a:Ga0268357_100119_83  0.565  26  0.721  26  0.961  19  0.914   0.825 Y  0.450      SignalP-noTM
3300028580.a:Ga0268357_100119_83  0.602  28  0.656  28  0.845  10  0.714   0.678 Y  0.450      SignalP-TM
3300028580.a:Ga0268357_100119_87  0.178  25  0.372  25  0.937  14  0.837   0.591 Y  0.570      SignalP-noTM
3300028580.a:Ga0268357_100119_87  0.182  25  0.383  25  0.910  14  0.814   0.551 Y  0.450      SignalP-TM
3300028580.a:Ga0268357_100119_87  0.386  25  0.589  25  0.979   5  0.903   0.759 Y  0.450      SignalP-noTM
3300028580.a:Ga0268357_100119_88  0.294  32  0.460  19  0.980  14  0.950   0.725 Y  0.450      SignalP-noTM
3300028580.a:Ga0268357_100119_88  0.426  48  0.543  32  0.986  15  0.922   0.691 Y  0.450      SignalP-TM
3300028580.a:Ga0268357_100119_88  0.778  32  0.805  32  0.997  15  0.920   0.859 Y  0.570      SignalP-noTM
3300028580.a:Ga0268357_100119_89  0.726  23  0.814  23  0.939  17  0.876   0.838 Y  0.450      SignalP-TM
3300028580.a:Ga0268357_100119_89  0.759  24  0.854  22  0.988  12  0.964   0.914 Y  0.450      SignalP-noTM
3300028580.a:Ga0268357_100119_89  0.814  23  0.891  23  0.991  11  0.968   0.927 Y  0.570      SignalP-noTM
3300028580.a:Ga0268357_100119_90  0.747  31  0.639  31  0.741  13  0.548   0.604 Y  0.450      SignalP-TM
3300028580.a:Ga0268357_100120_105  0.583  28  0.667  28  0.962  10  0.859   0.757 Y  0.570      SignalP-noTM
3300028580.a:Ga0268357_100120_105  0.699  26  0.793  26  0.969   5  0.903   0.852 Y  0.450      SignalP-noTM
3300028580.a:Ga0268357_100120_105  0.787  28  0.794  28  0.915  22  0.834   0.810 Y  0.450      SignalP-TM
3300028580.a:Ga0268357_100120_116  0.526  40  0.573  40  0.798  37  0.408   0.509 Y  0.450      SignalP-TM
3300028580.a:Ga0268357_100120_16  0.739  25  0.794  25  0.958   5  0.856   0.828 Y  0.450      SignalP-noTM
3300028580.a:Ga0268357_100120_16  0.746  25  0.831  25  0.963   9  0.932   0.870 Y  0.450      SignalP-TM
3300028580.a:Ga0268357_100120_16  0.821  25  0.877  25  0.993   8  0.953   0.913 Y  0.570      SignalP-noTM
3300028580.a:Ga0268357_100120_38  0.333  31  0.555  31  0.996  19  0.951   0.741 Y  0.570      SignalP-noTM
3300028580.a:Ga0268357_100120_38  0.370  34  0.555  34  0.971  11  0.851   0.715 Y  0.450      SignalP-noTM
3300028580.a:Ga0268357_100120_38  0.380  36  0.551  31  0.983  18  0.942   0.703 Y  0.450      SignalP-TM
3300028580.a:Ga0268357_100120_42  0.351  24  0.463  24  0.752  17  0.553   0.498 Y  0.450      SignalP-TM
3300028580.a:Ga0268357_100120_46  0.828  25  0.823  25  0.897   9  0.815   0.820 Y  0.450      SignalP-TM
3300028580.a:Ga0268357_100120_46  0.881  25  0.899  25  0.951  15  0.914   0.907 Y  0.450      SignalP-noTM
3300028580.a:Ga0268357_100120_46  0.903  25  0.934  25  0.988  21  0.948   0.941 Y  0.570      SignalP-noTM
3300028580.a:Ga0268357_100120_47  0.514  34  0.531  34  0.707  30  0.553   0.540 Y  0.450      SignalP-TM
3300028580.a:Ga0268357_100120_47  0.593  32  0.565  32  0.717  30  0.527   0.549 Y  0.500      SignalP-TM
3300028580.a:Ga0268357_100120_51  0.610  26  0.637  26  0.843  11  0.673   0.657 Y  0.450      SignalP-noTM
3300028580.a:Ga0268357_100120_51  0.629  26  0.690  26  0.905  19  0.728   0.705 Y  0.450      SignalP-TM
3300028580.a:Ga0268357_100120_51  0.741  26  0.739  26  0.939  17  0.806   0.771 Y  0.570      SignalP-noTM
3300028580.a:Ga0268357_100120_53  0.503  22  0.667  22  0.942  16  0.864   0.744 Y  0.450      SignalP-TM
3300028580.a:Ga0268357_100120_53  0.789  22  0.878  22  0.988  18  0.967   0.920 Y  0.570      SignalP-noTM
3300028580.a:Ga0268357_100120_53  0.804  25  0.859  22  0.988  13  0.962   0.914 Y  0.450      SignalP-noTM
3300028580.a:Ga0268357_100120_57  0.480  39  0.574  39  0.928  35  0.703   0.635 Y  0.570      SignalP-noTM
3300028580.a:Ga0268357_100120_57  0.502  39  0.612  39  0.922  35  0.690   0.643 Y  0.450      SignalP-TM
3300028580.a:Ga0268357_100120_64  0.542  24  0.664  24  0.866  19  0.804   0.718 Y  0.450      SignalP-TM
3300028580.a:Ga0268357_100120_64  0.763  24  0.840  24  0.967  12  0.928   0.881 Y  0.570      SignalP-noTM
3300028580.a:Ga0268357_100120_64  0.776  24  0.842  24  0.979  12  0.914   0.881 Y  0.450      SignalP-noTM
3300028580.a:Ga0268357_100120_69  0.153  37  0.288  13  0.902   3  0.820   0.496 Y  0.450      SignalP-TM
3300028580.a:Ga0268357_100120_69  0.304  21  0.471  21  0.859   2  0.760   0.587 Y  0.500      SignalP-TM
3300028580.a:Ga0268357_100120_74  0.319  31  0.464  31  0.791  20  0.631   0.529 Y  0.450      SignalP-TM
3300028580.a:Ga0268357_100120_74  0.569  30  0.528  30  0.758   9  0.522   0.525 Y  0.500      SignalP-TM
3300028580.a:Ga0268357_100120_79  0.210  31  0.291  11  0.858   1  0.709   0.454 Y  0.450      SignalP-TM
3300028580.a:Ga0268357_100120_81  0.143  28  0.277  11  0.871   2  0.764   0.467 Y  0.450      SignalP-TM
3300028580.a:Ga0268357_100120_83  0.446  20  0.606  20  0.944  10  0.810   0.716 Y  0.450      SignalP-noTM
3300028580.a:Ga0268357_100120_85  0.362  25  0.515  25  0.865   4  0.730   0.631 Y  0.450      SignalP-noTM
3300028580.a:Ga0268357_100120_92  0.516  25  0.557  25  0.744  22  0.579   0.566 Y  0.500      SignalP-TM
3300028580.a:Ga0268357_100275_51  0.680  30  0.796  30  0.991  18  0.932   0.869 Y  0.450      SignalP-noTM
3300028580.a:Ga0268357_100275_51  0.732  30  0.800  30  0.987  18  0.920   0.857 Y  0.570      SignalP-noTM
3300028580.a:Ga0268357_100275_51  0.802  30  0.821  30  0.908  22  0.847   0.831 Y  0.450      SignalP-TM
3300028580.a:Ga0268357_100275_52  0.508  20  0.695  20  0.972  14  0.931   0.787 Y  0.450      SignalP-TM
3300028580.a:Ga0268357_100275_52  0.875  20  0.929  20  0.995  11  0.976   0.951 Y  0.570      SignalP-noTM
3300028580.a:Ga0268357_100275_52  0.913  20  0.934  20  0.985  11  0.952   0.944 Y  0.450      SignalP-noTM
3300028580.a:Ga0268357_100275_73  0.167  27  0.358  21  0.887  16  0.840   0.618 Y  0.450      SignalP-noTM
3300028580.a:Ga0268357_100275_73  0.345  28  0.495  28  0.975   8  0.842   0.658 Y  0.570      SignalP-noTM
3300028580.a:Ga0268357_100275_73  0.371  31  0.492  28  0.876  18  0.762   0.598 Y  0.450      SignalP-TM
3300028580.a:Ga0268357_100281_17  0.284  22  0.483  22  0.925   3  0.855   0.628 Y  0.450      SignalP-TM
3300028580.a:Ga0268357_100281_17  0.725  22  0.802  22  0.948   5  0.886   0.847 Y  0.450      SignalP-noTM
3300028580.a:Ga0268357_100281_17  0.785  22  0.850  22  0.970   7  0.936   0.890 Y  0.570      SignalP-noTM
3300028580.a:Ga0268357_100281_18  0.451  23  0.537  20  0.874   3  0.719   0.610 Y  0.500      SignalP-TM
3300028580.a:Ga0268357_100281_19  0.515  18  0.596  18  0.834  13  0.682   0.642 Y  0.450      SignalP-noTM
3300028580.a:Ga0268357_100281_22  0.355  45  0.482  45  0.759  35  0.516   0.495 Y  0.450      SignalP-TM
3300028580.a:Ga0268357_100281_23  0.379  26  0.525  26  0.976   3  0.758   0.651 Y  0.450      SignalP-noTM
3300028580.a:Ga0268357_100281_37  0.738  27  0.601  27  0.623   7  0.493   0.559 Y  0.450      SignalP-TM
3300028580.a:Ga0268357_100281_37  0.773  27  0.691  27  0.830  19  0.681   0.686 Y  0.570      SignalP-noTM
3300028580.a:Ga0268357_100281_37  0.792  27  0.744  27  0.898   7  0.717   0.729 Y  0.450      SignalP-noTM
3300028580.a:Ga0268357_100281_41  0.306  23  0.530  23  0.967  16  0.908   0.678 Y  0.450      SignalP-TM
3300028580.a:Ga0268357_100281_41  0.614  22  0.773  22  0.992  10  0.972   0.867 Y  0.570      SignalP-noTM
3300028580.a:Ga0268357_100281_41  0.859  22  0.912  22  0.993  11  0.968   0.943 Y  0.450      SignalP-noTM
3300028580.a:Ga0268357_100281_43  0.286  26  0.497  26  0.938  10  0.852   0.635 Y  0.450      SignalP-TM
3300028580.a:Ga0268357_100281_43  0.487  26  0.529  26  0.907   8  0.702   0.598 Y  0.500      SignalP-TM
3300028580.a:Ga0268357_100281_43  0.832  26  0.901  26  0.995  13  0.965   0.931 Y  0.570      SignalP-noTM
3300028580.a:Ga0268357_100281_52  0.251  19  0.463  19  0.914  14  0.860   0.650 Y  0.570      SignalP-noTM
3300028580.a:Ga0268357_100281_52  0.634  20  0.777  20  0.977  11  0.951   0.871 Y  0.450      SignalP-noTM
3300028580.a:Ga0268357_100281_61  0.132  25  0.292  15  0.881   5  0.842   0.507 Y  0.450      SignalP-TM
3300028580.a:Ga0268357_100281_61  0.147  25  0.356  20  0.950  17  0.886   0.605 Y  0.570      SignalP-noTM
3300028580.a:Ga0268357_100281_61  0.407  23  0.609  23  0.976   5  0.913   0.773 Y  0.450      SignalP-noTM
3300028580.a:Ga0268357_100281_9  0.574  29  0.693  29  0.974  12  0.860   0.783 Y  0.450      SignalP-noTM
3300028580.a:Ga0268357_100281_9  0.755  29  0.829  29  0.967  16  0.902   0.858 Y  0.450      SignalP-TM
3300028580.a:Ga0268357_100281_9  0.898  29  0.907  29  0.996  12  0.947   0.926 Y  0.570      SignalP-noTM
3300028580.a:Ga0268357_100325_10  0.409  32  0.469  32  0.954   9  0.727   0.570 Y  0.450      SignalP-TM
3300028580.a:Ga0268357_100325_10  0.834  32  0.824  32  0.989  12  0.907   0.863 Y  0.570      SignalP-noTM
3300028580.a:Ga0268357_100325_10  0.874  32  0.848  32  0.975  12  0.855   0.852 Y  0.450      SignalP-noTM
3300028580.a:Ga0268357_100325_12  0.598  30  0.712  30  0.987  11  0.915   0.808 Y  0.570      SignalP-noTM
3300028580.a:Ga0268357_100325_12  0.606  30  0.723  30  0.986   7  0.885   0.810 Y  0.450      SignalP-noTM
3300028580.a:Ga0268357_100325_12  0.653  30  0.720  30  0.879  23  0.690   0.709 Y  0.450      SignalP-TM
3300028580.a:Ga0268357_100325_16  0.213  19  0.386  19  0.810  16  0.709   0.515 Y  0.500      SignalP-TM
3300028580.a:Ga0268357_100325_2  0.687  39  0.691  39  0.859  33  0.351   0.558 Y  0.450      SignalP-TM
3300028580.a:Ga0268357_100325_20  0.476  32  0.591  32  0.980  17  0.852   0.692 Y  0.450      SignalP-TM
3300028580.a:Ga0268357_100325_20  0.623  22  0.777  22  0.989  14  0.968   0.880 Y  0.450      SignalP-noTM
3300028580.a:Ga0268357_100325_20  0.623  22  0.778  22  0.981  10  0.962   0.865 Y  0.570      SignalP-noTM
3300028580.a:Ga0268357_100325_3  0.390  29  0.552  29  0.950  16  0.832   0.662 Y  0.450      SignalP-TM
3300028580.a:Ga0268357_100325_3  0.716  29  0.811  29  0.985  17  0.938   0.870 Y  0.570      SignalP-noTM
3300028580.a:Ga0268357_100325_3  0.837  29  0.859  29  0.985  17  0.895   0.878 Y  0.450      SignalP-noTM
3300028580.a:Ga0268357_100325_32  0.147  26  0.342  26  0.883  20  0.784   0.515 Y  0.450      SignalP-TM
3300028580.a:Ga0268357_100325_32  0.204  24  0.425  24  0.958   3  0.888   0.643 Y  0.570      SignalP-noTM
3300028580.a:Ga0268357_100325_32  0.357  25  0.574  25  0.973  16  0.921   0.761 Y  0.450      SignalP-noTM
3300028580.a:Ga0268357_100325_37  0.286  34  0.439  34  0.940  14  0.809   0.583 Y  0.450      SignalP-TM
3300028580.a:Ga0268357_100325_37  0.354  22  0.588  22  0.985  13  0.971   0.768 Y  0.570      SignalP-noTM
3300028580.a:Ga0268357_100325_37  0.486  23  0.685  23  0.993  15  0.966   0.837 Y  0.450      SignalP-noTM
3300028580.a:Ga0268357_100325_54  0.477  39  0.599  39  0.865  33  0.717   0.645 Y  0.450      SignalP-TM
3300028580.a:Ga0268357_100325_54  0.673  39  0.782  39  0.985  33  0.828   0.804 Y  0.570      SignalP-noTM
3300028580.a:Ga0268357_100325_9  0.729  30  0.821  30  0.969  15  0.918   0.873 Y  0.450      SignalP-noTM
3300028580.a:Ga0268357_100325_9  0.783  30  0.834  30  0.934  18  0.826   0.831 Y  0.450      SignalP-TM
3300028580.a:Ga0268357_100325_9  0.852  30  0.902  30  0.989  15  0.948   0.924 Y  0.570      SignalP-noTM
3300028580.a:Ga0268357_100351_10  0.355  25  0.561  25  0.977  11  0.919   0.729 Y  0.570      SignalP-noTM
3300028580.a:Ga0268357_100351_10  0.413  25  0.612  25  0.953  10  0.903   0.725 Y  0.450      SignalP-TM
3300028580.a:Ga0268357_100351_10  0.621  26  0.750  26  0.968   5  0.909   0.836 Y  0.450      SignalP-noTM
3300028580.a:Ga0268357_100351_20  0.311  25  0.427  25  0.802  23  0.522   0.464 Y  0.450      SignalP-TM
3300028580.a:Ga0268357_100351_20  0.700  24  0.743  24  0.926  11  0.782   0.759 Y  0.500      SignalP-TM
3300028580.a:Ga0268357_100351_31  0.169  25  0.343  25  0.795  31  0.624   0.453 Y  0.450      SignalP-TM
3300028580.a:Ga0268357_100351_44  0.509  25  0.584  25  0.896  21  0.632   0.603 Y  0.450      SignalP-TM
3300028580.a:Ga0268357_100351_44  0.671  25  0.728  25  0.948  21  0.814   0.768 Y  0.570      SignalP-noTM
3300028580.a:Ga0268357_100351_44  0.682  25  0.759  25  0.930  19  0.849   0.808 Y  0.450      SignalP-noTM
3300028580.a:Ga0268357_100351_48  0.231  26  0.415  20  0.869  12  0.772   0.608 Y  0.450      SignalP-noTM
3300028580.a:Ga0268357_100351_48  0.300  25  0.484  25  0.856  18  0.746   0.586 Y  0.450      SignalP-TM
3300028580.a:Ga0268357_100351_53  0.166  24  0.363  24  0.844  18  0.779   0.525 Y  0.450      SignalP-TM
3300028580.a:Ga0268357_100351_55  0.624  21  0.769  21  0.983   4  0.945   0.864 Y  0.450      SignalP-noTM
3300028580.a:Ga0268357_100351_7  0.365  24  0.585  24  0.970  16  0.920   0.716 Y  0.450      SignalP-TM
3300028580.a:Ga0268357_100351_7  0.454  24  0.662  24  0.992  10  0.965   0.805 Y  0.570      SignalP-noTM
3300028580.a:Ga0268357_100351_7  0.475  24  0.668  24  0.983   4  0.941   0.815 Y  0.450      SignalP-noTM
3300028580.a:Ga0268357_100351_8  0.196  40  0.329  28  0.858  10  0.691   0.470 Y  0.450      SignalP-TM
3300028580.a:Ga0268357_100351_8  0.258  20  0.481  20  0.928  12  0.898   0.677 Y  0.570      SignalP-noTM
3300028580.a:Ga0268357_100351_8  0.475  20  0.655  20  0.958  12  0.902   0.788 Y  0.450      SignalP-noTM
3300028580.a:Ga0268357_100398_26  0.394  33  0.437  33  0.798  25  0.517   0.480 Y  0.450      SignalP-noTM
3300028580.a:Ga0268357_100398_34  0.861  30  0.645  30  0.740  21  0.574   0.612 Y  0.570      SignalP-noTM
3300028580.a:Ga0268357_100398_34  0.875  30  0.798  30  0.835  16  0.679   0.751 Y  0.450      SignalP-TM
3300028580.a:Ga0268357_100398_36  0.263  27  0.431  27  0.911  16  0.764   0.561 Y  0.450      SignalP-TM
3300028580.a:Ga0268357_100398_36  0.638  22  0.785  22  0.984   6  0.967   0.883 Y  0.450      SignalP-noTM
3300028580.a:Ga0268357_100398_36  0.760  27  0.834  27  0.984  13  0.940   0.884 Y  0.570      SignalP-noTM
3300028580.a:Ga0268357_100398_41  0.179  35  0.383  35  0.873  34  0.707   0.509 Y  0.450      SignalP-TM
3300028580.a:Ga0268357_100398_41  0.457  36  0.528  36  0.796  31  0.519   0.525 Y  0.510      SignalP-TM
3300028580.a:Ga0268357_100398_41  0.531  29  0.717  29  0.990  21  0.953   0.844 Y  0.450      SignalP-noTM
3300028580.a:Ga0268357_100398_43  0.226  48  0.385  48  0.823  29  0.666   0.495 Y  0.450      SignalP-TM
3300028580.a:Ga0268357_100398_6  0.631  23  0.778  23  0.976   7  0.959   0.849 Y  0.450      SignalP-TM
3300028580.a:Ga0268357_100398_6  0.644  23  0.782  23  0.986  13  0.948   0.871 Y  0.450      SignalP-noTM
3300028580.a:Ga0268357_100398_6  0.805  23  0.888  23  0.992  15  0.974   0.929 Y  0.570      SignalP-noTM
3300028580.a:Ga0268357_100398_7  0.224  41  0.380  28  0.894   9  0.752   0.525 Y  0.450      SignalP-TM
3300028580.a:Ga0268357_100398_7  0.450  28  0.589  28  0.915  10  0.831   0.703 Y  0.570      SignalP-noTM
3300028580.a:Ga0268357_100522_13  0.138  34  0.278  15  0.819   7  0.775   0.472 Y  0.450      SignalP-TM
3300028580.a:Ga0268357_100522_14  0.464  29  0.604  29  0.959  14  0.849   0.719 Y  0.570      SignalP-noTM
3300028580.a:Ga0268357_100522_14  0.572  29  0.646  29  0.919  16  0.800   0.706 Y  0.450      SignalP-TM
3300028580.a:Ga0268357_100522_30  0.287  25  0.438  25  0.856   4  0.740   0.556 Y  0.450      SignalP-TM
3300028580.a:Ga0268357_100522_30  0.608  25  0.698  25  0.954  12  0.862   0.775 Y  0.570      SignalP-noTM
3300028580.a:Ga0268357_100522_30  0.836  25  0.825  25  0.969   3  0.824   0.825 Y  0.450      SignalP-noTM
3300028580.a:Ga0268357_100522_31  0.226  25  0.418  25  0.918  19  0.814   0.572 Y  0.450      SignalP-TM
3300028580.a:Ga0268357_100522_31  0.501  25  0.670  25  0.981  13  0.900   0.794 Y  0.450      SignalP-noTM
3300028580.a:Ga0268357_100522_31  0.738  25  0.813  25  0.973  10  0.924   0.865 Y  0.570      SignalP-noTM
3300028580.a:Ga0268357_100522_32  0.261  49  0.370  28  0.715  12  0.611   0.464 Y  0.450      SignalP-TM
3300028580.a:Ga0268357_100624_17  0.319  30  0.521  30  0.987  14  0.877   0.713 Y  0.450      SignalP-noTM
3300028580.a:Ga0268357_100643_23  0.233  23  0.426  23  0.894  16  0.801   0.572 Y  0.450      SignalP-TM
3300028580.a:Ga0268357_100643_23  0.569  23  0.717  23  0.983  11  0.929   0.817 Y  0.570      SignalP-noTM
3300028580.a:Ga0268357_100643_23  0.800  21  0.868  21  0.982  12  0.944   0.909 Y  0.450      SignalP-noTM
3300028580.a:Ga0268357_100643_24  0.629  22  0.613  22  0.846   5  0.678   0.639 Y  0.450      SignalP-TM
3300028580.a:Ga0268357_100643_24  0.878  22  0.916  22  0.984  18  0.951   0.932 Y  0.570      SignalP-noTM
3300028580.a:Ga0268357_100643_24  0.897  22  0.916  22  0.969  11  0.937   0.927 Y  0.450      SignalP-noTM
3300028580.a:Ga0268357_100643_3  0.184  36  0.312  25  0.837  14  0.723   0.472 Y  0.450      SignalP-TM
3300028580.a:Ga0268357_100643_3  0.358  26  0.586  26  0.994  18  0.955   0.785 Y  0.450      SignalP-noTM
3300028580.a:Ga0268357_100726_23  0.191  35  0.387  24  0.878  19  0.788   0.604 Y  0.450      SignalP-noTM
3300028580.a:Ga0268357_100726_23  0.232  32  0.365  32  0.881  11  0.703   0.497 Y  0.450      SignalP-TM
3300028580.a:Ga0268357_100726_24  0.291  28  0.488  28  0.892  22  0.763   0.595 Y  0.450      SignalP-TM
3300028580.a:Ga0268357_100726_24  0.732  28  0.787  28  0.941  19  0.853   0.823 Y  0.450      SignalP-noTM
3300028580.a:Ga0268357_100726_24  0.735  28  0.810  28  0.964  20  0.889   0.847 Y  0.570      SignalP-noTM
3300028580.a:Ga0268357_100830_17  0.277  36  0.396  36  0.880  14  0.738   0.529 Y  0.450      SignalP-TM
3300028580.a:Ga0268357_100830_17  0.334  26  0.436  26  0.707  10  0.596   0.500 Y  0.500      SignalP-TM
3300028580.a:Ga0268357_100830_2  0.450  24  0.611  24  0.944   8  0.864   0.709 Y  0.450      SignalP-TM
3300028580.a:Ga0268357_100830_2  0.761  24  0.824  22  0.979  11  0.957   0.887 Y  0.570      SignalP-noTM
3300028580.a:Ga0268357_100830_2  0.864  24  0.889  24  0.979  12  0.917   0.904 Y  0.450      SignalP-noTM
3300028580.a:Ga0268357_100830_22  0.370  29  0.455  29  0.815   9  0.600   0.533 Y  0.450      SignalP-noTM
3300028580.a:Ga0268357_100830_22  0.373  22  0.510  22  0.830  20  0.664   0.582 Y  0.570      SignalP-noTM
3300028580.a:Ga0268357_100830_7  0.793  24  0.653  24  0.790   1  0.585   0.626 Y  0.500      SignalP-TM
3300028580.a:Ga0268357_100830_9  0.374  27  0.487  27  0.869  11  0.697   0.571 Y  0.500      SignalP-TM
3300028580.a:Ga0268357_101507_3  0.156  49  0.279  12  0.813   1  0.763   0.468 Y  0.450      SignalP-TM
3300028580.a:Ga0268357_101507_5  0.388  24  0.612  24  0.992  11  0.968   0.779 Y  0.570      SignalP-noTM
3300028580.a:Ga0268357_101507_5  0.482  29  0.628  29  0.921   5  0.861   0.719 Y  0.450      SignalP-TM
3300028580.a:Ga0268357_101507_5  0.485  19  0.687  19  0.990  14  0.977   0.843 Y  0.450      SignalP-noTM
3300028580.a:Ga0268357_101507_6  0.601  28  0.675  28  0.831  12  0.719   0.692 Y  0.450      SignalP-TM
3300028580.a:Ga0268357_101507_6  0.716  28  0.773  28  0.947  19  0.884   0.825 Y  0.570      SignalP-noTM
3300028580.a:Ga0268357_101507_6  0.863  28  0.868  28  0.941  16  0.866   0.867 Y  0.450      SignalP-noTM
3300028580.a:Ga0268357_103292_3  0.384  28  0.513  28  0.791  27  0.577   0.536 Y  0.510      SignalP-TM
3300028580.a:Ga0268357_103292_3  0.431  41  0.606  33  0.947  26  0.827   0.692 Y  0.450      SignalP-TM
3300028580.a:Ga0268357_103292_3  0.757  33  0.807  33  0.996  15  0.897   0.856 Y  0.450      SignalP-noTM
3300028580.a:Ga0268357_103415_2  0.320  21  0.483  21  0.899  17  0.754   0.588 Y  0.450      SignalP-TM
3300028580.a:Ga0268357_103415_2  0.457  21  0.656  21  0.956  17  0.932   0.785 Y  0.570      SignalP-noTM
3300028580.a:Ga0268357_103415_2  0.870  21  0.914  21  0.982  12  0.961   0.940 Y  0.450      SignalP-noTM
3300028580.a:Ga0268357_104171_2  0.211  20  0.336  20  0.731   5  0.559   0.456 Y  0.450      SignalP-noTM
