3300007360.a:Ga0104766_1000005_12  0.251  31  0.368  21  0.843   3  0.746   0.572 Y  0.450      SignalP-noTM
3300007360.a:Ga0104766_1000005_135  0.348  27  0.551  27  0.965  15  0.900   0.687 Y  0.450      SignalP-TM
3300007360.a:Ga0104766_1000005_135  0.588  27  0.701  27  0.942  17  0.835   0.773 Y  0.450      SignalP-noTM
3300007360.a:Ga0104766_1000005_135  0.593  27  0.729  27  0.981  18  0.921   0.819 Y  0.570      SignalP-noTM
3300007360.a:Ga0104766_1000005_136  0.152  30  0.349  22  0.907   9  0.823   0.534 Y  0.450      SignalP-TM
3300007360.a:Ga0104766_1000005_136  0.231  25  0.406  25  0.915   1  0.776   0.580 Y  0.570      SignalP-noTM
3300007360.a:Ga0104766_1000005_136  0.683  21  0.802  21  0.980  11  0.939   0.876 Y  0.450      SignalP-noTM
3300007360.a:Ga0104766_1000005_143  0.239  31  0.377  31  0.958  16  0.780   0.534 Y  0.450      SignalP-TM
3300007360.a:Ga0104766_1000005_143  0.302  22  0.524  22  0.957  16  0.920   0.710 Y  0.570      SignalP-noTM
3300007360.a:Ga0104766_1000005_143  0.403  24  0.586  24  0.981  12  0.856   0.732 Y  0.450      SignalP-noTM
3300007360.a:Ga0104766_1000005_19  0.294  25  0.445  25  0.871   2  0.691   0.578 Y  0.450      SignalP-noTM
3300007360.a:Ga0104766_1000005_225  0.234  24  0.444  24  0.963   6  0.884   0.615 Y  0.450      SignalP-TM
3300007360.a:Ga0104766_1000005_225  0.438  22  0.638  22  0.958   1  0.936   0.778 Y  0.570      SignalP-noTM
3300007360.a:Ga0104766_1000005_225  0.595  22  0.729  22  0.957  12  0.891   0.816 Y  0.450      SignalP-noTM
3300007360.a:Ga0104766_1000005_228  0.217  19  0.379  19  0.818   1  0.626   0.513 Y  0.450      SignalP-noTM
3300007360.a:Ga0104766_1000005_228  0.280  19  0.401  19  0.686  15  0.553   0.460 Y  0.450      SignalP-TM
3300007360.a:Ga0104766_1000005_239  0.206  32  0.366  32  0.947   6  0.790   0.531 Y  0.450      SignalP-TM
3300007360.a:Ga0104766_1000005_239  0.459  22  0.663  22  0.989  15  0.958   0.822 Y  0.450      SignalP-noTM
3300007360.a:Ga0104766_1000005_246  0.233  35  0.404  24  0.956  16  0.920   0.605 Y  0.450      SignalP-TM
3300007360.a:Ga0104766_1000005_246  0.278  23  0.491  23  0.939   5  0.889   0.678 Y  0.570      SignalP-noTM
3300007360.a:Ga0104766_1000005_246  0.395  25  0.585  25  0.968   5  0.868   0.738 Y  0.450      SignalP-noTM
3300007360.a:Ga0104766_1000005_259  0.177  40  0.355  40  0.782  31  0.627   0.461 Y  0.450      SignalP-TM
3300007360.a:Ga0104766_1000005_31  0.220  28  0.461  28  0.992  19  0.968   0.659 Y  0.450      SignalP-TM
3300007360.a:Ga0104766_1000005_31  0.237  22  0.463  22  0.981  19  0.912   0.706 Y  0.450      SignalP-noTM
3300007360.a:Ga0104766_1000005_31  0.327  26  0.564  26  0.991  14  0.966   0.753 Y  0.570      SignalP-noTM
3300007360.a:Ga0104766_1000005_38  0.714  28  0.804  28  0.990  15  0.908   0.860 Y  0.450      SignalP-noTM
3300007360.a:Ga0104766_1000005_42  0.145  23  0.347  23  0.958   4  0.834   0.610 Y  0.450      SignalP-noTM
3300007360.a:Ga0104766_1000005_42  0.152  28  0.323  24  0.939   5  0.835   0.523 Y  0.450      SignalP-TM
3300007360.a:Ga0104766_1000005_42  0.174  19  0.397  19  0.942   8  0.914   0.640 Y  0.570      SignalP-noTM
3300007360.a:Ga0104766_1000005_51  0.172  27  0.360  23  0.955   4  0.902   0.615 Y  0.570      SignalP-noTM
3300007360.a:Ga0104766_1000005_51  0.218  27  0.424  27  0.965  15  0.880   0.602 Y  0.450      SignalP-TM
3300007360.a:Ga0104766_1000005_51  0.777  27  0.751  27  0.930   6  0.751   0.751 Y  0.450      SignalP-noTM
3300007360.a:Ga0104766_1000005_52  0.237  31  0.404  31  0.974  16  0.828   0.569 Y  0.450      SignalP-TM
3300007360.a:Ga0104766_1000005_52  0.332  23  0.533  23  0.963   2  0.857   0.708 Y  0.450      SignalP-noTM
3300007360.a:Ga0104766_1000005_52  0.442  19  0.639  19  0.956  16  0.928   0.775 Y  0.570      SignalP-noTM
3300007360.a:Ga0104766_1000005_60  0.200  30  0.367  30  0.890  28  0.725   0.507 Y  0.450      SignalP-TM
3300007360.a:Ga0104766_1000005_61  0.273  25  0.495  25  0.963  15  0.914   0.658 Y  0.450      SignalP-TM
3300007360.a:Ga0104766_1000005_61  0.306  24  0.528  24  0.968   5  0.911   0.735 Y  0.450      SignalP-noTM
3300007360.a:Ga0104766_1000005_61  0.669  23  0.794  23  0.982   8  0.952   0.868 Y  0.570      SignalP-noTM
3300007360.a:Ga0104766_1000005_79  0.175  22  0.402  22  0.956   6  0.929   0.650 Y  0.570      SignalP-noTM
3300007360.a:Ga0104766_1000005_79  0.211  39  0.326  22  0.930  15  0.908   0.553 Y  0.450      SignalP-TM
3300007360.a:Ga0104766_1000005_79  0.244  21  0.473  21  0.968   6  0.922   0.716 Y  0.450      SignalP-noTM
3300007360.a:Ga0104766_1000005_81  0.260  34  0.407  29  0.892  16  0.797   0.559 Y  0.450      SignalP-TM
3300007360.a:Ga0104766_1000005_81  0.291  28  0.443  28  0.910   7  0.692   0.578 Y  0.450      SignalP-noTM
3300007360.a:Ga0104766_1000005_95  0.234  29  0.394  23  0.872  17  0.655   0.496 Y  0.450      SignalP-TM
3300007360.a:Ga0104766_1000009_1  0.469  25  0.471  25  0.663  10  0.491   0.479 Y  0.450      SignalP-TM
3300007360.a:Ga0104766_1000009_102  0.148  27  0.370  22  0.968  16  0.945   0.594 Y  0.450      SignalP-TM
3300007360.a:Ga0104766_1000009_102  0.202  22  0.398  22  0.915  17  0.750   0.528 Y  0.510      SignalP-TM
3300007360.a:Ga0104766_1000009_102  0.608  22  0.761  22  0.987  14  0.954   0.865 Y  0.450      SignalP-noTM
3300007360.a:Ga0104766_1000009_103  0.177  24  0.371  24  0.947   1  0.824   0.584 Y  0.570      SignalP-noTM
3300007360.a:Ga0104766_1000009_103  0.193  22  0.423  22  0.955  17  0.883   0.602 Y  0.450      SignalP-TM
3300007360.a:Ga0104766_1000009_103  0.551  24  0.680  24  0.958   3  0.842   0.767 Y  0.450      SignalP-noTM
3300007360.a:Ga0104766_1000009_114  0.420  27  0.580  27  0.887  20  0.738   0.642 Y  0.450      SignalP-TM
3300007360.a:Ga0104766_1000009_114  0.507  27  0.674  27  0.958   8  0.893   0.792 Y  0.450      SignalP-noTM
3300007360.a:Ga0104766_1000009_114  0.528  26  0.568  26  0.728  11  0.578   0.571 Y  0.510      SignalP-TM
3300007360.a:Ga0104766_1000009_115  0.698  31  0.600  31  0.858   6  0.682   0.632 Y  0.450      SignalP-TM
3300007360.a:Ga0104766_1000009_115  0.756  31  0.786  31  0.975   7  0.851   0.821 Y  0.450      SignalP-noTM
3300007360.a:Ga0104766_1000009_123  0.441  38  0.475  38  0.738  12  0.604   0.525 Y  0.450      SignalP-TM
3300007360.a:Ga0104766_1000009_154  0.473  20  0.512  20  0.817   1  0.610   0.551 Y  0.500      SignalP-TM
3300007360.a:Ga0104766_1000009_155  0.298  24  0.509  24  0.967  13  0.870   0.704 Y  0.450      SignalP-noTM
3300007360.a:Ga0104766_1000009_159  0.240  18  0.459  18  0.934   3  0.865   0.678 Y  0.450      SignalP-noTM
3300007360.a:Ga0104766_1000009_159  0.258  28  0.439  28  0.932  16  0.805   0.582 Y  0.450      SignalP-TM
3300007360.a:Ga0104766_1000009_161  0.381  26  0.568  26  0.971  13  0.859   0.725 Y  0.450      SignalP-noTM
3300007360.a:Ga0104766_1000009_161  0.600  26  0.712  26  0.915  12  0.812   0.751 Y  0.450      SignalP-TM
3300007360.a:Ga0104766_1000009_161  0.736  26  0.749  26  0.892  20  0.783   0.765 Y  0.570      SignalP-noTM
3300007360.a:Ga0104766_1000009_162  0.553  26  0.729  26  0.990  15  0.959   0.853 Y  0.450      SignalP-noTM
3300007360.a:Ga0104766_1000009_162  0.671  26  0.740  26  0.948  10  0.855   0.785 Y  0.450      SignalP-TM
3300007360.a:Ga0104766_1000009_162  0.744  26  0.672  26  0.733  25  0.632   0.658 Y  0.510      SignalP-TM
3300007360.a:Ga0104766_1000009_163  0.668  34  0.750  34  0.937  32  0.758   0.753 Y  0.450      SignalP-TM
3300007360.a:Ga0104766_1000009_183  0.563  18  0.703  18  0.936   2  0.863   0.790 Y  0.450      SignalP-noTM
3300007360.a:Ga0104766_1000009_19  0.143  33  0.281  11  0.820   2  0.782   0.476 Y  0.450      SignalP-TM
3300007360.a:Ga0104766_1000009_198  0.548  26  0.648  26  0.890  13  0.744   0.685 Y  0.450      SignalP-TM
3300007360.a:Ga0104766_1000009_198  0.833  26  0.844  26  0.957  13  0.858   0.851 Y  0.450      SignalP-noTM
3300007360.a:Ga0104766_1000009_209  0.252  30  0.468  27  0.969  23  0.901   0.672 Y  0.570      SignalP-noTM
3300007360.a:Ga0104766_1000009_209  0.437  27  0.588  27  0.898  23  0.733   0.645 Y  0.450      SignalP-TM
3300007360.a:Ga0104766_1000009_209  0.561  27  0.710  27  0.953  23  0.884   0.804 Y  0.450      SignalP-noTM
3300007360.a:Ga0104766_1000009_210  0.643  25  0.708  25  0.831  18  0.752   0.725 Y  0.450      SignalP-TM
3300007360.a:Ga0104766_1000009_210  0.802  25  0.757  25  0.923  13  0.774   0.765 Y  0.570      SignalP-noTM
3300007360.a:Ga0104766_1000009_210  0.866  25  0.862  25  0.955  12  0.860   0.861 Y  0.450      SignalP-noTM
3300007360.a:Ga0104766_1000009_40  0.193  32  0.339  27  0.925  13  0.772   0.508 Y  0.450      SignalP-TM
3300007360.a:Ga0104766_1000009_72  0.182  29  0.368  25  0.915  17  0.819   0.544 Y  0.450      SignalP-TM
3300007360.a:Ga0104766_1000009_72  0.229  22  0.450  22  0.956   4  0.883   0.684 Y  0.450      SignalP-noTM
3300007360.a:Ga0104766_1000009_72  0.453  20  0.618  20  0.919  17  0.861   0.732 Y  0.570      SignalP-noTM
3300007360.a:Ga0104766_1000009_76  0.260  30  0.427  30  0.960  13  0.811   0.577 Y  0.450      SignalP-TM
3300007360.a:Ga0104766_1000009_76  0.374  23  0.592  23  0.967  18  0.940   0.756 Y  0.570      SignalP-noTM
3300007360.a:Ga0104766_1000009_76  0.732  24  0.823  24  0.981  14  0.925   0.878 Y  0.450      SignalP-noTM
3300007360.a:Ga0104766_1000009_77  0.334  22  0.531  22  0.911  17  0.807   0.638 Y  0.450      SignalP-TM
3300007360.a:Ga0104766_1000009_77  0.426  20  0.580  20  0.940   1  0.764   0.679 Y  0.450      SignalP-noTM
3300007360.a:Ga0104766_1000009_82  0.373  21  0.515  21  0.871  14  0.710   0.593 Y  0.500      SignalP-TM
3300007360.a:Ga0104766_1000009_97  0.298  24  0.476  24  0.889   9  0.787   0.597 Y  0.450      SignalP-TM
3300007360.a:Ga0104766_1000009_97  0.333  24  0.501  24  0.922   3  0.813   0.648 Y  0.570      SignalP-noTM
3300007360.a:Ga0104766_1000009_97  0.796  21  0.863  21  0.970  11  0.933   0.901 Y  0.450      SignalP-noTM
3300007360.a:Ga0104766_1000009_98  0.262  32  0.421  25  0.938  11  0.860   0.592 Y  0.450      SignalP-TM
3300007360.a:Ga0104766_1000009_98  0.359  23  0.587  23  0.977  13  0.958   0.761 Y  0.570      SignalP-noTM
3300007360.a:Ga0104766_1000009_98  0.664  26  0.769  26  0.976  14  0.893   0.836 Y  0.450      SignalP-noTM
3300007360.a:Ga0104766_1000014_119  0.399  20  0.489  20  0.823   9  0.628   0.545 Y  0.500      SignalP-TM
3300007360.a:Ga0104766_1000014_120  0.410  36  0.510  36  0.933   6  0.766   0.610 Y  0.450      SignalP-TM
3300007360.a:Ga0104766_1000014_121  0.149  35  0.288  19  0.839   8  0.758   0.471 Y  0.450      SignalP-TM
3300007360.a:Ga0104766_1000014_122  0.692  28  0.595  28  0.766   8  0.561   0.582 Y  0.500      SignalP-TM
3300007360.a:Ga0104766_1000014_122  0.728  28  0.771  28  0.903  12  0.810   0.786 Y  0.450      SignalP-TM
3300007360.a:Ga0104766_1000014_128  0.226  35  0.290  11  0.881   6  0.862   0.513 Y  0.450      SignalP-TM
3300007360.a:Ga0104766_1000014_144  0.441  33  0.439  33  0.975   7  0.760   0.590 Y  0.570      SignalP-noTM
3300007360.a:Ga0104766_1000014_144  0.447  23  0.649  23  0.980   5  0.943   0.808 Y  0.450      SignalP-noTM
3300007360.a:Ga0104766_1000014_144  0.661  33  0.701  33  0.983  16  0.873   0.768 Y  0.450      SignalP-TM
3300007360.a:Ga0104766_1000014_184  0.156  27  0.353  21  0.936   7  0.877   0.557 Y  0.450      SignalP-TM
3300007360.a:Ga0104766_1000014_184  0.336  21  0.488  21  0.864   7  0.762   0.589 Y  0.510      SignalP-TM
3300007360.a:Ga0104766_1000014_184  0.654  21  0.725  21  0.906   7  0.821   0.764 Y  0.500      SignalP-TM
3300007360.a:Ga0104766_1000014_190  0.499  42  0.610  42  0.874  36  0.570   0.588 Y  0.450      SignalP-noTM
3300007360.a:Ga0104766_1000014_197  0.170  28  0.384  28  0.977  16  0.918   0.592 Y  0.450      SignalP-TM
3300007360.a:Ga0104766_1000014_197  0.225  21  0.446  21  0.964   5  0.888   0.685 Y  0.450      SignalP-noTM
3300007360.a:Ga0104766_1000014_197  0.268  23  0.497  23  0.978   8  0.939   0.705 Y  0.570      SignalP-noTM
3300007360.a:Ga0104766_1000014_23  0.517  34  0.540  34  0.845   8  0.627   0.574 Y  0.450      SignalP-TM
3300007360.a:Ga0104766_1000014_37  0.485  21  0.579  21  0.762  10  0.646   0.605 Y  0.450      SignalP-TM
3300007360.a:Ga0104766_1000014_37  0.504  21  0.679  21  0.946   3  0.915   0.806 Y  0.450      SignalP-noTM
3300007360.a:Ga0104766_1000014_63  0.212  37  0.380  37  0.830  30  0.596   0.464 Y  0.450      SignalP-TM
3300007360.a:Ga0104766_1000029_106  0.199  30  0.374  27  0.961  19  0.850   0.597 Y  0.570      SignalP-noTM
3300007360.a:Ga0104766_1000029_106  0.276  36  0.357  36  0.919  20  0.679   0.483 Y  0.450      SignalP-TM
3300007360.a:Ga0104766_1000029_106  0.372  26  0.560  26  0.936   7  0.846   0.714 Y  0.450      SignalP-noTM
3300007360.a:Ga0104766_1000029_118  0.348  37  0.434  37  0.935   9  0.745   0.556 Y  0.450      SignalP-TM
3300007360.a:Ga0104766_1000029_12  0.513  29  0.611  29  0.953  14  0.765   0.694 Y  0.450      SignalP-noTM
3300007360.a:Ga0104766_1000029_124  0.385  19  0.488  19  0.682   8  0.613   0.555 Y  0.450      SignalP-noTM
3300007360.a:Ga0104766_1000029_124  0.468  19  0.590  19  0.818  18  0.738   0.659 Y  0.570      SignalP-noTM
3300007360.a:Ga0104766_1000029_135  0.199  31  0.362  29  0.979  13  0.866   0.599 Y  0.570      SignalP-noTM
3300007360.a:Ga0104766_1000029_135  0.333  31  0.460  31  0.982   7  0.822   0.601 Y  0.450      SignalP-TM
3300007360.a:Ga0104766_1000029_140  0.250  53  0.326  37  0.828   9  0.646   0.451 Y  0.450      SignalP-TM
3300007360.a:Ga0104766_1000029_29  0.385  35  0.451  35  0.871   2  0.650   0.529 Y  0.450      SignalP-TM
3300007360.a:Ga0104766_1000029_3  0.319  36  0.454  36  0.791  29  0.596   0.510 Y  0.450      SignalP-TM
3300007360.a:Ga0104766_1000029_34  0.308  32  0.417  32  0.722   5  0.585   0.482 Y  0.450      SignalP-TM
3300007360.a:Ga0104766_1000029_4  0.171  27  0.346  27  0.878   9  0.779   0.515 Y  0.450      SignalP-TM
3300007360.a:Ga0104766_1000029_4  0.247  25  0.444  25  0.943   5  0.807   0.640 Y  0.450      SignalP-noTM
3300007360.a:Ga0104766_1000029_5  0.135  23  0.324  23  0.898   3  0.777   0.569 Y  0.450      SignalP-noTM
3300007360.a:Ga0104766_1000029_55  0.586  36  0.656  36  0.889  27  0.745   0.691 Y  0.450      SignalP-TM
3300007360.a:Ga0104766_1000029_6  0.176  21  0.381  21  0.929   9  0.814   0.615 Y  0.450      SignalP-noTM
3300007360.a:Ga0104766_1000029_6  0.282  24  0.448  24  0.809  16  0.719   0.554 Y  0.450      SignalP-TM
3300007360.a:Ga0104766_1000035_100  0.493  29  0.530  29  0.686  23  0.522   0.527 Y  0.500      SignalP-TM
3300007360.a:Ga0104766_1000035_100  0.838  29  0.846  29  0.939  14  0.877   0.858 Y  0.450      SignalP-TM
3300007360.a:Ga0104766_1000035_100  0.858  29  0.913  29  0.995  14  0.967   0.938 Y  0.570      SignalP-noTM
3300007360.a:Ga0104766_1000035_101  0.588  32  0.586  32  0.993  12  0.824   0.698 Y  0.570      SignalP-noTM
3300007360.a:Ga0104766_1000035_101  0.807  32  0.823  32  0.982  15  0.902   0.854 Y  0.450      SignalP-TM
3300007360.a:Ga0104766_1000035_102  0.408  25  0.546  25  0.942  17  0.797   0.664 Y  0.570      SignalP-noTM
3300007360.a:Ga0104766_1000035_102  0.502  25  0.571  25  0.875  17  0.666   0.608 Y  0.450      SignalP-TM
3300007360.a:Ga0104766_1000035_102  0.652  25  0.740  25  0.945  12  0.840   0.794 Y  0.450      SignalP-noTM
3300007360.a:Ga0104766_1000035_110  0.205  30  0.373  26  0.975  18  0.878   0.570 Y  0.450      SignalP-TM
3300007360.a:Ga0104766_1000035_110  0.647  23  0.784  23  0.978  17  0.954   0.864 Y  0.570      SignalP-noTM
3300007360.a:Ga0104766_1000035_110  0.713  22  0.821  22  0.979  13  0.948   0.890 Y  0.450      SignalP-noTM
3300007360.a:Ga0104766_1000035_127  0.376  26  0.491  26  0.847  15  0.697   0.571 Y  0.450      SignalP-TM
3300007360.a:Ga0104766_1000035_127  0.395  21  0.595  21  0.957  18  0.905   0.741 Y  0.570      SignalP-noTM
3300007360.a:Ga0104766_1000035_127  0.718  21  0.822  21  0.976   4  0.943   0.887 Y  0.450      SignalP-noTM
3300007360.a:Ga0104766_1000035_130  0.194  26  0.403  26  0.953   5  0.846   0.642 Y  0.450      SignalP-noTM
3300007360.a:Ga0104766_1000035_130  0.496  25  0.659  25  0.968   9  0.911   0.777 Y  0.570      SignalP-noTM
3300007360.a:Ga0104766_1000035_130  0.535  26  0.685  26  0.933   9  0.879   0.761 Y  0.450      SignalP-TM
3300007360.a:Ga0104766_1000035_131  0.704  25  0.727  25  0.925  17  0.792   0.757 Y  0.570      SignalP-noTM
3300007360.a:Ga0104766_1000035_131  0.813  25  0.809  25  0.902  18  0.780   0.798 Y  0.450      SignalP-TM
3300007360.a:Ga0104766_1000035_131  0.858  25  0.867  25  0.968  14  0.879   0.874 Y  0.450      SignalP-noTM
3300007360.a:Ga0104766_1000035_135  0.273  18  0.462  18  0.862   4  0.779   0.633 Y  0.450      SignalP-noTM
3300007360.a:Ga0104766_1000035_141  0.173  30  0.382  30  0.969  23  0.888   0.579 Y  0.450      SignalP-TM
3300007360.a:Ga0104766_1000035_141  0.299  22  0.527  22  0.976   7  0.932   0.746 Y  0.450      SignalP-noTM
3300007360.a:Ga0104766_1000035_141  0.394  24  0.617  24  0.974  19  0.958   0.777 Y  0.570      SignalP-noTM
3300007360.a:Ga0104766_1000035_143  0.222  25  0.455  25  0.967  18  0.925   0.639 Y  0.450      SignalP-TM
3300007360.a:Ga0104766_1000035_143  0.399  24  0.604  24  0.984   4  0.916   0.772 Y  0.450      SignalP-noTM
3300007360.a:Ga0104766_1000035_143  0.538  20  0.720  20  0.974  18  0.954   0.830 Y  0.570      SignalP-noTM
3300007360.a:Ga0104766_1000035_42  0.350  27  0.563  24  0.959  16  0.912   0.751 Y  0.450      SignalP-noTM
3300007360.a:Ga0104766_1000035_43  0.327  27  0.482  27  0.843  12  0.709   0.571 Y  0.450      SignalP-TM
3300007360.a:Ga0104766_1000035_43  0.374  27  0.532  27  0.894  15  0.767   0.659 Y  0.450      SignalP-noTM
3300007360.a:Ga0104766_1000035_50  0.272  27  0.415  27  0.775  12  0.663   0.512 Y  0.450      SignalP-TM
3300007360.a:Ga0104766_1000035_51  0.178  22  0.378  22  0.942   4  0.795   0.603 Y  0.450      SignalP-noTM
3300007360.a:Ga0104766_1000035_64  0.195  24  0.348  24  0.837  12  0.643   0.463 Y  0.450      SignalP-TM
3300007360.a:Ga0104766_1000035_64  0.278  24  0.475  24  0.956   3  0.819   0.661 Y  0.450      SignalP-noTM
3300007360.a:Ga0104766_1000035_7  0.332  21  0.558  21  0.979   3  0.935   0.761 Y  0.450      SignalP-noTM
3300007360.a:Ga0104766_1000035_7  0.352  28  0.557  28  0.970  14  0.887   0.686 Y  0.450      SignalP-TM
3300007360.a:Ga0104766_1000035_7  0.359  21  0.583  21  0.967  10  0.944   0.753 Y  0.570      SignalP-noTM
3300007360.a:Ga0104766_1000035_8  0.417  29  0.571  29  0.936  12  0.825   0.670 Y  0.450      SignalP-TM
3300007360.a:Ga0104766_1000035_8  0.520  29  0.652  29  0.985  13  0.895   0.766 Y  0.570      SignalP-noTM
3300007360.a:Ga0104766_1000035_8  0.638  29  0.756  24  0.950  15  0.905   0.837 Y  0.450      SignalP-noTM
3300007360.a:Ga0104766_1000035_9  0.170  26  0.385  26  0.943  19  0.873   0.575 Y  0.450      SignalP-TM
3300007360.a:Ga0104766_1000035_9  0.244  26  0.431  26  0.947   1  0.821   0.614 Y  0.570      SignalP-noTM
3300007360.a:Ga0104766_1000035_9  0.718  22  0.800  22  0.943  12  0.891   0.849 Y  0.450      SignalP-noTM
3300007360.a:Ga0104766_1000035_95  0.292  35  0.383  35  0.795   6  0.568   0.455 Y  0.450      SignalP-TM
3300007360.a:Ga0104766_1000035_99  0.274  22  0.512  22  0.970   8  0.952   0.684 Y  0.450      SignalP-TM
3300007360.a:Ga0104766_1000035_99  0.523  25  0.695  25  0.984  14  0.925   0.819 Y  0.450      SignalP-noTM
3300007360.a:Ga0104766_1000035_99  0.751  22  0.854  22  0.984  20  0.967   0.907 Y  0.570      SignalP-noTM
3300007360.a:Ga0104766_1000050_102  0.163  26  0.379  21  0.968  18  0.947   0.646 Y  0.570      SignalP-noTM
3300007360.a:Ga0104766_1000050_102  0.274  30  0.454  30  0.969  15  0.795   0.638 Y  0.450      SignalP-noTM
3300007360.a:Ga0104766_1000050_102  0.355  30  0.517  30  0.950  19  0.821   0.636 Y  0.450      SignalP-TM
3300007360.a:Ga0104766_1000050_121  0.200  20  0.411  20  0.912   3  0.837   0.641 Y  0.450      SignalP-noTM
3300007360.a:Ga0104766_1000050_122  0.732  19  0.746  19  0.840   9  0.760   0.752 Y  0.500      SignalP-TM
3300007360.a:Ga0104766_1000050_126  0.243  24  0.397  24  0.816  11  0.666   0.502 Y  0.450      SignalP-TM
3300007360.a:Ga0104766_1000050_126  0.552  22  0.712  22  0.958   4  0.918   0.824 Y  0.450      SignalP-noTM
3300007360.a:Ga0104766_1000050_13  0.476  22  0.521  20  0.831   2  0.626   0.563 Y  0.500      SignalP-TM
3300007360.a:Ga0104766_1000050_22  0.158  24  0.283  14  0.842   9  0.793   0.481 Y  0.450      SignalP-TM
3300007360.a:Ga0104766_1000050_41  0.119  28  0.281  11  0.853   2  0.766   0.470 Y  0.450      SignalP-TM
3300007360.a:Ga0104766_1000050_51  0.191  29  0.311  19  0.828   1  0.683   0.512 Y  0.450      SignalP-noTM
3300007360.a:Ga0104766_1000050_56  0.622  23  0.763  23  0.978   5  0.935   0.856 Y  0.450      SignalP-noTM
3300007360.a:Ga0104766_1000099_27  0.156  25  0.329  25  0.903   8  0.773   0.502 Y  0.450      SignalP-TM
3300007360.a:Ga0104766_1000099_27  0.232  21  0.450  21  0.944   4  0.896   0.660 Y  0.570      SignalP-noTM
3300007360.a:Ga0104766_1000099_27  0.350  25  0.551  25  0.978   4  0.874   0.725 Y  0.450      SignalP-noTM
3300007360.a:Ga0104766_1000099_3  0.137  32  0.331  20  0.955   2  0.894   0.596 Y  0.570      SignalP-noTM
3300007360.a:Ga0104766_1000099_3  0.194  32  0.340  25  0.852  19  0.777   0.510 Y  0.450      SignalP-TM
3300007360.a:Ga0104766_1000099_3  0.339  21  0.561  21  0.973  12  0.928   0.759 Y  0.450      SignalP-noTM
3300007360.a:Ga0104766_1000099_30  0.179  28  0.381  28  0.932  17  0.833   0.558 Y  0.450      SignalP-TM
3300007360.a:Ga0104766_1000099_30  0.285  23  0.519  23  0.984  15  0.947   0.750 Y  0.450      SignalP-noTM
3300007360.a:Ga0104766_1000099_30  0.524  23  0.705  23  0.962  17  0.947   0.819 Y  0.570      SignalP-noTM
3300007360.a:Ga0104766_1000099_33  0.143  28  0.360  18  0.964  13  0.951   0.591 Y  0.450      SignalP-TM
3300007360.a:Ga0104766_1000099_33  0.204  18  0.439  18  0.972  17  0.946   0.677 Y  0.570      SignalP-noTM
3300007360.a:Ga0104766_1000099_33  0.295  23  0.508  23  0.976   4  0.877   0.707 Y  0.450      SignalP-noTM
3300007360.a:Ga0104766_1000099_40  0.152  22  0.353  22  0.930   2  0.855   0.589 Y  0.570      SignalP-noTM
3300007360.a:Ga0104766_1000099_40  0.161  31  0.341  23  0.898   4  0.794   0.518 Y  0.450      SignalP-TM
3300007360.a:Ga0104766_1000099_40  0.486  20  0.677  20  0.977   4  0.944   0.821 Y  0.450      SignalP-noTM
3300007360.a:Ga0104766_1000099_47  0.620  23  0.764  23  0.972   7  0.946   0.850 Y  0.570      SignalP-noTM
3300007360.a:Ga0104766_1000099_47  0.674  28  0.733  28  0.971   7  0.825   0.783 Y  0.450      SignalP-noTM
3300007360.a:Ga0104766_1000099_47  0.735  28  0.736  28  0.953  11  0.819   0.768 Y  0.450      SignalP-TM
3300007360.a:Ga0104766_1000099_48  0.540  28  0.525  28  0.805  15  0.540   0.533 Y  0.450      SignalP-noTM
3300007360.a:Ga0104766_1000099_48  0.612  28  0.613  28  0.809  18  0.674   0.637 Y  0.450      SignalP-TM
3300007360.a:Ga0104766_1000099_48  0.620  28  0.585  28  0.854  14  0.689   0.634 Y  0.570      SignalP-noTM
3300007360.a:Ga0104766_1000099_5  0.566  36  0.532  36  0.708  17  0.563   0.544 Y  0.450      SignalP-TM
3300007360.a:Ga0104766_1000099_75  0.241  35  0.366  21  0.667  18  0.586   0.452 Y  0.450      SignalP-TM
3300007360.a:Ga0104766_1000099_75  0.394  21  0.533  21  0.869  12  0.749   0.619 Y  0.500      SignalP-TM
3300007360.a:Ga0104766_1000125_21  0.227  32  0.305  22  0.874  13  0.792   0.495 Y  0.450      SignalP-TM
3300007360.a:Ga0104766_1000125_21  0.279  22  0.490  22  0.939  13  0.861   0.691 Y  0.450      SignalP-noTM
3300007360.a:Ga0104766_1000125_25  0.193  32  0.401  17  0.959   4  0.933   0.688 Y  0.450      SignalP-noTM
3300007360.a:Ga0104766_1000125_25  0.325  32  0.474  32  0.962  14  0.826   0.611 Y  0.450      SignalP-TM
3300007360.a:Ga0104766_1000125_25  0.407  22  0.613  22  0.951  11  0.925   0.759 Y  0.570      SignalP-noTM
3300007360.a:Ga0104766_1000125_33  0.156  36  0.332  25  0.881  13  0.760   0.499 Y  0.450      SignalP-TM
3300007360.a:Ga0104766_1000125_33  0.221  17  0.437  17  0.905  12  0.864   0.668 Y  0.450      SignalP-noTM
3300007360.a:Ga0104766_1000125_63  0.157  31  0.323  26  0.852   1  0.719   0.478 Y  0.450      SignalP-TM
3300007360.a:Ga0104766_1000125_63  0.371  26  0.580  26  0.960  17  0.905   0.756 Y  0.450      SignalP-noTM
3300007360.a:Ga0104766_1000125_76  0.498  25  0.669  25  0.977   4  0.902   0.794 Y  0.450      SignalP-noTM
3300007360.a:Ga0104766_1000125_82  0.740  32  0.760  32  0.983  16  0.887   0.820 Y  0.570      SignalP-noTM
3300007360.a:Ga0104766_1000125_82  0.871  32  0.849  32  0.938   8  0.878   0.860 Y  0.450      SignalP-TM
3300007360.a:Ga0104766_1000127_22  0.186  26  0.368  26  0.889  10  0.763   0.522 Y  0.450      SignalP-TM
3300007360.a:Ga0104766_1000127_22  0.485  26  0.657  26  0.982  14  0.893   0.784 Y  0.450      SignalP-noTM
3300007360.a:Ga0104766_1000127_25  0.705  31  0.748  31  0.878  28  0.708   0.733 Y  0.450      SignalP-TM
3300007360.a:Ga0104766_1000127_25  0.864  31  0.884  31  0.950  20  0.867   0.875 Y  0.450      SignalP-noTM
3300007360.a:Ga0104766_1000127_25  0.868  31  0.886  31  0.942  28  0.870   0.879 Y  0.570      SignalP-noTM
3300007360.a:Ga0104766_1000127_27  0.738  51  0.740  51  0.875  43  0.494   0.624 Y  0.570      SignalP-noTM
3300007360.a:Ga0104766_1000127_56  0.228  32  0.379  32  0.817  11  0.703   0.506 Y  0.450      SignalP-TM
3300007360.a:Ga0104766_1000127_64  0.142  30  0.347  23  0.949  10  0.910   0.566 Y  0.450      SignalP-TM
3300007360.a:Ga0104766_1000127_64  0.308  23  0.527  23  0.973  18  0.910   0.707 Y  0.570      SignalP-noTM
3300007360.a:Ga0104766_1000127_64  0.547  22  0.704  22  0.951   4  0.905   0.813 Y  0.450      SignalP-noTM
3300007360.a:Ga0104766_1000127_71  0.147  24  0.272  11  0.822   2  0.766   0.465 Y  0.450      SignalP-TM
3300007360.a:Ga0104766_1000127_71  0.288  22  0.438  22  0.865   1  0.658   0.557 Y  0.450      SignalP-noTM
3300007360.a:Ga0104766_1000127_76  0.473  36  0.600  36  0.951  11  0.826   0.688 Y  0.450      SignalP-TM
3300007360.a:Ga0104766_1000253_11  0.532  52  0.568  52  0.819  48  0.306   0.466 Y  0.450      SignalP-TM
3300007360.a:Ga0104766_1000253_13  0.629  22  0.695  22  0.902   2  0.762   0.731 Y  0.450      SignalP-noTM
3300007360.a:Ga0104766_1000253_18  0.162  23  0.385  23  0.977  16  0.918   0.673 Y  0.450      SignalP-noTM
3300007360.a:Ga0104766_1000253_33  0.230  34  0.392  34  0.805  27  0.627   0.484 Y  0.450      SignalP-TM
3300007360.a:Ga0104766_1000253_33  0.494  30  0.679  30  0.985  19  0.927   0.813 Y  0.450      SignalP-noTM
3300007360.a:Ga0104766_1000253_40  0.217  39  0.380  39  0.939   9  0.779   0.535 Y  0.450      SignalP-TM
3300007360.a:Ga0104766_1000253_69  0.490  27  0.586  27  0.914  12  0.759   0.655 Y  0.500      SignalP-TM
3300007360.a:Ga0104766_1000272_10  0.245  27  0.448  27  0.968  12  0.835   0.657 Y  0.450      SignalP-noTM
3300007360.a:Ga0104766_1000272_10  0.332  27  0.534  27  0.986  11  0.913   0.712 Y  0.570      SignalP-noTM
3300007360.a:Ga0104766_1000272_10  0.363  27  0.565  27  0.954  10  0.900   0.695 Y  0.450      SignalP-TM
3300007360.a:Ga0104766_1000272_12  0.388  30  0.612  19  0.989  11  0.973   0.781 Y  0.570      SignalP-noTM
3300007360.a:Ga0104766_1000272_12  0.434  30  0.535  30  0.975   4  0.732   0.641 Y  0.450      SignalP-noTM
3300007360.a:Ga0104766_1000272_12  0.565  30  0.706  30  0.985  16  0.931   0.794 Y  0.450      SignalP-TM
3300007360.a:Ga0104766_1000272_19  0.284  28  0.426  28  0.779  21  0.564   0.480 Y  0.450      SignalP-TM
3300007360.a:Ga0104766_1000272_9  0.547  32  0.676  32  0.944  15  0.879   0.755 Y  0.450      SignalP-TM
3300007360.a:Ga0104766_1000272_9  0.565  22  0.700  22  0.934  14  0.869   0.792 Y  0.450      SignalP-noTM
3300007360.a:Ga0104766_1000310_45  0.354  19  0.554  19  0.931   1  0.851   0.714 Y  0.450      SignalP-noTM
3300007360.a:Ga0104766_1000310_51  0.329  25  0.465  25  0.742  14  0.609   0.521 Y  0.450      SignalP-TM
3300007360.a:Ga0104766_1000310_53  0.270  26  0.481  26  0.918  19  0.780   0.598 Y  0.450      SignalP-TM
3300007360.a:Ga0104766_1000310_53  0.361  24  0.504  24  0.824  21  0.606   0.542 Y  0.510      SignalP-TM
3300007360.a:Ga0104766_1000310_53  0.653  24  0.764  24  0.927  19  0.885   0.829 Y  0.450      SignalP-noTM
3300007360.a:Ga0104766_1000345_17  0.295  24  0.486  24  0.880  17  0.780   0.624 Y  0.570      SignalP-noTM
3300007360.a:Ga0104766_1000345_17  0.367  24  0.493  24  0.753  11  0.590   0.531 Y  0.450      SignalP-TM
3300007360.a:Ga0104766_1000345_17  0.743  24  0.757  24  0.860   1  0.775   0.767 Y  0.450      SignalP-noTM
3300007360.a:Ga0104766_1000345_24  0.208  26  0.426  26  0.961  18  0.907   0.652 Y  0.570      SignalP-noTM
3300007360.a:Ga0104766_1000345_24  0.233  28  0.377  26  0.851  13  0.735   0.517 Y  0.450      SignalP-TM
3300007360.a:Ga0104766_1000345_24  0.839  26  0.884  26  0.984  15  0.930   0.909 Y  0.450      SignalP-noTM
3300007360.a:Ga0104766_1000660_23  0.188  24  0.360  24  0.804  21  0.654   0.475 Y  0.450      SignalP-TM
3300007360.a:Ga0104766_1000660_23  0.207  22  0.424  22  0.934   7  0.871   0.666 Y  0.450      SignalP-noTM
3300007360.a:Ga0104766_1000660_26  0.270  36  0.387  36  0.855  24  0.622   0.479 Y  0.450      SignalP-TM
3300007360.a:Ga0104766_1000660_35  0.254  28  0.398  26  0.918   6  0.790   0.551 Y  0.450      SignalP-TM
3300007360.a:Ga0104766_1000660_35  0.282  26  0.467  26  0.968   4  0.793   0.643 Y  0.450      SignalP-noTM
3300007360.a:Ga0104766_1000660_35  0.448  21  0.634  21  0.948   5  0.910   0.763 Y  0.570      SignalP-noTM
3300007360.a:Ga0104766_1000787_24  0.168  32  0.314  32  0.860   5  0.708   0.467 Y  0.450      SignalP-TM
3300007360.a:Ga0104766_1000813_1  0.190  25  0.369  25  0.841  15  0.713   0.503 Y  0.450      SignalP-TM
3300007360.a:Ga0104766_1000813_1  0.266  25  0.464  25  0.934   5  0.844   0.643 Y  0.570      SignalP-noTM
3300007360.a:Ga0104766_1000813_1  0.464  25  0.606  23  0.901   1  0.836   0.730 Y  0.450      SignalP-noTM
3300007360.a:Ga0104766_1000813_2  0.132  39  0.294  13  0.889   8  0.858   0.514 Y  0.450      SignalP-TM
3300007360.a:Ga0104766_1000813_7  0.202  28  0.399  28  0.982  16  0.873   0.584 Y  0.450      SignalP-TM
3300007360.a:Ga0104766_1000813_7  0.231  20  0.454  20  0.960   5  0.902   0.696 Y  0.450      SignalP-noTM
3300007360.a:Ga0104766_1000813_7  0.280  23  0.512  23  0.988  10  0.951   0.718 Y  0.570      SignalP-noTM
3300007360.a:Ga0104766_1000907_21  0.165  31  0.331  25  0.809  16  0.713   0.480 Y  0.450      SignalP-TM
3300007360.a:Ga0104766_1000907_21  0.581  22  0.528  22  0.684  20  0.512   0.522 Y  0.500      SignalP-TM
3300007360.a:Ga0104766_1000969_17  0.581  34  0.654  24  0.966  16  0.903   0.789 Y  0.450      SignalP-noTM
3300007360.a:Ga0104766_1000969_17  0.676  34  0.624  34  0.836  21  0.684   0.647 Y  0.450      SignalP-TM
3300007360.a:Ga0104766_1000969_18  0.390  36  0.392  36  0.842   5  0.574   0.463 Y  0.450      SignalP-TM
3300007360.a:Ga0104766_1000969_2  0.359  30  0.479  30  0.772  27  0.608   0.529 Y  0.450      SignalP-TM
3300007360.a:Ga0104766_1000969_7  0.286  20  0.489  20  0.924  12  0.832   0.674 Y  0.450      SignalP-noTM
3300007360.a:Ga0104766_1001174_14  0.187  28  0.384  28  0.936  12  0.842   0.562 Y  0.450      SignalP-TM
3300007360.a:Ga0104766_1001174_14  0.433  24  0.639  24  0.987  15  0.941   0.802 Y  0.450      SignalP-noTM
3300007360.a:Ga0104766_1001174_14  0.439  23  0.640  23  0.963  18  0.939   0.781 Y  0.570      SignalP-noTM
3300007360.a:Ga0104766_1001937_10  0.713  17  0.550  17  0.647   1  0.446   0.509 Y  0.500      SignalP-TM
3300007360.a:Ga0104766_1002940_2  0.108  33  0.286  14  0.870   9  0.781   0.479 Y  0.450      SignalP-TM
