4	TC	0	3	CGC1	3300029084.a:Ga0169222_10009	4728	7931	3300029084.a:Ga0169222_10009_5	-	DB=gnl|TC-DB|Q45780|1.B.14.6.1;ID=3300029084.a:Ga0169222_10009_5	DB=gnl|TC-DB|Q45780|1.B.14.6.1;ID=3300029084.a:Ga0169222_10009_5
5	CAZyme	2	0	CGC1	3300029084.a:Ga0169222_10009	8275	11892	3300029084.a:Ga0169222_10009_6	+	DB=GH38| GH38;ID=3300029084.a:Ga0169222_10009_6	DB=GH38| GH38;ID=3300029084.a:Ga0169222_10009_6
6	null	null	null	CGC1	3300029084.a:Ga0169222_10009	11912	12193	3300029084.a:Ga0169222_10009_7	+	;ID=3300029084.a:Ga0169222_10009_7
7	null	null	null	CGC1	3300029084.a:Ga0169222_10009	12447	14957	3300029084.a:Ga0169222_10009_8	-	;ID=3300029084.a:Ga0169222_10009_8
8	CAZyme	0	2	CGC1	3300029084.a:Ga0169222_10009	15053	16867	3300029084.a:Ga0169222_10009_9	-	DB= GH2|GH2;ID=3300029084.a:Ga0169222_10009_9	DB= GH2|GH2;ID=3300029084.a:Ga0169222_10009_9
9	CAZyme	0	0	CGC1	3300029084.a:Ga0169222_10009	16970	18076	3300029084.a:Ga0169222_10009_10	-	DB= GH43_26|GH43_26;ID=3300029084.a:Ga0169222_10009_10	DB= GH43_26|GH43_26;ID=3300029084.a:Ga0169222_10009_10
10	CAZyme	0	0	CGC1	3300029084.a:Ga0169222_10009	18354	20417	3300029084.a:Ga0169222_10009_11	+	DB=GH127|CBM13;ID=3300029084.a:Ga0169222_10009_11	DB=GH127|CBM13;ID=3300029084.a:Ga0169222_10009_11
11	CAZyme	0	0	CGC1	3300029084.a:Ga0169222_10009	20455	22491	3300029084.a:Ga0169222_10009_12	+	DB=GH127|CBM66;ID=3300029084.a:Ga0169222_10009_12	DB=GH127|CBM66;ID=3300029084.a:Ga0169222_10009_12
12	CAZyme	0	0	CGC1	3300029084.a:Ga0169222_10009	22632	24392	3300029084.a:Ga0169222_10009_13	+	DB= GH2|GH2;ID=3300029084.a:Ga0169222_10009_13	DB= GH2|GH2;ID=3300029084.a:Ga0169222_10009_13
13	CAZyme	0	0	CGC1	3300029084.a:Ga0169222_10009	24608	25774	3300029084.a:Ga0169222_10009_14	+	DB=GH76| GH76;ID=3300029084.a:Ga0169222_10009_14	DB=GH76| GH76;ID=3300029084.a:Ga0169222_10009_14
14	CAZyme	0	0	CGC1	3300029084.a:Ga0169222_10009	25917	28415	3300029084.a:Ga0169222_10009_15	+	DB=GH3| GH3;ID=3300029084.a:Ga0169222_10009_15	DB=GH3| GH3;ID=3300029084.a:Ga0169222_10009_15
15	CAZyme	0	0	CGC1	3300029084.a:Ga0169222_10009	28497	29573	3300029084.a:Ga0169222_10009_16	+	DB= GH43_26|GH43_26;ID=3300029084.a:Ga0169222_10009_16	DB= GH43_26|GH43_26;ID=3300029084.a:Ga0169222_10009_16
16	TF	0	0	CGC1	3300029084.a:Ga0169222_10009	29755	33744	3300029084.a:Ga0169222_10009_17	-	DB=DBD-Pfam|HTH_AraC,DBD-Pfam|HTH_AraC,DBD-SUPERFAMILY|0036286,DBD-SUPERFAMILY|0035607;ID=3300029084.a:Ga0169222_10009_17	DB=DBD-Pfam|HTH_AraC,DBD-Pfam|HTH_AraC,DBD-SUPERFAMILY|0036286,DBD-SUPERFAMILY|0035607;ID=3300029084.a:Ga0169222_10009_17
17	STP	1	0	CGC1	3300029084.a:Ga0169222_10009	33814	35127	3300029084.a:Ga0169222_10009_18	-	DB=STP|Peptidase_M23;ID=3300029084.a:Ga0169222_10009_18	DB=STP|Peptidase_M23;ID=3300029084.a:Ga0169222_10009_18
18	null	null	null	CGC1	3300029084.a:Ga0169222_10009	35124	35711	3300029084.a:Ga0169222_10009_19	-	;ID=3300029084.a:Ga0169222_10009_19
19	STP	1	1	CGC1	3300029084.a:Ga0169222_10009	35708	37438	3300029084.a:Ga0169222_10009_20	-	DB=STP|TPR_2,STP|TPR_2;ID=3300029084.a:Ga0169222_10009_20	DB=STP|TPR_2,STP|TPR_2;ID=3300029084.a:Ga0169222_10009_20
20	null	null	null	CGC1	3300029084.a:Ga0169222_10009	37496	37930	3300029084.a:Ga0169222_10009_21	-	;ID=3300029084.a:Ga0169222_10009_21
21	STP	5	1	CGC1	3300029084.a:Ga0169222_10009	38035	39360	3300029084.a:Ga0169222_10009_22	+	DB=STP|HD;ID=3300029084.a:Ga0169222_10009_22	DB=STP|HD;ID=3300029084.a:Ga0169222_10009_22
+++++
57	TC	1	3	CGC2	3300029084.a:Ga0169222_10009	78790	80994	3300029084.a:Ga0169222_10009_58	-	DB=gnl|TC-DB|A6L2M4|3.A.10.1.10;ID=3300029084.a:Ga0169222_10009_58	DB=gnl|TC-DB|A6L2M4|3.A.10.1.10;ID=3300029084.a:Ga0169222_10009_58
58	null	null	null	CGC2	3300029084.a:Ga0169222_10009	81118	81672	3300029084.a:Ga0169222_10009_59	-	;ID=3300029084.a:Ga0169222_10009_59
59	CAZyme	0	1	CGC2	3300029084.a:Ga0169222_10009	81916	84075	3300029084.a:Ga0169222_10009_60	+	DB= GH36|GH36;ID=3300029084.a:Ga0169222_10009_60	DB= GH36|GH36;ID=3300029084.a:Ga0169222_10009_60
60	TF	0	0	CGC2	3300029084.a:Ga0169222_10009	84306	84848	3300029084.a:Ga0169222_10009_61	+	DB=DBD-Pfam|GerE,DBD-SUPERFAMILY|0043095;ID=3300029084.a:Ga0169222_10009_61	DB=DBD-Pfam|GerE,DBD-SUPERFAMILY|0043095;ID=3300029084.a:Ga0169222_10009_61
61	STP	0	0	CGC2	3300029084.a:Ga0169222_10009	84935	86083	3300029084.a:Ga0169222_10009_62	+	DB=STP|FecR;ID=3300029084.a:Ga0169222_10009_62	DB=STP|FecR;ID=3300029084.a:Ga0169222_10009_62
62	TC	1	0	CGC2	3300029084.a:Ga0169222_10009	86246	89638	3300029084.a:Ga0169222_10009_63	+	DB=gnl|TC-DB|Q45780|1.B.14.6.1;ID=3300029084.a:Ga0169222_10009_63	DB=gnl|TC-DB|Q45780|1.B.14.6.1;ID=3300029084.a:Ga0169222_10009_63
63	null	null	null	CGC2	3300029084.a:Ga0169222_10009	89649	91499	3300029084.a:Ga0169222_10009_64	+	;ID=3300029084.a:Ga0169222_10009_64
64	CAZyme	3	1	CGC2	3300029084.a:Ga0169222_10009	91606	93804	3300029084.a:Ga0169222_10009_65	+	DB=GH89| GH89;ID=3300029084.a:Ga0169222_10009_65	DB=GH89| GH89;ID=3300029084.a:Ga0169222_10009_65
+++++
94	CAZyme	2	5	CGC1	3300029084.a:Ga0169222_10019	143039	144529	3300029084.a:Ga0169222_10019_95	+	DB= GH27|GH27;ID=3300029084.a:Ga0169222_10019_95	DB= GH27|GH27;ID=3300029084.a:Ga0169222_10019_95
95	null	null	null	CGC1	3300029084.a:Ga0169222_10019	144613	145317	3300029084.a:Ga0169222_10019_96	-	;ID=3300029084.a:Ga0169222_10019_96
96	null	null	null	CGC1	3300029084.a:Ga0169222_10019	145441	146247	3300029084.a:Ga0169222_10019_97	+	;ID=3300029084.a:Ga0169222_10019_97
97	STP	1	2	CGC1	3300029084.a:Ga0169222_10019	146282	146974	3300029084.a:Ga0169222_10019_98	+	DB=STP|Pribosyltran;ID=3300029084.a:Ga0169222_10019_98	DB=STP|Pribosyltran;ID=3300029084.a:Ga0169222_10019_98
98	null	null	null	CGC1	3300029084.a:Ga0169222_10019	147021	147302	3300029084.a:Ga0169222_10019_99	-	;ID=3300029084.a:Ga0169222_10019_99
99	CAZyme	1	1	CGC1	3300029084.a:Ga0169222_10019	147410	149485	3300029084.a:Ga0169222_10019_100	-	DB=GH127| GH127;ID=3300029084.a:Ga0169222_10019_100	DB=GH127| GH127;ID=3300029084.a:Ga0169222_10019_100
100	null	null	null	CGC1	3300029084.a:Ga0169222_10019	149482	150612	3300029084.a:Ga0169222_10019_101	-	;ID=3300029084.a:Ga0169222_10019_101
101	TC	2	1	CGC1	3300029084.a:Ga0169222_10019	150648	151967	3300029084.a:Ga0169222_10019_102	-	DB=gnl|TC-DB|P96710|2.A.1.1.55;ID=3300029084.a:Ga0169222_10019_102	DB=gnl|TC-DB|P96710|2.A.1.1.55;ID=3300029084.a:Ga0169222_10019_102
102	null	null	null	CGC1	3300029084.a:Ga0169222_10019	151980	154049	3300029084.a:Ga0169222_10019_103	-	;ID=3300029084.a:Ga0169222_10019_103
103	null	null	null	CGC1	3300029084.a:Ga0169222_10019	154046	154831	3300029084.a:Ga0169222_10019_104	-	;ID=3300029084.a:Ga0169222_10019_104
104	TF	0	2	CGC1	3300029084.a:Ga0169222_10019	155030	159058	3300029084.a:Ga0169222_10019_105	-	DB=DBD-Pfam|HTH_AraC,DBD-SUPERFAMILY|0035607;ID=3300029084.a:Ga0169222_10019_105	DB=DBD-Pfam|HTH_AraC,DBD-SUPERFAMILY|0035607;ID=3300029084.a:Ga0169222_10019_105
105	TC	3	0	CGC1	3300029084.a:Ga0169222_10019	159378	162548	3300029084.a:Ga0169222_10019_106	+	DB=gnl|TC-DB|Q45780|1.B.14.6.1;ID=3300029084.a:Ga0169222_10019_106	DB=gnl|TC-DB|Q45780|1.B.14.6.1;ID=3300029084.a:Ga0169222_10019_106
+++++
0	TF	1	null	CGC1	3300029084.a:Ga0169222_10007	170	526	3300029084.a:Ga0169222_10007_1	+	DB=DBD-Pfam|HTH_3,DBD-SUPERFAMILY|0043707;ID=3300029084.a:Ga0169222_10007_1	DB=DBD-Pfam|HTH_3,DBD-SUPERFAMILY|0043707;ID=3300029084.a:Ga0169222_10007_1
1	null	null	null	CGC1	3300029084.a:Ga0169222_10007	776	3064	3300029084.a:Ga0169222_10007_2	+	;ID=3300029084.a:Ga0169222_10007_2
2	CAZyme	0	1	CGC1	3300029084.a:Ga0169222_10007	3189	5057	3300029084.a:Ga0169222_10007_3	+	DB=GH32| GH32;ID=3300029084.a:Ga0169222_10007_3	DB=GH32| GH32;ID=3300029084.a:Ga0169222_10007_3
3	TC	0	0	CGC1	3300029084.a:Ga0169222_10007	5103	6269	3300029084.a:Ga0169222_10007_4	+	DB=gnl|TC-DB|Q8A6W8|2.A.1.7.17;ID=3300029084.a:Ga0169222_10007_4	DB=gnl|TC-DB|Q8A6W8|2.A.1.7.17;ID=3300029084.a:Ga0169222_10007_4
4	STP	0	0	CGC1	3300029084.a:Ga0169222_10007	6301	7191	3300029084.a:Ga0169222_10007_5	+	DB=STP|PfkB;ID=3300029084.a:Ga0169222_10007_5	DB=STP|PfkB;ID=3300029084.a:Ga0169222_10007_5
5	TF	1	0	CGC1	3300029084.a:Ga0169222_10007	7375	10098	3300029084.a:Ga0169222_10007_6	+	DB=DBD-Pfam|HTH_AraC,DBD-SUPERFAMILY|0035607;ID=3300029084.a:Ga0169222_10007_6	DB=DBD-Pfam|HTH_AraC,DBD-SUPERFAMILY|0035607;ID=3300029084.a:Ga0169222_10007_6
6	null	null	null	CGC1	3300029084.a:Ga0169222_10007	10129	10473	3300029084.a:Ga0169222_10007_7	+	;ID=3300029084.a:Ga0169222_10007_7
7	TC	0	1	CGC1	3300029084.a:Ga0169222_10007	10808	11977	3300029084.a:Ga0169222_10007_8	+	DB=gnl|TC-DB|Q8U4S5|3.A.1.12.9;ID=3300029084.a:Ga0169222_10007_8	DB=gnl|TC-DB|Q8U4S5|3.A.1.12.9;ID=3300029084.a:Ga0169222_10007_8
8	TC	0	0	CGC1	3300029084.a:Ga0169222_10007	12030	12854	3300029084.a:Ga0169222_10007_9	+	DB=gnl|TC-DB|P14176|3.A.1.12.1;ID=3300029084.a:Ga0169222_10007_9	DB=gnl|TC-DB|P14176|3.A.1.12.1;ID=3300029084.a:Ga0169222_10007_9
9	TC	1	0	CGC1	3300029084.a:Ga0169222_10007	12901	13728	3300029084.a:Ga0169222_10007_10	+	DB=gnl|TC-DB|Q9HZ04|3.A.1.12.12;ID=3300029084.a:Ga0169222_10007_10	DB=gnl|TC-DB|Q9HZ04|3.A.1.12.12;ID=3300029084.a:Ga0169222_10007_10
10	null	null	null	CGC1	3300029084.a:Ga0169222_10007	13770	14273	3300029084.a:Ga0169222_10007_11	-	;ID=3300029084.a:Ga0169222_10007_11
11	STP	1	1	CGC1	3300029084.a:Ga0169222_10007	14475	18029	3300029084.a:Ga0169222_10007_12	-	DB=STP|Fer4,STP|Fer4;ID=3300029084.a:Ga0169222_10007_12	DB=STP|Fer4,STP|Fer4;ID=3300029084.a:Ga0169222_10007_12
12	null	null	null	CGC1	3300029084.a:Ga0169222_10007	18066	18626	3300029084.a:Ga0169222_10007_13	-	;ID=3300029084.a:Ga0169222_10007_13
13	TF	1	1	CGC1	3300029084.a:Ga0169222_10007	18645	19823	3300029084.a:Ga0169222_10007_14	-	DB=DBD-SUPERFAMILY|0039384;ID=3300029084.a:Ga0169222_10007_14	DB=DBD-SUPERFAMILY|0039384;ID=3300029084.a:Ga0169222_10007_14
14	null	null	null	CGC1	3300029084.a:Ga0169222_10007	20615	21802	3300029084.a:Ga0169222_10007_15	+	;ID=3300029084.a:Ga0169222_10007_15
15	TC	1	1	CGC1	3300029084.a:Ga0169222_10007	21807	24077	3300029084.a:Ga0169222_10007_16	-	DB=gnl|TC-DB|Q9HV74|2.A.21.9.1;ID=3300029084.a:Ga0169222_10007_16	DB=gnl|TC-DB|Q9HV74|2.A.21.9.1;ID=3300029084.a:Ga0169222_10007_16
16	null	null	null	CGC1	3300029084.a:Ga0169222_10007	24161	25681	3300029084.a:Ga0169222_10007_17	-	;ID=3300029084.a:Ga0169222_10007_17
17	TC	4	1	CGC1	3300029084.a:Ga0169222_10007	25939	27366	3300029084.a:Ga0169222_10007_18	+	DB=gnl|TC-DB|Q8XME6|2.A.114.1.4;ID=3300029084.a:Ga0169222_10007_18	DB=gnl|TC-DB|Q8XME6|2.A.114.1.4;ID=3300029084.a:Ga0169222_10007_18
+++++
42	TC	0	5	CGC2	3300029084.a:Ga0169222_10007	70541	71608	3300029084.a:Ga0169222_10007_43	-	DB=gnl|TC-DB|Q9RQ30|8.A.1.1.2;ID=3300029084.a:Ga0169222_10007_43	DB=gnl|TC-DB|Q9RQ30|8.A.1.1.2;ID=3300029084.a:Ga0169222_10007_43
43	TF	0	0	CGC2	3300029084.a:Ga0169222_10007	71621	72061	3300029084.a:Ga0169222_10007_44	-	DB=DBD-Pfam|MarR,DBD-SUPERFAMILY|0040517;ID=3300029084.a:Ga0169222_10007_44	DB=DBD-Pfam|MarR,DBD-SUPERFAMILY|0040517;ID=3300029084.a:Ga0169222_10007_44
44	CAZyme	0	0	CGC2	3300029084.a:Ga0169222_10007	72219	74069	3300029084.a:Ga0169222_10007_45	-	DB=GH13| GH13;ID=3300029084.a:Ga0169222_10007_45	DB=GH13| GH13;ID=3300029084.a:Ga0169222_10007_45
45	STP	0	0	CGC2	3300029084.a:Ga0169222_10007	74573	75865	3300029084.a:Ga0169222_10007_46	-	DB=STP|TPR_1;ID=3300029084.a:Ga0169222_10007_46	DB=STP|TPR_1;ID=3300029084.a:Ga0169222_10007_46
46	STP	0	0	CGC2	3300029084.a:Ga0169222_10007	75879	77210	3300029084.a:Ga0169222_10007_47	-	DB=STP|TPR_1;ID=3300029084.a:Ga0169222_10007_47	DB=STP|TPR_1;ID=3300029084.a:Ga0169222_10007_47
47	TC	2	0	CGC2	3300029084.a:Ga0169222_10007	77358	78518	3300029084.a:Ga0169222_10007_48	-	DB=gnl|TC-DB|Q57286|3.B.1.1.2;ID=3300029084.a:Ga0169222_10007_48	DB=gnl|TC-DB|Q57286|3.B.1.1.2;ID=3300029084.a:Ga0169222_10007_48
48	null	null	null	CGC2	3300029084.a:Ga0169222_10007	78521	78952	3300029084.a:Ga0169222_10007_49	-	;ID=3300029084.a:Ga0169222_10007_49
49	null	null	null	CGC2	3300029084.a:Ga0169222_10007	78978	79892	3300029084.a:Ga0169222_10007_50	-	;ID=3300029084.a:Ga0169222_10007_50
50	TC	0	2	CGC2	3300029084.a:Ga0169222_10007	79913	81466	3300029084.a:Ga0169222_10007_51	-	DB=gnl|TC-DB|Q57079|3.B.1.1.2;ID=3300029084.a:Ga0169222_10007_51	DB=gnl|TC-DB|Q57079|3.B.1.1.2;ID=3300029084.a:Ga0169222_10007_51
51	STP	2	0	CGC2	3300029084.a:Ga0169222_10007	81592	81996	3300029084.a:Ga0169222_10007_52	-	DB=STP|Glyoxalase;ID=3300029084.a:Ga0169222_10007_52	DB=STP|Glyoxalase;ID=3300029084.a:Ga0169222_10007_52
52	null	null	null	CGC2	3300029084.a:Ga0169222_10007	82230	83213	3300029084.a:Ga0169222_10007_53	-	;ID=3300029084.a:Ga0169222_10007_53
53	null	null	null	CGC2	3300029084.a:Ga0169222_10007	83331	83873	3300029084.a:Ga0169222_10007_54	+	;ID=3300029084.a:Ga0169222_10007_54
54	STP	6	2	CGC2	3300029084.a:Ga0169222_10007	84079	84576	3300029084.a:Ga0169222_10007_55	+	DB=STP|Nitroreductase;ID=3300029084.a:Ga0169222_10007_55	DB=STP|Nitroreductase;ID=3300029084.a:Ga0169222_10007_55
+++++
78	CAZyme	0	5	CGC3	3300029084.a:Ga0169222_10007	107148	109142	3300029084.a:Ga0169222_10007_79	+	DB= GH13_14|GH13_14;ID=3300029084.a:Ga0169222_10007_79	DB= GH13_14|GH13_14;ID=3300029084.a:Ga0169222_10007_79
79	TF	0	0	CGC3	3300029084.a:Ga0169222_10007	109383	109943	3300029084.a:Ga0169222_10007_80	+	DB=DBD-Pfam|GerE,DBD-SUPERFAMILY|0039384;ID=3300029084.a:Ga0169222_10007_80	DB=DBD-Pfam|GerE,DBD-SUPERFAMILY|0039384;ID=3300029084.a:Ga0169222_10007_80
80	STP	0	0	CGC3	3300029084.a:Ga0169222_10007	110034	111032	3300029084.a:Ga0169222_10007_81	+	DB=STP|FecR;ID=3300029084.a:Ga0169222_10007_81	DB=STP|FecR;ID=3300029084.a:Ga0169222_10007_81
81	TC	1	0	CGC3	3300029084.a:Ga0169222_10007	111170	114607	3300029084.a:Ga0169222_10007_82	+	DB=gnl|TC-DB|Q45780|1.B.14.6.1;ID=3300029084.a:Ga0169222_10007_82	DB=gnl|TC-DB|Q45780|1.B.14.6.1;ID=3300029084.a:Ga0169222_10007_82
82	null	null	null	CGC3	3300029084.a:Ga0169222_10007	114622	116487	3300029084.a:Ga0169222_10007_83	+	;ID=3300029084.a:Ga0169222_10007_83
83	CAZyme	1	1	CGC3	3300029084.a:Ga0169222_10007	116588	118144	3300029084.a:Ga0169222_10007_84	+	DB= GH20|GH20;ID=3300029084.a:Ga0169222_10007_84	DB= GH20|GH20;ID=3300029084.a:Ga0169222_10007_84
84	null	null	null	CGC3	3300029084.a:Ga0169222_10007	118160	119674	3300029084.a:Ga0169222_10007_85	+	;ID=3300029084.a:Ga0169222_10007_85
85	TC	0	1	CGC3	3300029084.a:Ga0169222_10007	119816	121270	3300029084.a:Ga0169222_10007_86	+	DB=gnl|TC-DB|A9WBR9|3.A.1.32.3;ID=3300029084.a:Ga0169222_10007_86	DB=gnl|TC-DB|A9WBR9|3.A.1.32.3;ID=3300029084.a:Ga0169222_10007_86
86	CAZyme	2	0	CGC3	3300029084.a:Ga0169222_10007	121411	123753	3300029084.a:Ga0169222_10007_87	-	DB=CBM32|GH141;ID=3300029084.a:Ga0169222_10007_87	DB=CBM32|GH141;ID=3300029084.a:Ga0169222_10007_87
87	null	null	null	CGC3	3300029084.a:Ga0169222_10007	123910	124656	3300029084.a:Ga0169222_10007_88	+	;ID=3300029084.a:Ga0169222_10007_88
88	null	null	null	CGC3	3300029084.a:Ga0169222_10007	124772	125869	3300029084.a:Ga0169222_10007_89	+	;ID=3300029084.a:Ga0169222_10007_89
89	TF	0	2	CGC3	3300029084.a:Ga0169222_10007	125945	128869	3300029084.a:Ga0169222_10007_90	-	DB=DBD-Pfam|HTH_AraC,DBD-SUPERFAMILY|0035607;ID=3300029084.a:Ga0169222_10007_90	DB=DBD-Pfam|HTH_AraC,DBD-SUPERFAMILY|0035607;ID=3300029084.a:Ga0169222_10007_90
90	CAZyme	2	0	CGC3	3300029084.a:Ga0169222_10007	129046	130695	3300029084.a:Ga0169222_10007_91	+	DB= GH20|GH20;ID=3300029084.a:Ga0169222_10007_91	DB= GH20|GH20;ID=3300029084.a:Ga0169222_10007_91
91	null	null	null	CGC3	3300029084.a:Ga0169222_10007	130818	132284	3300029084.a:Ga0169222_10007_92	-	;ID=3300029084.a:Ga0169222_10007_92
92	null	null	null	CGC3	3300029084.a:Ga0169222_10007	132696	134282	3300029084.a:Ga0169222_10007_93	+	;ID=3300029084.a:Ga0169222_10007_93
93	CAZyme	0	2	CGC3	3300029084.a:Ga0169222_10007	134327	136642	3300029084.a:Ga0169222_10007_94	+	DB= GH20|GH20;ID=3300029084.a:Ga0169222_10007_94	DB= GH20|GH20;ID=3300029084.a:Ga0169222_10007_94
94	CAZyme	0	0	CGC3	3300029084.a:Ga0169222_10007	136720	139782	3300029084.a:Ga0169222_10007_95	+	DB= GH2|GH2;ID=3300029084.a:Ga0169222_10007_95	DB= GH2|GH2;ID=3300029084.a:Ga0169222_10007_95
95	CAZyme	1	0	CGC3	3300029084.a:Ga0169222_10007	139832	141649	3300029084.a:Ga0169222_10007_96	+	DB= GH29|GH29;ID=3300029084.a:Ga0169222_10007_96	DB= GH29|GH29;ID=3300029084.a:Ga0169222_10007_96
96	null	null	null	CGC3	3300029084.a:Ga0169222_10007	141715	142371	3300029084.a:Ga0169222_10007_97	+	;ID=3300029084.a:Ga0169222_10007_97
97	TC	4	1	CGC3	3300029084.a:Ga0169222_10007	142510	143679	3300029084.a:Ga0169222_10007_98	+	DB=gnl|TC-DB|P0AAT4|1.A.23.4.5;ID=3300029084.a:Ga0169222_10007_98	DB=gnl|TC-DB|P0AAT4|1.A.23.4.5;ID=3300029084.a:Ga0169222_10007_98
+++++
233	TC	0	4	CGC4	3300029084.a:Ga0169222_10007	297142	298332	3300029084.a:Ga0169222_10007_234	+	DB=gnl|TC-DB|Q8Y3G9|2.A.6.2.45;ID=3300029084.a:Ga0169222_10007_234	DB=gnl|TC-DB|Q8Y3G9|2.A.6.2.45;ID=3300029084.a:Ga0169222_10007_234
234	TC	0	0	CGC4	3300029084.a:Ga0169222_10007	298393	301572	3300029084.a:Ga0169222_10007_235	+	DB=gnl|TC-DB|Q8ZRG9|2.A.6.2.25;ID=3300029084.a:Ga0169222_10007_235	DB=gnl|TC-DB|Q8ZRG9|2.A.6.2.25;ID=3300029084.a:Ga0169222_10007_235
235	TC	0	0	CGC4	3300029084.a:Ga0169222_10007	301576	302952	3300029084.a:Ga0169222_10007_236	+	DB=gnl|TC-DB|Q0VQY7|2.A.6.2.46;ID=3300029084.a:Ga0169222_10007_236	DB=gnl|TC-DB|Q0VQY7|2.A.6.2.46;ID=3300029084.a:Ga0169222_10007_236
236	TF	1	0	CGC4	3300029084.a:Ga0169222_10007	302971	303519	3300029084.a:Ga0169222_10007_237	-	DB=DBD-Pfam|GerE;ID=3300029084.a:Ga0169222_10007_237	DB=DBD-Pfam|GerE;ID=3300029084.a:Ga0169222_10007_237
237	null	null	null	CGC4	3300029084.a:Ga0169222_10007	303710	303949	3300029084.a:Ga0169222_10007_238	-	;ID=3300029084.a:Ga0169222_10007_238
238	STP	0	1	CGC4	3300029084.a:Ga0169222_10007	304313	304903	3300029084.a:Ga0169222_10007_239	+	DB=STP|FecR;ID=3300029084.a:Ga0169222_10007_239	DB=STP|FecR;ID=3300029084.a:Ga0169222_10007_239
239	TC	1	0	CGC4	3300029084.a:Ga0169222_10007	304941	308318	3300029084.a:Ga0169222_10007_240	+	DB=gnl|TC-DB|Q45780|1.B.14.6.1;ID=3300029084.a:Ga0169222_10007_240	DB=gnl|TC-DB|Q45780|1.B.14.6.1;ID=3300029084.a:Ga0169222_10007_240
240	null	null	null	CGC4	3300029084.a:Ga0169222_10007	308328	310238	3300029084.a:Ga0169222_10007_241	+	;ID=3300029084.a:Ga0169222_10007_241
241	CAZyme	1	1	CGC4	3300029084.a:Ga0169222_10007	310260	311156	3300029084.a:Ga0169222_10007_242	+	DB=CBM32;ID=3300029084.a:Ga0169222_10007_242	DB=CBM32;ID=3300029084.a:Ga0169222_10007_242
242	null	null	null	CGC4	3300029084.a:Ga0169222_10007	311376	311510	3300029084.a:Ga0169222_10007_243	+	;ID=3300029084.a:Ga0169222_10007_243
243	CAZyme	1	1	CGC4	3300029084.a:Ga0169222_10007	311525	314344	3300029084.a:Ga0169222_10007_244	+	DB=CBM32;ID=3300029084.a:Ga0169222_10007_244	DB=CBM32;ID=3300029084.a:Ga0169222_10007_244
244	null	null	null	CGC4	3300029084.a:Ga0169222_10007	314559	316202	3300029084.a:Ga0169222_10007_245	+	;ID=3300029084.a:Ga0169222_10007_245
245	CAZyme	0	1	CGC4	3300029084.a:Ga0169222_10007	316299	318002	3300029084.a:Ga0169222_10007_246	+	DB=GH33|GH0;ID=3300029084.a:Ga0169222_10007_246	DB=GH33|GH0;ID=3300029084.a:Ga0169222_10007_246
246	CAZyme	3	0	CGC4	3300029084.a:Ga0169222_10007	318139	318996	3300029084.a:Ga0169222_10007_247	+	DB=GH25| GH25;ID=3300029084.a:Ga0169222_10007_247	DB=GH25| GH25;ID=3300029084.a:Ga0169222_10007_247
+++++
264	STP	2	9	CGC5	3300029084.a:Ga0169222_10007	337449	337841	3300029084.a:Ga0169222_10007_265	+	DB=STP|NUDIX;ID=3300029084.a:Ga0169222_10007_265	DB=STP|NUDIX;ID=3300029084.a:Ga0169222_10007_265
265	null	null	null	CGC5	3300029084.a:Ga0169222_10007	337852	337965	3300029084.a:Ga0169222_10007_266	-	;ID=3300029084.a:Ga0169222_10007_266
266	null	null	null	CGC5	3300029084.a:Ga0169222_10007	338422	339015	3300029084.a:Ga0169222_10007_267	-	;ID=3300029084.a:Ga0169222_10007_267
267	TF	0	2	CGC5	3300029084.a:Ga0169222_10007	339413	340009	3300029084.a:Ga0169222_10007_268	+	DB=DBD-Pfam|GerE;ID=3300029084.a:Ga0169222_10007_268	DB=DBD-Pfam|GerE;ID=3300029084.a:Ga0169222_10007_268
268	STP	0	0	CGC5	3300029084.a:Ga0169222_10007	340225	341250	3300029084.a:Ga0169222_10007_269	+	DB=STP|FecR;ID=3300029084.a:Ga0169222_10007_269	DB=STP|FecR;ID=3300029084.a:Ga0169222_10007_269
269	TC	0	0	CGC5	3300029084.a:Ga0169222_10007	341381	344716	3300029084.a:Ga0169222_10007_270	+	DB=gnl|TC-DB|Q45780|1.B.14.6.1;ID=3300029084.a:Ga0169222_10007_270	DB=gnl|TC-DB|Q45780|1.B.14.6.1;ID=3300029084.a:Ga0169222_10007_270
270	TC	0	0	CGC5	3300029084.a:Ga0169222_10007	344737	346425	3300029084.a:Ga0169222_10007_271	+	DB=gnl|TC-DB|C6Y217|8.A.46.1.3;ID=3300029084.a:Ga0169222_10007_271	DB=gnl|TC-DB|C6Y217|8.A.46.1.3;ID=3300029084.a:Ga0169222_10007_271
271	CAZyme	1	0	CGC5	3300029084.a:Ga0169222_10007	346597	349182	3300029084.a:Ga0169222_10007_272	+	DB=GH3| GH3;ID=3300029084.a:Ga0169222_10007_272	DB=GH3| GH3;ID=3300029084.a:Ga0169222_10007_272
272	null	null	null	CGC5	3300029084.a:Ga0169222_10007	349196	350446	3300029084.a:Ga0169222_10007_273	+	;ID=3300029084.a:Ga0169222_10007_273
273	STP	2	1	CGC5	3300029084.a:Ga0169222_10007	350470	351105	3300029084.a:Ga0169222_10007_274	+	DB=STP|B12-binding_2,STP|B12-binding;ID=3300029084.a:Ga0169222_10007_274	DB=STP|B12-binding_2,STP|B12-binding;ID=3300029084.a:Ga0169222_10007_274
274	null	null	null	CGC5	3300029084.a:Ga0169222_10007	351107	351790	3300029084.a:Ga0169222_10007_275	+	;ID=3300029084.a:Ga0169222_10007_275
275	null	null	null	CGC5	3300029084.a:Ga0169222_10007	351799	352803	3300029084.a:Ga0169222_10007_276	+	;ID=3300029084.a:Ga0169222_10007_276
276	CAZyme	0	2	CGC5	3300029084.a:Ga0169222_10007	352822	355401	3300029084.a:Ga0169222_10007_277	+	DB=GH3| GH3;ID=3300029084.a:Ga0169222_10007_277	DB=GH3| GH3;ID=3300029084.a:Ga0169222_10007_277
277	CAZyme	0	0	CGC5	3300029084.a:Ga0169222_10007	355426	359187	3300029084.a:Ga0169222_10007_278	+	DB= GH51|GH51| GH120|GH120;ID=3300029084.a:Ga0169222_10007_278	DB= GH51|GH51| GH120|GH120;ID=3300029084.a:Ga0169222_10007_278
278	TF	0	0	CGC5	3300029084.a:Ga0169222_10007	359573	360379	3300029084.a:Ga0169222_10007_279	+	DB=DBD-Pfam|HTH_AraC,DBD-Pfam|HTH_AraC,DBD-SUPERFAMILY|0036286,DBD-SUPERFAMILY|0035607;ID=3300029084.a:Ga0169222_10007_279	DB=DBD-Pfam|HTH_AraC,DBD-Pfam|HTH_AraC,DBD-SUPERFAMILY|0036286,DBD-SUPERFAMILY|0035607;ID=3300029084.a:Ga0169222_10007_279
279	STP	0	0	CGC5	3300029084.a:Ga0169222_10007	360485	360850	3300029084.a:Ga0169222_10007_280	+	DB=STP|Glyoxalase;ID=3300029084.a:Ga0169222_10007_280	DB=STP|Glyoxalase;ID=3300029084.a:Ga0169222_10007_280
280	TF	6	0	CGC5	3300029084.a:Ga0169222_10007	360893	361714	3300029084.a:Ga0169222_10007_281	+	DB=DBD-SUPERFAMILY|0036286;ID=3300029084.a:Ga0169222_10007_281	DB=DBD-SUPERFAMILY|0036286;ID=3300029084.a:Ga0169222_10007_281
+++++
91	CAZyme	2	8	CGC1	3300029084.a:Ga0169222_10005	123381	125168	3300029084.a:Ga0169222_10005_92	+	DB= GH110|GH110;ID=3300029084.a:Ga0169222_10005_92	DB= GH110|GH110;ID=3300029084.a:Ga0169222_10005_92
92	null	null	null	CGC1	3300029084.a:Ga0169222_10005	125200	126354	3300029084.a:Ga0169222_10005_93	+	;ID=3300029084.a:Ga0169222_10005_93
93	null	null	null	CGC1	3300029084.a:Ga0169222_10005	126435	127193	3300029084.a:Ga0169222_10005_94	+	;ID=3300029084.a:Ga0169222_10005_94
94	TC	2	2	CGC1	3300029084.a:Ga0169222_10005	127225	128124	3300029084.a:Ga0169222_10005_95	+	DB=gnl|TC-DB|Q89ZY3|2.A.7.3.57;ID=3300029084.a:Ga0169222_10005_95	DB=gnl|TC-DB|Q89ZY3|2.A.7.3.57;ID=3300029084.a:Ga0169222_10005_95
95	null	null	null	CGC1	3300029084.a:Ga0169222_10005	128152	128805	3300029084.a:Ga0169222_10005_96	+	;ID=3300029084.a:Ga0169222_10005_96
96	null	null	null	CGC1	3300029084.a:Ga0169222_10005	128786	129871	3300029084.a:Ga0169222_10005_97	-	;ID=3300029084.a:Ga0169222_10005_97
97	CAZyme	0	2	CGC1	3300029084.a:Ga0169222_10005	129893	133228	3300029084.a:Ga0169222_10005_98	-	DB= GH2|GH2;ID=3300029084.a:Ga0169222_10005_98	DB= GH2|GH2;ID=3300029084.a:Ga0169222_10005_98
98	TC	0	0	CGC1	3300029084.a:Ga0169222_10005	133254	134066	3300029084.a:Ga0169222_10005_99	-	DB=gnl|TC-DB|C8X4B7|2.A.115.1.5;ID=3300029084.a:Ga0169222_10005_99	DB=gnl|TC-DB|C8X4B7|2.A.115.1.5;ID=3300029084.a:Ga0169222_10005_99
99	CAZyme	0	0	CGC1	3300029084.a:Ga0169222_10005	134256	135650	3300029084.a:Ga0169222_10005_100	-	DB= GH109|GH109;ID=3300029084.a:Ga0169222_10005_100	DB= GH109|GH109;ID=3300029084.a:Ga0169222_10005_100
100	CAZyme	0	0	CGC1	3300029084.a:Ga0169222_10005	136756	139023	3300029084.a:Ga0169222_10005_101	-	DB= GH95|GH95;ID=3300029084.a:Ga0169222_10005_101	DB= GH95|GH95;ID=3300029084.a:Ga0169222_10005_101
101	CAZyme	1	0	CGC1	3300029084.a:Ga0169222_10005	139147	141918	3300029084.a:Ga0169222_10005_102	-	DB= GH2|GH2;ID=3300029084.a:Ga0169222_10005_102	DB= GH2|GH2;ID=3300029084.a:Ga0169222_10005_102
102	null	null	null	CGC1	3300029084.a:Ga0169222_10005	141915	145217	3300029084.a:Ga0169222_10005_103	-	;ID=3300029084.a:Ga0169222_10005_103
103	TC	0	1	CGC1	3300029084.a:Ga0169222_10005	145231	146610	3300029084.a:Ga0169222_10005_104	-	DB=gnl|TC-DB|P96710|2.A.1.1.55;ID=3300029084.a:Ga0169222_10005_104	DB=gnl|TC-DB|P96710|2.A.1.1.55;ID=3300029084.a:Ga0169222_10005_104
104	TF	0	0	CGC1	3300029084.a:Ga0169222_10005	146688	147644	3300029084.a:Ga0169222_10005_105	+	DB=DBD-Pfam|HTH_AraC,DBD-Pfam|HTH_AraC,DBD-SUPERFAMILY|0036286,DBD-SUPERFAMILY|0035607;ID=3300029084.a:Ga0169222_10005_105	DB=DBD-Pfam|HTH_AraC,DBD-Pfam|HTH_AraC,DBD-SUPERFAMILY|0036286,DBD-SUPERFAMILY|0035607;ID=3300029084.a:Ga0169222_10005_105
105	CAZyme	2	0	CGC1	3300029084.a:Ga0169222_10005	147799	150450	3300029084.a:Ga0169222_10005_106	-	DB=GH3| GH3;ID=3300029084.a:Ga0169222_10005_106	DB=GH3| GH3;ID=3300029084.a:Ga0169222_10005_106
106	null	null	null	CGC1	3300029084.a:Ga0169222_10005	150557	151993	3300029084.a:Ga0169222_10005_107	-	;ID=3300029084.a:Ga0169222_10005_107
107	null	null	null	CGC1	3300029084.a:Ga0169222_10005	152005	153534	3300029084.a:Ga0169222_10005_108	-	;ID=3300029084.a:Ga0169222_10005_108
108	TC	0	2	CGC1	3300029084.a:Ga0169222_10005	153552	155189	3300029084.a:Ga0169222_10005_109	-	DB=gnl|TC-DB|C6Y217|8.A.46.1.3;ID=3300029084.a:Ga0169222_10005_109	DB=gnl|TC-DB|C6Y217|8.A.46.1.3;ID=3300029084.a:Ga0169222_10005_109
109	TC	0	0	CGC1	3300029084.a:Ga0169222_10005	155211	158528	3300029084.a:Ga0169222_10005_110	-	DB=gnl|TC-DB|Q45780|1.B.14.6.1;ID=3300029084.a:Ga0169222_10005_110	DB=gnl|TC-DB|Q45780|1.B.14.6.1;ID=3300029084.a:Ga0169222_10005_110
110	TC	0	0	CGC1	3300029084.a:Ga0169222_10005	158867	160633	3300029084.a:Ga0169222_10005_111	-	DB=gnl|TC-DB|E4RVP8|8.A.46.1.5;ID=3300029084.a:Ga0169222_10005_111	DB=gnl|TC-DB|E4RVP8|8.A.46.1.5;ID=3300029084.a:Ga0169222_10005_111
111	TC	0	0	CGC1	3300029084.a:Ga0169222_10005	160647	163958	3300029084.a:Ga0169222_10005_112	-	DB=gnl|TC-DB|Q45780|1.B.14.6.1;ID=3300029084.a:Ga0169222_10005_112	DB=gnl|TC-DB|Q45780|1.B.14.6.1;ID=3300029084.a:Ga0169222_10005_112
112	TF	0	0	CGC1	3300029084.a:Ga0169222_10005	164847	165422	3300029084.a:Ga0169222_10005_113	+	DB=DBD-Pfam|GerE;ID=3300029084.a:Ga0169222_10005_113	DB=DBD-Pfam|GerE;ID=3300029084.a:Ga0169222_10005_113
113	STP	0	0	CGC1	3300029084.a:Ga0169222_10005	165548	166534	3300029084.a:Ga0169222_10005_114	+	DB=STP|FecR;ID=3300029084.a:Ga0169222_10005_114	DB=STP|FecR;ID=3300029084.a:Ga0169222_10005_114
114	TC	1	0	CGC1	3300029084.a:Ga0169222_10005	166739	170149	3300029084.a:Ga0169222_10005_115	+	DB=gnl|TC-DB|Q45780|1.B.14.6.1;ID=3300029084.a:Ga0169222_10005_115	DB=gnl|TC-DB|Q45780|1.B.14.6.1;ID=3300029084.a:Ga0169222_10005_115
115	null	null	null	CGC1	3300029084.a:Ga0169222_10005	170178	171938	3300029084.a:Ga0169222_10005_116	+	;ID=3300029084.a:Ga0169222_10005_116
116	TC	1	1	CGC1	3300029084.a:Ga0169222_10005	172249	175632	3300029084.a:Ga0169222_10005_117	+	DB=gnl|TC-DB|Q45780|1.B.14.6.1;ID=3300029084.a:Ga0169222_10005_117	DB=gnl|TC-DB|Q45780|1.B.14.6.1;ID=3300029084.a:Ga0169222_10005_117
117	null	null	null	CGC1	3300029084.a:Ga0169222_10005	175651	177435	3300029084.a:Ga0169222_10005_118	+	;ID=3300029084.a:Ga0169222_10005_118
118	CAZyme	1	1	CGC1	3300029084.a:Ga0169222_10005	177526	178776	3300029084.a:Ga0169222_10005_119	-	DB= GH109|GH109;ID=3300029084.a:Ga0169222_10005_119	DB= GH109|GH109;ID=3300029084.a:Ga0169222_10005_119
119	null	null	null	CGC1	3300029084.a:Ga0169222_10005	179077	179571	3300029084.a:Ga0169222_10005_120	-	;ID=3300029084.a:Ga0169222_10005_120
120	STP	5	1	CGC1	3300029084.a:Ga0169222_10005	179657	180340	3300029084.a:Ga0169222_10005_121	-	DB=STP|TPR_1,STP|TPR_2;ID=3300029084.a:Ga0169222_10005_121	DB=STP|TPR_1,STP|TPR_2;ID=3300029084.a:Ga0169222_10005_121
+++++
151	STP	1	6	CGC2	3300029084.a:Ga0169222_10005	220948	222948	3300029084.a:Ga0169222_10005_152	-	DB=STP|AAA,STP|TPR_2,STP|TPR_1;ID=3300029084.a:Ga0169222_10005_152	DB=STP|AAA,STP|TPR_2,STP|TPR_1;ID=3300029084.a:Ga0169222_10005_152
152	null	null	null	CGC2	3300029084.a:Ga0169222_10005	222950	223735	3300029084.a:Ga0169222_10005_153	-	;ID=3300029084.a:Ga0169222_10005_153
153	STP	1	1	CGC2	3300029084.a:Ga0169222_10005	223907	225091	3300029084.a:Ga0169222_10005_154	+	DB=STP|Aminotran_1_2;ID=3300029084.a:Ga0169222_10005_154	DB=STP|Aminotran_1_2;ID=3300029084.a:Ga0169222_10005_154
154	null	null	null	CGC2	3300029084.a:Ga0169222_10005	225123	226358	3300029084.a:Ga0169222_10005_155	+	;ID=3300029084.a:Ga0169222_10005_155
155	STP	0	1	CGC2	3300029084.a:Ga0169222_10005	226384	226965	3300029084.a:Ga0169222_10005_156	+	DB=STP|Sigma70_r2,STP|Sigma70_r4_2;ID=3300029084.a:Ga0169222_10005_156	DB=STP|Sigma70_r2,STP|Sigma70_r4_2;ID=3300029084.a:Ga0169222_10005_156
156	STP	1	0	CGC2	3300029084.a:Ga0169222_10005	227075	228181	3300029084.a:Ga0169222_10005_157	+	DB=STP|FecR;ID=3300029084.a:Ga0169222_10005_157	DB=STP|FecR;ID=3300029084.a:Ga0169222_10005_157
157	null	null	null	CGC2	3300029084.a:Ga0169222_10005	228373	228807	3300029084.a:Ga0169222_10005_158	+	;ID=3300029084.a:Ga0169222_10005_158
158	TF	1	1	CGC2	3300029084.a:Ga0169222_10005	228820	229563	3300029084.a:Ga0169222_10005_159	-	DB=DBD-SUPERFAMILY|0037767;ID=3300029084.a:Ga0169222_10005_159	DB=DBD-SUPERFAMILY|0037767;ID=3300029084.a:Ga0169222_10005_159
159	null	null	null	CGC2	3300029084.a:Ga0169222_10005	229679	230275	3300029084.a:Ga0169222_10005_160	+	;ID=3300029084.a:Ga0169222_10005_160
160	TC	0	1	CGC2	3300029084.a:Ga0169222_10005	230313	230990	3300029084.a:Ga0169222_10005_161	-	DB=gnl|TC-DB|Q64XM9|9.B.104.3.2;ID=3300029084.a:Ga0169222_10005_161	DB=gnl|TC-DB|Q64XM9|9.B.104.3.2;ID=3300029084.a:Ga0169222_10005_161
161	CAZyme	0	0	CGC2	3300029084.a:Ga0169222_10005	231161	233101	3300029084.a:Ga0169222_10005_162	+	DB= GH133|GH133;ID=3300029084.a:Ga0169222_10005_162	DB= GH133|GH133;ID=3300029084.a:Ga0169222_10005_162
162	CAZyme	0	0	CGC2	3300029084.a:Ga0169222_10005	233128	234390	3300029084.a:Ga0169222_10005_163	+	DB= GT4|GT4;ID=3300029084.a:Ga0169222_10005_163	DB= GT4|GT4;ID=3300029084.a:Ga0169222_10005_163
163	CAZyme	1	0	CGC2	3300029084.a:Ga0169222_10005	234403	235791	3300029084.a:Ga0169222_10005_164	+	DB= GH57|GH57;ID=3300029084.a:Ga0169222_10005_164	DB= GH57|GH57;ID=3300029084.a:Ga0169222_10005_164
164	null	null	null	CGC2	3300029084.a:Ga0169222_10005	236177	237667	3300029084.a:Ga0169222_10005_165	-	;ID=3300029084.a:Ga0169222_10005_165
165	CAZyme	2	1	CGC2	3300029084.a:Ga0169222_10005	237691	238674	3300029084.a:Ga0169222_10005_166	-	DB=GT5| GT5;ID=3300029084.a:Ga0169222_10005_166	DB=GT5| GT5;ID=3300029084.a:Ga0169222_10005_166
166	null	null	null	CGC2	3300029084.a:Ga0169222_10005	238762	239610	3300029084.a:Ga0169222_10005_167	+	;ID=3300029084.a:Ga0169222_10005_167
167	null	null	null	CGC2	3300029084.a:Ga0169222_10005	239633	239986	3300029084.a:Ga0169222_10005_168	+	;ID=3300029084.a:Ga0169222_10005_168
168	STP	0	2	CGC2	3300029084.a:Ga0169222_10005	240169	242457	3300029084.a:Ga0169222_10005_169	-	DB=STP|Pyr_redox_2;ID=3300029084.a:Ga0169222_10005_169	DB=STP|Pyr_redox_2;ID=3300029084.a:Ga0169222_10005_169
169	TC	5	0	CGC2	3300029084.a:Ga0169222_10005	242600	243811	3300029084.a:Ga0169222_10005_170	-	DB=gnl|TC-DB|Q8EBL0|2.A.1.7.8;ID=3300029084.a:Ga0169222_10005_170	DB=gnl|TC-DB|Q8EBL0|2.A.1.7.8;ID=3300029084.a:Ga0169222_10005_170
+++++
191	TC	1	4	CGC3	3300029084.a:Ga0169222_10005	267743	270232	3300029084.a:Ga0169222_10005_192	+	DB=gnl|TC-DB|P21458|3.A.12.1.1;ID=3300029084.a:Ga0169222_10005_192	DB=gnl|TC-DB|P21458|3.A.12.1.1;ID=3300029084.a:Ga0169222_10005_192
192	null	null	null	CGC3	3300029084.a:Ga0169222_10005	270257	270898	3300029084.a:Ga0169222_10005_193	+	;ID=3300029084.a:Ga0169222_10005_193
193	STP	0	1	CGC3	3300029084.a:Ga0169222_10005	270954	271901	3300029084.a:Ga0169222_10005_194	+	DB=STP|Pyr_redox_2;ID=3300029084.a:Ga0169222_10005_194	DB=STP|Pyr_redox_2;ID=3300029084.a:Ga0169222_10005_194
194	CAZyme	0	0	CGC3	3300029084.a:Ga0169222_10005	272055	274499	3300029084.a:Ga0169222_10005_195	-	DB= GH20|GH20;ID=3300029084.a:Ga0169222_10005_195	DB= GH20|GH20;ID=3300029084.a:Ga0169222_10005_195
195	TF	5	0	CGC3	3300029084.a:Ga0169222_10005	274544	275245	3300029084.a:Ga0169222_10005_196	-	DB=DBD-SUPERFAMILY|0038753;ID=3300029084.a:Ga0169222_10005_196	DB=DBD-SUPERFAMILY|0038753;ID=3300029084.a:Ga0169222_10005_196
+++++
81	TF	0	5	CGC1	3300029084.a:Ga0169222_10004	70513	70722	3300029084.a:Ga0169222_10004_82	+	DB=DBD-SUPERFAMILY|0037767;ID=3300029084.a:Ga0169222_10004_82	DB=DBD-SUPERFAMILY|0037767;ID=3300029084.a:Ga0169222_10004_82
82	TC	1	0	CGC1	3300029084.a:Ga0169222_10004	70803	71393	3300029084.a:Ga0169222_10004_83	-	DB=gnl|TC-DB|I9SUL5|9.B.196.1.2;ID=3300029084.a:Ga0169222_10004_83	DB=gnl|TC-DB|I9SUL5|9.B.196.1.2;ID=3300029084.a:Ga0169222_10004_83
83	null	null	null	CGC1	3300029084.a:Ga0169222_10004	71538	72251	3300029084.a:Ga0169222_10004_84	-	;ID=3300029084.a:Ga0169222_10004_84
84	STP	1	1	CGC1	3300029084.a:Ga0169222_10004	72323	72904	3300029084.a:Ga0169222_10004_85	-	DB=STP|cNMP_binding;ID=3300029084.a:Ga0169222_10004_85	DB=STP|cNMP_binding;ID=3300029084.a:Ga0169222_10004_85
85	null	null	null	CGC1	3300029084.a:Ga0169222_10004	72990	74495	3300029084.a:Ga0169222_10004_86	-	;ID=3300029084.a:Ga0169222_10004_86
86	TC	2	1	CGC1	3300029084.a:Ga0169222_10004	74714	75928	3300029084.a:Ga0169222_10004_87	+	DB=gnl|TC-DB|P52067|2.A.1.35.1;ID=3300029084.a:Ga0169222_10004_87	DB=gnl|TC-DB|P52067|2.A.1.35.1;ID=3300029084.a:Ga0169222_10004_87
87	null	null	null	CGC1	3300029084.a:Ga0169222_10004	76104	76904	3300029084.a:Ga0169222_10004_88	+	;ID=3300029084.a:Ga0169222_10004_88
88	null	null	null	CGC1	3300029084.a:Ga0169222_10004	76895	77953	3300029084.a:Ga0169222_10004_89	+	;ID=3300029084.a:Ga0169222_10004_89
89	CAZyme	0	2	CGC1	3300029084.a:Ga0169222_10004	77964	79661	3300029084.a:Ga0169222_10004_90	+	DB=GH13_38| GH13_38;ID=3300029084.a:Ga0169222_10004_90	DB=GH13_38| GH13_38;ID=3300029084.a:Ga0169222_10004_90
90	CAZyme	6	0	CGC1	3300029084.a:Ga0169222_10004	79737	81749	3300029084.a:Ga0169222_10004_91	-	DB= GH13_8|GH13_8|CBM48;ID=3300029084.a:Ga0169222_10004_91	DB= GH13_8|GH13_8|CBM48;ID=3300029084.a:Ga0169222_10004_91
+++++
281	TF	0	3	CGC2	3300029084.a:Ga0169222_10004	270148	271479	3300029084.a:Ga0169222_10004_282	+	DB=DBD-Pfam|HTH_8,DBD-SUPERFAMILY|0037176;ID=3300029084.a:Ga0169222_10004_282	DB=DBD-Pfam|HTH_8,DBD-SUPERFAMILY|0037176;ID=3300029084.a:Ga0169222_10004_282
282	STP	0	0	CGC2	3300029084.a:Ga0169222_10004	271476	272789	3300029084.a:Ga0169222_10004_283	+	DB=STP|HATPase_c;ID=3300029084.a:Ga0169222_10004_283	DB=STP|HATPase_c;ID=3300029084.a:Ga0169222_10004_283
283	TF	1	0	CGC2	3300029084.a:Ga0169222_10004	272905	273570	3300029084.a:Ga0169222_10004_284	+	DB=DBD-Pfam|MarR,DBD-SUPERFAMILY|0038753;ID=3300029084.a:Ga0169222_10004_284	DB=DBD-Pfam|MarR,DBD-SUPERFAMILY|0038753;ID=3300029084.a:Ga0169222_10004_284
284	null	null	null	CGC2	3300029084.a:Ga0169222_10004	274092	275717	3300029084.a:Ga0169222_10004_285	+	;ID=3300029084.a:Ga0169222_10004_285
285	TC	0	1	CGC2	3300029084.a:Ga0169222_10004	275844	277031	3300029084.a:Ga0169222_10004_286	-	DB=gnl|TC-DB|P39766|2.A.40.1.4;ID=3300029084.a:Ga0169222_10004_286	DB=gnl|TC-DB|P39766|2.A.40.1.4;ID=3300029084.a:Ga0169222_10004_286
286	TC	0	0	CGC2	3300029084.a:Ga0169222_10004	277203	278669	3300029084.a:Ga0169222_10004_287	+	DB=gnl|TC-DB|P76007|2.A.36.6.11;ID=3300029084.a:Ga0169222_10004_287	DB=gnl|TC-DB|P76007|2.A.36.6.11;ID=3300029084.a:Ga0169222_10004_287
287	TC	2	0	CGC2	3300029084.a:Ga0169222_10004	278883	280547	3300029084.a:Ga0169222_10004_288	+	DB=gnl|TC-DB|P69451|4.C.1.1.4;ID=3300029084.a:Ga0169222_10004_288	DB=gnl|TC-DB|P69451|4.C.1.1.4;ID=3300029084.a:Ga0169222_10004_288
288	null	null	null	CGC2	3300029084.a:Ga0169222_10004	280553	280936	3300029084.a:Ga0169222_10004_289	-	;ID=3300029084.a:Ga0169222_10004_289
289	null	null	null	CGC2	3300029084.a:Ga0169222_10004	280914	281696	3300029084.a:Ga0169222_10004_290	-	;ID=3300029084.a:Ga0169222_10004_290
290	STP	2	2	CGC2	3300029084.a:Ga0169222_10004	281884	283458	3300029084.a:Ga0169222_10004_291	+	DB=STP|AAA;ID=3300029084.a:Ga0169222_10004_291	DB=STP|AAA;ID=3300029084.a:Ga0169222_10004_291
291	null	null	null	CGC2	3300029084.a:Ga0169222_10004	283433	284803	3300029084.a:Ga0169222_10004_292	+	;ID=3300029084.a:Ga0169222_10004_292
292	null	null	null	CGC2	3300029084.a:Ga0169222_10004	285305	286636	3300029084.a:Ga0169222_10004_293	-	;ID=3300029084.a:Ga0169222_10004_293
293	TC	1	2	CGC2	3300029084.a:Ga0169222_10004	286659	289964	3300029084.a:Ga0169222_10004_294	-	DB=gnl|TC-DB|Q45780|1.B.14.6.1;ID=3300029084.a:Ga0169222_10004_294	DB=gnl|TC-DB|Q45780|1.B.14.6.1;ID=3300029084.a:Ga0169222_10004_294
294	null	null	null	CGC2	3300029084.a:Ga0169222_10004	290093	292702	3300029084.a:Ga0169222_10004_295	-	;ID=3300029084.a:Ga0169222_10004_295
295	CAZyme	2	1	CGC2	3300029084.a:Ga0169222_10004	292989	294566	3300029084.a:Ga0169222_10004_296	+	DB= GH20|GH20;ID=3300029084.a:Ga0169222_10004_296	DB= GH20|GH20;ID=3300029084.a:Ga0169222_10004_296
296	null	null	null	CGC2	3300029084.a:Ga0169222_10004	294590	297763	3300029084.a:Ga0169222_10004_297	+	;ID=3300029084.a:Ga0169222_10004_297
297	null	null	null	CGC2	3300029084.a:Ga0169222_10004	297760	300633	3300029084.a:Ga0169222_10004_298	+	;ID=3300029084.a:Ga0169222_10004_298
298	STP	2	2	CGC2	3300029084.a:Ga0169222_10004	300878	302005	3300029084.a:Ga0169222_10004_299	-	DB=STP|Response_reg,STP|HisKA,STP|HATPase_c;ID=3300029084.a:Ga0169222_10004_299	DB=STP|Response_reg,STP|HisKA,STP|HATPase_c;ID=3300029084.a:Ga0169222_10004_299
299	null	null	null	CGC2	3300029084.a:Ga0169222_10004	302040	302978	3300029084.a:Ga0169222_10004_300	-	;ID=3300029084.a:Ga0169222_10004_300
300	null	null	null	CGC2	3300029084.a:Ga0169222_10004	303119	303436	3300029084.a:Ga0169222_10004_301	-	;ID=3300029084.a:Ga0169222_10004_301
301	STP	3	2	CGC2	3300029084.a:Ga0169222_10004	303688	304647	3300029084.a:Ga0169222_10004_302	+	DB=STP|BetR;ID=3300029084.a:Ga0169222_10004_302	DB=STP|BetR;ID=3300029084.a:Ga0169222_10004_302
+++++
421	CAZyme	0	6	CGC3	3300029084.a:Ga0169222_10004	426823	427713	3300029084.a:Ga0169222_10004_422	+	DB=GT2| GT2;ID=3300029084.a:Ga0169222_10004_422	DB=GT2| GT2;ID=3300029084.a:Ga0169222_10004_422
422	CAZyme	1	0	CGC3	3300029084.a:Ga0169222_10004	427928	429148	3300029084.a:Ga0169222_10004_423	+	DB=GT2| GT2;ID=3300029084.a:Ga0169222_10004_423	DB=GT2| GT2;ID=3300029084.a:Ga0169222_10004_423
423	null	null	null	CGC3	3300029084.a:Ga0169222_10004	429318	429467	3300029084.a:Ga0169222_10004_424	-	;ID=3300029084.a:Ga0169222_10004_424
424	CAZyme	0	1	CGC3	3300029084.a:Ga0169222_10004	429548	430501	3300029084.a:Ga0169222_10004_425	+	DB=GT2| GT2;ID=3300029084.a:Ga0169222_10004_425	DB=GT2| GT2;ID=3300029084.a:Ga0169222_10004_425
425	TC	0	0	CGC3	3300029084.a:Ga0169222_10004	430583	432037	3300029084.a:Ga0169222_10004_426	+	DB=gnl|TC-DB|B0RRI5|2.A.66.2.23;ID=3300029084.a:Ga0169222_10004_426	DB=gnl|TC-DB|B0RRI5|2.A.66.2.23;ID=3300029084.a:Ga0169222_10004_426
426	CAZyme	1	0	CGC3	3300029084.a:Ga0169222_10004	432034	433152	3300029084.a:Ga0169222_10004_427	+	DB=GT4;ID=3300029084.a:Ga0169222_10004_427	DB=GT4;ID=3300029084.a:Ga0169222_10004_427
427	null	null	null	CGC3	3300029084.a:Ga0169222_10004	433173	434207	3300029084.a:Ga0169222_10004_428	+	;ID=3300029084.a:Ga0169222_10004_428
428	CAZyme	0	1	CGC3	3300029084.a:Ga0169222_10004	434204	435355	3300029084.a:Ga0169222_10004_429	+	DB= GT4|GT4;ID=3300029084.a:Ga0169222_10004_429	DB= GT4|GT4;ID=3300029084.a:Ga0169222_10004_429
429	CAZyme	2	0	CGC3	3300029084.a:Ga0169222_10004	435368	436219	3300029084.a:Ga0169222_10004_430	+	DB=GT2| GT2;ID=3300029084.a:Ga0169222_10004_430	DB=GT2| GT2;ID=3300029084.a:Ga0169222_10004_430
430	null	null	null	CGC3	3300029084.a:Ga0169222_10004	436216	437382	3300029084.a:Ga0169222_10004_431	+	;ID=3300029084.a:Ga0169222_10004_431
431	null	null	null	CGC3	3300029084.a:Ga0169222_10004	437379	438791	3300029084.a:Ga0169222_10004_432	+	;ID=3300029084.a:Ga0169222_10004_432
432	CAZyme	0	2	CGC3	3300029084.a:Ga0169222_10004	438800	440008	3300029084.a:Ga0169222_10004_433	+	DB=GT2| GT2;ID=3300029084.a:Ga0169222_10004_433	DB=GT2| GT2;ID=3300029084.a:Ga0169222_10004_433
433	TC	2	0	CGC3	3300029084.a:Ga0169222_10004	440021	442720	3300029084.a:Ga0169222_10004_434	+	DB=gnl|TC-DB|Q9HV74|2.A.21.9.1;ID=3300029084.a:Ga0169222_10004_434	DB=gnl|TC-DB|Q9HV74|2.A.21.9.1;ID=3300029084.a:Ga0169222_10004_434
434	null	null	null	CGC3	3300029084.a:Ga0169222_10004	442861	443946	3300029084.a:Ga0169222_10004_435	+	;ID=3300029084.a:Ga0169222_10004_435
435	null	null	null	CGC3	3300029084.a:Ga0169222_10004	444060	445943	3300029084.a:Ga0169222_10004_436	-	;ID=3300029084.a:Ga0169222_10004_436
436	TC	0	2	CGC3	3300029084.a:Ga0169222_10004	445967	448756	3300029084.a:Ga0169222_10004_437	-	DB=gnl|TC-DB|Q8A552|1.B.14.14.1;ID=3300029084.a:Ga0169222_10004_437	DB=gnl|TC-DB|Q8A552|1.B.14.14.1;ID=3300029084.a:Ga0169222_10004_437
437	TC	2	0	CGC3	3300029084.a:Ga0169222_10004	448952	450610	3300029084.a:Ga0169222_10004_438	-	DB=gnl|TC-DB|P43672|3.A.1.120.6;ID=3300029084.a:Ga0169222_10004_438	DB=gnl|TC-DB|P43672|3.A.1.120.6;ID=3300029084.a:Ga0169222_10004_438
438	null	null	null	CGC3	3300029084.a:Ga0169222_10004	451073	451912	3300029084.a:Ga0169222_10004_439	+	;ID=3300029084.a:Ga0169222_10004_439
439	null	null	null	CGC3	3300029084.a:Ga0169222_10004	451943	452293	3300029084.a:Ga0169222_10004_440	+	;ID=3300029084.a:Ga0169222_10004_440
440	TF	1	2	CGC3	3300029084.a:Ga0169222_10004	452578	452871	3300029084.a:Ga0169222_10004_441	-	DB=DBD-Pfam|MerR,DBD-SUPERFAMILY|0039468;ID=3300029084.a:Ga0169222_10004_441	DB=DBD-Pfam|MerR,DBD-SUPERFAMILY|0039468;ID=3300029084.a:Ga0169222_10004_441
441	null	null	null	CGC3	3300029084.a:Ga0169222_10004	452925	453218	3300029084.a:Ga0169222_10004_442	-	;ID=3300029084.a:Ga0169222_10004_442
442	TF	0	1	CGC3	3300029084.a:Ga0169222_10004	453205	453519	3300029084.a:Ga0169222_10004_443	-	DB=DBD-SUPERFAMILY|0039468;ID=3300029084.a:Ga0169222_10004_443	DB=DBD-SUPERFAMILY|0039468;ID=3300029084.a:Ga0169222_10004_443
443	STP	3	0	CGC3	3300029084.a:Ga0169222_10004	453740	454309	3300029084.a:Ga0169222_10004_444	+	DB=STP|cNMP_binding;ID=3300029084.a:Ga0169222_10004_444	DB=STP|cNMP_binding;ID=3300029084.a:Ga0169222_10004_444
+++++
0	TC	0	null	CGC1	3300029084.a:Ga0169222_10003	467	1555	3300029084.a:Ga0169222_10003_1	+	DB=gnl|TC-DB|Q2NEN2|9.B.97.1.3;ID=3300029084.a:Ga0169222_10003_1	DB=gnl|TC-DB|Q2NEN2|9.B.97.1.3;ID=3300029084.a:Ga0169222_10003_1
1	CAZyme	0	0	CGC1	3300029084.a:Ga0169222_10003	1791	3752	3300029084.a:Ga0169222_10003_2	-	DB= GH20|GH20;ID=3300029084.a:Ga0169222_10003_2	DB= GH20|GH20;ID=3300029084.a:Ga0169222_10003_2
2	TC	0	0	CGC1	3300029084.a:Ga0169222_10003	4030	5199	3300029084.a:Ga0169222_10003_3	-	DB=gnl|TC-DB|Q93N33|2.A.21.9.2;ID=3300029084.a:Ga0169222_10003_3	DB=gnl|TC-DB|Q93N33|2.A.21.9.2;ID=3300029084.a:Ga0169222_10003_3
3	TF	0	0	CGC1	3300029084.a:Ga0169222_10003	5212	6087	3300029084.a:Ga0169222_10003_4	-	DB=DBD-Pfam|HTH_AraC,DBD-SUPERFAMILY|0035607;ID=3300029084.a:Ga0169222_10003_4	DB=DBD-Pfam|HTH_AraC,DBD-SUPERFAMILY|0035607;ID=3300029084.a:Ga0169222_10003_4
4	STP	0	0	CGC1	3300029084.a:Ga0169222_10003	6372	7610	3300029084.a:Ga0169222_10003_5	+	DB=STP|EPSP_synthase;ID=3300029084.a:Ga0169222_10003_5	DB=STP|EPSP_synthase;ID=3300029084.a:Ga0169222_10003_5
5	CAZyme	0	0	CGC1	3300029084.a:Ga0169222_10003	7751	11404	3300029084.a:Ga0169222_10003_6	-	DB= GH2|GH2;ID=3300029084.a:Ga0169222_10003_6	DB= GH2|GH2;ID=3300029084.a:Ga0169222_10003_6
6	CAZyme	0	0	CGC1	3300029084.a:Ga0169222_10003	11423	12874	3300029084.a:Ga0169222_10003_7	-	DB= GH29|GH29;ID=3300029084.a:Ga0169222_10003_7	DB= GH29|GH29;ID=3300029084.a:Ga0169222_10003_7
7	CAZyme	1	0	CGC1	3300029084.a:Ga0169222_10003	12903	13856	3300029084.a:Ga0169222_10003_8	-	DB=CBM32| CBM32;ID=3300029084.a:Ga0169222_10003_8	DB=CBM32| CBM32;ID=3300029084.a:Ga0169222_10003_8
8	null	null	null	CGC1	3300029084.a:Ga0169222_10003	13878	15560	3300029084.a:Ga0169222_10003_9	-	;ID=3300029084.a:Ga0169222_10003_9
9	TC	2	1	CGC1	3300029084.a:Ga0169222_10003	15574	18759	3300029084.a:Ga0169222_10003_10	-	DB=gnl|TC-DB|Q45780|1.B.14.6.1;ID=3300029084.a:Ga0169222_10003_10	DB=gnl|TC-DB|Q45780|1.B.14.6.1;ID=3300029084.a:Ga0169222_10003_10
10	null	null	null	CGC1	3300029084.a:Ga0169222_10003	19197	19598	3300029084.a:Ga0169222_10003_11	+	;ID=3300029084.a:Ga0169222_10003_11
11	null	null	null	CGC1	3300029084.a:Ga0169222_10003	19541	22207	3300029084.a:Ga0169222_10003_12	-	;ID=3300029084.a:Ga0169222_10003_12
12	CAZyme	3	2	CGC1	3300029084.a:Ga0169222_10003	22248	24533	3300029084.a:Ga0169222_10003_13	-	DB= GH92|GH92;ID=3300029084.a:Ga0169222_10003_13	DB= GH92|GH92;ID=3300029084.a:Ga0169222_10003_13
+++++
91	TF	1	6	CGC2	3300029084.a:Ga0169222_10003	121761	122768	3300029084.a:Ga0169222_10003_92	-	DB=DBD-Pfam|HTH_AraC,DBD-SUPERFAMILY|0036286,DBD-SUPERFAMILY|0035607;ID=3300029084.a:Ga0169222_10003_92	DB=DBD-Pfam|HTH_AraC,DBD-SUPERFAMILY|0036286,DBD-SUPERFAMILY|0035607;ID=3300029084.a:Ga0169222_10003_92
92	null	null	null	CGC2	3300029084.a:Ga0169222_10003	122951	123109	3300029084.a:Ga0169222_10003_93	+	;ID=3300029084.a:Ga0169222_10003_93
93	TC	2	1	CGC2	3300029084.a:Ga0169222_10003	123099	125438	3300029084.a:Ga0169222_10003_94	+	DB=gnl|TC-DB|Q1CY23|1.B.14.3.2;ID=3300029084.a:Ga0169222_10003_94	DB=gnl|TC-DB|Q1CY23|1.B.14.3.2;ID=3300029084.a:Ga0169222_10003_94
94	null	null	null	CGC2	3300029084.a:Ga0169222_10003	125472	126695	3300029084.a:Ga0169222_10003_95	+	;ID=3300029084.a:Ga0169222_10003_95
95	null	null	null	CGC2	3300029084.a:Ga0169222_10003	126791	126967	3300029084.a:Ga0169222_10003_96	+	;ID=3300029084.a:Ga0169222_10003_96
96	STP	0	2	CGC2	3300029084.a:Ga0169222_10003	127133	128275	3300029084.a:Ga0169222_10003_97	-	DB=STP|FecR;ID=3300029084.a:Ga0169222_10003_97	DB=STP|FecR;ID=3300029084.a:Ga0169222_10003_97
97	TF	2	0	CGC2	3300029084.a:Ga0169222_10003	128337	128828	3300029084.a:Ga0169222_10003_98	-	DB=DBD-Pfam|GerE;ID=3300029084.a:Ga0169222_10003_98	DB=DBD-Pfam|GerE;ID=3300029084.a:Ga0169222_10003_98
98	null	null	null	CGC2	3300029084.a:Ga0169222_10003	129052	129291	3300029084.a:Ga0169222_10003_99	+	;ID=3300029084.a:Ga0169222_10003_99
99	null	null	null	CGC2	3300029084.a:Ga0169222_10003	129385	129870	3300029084.a:Ga0169222_10003_100	-	;ID=3300029084.a:Ga0169222_10003_100
100	TF	1	2	CGC2	3300029084.a:Ga0169222_10003	130478	131125	3300029084.a:Ga0169222_10003_101	+	DB=DBD-Pfam|GerE;ID=3300029084.a:Ga0169222_10003_101	DB=DBD-Pfam|GerE;ID=3300029084.a:Ga0169222_10003_101
101	null	null	null	CGC2	3300029084.a:Ga0169222_10003	131147	132817	3300029084.a:Ga0169222_10003_102	-	;ID=3300029084.a:Ga0169222_10003_102
102	TC	0	1	CGC2	3300029084.a:Ga0169222_10003	132846	136133	3300029084.a:Ga0169222_10003_103	-	DB=gnl|TC-DB|Q45780|1.B.14.6.1;ID=3300029084.a:Ga0169222_10003_103	DB=gnl|TC-DB|Q45780|1.B.14.6.1;ID=3300029084.a:Ga0169222_10003_103
103	STP	0	0	CGC2	3300029084.a:Ga0169222_10003	136165	137265	3300029084.a:Ga0169222_10003_104	-	DB=STP|FecR;ID=3300029084.a:Ga0169222_10003_104	DB=STP|FecR;ID=3300029084.a:Ga0169222_10003_104
104	CAZyme	1	0	CGC2	3300029084.a:Ga0169222_10003	137533	139638	3300029084.a:Ga0169222_10003_105	-	DB= GH2|GH2;ID=3300029084.a:Ga0169222_10003_105	DB= GH2|GH2;ID=3300029084.a:Ga0169222_10003_105
105	null	null	null	CGC2	3300029084.a:Ga0169222_10003	139708	140493	3300029084.a:Ga0169222_10003_106	-	;ID=3300029084.a:Ga0169222_10003_106
106	CAZyme	0	1	CGC2	3300029084.a:Ga0169222_10003	140500	143289	3300029084.a:Ga0169222_10003_107	-	DB= GH2|GH2;ID=3300029084.a:Ga0169222_10003_107	DB= GH2|GH2;ID=3300029084.a:Ga0169222_10003_107
107	CAZyme	3	0	CGC2	3300029084.a:Ga0169222_10003	143447	146356	3300029084.a:Ga0169222_10003_108	-	DB= GH2|CBM32| CBM32|GH2;ID=3300029084.a:Ga0169222_10003_108	DB= GH2|CBM32| CBM32|GH2;ID=3300029084.a:Ga0169222_10003_108
+++++
155	CAZyme	2	17	CGC3	3300029084.a:Ga0169222_10003	211220	214168	3300029084.a:Ga0169222_10003_156	-	DB= GH115|GH115;ID=3300029084.a:Ga0169222_10003_156	DB= GH115|GH115;ID=3300029084.a:Ga0169222_10003_156
156	null	null	null	CGC3	3300029084.a:Ga0169222_10003	214341	216734	3300029084.a:Ga0169222_10003_157	-	;ID=3300029084.a:Ga0169222_10003_157
157	null	null	null	CGC3	3300029084.a:Ga0169222_10003	216858	218345	3300029084.a:Ga0169222_10003_158	-	;ID=3300029084.a:Ga0169222_10003_158
158	TC	0	2	CGC3	3300029084.a:Ga0169222_10003	218369	221782	3300029084.a:Ga0169222_10003_159	-	DB=gnl|TC-DB|Q45780|1.B.14.6.1;ID=3300029084.a:Ga0169222_10003_159	DB=gnl|TC-DB|Q45780|1.B.14.6.1;ID=3300029084.a:Ga0169222_10003_159
159	STP	0	0	CGC3	3300029084.a:Ga0169222_10003	221900	222910	3300029084.a:Ga0169222_10003_160	-	DB=STP|FecR;ID=3300029084.a:Ga0169222_10003_160	DB=STP|FecR;ID=3300029084.a:Ga0169222_10003_160
160	TF	0	0	CGC3	3300029084.a:Ga0169222_10003	222964	223527	3300029084.a:Ga0169222_10003_161	-	DB=DBD-Pfam|GerE,DBD-SUPERFAMILY|0039384;ID=3300029084.a:Ga0169222_10003_161	DB=DBD-Pfam|GerE,DBD-SUPERFAMILY|0039384;ID=3300029084.a:Ga0169222_10003_161
161	TC	2	0	CGC3	3300029084.a:Ga0169222_10003	223686	225128	3300029084.a:Ga0169222_10003_162	-	DB=gnl|TC-DB|Q9HV74|2.A.21.9.1;ID=3300029084.a:Ga0169222_10003_162	DB=gnl|TC-DB|Q9HV74|2.A.21.9.1;ID=3300029084.a:Ga0169222_10003_162
162	null	null	null	CGC3	3300029084.a:Ga0169222_10003	225157	226284	3300029084.a:Ga0169222_10003_163	-	;ID=3300029084.a:Ga0169222_10003_163
163	null	null	null	CGC3	3300029084.a:Ga0169222_10003	226380	227129	3300029084.a:Ga0169222_10003_164	-	;ID=3300029084.a:Ga0169222_10003_164
164	TC	0	2	CGC3	3300029084.a:Ga0169222_10003	227139	227714	3300029084.a:Ga0169222_10003_165	-	DB=gnl|TC-DB|Q1M607|3.A.3.7.2;ID=3300029084.a:Ga0169222_10003_165	DB=gnl|TC-DB|Q1M607|3.A.3.7.2;ID=3300029084.a:Ga0169222_10003_165
165	TC	0	0	CGC3	3300029084.a:Ga0169222_10003	227726	229774	3300029084.a:Ga0169222_10003_166	-	DB=gnl|TC-DB|Q1M606|3.A.3.7.2;ID=3300029084.a:Ga0169222_10003_166	DB=gnl|TC-DB|Q1M606|3.A.3.7.2;ID=3300029084.a:Ga0169222_10003_166
166	TC	0	0	CGC3	3300029084.a:Ga0169222_10003	229796	231502	3300029084.a:Ga0169222_10003_167	-	DB=gnl|TC-DB|Q1M605|3.A.3.7.2;ID=3300029084.a:Ga0169222_10003_167	DB=gnl|TC-DB|Q1M605|3.A.3.7.2;ID=3300029084.a:Ga0169222_10003_167
167	TF	3	0	CGC3	3300029084.a:Ga0169222_10003	231943	233286	3300029084.a:Ga0169222_10003_168	-	DB=DBD-Pfam|HTH_8,DBD-SUPERFAMILY|0037176;ID=3300029084.a:Ga0169222_10003_168	DB=DBD-Pfam|HTH_8,DBD-SUPERFAMILY|0037176;ID=3300029084.a:Ga0169222_10003_168
+++++
184	STP	0	3	CGC4	3300029084.a:Ga0169222_10003	257704	258684	3300029084.a:Ga0169222_10003_185	-	DB=STP|Glucokinase;ID=3300029084.a:Ga0169222_10003_185	DB=STP|Glucokinase;ID=3300029084.a:Ga0169222_10003_185
185	TC	0	0	CGC4	3300029084.a:Ga0169222_10003	258863	259579	3300029084.a:Ga0169222_10003_186	+	DB=gnl|TC-DB|Q58206|3.A.1.122.14;ID=3300029084.a:Ga0169222_10003_186	DB=gnl|TC-DB|Q58206|3.A.1.122.14;ID=3300029084.a:Ga0169222_10003_186
186	TC	0	0	CGC4	3300029084.a:Ga0169222_10003	259594	260853	3300029084.a:Ga0169222_10003_187	+	DB=gnl|TC-DB|Q8RKC0|3.A.1.122.3;ID=3300029084.a:Ga0169222_10003_187	DB=gnl|TC-DB|Q8RKC0|3.A.1.122.3;ID=3300029084.a:Ga0169222_10003_187
187	TC	2	0	CGC4	3300029084.a:Ga0169222_10003	260856	262100	3300029084.a:Ga0169222_10003_188	+	DB=gnl|TC-DB|O31712|3.A.1.122.2;ID=3300029084.a:Ga0169222_10003_188	DB=gnl|TC-DB|O31712|3.A.1.122.2;ID=3300029084.a:Ga0169222_10003_188
188	null	null	null	CGC4	3300029084.a:Ga0169222_10003	262209	263309	3300029084.a:Ga0169222_10003_189	+	;ID=3300029084.a:Ga0169222_10003_189
189	null	null	null	CGC4	3300029084.a:Ga0169222_10003	263358	264680	3300029084.a:Ga0169222_10003_190	+	;ID=3300029084.a:Ga0169222_10003_190
190	TF	0	2	CGC4	3300029084.a:Ga0169222_10003	264923	265684	3300029084.a:Ga0169222_10003_191	+	DB=DBD-Pfam|GerE;ID=3300029084.a:Ga0169222_10003_191	DB=DBD-Pfam|GerE;ID=3300029084.a:Ga0169222_10003_191
191	STP	0	0	CGC4	3300029084.a:Ga0169222_10003	265778	266707	3300029084.a:Ga0169222_10003_192	+	DB=STP|FecR;ID=3300029084.a:Ga0169222_10003_192	DB=STP|FecR;ID=3300029084.a:Ga0169222_10003_192
192	TC	0	0	CGC4	3300029084.a:Ga0169222_10003	266916	270086	3300029084.a:Ga0169222_10003_193	+	DB=gnl|TC-DB|Q45780|1.B.14.6.1;ID=3300029084.a:Ga0169222_10003_193	DB=gnl|TC-DB|Q45780|1.B.14.6.1;ID=3300029084.a:Ga0169222_10003_193
193	TC	0	0	CGC4	3300029084.a:Ga0169222_10003	270103	271818	3300029084.a:Ga0169222_10003_194	+	DB=gnl|TC-DB|E4RVP8|8.A.46.1.5;ID=3300029084.a:Ga0169222_10003_194	DB=gnl|TC-DB|E4RVP8|8.A.46.1.5;ID=3300029084.a:Ga0169222_10003_194
194	CAZyme	0	0	CGC4	3300029084.a:Ga0169222_10003	271926	274163	3300029084.a:Ga0169222_10003_195	+	DB=GH31| GH31;ID=3300029084.a:Ga0169222_10003_195	DB=GH31| GH31;ID=3300029084.a:Ga0169222_10003_195
195	CAZyme	2	0	CGC4	3300029084.a:Ga0169222_10003	274277	276445	3300029084.a:Ga0169222_10003_196	+	DB= GH36|GH36;ID=3300029084.a:Ga0169222_10003_196	DB= GH36|GH36;ID=3300029084.a:Ga0169222_10003_196
196	null	null	null	CGC4	3300029084.a:Ga0169222_10003	276619	277179	3300029084.a:Ga0169222_10003_197	-	;ID=3300029084.a:Ga0169222_10003_197
197	null	null	null	CGC4	3300029084.a:Ga0169222_10003	277258	278610	3300029084.a:Ga0169222_10003_198	-	;ID=3300029084.a:Ga0169222_10003_198
198	CAZyme	6	2	CGC4	3300029084.a:Ga0169222_10003	278672	280594	3300029084.a:Ga0169222_10003_199	+	DB= GT51|GT51;ID=3300029084.a:Ga0169222_10003_199	DB= GT51|GT51;ID=3300029084.a:Ga0169222_10003_199
+++++
322	TF	2	5	CGC5	3300029084.a:Ga0169222_10003	420731	421021	3300029084.a:Ga0169222_10003_323	+	DB=DBD-Pfam|HTH_3,DBD-SUPERFAMILY|0043707;ID=3300029084.a:Ga0169222_10003_323	DB=DBD-Pfam|HTH_3,DBD-SUPERFAMILY|0043707;ID=3300029084.a:Ga0169222_10003_323
323	null	null	null	CGC5	3300029084.a:Ga0169222_10003	421036	421203	3300029084.a:Ga0169222_10003_324	+	;ID=3300029084.a:Ga0169222_10003_324
324	null	null	null	CGC5	3300029084.a:Ga0169222_10003	421685	421858	3300029084.a:Ga0169222_10003_325	-	;ID=3300029084.a:Ga0169222_10003_325
325	TC	1	2	CGC5	3300029084.a:Ga0169222_10003	421994	425044	3300029084.a:Ga0169222_10003_326	+	DB=gnl|TC-DB|Q45780|1.B.14.6.1;ID=3300029084.a:Ga0169222_10003_326	DB=gnl|TC-DB|Q45780|1.B.14.6.1;ID=3300029084.a:Ga0169222_10003_326
326	null	null	null	CGC5	3300029084.a:Ga0169222_10003	425056	426576	3300029084.a:Ga0169222_10003_327	+	;ID=3300029084.a:Ga0169222_10003_327
327	CAZyme	0	1	CGC5	3300029084.a:Ga0169222_10003	426679	428979	3300029084.a:Ga0169222_10003_328	+	DB=GH3| GH3;ID=3300029084.a:Ga0169222_10003_328	DB=GH3| GH3;ID=3300029084.a:Ga0169222_10003_328
328	CAZyme	1	0	CGC5	3300029084.a:Ga0169222_10003	429145	430500	3300029084.a:Ga0169222_10003_329	+	DB= GH144|GH144;ID=3300029084.a:Ga0169222_10003_329	DB= GH144|GH144;ID=3300029084.a:Ga0169222_10003_329
329	null	null	null	CGC5	3300029084.a:Ga0169222_10003	430501	431244	3300029084.a:Ga0169222_10003_330	+	;ID=3300029084.a:Ga0169222_10003_330
330	STP	0	1	CGC5	3300029084.a:Ga0169222_10003	431384	433822	3300029084.a:Ga0169222_10003_331	+	DB=STP|Reg_prop,STP|Reg_prop,STP|Reg_prop,STP|Y_Y_Y;ID=3300029084.a:Ga0169222_10003_331	DB=STP|Reg_prop,STP|Reg_prop,STP|Reg_prop,STP|Y_Y_Y;ID=3300029084.a:Ga0169222_10003_331
331	TF	0	0	CGC5	3300029084.a:Ga0169222_10003	433916	435565	3300029084.a:Ga0169222_10003_332	-	DB=DBD-Pfam|HTH_AraC,DBD-Pfam|HTH_AraC,DBD-SUPERFAMILY|0036286,DBD-SUPERFAMILY|0035607;ID=3300029084.a:Ga0169222_10003_332	DB=DBD-Pfam|HTH_AraC,DBD-Pfam|HTH_AraC,DBD-SUPERFAMILY|0036286,DBD-SUPERFAMILY|0035607;ID=3300029084.a:Ga0169222_10003_332
332	TC	1	0	CGC5	3300029084.a:Ga0169222_10003	435930	439283	3300029084.a:Ga0169222_10003_333	+	DB=gnl|TC-DB|Q45780|1.B.14.6.1;ID=3300029084.a:Ga0169222_10003_333	DB=gnl|TC-DB|Q45780|1.B.14.6.1;ID=3300029084.a:Ga0169222_10003_333
333	null	null	null	CGC5	3300029084.a:Ga0169222_10003	439301	441148	3300029084.a:Ga0169222_10003_334	+	;ID=3300029084.a:Ga0169222_10003_334
334	CAZyme	0	1	CGC5	3300029084.a:Ga0169222_10003	441500	443407	3300029084.a:Ga0169222_10003_335	+	DB= PL33_1|PL33_1;ID=3300029084.a:Ga0169222_10003_335	DB= PL33_1|PL33_1;ID=3300029084.a:Ga0169222_10003_335
335	CAZyme	1	0	CGC5	3300029084.a:Ga0169222_10003	443411	444622	3300029084.a:Ga0169222_10003_336	+	DB=GH88| GH88;ID=3300029084.a:Ga0169222_10003_336	DB=GH88| GH88;ID=3300029084.a:Ga0169222_10003_336
336	null	null	null	CGC5	3300029084.a:Ga0169222_10003	444643	445554	3300029084.a:Ga0169222_10003_337	+	;ID=3300029084.a:Ga0169222_10003_337
337	CAZyme	0	1	CGC5	3300029084.a:Ga0169222_10003	445585	447120	3300029084.a:Ga0169222_10003_338	+	DB= GH20|GH20;ID=3300029084.a:Ga0169222_10003_338	DB= GH20|GH20;ID=3300029084.a:Ga0169222_10003_338
338	CAZyme	0	0	CGC5	3300029084.a:Ga0169222_10003	447177	449264	3300029084.a:Ga0169222_10003_339	+	DB= GH2|GH2;ID=3300029084.a:Ga0169222_10003_339	DB= GH2|GH2;ID=3300029084.a:Ga0169222_10003_339
339	CAZyme	2	0	CGC5	3300029084.a:Ga0169222_10003	449264	450484	3300029084.a:Ga0169222_10003_340	+	DB=GH154| GH154;ID=3300029084.a:Ga0169222_10003_340	DB=GH154| GH154;ID=3300029084.a:Ga0169222_10003_340
340	null	null	null	CGC5	3300029084.a:Ga0169222_10003	450765	453341	3300029084.a:Ga0169222_10003_341	-	;ID=3300029084.a:Ga0169222_10003_341
341	null	null	null	CGC5	3300029084.a:Ga0169222_10003	453512	454807	3300029084.a:Ga0169222_10003_342	-	;ID=3300029084.a:Ga0169222_10003_342
342	STP	0	2	CGC5	3300029084.a:Ga0169222_10003	454864	455334	3300029084.a:Ga0169222_10003_343	-	DB=STP|CYTH;ID=3300029084.a:Ga0169222_10003_343	DB=STP|CYTH;ID=3300029084.a:Ga0169222_10003_343
343	TC	2	0	CGC5	3300029084.a:Ga0169222_10003	455342	456661	3300029084.a:Ga0169222_10003_344	-	DB=gnl|TC-DB|Q7UTK7|1.B.5.1.3;ID=3300029084.a:Ga0169222_10003_344	DB=gnl|TC-DB|Q7UTK7|1.B.5.1.3;ID=3300029084.a:Ga0169222_10003_344
344	null	null	null	CGC5	3300029084.a:Ga0169222_10003	456778	456912	3300029084.a:Ga0169222_10003_345	-	;ID=3300029084.a:Ga0169222_10003_345
345	null	null	null	CGC5	3300029084.a:Ga0169222_10003	457065	458024	3300029084.a:Ga0169222_10003_346	-	;ID=3300029084.a:Ga0169222_10003_346
346	TC	1	2	CGC5	3300029084.a:Ga0169222_10003	458242	460047	3300029084.a:Ga0169222_10003_347	-	DB=gnl|TC-DB|Q9XIA9|4.C.1.1.14;ID=3300029084.a:Ga0169222_10003_347	DB=gnl|TC-DB|Q9XIA9|4.C.1.1.14;ID=3300029084.a:Ga0169222_10003_347
347	null	null	null	CGC5	3300029084.a:Ga0169222_10003	460237	461298	3300029084.a:Ga0169222_10003_348	+	;ID=3300029084.a:Ga0169222_10003_348
348	CAZyme	0	1	CGC5	3300029084.a:Ga0169222_10003	461478	464117	3300029084.a:Ga0169222_10003_349	-	DB=CBM67|GH78| GH78;ID=3300029084.a:Ga0169222_10003_349	DB=CBM67|GH78| GH78;ID=3300029084.a:Ga0169222_10003_349
349	CAZyme	0	0	CGC5	3300029084.a:Ga0169222_10003	464127	466526	3300029084.a:Ga0169222_10003_350	-	DB= GH51|GH51|CBM66;ID=3300029084.a:Ga0169222_10003_350	DB= GH51|GH51|CBM66;ID=3300029084.a:Ga0169222_10003_350
350	CAZyme	0	0	CGC5	3300029084.a:Ga0169222_10003	466555	468642	3300029084.a:Ga0169222_10003_351	-	DB=GH127| GH127;ID=3300029084.a:Ga0169222_10003_351	DB=GH127| GH127;ID=3300029084.a:Ga0169222_10003_351
351	TF	1	0	CGC5	3300029084.a:Ga0169222_10003	468854	469831	3300029084.a:Ga0169222_10003_352	+	DB=DBD-Pfam|GntR,DBD-SUPERFAMILY|0043758;ID=3300029084.a:Ga0169222_10003_352	DB=DBD-Pfam|GntR,DBD-SUPERFAMILY|0043758;ID=3300029084.a:Ga0169222_10003_352
352	null	null	null	CGC5	3300029084.a:Ga0169222_10003	469992	471374	3300029084.a:Ga0169222_10003_353	-	;ID=3300029084.a:Ga0169222_10003_353
353	STP	5	1	CGC5	3300029084.a:Ga0169222_10003	471677	472240	3300029084.a:Ga0169222_10003_354	+	DB=STP|cNMP_binding;ID=3300029084.a:Ga0169222_10003_354	DB=STP|cNMP_binding;ID=3300029084.a:Ga0169222_10003_354
+++++
5	TC	0	null	CGC1	3300029084.a:Ga0169222_10049	6502	9879	3300029084.a:Ga0169222_10049_6	+	DB=gnl|TC-DB|Q93TH9|1.B.14.6.2;ID=3300029084.a:Ga0169222_10049_6	DB=gnl|TC-DB|Q93TH9|1.B.14.6.2;ID=3300029084.a:Ga0169222_10049_6
6	TC	0	0	CGC1	3300029084.a:Ga0169222_10049	9901	11790	3300029084.a:Ga0169222_10049_7	+	DB=gnl|TC-DB|Q8A8X0|8.A.46.2.1;ID=3300029084.a:Ga0169222_10049_7	DB=gnl|TC-DB|Q8A8X0|8.A.46.2.1;ID=3300029084.a:Ga0169222_10049_7
7	CAZyme	0	0	CGC1	3300029084.a:Ga0169222_10049	11894	12640	3300029084.a:Ga0169222_10049_8	-	DB= GT51|GT51;ID=3300029084.a:Ga0169222_10049_8	DB= GT51|GT51;ID=3300029084.a:Ga0169222_10049_8
8	TC	0	0	CGC1	3300029084.a:Ga0169222_10049	12764	13438	3300029084.a:Ga0169222_10049_9	-	DB=gnl|TC-DB|D5ERW9|9.B.186.1.3;ID=3300029084.a:Ga0169222_10049_9	DB=gnl|TC-DB|D5ERW9|9.B.186.1.3;ID=3300029084.a:Ga0169222_10049_9
9	TC	0	0	CGC1	3300029084.a:Ga0169222_10049	13593	14936	3300029084.a:Ga0169222_10049_10	-	DB=gnl|TC-DB|Q9KAX3|2.A.66.1.32;ID=3300029084.a:Ga0169222_10049_10	DB=gnl|TC-DB|Q9KAX3|2.A.66.1.32;ID=3300029084.a:Ga0169222_10049_10
10	TC	1	0	CGC1	3300029084.a:Ga0169222_10049	15025	15924	3300029084.a:Ga0169222_10049_11	+	DB=gnl|TC-DB|Q1D740|2.A.7.3.40;ID=3300029084.a:Ga0169222_10049_11	DB=gnl|TC-DB|Q1D740|2.A.7.3.40;ID=3300029084.a:Ga0169222_10049_11
11	null	null	null	CGC1	3300029084.a:Ga0169222_10049	15943	17502	3300029084.a:Ga0169222_10049_12	-	;ID=3300029084.a:Ga0169222_10049_12
12	STP	0	1	CGC1	3300029084.a:Ga0169222_10049	17527	18375	3300029084.a:Ga0169222_10049_13	-	DB=STP|FecR;ID=3300029084.a:Ga0169222_10049_13	DB=STP|FecR;ID=3300029084.a:Ga0169222_10049_13
13	TF	5	0	CGC1	3300029084.a:Ga0169222_10049	18372	18923	3300029084.a:Ga0169222_10049_14	-	DB=DBD-Pfam|GerE;ID=3300029084.a:Ga0169222_10049_14	DB=DBD-Pfam|GerE;ID=3300029084.a:Ga0169222_10049_14
+++++
28	STP	0	3	CGC1	3300029084.a:Ga0169222_10002	24918	25427	3300029084.a:Ga0169222_10002_29	-	DB=STP|Nitroreductase,STP|Nitroreductase;ID=3300029084.a:Ga0169222_10002_29	DB=STP|Nitroreductase,STP|Nitroreductase;ID=3300029084.a:Ga0169222_10002_29
29	TF	0	0	CGC1	3300029084.a:Ga0169222_10002	25540	26379	3300029084.a:Ga0169222_10002_30	+	DB=DBD-Pfam|HTH_AraC,DBD-Pfam|HTH_AraC,DBD-SUPERFAMILY|0035607,DBD-SUPERFAMILY|0035607;ID=3300029084.a:Ga0169222_10002_30	DB=DBD-Pfam|HTH_AraC,DBD-Pfam|HTH_AraC,DBD-SUPERFAMILY|0035607,DBD-SUPERFAMILY|0035607;ID=3300029084.a:Ga0169222_10002_30
30	TF	0	0	CGC1	3300029084.a:Ga0169222_10002	26413	30480	3300029084.a:Ga0169222_10002_31	-	DB=DBD-Pfam|HTH_AraC,DBD-SUPERFAMILY|0035607;ID=3300029084.a:Ga0169222_10002_31	DB=DBD-Pfam|HTH_AraC,DBD-SUPERFAMILY|0035607;ID=3300029084.a:Ga0169222_10002_31
31	CAZyme	0	0	CGC1	3300029084.a:Ga0169222_10002	30696	32645	3300029084.a:Ga0169222_10002_32	-	DB= GH97|GH97;ID=3300029084.a:Ga0169222_10002_32	DB= GH97|GH97;ID=3300029084.a:Ga0169222_10002_32
32	CAZyme	0	0	CGC1	3300029084.a:Ga0169222_10002	32865	34829	3300029084.a:Ga0169222_10002_33	+	DB=CE20| CE20;ID=3300029084.a:Ga0169222_10002_33	DB=CE20| CE20;ID=3300029084.a:Ga0169222_10002_33
33	CAZyme	0	0	CGC1	3300029084.a:Ga0169222_10002	34943	36535	3300029084.a:Ga0169222_10002_34	-	DB=GH142| GH142;ID=3300029084.a:Ga0169222_10002_34	DB=GH142| GH142;ID=3300029084.a:Ga0169222_10002_34
34	CAZyme	1	0	CGC1	3300029084.a:Ga0169222_10002	36541	37527	3300029084.a:Ga0169222_10002_35	-	DB=GH0|GH137;ID=3300029084.a:Ga0169222_10002_35	DB=GH0|GH137;ID=3300029084.a:Ga0169222_10002_35
35	null	null	null	CGC1	3300029084.a:Ga0169222_10002	37620	39485	3300029084.a:Ga0169222_10002_36	-	;ID=3300029084.a:Ga0169222_10002_36
36	TC	0	1	CGC1	3300029084.a:Ga0169222_10002	39506	42661	3300029084.a:Ga0169222_10002_37	-	DB=gnl|TC-DB|Q45780|1.B.14.6.1;ID=3300029084.a:Ga0169222_10002_37	DB=gnl|TC-DB|Q45780|1.B.14.6.1;ID=3300029084.a:Ga0169222_10002_37
37	CAZyme	3	0	CGC1	3300029084.a:Ga0169222_10002	42792	43991	3300029084.a:Ga0169222_10002_38	-	DB=GH76| GH76;ID=3300029084.a:Ga0169222_10002_38	DB=GH76| GH76;ID=3300029084.a:Ga0169222_10002_38
+++++
138	TF	0	6	CGC2	3300029084.a:Ga0169222_10002	160214	160753	3300029084.a:Ga0169222_10002_139	+	DB=DBD-Pfam|GerE;ID=3300029084.a:Ga0169222_10002_139	DB=DBD-Pfam|GerE;ID=3300029084.a:Ga0169222_10002_139
139	STP	0	0	CGC2	3300029084.a:Ga0169222_10002	160800	161789	3300029084.a:Ga0169222_10002_140	+	DB=STP|FecR;ID=3300029084.a:Ga0169222_10002_140	DB=STP|FecR;ID=3300029084.a:Ga0169222_10002_140
140	TC	0	0	CGC2	3300029084.a:Ga0169222_10002	161970	165239	3300029084.a:Ga0169222_10002_141	+	DB=gnl|TC-DB|Q8A8X1|1.B.14.6.13;ID=3300029084.a:Ga0169222_10002_141	DB=gnl|TC-DB|Q8A8X1|1.B.14.6.13;ID=3300029084.a:Ga0169222_10002_141
141	TC	0	0	CGC2	3300029084.a:Ga0169222_10002	165260	166888	3300029084.a:Ga0169222_10002_142	+	DB=gnl|TC-DB|Q8A0N7|8.A.46.2.2;ID=3300029084.a:Ga0169222_10002_142	DB=gnl|TC-DB|Q8A0N7|8.A.46.2.2;ID=3300029084.a:Ga0169222_10002_142
142	CAZyme	3	0	CGC2	3300029084.a:Ga0169222_10002	166920	167960	3300029084.a:Ga0169222_10002_143	+	DB= GH18|GH18;ID=3300029084.a:Ga0169222_10002_143	DB= GH18|GH18;ID=3300029084.a:Ga0169222_10002_143
+++++
35	TF	0	5	CGC1	3300029084.a:Ga0169222_10001	31532	33109	3300029084.a:Ga0169222_10001_36	-	DB=DBD-Pfam|HTH_11,DBD-SUPERFAMILY|0043669;ID=3300029084.a:Ga0169222_10001_36	DB=DBD-Pfam|HTH_11,DBD-SUPERFAMILY|0043669;ID=3300029084.a:Ga0169222_10001_36
36	TC	0	0	CGC1	3300029084.a:Ga0169222_10001	33188	38062	3300029084.a:Ga0169222_10001_37	-	DB=gnl|TC-DB|Q5EAK4|2.A.16.2.2;ID=3300029084.a:Ga0169222_10001_37	DB=gnl|TC-DB|Q5EAK4|2.A.16.2.2;ID=3300029084.a:Ga0169222_10001_37
37	TC	1	0	CGC1	3300029084.a:Ga0169222_10001	38525	40096	3300029084.a:Ga0169222_10001_38	+	DB=gnl|TC-DB|A8ALD3|2.A.49.5.5;ID=3300029084.a:Ga0169222_10001_38	DB=gnl|TC-DB|A8ALD3|2.A.49.5.5;ID=3300029084.a:Ga0169222_10001_38
38	null	null	null	CGC1	3300029084.a:Ga0169222_10001	40090	40926	3300029084.a:Ga0169222_10001_39	-	;ID=3300029084.a:Ga0169222_10001_39
39	STP	0	1	CGC1	3300029084.a:Ga0169222_10001	41055	42422	3300029084.a:Ga0169222_10001_40	-	DB=STP|PALP;ID=3300029084.a:Ga0169222_10001_40	DB=STP|PALP;ID=3300029084.a:Ga0169222_10001_40
40	TC	0	0	CGC1	3300029084.a:Ga0169222_10001	42558	44393	3300029084.a:Ga0169222_10001_41	+	DB=gnl|TC-DB|O32081|2.A.38.4.3;ID=3300029084.a:Ga0169222_10001_41	DB=gnl|TC-DB|O32081|2.A.38.4.3;ID=3300029084.a:Ga0169222_10001_41
41	TC	1	0	CGC1	3300029084.a:Ga0169222_10001	44409	45095	3300029084.a:Ga0169222_10001_42	+	DB=gnl|TC-DB|G8V089|2.A.38.4.6;ID=3300029084.a:Ga0169222_10001_42	DB=gnl|TC-DB|G8V089|2.A.38.4.6;ID=3300029084.a:Ga0169222_10001_42
42	null	null	null	CGC1	3300029084.a:Ga0169222_10001	45192	46652	3300029084.a:Ga0169222_10001_43	-	;ID=3300029084.a:Ga0169222_10001_43
43	CAZyme	0	1	CGC1	3300029084.a:Ga0169222_10001	47124	49661	3300029084.a:Ga0169222_10001_44	-	DB=GH31| GH31;ID=3300029084.a:Ga0169222_10001_44	DB=GH31| GH31;ID=3300029084.a:Ga0169222_10001_44
44	TF	0	0	CGC1	3300029084.a:Ga0169222_10001	49796	50341	3300029084.a:Ga0169222_10001_45	+	DB=DBD-Pfam|GerE;ID=3300029084.a:Ga0169222_10001_45	DB=DBD-Pfam|GerE;ID=3300029084.a:Ga0169222_10001_45
45	CAZyme	2	0	CGC1	3300029084.a:Ga0169222_10001	50398	51399	3300029084.a:Ga0169222_10001_46	+	DB=GH43_34| GH43_34;ID=3300029084.a:Ga0169222_10001_46	DB=GH43_34| GH43_34;ID=3300029084.a:Ga0169222_10001_46
46	null	null	null	CGC1	3300029084.a:Ga0169222_10001	51584	52486	3300029084.a:Ga0169222_10001_47	-	;ID=3300029084.a:Ga0169222_10001_47
47	null	null	null	CGC1	3300029084.a:Ga0169222_10001	53000	53125	3300029084.a:Ga0169222_10001_48	-	;ID=3300029084.a:Ga0169222_10001_48
48	STP	0	2	CGC1	3300029084.a:Ga0169222_10001	53298	54263	3300029084.a:Ga0169222_10001_49	+	DB=STP|FecR;ID=3300029084.a:Ga0169222_10001_49	DB=STP|FecR;ID=3300029084.a:Ga0169222_10001_49
49	TC	0	0	CGC1	3300029084.a:Ga0169222_10001	54436	57822	3300029084.a:Ga0169222_10001_50	+	DB=gnl|TC-DB|Q93TH9|1.B.14.6.2;ID=3300029084.a:Ga0169222_10001_50	DB=gnl|TC-DB|Q93TH9|1.B.14.6.2;ID=3300029084.a:Ga0169222_10001_50
50	TC	3	0	CGC1	3300029084.a:Ga0169222_10001	57834	59357	3300029084.a:Ga0169222_10001_51	+	DB=gnl|TC-DB|Q8A0N7|8.A.46.2.2;ID=3300029084.a:Ga0169222_10001_51	DB=gnl|TC-DB|Q8A0N7|8.A.46.2.2;ID=3300029084.a:Ga0169222_10001_51
+++++
113	CAZyme	0	13	CGC2	3300029084.a:Ga0169222_10001	128912	130927	3300029084.a:Ga0169222_10001_114	+	DB= GH97|GH97;ID=3300029084.a:Ga0169222_10001_114	DB= GH97|GH97;ID=3300029084.a:Ga0169222_10001_114
114	TF	0	0	CGC2	3300029084.a:Ga0169222_10001	130904	131503	3300029084.a:Ga0169222_10001_115	-	DB=DBD-Pfam|GerE;ID=3300029084.a:Ga0169222_10001_115	DB=DBD-Pfam|GerE;ID=3300029084.a:Ga0169222_10001_115
115	STP	0	0	CGC2	3300029084.a:Ga0169222_10001	131669	132679	3300029084.a:Ga0169222_10001_116	+	DB=STP|FecR;ID=3300029084.a:Ga0169222_10001_116	DB=STP|FecR;ID=3300029084.a:Ga0169222_10001_116
116	TC	0	0	CGC2	3300029084.a:Ga0169222_10001	132990	136295	3300029084.a:Ga0169222_10001_117	+	DB=gnl|TC-DB|Q8A8X1|1.B.14.6.13;ID=3300029084.a:Ga0169222_10001_117	DB=gnl|TC-DB|Q8A8X1|1.B.14.6.13;ID=3300029084.a:Ga0169222_10001_117
117	TC	0	0	CGC2	3300029084.a:Ga0169222_10001	136308	137852	3300029084.a:Ga0169222_10001_118	+	DB=gnl|TC-DB|Q8A8X0|8.A.46.2.1;ID=3300029084.a:Ga0169222_10001_118	DB=gnl|TC-DB|Q8A8X0|8.A.46.2.1;ID=3300029084.a:Ga0169222_10001_118
118	CAZyme	3	0	CGC2	3300029084.a:Ga0169222_10001	137880	138932	3300029084.a:Ga0169222_10001_119	+	DB=GH18;ID=3300029084.a:Ga0169222_10001_119	DB=GH18;ID=3300029084.a:Ga0169222_10001_119
+++++
134	CAZyme	1	7	CGC3	3300029084.a:Ga0169222_10001	156556	158211	3300029084.a:Ga0169222_10001_135	+	DB=GH31| GH31;ID=3300029084.a:Ga0169222_10001_135	DB=GH31| GH31;ID=3300029084.a:Ga0169222_10001_135
135	null	null	null	CGC3	3300029084.a:Ga0169222_10001	158297	158770	3300029084.a:Ga0169222_10001_136	-	;ID=3300029084.a:Ga0169222_10001_136
136	TC	1	1	CGC3	3300029084.a:Ga0169222_10001	158807	160096	3300029084.a:Ga0169222_10001_137	-	DB=gnl|TC-DB|Q0PBV6|9.A.40.2.2;ID=3300029084.a:Ga0169222_10001_137	DB=gnl|TC-DB|Q0PBV6|9.A.40.2.2;ID=3300029084.a:Ga0169222_10001_137
137	null	null	null	CGC3	3300029084.a:Ga0169222_10001	160253	161053	3300029084.a:Ga0169222_10001_138	-	;ID=3300029084.a:Ga0169222_10001_138
138	TC	1	1	CGC3	3300029084.a:Ga0169222_10001	161095	163467	3300029084.a:Ga0169222_10001_139	-	DB=gnl|TC-DB|A5ZGZ4|1.B.14.6.5;ID=3300029084.a:Ga0169222_10001_139	DB=gnl|TC-DB|A5ZGZ4|1.B.14.6.5;ID=3300029084.a:Ga0169222_10001_139
139	null	null	null	CGC3	3300029084.a:Ga0169222_10001	163574	164011	3300029084.a:Ga0169222_10001_140	+	;ID=3300029084.a:Ga0169222_10001_140
140	CAZyme	1	1	CGC3	3300029084.a:Ga0169222_10001	164043	164861	3300029084.a:Ga0169222_10001_141	+	DB=CE1;ID=3300029084.a:Ga0169222_10001_141	DB=CE1;ID=3300029084.a:Ga0169222_10001_141
141	null	null	null	CGC3	3300029084.a:Ga0169222_10001	165078	165902	3300029084.a:Ga0169222_10001_142	-	;ID=3300029084.a:Ga0169222_10001_142
142	STP	1	1	CGC3	3300029084.a:Ga0169222_10001	166072	167358	3300029084.a:Ga0169222_10001_143	+	DB=STP|Aminotran_1_2;ID=3300029084.a:Ga0169222_10001_143	DB=STP|Aminotran_1_2;ID=3300029084.a:Ga0169222_10001_143
143	null	null	null	CGC3	3300029084.a:Ga0169222_10001	167363	168424	3300029084.a:Ga0169222_10001_144	+	;ID=3300029084.a:Ga0169222_10001_144
144	TF	1	1	CGC3	3300029084.a:Ga0169222_10001	168549	169226	3300029084.a:Ga0169222_10001_145	-	DB=DBD-Pfam|GerE;ID=3300029084.a:Ga0169222_10001_145	DB=DBD-Pfam|GerE;ID=3300029084.a:Ga0169222_10001_145
145	null	null	null	CGC3	3300029084.a:Ga0169222_10001	169332	169922	3300029084.a:Ga0169222_10001_146	-	;ID=3300029084.a:Ga0169222_10001_146
146	TC	0	1	CGC3	3300029084.a:Ga0169222_10001	169991	171421	3300029084.a:Ga0169222_10001_147	-	DB=gnl|TC-DB|P27611|2.A.35.1.1;ID=3300029084.a:Ga0169222_10001_147	DB=gnl|TC-DB|P27611|2.A.35.1.1;ID=3300029084.a:Ga0169222_10001_147
147	TC	1	0	CGC3	3300029084.a:Ga0169222_10001	171446	172318	3300029084.a:Ga0169222_10001_148	-	DB=gnl|TC-DB|Q9UY73|2.A.89.3.10;ID=3300029084.a:Ga0169222_10001_148	DB=gnl|TC-DB|Q9UY73|2.A.89.3.10;ID=3300029084.a:Ga0169222_10001_148
148	null	null	null	CGC3	3300029084.a:Ga0169222_10001	172653	173081	3300029084.a:Ga0169222_10001_149	-	;ID=3300029084.a:Ga0169222_10001_149
149	TC	0	1	CGC3	3300029084.a:Ga0169222_10001	173114	174289	3300029084.a:Ga0169222_10001_150	-	DB=gnl|TC-DB|P76628|2.A.1.36.3;ID=3300029084.a:Ga0169222_10001_150	DB=gnl|TC-DB|P76628|2.A.1.36.3;ID=3300029084.a:Ga0169222_10001_150
150	CAZyme	2	0	CGC3	3300029084.a:Ga0169222_10001	174314	176653	3300029084.a:Ga0169222_10001_151	-	DB= GT51|GT51;ID=3300029084.a:Ga0169222_10001_151	DB= GT51|GT51;ID=3300029084.a:Ga0169222_10001_151
151	null	null	null	CGC3	3300029084.a:Ga0169222_10001	176662	182256	3300029084.a:Ga0169222_10001_152	-	;ID=3300029084.a:Ga0169222_10001_152
152	null	null	null	CGC3	3300029084.a:Ga0169222_10001	182515	183822	3300029084.a:Ga0169222_10001_153	-	;ID=3300029084.a:Ga0169222_10001_153
153	TC	11	2	CGC3	3300029084.a:Ga0169222_10001	183947	186430	3300029084.a:Ga0169222_10001_154	+	DB=gnl|TC-DB|Q7MV19|9.A.8.1.6;ID=3300029084.a:Ga0169222_10001_154	DB=gnl|TC-DB|Q7MV19|9.A.8.1.6;ID=3300029084.a:Ga0169222_10001_154
+++++
209	TC	0	4	CGC4	3300029084.a:Ga0169222_10001	240502	241611	3300029084.a:Ga0169222_10001_210	-	DB=gnl|TC-DB|P11024|3.D.2.3.1;ID=3300029084.a:Ga0169222_10001_210	DB=gnl|TC-DB|P11024|3.D.2.3.1;ID=3300029084.a:Ga0169222_10001_210
210	STP	2	0	CGC4	3300029084.a:Ga0169222_10001	241800	243452	3300029084.a:Ga0169222_10001_211	+	DB=STP|Peptidase_M23,STP|Peptidase_M23;ID=3300029084.a:Ga0169222_10001_211	DB=STP|Peptidase_M23,STP|Peptidase_M23;ID=3300029084.a:Ga0169222_10001_211
211	null	null	null	CGC4	3300029084.a:Ga0169222_10001	243501	245138	3300029084.a:Ga0169222_10001_212	+	;ID=3300029084.a:Ga0169222_10001_212
212	null	null	null	CGC4	3300029084.a:Ga0169222_10001	245246	246991	3300029084.a:Ga0169222_10001_213	+	;ID=3300029084.a:Ga0169222_10001_213
213	STP	0	2	CGC4	3300029084.a:Ga0169222_10001	247881	248459	3300029084.a:Ga0169222_10001_214	+	DB=STP|Sigma70_r2,STP|Sigma70_r4_2;ID=3300029084.a:Ga0169222_10001_214	DB=STP|Sigma70_r2,STP|Sigma70_r4_2;ID=3300029084.a:Ga0169222_10001_214
214	STP	0	0	CGC4	3300029084.a:Ga0169222_10001	248512	249447	3300029084.a:Ga0169222_10001_215	+	DB=STP|FecR;ID=3300029084.a:Ga0169222_10001_215	DB=STP|FecR;ID=3300029084.a:Ga0169222_10001_215
215	TC	2	0	CGC4	3300029084.a:Ga0169222_10001	249596	252991	3300029084.a:Ga0169222_10001_216	+	DB=gnl|TC-DB|Q45780|1.B.14.6.1;ID=3300029084.a:Ga0169222_10001_216	DB=gnl|TC-DB|Q45780|1.B.14.6.1;ID=3300029084.a:Ga0169222_10001_216
216	null	null	null	CGC4	3300029084.a:Ga0169222_10001	253007	254704	3300029084.a:Ga0169222_10001_217	+	;ID=3300029084.a:Ga0169222_10001_217
217	null	null	null	CGC4	3300029084.a:Ga0169222_10001	254746	255204	3300029084.a:Ga0169222_10001_218	+	;ID=3300029084.a:Ga0169222_10001_218
218	CAZyme	2	2	CGC4	3300029084.a:Ga0169222_10001	255319	256821	3300029084.a:Ga0169222_10001_219	+	DB= GH27|GH27;ID=3300029084.a:Ga0169222_10001_219	DB= GH27|GH27;ID=3300029084.a:Ga0169222_10001_219
219	null	null	null	CGC4	3300029084.a:Ga0169222_10001	257142	257303	3300029084.a:Ga0169222_10001_220	-	;ID=3300029084.a:Ga0169222_10001_220
220	null	null	null	CGC4	3300029084.a:Ga0169222_10001	257351	258247	3300029084.a:Ga0169222_10001_221	+	;ID=3300029084.a:Ga0169222_10001_221
221	STP	0	2	CGC4	3300029084.a:Ga0169222_10001	258375	259157	3300029084.a:Ga0169222_10001_222	-	DB=STP|NUDIX;ID=3300029084.a:Ga0169222_10001_222	DB=STP|NUDIX;ID=3300029084.a:Ga0169222_10001_222
222	TC	0	0	CGC4	3300029084.a:Ga0169222_10001	259189	260778	3300029084.a:Ga0169222_10001_223	-	DB=gnl|TC-DB|P39115|3.A.1.121.3;ID=3300029084.a:Ga0169222_10001_223	DB=gnl|TC-DB|P39115|3.A.1.121.3;ID=3300029084.a:Ga0169222_10001_223
223	STP	1	0	CGC4	3300029084.a:Ga0169222_10001	261095	262471	3300029084.a:Ga0169222_10001_224	-	DB=STP|Pyr_redox_2;ID=3300029084.a:Ga0169222_10001_224	DB=STP|Pyr_redox_2;ID=3300029084.a:Ga0169222_10001_224
224	null	null	null	CGC4	3300029084.a:Ga0169222_10001	262528	263130	3300029084.a:Ga0169222_10001_225	-	;ID=3300029084.a:Ga0169222_10001_225
225	TF	1	1	CGC4	3300029084.a:Ga0169222_10001	263218	264024	3300029084.a:Ga0169222_10001_226	-	DB=DBD-Pfam|HTH_AraC,DBD-SUPERFAMILY|0035607;ID=3300029084.a:Ga0169222_10001_226	DB=DBD-Pfam|HTH_AraC,DBD-SUPERFAMILY|0035607;ID=3300029084.a:Ga0169222_10001_226
226	null	null	null	CGC4	3300029084.a:Ga0169222_10001	264060	264542	3300029084.a:Ga0169222_10001_227	-	;ID=3300029084.a:Ga0169222_10001_227
227	CAZyme	1	1	CGC4	3300029084.a:Ga0169222_10001	264658	265557	3300029084.a:Ga0169222_10001_228	+	DB=CBM50|GH73| GH73;ID=3300029084.a:Ga0169222_10001_228	DB=CBM50|GH73| GH73;ID=3300029084.a:Ga0169222_10001_228
228	null	null	null	CGC4	3300029084.a:Ga0169222_10001	265882	267129	3300029084.a:Ga0169222_10001_229	+	;ID=3300029084.a:Ga0169222_10001_229
229	TC	5	1	CGC4	3300029084.a:Ga0169222_10001	267250	268515	3300029084.a:Ga0169222_10001_230	+	DB=gnl|TC-DB|O31712|3.A.1.122.2;ID=3300029084.a:Ga0169222_10001_230	DB=gnl|TC-DB|O31712|3.A.1.122.2;ID=3300029084.a:Ga0169222_10001_230
+++++
305	TC	1	4	CGC5	3300029084.a:Ga0169222_10001	353095	354960	3300029084.a:Ga0169222_10001_306	+	DB=gnl|TC-DB|P43672|3.A.1.120.6;ID=3300029084.a:Ga0169222_10001_306	DB=gnl|TC-DB|P43672|3.A.1.120.6;ID=3300029084.a:Ga0169222_10001_306
306	null	null	null	CGC5	3300029084.a:Ga0169222_10001	354957	355790	3300029084.a:Ga0169222_10001_307	+	;ID=3300029084.a:Ga0169222_10001_307
307	CAZyme	0	1	CGC5	3300029084.a:Ga0169222_10001	355802	356626	3300029084.a:Ga0169222_10001_308	+	DB= GH16_3|GH16_3;ID=3300029084.a:Ga0169222_10001_308	DB= GH16_3|GH16_3;ID=3300029084.a:Ga0169222_10001_308
308	CAZyme	1	0	CGC5	3300029084.a:Ga0169222_10001	356641	358665	3300029084.a:Ga0169222_10001_309	-	DB= PL8|PL8;ID=3300029084.a:Ga0169222_10001_309	DB= PL8|PL8;ID=3300029084.a:Ga0169222_10001_309
309	null	null	null	CGC5	3300029084.a:Ga0169222_10001	358749	359984	3300029084.a:Ga0169222_10001_310	-	;ID=3300029084.a:Ga0169222_10001_310
310	STP	1	1	CGC5	3300029084.a:Ga0169222_10001	360155	361354	3300029084.a:Ga0169222_10001_311	+	DB=STP|Aminotran_1_2;ID=3300029084.a:Ga0169222_10001_311	DB=STP|Aminotran_1_2;ID=3300029084.a:Ga0169222_10001_311
311	null	null	null	CGC5	3300029084.a:Ga0169222_10001	361364	362671	3300029084.a:Ga0169222_10001_312	+	;ID=3300029084.a:Ga0169222_10001_312
312	CAZyme	1	1	CGC5	3300029084.a:Ga0169222_10001	362677	363849	3300029084.a:Ga0169222_10001_313	-	DB=GT2| GT2;ID=3300029084.a:Ga0169222_10001_313	DB=GT2| GT2;ID=3300029084.a:Ga0169222_10001_313
313	null	null	null	CGC5	3300029084.a:Ga0169222_10001	363920	364918	3300029084.a:Ga0169222_10001_314	-	;ID=3300029084.a:Ga0169222_10001_314
314	TC	0	1	CGC5	3300029084.a:Ga0169222_10001	364987	366237	3300029084.a:Ga0169222_10001_315	-	DB=gnl|TC-DB|Q9HV74|2.A.21.9.1;ID=3300029084.a:Ga0169222_10001_315	DB=gnl|TC-DB|Q9HV74|2.A.21.9.1;ID=3300029084.a:Ga0169222_10001_315
315	TF	1	0	CGC5	3300029084.a:Ga0169222_10001	366243	367580	3300029084.a:Ga0169222_10001_316	-	DB=DBD-Pfam|HTH_8,DBD-SUPERFAMILY|0037176;ID=3300029084.a:Ga0169222_10001_316	DB=DBD-Pfam|HTH_8,DBD-SUPERFAMILY|0037176;ID=3300029084.a:Ga0169222_10001_316
316	null	null	null	CGC5	3300029084.a:Ga0169222_10001	367861	369180	3300029084.a:Ga0169222_10001_317	+	;ID=3300029084.a:Ga0169222_10001_317
317	TC	0	1	CGC5	3300029084.a:Ga0169222_10001	369321	370568	3300029084.a:Ga0169222_10001_318	+	DB=gnl|TC-DB|Q2FD71|2.A.6.2.40;ID=3300029084.a:Ga0169222_10001_318	DB=gnl|TC-DB|Q2FD71|2.A.6.2.40;ID=3300029084.a:Ga0169222_10001_318
318	TC	1	0	CGC5	3300029084.a:Ga0169222_10001	370658	371350	3300029084.a:Ga0169222_10001_319	+	DB=gnl|TC-DB|O31711|3.A.1.122.2;ID=3300029084.a:Ga0169222_10001_319	DB=gnl|TC-DB|O31711|3.A.1.122.2;ID=3300029084.a:Ga0169222_10001_319
319	null	null	null	CGC5	3300029084.a:Ga0169222_10001	371347	373767	3300029084.a:Ga0169222_10001_320	+	;ID=3300029084.a:Ga0169222_10001_320
320	STP	2	1	CGC5	3300029084.a:Ga0169222_10001	373939	375294	3300029084.a:Ga0169222_10001_321	-	DB=STP|Pyr_redox_2;ID=3300029084.a:Ga0169222_10001_321	DB=STP|Pyr_redox_2;ID=3300029084.a:Ga0169222_10001_321
321	null	null	null	CGC5	3300029084.a:Ga0169222_10001	375706	376347	3300029084.a:Ga0169222_10001_322	-	;ID=3300029084.a:Ga0169222_10001_322
322	null	null	null	CGC5	3300029084.a:Ga0169222_10001	376382	377857	3300029084.a:Ga0169222_10001_323	-	;ID=3300029084.a:Ga0169222_10001_323
323	STP	2	2	CGC5	3300029084.a:Ga0169222_10001	377865	379058	3300029084.a:Ga0169222_10001_324	-	DB=STP|Aminotran_1_2;ID=3300029084.a:Ga0169222_10001_324	DB=STP|Aminotran_1_2;ID=3300029084.a:Ga0169222_10001_324
324	null	null	null	CGC5	3300029084.a:Ga0169222_10001	379185	381431	3300029084.a:Ga0169222_10001_325	-	;ID=3300029084.a:Ga0169222_10001_325
325	null	null	null	CGC5	3300029084.a:Ga0169222_10001	381428	381829	3300029084.a:Ga0169222_10001_326	-	;ID=3300029084.a:Ga0169222_10001_326
326	TC	0	2	CGC5	3300029084.a:Ga0169222_10001	382156	385284	3300029084.a:Ga0169222_10001_327	+	DB=gnl|TC-DB|Q45780|1.B.14.6.1;ID=3300029084.a:Ga0169222_10001_327	DB=gnl|TC-DB|Q45780|1.B.14.6.1;ID=3300029084.a:Ga0169222_10001_327
327	TC	0	0	CGC5	3300029084.a:Ga0169222_10001	385392	386984	3300029084.a:Ga0169222_10001_328	+	DB=gnl|TC-DB|G8TGS7|8.A.46.3.3;ID=3300029084.a:Ga0169222_10001_328	DB=gnl|TC-DB|G8TGS7|8.A.46.3.3;ID=3300029084.a:Ga0169222_10001_328
328	TC	2	0	CGC5	3300029084.a:Ga0169222_10001	387120	388619	3300029084.a:Ga0169222_10001_329	-	DB=gnl|TC-DB|P71067|2.A.14.1.3;ID=3300029084.a:Ga0169222_10001_329	DB=gnl|TC-DB|P71067|2.A.14.1.3;ID=3300029084.a:Ga0169222_10001_329
329	null	null	null	CGC5	3300029084.a:Ga0169222_10001	388824	390272	3300029084.a:Ga0169222_10001_330	-	;ID=3300029084.a:Ga0169222_10001_330
330	null	null	null	CGC5	3300029084.a:Ga0169222_10001	390324	390917	3300029084.a:Ga0169222_10001_331	-	;ID=3300029084.a:Ga0169222_10001_331
331	TC	6	2	CGC5	3300029084.a:Ga0169222_10001	391179	392723	3300029084.a:Ga0169222_10001_332	+	DB=gnl|TC-DB|Q9V0A4|3.B.1.1.5;ID=3300029084.a:Ga0169222_10001_332	DB=gnl|TC-DB|Q9V0A4|3.B.1.1.5;ID=3300029084.a:Ga0169222_10001_332
+++++
85	CAZyme	1	5	CGC1	3300029084.a:Ga0169222_10035	79621	81180	3300029084.a:Ga0169222_10035_86	-	DB=GH30_4| GH30_4;ID=3300029084.a:Ga0169222_10035_86	DB=GH30_4| GH30_4;ID=3300029084.a:Ga0169222_10035_86
86	null	null	null	CGC1	3300029084.a:Ga0169222_10035	81278	82915	3300029084.a:Ga0169222_10035_87	-	;ID=3300029084.a:Ga0169222_10035_87
87	TC	0	1	CGC1	3300029084.a:Ga0169222_10035	82926	86309	3300029084.a:Ga0169222_10035_88	-	DB=gnl|TC-DB|Q45780|1.B.14.6.1;ID=3300029084.a:Ga0169222_10035_88	DB=gnl|TC-DB|Q45780|1.B.14.6.1;ID=3300029084.a:Ga0169222_10035_88
88	STP	0	0	CGC1	3300029084.a:Ga0169222_10035	86453	87409	3300029084.a:Ga0169222_10035_89	-	DB=STP|FecR;ID=3300029084.a:Ga0169222_10035_89	DB=STP|FecR;ID=3300029084.a:Ga0169222_10035_89
89	TF	19	0	CGC1	3300029084.a:Ga0169222_10035	87484	88080	3300029084.a:Ga0169222_10035_90	-	DB=DBD-Pfam|GerE;ID=3300029084.a:Ga0169222_10035_90	DB=DBD-Pfam|GerE;ID=3300029084.a:Ga0169222_10035_90
+++++
109	TC	2	19	CGC2	3300029084.a:Ga0169222_10035	112878	114218	3300029084.a:Ga0169222_10035_110	+	DB=gnl|TC-DB|Q45121|1.A.26.1.1;ID=3300029084.a:Ga0169222_10035_110	DB=gnl|TC-DB|Q45121|1.A.26.1.1;ID=3300029084.a:Ga0169222_10035_110
110	null	null	null	CGC2	3300029084.a:Ga0169222_10035	114337	116187	3300029084.a:Ga0169222_10035_111	+	;ID=3300029084.a:Ga0169222_10035_111
111	null	null	null	CGC2	3300029084.a:Ga0169222_10035	116901	117260	3300029084.a:Ga0169222_10035_112	+	;ID=3300029084.a:Ga0169222_10035_112
112	TC	2	2	CGC2	3300029084.a:Ga0169222_10035	117309	119303	3300029084.a:Ga0169222_10035_113	+	DB=gnl|TC-DB|P55072|3.A.16.1.1;ID=3300029084.a:Ga0169222_10035_113	DB=gnl|TC-DB|P55072|3.A.16.1.1;ID=3300029084.a:Ga0169222_10035_113
113	null	null	null	CGC2	3300029084.a:Ga0169222_10035	119319	120158	3300029084.a:Ga0169222_10035_114	+	;ID=3300029084.a:Ga0169222_10035_114
114	null	null	null	CGC2	3300029084.a:Ga0169222_10035	120272	121015	3300029084.a:Ga0169222_10035_115	-	;ID=3300029084.a:Ga0169222_10035_115
115	CAZyme	1	2	CGC2	3300029084.a:Ga0169222_10035	121103	122236	3300029084.a:Ga0169222_10035_116	-	DB=GT19| GT19;ID=3300029084.a:Ga0169222_10035_116	DB=GT19| GT19;ID=3300029084.a:Ga0169222_10035_116
116	null	null	null	CGC2	3300029084.a:Ga0169222_10035	122233	123000	3300029084.a:Ga0169222_10035_117	-	;ID=3300029084.a:Ga0169222_10035_117
117	STP	0	1	CGC2	3300029084.a:Ga0169222_10035	123505	124272	3300029084.a:Ga0169222_10035_118	+	DB=STP|CbiA;ID=3300029084.a:Ga0169222_10035_118	DB=STP|CbiA;ID=3300029084.a:Ga0169222_10035_118
118	TF	1	0	CGC2	3300029084.a:Ga0169222_10035	124281	125171	3300029084.a:Ga0169222_10035_119	+	DB=DBD-Pfam|HTH_3;ID=3300029084.a:Ga0169222_10035_119	DB=DBD-Pfam|HTH_3;ID=3300029084.a:Ga0169222_10035_119
119	null	null	null	CGC2	3300029084.a:Ga0169222_10035	125172	126038	3300029084.a:Ga0169222_10035_120	+	;ID=3300029084.a:Ga0169222_10035_120
120	CAZyme	0	1	CGC2	3300029084.a:Ga0169222_10035	126063	127361	3300029084.a:Ga0169222_10035_121	+	DB=CBM50|GH23| GH23;ID=3300029084.a:Ga0169222_10035_121	DB=CBM50|GH23| GH23;ID=3300029084.a:Ga0169222_10035_121
121	STP	0	0	CGC2	3300029084.a:Ga0169222_10035	127430	129673	3300029084.a:Ga0169222_10035_122	+	DB=STP|HD;ID=3300029084.a:Ga0169222_10035_122	DB=STP|HD;ID=3300029084.a:Ga0169222_10035_122
122	TF	0	0	CGC2	3300029084.a:Ga0169222_10035	129728	130093	3300029084.a:Ga0169222_10035_123	-	DB=DBD-Pfam|MerR,DBD-SUPERFAMILY|0042546;ID=3300029084.a:Ga0169222_10035_123	DB=DBD-Pfam|MerR,DBD-SUPERFAMILY|0042546;ID=3300029084.a:Ga0169222_10035_123
123	TC	1	0	CGC2	3300029084.a:Ga0169222_10035	130108	131076	3300029084.a:Ga0169222_10035_124	-	DB=gnl|TC-DB|B7L5V2|1.A.34.1.3;ID=3300029084.a:Ga0169222_10035_124	DB=gnl|TC-DB|B7L5V2|1.A.34.1.3;ID=3300029084.a:Ga0169222_10035_124
124	null	null	null	CGC2	3300029084.a:Ga0169222_10035	131180	133798	3300029084.a:Ga0169222_10035_125	+	;ID=3300029084.a:Ga0169222_10035_125
125	TF	0	1	CGC2	3300029084.a:Ga0169222_10035	134045	134899	3300029084.a:Ga0169222_10035_126	-	DB=DBD-Pfam|HTH_AraC,DBD-SUPERFAMILY|0035607;ID=3300029084.a:Ga0169222_10035_126	DB=DBD-Pfam|HTH_AraC,DBD-SUPERFAMILY|0035607;ID=3300029084.a:Ga0169222_10035_126
126	TC	0	0	CGC2	3300029084.a:Ga0169222_10035	135049	136242	3300029084.a:Ga0169222_10035_127	+	DB=gnl|TC-DB|P37597|2.A.1.2.62;ID=3300029084.a:Ga0169222_10035_127	DB=gnl|TC-DB|P37597|2.A.1.2.62;ID=3300029084.a:Ga0169222_10035_127
127	CAZyme	0	0	CGC2	3300029084.a:Ga0169222_10035	136742	138958	3300029084.a:Ga0169222_10035_128	+	DB= GH92|GH92;ID=3300029084.a:Ga0169222_10035_128	DB= GH92|GH92;ID=3300029084.a:Ga0169222_10035_128
128	TF	0	0	CGC2	3300029084.a:Ga0169222_10035	138997	139551	3300029084.a:Ga0169222_10035_129	+	DB=DBD-Pfam|GerE;ID=3300029084.a:Ga0169222_10035_129	DB=DBD-Pfam|GerE;ID=3300029084.a:Ga0169222_10035_129
129	STP	0	0	CGC2	3300029084.a:Ga0169222_10035	139604	140602	3300029084.a:Ga0169222_10035_130	+	DB=STP|FecR;ID=3300029084.a:Ga0169222_10035_130	DB=STP|FecR;ID=3300029084.a:Ga0169222_10035_130
130	CAZyme	0	0	CGC2	3300029084.a:Ga0169222_10035	140632	142899	3300029084.a:Ga0169222_10035_131	+	DB= GH92|GH92;ID=3300029084.a:Ga0169222_10035_131	DB= GH92|GH92;ID=3300029084.a:Ga0169222_10035_131
131	CAZyme	0	0	CGC2	3300029084.a:Ga0169222_10035	143002	145272	3300029084.a:Ga0169222_10035_132	+	DB= GH92|GH92;ID=3300029084.a:Ga0169222_10035_132	DB= GH92|GH92;ID=3300029084.a:Ga0169222_10035_132
132	TC	0	0	CGC2	3300029084.a:Ga0169222_10035	145517	148933	3300029084.a:Ga0169222_10035_133	+	DB=gnl|TC-DB|Q93TH9|1.B.14.6.2;ID=3300029084.a:Ga0169222_10035_133	DB=gnl|TC-DB|Q93TH9|1.B.14.6.2;ID=3300029084.a:Ga0169222_10035_133
133	TC	5	0	CGC2	3300029084.a:Ga0169222_10035	148956	150689	3300029084.a:Ga0169222_10035_134	+	DB=gnl|TC-DB|Q8A8X0|8.A.46.2.1;ID=3300029084.a:Ga0169222_10035_134	DB=gnl|TC-DB|Q8A8X0|8.A.46.2.1;ID=3300029084.a:Ga0169222_10035_134
+++++
106	TF	0	3	CGC1	3300029084.a:Ga0169222_10038	119330	120175	3300029084.a:Ga0169222_10038_107	+	DB=DBD-Pfam|HTH_AraC,DBD-SUPERFAMILY|0036286,DBD-SUPERFAMILY|0035607;ID=3300029084.a:Ga0169222_10038_107	DB=DBD-Pfam|HTH_AraC,DBD-SUPERFAMILY|0036286,DBD-SUPERFAMILY|0035607;ID=3300029084.a:Ga0169222_10038_107
107	TC	2	0	CGC1	3300029084.a:Ga0169222_10038	120308	122725	3300029084.a:Ga0169222_10038_108	+	DB=gnl|TC-DB|Q9F634|1.B.14.3.6;ID=3300029084.a:Ga0169222_10038_108	DB=gnl|TC-DB|Q9F634|1.B.14.3.6;ID=3300029084.a:Ga0169222_10038_108
108	null	null	null	CGC1	3300029084.a:Ga0169222_10038	122735	123955	3300029084.a:Ga0169222_10038_109	+	;ID=3300029084.a:Ga0169222_10038_109
109	null	null	null	CGC1	3300029084.a:Ga0169222_10038	124058	125092	3300029084.a:Ga0169222_10038_110	+	;ID=3300029084.a:Ga0169222_10038_110
110	TC	0	2	CGC1	3300029084.a:Ga0169222_10038	125173	125928	3300029084.a:Ga0169222_10038_111	-	DB=gnl|TC-DB|Q8KAA1|3.D.10.1.5;ID=3300029084.a:Ga0169222_10038_111	DB=gnl|TC-DB|Q8KAA1|3.D.10.1.5;ID=3300029084.a:Ga0169222_10038_111
111	TC	0	0	CGC1	3300029084.a:Ga0169222_10038	125958	127901	3300029084.a:Ga0169222_10038_112	-	DB=gnl|TC-DB|Q8KAA0|3.D.10.1.5;ID=3300029084.a:Ga0169222_10038_112	DB=gnl|TC-DB|Q8KAA0|3.D.10.1.5;ID=3300029084.a:Ga0169222_10038_112
112	TC	0	0	CGC1	3300029084.a:Ga0169222_10038	127939	128631	3300029084.a:Ga0169222_10038_113	-	DB=gnl|TC-DB|Q8F4Z0|3.D.10.1.2;ID=3300029084.a:Ga0169222_10038_113	DB=gnl|TC-DB|Q8F4Z0|3.D.10.1.2;ID=3300029084.a:Ga0169222_10038_113
113	TF	1	0	CGC1	3300029084.a:Ga0169222_10038	129318	130193	3300029084.a:Ga0169222_10038_114	-	DB=DBD-Pfam|HTH_AraC,DBD-SUPERFAMILY|0035607,DBD-SUPERFAMILY|0035607;ID=3300029084.a:Ga0169222_10038_114	DB=DBD-Pfam|HTH_AraC,DBD-SUPERFAMILY|0035607,DBD-SUPERFAMILY|0035607;ID=3300029084.a:Ga0169222_10038_114
114	null	null	null	CGC1	3300029084.a:Ga0169222_10038	130309	130932	3300029084.a:Ga0169222_10038_115	+	;ID=3300029084.a:Ga0169222_10038_115
115	TC	1	1	CGC1	3300029084.a:Ga0169222_10038	131016	132638	3300029084.a:Ga0169222_10038_116	-	DB=gnl|TC-DB|O35002|9.B.174.1.1;ID=3300029084.a:Ga0169222_10038_116	DB=gnl|TC-DB|O35002|9.B.174.1.1;ID=3300029084.a:Ga0169222_10038_116
116	null	null	null	CGC1	3300029084.a:Ga0169222_10038	132654	133106	3300029084.a:Ga0169222_10038_117	-	;ID=3300029084.a:Ga0169222_10038_117
117	STP	1	1	CGC1	3300029084.a:Ga0169222_10038	133109	134980	3300029084.a:Ga0169222_10038_118	-	DB=STP|HATPase_c;ID=3300029084.a:Ga0169222_10038_118	DB=STP|HATPase_c;ID=3300029084.a:Ga0169222_10038_118
118	null	null	null	CGC1	3300029084.a:Ga0169222_10038	134986	136122	3300029084.a:Ga0169222_10038_119	-	;ID=3300029084.a:Ga0169222_10038_119
119	TC	0	1	CGC1	3300029084.a:Ga0169222_10038	136211	137167	3300029084.a:Ga0169222_10038_120	-	DB=gnl|TC-DB|Q0ZAI3|2.A.19.5.2;ID=3300029084.a:Ga0169222_10038_120	DB=gnl|TC-DB|Q0ZAI3|2.A.19.5.2;ID=3300029084.a:Ga0169222_10038_120
120	TC	2	0	CGC1	3300029084.a:Ga0169222_10038	137294	139102	3300029084.a:Ga0169222_10038_121	+	DB=gnl|TC-DB|M4V7W7|1.A.23.1.4;ID=3300029084.a:Ga0169222_10038_121	DB=gnl|TC-DB|M4V7W7|1.A.23.1.4;ID=3300029084.a:Ga0169222_10038_121
121	null	null	null	CGC1	3300029084.a:Ga0169222_10038	139151	140083	3300029084.a:Ga0169222_10038_122	-	;ID=3300029084.a:Ga0169222_10038_122
122	null	null	null	CGC1	3300029084.a:Ga0169222_10038	140175	142937	3300029084.a:Ga0169222_10038_123	-	;ID=3300029084.a:Ga0169222_10038_123
123	CAZyme	0	2	CGC1	3300029084.a:Ga0169222_10038	143169	144815	3300029084.a:Ga0169222_10038_124	+	DB=GH32| GH32;ID=3300029084.a:Ga0169222_10038_124	DB=GH32| GH32;ID=3300029084.a:Ga0169222_10038_124
124	TF	null	0	CGC1	3300029084.a:Ga0169222_10038	144979	147735	3300029084.a:Ga0169222_10038_125	+	DB=DBD-Pfam|HTH_AraC,DBD-Pfam|HTH_AraC,DBD-SUPERFAMILY|0036286,DBD-SUPERFAMILY|0035607;ID=3300029084.a:Ga0169222_10038_125	DB=DBD-Pfam|HTH_AraC,DBD-Pfam|HTH_AraC,DBD-SUPERFAMILY|0036286,DBD-SUPERFAMILY|0035607;ID=3300029084.a:Ga0169222_10038_125
+++++
19	STP	0	5	CGC1	3300029084.a:Ga0169222_10045	23554	24504	3300029084.a:Ga0169222_10045_20	+	DB=STP|PALP;ID=3300029084.a:Ga0169222_10045_20	DB=STP|PALP;ID=3300029084.a:Ga0169222_10045_20
20	STP	0	0	CGC1	3300029084.a:Ga0169222_10045	24579	25430	3300029084.a:Ga0169222_10045_21	+	DB=STP|TPR_1,STP|TPR_2,STP|TPR_1;ID=3300029084.a:Ga0169222_10045_21	DB=STP|TPR_1,STP|TPR_2,STP|TPR_1;ID=3300029084.a:Ga0169222_10045_21
21	TC	0	0	CGC1	3300029084.a:Ga0169222_10045	25825	27630	3300029084.a:Ga0169222_10045_22	-	DB=gnl|TC-DB|Q5EAK4|2.A.16.2.2;ID=3300029084.a:Ga0169222_10045_22	DB=gnl|TC-DB|Q5EAK4|2.A.16.2.2;ID=3300029084.a:Ga0169222_10045_22
22	TF	2	0	CGC1	3300029084.a:Ga0169222_10045	27864	28328	3300029084.a:Ga0169222_10045_23	+	DB=DBD-Pfam|HTH_AraC,DBD-SUPERFAMILY|0035607;ID=3300029084.a:Ga0169222_10045_23	DB=DBD-Pfam|HTH_AraC,DBD-SUPERFAMILY|0035607;ID=3300029084.a:Ga0169222_10045_23
23	null	null	null	CGC1	3300029084.a:Ga0169222_10045	28421	30472	3300029084.a:Ga0169222_10045_24	+	;ID=3300029084.a:Ga0169222_10045_24
24	null	null	null	CGC1	3300029084.a:Ga0169222_10045	30476	31138	3300029084.a:Ga0169222_10045_25	+	;ID=3300029084.a:Ga0169222_10045_25
25	CAZyme	0	2	CGC1	3300029084.a:Ga0169222_10045	31236	32903	3300029084.a:Ga0169222_10045_26	-	DB=GT83|GT0;ID=3300029084.a:Ga0169222_10045_26	DB=GT83|GT0;ID=3300029084.a:Ga0169222_10045_26
26	TF	1	0	CGC1	3300029084.a:Ga0169222_10045	32999	33487	3300029084.a:Ga0169222_10045_27	+	DB=DBD-Pfam|FUR,DBD-SUPERFAMILY|0041150;ID=3300029084.a:Ga0169222_10045_27	DB=DBD-Pfam|FUR,DBD-SUPERFAMILY|0041150;ID=3300029084.a:Ga0169222_10045_27
27	null	null	null	CGC1	3300029084.a:Ga0169222_10045	33484	34755	3300029084.a:Ga0169222_10045_28	+	;ID=3300029084.a:Ga0169222_10045_28
28	CAZyme	6	1	CGC1	3300029084.a:Ga0169222_10045	34893	36197	3300029084.a:Ga0169222_10045_29	+	DB= GH29|GH29;ID=3300029084.a:Ga0169222_10045_29	DB= GH29|GH29;ID=3300029084.a:Ga0169222_10045_29
+++++
99	CAZyme	0	7	CGC1	3300029084.a:Ga0169222_10042	97370	99904	3300029084.a:Ga0169222_10042_100	-	DB=GH33|CE17;ID=3300029084.a:Ga0169222_10042_100	DB=GH33|CE17;ID=3300029084.a:Ga0169222_10042_100
100	STP	1	0	CGC1	3300029084.a:Ga0169222_10042	100096	100653	3300029084.a:Ga0169222_10042_101	+	DB=STP|NUDIX;ID=3300029084.a:Ga0169222_10042_101	DB=STP|NUDIX;ID=3300029084.a:Ga0169222_10042_101
101	null	null	null	CGC1	3300029084.a:Ga0169222_10042	100734	100826	3300029084.a:Ga0169222_10042_102	+	;ID=3300029084.a:Ga0169222_10042_102
102	TC	0	1	CGC1	3300029084.a:Ga0169222_10042	100893	101948	3300029084.a:Ga0169222_10042_103	+	DB=gnl|TC-DB|F4LXP4|8.A.59.2.1;ID=3300029084.a:Ga0169222_10042_103	DB=gnl|TC-DB|F4LXP4|8.A.59.2.1;ID=3300029084.a:Ga0169222_10042_103
103	TF	0	0	CGC1	3300029084.a:Ga0169222_10042	101957	102712	3300029084.a:Ga0169222_10042_104	+	DB=DBD-Pfam|LytTR;ID=3300029084.a:Ga0169222_10042_104	DB=DBD-Pfam|LytTR;ID=3300029084.a:Ga0169222_10042_104
104	STP	0	0	CGC1	3300029084.a:Ga0169222_10042	102736	104241	3300029084.a:Ga0169222_10042_105	+	DB=STP|Fer4,STP|Fer4,STP|Fer4;ID=3300029084.a:Ga0169222_10042_105	DB=STP|Fer4,STP|Fer4,STP|Fer4;ID=3300029084.a:Ga0169222_10042_105
105	STP	0	0	CGC1	3300029084.a:Ga0169222_10042	104269	105651	3300029084.a:Ga0169222_10042_106	+	DB=STP|Fer4;ID=3300029084.a:Ga0169222_10042_106	DB=STP|Fer4;ID=3300029084.a:Ga0169222_10042_106
106	TC	3	0	CGC1	3300029084.a:Ga0169222_10042	105648	107948	3300029084.a:Ga0169222_10042_107	+	DB=gnl|TC-DB|P17315|1.B.14.1.4;ID=3300029084.a:Ga0169222_10042_107	DB=gnl|TC-DB|P17315|1.B.14.1.4;ID=3300029084.a:Ga0169222_10042_107
+++++
17	TF	0	9	CGC1	3300029084.a:Ga0169222_10089	20531	22435	3300029084.a:Ga0169222_10089_18	+	DB=DBD-SUPERFAMILY|0043669;ID=3300029084.a:Ga0169222_10089_18	DB=DBD-SUPERFAMILY|0043669;ID=3300029084.a:Ga0169222_10089_18
18	STP	1	0	CGC1	3300029084.a:Ga0169222_10089	22498	23460	3300029084.a:Ga0169222_10089_19	+	DB=STP|TPR_1,STP|TPR_2,STP|TPR_2,STP|TPR_1,STP|TPR_2;ID=3300029084.a:Ga0169222_10089_19	DB=STP|TPR_1,STP|TPR_2,STP|TPR_2,STP|TPR_1,STP|TPR_2;ID=3300029084.a:Ga0169222_10089_19
19	null	null	null	CGC1	3300029084.a:Ga0169222_10089	23528	24763	3300029084.a:Ga0169222_10089_20	-	;ID=3300029084.a:Ga0169222_10089_20
20	CAZyme	1	1	CGC1	3300029084.a:Ga0169222_10089	24769	26427	3300029084.a:Ga0169222_10089_21	-	DB=GH33| GH33;ID=3300029084.a:Ga0169222_10089_21	DB=GH33| GH33;ID=3300029084.a:Ga0169222_10089_21
21	null	null	null	CGC1	3300029084.a:Ga0169222_10089	26451	27551	3300029084.a:Ga0169222_10089_22	-	;ID=3300029084.a:Ga0169222_10089_22
22	TC	0	1	CGC1	3300029084.a:Ga0169222_10089	27644	29104	3300029084.a:Ga0169222_10089_23	-	DB=gnl|TC-DB|F9ZC67|8.A.46.1.2;ID=3300029084.a:Ga0169222_10089_23	DB=gnl|TC-DB|F9ZC67|8.A.46.1.2;ID=3300029084.a:Ga0169222_10089_23
23	TC	1	0	CGC1	3300029084.a:Ga0169222_10089	29118	32414	3300029084.a:Ga0169222_10089_24	-	DB=gnl|TC-DB|Q93TH9|1.B.14.6.2;ID=3300029084.a:Ga0169222_10089_24	DB=gnl|TC-DB|Q93TH9|1.B.14.6.2;ID=3300029084.a:Ga0169222_10089_24
24	null	null	null	CGC1	3300029084.a:Ga0169222_10089	32504	33412	3300029084.a:Ga0169222_10089_25	-	;ID=3300029084.a:Ga0169222_10089_25
25	TF	1	1	CGC1	3300029084.a:Ga0169222_10089	33617	34339	3300029084.a:Ga0169222_10089_26	-	DB=DBD-Pfam|GntR,DBD-SUPERFAMILY|0037767;ID=3300029084.a:Ga0169222_10089_26	DB=DBD-Pfam|GntR,DBD-SUPERFAMILY|0037767;ID=3300029084.a:Ga0169222_10089_26
26	null	null	null	CGC1	3300029084.a:Ga0169222_10089	34768	35652	3300029084.a:Ga0169222_10089_27	+	;ID=3300029084.a:Ga0169222_10089_27
27	STP	6	1	CGC1	3300029084.a:Ga0169222_10089	35627	36811	3300029084.a:Ga0169222_10089_28	+	DB=STP|Aminotran_1_2;ID=3300029084.a:Ga0169222_10089_28	DB=STP|Aminotran_1_2;ID=3300029084.a:Ga0169222_10089_28
+++++
