0040266	151	3300012545.a:Ga0118075_10001_147	105	7.1e-12	38	115	31	101	0.5099337748344371
0043669	98	3300012545.a:Ga0118075_10001_185	212	3.2e-06	27	75	2	50	0.4897959183673469
0039939	63	3300012545.a:Ga0118075_10001_20	213	4.6e-05	17	54	150	187	0.5873015873015873
0037456	76	3300012545.a:Ga0118075_10001_236	161	8.1e-19	1	65	7	71	0.8421052631578947
0043707	64	3300012545.a:Ga0118075_10001_4	70	5.6e-17	5	61	6	63	0.875
0040586	141	3300012545.a:Ga0118075_10001_65	169	7e-25	2	137	9	146	0.9574468085106383
0042546	127	3300012545.a:Ga0118075_10001_71	266	2.8e-28	1	110	9	111	0.8582677165354331
0040266	151	3300012545.a:Ga0118075_10001_81	220	5.7e-10	20	82	15	77	0.4105960264900662
0043669	98	3300012545.a:Ga0118075_10003_110	117	2.8e-21	9	90	28	112	0.826530612244898
0039384	65	3300012545.a:Ga0118075_10003_138	193	8.7e-05	20	44	20	44	0.36923076923076925
0039384	65	3300012545.a:Ga0118075_10003_22	232	1.9e-06	17	62	24	69	0.6923076923076923
0039384	65	3300012545.a:Ga0118075_10003_78	260	2e-10	14	62	25	75	0.7384615384615385
0040266	151	3300012545.a:Ga0118075_10003_93	227	8.8e-19	22	147	4	136	0.8278145695364238
0043143	63	3300012545.a:Ga0118075_10004_126	68	3.9e-17	4	62	2	61	0.9206349206349206
0037767	80	3300012545.a:Ga0118075_10005_36	228	1.9e-19	1	78	148	224	0.9625
0043707	64	3300012545.a:Ga0118075_10005_75	493	1.2e-13	3	61	29	88	0.90625
0043143	63	3300012545.a:Ga0118075_10005_85	77	9.6e-06	9	59	14	64	0.7936507936507936
0040586	141	3300012545.a:Ga0118075_10006_124	153	4.4e-25	3	138	12	145	0.9574468085106383
0039939	63	3300012545.a:Ga0118075_10006_38	107	3.1e-05	14	58	8	53	0.6984126984126984
0036955	59	3300012545.a:Ga0118075_10006_71	366	2e-11	3	59	9	66	0.9491525423728814
0039384	65	3300012545.a:Ga0118075_10007_23	215	1.9e-06	11	62	20	71	0.7846153846153846
0040266	151	3300012545.a:Ga0118075_10008_18	226	9.5e-13	26	141	9	127	0.7615894039735099
0043758	87	3300012545.a:Ga0118075_10008_6	261	2.4e-14	3	75	4	69	0.8275862068965517
0043758	87	3300012545.a:Ga0118075_10008_7	235	1.8e-12	2	66	17	80	0.735632183908046
0036286	54	3300012545.a:Ga0118075_10008_98	380	5.8e-05	9	41	36	68	0.5925925925925926
0040586	141	3300012545.a:Ga0118075_10012_20	167	2e-24	7	136	22	149	0.9148936170212766
0045032	127	3300012545.a:Ga0118075_10012_3	125	1.6e-09	15	66	27	79	0.4015748031496063
0040586	141	3300012545.a:Ga0118075_10012_38	153	1.9e-17	9	138	9	141	0.9148936170212766
0043707	64	3300012545.a:Ga0118075_10014_69	121	3.2e-12	4	61	36	94	0.890625
0037767	80	3300012545.a:Ga0118075_10027_16	257	1.5e-05	9	66	13	62	0.7125
0043669	98	3300012545.a:Ga0118075_10027_33	97	2.3e-21	5	88	5	88	0.8469387755102041
0041150	134	3300012545.a:Ga0118075_10027_34	142	9.7e-38	5	134	7	136	0.9626865671641791
0043707	64	3300012545.a:Ga0118075_10027_37	65	2.9e-17	4	61	2	60	0.890625
0043758	87	3300012545.a:Ga0118075_10027_48	350	1.6e-23	3	83	6	86	0.9195402298850575
0040517	144	3300012545.a:Ga0118075_10035_27	384	4e-07	33	84	23	74	0.3541666666666667
0043669	98	3300012545.a:Ga0118075_10035_44	120	8.8e-22	11	93	9	91	0.8367346938775511
0042546	127	3300012545.a:Ga0118075_10039_6	226	6.5e-16	11	81	16	86	0.5511811023622047
0042546	127	3300012545.a:Ga0118075_10039_8	188	4.5e-16	1	86	29	117	0.6692913385826772
0039384	65	3300012545.a:Ga0118075_10045_21	207	1.1e-07	8	62	10	64	0.8307692307692308
0036955	59	3300012545.a:Ga0118075_10045_32	330	1.4e-17	3	59	4	60	0.9491525423728814
0043758	87	3300012545.a:Ga0118075_10051_6	250	2.5e-09	7	65	23	80	0.6666666666666666
0043707	64	3300012545.a:Ga0118075_10067_15	415	2.3e-06	21	61	1	42	0.625
0043707	64	3300012545.a:Ga0118075_10067_18	125	1.3e-12	3	61	15	80	0.90625
0039384	65	3300012545.a:Ga0118075_10067_38	93	3.9e-09	15	62	29	76	0.7230769230769231
0037767	80	3300012545.a:Ga0118075_10067_6	126	1.2e-05	5	71	16	77	0.825
0045032	127	3300012545.a:Ga0118075_10067_9	106	4.7e-07	16	63	11	58	0.3700787401574803
0040517	144	3300012545.a:Ga0118075_10074_23	162	1.8e-23	5	137	18	154	0.9166666666666666
0043143	63	3300012545.a:Ga0118075_10075_12	73	1.3e-06	6	60	13	69	0.8571428571428571
0043707	64	3300012545.a:Ga0118075_10075_13	88	1.8e-14	4	61	12	70	0.890625
0039939	63	3300012545.a:Ga0118075_10091_1	155	4.2e-05	17	59	3	45	0.6666666666666666
0039939	63	3300012545.a:Ga0118075_10091_1	155	5.6e-05	14	58	56	101	0.6984126984126984
0039939	63	3300012545.a:Ga0118075_10091_13	218	4.1e-05	19	53	163	197	0.5396825396825397
0039939	63	3300012545.a:Ga0118075_10091_15	221	2e-05	19	54	164	199	0.5555555555555556
0037767	80	3300012545.a:Ga0118075_10091_4	255	6.2e-08	5	71	11	72	0.825
0042546	127	3300012545.a:Ga0118075_10106_16	150	5e-22	1	107	14	105	0.8346456692913385
0043707	64	3300012545.a:Ga0118075_10107_11	120	6.4e-07	12	58	41	88	0.71875
0040266	151	3300012545.a:Ga0118075_10110_21	246	1.7e-12	26	111	23	110	0.5629139072847682
0043707	64	3300012545.a:Ga0118075_10132_13	87	3.1e-11	3	58	24	80	0.859375
0040266	151	3300012545.a:Ga0118075_10132_9	227	5.4e-20	20	148	5	141	0.847682119205298
