3300029414.a:Ga0243798_100007_109  0.248  38  0.462  28  0.958  12  0.892   0.664 Y  0.570      SignalP-noTM
3300029414.a:Ga0243798_100007_109  0.282  27  0.477  27  0.910   8  0.776   0.639 Y  0.450      SignalP-noTM
3300029414.a:Ga0243798_100007_109  0.464  38  0.485  38  0.897  15  0.708   0.572 Y  0.450      SignalP-TM
3300029414.a:Ga0243798_100007_113  0.267  26  0.478  26  0.945  12  0.849   0.679 Y  0.450      SignalP-noTM
3300029414.a:Ga0243798_100007_113  0.742  33  0.749  33  0.975  17  0.866   0.804 Y  0.570      SignalP-noTM
3300029414.a:Ga0243798_100007_113  0.841  33  0.855  33  0.954  16  0.881   0.865 Y  0.450      SignalP-TM
3300029414.a:Ga0243798_100007_114  0.688  36  0.795  36  0.952  27  0.837   0.811 Y  0.450      SignalP-TM
3300029414.a:Ga0243798_100007_114  0.811  36  0.845  36  0.961  27  0.846   0.846 Y  0.570      SignalP-noTM
3300029414.a:Ga0243798_100007_134  0.474  32  0.588  32  0.842  28  0.626   0.603 Y  0.450      SignalP-TM
3300029414.a:Ga0243798_100007_138  0.175  32  0.357  21  0.877  12  0.820   0.538 Y  0.450      SignalP-TM
3300029414.a:Ga0243798_100007_138  0.240  32  0.429  21  0.957  14  0.916   0.658 Y  0.570      SignalP-noTM
3300029414.a:Ga0243798_100007_138  0.305  24  0.505  24  0.931  15  0.838   0.685 Y  0.450      SignalP-noTM
3300029414.a:Ga0243798_100007_14  0.242  23  0.447  23  0.886   5  0.827   0.652 Y  0.450      SignalP-noTM
3300029414.a:Ga0243798_100007_14  0.389  37  0.410  37  0.952  14  0.734   0.536 Y  0.450      SignalP-TM
3300029414.a:Ga0243798_100007_14  0.585  21  0.743  21  0.971  17  0.943   0.837 Y  0.570      SignalP-noTM
3300029414.a:Ga0243798_100007_144  0.333  22  0.453  17  0.773   1  0.692   0.549 Y  0.500      SignalP-TM
3300029414.a:Ga0243798_100007_144  0.664  22  0.514  22  0.590  12  0.413   0.475 Y  0.450      SignalP-TM
3300029414.a:Ga0243798_100007_147  0.791  36  0.736  36  0.880  28  0.554   0.665 Y  0.450      SignalP-TM
3300029414.a:Ga0243798_100007_152  0.644  20  0.721  20  0.885  10  0.807   0.755 Y  0.500      SignalP-TM
3300029414.a:Ga0243798_100007_16  0.266  32  0.446  23  0.959  12  0.866   0.643 Y  0.570      SignalP-noTM
3300029414.a:Ga0243798_100007_16  0.437  32  0.409  32  0.917  17  0.641   0.499 Y  0.450      SignalP-TM
3300029414.a:Ga0243798_100007_163  0.199  34  0.365  25  0.856  21  0.728   0.507 Y  0.450      SignalP-TM
3300029414.a:Ga0243798_100007_163  0.305  25  0.500  25  0.944  21  0.842   0.661 Y  0.570      SignalP-noTM
3300029414.a:Ga0243798_100007_163  0.492  24  0.667  24  0.941  16  0.904   0.795 Y  0.450      SignalP-noTM
3300029414.a:Ga0243798_100007_176  0.143  24  0.297  14  0.860   7  0.747   0.472 Y  0.450      SignalP-TM
3300029414.a:Ga0243798_100007_202  0.511  33  0.590  33  0.920  15  0.756   0.655 Y  0.450      SignalP-TM
3300029414.a:Ga0243798_100007_202  0.741  33  0.815  33  0.973  20  0.885   0.853 Y  0.450      SignalP-noTM
3300029414.a:Ga0243798_100007_202  0.761  33  0.833  33  0.988  23  0.929   0.878 Y  0.570      SignalP-noTM
3300029414.a:Ga0243798_100007_218  0.200  32  0.392  32  0.912  11  0.745   0.582 Y  0.450      SignalP-noTM
3300029414.a:Ga0243798_100007_218  0.401  30  0.626  30  0.991  14  0.973   0.762 Y  0.450      SignalP-TM
3300029414.a:Ga0243798_100007_218  0.573  30  0.731  30  0.988  14  0.937   0.828 Y  0.570      SignalP-noTM
3300029414.a:Ga0243798_100007_220  0.341  25  0.571  25  0.974  19  0.944   0.746 Y  0.570      SignalP-noTM
3300029414.a:Ga0243798_100007_220  0.354  34  0.522  34  0.958  23  0.859   0.653 Y  0.450      SignalP-TM
3300029414.a:Ga0243798_100007_220  0.449  28  0.623  25  0.964   9  0.915   0.781 Y  0.450      SignalP-noTM
3300029414.a:Ga0243798_100007_227  0.367  31  0.544  31  0.965  16  0.864   0.669 Y  0.450      SignalP-TM
3300029414.a:Ga0243798_100007_227  0.407  29  0.542  29  0.895   6  0.748   0.653 Y  0.450      SignalP-noTM
3300029414.a:Ga0243798_100007_227  0.630  29  0.689  29  0.963  19  0.854   0.767 Y  0.570      SignalP-noTM
3300029414.a:Ga0243798_100007_228  0.370  19  0.455  19  0.692  16  0.495   0.470 Y  0.450      SignalP-TM
3300029414.a:Ga0243798_100007_230  0.497  30  0.515  30  0.793  13  0.594   0.546 Y  0.450      SignalP-TM
3300029414.a:Ga0243798_100007_255  0.246  24  0.486  24  0.981  21  0.931   0.660 Y  0.450      SignalP-TM
3300029414.a:Ga0243798_100007_255  0.273  26  0.484  26  0.936  19  0.848   0.681 Y  0.450      SignalP-noTM
3300029414.a:Ga0243798_100007_255  0.428  24  0.641  24  0.979  19  0.947   0.785 Y  0.570      SignalP-noTM
3300029414.a:Ga0243798_100007_267  0.624  21  0.647  21  0.779  19  0.669   0.656 Y  0.500      SignalP-TM
3300029414.a:Ga0243798_100007_29  0.373  21  0.559  21  0.959   1  0.827   0.704 Y  0.450      SignalP-noTM
3300029414.a:Ga0243798_100007_299  0.127  41  0.279  11  0.811   1  0.774   0.472 Y  0.450      SignalP-TM
3300029414.a:Ga0243798_100007_305  0.217  42  0.371  42  0.796  29  0.577   0.451 Y  0.450      SignalP-TM
3300029414.a:Ga0243798_100007_312  0.197  24  0.396  24  0.876  15  0.797   0.613 Y  0.450      SignalP-noTM
3300029414.a:Ga0243798_100007_312  0.312  31  0.470  31  0.931  15  0.806   0.601 Y  0.450      SignalP-TM
3300029414.a:Ga0243798_100007_312  0.370  22  0.583  22  0.944   6  0.921   0.742 Y  0.570      SignalP-noTM
3300029414.a:Ga0243798_100007_317  0.249  31  0.405  31  0.873  11  0.702   0.566 Y  0.450      SignalP-noTM
3300029414.a:Ga0243798_100007_317  0.539  31  0.627  31  0.925  15  0.789   0.690 Y  0.450      SignalP-TM
3300029414.a:Ga0243798_100007_317  0.732  31  0.730  31  0.959  16  0.844   0.784 Y  0.570      SignalP-noTM
3300029414.a:Ga0243798_100007_32  0.479  18  0.674  18  0.981  11  0.953   0.825 Y  0.450      SignalP-noTM
3300029414.a:Ga0243798_100007_323  0.393  19  0.502  16  0.726   8  0.654   0.563 Y  0.500      SignalP-TM
3300029414.a:Ga0243798_100007_4  0.571  31  0.495  31  0.713   6  0.516   0.503 Y  0.450      SignalP-TM
3300029414.a:Ga0243798_100007_64  0.283  28  0.448  28  0.917   7  0.735   0.603 Y  0.450      SignalP-noTM
3300029414.a:Ga0243798_100007_64  0.413  30  0.544  30  0.976  13  0.857   0.691 Y  0.570      SignalP-noTM
3300029414.a:Ga0243798_100007_64  0.458  30  0.599  30  0.949  15  0.862   0.701 Y  0.450      SignalP-TM
3300029414.a:Ga0243798_100007_80  0.542  49  0.653  49  0.942  37  0.662   0.656 Y  0.450      SignalP-TM
3300029414.a:Ga0243798_100007_81  0.371  25  0.586  25  0.975   6  0.923   0.768 Y  0.450      SignalP-noTM
3300029414.a:Ga0243798_100007_81  0.604  25  0.768  25  0.983  15  0.968   0.846 Y  0.450      SignalP-TM
3300029414.a:Ga0243798_100007_81  0.826  25  0.899  25  0.990  12  0.969   0.932 Y  0.570      SignalP-noTM
3300029414.a:Ga0243798_100007_84  0.175  56  0.353  34  0.956  21  0.807   0.530 Y  0.450      SignalP-TM
3300029414.a:Ga0243798_100007_86  0.403  27  0.583  27  0.933  25  0.815   0.692 Y  0.570      SignalP-noTM
3300029414.a:Ga0243798_100007_86  0.442  34  0.590  34  0.900  21  0.787   0.667 Y  0.450      SignalP-TM
3300029414.a:Ga0243798_100008_1  0.340  32  0.522  29  0.966  19  0.896   0.698 Y  0.570      SignalP-noTM
3300029414.a:Ga0243798_100008_1  0.582  32  0.630  32  0.902  22  0.774   0.686 Y  0.450      SignalP-TM
3300029414.a:Ga0243798_100008_11  0.192  28  0.341  28  0.743  14  0.651   0.462 Y  0.450      SignalP-TM
3300029414.a:Ga0243798_100008_119  0.146  33  0.298  11  0.915  15  0.875   0.523 Y  0.450      SignalP-TM
3300029414.a:Ga0243798_100008_119  0.253  25  0.444  25  0.897   2  0.789   0.630 Y  0.450      SignalP-noTM
3300029414.a:Ga0243798_100008_120  0.173  22  0.407  22  0.979  15  0.943   0.659 Y  0.570      SignalP-noTM
3300029414.a:Ga0243798_100008_120  0.179  17  0.395  17  0.954   6  0.880   0.657 Y  0.450      SignalP-noTM
3300029414.a:Ga0243798_100008_120  0.353  37  0.522  37  0.970  11  0.878   0.661 Y  0.450      SignalP-TM
3300029414.a:Ga0243798_100008_137  0.217  21  0.425  21  0.917  11  0.816   0.609 Y  0.570      SignalP-noTM
3300029414.a:Ga0243798_100008_137  0.512  22  0.664  22  0.958  11  0.859   0.769 Y  0.450      SignalP-noTM
3300029414.a:Ga0243798_100008_18  0.238  24  0.474  24  0.983   8  0.937   0.724 Y  0.450      SignalP-noTM
3300029414.a:Ga0243798_100008_18  0.269  29  0.497  29  0.974  13  0.919   0.662 Y  0.450      SignalP-TM
3300029414.a:Ga0243798_100008_18  0.487  29  0.670  29  0.991  11  0.947   0.800 Y  0.570      SignalP-noTM
3300029414.a:Ga0243798_100008_185  0.225  26  0.430  26  0.905   9  0.825   0.643 Y  0.450      SignalP-noTM
3300029414.a:Ga0243798_100008_185  0.471  35  0.555  35  0.914  19  0.748   0.630 Y  0.450      SignalP-TM
3300029414.a:Ga0243798_100008_185  0.541  35  0.479  35  0.934  20  0.711   0.588 Y  0.570      SignalP-noTM
3300029414.a:Ga0243798_100008_2  0.414  34  0.523  29  0.983  15  0.909   0.704 Y  0.570      SignalP-noTM
3300029414.a:Ga0243798_100008_2  0.519  34  0.612  34  0.939  14  0.824   0.695 Y  0.450      SignalP-TM
3300029414.a:Ga0243798_100008_206  0.409  45  0.530  45  0.811  30  0.368   0.467 Y  0.450      SignalP-TM
3300029414.a:Ga0243798_100008_235  0.539  25  0.592  25  0.757  18  0.573   0.585 Y  0.450      SignalP-TM
3300029414.a:Ga0243798_100008_242  0.406  29  0.479  29  0.817  20  0.601   0.524 Y  0.510      SignalP-TM
3300029414.a:Ga0243798_100008_242  0.623  29  0.620  29  0.787  20  0.604   0.614 Y  0.450      SignalP-TM
3300029414.a:Ga0243798_100008_295  0.764  46  0.568  46  0.850   7  0.585   0.575 Y  0.450      SignalP-TM
3300029414.a:Ga0243798_100008_300  0.516  24  0.545  24  0.742   3  0.578   0.563 Y  0.450      SignalP-noTM
3300029414.a:Ga0243798_100008_349  0.168  22  0.360  16  0.906   7  0.856   0.628 Y  0.450      SignalP-noTM
3300029414.a:Ga0243798_100008_85  0.765  20  0.571  20  0.803   1  0.498   0.542 Y  0.500      SignalP-TM
3300029414.a:Ga0243798_100016_109  0.396  30  0.599  27  0.979  13  0.932   0.729 Y  0.450      SignalP-TM
3300029414.a:Ga0243798_100016_109  0.416  28  0.583  28  0.984  13  0.845   0.724 Y  0.450      SignalP-noTM
3300029414.a:Ga0243798_100016_109  0.490  20  0.693  20  0.990  12  0.972   0.824 Y  0.570      SignalP-noTM
3300029414.a:Ga0243798_100016_117  0.185  28  0.396  25  0.947   6  0.871   0.652 Y  0.450      SignalP-noTM
3300029414.a:Ga0243798_100016_117  0.379  30  0.552  30  0.988  12  0.904   0.717 Y  0.570      SignalP-noTM
3300029414.a:Ga0243798_100016_117  0.614  30  0.742  30  0.982  16  0.932   0.816 Y  0.450      SignalP-TM
3300029414.a:Ga0243798_100016_138  0.223  21  0.352  21  0.655  11  0.546   0.457 Y  0.450      SignalP-noTM
3300029414.a:Ga0243798_100016_138  0.299  23  0.441  21  0.807  18  0.669   0.530 Y  0.450      SignalP-TM
3300029414.a:Ga0243798_100016_157  0.186  23  0.385  23  0.912   5  0.796   0.607 Y  0.450      SignalP-noTM
3300029414.a:Ga0243798_100016_157  0.394  24  0.576  24  0.945   5  0.876   0.717 Y  0.570      SignalP-noTM
3300029414.a:Ga0243798_100016_157  0.545  34  0.527  34  0.925  15  0.737   0.609 Y  0.450      SignalP-TM
3300029414.a:Ga0243798_100016_177  0.668  53  0.518  53  0.856  16  0.584   0.544 Y  0.450      SignalP-TM
3300029414.a:Ga0243798_100016_209  0.295  33  0.455  33  0.817  30  0.660   0.535 Y  0.450      SignalP-TM
3300029414.a:Ga0243798_100016_211  0.247  35  0.438  35  0.958  18  0.806   0.582 Y  0.450      SignalP-TM
3300029414.a:Ga0243798_100016_211  0.253  36  0.457  25  0.963  20  0.881   0.657 Y  0.570      SignalP-noTM
3300029414.a:Ga0243798_100016_211  0.366  26  0.552  26  0.911  18  0.820   0.697 Y  0.450      SignalP-noTM
3300029414.a:Ga0243798_100016_213  0.268  30  0.435  30  0.876   5  0.734   0.597 Y  0.450      SignalP-noTM
3300029414.a:Ga0243798_100016_213  0.451  24  0.630  24  0.940  22  0.887   0.751 Y  0.570      SignalP-noTM
3300029414.a:Ga0243798_100016_213  0.500  30  0.629  30  0.911  16  0.780   0.688 Y  0.450      SignalP-TM
3300029414.a:Ga0243798_100016_218  0.169  55  0.339  40  0.877  27  0.688   0.475 Y  0.450      SignalP-TM
3300029414.a:Ga0243798_100016_246  0.159  39  0.346  33  0.862  28  0.674   0.474 Y  0.450      SignalP-TM
3300029414.a:Ga0243798_100016_252  0.463  36  0.620  36  0.948  13  0.870   0.717 Y  0.450      SignalP-TM
3300029414.a:Ga0243798_100016_252  0.681  36  0.773  36  0.986  16  0.873   0.820 Y  0.570      SignalP-noTM
3300029414.a:Ga0243798_100016_286  0.174  28  0.328  26  0.839   1  0.637   0.495 Y  0.450      SignalP-noTM
3300029414.a:Ga0243798_100016_30  0.238  36  0.463  36  0.968  30  0.787   0.589 Y  0.450      SignalP-TM
3300029414.a:Ga0243798_100016_30  0.438  34  0.638  34  0.978  21  0.903   0.781 Y  0.450      SignalP-noTM
3300029414.a:Ga0243798_100016_31  0.255  33  0.427  33  0.915  10  0.800   0.572 Y  0.450      SignalP-TM
3300029414.a:Ga0243798_100016_31  0.388  28  0.610  28  0.990  19  0.957   0.798 Y  0.450      SignalP-noTM
3300029414.a:Ga0243798_100016_31  0.467  33  0.573  33  0.990  18  0.864   0.710 Y  0.570      SignalP-noTM
3300029414.a:Ga0243798_100016_6  0.150  39  0.299  26  0.918  13  0.798   0.494 Y  0.450      SignalP-TM
3300029414.a:Ga0243798_100016_6  0.302  26  0.541  26  0.989  17  0.948   0.732 Y  0.570      SignalP-noTM
3300029414.a:Ga0243798_100016_6  0.457  28  0.643  28  0.967  10  0.905   0.784 Y  0.450      SignalP-noTM
3300029414.a:Ga0243798_100016_73  0.299  20  0.445  20  0.767   1  0.674   0.537 Y  0.500      SignalP-TM
3300029414.a:Ga0243798_100016_98  0.792  22  0.784  22  0.931  14  0.805   0.792 Y  0.500      SignalP-TM
3300029414.a:Ga0243798_100028_114  0.628  35  0.716  35  0.914  31  0.801   0.749 Y  0.450      SignalP-TM
3300029414.a:Ga0243798_100028_114  0.772  35  0.670  35  0.764  22  0.591   0.641 Y  0.510      SignalP-TM
3300029414.a:Ga0243798_100028_114  0.833  25  0.897  25  0.993  19  0.963   0.933 Y  0.450      SignalP-noTM
3300029414.a:Ga0243798_100028_122  0.236  27  0.436  27  0.925   8  0.794   0.629 Y  0.450      SignalP-noTM
3300029414.a:Ga0243798_100028_122  0.654  32  0.758  32  0.977  15  0.902   0.814 Y  0.450      SignalP-TM
3300029414.a:Ga0243798_100028_122  0.721  32  0.749  32  0.992  14  0.887   0.814 Y  0.570      SignalP-noTM
3300029414.a:Ga0243798_100028_13  0.268  30  0.443  30  0.848  25  0.644   0.522 Y  0.450      SignalP-TM
3300029414.a:Ga0243798_100028_130  0.243  30  0.440  30  0.902  13  0.790   0.629 Y  0.450      SignalP-noTM
3300029414.a:Ga0243798_100028_130  0.419  34  0.579  34  0.972  18  0.872   0.693 Y  0.450      SignalP-TM
3300029414.a:Ga0243798_100028_130  0.425  34  0.534  34  0.969  18  0.843   0.679 Y  0.570      SignalP-noTM
3300029414.a:Ga0243798_100028_148  0.293  34  0.392  20  0.791  17  0.584   0.496 Y  0.450      SignalP-noTM
3300029414.a:Ga0243798_100028_157  0.596  18  0.585  18  0.762   1  0.591   0.588 Y  0.500      SignalP-TM
3300029414.a:Ga0243798_100028_165  0.213  36  0.427  28  0.972  19  0.910   0.616 Y  0.450      SignalP-TM
3300029414.a:Ga0243798_100028_165  0.367  28  0.598  28  0.991  17  0.947   0.762 Y  0.570      SignalP-noTM
3300029414.a:Ga0243798_100028_165  0.381  28  0.564  28  0.906  27  0.793   0.687 Y  0.450      SignalP-noTM
3300029414.a:Ga0243798_100028_175  0.209  33  0.373  33  0.875  17  0.659   0.485 Y  0.450      SignalP-TM
3300029414.a:Ga0243798_100028_232  0.291  26  0.444  26  0.775  16  0.617   0.511 Y  0.450      SignalP-TM
3300029414.a:Ga0243798_100028_232  0.439  17  0.489  17  0.700   1  0.564   0.519 Y  0.500      SignalP-TM
3300029414.a:Ga0243798_100028_63  0.436  35  0.492  35  0.925   7  0.660   0.582 Y  0.450      SignalP-noTM
3300029414.a:Ga0243798_100028_63  0.741  35  0.689  35  0.981  12  0.835   0.758 Y  0.570      SignalP-noTM
3300029414.a:Ga0243798_100028_63  0.876  35  0.821  35  0.963  15  0.850   0.832 Y  0.450      SignalP-TM
3300029414.a:Ga0243798_100028_65  0.238  27  0.441  27  0.887  10  0.791   0.630 Y  0.450      SignalP-noTM
3300029414.a:Ga0243798_100028_65  0.278  25  0.503  25  0.946  17  0.854   0.640 Y  0.450      SignalP-TM
3300029414.a:Ga0243798_100028_65  0.610  25  0.751  25  0.987   9  0.921   0.831 Y  0.570      SignalP-noTM
3300029414.a:Ga0243798_100028_66  0.199  25  0.421  25  0.943   7  0.879   0.668 Y  0.450      SignalP-noTM
3300029414.a:Ga0243798_100028_66  0.230  32  0.412  32  0.962  18  0.840   0.579 Y  0.450      SignalP-TM
3300029414.a:Ga0243798_100028_66  0.348  24  0.578  24  0.982  11  0.954   0.754 Y  0.570      SignalP-noTM
3300029414.a:Ga0243798_100028_77  0.236  28  0.453  28  0.964  12  0.873   0.616 Y  0.450      SignalP-TM
3300029414.a:Ga0243798_100028_77  0.311  23  0.525  23  0.935   6  0.886   0.720 Y  0.450      SignalP-noTM
3300029414.a:Ga0243798_100028_77  0.404  22  0.623  22  0.967  11  0.942   0.773 Y  0.570      SignalP-noTM
3300029414.a:Ga0243798_100028_78  0.242  25  0.439  25  0.886  10  0.779   0.622 Y  0.450      SignalP-noTM
3300029414.a:Ga0243798_100028_78  0.261  33  0.415  33  0.950  14  0.794   0.563 Y  0.450      SignalP-TM
3300029414.a:Ga0243798_100028_78  0.371  24  0.587  24  0.960  15  0.925   0.746 Y  0.570      SignalP-noTM
3300029414.a:Ga0243798_100028_79  0.298  21  0.456  21  0.856  14  0.704   0.573 Y  0.570      SignalP-noTM
3300029414.a:Ga0243798_100028_79  0.327  21  0.462  21  0.814  17  0.648   0.535 Y  0.450      SignalP-TM
3300029414.a:Ga0243798_100028_79  0.485  21  0.612  21  0.877  14  0.764   0.694 Y  0.450      SignalP-noTM
3300029414.a:Ga0243798_100028_82  0.250  25  0.393  25  0.892   8  0.714   0.518 Y  0.450      SignalP-TM
3300029414.a:Ga0243798_100028_95  0.248  29  0.441  29  0.953  20  0.843   0.598 Y  0.450      SignalP-TM
3300029414.a:Ga0243798_100028_95  0.355  22  0.571  22  0.950   6  0.921   0.760 Y  0.450      SignalP-noTM
3300029414.a:Ga0243798_100028_95  0.758  22  0.846  22  0.972  20  0.937   0.889 Y  0.570      SignalP-noTM
3300029414.a:Ga0243798_100069_102  0.177  31  0.342  31  0.945  15  0.787   0.516 Y  0.450      SignalP-TM
3300029414.a:Ga0243798_100069_102  0.205  32  0.385  24  0.905   5  0.781   0.599 Y  0.450      SignalP-noTM
3300029414.a:Ga0243798_100069_102  0.308  22  0.531  22  0.949   6  0.920   0.714 Y  0.570      SignalP-noTM
3300029414.a:Ga0243798_100069_133  0.365  34  0.532  34  0.996  16  0.873   0.692 Y  0.570      SignalP-noTM
3300029414.a:Ga0243798_100069_133  0.584  34  0.710  34  0.978  18  0.905   0.786 Y  0.450      SignalP-TM
3300029414.a:Ga0243798_100069_143  0.382  32  0.440  32  0.673  15  0.523   0.472 Y  0.450      SignalP-TM
3300029414.a:Ga0243798_100069_146  0.254  58  0.410  25  0.965  11  0.881   0.594 Y  0.450      SignalP-TM
3300029414.a:Ga0243798_100069_157  0.169  32  0.352  26  0.903  16  0.826   0.537 Y  0.450      SignalP-TM
3300029414.a:Ga0243798_100069_157  0.200  24  0.394  24  0.871   5  0.765   0.594 Y  0.450      SignalP-noTM
3300029414.a:Ga0243798_100069_157  0.259  31  0.456  24  0.953  11  0.915   0.672 Y  0.570      SignalP-noTM
3300029414.a:Ga0243798_100069_6  0.237  23  0.374  23  0.750  11  0.590   0.490 Y  0.450      SignalP-noTM
3300029414.a:Ga0243798_100069_74  0.234  58  0.380  30  0.948  16  0.841   0.560 Y  0.450      SignalP-TM
3300029414.a:Ga0243798_100069_74  0.239  26  0.427  26  0.919   6  0.774   0.614 Y  0.450      SignalP-noTM
3300029414.a:Ga0243798_100069_74  0.352  39  0.405  22  0.983   9  0.948   0.660 Y  0.570      SignalP-noTM
3300029414.a:Ga0243798_100069_82  0.806  20  0.760  20  0.872   1  0.731   0.748 Y  0.500      SignalP-TM
3300029414.a:Ga0243798_100069_89  0.190  36  0.379  33  0.856  14  0.655   0.528 Y  0.450      SignalP-noTM
3300029414.a:Ga0243798_100069_89  0.354  41  0.493  31  0.959  17  0.894   0.650 Y  0.450      SignalP-TM
3300029414.a:Ga0243798_100069_89  0.727  31  0.824  31  0.973  17  0.856   0.839 Y  0.570      SignalP-noTM
3300029414.a:Ga0243798_100069_99  0.222  31  0.350  31  0.769   3  0.630   0.459 Y  0.450      SignalP-TM
3300029414.a:Ga0243798_100069_99  0.707  31  0.691  31  0.825  15  0.643   0.672 Y  0.500      SignalP-TM
3300029414.a:Ga0243798_100082_101  0.249  34  0.445  34  0.937  11  0.802   0.638 Y  0.450      SignalP-noTM
3300029414.a:Ga0243798_100082_101  0.330  34  0.523  34  0.931  16  0.821   0.639 Y  0.450      SignalP-TM
3300029414.a:Ga0243798_100082_101  0.497  34  0.673  34  0.986  17  0.917   0.788 Y  0.570      SignalP-noTM
3300029414.a:Ga0243798_100082_102  0.813  32  0.770  32  0.989  12  0.869   0.816 Y  0.570      SignalP-noTM
3300029414.a:Ga0243798_100082_102  0.845  32  0.811  32  0.942  10  0.865   0.832 Y  0.450      SignalP-TM
3300029414.a:Ga0243798_100082_112  0.343  27  0.537  27  0.958  18  0.886   0.701 Y  0.570      SignalP-noTM
3300029414.a:Ga0243798_100082_112  0.420  27  0.596  27  0.935  18  0.871   0.703 Y  0.450      SignalP-TM
3300029414.a:Ga0243798_100082_112  0.478  27  0.619  27  0.949   7  0.818   0.726 Y  0.450      SignalP-noTM
3300029414.a:Ga0243798_100082_117  0.207  27  0.425  27  0.955  14  0.875   0.601 Y  0.450      SignalP-TM
3300029414.a:Ga0243798_100082_117  0.351  24  0.545  24  0.888  23  0.838   0.703 Y  0.450      SignalP-noTM
3300029414.a:Ga0243798_100082_117  0.693  24  0.807  24  0.960  11  0.936   0.867 Y  0.570      SignalP-noTM
3300029414.a:Ga0243798_100082_59  0.460  18  0.524  18  0.826   1  0.626   0.565 Y  0.500      SignalP-TM
3300029414.a:Ga0243798_100082_76  0.169  33  0.383  23  0.929  16  0.875   0.575 Y  0.450      SignalP-TM
3300029414.a:Ga0243798_100082_76  0.315  23  0.509  23  0.925   5  0.824   0.679 Y  0.450      SignalP-noTM
3300029414.a:Ga0243798_100082_76  0.632  23  0.768  23  0.975  10  0.940   0.849 Y  0.570      SignalP-noTM
3300029414.a:Ga0243798_100082_81  0.219  32  0.433  32  0.969  16  0.896   0.651 Y  0.570      SignalP-noTM
3300029414.a:Ga0243798_100082_81  0.238  26  0.445  26  0.905  10  0.810   0.642 Y  0.450      SignalP-noTM
3300029414.a:Ga0243798_100082_81  0.355  36  0.556  36  0.964  23  0.892   0.687 Y  0.450      SignalP-TM
3300029414.a:Ga0243798_100095_103  0.330  31  0.437  31  0.816  22  0.569   0.489 Y  0.450      SignalP-TM
3300029414.a:Ga0243798_100095_111  0.231  21  0.461  21  0.976  12  0.923   0.710 Y  0.450      SignalP-noTM
3300029414.a:Ga0243798_100095_115  0.271  26  0.472  26  0.915  12  0.809   0.654 Y  0.450      SignalP-noTM
3300029414.a:Ga0243798_100095_115  0.418  32  0.608  24  0.967  15  0.937   0.736 Y  0.450      SignalP-TM
3300029414.a:Ga0243798_100095_115  0.605  24  0.762  24  0.982   9  0.958   0.854 Y  0.570      SignalP-noTM
3300029414.a:Ga0243798_100095_116  0.363  47  0.282  11  0.831   5  0.801   0.484 Y  0.450      SignalP-TM
3300029414.a:Ga0243798_100095_135  0.278  36  0.405  34  0.809  25  0.649   0.500 Y  0.450      SignalP-TM
3300029414.a:Ga0243798_100095_26  0.395  33  0.517  33  0.861  29  0.653   0.570 Y  0.450      SignalP-TM
3300029414.a:Ga0243798_100095_26  0.396  33  0.476  33  0.726  12  0.569   0.513 Y  0.500      SignalP-TM
3300029414.a:Ga0243798_100095_26  0.519  33  0.538  33  0.689  29  0.489   0.520 Y  0.510      SignalP-TM
3300029414.a:Ga0243798_100095_32  0.250  33  0.428  33  0.931  10  0.725   0.588 Y  0.450      SignalP-noTM
3300029414.a:Ga0243798_100095_32  0.282  29  0.510  29  0.976  15  0.904   0.664 Y  0.450      SignalP-TM
3300029414.a:Ga0243798_100095_32  0.511  29  0.704  29  0.988  18  0.939   0.814 Y  0.570      SignalP-noTM
3300029414.a:Ga0243798_100095_35  0.548  35  0.635  23  0.962  14  0.921   0.747 Y  0.450      SignalP-TM
3300029414.a:Ga0243798_100095_35  0.721  23  0.825  23  0.978  16  0.944   0.890 Y  0.450      SignalP-noTM
3300029414.a:Ga0243798_100095_35  0.792  23  0.883  23  0.992  12  0.964   0.921 Y  0.570      SignalP-noTM
3300029414.a:Ga0243798_100095_42  0.204  26  0.420  24  0.953  13  0.864   0.593 Y  0.450      SignalP-TM
3300029414.a:Ga0243798_100095_42  0.279  26  0.501  26  0.972  21  0.913   0.694 Y  0.570      SignalP-noTM
3300029414.a:Ga0243798_100095_43  0.341  23  0.554  23  0.956   6  0.900   0.741 Y  0.450      SignalP-noTM
3300029414.a:Ga0243798_100095_43  0.384  29  0.560  29  0.949  15  0.858   0.676 Y  0.450      SignalP-TM
3300029414.a:Ga0243798_100095_43  0.584  29  0.666  22  0.983  11  0.954   0.801 Y  0.570      SignalP-noTM
3300029414.a:Ga0243798_100095_51  0.195  49  0.402  17  0.925  12  0.835   0.575 Y  0.500      SignalP-TM
3300029414.a:Ga0243798_100095_60  0.172  36  0.353  23  0.910  15  0.826   0.575 Y  0.570      SignalP-noTM
3300029414.a:Ga0243798_100095_60  0.401  36  0.418  36  0.835  18  0.637   0.503 Y  0.450      SignalP-TM
3300029414.a:Ga0243798_100095_75  0.322  43  0.474  43  0.839  34  0.494   0.482 Y  0.450      SignalP-TM
3300029414.a:Ga0243798_100095_91  0.257  34  0.416  23  0.910   8  0.801   0.624 Y  0.450      SignalP-noTM
3300029414.a:Ga0243798_100095_91  0.607  39  0.628  39  0.977  21  0.833   0.708 Y  0.450      SignalP-TM
3300029414.a:Ga0243798_100095_91  0.711  27  0.828  27  0.994  13  0.945   0.883 Y  0.570      SignalP-noTM
3300029414.a:Ga0243798_100175_103  0.386  44  0.552  44  0.880  40  0.568   0.558 Y  0.450      SignalP-TM
3300029414.a:Ga0243798_100175_12  0.478  45  0.628  45  0.950  36  0.626   0.627 Y  0.450      SignalP-TM
3300029414.a:Ga0243798_100175_13  0.689  30  0.744  30  0.991  10  0.895   0.815 Y  0.570      SignalP-noTM
3300029414.a:Ga0243798_100175_13  0.757  30  0.799  30  0.955  13  0.888   0.833 Y  0.450      SignalP-TM
3300029414.a:Ga0243798_100175_18  0.263  44  0.465  34  0.979  27  0.821   0.632 Y  0.570      SignalP-noTM
3300029414.a:Ga0243798_100175_18  0.517  44  0.615  44  0.921  29  0.763   0.673 Y  0.450      SignalP-TM
3300029414.a:Ga0243798_100345_19  0.491  22  0.482  22  0.635   4  0.514   0.494 Y  0.450      SignalP-TM
3300029414.a:Ga0243798_100345_33  0.457  36  0.543  36  0.857  27  0.699   0.604 Y  0.450      SignalP-TM
3300029414.a:Ga0243798_100345_33  0.565  24  0.515  24  0.708   4  0.487   0.504 Y  0.500      SignalP-TM
3300029414.a:Ga0243798_100345_36  0.201  21  0.441  21  0.983  11  0.950   0.680 Y  0.570      SignalP-noTM
3300029414.a:Ga0243798_100345_36  0.335  40  0.438  40  0.973  13  0.817   0.586 Y  0.450      SignalP-TM
3300029414.a:Ga0243798_100345_43  0.405  34  0.525  34  0.884  26  0.644   0.571 Y  0.450      SignalP-TM
3300029414.a:Ga0243798_100345_66  0.373  22  0.449  22  0.819   4  0.598   0.509 Y  0.500      SignalP-TM
3300029414.a:Ga0243798_100562_17  0.498  19  0.537  19  0.739   1  0.569   0.550 Y  0.500      SignalP-TM
3300029414.a:Ga0243798_100562_37  0.414  29  0.621  29  0.979  20  0.917   0.780 Y  0.450      SignalP-noTM
3300029414.a:Ga0243798_100562_37  0.819  29  0.886  29  0.972  23  0.890   0.887 Y  0.450      SignalP-TM
3300029414.a:Ga0243798_100562_37  0.854  29  0.910  29  0.980  12  0.950   0.929 Y  0.570      SignalP-noTM
