NTP_transf_2	95	3300029414.a:Ga0243798_100007_101	597	2.5e-08	13	60	46	95	0.49473684210526314
LacI	46	3300029414.a:Ga0243798_100007_108	341	7.1e-20	2	46	13	57	0.9565217391304348
Peripla_BP_3	164	3300029414.a:Ga0243798_100007_108	341	1.1e-35	2	164	177	336	0.9878048780487805
SBP_bac_1	315	3300029414.a:Ga0243798_100007_109	442	7e-34	11	315	64	355	0.9650793650793651
Pribosyltran	159	3300029414.a:Ga0243798_100007_116	338	8.5e-14	27	124	169	261	0.610062893081761
PTS-HPr	82	3300029414.a:Ga0243798_100007_121	87	8.7e-29	4	81	6	83	0.9390243902439024
LacI	46	3300029414.a:Ga0243798_100007_13	337	7.4e-17	1	44	4	47	0.9347826086956522
Peripla_BP_3	164	3300029414.a:Ga0243798_100007_13	337	2.3e-28	1	164	169	329	0.9939024390243902
SBP_bac_5	377	3300029414.a:Ga0243798_100007_140	509	2e-49	1	358	89	419	0.946949602122016
HhH-GPD	108	3300029414.a:Ga0243798_100007_141	229	4.1e-24	1	107	40	179	0.9814814814814815
Trans_reg_C	77	3300029414.a:Ga0243798_100007_142	267	3.5e-30	1	77	156	230	0.987012987012987
HTH_3	55	3300029414.a:Ga0243798_100007_148	127	8.4e-06	8	55	34	81	0.8545454545454545
HTH_12	66	3300029414.a:Ga0243798_100007_168	66	7.7e-05	37	65	31	59	0.42424242424242425
MerR	38	3300029414.a:Ga0243798_100007_20	196	5.2e-14	1	38	42	78	0.9736842105263158
CYTH	179	3300029414.a:Ga0243798_100007_222	209	8.1e-05	25	85	23	99	0.33519553072625696
TetR_N	47	3300029414.a:Ga0243798_100007_234	244	7.5e-11	6	40	22	56	0.723404255319149
HTH_3	55	3300029414.a:Ga0243798_100007_237	277	1.3e-09	19	55	3	39	0.6545454545454545
PfkB	302	3300029414.a:Ga0243798_100007_239	339	6e-22	3	296	14	322	0.9701986754966887
HisKA	64	3300029414.a:Ga0243798_100007_253	444	1.4e-10	2	63	180	244	0.953125
HATPase_c	111	3300029414.a:Ga0243798_100007_253	444	1.5e-24	2	109	317	426	0.963963963963964
Response_reg	112	3300029414.a:Ga0243798_100007_254	257	4.4e-31	1	112	26	135	0.9910714285714286
Trans_reg_C	77	3300029414.a:Ga0243798_100007_254	257	6.8e-29	3	77	177	251	0.961038961038961
SBP_bac_1	315	3300029414.a:Ga0243798_100007_255	378	2.6e-08	9	315	58	348	0.9714285714285714
CbiA	128	3300029414.a:Ga0243798_100007_268	583	4.7e-07	8	88	144	304	0.625
CbiA	128	3300029414.a:Ga0243798_100007_27	317	3.8e-07	1	55	71	188	0.421875
Arc	50	3300029414.a:Ga0243798_100007_274	93	2.6e-07	11	42	9	40	0.62
ACT	67	3300029414.a:Ga0243798_100007_275	185	7.7e-19	1	66	14	79	0.9701492537313433
T2SSE	273	3300029414.a:Ga0243798_100007_28	356	1.7e-52	8	271	26	298	0.9633699633699634
MerR	38	3300029414.a:Ga0243798_100007_284	143	5.3e-14	1	38	4	41	0.9736842105263158
LacI	46	3300029414.a:Ga0243798_100007_299	372	3e-20	2	46	13	57	0.9565217391304348
Peripla_BP_3	164	3300029414.a:Ga0243798_100007_299	372	2.4e-32	5	148	199	343	0.8719512195121951
SBP_bac_1	315	3300029414.a:Ga0243798_100007_312	450	2.7e-34	6	309	48	336	0.9619047619047619
LacI	46	3300029414.a:Ga0243798_100007_316	352	4.3e-17	1	46	12	57	0.9782608695652174
Peripla_BP_3	164	3300029414.a:Ga0243798_100007_316	352	2.6e-26	2	164	178	350	0.9878048780487805
AAA	132	3300029414.a:Ga0243798_100007_329	262	2.1e-05	2	70	118	187	0.5151515151515151
TetR_N	47	3300029414.a:Ga0243798_100007_34	200	1.7e-15	1	47	20	66	0.9787234042553191
Sigma70_r4_2	54	3300029414.a:Ga0243798_100007_342	216	4.8e-07	13	46	67	99	0.6111111111111112
AAA	132	3300029414.a:Ga0243798_100007_35	971	8.6e-12	2	124	41	171	0.9242424242424242
LacI	46	3300029414.a:Ga0243798_100007_4	348	1.8e-21	2	46	4	48	0.9565217391304348
Peripla_BP_1	279	3300029414.a:Ga0243798_100007_4	348	2.5e-19	2	223	60	275	0.7921146953405018
ACT	67	3300029414.a:Ga0243798_100007_41	189	1.3e-12	3	58	37	91	0.8208955223880597
ACT	67	3300029414.a:Ga0243798_100007_41	189	7.9e-10	2	38	115	151	0.5373134328358209
AAA	132	3300029414.a:Ga0243798_100007_50	384	1.6e-09	2	125	33	161	0.9318181818181818
TetR_N	47	3300029414.a:Ga0243798_100007_87	200	5.7e-12	1	47	24	70	0.9787234042553191
LacI	46	3300029414.a:Ga0243798_100007_9	345	6.3e-15	2	44	6	48	0.9130434782608695
Peripla_BP_3	164	3300029414.a:Ga0243798_100007_9	345	2.6e-32	1	164	171	332	0.9939024390243902
TetR_N	47	3300029414.a:Ga0243798_100007_97	274	1.8e-17	1	45	10	54	0.9361702127659575
CbiA	128	3300029414.a:Ga0243798_100007_98	424	1.4e-06	6	90	230	383	0.65625
Ammonium_transp	399	3300029414.a:Ga0243798_100007_99	432	4.4e-115	1	399	10	417	0.9974937343358395
PALP	294	3300029414.a:Ga0243798_100008_102	696	1.1e-45	4	292	323	656	0.9795918367346939
Response_reg	112	3300029414.a:Ga0243798_100008_118	232	7.6e-15	3	111	17	129	0.9642857142857143
GerE	57	3300029414.a:Ga0243798_100008_118	232	7.9e-15	2	54	170	222	0.9122807017543859
HTH_IclR	52	3300029414.a:Ga0243798_100008_130	98	1.6e-05	12	41	22	51	0.5576923076923077
NUDIX	131	3300029414.a:Ga0243798_100008_134	206	2.7e-12	8	72	73	134	0.48854961832061067
Aminotran_1_2	363	3300029414.a:Ga0243798_100008_145	397	6.1e-46	7	358	39	381	0.9669421487603306
HTH_1	60	3300029414.a:Ga0243798_100008_148	308	3.2e-18	3	59	5	61	0.9333333333333333
LysR_substrate	209	3300029414.a:Ga0243798_100008_148	308	4e-13	36	206	119	296	0.8133971291866029
HTH_3	55	3300029414.a:Ga0243798_100008_15	70	3e-10	6	53	6	53	0.8545454545454545
Pribosyltran	159	3300029414.a:Ga0243798_100008_151	232	4.3e-27	5	144	41	184	0.8742138364779874
Peptidase_M23	96	3300029414.a:Ga0243798_100008_17	230	8e-14	2	95	121	214	0.96875
SBP_bac_5	377	3300029414.a:Ga0243798_100008_185	547	3.4e-64	3	374	82	461	0.9840848806366048
Pyr_redox_2	292	3300029414.a:Ga0243798_100008_186	512	1.3e-32	2	292	147	478	0.9931506849315068
GATase_2	420	3300029414.a:Ga0243798_100008_187	1524	8.9e-166	1	420	27	437	0.9976190476190476
Peripla_BP_3	164	3300029414.a:Ga0243798_100008_188	95	8.4e-20	80	164	2	91	0.5121951219512195
LacI	46	3300029414.a:Ga0243798_100008_192	349	7.9e-20	2	46	12	56	0.9565217391304348
Peripla_BP_3	164	3300029414.a:Ga0243798_100008_192	349	4.3e-32	3	163	178	338	0.975609756097561
LacI	46	3300029414.a:Ga0243798_100008_198	367	1e-15	1	46	13	59	0.9782608695652174
Peripla_BP_3	164	3300029414.a:Ga0243798_100008_198	367	4.6e-23	5	150	188	343	0.8841463414634146
CBS	57	3300029414.a:Ga0243798_100008_212	478	4.4e-08	4	54	236	287	0.8771929824561403
CBS	57	3300029414.a:Ga0243798_100008_212	478	9.2e-08	7	55	304	352	0.8421052631578947
Aminotran_1_2	363	3300029414.a:Ga0243798_100008_221	425	8.3e-09	11	237	25	254	0.6225895316804407
SKI	158	3300029414.a:Ga0243798_100008_229	541	2.9e-40	1	156	13	171	0.9810126582278481
Pribosyltran	159	3300029414.a:Ga0243798_100008_244	194	2.5e-09	27	122	48	155	0.5974842767295597
HTH_3	55	3300029414.a:Ga0243798_100008_246	70	1.8e-06	14	54	20	61	0.7272727272727273
Glyoxalase	128	3300029414.a:Ga0243798_100008_250	134	1.3e-13	2	127	2	123	0.9765625
Response_reg	112	3300029414.a:Ga0243798_100008_259	218	1.2e-23	1	101	3	107	0.8928571428571429
GerE	57	3300029414.a:Ga0243798_100008_259	218	3.9e-17	3	55	158	210	0.9122807017543859
TetR_N	47	3300029414.a:Ga0243798_100008_265	168	8.8e-07	10	46	2	38	0.7659574468085106
HTH_3	55	3300029414.a:Ga0243798_100008_270	185	1.5e-07	5	34	22	51	0.5272727272727272
Pkinase	264	3300029414.a:Ga0243798_100008_275	567	7.9e-28	21	201	35	210	0.6818181818181818
CBS	57	3300029414.a:Ga0243798_100008_277	684	4.2e-11	2	55	530	583	0.9298245614035088
CBS	57	3300029414.a:Ga0243798_100008_277	684	3.4e-12	1	53	619	671	0.9122807017543859
TetR_N	47	3300029414.a:Ga0243798_100008_279	234	3.1e-20	1	46	27	72	0.9574468085106383
HTH_IclR	52	3300029414.a:Ga0243798_100008_288	422	2.4e-05	18	51	361	394	0.6346153846153846
Response_reg	112	3300029414.a:Ga0243798_100008_294	290	2.7e-25	1	111	12	138	0.9821428571428571
GerE	57	3300029414.a:Ga0243798_100008_294	290	3.3e-22	2	57	228	283	0.9649122807017544
Aminotran_1_2	363	3300029414.a:Ga0243798_100008_297	439	2.8e-09	25	234	46	225	0.5757575757575758
PfkB	302	3300029414.a:Ga0243798_100008_298	291	4.4e-07	173	282	134	254	0.3609271523178808
Fer4	24	3300029414.a:Ga0243798_100008_303	322	1.8e-05	6	22	233	249	0.6666666666666666
AAA	132	3300029414.a:Ga0243798_100008_307	473	1.6e-18	1	96	150	254	0.7196969696969697
Pribosyltran	159	3300029414.a:Ga0243798_100008_337	340	5.3e-17	28	141	172	283	0.710691823899371
EPSP_synthase	417	3300029414.a:Ga0243798_100008_343	446	1e-94	5	415	16	437	0.9832134292565947
HhH-GPD	108	3300029414.a:Ga0243798_100008_348	185	9e-05	9	62	49	102	0.49074074074074076
GyrI-like	155	3300029414.a:Ga0243798_100008_350	217	3.3e-45	2	154	18	210	0.9806451612903225
HTH_3	55	3300029414.a:Ga0243798_100008_351	162	3e-15	1	54	7	60	0.9636363636363636
NUDIX	131	3300029414.a:Ga0243798_100008_354	225	4.2e-16	4	120	73	193	0.8854961832061069
Response_reg	112	3300029414.a:Ga0243798_100008_357	262	3.1e-29	1	109	46	153	0.9642857142857143
ANTAR	54	3300029414.a:Ga0243798_100008_357	262	1.6e-19	2	54	195	247	0.9629629629629629
HTH_3	55	3300029414.a:Ga0243798_100008_57	519	4.9e-07	1	55	10	69	0.9818181818181818
Aminotran_1_2	363	3300029414.a:Ga0243798_100008_57	519	1.2e-52	2	348	147	494	0.953168044077135
HTH_11	55	3300029414.a:Ga0243798_100008_62	373	9e-06	25	47	35	57	0.4
CbiA	128	3300029414.a:Ga0243798_100008_7	198	5.8e-16	1	126	8	177	0.9765625
AAA	132	3300029414.a:Ga0243798_100008_72	355	6.7e-20	1	126	72	191	0.946969696969697
Pribosyltran	159	3300029414.a:Ga0243798_100008_74	194	7e-17	13	124	53	169	0.6981132075471698
HTH_5	47	3300029414.a:Ga0243798_100008_9	473	9.6e-05	22	46	48	72	0.5106382978723404
FHA	69	3300029414.a:Ga0243798_100008_92	148	1.2e-23	1	69	69	132	0.9855072463768116
Response_reg	112	3300029414.a:Ga0243798_100016_102	253	2.5e-26	1	111	36	149	0.9821428571428571
GerE	57	3300029414.a:Ga0243798_100016_102	253	3.5e-13	3	47	190	234	0.7719298245614035
SBP_bac_5	377	3300029414.a:Ga0243798_100016_117	547	1.8e-70	5	374	84	461	0.9787798408488063
ACT	67	3300029414.a:Ga0243798_100016_121	323	1.3e-06	11	47	213	249	0.5373134328358209
Pyr_redox_2	292	3300029414.a:Ga0243798_100016_127	544	5.5e-09	2	110	5	193	0.3698630136986301
NUDIX	131	3300029414.a:Ga0243798_100016_129	276	2.4e-07	19	128	53	157	0.8320610687022901
HTH_5	47	3300029414.a:Ga0243798_100016_130	239	7.6e-05	5	41	54	90	0.7659574468085106
CbiA	128	3300029414.a:Ga0243798_100016_132	300	4.7e-22	1	121	48	265	0.9375
Sigma70_r2	71	3300029414.a:Ga0243798_100016_146	263	5.6e-16	7	70	29	90	0.8873239436619719
Sigma70_r4_2	54	3300029414.a:Ga0243798_100016_146	263	9.6e-16	2	54	132	184	0.9629629629629629
NUDIX	131	3300029414.a:Ga0243798_100016_153	174	2e-18	5	124	23	143	0.9083969465648855
SBP_bac_5	377	3300029414.a:Ga0243798_100016_157	545	8.8e-79	1	375	80	466	0.9920424403183024
HTH_IclR	52	3300029414.a:Ga0243798_100016_16	105	9.4e-05	19	48	51	81	0.5576923076923077
MarR	59	3300029414.a:Ga0243798_100016_162	405	5.4e-07	8	48	22	62	0.6779661016949152
PfkB	302	3300029414.a:Ga0243798_100016_163	299	9.8e-39	33	295	21	281	0.8675496688741722
Glyoxalase	128	3300029414.a:Ga0243798_100016_164	130	1.6e-05	1	104	9	97	0.8046875
ACT	67	3300029414.a:Ga0243798_100016_182	400	1.1e-05	8	66	335	390	0.8656716417910447
LexA_DNA_bind	65	3300029414.a:Ga0243798_100016_185	242	2e-25	2	65	15	78	0.9692307692307692
Aminotran_1_2	363	3300029414.a:Ga0243798_100016_199	387	4.7e-54	6	362	31	375	0.9807162534435262
PALP	294	3300029414.a:Ga0243798_100016_205	422	1.1e-83	3	278	27	303	0.935374149659864
ACT	67	3300029414.a:Ga0243798_100016_205	422	4.5e-07	4	64	347	412	0.8955223880597015
SBP_bac_1	315	3300029414.a:Ga0243798_100016_211	442	4.9e-33	10	314	65	355	0.9650793650793651
SBP_bac_1	315	3300029414.a:Ga0243798_100016_213	443	1.1e-30	10	315	63	355	0.9682539682539683
LacI	46	3300029414.a:Ga0243798_100016_214	343	2.2e-18	1	44	5	48	0.9347826086956522
Peripla_BP_3	164	3300029414.a:Ga0243798_100016_214	343	1.9e-33	1	164	173	336	0.9939024390243902
LacI	46	3300029414.a:Ga0243798_100016_215	340	3.5e-18	1	44	5	48	0.9347826086956522
Peripla_BP_3	164	3300029414.a:Ga0243798_100016_215	340	5.6e-28	1	163	171	333	0.9878048780487805
SBP_bac_1	315	3300029414.a:Ga0243798_100016_218	430	4.7e-34	7	312	55	345	0.9682539682539683
HTH_3	55	3300029414.a:Ga0243798_100016_239	217	6e-09	3	55	158	213	0.9454545454545454
Pkinase	264	3300029414.a:Ga0243798_100016_243	747	7.9e-36	1	259	28	293	0.9772727272727273
HD	122	3300029414.a:Ga0243798_100016_250	472	7.3e-14	1	113	255	377	0.9180327868852459
NUDIX	131	3300029414.a:Ga0243798_100016_251	431	1.5e-25	4	125	291	413	0.9236641221374046
Pyr_redox_2	292	3300029414.a:Ga0243798_100016_255	340	2.3e-51	2	292	7	326	0.9931506849315068
CbiA	128	3300029414.a:Ga0243798_100016_257	324	1.2e-25	1	127	57	285	0.984375
AAA	132	3300029414.a:Ga0243798_100016_262	501	5.6e-07	1	113	193	303	0.8484848484848485
HATPase_c	111	3300029414.a:Ga0243798_100016_267	713	4.8e-22	3	110	80	224	0.963963963963964
ATPase_2	233	3300029414.a:Ga0243798_100016_270	474	1.2e-22	1	232	2	205	0.9914163090128756
HTH_IclR	52	3300029414.a:Ga0243798_100016_272	145	1.7e-07	7	49	10	51	0.8076923076923077
AsnC_trans_reg	75	3300029414.a:Ga0243798_100016_272	145	7.4e-11	15	74	82	139	0.7866666666666666
Aminotran_1_2	363	3300029414.a:Ga0243798_100016_273	445	1.1e-70	2	363	57	418	0.9944903581267218
HTH_7	45	3300029414.a:Ga0243798_100016_279	495	3.5e-05	12	44	5	37	0.7111111111111111
SBP_bac_3	225	3300029414.a:Ga0243798_100016_50	309	3.7e-40	2	221	65	285	0.9733333333333334
HD	122	3300029414.a:Ga0243798_100016_64	775	1.7e-09	1	121	67	163	0.9836065573770492
ACT	67	3300029414.a:Ga0243798_100016_64	775	3.3e-10	3	66	688	751	0.9402985074626866
PglZ	176	3300029414.a:Ga0243798_100016_68	416	6.6e-05	113	172	232	290	0.3352272727272727
Response_reg	112	3300029414.a:Ga0243798_100016_70	263	4.9e-07	17	80	20	81	0.5625
Trans_reg_C	77	3300029414.a:Ga0243798_100016_70	263	2.5e-07	3	77	192	261	0.961038961038961
PfkB	302	3300029414.a:Ga0243798_100016_72	321	1.4e-57	3	298	18	308	0.9768211920529801
HATPase_c	111	3300029414.a:Ga0243798_100016_74	759	6.9e-20	1	97	31	137	0.8648648648648649
Sigma70_r2	71	3300029414.a:Ga0243798_100016_75	475	4.7e-24	1	70	240	309	0.971830985915493
Sigma70_r3	78	3300029414.a:Ga0243798_100016_75	475	3.7e-30	1	77	319	395	0.9743589743589743
Sigma70_r4	50	3300029414.a:Ga0243798_100016_75	475	1.2e-19	1	50	408	461	0.98
Pkinase	264	3300029414.a:Ga0243798_100016_78	758	2.1e-52	1	254	14	264	0.9583333333333334
Glycos_trans_3N	63	3300029414.a:Ga0243798_100016_81	349	1.4e-15	1	63	7	69	0.9841269841269841
HTH_3	55	3300029414.a:Ga0243798_100016_90	172	3.7e-12	1	52	104	155	0.9272727272727272
HTH_3	55	3300029414.a:Ga0243798_100028_102	132	3.4e-06	4	54	62	113	0.9090909090909091
GntR	64	3300029414.a:Ga0243798_100028_105	504	4.8e-21	2	64	14	76	0.96875
Aminotran_1_2	363	3300029414.a:Ga0243798_100028_105	504	2.4e-33	42	358	174	491	0.8705234159779615
HTH_6	77	3300029414.a:Ga0243798_100028_111	290	8.7e-20	2	72	6	76	0.9090909090909091
SIS	131	3300029414.a:Ga0243798_100028_111	290	5.9e-14	3	129	134	260	0.9618320610687023
FUR	120	3300029414.a:Ga0243798_100028_120	143	9.3e-29	5	119	7	120	0.95
Pribosyltran	159	3300029414.a:Ga0243798_100028_127	504	1.3e-10	21	119	281	382	0.6163522012578616
CbiA	128	3300029414.a:Ga0243798_100028_13	479	9.3e-13	1	87	272	444	0.671875
SBP_bac_3	225	3300029414.a:Ga0243798_100028_130	288	9.5e-47	2	224	53	276	0.9866666666666667
LysR_substrate	209	3300029414.a:Ga0243798_100028_137	176	1.7e-14	73	207	6	169	0.6411483253588517
Aminotran_1_2	363	3300029414.a:Ga0243798_100028_146	342	1e-09	9	359	6	337	0.9641873278236914
HTH_1	60	3300029414.a:Ga0243798_100028_154	273	1e-20	3	60	4	62	0.95
LysR_substrate	209	3300029414.a:Ga0243798_100028_154	273	3.3e-20	2	207	86	269	0.9808612440191388
HisKA	64	3300029414.a:Ga0243798_100028_161	240	8.3e-19	1	63	18	83	0.96875
HATPase_c	111	3300029414.a:Ga0243798_100028_161	240	1.5e-22	9	110	137	238	0.9099099099099099
SBP_bac_5	377	3300029414.a:Ga0243798_100028_166	451	7.6e-51	66	374	19	347	0.8169761273209549
NUDIX	131	3300029414.a:Ga0243798_100028_17	221	5.6e-05	31	113	104	192	0.6259541984732825
LacI	46	3300029414.a:Ga0243798_100028_172	342	1.1e-18	1	46	7	52	0.9782608695652174
Peripla_BP_3	164	3300029414.a:Ga0243798_100028_172	342	9.8e-29	2	164	179	335	0.9878048780487805
HhH-GPD	108	3300029414.a:Ga0243798_100028_178	228	8.2e-14	1	84	45	166	0.7685185185185185
Pyr_redox_2	292	3300029414.a:Ga0243798_100028_186	497	5.4e-60	1	292	5	350	0.9965753424657534
NUDIX	131	3300029414.a:Ga0243798_100028_19	425	3.9e-17	4	118	290	397	0.8702290076335878
Arg_repressor	70	3300029414.a:Ga0243798_100028_201	171	4e-21	2	65	13	76	0.9
Rhodanese	107	3300029414.a:Ga0243798_100028_208	119	3.6e-13	6	104	28	109	0.9158878504672897
HD	122	3300029414.a:Ga0243798_100028_209	178	4.4e-12	1	121	41	149	0.9836065573770492
TrkA_C	70	3300029414.a:Ga0243798_100028_217	221	3.8e-10	4	65	154	217	0.8714285714285714
GntR	64	3300029414.a:Ga0243798_100028_222	125	3.8e-20	2	64	14	76	0.96875
PALP	294	3300029414.a:Ga0243798_100028_227	497	3.5e-15	28	274	101	409	0.8367346938775511
cNMP_binding	88	3300029414.a:Ga0243798_100028_25	240	1.1e-19	3	87	41	129	0.9545454545454546
Crp	32	3300029414.a:Ga0243798_100028_25	240	1.4e-06	3	30	189	216	0.84375
HTH_DeoR	57	3300029414.a:Ga0243798_100028_29	238	1.5e-11	27	55	2	30	0.49122807017543857
DeoRC	160	3300029414.a:Ga0243798_100028_29	238	4.2e-41	6	159	49	206	0.95625
ACT	67	3300029414.a:Ga0243798_100028_32	91	5.4e-12	2	66	5	69	0.9552238805970149
HhH-GPD	108	3300029414.a:Ga0243798_100028_35	329	1.5e-17	1	89	35	151	0.8148148148148148
FHA	69	3300029414.a:Ga0243798_100028_39	211	9.4e-12	3	69	121	199	0.9565217391304348
AAA	132	3300029414.a:Ga0243798_100028_44	458	1.5e-09	2	129	183	314	0.9621212121212122
Pkinase	264	3300029414.a:Ga0243798_100028_46	474	5e-40	1	254	14	258	0.9583333333333334
SBP_bac_3	225	3300029414.a:Ga0243798_100028_65	319	2.5e-51	1	223	78	301	0.9866666666666667
SBP_bac_3	225	3300029414.a:Ga0243798_100028_66	315	1.2e-52	1	223	75	298	0.9866666666666667
SIS	131	3300029414.a:Ga0243798_100028_69	631	2.5e-32	6	128	310	431	0.9312977099236641
SIS	131	3300029414.a:Ga0243798_100028_69	631	6.9e-21	3	128	480	610	0.9541984732824428
LacI	46	3300029414.a:Ga0243798_100028_71	337	6e-20	1	46	8	53	0.9782608695652174
Peripla_BP_3	164	3300029414.a:Ga0243798_100028_71	337	8.6e-31	1	164	173	332	0.9939024390243902
LacI	46	3300029414.a:Ga0243798_100028_75	338	6e-15	2	46	1	45	0.9565217391304348
Peripla_BP_3	164	3300029414.a:Ga0243798_100028_75	338	7.6e-37	3	164	166	331	0.9817073170731707
SBP_bac_1	315	3300029414.a:Ga0243798_100028_77	451	5.4e-30	5	308	49	335	0.9619047619047619
SBP_bac_1	315	3300029414.a:Ga0243798_100028_78	448	2e-32	9	308	51	333	0.9492063492063492
SBP_bac_1	315	3300029414.a:Ga0243798_100028_79	464	6.4e-33	10	313	37	319	0.9619047619047619
SBP_bac_5	377	3300029414.a:Ga0243798_100028_81	540	2.7e-74	2	359	116	450	0.946949602122016
PALP	294	3300029414.a:Ga0243798_100028_86	356	1.9e-69	3	291	9	300	0.9795918367346939
SBP_bac_1	315	3300029414.a:Ga0243798_100028_95	435	7.5e-35	5	314	50	344	0.9809523809523809
LacI	46	3300029414.a:Ga0243798_100028_96	340	8.4e-20	2	46	4	48	0.9565217391304348
Peripla_BP_3	164	3300029414.a:Ga0243798_100028_96	340	8.9e-20	1	164	168	330	0.9939024390243902
HD	122	3300029414.a:Ga0243798_100028_99	436	2.8e-17	1	119	78	229	0.9672131147540983
LacI	46	3300029414.a:Ga0243798_100069_10	337	1.7e-14	1	44	3	48	0.9347826086956522
Peripla_BP_3	164	3300029414.a:Ga0243798_100069_10	337	1.3e-36	3	163	166	331	0.975609756097561
Peripla_BP_1	279	3300029414.a:Ga0243798_100069_102	386	6.4e-05	8	98	48	141	0.3225806451612903
MarR	59	3300029414.a:Ga0243798_100069_103	390	4.9e-08	6	48	18	60	0.711864406779661
AAA	132	3300029414.a:Ga0243798_100069_113	697	4.5e-47	1	130	252	383	0.9772727272727273
Pribosyltran	159	3300029414.a:Ga0243798_100069_114	188	1.8e-25	7	159	16	165	0.9559748427672956
PfkB	302	3300029414.a:Ga0243798_100069_12	301	1.6e-39	5	300	4	286	0.9768211920529801
HATPase_c	111	3300029414.a:Ga0243798_100069_138	362	4.1e-22	4	110	250	360	0.954954954954955
Response_reg	112	3300029414.a:Ga0243798_100069_150	232	5.1e-16	1	111	11	123	0.9821428571428571
GerE	57	3300029414.a:Ga0243798_100069_150	232	7.6e-23	2	57	170	225	0.9649122807017544
SBP_bac_1	315	3300029414.a:Ga0243798_100069_157	439	1.1e-28	9	309	58	338	0.9523809523809523
PfkB	302	3300029414.a:Ga0243798_100069_16	319	5e-53	1	298	1	303	0.9834437086092715
PTS_EIIC	324	3300029414.a:Ga0243798_100069_162	786	4.4e-28	1	310	190	488	0.9537037037037037
LacI	46	3300029414.a:Ga0243798_100069_22	627	4.4e-18	2	45	3	47	0.9347826086956522
Peripla_BP_1	279	3300029414.a:Ga0243798_100069_22	627	9.1e-05	4	151	60	199	0.5268817204301075
Peripla_BP_3	164	3300029414.a:Ga0243798_100069_22	627	2.5e-11	2	150	162	302	0.9024390243902439
PfkB	302	3300029414.a:Ga0243798_100069_22	627	7.2e-57	3	299	326	611	0.9801324503311258
MarR	59	3300029414.a:Ga0243798_100069_25	178	4.6e-10	8	58	40	91	0.847457627118644
NTP_transf_2	95	3300029414.a:Ga0243798_100069_30	96	1.1e-10	13	74	19	70	0.6421052631578947
TetR_N	47	3300029414.a:Ga0243798_100069_33	244	7.8e-20	1	47	54	100	0.9787234042553191
Aminotran_1_2	363	3300029414.a:Ga0243798_100069_47	408	2.1e-63	2	363	46	400	0.9944903581267218
Citrate_synt	361	3300029414.a:Ga0243798_100069_55	431	5.4e-120	4	361	46	413	0.9889196675900277
AAA	132	3300029414.a:Ga0243798_100069_64	473	1.1e-05	1	70	16	104	0.5227272727272727
CBS	57	3300029414.a:Ga0243798_100069_66	518	8.1e-10	5	51	110	156	0.8070175438596491
CBS	57	3300029414.a:Ga0243798_100069_66	518	8.8e-08	1	53	169	222	0.9122807017543859
HTH_IclR	52	3300029414.a:Ga0243798_100069_78	410	3.3e-06	9	49	21	61	0.7692307692307693
Aminotran_1_2	363	3300029414.a:Ga0243798_100069_8	404	5.1e-30	18	363	50	396	0.9504132231404959
SBP_bac_1	315	3300029414.a:Ga0243798_100069_89	438	1.7e-41	3	315	53	356	0.9904761904761905
LacI	46	3300029414.a:Ga0243798_100069_90	347	4.7e-11	2	44	17	59	0.9130434782608695
Peripla_BP_3	164	3300029414.a:Ga0243798_100069_90	347	2e-43	1	164	178	339	0.9939024390243902
Fe_dep_repress	60	3300029414.a:Ga0243798_100069_98	168	5e-07	11	55	51	99	0.7333333333333333
MarR	59	3300029414.a:Ga0243798_100082_100	174	1.7e-13	7	58	35	86	0.864406779661017
TetR_N	47	3300029414.a:Ga0243798_100082_107	190	4.3e-10	3	46	20	63	0.9148936170212766
ATPase_2	233	3300029414.a:Ga0243798_100082_109	471	2.3e-22	1	233	3	209	0.9957081545064378
HTH_IclR	52	3300029414.a:Ga0243798_100082_109	471	1.5e-07	13	50	256	291	0.7115384615384616
LacI	46	3300029414.a:Ga0243798_100082_116	339	3.2e-17	1	44	4	47	0.9347826086956522
Peripla_BP_3	164	3300029414.a:Ga0243798_100082_116	339	2e-33	1	164	172	334	0.9939024390243902
Nitroreductase	170	3300029414.a:Ga0243798_100082_120	256	8.7e-17	2	170	11	169	0.9882352941176471
NUDIX	131	3300029414.a:Ga0243798_100082_17	485	8.3e-17	16	117	356	458	0.7709923664122137
ACT	67	3300029414.a:Ga0243798_100082_19	439	2.6e-11	3	66	354	425	0.9402985074626866
TetR_N	47	3300029414.a:Ga0243798_100082_22	222	6.4e-18	1	47	14	61	0.9787234042553191
HTH_1	60	3300029414.a:Ga0243798_100082_24	311	4.3e-19	3	59	8	64	0.9333333333333333
LysR_substrate	209	3300029414.a:Ga0243798_100082_24	311	4.5e-22	7	204	95	299	0.9425837320574163
Aminotran_1_2	363	3300029414.a:Ga0243798_100082_25	418	2.7e-33	13	358	59	402	0.9504132231404959
EPSP_synthase	417	3300029414.a:Ga0243798_100082_26	442	9.3e-61	1	417	11	433	0.9976019184652278
Pyr_redox_2	292	3300029414.a:Ga0243798_100082_27	449	7e-59	2	292	3	309	0.9931506849315068
HTH_IclR	52	3300029414.a:Ga0243798_100082_31	267	2.4e-13	2	51	37	84	0.9423076923076923
IclR	129	3300029414.a:Ga0243798_100082_31	267	2.4e-20	7	125	152	256	0.9147286821705426
NUDIX	131	3300029414.a:Ga0243798_100082_34	400	8.1e-16	13	129	81	212	0.8854961832061069
Pribosyltran	159	3300029414.a:Ga0243798_100082_37	214	3.4e-15	30	157	70	188	0.7987421383647799
AAA	132	3300029414.a:Ga0243798_100082_41	890	8.9e-16	2	127	204	337	0.946969696969697
AAA	132	3300029414.a:Ga0243798_100082_41	890	3.3e-10	2	111	613	731	0.8257575757575758
HTH_IclR	52	3300029414.a:Ga0243798_100082_43	292	2.5e-14	1	50	42	90	0.9423076923076923
IclR	129	3300029414.a:Ga0243798_100082_43	292	2.9e-17	5	128	159	282	0.9534883720930233
Pyr_redox	81	3300029414.a:Ga0243798_100082_47	393	8.1e-06	2	49	10	62	0.5802469135802469
Aminotran_1_2	363	3300029414.a:Ga0243798_100082_5	402	4.6e-76	2	362	35	395	0.9917355371900827
HD	122	3300029414.a:Ga0243798_100082_68	235	4.7e-12	2	120	29	181	0.9672131147540983
SBP_bac_1	315	3300029414.a:Ga0243798_100082_76	439	3.5e-27	3	314	51	349	0.9873015873015873
LacI	46	3300029414.a:Ga0243798_100082_79	353	4e-19	1	46	15	60	0.9782608695652174
Peripla_BP_3	164	3300029414.a:Ga0243798_100082_79	353	1.9e-33	2	164	180	349	0.9878048780487805
LacI	46	3300029414.a:Ga0243798_100082_87	386	1.2e-15	1	46	7	52	0.9782608695652174
Peripla_BP_3	164	3300029414.a:Ga0243798_100082_87	386	3.5e-29	1	164	174	379	0.9939024390243902
AraC_binding	136	3300029414.a:Ga0243798_100082_88	322	7.3e-14	3	106	15	116	0.7573529411764706
HTH_18	81	3300029414.a:Ga0243798_100082_88	322	6.5e-24	1	80	233	311	0.9753086419753086
LacI	46	3300029414.a:Ga0243798_100095_119	347	1e-16	1	46	3	50	0.9782608695652174
Peripla_BP_3	164	3300029414.a:Ga0243798_100095_119	347	4.5e-27	2	146	170	311	0.8780487804878049
Response_reg	112	3300029414.a:Ga0243798_100095_122	133	1.5e-06	2	57	12	71	0.49107142857142855
PfkB	302	3300029414.a:Ga0243798_100095_125	273	5.3e-08	152	284	105	246	0.4370860927152318
Response_reg	112	3300029414.a:Ga0243798_100095_15	259	1.2e-31	1	112	24	134	0.9910714285714286
Trans_reg_C	77	3300029414.a:Ga0243798_100095_15	259	3.8e-24	1	77	168	253	0.987012987012987
HisKA	64	3300029414.a:Ga0243798_100095_16	664	6.7e-20	2	64	348	416	0.96875
HATPase_c	111	3300029414.a:Ga0243798_100095_16	664	1.9e-19	1	110	480	626	0.9819819819819819
AAA	132	3300029414.a:Ga0243798_100095_20	870	1.8e-15	2	112	217	332	0.8333333333333334
AAA	132	3300029414.a:Ga0243798_100095_20	870	9e-11	2	118	554	680	0.8787878787878788
HTH_8	42	3300029414.a:Ga0243798_100095_22	501	1.4e-05	21	41	446	466	0.47619047619047616
SBP_bac_3	225	3300029414.a:Ga0243798_100095_32	280	7.6e-53	1	217	38	251	0.96
AAA	132	3300029414.a:Ga0243798_100095_39	460	1.1e-17	1	124	63	168	0.9318181818181818
Response_reg	112	3300029414.a:Ga0243798_100095_40	241	3.9e-29	1	111	4	112	0.9821428571428571
Trans_reg_C	77	3300029414.a:Ga0243798_100095_40	241	1.1e-27	1	77	159	235	0.987012987012987
HisKA	64	3300029414.a:Ga0243798_100095_41	566	1.1e-15	2	64	290	356	0.96875
HATPase_c	111	3300029414.a:Ga0243798_100095_41	566	4e-24	2	109	403	511	0.963963963963964
Peripla_BP_1	279	3300029414.a:Ga0243798_100095_43	328	3.9e-14	5	224	40	268	0.7849462365591398
Nitroreductase	170	3300029414.a:Ga0243798_100095_56	265	6.9e-07	87	170	70	142	0.48823529411764705
Aminotran_1_2	363	3300029414.a:Ga0243798_100095_58	420	1.5e-29	33	344	82	390	0.8567493112947658
CbiA	128	3300029414.a:Ga0243798_100095_64	372	4.7e-13	2	55	124	266	0.4140625
SBP_bac_3	225	3300029414.a:Ga0243798_100095_91	301	1.5e-50	1	213	65	270	0.9422222222222222
HTH_IclR	52	3300029414.a:Ga0243798_100175_1	278	4.9e-10	2	50	14	61	0.9230769230769231
IclR	129	3300029414.a:Ga0243798_100175_1	278	2.7e-13	8	106	132	231	0.7596899224806202
Pyr_redox_2	292	3300029414.a:Ga0243798_100175_108	539	1.2e-36	2	213	21	263	0.7226027397260274
Rrf2	83	3300029414.a:Ga0243798_100175_109	141	3.4e-21	7	82	5	78	0.9036144578313253
Sigma70_r4_2	54	3300029414.a:Ga0243798_100175_17	121	4.9e-06	10	51	7	49	0.7592592592592593
HTH_IclR	52	3300029414.a:Ga0243798_100175_2	251	5.7e-13	1	51	11	60	0.9615384615384616
IclR	129	3300029414.a:Ga0243798_100175_2	251	1.2e-22	8	104	130	227	0.7441860465116279
FHA	69	3300029414.a:Ga0243798_100175_27	499	4.7e-09	2	49	23	82	0.6811594202898551
HTH_8	42	3300029414.a:Ga0243798_100175_3	292	2.1e-05	17	41	232	256	0.5714285714285714
Fer4	24	3300029414.a:Ga0243798_100175_40	107	1.1e-10	2	23	34	55	0.875
Aminotran_1_2	363	3300029414.a:Ga0243798_100175_41	412	8.4e-39	3	363	29	409	0.9917355371900827
Glyoxalase	128	3300029414.a:Ga0243798_100175_54	135	1.4e-10	2	128	12	128	0.984375
AraC_binding	136	3300029414.a:Ga0243798_100175_57	297	2.8e-06	6	60	30	84	0.39705882352941174
HTH_18	81	3300029414.a:Ga0243798_100175_57	297	6.6e-24	2	80	217	294	0.9629629629629629
MarR	59	3300029414.a:Ga0243798_100175_59	381	2.4e-05	15	49	24	58	0.576271186440678
CheW	138	3300029414.a:Ga0243798_100175_79	124	1.9e-05	66	108	29	68	0.30434782608695654
LacI	46	3300029414.a:Ga0243798_100175_95	348	7.6e-19	1	46	6	51	0.9782608695652174
Peripla_BP_3	164	3300029414.a:Ga0243798_100175_95	348	3.4e-32	3	164	172	343	0.9817073170731707
Pyr_redox_2	292	3300029414.a:Ga0243798_100345_13	484	2.2e-12	2	165	10	181	0.5582191780821918
LacI	46	3300029414.a:Ga0243798_100345_3	345	1.7e-17	1	46	6	51	0.9782608695652174
Peripla_BP_3	164	3300029414.a:Ga0243798_100345_3	345	3.6e-37	3	164	170	343	0.9817073170731707
FHA	69	3300029414.a:Ga0243798_100345_39	234	2.2e-20	2	69	157	219	0.9710144927536232
FHA	69	3300029414.a:Ga0243798_100345_40	177	3.8e-19	1	62	103	162	0.8840579710144928
Pkinase	264	3300029414.a:Ga0243798_100345_44	317	3.1e-52	2	254	14	257	0.9545454545454546
Pkinase	264	3300029414.a:Ga0243798_100345_45	691	2.1e-55	1	254	14	272	0.9583333333333334
LacI	46	3300029414.a:Ga0243798_100345_6	362	2.2e-21	2	46	4	48	0.9565217391304348
Peripla_BP_1	279	3300029414.a:Ga0243798_100345_6	362	5.3e-15	3	130	61	184	0.4551971326164875
Peripla_BP_3	164	3300029414.a:Ga0243798_100345_6	362	7.2e-14	2	143	166	338	0.8597560975609756
LacI	46	3300029414.a:Ga0243798_100345_61	333	4.3e-16	1	46	3	48	0.9782608695652174
Peripla_BP_3	164	3300029414.a:Ga0243798_100345_61	333	4.2e-36	1	164	158	330	0.9939024390243902
Pyr_redox_2	292	3300029414.a:Ga0243798_100345_63	639	1.6e-43	1	292	8	300	0.9965753424657534
CBS	57	3300029414.a:Ga0243798_100345_66	448	3.1e-09	1	54	212	268	0.9298245614035088
CBS	57	3300029414.a:Ga0243798_100345_66	448	1.5e-05	21	56	295	330	0.6140350877192983
SKI	158	3300029414.a:Ga0243798_100345_69	122	1.2e-05	59	111	23	81	0.3291139240506329
TrkA_C	70	3300029414.a:Ga0243798_100345_9	505	1.9e-13	2	66	429	492	0.9142857142857143
HTH_3	55	3300029414.a:Ga0243798_100562_1	149	5.2e-06	2	31	15	44	0.5272727272727272
GntR	64	3300029414.a:Ga0243798_100562_20	470	6.8e-05	25	59	40	74	0.53125
MarR	59	3300029414.a:Ga0243798_100562_29	168	3.7e-05	10	35	32	57	0.423728813559322
NUDIX	131	3300029414.a:Ga0243798_100562_30	200	6.6e-12	4	118	57	170	0.8702290076335878
Response_reg	112	3300029414.a:Ga0243798_100562_43	241	4.9e-29	1	110	15	122	0.9732142857142857
Trans_reg_C	77	3300029414.a:Ga0243798_100562_43	241	3.3e-26	1	77	164	235	0.987012987012987
HisKA	64	3300029414.a:Ga0243798_100562_44	358	3.8e-18	1	64	131	195	0.984375
HATPase_c	111	3300029414.a:Ga0243798_100562_44	358	9.5e-18	1	109	240	351	0.972972972972973
Pribosyltran	159	3300029414.a:Ga0243798_100562_46	229	3.6e-10	61	134	150	225	0.4591194968553459
HTH_3	55	3300029414.a:Ga0243798_100562_5	309	2.1e-07	1	53	15	70	0.9454545454545454
HTH_3	55	3300029414.a:Ga0243798_100562_5	309	3.7e-05	3	51	168	219	0.8727272727272727
HATPase_c	111	3300029414.a:Ga0243798_100562_55	496	6.5e-14	2	109	388	489	0.963963963963964
AAA	132	3300029414.a:Ga0243798_101246_12	522	6.3e-46	1	131	228	382	0.9848484848484849
HTH_DeoR	57	3300029414.a:Ga0243798_101246_2	526	5.2e-07	1	47	460	506	0.8070175438596491
