3300014780.a:Ga0134477_1000044_2  0.459  20  0.565  20  0.853   2  0.723   0.629 Y  0.500      SignalP-TM
3300014780.a:Ga0134477_1000044_32  0.185  24  0.346  20  0.866  10  0.776   0.518 Y  0.500      SignalP-TM
3300014780.a:Ga0134477_1000044_32  0.299  27  0.478  27  0.952  11  0.815   0.609 Y  0.450      SignalP-TM
3300014780.a:Ga0134477_1000044_40  0.302  29  0.390  29  0.946  10  0.732   0.524 Y  0.450      SignalP-TM
3300014780.a:Ga0134477_1000044_40  0.360  29  0.449  29  0.893   8  0.682   0.542 Y  0.500      SignalP-TM
3300014780.a:Ga0134477_1000044_41  0.452  26  0.632  26  0.973   9  0.918   0.743 Y  0.450      SignalP-TM
3300014780.a:Ga0134477_1000044_41  0.697  26  0.775  26  0.982   9  0.916   0.841 Y  0.570      SignalP-noTM
3300014780.a:Ga0134477_1000044_41  0.777  26  0.815  26  0.970   6  0.863   0.841 Y  0.450      SignalP-noTM
3300014780.a:Ga0134477_1000044_42  0.595  33  0.574  33  0.891  14  0.717   0.630 Y  0.450      SignalP-TM
3300014780.a:Ga0134477_1000044_42  0.656  33  0.532  33  0.673  17  0.514   0.525 Y  0.510      SignalP-TM
3300014780.a:Ga0134477_1000044_43  0.250  27  0.419  27  0.885   5  0.773   0.557 Y  0.450      SignalP-TM
3300014780.a:Ga0134477_1000044_44  0.343  30  0.543  30  0.938  13  0.873   0.672 Y  0.450      SignalP-TM
3300014780.a:Ga0134477_1000044_44  0.698  30  0.693  30  0.825  21  0.573   0.645 Y  0.500      SignalP-TM
3300014780.a:Ga0134477_1000044_47  0.516  27  0.713  27  0.996  17  0.980   0.838 Y  0.570      SignalP-noTM
3300014780.a:Ga0134477_1000044_47  0.535  27  0.720  27  0.986  17  0.966   0.816 Y  0.450      SignalP-TM
3300014780.a:Ga0134477_1000044_47  0.795  27  0.872  27  0.987  15  0.949   0.913 Y  0.450      SignalP-noTM
3300014780.a:Ga0134477_1000044_48  0.320  28  0.533  28  0.976  16  0.890   0.726 Y  0.450      SignalP-noTM
3300014780.a:Ga0134477_1000044_48  0.477  28  0.659  28  0.958  12  0.920   0.761 Y  0.450      SignalP-TM
3300014780.a:Ga0134477_1000044_48  0.531  28  0.691  28  0.980  13  0.931   0.804 Y  0.570      SignalP-noTM
3300014780.a:Ga0134477_1000044_49  0.445  34  0.478  34  0.848   4  0.625   0.535 Y  0.450      SignalP-TM
3300014780.a:Ga0134477_1000044_5  0.617  37  0.556  37  0.626  31  0.353   0.477 Y  0.450      SignalP-TM
3300014780.a:Ga0134477_1000044_50  0.751  27  0.751  27  0.918  13  0.806   0.772 Y  0.450      SignalP-TM
3300014780.a:Ga0134477_1000044_50  0.836  27  0.861  27  0.980  14  0.922   0.890 Y  0.570      SignalP-noTM
3300014780.a:Ga0134477_1000044_50  0.898  27  0.912  27  0.984  15  0.924   0.919 Y  0.450      SignalP-noTM
3300014780.a:Ga0134477_1000044_58  0.470  23  0.584  23  0.846  11  0.587   0.585 Y  0.500      SignalP-TM
3300014780.a:Ga0134477_1000044_59  0.710  39  0.706  39  0.928  28  0.636   0.678 Y  0.450      SignalP-TM
3300014780.a:Ga0134477_1000044_59  0.729  39  0.770  39  0.986  26  0.772   0.771 Y  0.570      SignalP-noTM
3300014780.a:Ga0134477_1000051_19  0.574  28  0.721  28  0.977  18  0.905   0.820 Y  0.450      SignalP-noTM
3300014780.a:Ga0134477_1000051_60  0.611  20  0.696  20  0.863  10  0.781   0.742 Y  0.450      SignalP-noTM
3300014780.a:Ga0134477_1000053_25  0.498  23  0.618  23  0.936   3  0.766   0.698 Y  0.450      SignalP-noTM
3300014780.a:Ga0134477_1000053_49  0.166  22  0.338  22  0.769   2  0.695   0.477 Y  0.450      SignalP-TM
3300014780.a:Ga0134477_1000059_13  0.164  28  0.382  22  0.966  15  0.942   0.601 Y  0.450      SignalP-TM
3300014780.a:Ga0134477_1000059_13  0.517  21  0.695  21  0.970   2  0.932   0.823 Y  0.450      SignalP-noTM
3300014780.a:Ga0134477_1000059_13  0.666  20  0.776  20  0.962  18  0.910   0.839 Y  0.570      SignalP-noTM
3300014780.a:Ga0134477_1000059_31  0.250  30  0.397  30  0.809  26  0.629   0.487 Y  0.450      SignalP-TM
3300014780.a:Ga0134477_1000059_31  0.276  30  0.457  30  0.915  17  0.771   0.626 Y  0.450      SignalP-noTM
3300014780.a:Ga0134477_1000059_50  0.321  21  0.520  21  0.918  10  0.831   0.641 Y  0.450      SignalP-TM
3300014780.a:Ga0134477_1000059_50  0.397  21  0.513  21  0.872   1  0.710   0.606 Y  0.570      SignalP-noTM
3300014780.a:Ga0134477_1000059_50  0.740  21  0.773  21  0.909   1  0.797   0.786 Y  0.450      SignalP-noTM
3300014780.a:Ga0134477_1000076_1  0.296  32  0.439  32  0.865  10  0.733   0.554 Y  0.450      SignalP-TM
3300014780.a:Ga0134477_1000076_1  0.526  26  0.534  26  0.657  21  0.542   0.537 Y  0.500      SignalP-TM
3300014780.a:Ga0134477_1000076_21  0.301  30  0.507  30  0.962  18  0.894   0.658 Y  0.450      SignalP-TM
3300014780.a:Ga0134477_1000076_21  0.486  30  0.609  30  0.979  20  0.857   0.726 Y  0.570      SignalP-noTM
3300014780.a:Ga0134477_1000076_21  0.547  30  0.561  30  0.774  19  0.589   0.576 Y  0.450      SignalP-noTM
3300014780.a:Ga0134477_1000076_32  0.211  24  0.365  24  0.758   9  0.659   0.480 Y  0.450      SignalP-TM
3300014780.a:Ga0134477_1000076_32  0.327  24  0.467  24  0.902  21  0.696   0.575 Y  0.570      SignalP-noTM
3300014780.a:Ga0134477_1000092_8  0.156  27  0.297  20  0.921   9  0.784   0.487 Y  0.450      SignalP-TM
3300014780.a:Ga0134477_1000092_8  0.321  21  0.526  21  0.932   3  0.861   0.707 Y  0.450      SignalP-noTM
3300014780.a:Ga0134477_1000121_13  0.536  24  0.624  24  0.822  19  0.730   0.666 Y  0.500      SignalP-TM
3300014780.a:Ga0134477_1000121_13  0.675  31  0.752  31  0.972  14  0.899   0.809 Y  0.450      SignalP-TM
3300014780.a:Ga0134477_1000121_13  0.723  31  0.738  31  0.988  14  0.878   0.803 Y  0.570      SignalP-noTM
3300014780.a:Ga0134477_1000121_39  0.735  27  0.827  27  0.982  16  0.930   0.883 Y  0.450      SignalP-noTM
3300014780.a:Ga0134477_1000128_19  0.493  25  0.617  25  0.856  15  0.727   0.660 Y  0.450      SignalP-TM
3300014780.a:Ga0134477_1000128_19  0.668  25  0.768  25  0.980  17  0.871   0.817 Y  0.570      SignalP-noTM
3300014780.a:Ga0134477_1000128_19  0.897  25  0.883  25  0.967   5  0.873   0.877 Y  0.450      SignalP-noTM
3300014780.a:Ga0134477_1000128_22  0.190  24  0.347  24  0.780  18  0.643   0.462 Y  0.450      SignalP-TM
3300014780.a:Ga0134477_1000128_22  0.472  22  0.635  22  0.902   4  0.853   0.753 Y  0.450      SignalP-noTM
3300014780.a:Ga0134477_1000128_30  0.299  22  0.432  22  0.798   3  0.627   0.510 Y  0.500      SignalP-TM
3300014780.a:Ga0134477_1000138_23  0.197  25  0.386  25  0.918   8  0.820   0.555 Y  0.450      SignalP-TM
3300014780.a:Ga0134477_1000138_23  0.255  22  0.482  16  0.961   4  0.933   0.725 Y  0.450      SignalP-noTM
3300014780.a:Ga0134477_1000138_23  0.266  23  0.496  23  0.951  18  0.928   0.699 Y  0.570      SignalP-noTM
3300014780.a:Ga0134477_1000138_38  0.608  31  0.626  31  0.834  28  0.703   0.657 Y  0.500      SignalP-TM
3300014780.a:Ga0134477_1000138_38  0.733  30  0.787  30  0.954   6  0.891   0.827 Y  0.450      SignalP-TM
3300014780.a:Ga0134477_1000138_38  0.739  30  0.842  30  0.997  17  0.971   0.903 Y  0.570      SignalP-noTM
3300014780.a:Ga0134477_1000138_6  0.290  27  0.499  27  0.942  16  0.874   0.645 Y  0.450      SignalP-TM
3300014780.a:Ga0134477_1000138_6  0.416  27  0.584  27  0.941  11  0.869   0.718 Y  0.570      SignalP-noTM
3300014780.a:Ga0134477_1000138_6  0.603  27  0.680  27  0.907  18  0.771   0.729 Y  0.450      SignalP-noTM
3300014780.a:Ga0134477_1000151_27  0.174  28  0.369  28  0.970   8  0.867   0.563 Y  0.450      SignalP-TM
3300014780.a:Ga0134477_1000151_27  0.174  28  0.381  20  0.957  17  0.937   0.642 Y  0.570      SignalP-noTM
3300014780.a:Ga0134477_1000151_27  0.578  21  0.739  21  0.975   4  0.944   0.850 Y  0.450      SignalP-noTM
3300014780.a:Ga0134477_1000153_20  0.270  25  0.406  25  0.886   5  0.712   0.525 Y  0.450      SignalP-TM
3300014780.a:Ga0134477_1000153_20  0.633  22  0.746  22  0.933   4  0.879   0.818 Y  0.450      SignalP-noTM
3300014780.a:Ga0134477_1000153_22  0.276  24  0.476  24  0.884  18  0.763   0.588 Y  0.450      SignalP-TM
3300014780.a:Ga0134477_1000153_22  0.628  24  0.669  24  0.789  16  0.667   0.668 Y  0.510      SignalP-TM
3300014780.a:Ga0134477_1000155_11  0.368  20  0.499  20  0.842   7  0.699   0.577 Y  0.450      SignalP-TM
3300014780.a:Ga0134477_1000155_11  0.612  20  0.716  20  0.924  15  0.848   0.778 Y  0.570      SignalP-noTM
3300014780.a:Ga0134477_1000155_11  0.857  20  0.892  20  0.959   3  0.926   0.910 Y  0.450      SignalP-noTM
3300014780.a:Ga0134477_1000157_27  0.568  24  0.655  24  0.941  12  0.823   0.734 Y  0.570      SignalP-noTM
3300014780.a:Ga0134477_1000157_27  0.666  24  0.752  24  0.921  13  0.855   0.792 Y  0.450      SignalP-TM
3300014780.a:Ga0134477_1000157_27  0.777  24  0.832  24  0.967  12  0.892   0.864 Y  0.450      SignalP-noTM
3300014780.a:Ga0134477_1000164_11  0.409  21  0.622  21  0.982  12  0.944   0.796 Y  0.450      SignalP-noTM
3300014780.a:Ga0134477_1000164_4  0.463  29  0.592  29  0.945   7  0.832   0.685 Y  0.450      SignalP-TM
3300014780.a:Ga0134477_1000170_12  0.354  38  0.438  38  0.891  13  0.711   0.545 Y  0.450      SignalP-TM
3300014780.a:Ga0134477_1000170_17  0.174  24  0.366  24  0.876  17  0.755   0.517 Y  0.450      SignalP-TM
3300014780.a:Ga0134477_1000170_17  0.442  23  0.618  23  0.942   4  0.864   0.751 Y  0.450      SignalP-noTM
3300014780.a:Ga0134477_1000170_2  0.166  29  0.330  29  0.757  17  0.658   0.458 Y  0.450      SignalP-TM
3300014780.a:Ga0134477_1000170_20  0.210  24  0.415  24  0.921  11  0.840   0.580 Y  0.450      SignalP-TM
3300014780.a:Ga0134477_1000170_20  0.282  24  0.479  24  0.947  16  0.843   0.650 Y  0.570      SignalP-noTM
3300014780.a:Ga0134477_1000170_20  0.416  20  0.615  20  0.942   4  0.911   0.775 Y  0.450      SignalP-noTM
3300014780.a:Ga0134477_1000170_21  0.539  30  0.688  30  0.961  17  0.906   0.773 Y  0.450      SignalP-TM
3300014780.a:Ga0134477_1000170_21  0.766  30  0.818  30  0.987  15  0.919   0.866 Y  0.570      SignalP-noTM
3300014780.a:Ga0134477_1000170_21  0.812  30  0.811  30  0.909  18  0.792   0.801 Y  0.450      SignalP-noTM
3300014780.a:Ga0134477_1000170_22  0.293  30  0.490  30  0.969  15  0.875   0.671 Y  0.570      SignalP-noTM
3300014780.a:Ga0134477_1000170_22  0.416  30  0.608  30  0.960  15  0.901   0.722 Y  0.450      SignalP-TM
3300014780.a:Ga0134477_1000170_22  0.750  30  0.748  30  0.859  20  0.729   0.738 Y  0.450      SignalP-noTM
3300014780.a:Ga0134477_1000170_8  0.201  28  0.400  28  0.961  12  0.855   0.577 Y  0.450      SignalP-TM
3300014780.a:Ga0134477_1000170_8  0.381  20  0.606  20  0.976  18  0.959   0.772 Y  0.570      SignalP-noTM
3300014780.a:Ga0134477_1000170_8  0.408  22  0.619  22  0.973  15  0.939   0.792 Y  0.450      SignalP-noTM
3300014780.a:Ga0134477_1000170_9  0.493  22  0.506  22  0.698  17  0.560   0.528 Y  0.500      SignalP-TM
3300014780.a:Ga0134477_1000172_13  0.289  18  0.519  18  0.963  12  0.925   0.738 Y  0.450      SignalP-noTM
3300014780.a:Ga0134477_1000172_34  0.188  24  0.401  24  0.943   5  0.853   0.645 Y  0.450      SignalP-noTM
3300014780.a:Ga0134477_1000172_34  0.256  29  0.469  29  0.977  15  0.912   0.642 Y  0.450      SignalP-TM
3300014780.a:Ga0134477_1000172_34  0.428  22  0.629  22  0.971   9  0.931   0.771 Y  0.570      SignalP-noTM
3300014780.a:Ga0134477_1000176_11  0.202  20  0.399  20  0.918   2  0.794   0.585 Y  0.570      SignalP-noTM
3300014780.a:Ga0134477_1000176_11  0.376  25  0.571  25  0.948   6  0.895   0.698 Y  0.450      SignalP-TM
3300014780.a:Ga0134477_1000176_11  0.640  20  0.766  20  0.971   2  0.911   0.844 Y  0.450      SignalP-noTM
3300014780.a:Ga0134477_1000181_22  0.177  25  0.340  25  0.864   2  0.672   0.519 Y  0.450      SignalP-noTM
3300014780.a:Ga0134477_1000185_17  0.232  26  0.365  26  0.862   1  0.606   0.495 Y  0.450      SignalP-noTM
3300014780.a:Ga0134477_1000185_32  0.194  26  0.380  26  0.957   3  0.817   0.585 Y  0.570      SignalP-noTM
3300014780.a:Ga0134477_1000185_32  0.232  21  0.467  21  0.970   6  0.939   0.721 Y  0.450      SignalP-noTM
3300014780.a:Ga0134477_1000202_7  0.676  31  0.667  31  0.874  16  0.671   0.668 Y  0.450      SignalP-TM
3300014780.a:Ga0134477_1000207_35  0.444  23  0.584  23  0.870   6  0.798   0.668 Y  0.450      SignalP-TM
3300014780.a:Ga0134477_1000207_35  0.817  23  0.833  23  0.931  14  0.863   0.847 Y  0.570      SignalP-noTM
3300014780.a:Ga0134477_1000207_35  0.880  23  0.876  23  0.966   2  0.872   0.874 Y  0.450      SignalP-noTM
3300014780.a:Ga0134477_1000207_37  0.436  26  0.487  26  0.714   1  0.557   0.524 Y  0.450      SignalP-noTM
3300014780.a:Ga0134477_1000207_38  0.422  29  0.591  29  0.986  13  0.906   0.739 Y  0.570      SignalP-noTM
3300014780.a:Ga0134477_1000207_38  0.498  29  0.668  29  0.971  15  0.919   0.766 Y  0.450      SignalP-TM
3300014780.a:Ga0134477_1000207_38  0.698  29  0.759  29  0.959  15  0.839   0.802 Y  0.450      SignalP-noTM
3300014780.a:Ga0134477_1000207_39  0.204  25  0.381  25  0.849  17  0.718   0.512 Y  0.450      SignalP-TM
3300014780.a:Ga0134477_1000207_39  0.482  22  0.636  22  0.960   1  0.835   0.744 Y  0.450      SignalP-noTM
3300014780.a:Ga0134477_1000207_40  0.173  21  0.379  21  0.902  17  0.811   0.548 Y  0.450      SignalP-TM
3300014780.a:Ga0134477_1000207_40  0.383  21  0.582  21  0.942   2  0.880   0.743 Y  0.450      SignalP-noTM
3300014780.a:Ga0134477_1000217_18  0.619  19  0.580  19  0.640  17  0.538   0.563 Y  0.500      SignalP-TM
3300014780.a:Ga0134477_1000217_34  0.122  66  0.288  16  0.870  11  0.812   0.492 Y  0.450      SignalP-TM
3300014780.a:Ga0134477_1000217_6  0.717  26  0.672  26  0.790  21  0.636   0.658 Y  0.450      SignalP-TM
3300014780.a:Ga0134477_1000225_17  0.174  26  0.397  26  0.975  14  0.926   0.603 Y  0.450      SignalP-TM
3300014780.a:Ga0134477_1000225_17  0.210  24  0.396  24  0.860   6  0.748   0.586 Y  0.450      SignalP-noTM
3300014780.a:Ga0134477_1000225_17  0.419  26  0.624  26  0.984  14  0.936   0.771 Y  0.570      SignalP-noTM
3300014780.a:Ga0134477_1000225_26  0.460  24  0.626  24  0.967   3  0.855   0.749 Y  0.450      SignalP-noTM
3300014780.a:Ga0134477_1000225_5  0.179  24  0.392  24  0.948   7  0.860   0.645 Y  0.450      SignalP-noTM
3300014780.a:Ga0134477_1000225_9  0.217  26  0.391  25  0.914  11  0.775   0.545 Y  0.500      SignalP-TM
3300014780.a:Ga0134477_1000228_12  0.334  29  0.519  20  0.963  13  0.894   0.721 Y  0.450      SignalP-noTM
3300014780.a:Ga0134477_1000228_12  0.451  29  0.464  29  0.689  12  0.539   0.493 Y  0.450      SignalP-TM
3300014780.a:Ga0134477_1000228_12  0.478  29  0.514  18  0.948  13  0.916   0.703 Y  0.570      SignalP-noTM
3300014780.a:Ga0134477_1000228_14  0.297  28  0.487  28  0.957  15  0.858   0.662 Y  0.570      SignalP-noTM
3300014780.a:Ga0134477_1000228_14  0.299  28  0.433  28  0.849   7  0.648   0.549 Y  0.450      SignalP-noTM
3300014780.a:Ga0134477_1000228_14  0.593  28  0.733  28  0.961  15  0.915   0.804 Y  0.450      SignalP-TM
3300014780.a:Ga0134477_1000228_2  0.199  27  0.417  27  0.957  19  0.876   0.633 Y  0.570      SignalP-noTM
3300014780.a:Ga0134477_1000228_2  0.355  28  0.533  28  0.875  19  0.705   0.600 Y  0.450      SignalP-TM
3300014780.a:Ga0134477_1000228_2  0.664  28  0.763  28  0.957  18  0.858   0.815 Y  0.450      SignalP-noTM
3300014780.a:Ga0134477_1000228_3  0.482  27  0.642  27  0.953   9  0.881   0.735 Y  0.450      SignalP-TM
3300014780.a:Ga0134477_1000228_3  0.640  27  0.692  27  0.970  17  0.852   0.767 Y  0.570      SignalP-noTM
3300014780.a:Ga0134477_1000228_3  0.758  27  0.796  27  0.959  15  0.850   0.825 Y  0.450      SignalP-noTM
3300014780.a:Ga0134477_1000228_5  0.332  21  0.529  21  0.927   6  0.865   0.660 Y  0.450      SignalP-TM
3300014780.a:Ga0134477_1000228_5  0.364  21  0.544  21  0.888   4  0.822   0.675 Y  0.570      SignalP-noTM
3300014780.a:Ga0134477_1000228_5  0.772  21  0.821  21  0.912  11  0.872   0.849 Y  0.450      SignalP-noTM
3300014780.a:Ga0134477_1000228_7  0.244  31  0.444  31  0.901  26  0.687   0.539 Y  0.450      SignalP-TM
3300014780.a:Ga0134477_1000228_7  0.582  31  0.558  31  0.710  15  0.493   0.532 Y  0.500      SignalP-TM
3300014780.a:Ga0134477_1000238_20  0.405  25  0.538  25  0.866  12  0.760   0.624 Y  0.450      SignalP-TM
3300014780.a:Ga0134477_1000238_20  0.645  25  0.755  25  0.961   5  0.886   0.826 Y  0.450      SignalP-noTM
3300014780.a:Ga0134477_1000238_20  0.710  25  0.771  25  0.939  12  0.881   0.823 Y  0.570      SignalP-noTM
3300014780.a:Ga0134477_1000262_1  0.372  29  0.459  29  0.824   2  0.659   0.537 Y  0.450      SignalP-TM
3300014780.a:Ga0134477_1000262_1  0.687  29  0.545  29  0.694   3  0.478   0.509 Y  0.450      SignalP-noTM
3300014780.a:Ga0134477_1000262_16  0.229  22  0.433  22  0.862  18  0.788   0.572 Y  0.450      SignalP-TM
3300014780.a:Ga0134477_1000262_16  0.344  22  0.498  22  0.869   1  0.688   0.587 Y  0.570      SignalP-noTM
3300014780.a:Ga0134477_1000262_16  0.348  21  0.557  21  0.954   3  0.890   0.737 Y  0.450      SignalP-noTM
3300014780.a:Ga0134477_1000262_2  0.330  27  0.548  27  0.976  12  0.930   0.697 Y  0.450      SignalP-TM
3300014780.a:Ga0134477_1000262_2  0.701  27  0.727  27  0.965  12  0.856   0.788 Y  0.570      SignalP-noTM
3300014780.a:Ga0134477_1000262_2  0.807  27  0.834  27  0.984  14  0.872   0.855 Y  0.450      SignalP-noTM
3300014780.a:Ga0134477_1000278_5  0.594  41  0.645  41  0.860  38  0.423   0.556 Y  0.500      SignalP-TM
3300014780.a:Ga0134477_1000278_5  0.647  41  0.750  41  0.956  31  0.494   0.650 Y  0.450      SignalP-TM
3300014780.a:Ga0134477_1000278_5  0.735  41  0.782  41  0.897  38  0.452   0.660 Y  0.510      SignalP-TM
3300014780.a:Ga0134477_1000286_18  0.385  24  0.460  24  0.805   3  0.559   0.514 Y  0.450      SignalP-noTM
3300014780.a:Ga0134477_1000286_4  0.199  25  0.341  25  0.855   9  0.692   0.478 Y  0.450      SignalP-TM
3300014780.a:Ga0134477_1000286_4  0.253  20  0.465  20  0.905  16  0.865   0.653 Y  0.570      SignalP-noTM
3300014780.a:Ga0134477_1000286_4  0.398  20  0.601  20  0.946   3  0.906   0.766 Y  0.450      SignalP-noTM
3300014780.a:Ga0134477_1000296_11  0.372  34  0.570  27  0.982  18  0.893   0.745 Y  0.450      SignalP-noTM
3300014780.a:Ga0134477_1000296_5  0.540  27  0.568  27  0.695  11  0.604   0.587 Y  0.450      SignalP-noTM
3300014780.a:Ga0134477_1000296_5  0.588  27  0.715  27  0.942   8  0.892   0.784 Y  0.450      SignalP-TM
3300014780.a:Ga0134477_1000296_5  0.723  27  0.761  27  0.956   8  0.845   0.800 Y  0.570      SignalP-noTM
3300014780.a:Ga0134477_1000298_18  0.557  31  0.552  31  0.739  10  0.555   0.553 Y  0.450      SignalP-noTM
3300014780.a:Ga0134477_1000298_18  0.747  31  0.826  31  0.974  18  0.922   0.863 Y  0.450      SignalP-TM
3300014780.a:Ga0134477_1000298_18  0.816  31  0.845  31  0.980  16  0.899   0.870 Y  0.570      SignalP-noTM
3300014780.a:Ga0134477_1000298_21  0.595  33  0.611  33  0.771  25  0.624   0.616 Y  0.450      SignalP-TM
3300014780.a:Ga0134477_1000298_7  0.810  27  0.873  27  0.968  12  0.926   0.901 Y  0.450      SignalP-noTM
3300014780.a:Ga0134477_1000303_25  0.555  20  0.544  20  0.743   2  0.578   0.558 Y  0.500      SignalP-TM
3300014780.a:Ga0134477_1000303_27  0.259  25  0.437  25  0.949   4  0.749   0.605 Y  0.450      SignalP-noTM
3300014780.a:Ga0134477_1000312_10  0.200  28  0.355  28  0.924  11  0.761   0.513 Y  0.450      SignalP-TM
3300014780.a:Ga0134477_1000312_10  0.268  27  0.484  27  0.992  12  0.922   0.690 Y  0.570      SignalP-noTM
3300014780.a:Ga0134477_1000312_10  0.695  28  0.738  28  0.972   5  0.813   0.778 Y  0.450      SignalP-noTM
3300014780.a:Ga0134477_1000312_17  0.228  24  0.401  24  0.813  18  0.719   0.525 Y  0.450      SignalP-TM
3300014780.a:Ga0134477_1000312_17  0.403  23  0.572  23  0.921  18  0.818   0.688 Y  0.570      SignalP-noTM
3300014780.a:Ga0134477_1000312_17  0.442  24  0.613  24  0.973   2  0.855   0.744 Y  0.450      SignalP-noTM
3300014780.a:Ga0134477_1000312_25  0.372  27  0.555  27  0.980  17  0.897   0.716 Y  0.570      SignalP-noTM
3300014780.a:Ga0134477_1000312_25  0.399  27  0.600  27  0.985  12  0.928   0.728 Y  0.450      SignalP-TM
3300014780.a:Ga0134477_1000312_25  0.817  27  0.830  27  0.959  15  0.850   0.841 Y  0.450      SignalP-noTM
3300014780.a:Ga0134477_1000312_4  0.299  23  0.524  21  0.971   4  0.933   0.745 Y  0.450      SignalP-noTM
3300014780.a:Ga0134477_1000312_4  0.313  23  0.521  23  0.932  14  0.887   0.693 Y  0.570      SignalP-noTM
3300014780.a:Ga0134477_1000312_4  0.482  23  0.655  23  0.937  10  0.897   0.750 Y  0.450      SignalP-TM
3300014780.a:Ga0134477_1000312_8  0.182  25  0.395  25  0.947  18  0.877   0.621 Y  0.570      SignalP-noTM
3300014780.a:Ga0134477_1000312_8  0.192  28  0.389  28  0.949   9  0.848   0.568 Y  0.450      SignalP-TM
3300014780.a:Ga0134477_1000312_8  0.459  25  0.635  25  0.960  15  0.881   0.768 Y  0.450      SignalP-noTM
3300014780.a:Ga0134477_1000312_9  0.425  24  0.487  24  0.852  11  0.595   0.529 Y  0.450      SignalP-TM
3300014780.a:Ga0134477_1000312_9  0.906  24  0.918  24  0.957  14  0.927   0.922 Y  0.450      SignalP-noTM
3300014780.a:Ga0134477_1000323_25  0.637  29  0.752  29  0.960  10  0.913   0.815 Y  0.450      SignalP-TM
3300014780.a:Ga0134477_1000323_25  0.712  29  0.778  29  0.995  12  0.919   0.844 Y  0.570      SignalP-noTM
3300014780.a:Ga0134477_1000323_25  0.777  29  0.840  29  0.990  16  0.915   0.881 Y  0.450      SignalP-noTM
3300014780.a:Ga0134477_1000325_14  0.400  36  0.504  36  0.915  26  0.730   0.593 Y  0.450      SignalP-TM
3300014780.a:Ga0134477_1000325_14  0.582  31  0.687  31  0.917  24  0.819   0.749 Y  0.570      SignalP-noTM
3300014780.a:Ga0134477_1000325_25  0.744  28  0.747  28  0.912  10  0.815   0.773 Y  0.450      SignalP-TM
3300014780.a:Ga0134477_1000325_25  0.784  28  0.780  28  0.979  14  0.807   0.794 Y  0.450      SignalP-noTM
3300014780.a:Ga0134477_1000325_25  0.807  28  0.729  28  0.975  17  0.819   0.771 Y  0.570      SignalP-noTM
3300014780.a:Ga0134477_1000347_10  0.169  29  0.350  29  0.973  13  0.832   0.538 Y  0.450      SignalP-TM
3300014780.a:Ga0134477_1000347_10  0.327  22  0.521  22  0.941   1  0.841   0.672 Y  0.570      SignalP-noTM
3300014780.a:Ga0134477_1000347_10  0.511  21  0.688  21  0.963  12  0.926   0.816 Y  0.450      SignalP-noTM
3300014780.a:Ga0134477_1000364_24  0.238  23  0.413  23  0.913  11  0.773   0.582 Y  0.570      SignalP-noTM
3300014780.a:Ga0134477_1000364_24  0.285  24  0.467  24  0.911   9  0.804   0.598 Y  0.450      SignalP-TM
3300014780.a:Ga0134477_1000364_24  0.659  18  0.779  18  0.943   1  0.914   0.852 Y  0.450      SignalP-noTM
3300014780.a:Ga0134477_1000364_9  0.298  24  0.494  24  0.939   8  0.872   0.672 Y  0.570      SignalP-noTM
3300014780.a:Ga0134477_1000364_9  0.404  27  0.498  27  0.894   8  0.729   0.588 Y  0.450      SignalP-TM
3300014780.a:Ga0134477_1000364_9  0.691  24  0.748  24  0.954  12  0.814   0.784 Y  0.450      SignalP-noTM
3300014780.a:Ga0134477_1000371_2  0.455  31  0.544  31  0.806  20  0.642   0.582 Y  0.450      SignalP-TM
3300014780.a:Ga0134477_1000371_2  0.721  25  0.595  25  0.681  18  0.496   0.555 Y  0.500      SignalP-TM
3300014780.a:Ga0134477_1000371_3  0.502  24  0.601  24  0.836  15  0.711   0.660 Y  0.450      SignalP-noTM
3300014780.a:Ga0134477_1000371_3  0.502  30  0.597  30  0.983  17  0.843   0.713 Y  0.570      SignalP-noTM
3300014780.a:Ga0134477_1000371_3  0.639  30  0.765  30  0.973  17  0.934   0.831 Y  0.450      SignalP-TM
3300014780.a:Ga0134477_1000381_2  0.182  21  0.398  21  0.923  15  0.873   0.655 Y  0.450      SignalP-noTM
3300014780.a:Ga0134477_1000381_29  0.351  16  0.533  16  0.881   9  0.778   0.665 Y  0.450      SignalP-noTM
3300014780.a:Ga0134477_1000383_14  0.344  21  0.566  21  0.969   5  0.930   0.762 Y  0.450      SignalP-noTM
3300014780.a:Ga0134477_1000383_17  0.134  38  0.272  13  0.784   7  0.744   0.456 Y  0.450      SignalP-TM
3300014780.a:Ga0134477_1000383_29  0.510  21  0.537  21  0.715  18  0.554   0.544 Y  0.500      SignalP-TM
3300014780.a:Ga0134477_1000383_3  0.242  24  0.417  24  0.931   3  0.797   0.596 Y  0.570      SignalP-noTM
3300014780.a:Ga0134477_1000388_7  0.106  60  0.286  17  0.892  12  0.765   0.473 Y  0.450      SignalP-TM
3300014780.a:Ga0134477_1000415_16  0.278  20  0.420  20  0.727  10  0.626   0.531 Y  0.450      SignalP-noTM
3300014780.a:Ga0134477_1000418_17  0.152  26  0.331  26  0.949  12  0.820   0.521 Y  0.450      SignalP-TM
3300014780.a:Ga0134477_1000418_17  0.451  21  0.619  21  0.912   3  0.847   0.742 Y  0.450      SignalP-noTM
3300014780.a:Ga0134477_1000438_11  0.153  22  0.374  22  0.964  14  0.918   0.630 Y  0.570      SignalP-noTM
3300014780.a:Ga0134477_1000438_11  0.178  38  0.377  26  0.961  10  0.882   0.574 Y  0.450      SignalP-TM
3300014780.a:Ga0134477_1000438_11  0.845  22  0.870  22  0.948   4  0.895   0.883 Y  0.450      SignalP-noTM
3300014780.a:Ga0134477_1000524_15  0.449  26  0.493  26  0.775  19  0.602   0.535 Y  0.450      SignalP-TM
3300014780.a:Ga0134477_1000533_13  0.402  18  0.507  18  0.765  14  0.637   0.559 Y  0.500      SignalP-TM
3300014780.a:Ga0134477_1000574_11  0.233  25  0.467  25  0.983  18  0.934   0.686 Y  0.570      SignalP-noTM
3300014780.a:Ga0134477_1000574_11  0.299  29  0.454  29  0.874  14  0.698   0.586 Y  0.450      SignalP-noTM
3300014780.a:Ga0134477_1000574_11  0.415  29  0.585  29  0.980  18  0.891   0.704 Y  0.450      SignalP-TM
3300014780.a:Ga0134477_1000585_11  0.433  26  0.571  26  0.961  17  0.852   0.703 Y  0.570      SignalP-noTM
3300014780.a:Ga0134477_1000585_11  0.638  26  0.721  26  0.969   5  0.828   0.778 Y  0.450      SignalP-noTM
3300014780.a:Ga0134477_1000585_11  0.666  26  0.786  26  0.986   9  0.947   0.848 Y  0.450      SignalP-TM
3300014780.a:Ga0134477_1000585_6  0.182  24  0.408  24  0.970   8  0.927   0.611 Y  0.450      SignalP-TM
3300014780.a:Ga0134477_1000585_6  0.222  22  0.456  22  0.962  16  0.938   0.683 Y  0.570      SignalP-noTM
3300014780.a:Ga0134477_1000585_6  0.352  22  0.573  22  0.977  12  0.936   0.769 Y  0.450      SignalP-noTM
3300014780.a:Ga0134477_1000590_12  0.218  29  0.398  29  0.976  12  0.846   0.572 Y  0.450      SignalP-TM
3300014780.a:Ga0134477_1000590_12  0.467  24  0.623  24  0.961   3  0.836   0.738 Y  0.450      SignalP-noTM
3300014780.a:Ga0134477_1000590_12  0.480  19  0.677  19  0.971  16  0.954   0.807 Y  0.570      SignalP-noTM
3300014780.a:Ga0134477_1000605_10  0.158  29  0.352  29  0.937  19  0.840   0.543 Y  0.450      SignalP-TM
3300014780.a:Ga0134477_1000642_2  0.156  38  0.364  33  0.906  17  0.850   0.553 Y  0.450      SignalP-TM
3300014780.a:Ga0134477_1000652_10  0.185  22  0.388  22  0.894   1  0.814   0.588 Y  0.570      SignalP-noTM
3300014780.a:Ga0134477_1000652_10  0.287  27  0.441  27  0.854   7  0.735   0.556 Y  0.450      SignalP-TM
3300014780.a:Ga0134477_1000652_10  0.750  20  0.833  20  0.967  12  0.927   0.884 Y  0.450      SignalP-noTM
3300014780.a:Ga0134477_1000779_11  0.238  26  0.434  26  0.952  15  0.869   0.639 Y  0.570      SignalP-noTM
3300014780.a:Ga0134477_1000779_11  0.311  26  0.488  26  0.950   7  0.845   0.627 Y  0.450      SignalP-TM
3300014780.a:Ga0134477_1000779_11  0.796  26  0.812  26  0.980  12  0.845   0.829 Y  0.450      SignalP-noTM
3300014780.a:Ga0134477_1000779_14  0.245  19  0.486  19  0.974  10  0.962   0.709 Y  0.570      SignalP-noTM
3300014780.a:Ga0134477_1000779_14  0.245  26  0.443  26  0.961   7  0.872   0.610 Y  0.450      SignalP-TM
3300014780.a:Ga0134477_1000779_14  0.429  19  0.638  19  0.973   4  0.951   0.807 Y  0.450      SignalP-noTM
3300014780.a:Ga0134477_1000804_12  0.241  27  0.373  27  0.726  23  0.632   0.474 Y  0.450      SignalP-TM
3300014780.a:Ga0134477_1000804_12  0.592  27  0.563  27  0.706  17  0.515   0.545 Y  0.510      SignalP-TM
3300014780.a:Ga0134477_1000804_12  0.678  25  0.795  25  0.975  14  0.931   0.869 Y  0.450      SignalP-noTM
3300014780.a:Ga0134477_1000861_12  0.198  29  0.332  22  0.783  17  0.664   0.461 Y  0.450      SignalP-TM
3300014780.a:Ga0134477_1000861_12  0.686  22  0.638  22  0.770  16  0.576   0.614 Y  0.500      SignalP-TM
3300014780.a:Ga0134477_1000861_7  0.220  19  0.455  19  0.966  16  0.945   0.686 Y  0.570      SignalP-noTM
3300014780.a:Ga0134477_1000861_7  0.307  29  0.494  29  0.984  15  0.886   0.647 Y  0.450      SignalP-TM
3300014780.a:Ga0134477_1000861_7  0.398  20  0.609  20  0.969  12  0.932   0.783 Y  0.450      SignalP-noTM
3300014780.a:Ga0134477_1000862_7  0.518  35  0.596  35  0.797  29  0.480   0.551 Y  0.450      SignalP-TM
3300014780.a:Ga0134477_1000876_4  0.189  24  0.415  24  0.964   9  0.918   0.612 Y  0.450      SignalP-TM
3300014780.a:Ga0134477_1000876_4  0.208  23  0.429  23  0.948   3  0.906   0.653 Y  0.570      SignalP-noTM
3300014780.a:Ga0134477_1000876_4  0.448  22  0.641  22  0.957   4  0.915   0.789 Y  0.450      SignalP-noTM
3300014780.a:Ga0134477_1000876_9  0.250  31  0.416  26  0.876   5  0.791   0.562 Y  0.450      SignalP-TM
3300014780.a:Ga0134477_1000876_9  0.744  26  0.693  26  0.870   7  0.714   0.701 Y  0.500      SignalP-TM
3300014780.a:Ga0134477_1000985_2  0.146  42  0.269  13  0.780  12  0.734   0.450 Y  0.450      SignalP-TM
3300014780.a:Ga0134477_1000987_7  0.221  27  0.416  27  0.931  14  0.834   0.579 Y  0.450      SignalP-TM
3300014780.a:Ga0134477_1001008_6  0.237  25  0.398  25  0.952   6  0.687   0.554 Y  0.450      SignalP-noTM
3300014780.a:Ga0134477_1001019_1  0.377  28  0.595  28  0.968  18  0.919   0.747 Y  0.570      SignalP-noTM
3300014780.a:Ga0134477_1001019_1  0.430  36  0.496  36  0.896  12  0.719   0.583 Y  0.450      SignalP-TM
3300014780.a:Ga0134477_1001042_1  0.337  19  0.509  19  0.842  15  0.749   0.622 Y  0.570      SignalP-noTM
3300014780.a:Ga0134477_1001042_1  0.372  19  0.491  19  0.826  18  0.600   0.533 Y  0.450      SignalP-TM
3300014780.a:Ga0134477_1001042_1  0.696  19  0.802  19  0.969  10  0.916   0.863 Y  0.450      SignalP-noTM
3300014780.a:Ga0134477_1001042_2  0.418  32  0.591  32  0.996  18  0.915   0.743 Y  0.570      SignalP-noTM
3300014780.a:Ga0134477_1001042_2  0.532  32  0.700  32  0.948  19  0.900   0.778 Y  0.450      SignalP-TM
3300014780.a:Ga0134477_1001042_2  0.776  32  0.766  32  0.888  20  0.774   0.771 Y  0.450      SignalP-noTM
3300014780.a:Ga0134477_1001042_4  0.758  26  0.678  26  0.773   7  0.632   0.660 Y  0.450      SignalP-TM
3300014780.a:Ga0134477_1001042_4  0.795  26  0.788  26  0.908  15  0.815   0.801 Y  0.570      SignalP-noTM
3300014780.a:Ga0134477_1001042_4  0.829  26  0.817  26  0.950   5  0.815   0.816 Y  0.450      SignalP-noTM
3300014780.a:Ga0134477_1001064_13  0.201  30  0.331  26  0.869   9  0.739   0.490 Y  0.450      SignalP-TM
3300014780.a:Ga0134477_1001064_13  0.425  23  0.634  23  0.987  16  0.948   0.803 Y  0.450      SignalP-noTM
3300014780.a:Ga0134477_1001064_15  0.182  25  0.371  21  0.954   1  0.907   0.623 Y  0.570      SignalP-noTM
3300014780.a:Ga0134477_1001064_15  0.222  25  0.417  25  0.968   7  0.854   0.587 Y  0.450      SignalP-TM
3300014780.a:Ga0134477_1001064_15  0.546  20  0.710  20  0.968   3  0.921   0.824 Y  0.450      SignalP-noTM
3300014780.a:Ga0134477_1001181_9  0.142  27  0.335  21  0.941  18  0.887   0.594 Y  0.570      SignalP-noTM
3300014780.a:Ga0134477_1001181_9  0.254  27  0.471  27  0.944  16  0.887   0.633 Y  0.450      SignalP-TM
3300014780.a:Ga0134477_1001181_9  0.413  25  0.608  25  0.967   7  0.897   0.764 Y  0.450      SignalP-noTM
3300014780.a:Ga0134477_1001324_12  0.195  20  0.397  20  0.916  17  0.823   0.597 Y  0.570      SignalP-noTM
3300014780.a:Ga0134477_1001324_12  0.195  26  0.357  26  0.808  17  0.675   0.481 Y  0.450      SignalP-TM
3300014780.a:Ga0134477_1001324_12  0.368  22  0.575  22  0.952   3  0.897   0.748 Y  0.450      SignalP-noTM
3300014780.a:Ga0134477_1001525_7  0.375  19  0.556  19  0.935   7  0.815   0.696 Y  0.450      SignalP-noTM
3300014780.a:Ga0134477_1001663_6  0.742  22  0.822  22  0.956   6  0.914   0.872 Y  0.450      SignalP-noTM
3300014780.a:Ga0134477_1001830_3  0.314  25  0.431  25  0.769   9  0.659   0.520 Y  0.450      SignalP-TM
3300014780.a:Ga0134477_1001830_4  0.167  30  0.272  16  0.750   1  0.608   0.454 Y  0.450      SignalP-noTM
3300014780.a:Ga0134477_1001830_4  0.699  27  0.710  27  0.904  11  0.786   0.740 Y  0.450      SignalP-TM
3300014780.a:Ga0134477_1001830_9  0.731  25  0.708  25  0.869   4  0.754   0.726 Y  0.450      SignalP-TM
3300014780.a:Ga0134477_1001835_3  0.566  25  0.728  25  0.964  16  0.925   0.805 Y  0.450      SignalP-TM
3300014780.a:Ga0134477_1001835_3  0.598  25  0.750  25  0.973  14  0.941   0.840 Y  0.570      SignalP-noTM
3300014780.a:Ga0134477_1001835_3  0.892  25  0.906  25  0.962  14  0.917   0.912 Y  0.450      SignalP-noTM
3300014780.a:Ga0134477_1001952_6  0.122  24  0.292  18  0.815   3  0.693   0.509 Y  0.450      SignalP-noTM
3300014780.a:Ga0134477_1001961_5  0.795  29  0.646  29  0.651  10  0.528   0.599 Y  0.500      SignalP-TM
3300014780.a:Ga0134477_1002059_1  0.157  28  0.317  25  0.887   9  0.783   0.499 Y  0.450      SignalP-TM
3300014780.a:Ga0134477_1002059_1  0.182  25  0.398  22  0.935  16  0.878   0.624 Y  0.570      SignalP-noTM
3300014780.a:Ga0134477_1002059_1  0.824  21  0.878  21  0.976  12  0.937   0.910 Y  0.450      SignalP-noTM
3300014780.a:Ga0134477_1002115_6  0.159  25  0.357  25  0.953   7  0.863   0.554 Y  0.450      SignalP-TM
3300014780.a:Ga0134477_1002115_6  0.240  19  0.477  19  0.961  10  0.951   0.700 Y  0.570      SignalP-noTM
3300014780.a:Ga0134477_1002115_6  0.434  19  0.641  19  0.972   4  0.949   0.808 Y  0.450      SignalP-noTM
3300014780.a:Ga0134477_1002304_3  0.307  20  0.534  20  0.952   1  0.932   0.721 Y  0.570      SignalP-noTM
3300014780.a:Ga0134477_1002304_3  0.461  21  0.656  21  0.975  12  0.933   0.806 Y  0.450      SignalP-noTM
3300014780.a:Ga0134477_1002304_3  0.486  27  0.604  27  0.885   2  0.806   0.683 Y  0.450      SignalP-TM
3300014780.a:Ga0134477_1003973_2  0.228  27  0.450  27  0.962   8  0.911   0.630 Y  0.450      SignalP-TM
3300014780.a:Ga0134477_1003973_2  0.283  25  0.480  25  0.937   5  0.816   0.661 Y  0.450      SignalP-noTM
3300014780.a:Ga0134477_1003973_2  0.405  22  0.603  22  0.954  18  0.907   0.746 Y  0.570      SignalP-noTM
3300014780.a:Ga0134477_1004288_4  0.229  24  0.422  24  0.924   1  0.825   0.612 Y  0.570      SignalP-noTM
3300014780.a:Ga0134477_1004288_4  0.590  24  0.701  24  0.947   5  0.836   0.774 Y  0.450      SignalP-noTM
3300014780.a:Ga0134477_1004288_7  0.273  18  0.504  18  0.967   3  0.933   0.736 Y  0.450      SignalP-noTM
3300014780.a:Ga0134477_1004970_2  0.512  25  0.536  25  0.729  21  0.571   0.550 Y  0.500      SignalP-TM
3300014780.a:Ga0134477_1005476_3  0.602  23  0.622  23  0.763  16  0.639   0.629 Y  0.500      SignalP-TM
