cNMP_binding	88	3300012819.a:Ga0160468_100002_107	223	7.9e-14	3	87	31	116	0.9545454545454546
AAA	132	3300012819.a:Ga0160468_100002_12	354	4.8e-06	3	115	60	231	0.8484848484848485
HTH_3	55	3300012819.a:Ga0160468_100002_140	99	1.4e-07	7	45	20	58	0.6909090909090909
GAF	133	3300012819.a:Ga0160468_100002_146	167	4.8e-10	42	127	65	155	0.6390977443609023
DctP	286	3300012819.a:Ga0160468_100002_149	404	3.4e-63	11	283	50	329	0.951048951048951
SBP_bac_5	377	3300012819.a:Ga0160468_100002_15	555	6.3e-69	2	372	83	468	0.9814323607427056
FHA	69	3300012819.a:Ga0160468_100002_157	360	5.2e-07	2	69	24	93	0.9710144927536232
AAA	132	3300012819.a:Ga0160468_100002_158	876	5.8e-13	2	127	226	359	0.946969696969697
AAA	132	3300012819.a:Ga0160468_100002_158	876	4.6e-09	2	74	613	697	0.5454545454545454
HTH_1	60	3300012819.a:Ga0160468_100002_16	316	2.8e-11	1	55	9	63	0.9
LysR_substrate	209	3300012819.a:Ga0160468_100002_16	316	1.4e-34	5	201	96	292	0.937799043062201
HTH_1	60	3300012819.a:Ga0160468_100002_163	316	5.1e-20	1	60	10	69	0.9833333333333333
LysR_substrate	209	3300012819.a:Ga0160468_100002_163	316	1.4e-22	8	208	95	298	0.9569377990430622
GAF	133	3300012819.a:Ga0160468_100002_169	699	9.6e-09	2	130	79	213	0.9624060150375939
HTH_8	42	3300012819.a:Ga0160468_100002_169	699	9.6e-10	6	42	646	682	0.8571428571428571
SBP_bac_3	225	3300012819.a:Ga0160468_100002_175	346	6.4e-09	33	164	62	202	0.5822222222222222
SBP_bac_3	225	3300012819.a:Ga0160468_100002_178	261	7.7e-43	1	223	35	254	0.9866666666666667
HTH_1	60	3300012819.a:Ga0160468_100002_179	312	3.6e-24	1	60	3	62	0.9833333333333333
LysR_substrate	209	3300012819.a:Ga0160468_100002_179	312	3.4e-34	4	185	89	269	0.8660287081339713
HTH_18	81	3300012819.a:Ga0160468_100002_185	349	1.4e-18	1	80	254	336	0.9753086419753086
GntR	64	3300012819.a:Ga0160468_100002_201	241	1.1e-16	1	64	11	72	0.984375
PALP	294	3300012819.a:Ga0160468_100002_206	324	2.2e-80	4	294	20	306	0.9863945578231292
CYTH	179	3300012819.a:Ga0160468_100002_208	173	2.2e-19	2	179	3	163	0.9888268156424581
HTH_1	60	3300012819.a:Ga0160468_100002_212	302	5.2e-25	1	59	3	61	0.9666666666666667
LysR_substrate	209	3300012819.a:Ga0160468_100002_212	302	1.7e-32	5	205	90	292	0.9569377990430622
Pyr_redox_2	292	3300012819.a:Ga0160468_100002_216	449	5.2e-76	2	292	7	318	0.9931506849315068
SBP_bac_5	377	3300012819.a:Ga0160468_100002_223	517	1.5e-101	1	374	71	431	0.9893899204244032
HTH_6	77	3300012819.a:Ga0160468_100002_226	290	2.3e-13	7	71	10	74	0.8311688311688312
SIS	131	3300012819.a:Ga0160468_100002_226	290	5.4e-23	2	130	131	258	0.9770992366412213
Glyoxalase	128	3300012819.a:Ga0160468_100002_230	179	9e-19	1	128	5	134	0.9921875
MarR	59	3300012819.a:Ga0160468_100002_231	148	3.7e-15	5	58	37	90	0.8983050847457628
PfkB	302	3300012819.a:Ga0160468_100002_233	271	3.6e-06	138	294	80	251	0.5165562913907285
TetR_N	47	3300012819.a:Ga0160468_100002_235	189	3.8e-16	2	47	16	61	0.9574468085106383
SBP_bac_3	225	3300012819.a:Ga0160468_100002_240	290	1.1e-16	29	223	83	271	0.8622222222222222
Response_reg	112	3300012819.a:Ga0160468_100002_246	232	2.5e-28	1	112	5	117	0.9910714285714286
Trans_reg_C	77	3300012819.a:Ga0160468_100002_246	232	4.7e-29	2	77	151	225	0.974025974025974
HisKA	64	3300012819.a:Ga0160468_100002_247	447	1.3e-22	2	63	204	271	0.953125
HATPase_c	111	3300012819.a:Ga0160468_100002_247	447	8.2e-23	5	110	319	427	0.9459459459459459
TetR_N	47	3300012819.a:Ga0160468_100002_248	202	4e-19	1	46	12	57	0.9574468085106383
PALP	294	3300012819.a:Ga0160468_100002_261	503	2.1e-82	4	294	17	306	0.9863945578231292
Pribosyltran	159	3300012819.a:Ga0160468_100002_262	180	4e-19	26	128	52	159	0.6415094339622641
SIS	131	3300012819.a:Ga0160468_100002_264	330	6.4e-31	1	131	45	177	0.9923664122137404
CBS	57	3300012819.a:Ga0160468_100002_264	330	5.8e-09	1	56	206	263	0.9649122807017544
CBS	57	3300012819.a:Ga0160468_100002_264	330	2.3e-07	1	54	273	326	0.9298245614035088
SIS	131	3300012819.a:Ga0160468_100002_276	198	5.7e-09	47	107	105	168	0.4580152671755725
Glycos_trans_3N	63	3300012819.a:Ga0160468_100002_289	344	2.4e-13	2	63	7	68	0.9682539682539683
SBP_bac_1	315	3300012819.a:Ga0160468_100002_29	361	3.6e-16	9	314	54	296	0.9682539682539683
Arc	50	3300012819.a:Ga0160468_100002_295	90	9.5e-06	7	43	52	88	0.72
MarR	59	3300012819.a:Ga0160468_100002_307	137	1.2e-12	3	59	34	92	0.9491525423728814
FUR	120	3300012819.a:Ga0160468_100002_318	176	1.8e-18	2	114	39	152	0.9333333333333333
AAA	132	3300012819.a:Ga0160468_100002_322	444	1.7e-08	1	49	55	101	0.36363636363636365
AAA	132	3300012819.a:Ga0160468_100002_322	444	1.6e-09	49	130	239	332	0.6136363636363636
HTH_1	60	3300012819.a:Ga0160468_100002_326	312	9.9e-25	1	60	7	66	0.9833333333333333
LysR_substrate	209	3300012819.a:Ga0160468_100002_326	312	1.2e-35	3	207	92	297	0.9760765550239234
HTH_1	60	3300012819.a:Ga0160468_100002_33	330	8.2e-17	1	60	3	62	0.9833333333333333
LysR_substrate	209	3300012819.a:Ga0160468_100002_33	330	5.8e-21	3	206	88	298	0.9712918660287081
EPSP_synthase	417	3300012819.a:Ga0160468_100002_347	419	3.2e-105	3	417	8	406	0.9928057553956835
Pyr_redox_2	292	3300012819.a:Ga0160468_100002_356	489	9e-22	1	177	144	329	0.6027397260273972
GATase_2	420	3300012819.a:Ga0160468_100002_357	1583	1.1e-185	1	420	43	466	0.9976190476190476
HTH_1	60	3300012819.a:Ga0160468_100002_36	287	1.4e-18	3	59	5	61	0.9333333333333333
LysR_substrate	209	3300012819.a:Ga0160468_100002_36	287	3.3e-30	3	203	87	284	0.9569377990430622
Sigma70_r2	71	3300012819.a:Ga0160468_100002_363	293	1.6e-18	1	70	62	131	0.971830985915493
Sigma70_r4	50	3300012819.a:Ga0160468_100002_363	293	2.4e-18	1	49	235	287	0.96
cNMP_binding	88	3300012819.a:Ga0160468_100002_364	891	1.7e-11	19	87	740	804	0.7727272727272727
NUDIX	131	3300012819.a:Ga0160468_100002_375	288	1.5e-11	15	122	130	243	0.816793893129771
MarR	59	3300012819.a:Ga0160468_100002_381	154	9.9e-05	7	49	9	51	0.711864406779661
AsnC_trans_reg	75	3300012819.a:Ga0160468_100002_381	154	3.8e-15	1	73	69	141	0.96
SIS	131	3300012819.a:Ga0160468_100002_382	611	1.2e-29	5	125	293	413	0.916030534351145
SIS	131	3300012819.a:Ga0160468_100002_382	611	5.1e-29	3	130	464	592	0.9694656488549618
HTH_3	55	3300012819.a:Ga0160468_100002_386	222	2.3e-18	5	54	34	83	0.8909090909090909
HTH_1	60	3300012819.a:Ga0160468_100002_390	307	3.6e-19	4	60	14	70	0.9333333333333333
LysR_substrate	209	3300012819.a:Ga0160468_100002_390	307	1.2e-34	2	206	95	299	0.9760765550239234
HTH_1	60	3300012819.a:Ga0160468_100002_393	296	8.1e-21	1	60	3	62	0.9833333333333333
LysR_substrate	209	3300012819.a:Ga0160468_100002_393	296	3.1e-33	4	208	89	289	0.9760765550239234
HTH_1	60	3300012819.a:Ga0160468_100002_397	593	7.8e-19	1	60	11	70	0.9833333333333333
LysR_substrate	209	3300012819.a:Ga0160468_100002_397	593	2.6e-34	4	207	97	298	0.9712918660287081
Pyr_redox_2	292	3300012819.a:Ga0160468_100002_398	330	2.6e-45	3	290	7	299	0.9828767123287672
HTH_1	60	3300012819.a:Ga0160468_100002_403	294	2.6e-18	7	60	4	57	0.8833333333333333
LysR_substrate	209	3300012819.a:Ga0160468_100002_403	294	7.8e-43	2	206	82	285	0.9760765550239234
HTH_IclR	52	3300012819.a:Ga0160468_100002_412	261	5.3e-14	2	51	5	54	0.9423076923076923
IclR	129	3300012819.a:Ga0160468_100002_412	261	4.9e-33	3	127	120	241	0.9612403100775194
HTH_18	81	3300012819.a:Ga0160468_100002_419	340	9.2e-22	1	80	255	332	0.9753086419753086
HTH_18	81	3300012819.a:Ga0160468_100002_423	338	1.8e-14	2	81	253	330	0.9753086419753086
HTH_1	60	3300012819.a:Ga0160468_100002_428	315	1.7e-14	4	50	6	52	0.7666666666666667
LysR_substrate	209	3300012819.a:Ga0160468_100002_428	315	1.5e-25	5	196	87	276	0.9138755980861244
Sigma70_r2	71	3300012819.a:Ga0160468_100002_435	178	2.2e-11	3	70	20	85	0.9436619718309859
Sigma70_r4_2	54	3300012819.a:Ga0160468_100002_435	178	1.2e-14	5	54	112	161	0.9074074074074074
HTH_1	60	3300012819.a:Ga0160468_100002_449	315	1.5e-16	1	60	4	63	0.9833333333333333
LysR_substrate	209	3300012819.a:Ga0160468_100002_449	315	2.7e-31	2	206	88	297	0.9760765550239234
HTH_1	60	3300012819.a:Ga0160468_100002_45	316	4.9e-19	1	60	4	63	0.9833333333333333
LysR_substrate	209	3300012819.a:Ga0160468_100002_45	316	2.3e-40	2	205	88	291	0.9712918660287081
HTH_1	60	3300012819.a:Ga0160468_100002_453	294	1.6e-19	1	60	5	64	0.9833333333333333
LysR_substrate	209	3300012819.a:Ga0160468_100002_453	294	3.6e-33	2	206	89	292	0.9760765550239234
HTH_IclR	52	3300012819.a:Ga0160468_100002_454	253	2.2e-11	3	45	10	52	0.8076923076923077
IclR	129	3300012819.a:Ga0160468_100002_454	253	2e-28	6	128	128	249	0.9457364341085271
DctP	286	3300012819.a:Ga0160468_100002_460	328	1e-90	3	283	34	310	0.9790209790209791
HTH_1	60	3300012819.a:Ga0160468_100002_464	316	7.7e-20	2	59	6	63	0.95
LysR_substrate	209	3300012819.a:Ga0160468_100002_464	316	1.9e-39	2	207	89	295	0.9808612440191388
Nitroreductase	170	3300012819.a:Ga0160468_100002_471	238	4.3e-41	1	170	16	205	0.9941176470588236
SBP_bac_3	225	3300012819.a:Ga0160468_100002_484	269	5.7e-63	1	224	31	257	0.9911111111111112
Pyr_redox_2	292	3300012819.a:Ga0160468_100002_489	483	5.7e-42	2	292	7	326	0.9931506849315068
SBP_bac_1	315	3300012819.a:Ga0160468_100002_492	324	3.1e-27	9	315	33	270	0.9714285714285714
HTH_3	55	3300012819.a:Ga0160468_100002_502	124	2.9e-07	5	29	23	47	0.43636363636363634
HTH_1	60	3300012819.a:Ga0160468_100002_516	299	3.3e-19	1	59	5	63	0.9666666666666667
LysR_substrate	209	3300012819.a:Ga0160468_100002_516	299	5.2e-21	3	204	90	290	0.9617224880382775
HTH_8	42	3300012819.a:Ga0160468_100002_52	331	8.5e-07	2	26	278	302	0.5714285714285714
PfkB	302	3300012819.a:Ga0160468_100002_528	300	1e-14	165	292	142	275	0.4205298013245033
Aminotran_1_2	363	3300012819.a:Ga0160468_100002_529	404	3.4e-05	68	196	84	198	0.3526170798898072
GntR	64	3300012819.a:Ga0160468_100002_531	277	2.3e-17	2	64	48	110	0.96875
MerR	38	3300012819.a:Ga0160468_100002_543	133	4.1e-10	1	38	7	42	0.9736842105263158
HTH_IclR	52	3300012819.a:Ga0160468_100002_560	253	7.8e-12	1	48	9	57	0.9038461538461539
IclR	129	3300012819.a:Ga0160468_100002_560	253	5.6e-15	7	120	128	239	0.875968992248062
Citrate_synt	361	3300012819.a:Ga0160468_100002_563	257	2.3e-28	154	352	37	230	0.5484764542936288
SBP_bac_5	377	3300012819.a:Ga0160468_100002_566	521	6.6e-88	2	372	65	433	0.9814323607427056
Pyr_redox_2	292	3300012819.a:Ga0160468_100002_571	487	2.9e-15	2	175	45	260	0.5924657534246576
GntR	64	3300012819.a:Ga0160468_100002_578	515	5.5e-15	2	64	65	127	0.96875
Aminotran_1_2	363	3300012819.a:Ga0160468_100002_578	515	3e-38	7	359	162	507	0.9696969696969697
HTH_IclR	52	3300012819.a:Ga0160468_100002_586	267	8.5e-14	1	51	11	62	0.9615384615384616
AraC_binding	136	3300012819.a:Ga0160468_100002_595	284	3.3e-05	14	60	22	69	0.3382352941176471
HTH_18	81	3300012819.a:Ga0160468_100002_595	284	1.5e-19	1	80	199	277	0.9753086419753086
Citrate_synt	361	3300012819.a:Ga0160468_100002_606	404	1.4e-35	7	357	79	390	0.9695290858725761
AAA	132	3300012819.a:Ga0160468_100002_610	584	3e-09	3	125	376	511	0.9242424242424242
HTH_1	60	3300012819.a:Ga0160468_100002_615	310	2e-19	1	60	5	64	0.9833333333333333
LysR_substrate	209	3300012819.a:Ga0160468_100002_615	310	2.7e-42	3	207	90	295	0.9760765550239234
HTH_IclR	52	3300012819.a:Ga0160468_100002_624	256	3.8e-08	3	50	5	52	0.9038461538461539
IclR	129	3300012819.a:Ga0160468_100002_624	256	5.1e-14	9	128	124	242	0.9224806201550387
Glyoxalase	128	3300012819.a:Ga0160468_100002_627	197	8e-14	3	128	22	140	0.9765625
HTH_IclR	52	3300012819.a:Ga0160468_100002_631	267	9.5e-15	1	52	9	59	0.9807692307692307
IclR	129	3300012819.a:Ga0160468_100002_631	267	5.6e-13	7	127	129	249	0.9302325581395349
Glyoxalase	128	3300012819.a:Ga0160468_100002_632	395	1.2e-14	2	128	24	149	0.984375
Glyoxalase	128	3300012819.a:Ga0160468_100002_632	395	4.5e-09	3	109	228	329	0.828125
HisKA	64	3300012819.a:Ga0160468_100002_637	461	8.6e-14	2	63	238	300	0.953125
HATPase_c	111	3300012819.a:Ga0160468_100002_637	461	1.3e-22	1	109	347	458	0.972972972972973
Response_reg	112	3300012819.a:Ga0160468_100002_638	245	1.4e-28	1	111	21	129	0.9821428571428571
Trans_reg_C	77	3300012819.a:Ga0160468_100002_638	245	1.9e-23	4	77	169	241	0.948051948051948
HTH_IclR	52	3300012819.a:Ga0160468_100002_640	254	5.7e-11	1	51	8	58	0.9615384615384616
IclR	129	3300012819.a:Ga0160468_100002_640	254	4.7e-15	9	128	129	248	0.9224806201550387
Pyr_redox_2	292	3300012819.a:Ga0160468_100002_641	494	3.6e-05	1	113	6	176	0.3835616438356164
Glyoxalase	128	3300012819.a:Ga0160468_100002_642	186	3.3e-12	2	128	12	128	0.984375
TetR_N	47	3300012819.a:Ga0160468_100002_647	257	1.3e-06	19	39	70	90	0.425531914893617
Glyoxalase	128	3300012819.a:Ga0160468_100002_650	327	9.2e-12	1	127	152	272	0.984375
Glyoxalase	128	3300012819.a:Ga0160468_100002_654	141	9.6e-13	5	128	8	130	0.9609375
Rhodanese	107	3300012819.a:Ga0160468_100002_655	284	9.4e-21	1	106	8	130	0.9813084112149533
Rhodanese	107	3300012819.a:Ga0160468_100002_655	284	2.5e-09	4	106	162	274	0.9532710280373832
SBP_bac_5	377	3300012819.a:Ga0160468_100002_666	528	1.2e-87	3	376	70	450	0.9893899204244032
HMA	62	3300012819.a:Ga0160468_100002_670	71	7.2e-15	3	61	9	66	0.9354838709677419
HTH_IclR	52	3300012819.a:Ga0160468_100002_673	255	1.4e-10	3	49	17	63	0.8846153846153846
IclR	129	3300012819.a:Ga0160468_100002_673	255	3.8e-16	7	117	136	242	0.8527131782945736
SBP_bac_3	225	3300012819.a:Ga0160468_100002_676	321	5.8e-05	98	178	148	221	0.35555555555555557
AraC_binding	136	3300012819.a:Ga0160468_100002_677	143	8.5e-07	18	78	70	131	0.4411764705882353
CBS	57	3300012819.a:Ga0160468_100002_681	454	0.0001	10	54	343	386	0.7719298245614035
HTH_1	60	3300012819.a:Ga0160468_100002_689	313	2.8e-18	3	59	10	66	0.9333333333333333
LysR_substrate	209	3300012819.a:Ga0160468_100002_689	313	1.6e-35	2	208	92	297	0.9856459330143541
Peptidase_M23	96	3300012819.a:Ga0160468_100002_69	542	2.9e-27	3	96	442	535	0.96875
HTH_IclR	52	3300012819.a:Ga0160468_100002_703	282	4.6e-13	1	50	64	113	0.9423076923076923
IclR	129	3300012819.a:Ga0160468_100002_703	282	8.3e-09	61	121	212	271	0.46511627906976744
HTH_18	81	3300012819.a:Ga0160468_100002_704	336	1.1e-08	1	61	254	312	0.7407407407407407
Rhodanese	107	3300012819.a:Ga0160468_100002_71	139	6.5e-16	2	107	40	130	0.9813084112149533
MerR	38	3300012819.a:Ga0160468_100002_717	154	9.3e-16	1	38	14	50	0.9736842105263158
HTH_3	55	3300012819.a:Ga0160468_100002_719	290	5.3e-10	1	53	33	85	0.9454545454545454
GAF	133	3300012819.a:Ga0160468_100002_731	665	3.8e-06	28	133	80	190	0.7894736842105263
AAA	132	3300012819.a:Ga0160468_100002_731	665	1.7e-05	1	115	343	467	0.8636363636363636
HTH_8	42	3300012819.a:Ga0160468_100002_731	665	2.8e-11	7	40	624	657	0.7857142857142857
Glyoxalase	128	3300012819.a:Ga0160468_100002_733	145	1.4e-06	5	128	9	135	0.9609375
HTH_1	60	3300012819.a:Ga0160468_100002_734	316	1.3e-19	1	59	18	76	0.9666666666666667
LysR_substrate	209	3300012819.a:Ga0160468_100002_734	316	2.2e-28	4	199	104	299	0.9330143540669856
Peripla_BP_2	238	3300012819.a:Ga0160468_100002_742	312	1.1e-29	3	235	52	281	0.9747899159663865
TetR_N	47	3300012819.a:Ga0160468_100002_744	215	1.7e-11	1	46	11	56	0.9574468085106383
AraC_binding	136	3300012819.a:Ga0160468_100002_745	263	1.2e-10	17	126	34	135	0.8014705882352942
HTH_18	81	3300012819.a:Ga0160468_100002_745	263	6.1e-21	1	79	181	257	0.9629629629629629
HTH_1	60	3300012819.a:Ga0160468_100002_747	305	1.9e-22	3	59	5	61	0.9333333333333333
LysR_substrate	209	3300012819.a:Ga0160468_100002_747	305	2.2e-20	2	207	87	290	0.9808612440191388
SBP_bac_1	315	3300012819.a:Ga0160468_100002_750	439	3.1e-19	11	315	31	279	0.9650793650793651
HTH_1	60	3300012819.a:Ga0160468_100002_754	309	1.3e-21	1	60	12	71	0.9833333333333333
LysR_substrate	209	3300012819.a:Ga0160468_100002_754	309	4.9e-44	3	205	97	298	0.9665071770334929
SBP_bac_1	315	3300012819.a:Ga0160468_100002_756	270	9.9e-05	6	133	46	177	0.4031746031746032
GntR	64	3300012819.a:Ga0160468_100002_759	253	2.8e-20	1	64	15	78	0.984375
Pribosyltran	159	3300012819.a:Ga0160468_100002_76	274	1.6e-11	38	128	149	249	0.5660377358490566
SBP_bac_3	225	3300012819.a:Ga0160468_100002_762	333	4.7e-11	33	190	54	215	0.6977777777777778
Response_reg	112	3300012819.a:Ga0160468_100002_767	224	1.6e-29	1	111	3	111	0.9821428571428571
Trans_reg_C	77	3300012819.a:Ga0160468_100002_767	224	7.3e-27	3	77	146	219	0.961038961038961
HisKA	64	3300012819.a:Ga0160468_100002_768	472	1.1e-16	2	63	246	310	0.953125
HATPase_c	111	3300012819.a:Ga0160468_100002_768	472	9.1e-14	7	108	360	463	0.9099099099099099
HTH_IclR	52	3300012819.a:Ga0160468_100002_77	252	8.8e-11	2	48	10	56	0.8846153846153846
IclR	129	3300012819.a:Ga0160468_100002_77	252	1.1e-18	8	126	128	242	0.9147286821705426
TetR_N	47	3300012819.a:Ga0160468_100002_770	231	6.6e-17	1	47	35	81	0.9787234042553191
SBP_bac_3	225	3300012819.a:Ga0160468_100002_78	245	2.1e-66	1	224	27	241	0.9911111111111112
DctP	286	3300012819.a:Ga0160468_100002_785	335	4.1e-113	1	284	35	318	0.9895104895104895
HTH_11	55	3300012819.a:Ga0160468_100002_788	407	5.9e-06	5	49	335	377	0.8
TetR_N	47	3300012819.a:Ga0160468_100002_793	204	7e-17	1	47	16	62	0.9787234042553191
DctP	286	3300012819.a:Ga0160468_100002_794	330	9.2e-27	8	267	39	295	0.9055944055944056
Peripla_BP_2	238	3300012819.a:Ga0160468_100002_799	374	3.9e-20	35	234	80	315	0.8361344537815126
HTH_18	81	3300012819.a:Ga0160468_100002_801	382	1.1e-22	3	77	304	376	0.9135802469135802
HTH_1	60	3300012819.a:Ga0160468_100002_805	296	4.9e-17	1	60	6	65	0.9833333333333333
LysR_substrate	209	3300012819.a:Ga0160468_100002_805	296	1.6e-34	4	204	92	290	0.9569377990430622
HTH_1	60	3300012819.a:Ga0160468_100002_812	314	1.2e-17	1	60	23	82	0.9833333333333333
LysR_substrate	209	3300012819.a:Ga0160468_100002_812	314	7.7e-37	4	208	109	310	0.9760765550239234
LacI	46	3300012819.a:Ga0160468_100002_820	354	6.8e-17	1	46	18	63	0.9782608695652174
Peripla_BP_3	164	3300012819.a:Ga0160468_100002_820	354	3.7e-30	1	164	183	349	0.9939024390243902
HTH_1	60	3300012819.a:Ga0160468_100002_824	319	1.1e-22	1	59	3	61	0.9666666666666667
LysR_substrate	209	3300012819.a:Ga0160468_100002_824	319	1.1e-34	1	207	87	291	0.9856459330143541
HTH_1	60	3300012819.a:Ga0160468_100002_835	299	4.6e-18	4	59	8	63	0.9166666666666666
LysR_substrate	209	3300012819.a:Ga0160468_100002_835	299	3.3e-41	2	206	89	292	0.9760765550239234
MarR	59	3300012819.a:Ga0160468_100002_836	174	6.2e-12	1	58	55	112	0.9661016949152542
SBP_bac_3	225	3300012819.a:Ga0160468_100002_839	340	3.9e-05	84	201	112	228	0.52
DctP	286	3300012819.a:Ga0160468_100002_843	364	8.6e-57	6	283	41	320	0.9685314685314685
Pyr_redox_2	292	3300012819.a:Ga0160468_100002_845	429	5.5e-55	3	292	10	312	0.9897260273972602
TrkA_C	70	3300012819.a:Ga0160468_100002_85	459	1.3e-06	4	65	156	219	0.8714285714285714
TrkA_C	70	3300012819.a:Ga0160468_100002_85	459	2.2e-15	8	69	390	451	0.8714285714285714
SBP_bac_3	225	3300012819.a:Ga0160468_100002_858	323	3.6e-12	34	184	64	220	0.6666666666666666
Response_reg	112	3300012819.a:Ga0160468_100002_86	239	1.5e-28	1	111	4	114	0.9821428571428571
HTH_8	42	3300012819.a:Ga0160468_100002_86	239	9.4e-05	2	42	188	228	0.9523809523809523
HTH_1	60	3300012819.a:Ga0160468_100002_861	305	7.6e-16	1	57	10	68	0.9333333333333333
LysR_substrate	209	3300012819.a:Ga0160468_100002_861	305	4.9e-24	4	206	99	299	0.9665071770334929
HTH_1	60	3300012819.a:Ga0160468_100002_866	279	3e-22	2	60	5	63	0.9666666666666667
LysR_substrate	209	3300012819.a:Ga0160468_100002_866	279	1.3e-17	6	162	90	236	0.7464114832535885
HisKA	64	3300012819.a:Ga0160468_100002_87	776	8.8e-11	2	60	529	596	0.90625
HATPase_c	111	3300012819.a:Ga0160468_100002_87	776	4.5e-18	2	107	650	766	0.9459459459459459
HTH_6	77	3300012819.a:Ga0160468_100002_874	281	3.6e-08	5	72	7	74	0.8701298701298701
SIS	131	3300012819.a:Ga0160468_100002_874	281	1.1e-12	4	128	130	251	0.9465648854961832
AraC_binding	136	3300012819.a:Ga0160468_100002_875	259	2.8e-05	26	83	80	137	0.41911764705882354
SBP_bac_5	377	3300012819.a:Ga0160468_100002_877	527	1.3e-68	2	372	88	444	0.9814323607427056
GntR	64	3300012819.a:Ga0160468_100002_882	200	2.5e-06	26	64	3	41	0.59375
LacI	46	3300012819.a:Ga0160468_100007_1	345	1.2e-19	2	43	7	48	0.8913043478260869
Peripla_BP_3	164	3300012819.a:Ga0160468_100007_1	345	3.6e-31	1	164	169	330	0.9939024390243902
GntR	64	3300012819.a:Ga0160468_100007_101	253	8.5e-17	4	64	29	88	0.9375
Ada_Zn_binding	65	3300012819.a:Ga0160468_100007_104	360	1.6e-32	1	63	15	77	0.9538461538461539
HTH_18	81	3300012819.a:Ga0160468_100007_104	360	9.8e-20	1	80	110	188	0.9753086419753086
HTH_1	60	3300012819.a:Ga0160468_100007_106	302	3.2e-17	3	60	6	63	0.95
LysR_substrate	209	3300012819.a:Ga0160468_100007_106	302	1e-23	2	202	88	297	0.9569377990430622
GntR	64	3300012819.a:Ga0160468_100007_110	233	4.1e-20	5	64	25	83	0.921875
HTH_3	55	3300012819.a:Ga0160468_100007_117	87	3.5e-15	1	52	16	67	0.9272727272727272
Response_reg	112	3300012819.a:Ga0160468_100007_125	182	9.4e-23	2	110	11	119	0.9642857142857143
HTH_8	42	3300012819.a:Ga0160468_100007_125	182	3.7e-14	3	41	139	177	0.9047619047619048
HisKA	64	3300012819.a:Ga0160468_100007_126	481	3e-05	2	56	258	317	0.84375
HATPase_c	111	3300012819.a:Ga0160468_100007_126	481	2.7e-16	4	110	369	470	0.954954954954955
FUR	120	3300012819.a:Ga0160468_100007_138	145	4.3e-45	2	120	13	132	0.9833333333333333
HTH_11	55	3300012819.a:Ga0160468_100007_141	334	2.2e-05	3	43	10	50	0.7272727272727273
SBP_bac_1	315	3300012819.a:Ga0160468_100007_148	259	9.2e-10	209	315	163	248	0.33650793650793653
HTH_1	60	3300012819.a:Ga0160468_100007_151	299	5.2e-14	2	60	64	127	0.9666666666666667
TOBE	64	3300012819.a:Ga0160468_100007_151	299	4.5e-11	1	62	166	227	0.953125
AAA	132	3300012819.a:Ga0160468_100007_153	291	2.7e-16	1	126	39	185	0.946969696969697
GntR	64	3300012819.a:Ga0160468_100007_159	201	1.6e-15	14	64	1	50	0.78125
HTH_1	60	3300012819.a:Ga0160468_100007_165	308	2e-19	2	60	3	61	0.9666666666666667
LysR_substrate	209	3300012819.a:Ga0160468_100007_165	308	5.7e-50	2	208	85	290	0.9856459330143541
GntR	64	3300012819.a:Ga0160468_100007_167	235	7.4e-19	1	62	27	87	0.953125
Pyr_redox_2	292	3300012819.a:Ga0160468_100007_168	465	3.7e-09	2	112	8	196	0.3767123287671233
Rhodanese	107	3300012819.a:Ga0160468_100007_170	343	1.8e-10	7	106	119	215	0.9252336448598131
Pyr_redox_2	292	3300012819.a:Ga0160468_100007_172	320	2e-46	2	290	9	301	0.9863013698630136
AAA	132	3300012819.a:Ga0160468_100007_175	446	8.3e-15	1	127	58	165	0.9545454545454546
ACT	67	3300012819.a:Ga0160468_100007_182	165	7.9e-15	1	66	3	68	0.9701492537313433
SBP_bac_3	225	3300012819.a:Ga0160468_100007_184	260	1.6e-59	1	224	27	253	0.9911111111111112
Aminotran_1_2	363	3300012819.a:Ga0160468_100007_185	381	2.5e-62	3	363	27	377	0.9917355371900827
Nitroreductase	170	3300012819.a:Ga0160468_100007_190	200	4.5e-19	2	169	10	177	0.9823529411764705
HTH_IclR	52	3300012819.a:Ga0160468_100007_195	274	2.3e-17	1	51	27	77	0.9615384615384616
IclR	129	3300012819.a:Ga0160468_100007_195	274	3.5e-10	4	127	144	266	0.9534883720930233
SBP_bac_3	225	3300012819.a:Ga0160468_100007_209	297	2.4e-49	2	224	35	261	0.9866666666666667
Glyoxalase	128	3300012819.a:Ga0160468_100007_224	133	7.7e-06	2	128	2	123	0.984375
AraC_binding	136	3300012819.a:Ga0160468_100007_229	396	1.8e-06	40	89	176	224	0.3602941176470588
GntR	64	3300012819.a:Ga0160468_100007_231	248	1.3e-19	3	64	29	90	0.953125
SBP_bac_3	225	3300012819.a:Ga0160468_100007_237	288	1.2e-42	1	223	39	266	0.9866666666666667
HTH_1	60	3300012819.a:Ga0160468_100007_252	321	6.7e-17	1	60	23	82	0.9833333333333333
LysR_substrate	209	3300012819.a:Ga0160468_100007_252	321	3.1e-40	2	206	107	312	0.9760765550239234
TPR_1	34	3300012819.a:Ga0160468_100007_266	238	2.3e-07	1	34	160	193	0.9705882352941176
HhH-GPD	108	3300012819.a:Ga0160468_100007_268	217	3.3e-14	2	106	61	201	0.9629629629629629
HTH_1	60	3300012819.a:Ga0160468_100007_276	302	1.9e-22	2	60	11	69	0.9666666666666667
LysR_substrate	209	3300012819.a:Ga0160468_100007_276	302	1e-30	5	207	95	295	0.9665071770334929
GntR	64	3300012819.a:Ga0160468_100007_279	229	6.2e-17	3	64	16	76	0.953125
Peptidase_M23	96	3300012819.a:Ga0160468_100007_28	360	1.6e-35	3	96	208	301	0.96875
HTH_IclR	52	3300012819.a:Ga0160468_100007_285	259	2.6e-17	1	51	18	68	0.9615384615384616
IclR	129	3300012819.a:Ga0160468_100007_285	259	6.2e-10	8	103	140	231	0.7364341085271318
Pyr_redox	81	3300012819.a:Ga0160468_100007_292	340	2.6e-05	1	37	169	205	0.4444444444444444
HTH_1	60	3300012819.a:Ga0160468_100007_295	315	8.7e-20	1	60	12	71	0.9833333333333333
LysR_substrate	209	3300012819.a:Ga0160468_100007_295	315	3.7e-38	4	208	98	299	0.9760765550239234
HTH_1	60	3300012819.a:Ga0160468_100007_296	304	2.6e-21	1	59	9	67	0.9666666666666667
LysR_substrate	209	3300012819.a:Ga0160468_100007_296	304	3e-42	2	204	93	296	0.9665071770334929
CBS	57	3300012819.a:Ga0160468_100007_30	494	1.1e-06	1	52	181	237	0.8947368421052632
CBS	57	3300012819.a:Ga0160468_100007_30	494	3e-07	1	55	245	299	0.9473684210526315
Response_reg	112	3300012819.a:Ga0160468_100007_304	237	3e-23	2	111	5	114	0.9732142857142857
Trans_reg_C	77	3300012819.a:Ga0160468_100007_304	237	6e-25	3	77	150	223	0.961038961038961
HisKA	64	3300012819.a:Ga0160468_100007_305	457	8.5e-09	8	64	244	303	0.875
HATPase_c	111	3300012819.a:Ga0160468_100007_305	457	1.3e-19	1	110	348	452	0.9819819819819819
HTH_1	60	3300012819.a:Ga0160468_100007_311	297	4.7e-19	4	59	7	62	0.9166666666666666
LysR_substrate	209	3300012819.a:Ga0160468_100007_311	297	1e-35	3	208	89	293	0.9808612440191388
Hemerythrin	131	3300012819.a:Ga0160468_100007_314	151	1.7e-17	2	129	5	120	0.9694656488549618
SBP_bac_5	377	3300012819.a:Ga0160468_100007_316	538	3.1e-80	2	373	93	462	0.9840848806366048
GntR	64	3300012819.a:Ga0160468_100007_317	208	7.6e-12	3	64	9	69	0.953125
Aminotran_1_2	363	3300012819.a:Ga0160468_100007_326	387	2.9e-56	4	363	30	375	0.9889807162534435
ACT	67	3300012819.a:Ga0160468_100007_329	409	3.8e-11	5	62	265	319	0.8507462686567164
ACT	67	3300012819.a:Ga0160468_100007_329	409	3e-08	2	39	343	380	0.5522388059701493
Pyr_redox_2	292	3300012819.a:Ga0160468_100007_334	383	1.3e-06	1	112	7	212	0.3801369863013699
Aminotran_1_2	363	3300012819.a:Ga0160468_100007_342	397	1.2e-31	21	359	47	386	0.931129476584022
MarR	59	3300012819.a:Ga0160468_100007_350	250	1.6e-09	7	53	10	56	0.7796610169491526
IclR	129	3300012819.a:Ga0160468_100007_350	250	2.5e-09	6	127	123	242	0.937984496124031
TetR_N	47	3300012819.a:Ga0160468_100007_356	232	4.4e-11	1	44	46	89	0.9148936170212766
Citrate_synt	361	3300012819.a:Ga0160468_100007_360	402	1.6e-115	2	361	34	383	0.9944598337950139
GntR	64	3300012819.a:Ga0160468_100007_363	252	7.1e-24	1	64	19	82	0.984375
Citrate_synt	361	3300012819.a:Ga0160468_100007_369	438	4e-133	1	361	50	419	0.997229916897507
Pyr_redox_2	292	3300012819.a:Ga0160468_100007_374	477	2.7e-69	1	292	5	338	0.9965753424657534
SBP_bac_5	377	3300012819.a:Ga0160468_100007_378	517	3.1e-93	1	375	79	432	0.9920424403183024
AAA	132	3300012819.a:Ga0160468_100007_383	321	5.1e-05	3	115	47	208	0.8484848484848485
TetR_N	47	3300012819.a:Ga0160468_100007_403	205	3.9e-12	1	47	35	81	0.9787234042553191
HTH_IclR	52	3300012819.a:Ga0160468_100007_405	277	8.8e-11	1	50	9	57	0.9423076923076923
IclR	129	3300012819.a:Ga0160468_100007_405	277	1.2e-14	6	128	128	250	0.9457364341085271
AsnC_trans_reg	75	3300012819.a:Ga0160468_100007_418	176	3e-24	1	75	85	159	0.9866666666666667
GAF	133	3300012819.a:Ga0160468_100007_436	678	2.2e-09	16	132	93	204	0.8721804511278195
AAA	132	3300012819.a:Ga0160468_100007_436	678	6.5e-05	1	99	374	473	0.7424242424242424
HTH_8	42	3300012819.a:Ga0160468_100007_436	678	4.7e-14	2	41	624	663	0.9285714285714286
AAA	132	3300012819.a:Ga0160468_100007_449	323	1.6e-17	2	131	78	209	0.9772727272727273
HTH_1	60	3300012819.a:Ga0160468_100007_452	304	1.3e-23	1	60	6	65	0.9833333333333333
LysR_substrate	209	3300012819.a:Ga0160468_100007_452	304	7.2e-47	3	204	91	291	0.9617224880382775
SBP_bac_3	225	3300012819.a:Ga0160468_100007_457	304	9.4e-11	1	208	45	274	0.92
AraC_binding	136	3300012819.a:Ga0160468_100007_468	130	3.4e-11	13	91	38	117	0.5735294117647058
Peripla_BP_2	238	3300012819.a:Ga0160468_100007_48	282	4.5e-46	1	235	31	255	0.9831932773109243
HTH_18	81	3300012819.a:Ga0160468_100007_63	315	7.4e-18	4	78	242	314	0.9135802469135802
AAA	132	3300012819.a:Ga0160468_100007_64	351	1.4e-21	1	129	67	189	0.9696969696969697
DctP	286	3300012819.a:Ga0160468_100007_68	327	9.5e-86	2	284	32	312	0.986013986013986
HTH_8	42	3300012819.a:Ga0160468_100007_72	79	8.6e-15	5	39	38	72	0.8095238095238095
HTH_IclR	52	3300012819.a:Ga0160468_100007_86	269	4.1e-16	2	50	28	76	0.9230769230769231
IclR	129	3300012819.a:Ga0160468_100007_86	269	5.2e-33	3	127	143	262	0.9612403100775194
NUDIX	131	3300012819.a:Ga0160468_100007_91	191	3.1e-16	6	115	56	156	0.8320610687022901
NTP_transf_2	95	3300012819.a:Ga0160468_100007_98	285	5.5e-08	16	47	42	73	0.3263157894736842
GntR	64	3300012819.a:Ga0160468_100008_1	243	4.7e-16	2	64	5	67	0.96875
PIG-L	131	3300012819.a:Ga0160468_100008_101	445	6.9e-23	1	126	32	158	0.9541984732824428
HTH_1	60	3300012819.a:Ga0160468_100008_118	294	6.1e-21	4	60	7	63	0.9333333333333333
LysR_substrate	209	3300012819.a:Ga0160468_100008_118	294	3.9e-45	2	208	88	291	0.9856459330143541
Pribosyltran	159	3300012819.a:Ga0160468_100008_119	224	1.1e-17	11	135	47	168	0.779874213836478
HhH-GPD	108	3300012819.a:Ga0160468_100008_128	369	7.7e-22	2	104	33	163	0.9444444444444444
SBP_bac_3	225	3300012819.a:Ga0160468_100008_131	341	2.4e-32	1	215	37	255	0.9511111111111111
GerE	57	3300012819.a:Ga0160468_100008_138	86	4.4e-19	2	55	16	69	0.9298245614035088
NUDIX	131	3300012819.a:Ga0160468_100008_148	325	6.3e-22	4	131	10	132	0.9694656488549618
AAA	132	3300012819.a:Ga0160468_100008_149	307	5.9e-06	1	116	93	193	0.8712121212121212
SBP_bac_3	225	3300012819.a:Ga0160468_100008_151	254	8.5e-75	1	225	32	250	0.9955555555555555
Response_reg	112	3300012819.a:Ga0160468_100008_159	189	1.4e-06	11	109	12	109	0.875
ANTAR	54	3300012819.a:Ga0160468_100008_159	189	5.2e-20	2	54	130	182	0.9629629629629629
Pyr_redox_2	292	3300012819.a:Ga0160468_100008_163	817	1.4e-52	2	277	11	289	0.9417808219178082
NIR_SIR_ferr	69	3300012819.a:Ga0160468_100008_163	817	1.8e-15	3	67	569	631	0.927536231884058
NIR_SIR	159	3300012819.a:Ga0160468_100008_163	817	4.3e-29	2	153	639	775	0.949685534591195
NIR_SIR_ferr	69	3300012819.a:Ga0160468_100008_170	582	1.9e-13	10	64	76	131	0.782608695652174
NIR_SIR	159	3300012819.a:Ga0160468_100008_170	582	5e-46	2	157	169	328	0.9748427672955975
NIR_SIR_ferr	69	3300012819.a:Ga0160468_100008_170	582	7.1e-16	5	67	352	415	0.8985507246376812
HTH_3	55	3300012819.a:Ga0160468_100008_171	142	3.7e-15	4	55	29	83	0.9272727272727272
TetR_N	47	3300012819.a:Ga0160468_100008_172	196	1.1e-18	1	47	16	62	0.9787234042553191
SBP_bac_3	225	3300012819.a:Ga0160468_100008_18	333	9.3e-06	86	168	134	223	0.36444444444444446
Pribosyltran	159	3300012819.a:Ga0160468_100008_188	175	5e-15	10	133	10	136	0.7735849056603774
HTH_1	60	3300012819.a:Ga0160468_100008_19	312	4.7e-23	1	60	4	63	0.9833333333333333
LysR_substrate	209	3300012819.a:Ga0160468_100008_19	312	8.6e-31	3	205	89	290	0.9665071770334929
PfkB	302	3300012819.a:Ga0160468_100008_205	317	2.3e-38	28	300	41	294	0.9006622516556292
DctP	286	3300012819.a:Ga0160468_100008_213	367	3.3e-60	12	284	49	322	0.951048951048951
Aminotran_1_2	363	3300012819.a:Ga0160468_100008_223	415	8.2e-11	50	353	79	368	0.8347107438016529
HTH_1	60	3300012819.a:Ga0160468_100008_23	307	7e-23	2	59	4	61	0.95
LysR_substrate	209	3300012819.a:Ga0160468_100008_23	307	1.3e-31	3	206	88	289	0.9712918660287081
HTH_3	55	3300012819.a:Ga0160468_100008_245	102	2.5e-05	6	53	44	89	0.8545454545454545
HTH_1	60	3300012819.a:Ga0160468_100008_266	306	1.9e-18	2	60	7	65	0.9666666666666667
LysR_substrate	209	3300012819.a:Ga0160468_100008_266	306	1e-43	3	206	91	292	0.9712918660287081
GntR	64	3300012819.a:Ga0160468_100008_27	221	2e-16	5	64	7	65	0.921875
HTH_1	60	3300012819.a:Ga0160468_100008_286	292	5.2e-19	2	59	4	61	0.95
LysR_substrate	209	3300012819.a:Ga0160468_100008_286	292	2.1e-36	4	207	87	286	0.9712918660287081
Glyoxalase	128	3300012819.a:Ga0160468_100008_300	120	6.5e-11	1	127	9	112	0.984375
HisKA	64	3300012819.a:Ga0160468_100008_312	441	7.5e-09	3	53	218	271	0.78125
HATPase_c	111	3300012819.a:Ga0160468_100008_312	441	1.6e-13	7	104	329	433	0.8738738738738738
Response_reg	112	3300012819.a:Ga0160468_100008_313	232	2.4e-27	1	112	7	118	0.9910714285714286
Trans_reg_C	77	3300012819.a:Ga0160468_100008_313	232	4.3e-18	3	77	153	224	0.961038961038961
Fer4	24	3300012819.a:Ga0160468_100008_318	958	1.5e-05	2	18	164	180	0.6666666666666666
Fer4	24	3300012819.a:Ga0160468_100008_318	958	3.9e-07	5	21	210	226	0.6666666666666666
HTH_1	60	3300012819.a:Ga0160468_100008_321	359	2.3e-09	4	59	28	84	0.9166666666666666
GntR	64	3300012819.a:Ga0160468_100008_331	259	3e-19	2	64	9	71	0.96875
SBP_bac_3	225	3300012819.a:Ga0160468_100008_335	263	9.4e-68	1	224	30	256	0.9911111111111112
NUDIX	131	3300012819.a:Ga0160468_100008_339	195	3.9e-18	5	119	60	175	0.8702290076335878
GntR	64	3300012819.a:Ga0160468_100008_344	243	1.4e-24	1	64	19	82	0.984375
HTH_3	55	3300012819.a:Ga0160468_100008_347	94	2e-10	1	38	36	73	0.6727272727272727
HTH_1	60	3300012819.a:Ga0160468_100008_350	304	2.6e-21	1	59	4	62	0.9666666666666667
LysR_substrate	209	3300012819.a:Ga0160468_100008_350	304	8.4e-41	2	204	88	290	0.9665071770334929
HTH_1	60	3300012819.a:Ga0160468_100008_351	298	1.8e-22	3	60	7	64	0.95
LysR_substrate	209	3300012819.a:Ga0160468_100008_351	298	3.5e-53	2	207	89	293	0.9808612440191388
SBP_bac_3	225	3300012819.a:Ga0160468_100008_356	247	8.4e-23	13	222	29	232	0.9288888888888889
GntR	64	3300012819.a:Ga0160468_100008_36	259	9.1e-22	2	64	20	82	0.96875
CBS	57	3300012819.a:Ga0160468_100008_363	300	5.7e-08	11	56	88	134	0.7894736842105263
CBS	57	3300012819.a:Ga0160468_100008_363	300	3.7e-07	11	56	149	194	0.7894736842105263
Pribosyltran	159	3300012819.a:Ga0160468_100008_373	212	1.1e-14	26	135	66	171	0.6855345911949685
Aminotran_1_2	363	3300012819.a:Ga0160468_100008_379	404	1.4e-63	2	363	51	399	0.9944903581267218
NUDIX	131	3300012819.a:Ga0160468_100008_383	158	2.5e-16	4	118	21	133	0.8702290076335878
HTH_3	55	3300012819.a:Ga0160468_100008_405	208	1.3e-15	1	55	28	82	0.9818181818181818
SBP_bac_3	225	3300012819.a:Ga0160468_100008_406	251	2.5e-55	2	223	28	247	0.9822222222222222
HTH_1	60	3300012819.a:Ga0160468_100008_422	306	2.3e-16	1	60	4	64	0.9833333333333333
LysR_substrate	209	3300012819.a:Ga0160468_100008_422	306	1.3e-24	1	194	88	274	0.9234449760765551
SBP_bac_3	225	3300012819.a:Ga0160468_100008_43	266	1.9e-49	1	224	37	253	0.9911111111111112
HTH_3	55	3300012819.a:Ga0160468_100008_438	305	2.3e-09	1	55	26	80	0.9818181818181818
SKI	158	3300012819.a:Ga0160468_100008_438	305	4.5e-34	1	156	136	292	0.9810126582278481
Fer4	24	3300012819.a:Ga0160468_100008_441	422	1.3e-08	3	24	16	37	0.875
Fer4	24	3300012819.a:Ga0160468_100008_441	422	8.2e-07	1	24	43	66	0.9583333333333334
HTH_1	60	3300012819.a:Ga0160468_100008_443	318	3.6e-21	1	59	24	82	0.9666666666666667
LysR_substrate	209	3300012819.a:Ga0160468_100008_443	318	8.4e-33	2	208	106	306	0.9856459330143541
SBP_bac_3	225	3300012819.a:Ga0160468_100008_444	276	8.2e-54	1	224	36	256	0.9911111111111112
Peripla_BP_2	238	3300012819.a:Ga0160468_100008_452	351	2.6e-38	1	237	44	297	0.9915966386554622
HTH_1	60	3300012819.a:Ga0160468_100008_455	311	2.6e-16	1	60	3	62	0.9833333333333333
LysR_substrate	209	3300012819.a:Ga0160468_100008_455	311	7.9e-31	3	206	88	290	0.9712918660287081
GntR	64	3300012819.a:Ga0160468_100008_458	267	1.1e-20	3	64	57	117	0.953125
SBP_bac_3	225	3300012819.a:Ga0160468_100008_463	339	6.9e-05	83	176	133	237	0.41333333333333333
HTH_18	81	3300012819.a:Ga0160468_100008_467	314	4.1e-19	1	78	210	286	0.9506172839506173
DctP	286	3300012819.a:Ga0160468_100008_47	348	2.2e-42	13	281	51	321	0.9370629370629371
HTH_1	60	3300012819.a:Ga0160468_100008_479	298	1.4e-19	3	59	10	66	0.9333333333333333
LysR_substrate	209	3300012819.a:Ga0160468_100008_479	298	1.1e-28	2	208	91	295	0.9856459330143541
GntR	64	3300012819.a:Ga0160468_100008_48	458	2.3e-09	3	64	5	66	0.953125
Aminotran_1_2	363	3300012819.a:Ga0160468_100008_48	458	5.3e-33	39	353	131	439	0.8650137741046832
HTH_1	60	3300012819.a:Ga0160468_100008_54	295	1.3e-22	2	59	6	63	0.95
LysR_substrate	209	3300012819.a:Ga0160468_100008_54	295	4.9e-40	4	207	91	291	0.9712918660287081
Aminotran_1_2	363	3300012819.a:Ga0160468_100008_56	408	4.1e-74	2	363	40	399	0.9944903581267218
SBP_bac_3	225	3300012819.a:Ga0160468_100008_57	275	7.9e-56	1	224	34	256	0.9911111111111112
HTH_1	60	3300012819.a:Ga0160468_100008_61	303	3e-20	1	60	4	63	0.9833333333333333
LysR_substrate	209	3300012819.a:Ga0160468_100008_61	303	3.2e-28	3	191	88	274	0.8995215311004785
MarR	59	3300012819.a:Ga0160468_100008_64	213	5.4e-10	8	59	90	141	0.864406779661017
LacI	46	3300012819.a:Ga0160468_100008_7	355	1.4e-17	2	45	19	62	0.9347826086956522
Peripla_BP_1	279	3300012819.a:Ga0160468_100008_7	355	3.7e-05	69	203	148	283	0.48028673835125446
HTH_1	60	3300012819.a:Ga0160468_100008_75	318	3.8e-18	2	60	23	81	0.9666666666666667
LysR_substrate	209	3300012819.a:Ga0160468_100008_75	318	1.6e-27	2	206	106	308	0.9760765550239234
DctP	286	3300012819.a:Ga0160468_100008_8	340	3.2e-76	2	275	39	310	0.9545454545454546
Pyr_redox_2	292	3300012819.a:Ga0160468_100008_80	464	1.1e-20	2	291	6	318	0.9897260273972602
Pyr_redox_2	292	3300012819.a:Ga0160468_100008_82	374	2.3e-08	2	112	5	217	0.3767123287671233
SBP_bac_1	315	3300012819.a:Ga0160468_100008_86	346	1.3e-18	2	314	35	285	0.9904761904761905
HTH_1	60	3300012819.a:Ga0160468_100008_87	303	2.7e-17	1	60	3	62	0.9833333333333333
LysR_substrate	209	3300012819.a:Ga0160468_100008_87	303	3.8e-30	3	206	88	289	0.9712918660287081
SBP_bac_3	225	3300012819.a:Ga0160468_100008_94	259	7.8e-65	1	222	25	249	0.9822222222222222
SBP_bac_1	315	3300012819.a:Ga0160468_100009_10	361	2e-06	46	314	88	295	0.8507936507936508
Rhodanese	107	3300012819.a:Ga0160468_100009_101	541	1.4e-06	4	106	16	106	0.9532710280373832
Rhodanese	107	3300012819.a:Ga0160468_100009_101	541	3.6e-10	1	106	136	230	0.9813084112149533
Rhodanese	107	3300012819.a:Ga0160468_100009_101	541	1.5e-07	15	94	286	352	0.7383177570093458
Rhodanese	107	3300012819.a:Ga0160468_100009_101	541	5.4e-08	12	107	395	481	0.8878504672897196
SBP_bac_5	377	3300012819.a:Ga0160468_100009_105	533	4.6e-93	1	371	76	442	0.9814323607427056
Citrate_synt	361	3300012819.a:Ga0160468_100009_128	270	4.5e-26	148	351	35	237	0.5623268698060941
HTH_1	60	3300012819.a:Ga0160468_100009_131	304	3.3e-25	1	60	3	62	0.9833333333333333
LysR_substrate	209	3300012819.a:Ga0160468_100009_131	304	3.8e-44	5	207	90	290	0.9665071770334929
GntR	64	3300012819.a:Ga0160468_100009_136	247	4.3e-18	1	64	6	69	0.984375
HTH_1	60	3300012819.a:Ga0160468_100009_138	305	2.9e-23	2	60	5	63	0.9666666666666667
LysR_substrate	209	3300012819.a:Ga0160468_100009_138	305	3.4e-40	3	207	89	295	0.9760765550239234
Pyr_redox_2	292	3300012819.a:Ga0160468_100009_142	590	6.3e-12	2	176	182	382	0.5958904109589042
TetR_N	47	3300012819.a:Ga0160468_100009_146	201	7.9e-17	2	46	16	60	0.9361702127659575
HTH_1	60	3300012819.a:Ga0160468_100009_150	295	1.5e-19	3	60	9	66	0.95
LysR_substrate	209	3300012819.a:Ga0160468_100009_150	295	8.1e-40	3	205	92	292	0.9665071770334929
SBP_bac_3	225	3300012819.a:Ga0160468_100009_158	371	3.9e-06	88	158	129	199	0.3111111111111111
TOBE	64	3300012819.a:Ga0160468_100009_160	72	4.4e-19	3	64	8	68	0.953125
GntR	64	3300012819.a:Ga0160468_100009_163	243	2.7e-17	3	64	24	84	0.953125
HTH_IclR	52	3300012819.a:Ga0160468_100009_168	253	3.2e-15	2	51	8	58	0.9423076923076923
IclR	129	3300012819.a:Ga0160468_100009_168	253	2.1e-17	6	121	128	241	0.8914728682170543
Nitroreductase	170	3300012819.a:Ga0160468_100009_169	311	1.1e-21	4	170	70	223	0.9764705882352941
HTH_3	55	3300012819.a:Ga0160468_100009_17	102	1.1e-05	6	52	49	93	0.8363636363636363
Citrate_synt	361	3300012819.a:Ga0160468_100009_170	263	3.8e-25	155	354	41	238	0.5512465373961218
GntR	64	3300012819.a:Ga0160468_100009_177	231	1.4e-15	2	64	5	66	0.96875
AAA	132	3300012819.a:Ga0160468_100009_181	331	5.3e-05	3	74	43	125	0.5378787878787878
SBP_bac_5	377	3300012819.a:Ga0160468_100009_184	503	8.9e-101	1	366	69	412	0.9681697612732095
HTH_1	60	3300012819.a:Ga0160468_100009_185	298	7.4e-21	1	60	5	64	0.9833333333333333
LysR_substrate	209	3300012819.a:Ga0160468_100009_185	298	3e-26	1	205	88	283	0.9760765550239234
HTH_5	47	3300012819.a:Ga0160468_100009_187	112	1.5e-14	1	45	18	63	0.9361702127659575
TetR_N	47	3300012819.a:Ga0160468_100009_191	206	5.3e-15	2	46	13	57	0.9361702127659575
HTH_1	60	3300012819.a:Ga0160468_100009_199	307	8.3e-19	4	60	7	63	0.9333333333333333
LysR_substrate	209	3300012819.a:Ga0160468_100009_199	307	4e-42	2	206	88	292	0.9760765550239234
HTH_3	55	3300012819.a:Ga0160468_100009_201	96	6.9e-12	3	52	16	65	0.8909090909090909
HTH_6	77	3300012819.a:Ga0160468_100009_205	293	2e-08	4	67	7	70	0.8181818181818182
SIS	131	3300012819.a:Ga0160468_100009_205	293	4e-17	1	128	133	262	0.9694656488549618
HTH_1	60	3300012819.a:Ga0160468_100009_212	317	7.5e-24	3	60	18	75	0.95
LysR_substrate	209	3300012819.a:Ga0160468_100009_212	317	2.6e-43	3	208	101	305	0.9808612440191388
SBP_bac_3	225	3300012819.a:Ga0160468_100009_214	321	8.4e-09	80	202	107	232	0.5422222222222223
GntR	64	3300012819.a:Ga0160468_100009_218	257	1.2e-20	2	63	9	70	0.953125
CHASE4	137	3300012819.a:Ga0160468_100009_224	168	6.9e-05	25	69	12	80	0.32116788321167883
Response_reg	112	3300012819.a:Ga0160468_100009_238	300	1e-14	1	111	23	129	0.9821428571428571
Trans_reg_C	77	3300012819.a:Ga0160468_100009_238	300	6e-18	2	77	209	285	0.974025974025974
Peripla_BP_2	238	3300012819.a:Ga0160468_100009_240	316	8.7e-25	8	237	61	288	0.9621848739495799
HTH_1	60	3300012819.a:Ga0160468_100009_241	303	3.8e-18	3	60	7	64	0.95
LysR_substrate	209	3300012819.a:Ga0160468_100009_241	303	2e-34	2	206	89	297	0.9760765550239234
NTP_transf_2	95	3300012819.a:Ga0160468_100009_243	209	3.6e-06	4	80	107	178	0.8
HTH_1	60	3300012819.a:Ga0160468_100009_245	319	3e-20	2	60	7	65	0.9666666666666667
LysR_substrate	209	3300012819.a:Ga0160468_100009_245	319	1.1e-38	2	208	90	297	0.9856459330143541
TrmB	68	3300012819.a:Ga0160468_100009_25	291	4.6e-18	1	67	12	80	0.9705882352941176
GntR	64	3300012819.a:Ga0160468_100009_252	214	1.2e-16	5	64	13	71	0.921875
HTH_1	60	3300012819.a:Ga0160468_100009_254	317	3.1e-19	3	60	22	79	0.95
LysR_substrate	209	3300012819.a:Ga0160468_100009_254	317	7.9e-47	2	208	104	309	0.9856459330143541
SBP_bac_1	315	3300012819.a:Ga0160468_100009_262	338	1.2e-09	20	315	49	281	0.9365079365079365
LacI	46	3300012819.a:Ga0160468_100009_263	346	6.2e-17	2	46	10	54	0.9565217391304348
Peripla_BP_3	164	3300012819.a:Ga0160468_100009_263	346	1.5e-31	1	164	173	334	0.9939024390243902
GntR	64	3300012819.a:Ga0160468_100009_268	281	1.8e-12	5	64	63	121	0.921875
TetR_N	47	3300012819.a:Ga0160468_100009_271	200	5.7e-19	1	46	20	65	0.9574468085106383
SBP_bac_3	225	3300012819.a:Ga0160468_100009_28	270	9.9e-29	3	220	45	256	0.9644444444444444
HTH_IclR	52	3300012819.a:Ga0160468_100009_280	256	2.2e-14	2	52	5	56	0.9615384615384616
IclR	129	3300012819.a:Ga0160468_100009_280	256	5.1e-34	3	128	120	242	0.9689922480620154
PALP	294	3300012819.a:Ga0160468_100009_283	411	2.9e-49	4	294	65	390	0.9863945578231292
HTH_1	60	3300012819.a:Ga0160468_100009_284	302	2.1e-17	1	59	8	66	0.9666666666666667
LysR_substrate	209	3300012819.a:Ga0160468_100009_284	302	1.9e-20	9	208	97	293	0.9521531100478469
HTH_1	60	3300012819.a:Ga0160468_100009_288	302	1.9e-16	1	59	4	62	0.9666666666666667
LysR_substrate	209	3300012819.a:Ga0160468_100009_288	302	3.6e-37	2	208	88	295	0.9856459330143541
HTH_18	81	3300012819.a:Ga0160468_100009_290	295	2.6e-26	1	80	198	275	0.9753086419753086
MASE1	300	3300012819.a:Ga0160468_100009_299	424	7.3e-18	5	295	17	299	0.9666666666666667
HTH_18	81	3300012819.a:Ga0160468_100009_301	337	2.4e-22	1	81	250	329	0.9876543209876543
Rrf2	83	3300012819.a:Ga0160468_100009_312	155	4.5e-23	1	82	1	81	0.9759036144578314
MarR	59	3300012819.a:Ga0160468_100009_325	151	1.4e-08	2	58	41	97	0.9491525423728814
HTH_1	60	3300012819.a:Ga0160468_100009_33	295	5.8e-21	1	59	8	66	0.9666666666666667
LysR_substrate	209	3300012819.a:Ga0160468_100009_33	295	5e-44	4	206	93	291	0.9665071770334929
HTH_IclR	52	3300012819.a:Ga0160468_100009_330	271	1.5e-12	4	50	10	56	0.8846153846153846
IclR	129	3300012819.a:Ga0160468_100009_330	271	3.2e-29	3	128	125	249	0.9689922480620154
AAA	132	3300012819.a:Ga0160468_100009_337	327	3.3e-05	1	69	65	143	0.5151515151515151
HTH_IclR	52	3300012819.a:Ga0160468_100009_338	263	1.2e-11	4	51	17	64	0.9038461538461539
IclR	129	3300012819.a:Ga0160468_100009_338	263	7.8e-33	3	126	130	252	0.9534883720930233
GntR	64	3300012819.a:Ga0160468_100009_339	522	1e-13	2	64	42	104	0.96875
Aminotran_1_2	363	3300012819.a:Ga0160468_100009_339	522	3.8e-28	65	340	215	477	0.7575757575757576
SBP_bac_3	225	3300012819.a:Ga0160468_100009_342	345	1e-07	86	212	114	242	0.56
SBP_bac_3	225	3300012819.a:Ga0160468_100009_343	271	3e-62	1	224	40	259	0.9911111111111112
Pyr_redox_2	292	3300012819.a:Ga0160468_100009_346	422	1e-13	2	112	34	142	0.3767123287671233
HTH_1	60	3300012819.a:Ga0160468_100009_352	306	1.2e-25	1	60	3	62	0.9833333333333333
LysR_substrate	209	3300012819.a:Ga0160468_100009_352	306	3.1e-34	3	207	88	296	0.9760765550239234
PIG-L	131	3300012819.a:Ga0160468_100009_354	238	1.4e-21	1	130	7	135	0.9847328244274809
GntR	64	3300012819.a:Ga0160468_100009_359	250	8.1e-18	4	64	14	74	0.9375
HTH_1	60	3300012819.a:Ga0160468_100009_36	300	1.9e-21	1	59	8	66	0.9666666666666667
LysR_substrate	209	3300012819.a:Ga0160468_100009_36	300	2.8e-37	3	208	91	293	0.9808612440191388
Pyr_redox_2	292	3300012819.a:Ga0160468_100009_366	434	9.7e-59	2	292	7	335	0.9931506849315068
MerR	38	3300012819.a:Ga0160468_100009_368	131	6.8e-18	1	38	2	39	0.9736842105263158
HMA	62	3300012819.a:Ga0160468_100009_369	768	3.1e-15	2	62	27	86	0.967741935483871
B12-binding_2	75	3300012819.a:Ga0160468_100009_375	1259	5.1e-27	1	74	679	756	0.9733333333333334
B12-binding	121	3300012819.a:Ga0160468_100009_375	1259	6.2e-20	2	92	779	873	0.743801652892562
Peripla_BP_2	238	3300012819.a:Ga0160468_100009_377	321	2.4e-22	2	202	43	235	0.8403361344537815
Pyr_redox_2	292	3300012819.a:Ga0160468_100009_378	303	2.1e-24	1	285	6	279	0.9726027397260274
Phage_AlpA	51	3300012819.a:Ga0160468_100009_398	65	7.6e-16	3	50	9	56	0.9215686274509803
HTH_1	60	3300012819.a:Ga0160468_100009_404	296	7.1e-25	1	60	3	62	0.9833333333333333
LysR_substrate	209	3300012819.a:Ga0160468_100009_404	296	4.6e-48	3	204	88	288	0.9617224880382775
HTH_1	60	3300012819.a:Ga0160468_100009_409	312	2.5e-25	1	60	3	62	0.9833333333333333
LysR_substrate	209	3300012819.a:Ga0160468_100009_409	312	6.3e-37	3	206	88	297	0.9712918660287081
GntR	64	3300012819.a:Ga0160468_100009_413	262	1.3e-17	1	64	17	80	0.984375
HTH_IclR	52	3300012819.a:Ga0160468_100009_418	271	3.3e-08	4	48	23	68	0.8461538461538461
IclR	129	3300012819.a:Ga0160468_100009_418	271	2.1e-27	2	128	135	261	0.9767441860465116
Glyoxalase	128	3300012819.a:Ga0160468_100009_427	143	8.3e-07	7	127	11	132	0.9375
GntR	64	3300012819.a:Ga0160468_100009_429	274	3.8e-20	6	64	41	99	0.90625
HTH_1	60	3300012819.a:Ga0160468_100009_434	311	5.2e-22	1	60	1	60	0.9833333333333333
LysR_substrate	209	3300012819.a:Ga0160468_100009_434	311	2.5e-18	6	207	89	295	0.9617224880382775
HTH_IclR	52	3300012819.a:Ga0160468_100009_437	251	1.2e-13	1	51	16	66	0.9615384615384616
IclR	129	3300012819.a:Ga0160468_100009_437	251	3.5e-13	59	127	162	229	0.5271317829457365
HTH_1	60	3300012819.a:Ga0160468_100009_443	311	1.3e-18	13	60	22	69	0.7833333333333333
LysR_substrate	209	3300012819.a:Ga0160468_100009_443	311	2.9e-40	2	208	94	304	0.9856459330143541
HTH_18	81	3300012819.a:Ga0160468_100009_445	248	3.2e-07	3	38	179	214	0.43209876543209874
HTH_AraC	42	3300012819.a:Ga0160468_100009_445	248	2.6e-07	20	42	221	244	0.5238095238095238
Glyoxalase	128	3300012819.a:Ga0160468_100009_446	132	1.4e-06	7	124	8	116	0.9140625
HTH_1	60	3300012819.a:Ga0160468_100009_449	287	5.3e-19	2	59	7	64	0.95
LysR_substrate	209	3300012819.a:Ga0160468_100009_449	287	1.7e-27	2	208	88	281	0.9856459330143541
Rhodanese	107	3300012819.a:Ga0160468_100009_452	529	1.8e-08	3	106	7	100	0.9626168224299065
Rhodanese	107	3300012819.a:Ga0160468_100009_452	529	5.3e-12	4	106	133	225	0.9532710280373832
SBP_bac_3	225	3300012819.a:Ga0160468_100009_453	294	1.8e-56	1	224	48	268	0.9911111111111112
HTH_IclR	52	3300012819.a:Ga0160468_100009_459	250	4e-13	1	50	12	61	0.9423076923076923
IclR	129	3300012819.a:Ga0160468_100009_459	250	5.3e-13	60	128	159	226	0.5271317829457365
HTH_1	60	3300012819.a:Ga0160468_100009_461	295	2.6e-17	4	59	7	62	0.9166666666666666
LysR_substrate	209	3300012819.a:Ga0160468_100009_461	295	8e-40	2	207	86	288	0.9808612440191388
HMA	62	3300012819.a:Ga0160468_100009_464	66	1.1e-15	2	61	3	59	0.9516129032258065
HTH_IclR	52	3300012819.a:Ga0160468_100009_473	257	1.3e-11	2	50	5	54	0.9230769230769231
IclR	129	3300012819.a:Ga0160468_100009_473	257	7.5e-32	3	128	121	243	0.9689922480620154
GntR	64	3300012819.a:Ga0160468_100009_479	244	3.6e-20	2	64	14	76	0.96875
SBP_bac_3	225	3300012819.a:Ga0160468_100009_482	333	8.1e-05	83	178	133	233	0.4222222222222222
GntR	64	3300012819.a:Ga0160468_100009_5	237	1.9e-16	1	63	27	88	0.96875
TetR_N	47	3300012819.a:Ga0160468_100009_54	216	4.6e-11	1	47	38	84	0.9787234042553191
HTH_1	60	3300012819.a:Ga0160468_100009_56	298	1.6e-22	1	60	5	64	0.9833333333333333
LysR_substrate	209	3300012819.a:Ga0160468_100009_56	298	1.7e-24	4	207	91	291	0.9712918660287081
HxlR	91	3300012819.a:Ga0160468_100009_60	133	2.5e-26	1	86	36	122	0.9340659340659341
GntR	64	3300012819.a:Ga0160468_100009_66	471	3.6e-17	2	64	19	81	0.96875
Aminotran_1_2	363	3300012819.a:Ga0160468_100009_66	471	1.8e-30	33	358	132	448	0.8953168044077136
SBP_bac_3	225	3300012819.a:Ga0160468_100009_67	300	1.6e-45	2	224	36	264	0.9866666666666667
PALP	294	3300012819.a:Ga0160468_100009_68	330	1e-52	6	294	14	317	0.9795918367346939
SBP_bac_3	225	3300012819.a:Ga0160468_100009_69	326	8.1e-06	81	178	122	226	0.4311111111111111
HTH_18	81	3300012819.a:Ga0160468_100009_73	342	2.9e-20	1	80	264	341	0.9753086419753086
AraC_binding	136	3300012819.a:Ga0160468_100009_78	277	6.5e-06	24	70	37	83	0.3382352941176471
HTH_18	81	3300012819.a:Ga0160468_100009_78	277	2.3e-20	1	80	193	270	0.9753086419753086
TetR_N	47	3300012819.a:Ga0160468_100009_82	200	8.9e-15	2	46	13	57	0.9361702127659575
AraC_binding	136	3300012819.a:Ga0160468_100009_85	290	2.3e-06	30	116	38	129	0.6323529411764706
HTH_18	81	3300012819.a:Ga0160468_100009_85	290	2.8e-23	1	80	198	276	0.9753086419753086
LacI	46	3300012819.a:Ga0160468_100009_93	359	5.9e-16	1	46	15	60	0.9782608695652174
Peripla_BP_3	164	3300012819.a:Ga0160468_100009_93	359	3.8e-35	1	164	181	345	0.9939024390243902
SBP_bac_5	377	3300012819.a:Ga0160468_100009_94	538	9.7e-99	2	373	82	449	0.9840848806366048
HTH_18	81	3300012819.a:Ga0160468_100025_103	297	8.5e-20	1	77	207	282	0.9382716049382716
Pyr_redox_2	292	3300012819.a:Ga0160468_100025_107	386	2.3e-07	2	107	6	161	0.3595890410958904
MarR	59	3300012819.a:Ga0160468_100025_108	161	1.5e-09	1	59	49	107	0.9830508474576272
Glyoxalase	128	3300012819.a:Ga0160468_100025_11	133	3.1e-18	5	128	6	124	0.9609375
Rhodanese	107	3300012819.a:Ga0160468_100025_116	281	3.3e-15	5	105	18	130	0.9345794392523364
Rhodanese	107	3300012819.a:Ga0160468_100025_116	281	2.9e-16	4	106	166	265	0.9532710280373832
HTH_IclR	52	3300012819.a:Ga0160468_100025_118	255	2e-11	3	49	14	60	0.8846153846153846
IclR	129	3300012819.a:Ga0160468_100025_118	255	2.3e-28	9	128	132	251	0.9224806201550387
HTH_IclR	52	3300012819.a:Ga0160468_100025_126	254	1.4e-11	3	47	14	58	0.8461538461538461
IclR	129	3300012819.a:Ga0160468_100025_126	254	2.9e-29	4	127	127	250	0.9534883720930233
HxlR	91	3300012819.a:Ga0160468_100025_128	120	5.1e-29	1	85	16	100	0.9230769230769231
HTH_3	55	3300012819.a:Ga0160468_100025_132	129	1.5e-07	1	31	37	67	0.5454545454545454
SBP_bac_3	225	3300012819.a:Ga0160468_100025_136	376	1.9e-53	1	225	47	373	0.9955555555555555
HisKA	64	3300012819.a:Ga0160468_100025_142	900	1.4e-12	4	64	675	737	0.9375
HATPase_c	111	3300012819.a:Ga0160468_100025_142	900	2.6e-20	2	109	782	891	0.963963963963964
Response_reg	112	3300012819.a:Ga0160468_100025_143	230	4.9e-24	2	112	8	116	0.9821428571428571
Trans_reg_C	77	3300012819.a:Ga0160468_100025_143	230	2e-22	2	77	152	227	0.974025974025974
HTH_1	60	3300012819.a:Ga0160468_100025_144	294	4.6e-25	1	60	3	62	0.9833333333333333
LysR_substrate	209	3300012819.a:Ga0160468_100025_144	294	2.7e-43	10	199	95	283	0.9043062200956937
Ada_Zn_binding	65	3300012819.a:Ga0160468_100025_156	89	2.1e-07	20	64	27	77	0.676923076923077
Peripla_BP_2	238	3300012819.a:Ga0160468_100025_163	345	3.6e-29	1	236	76	313	0.9873949579831933
HTH_1	60	3300012819.a:Ga0160468_100025_167	312	2.5e-20	1	60	3	62	0.9833333333333333
LysR_substrate	209	3300012819.a:Ga0160468_100025_167	312	1.2e-42	2	204	87	289	0.9665071770334929
Fer4	24	3300012819.a:Ga0160468_100025_17	84	8.4e-08	4	24	5	25	0.8333333333333334
GntR	64	3300012819.a:Ga0160468_100025_179	219	3.1e-18	2	64	13	74	0.96875
DctP	286	3300012819.a:Ga0160468_100025_180	385	6.9e-42	3	274	53	330	0.9475524475524476
TetR_N	47	3300012819.a:Ga0160468_100025_187	221	1.5e-12	1	46	11	56	0.9574468085106383
Pyr_redox	81	3300012819.a:Ga0160468_100025_189	416	2e-07	1	30	2	31	0.35802469135802467
SBP_bac_5	377	3300012819.a:Ga0160468_100025_190	532	1.3e-74	1	364	75	441	0.9628647214854111
GntR	64	3300012819.a:Ga0160468_100025_199	238	1.3e-15	5	64	32	90	0.921875
GntR	64	3300012819.a:Ga0160468_100025_202	239	1.6e-15	4	64	18	78	0.9375
Pyr_redox_2	292	3300012819.a:Ga0160468_100025_204	1001	3.3e-17	2	244	170	427	0.8287671232876712
HTH_18	81	3300012819.a:Ga0160468_100025_207	358	6.4e-26	1	81	248	327	0.9876543209876543
CYTH	179	3300012819.a:Ga0160468_100025_21	569	5e-21	1	177	1	185	0.9832402234636871
HTH_18	81	3300012819.a:Ga0160468_100025_210	300	2.7e-20	2	80	189	265	0.9629629629629629
Aminotran_1_2	363	3300012819.a:Ga0160468_100025_211	426	3.3e-15	46	237	60	220	0.5261707988980716
MarR	59	3300012819.a:Ga0160468_100025_219	164	5e-10	17	58	56	98	0.6949152542372882
Nitroreductase	170	3300012819.a:Ga0160468_100025_221	205	5.9e-25	1	169	17	199	0.9882352941176471
HD	122	3300012819.a:Ga0160468_100025_223	192	4.1e-07	7	57	29	76	0.4098360655737705
HTH_1	60	3300012819.a:Ga0160468_100025_229	330	9.2e-15	2	59	33	90	0.95
LysR_substrate	209	3300012819.a:Ga0160468_100025_229	330	6e-29	3	202	118	317	0.9521531100478469
MarR	59	3300012819.a:Ga0160468_100025_23	158	2.9e-14	2	58	45	102	0.9491525423728814
HTH_1	60	3300012819.a:Ga0160468_100025_231	303	6.3e-21	3	60	12	69	0.95
LysR_substrate	209	3300012819.a:Ga0160468_100025_231	303	3.6e-39	3	207	94	298	0.9760765550239234
Peripla_BP_2	238	3300012819.a:Ga0160468_100025_240	332	7.4e-24	1	234	55	288	0.9789915966386554
SBP_bac_3	225	3300012819.a:Ga0160468_100025_242	341	3.7e-31	2	209	37	249	0.92
NUDIX	131	3300012819.a:Ga0160468_100025_257	275	1.1e-26	2	113	7	134	0.8473282442748091
Glyoxalase	128	3300012819.a:Ga0160468_100025_265	372	1.3e-14	2	109	176	287	0.8359375
MarR	59	3300012819.a:Ga0160468_100025_266	159	2.7e-07	7	48	12	53	0.6949152542372882
AsnC_trans_reg	75	3300012819.a:Ga0160468_100025_266	159	1.8e-23	1	73	72	147	0.96
HTH_1	60	3300012819.a:Ga0160468_100025_272	309	4.3e-20	2	59	4	61	0.95
LysR_substrate	209	3300012819.a:Ga0160468_100025_272	309	2.5e-35	5	197	89	279	0.9186602870813397
HTH_18	81	3300012819.a:Ga0160468_100025_41	83	1.1e-10	34	77	17	59	0.5308641975308642
Glyoxalase	128	3300012819.a:Ga0160468_100025_44	137	2.4e-10	2	128	2	124	0.984375
HTH_18	81	3300012819.a:Ga0160468_100025_45	297	6.3e-21	1	77	211	286	0.9382716049382716
TetR_N	47	3300012819.a:Ga0160468_100025_48	196	5.1e-14	4	47	15	58	0.9148936170212766
HTH_1	60	3300012819.a:Ga0160468_100025_53	311	5e-19	1	60	6	65	0.9833333333333333
LysR_substrate	209	3300012819.a:Ga0160468_100025_53	311	6.8e-39	3	209	91	297	0.9856459330143541
Glyoxalase	128	3300012819.a:Ga0160468_100025_60	283	4.5e-16	1	128	18	149	0.9921875
TetR_N	47	3300012819.a:Ga0160468_100025_63	263	8.4e-05	1	44	42	85	0.9148936170212766
TetR_C	145	3300012819.a:Ga0160468_100025_63	263	3.5e-06	45	142	154	247	0.6689655172413793
HTH_3	55	3300012819.a:Ga0160468_100025_69	486	4.8e-14	1	51	10	60	0.9090909090909091
Pribosyltran	159	3300012819.a:Ga0160468_100025_7	317	4.5e-21	19	129	155	256	0.6918238993710691
Citrate_synt	361	3300012819.a:Ga0160468_100025_70	385	3.8e-115	2	361	18	367	0.9944598337950139
PAS	113	3300012819.a:Ga0160468_100025_74	267	8.2e-05	10	50	122	162	0.35398230088495575
Sigma70_r2	71	3300012819.a:Ga0160468_100025_86	195	5.6e-13	3	70	40	106	0.9436619718309859
Sigma70_r4_2	54	3300012819.a:Ga0160468_100025_86	195	2.1e-14	2	54	134	186	0.9629629629629629
HTH_IclR	52	3300012819.a:Ga0160468_100025_89	296	3.8e-09	1	52	31	82	0.9807692307692307
IclR	129	3300012819.a:Ga0160468_100025_89	296	5.7e-12	2	127	152	276	0.9689922480620154
HTH_1	60	3300012819.a:Ga0160468_100025_92	300	4.9e-19	1	60	4	63	0.9833333333333333
LysR_substrate	209	3300012819.a:Ga0160468_100025_92	300	3.9e-37	5	205	90	288	0.9569377990430622
HTH_1	60	3300012819.a:Ga0160468_100025_99	299	3.3e-18	1	59	10	68	0.9666666666666667
LysR_substrate	209	3300012819.a:Ga0160468_100025_99	299	4.4e-27	3	207	96	297	0.9760765550239234
Peptidase_M23	96	3300012819.a:Ga0160468_100030_102	251	2e-31	2	96	149	243	0.9791666666666666
Nitroreductase	170	3300012819.a:Ga0160468_100030_123	194	9.6e-25	3	169	10	166	0.9764705882352941
Sigma70_r2	71	3300012819.a:Ga0160468_100030_131	436	2e-06	1	61	28	87	0.8450704225352113
Sigma70_r4_2	54	3300012819.a:Ga0160468_100030_131	436	3.7e-07	8	54	135	181	0.8518518518518519
Peptidase_M23	96	3300012819.a:Ga0160468_100030_136	244	7.7e-32	1	96	109	206	0.9895833333333334
HTH_1	60	3300012819.a:Ga0160468_100030_137	302	1.6e-21	3	60	6	63	0.95
LysR_substrate	209	3300012819.a:Ga0160468_100030_137	302	1.4e-40	2	208	88	293	0.9856459330143541
AraC_binding	136	3300012819.a:Ga0160468_100030_144	265	1.1e-06	17	78	38	99	0.4485294117647059
HTH_18	81	3300012819.a:Ga0160468_100030_144	265	6.8e-21	1	79	184	260	0.9629629629629629
LacI	46	3300012819.a:Ga0160468_100030_152	339	6.2e-16	1	46	5	51	0.9782608695652174
Peripla_BP_3	164	3300012819.a:Ga0160468_100030_152	339	6e-15	29	163	204	336	0.8170731707317073
SBP_bac_3	225	3300012819.a:Ga0160468_100030_155	289	4.5e-39	8	223	55	276	0.9555555555555556
HhH-GPD	108	3300012819.a:Ga0160468_100030_157	201	7.4e-16	1	103	44	182	0.9444444444444444
GntR	64	3300012819.a:Ga0160468_100030_158	232	1e-15	2	64	17	78	0.96875
HTH_1	60	3300012819.a:Ga0160468_100030_168	294	1.3e-19	2	59	4	61	0.95
LysR_substrate	209	3300012819.a:Ga0160468_100030_168	294	1.1e-31	6	192	89	276	0.8899521531100478
AAA	132	3300012819.a:Ga0160468_100030_179	354	4.5e-06	2	126	30	187	0.9393939393939394
HTH_1	60	3300012819.a:Ga0160468_100030_2	311	3.3e-19	2	59	5	62	0.95
LysR_substrate	209	3300012819.a:Ga0160468_100030_2	311	8e-48	5	208	91	293	0.9712918660287081
NTP_transf_2	95	3300012819.a:Ga0160468_100030_211	868	4.1e-08	6	61	48	99	0.5789473684210527
HD	122	3300012819.a:Ga0160468_100030_211	868	9.8e-10	2	117	439	549	0.9426229508196722
ACT	67	3300012819.a:Ga0160468_100030_211	868	2.3e-06	3	48	795	838	0.6716417910447762
MarR	59	3300012819.a:Ga0160468_100030_215	166	5.8e-11	8	58	48	97	0.847457627118644
Pribosyltran	159	3300012819.a:Ga0160468_100030_216	506	3.7e-11	16	121	285	394	0.660377358490566
Pyr_redox_2	292	3300012819.a:Ga0160468_100030_220	628	1.6e-60	2	292	162	483	0.9931506849315068
PAS	113	3300012819.a:Ga0160468_100030_223	589	3.3e-17	2	113	111	223	0.9823008849557522
HisKA	64	3300012819.a:Ga0160468_100030_223	589	3.7e-11	2	61	357	423	0.921875
HATPase_c	111	3300012819.a:Ga0160468_100030_223	589	6.7e-19	2	108	469	571	0.954954954954955
Response_reg	112	3300012819.a:Ga0160468_100030_224	202	5e-31	1	111	8	117	0.9821428571428571
GerE	57	3300012819.a:Ga0160468_100030_224	202	4.1e-22	2	56	143	197	0.9473684210526315
SBP_bac_1	315	3300012819.a:Ga0160468_100030_235	437	5.9e-37	13	313	44	336	0.9523809523809523
HTH_1	60	3300012819.a:Ga0160468_100030_240	342	2.8e-19	2	59	30	87	0.95
LysR_substrate	209	3300012819.a:Ga0160468_100030_240	342	9.8e-50	3	204	114	323	0.9617224880382775
AAA	132	3300012819.a:Ga0160468_100030_35	436	1.9e-18	1	111	118	246	0.8333333333333334
AAA	132	3300012819.a:Ga0160468_100030_36	823	1.1e-18	1	128	354	491	0.9621212121212122
PTS-HPr	82	3300012819.a:Ga0160468_100030_44	90	1.7e-30	4	81	5	82	0.9390243902439024
Ammonium_transp	399	3300012819.a:Ga0160468_100030_47	409	2.3e-121	1	399	7	406	0.9974937343358395
AAA	132	3300012819.a:Ga0160468_100030_5	866	1e-15	2	127	203	336	0.946969696969697
AAA	132	3300012819.a:Ga0160468_100030_5	866	1.3e-10	2	111	604	722	0.8257575757575758
MerR	38	3300012819.a:Ga0160468_100030_58	130	1.1e-10	1	38	22	59	0.9736842105263158
Sigma70_r2	71	3300012819.a:Ga0160468_100030_63	228	1.1e-12	2	71	35	102	0.971830985915493
Sigma70_r4_2	54	3300012819.a:Ga0160468_100030_63	228	3.8e-14	3	50	139	186	0.8703703703703703
CBS	57	3300012819.a:Ga0160468_100030_78	487	2.5e-12	8	52	95	138	0.7719298245614035
CBS	57	3300012819.a:Ga0160468_100030_78	487	1.5e-06	3	53	149	201	0.8771929824561403
HTH_1	60	3300012819.a:Ga0160468_100030_85	304	2.9e-19	1	60	8	67	0.9833333333333333
LysR_substrate	209	3300012819.a:Ga0160468_100030_85	304	2e-28	7	208	98	300	0.9617224880382775
MarR	59	3300012819.a:Ga0160468_100030_87	163	2e-09	13	58	59	104	0.7627118644067796
Sigma70_r2	71	3300012819.a:Ga0160468_100030_88	176	3.6e-13	1	69	15	83	0.9577464788732394
Sigma70_r4_2	54	3300012819.a:Ga0160468_100030_88	176	2.4e-18	1	54	113	166	0.9814814814814815
FecR	96	3300012819.a:Ga0160468_100030_89	334	2.4e-20	2	96	125	220	0.9791666666666666
cNMP_binding	88	3300012819.a:Ga0160468_100032_109	236	1.2e-15	3	87	41	126	0.9545454545454546
PfkB	302	3300012819.a:Ga0160468_100032_11	312	8.6e-67	3	301	7	299	0.9867549668874173
AAA	132	3300012819.a:Ga0160468_100032_118	321	2.3e-06	2	105	89	244	0.7803030303030303
SKI	158	3300012819.a:Ga0160468_100032_124	192	1.1e-50	1	153	25	177	0.9620253164556962
HD	122	3300012819.a:Ga0160468_100032_126	377	1.9e-14	1	120	66	199	0.9754098360655737
Response_reg	112	3300012819.a:Ga0160468_100032_127	281	2.3e-17	4	111	16	124	0.9553571428571429
HTH_18	81	3300012819.a:Ga0160468_100032_127	281	1e-20	1	81	185	264	0.9876543209876543
HTH_1	60	3300012819.a:Ga0160468_100032_132	309	2e-20	1	60	10	69	0.9833333333333333
LysR_substrate	209	3300012819.a:Ga0160468_100032_132	309	1.8e-37	2	208	94	302	0.9856459330143541
Pyr_redox	81	3300012819.a:Ga0160468_100032_133	295	8e-06	1	58	15	69	0.7037037037037037
HTH_1	60	3300012819.a:Ga0160468_100032_139	312	3.1e-19	1	60	4	63	0.9833333333333333
LysR_substrate	209	3300012819.a:Ga0160468_100032_139	312	7.9e-35	2	207	88	295	0.9808612440191388
PadR	75	3300012819.a:Ga0160468_100032_154	194	7.1e-16	1	73	38	105	0.96
GntR	64	3300012819.a:Ga0160468_100032_157	444	2.1e-14	2	64	6	68	0.96875
Aminotran_1_2	363	3300012819.a:Ga0160468_100032_157	444	9.5e-36	2	363	87	435	0.9944903581267218
SBP_bac_3	225	3300012819.a:Ga0160468_100032_159	287	7.6e-56	1	224	47	265	0.9911111111111112
HTH_1	60	3300012819.a:Ga0160468_100032_162	316	3.5e-15	2	60	4	62	0.9666666666666667
LysR_substrate	209	3300012819.a:Ga0160468_100032_162	316	1.4e-34	4	205	89	288	0.9617224880382775
DctP	286	3300012819.a:Ga0160468_100032_167	325	8.8e-48	8	269	34	293	0.9125874125874126
GyrI-like	155	3300012819.a:Ga0160468_100032_183	154	1.1e-17	6	150	4	150	0.9290322580645162
HTH_IclR	52	3300012819.a:Ga0160468_100032_185	273	5.1e-17	2	51	12	62	0.9423076923076923
IclR	129	3300012819.a:Ga0160468_100032_185	273	5.3e-11	21	128	148	254	0.8294573643410853
AAA	132	3300012819.a:Ga0160468_100032_186	360	2.7e-05	2	66	33	159	0.48484848484848486
Pyr_redox_2	292	3300012819.a:Ga0160468_100032_190	460	2.1e-18	4	276	7	308	0.9315068493150684
SBP_bac_1	315	3300012819.a:Ga0160468_100032_192	354	1.1e-15	2	314	42	293	0.9904761904761905
TrkA_C	70	3300012819.a:Ga0160468_100032_219	578	1.3e-11	3	67	211	277	0.9142857142857143
TrkA_C	70	3300012819.a:Ga0160468_100032_219	578	1e-10	1	58	296	355	0.8142857142857143
PfkB	302	3300012819.a:Ga0160468_100032_32	314	3.8e-61	3	300	5	302	0.9834437086092715
GntR	64	3300012819.a:Ga0160468_100032_37	249	8.6e-20	3	64	13	74	0.953125
DctP	286	3300012819.a:Ga0160468_100032_46	340	4.3e-95	1	282	36	317	0.9825174825174825
GntR	64	3300012819.a:Ga0160468_100032_5	248	4.2e-15	3	64	29	89	0.953125
HTH_5	47	3300012819.a:Ga0160468_100032_55	117	2.1e-05	1	46	24	70	0.9574468085106383
HTH_DeoR	57	3300012819.a:Ga0160468_100032_6	235	1.6e-12	1	39	6	44	0.6666666666666666
DeoRC	160	3300012819.a:Ga0160468_100032_6	235	3.5e-50	3	159	76	232	0.975
HTH_IclR	52	3300012819.a:Ga0160468_100032_65	262	9.6e-12	1	51	17	67	0.9615384615384616
IclR	129	3300012819.a:Ga0160468_100032_65	262	4e-21	4	128	133	256	0.9612403100775194
Response_reg	112	3300012819.a:Ga0160468_100032_68	227	8.1e-27	1	111	3	113	0.9821428571428571
Trans_reg_C	77	3300012819.a:Ga0160468_100032_68	227	1.9e-23	1	77	146	219	0.987012987012987
HisKA	64	3300012819.a:Ga0160468_100032_69	472	1.4e-10	2	61	244	305	0.921875
HATPase_c	111	3300012819.a:Ga0160468_100032_69	472	4.7e-14	6	105	362	463	0.8918918918918919
TetR_N	47	3300012819.a:Ga0160468_100032_81	233	7.4e-12	1	47	55	101	0.9787234042553191
Peripla_BP_1	279	3300012819.a:Ga0160468_100032_9	335	7.3e-06	41	204	71	238	0.5842293906810035
ACT	67	3300012819.a:Ga0160468_100034_109	363	4.9e-09	1	65	282	346	0.9552238805970149
Aminotran_1_2	363	3300012819.a:Ga0160468_100034_110	379	9.9e-45	3	356	40	366	0.9724517906336089
EPSP_synthase	417	3300012819.a:Ga0160468_100034_112	446	3.3e-118	4	415	11	431	0.9856115107913669
PfkB	302	3300012819.a:Ga0160468_100034_118	310	6.3e-48	3	297	13	302	0.9735099337748344
PALP	294	3300012819.a:Ga0160468_100034_121	305	3e-64	2	294	9	290	0.9931972789115646
cNMP_binding	88	3300012819.a:Ga0160468_100034_131	253	7.6e-15	2	82	44	124	0.9090909090909091
Crp	32	3300012819.a:Ga0160468_100034_131	253	2.9e-18	1	32	187	218	0.96875
LexA_DNA_bind	65	3300012819.a:Ga0160468_100034_143	227	4.8e-29	3	65	4	66	0.9538461538461539
Aminotran_1_2	363	3300012819.a:Ga0160468_100034_144	400	9.3e-88	2	363	30	395	0.9944903581267218
ATPase_2	233	3300012819.a:Ga0160468_100034_148	360	3.2e-07	22	124	69	200	0.43776824034334766
HTH_1	60	3300012819.a:Ga0160468_100034_151	307	1.5e-17	1	59	4	62	0.9666666666666667
LysR_substrate	209	3300012819.a:Ga0160468_100034_151	307	2e-41	3	206	89	293	0.9712918660287081
TetR_N	47	3300012819.a:Ga0160468_100034_16	222	9.1e-17	1	47	13	59	0.9787234042553191
HEM4	232	3300012819.a:Ga0160468_100034_160	272	2e-24	3	199	20	222	0.8448275862068966
HATPase_c	111	3300012819.a:Ga0160468_100034_171	669	1.8e-19	8	108	47	188	0.9009009009009009
Rrf2	83	3300012819.a:Ga0160468_100034_181	168	9.4e-30	1	83	1	83	0.9879518072289156
HTH_IclR	52	3300012819.a:Ga0160468_100034_195	265	5.5e-13	2	49	16	63	0.9038461538461539
IclR	129	3300012819.a:Ga0160468_100034_195	265	1.8e-10	8	116	136	243	0.8372093023255814
HTH_IclR	52	3300012819.a:Ga0160468_100034_196	261	4.8e-15	2	51	17	66	0.9423076923076923
IclR	129	3300012819.a:Ga0160468_100034_196	261	7e-06	5	103	134	231	0.7596899224806202
HTH_1	60	3300012819.a:Ga0160468_100034_205	628	7.9e-10	3	51	16	64	0.8
HTH_1	60	3300012819.a:Ga0160468_100034_205	628	1.9e-16	1	59	322	382	0.9666666666666667
LysR_substrate	209	3300012819.a:Ga0160468_100034_205	628	1e-23	5	205	411	618	0.9569377990430622
HxlR	91	3300012819.a:Ga0160468_100034_24	150	2.8e-23	1	87	20	105	0.945054945054945
HTH_1	60	3300012819.a:Ga0160468_100034_29	300	9.7e-20	2	60	7	65	0.9666666666666667
LysR_substrate	209	3300012819.a:Ga0160468_100034_29	300	1.9e-46	4	208	92	295	0.9760765550239234
CbiA	128	3300012819.a:Ga0160468_100034_51	498	4.1e-05	5	55	29	150	0.390625
MarR	59	3300012819.a:Ga0160468_100034_53	205	1.5e-15	1	59	68	126	0.9830508474576272
HTH_1	60	3300012819.a:Ga0160468_100034_55	316	5.8e-18	3	60	17	74	0.95
LysR_substrate	209	3300012819.a:Ga0160468_100034_55	316	1.3e-23	5	196	102	291	0.9138755980861244
Response_reg	112	3300012819.a:Ga0160468_100034_83	238	1.4e-23	2	112	5	115	0.9821428571428571
Trans_reg_C	77	3300012819.a:Ga0160468_100034_83	238	4.3e-28	2	77	149	223	0.974025974025974
HisKA	64	3300012819.a:Ga0160468_100034_84	457	4.9e-09	8	64	246	305	0.875
HATPase_c	111	3300012819.a:Ga0160468_100034_84	457	6.8e-22	1	110	350	454	0.9819819819819819
HTH_1	60	3300012819.a:Ga0160468_100034_9	330	1e-11	9	60	12	64	0.85
LysR_substrate	209	3300012819.a:Ga0160468_100034_9	330	3.8e-36	3	173	90	265	0.8133971291866029
AAA	132	3300012819.a:Ga0160468_100035_10	361	1.1e-05	2	66	32	162	0.48484848484848486
TOBE	64	3300012819.a:Ga0160468_100035_10	361	7.7e-08	8	62	295	350	0.84375
HTH_1	60	3300012819.a:Ga0160468_100035_102	295	6.9e-24	1	59	5	63	0.9666666666666667
LysR_substrate	209	3300012819.a:Ga0160468_100035_102	295	2.8e-35	3	204	88	287	0.9617224880382775
NUDIX	131	3300012819.a:Ga0160468_100035_110	240	7.7e-19	4	80	75	157	0.5801526717557252
CBS	57	3300012819.a:Ga0160468_100035_129	595	3.9e-07	11	55	459	503	0.7719298245614035
CBS	57	3300012819.a:Ga0160468_100035_138	153	3.8e-09	10	56	16	61	0.8070175438596491
CBS	57	3300012819.a:Ga0160468_100035_138	153	3.4e-09	2	56	73	126	0.9473684210526315
CBS	57	3300012819.a:Ga0160468_100035_14	525	1.5e-07	7	56	367	416	0.8596491228070176
Aminotran_1_2	363	3300012819.a:Ga0160468_100035_144	440	7.5e-05	150	268	214	333	0.325068870523416
DctP	286	3300012819.a:Ga0160468_100035_151	367	2.1e-60	5	285	43	325	0.9790209790209791
Aminotran_1_2	363	3300012819.a:Ga0160468_100035_159	401	2.7e-42	4	348	33	376	0.9476584022038568
PALP	294	3300012819.a:Ga0160468_100035_170	306	7.3e-64	3	289	8	286	0.9727891156462585
HTH_3	55	3300012819.a:Ga0160468_100035_174	305	2.2e-05	9	52	61	105	0.7818181818181819
HTH_1	60	3300012819.a:Ga0160468_100035_175	307	5e-18	3	59	15	71	0.9333333333333333
LysR_substrate	209	3300012819.a:Ga0160468_100035_175	307	5.5e-40	2	207	97	302	0.9808612440191388
HTH_1	60	3300012819.a:Ga0160468_100035_186	303	5.1e-22	1	59	4	62	0.9666666666666667
LysR_substrate	209	3300012819.a:Ga0160468_100035_186	303	8e-42	3	208	89	292	0.9808612440191388
HTH_1	60	3300012819.a:Ga0160468_100035_192	323	7.3e-19	2	60	20	77	0.9666666666666667
LysR_substrate	209	3300012819.a:Ga0160468_100035_192	323	1.9e-23	3	208	103	308	0.9808612440191388
Aminotran_1_2	363	3300012819.a:Ga0160468_100035_193	427	9.7e-14	20	352	74	409	0.9146005509641874
Aminotran_1_2	363	3300012819.a:Ga0160468_100035_21	415	3e-06	52	189	68	182	0.3774104683195592
Response_reg	112	3300012819.a:Ga0160468_100035_29	229	1.6e-30	1	111	3	112	0.9821428571428571
Trans_reg_C	77	3300012819.a:Ga0160468_100035_29	229	1.3e-22	1	77	145	218	0.987012987012987
HisKA	64	3300012819.a:Ga0160468_100035_30	369	6.4e-12	1	64	136	201	0.984375
HATPase_c	111	3300012819.a:Ga0160468_100035_30	369	1e-20	1	108	248	353	0.963963963963964
AAA	132	3300012819.a:Ga0160468_100035_49	767	1.7e-13	2	110	214	326	0.8181818181818182
AAA	132	3300012819.a:Ga0160468_100035_49	767	7e-13	2	113	495	613	0.8409090909090909
Pyr_redox	81	3300012819.a:Ga0160468_100035_5	418	4.4e-06	2	34	3	35	0.3950617283950617
HxlR	91	3300012819.a:Ga0160468_100035_67	113	1.1e-32	1	85	25	110	0.9230769230769231
HTH_1	60	3300012819.a:Ga0160468_100035_76	296	3.4e-20	1	60	5	64	0.9833333333333333
LysR_substrate	209	3300012819.a:Ga0160468_100035_76	296	1.4e-40	2	205	89	292	0.9712918660287081
PIG-L	131	3300012819.a:Ga0160468_100035_86	830	2.8e-14	2	131	180	368	0.9847328244274809
cNMP_binding	88	3300012819.a:Ga0160468_100035_88	235	1.1e-15	9	87	46	126	0.8863636363636364
FHA	69	3300012819.a:Ga0160468_100035_98	670	2.4e-14	2	69	23	86	0.9710144927536232
T2SSE	273	3300012819.a:Ga0160468_100035_98	670	4.6e-81	3	271	298	574	0.9816849816849816
AraC_binding	136	3300012819.a:Ga0160468_100053_1	68	1.1e-05	28	71	6	49	0.3161764705882353
Sigma70_r2	71	3300012819.a:Ga0160468_100053_103	184	2.7e-18	1	68	27	93	0.9436619718309859
Sigma70_r4_2	54	3300012819.a:Ga0160468_100053_103	184	3.9e-13	2	54	125	177	0.9629629629629629
HTH_1	60	3300012819.a:Ga0160468_100053_106	327	1.2e-15	1	59	6	64	0.9666666666666667
LysR_substrate	209	3300012819.a:Ga0160468_100053_106	327	1.2e-21	7	206	97	299	0.9521531100478469
GntR	64	3300012819.a:Ga0160468_100053_108	141	4.7e-08	2	33	21	52	0.484375
HTH_1	60	3300012819.a:Ga0160468_100053_109	356	2.6e-18	3	60	51	108	0.95
LysR_substrate	209	3300012819.a:Ga0160468_100053_109	356	3.3e-40	2	208	133	336	0.9856459330143541
AAA	132	3300012819.a:Ga0160468_100053_114	318	4.2e-11	3	125	110	245	0.9242424242424242
HATPase_c	111	3300012819.a:Ga0160468_100053_115	817	5e-24	2	103	40	161	0.9099099099099099
ATPase_2	233	3300012819.a:Ga0160468_100053_117	511	3.9e-07	19	125	205	310	0.45493562231759654
HTH_1	60	3300012819.a:Ga0160468_100053_122	295	3.4e-19	4	59	9	64	0.9166666666666666
LysR_substrate	209	3300012819.a:Ga0160468_100053_122	295	2.7e-33	6	204	94	292	0.9473684210526315
HTH_1	60	3300012819.a:Ga0160468_100053_128	297	1.7e-23	2	60	9	67	0.9666666666666667
LysR_substrate	209	3300012819.a:Ga0160468_100053_128	297	5.6e-33	4	207	92	294	0.9712918660287081
GntR	64	3300012819.a:Ga0160468_100053_14	221	1.2e-22	2	64	17	78	0.96875
HTH_1	60	3300012819.a:Ga0160468_100053_140	322	1.5e-15	3	60	25	82	0.95
LysR_substrate	209	3300012819.a:Ga0160468_100053_140	322	3.2e-35	2	207	107	312	0.9808612440191388
TetR_N	47	3300012819.a:Ga0160468_100053_143	243	3.9e-14	1	45	43	87	0.9361702127659575
GntR	64	3300012819.a:Ga0160468_100053_149	475	4.5e-18	1	64	20	83	0.984375
Aminotran_1_2	363	3300012819.a:Ga0160468_100053_149	475	1.4e-21	38	314	147	414	0.7603305785123967
Glyoxalase	128	3300012819.a:Ga0160468_100053_153	142	4.8e-09	4	128	7	129	0.96875
HTH_1	60	3300012819.a:Ga0160468_100053_154	302	4.3e-19	1	60	2	61	0.9833333333333333
LysR_substrate	209	3300012819.a:Ga0160468_100053_154	302	1.3e-34	5	205	87	284	0.9569377990430622
Aminotran_1_2	363	3300012819.a:Ga0160468_100053_160	392	8.7e-59	4	362	30	387	0.9862258953168044
CbiA	128	3300012819.a:Ga0160468_100053_163	266	1.7e-28	2	126	12	233	0.96875
HTH_18	81	3300012819.a:Ga0160468_100053_19	321	5.1e-22	1	80	221	299	0.9753086419753086
Pyr_redox	81	3300012819.a:Ga0160468_100053_2	320	1.1e-07	3	61	16	74	0.7160493827160493
GntR	64	3300012819.a:Ga0160468_100053_25	228	2.4e-11	5	59	17	70	0.84375
HTH_1	60	3300012819.a:Ga0160468_100053_26	308	9.6e-19	1	60	13	72	0.9833333333333333
LysR_substrate	209	3300012819.a:Ga0160468_100053_26	308	1.3e-32	4	199	98	300	0.9330143540669856
Response_reg	112	3300012819.a:Ga0160468_100053_4	232	8.4e-22	1	112	6	116	0.9910714285714286
Trans_reg_C	77	3300012819.a:Ga0160468_100053_4	232	1.4e-16	5	77	152	223	0.935064935064935
HTH_DeoR	57	3300012819.a:Ga0160468_100053_41	255	2.1e-20	1	57	6	62	0.9824561403508771
DeoRC	160	3300012819.a:Ga0160468_100053_41	255	1.4e-52	2	159	75	232	0.98125
HTH_11	55	3300012819.a:Ga0160468_100053_45	168	2e-08	4	46	7	47	0.7636363636363637
AsnC_trans_reg	75	3300012819.a:Ga0160468_100053_45	168	3e-20	1	74	67	139	0.9733333333333334
HTH_IclR	52	3300012819.a:Ga0160468_100053_49	235	1.4e-12	1	50	13	62	0.9423076923076923
IclR	129	3300012819.a:Ga0160468_100053_49	235	4e-09	68	125	166	223	0.4418604651162791
HisKA	64	3300012819.a:Ga0160468_100053_5	473	6.1e-11	2	53	244	293	0.796875
HATPase_c	111	3300012819.a:Ga0160468_100053_5	473	2.2e-18	4	104	348	441	0.9009009009009009
HTH_1	60	3300012819.a:Ga0160468_100053_62	297	4.5e-20	2	59	4	61	0.95
LysR_substrate	209	3300012819.a:Ga0160468_100053_62	297	3.6e-43	2	206	86	284	0.9760765550239234
HTH_1	60	3300012819.a:Ga0160468_100053_63	307	2.2e-17	2	59	15	72	0.95
LysR_substrate	209	3300012819.a:Ga0160468_100053_63	307	1.4e-30	2	200	98	299	0.9473684210526315
HTH_1	60	3300012819.a:Ga0160468_100053_78	298	5.8e-21	1	60	7	66	0.9833333333333333
LysR_substrate	209	3300012819.a:Ga0160468_100053_78	298	5.3e-25	2	208	91	296	0.9856459330143541
HTH_5	47	3300012819.a:Ga0160468_100053_8	93	3.5e-07	16	46	14	44	0.6382978723404256
HTH_1	60	3300012819.a:Ga0160468_100053_80	312	1.2e-19	4	60	12	68	0.9333333333333333
LysR_substrate	209	3300012819.a:Ga0160468_100053_80	312	9.8e-38	2	207	93	298	0.9808612440191388
HTH_1	60	3300012819.a:Ga0160468_100053_83	302	8.3e-20	1	59	4	62	0.9666666666666667
LysR_substrate	209	3300012819.a:Ga0160468_100053_83	302	1e-29	2	204	88	283	0.9665071770334929
HTH_1	60	3300012819.a:Ga0160468_100053_9	308	4.5e-19	3	59	6	62	0.9333333333333333
LysR_substrate	209	3300012819.a:Ga0160468_100053_9	308	4.1e-42	3	207	89	295	0.9760765550239234
HTH_1	60	3300012819.a:Ga0160468_100053_94	316	4.1e-19	3	60	11	68	0.95
LysR_substrate	209	3300012819.a:Ga0160468_100053_94	316	2.9e-43	2	208	93	296	0.9856459330143541
Pribosyltran	159	3300012819.a:Ga0160468_100061_106	181	5.3e-26	1	156	14	161	0.9748427672955975
Sigma70_r2	71	3300012819.a:Ga0160468_100061_109	832	2.8e-23	1	70	596	665	0.971830985915493
Sigma70_r3	78	3300012819.a:Ga0160468_100061_109	832	1.9e-25	1	75	675	749	0.9487179487179487
Sigma70_r4	50	3300012819.a:Ga0160468_100061_109	832	1.1e-20	1	50	764	817	0.98
TetR_N	47	3300012819.a:Ga0160468_100061_114	215	9.4e-15	1	46	23	67	0.9574468085106383
GntR	64	3300012819.a:Ga0160468_100061_12	225	3.6e-18	1	64	13	75	0.984375
MarR	59	3300012819.a:Ga0160468_100061_19	164	3.4e-09	1	58	38	95	0.9661016949152542
HTH_1	60	3300012819.a:Ga0160468_100061_23	307	7.6e-20	1	59	17	75	0.9666666666666667
LysR_substrate	209	3300012819.a:Ga0160468_100061_23	307	5.1e-30	3	205	102	301	0.9665071770334929
TetR_N	47	3300012819.a:Ga0160468_100061_28	221	3.6e-16	1	47	7	53	0.9787234042553191
HTH_1	60	3300012819.a:Ga0160468_100061_36	307	3.9e-21	1	60	4	63	0.9833333333333333
LysR_substrate	209	3300012819.a:Ga0160468_100061_36	307	3.4e-30	8	206	92	286	0.9473684210526315
AraC_binding	136	3300012819.a:Ga0160468_100061_40	261	3.1e-11	12	95	30	113	0.6102941176470589
HTH_18	81	3300012819.a:Ga0160468_100061_40	261	5e-23	1	80	181	258	0.9753086419753086
HTH_IclR	52	3300012819.a:Ga0160468_100061_45	247	5.4e-14	1	50	19	68	0.9423076923076923
IclR	129	3300012819.a:Ga0160468_100061_45	247	1.4e-11	61	126	167	231	0.5038759689922481
HTH_1	60	3300012819.a:Ga0160468_100061_46	317	5.8e-19	1	60	3	62	0.9833333333333333
LysR_substrate	209	3300012819.a:Ga0160468_100061_46	317	3.3e-35	3	206	88	291	0.9712918660287081
SBP_bac_1	315	3300012819.a:Ga0160468_100061_48	446	7e-38	9	312	45	328	0.9619047619047619
HTH_1	60	3300012819.a:Ga0160468_100061_54	309	5e-18	1	59	6	64	0.9666666666666667
LysR_substrate	209	3300012819.a:Ga0160468_100061_54	309	2.5e-37	3	206	90	291	0.9712918660287081
HTH_1	60	3300012819.a:Ga0160468_100061_59	307	6.2e-23	1	59	4	62	0.9666666666666667
LysR_substrate	209	3300012819.a:Ga0160468_100061_59	307	6.6e-47	6	206	92	292	0.9569377990430622
HTH_18	81	3300012819.a:Ga0160468_100061_6	296	7.8e-23	1	80	215	291	0.9753086419753086
Pyr_redox_2	292	3300012819.a:Ga0160468_100061_60	672	4.7e-21	1	250	387	626	0.8527397260273972
HTH_1	60	3300012819.a:Ga0160468_100061_72	300	3.1e-24	1	60	3	62	0.9833333333333333
LysR_substrate	209	3300012819.a:Ga0160468_100061_72	300	7.3e-45	3	207	88	293	0.9760765550239234
MarR	59	3300012819.a:Ga0160468_100061_78	182	1.1e-18	2	59	40	97	0.9661016949152542
HTH_IclR	52	3300012819.a:Ga0160468_100061_85	277	8e-10	5	51	31	77	0.8846153846153846
IclR	129	3300012819.a:Ga0160468_100061_85	277	1.2e-10	3	128	143	269	0.9689922480620154
Aminotran_1_2	363	3300012819.a:Ga0160468_100061_99	358	1.3e-58	1	363	24	352	0.9972451790633609
CbiA	128	3300012819.a:Ga0160468_100095_14	365	3.5e-18	1	83	101	268	0.640625
HTH_1	60	3300012819.a:Ga0160468_100095_17	301	6.2e-19	2	60	5	63	0.9666666666666667
LysR_substrate	209	3300012819.a:Ga0160468_100095_17	301	1.8e-45	4	206	90	292	0.9665071770334929
SBP_bac_1	315	3300012819.a:Ga0160468_100095_2	427	1.2e-31	10	314	40	335	0.9650793650793651
HTH_1	60	3300012819.a:Ga0160468_100095_20	338	4.1e-20	1	60	22	81	0.9833333333333333
LysR_substrate	209	3300012819.a:Ga0160468_100095_20	338	5.1e-30	4	205	108	308	0.9617224880382775
HATPase_c	111	3300012819.a:Ga0160468_100095_35	638	4.4e-14	1	109	35	190	0.972972972972973
Response_reg	112	3300012819.a:Ga0160468_100095_49	149	5.8e-08	1	82	3	100	0.7232142857142857
Response_reg	112	3300012819.a:Ga0160468_100095_50	385	6.7e-07	2	59	4	62	0.5089285714285714
TetR_N	47	3300012819.a:Ga0160468_100095_60	218	5.3e-08	2	46	15	59	0.9361702127659575
TetR_C	145	3300012819.a:Ga0160468_100095_60	218	2.6e-06	4	142	73	212	0.9517241379310345
HTH_5	47	3300012819.a:Ga0160468_100095_70	101	1.9e-09	17	46	43	72	0.6170212765957447
HTH_1	60	3300012819.a:Ga0160468_100095_73	313	1.1e-16	1	59	14	72	0.9666666666666667
LysR_substrate	209	3300012819.a:Ga0160468_100095_73	313	4.1e-22	2	204	99	300	0.9665071770334929
MarR	59	3300012819.a:Ga0160468_100095_75	151	5.6e-08	4	58	44	98	0.9152542372881356
MerR	38	3300012819.a:Ga0160468_100095_81	153	1.7e-15	1	38	34	70	0.9736842105263158
TetR_N	47	3300012819.a:Ga0160468_100095_84	199	3.3e-13	2	47	13	57	0.9574468085106383
SBP_bac_3	225	3300012819.a:Ga0160468_100095_85	269	7.8e-54	1	223	39	255	0.9866666666666667
TetR_N	47	3300012819.a:Ga0160468_100095_89	204	4.6e-17	4	45	17	58	0.8723404255319149
Pyr_redox_2	292	3300012819.a:Ga0160468_100095_9	402	2.4e-12	2	110	6	165	0.3698630136986301
HATPase_c	111	3300012819.a:Ga0160468_100107_1	183	2.5e-09	5	76	26	105	0.6396396396396397
GntR	64	3300012819.a:Ga0160468_100107_14	250	7.5e-24	1	64	15	78	0.984375
MarR	59	3300012819.a:Ga0160468_100107_15	159	5.2e-07	18	48	28	58	0.5084745762711864
AsnC_trans_reg	75	3300012819.a:Ga0160468_100107_15	159	2.4e-15	3	74	79	143	0.9466666666666667
AAA	132	3300012819.a:Ga0160468_100107_20	837	6.5e-12	2	125	42	171	0.9318181818181818
AAA	132	3300012819.a:Ga0160468_100107_33	637	1.3e-48	1	131	192	324	0.9848484848484849
MerR	38	3300012819.a:Ga0160468_100107_44	144	2.9e-19	1	38	2	39	0.9736842105263158
HMA	62	3300012819.a:Ga0160468_100107_45	764	1.7e-08	2	61	11	68	0.9516129032258065
Pyr_redox_2	292	3300012819.a:Ga0160468_100107_49	443	9.3e-07	71	176	123	233	0.3595890410958904
HTH_1	60	3300012819.a:Ga0160468_100107_55	321	1.9e-19	1	59	6	64	0.9666666666666667
LysR_substrate	209	3300012819.a:Ga0160468_100107_55	321	6.5e-35	3	208	91	292	0.9808612440191388
Sigma70_r2	71	3300012819.a:Ga0160468_100107_66	170	6.1e-07	4	69	13	75	0.9154929577464789
Sigma70_r4_2	54	3300012819.a:Ga0160468_100107_66	170	3.8e-16	3	54	108	159	0.9444444444444444
FecR	96	3300012819.a:Ga0160468_100107_67	278	6.1e-21	3	95	68	159	0.9583333333333334
CbiA	128	3300012819.a:Ga0160468_100108_1	580	1e-05	9	55	43	305	0.359375
Autoind_bind	149	3300012819.a:Ga0160468_100108_17	234	5.7e-06	2	104	15	109	0.6845637583892618
GerE	57	3300012819.a:Ga0160468_100108_17	234	2.6e-17	3	56	171	224	0.9298245614035088
HTH_1	60	3300012819.a:Ga0160468_100108_23	310	9.1e-21	1	59	5	63	0.9666666666666667
LysR_substrate	209	3300012819.a:Ga0160468_100108_23	310	3.2e-44	3	207	90	294	0.9760765550239234
Aminotran_1_2	363	3300012819.a:Ga0160468_100108_42	397	3.6e-59	2	355	31	375	0.9724517906336089
ACT	67	3300012819.a:Ga0160468_100108_43	435	2.7e-16	1	64	354	417	0.9402985074626866
PALP	294	3300012819.a:Ga0160468_100108_44	478	6.1e-14	30	274	105	408	0.8299319727891157
MarR	59	3300012819.a:Ga0160468_100108_46	141	1.5e-08	1	59	37	98	0.9830508474576272
CBS	57	3300012819.a:Ga0160468_100108_47	595	2e-09	1	47	448	496	0.8070175438596491
CBS	57	3300012819.a:Ga0160468_100108_47	595	1.4e-05	9	54	523	569	0.7894736842105263
SBP_bac_1	315	3300012819.a:Ga0160468_100108_58	368	3.4e-18	17	312	43	300	0.9365079365079365
HTH_1	60	3300012819.a:Ga0160468_100112_11	305	6.8e-20	1	60	3	62	0.9833333333333333
LysR_substrate	209	3300012819.a:Ga0160468_100112_11	305	5.6e-37	6	207	91	293	0.9617224880382775
MarR	59	3300012819.a:Ga0160468_100112_19	167	9.3e-14	4	58	50	104	0.9152542372881356
LacI	46	3300012819.a:Ga0160468_100112_22	339	2.1e-14	3	46	8	51	0.9347826086956522
Peripla_BP_3	164	3300012819.a:Ga0160468_100112_22	339	2.6e-30	2	164	176	334	0.9878048780487805
Sigma70_r2	71	3300012819.a:Ga0160468_100112_30	189	3.3e-18	2	70	29	96	0.9577464788732394
Sigma70_r4_2	54	3300012819.a:Ga0160468_100112_30	189	2.1e-15	3	54	132	183	0.9444444444444444
GntR	64	3300012819.a:Ga0160468_100112_38	261	1.8e-17	1	64	24	87	0.984375
Response_reg	112	3300012819.a:Ga0160468_100112_53	226	1.5e-21	1	111	3	112	0.9821428571428571
Trans_reg_C	77	3300012819.a:Ga0160468_100112_53	226	7.6e-23	1	77	145	216	0.987012987012987
HisKA	64	3300012819.a:Ga0160468_100112_54	447	1.7e-12	3	62	228	293	0.921875
HATPase_c	111	3300012819.a:Ga0160468_100112_54	447	7e-14	9	102	347	439	0.8378378378378378
Pyr_redox_2	292	3300012819.a:Ga0160468_100112_56	422	2.2e-13	2	117	30	144	0.3938356164383562
HTH_5	47	3300012819.a:Ga0160468_100112_6	246	1.8e-07	4	45	19	61	0.8723404255319149
Citrate_synt	361	3300012819.a:Ga0160468_100112_62	248	3.1e-25	153	354	32	234	0.556786703601108
HTH_IclR	52	3300012819.a:Ga0160468_100112_69	273	2.3e-15	1	49	26	74	0.9230769230769231
IclR	129	3300012819.a:Ga0160468_100112_69	273	4.3e-06	5	68	144	206	0.4883720930232558
HxlR	91	3300012819.a:Ga0160468_100136_19	121	5.3e-31	1	89	16	104	0.967032967032967
CbiA	128	3300012819.a:Ga0160468_100136_22	272	2.5e-20	1	127	5	226	0.984375
HisKA	64	3300012819.a:Ga0160468_100136_27	490	4.1e-05	3	46	278	323	0.671875
HATPase_c	111	3300012819.a:Ga0160468_100136_27	490	1.6e-17	2	109	377	483	0.963963963963964
Response_reg	112	3300012819.a:Ga0160468_100136_28	236	7.9e-32	1	112	8	118	0.9910714285714286
Trans_reg_C	77	3300012819.a:Ga0160468_100136_28	236	1e-22	3	77	156	231	0.961038961038961
Glyoxalase	128	3300012819.a:Ga0160468_100136_37	138	7.1e-22	3	128	4	123	0.9765625
SBP_bac_5	377	3300012819.a:Ga0160468_100136_48	533	1.1e-101	1	375	69	451	0.9920424403183024
ACT	67	3300012819.a:Ga0160468_100136_5	284	3.4e-08	1	49	5	56	0.7164179104477612
ACT	67	3300012819.a:Ga0160468_100140_10	410	1e-05	8	66	346	400	0.8656716417910447
HTH_11	55	3300012819.a:Ga0160468_100140_13	140	5.1e-10	4	46	7	48	0.7636363636363637
AsnC_trans_reg	75	3300012819.a:Ga0160468_100140_13	140	5.1e-10	5	74	71	136	0.92
HTH_1	60	3300012819.a:Ga0160468_100140_15	295	3.9e-21	2	60	6	64	0.9666666666666667
LysR_substrate	209	3300012819.a:Ga0160468_100140_15	295	8.2e-47	3	208	90	293	0.9808612440191388
GntR	64	3300012819.a:Ga0160468_100140_40	242	2.2e-17	2	64	15	76	0.96875
HTH_3	55	3300012819.a:Ga0160468_100140_46	115	3.1e-10	1	41	54	94	0.7272727272727273
Glyoxalase	128	3300012819.a:Ga0160468_100140_51	147	1.5e-05	8	123	11	132	0.8984375
HTH_18	81	3300012819.a:Ga0160468_100140_52	320	5.7e-23	1	81	238	317	0.9876543209876543
HTH_1	60	3300012819.a:Ga0160468_100140_55	326	3.4e-16	2	60	8	66	0.9666666666666667
LysR_substrate	209	3300012819.a:Ga0160468_100140_55	326	7.3e-40	2	206	91	300	0.9760765550239234
CHASE2	253	3300012819.a:Ga0160468_100140_59	788	1.8e-51	6	250	23	303	0.9644268774703557
HATPase_c	111	3300012819.a:Ga0160468_100140_59	788	4.7e-25	1	110	666	777	0.9819819819819819
FecR	96	3300012819.a:Ga0160468_100140_60	373	2.2e-13	2	86	124	215	0.875
Response_reg	112	3300012819.a:Ga0160468_100140_61	250	6.9e-22	1	111	3	114	0.9821428571428571
Trans_reg_C	77	3300012819.a:Ga0160468_100140_61	250	7.3e-18	2	77	150	225	0.974025974025974
Glyoxalase	128	3300012819.a:Ga0160468_100153_14	125	1.6e-09	2	128	2	117	0.984375
HxlR	91	3300012819.a:Ga0160468_100153_17	132	4.1e-28	2	90	37	127	0.967032967032967
HTH_1	60	3300012819.a:Ga0160468_100153_19	324	1.8e-18	2	60	24	82	0.9666666666666667
LysR_substrate	209	3300012819.a:Ga0160468_100153_19	324	8.8e-37	2	205	107	315	0.9712918660287081
GntR	64	3300012819.a:Ga0160468_100153_26	248	9.3e-16	1	61	16	75	0.9375
Citrate_synt	361	3300012819.a:Ga0160468_100153_29	258	1.4e-24	154	354	36	239	0.554016620498615
HTH_1	60	3300012819.a:Ga0160468_100153_33	303	6.3e-20	1	60	8	66	0.9833333333333333
LysR_substrate	209	3300012819.a:Ga0160468_100153_33	303	5.6e-37	6	207	92	290	0.9617224880382775
Pyr_redox_2	292	3300012819.a:Ga0160468_100153_39	413	2.4e-67	2	292	4	301	0.9931506849315068
HTH_1	60	3300012819.a:Ga0160468_100153_45	305	2.2e-19	2	59	6	63	0.95
LysR_substrate	209	3300012819.a:Ga0160468_100153_45	305	1e-43	6	207	93	294	0.9617224880382775
HTH_1	60	3300012819.a:Ga0160468_100153_47	330	6.7e-18	1	60	29	88	0.9833333333333333
LysR_substrate	209	3300012819.a:Ga0160468_100153_47	330	7.9e-31	3	200	114	311	0.9425837320574163
HTH_1	60	3300012819.a:Ga0160468_100153_55	303	4.5e-18	1	60	14	73	0.9833333333333333
LysR_substrate	209	3300012819.a:Ga0160468_100153_55	303	1.8e-24	3	204	99	298	0.9617224880382775
Trans_reg_C	77	3300012819.a:Ga0160468_100153_6	137	2.7e-17	3	77	51	124	0.961038961038961
STAS	117	3300012819.a:Ga0160468_100153_8	495	2.2e-08	12	105	403	485	0.7948717948717948
MarR	59	3300012819.a:Ga0160468_100157_31	147	9.7e-11	1	58	37	94	0.9661016949152542
PALP	294	3300012819.a:Ga0160468_100157_34	400	2.7e-52	5	294	58	382	0.9829931972789115
ACT	67	3300012819.a:Ga0160468_100157_35	760	5.7e-09	3	66	689	751	0.9402985074626866
Fer4	24	3300012819.a:Ga0160468_100157_40	108	3.1e-08	2	23	34	55	0.875
FeS	33	3300012819.a:Ga0160468_100157_43	241	3.6e-15	1	33	14	46	0.9696969696969697
Fer4	24	3300012819.a:Ga0160468_100157_43	241	1.8e-09	2	23	80	101	0.875
Fer4	24	3300012819.a:Ga0160468_100157_43	241	1.5e-06	2	23	110	131	0.875
HhH-GPD	108	3300012819.a:Ga0160468_100157_44	248	6.3e-21	1	107	34	168	0.9814814814814815
MerR	38	3300012819.a:Ga0160468_100157_45	147	6.7e-10	2	30	6	34	0.7368421052631579
Peripla_BP_3	164	3300012819.a:Ga0160468_100157_50	390	4.5e-05	1	96	150	238	0.5792682926829268
RseA_N	87	3300012819.a:Ga0160468_100157_8	166	7.9e-12	3	73	13	82	0.8045977011494253
Sigma70_r2	71	3300012819.a:Ga0160468_100157_9	200	1.1e-20	1	70	25	92	0.971830985915493
Sigma70_r4_2	54	3300012819.a:Ga0160468_100157_9	200	3e-20	4	53	133	182	0.9074074074074074
Fer4	24	3300012819.a:Ga0160468_100200_10	163	1.9e-07	5	24	60	79	0.7916666666666666
Fer4	24	3300012819.a:Ga0160468_100200_10	163	2.4e-09	2	23	96	117	0.875
cNMP_binding	88	3300012819.a:Ga0160468_100200_18	629	6.2e-11	3	86	36	122	0.9431818181818182
CBS	57	3300012819.a:Ga0160468_100200_18	629	1.4e-10	3	55	166	218	0.9122807017543859
CBS	57	3300012819.a:Ga0160468_100200_18	629	1.9e-12	2	54	230	283	0.9122807017543859
Glyoxalase	128	3300012819.a:Ga0160468_100200_19	117	1.6e-08	7	125	10	109	0.921875
HisKA	64	3300012819.a:Ga0160468_100200_26	470	2.5e-08	3	60	245	298	0.890625
HATPase_c	111	3300012819.a:Ga0160468_100200_26	470	1e-16	4	93	347	441	0.8018018018018018
Response_reg	112	3300012819.a:Ga0160468_100200_27	248	1.1e-35	1	112	15	125	0.9910714285714286
Trans_reg_C	77	3300012819.a:Ga0160468_100200_27	248	6.6e-23	3	77	167	241	0.961038961038961
HD	122	3300012819.a:Ga0160468_100216_17	787	1e-12	1	122	111	210	0.9918032786885246
HisKA	64	3300012819.a:Ga0160468_100216_27	380	7e-15	5	61	131	189	0.875
HATPase_c	111	3300012819.a:Ga0160468_100216_27	380	6.1e-15	5	110	236	377	0.9459459459459459
Response_reg	112	3300012819.a:Ga0160468_100216_28	521	7.5e-30	1	111	4	113	0.9821428571428571
AAA	132	3300012819.a:Ga0160468_100216_28	521	2.8e-06	1	112	169	288	0.8409090909090909
HTH_8	42	3300012819.a:Ga0160468_100216_28	521	5.1e-13	4	42	477	515	0.9047619047619048
AAA	132	3300012819.a:Ga0160468_100216_29	234	4e-06	1	71	39	173	0.5303030303030303
SBP_bac_1	315	3300012819.a:Ga0160468_100216_31	344	4.7e-19	9	314	37	287	0.9682539682539683
Aminotran_1_2	363	3300012819.a:Ga0160468_100257_13	404	4.4e-38	30	363	56	389	0.9173553719008265
HTH_3	55	3300012819.a:Ga0160468_100257_25	200	2.7e-14	1	55	13	67	0.9818181818181818
AraC_binding	136	3300012819.a:Ga0160468_100257_25	200	2.2e-05	6	75	116	186	0.5073529411764706
AraC_binding	136	3300012819.a:Ga0160468_100257_27	68	1.1e-05	28	71	6	49	0.3161764705882353
Glyoxalase	128	3300012819.a:Ga0160468_100257_8	132	4.7e-14	1	128	3	123	0.9921875
TOBE	64	3300012819.a:Ga0160468_100296_10	143	1.5e-18	2	64	4	66	0.96875
TOBE	64	3300012819.a:Ga0160468_100296_10	143	5.3e-16	2	64	76	138	0.96875
DctP	286	3300012819.a:Ga0160468_100296_14	344	2.1e-75	1	276	41	315	0.9615384615384616
GntR	64	3300012819.a:Ga0160468_100296_22	297	2.6e-19	2	64	17	79	0.96875
SBP_bac_3	225	3300012819.a:Ga0160468_100296_26	201	5.6e-40	1	164	39	197	0.7244444444444444
HTH_3	55	3300012819.a:Ga0160468_100296_3	94	2.1e-11	10	52	20	62	0.7636363636363637
HTH_1	60	3300012819.a:Ga0160468_100296_8	307	3.2e-18	1	60	5	64	0.9833333333333333
LysR_substrate	209	3300012819.a:Ga0160468_100296_8	307	3.3e-36	3	205	90	292	0.9665071770334929
HTH_6	77	3300012819.a:Ga0160468_100325_4	277	3.1e-19	9	76	16	83	0.8701298701298701
SIS	131	3300012819.a:Ga0160468_100325_4	277	1.7e-18	2	104	129	230	0.7786259541984732
GntR	64	3300012819.a:Ga0160468_100368_14	253	7.7e-20	2	64	19	81	0.96875
SBP_bac_3	225	3300012819.a:Ga0160468_100368_5	381	2.6e-09	81	178	170	267	0.4311111111111111
