0043758	87	3300027028.a:Ga0209295_1000006_14	207	3.9e-16	2	76	4	77	0.8505747126436781
0042546	127	3300027028.a:Ga0209295_1000006_18	129	1.2e-19	2	94	13	104	0.7244094488188977
0043707	64	3300027028.a:Ga0209295_1000006_207	180	3.7e-15	3	62	3	63	0.921875
0040517	144	3300027028.a:Ga0209295_1000006_223	148	2.8e-30	3	130	11	138	0.8819444444444444
0043707	64	3300027028.a:Ga0209295_1000006_33	288	6.5e-06	3	58	4	66	0.859375
0037767	80	3300027028.a:Ga0209295_1000006_331	100	4.1e-08	2	66	38	93	0.8
0039384	65	3300027028.a:Ga0209295_1000006_346	222	1.7e-07	6	58	16	68	0.8
0043095	94	3300027028.a:Ga0209295_1000006_382	117	6.7e-25	3	82	8	85	0.8404255319148937
0039384	65	3300027028.a:Ga0209295_1000006_42	243	1.5e-10	16	63	27	74	0.7230769230769231
0037176	98	3300027028.a:Ga0209295_1000006_422	442	1e-08	1	97	339	433	0.9795918367346939
0040266	151	3300027028.a:Ga0209295_1000006_465	139	1.1e-12	24	143	1	120	0.7880794701986755
0039384	65	3300027028.a:Ga0209295_1000006_491	206	2.9e-09	6	53	15	62	0.7230769230769231
0044258	100	3300027028.a:Ga0209295_1000006_504	111	4e-21	4	97	11	105	0.93
0045030	74	3300027028.a:Ga0209295_1000006_524	430	3.8e-05	16	69	23	76	0.7162162162162162
0037176	98	3300027028.a:Ga0209295_1000006_535	567	6e-16	1	93	475	565	0.9387755102040817
0043758	87	3300027028.a:Ga0209295_1000006_538	239	7.7e-09	17	65	28	74	0.5517241379310345
0043095	94	3300027028.a:Ga0209295_1000006_574	347	2.2e-13	7	87	263	339	0.851063829787234
0040517	144	3300027028.a:Ga0209295_1000006_612	151	7.9e-31	3	135	4	136	0.9166666666666666
0037767	80	3300027028.a:Ga0209295_1000006_649	221	9.3e-11	3	78	146	212	0.9375
0040266	151	3300027028.a:Ga0209295_1000006_68	260	2.9e-08	22	77	177	236	0.36423841059602646
0040517	144	3300027028.a:Ga0209295_1000006_798	153	3.2e-19	27	134	36	143	0.7430555555555556
0039939	63	3300027028.a:Ga0209295_1000006_812	179	1.3e-05	16	54	119	157	0.6031746031746031
0037244	118	3300027028.a:Ga0209295_1000006_836	265	5.3e-29	4	109	2	105	0.8898305084745762
0037456	76	3300027028.a:Ga0209295_1000006_95	195	1.7e-07	1	52	5	51	0.6710526315789473
0039384	65	3300027028.a:Ga0209295_1000019_114	223	1.5e-05	11	50	162	201	0.6
0043707	64	3300027028.a:Ga0209295_1000019_163	118	9.7e-14	3	61	4	63	0.90625
0039468	106	3300027028.a:Ga0209295_1000019_180	299	9.1e-15	1	83	1	99	0.7735849056603774
0040266	151	3300027028.a:Ga0209295_1000019_253	150	3.1e-11	23	142	2	120	0.7880794701986755
0045032	127	3300027028.a:Ga0209295_1000019_267	139	5.1e-30	2	125	6	125	0.968503937007874
0043143	63	3300027028.a:Ga0209295_1000019_292	68	3.6e-16	3	60	2	60	0.9047619047619048
0045032	127	3300027028.a:Ga0209295_1000019_310	145	3.3e-30	2	126	6	134	0.9763779527559056
0043095	94	3300027028.a:Ga0209295_1000019_344	108	1.6e-23	6	87	4	104	0.8617021276595744
0036286	54	3300027028.a:Ga0209295_1000019_367	114	6e-13	4	53	6	55	0.9074074074074074
0035607	54	3300027028.a:Ga0209295_1000019_367	114	1.1e-09	2	50	56	102	0.8888888888888888
0036955	59	3300027028.a:Ga0209295_1000019_42	327	3.5e-18	2	59	1	58	0.9661016949152542
0045032	127	3300027028.a:Ga0209295_1000019_7	145	1.3e-31	2	126	6	132	0.9763779527559056
0039939	63	3300027028.a:Ga0209295_1000020_104	197	9.2e-06	17	53	139	175	0.5714285714285714
0040586	141	3300027028.a:Ga0209295_1000020_131	160	1.2e-32	3	137	5	137	0.950354609929078
0040517	144	3300027028.a:Ga0209295_1000020_154	148	1.1e-18	26	135	34	143	0.7569444444444444
0044258	100	3300027028.a:Ga0209295_1000020_162	112	1.8e-20	7	98	11	101	0.91
0036955	59	3300027028.a:Ga0209295_1000020_275	335	1.8e-16	2	58	3	60	0.9491525423728814
0044030	41	3300027028.a:Ga0209295_1000020_300	184	6.5e-10	1	30	81	110	0.7073170731707317
0042546	127	3300027028.a:Ga0209295_1000020_307	254	7.5e-28	2	117	3	111	0.905511811023622
0039384	65	3300027028.a:Ga0209295_1000020_314	221	1.9e-10	7	63	22	78	0.8615384615384616
0043707	64	3300027028.a:Ga0209295_1000020_32	410	2.9e-10	3	61	4	62	0.90625
0036286	54	3300027028.a:Ga0209295_1000020_43	262	9.6e-12	2	52	145	195	0.9259259259259259
0035607	54	3300027028.a:Ga0209295_1000020_43	262	8.4e-10	3	52	198	245	0.9074074074074074
0040266	151	3300027028.a:Ga0209295_1000020_54	141	5.9e-17	29	140	10	123	0.7350993377483444
0043669	98	3300027028.a:Ga0209295_1000020_58	130	7.8e-26	6	94	27	116	0.8979591836734694
0043095	94	3300027028.a:Ga0209295_1000020_73	110	4.5e-23	4	78	2	76	0.7872340425531915
0043143	63	3300027028.a:Ga0209295_1000032_134	70	2.5e-09	9	60	10	63	0.8095238095238095
0043758	87	3300027028.a:Ga0209295_1000032_146	125	7.3e-07	12	66	23	75	0.6206896551724138
0043707	64	3300027028.a:Ga0209295_1000032_17	411	8.6e-08	3	56	3	56	0.828125
0043935	94	3300027028.a:Ga0209295_1000032_173	108	1e-18	2	91	5	98	0.9468085106382979
0037767	80	3300027028.a:Ga0209295_1000032_197	234	2.2e-11	6	70	13	72	0.8
0037767	80	3300027028.a:Ga0209295_1000032_218	374	1e-08	7	75	13	72	0.85
0040266	151	3300027028.a:Ga0209295_1000032_228	384	2.2e-07	30	84	16	72	0.3576158940397351
0036955	59	3300027028.a:Ga0209295_1000032_23	340	4.5e-19	2	58	2	58	0.9491525423728814
0036286	54	3300027028.a:Ga0209295_1000032_240	520	4e-09	4	53	402	451	0.9074074074074074
0035607	54	3300027028.a:Ga0209295_1000032_240	520	9.6e-09	2	53	452	501	0.9444444444444444
0037767	80	3300027028.a:Ga0209295_1000032_245	241	8.9e-11	16	73	24	76	0.7125
0040517	144	3300027028.a:Ga0209295_1000032_36	294	1.7e-07	42	107	14	75	0.4513888888888889
0037767	80	3300027028.a:Ga0209295_1000043_163	232	3.6e-16	6	76	145	214	0.875
0042156	125	3300027028.a:Ga0209295_1000043_169	146	4.1e-28	2	113	5	114	0.888
0038966	94	3300027028.a:Ga0209295_1000043_17	278	7.4e-05	28	62	123	157	0.3617021276595745
0040517	144	3300027028.a:Ga0209295_1000043_188	310	1.6e-05	42	109	13	76	0.4652777777777778
0036286	54	3300027028.a:Ga0209295_1000043_221	838	4.7e-06	2	48	173	220	0.8518518518518519
0035607	54	3300027028.a:Ga0209295_1000043_221	838	3.1e-07	2	53	226	275	0.9444444444444444
0037767	80	3300027028.a:Ga0209295_1000043_233	227	5e-13	1	62	147	208	0.7625
0040266	151	3300027028.a:Ga0209295_1000043_51	235	2.9e-07	22	91	154	226	0.45695364238410596
0036955	59	3300027028.a:Ga0209295_1000043_64	344	1.3e-18	3	58	3	58	0.9322033898305084
0036955	59	3300027028.a:Ga0209295_1000043_70	330	3.3e-17	2	57	1	56	0.9322033898305084
0043935	94	3300027028.a:Ga0209295_1000043_89	181	7.5e-12	6	83	6	91	0.8191489361702128
0039384	65	3300027028.a:Ga0209295_1000050_118	178	1.2e-11	5	64	6	65	0.9076923076923077
0040517	144	3300027028.a:Ga0209295_1000050_169	151	6.4e-32	7	131	22	146	0.8611111111111112
0043143	63	3300027028.a:Ga0209295_1000050_194	67	7.7e-17	2	61	2	62	0.9365079365079365
0041150	134	3300027028.a:Ga0209295_1000050_33	137	2.3e-34	3	134	6	134	0.9776119402985075
0043758	87	3300027028.a:Ga0209295_1000050_46	213	2.3e-15	1	85	5	81	0.9655172413793104
0043758	87	3300027028.a:Ga0209295_1000050_66	344	9.6e-25	1	82	1	82	0.9310344827586207
0045032	127	3300027028.a:Ga0209295_1000050_99	139	3.2e-28	1	125	5	123	0.9763779527559056
0043707	64	3300027028.a:Ga0209295_1000056_133	119	1.1e-14	3	61	3	62	0.90625
0043707	64	3300027028.a:Ga0209295_1000056_134	75	2.1e-12	3	62	2	61	0.921875
0043707	64	3300027028.a:Ga0209295_1000056_136	170	1e-06	10	56	12	57	0.71875
0041150	134	3300027028.a:Ga0209295_1000056_4	156	2.5e-41	2	132	7	140	0.9701492537313433
0039384	65	3300027028.a:Ga0209295_1000056_65	327	4.9e-14	11	62	9	61	0.7846153846153846
0040517	144	3300027028.a:Ga0209295_1000056_73	234	4.8e-08	6	82	10	91	0.5277777777777778
0039384	65	3300027028.a:Ga0209295_1000063_148	265	2.9e-05	9	57	9	57	0.7384615384615385
0043143	63	3300027028.a:Ga0209295_1000063_19	70	8.6e-15	4	60	3	60	0.8888888888888888
0036286	54	3300027028.a:Ga0209295_1000063_27	518	3.2e-09	3	53	404	454	0.9259259259259259
0035607	54	3300027028.a:Ga0209295_1000063_27	518	2.9e-09	3	53	456	504	0.9259259259259259
0036955	59	3300027028.a:Ga0209295_1000063_37	348	1.1e-17	2	58	1	57	0.9491525423728814
0045030	74	3300027028.a:Ga0209295_1000063_6	211	4.2e-23	1	72	9	80	0.9594594594594594
0036286	54	3300027028.a:Ga0209295_1000063_68	192	9.4e-12	4	52	84	132	0.8888888888888888
0035607	54	3300027028.a:Ga0209295_1000063_68	192	7.2e-10	3	53	135	183	0.9259259259259259
0036955	59	3300027028.a:Ga0209295_1000063_76	329	2.8e-18	3	58	5	60	0.9322033898305084
0043707	64	3300027028.a:Ga0209295_1000064_164	72	1.8e-10	5	61	7	64	0.875
0037176	98	3300027028.a:Ga0209295_1000064_168	437	8.5e-15	1	94	327	428	0.9489795918367347
0042156	125	3300027028.a:Ga0209295_1000064_44	193	1.6e-22	6	119	22	133	0.904
0040517	144	3300027028.a:Ga0209295_1000072_108	143	5.7e-29	14	134	19	139	0.8333333333333334
0036286	54	3300027028.a:Ga0209295_1000072_124	274	1.3e-09	4	53	170	219	0.9074074074074074
0035607	54	3300027028.a:Ga0209295_1000072_124	274	8.3e-10	3	53	221	269	0.9259259259259259
0036955	59	3300027028.a:Ga0209295_1000072_14	329	1.7e-14	2	52	1	51	0.847457627118644
0043095	94	3300027028.a:Ga0209295_1000072_165	187	1.1e-08	9	68	5	64	0.6276595744680851
0043935	94	3300027028.a:Ga0209295_1000072_185	121	2.1e-16	11	88	13	99	0.8191489361702128
0043758	87	3300027028.a:Ga0209295_1000072_28	251	1.4e-16	3	85	4	79	0.9425287356321839
0036286	54	3300027028.a:Ga0209295_1000072_42	262	5.4e-10	5	52	154	201	0.8703703703703703
0035607	54	3300027028.a:Ga0209295_1000072_42	262	1.4e-10	3	53	204	252	0.9259259259259259
0043935	94	3300027028.a:Ga0209295_1000072_72	317	7.7e-05	9	66	251	314	0.6063829787234043
0037176	98	3300027028.a:Ga0209295_1000105_100	681	8e-17	1	97	581	679	0.9795918367346939
0035347	75	3300027028.a:Ga0209295_1000105_105	150	9.7e-26	2	75	5	78	0.9733333333333334
0038753	71	3300027028.a:Ga0209295_1000105_37	551	1.7e-05	17	65	12	52	0.676056338028169
0036955	59	3300027028.a:Ga0209295_1000105_55	333	4.4e-18	2	58	1	57	0.9491525423728814
0040266	151	3300027028.a:Ga0209295_1000105_75	293	2.5e-05	43	109	16	79	0.4370860927152318
0041150	134	3300027028.a:Ga0209295_1000125_88	148	3e-44	2	134	8	138	0.9850746268656716
0043758	87	3300027028.a:Ga0209295_1000139_10	436	1.2e-05	4	56	3	51	0.5977011494252874
0036955	59	3300027028.a:Ga0209295_1000139_43	333	4.6e-21	2	58	2	58	0.9491525423728814
0043758	87	3300027028.a:Ga0209295_1000139_63	74	5.9e-09	5	58	11	57	0.6091954022988506
0039384	65	3300027028.a:Ga0209295_1000139_7	214	5.5e-12	15	64	22	71	0.7538461538461538
0043935	94	3300027028.a:Ga0209295_1000387_15	113	3.3e-18	6	89	14	103	0.8829787234042553
0040266	151	3300027028.a:Ga0209295_1000387_2	294	2.7e-06	42	110	16	81	0.4503311258278146
0037767	80	3300027028.a:Ga0209295_1000620_12	473	8.6e-08	3	76	17	85	0.9125
