3300027028.a:Ga0209295_1000072_7	gnl|TC-DB|P46133|2.A.68.1.1	43.8	502	280	2	4	504	7	507	1.6e-123	439.5
3300027028.a:Ga0209295_1000072_26	gnl|TC-DB|P08839|8.A.7.1.1	47.5	564	294	1	5	566	2	565	4.9e-145	511.1
3300027028.a:Ga0209295_1000072_27	gnl|TC-DB|H1XXZ0|8.A.8.1.5	37.3	83	52	0	1	83	1	83	9.5e-11	62.4
3300027028.a:Ga0209295_1000072_30	gnl|TC-DB|P71012|4.A.2.1.4	55.4	650	262	5	1	639	1	633	1.5e-179	625.9
3300027028.a:Ga0209295_1000072_41	gnl|TC-DB|K2M2W7|9.B.102.2.4	46.3	361	187	6	52	409	42	398	4.8e-81	298.1
3300027028.a:Ga0209295_1000072_44	gnl|TC-DB|P31552|4.C.1.1.6	25.3	506	338	10	30	520	37	517	3.8e-43	172.6
3300027028.a:Ga0209295_1000072_49	gnl|TC-DB|Q45064|9.B.31.1.2	56.6	196	81	1	1	196	1	192	5.0e-49	190.7
3300027028.a:Ga0209295_1000072_60	gnl|TC-DB|P94585|1.A.22.1.3	52.0	125	60	0	1	125	1	125	5.3e-31	130.2
3300027028.a:Ga0209295_1000072_68	gnl|TC-DB|P45706|5.A.1.2.1	57.1	233	100	0	4	236	3	235	1.4e-74	275.8
3300027028.a:Ga0209295_1000072_76	gnl|TC-DB|Q8TZQ3|3.A.1.1.16	38.4	367	200	6	1	350	1	358	2.5e-62	235.7
3300027028.a:Ga0209295_1000072_79	gnl|TC-DB|B7L6M8|3.A.1.19.4	38.0	379	214	6	37	414	22	380	2.9e-70	262.3
3300027028.a:Ga0209295_1000072_97	gnl|TC-DB|P0AC96|2.A.8.1.8	45.5	442	238	2	1	441	1	440	1.2e-106	383.3
3300027028.a:Ga0209295_1000072_103	gnl|TC-DB|A7NH45|3.A.1.17.8	44.8	250	127	3	1	241	1	248	1.3e-57	219.5
3300027028.a:Ga0209295_1000072_104	gnl|TC-DB|A9WDS0|3.A.1.17.13	42.0	238	138	0	10	247	32	269	6.6e-49	190.7
3300027028.a:Ga0209295_1000072_106	gnl|TC-DB|A7NH44|3.A.1.17.8	51.6	335	152	4	1	331	1	329	1.8e-94	342.4
3300027028.a:Ga0209295_1000072_153	gnl|TC-DB|P75957|3.A.1.125.1	45.4	227	123	1	7	232	3	229	3.9e-56	214.5
3300027028.a:Ga0209295_1000160_2	gnl|TC-DB|A0L4L0|3.A.1.132.3	46.7	169	89	1	111	278	93	261	1.4e-36	150.2
3300027028.a:Ga0209295_1000160_7	gnl|TC-DB|Q839D3|3.A.1.26.7	54.0	265	122	0	1	265	1	265	1.2e-74	276.2
3300027028.a:Ga0209295_1000160_8	gnl|TC-DB|Q839D4|3.A.1.26.7	56.0	293	122	2	1	290	1	289	4.8e-88	320.9
3300027028.a:Ga0209295_1000160_9	gnl|TC-DB|Q839D5|3.A.1.26.7	57.2	278	117	1	5	282	4	279	2.9e-90	328.2
3300027028.a:Ga0209295_1000160_17	gnl|TC-DB|P16336|3.A.5.2.1	72.6	431	117	1	1	431	1	430	3.0e-171	597.8
3300027028.a:Ga0209295_1000160_39	gnl|TC-DB|O32105|2.A.8.1.12	49.9	403	197	3	42	441	42	442	3.2e-104	375.2
3300027028.a:Ga0209295_1000160_58	gnl|TC-DB|Q9ZK21|1.C.82.1.1	49.1	228	116	0	3	230	4	231	7.5e-60	226.9
3300027028.a:Ga0209295_1000160_73	gnl|TC-DB|Q9FI56|3.A.9.1.2	58.4	819	331	4	2	810	94	912	6.1e-274	939.9
3300027028.a:Ga0209295_1000387_17	gnl|TC-DB|P54428|9.A.40.2.1	30.2	341	232	3	7	343	8	346	1.5e-40	163.3
3300027028.a:Ga0209295_1000387_18	gnl|TC-DB|P54428|9.A.40.2.1	53.5	344	153	3	7	344	4	346	8.3e-95	343.6
3300027028.a:Ga0209295_1000387_19	gnl|TC-DB|P54428|9.A.40.2.1	50.9	395	185	4	4	391	1	393	7.9e-111	397.1
3300027028.a:Ga0209295_1000387_20	gnl|TC-DB|O34997|2.A.109.1.4	63.3	248	90	1	3	250	64	310	1.6e-79	292.4
3300027028.a:Ga0209295_1000387_21	gnl|TC-DB|P39115|3.A.1.121.3	61.0	546	208	3	1	546	1	541	2.9e-187	651.4
3300027028.a:Ga0209295_1000019_26	gnl|TC-DB|P43531|2.A.1.36.1	30.1	408	284	1	1	407	7	414	7.6e-47	184.5
3300027028.a:Ga0209295_1000019_27	gnl|TC-DB|Q65NC0|2.A.47.1.13	54.5	541	241	5	2	542	5	540	5.7e-167	583.9
3300027028.a:Ga0209295_1000019_31	gnl|TC-DB|P54428|9.A.40.2.1	52.5	423	193	4	7	423	4	424	1.1e-115	413.3
3300027028.a:Ga0209295_1000019_37	gnl|TC-DB|A6VKT0|3.A.1.2.13	58.1	267	111	1	42	307	26	292	6.8e-77	283.9
3300027028.a:Ga0209295_1000019_38	gnl|TC-DB|A6VKS9|3.A.1.2.13	55.4	294	129	2	18	309	20	313	1.0e-80	296.6
3300027028.a:Ga0209295_1000019_39	gnl|TC-DB|A6VKS8|3.A.1.2.13	46.9	495	261	2	6	500	2	494	2.9e-125	445.3
3300027028.a:Ga0209295_1000019_49	gnl|TC-DB|P76460|2.A.73.1.1	38.9	440	268	1	21	460	2	440	3.9e-92	335.1
3300027028.a:Ga0209295_1000019_59	gnl|TC-DB|Q6N8W8|2.A.56.1.10	29.9	445	294	5	1	440	2	433	1.3e-41	167.2
3300027028.a:Ga0209295_1000019_64	gnl|TC-DB|P69451|4.C.1.1.4	28.4	536	345	9	21	522	21	551	2.9e-59	226.1
3300027028.a:Ga0209295_1000019_70	gnl|TC-DB|Q55487|4.D.2.1.9	40.8	299	176	1	4	301	5	303	1.4e-69	259.6
3300027028.a:Ga0209295_1000019_82	gnl|TC-DB|B2GH49|9.B.160.1.10	28.3	237	150	8	45	278	158	377	4.9e-11	65.5
3300027028.a:Ga0209295_1000019_90	gnl|TC-DB|E8R490|3.A.1.146.2	35.8	310	175	8	1	291	1	305	7.1e-39	157.5
3300027028.a:Ga0209295_1000019_98	gnl|TC-DB|Q07711|3.A.7.7.1	35.4	709	441	12	1	702	1	699	3.1e-117	419.1
3300027028.a:Ga0209295_1000019_110	gnl|TC-DB|Q9FA44|2.A.80.1.1	43.8	491	273	3	1	489	1	490	3.0e-106	382.1
3300027028.a:Ga0209295_1000019_112	gnl|TC-DB|S5XTE7|2.A.80.1.4	31.6	301	197	5	33	332	42	334	6.8e-38	154.5
3300027028.a:Ga0209295_1000019_118	gnl|TC-DB|Q9HT68|3.A.1.24.5	34.7	268	160	5	1	267	1	254	8.7e-39	157.1
3300027028.a:Ga0209295_1000019_119	gnl|TC-DB|O32168|3.A.1.24.2	45.3	179	98	0	45	223	44	222	4.7e-35	144.4
3300027028.a:Ga0209295_1000019_120	gnl|TC-DB|O32169|3.A.1.24.2	50.0	338	164	1	1	333	1	338	4.5e-90	327.8
3300027028.a:Ga0209295_1000019_129	gnl|TC-DB|Q8WYK0|4.C.3.1.2	31.7	145	98	1	12	156	10	153	3.0e-12	68.2
3300027028.a:Ga0209295_1000019_139	gnl|TC-DB|Q9F3K7|3.A.1.3.24	57.8	249	95	2	1	239	4	252	9.1e-77	283.1
3300027028.a:Ga0209295_1000019_140	gnl|TC-DB|P73544|3.A.1.3.12	41.0	210	117	1	16	218	307	516	2.7e-38	155.2
3300027028.a:Ga0209295_1000019_141	gnl|TC-DB|P73544|3.A.1.3.12	34.8	221	134	6	52	263	47	266	4.4e-22	101.7
3300027028.a:Ga0209295_1000019_151	gnl|TC-DB|P38919|3.A.18.1.1	34.6	364	237	1	3	365	37	400	2.0e-62	236.5
3300027028.a:Ga0209295_1000019_155	gnl|TC-DB|C0QCR7|8.A.59.4.1	32.3	189	112	2	118	290	349	537	1.1e-26	117.1
3300027028.a:Ga0209295_1000019_159	gnl|TC-DB|Q5EAK4|2.A.16.2.2	26.4	409	237	16	34	406	1389	1769	3.4e-24	109.8
3300027028.a:Ga0209295_1000019_171	gnl|TC-DB|Q1CWQ3|2.A.1.24.4	40.0	408	237	5	5	407	11	415	5.4e-72	268.1
3300027028.a:Ga0209295_1000019_173	gnl|TC-DB|P94360|3.A.1.1.26	67.7	365	118	0	1	365	1	365	1.9e-142	501.9
3300027028.a:Ga0209295_1000019_179	gnl|TC-DB|P39843|2.A.1.2.8	38.4	398	226	3	4	392	7	394	1.4e-74	276.6
3300027028.a:Ga0209295_1000019_182	gnl|TC-DB|P31466|2.A.40.7.6	33.2	431	277	4	5	428	15	441	6.7e-62	234.6
3300027028.a:Ga0209295_1000019_183	gnl|TC-DB|Q9KPL5|2.A.41.2.11	57.2	416	165	3	1	403	1	416	1.5e-116	416.0
3300027028.a:Ga0209295_1000019_184	gnl|TC-DB|Q5HE38|2.A.1.3.39	44.7	474	252	1	1	464	1	474	6.9e-105	377.5
3300027028.a:Ga0209295_1000019_185	gnl|TC-DB|D4G632|2.A.6.3.9	21.5	1093	743	22	1	1029	9	1050	1.8e-44	177.9
3300027028.a:Ga0209295_1000019_194	gnl|TC-DB|B7IJ88|9.B.29.2.3	29.6	206	125	7	10	201	12	211	1.8e-15	79.3
3300027028.a:Ga0209295_1000019_200	gnl|TC-DB|M4V8N5|2.A.7.3.65	27.9	290	192	7	5	286	21	301	3.5e-14	75.5
3300027028.a:Ga0209295_1000019_204	gnl|TC-DB|D4ZZR3|9.B.34.1.3	27.0	174	122	2	611	780	221	393	1.8e-12	71.6
3300027028.a:Ga0209295_1000019_208	gnl|TC-DB|J8ABC0|3.A.1.105.9	33.7	306	171	5	6	280	4	308	2.2e-42	169.1
3300027028.a:Ga0209295_1000019_212	gnl|TC-DB|P43672|3.A.1.120.6	32.9	504	319	8	17	513	18	509	1.2e-71	267.3
3300027028.a:Ga0209295_1000019_215	gnl|TC-DB|P77735|8.A.5.1.6	33.0	324	210	3	1	322	1	319	7.2e-46	181.0
3300027028.a:Ga0209295_1000019_217	gnl|TC-DB|Q4VWC9|3.A.1.105.4	42.6	209	118	1	3	209	342	550	4.1e-45	177.9
3300027028.a:Ga0209295_1000019_218	gnl|TC-DB|Q3Z8A7|3.A.1.105.6	32.1	196	127	3	142	336	42	232	1.5e-19	93.6
3300027028.a:Ga0209295_1000019_248	gnl|TC-DB|P42065|3.A.1.5.20	56.6	320	136	2	14	330	7	326	5.6e-101	364.0
3300027028.a:Ga0209295_1000019_249	gnl|TC-DB|P26905|3.A.1.5.2	55.6	320	141	1	5	323	4	323	4.7e-95	344.4
3300027028.a:Ga0209295_1000019_250	gnl|TC-DB|P33950|3.A.1.5.27	27.7	538	346	12	15	517	14	543	1.1e-50	197.6
3300027028.a:Ga0209295_1000019_251	gnl|TC-DB|P75799|3.A.1.5.11	47.1	274	136	3	23	291	32	301	1.0e-61	233.4
3300027028.a:Ga0209295_1000019_252	gnl|TC-DB|P75798|3.A.1.5.11	46.2	312	161	2	1	312	1	305	2.8e-70	261.9
3300027028.a:Ga0209295_1000019_286	gnl|TC-DB|M5B8T3|2.A.102.6.1	28.3	184	131	1	47	229	51	234	1.1e-11	67.0
3300027028.a:Ga0209295_1000019_288	gnl|TC-DB|P32011|3.A.1.105.1	48.6	259	133	0	21	279	22	280	7.6e-67	250.4
3300027028.a:Ga0209295_1000019_289	gnl|TC-DB|P32010|3.A.1.105.1	61.6	315	121	0	14	328	8	322	8.4e-105	376.7
3300027028.a:Ga0209295_1000019_296	gnl|TC-DB|Q97PQ1|2.A.4.7.6	38.1	286	177	0	3	288	2	287	1.5e-57	219.5
3300027028.a:Ga0209295_1000019_298	gnl|TC-DB|P0A2V4|3.A.1.5.10	41.2	250	140	2	3	245	4	253	4.5e-51	198.0
3300027028.a:Ga0209295_1000019_299	gnl|TC-DB|P75796|3.A.1.5.11	43.5	271	147	2	6	270	11	281	1.4e-57	219.5
3300027028.a:Ga0209295_1000019_300	gnl|TC-DB|Q93PJ7|3.A.1.5.40	37.8	262	162	1	12	273	10	270	1.5e-51	199.5
3300027028.a:Ga0209295_1000019_301	gnl|TC-DB|P33591|3.A.1.5.3	41.9	308	179	0	1	308	1	308	7.0e-69	257.3
3300027028.a:Ga0209295_1000019_302	gnl|TC-DB|P33590|3.A.1.5.3	38.4	534	312	4	7	539	6	523	1.1e-114	410.2
3300027028.a:Ga0209295_1000019_307	gnl|TC-DB|Q5WGH2|2.A.1.62.3	37.3	402	245	4	8	405	10	408	3.8e-70	261.9
3300027028.a:Ga0209295_1000019_315	gnl|TC-DB|Q41364|2.A.47.3.1	51.2	465	225	1	12	474	105	569	3.0e-140	495.0
3300027028.a:Ga0209295_1000019_322	gnl|TC-DB|P60782|9.B.31.1.1	41.6	101	59	0	6	106	8	108	1.1e-16	83.2
3300027028.a:Ga0209295_1000019_329	gnl|TC-DB|Q9HV74|2.A.21.9.1	26.7	243	153	8	53	294	739	957	1.2e-12	70.5
3300027028.a:Ga0209295_1000019_330	gnl|TC-DB|P42332|3.A.1.131.1	42.6	303	172	2	1	302	1	302	9.7e-71	263.5
3300027028.a:Ga0209295_1000019_345	gnl|TC-DB|P77389|2.A.1.2.65	31.6	373	250	2	21	392	10	378	2.7e-44	176.0
3300027028.a:Ga0209295_1000019_347	gnl|TC-DB|P80874|8.A.5.1.4	24.2	326	186	12	4	273	1	321	1.0e-15	80.5
3300027028.a:Ga0209295_1000019_348	gnl|TC-DB|P76330|9.B.34.1.4	34.6	156	99	2	387	539	401	556	9.4e-17	85.5
3300027028.a:Ga0209295_1000019_353	gnl|TC-DB|O32080|2.A.38.4.3	53.6	220	102	0	2	221	3	222	7.4e-65	243.4
3300027028.a:Ga0209295_1000019_354	gnl|TC-DB|O32081|2.A.38.4.3	61.6	443	170	0	1	443	3	445	7.9e-151	530.0
3300027028.a:Ga0209295_1000019_356	gnl|TC-DB|Q8RME1|3.A.1.126.1	45.9	292	155	2	4	295	2	290	1.2e-73	273.1
3300027028.a:Ga0209295_1000019_362	gnl|TC-DB|O34741|3.A.1.134.3	36.0	673	367	17	11	646	1	646	5.3e-87	318.5
3300027028.a:Ga0209295_1000019_363	gnl|TC-DB|O34697|3.A.1.134.3	61.4	246	95	0	17	262	3	248	2.4e-86	315.1
3300027028.a:Ga0209295_1000019_369	gnl|TC-DB|O31658|2.A.38.4.4	57.0	454	188	2	1	454	3	449	4.2e-131	464.5
3300027028.a:Ga0209295_1000019_370	gnl|TC-DB|O32080|2.A.38.4.3	54.2	216	99	0	3	218	7	222	1.5e-70	262.3
3300027028.a:Ga0209295_1000019_372	gnl|TC-DB|O34897|1.A.23.3.1	54.7	258	116	1	3	259	2	259	3.2e-73	271.6
3300027028.a:Ga0209295_1000019_385	gnl|TC-DB|D4ZZR3|9.B.34.1.3	39.9	163	92	3	236	393	231	392	9.0e-24	108.2
3300027028.a:Ga0209295_1000019_387	gnl|TC-DB|Q54066|4.D.1.1.2	27.4	361	199	12	52	396	43	356	3.3e-22	102.8
3300027028.a:Ga0209295_1000019_389	gnl|TC-DB|Q93N33|2.A.21.9.2	24.0	367	260	6	581	931	788	1151	2.2e-17	87.8
3300027028.a:Ga0209295_1000020_18	gnl|TC-DB|P38919|3.A.18.1.1	39.1	371	223	2	4	372	40	409	8.8e-74	274.2
3300027028.a:Ga0209295_1000020_23	gnl|TC-DB|P07373|2.A.103.1.3	30.8	383	237	9	1	378	1	360	5.0e-40	161.8
3300027028.a:Ga0209295_1000020_27	gnl|TC-DB|O32220|3.A.3.5.18	58.7	799	319	5	4	792	5	802	7.5e-253	869.8
3300027028.a:Ga0209295_1000020_28	gnl|TC-DB|P0A0J7|2.A.1.2.10	27.2	386	277	4	1	384	1	384	4.4e-36	148.7
3300027028.a:Ga0209295_1000020_31	gnl|TC-DB|C7T7Y0|2.A.1.38.4	24.7	397	294	4	20	413	27	421	3.2e-24	109.4
3300027028.a:Ga0209295_1000020_40	gnl|TC-DB|Q47142|2.A.1.27.1	27.9	373	265	3	1	373	3	371	7.3e-36	147.9
3300027028.a:Ga0209295_1000020_42	gnl|TC-DB|P54544|2.A.9.3.3	36.6	238	141	2	29	258	38	273	8.9e-41	163.7
3300027028.a:Ga0209295_1000020_57	gnl|TC-DB|P20021|3.A.3.6.1	55.6	712	286	8	5	688	16	725	2.1e-214	741.9
3300027028.a:Ga0209295_1000020_64	gnl|TC-DB|P76007|2.A.36.6.11	43.7	476	263	4	8	481	5	477	1.5e-97	353.2
3300027028.a:Ga0209295_1000020_72	gnl|TC-DB|P30329|2.A.45.1.1	65.2	425	148	0	5	429	4	428	2.0e-154	542.0
3300027028.a:Ga0209295_1000020_83	gnl|TC-DB|Q8Q040|3.A.1.12.11	34.7	300	180	5	8	295	9	304	7.6e-41	164.1
3300027028.a:Ga0209295_1000020_84	gnl|TC-DB|Q93A34|3.A.1.12.8	56.7	203	88	0	1	203	1	203	4.9e-58	220.7
3300027028.a:Ga0209295_1000020_85	gnl|TC-DB|O34992|3.A.1.12.4	50.3	304	141	3	1	303	1	295	5.1e-83	304.3
3300027028.a:Ga0209295_1000020_87	gnl|TC-DB|O34691|2.A.1.82.4	70.1	394	118	0	12	405	7	400	6.7e-157	550.1
3300027028.a:Ga0209295_1000020_89	gnl|TC-DB|B2UL32|2.A.5.5.5	55.3	264	115	2	5	266	8	270	6.4e-63	237.3
3300027028.a:Ga0209295_1000020_92	gnl|TC-DB|Q0IDE4|1.A.11.2.5	44.7	407	200	7	11	394	78	482	2.8e-84	308.9
3300027028.a:Ga0209295_1000020_94	gnl|TC-DB|Q9X665|3.A.1.14.7	42.1	233	133	1	11	241	13	245	1.4e-51	199.5
3300027028.a:Ga0209295_1000020_95	gnl|TC-DB|P06972|3.A.1.14.3	28.8	285	188	7	34	314	387	660	6.9e-16	81.3
3300027028.a:Ga0209295_1000020_96	gnl|TC-DB|Q99YA3|3.A.1.14.10	28.2	287	192	8	33	311	56	336	8.7e-19	90.9
3300027028.a:Ga0209295_1000020_100	gnl|TC-DB|Q93AK1|2.A.15.1.8	66.1	493	165	2	1	491	1	493	3.3e-185	644.4
3300027028.a:Ga0209295_1000020_102	gnl|TC-DB|J7JIE8|2.A.21.2.4	59.0	480	183	3	18	497	1	466	3.2e-156	548.1
3300027028.a:Ga0209295_1000020_108	gnl|TC-DB|O06967|3.A.1.117.3	27.1	509	343	11	64	555	73	570	5.4e-35	145.6
3300027028.a:Ga0209295_1000020_109	gnl|TC-DB|P29018|3.A.1.129.1	33.4	578	367	9	4	568	13	585	4.1e-75	278.9
3300027028.a:Ga0209295_1000020_112	gnl|TC-DB|P69451|4.C.1.1.4	29.3	557	356	16	6	544	23	559	8.2e-65	244.6
3300027028.a:Ga0209295_1000020_116	gnl|TC-DB|P42332|3.A.1.131.1	42.1	302	169	4	6	301	4	305	1.7e-59	226.1
3300027028.a:Ga0209295_1000020_122	gnl|TC-DB|Q8NS49|2.A.21.7.3	29.3	502	284	11	7	483	23	478	1.5e-42	170.6
3300027028.a:Ga0209295_1000020_137	gnl|TC-DB|Q1J2S8|2.A.53.3.13	61.6	477	180	2	8	481	16	492	6.9e-156	547.0
3300027028.a:Ga0209295_1000020_139	gnl|TC-DB|M2XHY2|2.A.1.13.20	23.7	452	272	9	15	404	25	465	7.1e-16	81.6
3300027028.a:Ga0209295_1000020_141	gnl|TC-DB|P31553|2.A.15.2.1	26.7	501	362	3	2	501	5	501	6.9e-45	178.3
3300027028.a:Ga0209295_1000020_153	gnl|TC-DB|A9VJD5|9.B.74.3.1	39.7	1010	434	7	16	855	16	1020	3.6e-99	359.4
3300027028.a:Ga0209295_1000020_155	gnl|TC-DB|O32095|2.A.86.1.8	30.2	338	229	2	13	344	13	349	5.1e-39	158.3
3300027028.a:Ga0209295_1000020_164	gnl|TC-DB|P40948|1.A.35.1.3	39.0	305	182	2	1	303	1	303	5.2e-64	241.1
3300027028.a:Ga0209295_1000020_169	gnl|TC-DB|P42252|2.A.64.3.1	37.4	222	136	2	59	277	2	223	9.3e-39	157.1
3300027028.a:Ga0209295_1000020_170	gnl|TC-DB|O31467|2.A.64.3.1	65.2	46	16	0	5	50	3	48	8.0e-11	62.4
3300027028.a:Ga0209295_1000020_174	gnl|TC-DB|P54417|2.A.15.1.1	56.5	499	216	1	1	499	2	499	1.5e-166	582.4
3300027028.a:Ga0209295_1000020_177	gnl|TC-DB|P49792|1.I.1.1.3	45.7	127	59	5	15	133	3080	3204	1.1e-16	82.8
3300027028.a:Ga0209295_1000020_178	gnl|TC-DB|P54537|3.A.1.3.15	64.6	240	85	0	3	242	1	240	2.7e-84	308.1
3300027028.a:Ga0209295_1000020_179	gnl|TC-DB|Q8YSA2|3.A.1.3.17	45.2	210	110	2	4	208	276	485	5.5e-41	164.1
3300027028.a:Ga0209295_1000020_180	gnl|TC-DB|Q9CES5|3.A.1.3.25	40.5	222	130	2	38	258	260	480	3.9e-49	191.4
3300027028.a:Ga0209295_1000020_181	gnl|TC-DB|O32095|2.A.86.1.8	35.0	351	221	2	10	354	9	358	2.1e-53	206.1
3300027028.a:Ga0209295_1000020_186	gnl|TC-DB|A4VGV1|1.C.113.1.3	45.0	209	107	4	7	215	5	205	1.5e-38	156.0
3300027028.a:Ga0209295_1000020_196	gnl|TC-DB|A6TP83|2.A.59.1.5	32.7	300	175	7	9	305	18	293	2.9e-38	155.6
3300027028.a:Ga0209295_1000020_198	gnl|TC-DB|Q0P9Y2|2.A.114.1.5	31.5	593	333	12	1	540	32	604	1.8e-62	236.9
3300027028.a:Ga0209295_1000020_206	gnl|TC-DB|P54417|2.A.15.1.1	55.1	485	217	1	5	488	6	490	2.8e-157	551.6
3300027028.a:Ga0209295_1000020_222	gnl|TC-DB|B9DKA7|2.A.120.1.8	32.8	348	232	1	3	350	6	351	6.6e-55	211.1
3300027028.a:Ga0209295_1000020_225	gnl|TC-DB|G2JNR0|3.A.11.1.4	40.5	378	197	4	2	359	4	373	7.3e-78	287.3
3300027028.a:Ga0209295_1000020_241	gnl|TC-DB|P42086|2.A.40.3.1	63.7	438	157	2	1	436	1	438	3.2e-152	534.6
3300027028.a:Ga0209295_1000020_254	gnl|TC-DB|P69451|4.C.1.1.4	29.5	545	340	11	2	514	22	554	8.6e-56	214.5
3300027028.a:Ga0209295_1000020_260	gnl|TC-DB|D9SZH8|2.A.7.3.49	31.4	315	180	11	17	304	483	788	7.0e-19	91.3
3300027028.a:Ga0209295_1000020_262	gnl|TC-DB|P77307|3.A.1.139.2	39.1	243	148	0	5	247	10	252	6.6e-38	154.1
3300027028.a:Ga0209295_1000020_263	gnl|TC-DB|Q8U4S5|3.A.1.12.9	38.9	226	129	5	24	241	46	270	4.6e-36	147.9
3300027028.a:Ga0209295_1000020_269	gnl|TC-DB|B9TSM9|2.A.56.1.6	41.4	415	242	1	9	422	8	422	7.0e-80	294.3
3300027028.a:Ga0209295_1000020_271	gnl|TC-DB|P44542|2.A.56.1.3	31.5	276	187	2	38	311	29	304	2.4e-35	146.0
3300027028.a:Ga0209295_1000020_289	gnl|TC-DB|Q00750|3.A.1.1.28	38.2	275	166	2	8	282	13	283	2.9e-45	178.7
3300027028.a:Ga0209295_1000020_290	gnl|TC-DB|Q55473|3.A.1.1.32	31.1	225	154	1	45	268	73	297	2.2e-26	115.9
3300027028.a:Ga0209295_1000020_304	gnl|TC-DB|Q8PW04|2.A.88.8.4	41.6	190	107	2	9	195	5	193	7.6e-27	117.1
3300027028.a:Ga0209295_1000020_308	gnl|TC-DB|O06967|3.A.1.117.3	54.0	574	262	1	5	578	7	578	8.4e-169	590.1
3300027028.a:Ga0209295_1000020_309	gnl|TC-DB|P52067|2.A.1.35.1	42.9	394	221	2	6	399	14	403	3.5e-81	298.5
3300027028.a:Ga0209295_1000020_315	gnl|TC-DB|F2HK99|2.A.26.1.9	48.4	438	222	2	1	436	1	436	1.4e-105	379.8
3300027028.a:Ga0209295_1000020_316	gnl|TC-DB|P39591|1.E.14.1.16	42.6	115	66	0	2	116	3	117	3.2e-17	84.3
3300027028.a:Ga0209295_1000020_317	gnl|TC-DB|P42102|2.A.122.1.7	47.5	221	116	0	7	227	7	227	1.5e-49	192.6
3300027028.a:Ga0209295_1000020_320	gnl|TC-DB|Q8RME1|3.A.1.126.1	37.7	292	182	0	3	294	1	292	3.7e-59	224.9
3300027028.a:Ga0209295_1000020_322	gnl|TC-DB|P0AEM9|3.A.1.3.10	34.1	267	162	9	13	275	10	266	1.2e-27	120.2
3300027028.a:Ga0209295_1000020_326	gnl|TC-DB|P42964|2.A.55.3.2	70.9	388	113	0	13	400	16	403	9.3e-151	529.6
3300027028.a:Ga0209295_1000020_336	gnl|TC-DB|Q8U070|3.A.5.7.2	26.6	229	153	7	143	361	72	295	6.8e-15	78.2
3300027028.a:Ga0209295_1000020_337	gnl|TC-DB|P40729|3.A.6.2.1	42.9	636	350	5	46	676	62	689	1.0e-133	473.8
3300027028.a:Ga0209295_1000020_338	gnl|TC-DB|P40727|3.A.6.2.1	34.9	347	220	2	16	359	8	351	8.1e-53	204.1
3300027028.a:Ga0209295_1000020_340	gnl|TC-DB|P0A1L5|3.A.6.2.1	51.7	89	43	0	1	89	1	89	1.7e-20	94.7
3300027028.a:Ga0209295_1000020_341	gnl|TC-DB|P54700|3.A.6.2.1	57.6	205	87	0	23	227	39	243	3.8e-56	214.5
3300027028.a:Ga0209295_1000020_343	gnl|TC-DB|P26419|3.A.6.2.1	55.8	86	38	0	262	347	50	135	1.4e-22	103.6
3300027028.a:Ga0209295_1000020_350	gnl|TC-DB|O84676|3.A.6.3.1	51.8	442	205	4	1	435	1	441	2.6e-122	435.3
3300027028.a:Ga0209295_1000020_365	gnl|TC-DB|P28612|1.A.30.1.3	47.7	262	132	4	1	259	1	260	1.9e-59	225.7
3300027028.a:Ga0209295_1000020_366	gnl|TC-DB|P28611|1.A.30.1.3	63.0	257	95	0	1	257	1	257	5.7e-88	320.5
3300027028.a:Ga0209295_1000020_371	gnl|TC-DB|Q07727|3.A.7.7.1	36.3	113	72	0	124	236	90	202	1.0e-14	77.0
3300027028.a:Ga0209295_1000020_379	gnl|TC-DB|A3QE50|8.A.59.4.2	39.6	187	101	2	188	362	205	391	5.4e-31	131.7
3300027028.a:Ga0209295_1000020_388	gnl|TC-DB|P77338|1.A.23.1.1	41.7	192	108	1	131	322	871	1058	1.4e-36	150.2
3300027028.a:Ga0209295_1000020_394	gnl|TC-DB|Q7A3X3|3.A.1.122.4	42.8	222	124	2	1	222	1	219	7.3e-44	173.7
3300027028.a:Ga0209295_1000043_10	gnl|TC-DB|Q9RCA5|2.A.9.3.5	46.2	262	133	5	1	259	1	257	3.1e-54	208.4
3300027028.a:Ga0209295_1000043_18	gnl|TC-DB|G4P6M9|9.B.120.1.2	33.8	240	140	5	3	236	1	227	7.0e-29	124.0
3300027028.a:Ga0209295_1000043_19	gnl|TC-DB|O34897|1.A.23.3.1	32.2	245	166	0	29	273	16	260	3.5e-33	138.7
3300027028.a:Ga0209295_1000043_25	gnl|TC-DB|Q5G3M3|3.A.7.19.1	53.0	166	60	3	1	164	1	150	4.4e-38	154.1
3300027028.a:Ga0209295_1000043_36	gnl|TC-DB|Q93N33|2.A.21.9.2	27.9	219	131	7	368	571	778	984	1.0e-15	81.6
3300027028.a:Ga0209295_1000043_53	gnl|TC-DB|O05256|2.A.24.2.3	39.5	415	244	3	25	434	34	446	2.8e-76	282.3
3300027028.a:Ga0209295_1000043_58	gnl|TC-DB|Q54066|4.D.1.1.2	48.1	414	193	7	14	413	3	408	6.9e-104	374.0
3300027028.a:Ga0209295_1000043_62	gnl|TC-DB|Q7WWQ9|3.A.1.1.20	31.1	280	187	4	44	321	12	287	4.7e-31	131.7
3300027028.a:Ga0209295_1000043_63	gnl|TC-DB|Q9X9R5|3.A.1.1.23	34.2	263	172	1	18	280	14	275	4.4e-38	154.8
3300027028.a:Ga0209295_1000043_65	gnl|TC-DB|Q9UEF7|8.A.49.1.1	33.6	467	262	14	6	445	61	506	5.0e-68	255.0
3300027028.a:Ga0209295_1000043_71	gnl|TC-DB|Q9X053|3.A.1.2.19	31.1	328	204	8	1	319	1	315	3.4e-26	115.5
3300027028.a:Ga0209295_1000043_72	gnl|TC-DB|G4FGN3|3.A.1.2.20	42.2	493	282	3	4	495	2	492	2.1e-115	412.5
3300027028.a:Ga0209295_1000043_73	gnl|TC-DB|P0AGI1|3.A.1.2.1	45.7	311	157	4	21	324	15	320	3.1e-51	198.7
3300027028.a:Ga0209295_1000043_76	gnl|TC-DB|O34406|3.A.1.3.13	32.2	267	173	4	2	267	3	262	3.3e-35	145.2
3300027028.a:Ga0209295_1000043_77	gnl|TC-DB|O34315|3.A.1.3.13	39.5	238	136	1	1	238	1	230	2.0e-39	159.1
3300027028.a:Ga0209295_1000043_78	gnl|TC-DB|O34900|3.A.1.3.13	56.1	239	105	0	1	239	1	239	1.3e-73	272.7
3300027028.a:Ga0209295_1000043_81	gnl|TC-DB|P33590|3.A.1.5.3	25.5	459	293	16	70	499	55	493	5.9e-20	95.5
3300027028.a:Ga0209295_1000043_82	gnl|TC-DB|P75798|3.A.1.5.11	40.9	313	177	3	1	313	1	305	3.3e-58	221.9
3300027028.a:Ga0209295_1000043_83	gnl|TC-DB|P75799|3.A.1.5.11	42.9	266	149	3	2	264	34	299	4.5e-43	171.4
3300027028.a:Ga0209295_1000043_84	gnl|TC-DB|O86574|3.A.1.5.34	53.0	332	144	3	2	323	25	354	2.7e-95	345.1
3300027028.a:Ga0209295_1000043_85	gnl|TC-DB|O86575|3.A.1.5.34	56.6	332	137	5	4	330	39	368	1.3e-105	379.4
3300027028.a:Ga0209295_1000043_87	gnl|TC-DB|A3IFY8|9.B.29.2.1	37.0	192	112	4	3	191	23	208	8.2e-29	123.6
3300027028.a:Ga0209295_1000043_93	gnl|TC-DB|P76330|9.B.34.1.4	39.4	175	102	2	338	508	384	558	3.2e-26	116.3
3300027028.a:Ga0209295_1000043_96	gnl|TC-DB|P33950|3.A.1.5.27	33.8	535	334	10	13	533	9	537	7.5e-87	317.8
3300027028.a:Ga0209295_1000043_100	gnl|TC-DB|Q99RY8|3.A.1.14.7	29.2	267	186	2	35	298	23	289	3.6e-33	138.7
3300027028.a:Ga0209295_1000043_102	gnl|TC-DB|P33590|3.A.1.5.3	27.1	410	248	14	7	382	1	393	5.7e-28	122.1
3300027028.a:Ga0209295_1000043_103	gnl|TC-DB|P33591|3.A.1.5.3	38.4	307	189	0	1	307	1	307	4.7e-57	218.0
3300027028.a:Ga0209295_1000043_104	gnl|TC-DB|Q93PJ7|3.A.1.5.40	41.4	251	147	0	23	273	20	270	4.8e-53	204.5
3300027028.a:Ga0209295_1000043_105	gnl|TC-DB|Q2FVF0|3.A.1.5.43	38.4	268	160	3	1	263	1	268	1.4e-49	193.0
3300027028.a:Ga0209295_1000043_106	gnl|TC-DB|Q9F9T4|3.A.1.5.23	42.6	235	128	1	17	251	335	562	1.5e-48	189.5
3300027028.a:Ga0209295_1000043_107	gnl|TC-DB|Q8XT32|2.A.66.1.36	34.8	428	276	1	3	427	18	445	1.0e-62	237.3
3300027028.a:Ga0209295_1000043_124	gnl|TC-DB|D4G632|2.A.6.3.9	46.5	1062	526	6	1	1030	5	1056	1.4e-243	839.3
3300027028.a:Ga0209295_1000043_131	gnl|TC-DB|O34442|1.A.26.1.3	61.1	447	174	0	1	447	5	451	7.5e-133	470.3
3300027028.a:Ga0209295_1000043_133	gnl|TC-DB|P27611|2.A.35.1.1	35.0	451	288	3	10	459	2	448	1.1e-73	273.9
3300027028.a:Ga0209295_1000043_134	gnl|TC-DB|Q06A41|3.A.1.14.14	38.2	304	188	0	31	334	40	343	4.0e-54	208.4
3300027028.a:Ga0209295_1000043_135	gnl|TC-DB|Q9X664|3.A.1.14.7	47.8	322	163	3	8	328	21	338	4.3e-77	284.6
3300027028.a:Ga0209295_1000043_136	gnl|TC-DB|Q9A198|3.A.1.14.14	36.8	310	189	4	1	307	1	306	7.2e-50	194.1
3300027028.a:Ga0209295_1000043_137	gnl|TC-DB|Q9X665|3.A.1.14.7	58.2	263	110	0	1	263	1	263	3.2e-91	331.3
3300027028.a:Ga0209295_1000043_141	gnl|TC-DB|D4ZZR3|9.B.34.1.3	33.5	167	106	2	373	536	228	392	9.2e-16	81.6
3300027028.a:Ga0209295_1000043_143	gnl|TC-DB|O59010|2.A.23.1.5	41.1	372	209	4	40	401	45	416	7.2e-74	274.2
3300027028.a:Ga0209295_1000043_165	gnl|TC-DB|Q5SJ80|3.D.4.2.1	40.5	153	87	2	6	154	14	166	2.6e-32	134.8
3300027028.a:Ga0209295_1000043_166	gnl|TC-DB|Q5SJ79|3.D.4.2.1	37.9	554	318	8	3	542	14	555	1.3e-107	386.7
3300027028.a:Ga0209295_1000043_183	gnl|TC-DB|P74127|3.A.1.10.2	41.8	237	134	1	3	235	19	255	5.0e-54	207.6
3300027028.a:Ga0209295_1000043_184	gnl|TC-DB|Q55534|3.A.1.10.2	35.7	532	338	3	9	537	17	547	2.3e-91	332.8
3300027028.a:Ga0209295_1000043_185	gnl|TC-DB|P72827|3.A.1.10.2	51.8	353	162	3	6	358	16	360	2.2e-98	355.5
3300027028.a:Ga0209295_1000043_187	gnl|TC-DB|Q51330|2.A.1.11.1	28.8	427	273	14	6	425	15	417	2.5e-29	126.3
3300027028.a:Ga0209295_1000043_190	gnl|TC-DB|O05215|2.A.51.1.5	43.8	176	97	1	9	182	3	178	5.0e-38	154.1
3300027028.a:Ga0209295_1000043_191	gnl|TC-DB|O05215|2.A.51.1.5	43.9	173	97	0	1	173	1	173	4.5e-36	147.5
3300027028.a:Ga0209295_1000043_197	gnl|TC-DB|P94400|9.B.10.1.1	56.0	389	144	3	3	364	2	390	1.1e-121	433.0
3300027028.a:Ga0209295_1000043_204	gnl|TC-DB|Q795M8|1.A.1.13.4	27.4	237	167	4	14	247	11	245	1.7e-20	96.3
3300027028.a:Ga0209295_1000043_215	gnl|TC-DB|O35018|2.A.1.3.30	60.5	473	183	2	2	472	5	475	1.3e-149	526.2
3300027028.a:Ga0209295_1000043_220	gnl|TC-DB|P65374|2.A.6.5.5	26.3	746	493	14	17	747	13	716	1.5e-48	191.0
3300027028.a:Ga0209295_1000043_234	gnl|TC-DB|O32243|3.A.1.12.4	33.4	296	187	5	3	292	5	296	3.6e-38	155.2
3300027028.a:Ga0209295_1000043_239	gnl|TC-DB|Q9HV74|2.A.21.9.1	26.4	258	179	5	442	689	726	982	5.4e-21	99.4
3300027028.a:Ga0209295_1000125_1	gnl|TC-DB|E0HYB9|2.A.115.1.6	30.6	170	117	1	5	173	8	177	7.3e-18	87.0
3300027028.a:Ga0209295_1000125_24	gnl|TC-DB|Q9MUK5|3.A.9.1.1	26.2	367	233	10	103	457	97	437	5.0e-21	99.0
3300027028.a:Ga0209295_1000125_40	gnl|TC-DB|O35018|2.A.1.3.30	40.1	461	268	6	11	468	19	474	6.8e-87	317.8
3300027028.a:Ga0209295_1000125_41	gnl|TC-DB|P38919|3.A.18.1.1	31.2	349	230	4	19	358	57	404	4.6e-46	181.8
3300027028.a:Ga0209295_1000125_46	gnl|TC-DB|O32074|2.A.88.3.1	46.4	194	93	3	2	190	3	190	1.8e-30	129.0
3300027028.a:Ga0209295_1000125_48	gnl|TC-DB|D6XYZ9|2.A.102.6.2	38.8	232	139	3	5	233	8	239	5.0e-38	154.5
3300027028.a:Ga0209295_1000125_53	gnl|TC-DB|Q9K8H5|9.B.157.1.2	56.7	319	138	0	6	324	8	326	2.2e-100	362.1
3300027028.a:Ga0209295_1000125_61	gnl|TC-DB|Q6LX42|2.A.25.1.3	60.9	450	165	5	8	449	7	453	5.8e-141	497.3
3300027028.a:Ga0209295_1000125_63	gnl|TC-DB|D0DT64|9.B.126.2.5	25.3	261	195	0	25	285	12	272	1.5e-15	80.1
3300027028.a:Ga0209295_1000125_64	gnl|TC-DB|O31688|3.A.3.6.9	53.5	613	282	2	8	620	27	636	1.3e-180	629.4
3300027028.a:Ga0209295_1000125_67	gnl|TC-DB|O34929|2.A.1.26.2	53.6	379	175	1	9	387	3	380	1.9e-111	399.1
3300027028.a:Ga0209295_1000125_77	gnl|TC-DB|Q2G2M9|3.A.1.106.2	57.9	577	243	0	4	580	2	578	3.8e-185	644.4
3300027028.a:Ga0209295_1000125_78	gnl|TC-DB|P42064|3.A.1.5.20	53.8	325	149	1	6	330	3	326	1.3e-100	362.8
3300027028.a:Ga0209295_1000125_79	gnl|TC-DB|P42065|3.A.1.5.20	62.4	322	118	2	3	321	7	328	3.6e-116	414.5
3300027028.a:Ga0209295_1000125_80	gnl|TC-DB|P33950|3.A.1.5.27	37.3	502	289	7	52	534	51	545	6.7e-96	347.8
3300027028.a:Ga0209295_1000125_81	gnl|TC-DB|W0WN20|3.A.1.5.39	49.1	334	169	1	1	333	1	334	2.0e-85	312.4
3300027028.a:Ga0209295_1000125_82	gnl|TC-DB|P51000|3.A.1.5.27	44.3	282	151	1	18	293	13	294	7.8e-62	233.8
3300027028.a:Ga0209295_1000125_83	gnl|TC-DB|P71083|2.A.85.4.2	53.2	280	131	0	1	280	1	280	2.1e-77	285.8
3300027028.a:Ga0209295_1000056_2	gnl|TC-DB|P80874|8.A.5.1.4	32.2	289	172	6	1	267	1	287	2.3e-29	125.9
3300027028.a:Ga0209295_1000056_16	gnl|TC-DB|B8ZT62|9.B.14.3.4	52.0	100	47	1	295	394	226	324	9.2e-26	114.4
3300027028.a:Ga0209295_1000056_18	gnl|TC-DB|Q93N33|2.A.21.9.2	28.6	234	158	4	361	589	783	1012	4.3e-19	92.8
3300027028.a:Ga0209295_1000056_21	gnl|TC-DB|P50726|2.A.87.1.2	49.5	188	95	0	5	192	2	189	2.3e-46	181.8
3300027028.a:Ga0209295_1000056_24	gnl|TC-DB|Q5EAK4|2.A.16.2.2	26.3	339	220	11	21	335	1378	1710	1.2e-19	94.4
3300027028.a:Ga0209295_1000056_54	gnl|TC-DB|P46911|3.D.3.4.1	61.8	157	59	1	6	162	7	162	1.3e-58	222.2
3300027028.a:Ga0209295_1000056_55	gnl|TC-DB|P46912|3.D.3.4.1	85.3	224	33	0	1	224	1	224	2.3e-114	407.9
3300027028.a:Ga0209295_1000056_56	gnl|TC-DB|P46913|3.D.3.4.1	64.5	262	84	4	1	260	1	255	7.8e-98	353.2
3300027028.a:Ga0209295_1000056_59	gnl|TC-DB|P94357|2.A.115.1.2	41.2	274	157	3	5	278	4	273	3.1e-55	211.8
3300027028.a:Ga0209295_1000056_88	gnl|TC-DB|P54428|9.A.40.2.1	40.5	430	241	7	17	436	10	434	1.4e-86	316.6
3300027028.a:Ga0209295_1000056_103	gnl|TC-DB|D3QD12|2.A.88.8.1	43.4	221	125	0	1	221	1	221	2.1e-46	182.2
3300027028.a:Ga0209295_1000056_109	gnl|TC-DB|P43672|3.A.1.120.6	32.3	511	340	5	18	525	18	525	2.8e-77	286.2
3300027028.a:Ga0209295_1000056_112	gnl|TC-DB|Q8Y5K1|1.A.1.17.2	40.4	225	133	1	4	227	6	230	3.3e-47	184.9
3300027028.a:Ga0209295_1000056_175	gnl|TC-DB|B7L5V2|1.A.34.1.3	36.8	133	79	3	984	1114	90	219	1.5e-13	75.5
3300027028.a:Ga0209295_1000056_199	gnl|TC-DB|O35002|9.B.174.1.1	40.7	450	260	2	48	490	23	472	2.0e-89	326.2
3300027028.a:Ga0209295_1000056_200	gnl|TC-DB|P94400|9.B.10.1.1	27.2	298	171	9	2	255	4	299	8.4e-24	107.5
3300027028.a:Ga0209295_1000056_202	gnl|TC-DB|Q8DPQ6|2.A.66.1.41	40.9	445	262	1	1	445	1	444	7.6e-93	337.4
3300027028.a:Ga0209295_1000056_205	gnl|TC-DB|D4ZZR3|9.B.34.1.3	28.6	196	139	1	348	543	200	394	2.6e-18	90.1
3300027028.a:Ga0209295_1000056_217	gnl|TC-DB|Q83XH1|3.A.1.121.4	66.0	526	175	4	1	525	1	523	6.7e-205	709.9
3300027028.a:Ga0209295_1000056_219	gnl|TC-DB|P17583|2.A.1.17.1	28.2	380	249	8	13	381	1	367	2.7e-25	112.8
3300027028.a:Ga0209295_1000056_223	gnl|TC-DB|O32095|2.A.86.1.8	37.0	354	218	3	26	379	8	356	4.7e-54	208.4
3300027028.a:Ga0209295_1000056_225	gnl|TC-DB|O34572|3.A.1.30.1	43.2	243	135	2	1	240	1	243	1.0e-46	183.3
3300027028.a:Ga0209295_1000056_226	gnl|TC-DB|O34362|3.A.1.30.1	35.0	526	283	6	1	467	1	526	2.8e-85	312.4
3300027028.a:Ga0209295_1000056_227	gnl|TC-DB|O34738|3.A.1.30.1	48.7	187	96	0	2	188	1	187	2.2e-44	175.3
3300027028.a:Ga0209295_1000032_2	gnl|TC-DB|O34987|2.A.40.7.2	63.5	444	157	2	1	444	1	439	1.9e-144	508.8
3300027028.a:Ga0209295_1000032_18	gnl|TC-DB|D9SZH8|2.A.7.3.49	31.4	331	181	14	104	413	473	778	2.6e-18	89.7
3300027028.a:Ga0209295_1000032_19	gnl|TC-DB|Q07837|8.A.9.1.2	30.0	524	305	15	7	505	117	603	1.2e-65	247.3
3300027028.a:Ga0209295_1000032_22	gnl|TC-DB|Q05839|8.A.9.1.1	32.6	533	279	15	5	503	109	595	3.4e-71	265.8
3300027028.a:Ga0209295_1000032_24	gnl|TC-DB|Q8NMV5|3.A.1.1.45	44.4	259	139	4	18	271	45	303	3.6e-53	204.9
3300027028.a:Ga0209295_1000032_25	gnl|TC-DB|Q8NMV4|3.A.1.1.45	38.9	252	144	4	36	285	37	280	2.1e-43	172.6
3300027028.a:Ga0209295_1000032_26	gnl|TC-DB|Q8NMV3|3.A.1.1.45	30.8	452	279	15	1	432	1	438	3.8e-49	192.2
3300027028.a:Ga0209295_1000032_28	gnl|TC-DB|Q07837|8.A.9.1.2	30.3	521	298	12	3	492	116	602	4.1e-69	258.8
3300027028.a:Ga0209295_1000032_31	gnl|TC-DB|B9DKA7|2.A.120.1.8	36.8	348	218	1	2	349	5	350	1.2e-59	226.9
3300027028.a:Ga0209295_1000032_35	gnl|TC-DB|Q8RFA1|2.A.8.1.13	40.0	452	232	7	17	437	3	446	1.6e-79	293.1
3300027028.a:Ga0209295_1000032_37	gnl|TC-DB|J8TM36|1.A.1.14.8	52.4	229	107	1	6	232	12	240	4.4e-48	188.0
3300027028.a:Ga0209295_1000032_41	gnl|TC-DB|O32080|2.A.38.4.3	54.2	216	99	0	3	218	7	222	3.2e-68	254.6
3300027028.a:Ga0209295_1000032_44	gnl|TC-DB|O05347|3.A.1.16.2	48.2	245	118	4	23	262	48	288	9.7e-56	213.4
3300027028.a:Ga0209295_1000032_48	gnl|TC-DB|B8GAU7|2.A.1.81.2	34.5	409	259	5	28	432	14	417	4.1e-51	198.7
3300027028.a:Ga0209295_1000032_53	gnl|TC-DB|O32212|2.A.36.3.2	36.5	674	418	6	1	672	1	666	3.1e-106	382.5
3300027028.a:Ga0209295_1000032_54	gnl|TC-DB|W7KYL9|9.B.51.1.2	44.1	118	66	0	8	125	2	119	2.1e-16	81.6
3300027028.a:Ga0209295_1000032_57	gnl|TC-DB|P39803|2.A.115.1.1	37.8	278	167	1	1	272	3	280	3.9e-55	211.5
3300027028.a:Ga0209295_1000032_72	gnl|TC-DB|S2NE98|9.B.105.2.2	33.3	153	92	5	60	207	48	195	6.8e-11	64.3
3300027028.a:Ga0209295_1000032_84	gnl|TC-DB|P31552|4.C.1.1.6	26.5	490	334	6	27	500	38	517	2.7e-49	193.0
3300027028.a:Ga0209295_1000032_92	gnl|TC-DB|P31552|4.C.1.1.6	38.1	494	297	4	26	512	26	517	1.0e-96	350.5
3300027028.a:Ga0209295_1000032_108	gnl|TC-DB|P45706|5.A.1.2.1	42.2	230	131	2	1	230	1	228	2.5e-50	195.3
3300027028.a:Ga0209295_1000032_136	gnl|TC-DB|Q838N7|2.A.35.1.3	37.6	452	281	1	13	463	13	464	1.1e-81	300.4
3300027028.a:Ga0209295_1000032_144	gnl|TC-DB|F9VN10|3.D.10.1.4	34.5	537	285	15	2	485	6	528	1.7e-64	243.4
3300027028.a:Ga0209295_1000032_147	gnl|TC-DB|P46903|3.A.1.115.1	31.6	228	136	7	5	217	2	224	9.2e-23	104.0
3300027028.a:Ga0209295_1000032_159	gnl|TC-DB|O32095|2.A.86.1.8	33.6	351	231	2	21	371	1	349	1.8e-48	189.9
3300027028.a:Ga0209295_1000032_168	gnl|TC-DB|Q4WGH5|9.B.20.1.3	38.4	151	86	3	14	160	18	165	6.8e-21	97.4
3300027028.a:Ga0209295_1000032_172	gnl|TC-DB|P33950|3.A.1.5.27	34.4	538	324	8	7	519	2	535	3.9e-88	322.0
3300027028.a:Ga0209295_1000032_176	gnl|TC-DB|Q2FZR3|3.A.1.5.19	34.9	519	324	7	43	557	30	538	3.3e-85	312.4
3300027028.a:Ga0209295_1000032_179	gnl|TC-DB|Q87WH3|3.A.1.12.10	37.7	289	177	3	6	291	3	291	9.4e-47	183.7
3300027028.a:Ga0209295_1000032_180	gnl|TC-DB|Q45461|3.A.1.12.3	42.7	211	119	1	34	244	7	215	9.7e-42	166.8
3300027028.a:Ga0209295_1000032_181	gnl|TC-DB|O34992|3.A.1.12.4	46.8	314	156	3	1	314	1	303	4.0e-83	304.7
3300027028.a:Ga0209295_1000032_182	gnl|TC-DB|Q87WH4|3.A.1.12.10	47.4	209	110	0	7	215	7	215	5.1e-42	167.5
3300027028.a:Ga0209295_1000032_188	gnl|TC-DB|P77735|8.A.5.1.6	24.4	307	182	9	14	301	24	299	1.1e-11	67.4
3300027028.a:Ga0209295_1000032_190	gnl|TC-DB|O30489|3.A.1.132.1	33.8	296	187	6	4	295	3	293	1.6e-41	166.4
3300027028.a:Ga0209295_1000032_195	gnl|TC-DB|Q9K0A9|2.A.28.2.4	48.4	308	157	1	1	306	1	308	5.3e-75	277.7
3300027028.a:Ga0209295_1000032_206	gnl|TC-DB|P42332|3.A.1.131.1	39.3	305	179	3	1	302	1	302	1.9e-55	212.6
3300027028.a:Ga0209295_1000032_210	gnl|TC-DB|P94360|3.A.1.1.26	68.4	364	115	0	1	364	1	364	4.8e-146	513.8
3300027028.a:Ga0209295_1000032_214	gnl|TC-DB|P94530|3.A.1.1.34	57.7	267	113	0	12	278	15	281	4.3e-86	314.3
3300027028.a:Ga0209295_1000032_215	gnl|TC-DB|P94529|3.A.1.1.34	59.2	284	116	0	30	313	27	310	2.6e-95	345.1
3300027028.a:Ga0209295_1000032_216	gnl|TC-DB|P94528|3.A.1.1.34	51.2	447	198	5	1	441	1	433	1.3e-129	459.5
3300027028.a:Ga0209295_1000032_222	gnl|TC-DB|E8MFM3|3.A.1.135.6	46.9	601	311	5	10	603	7	606	5.8e-144	507.7
3300027028.a:Ga0209295_1000032_223	gnl|TC-DB|J6RCW6|3.A.1.135.7	44.1	565	315	1	11	574	3	567	3.7e-132	468.4
3300027028.a:Ga0209295_1000032_232	gnl|TC-DB|P94360|3.A.1.1.26	68.2	365	116	0	1	365	1	365	1.3e-146	515.8
3300027028.a:Ga0209295_1000032_236	gnl|TC-DB|P29824|3.A.1.1.4	49.3	278	131	2	1	274	2	273	1.7e-71	265.8
3300027028.a:Ga0209295_1000032_237	gnl|TC-DB|P29823|3.A.1.1.4	57.1	282	119	1	36	315	17	298	3.8e-91	331.3
3300027028.a:Ga0209295_1000032_238	gnl|TC-DB|P29822|3.A.1.1.4	44.4	399	219	3	36	432	25	422	2.4e-99	359.0
3300027028.a:Ga0209295_1000032_239	gnl|TC-DB|F4LXP4|8.A.59.2.1	28.3	314	193	10	305	589	187	497	1.5e-27	120.9
3300027028.a:Ga0209295_1000032_248	gnl|TC-DB|P09323|4.A.1.1.2	49.0	621	306	4	1	611	3	622	3.6e-165	578.2
3300027028.a:Ga0209295_1000032_252	gnl|TC-DB|P20166|4.A.1.1.9	63.9	693	232	5	5	679	5	697	5.7e-249	856.7
3300027028.a:Ga0209295_1000032_255	gnl|TC-DB|Q8XME6|2.A.114.1.4	48.7	454	231	1	1	454	1	452	1.6e-120	429.5
3300027028.a:Ga0209295_1000186_9	gnl|TC-DB|P25694|3.A.16.1.2	43.9	246	131	3	158	402	205	444	4.2e-55	212.6
3300027028.a:Ga0209295_1000064_1	gnl|TC-DB|A8R5V4|3.A.3.2.41	55.4	870	383	2	16	880	16	885	8.1e-264	906.4
3300027028.a:Ga0209295_1000064_9	gnl|TC-DB|O34987|2.A.40.7.2	45.6	439	222	7	2	429	5	437	1.1e-85	313.5
3300027028.a:Ga0209295_1000064_10	gnl|TC-DB|P77735|8.A.5.1.6	25.7	276	157	9	30	258	37	311	1.5e-11	66.6
3300027028.a:Ga0209295_1000064_19	gnl|TC-DB|A3XMH6|9.B.176.1.1	22.8	369	278	5	7	370	14	380	5.1e-25	112.1
3300027028.a:Ga0209295_1000064_20	gnl|TC-DB|P39285|1.A.23.1.3	29.5	268	171	5	97	351	829	1091	2.5e-22	102.8
3300027028.a:Ga0209295_1000064_22	gnl|TC-DB|Q6NE50|2.A.4.7.3	27.2	268	194	1	11	277	11	278	2.0e-25	112.8
3300027028.a:Ga0209295_1000064_23	gnl|TC-DB|P54428|9.A.40.2.1	46.0	426	228	1	18	441	4	429	5.6e-104	374.4
3300027028.a:Ga0209295_1000064_24	gnl|TC-DB|A0L3E7|2.A.51.1.4	27.4	419	251	12	16	383	30	446	5.5e-23	105.1
3300027028.a:Ga0209295_1000064_29	gnl|TC-DB|O07550|3.A.1.106.8	63.8	575	208	0	1	575	1	575	4.4e-210	727.2
3300027028.a:Ga0209295_1000064_30	gnl|TC-DB|O07549|3.A.1.106.8	61.2	516	199	1	61	575	152	667	7.6e-178	620.2
3300027028.a:Ga0209295_1000064_36	gnl|TC-DB|B2A6N1|3.A.1.147.5	37.1	245	147	3	1	241	1	242	9.4e-39	157.1
3300027028.a:Ga0209295_1000064_46	gnl|TC-DB|O07515|2.A.88.4.1	48.5	171	87	1	1	171	1	170	1.3e-35	146.0
3300027028.a:Ga0209295_1000064_48	gnl|TC-DB|P55339|3.A.1.143.1	70.4	247	73	0	1	247	1	247	4.2e-101	364.0
3300027028.a:Ga0209295_1000064_49	gnl|TC-DB|P55340|3.A.1.143.1	31.2	413	259	9	1	398	1	403	4.1e-45	178.7
3300027028.a:Ga0209295_1000064_60	gnl|TC-DB|P42423|3.A.1.134.6	60.2	254	101	0	3	256	4	257	1.4e-86	315.8
3300027028.a:Ga0209295_1000064_61	gnl|TC-DB|P42424|3.A.1.134.6	32.6	647	398	12	1	639	1	617	2.5e-81	299.7
3300027028.a:Ga0209295_1000064_62	gnl|TC-DB|P69451|4.C.1.1.4	37.0	524	299	10	15	514	37	553	2.7e-86	315.8
3300027028.a:Ga0209295_1000064_92	gnl|TC-DB|H1XXZ0|8.A.8.1.5	45.7	81	44	0	1	81	1	81	2.8e-12	67.4
3300027028.a:Ga0209295_1000064_109	gnl|TC-DB|P54417|2.A.15.1.1	59.8	497	197	3	1	496	2	496	1.8e-172	602.1
3300027028.a:Ga0209295_1000064_121	gnl|TC-DB|O32169|3.A.1.24.2	64.1	340	122	0	1	340	1	340	1.6e-122	435.6
3300027028.a:Ga0209295_1000064_122	gnl|TC-DB|O32168|3.A.1.24.2	61.3	222	86	0	1	222	1	222	4.6e-67	250.8
3300027028.a:Ga0209295_1000064_123	gnl|TC-DB|Q9HT68|3.A.1.24.5	39.2	273	151	5	1	273	1	258	1.5e-46	183.0
3300027028.a:Ga0209295_1000064_126	gnl|TC-DB|P0A9V1|1.B.42.1.2	25.2	230	163	4	1	230	1	221	3.9e-17	85.1
3300027028.a:Ga0209295_1000064_134	gnl|TC-DB|M2X4H1|2.A.102.4.9	31.8	267	165	3	3	269	68	317	2.3e-15	79.3
3300027028.a:Ga0209295_1000064_136	gnl|TC-DB|Q8EI43|2.A.35.2.2	45.6	507	264	9	6	508	11	509	1.0e-109	393.7
3300027028.a:Ga0209295_1000064_137	gnl|TC-DB|Q8NRL8|2.A.22.4.3	51.3	497	230	8	3	497	34	520	2.7e-126	448.7
3300027028.a:Ga0209295_1000064_153	gnl|TC-DB|P60698|2.A.63.1.3	40.5	116	69	0	12	127	2	117	3.8e-19	90.9
3300027028.a:Ga0209295_1000064_154	gnl|TC-DB|O05228|2.A.63.1.4	57.1	84	36	0	7	90	8	91	3.4e-19	90.5
3300027028.a:Ga0209295_1000064_155	gnl|TC-DB|Q7WY60|2.A.63.1.4	46.8	158	84	0	1	158	1	158	9.5e-38	152.9
3300027028.a:Ga0209295_1000064_156	gnl|TC-DB|O05229|2.A.63.1.4	54.0	493	227	0	1	493	1	493	1.6e-139	492.7
3300027028.a:Ga0209295_1000064_157	gnl|TC-DB|O05260|2.A.63.1.4	62.6	115	41	1	1	115	1	113	7.3e-32	132.9
3300027028.a:Ga0209295_1000064_158	gnl|TC-DB|O05259|2.A.63.1.4	57.6	139	59	0	2	140	5	143	3.0e-43	171.0
3300027028.a:Ga0209295_1000064_159	gnl|TC-DB|Q9K2S2|2.A.63.1.4	56.8	801	342	3	1	800	1	798	7.9e-250	859.8
3300027028.a:Ga0209295_1000064_160	gnl|TC-DB|P25744|2.A.1.2.20	35.9	384	245	1	14	397	13	395	3.7e-65	245.4
3300027028.a:Ga0209295_1000064_161	gnl|TC-DB|P49792|1.I.1.1.3	43.2	148	55	4	63	204	3078	3202	2.6e-20	95.5
3300027028.a:Ga0209295_1000064_165	gnl|TC-DB|Q9KDT3|2.A.22.5.3	47.2	439	227	4	4	438	9	446	4.6e-98	354.8
3300027028.a:Ga0209295_1000064_168	gnl|TC-DB|Q9KN48|3.A.23.1.1	23.4	363	231	6	112	430	167	526	4.1e-19	92.4
3300027028.a:Ga0209295_1000064_174	gnl|TC-DB|P0AFV2|9.B.20.1.4	38.6	140	81	2	13	152	4	138	1.8e-16	82.8
3300027028.a:Ga0209295_1000064_175	gnl|TC-DB|M4V8N5|2.A.7.3.65	24.5	278	203	4	9	282	22	296	3.1e-13	72.4
3300027028.a:Ga0209295_1000063_5	gnl|TC-DB|Q83XH1|3.A.1.121.4	31.7	546	351	5	3	543	1	529	1.5e-78	290.4
3300027028.a:Ga0209295_1000063_7	gnl|TC-DB|O05522|2.A.64.3.2	71.7	53	15	0	1	53	1	53	5.3e-14	72.8
3300027028.a:Ga0209295_1000063_8	gnl|TC-DB|O05523|2.A.64.3.2	51.9	233	112	0	5	237	7	239	3.5e-66	248.1
3300027028.a:Ga0209295_1000063_16	gnl|TC-DB|D4ZZR3|9.B.34.1.3	37.3	169	87	7	154	308	229	392	7.3e-18	87.8
3300027028.a:Ga0209295_1000063_22	gnl|TC-DB|P25548|3.A.1.2.5	31.8	336	202	7	46	371	34	352	9.1e-39	157.5
3300027028.a:Ga0209295_1000063_23	gnl|TC-DB|O05176|3.A.1.2.5	56.8	502	215	2	1	501	1	501	4.0e-159	557.8
3300027028.a:Ga0209295_1000063_24	gnl|TC-DB|O05177|3.A.1.2.5	35.1	379	245	1	11	389	20	397	1.0e-53	207.2
3300027028.a:Ga0209295_1000063_26	gnl|TC-DB|F4LXP4|8.A.59.2.1	30.9	488	315	6	4	473	11	494	1.8e-60	229.9
3300027028.a:Ga0209295_1000063_28	gnl|TC-DB|A6LW10|3.A.1.2.26	48.9	321	162	2	33	351	30	350	2.3e-92	335.5
3300027028.a:Ga0209295_1000063_30	gnl|TC-DB|Q5EGM5|9.A.25.1.1	35.1	185	81	5	103	254	270	448	1.2e-21	100.1
3300027028.a:Ga0209295_1000063_33	gnl|TC-DB|Q8NMV3|3.A.1.1.45	26.3	399	254	11	49	411	40	434	2.4e-32	136.3
3300027028.a:Ga0209295_1000063_34	gnl|TC-DB|Q8NMV4|3.A.1.1.45	41.2	245	129	5	50	290	47	280	7.0e-47	184.1
3300027028.a:Ga0209295_1000063_35	gnl|TC-DB|Q8NMV5|3.A.1.1.45	36.4	272	161	4	12	278	39	303	1.7e-42	169.5
3300027028.a:Ga0209295_1000063_40	gnl|TC-DB|P94360|3.A.1.1.26	68.5	365	115	0	1	365	1	365	9.7e-147	516.2
3300027028.a:Ga0209295_1000063_43	gnl|TC-DB|M1TZ79|2.A.21.2.5	23.1	494	333	14	12	493	14	472	1.1e-20	97.8
3300027028.a:Ga0209295_1000063_46	gnl|TC-DB|B9DIS8|9.B.97.5.1	29.9	364	234	8	7	357	13	368	1.1e-28	124.8
3300027028.a:Ga0209295_1000063_59	gnl|TC-DB|A3CLT2|1.A.35.3.4	23.9	285	205	6	20	298	9	287	6.6e-11	64.7
3300027028.a:Ga0209295_1000063_62	gnl|TC-DB|C7TAQ3|9.B.141.1.3	27.1	332	228	5	30	360	21	339	4.2e-28	122.1
3300027028.a:Ga0209295_1000063_67	gnl|TC-DB|Q2FUL6|3.A.1.25.2	41.7	151	85	2	14	164	14	161	2.8e-20	95.1
3300027028.a:Ga0209295_1000063_78	gnl|TC-DB|Q8RFA1|2.A.8.1.13	37.5	453	243	7	17	438	3	446	9.8e-69	257.3
3300027028.a:Ga0209295_1000063_81	gnl|TC-DB|O59010|2.A.23.1.5	43.3	379	190	6	43	403	45	416	7.2e-69	257.7
3300027028.a:Ga0209295_1000063_90	gnl|TC-DB|Q797E3|2.A.1.2.25	60.9	379	148	0	1	379	1	379	9.6e-124	439.9
3300027028.a:Ga0209295_1000063_95	gnl|TC-DB|Q58206|3.A.1.122.14	45.1	233	116	3	3	226	1	230	8.7e-53	203.4
3300027028.a:Ga0209295_1000063_117	gnl|TC-DB|P76460|2.A.73.1.1	49.7	433	218	0	4	436	5	437	3.8e-121	431.4
3300027028.a:Ga0209295_1000063_118	gnl|TC-DB|Q0ZAI3|2.A.19.5.2	41.0	315	170	4	4	310	6	312	2.4e-48	189.1
3300027028.a:Ga0209295_1000063_122	gnl|TC-DB|P50487|2.A.40.2.1	40.9	428	251	2	17	444	15	440	1.3e-84	310.1
3300027028.a:Ga0209295_1000063_138	gnl|TC-DB|D4YEF0|2.A.85.4.1	31.4	156	106	1	9	163	6	161	3.0e-12	69.3
3300027028.a:Ga0209295_1000063_139	gnl|TC-DB|O58953|3.A.1.128.6	38.6	236	145	0	8	243	1	236	3.1e-49	191.8
3300027028.a:Ga0209295_1000063_141	gnl|TC-DB|A9WBR9|3.A.1.32.3	25.3	438	221	16	338	740	137	503	2.6e-16	84.0
3300027028.a:Ga0209295_1000063_144	gnl|TC-DB|P18156|1.A.8.2.1	70.8	212	62	0	1	212	1	212	2.4e-84	308.5
3300027028.a:Ga0209295_1000063_149	gnl|TC-DB|P42064|3.A.1.5.20	53.9	319	145	2	1	318	1	318	1.1e-94	343.2
3300027028.a:Ga0209295_1000063_150	gnl|TC-DB|P42065|3.A.1.5.20	55.9	322	138	3	13	331	6	326	2.5e-99	358.6
3300027028.a:Ga0209295_1000063_152	gnl|TC-DB|Q0P844|3.A.1.5.28	30.4	483	300	16	68	536	38	498	1.2e-47	187.6
3300027028.a:Ga0209295_1000063_153	gnl|TC-DB|P42062|3.A.1.5.20	41.5	316	181	3	1	313	1	315	3.3e-66	248.4
3300027028.a:Ga0209295_1000063_154	gnl|TC-DB|P42063|3.A.1.5.20	38.2	293	173	2	9	296	14	303	2.0e-49	192.6
3300027028.a:Ga0209295_1000063_157	gnl|TC-DB|Q86Z14|8.A.49.1.2	25.3	482	299	15	7	479	81	510	5.5e-33	138.7
3300027028.a:Ga0209295_1000063_158	gnl|TC-DB|Q9KJ80|4.A.1.2.6	46.7	643	326	9	3	634	5	641	4.3e-158	554.7
3300027028.a:Ga0209295_1000063_159	gnl|TC-DB|Q86Z14|8.A.49.1.2	27.3	494	290	16	5	488	80	514	3.1e-39	159.5
3300027028.a:Ga0209295_1000105_52	gnl|TC-DB|Q7WWQ9|3.A.1.1.20	34.4	282	181	3	7	288	8	285	1.1e-47	186.8
3300027028.a:Ga0209295_1000105_53	gnl|TC-DB|P94530|3.A.1.1.34	33.6	271	175	3	7	273	11	280	3.0e-39	158.7
3300027028.a:Ga0209295_1000105_56	gnl|TC-DB|P94360|3.A.1.1.26	67.7	365	118	0	1	365	1	365	2.4e-145	511.5
3300027028.a:Ga0209295_1000105_59	gnl|TC-DB|Q9X0T1|3.A.1.1.22	23.9	380	251	13	38	399	22	381	1.6e-20	97.1
3300027028.a:Ga0209295_1000105_68	gnl|TC-DB|O32333|4.A.4.1.2	44.0	343	180	4	10	351	4	335	1.6e-69	259.6
3300027028.a:Ga0209295_1000105_69	gnl|TC-DB|P56579|4.A.4.1.1	50.0	168	84	0	8	175	9	176	9.1e-42	166.4
3300027028.a:Ga0209295_1000105_85	gnl|TC-DB|Q9V0A4|3.B.1.1.5	60.9	522	195	4	1	513	1	522	4.5e-182	634.0
3300027028.a:Ga0209295_1000105_88	gnl|TC-DB|P54538|2.A.85.5.1	48.8	320	164	0	6	325	2	321	1.7e-86	315.8
3300027028.a:Ga0209295_1000105_100	gnl|TC-DB|Q9KN48|3.A.23.1.1	32.4	376	207	6	343	676	154	524	1.2e-44	177.9
3300027028.a:Ga0209295_1000105_106	gnl|TC-DB|J8IXD8|1.C.109.1.5	61.9	273	104	0	4	276	3	275	1.1e-94	342.8
3300027028.a:Ga0209295_1000404_8	gnl|TC-DB|Q42524|4.C.1.1.7	27.5	494	312	12	27	476	66	557	4.5e-43	172.2
3300027028.a:Ga0209295_1000404_10	gnl|TC-DB|B2IWS9|3.A.1.15.13	25.5	321	186	5	36	347	61	337	9.0e-25	110.9
3300027028.a:Ga0209295_1000050_11	gnl|TC-DB|G2JS05|3.A.14.1.2	47.5	99	52	0	5	103	9	107	2.6e-23	104.4
3300027028.a:Ga0209295_1000050_13	gnl|TC-DB|P25953|3.A.14.1.1	41.2	345	187	5	3	335	2	342	9.9e-69	256.9
3300027028.a:Ga0209295_1000050_22	gnl|TC-DB|O51236|3.A.1.7.5	63.1	252	93	0	22	273	9	260	3.9e-92	334.3
3300027028.a:Ga0209295_1000050_23	gnl|TC-DB|C3KCB6|3.A.1.7.3	30.4	283	191	4	11	288	16	297	1.0e-29	127.1
3300027028.a:Ga0209295_1000050_24	gnl|TC-DB|O51234|3.A.1.7.5	32.0	291	189	4	15	300	6	292	1.9e-34	142.9
3300027028.a:Ga0209295_1000050_29	gnl|TC-DB|M7AKZ4|2.A.58.2.2	33.0	548	338	11	7	539	4	537	1.3e-62	237.3
3300027028.a:Ga0209295_1000050_34	gnl|TC-DB|O34610|3.A.1.15.11	35.2	267	164	2	9	274	7	265	3.4e-38	155.2
3300027028.a:Ga0209295_1000050_35	gnl|TC-DB|P0A2U6|3.A.1.15.3	35.1	202	129	1	6	207	4	203	4.6e-34	141.4
3300027028.a:Ga0209295_1000050_37	gnl|TC-DB|P38919|3.A.18.1.1	35.8	346	221	1	4	348	40	385	3.9e-62	235.3
3300027028.a:Ga0209295_1000050_64	gnl|TC-DB|G4NXA5|1.A.33.1.4	79.7	611	120	2	1	608	1	610	5.5e-272	932.9
3300027028.a:Ga0209295_1000050_65	gnl|TC-DB|P38523|3.A.8.1.1	39.4	137	78	1	68	199	86	222	1.7e-20	95.9
3300027028.a:Ga0209295_1000050_72	gnl|TC-DB|P39695|3.A.11.1.1	33.6	664	432	5	40	696	90	751	9.9e-95	344.4
3300027028.a:Ga0209295_1000050_73	gnl|TC-DB|G2JTB4|3.A.11.1.4	70.5	146	43	0	1	146	1	146	9.5e-61	229.6
3300027028.a:Ga0209295_1000050_74	gnl|TC-DB|P39694|3.A.11.1.1	43.7	174	81	3	24	182	34	205	6.1e-33	137.1
3300027028.a:Ga0209295_1000050_83	gnl|TC-DB|B0SM05|2.A.25.1.6	37.6	258	134	5	15	250	479	731	5.6e-40	161.0
3300027028.a:Ga0209295_1000050_95	gnl|TC-DB|Q6MDD6|3.A.7.16.1	35.1	747	426	13	24	753	13	717	2.8e-109	392.9
3300027028.a:Ga0209295_1000050_111	gnl|TC-DB|O32047|2.A.6.4.2	59.3	735	294	5	4	737	3	733	6.1e-228	786.9
3300027028.a:Ga0209295_1000050_129	gnl|TC-DB|Q9K8H6|9.B.157.1.2	43.7	286	158	2	1	283	1	286	1.9e-63	239.2
3300027028.a:Ga0209295_1000050_130	gnl|TC-DB|Q9K8H5|9.B.157.1.2	64.7	337	116	1	1	337	1	334	2.8e-119	424.9
3300027028.a:Ga0209295_1000050_133	gnl|TC-DB|Q5F721|2.A.68.1.2	47.2	509	252	6	13	506	13	519	9.8e-121	430.3
3300027028.a:Ga0209295_1000050_134	gnl|TC-DB|P22610|3.A.15.2.1	33.6	265	148	3	11	247	20	284	1.8e-27	119.4
3300027028.a:Ga0209295_1000050_139	gnl|TC-DB|Q8VRL3|3.A.11.1.3	38.1	407	241	8	1	400	36	438	1.3e-67	253.4
3300027028.a:Ga0209295_1000050_140	gnl|TC-DB|P24559|3.A.15.2.1	46.5	333	177	1	9	341	3	334	6.2e-82	300.8
3300027028.a:Ga0209295_1000050_141	gnl|TC-DB|Q8F3M7|3.A.15.4.1	41.4	555	313	6	6	548	2	556	4.9e-118	421.4
3300027028.a:Ga0209295_1000050_147	gnl|TC-DB|D4ZZR3|9.B.34.1.3	34.4	195	114	6	370	563	212	393	7.0e-19	92.0
3300027028.a:Ga0209295_1000050_171	gnl|TC-DB|Q65GF5|3.D.10.1.1	81.5	248	46	0	6	253	5	252	4.8e-124	440.3
3300027028.a:Ga0209295_1000050_172	gnl|TC-DB|Q65GF4|3.D.10.1.1	82.1	582	103	1	1	581	1	582	1.8e-288	987.6
3300027028.a:Ga0209295_1000050_173	gnl|TC-DB|Q65GF3|3.D.10.1.1	63.5	203	73	1	1	203	1	202	2.4e-70	261.5
3300027028.a:Ga0209295_1000050_182	gnl|TC-DB|P69451|4.C.1.1.4	40.1	569	316	11	3	558	2	558	3.2e-112	402.1
3300027028.a:Ga0209295_1000050_215	gnl|TC-DB|Q9HV74|2.A.21.9.1	26.5	370	200	16	131	461	638	974	4.9e-18	89.0
3300027028.a:Ga0209295_1000006_20	gnl|TC-DB|Q981D4|1.A.62.3.1	37.0	200	122	3	1	197	3	201	2.6e-24	108.6
3300027028.a:Ga0209295_1000006_32	gnl|TC-DB|K0WKG7|4.F.1.1.8	41.0	188	92	5	1	183	1	174	1.1e-24	109.8
3300027028.a:Ga0209295_1000006_38	gnl|TC-DB|Q8DU39|3.A.1.2.12	55.7	318	141	0	1	318	1	318	1.6e-97	352.4
3300027028.a:Ga0209295_1000006_39	gnl|TC-DB|Q8DU38|3.A.1.2.12	44.0	332	176	3	1	322	1	332	1.2e-69	260.0
3300027028.a:Ga0209295_1000006_40	gnl|TC-DB|A2RKA7|3.A.1.2.17	64.5	498	177	0	2	499	4	501	9.7e-185	642.9
3300027028.a:Ga0209295_1000006_41	gnl|TC-DB|Q8DU36|3.A.1.2.12	45.9	362	175	7	1	355	1	348	3.6e-77	285.0
3300027028.a:Ga0209295_1000006_43	gnl|TC-DB|P21458|3.A.12.1.1	57.3	773	314	7	39	804	18	781	3.1e-222	768.1
3300027028.a:Ga0209295_1000006_74	gnl|TC-DB|Q8VRK4|3.A.11.1.3	38.2	199	117	2	89	287	70	262	2.6e-33	139.0
3300027028.a:Ga0209295_1000006_86	gnl|TC-DB|P0AGD7|3.A.5.1.1	53.8	418	192	1	3	419	2	419	2.1e-122	435.6
3300027028.a:Ga0209295_1000006_88	gnl|TC-DB|P10121|3.A.5.1.1	50.2	301	146	2	23	323	198	494	3.1e-78	288.5
3300027028.a:Ga0209295_1000006_91	gnl|TC-DB|Q6UKY4|3.D.1.6.4	53.5	71	33	0	3	73	51	121	5.2e-13	69.7
3300027028.a:Ga0209295_1000006_105	gnl|TC-DB|D8HIS0|9.B.106.2.2	36.6	295	151	7	9	273	216	504	6.0e-38	155.6
3300027028.a:Ga0209295_1000006_110	gnl|TC-DB|Q9ZKE4|3.A.11.3.1	35.4	574	339	13	212	775	51	602	2.2e-82	303.5
3300027028.a:Ga0209295_1000006_116	gnl|TC-DB|P42199|3.A.1.3.14	33.1	272	160	9	13	273	7	267	7.0e-28	120.9
3300027028.a:Ga0209295_1000006_117	gnl|TC-DB|P0AFT2|3.A.1.3.10	45.7	208	113	0	13	220	6	213	6.8e-50	193.7
3300027028.a:Ga0209295_1000006_128	gnl|TC-DB|P39766|2.A.40.1.4	60.6	421	165	1	6	425	8	428	2.4e-136	481.9
3300027028.a:Ga0209295_1000006_135	gnl|TC-DB|Q81WE1|9.A.4.2.1	55.2	87	39	0	1	87	1	87	1.9e-19	91.3
3300027028.a:Ga0209295_1000006_146	gnl|TC-DB|P0A6W3|9.B.146.1.6	45.2	325	156	5	12	317	33	354	8.5e-62	233.8
3300027028.a:Ga0209295_1000006_154	gnl|TC-DB|Q57079|3.B.1.1.2	37.8	513	295	6	14	516	11	509	3.0e-93	339.0
3300027028.a:Ga0209295_1000006_170	gnl|TC-DB|Q04454|2.A.86.1.3	48.7	306	157	0	47	352	80	385	5.1e-68	254.6
3300027028.a:Ga0209295_1000006_173	gnl|TC-DB|P24013|3.D.4.4.1	52.5	99	46	1	13	110	12	110	7.3e-21	96.3
3300027028.a:Ga0209295_1000006_174	gnl|TC-DB|P24012|3.D.4.4.1	67.0	209	66	2	1	208	1	207	6.7e-76	280.0
3300027028.a:Ga0209295_1000006_175	gnl|TC-DB|P24010|3.D.4.4.1	71.4	622	176	2	1	622	2	621	1.1e-265	912.1
3300027028.a:Ga0209295_1000006_176	gnl|TC-DB|P24011|3.D.4.4.1	52.8	360	159	4	6	362	3	354	1.9e-94	342.4
3300027028.a:Ga0209295_1000006_178	gnl|TC-DB|P12946|3.D.4.4.1	52.2	301	140	3	4	301	2	301	1.1e-82	303.1
3300027028.a:Ga0209295_1000006_179	gnl|TC-DB|Q03030|3.B.1.1.1	33.0	625	369	8	532	1143	3	590	2.2e-83	307.4
3300027028.a:Ga0209295_1000006_180	gnl|TC-DB|P07373|2.A.103.1.3	34.8	371	229	3	13	383	9	366	2.4e-55	212.6
3300027028.a:Ga0209295_1000006_205	gnl|TC-DB|P39760|2.A.38.4.4	72.1	219	61	0	1	219	1	219	4.9e-85	310.5
3300027028.a:Ga0209295_1000006_208	gnl|TC-DB|Q97Q42|3.A.1.11.7	69.7	357	107	1	6	361	5	361	5.0e-143	503.8
3300027028.a:Ga0209295_1000006_209	gnl|TC-DB|Q97Q43|3.A.1.11.7	59.9	262	102	1	2	260	8	269	3.3e-83	304.7
3300027028.a:Ga0209295_1000006_210	gnl|TC-DB|Q97Q44|3.A.1.11.7	57.4	258	109	1	4	261	1	257	1.2e-72	269.6
3300027028.a:Ga0209295_1000006_211	gnl|TC-DB|Q97Q45|3.A.1.11.7	55.6	354	156	1	1	354	1	353	9.3e-110	393.3
3300027028.a:Ga0209295_1000006_212	gnl|TC-DB|P33449|2.A.1.2.70	39.5	385	227	2	3	385	1	381	9.8e-76	280.4
3300027028.a:Ga0209295_1000006_216	gnl|TC-DB|O32182|2.A.1.3.33	34.0	403	266	0	2	404	8	410	1.3e-66	250.4
3300027028.a:Ga0209295_1000006_224	gnl|TC-DB|O31658|2.A.38.4.4	54.5	442	200	1	8	449	9	449	6.0e-130	460.7
3300027028.a:Ga0209295_1000006_227	gnl|TC-DB|O34997|2.A.109.1.4	63.2	247	89	2	4	249	65	310	6.0e-79	290.4
3300027028.a:Ga0209295_1000006_229	gnl|TC-DB|Q8CX78|2.A.6.3.6	31.6	1037	672	12	1	1022	1	1015	2.8e-143	506.1
3300027028.a:Ga0209295_1000006_233	gnl|TC-DB|Q9HV74|2.A.21.9.1	32.3	251	148	8	287	521	733	977	6.1e-25	112.1
3300027028.a:Ga0209295_1000006_241	gnl|TC-DB|Q5G3M2|3.A.7.19.1	41.1	185	96	1	2	173	7	191	1.4e-32	136.3
3300027028.a:Ga0209295_1000006_251	gnl|TC-DB|Q45121|1.A.26.1.1	50.0	312	156	0	145	456	1	312	1.2e-82	303.5
3300027028.a:Ga0209295_1000006_264	gnl|TC-DB|Q2FZR4|3.A.1.5.19	69.8	305	89	1	3	307	5	306	2.7e-121	431.4
3300027028.a:Ga0209295_1000006_265	gnl|TC-DB|Q2FZR5|3.A.1.5.19	67.1	343	112	1	2	343	3	345	1.9e-131	465.3
3300027028.a:Ga0209295_1000006_266	gnl|TC-DB|Q2FZR6|3.A.1.5.19	47.9	340	172	2	1	338	19	355	2.7e-90	328.6
3300027028.a:Ga0209295_1000006_267	gnl|TC-DB|Q2FZR7|3.A.1.5.19	52.9	310	143	3	1	310	1	307	1.4e-85	312.8
3300027028.a:Ga0209295_1000006_268	gnl|TC-DB|Q2FZR3|3.A.1.5.19	34.7	516	329	6	52	566	30	538	8.2e-92	334.3
3300027028.a:Ga0209295_1000006_271	gnl|TC-DB|P42063|3.A.1.5.20	41.4	295	162	4	11	305	20	303	2.8e-54	208.8
3300027028.a:Ga0209295_1000006_272	gnl|TC-DB|F0TFS8|3.A.1.5.32	43.1	320	180	2	1	320	1	318	1.8e-72	269.2
3300027028.a:Ga0209295_1000006_273	gnl|TC-DB|Q9X0V0|3.A.1.5.14	24.8	460	290	15	103	538	80	507	1.2e-21	101.3
3300027028.a:Ga0209295_1000006_274	gnl|TC-DB|P42065|3.A.1.5.20	60.7	323	124	2	17	336	6	328	1.5e-114	409.1
3300027028.a:Ga0209295_1000006_275	gnl|TC-DB|P42064|3.A.1.5.20	54.5	323	146	1	9	331	1	322	1.0e-92	336.7
3300027028.a:Ga0209295_1000006_279	gnl|TC-DB|Q9SXJ7|3.A.9.1.2	48.4	709	294	8	15	709	278	928	3.5e-185	644.8
3300027028.a:Ga0209295_1000006_288	gnl|TC-DB|P42107|9.B.169.1.1	32.9	392	244	5	3	380	4	390	7.7e-49	191.0
3300027028.a:Ga0209295_1000006_300	gnl|TC-DB|P0A9R7|3.A.1.140.1	48.4	213	110	0	1	213	1	213	2.5e-52	201.8
3300027028.a:Ga0209295_1000006_302	gnl|TC-DB|C8X4B7|2.A.115.1.5	29.4	265	183	3	27	289	23	285	1.5e-28	123.2
3300027028.a:Ga0209295_1000006_303	gnl|TC-DB|Q2XWL3|2.A.36.6.7	30.8	403	255	9	5	395	10	400	8.1e-38	154.5
3300027028.a:Ga0209295_1000006_305	gnl|TC-DB|P10408|3.A.5.1.1	47.7	897	407	8	1	835	2	898	3.1e-225	778.1
3300027028.a:Ga0209295_1000006_310	gnl|TC-DB|P39145|3.A.11.1.1	41.1	438	249	4	8	438	19	454	5.7e-93	337.8
3300027028.a:Ga0209295_1000006_321	gnl|TC-DB|P19072|2.A.26.1.1	43.5	437	235	4	6	439	4	431	1.7e-89	326.2
3300027028.a:Ga0209295_1000006_330	gnl|TC-DB|P39850|8.A.3.2.1	27.8	158	114	0	10	167	10	167	6.1e-11	64.3
3300027028.a:Ga0209295_1000006_343	gnl|TC-DB|Q3IVI4|2.A.56.1.4	38.5	442	251	3	1	425	4	441	3.7e-81	298.5
3300027028.a:Ga0209295_1000006_345	gnl|TC-DB|R4JTF7|2.A.56.1.9	32.7	339	221	2	1	339	1	332	3.6e-50	195.3
3300027028.a:Ga0209295_1000006_360	gnl|TC-DB|J8ABC0|3.A.1.105.9	51.4	311	149	2	1	310	1	310	4.5e-84	307.8
3300027028.a:Ga0209295_1000006_362	gnl|TC-DB|P54535|3.A.1.3.15	44.5	256	130	6	6	256	7	255	3.6e-47	184.9
3300027028.a:Ga0209295_1000006_363	gnl|TC-DB|P54536|3.A.1.3.15	60.3	219	87	0	1	219	1	219	8.4e-69	256.5
3300027028.a:Ga0209295_1000006_364	gnl|TC-DB|P54537|3.A.1.3.15	66.7	240	80	0	1	240	1	240	1.8e-88	322.0
3300027028.a:Ga0209295_1000006_379	gnl|TC-DB|P08690|3.A.4.1.1	49.0	577	289	4	12	586	7	580	8.9e-150	526.9
3300027028.a:Ga0209295_1000006_383	gnl|TC-DB|O07084|2.A.4.1.3	60.8	309	121	0	5	313	3	311	7.7e-108	386.7
3300027028.a:Ga0209295_1000006_394	gnl|TC-DB|F3LB58|2.A.98.1.4	33.0	361	210	9	14	373	8	337	3.4e-33	139.0
3300027028.a:Ga0209295_1000006_397	gnl|TC-DB|Q6MMD5|9.B.18.2.1	39.1	568	313	11	44	594	68	619	1.2e-104	377.1
3300027028.a:Ga0209295_1000006_398	gnl|TC-DB|P39851|8.A.3.2.1	38.7	222	136	0	8	229	4	225	7.0e-42	167.2
3300027028.a:Ga0209295_1000006_399	gnl|TC-DB|P72367|8.A.3.2.4	33.2	220	145	1	1	220	1	218	1.0e-28	123.6
3300027028.a:Ga0209295_1000006_402	gnl|TC-DB|Q93N33|2.A.21.9.2	26.4	307	194	8	787	1084	729	1012	2.2e-13	74.7
3300027028.a:Ga0209295_1000006_406	gnl|TC-DB|Q9HV74|2.A.21.9.1	32.4	247	156	5	183	420	733	977	6.2e-28	121.7
3300027028.a:Ga0209295_1000006_420	gnl|TC-DB|Q8EHH6|9.A.5.1.1	49.4	435	219	1	19	452	16	450	2.2e-108	389.0
3300027028.a:Ga0209295_1000006_425	gnl|TC-DB|B2GH49|9.B.160.1.10	32.7	196	113	9	145	328	190	378	3.2e-12	69.7
3300027028.a:Ga0209295_1000006_428	gnl|TC-DB|D9SZH8|2.A.7.3.49	28.1	363	218	10	21	347	394	749	2.5e-15	80.5
3300027028.a:Ga0209295_1000006_431	gnl|TC-DB|P18156|1.A.8.2.1	64.3	255	91	0	1	255	1	255	3.2e-94	341.3
3300027028.a:Ga0209295_1000006_443	gnl|TC-DB|H8E4X1|9.B.18.1.2	40.1	187	101	1	21	196	331	517	8.2e-34	140.2
3300027028.a:Ga0209295_1000006_455	gnl|TC-DB|Q9MUK5|3.A.9.1.1	26.2	397	240	11	73	439	61	434	1.0e-23	107.8
3300027028.a:Ga0209295_1000006_462	gnl|TC-DB|D4ZZR3|9.B.34.1.3	30.4	184	117	4	236	414	213	390	1.1e-13	75.1
3300027028.a:Ga0209295_1000006_472	gnl|TC-DB|D4ZZR3|9.B.34.1.3	39.9	178	100	5	186	357	217	393	3.0e-26	115.9
3300027028.a:Ga0209295_1000006_495	gnl|TC-DB|Q8EG39|2.A.8.1.6	37.8	450	260	8	7	439	3	449	3.4e-53	205.7
3300027028.a:Ga0209295_1000006_496	gnl|TC-DB|A7I6E8|2.A.115.1.7	35.0	163	105	1	6	167	36	198	6.6e-19	90.5
3300027028.a:Ga0209295_1000006_497	gnl|TC-DB|P09489|1.B.12.5.1	25.2	345	171	12	101	360	55	397	9.2e-11	65.5
3300027028.a:Ga0209295_1000006_503	gnl|TC-DB|P80874|8.A.5.1.4	35.7	154	78	6	10	144	11	162	6.4e-18	87.8
3300027028.a:Ga0209295_1000006_511	gnl|TC-DB|P00550|4.A.2.1.2	55.2	647	266	8	6	644	3	633	2.8e-189	658.3
3300027028.a:Ga0209295_1000006_512	gnl|TC-DB|A1RZ60|8.A.8.1.6	39.5	76	46	0	8	83	8	83	7.2e-11	62.8
3300027028.a:Ga0209295_1000006_513	gnl|TC-DB|P08839|8.A.7.1.1	48.9	560	284	1	4	561	2	561	1.0e-147	520.0
3300027028.a:Ga0209295_1000006_518	gnl|TC-DB|W0WFC6|2.A.25.1.9	42.3	447	252	3	1	444	1	444	7.8e-88	320.9
3300027028.a:Ga0209295_1000006_534	gnl|TC-DB|P50847|2.A.10.1.3	37.6	322	189	6	1	316	1	316	5.0e-49	191.4
3300027028.a:Ga0209295_1000006_537	gnl|TC-DB|Q7A4Q7|2.A.21.2.2	24.1	482	326	15	10	460	19	491	5.3e-15	79.0
3300027028.a:Ga0209295_1000006_550	gnl|TC-DB|H8E4X1|9.B.18.1.2	42.5	193	100	2	5	186	326	518	2.6e-35	145.2
3300027028.a:Ga0209295_1000006_555	gnl|TC-DB|Q6MMD5|9.B.18.2.1	39.6	589	325	11	11	587	33	602	2.0e-104	376.3
3300027028.a:Ga0209295_1000006_557	gnl|TC-DB|P39851|8.A.3.2.1	42.2	230	129	1	1	230	1	226	1.4e-50	196.1
3300027028.a:Ga0209295_1000006_558	gnl|TC-DB|P39850|8.A.3.2.1	37.3	220	135	2	1	220	1	217	8.2e-33	137.1
3300027028.a:Ga0209295_1000006_571	gnl|TC-DB|Q286Z2|9.B.97.1.2	24.0	333	236	7	8	332	8	331	7.5e-16	81.3
3300027028.a:Ga0209295_1000006_594	gnl|TC-DB|O30085|3.A.3.5.10	61.5	639	242	4	66	704	56	690	5.2e-213	737.3
3300027028.a:Ga0209295_1000006_597	gnl|TC-DB|Q93N33|2.A.21.9.2	27.5	306	199	9	156	455	722	1010	3.1e-17	86.3
3300027028.a:Ga0209295_1000006_600	gnl|TC-DB|Q5WGH2|2.A.1.62.3	48.2	394	203	1	1	394	15	407	1.6e-97	352.8
3300027028.a:Ga0209295_1000006_616	gnl|TC-DB|P49856|2.A.7.1.5	63.9	108	39	0	3	110	1	108	1.1e-32	135.6
3300027028.a:Ga0209295_1000006_617	gnl|TC-DB|P49857|2.A.7.1.5	56.9	102	44	0	3	104	4	105	9.0e-29	122.5
3300027028.a:Ga0209295_1000006_624	gnl|TC-DB|B3WEC1|3.A.1.134.9	48.0	223	114	2	6	227	5	226	2.6e-50	195.3
3300027028.a:Ga0209295_1000006_650	gnl|TC-DB|Q97DD1|2.A.7.21.8	28.4	141	100	1	2	141	1	141	1.8e-12	68.9
3300027028.a:Ga0209295_1000006_655	gnl|TC-DB|Q93HR7|2.A.66.1.7	29.2	432	302	3	13	442	4	433	8.4e-39	157.9
3300027028.a:Ga0209295_1000006_657	gnl|TC-DB|A9WGB0|3.A.1.26.1	44.5	155	85	1	1	154	1	155	1.8e-23	105.5
3300027028.a:Ga0209295_1000006_673	gnl|TC-DB|Q55487|4.D.2.1.9	30.3	178	107	7	1	168	1	171	2.0e-12	69.3
3300027028.a:Ga0209295_1000006_687	gnl|TC-DB|Q45068|2.A.25.1.5	57.8	467	191	3	1	467	1	461	3.9e-148	521.2
3300027028.a:Ga0209295_1000006_691	gnl|TC-DB|P16256|2.A.21.1.1	48.4	469	235	4	1	467	1	464	8.6e-114	407.1
3300027028.a:Ga0209295_1000006_696	gnl|TC-DB|P42065|3.A.1.5.20	57.0	323	131	3	4	319	7	328	1.5e-103	372.5
3300027028.a:Ga0209295_1000006_700	gnl|TC-DB|P26906|3.A.1.5.2	55.0	531	234	1	15	545	18	543	1.2e-177	619.4
3300027028.a:Ga0209295_1000006_701	gnl|TC-DB|P26905|3.A.1.5.2	71.3	327	94	0	45	371	2	328	1.2e-136	482.6
3300027028.a:Ga0209295_1000006_702	gnl|TC-DB|P26904|3.A.1.5.2	77.6	304	68	0	3	306	17	320	9.4e-135	476.1
3300027028.a:Ga0209295_1000006_703	gnl|TC-DB|P26903|3.A.1.5.2	69.7	307	93	0	1	307	1	307	6.0e-121	430.3
3300027028.a:Ga0209295_1000006_704	gnl|TC-DB|P26902|3.A.1.5.2	65.7	274	94	0	1	274	1	274	2.0e-99	358.6
3300027028.a:Ga0209295_1000006_710	gnl|TC-DB|Q5G3M3|3.A.7.19.1	40.4	109	65	0	1	109	2	110	7.4e-23	103.2
3300027028.a:Ga0209295_1000006_714	gnl|TC-DB|Q9K8H5|9.B.157.1.2	54.2	332	148	4	2	330	5	335	1.6e-95	345.9
3300027028.a:Ga0209295_1000006_717	gnl|TC-DB|P29709|3.A.2.1.2	38.9	131	80	0	1	131	1	131	1.0e-16	82.8
3300027028.a:Ga0209295_1000006_718	gnl|TC-DB|P50002|3.A.2.1.5	70.9	464	130	1	2	465	4	462	2.0e-184	641.7
3300027028.a:Ga0209295_1000006_719	gnl|TC-DB|P50005|3.A.2.1.5	40.6	303	154	4	3	284	4	301	3.4e-54	208.4
3300027028.a:Ga0209295_1000006_720	gnl|TC-DB|P50000|3.A.2.1.5	62.2	505	183	4	1	501	1	501	5.8e-174	607.1
3300027028.a:Ga0209295_1000006_721	gnl|TC-DB|A1B8N7|3.A.2.1.7	26.3	175	126	2	2	174	11	184	1.1e-13	73.2
3300027028.a:Ga0209295_1000006_724	gnl|TC-DB|Q9RMB6|3.A.2.1.5	31.3	227	141	6	6	231	4	216	6.6e-19	90.9
3300027028.a:Ga0209295_1000006_725	gnl|TC-DB|P20598|1.A.77.3.4	43.0	121	69	0	1	121	1	121	2.2e-26	114.8
3300027028.a:Ga0209295_1000006_755	gnl|TC-DB|P96797|3.D.7.1.1	29.2	439	253	13	274	700	12	404	2.3e-43	173.7
3300027028.a:Ga0209295_1000006_764	gnl|TC-DB|Q8PVB2|9.B.125.2.2	32.8	329	194	7	3	314	8	326	8.4e-38	154.1
3300027028.a:Ga0209295_1000006_765	gnl|TC-DB|Q9RCF3|3.A.1.14.6	41.7	235	136	1	2	236	21	254	8.1e-48	188.0
3300027028.a:Ga0209295_1000006_766	gnl|TC-DB|Q9HQ19|3.A.1.14.9	45.0	280	147	3	42	321	88	360	3.6e-55	211.8
3300027028.a:Ga0209295_1000006_771	gnl|TC-DB|B0LJC9|2.A.36.6.10	73.5	404	105	1	1	404	1	402	2.7e-161	564.7
3300027028.a:Ga0209295_1000006_788	gnl|TC-DB|Q8EHH6|9.A.5.1.1	50.1	449	222	1	2	450	6	452	1.2e-114	409.8
3300027028.a:Ga0209295_1000006_790	gnl|TC-DB|P42199|3.A.1.3.14	48.0	271	135	4	1	270	1	266	7.7e-64	240.4
3300027028.a:Ga0209295_1000006_791	gnl|TC-DB|P42200|3.A.1.3.14	65.4	217	74	1	18	233	18	234	2.7e-73	271.6
3300027028.a:Ga0209295_1000006_792	gnl|TC-DB|P39456|3.A.1.3.14	63.3	245	90	0	1	245	1	245	1.8e-88	322.0
3300027028.a:Ga0209295_1000006_793	gnl|TC-DB|C9NXL0|2.A.118.1.4	35.1	473	289	7	1	468	3	462	7.0e-73	271.2
3300027028.a:Ga0209295_1000006_797	gnl|TC-DB|P32399|9.B.74.1.3	30.0	220	138	3	266	478	561	771	5.9e-27	118.6
3300027028.a:Ga0209295_1000006_804	gnl|TC-DB|E0U2C9|2.A.115.2.1	44.9	214	115	1	1	211	1	214	8.2e-53	203.4
3300027028.a:Ga0209295_1000006_806	gnl|TC-DB|Q07711|3.A.7.7.1	33.0	633	386	14	1	608	1	620	2.0e-82	303.5
3300027028.a:Ga0209295_1000006_810	gnl|TC-DB|P43672|3.A.1.120.6	30.8	532	339	11	1	517	1	518	1.1e-58	224.2
3300027028.a:Ga0209295_1000006_813	gnl|TC-DB|P37908|9.A.40.2.4	29.3	399	270	7	14	404	22	416	8.3e-41	164.5
3300027028.a:Ga0209295_1000006_815	gnl|TC-DB|P60782|9.B.31.1.1	30.0	180	108	4	9	179	12	182	2.8e-12	68.6
3300027028.a:Ga0209295_1000006_823	gnl|TC-DB|Q9WYC4|3.A.1.135.5	44.4	593	315	3	6	598	6	583	1.3e-135	479.9
3300027028.a:Ga0209295_1000006_824	gnl|TC-DB|Q9WYC3|3.A.1.135.5	40.3	568	336	2	1	565	1	568	1.1e-112	403.7
3300027028.a:Ga0209295_1000006_825	gnl|TC-DB|P31437|2.A.7.3.12	36.5	288	179	2	5	291	6	290	1.2e-36	150.2
3300027028.a:Ga0209295_1000006_827	gnl|TC-DB|W4C0M8|2.A.79.1.7	51.8	137	59	2	5	138	3	135	1.3e-31	132.5
3300027028.a:Ga0209295_1000006_828	gnl|TC-DB|H1HDR4|2.A.79.1.4	29.6	233	155	5	20	247	18	246	1.0e-14	77.0
3300027028.a:Ga0209295_1000006_839	gnl|TC-DB|D6GX19|9.B.27.2.5	28.3	184	125	2	5	185	8	187	2.9e-15	78.6
3300027028.a:Ga0209295_1000006_840	gnl|TC-DB|P69451|4.C.1.1.4	27.3	506	328	10	48	519	51	550	1.2e-44	177.6
3300027028.a:Ga0209295_1000006_848	gnl|TC-DB|P39649|2.A.7.3.4	47.1	274	145	0	7	280	8	281	2.9e-61	231.9
3300027028.a:Ga0209295_1000006_852	gnl|TC-DB|P30750|3.A.1.24.1	47.9	338	174	1	1	336	1	338	3.5e-90	328.2
3300027028.a:Ga0209295_1000006_853	gnl|TC-DB|Q8NSN3|3.A.1.24.4	46.8	205	109	0	11	215	17	221	4.6e-43	171.0
3300027028.a:Ga0209295_1000006_854	gnl|TC-DB|Q9HT68|3.A.1.24.5	37.5	267	160	2	1	267	1	260	3.0e-47	185.3
3300027028.a:Ga0209295_1000139_6	gnl|TC-DB|Q57079|3.B.1.1.2	30.0	210	127	6	62	267	35	228	3.0e-13	72.4
3300027028.a:Ga0209295_1000139_13	gnl|TC-DB|P11024|3.D.2.3.1	32.9	346	194	8	1	317	57	393	4.3e-33	138.7
3300027028.a:Ga0209295_1000139_24	gnl|TC-DB|M4VAL8|8.A.21.2.4	37.0	243	130	3	55	297	35	254	1.0e-33	140.6
3300027028.a:Ga0209295_1000139_25	gnl|TC-DB|P27844|2.A.7.7.2	41.8	304	165	4	4	304	2	296	8.1e-57	217.2
3300027028.a:Ga0209295_1000139_26	gnl|TC-DB|P31552|4.C.1.1.6	29.8	506	329	13	27	517	23	517	1.0e-48	191.0
3300027028.a:Ga0209295_1000139_39	gnl|TC-DB|P69451|4.C.1.1.4	25.5	521	336	12	72	557	47	550	4.3e-40	162.5
3300027028.a:Ga0209295_1000139_49	gnl|TC-DB|P21458|3.A.12.1.1	48.4	521	243	5	381	878	268	785	3.9e-133	472.2
3300027028.a:Ga0209295_1000139_65	gnl|TC-DB|Q00758|2.A.66.2.14	25.4	460	305	14	3	448	5	440	2.2e-22	103.6
