PUL0013	2.27e-128
PUL0017	1.34e-186
PUL0038	4.52e-154
PUL0049	1.18e-33
PUL00101	2.03e-142
PUL0103	2.84e-79
PUL0106	3.30e-187
PUL0108	5.36e-23
PUL00121	8.78e-14
PUL0121	9.68e-103
PUL00131	3.05e-47
PUL0152	4.88e-36
PUL0155	3.55e-108
PUL0180	6.29e-154
PUL0212	1.90e-61
PUL0212	7.25e-23
PUL0216	2.08e-101
PUL0216	2.93e-119
PUL0216	8.41e-103
PUL0227	1.33e-64
PUL0267	2.59e-223
PUL0269	7.75e-71
PUL00292	2.61e-85
PUL0292	8.68e-39
PUL0303	6.32e-156
PUL0303	7.33e-106
PUL0303	7.59e-103
PUL0316	1.42e-81
PUL0316	1.44e-08
PUL0316	1.66e-110
PUL0316	5.43e-55
PUL0326	1.46e-13
PUL0326	1.75e-11
PUL0333	7.03e-117
PUL0335	1.98e-195
PUL0337	6.05e-137
PUL0339	1.83e-06
PUL0340	1.14e-167
PUL0340	5.98e-160
PUL00367	8.53e-131
PUL0390	2.20e-67
PUL0390	3.43e-64
PUL0390	6.47e-58
PUL0390	7.31e-86
PUL0393	1.54e-158
PUL0396	1.37e-17
PUL0396	5.33e-62
PUL0396	5.79e-153
PUL0401	1.46e-16
PUL0401	5.29e-17
PUL0414	7.63e-29
PUL0429	2.47e-174
PUL00436	2.77e-10
PUL0438	8.41e-14
PUL0454	3.88e-40
PUL0459	3.23e-246
PUL0460	2.00e-73
PUL00475	4.06e-56
PUL0476	1.65e-62
PUL0502	2.61e-94
PUL0577	5.48e-43
PUL0598	6.71e-150
PUL0599	1.41e-128
PUL00612	2.97e-103
PUL00614	5.25e-134
PUL01218	1.24e-27
PUL01249	1.12e-174
PUL01455	1.33e-186
PUL01455	8.36e-204
PUL01455	9.42e-241
PUL01510	3.47e-37
PUL01610	1.03e-10
PUL01843	6.23e-128
PUL01846	3.68e-39
PUL01847	4.22e-42
PUL02020	5.28e-138
PUL02592	3.09e-155
PUL02705	8.92e-84
PUL03004	1.21e-58
PUL03298	2.09e-45
PUL03299	5.01e-118
PUL03365	5.14e-57
PUL03401	3.22e-18
PUL03412	6.49e-158
PUL04062	1.20e-15
PUL04062	2.03e-16
PUL04064	7.22e-14
PUL04066	2.68e-84
PUL04066	7.37e-106
PUL04132	1.54e-154
PUL04135	6.64e-125
PUL04299	1.24e-34
PUL04591	8.13e-93
PUL04600	7.19e-11
PUL04603	3.85e-12
PUL04603	4.88e-12
PUL05217	1.65e-15
PUL046003	3.26e-139
