35	TC	2	6	CGC1	3300014951.a:Ga0169829_100404	33560	36169	3300014951.a:Ga0169829_100404_36	+	DB=gnl|TC-DB|P30130|1.B.11.3.9;ID=3300014951.a:Ga0169829_100404_36	DB=gnl|TC-DB|P30130|1.B.11.3.9;ID=3300014951.a:Ga0169829_100404_36
36	null	null	null	CGC1	3300014951.a:Ga0169829_100404	36182	37189	3300014951.a:Ga0169829_100404_37	+	;ID=3300014951.a:Ga0169829_100404_37
37	null	null	null	CGC1	3300014951.a:Ga0169829_100404	37200	37715	3300014951.a:Ga0169829_100404_38	+	;ID=3300014951.a:Ga0169829_100404_38
38	TF	0	2	CGC1	3300014951.a:Ga0169829_100404	37718	38350	3300014951.a:Ga0169829_100404_39	-	DB=DBD-Pfam|GerE;ID=3300014951.a:Ga0169829_100404_39	DB=DBD-Pfam|GerE;ID=3300014951.a:Ga0169829_100404_39
39	TF	1	0	CGC1	3300014951.a:Ga0169829_100404	38715	39476	3300014951.a:Ga0169829_100404_40	-	DB=DBD-Pfam|HTH_AraC,DBD-Pfam|HTH_AraC,DBD-SUPERFAMILY|0035607;ID=3300014951.a:Ga0169829_100404_40	DB=DBD-Pfam|HTH_AraC,DBD-Pfam|HTH_AraC,DBD-SUPERFAMILY|0035607;ID=3300014951.a:Ga0169829_100404_40
40	null	null	null	CGC1	3300014951.a:Ga0169829_100404	39659	40549	3300014951.a:Ga0169829_100404_41	-	;ID=3300014951.a:Ga0169829_100404_41
41	STP	0	1	CGC1	3300014951.a:Ga0169829_100404	40550	43522	3300014951.a:Ga0169829_100404_42	-	DB=STP|TPR_1;ID=3300014951.a:Ga0169829_100404_42	DB=STP|TPR_1;ID=3300014951.a:Ga0169829_100404_42
42	CAZyme	null	0	CGC1	3300014951.a:Ga0169829_100404	43509	45746	3300014951.a:Ga0169829_100404_43	-	DB=GT0|GT2;ID=3300014951.a:Ga0169829_100404_43	DB=GT0|GT2;ID=3300014951.a:Ga0169829_100404_43
+++++
6	TF	0	null	CGC1	3300014951.a:Ga0169829_100345	5724	6656	3300014951.a:Ga0169829_100345_7	+	DB=DBD-Pfam|HTH_1,DBD-SUPERFAMILY|0040517;ID=3300014951.a:Ga0169829_100345_7	DB=DBD-Pfam|HTH_1,DBD-SUPERFAMILY|0040517;ID=3300014951.a:Ga0169829_100345_7
7	TF	0	0	CGC1	3300014951.a:Ga0169829_100345	6698	7786	3300014951.a:Ga0169829_100345_8	-	DB=DBD-Pfam|GerE;ID=3300014951.a:Ga0169829_100345_8	DB=DBD-Pfam|GerE;ID=3300014951.a:Ga0169829_100345_8
8	TC	0	0	CGC1	3300014951.a:Ga0169829_100345	7928	11911	3300014951.a:Ga0169829_100345_9	-	DB=gnl|TC-DB|Q8X6C1|1.B.12.1.6;ID=3300014951.a:Ga0169829_100345_9	DB=gnl|TC-DB|Q8X6C1|1.B.12.1.6;ID=3300014951.a:Ga0169829_100345_9
9	TC	0	0	CGC1	3300014951.a:Ga0169829_100345	12484	14517	3300014951.a:Ga0169829_100345_10	-	DB=gnl|TC-DB|P0ABC9|2.A.15.1.4;ID=3300014951.a:Ga0169829_100345_10	DB=gnl|TC-DB|P0ABC9|2.A.15.1.4;ID=3300014951.a:Ga0169829_100345_10
10	TF	1	0	CGC1	3300014951.a:Ga0169829_100345	14646	15233	3300014951.a:Ga0169829_100345_11	+	DB=DBD-SUPERFAMILY|0036955;ID=3300014951.a:Ga0169829_100345_11	DB=DBD-SUPERFAMILY|0036955;ID=3300014951.a:Ga0169829_100345_11
11	null	null	null	CGC1	3300014951.a:Ga0169829_100345	15247	16719	3300014951.a:Ga0169829_100345_12	+	;ID=3300014951.a:Ga0169829_100345_12
12	CAZyme	2	1	CGC1	3300014951.a:Ga0169829_100345	16733	18403	3300014951.a:Ga0169829_100345_13	+	DB=AA3_2| AA3_2;ID=3300014951.a:Ga0169829_100345_13	DB=AA3_2| AA3_2;ID=3300014951.a:Ga0169829_100345_13
13	null	null	null	CGC1	3300014951.a:Ga0169829_100345	18422	18673	3300014951.a:Ga0169829_100345_14	-	;ID=3300014951.a:Ga0169829_100345_14
14	null	null	null	CGC1	3300014951.a:Ga0169829_100345	19478	20041	3300014951.a:Ga0169829_100345_15	+	;ID=3300014951.a:Ga0169829_100345_15
15	TF	2	2	CGC1	3300014951.a:Ga0169829_100345	20371	21165	3300014951.a:Ga0169829_100345_16	+	DB=DBD-Pfam|GerE;ID=3300014951.a:Ga0169829_100345_16	DB=DBD-Pfam|GerE;ID=3300014951.a:Ga0169829_100345_16
16	null	null	null	CGC1	3300014951.a:Ga0169829_100345	21162	21302	3300014951.a:Ga0169829_100345_17	+	;ID=3300014951.a:Ga0169829_100345_17
17	null	null	null	CGC1	3300014951.a:Ga0169829_100345	21319	22077	3300014951.a:Ga0169829_100345_18	+	;ID=3300014951.a:Ga0169829_100345_18
18	TC	2	2	CGC1	3300014951.a:Ga0169829_100345	22119	24416	3300014951.a:Ga0169829_100345_19	+	DB=gnl|TC-DB|Q8X5H7|1.B.12.2.7;ID=3300014951.a:Ga0169829_100345_19	DB=gnl|TC-DB|Q8X5H7|1.B.12.2.7;ID=3300014951.a:Ga0169829_100345_19
19	null	null	null	CGC1	3300014951.a:Ga0169829_100345	24600	25265	3300014951.a:Ga0169829_100345_20	+	;ID=3300014951.a:Ga0169829_100345_20
20	null	null	null	CGC1	3300014951.a:Ga0169829_100345	25511	26206	3300014951.a:Ga0169829_100345_21	-	;ID=3300014951.a:Ga0169829_100345_21
21	STP	1	2	CGC1	3300014951.a:Ga0169829_100345	26199	27626	3300014951.a:Ga0169829_100345_22	-	DB=STP|Fer4;ID=3300014951.a:Ga0169829_100345_22	DB=STP|Fer4;ID=3300014951.a:Ga0169829_100345_22
22	null	null	null	CGC1	3300014951.a:Ga0169829_100345	27637	28356	3300014951.a:Ga0169829_100345_23	-	;ID=3300014951.a:Ga0169829_100345_23
23	TF	0	1	CGC1	3300014951.a:Ga0169829_100345	28883	29737	3300014951.a:Ga0169829_100345_24	-	DB=DBD-Pfam|HTH_AraC,DBD-Pfam|HTH_AraC,DBD-SUPERFAMILY|0036286,DBD-SUPERFAMILY|0035607;ID=3300014951.a:Ga0169829_100345_24	DB=DBD-Pfam|HTH_AraC,DBD-Pfam|HTH_AraC,DBD-SUPERFAMILY|0036286,DBD-SUPERFAMILY|0035607;ID=3300014951.a:Ga0169829_100345_24
24	STP	2	0	CGC1	3300014951.a:Ga0169829_100345	29963	31288	3300014951.a:Ga0169829_100345_25	+	DB=STP|Pyr_redox_2;ID=3300014951.a:Ga0169829_100345_25	DB=STP|Pyr_redox_2;ID=3300014951.a:Ga0169829_100345_25
25	null	null	null	CGC1	3300014951.a:Ga0169829_100345	31645	32238	3300014951.a:Ga0169829_100345_26	+	;ID=3300014951.a:Ga0169829_100345_26
26	null	null	null	CGC1	3300014951.a:Ga0169829_100345	32398	33267	3300014951.a:Ga0169829_100345_27	-	;ID=3300014951.a:Ga0169829_100345_27
27	TF	1	2	CGC1	3300014951.a:Ga0169829_100345	33516	34373	3300014951.a:Ga0169829_100345_28	+	DB=DBD-Pfam|HTH_AraC,DBD-Pfam|HTH_AraC,DBD-SUPERFAMILY|0036286,DBD-SUPERFAMILY|0035607;ID=3300014951.a:Ga0169829_100345_28	DB=DBD-Pfam|HTH_AraC,DBD-Pfam|HTH_AraC,DBD-SUPERFAMILY|0036286,DBD-SUPERFAMILY|0035607;ID=3300014951.a:Ga0169829_100345_28
28	null	null	null	CGC1	3300014951.a:Ga0169829_100345	34494	35135	3300014951.a:Ga0169829_100345_29	-	;ID=3300014951.a:Ga0169829_100345_29
29	TC	4	1	CGC1	3300014951.a:Ga0169829_100345	35232	38747	3300014951.a:Ga0169829_100345_30	-	DB=gnl|TC-DB|P11922|1.B.54.1.2;ID=3300014951.a:Ga0169829_100345_30	DB=gnl|TC-DB|P11922|1.B.54.1.2;ID=3300014951.a:Ga0169829_100345_30
+++++
33	TC	0	3	CGC1	3300014951.a:Ga0169829_100037	34048	35292	3300014951.a:Ga0169829_100037_34	-	DB=gnl|TC-DB|P0AGE4|2.A.23.4.1;ID=3300014951.a:Ga0169829_100037_34	DB=gnl|TC-DB|P0AGE4|2.A.23.4.1;ID=3300014951.a:Ga0169829_100037_34
34	TC	1	0	CGC1	3300014951.a:Ga0169829_100037	35908	36873	3300014951.a:Ga0169829_100037_35	-	DB=gnl|TC-DB|P42601|2.A.109.1.7;ID=3300014951.a:Ga0169829_100037_35	DB=gnl|TC-DB|P42601|2.A.109.1.7;ID=3300014951.a:Ga0169829_100037_35
35	null	null	null	CGC1	3300014951.a:Ga0169829_100037	37156	38142	3300014951.a:Ga0169829_100037_36	-	;ID=3300014951.a:Ga0169829_100037_36
36	TC	2	1	CGC1	3300014951.a:Ga0169829_100037	38221	38904	3300014951.a:Ga0169829_100037_37	-	DB=gnl|TC-DB|P0AFY2|9.B.114.1.1;ID=3300014951.a:Ga0169829_100037_37	DB=gnl|TC-DB|P0AFY2|9.B.114.1.1;ID=3300014951.a:Ga0169829_100037_37
37	null	null	null	CGC1	3300014951.a:Ga0169829_100037	38981	39484	3300014951.a:Ga0169829_100037_38	-	;ID=3300014951.a:Ga0169829_100037_38
38	null	null	null	CGC1	3300014951.a:Ga0169829_100037	39569	40705	3300014951.a:Ga0169829_100037_39	+	;ID=3300014951.a:Ga0169829_100037_39
39	TF	0	2	CGC1	3300014951.a:Ga0169829_100037	40976	41392	3300014951.a:Ga0169829_100037_40	+	DB=DBD-Pfam|HTH_3,DBD-SUPERFAMILY|0043707;ID=3300014951.a:Ga0169829_100037_40	DB=DBD-Pfam|HTH_3,DBD-SUPERFAMILY|0043707;ID=3300014951.a:Ga0169829_100037_40
40	STP	0	0	CGC1	3300014951.a:Ga0169829_100037	41437	43455	3300014951.a:Ga0169829_100037_41	-	DB=STP|Pyr_redox_2;ID=3300014951.a:Ga0169829_100037_41	DB=STP|Pyr_redox_2;ID=3300014951.a:Ga0169829_100037_41
41	CAZyme	1	0	CGC1	3300014951.a:Ga0169829_100037	43781	46132	3300014951.a:Ga0169829_100037_42	-	DB= GH63|GH63;ID=3300014951.a:Ga0169829_100037_42	DB= GH63|GH63;ID=3300014951.a:Ga0169829_100037_42
42	null	null	null	CGC1	3300014951.a:Ga0169829_100037	46149	47219	3300014951.a:Ga0169829_100037_43	-	;ID=3300014951.a:Ga0169829_100037_43
43	TC	1	1	CGC1	3300014951.a:Ga0169829_100037	47353	48786	3300014951.a:Ga0169829_100037_44	-	DB=gnl|TC-DB|P42590|2.A.3.7.4;ID=3300014951.a:Ga0169829_100037_44	DB=gnl|TC-DB|P42590|2.A.3.7.4;ID=3300014951.a:Ga0169829_100037_44
44	null	null	null	CGC1	3300014951.a:Ga0169829_100037	48849	49298	3300014951.a:Ga0169829_100037_45	-	;ID=3300014951.a:Ga0169829_100037_45
45	CAZyme	0	1	CGC1	3300014951.a:Ga0169829_100037	49295	52387	3300014951.a:Ga0169829_100037_46	-	DB= GH2|GH2;ID=3300014951.a:Ga0169829_100037_46	DB= GH2|GH2;ID=3300014951.a:Ga0169829_100037_46
46	TF	2	0	CGC1	3300014951.a:Ga0169829_100037	52571	53554	3300014951.a:Ga0169829_100037_47	-	DB=DBD-Pfam|LacI,DBD-SUPERFAMILY|0044558;ID=3300014951.a:Ga0169829_100037_47	DB=DBD-Pfam|LacI,DBD-SUPERFAMILY|0044558;ID=3300014951.a:Ga0169829_100037_47
47	null	null	null	CGC1	3300014951.a:Ga0169829_100037	53773	54105	3300014951.a:Ga0169829_100037_48	+	;ID=3300014951.a:Ga0169829_100037_48
48	null	null	null	CGC1	3300014951.a:Ga0169829_100037	54147	55637	3300014951.a:Ga0169829_100037_49	-	;ID=3300014951.a:Ga0169829_100037_49
49	STP	0	2	CGC1	3300014951.a:Ga0169829_100037	55944	57464	3300014951.a:Ga0169829_100037_50	+	DB=STP|PAS,STP|MCPsignal;ID=3300014951.a:Ga0169829_100037_50	DB=STP|PAS,STP|MCPsignal;ID=3300014951.a:Ga0169829_100037_50
50	TF	2	0	CGC1	3300014951.a:Ga0169829_100037	57618	58241	3300014951.a:Ga0169829_100037_51	-	DB=DBD-Pfam|PadR,DBD-SUPERFAMILY|0043935;ID=3300014951.a:Ga0169829_100037_51	DB=DBD-Pfam|PadR,DBD-SUPERFAMILY|0043935;ID=3300014951.a:Ga0169829_100037_51
51	null	null	null	CGC1	3300014951.a:Ga0169829_100037	58518	59282	3300014951.a:Ga0169829_100037_52	+	;ID=3300014951.a:Ga0169829_100037_52
52	null	null	null	CGC1	3300014951.a:Ga0169829_100037	59536	60042	3300014951.a:Ga0169829_100037_53	+	;ID=3300014951.a:Ga0169829_100037_53
53	STP	3	2	CGC1	3300014951.a:Ga0169829_100037	60121	61962	3300014951.a:Ga0169829_100037_54	-	DB=STP|Sigma70_r2,STP|Sigma70_r3,STP|Sigma70_r4;ID=3300014951.a:Ga0169829_100037_54	DB=STP|Sigma70_r2,STP|Sigma70_r3,STP|Sigma70_r4;ID=3300014951.a:Ga0169829_100037_54
+++++
23	TC	0	3	CGC1	3300014951.a:Ga0169829_100492	29217	30122	3300014951.a:Ga0169829_100492_24	-	DB=gnl|TC-DB|P0ABT9|2.A.7.3.26;ID=3300014951.a:Ga0169829_100492_24	DB=gnl|TC-DB|P0ABT9|2.A.7.3.26;ID=3300014951.a:Ga0169829_100492_24
24	CAZyme	2	0	CGC1	3300014951.a:Ga0169829_100492	30216	32396	3300014951.a:Ga0169829_100492_25	-	DB=AA0;ID=3300014951.a:Ga0169829_100492_25	DB=AA0;ID=3300014951.a:Ga0169829_100492_25
25	null	null	null	CGC1	3300014951.a:Ga0169829_100492	32725	33615	3300014951.a:Ga0169829_100492_26	-	;ID=3300014951.a:Ga0169829_100492_26
26	null	null	null	CGC1	3300014951.a:Ga0169829_100492	33964	36396	3300014951.a:Ga0169829_100492_27	-	;ID=3300014951.a:Ga0169829_100492_27
27	STP	0	2	CGC1	3300014951.a:Ga0169829_100492	36399	37559	3300014951.a:Ga0169829_100492_28	-	DB=STP|Aminotran_1_2;ID=3300014951.a:Ga0169829_100492_28	DB=STP|Aminotran_1_2;ID=3300014951.a:Ga0169829_100492_28
28	TF	1	0	CGC1	3300014951.a:Ga0169829_100492	37836	38153	3300014951.a:Ga0169829_100492_29	+	DB=DBD-Pfam|MetJ,DBD-SUPERFAMILY|0036063;ID=3300014951.a:Ga0169829_100492_29	DB=DBD-Pfam|MetJ,DBD-SUPERFAMILY|0036063;ID=3300014951.a:Ga0169829_100492_29
29	null	null	null	CGC1	3300014951.a:Ga0169829_100492	38213	38821	3300014951.a:Ga0169829_100492_30	+	;ID=3300014951.a:Ga0169829_100492_30
30	TF	null	1	CGC1	3300014951.a:Ga0169829_100492	38966	39238	3300014951.a:Ga0169829_100492_31	+	DB=DBD-SUPERFAMILY|0039939;ID=3300014951.a:Ga0169829_100492_31	DB=DBD-SUPERFAMILY|0039939;ID=3300014951.a:Ga0169829_100492_31
+++++
14	TC	0	4	CGC1	3300014951.a:Ga0169829_100182	12947	15814	3300014951.a:Ga0169829_100182_15	+	DB=gnl|TC-DB|P76017|1.B.12.2.6;ID=3300014951.a:Ga0169829_100182_15	DB=gnl|TC-DB|P76017|1.B.12.2.6;ID=3300014951.a:Ga0169829_100182_15
15	TF	2	0	CGC1	3300014951.a:Ga0169829_100182	15914	17833	3300014951.a:Ga0169829_100182_16	-	DB=DBD-Pfam|HTH_8,DBD-SUPERFAMILY|0037176;ID=3300014951.a:Ga0169829_100182_16	DB=DBD-Pfam|HTH_8,DBD-SUPERFAMILY|0037176;ID=3300014951.a:Ga0169829_100182_16
16	null	null	null	CGC1	3300014951.a:Ga0169829_100182	18061	19131	3300014951.a:Ga0169829_100182_17	+	;ID=3300014951.a:Ga0169829_100182_17
17	null	null	null	CGC1	3300014951.a:Ga0169829_100182	19142	19774	3300014951.a:Ga0169829_100182_18	+	;ID=3300014951.a:Ga0169829_100182_18
18	TC	0	2	CGC1	3300014951.a:Ga0169829_100182	19785	21203	3300014951.a:Ga0169829_100182_19	+	DB=gnl|TC-DB|P08839|8.A.7.1.1;ID=3300014951.a:Ga0169829_100182_19	DB=gnl|TC-DB|P08839|8.A.7.1.1;ID=3300014951.a:Ga0169829_100182_19
19	CAZyme	1	0	CGC1	3300014951.a:Ga0169829_100182	21523	23220	3300014951.a:Ga0169829_100182_20	+	DB= GH37|GH37;ID=3300014951.a:Ga0169829_100182_20	DB= GH37|GH37;ID=3300014951.a:Ga0169829_100182_20
20	null	null	null	CGC1	3300014951.a:Ga0169829_100182	23299	23739	3300014951.a:Ga0169829_100182_21	-	;ID=3300014951.a:Ga0169829_100182_21
21	TC	1	1	CGC1	3300014951.a:Ga0169829_100182	23917	24171	3300014951.a:Ga0169829_100182_22	-	DB=gnl|TC-DB|A6TAG3|1.E.43.1.1;ID=3300014951.a:Ga0169829_100182_22	DB=gnl|TC-DB|A6TAG3|1.E.43.1.1;ID=3300014951.a:Ga0169829_100182_22
22	null	null	null	CGC1	3300014951.a:Ga0169829_100182	24372	25106	3300014951.a:Ga0169829_100182_23	+	;ID=3300014951.a:Ga0169829_100182_23
23	CAZyme	1	1	CGC1	3300014951.a:Ga0169829_100182	25108	25719	3300014951.a:Ga0169829_100182_24	-	DB= GH23|GH23;ID=3300014951.a:Ga0169829_100182_24	DB= GH23|GH23;ID=3300014951.a:Ga0169829_100182_24
24	null	null	null	CGC1	3300014951.a:Ga0169829_100182	25819	26733	3300014951.a:Ga0169829_100182_25	+	;ID=3300014951.a:Ga0169829_100182_25
25	TC	2	1	CGC1	3300014951.a:Ga0169829_100182	26828	28564	3300014951.a:Ga0169829_100182_26	+	DB=gnl|TC-DB|P76007|2.A.36.6.11;ID=3300014951.a:Ga0169829_100182_26	DB=gnl|TC-DB|P76007|2.A.36.6.11;ID=3300014951.a:Ga0169829_100182_26
26	null	null	null	CGC1	3300014951.a:Ga0169829_100182	28698	28847	3300014951.a:Ga0169829_100182_27	-	;ID=3300014951.a:Ga0169829_100182_27
27	null	null	null	CGC1	3300014951.a:Ga0169829_100182	28950	30020	3300014951.a:Ga0169829_100182_28	-	;ID=3300014951.a:Ga0169829_100182_28
28	STP	1	2	CGC1	3300014951.a:Ga0169829_100182	30030	31328	3300014951.a:Ga0169829_100182_29	-	DB=STP|Pyr_redox;ID=3300014951.a:Ga0169829_100182_29	DB=STP|Pyr_redox;ID=3300014951.a:Ga0169829_100182_29
29	null	null	null	CGC1	3300014951.a:Ga0169829_100182	31658	33190	3300014951.a:Ga0169829_100182_30	+	;ID=3300014951.a:Ga0169829_100182_30
30	TF	0	1	CGC1	3300014951.a:Ga0169829_100182	33242	33961	3300014951.a:Ga0169829_100182_31	-	DB=DBD-Pfam|GntR,DBD-SUPERFAMILY|0037767;ID=3300014951.a:Ga0169829_100182_31	DB=DBD-Pfam|GntR,DBD-SUPERFAMILY|0037767;ID=3300014951.a:Ga0169829_100182_31
31	TC	0	0	CGC1	3300014951.a:Ga0169829_100182	34183	35724	3300014951.a:Ga0169829_100182_32	+	DB=gnl|TC-DB|P0AFA7|2.A.34.1.1;ID=3300014951.a:Ga0169829_100182_32	DB=gnl|TC-DB|P0AFA7|2.A.34.1.1;ID=3300014951.a:Ga0169829_100182_32
32	TC	2	0	CGC1	3300014951.a:Ga0169829_100182	35870	36400	3300014951.a:Ga0169829_100182_33	+	DB=gnl|TC-DB|P0A6M2|5.A.2.1.1;ID=3300014951.a:Ga0169829_100182_33	DB=gnl|TC-DB|P0A6M2|5.A.2.1.1;ID=3300014951.a:Ga0169829_100182_33
33	null	null	null	CGC1	3300014951.a:Ga0169829_100182	36446	37714	3300014951.a:Ga0169829_100182_34	-	;ID=3300014951.a:Ga0169829_100182_34
34	null	null	null	CGC1	3300014951.a:Ga0169829_100182	37714	38133	3300014951.a:Ga0169829_100182_35	-	;ID=3300014951.a:Ga0169829_100182_35
35	TC	0	2	CGC1	3300014951.a:Ga0169829_100182	38506	39015	3300014951.a:Ga0169829_100182_36	+	DB=gnl|TC-DB|P77335|1.C.10.1.1;ID=3300014951.a:Ga0169829_100182_36	DB=gnl|TC-DB|P77335|1.C.10.1.1;ID=3300014951.a:Ga0169829_100182_36
36	TC	6	0	CGC1	3300014951.a:Ga0169829_100182	39156	39416	3300014951.a:Ga0169829_100182_37	+	DB=gnl|TC-DB|P77335|1.C.10.1.1;ID=3300014951.a:Ga0169829_100182_37	DB=gnl|TC-DB|P77335|1.C.10.1.1;ID=3300014951.a:Ga0169829_100182_37
+++++
133	TC	1	3	CGC1	3300014951.a:Ga0169829_100021	151582	152859	3300014951.a:Ga0169829_100021_134	+	DB=gnl|TC-DB|P76417|2.A.1.10.4;ID=3300014951.a:Ga0169829_100021_134	DB=gnl|TC-DB|P76417|2.A.1.10.4;ID=3300014951.a:Ga0169829_100021_134
134	null	null	null	CGC1	3300014951.a:Ga0169829_100021	152856	153860	3300014951.a:Ga0169829_100021_135	+	;ID=3300014951.a:Ga0169829_100021_135
135	STP	0	1	CGC1	3300014951.a:Ga0169829_100021	153857	154822	3300014951.a:Ga0169829_100021_136	+	DB=STP|PfkB;ID=3300014951.a:Ga0169829_100021_136	DB=STP|PfkB;ID=3300014951.a:Ga0169829_100021_136
136	TF	0	0	CGC1	3300014951.a:Ga0169829_100021	154796	155542	3300014951.a:Ga0169829_100021_137	-	DB=DBD-Pfam|GntR,DBD-SUPERFAMILY|0037767;ID=3300014951.a:Ga0169829_100021_137	DB=DBD-Pfam|GntR,DBD-SUPERFAMILY|0037767;ID=3300014951.a:Ga0169829_100021_137
137	CAZyme	0	0	CGC1	3300014951.a:Ga0169829_100021	155594	156412	3300014951.a:Ga0169829_100021_138	-	DB= GH25|GH25;ID=3300014951.a:Ga0169829_100021_138	DB= GH25|GH25;ID=3300014951.a:Ga0169829_100021_138
138	STP	2	0	CGC1	3300014951.a:Ga0169829_100021	156477	157277	3300014951.a:Ga0169829_100021_139	-	DB=STP|PfkB;ID=3300014951.a:Ga0169829_100021_139	DB=STP|PfkB;ID=3300014951.a:Ga0169829_100021_139
139	null	null	null	CGC1	3300014951.a:Ga0169829_100021	157274	158062	3300014951.a:Ga0169829_100021_140	-	;ID=3300014951.a:Ga0169829_100021_140
140	null	null	null	CGC1	3300014951.a:Ga0169829_100021	158285	158557	3300014951.a:Ga0169829_100021_141	-	;ID=3300014951.a:Ga0169829_100021_141
141	TC	0	2	CGC1	3300014951.a:Ga0169829_100021	158679	159026	3300014951.a:Ga0169829_100021_142	+	DB=gnl|TC-DB|P76425|2.A.113.1.1;ID=3300014951.a:Ga0169829_100021_142	DB=gnl|TC-DB|P76425|2.A.113.1.1;ID=3300014951.a:Ga0169829_100021_142
142	TC	0	0	CGC1	3300014951.a:Ga0169829_100021	159036	159503	3300014951.a:Ga0169829_100021_143	+	DB=gnl|TC-DB|P76425|2.A.113.1.1;ID=3300014951.a:Ga0169829_100021_143	DB=gnl|TC-DB|P76425|2.A.113.1.1;ID=3300014951.a:Ga0169829_100021_143
143	TC	1	0	CGC1	3300014951.a:Ga0169829_100021	159722	160060	3300014951.a:Ga0169829_100021_144	+	DB=gnl|TC-DB|P64534|2.A.113.1.1;ID=3300014951.a:Ga0169829_100021_144	DB=gnl|TC-DB|P64534|2.A.113.1.1;ID=3300014951.a:Ga0169829_100021_144
144	null	null	null	CGC1	3300014951.a:Ga0169829_100021	160142	161176	3300014951.a:Ga0169829_100021_145	-	;ID=3300014951.a:Ga0169829_100021_145
145	TC	3	1	CGC1	3300014951.a:Ga0169829_100021	161192	163672	3300014951.a:Ga0169829_100021_146	-	DB=gnl|TC-DB|P33341|1.B.11.3.11;ID=3300014951.a:Ga0169829_100021_146	DB=gnl|TC-DB|P33341|1.B.11.3.11;ID=3300014951.a:Ga0169829_100021_146
+++++
24	TC	1	6	CGC1	3300014951.a:Ga0169829_100236	29356	30300	3300014951.a:Ga0169829_100236_25	+	DB=gnl|TC-DB|P0AA50|2.A.69.3.5;ID=3300014951.a:Ga0169829_100236_25	DB=gnl|TC-DB|P0AA50|2.A.69.3.5;ID=3300014951.a:Ga0169829_100236_25
25	null	null	null	CGC1	3300014951.a:Ga0169829_100236	30374	31519	3300014951.a:Ga0169829_100236_26	+	;ID=3300014951.a:Ga0169829_100236_26
26	STP	0	1	CGC1	3300014951.a:Ga0169829_100236	31575	35168	3300014951.a:Ga0169829_100236_27	-	DB=STP|SBP_bac_3,STP|SBP_bac_3,STP|HisKA,STP|HATPase_c,STP|Response_reg;ID=3300014951.a:Ga0169829_100236_27	DB=STP|SBP_bac_3,STP|SBP_bac_3,STP|HisKA,STP|HATPase_c,STP|Response_reg;ID=3300014951.a:Ga0169829_100236_27
27	TF	0	0	CGC1	3300014951.a:Ga0169829_100236	35173	35787	3300014951.a:Ga0169829_100236_28	-	DB=DBD-Pfam|GerE;ID=3300014951.a:Ga0169829_100236_28	DB=DBD-Pfam|GerE;ID=3300014951.a:Ga0169829_100236_28
28	TC	0	0	CGC1	3300014951.a:Ga0169829_100236	36203	37366	3300014951.a:Ga0169829_100236_29	+	DB=gnl|TC-DB|C5W790|2.A.1.3.36;ID=3300014951.a:Ga0169829_100236_29	DB=gnl|TC-DB|C5W790|2.A.1.3.36;ID=3300014951.a:Ga0169829_100236_29
29	TC	0	0	CGC1	3300014951.a:Ga0169829_100236	37366	38904	3300014951.a:Ga0169829_100236_30	+	DB=gnl|TC-DB|C5W789|2.A.1.3.36;ID=3300014951.a:Ga0169829_100236_30	DB=gnl|TC-DB|C5W789|2.A.1.3.36;ID=3300014951.a:Ga0169829_100236_30
30	STP	0	0	CGC1	3300014951.a:Ga0169829_100236	39012	40340	3300014951.a:Ga0169829_100236_31	-	DB=STP|PALP;ID=3300014951.a:Ga0169829_100236_31	DB=STP|PALP;ID=3300014951.a:Ga0169829_100236_31
31	TC	0	0	CGC1	3300014951.a:Ga0169829_100236	40358	40576	3300014951.a:Ga0169829_100236_32	-	DB=gnl|TC-DB|P08555|2.A.8.1.5;ID=3300014951.a:Ga0169829_100236_32	DB=gnl|TC-DB|P08555|2.A.8.1.5;ID=3300014951.a:Ga0169829_100236_32
32	TF	0	0	CGC1	3300014951.a:Ga0169829_100236	40861	41814	3300014951.a:Ga0169829_100236_33	+	DB=DBD-Pfam|LacI,DBD-SUPERFAMILY|0036955;ID=3300014951.a:Ga0169829_100236_33	DB=DBD-Pfam|LacI,DBD-SUPERFAMILY|0036955;ID=3300014951.a:Ga0169829_100236_33
33	CAZyme	0	0	CGC1	3300014951.a:Ga0169829_100236	41822	43255	3300014951.a:Ga0169829_100236_34	-	DB= GH32|GH32;ID=3300014951.a:Ga0169829_100236_34	DB= GH32|GH32;ID=3300014951.a:Ga0169829_100236_34
34	STP	0	0	CGC1	3300014951.a:Ga0169829_100236	43471	44385	3300014951.a:Ga0169829_100236_35	+	DB=STP|PfkB;ID=3300014951.a:Ga0169829_100236_35	DB=STP|PfkB;ID=3300014951.a:Ga0169829_100236_35
35	TC	0	0	CGC1	3300014951.a:Ga0169829_100236	44457	45704	3300014951.a:Ga0169829_100236_36	+	DB=gnl|TC-DB|P30000|2.A.1.5.3;ID=3300014951.a:Ga0169829_100236_36	DB=gnl|TC-DB|P30000|2.A.1.5.3;ID=3300014951.a:Ga0169829_100236_36
36	TC	0	0	CGC1	3300014951.a:Ga0169829_100236	46296	47228	3300014951.a:Ga0169829_100236_37	-	DB=gnl|TC-DB|P37327|1.A.16.4.1;ID=3300014951.a:Ga0169829_100236_37	DB=gnl|TC-DB|P37327|1.A.16.4.1;ID=3300014951.a:Ga0169829_100236_37
37	TC	1	0	CGC1	3300014951.a:Ga0169829_100236	47522	48277	3300014951.a:Ga0169829_100236_38	+	DB=gnl|TC-DB|P76506|3.A.1.27.3;ID=3300014951.a:Ga0169829_100236_38	DB=gnl|TC-DB|P76506|3.A.1.27.3;ID=3300014951.a:Ga0169829_100236_38
38	null	null	null	CGC1	3300014951.a:Ga0169829_100236	48459	49517	3300014951.a:Ga0169829_100236_39	-	;ID=3300014951.a:Ga0169829_100236_39
39	TC	4	1	CGC1	3300014951.a:Ga0169829_100236	49884	51224	3300014951.a:Ga0169829_100236_40	-	DB=gnl|TC-DB|P10384|1.B.9.1.1;ID=3300014951.a:Ga0169829_100236_40	DB=gnl|TC-DB|P10384|1.B.9.1.1;ID=3300014951.a:Ga0169829_100236_40
+++++
37	STP	0	5	CGC1	3300014951.a:Ga0169829_100043	40227	41858	3300014951.a:Ga0169829_100043_38	+	DB=STP|dCache_1,STP|PAS,STP|HATPase_c;ID=3300014951.a:Ga0169829_100043_38	DB=STP|dCache_1,STP|PAS,STP|HATPase_c;ID=3300014951.a:Ga0169829_100043_38
38	TF	0	0	CGC1	3300014951.a:Ga0169829_100043	41855	42574	3300014951.a:Ga0169829_100043_39	+	DB=DBD-SUPERFAMILY|0039384;ID=3300014951.a:Ga0169829_100043_39	DB=DBD-SUPERFAMILY|0039384;ID=3300014951.a:Ga0169829_100043_39
39	TC	2	0	CGC1	3300014951.a:Ga0169829_100043	43145	44485	3300014951.a:Ga0169829_100043_40	+	DB=gnl|TC-DB|P0ABN9|2.A.13.1.2;ID=3300014951.a:Ga0169829_100043_40	DB=gnl|TC-DB|P0ABN9|2.A.13.1.2;ID=3300014951.a:Ga0169829_100043_40
40	null	null	null	CGC1	3300014951.a:Ga0169829_100043	44563	46209	3300014951.a:Ga0169829_100043_41	+	;ID=3300014951.a:Ga0169829_100043_41
41	null	null	null	CGC1	3300014951.a:Ga0169829_100043	46332	46961	3300014951.a:Ga0169829_100043_42	+	;ID=3300014951.a:Ga0169829_100043_42
42	TC	0	2	CGC1	3300014951.a:Ga0169829_100043	47100	48509	3300014951.a:Ga0169829_100043_43	-	DB=gnl|TC-DB|A7ZUZ0|2.A.2.1.1;ID=3300014951.a:Ga0169829_100043_43	DB=gnl|TC-DB|A7ZUZ0|2.A.2.1.1;ID=3300014951.a:Ga0169829_100043_43
43	CAZyme	0	0	CGC1	3300014951.a:Ga0169829_100043	48624	49979	3300014951.a:Ga0169829_100043_44	-	DB=GH4| GH4;ID=3300014951.a:Ga0169829_100043_44	DB=GH4| GH4;ID=3300014951.a:Ga0169829_100043_44
44	TF	0	0	CGC1	3300014951.a:Ga0169829_100043	50262	51170	3300014951.a:Ga0169829_100043_45	+	DB=DBD-Pfam|HTH_AraC,DBD-Pfam|HTH_AraC,DBD-SUPERFAMILY|0043644,DBD-SUPERFAMILY|0035607,DBD-SUPERFAMILY|0035607;ID=3300014951.a:Ga0169829_100043_45	DB=DBD-Pfam|HTH_AraC,DBD-Pfam|HTH_AraC,DBD-SUPERFAMILY|0043644,DBD-SUPERFAMILY|0035607,DBD-SUPERFAMILY|0035607;ID=3300014951.a:Ga0169829_100043_45
45	STP	0	0	CGC1	3300014951.a:Ga0169829_100043	51366	53636	3300014951.a:Ga0169829_100043_46	+	DB=STP|Aminotran_1_2;ID=3300014951.a:Ga0169829_100043_46	DB=STP|Aminotran_1_2;ID=3300014951.a:Ga0169829_100043_46
46	TF	0	0	CGC1	3300014951.a:Ga0169829_100043	53961	54722	3300014951.a:Ga0169829_100043_47	+	DB=DBD-Pfam|HTH_AraC,DBD-Pfam|HTH_AraC,DBD-SUPERFAMILY|0035607;ID=3300014951.a:Ga0169829_100043_47	DB=DBD-Pfam|HTH_AraC,DBD-Pfam|HTH_AraC,DBD-SUPERFAMILY|0035607;ID=3300014951.a:Ga0169829_100043_47
47	TC	1	0	CGC1	3300014951.a:Ga0169829_100043	54859	56196	3300014951.a:Ga0169829_100043_48	+	DB=gnl|TC-DB|P60061|2.A.3.2.5;ID=3300014951.a:Ga0169829_100043_48	DB=gnl|TC-DB|P60061|2.A.3.2.5;ID=3300014951.a:Ga0169829_100043_48
48	null	null	null	CGC1	3300014951.a:Ga0169829_100043	56300	57943	3300014951.a:Ga0169829_100043_49	+	;ID=3300014951.a:Ga0169829_100043_49
49	TF	0	1	CGC1	3300014951.a:Ga0169829_100043	57940	58608	3300014951.a:Ga0169829_100043_50	+	DB=DBD-Pfam|Trans_reg_C;ID=3300014951.a:Ga0169829_100043_50	DB=DBD-Pfam|Trans_reg_C;ID=3300014951.a:Ga0169829_100043_50
50	STP	1	0	CGC1	3300014951.a:Ga0169829_100043	58609	59709	3300014951.a:Ga0169829_100043_51	+	DB=STP|HisKA,STP|HATPase_c;ID=3300014951.a:Ga0169829_100043_51	DB=STP|HisKA,STP|HATPase_c;ID=3300014951.a:Ga0169829_100043_51
51	null	null	null	CGC1	3300014951.a:Ga0169829_100043	59685	59774	3300014951.a:Ga0169829_100043_52	-	;ID=3300014951.a:Ga0169829_100043_52
52	TC	3	1	CGC1	3300014951.a:Ga0169829_100043	59886	61388	3300014951.a:Ga0169829_100043_53	-	DB=gnl|TC-DB|P0C0L7|2.A.1.6.4;ID=3300014951.a:Ga0169829_100043_53	DB=gnl|TC-DB|P0C0L7|2.A.1.6.4;ID=3300014951.a:Ga0169829_100043_53
+++++
66	CAZyme	0	5	CGC1	3300014951.a:Ga0169829_100030	62645	64444	3300014951.a:Ga0169829_100030_67	-	DB=CBM34| GH13_20| CBM34|GH13_20;ID=3300014951.a:Ga0169829_100030_67	DB=CBM34| GH13_20| CBM34|GH13_20;ID=3300014951.a:Ga0169829_100030_67
67	TC	0	0	CGC1	3300014951.a:Ga0169829_100030	64464	65297	3300014951.a:Ga0169829_100030_68	-	DB=gnl|TC-DB|Q48397|3.A.1.1.6;ID=3300014951.a:Ga0169829_100030_68	DB=gnl|TC-DB|Q48397|3.A.1.1.6;ID=3300014951.a:Ga0169829_100030_68
68	TC	0	0	CGC1	3300014951.a:Ga0169829_100030	65300	66589	3300014951.a:Ga0169829_100030_69	-	DB=gnl|TC-DB|Q48396|3.A.1.1.6;ID=3300014951.a:Ga0169829_100030_69	DB=gnl|TC-DB|Q48396|3.A.1.1.6;ID=3300014951.a:Ga0169829_100030_69
69	TC	0	0	CGC1	3300014951.a:Ga0169829_100030	66592	67824	3300014951.a:Ga0169829_100030_70	-	DB=gnl|TC-DB|Q48395|3.A.1.1.6;ID=3300014951.a:Ga0169829_100030_70	DB=gnl|TC-DB|Q48395|3.A.1.1.6;ID=3300014951.a:Ga0169829_100030_70
70	TC	1	0	CGC1	3300014951.a:Ga0169829_100030	68097	69134	3300014951.a:Ga0169829_100030_71	+	DB=gnl|TC-DB|K5RXM5|1.B.26.1.2;ID=3300014951.a:Ga0169829_100030_71	DB=gnl|TC-DB|K5RXM5|1.B.26.1.2;ID=3300014951.a:Ga0169829_100030_71
71	null	null	null	CGC1	3300014951.a:Ga0169829_100030	69153	70109	3300014951.a:Ga0169829_100030_72	+	;ID=3300014951.a:Ga0169829_100030_72
72	CAZyme	0	1	CGC1	3300014951.a:Ga0169829_100030	70206	70694	3300014951.a:Ga0169829_100030_73	+	DB=CBM69;ID=3300014951.a:Ga0169829_100030_73	DB=CBM69;ID=3300014951.a:Ga0169829_100030_73
73	TC	0	0	CGC1	3300014951.a:Ga0169829_100030	70777	71904	3300014951.a:Ga0169829_100030_74	+	DB=gnl|TC-DB|Q48394|3.A.1.1.6;ID=3300014951.a:Ga0169829_100030_74	DB=gnl|TC-DB|Q48394|3.A.1.1.6;ID=3300014951.a:Ga0169829_100030_74
74	TF	0	0	CGC1	3300014951.a:Ga0169829_100030	72311	73120	3300014951.a:Ga0169829_100030_75	+	DB=DBD-Pfam|TrmB,DBD-SUPERFAMILY|0040266;ID=3300014951.a:Ga0169829_100030_75	DB=DBD-Pfam|TrmB,DBD-SUPERFAMILY|0040266;ID=3300014951.a:Ga0169829_100030_75
75	CAZyme	0	0	CGC1	3300014951.a:Ga0169829_100030	73209	75077	3300014951.a:Ga0169829_100030_76	+	DB=GH127;ID=3300014951.a:Ga0169829_100030_76	DB=GH127;ID=3300014951.a:Ga0169829_100030_76
76	CAZyme	2	0	CGC1	3300014951.a:Ga0169829_100030	75114	77420	3300014951.a:Ga0169829_100030_77	+	DB=GH38| GH38;ID=3300014951.a:Ga0169829_100030_77	DB=GH38| GH38;ID=3300014951.a:Ga0169829_100030_77
77	null	null	null	CGC1	3300014951.a:Ga0169829_100030	77708	78193	3300014951.a:Ga0169829_100030_78	+	;ID=3300014951.a:Ga0169829_100030_78
78	null	null	null	CGC1	3300014951.a:Ga0169829_100030	78282	79253	3300014951.a:Ga0169829_100030_79	-	;ID=3300014951.a:Ga0169829_100030_79
79	CAZyme	0	2	CGC1	3300014951.a:Ga0169829_100030	79373	80695	3300014951.a:Ga0169829_100030_80	-	DB=CBM50;ID=3300014951.a:Ga0169829_100030_80	DB=CBM50;ID=3300014951.a:Ga0169829_100030_80
80	TC	0	0	CGC1	3300014951.a:Ga0169829_100030	80711	81697	3300014951.a:Ga0169829_100030_81	-	DB=gnl|TC-DB|P39172|3.A.1.15.5;ID=3300014951.a:Ga0169829_100030_81	DB=gnl|TC-DB|P39172|3.A.1.15.5;ID=3300014951.a:Ga0169829_100030_81
81	TC	0	0	CGC1	3300014951.a:Ga0169829_100030	81722	82477	3300014951.a:Ga0169829_100030_82	+	DB=gnl|TC-DB|P0A9X1|3.A.1.15.5;ID=3300014951.a:Ga0169829_100030_82	DB=gnl|TC-DB|P0A9X1|3.A.1.15.5;ID=3300014951.a:Ga0169829_100030_82
82	TC	0	0	CGC1	3300014951.a:Ga0169829_100030	82474	83259	3300014951.a:Ga0169829_100030_83	+	DB=gnl|TC-DB|P39832|3.A.1.15.5;ID=3300014951.a:Ga0169829_100030_83	DB=gnl|TC-DB|P39832|3.A.1.15.5;ID=3300014951.a:Ga0169829_100030_83
83	STP	4	0	CGC1	3300014951.a:Ga0169829_100030	83406	84416	3300014951.a:Ga0169829_100030_84	-	DB=STP|AAA;ID=3300014951.a:Ga0169829_100030_84	DB=STP|AAA;ID=3300014951.a:Ga0169829_100030_84
+++++
102	TC	0	4	CGC2	3300014951.a:Ga0169829_100030	102032	104110	3300014951.a:Ga0169829_100030_103	-	DB=gnl|TC-DB|P76298|1.A.104.1.1;ID=3300014951.a:Ga0169829_100030_103	DB=gnl|TC-DB|P76298|1.A.104.1.1;ID=3300014951.a:Ga0169829_100030_103
103	TC	0	0	CGC2	3300014951.a:Ga0169829_100030	104103	105251	3300014951.a:Ga0169829_100030_104	-	DB=gnl|TC-DB|P40727|3.A.6.2.1;ID=3300014951.a:Ga0169829_100030_104	DB=gnl|TC-DB|P40727|3.A.6.2.1;ID=3300014951.a:Ga0169829_100030_104
104	STP	0	0	CGC2	3300014951.a:Ga0169829_100030	105453	106097	3300014951.a:Ga0169829_100030_105	-	DB=STP|CheZ;ID=3300014951.a:Ga0169829_100030_105	DB=STP|CheZ;ID=3300014951.a:Ga0169829_100030_105
105	STP	0	0	CGC2	3300014951.a:Ga0169829_100030	106108	106497	3300014951.a:Ga0169829_100030_106	-	DB=STP|Response_reg;ID=3300014951.a:Ga0169829_100030_106	DB=STP|Response_reg;ID=3300014951.a:Ga0169829_100030_106
106	STP	0	0	CGC2	3300014951.a:Ga0169829_100030	106512	107561	3300014951.a:Ga0169829_100030_107	-	DB=STP|Response_reg,STP|CheB_methylest;ID=3300014951.a:Ga0169829_100030_107	DB=STP|Response_reg,STP|CheB_methylest;ID=3300014951.a:Ga0169829_100030_107
107	STP	0	0	CGC2	3300014951.a:Ga0169829_100030	107564	108424	3300014951.a:Ga0169829_100030_108	-	DB=STP|CheR_N,STP|CheR;ID=3300014951.a:Ga0169829_100030_108	DB=STP|CheR_N,STP|CheR;ID=3300014951.a:Ga0169829_100030_108
108	TC	0	0	CGC2	3300014951.a:Ga0169829_100030	108443	110044	3300014951.a:Ga0169829_100030_109	-	DB=gnl|TC-DB|M3JA40|1.B.52.2.1;ID=3300014951.a:Ga0169829_100030_109	DB=gnl|TC-DB|M3JA40|1.B.52.2.1;ID=3300014951.a:Ga0169829_100030_109
109	TC	0	0	CGC2	3300014951.a:Ga0169829_100030	110090	111751	3300014951.a:Ga0169829_100030_110	-	DB=gnl|TC-DB|M3JA40|1.B.52.2.1;ID=3300014951.a:Ga0169829_100030_110	DB=gnl|TC-DB|M3JA40|1.B.52.2.1;ID=3300014951.a:Ga0169829_100030_110
110	STP	0	0	CGC2	3300014951.a:Ga0169829_100030	111896	112399	3300014951.a:Ga0169829_100030_111	-	DB=STP|CheW;ID=3300014951.a:Ga0169829_100030_111	DB=STP|CheW;ID=3300014951.a:Ga0169829_100030_111
111	STP	0	0	CGC2	3300014951.a:Ga0169829_100030	112420	114384	3300014951.a:Ga0169829_100030_112	-	DB=STP|CheY-binding,STP|H-kinase_dim,STP|HATPase_c,STP|CheW;ID=3300014951.a:Ga0169829_100030_112	DB=STP|CheY-binding,STP|H-kinase_dim,STP|HATPase_c,STP|CheW;ID=3300014951.a:Ga0169829_100030_112
112	TC	0	0	CGC2	3300014951.a:Ga0169829_100030	114389	115315	3300014951.a:Ga0169829_100030_113	-	DB=gnl|TC-DB|P0AF06|1.A.30.1.1;ID=3300014951.a:Ga0169829_100030_113	DB=gnl|TC-DB|P0AF06|1.A.30.1.1;ID=3300014951.a:Ga0169829_100030_113
113	TC	0	0	CGC2	3300014951.a:Ga0169829_100030	115312	116199	3300014951.a:Ga0169829_100030_114	-	DB=gnl|TC-DB|P09348|1.A.30.1.1;ID=3300014951.a:Ga0169829_100030_114	DB=gnl|TC-DB|P09348|1.A.30.1.1;ID=3300014951.a:Ga0169829_100030_114
114	TF	0	0	CGC2	3300014951.a:Ga0169829_100030	116326	116904	3300014951.a:Ga0169829_100030_115	-	DB=DBD-Pfam|FlhC;ID=3300014951.a:Ga0169829_100030_115	DB=DBD-Pfam|FlhC;ID=3300014951.a:Ga0169829_100030_115
115	TF	1	0	CGC2	3300014951.a:Ga0169829_100030	116907	117257	3300014951.a:Ga0169829_100030_116	-	DB=DBD-Pfam|FlhD,DBD-SUPERFAMILY|0037983;ID=3300014951.a:Ga0169829_100030_116	DB=DBD-Pfam|FlhD,DBD-SUPERFAMILY|0037983;ID=3300014951.a:Ga0169829_100030_116
116	null	null	null	CGC2	3300014951.a:Ga0169829_100030	118037	118465	3300014951.a:Ga0169829_100030_117	+	;ID=3300014951.a:Ga0169829_100030_117
117	CAZyme	1	1	CGC2	3300014951.a:Ga0169829_100030	118472	119896	3300014951.a:Ga0169829_100030_118	-	DB= GT20|GT20;ID=3300014951.a:Ga0169829_100030_118	DB= GT20|GT20;ID=3300014951.a:Ga0169829_100030_118
118	null	null	null	CGC2	3300014951.a:Ga0169829_100030	119871	120671	3300014951.a:Ga0169829_100030_119	-	;ID=3300014951.a:Ga0169829_100030_119
119	TC	0	1	CGC2	3300014951.a:Ga0169829_100030	120838	121824	3300014951.a:Ga0169829_100030_120	-	DB=gnl|TC-DB|P0AE26|3.A.1.2.2;ID=3300014951.a:Ga0169829_100030_120	DB=gnl|TC-DB|P0AE26|3.A.1.2.2;ID=3300014951.a:Ga0169829_100030_120
120	TC	0	0	CGC2	3300014951.a:Ga0169829_100030	121839	123353	3300014951.a:Ga0169829_100030_121	-	DB=gnl|TC-DB|P0AAF3|3.A.1.2.2;ID=3300014951.a:Ga0169829_100030_121	DB=gnl|TC-DB|P0AAF3|3.A.1.2.2;ID=3300014951.a:Ga0169829_100030_121
121	TC	5	0	CGC2	3300014951.a:Ga0169829_100030	123423	124412	3300014951.a:Ga0169829_100030_122	-	DB=gnl|TC-DB|P02924|3.A.1.2.2;ID=3300014951.a:Ga0169829_100030_122	DB=gnl|TC-DB|P02924|3.A.1.2.2;ID=3300014951.a:Ga0169829_100030_122
+++++
60	TC	0	3	CGC1	3300014951.a:Ga0169829_100029	63753	64958	3300014951.a:Ga0169829_100029_61	-	DB=gnl|TC-DB|P0AER8|2.A.27.1.1;ID=3300014951.a:Ga0169829_100029_61	DB=gnl|TC-DB|P0AER8|2.A.27.1.1;ID=3300014951.a:Ga0169829_100029_61
61	TC	1	0	CGC1	3300014951.a:Ga0169829_100029	65238	66629	3300014951.a:Ga0169829_100029_62	+	DB=gnl|TC-DB|P0AGM9|2.A.40.4.2;ID=3300014951.a:Ga0169829_100029_62	DB=gnl|TC-DB|P0AGM9|2.A.40.4.2;ID=3300014951.a:Ga0169829_100029_62
62	null	null	null	CGC1	3300014951.a:Ga0169829_100029	66750	68459	3300014951.a:Ga0169829_100029_63	+	;ID=3300014951.a:Ga0169829_100029_63
63	CAZyme	0	1	CGC1	3300014951.a:Ga0169829_100029	68512	70830	3300014951.a:Ga0169829_100029_64	-	DB= GH31|GH31;ID=3300014951.a:Ga0169829_100029_64	DB= GH31|GH31;ID=3300014951.a:Ga0169829_100029_64
64	TC	0	0	CGC1	3300014951.a:Ga0169829_100029	70840	72222	3300014951.a:Ga0169829_100029_65	-	DB=gnl|TC-DB|P31435|2.A.2.3.4;ID=3300014951.a:Ga0169829_100029_65	DB=gnl|TC-DB|P31435|2.A.2.3.4;ID=3300014951.a:Ga0169829_100029_65
65	TC	0	0	CGC1	3300014951.a:Ga0169829_100029	73246	74430	3300014951.a:Ga0169829_100029_66	+	DB=gnl|TC-DB|P31436|2.A.1.20.3;ID=3300014951.a:Ga0169829_100029_66	DB=gnl|TC-DB|P31436|2.A.1.20.3;ID=3300014951.a:Ga0169829_100029_66
66	TC	0	0	CGC1	3300014951.a:Ga0169829_100029	74541	75464	3300014951.a:Ga0169829_100029_67	+	DB=gnl|TC-DB|P31437|2.A.7.3.12;ID=3300014951.a:Ga0169829_100029_67	DB=gnl|TC-DB|P31437|2.A.7.3.12;ID=3300014951.a:Ga0169829_100029_67
67	TC	1	0	CGC1	3300014951.a:Ga0169829_100029	75468	76286	3300014951.a:Ga0169829_100029_68	-	DB=gnl|TC-DB|P28635|3.A.1.24.1;ID=3300014951.a:Ga0169829_100029_68	DB=gnl|TC-DB|P28635|3.A.1.24.1;ID=3300014951.a:Ga0169829_100029_68
68	null	null	null	CGC1	3300014951.a:Ga0169829_100029	76508	76801	3300014951.a:Ga0169829_100029_69	+	;ID=3300014951.a:Ga0169829_100029_69
69	TC	1	1	CGC1	3300014951.a:Ga0169829_100029	76842	78080	3300014951.a:Ga0169829_100029_70	-	DB=gnl|TC-DB|P0ADL1|2.A.1.2.26;ID=3300014951.a:Ga0169829_100029_70	DB=gnl|TC-DB|P0ADL1|2.A.1.2.26;ID=3300014951.a:Ga0169829_100029_70
70	null	null	null	CGC1	3300014951.a:Ga0169829_100029	78243	78695	3300014951.a:Ga0169829_100029_71	-	;ID=3300014951.a:Ga0169829_100029_71
71	TC	1	1	CGC1	3300014951.a:Ga0169829_100029	78748	80082	3300014951.a:Ga0169829_100029_72	-	DB=gnl|TC-DB|P31440|2.A.40.7.4;ID=3300014951.a:Ga0169829_100029_72	DB=gnl|TC-DB|P31440|2.A.40.7.4;ID=3300014951.a:Ga0169829_100029_72
72	null	null	null	CGC1	3300014951.a:Ga0169829_100029	80257	82023	3300014951.a:Ga0169829_100029_73	+	;ID=3300014951.a:Ga0169829_100029_73
73	TC	0	1	CGC1	3300014951.a:Ga0169829_100029	82068	83459	3300014951.a:Ga0169829_100029_74	-	DB=gnl|TC-DB|P0AGC0|2.A.1.4.1;ID=3300014951.a:Ga0169829_100029_74	DB=gnl|TC-DB|P0AGC0|2.A.1.4.1;ID=3300014951.a:Ga0169829_100029_74
74	TC	0	0	CGC1	3300014951.a:Ga0169829_100029	83597	84916	3300014951.a:Ga0169829_100029_75	-	DB=gnl|TC-DB|P09836|2.A.1.4.4;ID=3300014951.a:Ga0169829_100029_75	DB=gnl|TC-DB|P09836|2.A.1.4.4;ID=3300014951.a:Ga0169829_100029_75
75	STP	0	0	CGC1	3300014951.a:Ga0169829_100029	84926	86428	3300014951.a:Ga0169829_100029_76	-	DB=STP|MASE1,STP|HATPase_c;ID=3300014951.a:Ga0169829_100029_76	DB=STP|MASE1,STP|HATPase_c;ID=3300014951.a:Ga0169829_100029_76
76	TF	0	0	CGC1	3300014951.a:Ga0169829_100029	86428	87018	3300014951.a:Ga0169829_100029_77	-	DB=DBD-Pfam|GerE,DBD-SUPERFAMILY|0039939;ID=3300014951.a:Ga0169829_100029_77	DB=DBD-Pfam|GerE,DBD-SUPERFAMILY|0039939;ID=3300014951.a:Ga0169829_100029_77
77	STP	2	0	CGC1	3300014951.a:Ga0169829_100029	87093	87383	3300014951.a:Ga0169829_100029_78	-	DB=STP|ACT;ID=3300014951.a:Ga0169829_100029_78	DB=STP|ACT;ID=3300014951.a:Ga0169829_100029_78
78	null	null	null	CGC1	3300014951.a:Ga0169829_100029	87387	89075	3300014951.a:Ga0169829_100029_79	-	;ID=3300014951.a:Ga0169829_100029_79
79	null	null	null	CGC1	3300014951.a:Ga0169829_100029	89844	89933	3300014951.a:Ga0169829_100029_80	+	;ID=3300014951.a:Ga0169829_100029_80
80	TC	2	2	CGC1	3300014951.a:Ga0169829_100029	90352	91536	3300014951.a:Ga0169829_100029_81	+	DB=gnl|TC-DB|P31442|2.A.1.2.9;ID=3300014951.a:Ga0169829_100029_81	DB=gnl|TC-DB|P31442|2.A.1.2.9;ID=3300014951.a:Ga0169829_100029_81
81	null	null	null	CGC1	3300014951.a:Ga0169829_100029	91544	92041	3300014951.a:Ga0169829_100029_82	-	;ID=3300014951.a:Ga0169829_100029_82
82	null	null	null	CGC1	3300014951.a:Ga0169829_100029	92038	92400	3300014951.a:Ga0169829_100029_83	-	;ID=3300014951.a:Ga0169829_100029_83
83	TC	2	2	CGC1	3300014951.a:Ga0169829_100029	92390	92737	3300014951.a:Ga0169829_100029_84	-	DB=gnl|TC-DB|P0ADM0|9.B.51.1.1;ID=3300014951.a:Ga0169829_100029_84	DB=gnl|TC-DB|P0ADM0|9.B.51.1.1;ID=3300014951.a:Ga0169829_100029_84
84	null	null	null	CGC1	3300014951.a:Ga0169829_100029	92847	93296	3300014951.a:Ga0169829_100029_85	+	;ID=3300014951.a:Ga0169829_100029_85
85	null	null	null	CGC1	3300014951.a:Ga0169829_100029	93343	94836	3300014951.a:Ga0169829_100029_86	-	;ID=3300014951.a:Ga0169829_100029_86
86	TC	0	2	CGC1	3300014951.a:Ga0169829_100029	94833	96548	3300014951.a:Ga0169829_100029_87	-	DB=gnl|TC-DB|P31448|2.A.21.3.21;ID=3300014951.a:Ga0169829_100029_87	DB=gnl|TC-DB|P31448|2.A.21.3.21;ID=3300014951.a:Ga0169829_100029_87
87	TF	1	0	CGC1	3300014951.a:Ga0169829_100029	96715	97608	3300014951.a:Ga0169829_100029_88	+	DB=DBD-Pfam|HTH_AraC,DBD-Pfam|HTH_AraC,DBD-SUPERFAMILY|0036286,DBD-SUPERFAMILY|0035607;ID=3300014951.a:Ga0169829_100029_88	DB=DBD-Pfam|HTH_AraC,DBD-Pfam|HTH_AraC,DBD-SUPERFAMILY|0036286,DBD-SUPERFAMILY|0035607;ID=3300014951.a:Ga0169829_100029_88
88	null	null	null	CGC1	3300014951.a:Ga0169829_100029	97605	97781	3300014951.a:Ga0169829_100029_89	-	;ID=3300014951.a:Ga0169829_100029_89
89	CAZyme	0	1	CGC1	3300014951.a:Ga0169829_100029	97781	98419	3300014951.a:Ga0169829_100029_90	-	DB=GH4| GH4;ID=3300014951.a:Ga0169829_100029_90	DB=GH4| GH4;ID=3300014951.a:Ga0169829_100029_90
90	TC	0	0	CGC1	3300014951.a:Ga0169829_100029	98419	100035	3300014951.a:Ga0169829_100029_91	-	DB=gnl|TC-DB|Q9AGA7|4.A.1.1.10;ID=3300014951.a:Ga0169829_100029_91	DB=gnl|TC-DB|Q9AGA7|4.A.1.1.10;ID=3300014951.a:Ga0169829_100029_91
91	TF	0	0	CGC1	3300014951.a:Ga0169829_100029	100331	101047	3300014951.a:Ga0169829_100029_92	+	DB=DBD-Pfam|GntR,DBD-SUPERFAMILY|0039384;ID=3300014951.a:Ga0169829_100029_92	DB=DBD-Pfam|GntR,DBD-SUPERFAMILY|0039384;ID=3300014951.a:Ga0169829_100029_92
92	TC	4	0	CGC1	3300014951.a:Ga0169829_100029	101044	102705	3300014951.a:Ga0169829_100029_93	-	DB=gnl|TC-DB|B7L824|2.A.81.1.5;ID=3300014951.a:Ga0169829_100029_93	DB=gnl|TC-DB|B7L824|2.A.81.1.5;ID=3300014951.a:Ga0169829_100029_93
+++++
53	TF	2	6	CGC1	3300014951.a:Ga0169829_100047	44450	45991	3300014951.a:Ga0169829_100047_54	-	DB=DBD-SUPERFAMILY|0037176;ID=3300014951.a:Ga0169829_100047_54	DB=DBD-SUPERFAMILY|0037176;ID=3300014951.a:Ga0169829_100047_54
54	null	null	null	CGC1	3300014951.a:Ga0169829_100047	46139	47200	3300014951.a:Ga0169829_100047_55	-	;ID=3300014951.a:Ga0169829_100047_55
55	null	null	null	CGC1	3300014951.a:Ga0169829_100047	47197	48594	3300014951.a:Ga0169829_100047_56	-	;ID=3300014951.a:Ga0169829_100047_56
56	TF	0	2	CGC1	3300014951.a:Ga0169829_100047	48749	49747	3300014951.a:Ga0169829_100047_57	+	DB=DBD-Pfam|LacI,DBD-SUPERFAMILY|0036955;ID=3300014951.a:Ga0169829_100047_57	DB=DBD-Pfam|LacI,DBD-SUPERFAMILY|0036955;ID=3300014951.a:Ga0169829_100047_57
57	TC	0	0	CGC1	3300014951.a:Ga0169829_100047	49858	50763	3300014951.a:Ga0169829_100047_58	-	DB=gnl|TC-DB|P76045|1.B.21.1.1;ID=3300014951.a:Ga0169829_100047_58	DB=gnl|TC-DB|P76045|1.B.21.1.1;ID=3300014951.a:Ga0169829_100047_58
58	TC	1	0	CGC1	3300014951.a:Ga0169829_100047	50808	51890	3300014951.a:Ga0169829_100047_59	-	DB=gnl|TC-DB|P77481|3.A.1.1.46;ID=3300014951.a:Ga0169829_100047_59	DB=gnl|TC-DB|P77481|3.A.1.1.46;ID=3300014951.a:Ga0169829_100047_59
59	null	null	null	CGC1	3300014951.a:Ga0169829_100047	51904	52563	3300014951.a:Ga0169829_100047_60	-	;ID=3300014951.a:Ga0169829_100047_60
60	CAZyme	0	1	CGC1	3300014951.a:Ga0169829_100047	52560	54827	3300014951.a:Ga0169829_100047_61	-	DB=GH65| GH65;ID=3300014951.a:Ga0169829_100047_61	DB=GH65| GH65;ID=3300014951.a:Ga0169829_100047_61
61	CAZyme	2	0	CGC1	3300014951.a:Ga0169829_100047	54824	55879	3300014951.a:Ga0169829_100047_62	-	DB=GH109;ID=3300014951.a:Ga0169829_100047_62	DB=GH109;ID=3300014951.a:Ga0169829_100047_62
62	null	null	null	CGC1	3300014951.a:Ga0169829_100047	55889	56677	3300014951.a:Ga0169829_100047_63	-	;ID=3300014951.a:Ga0169829_100047_63
63	null	null	null	CGC1	3300014951.a:Ga0169829_100047	56695	57747	3300014951.a:Ga0169829_100047_64	-	;ID=3300014951.a:Ga0169829_100047_64
64	TC	0	2	CGC1	3300014951.a:Ga0169829_100047	57778	58620	3300014951.a:Ga0169829_100047_65	-	DB=gnl|TC-DB|P77716|3.A.1.1.46;ID=3300014951.a:Ga0169829_100047_65	DB=gnl|TC-DB|P77716|3.A.1.1.46;ID=3300014951.a:Ga0169829_100047_65
65	TC	0	0	CGC1	3300014951.a:Ga0169829_100047	58607	59488	3300014951.a:Ga0169829_100047_66	-	DB=gnl|TC-DB|P0AFR7|3.A.1.1.46;ID=3300014951.a:Ga0169829_100047_66	DB=gnl|TC-DB|P0AFR7|3.A.1.1.46;ID=3300014951.a:Ga0169829_100047_66
66	TC	0	0	CGC1	3300014951.a:Ga0169829_100047	59509	60801	3300014951.a:Ga0169829_100047_67	-	DB=gnl|TC-DB|P76042|3.A.1.1.46;ID=3300014951.a:Ga0169829_100047_67	DB=gnl|TC-DB|P76042|3.A.1.1.46;ID=3300014951.a:Ga0169829_100047_67
67	CAZyme	0	0	CGC1	3300014951.a:Ga0169829_100047	60815	62494	3300014951.a:Ga0169829_100047_68	-	DB=GH13_18| GH13_18;ID=3300014951.a:Ga0169829_100047_68	DB=GH13_18| GH13_18;ID=3300014951.a:Ga0169829_100047_68
68	STP	1	0	CGC1	3300014951.a:Ga0169829_100047	62707	63021	3300014951.a:Ga0169829_100047_69	-	DB=STP|Rhodanese;ID=3300014951.a:Ga0169829_100047_69	DB=STP|Rhodanese;ID=3300014951.a:Ga0169829_100047_69
69	null	null	null	CGC1	3300014951.a:Ga0169829_100047	63096	63317	3300014951.a:Ga0169829_100047_70	-	;ID=3300014951.a:Ga0169829_100047_70
70	TF	1	1	CGC1	3300014951.a:Ga0169829_100047	63326	63685	3300014951.a:Ga0169829_100047_71	-	DB=DBD-Pfam|PspC;ID=3300014951.a:Ga0169829_100047_71	DB=DBD-Pfam|PspC;ID=3300014951.a:Ga0169829_100047_71
71	null	null	null	CGC1	3300014951.a:Ga0169829_100047	63685	63909	3300014951.a:Ga0169829_100047_72	-	;ID=3300014951.a:Ga0169829_100047_72
72	TC	0	1	CGC1	3300014951.a:Ga0169829_100047	63963	64631	3300014951.a:Ga0169829_100047_73	-	DB=gnl|TC-DB|E8XKQ3|9.B.100.1.1;ID=3300014951.a:Ga0169829_100047_73	DB=gnl|TC-DB|E8XKQ3|9.B.100.1.1;ID=3300014951.a:Ga0169829_100047_73
73	TF	0	0	CGC1	3300014951.a:Ga0169829_100047	64798	65775	3300014951.a:Ga0169829_100047_74	+	DB=DBD-Pfam|HTH_8,DBD-SUPERFAMILY|0037176;ID=3300014951.a:Ga0169829_100047_74	DB=DBD-Pfam|HTH_8,DBD-SUPERFAMILY|0037176;ID=3300014951.a:Ga0169829_100047_74
74	STP	2	0	CGC1	3300014951.a:Ga0169829_100047	65895	67160	3300014951.a:Ga0169829_100047_75	-	DB=STP|Aminotran_1_2;ID=3300014951.a:Ga0169829_100047_75	DB=STP|Aminotran_1_2;ID=3300014951.a:Ga0169829_100047_75
75	null	null	null	CGC1	3300014951.a:Ga0169829_100047	67198	68478	3300014951.a:Ga0169829_100047_76	-	;ID=3300014951.a:Ga0169829_100047_76
76	null	null	null	CGC1	3300014951.a:Ga0169829_100047	68480	69967	3300014951.a:Ga0169829_100047_77	-	;ID=3300014951.a:Ga0169829_100047_77
77	TF	2	2	CGC1	3300014951.a:Ga0169829_100047	70242	70799	3300014951.a:Ga0169829_100047_78	-	DB=DBD-Pfam|HTH_3,DBD-SUPERFAMILY|0043707;ID=3300014951.a:Ga0169829_100047_78	DB=DBD-Pfam|HTH_3,DBD-SUPERFAMILY|0043707;ID=3300014951.a:Ga0169829_100047_78
78	null	null	null	CGC1	3300014951.a:Ga0169829_100047	70826	71590	3300014951.a:Ga0169829_100047_79	-	;ID=3300014951.a:Ga0169829_100047_79
79	null	null	null	CGC1	3300014951.a:Ga0169829_100047	71802	73220	3300014951.a:Ga0169829_100047_80	+	;ID=3300014951.a:Ga0169829_100047_80
80	TC	1	2	CGC1	3300014951.a:Ga0169829_100047	73523	74908	3300014951.a:Ga0169829_100047_81	+	DB=gnl|TC-DB|P76037|2.A.3.1.13;ID=3300014951.a:Ga0169829_100047_81	DB=gnl|TC-DB|P76037|2.A.3.1.13;ID=3300014951.a:Ga0169829_100047_81
81	null	null	null	CGC1	3300014951.a:Ga0169829_100047	75042	75287	3300014951.a:Ga0169829_100047_82	+	;ID=3300014951.a:Ga0169829_100047_82
82	TC	0	1	CGC1	3300014951.a:Ga0169829_100047	75599	77242	3300014951.a:Ga0169829_100047_83	+	DB=gnl|TC-DB|Q47622|3.A.1.5.42;ID=3300014951.a:Ga0169829_100047_83	DB=gnl|TC-DB|Q47622|3.A.1.5.42;ID=3300014951.a:Ga0169829_100047_83
83	TC	0	0	CGC1	3300014951.a:Ga0169829_100047	77239	78204	3300014951.a:Ga0169829_100047_84	+	DB=gnl|TC-DB|P0AGH3|3.A.1.5.42;ID=3300014951.a:Ga0169829_100047_84	DB=gnl|TC-DB|P0AGH3|3.A.1.5.42;ID=3300014951.a:Ga0169829_100047_84
84	TC	0	0	CGC1	3300014951.a:Ga0169829_100047	78191	79081	3300014951.a:Ga0169829_100047_85	+	DB=gnl|TC-DB|P0AGH5|3.A.1.5.42;ID=3300014951.a:Ga0169829_100047_85	DB=gnl|TC-DB|P0AGH5|3.A.1.5.42;ID=3300014951.a:Ga0169829_100047_85
85	TC	0	0	CGC1	3300014951.a:Ga0169829_100047	79081	80073	3300014951.a:Ga0169829_100047_86	+	DB=gnl|TC-DB|P0AAH4|3.A.1.5.42;ID=3300014951.a:Ga0169829_100047_86	DB=gnl|TC-DB|P0AAH4|3.A.1.5.42;ID=3300014951.a:Ga0169829_100047_86
86	TC	4	0	CGC1	3300014951.a:Ga0169829_100047	80075	80881	3300014951.a:Ga0169829_100047_87	+	DB=gnl|TC-DB|P0AAH8|3.A.1.5.42;ID=3300014951.a:Ga0169829_100047_87	DB=gnl|TC-DB|P0AAH8|3.A.1.5.42;ID=3300014951.a:Ga0169829_100047_87
+++++
7	TF	1	3	CGC1	3300014951.a:Ga0169829_100054	7937	8746	3300014951.a:Ga0169829_100054_8	-	DB=DBD-Pfam|HTH_DeoR,DBD-SUPERFAMILY|0043758;ID=3300014951.a:Ga0169829_100054_8	DB=DBD-Pfam|HTH_DeoR,DBD-SUPERFAMILY|0043758;ID=3300014951.a:Ga0169829_100054_8
8	null	null	null	CGC1	3300014951.a:Ga0169829_100054	8995	10275	3300014951.a:Ga0169829_100054_9	+	;ID=3300014951.a:Ga0169829_100054_9
9	TC	0	1	CGC1	3300014951.a:Ga0169829_100054	10298	10771	3300014951.a:Ga0169829_100054_10	+	DB=gnl|TC-DB|Q9KIQ4|4.A.6.1.4;ID=3300014951.a:Ga0169829_100054_10	DB=gnl|TC-DB|Q9KIQ4|4.A.6.1.4;ID=3300014951.a:Ga0169829_100054_10
10	TC	0	0	CGC1	3300014951.a:Ga0169829_100054	10782	11561	3300014951.a:Ga0169829_100054_11	+	DB=gnl|TC-DB|Q9KIQ3|4.A.6.1.4;ID=3300014951.a:Ga0169829_100054_11	DB=gnl|TC-DB|Q9KIQ3|4.A.6.1.4;ID=3300014951.a:Ga0169829_100054_11
11	TC	1	0	CGC1	3300014951.a:Ga0169829_100054	11551	12429	3300014951.a:Ga0169829_100054_12	+	DB=gnl|TC-DB|Q9KIQ2|4.A.6.1.4;ID=3300014951.a:Ga0169829_100054_12	DB=gnl|TC-DB|Q9KIQ2|4.A.6.1.4;ID=3300014951.a:Ga0169829_100054_12
12	null	null	null	CGC1	3300014951.a:Ga0169829_100054	12447	12881	3300014951.a:Ga0169829_100054_13	+	;ID=3300014951.a:Ga0169829_100054_13
13	CAZyme	0	1	CGC1	3300014951.a:Ga0169829_100054	12878	14011	3300014951.a:Ga0169829_100054_14	+	DB=CE9| CE9;ID=3300014951.a:Ga0169829_100054_14	DB=CE9| CE9;ID=3300014951.a:Ga0169829_100054_14
14	STP	1	0	CGC1	3300014951.a:Ga0169829_100054	14362	15516	3300014951.a:Ga0169829_100054_15	+	DB=STP|SIS,STP|SIS;ID=3300014951.a:Ga0169829_100054_15	DB=STP|SIS,STP|SIS;ID=3300014951.a:Ga0169829_100054_15
15	null	null	null	CGC1	3300014951.a:Ga0169829_100054	15529	16389	3300014951.a:Ga0169829_100054_16	+	;ID=3300014951.a:Ga0169829_100054_16
16	TC	0	1	CGC1	3300014951.a:Ga0169829_100054	16556	17032	3300014951.a:Ga0169829_100054_17	+	DB=gnl|TC-DB|P42909|4.A.6.1.5;ID=3300014951.a:Ga0169829_100054_17	DB=gnl|TC-DB|P42909|4.A.6.1.5;ID=3300014951.a:Ga0169829_100054_17
17	TC	0	0	CGC1	3300014951.a:Ga0169829_100054	17071	17874	3300014951.a:Ga0169829_100054_18	+	DB=gnl|TC-DB|Q9KIP7|4.A.6.1.5;ID=3300014951.a:Ga0169829_100054_18	DB=gnl|TC-DB|Q9KIP7|4.A.6.1.5;ID=3300014951.a:Ga0169829_100054_18
18	TC	3	0	CGC1	3300014951.a:Ga0169829_100054	17864	18655	3300014951.a:Ga0169829_100054_19	+	DB=gnl|TC-DB|P42911|4.A.6.1.5;ID=3300014951.a:Ga0169829_100054_19	DB=gnl|TC-DB|P42911|4.A.6.1.5;ID=3300014951.a:Ga0169829_100054_19
+++++
65	TF	0	3	CGC2	3300014951.a:Ga0169829_100054	66427	66705	3300014951.a:Ga0169829_100054_66	+	DB=DBD-SUPERFAMILY|0041348;ID=3300014951.a:Ga0169829_100054_66	DB=DBD-SUPERFAMILY|0041348;ID=3300014951.a:Ga0169829_100054_66
66	STP	1	0	CGC2	3300014951.a:Ga0169829_100054	66753	68012	3300014951.a:Ga0169829_100054_67	-	DB=STP|EPSP_synthase;ID=3300014951.a:Ga0169829_100054_67	DB=STP|EPSP_synthase;ID=3300014951.a:Ga0169829_100054_67
67	null	null	null	CGC2	3300014951.a:Ga0169829_100054	68067	68336	3300014951.a:Ga0169829_100054_68	-	;ID=3300014951.a:Ga0169829_100054_68
68	TC	0	1	CGC2	3300014951.a:Ga0169829_100054	68481	68774	3300014951.a:Ga0169829_100054_69	-	DB=gnl|TC-DB|P64602|3.A.1.27.3;ID=3300014951.a:Ga0169829_100054_69	DB=gnl|TC-DB|P64602|3.A.1.27.3;ID=3300014951.a:Ga0169829_100054_69
69	TC	0	0	CGC2	3300014951.a:Ga0169829_100054	68774	69409	3300014951.a:Ga0169829_100054_70	-	DB=gnl|TC-DB|P0ADV7|3.A.1.27.3;ID=3300014951.a:Ga0169829_100054_70	DB=gnl|TC-DB|P0ADV7|3.A.1.27.3;ID=3300014951.a:Ga0169829_100054_70
70	TC	0	0	CGC2	3300014951.a:Ga0169829_100054	69428	69979	3300014951.a:Ga0169829_100054_71	-	DB=gnl|TC-DB|P64604|3.A.1.27.3;ID=3300014951.a:Ga0169829_100054_71	DB=gnl|TC-DB|P64604|3.A.1.27.3;ID=3300014951.a:Ga0169829_100054_71
71	TC	0	0	CGC2	3300014951.a:Ga0169829_100054	69984	70766	3300014951.a:Ga0169829_100054_72	-	DB=gnl|TC-DB|P64606|3.A.1.27.3;ID=3300014951.a:Ga0169829_100054_72	DB=gnl|TC-DB|P64606|3.A.1.27.3;ID=3300014951.a:Ga0169829_100054_72
72	TC	0	0	CGC2	3300014951.a:Ga0169829_100054	70774	71583	3300014951.a:Ga0169829_100054_73	-	DB=gnl|TC-DB|P63386|3.A.1.27.3;ID=3300014951.a:Ga0169829_100054_73	DB=gnl|TC-DB|P63386|3.A.1.27.3;ID=3300014951.a:Ga0169829_100054_73
73	TC	0	0	CGC2	3300014951.a:Ga0169829_100054	71793	72770	3300014951.a:Ga0169829_100054_74	+	DB=gnl|TC-DB|P45394|2.A.19.5.1;ID=3300014951.a:Ga0169829_100054_74	DB=gnl|TC-DB|P45394|2.A.19.5.1;ID=3300014951.a:Ga0169829_100054_74
74	STP	1	0	CGC2	3300014951.a:Ga0169829_100054	72784	73770	3300014951.a:Ga0169829_100054_75	+	DB=STP|SIS,STP|CBS,STP|CBS;ID=3300014951.a:Ga0169829_100054_75	DB=STP|SIS,STP|CBS,STP|CBS;ID=3300014951.a:Ga0169829_100054_75
75	null	null	null	CGC2	3300014951.a:Ga0169829_100054	73791	74357	3300014951.a:Ga0169829_100054_76	+	;ID=3300014951.a:Ga0169829_100054_76
76	TC	0	1	CGC2	3300014951.a:Ga0169829_100054	74354	74929	3300014951.a:Ga0169829_100054_77	+	DB=gnl|TC-DB|P0ADW0|1.B.42.1.2;ID=3300014951.a:Ga0169829_100054_77	DB=gnl|TC-DB|P0ADW0|1.B.42.1.2;ID=3300014951.a:Ga0169829_100054_77
77	TC	0	0	CGC2	3300014951.a:Ga0169829_100054	74898	75455	3300014951.a:Ga0169829_100054_78	+	DB=gnl|TC-DB|P0ADV1|1.B.42.1.2;ID=3300014951.a:Ga0169829_100054_78	DB=gnl|TC-DB|P0ADV1|1.B.42.1.2;ID=3300014951.a:Ga0169829_100054_78
78	TC	2	0	CGC2	3300014951.a:Ga0169829_100054	75462	76187	3300014951.a:Ga0169829_100054_79	+	DB=gnl|TC-DB|P0A9V1|1.B.42.1.2;ID=3300014951.a:Ga0169829_100054_79	DB=gnl|TC-DB|P0A9V1|1.B.42.1.2;ID=3300014951.a:Ga0169829_100054_79
79	null	null	null	CGC2	3300014951.a:Ga0169829_100054	76235	77668	3300014951.a:Ga0169829_100054_80	+	;ID=3300014951.a:Ga0169829_100054_80
80	null	null	null	CGC2	3300014951.a:Ga0169829_100054	77691	77978	3300014951.a:Ga0169829_100054_81	+	;ID=3300014951.a:Ga0169829_100054_81
81	TC	1	2	CGC2	3300014951.a:Ga0169829_100054	78096	78587	3300014951.a:Ga0169829_100054_82	+	DB=gnl|TC-DB|P54745|4.A.2.1.3;ID=3300014951.a:Ga0169829_100054_82	DB=gnl|TC-DB|P54745|4.A.2.1.3;ID=3300014951.a:Ga0169829_100054_82
82	null	null	null	CGC2	3300014951.a:Ga0169829_100054	78633	79487	3300014951.a:Ga0169829_100054_83	+	;ID=3300014951.a:Ga0169829_100054_83
83	TC	0	1	CGC2	3300014951.a:Ga0169829_100054	79484	79756	3300014951.a:Ga0169829_100054_84	+	DB=gnl|TC-DB|H1XXZ0|8.A.8.1.5;ID=3300014951.a:Ga0169829_100054_84	DB=gnl|TC-DB|H1XXZ0|8.A.8.1.5;ID=3300014951.a:Ga0169829_100054_84
84	STP	0	0	CGC2	3300014951.a:Ga0169829_100054	79970	80602	3300014951.a:Ga0169829_100054_85	+	DB=STP|Pkinase;ID=3300014951.a:Ga0169829_100054_85	DB=STP|Pkinase;ID=3300014951.a:Ga0169829_100054_85
85	CAZyme	1	0	CGC2	3300014951.a:Ga0169829_100054	80599	81327	3300014951.a:Ga0169829_100054_86	-	DB= GT51|GT51;ID=3300014951.a:Ga0169829_100054_86	DB= GT51|GT51;ID=3300014951.a:Ga0169829_100054_86
86	null	null	null	CGC2	3300014951.a:Ga0169829_100054	81324	81977	3300014951.a:Ga0169829_100054_87	-	;ID=3300014951.a:Ga0169829_100054_87
87	STP	1	1	CGC2	3300014951.a:Ga0169829_100054	82207	84543	3300014951.a:Ga0169829_100054_88	-	DB=STP|PAS,STP|HisKA,STP|HATPase_c,STP|Response_reg;ID=3300014951.a:Ga0169829_100054_88	DB=STP|PAS,STP|HisKA,STP|HATPase_c,STP|Response_reg;ID=3300014951.a:Ga0169829_100054_88
88	null	null	null	CGC2	3300014951.a:Ga0169829_100054	84639	85568	3300014951.a:Ga0169829_100054_89	-	;ID=3300014951.a:Ga0169829_100054_89
89	STP	0	1	CGC2	3300014951.a:Ga0169829_100054	86150	90703	3300014951.a:Ga0169829_100054_90	+	DB=STP|GATase_2;ID=3300014951.a:Ga0169829_100054_90	DB=STP|GATase_2;ID=3300014951.a:Ga0169829_100054_90
90	STP	2	0	CGC2	3300014951.a:Ga0169829_100054	90716	92134	3300014951.a:Ga0169829_100054_91	+	DB=STP|Pyr_redox_2;ID=3300014951.a:Ga0169829_100054_91	DB=STP|Pyr_redox_2;ID=3300014951.a:Ga0169829_100054_91
91	null	null	null	CGC2	3300014951.a:Ga0169829_100054	92318	93445	3300014951.a:Ga0169829_100054_92	+	;ID=3300014951.a:Ga0169829_100054_92
92	null	null	null	CGC2	3300014951.a:Ga0169829_100054	93505	93969	3300014951.a:Ga0169829_100054_93	-	;ID=3300014951.a:Ga0169829_100054_93
93	STP	1	2	CGC2	3300014951.a:Ga0169829_100054	93966	94841	3300014951.a:Ga0169829_100054_94	-	DB=STP|Glucokinase;ID=3300014951.a:Ga0169829_100054_94	DB=STP|Glucokinase;ID=3300014951.a:Ga0169829_100054_94
94	null	null	null	CGC2	3300014951.a:Ga0169829_100054	94838	95527	3300014951.a:Ga0169829_100054_95	-	;ID=3300014951.a:Ga0169829_100054_95
95	TC	1	1	CGC2	3300014951.a:Ga0169829_100054	95575	97065	3300014951.a:Ga0169829_100054_96	-	DB=gnl|TC-DB|P41036|2.A.1.12.1;ID=3300014951.a:Ga0169829_100054_96	DB=gnl|TC-DB|P41036|2.A.1.12.1;ID=3300014951.a:Ga0169829_100054_96
96	null	null	null	CGC2	3300014951.a:Ga0169829_100054	97175	98068	3300014951.a:Ga0169829_100054_97	-	;ID=3300014951.a:Ga0169829_100054_97
97	TF	0	1	CGC2	3300014951.a:Ga0169829_100054	98190	98981	3300014951.a:Ga0169829_100054_98	-	DB=DBD-Pfam|GntR,DBD-SUPERFAMILY|0037767;ID=3300014951.a:Ga0169829_100054_98	DB=DBD-Pfam|GntR,DBD-SUPERFAMILY|0037767;ID=3300014951.a:Ga0169829_100054_98
98	TC	1	0	CGC2	3300014951.a:Ga0169829_100054	99361	100728	3300014951.a:Ga0169829_100054_99	+	DB=gnl|TC-DB|P45428|2.A.61.1.2;ID=3300014951.a:Ga0169829_100054_99	DB=gnl|TC-DB|P45428|2.A.61.1.2;ID=3300014951.a:Ga0169829_100054_99
99	null	null	null	CGC2	3300014951.a:Ga0169829_100054	100771	101268	3300014951.a:Ga0169829_100054_100	-	;ID=3300014951.a:Ga0169829_100054_100
100	TC	5	1	CGC2	3300014951.a:Ga0169829_100054	101274	101912	3300014951.a:Ga0169829_100054_101	-	DB=gnl|TC-DB|P0ACA3|1.A.12.3.1;ID=3300014951.a:Ga0169829_100054_101	DB=gnl|TC-DB|P0ACA3|1.A.12.3.1;ID=3300014951.a:Ga0169829_100054_101
+++++
4	STP	0	null	CGC1	3300014951.a:Ga0169829_100014	4003	4755	3300014951.a:Ga0169829_100014_5	+	DB=STP|CbiA;ID=3300014951.a:Ga0169829_100014_5	DB=STP|CbiA;ID=3300014951.a:Ga0169829_100014_5
5	CAZyme	0	0	CGC1	3300014951.a:Ga0169829_100014	4752	7370	3300014951.a:Ga0169829_100014_6	+	DB= GT2|GT2;ID=3300014951.a:Ga0169829_100014_6	DB= GT2|GT2;ID=3300014951.a:Ga0169829_100014_6
6	TC	0	0	CGC1	3300014951.a:Ga0169829_100014	7417	9720	3300014951.a:Ga0169829_100014_7	+	DB=gnl|TC-DB|P37652|4.D.3.1.6;ID=3300014951.a:Ga0169829_100014_7	DB=gnl|TC-DB|P37652|4.D.3.1.6;ID=3300014951.a:Ga0169829_100014_7
7	CAZyme	0	0	CGC1	3300014951.a:Ga0169829_100014	9727	10833	3300014951.a:Ga0169829_100014_8	+	DB= GH8|GH8;ID=3300014951.a:Ga0169829_100014_8	DB= GH8|GH8;ID=3300014951.a:Ga0169829_100014_8
8	TC	0	0	CGC1	3300014951.a:Ga0169829_100014	10815	14288	3300014951.a:Ga0169829_100014_9	+	DB=gnl|TC-DB|P37650|1.B.55.3.1;ID=3300014951.a:Ga0169829_100014_9	DB=gnl|TC-DB|P37650|1.B.55.3.1;ID=3300014951.a:Ga0169829_100014_9
9	STP	0	0	CGC1	3300014951.a:Ga0169829_100014	14409	16358	3300014951.a:Ga0169829_100014_10	+	DB=STP|GGDEF,STP|EAL;ID=3300014951.a:Ga0169829_100014_10	DB=STP|GGDEF,STP|EAL;ID=3300014951.a:Ga0169829_100014_10
10	TC	1	0	CGC1	3300014951.a:Ga0169829_100014	16541	17827	3300014951.a:Ga0169829_100014_11	+	DB=gnl|TC-DB|P0A830|2.A.23.1.7;ID=3300014951.a:Ga0169829_100014_11	DB=gnl|TC-DB|P0A830|2.A.23.1.7;ID=3300014951.a:Ga0169829_100014_11
11	null	null	null	CGC1	3300014951.a:Ga0169829_100014	18048	19544	3300014951.a:Ga0169829_100014_12	+	;ID=3300014951.a:Ga0169829_100014_12
12	STP	0	1	CGC1	3300014951.a:Ga0169829_100014	19640	20569	3300014951.a:Ga0169829_100014_13	-	DB=STP|PfkB;ID=3300014951.a:Ga0169829_100014_13	DB=STP|PfkB;ID=3300014951.a:Ga0169829_100014_13
13	STP	0	0	CGC1	3300014951.a:Ga0169829_100014	20801	21568	3300014951.a:Ga0169829_100014_14	+	DB=STP|EAL;ID=3300014951.a:Ga0169829_100014_14	DB=STP|EAL;ID=3300014951.a:Ga0169829_100014_14
14	TC	0	0	CGC1	3300014951.a:Ga0169829_100014	21638	23698	3300014951.a:Ga0169829_100014_15	+	DB=gnl|TC-DB|P37645|9.B.121.1.1;ID=3300014951.a:Ga0169829_100014_15	DB=gnl|TC-DB|P37645|9.B.121.1.1;ID=3300014951.a:Ga0169829_100014_15
15	TC	0	0	CGC1	3300014951.a:Ga0169829_100014	23932	25254	3300014951.a:Ga0169829_100014_16	-	DB=gnl|TC-DB|P37643|2.A.1.6.10;ID=3300014951.a:Ga0169829_100014_16	DB=gnl|TC-DB|P37643|2.A.1.6.10;ID=3300014951.a:Ga0169829_100014_16
16	TC	0	0	CGC1	3300014951.a:Ga0169829_100014	25665	26678	3300014951.a:Ga0169829_100014_17	-	DB=gnl|TC-DB|P37642|9.B.126.1.1;ID=3300014951.a:Ga0169829_100014_17	DB=gnl|TC-DB|P37642|9.B.126.1.1;ID=3300014951.a:Ga0169829_100014_17
17	TF	0	0	CGC1	3300014951.a:Ga0169829_100014	26727	27698	3300014951.a:Ga0169829_100014_18	-	DB=DBD-Pfam|HTH_1;ID=3300014951.a:Ga0169829_100014_18	DB=DBD-Pfam|HTH_1;ID=3300014951.a:Ga0169829_100014_18
18	TF	0	0	CGC1	3300014951.a:Ga0169829_100014	28146	28748	3300014951.a:Ga0169829_100014_19	+	DB=DBD-Pfam|GerE;ID=3300014951.a:Ga0169829_100014_19	DB=DBD-Pfam|GerE;ID=3300014951.a:Ga0169829_100014_19
19	CAZyme	0	0	CGC1	3300014951.a:Ga0169829_100014	28799	30448	3300014951.a:Ga0169829_100014_20	-	DB= GH37|GH37;ID=3300014951.a:Ga0169829_100014_20	DB= GH37|GH37;ID=3300014951.a:Ga0169829_100014_20
20	TC	1	0	CGC1	3300014951.a:Ga0169829_100014	30853	32250	3300014951.a:Ga0169829_100014_21	+	DB=gnl|TC-DB|Q74FY6|5.B.3.1.1;ID=3300014951.a:Ga0169829_100014_21	DB=gnl|TC-DB|Q74FY6|5.B.3.1.1;ID=3300014951.a:Ga0169829_100014_21
21	null	null	null	CGC1	3300014951.a:Ga0169829_100014	32461	33861	3300014951.a:Ga0169829_100014_22	+	;ID=3300014951.a:Ga0169829_100014_22
22	TF	0	1	CGC1	3300014951.a:Ga0169829_100014	34231	35055	3300014951.a:Ga0169829_100014_23	+	DB=DBD-Pfam|HTH_AraC,DBD-Pfam|HTH_AraC,DBD-SUPERFAMILY|0035607;ID=3300014951.a:Ga0169829_100014_23	DB=DBD-Pfam|HTH_AraC,DBD-Pfam|HTH_AraC,DBD-SUPERFAMILY|0035607;ID=3300014951.a:Ga0169829_100014_23
23	TF	1	0	CGC1	3300014951.a:Ga0169829_100014	35423	36151	3300014951.a:Ga0169829_100014_24	+	DB=DBD-Pfam|HTH_AraC,DBD-SUPERFAMILY|0035607;ID=3300014951.a:Ga0169829_100014_24	DB=DBD-Pfam|HTH_AraC,DBD-SUPERFAMILY|0035607;ID=3300014951.a:Ga0169829_100014_24
24	null	null	null	CGC1	3300014951.a:Ga0169829_100014	36296	36577	3300014951.a:Ga0169829_100014_25	+	;ID=3300014951.a:Ga0169829_100014_25
25	TC	0	1	CGC1	3300014951.a:Ga0169829_100014	36514	39627	3300014951.a:Ga0169829_100014_26	-	DB=gnl|TC-DB|P37637|2.A.6.2.13;ID=3300014951.a:Ga0169829_100014_26	DB=gnl|TC-DB|P37637|2.A.6.2.13;ID=3300014951.a:Ga0169829_100014_26
26	TC	1	0	CGC1	3300014951.a:Ga0169829_100014	39652	40809	3300014951.a:Ga0169829_100014_27	-	DB=gnl|TC-DB|P37636|8.A.1.6.3;ID=3300014951.a:Ga0169829_100014_27	DB=gnl|TC-DB|P37636|8.A.1.6.3;ID=3300014951.a:Ga0169829_100014_27
27	null	null	null	CGC1	3300014951.a:Ga0169829_100014	40869	41147	3300014951.a:Ga0169829_100014_28	+	;ID=3300014951.a:Ga0169829_100014_28
28	TF	0	1	CGC1	3300014951.a:Ga0169829_100014	41148	41675	3300014951.a:Ga0169829_100014_29	-	DB=DBD-Pfam|GerE;ID=3300014951.a:Ga0169829_100014_29	DB=DBD-Pfam|GerE;ID=3300014951.a:Ga0169829_100014_29
29	TF	2	0	CGC1	3300014951.a:Ga0169829_100014	42474	43046	3300014951.a:Ga0169829_100014_30	-	DB=DBD-Pfam|SirB;ID=3300014951.a:Ga0169829_100014_30	DB=DBD-Pfam|SirB;ID=3300014951.a:Ga0169829_100014_30
30	null	null	null	CGC1	3300014951.a:Ga0169829_100014	43301	43633	3300014951.a:Ga0169829_100014_31	+	;ID=3300014951.a:Ga0169829_100014_31
31	null	null	null	CGC1	3300014951.a:Ga0169829_100014	43737	44075	3300014951.a:Ga0169829_100014_32	+	;ID=3300014951.a:Ga0169829_100014_32
32	TC	0	2	CGC1	3300014951.a:Ga0169829_100014	44211	44786	3300014951.a:Ga0169829_100014_33	+	DB=gnl|TC-DB|P0AFV2|9.B.20.1.4;ID=3300014951.a:Ga0169829_100014_33	DB=gnl|TC-DB|P0AFV2|9.B.20.1.4;ID=3300014951.a:Ga0169829_100014_33
33	TF	2	0	CGC1	3300014951.a:Ga0169829_100014	44828	45358	3300014951.a:Ga0169829_100014_34	-	DB=DBD-Pfam|GerE;ID=3300014951.a:Ga0169829_100014_34	DB=DBD-Pfam|GerE;ID=3300014951.a:Ga0169829_100014_34
34	null	null	null	CGC1	3300014951.a:Ga0169829_100014	45514	46080	3300014951.a:Ga0169829_100014_35	-	;ID=3300014951.a:Ga0169829_100014_35
35	null	null	null	CGC1	3300014951.a:Ga0169829_100014	46704	47549	3300014951.a:Ga0169829_100014_36	-	;ID=3300014951.a:Ga0169829_100014_36
36	TC	0	2	CGC1	3300014951.a:Ga0169829_100014	48130	49131	3300014951.a:Ga0169829_100014_37	-	DB=gnl|TC-DB|A6VIJ1|2.A.119.1.3;ID=3300014951.a:Ga0169829_100014_37	DB=gnl|TC-DB|A6VIJ1|2.A.119.1.3;ID=3300014951.a:Ga0169829_100014_37
37	TF	1	0	CGC1	3300014951.a:Ga0169829_100014	49239	49535	3300014951.a:Ga0169829_100014_38	+	DB=DBD-Pfam|HTH_5,DBD-SUPERFAMILY|0043095;ID=3300014951.a:Ga0169829_100014_38	DB=DBD-Pfam|HTH_5,DBD-SUPERFAMILY|0043095;ID=3300014951.a:Ga0169829_100014_38
38	null	null	null	CGC1	3300014951.a:Ga0169829_100014	49658	50083	3300014951.a:Ga0169829_100014_39	-	;ID=3300014951.a:Ga0169829_100014_39
39	TC	0	1	CGC1	3300014951.a:Ga0169829_100014	50096	51385	3300014951.a:Ga0169829_100014_40	-	DB=gnl|TC-DB|P0AB93|3.A.4.1.1;ID=3300014951.a:Ga0169829_100014_40	DB=gnl|TC-DB|P0AB93|3.A.4.1.1;ID=3300014951.a:Ga0169829_100014_40
40	TF	1	0	CGC1	3300014951.a:Ga0169829_100014	51439	51792	3300014951.a:Ga0169829_100014_41	-	DB=DBD-Pfam|HTH_5,DBD-SUPERFAMILY|0043095;ID=3300014951.a:Ga0169829_100014_41	DB=DBD-Pfam|HTH_5,DBD-SUPERFAMILY|0043095;ID=3300014951.a:Ga0169829_100014_41
41	null	null	null	CGC1	3300014951.a:Ga0169829_100014	52331	52504	3300014951.a:Ga0169829_100014_42	-	;ID=3300014951.a:Ga0169829_100014_42
42	STP	3	1	CGC1	3300014951.a:Ga0169829_100014	52669	54021	3300014951.a:Ga0169829_100014_43	-	DB=STP|Pyr_redox_2;ID=3300014951.a:Ga0169829_100014_43	DB=STP|Pyr_redox_2;ID=3300014951.a:Ga0169829_100014_43
+++++
107	TF	0	9	CGC2	3300014951.a:Ga0169829_100014	120513	121508	3300014951.a:Ga0169829_100014_108	+	DB=DBD-Pfam|LacI,DBD-SUPERFAMILY|0036955;ID=3300014951.a:Ga0169829_100014_108	DB=DBD-Pfam|LacI,DBD-SUPERFAMILY|0036955;ID=3300014951.a:Ga0169829_100014_108
108	STP	0	0	CGC2	3300014951.a:Ga0169829_100014	121647	122174	3300014951.a:Ga0169829_100014_109	+	DB=STP|SKI;ID=3300014951.a:Ga0169829_100014_109	DB=STP|SKI;ID=3300014951.a:Ga0169829_100014_109
109	TC	0	0	CGC2	3300014951.a:Ga0169829_100014	122178	123518	3300014951.a:Ga0169829_100014_110	+	DB=gnl|TC-DB|P0AC96|2.A.8.1.8;ID=3300014951.a:Ga0169829_100014_110	DB=gnl|TC-DB|P0AC96|2.A.8.1.8;ID=3300014951.a:Ga0169829_100014_110
110	TC	1	0	CGC2	3300014951.a:Ga0169829_100014	123575	124168	3300014951.a:Ga0169829_100014_111	-	DB=gnl|TC-DB|P67143|2.A.95.1.5;ID=3300014951.a:Ga0169829_100014_111	DB=gnl|TC-DB|P67143|2.A.95.1.5;ID=3300014951.a:Ga0169829_100014_111
111	null	null	null	CGC2	3300014951.a:Ga0169829_100014	124361	125464	3300014951.a:Ga0169829_100014_112	+	;ID=3300014951.a:Ga0169829_100014_112
112	CAZyme	0	1	CGC2	3300014951.a:Ga0169829_100014	125737	127923	3300014951.a:Ga0169829_100014_113	+	DB= GH13_9|GH13_9| CBM48|CBM48;ID=3300014951.a:Ga0169829_100014_113	DB= GH13_9|GH13_9| CBM48|CBM48;ID=3300014951.a:Ga0169829_100014_113
113	CAZyme	1	0	CGC2	3300014951.a:Ga0169829_100014	127920	129893	3300014951.a:Ga0169829_100014_114	+	DB=GH13_11| GH13_11| CBM48|CBM48;ID=3300014951.a:Ga0169829_100014_114	DB=GH13_11| GH13_11| CBM48|CBM48;ID=3300014951.a:Ga0169829_100014_114
114	null	null	null	CGC2	3300014951.a:Ga0169829_100014	129911	131206	3300014951.a:Ga0169829_100014_115	+	;ID=3300014951.a:Ga0169829_100014_115
115	CAZyme	0	1	CGC2	3300014951.a:Ga0169829_100014	131206	132639	3300014951.a:Ga0169829_100014_116	+	DB= GT5|GT5;ID=3300014951.a:Ga0169829_100014_116	DB= GT5|GT5;ID=3300014951.a:Ga0169829_100014_116
116	CAZyme	5	0	CGC2	3300014951.a:Ga0169829_100014	132658	135105	3300014951.a:Ga0169829_100014_117	+	DB=GT35| GT35;ID=3300014951.a:Ga0169829_100014_117	DB=GT35| GT35;ID=3300014951.a:Ga0169829_100014_117
+++++
122	STP	0	5	CGC3	3300014951.a:Ga0169829_100014	140588	140914	3300014951.a:Ga0169829_100014_123	+	DB=STP|Rhodanese;ID=3300014951.a:Ga0169829_100014_123	DB=STP|Rhodanese;ID=3300014951.a:Ga0169829_100014_123
123	TC	0	0	CGC3	3300014951.a:Ga0169829_100014	140959	141789	3300014951.a:Ga0169829_100014_124	+	DB=gnl|TC-DB|P09391|9.B.104.1.1;ID=3300014951.a:Ga0169829_100014_124	DB=gnl|TC-DB|P09391|9.B.104.1.1;ID=3300014951.a:Ga0169829_100014_124
124	TF	0	0	CGC3	3300014951.a:Ga0169829_100014	141806	142564	3300014951.a:Ga0169829_100014_125	+	DB=DBD-Pfam|HTH_DeoR,DBD-SUPERFAMILY|0043758;ID=3300014951.a:Ga0169829_100014_125	DB=DBD-Pfam|HTH_DeoR,DBD-SUPERFAMILY|0043758;ID=3300014951.a:Ga0169829_100014_125
125	TC	2	0	CGC3	3300014951.a:Ga0169829_100014	142546	144144	3300014951.a:Ga0169829_100014_126	-	DB=gnl|TC-DB|Q9KN48|3.A.23.1.1;ID=3300014951.a:Ga0169829_100014_126	DB=gnl|TC-DB|Q9KN48|3.A.23.1.1;ID=3300014951.a:Ga0169829_100014_126
126	null	null	null	CGC3	3300014951.a:Ga0169829_100014	144333	145559	3300014951.a:Ga0169829_100014_127	+	;ID=3300014951.a:Ga0169829_100014_127
127	null	null	null	CGC3	3300014951.a:Ga0169829_100014	145563	146579	3300014951.a:Ga0169829_100014_128	+	;ID=3300014951.a:Ga0169829_100014_128
128	TF	0	2	CGC3	3300014951.a:Ga0169829_100014	146622	149327	3300014951.a:Ga0169829_100014_129	-	DB=DBD-Pfam|GerE;ID=3300014951.a:Ga0169829_100014_129	DB=DBD-Pfam|GerE;ID=3300014951.a:Ga0169829_100014_129
129	CAZyme	0	0	CGC3	3300014951.a:Ga0169829_100014	149939	152332	3300014951.a:Ga0169829_100014_130	+	DB=GT35| GT35;ID=3300014951.a:Ga0169829_100014_130	DB=GT35| GT35;ID=3300014951.a:Ga0169829_100014_130
130	CAZyme	0	0	CGC3	3300014951.a:Ga0169829_100014	152342	154426	3300014951.a:Ga0169829_100014_131	+	DB=GH77| GH77;ID=3300014951.a:Ga0169829_100014_131	DB=GH77| GH77;ID=3300014951.a:Ga0169829_100014_131
131	TC	4	0	CGC3	3300014951.a:Ga0169829_100014	154471	155787	3300014951.a:Ga0169829_100014_132	-	DB=gnl|TC-DB|P39835|2.A.8.1.4;ID=3300014951.a:Ga0169829_100014_132	DB=gnl|TC-DB|P39835|2.A.8.1.4;ID=3300014951.a:Ga0169829_100014_132
+++++
26	TC	0	5	CGC1	3300014951.a:Ga0169829_100053	28140	29405	3300014951.a:Ga0169829_100053_27	-	DB=gnl|TC-DB|Q47706|1.B.25.1.5;ID=3300014951.a:Ga0169829_100053_27	DB=gnl|TC-DB|Q47706|1.B.25.1.5;ID=3300014951.a:Ga0169829_100053_27
27	TC	0	0	CGC1	3300014951.a:Ga0169829_100053	29444	30817	3300014951.a:Ga0169829_100053_28	-	DB=gnl|TC-DB|P0CE45|2.A.2.3.1;ID=3300014951.a:Ga0169829_100053_28	DB=gnl|TC-DB|P0CE45|2.A.2.3.1;ID=3300014951.a:Ga0169829_100053_28
28	CAZyme	0	0	CGC1	3300014951.a:Ga0169829_100053	30814	32625	3300014951.a:Ga0169829_100053_29	-	DB= GH2|GH2;ID=3300014951.a:Ga0169829_100053_29	DB= GH2|GH2;ID=3300014951.a:Ga0169829_100053_29
29	STP	1	0	CGC1	3300014951.a:Ga0169829_100053	33014	33604	3300014951.a:Ga0169829_100053_30	-	DB=STP|TetR_N;ID=3300014951.a:Ga0169829_100053_30	DB=STP|TetR_N;ID=3300014951.a:Ga0169829_100053_30
30	null	null	null	CGC1	3300014951.a:Ga0169829_100053	33833	34600	3300014951.a:Ga0169829_100053_31	-	;ID=3300014951.a:Ga0169829_100053_31
31	TF	0	1	CGC1	3300014951.a:Ga0169829_100053	34712	35740	3300014951.a:Ga0169829_100053_32	-	DB=DBD-Pfam|LacI,DBD-SUPERFAMILY|0036955;ID=3300014951.a:Ga0169829_100053_32	DB=DBD-Pfam|LacI,DBD-SUPERFAMILY|0036955;ID=3300014951.a:Ga0169829_100053_32
32	TC	0	0	CGC1	3300014951.a:Ga0169829_100053	35915	37507	3300014951.a:Ga0169829_100053_33	+	DB=gnl|TC-DB|P19642|4.A.1.1.3;ID=3300014951.a:Ga0169829_100053_33	DB=gnl|TC-DB|P19642|4.A.1.1.3;ID=3300014951.a:Ga0169829_100053_33
33	STP	2	0	CGC1	3300014951.a:Ga0169829_100053	37517	38689	3300014951.a:Ga0169829_100053_34	+	DB=STP|Aminotran_1_2;ID=3300014951.a:Ga0169829_100053_34	DB=STP|Aminotran_1_2;ID=3300014951.a:Ga0169829_100053_34
34	null	null	null	CGC1	3300014951.a:Ga0169829_100053	38793	39794	3300014951.a:Ga0169829_100053_35	+	;ID=3300014951.a:Ga0169829_100053_35
35	null	null	null	CGC1	3300014951.a:Ga0169829_100053	39829	40869	3300014951.a:Ga0169829_100053_36	-	;ID=3300014951.a:Ga0169829_100053_36
36	TF	1	2	CGC1	3300014951.a:Ga0169829_100053	41510	41725	3300014951.a:Ga0169829_100053_37	+	DB=DBD-Pfam|HHA,DBD-SUPERFAMILY|0039786;ID=3300014951.a:Ga0169829_100053_37	DB=DBD-Pfam|HHA,DBD-SUPERFAMILY|0039786;ID=3300014951.a:Ga0169829_100053_37
37	null	null	null	CGC1	3300014951.a:Ga0169829_100053	41811	42251	3300014951.a:Ga0169829_100053_38	+	;ID=3300014951.a:Ga0169829_100053_38
38	TC	0	1	CGC1	3300014951.a:Ga0169829_100053	42328	42909	3300014951.a:Ga0169829_100053_39	+	DB=gnl|TC-DB|P0A766|3.D.6.1.4;ID=3300014951.a:Ga0169829_100053_39	DB=gnl|TC-DB|P0A766|3.D.6.1.4;ID=3300014951.a:Ga0169829_100053_39
39	TC	0	0	CGC1	3300014951.a:Ga0169829_100053	42909	43487	3300014951.a:Ga0169829_100053_40	+	DB=gnl|TC-DB|P77223|3.D.6.1.4;ID=3300014951.a:Ga0169829_100053_40	DB=gnl|TC-DB|P77223|3.D.6.1.4;ID=3300014951.a:Ga0169829_100053_40
40	TC	0	0	CGC1	3300014951.a:Ga0169829_100053	43480	45588	3300014951.a:Ga0169829_100053_41	+	DB=gnl|TC-DB|P77611|3.D.6.1.4;ID=3300014951.a:Ga0169829_100053_41	DB=gnl|TC-DB|P77611|3.D.6.1.4;ID=3300014951.a:Ga0169829_100053_41
41	TC	0	0	CGC1	3300014951.a:Ga0169829_100053	45607	46665	3300014951.a:Ga0169829_100053_42	+	DB=gnl|TC-DB|P76182|3.D.6.1.4;ID=3300014951.a:Ga0169829_100053_42	DB=gnl|TC-DB|P76182|3.D.6.1.4;ID=3300014951.a:Ga0169829_100053_42
42	TC	0	0	CGC1	3300014951.a:Ga0169829_100053	46669	47289	3300014951.a:Ga0169829_100053_43	+	DB=gnl|TC-DB|P77285|3.D.6.1.4;ID=3300014951.a:Ga0169829_100053_43	DB=gnl|TC-DB|P77285|3.D.6.1.4;ID=3300014951.a:Ga0169829_100053_43
43	TC	0	0	CGC1	3300014951.a:Ga0169829_100053	47293	47988	3300014951.a:Ga0169829_100053_44	+	DB=gnl|TC-DB|P77179|3.D.6.1.4;ID=3300014951.a:Ga0169829_100053_44	DB=gnl|TC-DB|P77179|3.D.6.1.4;ID=3300014951.a:Ga0169829_100053_44
44	STP	1	0	CGC1	3300014951.a:Ga0169829_100053	47988	48623	3300014951.a:Ga0169829_100053_45	+	DB=STP|HhH-GPD;ID=3300014951.a:Ga0169829_100053_45	DB=STP|HhH-GPD;ID=3300014951.a:Ga0169829_100053_45
45	null	null	null	CGC1	3300014951.a:Ga0169829_100053	48751	48951	3300014951.a:Ga0169829_100053_46	+	;ID=3300014951.a:Ga0169829_100053_46
46	TC	1	1	CGC1	3300014951.a:Ga0169829_100053	49234	50736	3300014951.a:Ga0169829_100053_47	+	DB=gnl|TC-DB|P77304|2.A.17.1.2;ID=3300014951.a:Ga0169829_100053_47	DB=gnl|TC-DB|P77304|2.A.17.1.2;ID=3300014951.a:Ga0169829_100053_47
47	null	null	null	CGC1	3300014951.a:Ga0169829_100053	50842	51447	3300014951.a:Ga0169829_100053_48	+	;ID=3300014951.a:Ga0169829_100053_48
48	STP	5	1	CGC1	3300014951.a:Ga0169829_100053	51491	52351	3300014951.a:Ga0169829_100053_49	-	DB=STP|PfkB;ID=3300014951.a:Ga0169829_100053_49	DB=STP|PfkB;ID=3300014951.a:Ga0169829_100053_49
+++++
0	TF	0	null	CGC1	3300014951.a:Ga0169829_102106	1	828	3300014951.a:Ga0169829_102106_1	-	DB=DBD-Pfam|HTH_1,DBD-SUPERFAMILY|0043669;ID=3300014951.a:Ga0169829_102106_1	DB=DBD-Pfam|HTH_1,DBD-SUPERFAMILY|0043669;ID=3300014951.a:Ga0169829_102106_1
1	TC	0	0	CGC1	3300014951.a:Ga0169829_102106	938	1597	3300014951.a:Ga0169829_102106_2	+	DB=gnl|TC-DB|Q8F8H7|2.A.53.3.8;ID=3300014951.a:Ga0169829_102106_2	DB=gnl|TC-DB|Q8F8H7|2.A.53.3.8;ID=3300014951.a:Ga0169829_102106_2
2	STP	0	0	CGC1	3300014951.a:Ga0169829_102106	1628	2098	3300014951.a:Ga0169829_102106_3	+	DB=STP|Cyanate_lyase;ID=3300014951.a:Ga0169829_102106_3	DB=STP|Cyanate_lyase;ID=3300014951.a:Ga0169829_102106_3
3	TC	1	0	CGC1	3300014951.a:Ga0169829_102106	2104	3285	3300014951.a:Ga0169829_102106_4	+	DB=gnl|TC-DB|P17583|2.A.1.17.1;ID=3300014951.a:Ga0169829_102106_4	DB=gnl|TC-DB|P17583|2.A.1.17.1;ID=3300014951.a:Ga0169829_102106_4
4	null	null	null	CGC1	3300014951.a:Ga0169829_102106	3388	4008	3300014951.a:Ga0169829_102106_5	-	;ID=3300014951.a:Ga0169829_102106_5
5	TC	0	1	CGC1	3300014951.a:Ga0169829_102106	4065	5318	3300014951.a:Ga0169829_102106_6	-	DB=gnl|TC-DB|P02920|2.A.1.5.1;ID=3300014951.a:Ga0169829_102106_6	DB=gnl|TC-DB|P02920|2.A.1.5.1;ID=3300014951.a:Ga0169829_102106_6
6	CAZyme	null	0	CGC1	3300014951.a:Ga0169829_102106	5370	8444	3300014951.a:Ga0169829_102106_7	-	DB= GH2|GH2;ID=3300014951.a:Ga0169829_102106_7	DB= GH2|GH2;ID=3300014951.a:Ga0169829_102106_7
+++++
25	STP	0	9	CGC1	3300014951.a:Ga0169829_100026	26037	26297	3300014951.a:Ga0169829_100026_26	-	DB=STP|Fer4;ID=3300014951.a:Ga0169829_100026_26	DB=STP|Fer4;ID=3300014951.a:Ga0169829_100026_26
26	TF	2	0	CGC1	3300014951.a:Ga0169829_100026	26353	27201	3300014951.a:Ga0169829_100026_27	-	DB=DBD-Pfam|HTH_6;ID=3300014951.a:Ga0169829_100026_27	DB=DBD-Pfam|HTH_6;ID=3300014951.a:Ga0169829_100026_27
27	null	null	null	CGC1	3300014951.a:Ga0169829_100026	27410	28045	3300014951.a:Ga0169829_100026_28	+	;ID=3300014951.a:Ga0169829_100026_28
28	null	null	null	CGC1	3300014951.a:Ga0169829_100026	28103	28606	3300014951.a:Ga0169829_100026_29	+	;ID=3300014951.a:Ga0169829_100026_29
29	CAZyme	1	2	CGC1	3300014951.a:Ga0169829_100026	28603	30159	3300014951.a:Ga0169829_100026_30	-	DB= GH23|GH23;ID=3300014951.a:Ga0169829_100026_30	DB= GH23|GH23;ID=3300014951.a:Ga0169829_100026_30
30	null	null	null	CGC1	3300014951.a:Ga0169829_100026	30417	34304	3300014951.a:Ga0169829_100026_31	+	;ID=3300014951.a:Ga0169829_100026_31
31	STP	1	1	CGC1	3300014951.a:Ga0169829_100026	34925	36307	3300014951.a:Ga0169829_100026_32	+	DB=STP|HisKA,STP|HATPase_c;ID=3300014951.a:Ga0169829_100026_32	DB=STP|HisKA,STP|HATPase_c;ID=3300014951.a:Ga0169829_100026_32
32	null	null	null	CGC1	3300014951.a:Ga0169829_100026	36472	37185	3300014951.a:Ga0169829_100026_33	+	;ID=3300014951.a:Ga0169829_100026_33
33	TF	2	1	CGC1	3300014951.a:Ga0169829_100026	37175	38509	3300014951.a:Ga0169829_100026_34	+	DB=DBD-SUPERFAMILY|0037176;ID=3300014951.a:Ga0169829_100026_34	DB=DBD-SUPERFAMILY|0037176;ID=3300014951.a:Ga0169829_100026_34
34	null	null	null	CGC1	3300014951.a:Ga0169829_100026	38570	38908	3300014951.a:Ga0169829_100026_35	+	;ID=3300014951.a:Ga0169829_100026_35
35	null	null	null	CGC1	3300014951.a:Ga0169829_100026	38953	40143	3300014951.a:Ga0169829_100026_36	-	;ID=3300014951.a:Ga0169829_100026_36
36	STP	0	2	CGC1	3300014951.a:Ga0169829_100026	40471	41724	3300014951.a:Ga0169829_100026_37	+	DB=STP|Aminotran_1_2;ID=3300014951.a:Ga0169829_100026_37	DB=STP|Aminotran_1_2;ID=3300014951.a:Ga0169829_100026_37
37	TF	0	0	CGC1	3300014951.a:Ga0169829_100026	41788	42981	3300014951.a:Ga0169829_100026_38	-	DB=DBD-Pfam|MarR,DBD-SUPERFAMILY|0044258;ID=3300014951.a:Ga0169829_100026_38	DB=DBD-Pfam|MarR,DBD-SUPERFAMILY|0044258;ID=3300014951.a:Ga0169829_100026_38
38	STP	0	0	CGC1	3300014951.a:Ga0169829_100026	43099	46380	3300014951.a:Ga0169829_100026_39	+	DB=STP|TPR_1;ID=3300014951.a:Ga0169829_100026_39	DB=STP|TPR_1;ID=3300014951.a:Ga0169829_100026_39
39	TC	0	0	CGC1	3300014951.a:Ga0169829_100026	46477	47460	3300014951.a:Ga0169829_100026_40	+	DB=gnl|TC-DB|P77269|3.A.1.2.27;ID=3300014951.a:Ga0169829_100026_40	DB=gnl|TC-DB|P77269|3.A.1.2.27;ID=3300014951.a:Ga0169829_100026_40
40	TC	0	0	CGC1	3300014951.a:Ga0169829_100026	47483	48994	3300014951.a:Ga0169829_100026_41	+	DB=gnl|TC-DB|P77509|3.A.1.2.27;ID=3300014951.a:Ga0169829_100026_41	DB=gnl|TC-DB|P77509|3.A.1.2.27;ID=3300014951.a:Ga0169829_100026_41
41	TC	3	0	CGC1	3300014951.a:Ga0169829_100026	49019	50017	3300014951.a:Ga0169829_100026_42	+	DB=gnl|TC-DB|P77315|3.A.1.2.27;ID=3300014951.a:Ga0169829_100026_42	DB=gnl|TC-DB|P77315|3.A.1.2.27;ID=3300014951.a:Ga0169829_100026_42
+++++
40	STP	0	4	CGC1	3300014951.a:Ga0169829_100048	40519	41427	3300014951.a:Ga0169829_100048_41	+	DB=STP|Glucokinase;ID=3300014951.a:Ga0169829_100048_41	DB=STP|Glucokinase;ID=3300014951.a:Ga0169829_100048_41
41	TC	2	0	CGC1	3300014951.a:Ga0169829_100048	41570	42838	3300014951.a:Ga0169829_100048_42	-	DB=gnl|TC-DB|P23910|2.A.1.2.14;ID=3300014951.a:Ga0169829_100048_42	DB=gnl|TC-DB|P23910|2.A.1.2.14;ID=3300014951.a:Ga0169829_100048_42
42	null	null	null	CGC1	3300014951.a:Ga0169829_100048	42880	46023	3300014951.a:Ga0169829_100048_43	-	;ID=3300014951.a:Ga0169829_100048_43
43	null	null	null	CGC1	3300014951.a:Ga0169829_100048	46020	47222	3300014951.a:Ga0169829_100048_44	-	;ID=3300014951.a:Ga0169829_100048_44
44	TF	0	2	CGC1	3300014951.a:Ga0169829_100048	47412	48101	3300014951.a:Ga0169829_100048_45	+	DB=DBD-Pfam|Trans_reg_C;ID=3300014951.a:Ga0169829_100048_45	DB=DBD-Pfam|Trans_reg_C;ID=3300014951.a:Ga0169829_100048_45
45	TC	0	0	CGC1	3300014951.a:Ga0169829_100048	48159	49454	3300014951.a:Ga0169829_100048_46	+	DB=gnl|TC-DB|Q93N33|2.A.21.9.2;ID=3300014951.a:Ga0169829_100048_46	DB=gnl|TC-DB|Q93N33|2.A.21.9.2;ID=3300014951.a:Ga0169829_100048_46
46	TC	0	0	CGC1	3300014951.a:Ga0169829_100048	49861	51180	3300014951.a:Ga0169829_100048_47	+	DB=gnl|TC-DB|P0AD99|2.A.26.1.10;ID=3300014951.a:Ga0169829_100048_47	DB=gnl|TC-DB|P0AD99|2.A.26.1.10;ID=3300014951.a:Ga0169829_100048_47
47	TC	0	0	CGC1	3300014951.a:Ga0169829_100048	51256	52629	3300014951.a:Ga0169829_100048_48	+	DB=gnl|TC-DB|P0AAE2|2.A.3.1.23;ID=3300014951.a:Ga0169829_100048_48	DB=gnl|TC-DB|P0AAE2|2.A.3.1.23;ID=3300014951.a:Ga0169829_100048_48
48	CAZyme	3	0	CGC1	3300014951.a:Ga0169829_100048	52785	54602	3300014951.a:Ga0169829_100048_49	+	DB=CBM34| GH13_21| CBM34|GH13_21;ID=3300014951.a:Ga0169829_100048_49	DB=CBM34| GH13_21| CBM34|GH13_21;ID=3300014951.a:Ga0169829_100048_49
+++++
5	CAZyme	0	4	CGC1	3300014951.a:Ga0169829_100269	6197	7387	3300014951.a:Ga0169829_100269_6	-	DB= GH103|GH103;ID=3300014951.a:Ga0169829_100269_6	DB= GH103|GH103;ID=3300014951.a:Ga0169829_100269_6
6	TC	0	0	CGC1	3300014951.a:Ga0169829_100269	7538	8101	3300014951.a:Ga0169829_100269_7	+	DB=gnl|TC-DB|P56579|4.A.4.1.1;ID=3300014951.a:Ga0169829_100269_7	DB=gnl|TC-DB|P56579|4.A.4.1.1;ID=3300014951.a:Ga0169829_100269_7
7	TC	0	0	CGC1	3300014951.a:Ga0169829_100269	8098	9057	3300014951.a:Ga0169829_100269_8	+	DB=gnl|TC-DB|P56580|4.A.4.1.1;ID=3300014951.a:Ga0169829_100269_8	DB=gnl|TC-DB|P56580|4.A.4.1.1;ID=3300014951.a:Ga0169829_100269_8
8	TC	2	0	CGC1	3300014951.a:Ga0169829_100269	9068	9439	3300014951.a:Ga0169829_100269_9	+	DB=gnl|TC-DB|P05706|4.A.4.1.1;ID=3300014951.a:Ga0169829_100269_9	DB=gnl|TC-DB|P05706|4.A.4.1.1;ID=3300014951.a:Ga0169829_100269_9
9	null	null	null	CGC1	3300014951.a:Ga0169829_100269	9443	10222	3300014951.a:Ga0169829_100269_10	+	;ID=3300014951.a:Ga0169829_100269_10
10	null	null	null	CGC1	3300014951.a:Ga0169829_100269	10327	10686	3300014951.a:Ga0169829_100269_11	+	;ID=3300014951.a:Ga0169829_100269_11
11	TF	0	2	CGC1	3300014951.a:Ga0169829_100269	10753	11526	3300014951.a:Ga0169829_100269_12	+	DB=DBD-Pfam|HTH_DeoR,DBD-SUPERFAMILY|0043758;ID=3300014951.a:Ga0169829_100269_12	DB=DBD-Pfam|HTH_DeoR,DBD-SUPERFAMILY|0043758;ID=3300014951.a:Ga0169829_100269_12
12	STP	0	0	CGC1	3300014951.a:Ga0169829_100269	11519	12484	3300014951.a:Ga0169829_100269_13	+	DB=STP|SIS,STP|CBS;ID=3300014951.a:Ga0169829_100269_13	DB=STP|SIS,STP|CBS;ID=3300014951.a:Ga0169829_100269_13
13	TF	1	0	CGC1	3300014951.a:Ga0169829_100269	12481	13995	3300014951.a:Ga0169829_100269_14	-	DB=DBD-SUPERFAMILY|0037176;ID=3300014951.a:Ga0169829_100269_14	DB=DBD-SUPERFAMILY|0037176;ID=3300014951.a:Ga0169829_100269_14
14	null	null	null	CGC1	3300014951.a:Ga0169829_100269	14182	15621	3300014951.a:Ga0169829_100269_15	+	;ID=3300014951.a:Ga0169829_100269_15
15	STP	1	1	CGC1	3300014951.a:Ga0169829_100269	15618	16751	3300014951.a:Ga0169829_100269_16	+	DB=STP|Pyr_redox_2;ID=3300014951.a:Ga0169829_100269_16	DB=STP|Pyr_redox_2;ID=3300014951.a:Ga0169829_100269_16
16	null	null	null	CGC1	3300014951.a:Ga0169829_100269	16977	19229	3300014951.a:Ga0169829_100269_17	-	;ID=3300014951.a:Ga0169829_100269_17
17	TC	0	1	CGC1	3300014951.a:Ga0169829_100269	19382	19909	3300014951.a:Ga0169829_100269_18	-	DB=gnl|TC-DB|P0AAK3|3.D.1.9.2;ID=3300014951.a:Ga0169829_100269_18	DB=gnl|TC-DB|P0AAK3|3.D.1.9.2;ID=3300014951.a:Ga0169829_100269_18
18	TF	0	0	CGC1	3300014951.a:Ga0169829_100269	20058	21071	3300014951.a:Ga0169829_100269_19	-	DB=DBD-Pfam|LacI,DBD-SUPERFAMILY|0036955;ID=3300014951.a:Ga0169829_100269_19	DB=DBD-Pfam|LacI,DBD-SUPERFAMILY|0036955;ID=3300014951.a:Ga0169829_100269_19
19	TC	0	0	CGC1	3300014951.a:Ga0169829_100269	21328	22785	3300014951.a:Ga0169829_100269_20	+	DB=gnl|TC-DB|P24241|4.A.1.2.3;ID=3300014951.a:Ga0169829_100269_20	DB=gnl|TC-DB|P24241|4.A.1.2.3;ID=3300014951.a:Ga0169829_100269_20
20	CAZyme	0	0	CGC1	3300014951.a:Ga0169829_100269	22794	24218	3300014951.a:Ga0169829_100269_21	+	DB= GH1|GH1;ID=3300014951.a:Ga0169829_100269_21	DB= GH1|GH1;ID=3300014951.a:Ga0169829_100269_21
21	TF	3	0	CGC1	3300014951.a:Ga0169829_100269	24332	24751	3300014951.a:Ga0169829_100269_22	-	DB=DBD-Pfam|HTH_3,DBD-SUPERFAMILY|0038966;ID=3300014951.a:Ga0169829_100269_22	DB=DBD-Pfam|HTH_3,DBD-SUPERFAMILY|0038966;ID=3300014951.a:Ga0169829_100269_22
+++++
22	TC	0	3	CGC1	3300014951.a:Ga0169829_100266	25103	26098	3300014951.a:Ga0169829_100266_23	+	DB=gnl|TC-DB|P37669|9.B.97.1.1;ID=3300014951.a:Ga0169829_100266_23	DB=gnl|TC-DB|P37669|9.B.97.1.1;ID=3300014951.a:Ga0169829_100266_23
23	TC	0	0	CGC1	3300014951.a:Ga0169829_100266	26140	26577	3300014951.a:Ga0169829_100266_24	-	DB=gnl|TC-DB|P0ADJ8|9.B.44.1.1;ID=3300014951.a:Ga0169829_100266_24	DB=gnl|TC-DB|P0ADJ8|9.B.44.1.1;ID=3300014951.a:Ga0169829_100266_24
24	TC	2	0	CGC1	3300014951.a:Ga0169829_100266	26623	26964	3300014951.a:Ga0169829_100266_25	-	DB=gnl|TC-DB|P11286|9.B.44.1.1;ID=3300014951.a:Ga0169829_100266_25	DB=gnl|TC-DB|P11286|9.B.44.1.1;ID=3300014951.a:Ga0169829_100266_25
25	null	null	null	CGC1	3300014951.a:Ga0169829_100266	27133	28587	3300014951.a:Ga0169829_100266_26	-	;ID=3300014951.a:Ga0169829_100266_26
26	null	null	null	CGC1	3300014951.a:Ga0169829_100266	28659	29981	3300014951.a:Ga0169829_100266_27	-	;ID=3300014951.a:Ga0169829_100266_27
27	TC	0	2	CGC1	3300014951.a:Ga0169829_100266	30347	31339	3300014951.a:Ga0169829_100266_28	+	DB=gnl|TC-DB|P37387|3.A.1.2.4;ID=3300014951.a:Ga0169829_100266_28	DB=gnl|TC-DB|P37387|3.A.1.2.4;ID=3300014951.a:Ga0169829_100266_28
28	TC	0	0	CGC1	3300014951.a:Ga0169829_100266	31417	32958	3300014951.a:Ga0169829_100266_29	+	DB=gnl|TC-DB|P37388|3.A.1.2.4;ID=3300014951.a:Ga0169829_100266_29	DB=gnl|TC-DB|P37388|3.A.1.2.4;ID=3300014951.a:Ga0169829_100266_29
29	TC	0	0	CGC1	3300014951.a:Ga0169829_100266	32936	34117	3300014951.a:Ga0169829_100266_30	+	DB=gnl|TC-DB|P0AGI4|3.A.1.2.4;ID=3300014951.a:Ga0169829_100266_30	DB=gnl|TC-DB|P0AGI4|3.A.1.2.4;ID=3300014951.a:Ga0169829_100266_30
30	TF	0	0	CGC1	3300014951.a:Ga0169829_100266	34195	35373	3300014951.a:Ga0169829_100266_31	+	DB=DBD-Pfam|HTH_AraC,DBD-Pfam|HTH_AraC,DBD-SUPERFAMILY|0036286,DBD-SUPERFAMILY|0035607;ID=3300014951.a:Ga0169829_100266_31	DB=DBD-Pfam|HTH_AraC,DBD-Pfam|HTH_AraC,DBD-SUPERFAMILY|0036286,DBD-SUPERFAMILY|0035607;ID=3300014951.a:Ga0169829_100266_31
31	CAZyme	0	0	CGC1	3300014951.a:Ga0169829_100266	35481	36305	3300014951.a:Ga0169829_100266_32	-	DB=GH73| GH73;ID=3300014951.a:Ga0169829_100266_32	DB=GH73| GH73;ID=3300014951.a:Ga0169829_100266_32
32	CAZyme	0	0	CGC1	3300014951.a:Ga0169829_100266	36625	38655	3300014951.a:Ga0169829_100266_33	+	DB= GH13_19|GH13_19;ID=3300014951.a:Ga0169829_100266_33	DB= GH13_19|GH13_19;ID=3300014951.a:Ga0169829_100266_33
33	STP	0	0	CGC1	3300014951.a:Ga0169829_100266	38833	40086	3300014951.a:Ga0169829_100266_34	+	DB=STP|Aminotran_1_2;ID=3300014951.a:Ga0169829_100266_34	DB=STP|Aminotran_1_2;ID=3300014951.a:Ga0169829_100266_34
34	TC	0	0	CGC1	3300014951.a:Ga0169829_100266	40238	40711	3300014951.a:Ga0169829_100266_35	-	DB=gnl|TC-DB|P0AAK3|3.D.1.9.2;ID=3300014951.a:Ga0169829_100266_35	DB=gnl|TC-DB|P0AAK3|3.D.1.9.2;ID=3300014951.a:Ga0169829_100266_35
35	TF	2	0	CGC1	3300014951.a:Ga0169829_100266	40813	41661	3300014951.a:Ga0169829_100266_36	-	DB=DBD-SUPERFAMILY|0040266;ID=3300014951.a:Ga0169829_100266_36	DB=DBD-SUPERFAMILY|0040266;ID=3300014951.a:Ga0169829_100266_36
36	null	null	null	CGC1	3300014951.a:Ga0169829_100266	41862	42860	3300014951.a:Ga0169829_100266_37	+	;ID=3300014951.a:Ga0169829_100266_37
37	null	null	null	CGC1	3300014951.a:Ga0169829_100266	42872	43339	3300014951.a:Ga0169829_100266_38	+	;ID=3300014951.a:Ga0169829_100266_38
38	TC	0	2	CGC1	3300014951.a:Ga0169829_100266	43457	43930	3300014951.a:Ga0169829_100266_39	+	DB=gnl|TC-DB|P37674|2.A.56.1.2;ID=3300014951.a:Ga0169829_100266_39	DB=gnl|TC-DB|P37674|2.A.56.1.2;ID=3300014951.a:Ga0169829_100266_39
39	TC	0	0	CGC1	3300014951.a:Ga0169829_100266	43933	45210	3300014951.a:Ga0169829_100266_40	+	DB=gnl|TC-DB|P37675|2.A.56.1.2;ID=3300014951.a:Ga0169829_100266_40	DB=gnl|TC-DB|P37675|2.A.56.1.2;ID=3300014951.a:Ga0169829_100266_40
40	TC	4	0	CGC1	3300014951.a:Ga0169829_100266	45223	46209	3300014951.a:Ga0169829_100266_41	+	DB=gnl|TC-DB|P37676|2.A.56.1.2;ID=3300014951.a:Ga0169829_100266_41	DB=gnl|TC-DB|P37676|2.A.56.1.2;ID=3300014951.a:Ga0169829_100266_41
+++++
