92	TC	2	3	CGC1	3300023235.a:Ga0222634_1000006	90605	91195	3300023235.a:Ga0222634_1000006_93	-	DB=gnl|TC-DB|Q46G03|9.B.104.1.2;ID=3300023235.a:Ga0222634_1000006_93	DB=gnl|TC-DB|Q46G03|9.B.104.1.2;ID=3300023235.a:Ga0222634_1000006_93
93	null	null	null	CGC1	3300023235.a:Ga0222634_1000006	91280	92713	3300023235.a:Ga0222634_1000006_94	-	;ID=3300023235.a:Ga0222634_1000006_94
94	null	null	null	CGC1	3300023235.a:Ga0222634_1000006	92655	93182	3300023235.a:Ga0222634_1000006_95	-	;ID=3300023235.a:Ga0222634_1000006_95
95	STP	2	2	CGC1	3300023235.a:Ga0222634_1000006	93439	95280	3300023235.a:Ga0222634_1000006_96	+	DB=STP|HisKA,STP|HATPase_c;ID=3300023235.a:Ga0222634_1000006_96	DB=STP|HisKA,STP|HATPase_c;ID=3300023235.a:Ga0222634_1000006_96
96	null	null	null	CGC1	3300023235.a:Ga0222634_1000006	95350	96015	3300023235.a:Ga0222634_1000006_97	+	;ID=3300023235.a:Ga0222634_1000006_97
97	null	null	null	CGC1	3300023235.a:Ga0222634_1000006	96083	97561	3300023235.a:Ga0222634_1000006_98	+	;ID=3300023235.a:Ga0222634_1000006_98
98	TF	2	2	CGC1	3300023235.a:Ga0222634_1000006	97621	98778	3300023235.a:Ga0222634_1000006_99	+	DB=DBD-Pfam|HTH_AraC,DBD-SUPERFAMILY|0035607;ID=3300023235.a:Ga0222634_1000006_99	DB=DBD-Pfam|HTH_AraC,DBD-SUPERFAMILY|0035607;ID=3300023235.a:Ga0222634_1000006_99
99	null	null	null	CGC1	3300023235.a:Ga0222634_1000006	98858	100504	3300023235.a:Ga0222634_1000006_100	+	;ID=3300023235.a:Ga0222634_1000006_100
100	null	null	null	CGC1	3300023235.a:Ga0222634_1000006	100615	101550	3300023235.a:Ga0222634_1000006_101	+	;ID=3300023235.a:Ga0222634_1000006_101
101	CAZyme	1	2	CGC1	3300023235.a:Ga0222634_1000006	101555	102394	3300023235.a:Ga0222634_1000006_102	-	DB=GH16_3;ID=3300023235.a:Ga0222634_1000006_102	DB=GH16_3;ID=3300023235.a:Ga0222634_1000006_102
102	null	null	null	CGC1	3300023235.a:Ga0222634_1000006	102525	104228	3300023235.a:Ga0222634_1000006_103	+	;ID=3300023235.a:Ga0222634_1000006_103
103	TF	3	1	CGC1	3300023235.a:Ga0222634_1000006	104311	104631	3300023235.a:Ga0222634_1000006_104	+	DB=DBD-Pfam|HTH_5,DBD-SUPERFAMILY|0043669;ID=3300023235.a:Ga0222634_1000006_104	DB=DBD-Pfam|HTH_5,DBD-SUPERFAMILY|0043669;ID=3300023235.a:Ga0222634_1000006_104
+++++
169	STP	0	4	CGC1	3300023235.a:Ga0222634_1000005	201818	203164	3300023235.a:Ga0222634_1000005_170	+	DB=STP|SBP_bac_1;ID=3300023235.a:Ga0222634_1000005_170	DB=STP|SBP_bac_1;ID=3300023235.a:Ga0222634_1000005_170
170	TC	0	0	CGC1	3300023235.a:Ga0222634_1000005	203166	204035	3300023235.a:Ga0222634_1000005_171	+	DB=gnl|TC-DB|Q7WWQ9|3.A.1.1.20;ID=3300023235.a:Ga0222634_1000005_171	DB=gnl|TC-DB|Q7WWQ9|3.A.1.1.20;ID=3300023235.a:Ga0222634_1000005_171
171	TC	1	0	CGC1	3300023235.a:Ga0222634_1000005	204037	204846	3300023235.a:Ga0222634_1000005_172	+	DB=gnl|TC-DB|G4FGN6|3.A.1.1.41;ID=3300023235.a:Ga0222634_1000005_172	DB=gnl|TC-DB|G4FGN6|3.A.1.1.41;ID=3300023235.a:Ga0222634_1000005_172
172	null	null	null	CGC1	3300023235.a:Ga0222634_1000005	204861	206297	3300023235.a:Ga0222634_1000005_173	+	;ID=3300023235.a:Ga0222634_1000005_173
173	CAZyme	0	1	CGC1	3300023235.a:Ga0222634_1000005	206318	207325	3300023235.a:Ga0222634_1000005_174	+	DB=GH130| GH130;ID=3300023235.a:Ga0222634_1000005_174	DB=GH130| GH130;ID=3300023235.a:Ga0222634_1000005_174
174	CAZyme	1	0	CGC1	3300023235.a:Ga0222634_1000005	207338	208465	3300023235.a:Ga0222634_1000005_175	+	DB=GH130| GH130;ID=3300023235.a:Ga0222634_1000005_175	DB=GH130| GH130;ID=3300023235.a:Ga0222634_1000005_175
175	null	null	null	CGC1	3300023235.a:Ga0222634_1000005	208462	211035	3300023235.a:Ga0222634_1000005_176	+	;ID=3300023235.a:Ga0222634_1000005_176
176	TF	4	1	CGC1	3300023235.a:Ga0222634_1000005	211190	212857	3300023235.a:Ga0222634_1000005_177	+	DB=DBD-Pfam|HTH_AraC,DBD-SUPERFAMILY|0035607;ID=3300023235.a:Ga0222634_1000005_177	DB=DBD-Pfam|HTH_AraC,DBD-SUPERFAMILY|0035607;ID=3300023235.a:Ga0222634_1000005_177
+++++
259	STP	1	9	CGC2	3300023235.a:Ga0222634_1000005	310630	311613	3300023235.a:Ga0222634_1000005_260	+	DB=STP|PALP;ID=3300023235.a:Ga0222634_1000005_260	DB=STP|PALP;ID=3300023235.a:Ga0222634_1000005_260
260	null	null	null	CGC2	3300023235.a:Ga0222634_1000005	311623	311940	3300023235.a:Ga0222634_1000005_261	+	;ID=3300023235.a:Ga0222634_1000005_261
261	TC	1	1	CGC2	3300023235.a:Ga0222634_1000005	311943	313025	3300023235.a:Ga0222634_1000005_262	-	DB=gnl|TC-DB|B8CYZ1|1.B.42.1.13;ID=3300023235.a:Ga0222634_1000005_262	DB=gnl|TC-DB|B8CYZ1|1.B.42.1.13;ID=3300023235.a:Ga0222634_1000005_262
262	null	null	null	CGC2	3300023235.a:Ga0222634_1000005	313018	314358	3300023235.a:Ga0222634_1000005_263	-	;ID=3300023235.a:Ga0222634_1000005_263
263	TC	2	1	CGC2	3300023235.a:Ga0222634_1000005	314679	321941	3300023235.a:Ga0222634_1000005_264	+	DB=gnl|TC-DB|Q5I6C7|9.A.25.1.1;ID=3300023235.a:Ga0222634_1000005_264	DB=gnl|TC-DB|Q5I6C7|9.A.25.1.1;ID=3300023235.a:Ga0222634_1000005_264
264	null	null	null	CGC2	3300023235.a:Ga0222634_1000005	321910	323484	3300023235.a:Ga0222634_1000005_265	-	;ID=3300023235.a:Ga0222634_1000005_265
265	null	null	null	CGC2	3300023235.a:Ga0222634_1000005	323481	324164	3300023235.a:Ga0222634_1000005_266	-	;ID=3300023235.a:Ga0222634_1000005_266
266	STP	1	2	CGC2	3300023235.a:Ga0222634_1000005	324301	324687	3300023235.a:Ga0222634_1000005_267	+	DB=STP|Glyoxalase;ID=3300023235.a:Ga0222634_1000005_267	DB=STP|Glyoxalase;ID=3300023235.a:Ga0222634_1000005_267
267	null	null	null	CGC2	3300023235.a:Ga0222634_1000005	324684	325376	3300023235.a:Ga0222634_1000005_268	-	;ID=3300023235.a:Ga0222634_1000005_268
268	TC	1	1	CGC2	3300023235.a:Ga0222634_1000005	325538	326494	3300023235.a:Ga0222634_1000005_269	+	DB=gnl|TC-DB|A9DHE6|2.A.83.2.1;ID=3300023235.a:Ga0222634_1000005_269	DB=gnl|TC-DB|A9DHE6|2.A.83.2.1;ID=3300023235.a:Ga0222634_1000005_269
269	null	null	null	CGC2	3300023235.a:Ga0222634_1000005	326496	326798	3300023235.a:Ga0222634_1000005_270	+	;ID=3300023235.a:Ga0222634_1000005_270
270	TF	2	1	CGC2	3300023235.a:Ga0222634_1000005	326888	328051	3300023235.a:Ga0222634_1000005_271	+	DB=DBD-Pfam|HTH_AraC,DBD-SUPERFAMILY|0035607;ID=3300023235.a:Ga0222634_1000005_271	DB=DBD-Pfam|HTH_AraC,DBD-SUPERFAMILY|0035607;ID=3300023235.a:Ga0222634_1000005_271
271	null	null	null	CGC2	3300023235.a:Ga0222634_1000005	328150	329586	3300023235.a:Ga0222634_1000005_272	+	;ID=3300023235.a:Ga0222634_1000005_272
272	null	null	null	CGC2	3300023235.a:Ga0222634_1000005	329906	330334	3300023235.a:Ga0222634_1000005_273	+	;ID=3300023235.a:Ga0222634_1000005_273
273	TC	1	2	CGC2	3300023235.a:Ga0222634_1000005	330554	332473	3300023235.a:Ga0222634_1000005_274	+	DB=gnl|TC-DB|P38919|3.A.18.1.1;ID=3300023235.a:Ga0222634_1000005_274	DB=gnl|TC-DB|P38919|3.A.18.1.1;ID=3300023235.a:Ga0222634_1000005_274
274	null	null	null	CGC2	3300023235.a:Ga0222634_1000005	332470	333372	3300023235.a:Ga0222634_1000005_275	+	;ID=3300023235.a:Ga0222634_1000005_275
275	CAZyme	0	1	CGC2	3300023235.a:Ga0222634_1000005	333392	334258	3300023235.a:Ga0222634_1000005_276	-	DB= GH16_3|GH16_3;ID=3300023235.a:Ga0222634_1000005_276	DB= GH16_3|GH16_3;ID=3300023235.a:Ga0222634_1000005_276
276	TC	5	0	CGC2	3300023235.a:Ga0222634_1000005	334571	336310	3300023235.a:Ga0222634_1000005_277	-	DB=gnl|TC-DB|Q9WYC4|3.A.1.135.5;ID=3300023235.a:Ga0222634_1000005_277	DB=gnl|TC-DB|Q9WYC4|3.A.1.135.5;ID=3300023235.a:Ga0222634_1000005_277
+++++
126	STP	2	17	CGC1	3300023235.a:Ga0222634_1000009	136430	140872	3300023235.a:Ga0222634_1000009_127	-	DB=STP|GATase_2;ID=3300023235.a:Ga0222634_1000009_127	DB=STP|GATase_2;ID=3300023235.a:Ga0222634_1000009_127
127	null	null	null	CGC1	3300023235.a:Ga0222634_1000009	141165	141920	3300023235.a:Ga0222634_1000009_128	-	;ID=3300023235.a:Ga0222634_1000009_128
128	null	null	null	CGC1	3300023235.a:Ga0222634_1000009	142023	142874	3300023235.a:Ga0222634_1000009_129	+	;ID=3300023235.a:Ga0222634_1000009_129
129	TC	0	2	CGC1	3300023235.a:Ga0222634_1000009	143010	145871	3300023235.a:Ga0222634_1000009_130	+	DB=gnl|TC-DB|K1GHE1|9.B.186.1.2;ID=3300023235.a:Ga0222634_1000009_130	DB=gnl|TC-DB|K1GHE1|9.B.186.1.2;ID=3300023235.a:Ga0222634_1000009_130
130	TF	0	0	CGC1	3300023235.a:Ga0222634_1000009	146105	146764	3300023235.a:Ga0222634_1000009_131	-	DB=DBD-Pfam|GerE,DBD-SUPERFAMILY|0041905;ID=3300023235.a:Ga0222634_1000009_131	DB=DBD-Pfam|GerE,DBD-SUPERFAMILY|0041905;ID=3300023235.a:Ga0222634_1000009_131
131	STP	0	0	CGC1	3300023235.a:Ga0222634_1000009	146807	149806	3300023235.a:Ga0222634_1000009_132	-	DB=STP|Reg_prop,STP|Reg_prop,STP|Reg_prop,STP|Y_Y_Y,STP|HATPase_c;ID=3300023235.a:Ga0222634_1000009_132	DB=STP|Reg_prop,STP|Reg_prop,STP|Reg_prop,STP|Y_Y_Y,STP|HATPase_c;ID=3300023235.a:Ga0222634_1000009_132
132	TC	0	0	CGC1	3300023235.a:Ga0222634_1000009	150172	150648	3300023235.a:Ga0222634_1000009_133	+	DB=gnl|TC-DB|Q735G9|9.A.24.1.13;ID=3300023235.a:Ga0222634_1000009_133	DB=gnl|TC-DB|Q735G9|9.A.24.1.13;ID=3300023235.a:Ga0222634_1000009_133
133	CAZyme	0	0	CGC1	3300023235.a:Ga0222634_1000009	150759	154526	3300023235.a:Ga0222634_1000009_134	-	DB= CBM6|CBM6;ID=3300023235.a:Ga0222634_1000009_134	DB= CBM6|CBM6;ID=3300023235.a:Ga0222634_1000009_134
134	CAZyme	0	0	CGC1	3300023235.a:Ga0222634_1000009	154650	157961	3300023235.a:Ga0222634_1000009_135	-	DB=GH81| GH81|CBM6;ID=3300023235.a:Ga0222634_1000009_135	DB=GH81| GH81|CBM6;ID=3300023235.a:Ga0222634_1000009_135
135	TC	0	0	CGC1	3300023235.a:Ga0222634_1000009	158121	160367	3300023235.a:Ga0222634_1000009_136	+	DB=gnl|TC-DB|P55011|2.A.30.3.1;ID=3300023235.a:Ga0222634_1000009_136	DB=gnl|TC-DB|P55011|2.A.30.3.1;ID=3300023235.a:Ga0222634_1000009_136
136	TF	0	0	CGC1	3300023235.a:Ga0222634_1000009	160378	161586	3300023235.a:Ga0222634_1000009_137	-	DB=DBD-Pfam|MarR;ID=3300023235.a:Ga0222634_1000009_137	DB=DBD-Pfam|MarR;ID=3300023235.a:Ga0222634_1000009_137
137	TC	1	0	CGC1	3300023235.a:Ga0222634_1000009	161897	164875	3300023235.a:Ga0222634_1000009_138	+	DB=gnl|TC-DB|G0LBU8|1.B.14.6.11;ID=3300023235.a:Ga0222634_1000009_138	DB=gnl|TC-DB|G0LBU8|1.B.14.6.11;ID=3300023235.a:Ga0222634_1000009_138
138	null	null	null	CGC1	3300023235.a:Ga0222634_1000009	164926	167436	3300023235.a:Ga0222634_1000009_139	+	;ID=3300023235.a:Ga0222634_1000009_139
139	TC	0	1	CGC1	3300023235.a:Ga0222634_1000009	167554	169380	3300023235.a:Ga0222634_1000009_140	+	DB=gnl|TC-DB|A1S2A8|2.A.21.3.8;ID=3300023235.a:Ga0222634_1000009_140	DB=gnl|TC-DB|A1S2A8|2.A.21.3.8;ID=3300023235.a:Ga0222634_1000009_140
140	CAZyme	1	0	CGC1	3300023235.a:Ga0222634_1000009	169405	170577	3300023235.a:Ga0222634_1000009_141	+	DB=GH130| GH130;ID=3300023235.a:Ga0222634_1000009_141	DB=GH130| GH130;ID=3300023235.a:Ga0222634_1000009_141
141	null	null	null	CGC1	3300023235.a:Ga0222634_1000009	170588	171826	3300023235.a:Ga0222634_1000009_142	+	;ID=3300023235.a:Ga0222634_1000009_142
142	CAZyme	0	1	CGC1	3300023235.a:Ga0222634_1000009	171834	174635	3300023235.a:Ga0222634_1000009_143	+	DB=CBM32| GH5_10| CBM32|GH5_10;ID=3300023235.a:Ga0222634_1000009_143	DB=CBM32| GH5_10| CBM32|GH5_10;ID=3300023235.a:Ga0222634_1000009_143
143	CAZyme	1	0	CGC1	3300023235.a:Ga0222634_1000009	174657	175964	3300023235.a:Ga0222634_1000009_144	+	DB= GH5_7|GH5_7;ID=3300023235.a:Ga0222634_1000009_144	DB= GH5_7|GH5_7;ID=3300023235.a:Ga0222634_1000009_144
144	null	null	null	CGC1	3300023235.a:Ga0222634_1000009	175961	177718	3300023235.a:Ga0222634_1000009_145	+	;ID=3300023235.a:Ga0222634_1000009_145
145	CAZyme	0	1	CGC1	3300023235.a:Ga0222634_1000009	177762	178766	3300023235.a:Ga0222634_1000009_146	+	DB=GH159;ID=3300023235.a:Ga0222634_1000009_146	DB=GH159;ID=3300023235.a:Ga0222634_1000009_146
146	CAZyme	0	0	CGC1	3300023235.a:Ga0222634_1000009	178851	180014	3300023235.a:Ga0222634_1000009_147	+	DB= GH26|GH26;ID=3300023235.a:Ga0222634_1000009_147	DB= GH26|GH26;ID=3300023235.a:Ga0222634_1000009_147
147	CAZyme	4	0	CGC1	3300023235.a:Ga0222634_1000009	180023	181201	3300023235.a:Ga0222634_1000009_148	+	DB= GH26|GH26;ID=3300023235.a:Ga0222634_1000009_148	DB= GH26|GH26;ID=3300023235.a:Ga0222634_1000009_148
+++++
74	TC	1	8	CGC1	3300023235.a:Ga0222634_1000004	98001	98471	3300023235.a:Ga0222634_1000004_75	+	DB=gnl|TC-DB|Q0S1N2|4.A.2.1.13;ID=3300023235.a:Ga0222634_1000004_75	DB=gnl|TC-DB|Q0S1N2|4.A.2.1.13;ID=3300023235.a:Ga0222634_1000004_75
75	null	null	null	CGC1	3300023235.a:Ga0222634_1000004	98475	99920	3300023235.a:Ga0222634_1000004_76	+	;ID=3300023235.a:Ga0222634_1000004_76
76	TF	2	1	CGC1	3300023235.a:Ga0222634_1000004	99933	101300	3300023235.a:Ga0222634_1000004_77	+	DB=DBD-Pfam|HTH_8,DBD-SUPERFAMILY|0037176;ID=3300023235.a:Ga0222634_1000004_77	DB=DBD-Pfam|HTH_8,DBD-SUPERFAMILY|0037176;ID=3300023235.a:Ga0222634_1000004_77
77	null	null	null	CGC1	3300023235.a:Ga0222634_1000004	101302	102192	3300023235.a:Ga0222634_1000004_78	+	;ID=3300023235.a:Ga0222634_1000004_78
78	null	null	null	CGC1	3300023235.a:Ga0222634_1000004	102189	102845	3300023235.a:Ga0222634_1000004_79	-	;ID=3300023235.a:Ga0222634_1000004_79
79	STP	1	2	CGC1	3300023235.a:Ga0222634_1000004	103272	106520	3300023235.a:Ga0222634_1000004_80	+	DB=STP|PAS,STP|HATPase_c;ID=3300023235.a:Ga0222634_1000004_80	DB=STP|PAS,STP|HATPase_c;ID=3300023235.a:Ga0222634_1000004_80
80	null	null	null	CGC1	3300023235.a:Ga0222634_1000004	106653	107000	3300023235.a:Ga0222634_1000004_81	+	;ID=3300023235.a:Ga0222634_1000004_81
81	CAZyme	1	1	CGC1	3300023235.a:Ga0222634_1000004	107071	108615	3300023235.a:Ga0222634_1000004_82	+	DB=GH51| GH51;ID=3300023235.a:Ga0222634_1000004_82	DB=GH51| GH51;ID=3300023235.a:Ga0222634_1000004_82
82	null	null	null	CGC1	3300023235.a:Ga0222634_1000004	108616	109347	3300023235.a:Ga0222634_1000004_83	-	;ID=3300023235.a:Ga0222634_1000004_83
83	STP	1	1	CGC1	3300023235.a:Ga0222634_1000004	109546	111033	3300023235.a:Ga0222634_1000004_84	+	DB=STP|CBS,STP|CBS;ID=3300023235.a:Ga0222634_1000004_84	DB=STP|CBS,STP|CBS;ID=3300023235.a:Ga0222634_1000004_84
84	null	null	null	CGC1	3300023235.a:Ga0222634_1000004	111048	112331	3300023235.a:Ga0222634_1000004_85	+	;ID=3300023235.a:Ga0222634_1000004_85
85	STP	7	1	CGC1	3300023235.a:Ga0222634_1000004	112363	113223	3300023235.a:Ga0222634_1000004_86	+	DB=STP|Peptidase_M23;ID=3300023235.a:Ga0222634_1000004_86	DB=STP|Peptidase_M23;ID=3300023235.a:Ga0222634_1000004_86
+++++
307	CAZyme	0	7	CGC2	3300023235.a:Ga0222634_1000004	354585	355361	3300023235.a:Ga0222634_1000004_308	-	DB=GH166;ID=3300023235.a:Ga0222634_1000004_308	DB=GH166;ID=3300023235.a:Ga0222634_1000004_308
308	STP	1	0	CGC2	3300023235.a:Ga0222634_1000004	355453	357036	3300023235.a:Ga0222634_1000004_309	-	DB=STP|HD;ID=3300023235.a:Ga0222634_1000004_309	DB=STP|HD;ID=3300023235.a:Ga0222634_1000004_309
309	null	null	null	CGC2	3300023235.a:Ga0222634_1000004	357047	358672	3300023235.a:Ga0222634_1000004_310	-	;ID=3300023235.a:Ga0222634_1000004_310
310	CAZyme	1	1	CGC2	3300023235.a:Ga0222634_1000004	358656	360236	3300023235.a:Ga0222634_1000004_311	-	DB=GT4| GT4;ID=3300023235.a:Ga0222634_1000004_311	DB=GT4| GT4;ID=3300023235.a:Ga0222634_1000004_311
311	null	null	null	CGC2	3300023235.a:Ga0222634_1000004	360233	361417	3300023235.a:Ga0222634_1000004_312	-	;ID=3300023235.a:Ga0222634_1000004_312
312	STP	0	1	CGC2	3300023235.a:Ga0222634_1000004	361429	362364	3300023235.a:Ga0222634_1000004_313	-	DB=STP|Response_reg;ID=3300023235.a:Ga0222634_1000004_313	DB=STP|Response_reg;ID=3300023235.a:Ga0222634_1000004_313
313	STP	0	0	CGC2	3300023235.a:Ga0222634_1000004	362375	362932	3300023235.a:Ga0222634_1000004_314	-	DB=STP|HATPase_c;ID=3300023235.a:Ga0222634_1000004_314	DB=STP|HATPase_c;ID=3300023235.a:Ga0222634_1000004_314
314	STP	2	0	CGC2	3300023235.a:Ga0222634_1000004	363185	363529	3300023235.a:Ga0222634_1000004_315	-	DB=STP|Response_reg;ID=3300023235.a:Ga0222634_1000004_315	DB=STP|Response_reg;ID=3300023235.a:Ga0222634_1000004_315
315	null	null	null	CGC2	3300023235.a:Ga0222634_1000004	363662	364138	3300023235.a:Ga0222634_1000004_316	+	;ID=3300023235.a:Ga0222634_1000004_316
316	null	null	null	CGC2	3300023235.a:Ga0222634_1000004	364200	364784	3300023235.a:Ga0222634_1000004_317	+	;ID=3300023235.a:Ga0222634_1000004_317
317	TF	2	2	CGC2	3300023235.a:Ga0222634_1000004	364877	365119	3300023235.a:Ga0222634_1000004_318	+	DB=DBD-Pfam|CSD;ID=3300023235.a:Ga0222634_1000004_318	DB=DBD-Pfam|CSD;ID=3300023235.a:Ga0222634_1000004_318
318	null	null	null	CGC2	3300023235.a:Ga0222634_1000004	365126	365455	3300023235.a:Ga0222634_1000004_319	+	;ID=3300023235.a:Ga0222634_1000004_319
319	null	null	null	CGC2	3300023235.a:Ga0222634_1000004	365486	366085	3300023235.a:Ga0222634_1000004_320	+	;ID=3300023235.a:Ga0222634_1000004_320
320	TC	4	2	CGC2	3300023235.a:Ga0222634_1000004	366087	366608	3300023235.a:Ga0222634_1000004_321	+	DB=gnl|TC-DB|F4K2G0|3.D.1.8.1;ID=3300023235.a:Ga0222634_1000004_321	DB=gnl|TC-DB|F4K2G0|3.D.1.8.1;ID=3300023235.a:Ga0222634_1000004_321
+++++
487	TC	0	15	CGC3	3300023235.a:Ga0222634_1000004	537718	538410	3300023235.a:Ga0222634_1000004_488	+	DB=gnl|TC-DB|P75957|3.A.1.125.1;ID=3300023235.a:Ga0222634_1000004_488	DB=gnl|TC-DB|P75957|3.A.1.125.1;ID=3300023235.a:Ga0222634_1000004_488
488	STP	0	0	CGC3	3300023235.a:Ga0222634_1000004	538482	539168	3300023235.a:Ga0222634_1000004_489	+	DB=STP|TPR_2;ID=3300023235.a:Ga0222634_1000004_489	DB=STP|TPR_2;ID=3300023235.a:Ga0222634_1000004_489
489	TC	1	0	CGC3	3300023235.a:Ga0222634_1000004	539247	540584	3300023235.a:Ga0222634_1000004_490	+	DB=gnl|TC-DB|A1S5F4|2.A.1.7.10;ID=3300023235.a:Ga0222634_1000004_490	DB=gnl|TC-DB|A1S5F4|2.A.1.7.10;ID=3300023235.a:Ga0222634_1000004_490
490	null	null	null	CGC3	3300023235.a:Ga0222634_1000004	540587	541687	3300023235.a:Ga0222634_1000004_491	-	;ID=3300023235.a:Ga0222634_1000004_491
491	TF	1	1	CGC3	3300023235.a:Ga0222634_1000004	541753	542589	3300023235.a:Ga0222634_1000004_492	+	DB=DBD-Pfam|LytTR;ID=3300023235.a:Ga0222634_1000004_492	DB=DBD-Pfam|LytTR;ID=3300023235.a:Ga0222634_1000004_492
492	null	null	null	CGC3	3300023235.a:Ga0222634_1000004	542685	543254	3300023235.a:Ga0222634_1000004_493	+	;ID=3300023235.a:Ga0222634_1000004_493
493	CAZyme	0	1	CGC3	3300023235.a:Ga0222634_1000004	543284	544522	3300023235.a:Ga0222634_1000004_494	-	DB=GT4;ID=3300023235.a:Ga0222634_1000004_494	DB=GT4;ID=3300023235.a:Ga0222634_1000004_494
494	TC	0	0	CGC3	3300023235.a:Ga0222634_1000004	544590	545876	3300023235.a:Ga0222634_1000004_495	-	DB=gnl|TC-DB|Q8ZKS0|2.A.56.1.5;ID=3300023235.a:Ga0222634_1000004_495	DB=gnl|TC-DB|Q8ZKS0|2.A.56.1.5;ID=3300023235.a:Ga0222634_1000004_495
495	TC	0	0	CGC3	3300023235.a:Ga0222634_1000004	545876	546289	3300023235.a:Ga0222634_1000004_496	-	DB=gnl|TC-DB|Q8ZKR9|2.A.56.1.5;ID=3300023235.a:Ga0222634_1000004_496	DB=gnl|TC-DB|Q8ZKR9|2.A.56.1.5;ID=3300023235.a:Ga0222634_1000004_496
496	TC	1	0	CGC3	3300023235.a:Ga0222634_1000004	546339	547178	3300023235.a:Ga0222634_1000004_497	-	DB=gnl|TC-DB|P43020|2.A.56.1.5;ID=3300023235.a:Ga0222634_1000004_497	DB=gnl|TC-DB|P43020|2.A.56.1.5;ID=3300023235.a:Ga0222634_1000004_497
497	null	null	null	CGC3	3300023235.a:Ga0222634_1000004	547307	547960	3300023235.a:Ga0222634_1000004_498	-	;ID=3300023235.a:Ga0222634_1000004_498
498	STP	3	1	CGC3	3300023235.a:Ga0222634_1000004	547957	548994	3300023235.a:Ga0222634_1000004_499	-	DB=STP|PfkB;ID=3300023235.a:Ga0222634_1000004_499	DB=STP|PfkB;ID=3300023235.a:Ga0222634_1000004_499
+++++
19	TF	0	null	CGC1	3300023235.a:Ga0222634_1000028	20014	20910	3300023235.a:Ga0222634_1000028_20	+	DB=DBD-Pfam|HTH_1,DBD-SUPERFAMILY|0043669;ID=3300023235.a:Ga0222634_1000028_20	DB=DBD-Pfam|HTH_1,DBD-SUPERFAMILY|0043669;ID=3300023235.a:Ga0222634_1000028_20
20	STP	0	0	CGC1	3300023235.a:Ga0222634_1000028	20973	22154	3300023235.a:Ga0222634_1000028_21	+	DB=STP|PALP;ID=3300023235.a:Ga0222634_1000028_21	DB=STP|PALP;ID=3300023235.a:Ga0222634_1000028_21
21	TC	1	0	CGC1	3300023235.a:Ga0222634_1000028	22158	23489	3300023235.a:Ga0222634_1000028_22	-	DB=gnl|TC-DB|C9NXL0|2.A.118.1.4;ID=3300023235.a:Ga0222634_1000028_22	DB=gnl|TC-DB|C9NXL0|2.A.118.1.4;ID=3300023235.a:Ga0222634_1000028_22
22	null	null	null	CGC1	3300023235.a:Ga0222634_1000028	23554	24789	3300023235.a:Ga0222634_1000028_23	-	;ID=3300023235.a:Ga0222634_1000028_23
23	STP	0	1	CGC1	3300023235.a:Ga0222634_1000028	24886	25569	3300023235.a:Ga0222634_1000028_24	-	DB=STP|HhH-GPD;ID=3300023235.a:Ga0222634_1000028_24	DB=STP|HhH-GPD;ID=3300023235.a:Ga0222634_1000028_24
24	TC	2	0	CGC1	3300023235.a:Ga0222634_1000028	25692	27554	3300023235.a:Ga0222634_1000028_25	+	DB=gnl|TC-DB|Q93N33|2.A.21.9.2;ID=3300023235.a:Ga0222634_1000028_25	DB=gnl|TC-DB|Q93N33|2.A.21.9.2;ID=3300023235.a:Ga0222634_1000028_25
25	null	null	null	CGC1	3300023235.a:Ga0222634_1000028	27564	30101	3300023235.a:Ga0222634_1000028_26	-	;ID=3300023235.a:Ga0222634_1000028_26
26	null	null	null	CGC1	3300023235.a:Ga0222634_1000028	30189	30650	3300023235.a:Ga0222634_1000028_27	-	;ID=3300023235.a:Ga0222634_1000028_27
27	CAZyme	1	2	CGC1	3300023235.a:Ga0222634_1000028	30732	32966	3300023235.a:Ga0222634_1000028_28	-	DB=AA0;ID=3300023235.a:Ga0222634_1000028_28	DB=AA0;ID=3300023235.a:Ga0222634_1000028_28
28	null	null	null	CGC1	3300023235.a:Ga0222634_1000028	33090	33623	3300023235.a:Ga0222634_1000028_29	-	;ID=3300023235.a:Ga0222634_1000028_29
29	TC	0	1	CGC1	3300023235.a:Ga0222634_1000028	33731	35152	3300023235.a:Ga0222634_1000028_30	-	DB=gnl|TC-DB|P0C188|3.D.2.2.1;ID=3300023235.a:Ga0222634_1000028_30	DB=gnl|TC-DB|P0C188|3.D.2.2.1;ID=3300023235.a:Ga0222634_1000028_30
30	TC	0	0	CGC1	3300023235.a:Ga0222634_1000028	35149	35439	3300023235.a:Ga0222634_1000028_31	-	DB=gnl|TC-DB|Q72GR9|3.D.2.2.2;ID=3300023235.a:Ga0222634_1000028_31	DB=gnl|TC-DB|Q72GR9|3.D.2.2.2;ID=3300023235.a:Ga0222634_1000028_31
31	TC	1	0	CGC1	3300023235.a:Ga0222634_1000028	35446	36567	3300023235.a:Ga0222634_1000028_32	-	DB=gnl|TC-DB|P0C186|3.D.2.2.1;ID=3300023235.a:Ga0222634_1000028_32	DB=gnl|TC-DB|P0C186|3.D.2.2.1;ID=3300023235.a:Ga0222634_1000028_32
32	null	null	null	CGC1	3300023235.a:Ga0222634_1000028	36820	37932	3300023235.a:Ga0222634_1000028_33	+	;ID=3300023235.a:Ga0222634_1000028_33
33	STP	2	1	CGC1	3300023235.a:Ga0222634_1000028	38026	39003	3300023235.a:Ga0222634_1000028_34	+	DB=STP|Pyr_redox_2;ID=3300023235.a:Ga0222634_1000028_34	DB=STP|Pyr_redox_2;ID=3300023235.a:Ga0222634_1000028_34
34	null	null	null	CGC1	3300023235.a:Ga0222634_1000028	39073	39489	3300023235.a:Ga0222634_1000028_35	-	;ID=3300023235.a:Ga0222634_1000028_35
35	null	null	null	CGC1	3300023235.a:Ga0222634_1000028	39579	41120	3300023235.a:Ga0222634_1000028_36	+	;ID=3300023235.a:Ga0222634_1000028_36
36	TC	0	2	CGC1	3300023235.a:Ga0222634_1000028	41425	43896	3300023235.a:Ga0222634_1000028_37	+	DB=gnl|TC-DB|Q9ZKE4|3.A.11.3.1;ID=3300023235.a:Ga0222634_1000028_37	DB=gnl|TC-DB|Q9ZKE4|3.A.11.3.1;ID=3300023235.a:Ga0222634_1000028_37
37	STP	8	0	CGC1	3300023235.a:Ga0222634_1000028	43958	45898	3300023235.a:Ga0222634_1000028_38	+	DB=STP|CBS,STP|CBS;ID=3300023235.a:Ga0222634_1000028_38	DB=STP|CBS,STP|CBS;ID=3300023235.a:Ga0222634_1000028_38
+++++
46	TC	1	8	CGC2	3300023235.a:Ga0222634_1000028	57937	59673	3300023235.a:Ga0222634_1000028_47	-	DB=gnl|TC-DB|Q9Y289|2.A.21.5.7;ID=3300023235.a:Ga0222634_1000028_47	DB=gnl|TC-DB|Q9Y289|2.A.21.5.7;ID=3300023235.a:Ga0222634_1000028_47
47	null	null	null	CGC2	3300023235.a:Ga0222634_1000028	59986	60744	3300023235.a:Ga0222634_1000028_48	+	;ID=3300023235.a:Ga0222634_1000028_48
48	CAZyme	0	1	CGC2	3300023235.a:Ga0222634_1000028	60795	61688	3300023235.a:Ga0222634_1000028_49	+	DB=CE14;ID=3300023235.a:Ga0222634_1000028_49	DB=CE14;ID=3300023235.a:Ga0222634_1000028_49
49	TF	0	0	CGC2	3300023235.a:Ga0222634_1000028	61862	62473	3300023235.a:Ga0222634_1000028_50	+	DB=DBD-Pfam|GerE;ID=3300023235.a:Ga0222634_1000028_50	DB=DBD-Pfam|GerE;ID=3300023235.a:Ga0222634_1000028_50
50	STP	0	0	CGC2	3300023235.a:Ga0222634_1000028	62555	63574	3300023235.a:Ga0222634_1000028_51	+	DB=STP|FecR;ID=3300023235.a:Ga0222634_1000028_51	DB=STP|FecR;ID=3300023235.a:Ga0222634_1000028_51
51	TC	0	0	CGC2	3300023235.a:Ga0222634_1000028	63679	67263	3300023235.a:Ga0222634_1000028_52	+	DB=gnl|TC-DB|Q45780|1.B.14.6.1;ID=3300023235.a:Ga0222634_1000028_52	DB=gnl|TC-DB|Q45780|1.B.14.6.1;ID=3300023235.a:Ga0222634_1000028_52
52	TC	0	0	CGC2	3300023235.a:Ga0222634_1000028	67289	68662	3300023235.a:Ga0222634_1000028_53	+	DB=gnl|TC-DB|C6Y217|8.A.46.1.3;ID=3300023235.a:Ga0222634_1000028_53	DB=gnl|TC-DB|C6Y217|8.A.46.1.3;ID=3300023235.a:Ga0222634_1000028_53
53	CAZyme	0	0	CGC2	3300023235.a:Ga0222634_1000028	68730	69626	3300023235.a:Ga0222634_1000028_54	+	DB=CE14;ID=3300023235.a:Ga0222634_1000028_54	DB=CE14;ID=3300023235.a:Ga0222634_1000028_54
54	TC	1	0	CGC2	3300023235.a:Ga0222634_1000028	69660	70916	3300023235.a:Ga0222634_1000028_55	+	DB=gnl|TC-DB|Q89YS8|2.A.1.7.18;ID=3300023235.a:Ga0222634_1000028_55	DB=gnl|TC-DB|Q89YS8|2.A.1.7.18;ID=3300023235.a:Ga0222634_1000028_55
55	null	null	null	CGC2	3300023235.a:Ga0222634_1000028	70945	71799	3300023235.a:Ga0222634_1000028_56	+	;ID=3300023235.a:Ga0222634_1000028_56
56	CAZyme	0	1	CGC2	3300023235.a:Ga0222634_1000028	71819	74512	3300023235.a:Ga0222634_1000028_57	+	DB=PL26;ID=3300023235.a:Ga0222634_1000028_57	DB=PL26;ID=3300023235.a:Ga0222634_1000028_57
57	TC	2	0	CGC2	3300023235.a:Ga0222634_1000028	74518	75987	3300023235.a:Ga0222634_1000028_58	+	DB=gnl|TC-DB|Q65NC0|2.A.47.1.13;ID=3300023235.a:Ga0222634_1000028_58	DB=gnl|TC-DB|Q65NC0|2.A.47.1.13;ID=3300023235.a:Ga0222634_1000028_58
58	null	null	null	CGC2	3300023235.a:Ga0222634_1000028	76003	76665	3300023235.a:Ga0222634_1000028_59	-	;ID=3300023235.a:Ga0222634_1000028_59
59	null	null	null	CGC2	3300023235.a:Ga0222634_1000028	76826	78307	3300023235.a:Ga0222634_1000028_60	+	;ID=3300023235.a:Ga0222634_1000028_60
60	TC	1	2	CGC2	3300023235.a:Ga0222634_1000028	78421	79884	3300023235.a:Ga0222634_1000028_61	-	DB=gnl|TC-DB|P54571|2.A.35.1.2;ID=3300023235.a:Ga0222634_1000028_61	DB=gnl|TC-DB|P54571|2.A.35.1.2;ID=3300023235.a:Ga0222634_1000028_61
61	null	null	null	CGC2	3300023235.a:Ga0222634_1000028	79935	80708	3300023235.a:Ga0222634_1000028_62	-	;ID=3300023235.a:Ga0222634_1000028_62
62	STP	1	1	CGC2	3300023235.a:Ga0222634_1000028	80797	83355	3300023235.a:Ga0222634_1000028_63	+	DB=STP|SpoIIE;ID=3300023235.a:Ga0222634_1000028_63	DB=STP|SpoIIE;ID=3300023235.a:Ga0222634_1000028_63
63	null	null	null	CGC2	3300023235.a:Ga0222634_1000028	83378	83902	3300023235.a:Ga0222634_1000028_64	+	;ID=3300023235.a:Ga0222634_1000028_64
64	TF	0	1	CGC2	3300023235.a:Ga0222634_1000028	83899	84558	3300023235.a:Ga0222634_1000028_65	+	DB=DBD-Pfam|Fe_dep_repress,DBD-SUPERFAMILY|0040266;ID=3300023235.a:Ga0222634_1000028_65	DB=DBD-Pfam|Fe_dep_repress,DBD-SUPERFAMILY|0040266;ID=3300023235.a:Ga0222634_1000028_65
65	TC	0	0	CGC2	3300023235.a:Ga0222634_1000028	84555	85967	3300023235.a:Ga0222634_1000028_66	-	DB=gnl|TC-DB|Q7MVL1|9.A.8.1.5;ID=3300023235.a:Ga0222634_1000028_66	DB=gnl|TC-DB|Q7MVL1|9.A.8.1.5;ID=3300023235.a:Ga0222634_1000028_66
66	TC	0	0	CGC2	3300023235.a:Ga0222634_1000028	85970	86794	3300023235.a:Ga0222634_1000028_67	-	DB=gnl|TC-DB|Q7MVL1|9.A.8.1.5;ID=3300023235.a:Ga0222634_1000028_67	DB=gnl|TC-DB|Q7MVL1|9.A.8.1.5;ID=3300023235.a:Ga0222634_1000028_67
67	STP	5	0	CGC2	3300023235.a:Ga0222634_1000028	86796	87029	3300023235.a:Ga0222634_1000028_68	-	DB=STP|FeoA;ID=3300023235.a:Ga0222634_1000028_68	DB=STP|FeoA;ID=3300023235.a:Ga0222634_1000028_68
+++++
